#
# A fatal error has been detected by the Java Runtime Environment:
#
#  EXCEPTION_ACCESS_VIOLATION (0xc0000005) at pc=0x000000005f18c044, pid=5232, tid=9692
#
# JRE version: 7.0_07-b11
# Java VM: Java HotSpot(TM) 64-Bit Server VM (23.3-b01 mixed mode windows-amd64 compressed oops)
# Problematic frame:
# C  [msvcr100.dll+0x3c044]  memcpy+0xb4
#
# Failed to write core dump. Minidumps are not enabled by default on client versions of Windows
#
# If you would like to submit a bug report, please visit:
#   http://bugreport.sun.com/bugreport/crash.jsp
# The crash happened outside the Java Virtual Machine in native code.
# See problematic frame for where to report the bug.
#

---------------  T H R E A D  ---------------

Current thread (0x00000000135c4800):  JavaThread "threadDisplayCamera" daemon [_thread_in_native, id=9692, stack(0x000000001b600000,0x000000001b700000)]

siginfo: ExceptionCode=0xc0000005, reading address 0x000000001b2d6000

Registers:
RAX=0x6245286245286245, RBX=0x0000000017030300, RCX=0x0000000017030628, RDX=0x00000000042a59cd
RSP=0x000000001b6fe3d8, RBP=0x000000001b6fe4e0, RSI=0x0000000000000003, RDI=0x0000000014961e20
R8 =0x000000000000167b, R9 =0x000000000000009a, R10=0x2862452862452862, R11=0x0000000017030303
R12=0x0000000016ffd6e0, R13=0x0000000000000003, R14=0x000000001b2d5cd0, R15=0x0000000000001680
RIP=0x000000005f18c044, EFLAGS=0x0000000000010206

Top of Stack: (sp=0x000000001b6fe3d8)
0x000000001b6fe3d8:   000007ffb1871bdb 0000000000000100
0x000000001b6fe3e8:   0000000000000000 000000001b2d4650
0x000000001b6fe3f8:   0000000000000004 0000000000000000
0x000000001b6fe408:   0000000000001680 0000041a3dc1653b
0x000000001b6fe418:   0000000000155555 0000023716ff0101
0x000000001b6fe428:   000001fc00000001 0000000100000782
0x000000001b6fe438:   0000000100000003 0000000300001680
0x000000001b6fe448:   000000001b2d4650 0000000000000003
0x000000001b6fe458:   0000000000000006 0000000000001680
0x000000001b6fe468:   000000001459a580 0000024200000780
0x000000001b6fe478:   0000000017931240 0000000600001680
0x000000001b6fe488:   0000000000000003 0000000000000001
0x000000001b6fe498:   0000000000000003 0000000000000003
0x000000001b6fe4a8:   fffffffffffffffe 0000000000000000
0x000000001b6fe4b8:   0000043800000780 fffffffffffffffe
0x000000001b6fe4c8:   000000001b6fe880 000000001b6fe5e0 

Instructions: (pc=0x000000005f18c044)
0x000000005f18c024:   66 66 66 66 0f 1f 84 00 00 00 00 00 66 66 66 90
0x000000005f18c034:   66 66 90 49 81 f9 00 20 00 00 73 42 48 8b 04 0a
0x000000005f18c044:   4c 8b 54 0a 08 48 83 c1 20 48 89 41 e0 4c 89 51
0x000000005f18c054:   e8 48 8b 44 0a f0 4c 8b 54 0a f8 49 ff c9 48 89 


Register to memory mapping:

RAX=0x6245286245286245 is an unknown value
RBX=0x0000000017030300 is an unknown value
RCX=0x0000000017030628 is an unknown value
RDX=0x00000000042a59cd is an unknown value
RSP=0x000000001b6fe3d8 is pointing into the stack for thread: 0x00000000135c4800
RBP=0x000000001b6fe4e0 is pointing into the stack for thread: 0x00000000135c4800
RSI=0x0000000000000003 is an unknown value
RDI=0x0000000014961e20 is an unknown value
R8 =0x000000000000167b is an unknown value
R9 =0x000000000000009a is an unknown value
R10=0x2862452862452862 is an unknown value
R11=0x0000000017030303 is an unknown value
R12=0x0000000016ffd6e0 is an unknown value
R13=0x0000000000000003 is an unknown value
R14=0x000000001b2d5cd0 is an unknown value
R15=0x0000000000001680 is an unknown value


Stack: [0x000000001b600000,0x000000001b700000],  sp=0x000000001b6fe3d8,  free space=1016k
Native frames: (J=compiled Java code, j=interpreted, Vv=VM code, C=native code)
C  [msvcr100.dll+0x3c044]  memcpy+0xb4
C  0x000000000000000e

Java frames: (J=compiled Java code, j=interpreted, Vv=VM code)
j  com.googlecode.javacv.cpp.opencv_imgproc.cvSmooth(Lcom/googlecode/javacv/cpp/opencv_core$CvArr;Lcom/googlecode/javacv/cpp/opencv_core$CvArr;IIIDD)V+0
j  com.googlecode.javacv.cpp.opencv_imgproc.cvSmooth(Lcom/googlecode/javacv/cpp/opencv_core$CvArr;Lcom/googlecode/javacv/cpp/opencv_core$CvArr;II)V+7
j  emcscanner.kth.se.CameraPanel$1.run()V+64
v  ~StubRoutines::call_stub

---------------  P R O C E S S  ---------------

Java Threads: ( => current thread )
  0x000000001490c000 JavaThread "Thread-2" [_thread_in_native, id=6048, stack(0x0000000018150000,0x0000000018250000)]
  0x000000001490d800 JavaThread "Thread-0" daemon [_thread_in_native, id=2836, stack(0x0000000018050000,0x0000000018150000)]
  0x000000001490e000 JavaThread "ICEpdf-pagePainter" daemon [_thread_blocked, id=3484, stack(0x0000000029790000,0x0000000029890000)]
  0x0000000014913800 JavaThread "ICEpdf-pageInitializer" daemon [_thread_blocked, id=6876, stack(0x0000000028b60000,0x0000000028c60000)]
  0x0000000014912800 JavaThread "DestroyJavaVM" [_thread_blocked, id=4028, stack(0x0000000002180000,0x0000000002280000)]
  0x0000000014918000 JavaThread "TimerQueue" daemon [_thread_blocked, id=8260, stack(0x0000000025850000,0x0000000025950000)]
  0x00000000135c6000 JavaThread "threadDisplayDensity" daemon [_thread_blocked, id=6276, stack(0x0000000021b40000,0x0000000021c40000)]
  0x00000000135c5000 JavaThread "AWT-EventQueue-0" [_thread_blocked, id=9652, stack(0x000000001f550000,0x000000001f650000)]
  0x00000000135c3000 JavaThread "threadDisplay" daemon [_thread_blocked, id=2508, stack(0x000000001f450000,0x000000001f550000)]
  0x00000000135ca000 JavaThread "threadDisplay" daemon [_thread_blocked, id=9932, stack(0x000000001dd10000,0x000000001de10000)]
  0x00000000135c9000 JavaThread "AWT-Shutdown" [_thread_blocked, id=9320, stack(0x000000001b700000,0x000000001b800000)]
=>0x00000000135c4800 JavaThread "threadDisplayCamera" daemon [_thread_in_native, id=9692, stack(0x000000001b600000,0x000000001b700000)]
  0x00000000135c7800 JavaThread "AWT-Windows" daemon [_thread_in_native, id=6324, stack(0x0000000013ea0000,0x0000000013fa0000)]
  0x00000000135c3800 JavaThread "Java2D Disposer" daemon [_thread_blocked, id=9008, stack(0x0000000013ca0000,0x0000000013da0000)]
  0x0000000010eab800 JavaThread "Service Thread" daemon [_thread_blocked, id=1068, stack(0x00000000132a0000,0x00000000133a0000)]
  0x0000000010ea7000 JavaThread "C2 CompilerThread1" daemon [_thread_blocked, id=5220, stack(0x00000000131a0000,0x00000000132a0000)]
  0x0000000010e9b000 JavaThread "C2 CompilerThread0" daemon [_thread_blocked, id=2180, stack(0x00000000130a0000,0x00000000131a0000)]
  0x0000000010e97800 JavaThread "Attach Listener" daemon [_thread_blocked, id=8792, stack(0x0000000012fa0000,0x00000000130a0000)]
  0x0000000010e8b000 JavaThread "Signal Dispatcher" daemon [_thread_blocked, id=3136, stack(0x0000000012ea0000,0x0000000012fa0000)]
  0x0000000010e2e800 JavaThread "Finalizer" daemon [_thread_blocked, id=8440, stack(0x0000000012da0000,0x0000000012ea0000)]
  0x0000000010e27000 JavaThread "Reference Handler" daemon [_thread_blocked, id=7332, stack(0x0000000012ca0000,0x0000000012da0000)]

Other Threads:
  0x0000000010e22000 VMThread [stack: 0x0000000012ba0000,0x0000000012ca0000] [id=5828]
  0x0000000010ec6800 WatcherThread [stack: 0x00000000133a0000,0x00000000134a0000] [id=9940]

VM state:not at safepoint (normal execution)

VM Mutex/Monitor currently owned by a thread: None

Heap
 PSYoungGen      total 1362560K, used 1129097K [0x00000007aacb0000, 0x0000000800000000, 0x0000000800000000)
  eden space 1333952K, 84% used [0x00000007aacb0000,0x00000007efb52428,0x00000007fc360000)
  from space 28608K, 0% used [0x00000007fc360000,0x00000007fc360000,0x00000007fdf50000)
  to   space 31744K, 0% used [0x00000007fe100000,0x00000007fe100000,0x0000000800000000)
 ParOldGen       total 351232K, used 58514K [0x0000000700600000, 0x0000000715d00000, 0x00000007aacb0000)
  object space 351232K, 16% used [0x0000000700600000,0x0000000703f249f8,0x0000000715d00000)
 PSPermGen       total 34368K, used 18360K [0x00000006fb400000, 0x00000006fd590000, 0x0000000700600000)
  object space 34368K, 53% used [0x00000006fb400000,0x00000006fc5ee270,0x00000006fd590000)

Card table byte_map: [0x0000000005440000,0x0000000005c70000] byte_map_base: 0x0000000001c66000

Polling page: 0x0000000000750000

Code Cache  [0x0000000002380000, 0x00000000025f0000, 0x0000000005380000)
 total_blobs=1115 nmethods=524 adapters=541 free_code_cache=47341Kb largest_free_block=48434688

Compilation events (10 events):
Event: 45.388 Thread 0x0000000010ea7000 nmethod 534 0x0000000002545910 code [0x0000000002545e40, 0x00000000025460e8]
Event: 45.392 Thread 0x0000000010ea7000  536             javax.swing.text.html.BlockView::getAttributes (26 bytes)
Event: 45.410 Thread 0x0000000010e9b000 nmethod 535 0x00000000025462d0 code [0x00000000025468c0, 0x0000000002548618]
Event: 45.415 Thread 0x0000000010ea7000 nmethod 536 0x000000000254b410 code [0x000000000254b6e0, 0x000000000254d1e8]
Event: 45.455 Thread 0x0000000010e9b000  537             sun.java2d.pipe.ValidatePipe::validate (6 bytes)
Event: 45.455 Thread 0x0000000010ea7000  538             sun.java2d.SunGraphics2D::transformShape (97 bytes)
Event: 45.456 Thread 0x0000000010e9b000 nmethod 537 0x00000000025417d0 code [0x0000000002541920, 0x0000000002541a68]
Event: 45.456 Thread 0x0000000010ea7000 nmethod 538 0x00000000025412d0 code [0x0000000002541420, 0x00000000025415d8]
Event: 45.776 Thread 0x0000000010e9b000  539   !         sun.awt.SunToolkit::flushPendingEvents (71 bytes)
Event: 45.782 Thread 0x0000000010e9b000 nmethod 539 0x000000000253c190 code [0x000000000253c360, 0x000000000253ca80]

GC Heap History (10 events):
Event: 29.384 GC heap before
{Heap before GC invocations=19 (full 5):
 PSYoungGen      total 1125312K, used 1125268K [0x00000007aacb0000, 0x00000007f2e50000, 0x0000000800000000)
  eden space 1105856K, 100% used [0x00000007aacb0000,0x00000007ee4a0000,0x00000007ee4a0000)
  from space 19456K, 99% used [0x00000007f1b50000,0x00000007f2e45070,0x00000007f2e50000)
  to   space 28672K, 0% used [0x00000007ef650000,0x00000007ef650000,0x00000007f1250000)
 ParOldGen       total 249792K, used 225142K [0x0000000700600000, 0x000000070f9f0000, 0x00000007aacb0000)
  object space 249792K, 90% used [0x0000000700600000,0x000000070e1ddbb8,0x000000070f9f0000)
 PSPermGen       total 37696K, used 18249K [0x00000006fb400000, 0x00000006fd8d0000, 0x0000000700600000)
  object space 37696K, 48% used [0x00000006fb400000,0x00000006fc5d26a0,0x00000006fd8d0000)
Event: 29.416 GC heap after
Heap after GC invocations=19 (full 5):
 PSYoungGen      total 1125312K, used 0K [0x00000007aacb0000, 0x00000007f2e50000, 0x0000000800000000)
  eden space 1105856K, 0% used [0x00000007aacb0000,0x00000007aacb0000,0x00000007ee4a0000)
  from space 19456K, 0% used [0x00000007f1b50000,0x00000007f1b50000,0x00000007f2e50000)
  to   space 28672K, 0% used [0x00000007ef650000,0x00000007ef650000,0x00000007f1250000)
 ParOldGen       total 286976K, used 46249K [0x0000000700600000, 0x0000000711e40000, 0x00000007aacb0000)
  object space 286976K, 16% used [0x0000000700600000,0x000000070332a588,0x0000000711e40000)
 PSPermGen       total 36096K, used 18249K [0x00000006fb400000, 0x00000006fd740000, 0x0000000700600000)
  object space 36096K, 50% used [0x00000006fb400000,0x00000006fc5d2520,0x00000006fd740000)
}
Event: 31.589 GC heap before
{Heap before GC invocations=20 (full 5):
 PSYoungGen      total 1125312K, used 1105162K [0x00000007aacb0000, 0x00000007f2e50000, 0x0000000800000000)
  eden space 1105856K, 99% used [0x00000007aacb0000,0x00000007ee3f2b68,0x00000007ee4a0000)
  from space 19456K, 0% used [0x00000007f1b50000,0x00000007f1b50000,0x00000007f2e50000)
  to   space 28672K, 0% used [0x00000007ef650000,0x00000007ef650000,0x00000007f1250000)
 ParOldGen       total 286976K, used 46249K [0x0000000700600000, 0x0000000711e40000, 0x00000007aacb0000)
  object space 286976K, 16% used [0x0000000700600000,0x000000070332a588,0x0000000711e40000)
 PSPermGen       total 36096K, used 18263K [0x00000006fb400000, 0x00000006fd740000, 0x0000000700600000)
  object space 36096K, 50% used [0x00000006fb400000,0x00000006fc5d5ff0,0x00000006fd740000)
Event: 31.599 GC heap after
Heap after GC invocations=20 (full 5):
 PSYoungGen      total 1152640K, used 28195K [0x00000007aacb0000, 0x0000000800000000, 0x0000000800000000)
  eden space 1123968K, 0% used [0x00000007aacb0000,0x00000007aacb0000,0x00000007ef650000)
  from space 28672K, 98% used [0x00000007ef650000,0x00000007f11d8f80,0x00000007f1250000)
  to   space 29760K, 0% used [0x00000007fe2f0000,0x00000007fe2f0000,0x0000000800000000)
 ParOldGen       total 286976K, used 63841K [0x0000000700600000, 0x0000000711e40000, 0x00000007aacb0000)
  object space 286976K, 22% used [0x0000000700600000,0x0000000704458688,0x0000000711e40000)
 PSPermGen       total 36096K, used 18263K [0x00000006fb400000, 0x00000006fd740000, 0x0000000700600000)
  object space 36096K, 50% used [0x00000006fb400000,0x00000006fc5d5ff0,0x00000006fd740000)
}
Event: 34.153 GC heap before
{Heap before GC invocations=21 (full 5):
 PSYoungGen      total 1152640K, used 1146794K [0x00000007aacb0000, 0x0000000800000000, 0x0000000800000000)
  eden space 1123968K, 99% used [0x00000007aacb0000,0x00000007ef111bd8,0x00000007ef650000)
  from space 28672K, 98% used [0x00000007ef650000,0x00000007f11d8f80,0x00000007f1250000)
  to   space 29760K, 0% used [0x00000007fe2f0000,0x00000007fe2f0000,0x0000000800000000)
 ParOldGen       total 286976K, used 63841K [0x0000000700600000, 0x0000000711e40000, 0x00000007aacb0000)
  object space 286976K, 22% used [0x0000000700600000,0x0000000704458688,0x0000000711e40000)
 PSPermGen       total 36096K, used 18282K [0x00000006fb400000, 0x00000006fd740000, 0x0000000700600000)
  object space 36096K, 50% used [0x00000006fb400000,0x00000006fc5dab00,0x00000006fd740000)
Event: 34.161 GC heap after
Heap after GC invocations=21 (full 5):
 PSYoungGen      total 1363712K, used 29557K [0x00000007aacb0000, 0x0000000800000000, 0x0000000800000000)
  eden space 1333952K, 0% used [0x00000007aacb0000,0x00000007aacb0000,0x00000007fc360000)
  from space 29760K, 99% used [0x00000007fe2f0000,0x00000007fffcd640,0x0000000800000000)
  to   space 31040K, 0% used [0x00000007fc360000,0x00000007fc360000,0x00000007fe1b0000)
 ParOldGen       total 286976K, used 75991K [0x0000000700600000, 0x0000000711e40000, 0x00000007aacb0000)
  object space 286976K, 26% used [0x0000000700600000,0x0000000705035ea8,0x0000000711e40000)
 PSPermGen       total 36096K, used 18282K [0x00000006fb400000, 0x00000006fd740000, 0x0000000700600000)
  object space 36096K, 50% used [0x00000006fb400000,0x00000006fc5dab00,0x00000006fd740000)
}
Event: 37.083 GC heap before
{Heap before GC invocations=22 (full 5):
 PSYoungGen      total 1363712K, used 1362579K [0x00000007aacb0000, 0x0000000800000000, 0x0000000800000000)
  eden space 1333952K, 99% used [0x00000007aacb0000,0x00000007fc277600,0x00000007fc360000)
  from space 29760K, 99% used [0x00000007fe2f0000,0x00000007fffcd640,0x0000000800000000)
  to   space 31040K, 0% used [0x00000007fc360000,0x00000007fc360000,0x00000007fe1b0000)
 ParOldGen       total 286976K, used 78016K [0x0000000700600000, 0x0000000711e40000, 0x00000007aacb0000)
  object space 286976K, 27% used [0x0000000700600000,0x00000007052302b8,0x0000000711e40000)
 PSPermGen       total 36096K, used 18286K [0x00000006fb400000, 0x00000006fd740000, 0x0000000700600000)
  object space 36096K, 50% used [0x00000006fb400000,0x00000006fc5dbb00,0x00000006fd740000)
Event: 37.093 GC heap after
Heap after GC invocations=22 (full 5):
 PSYoungGen      total 1362560K, used 28577K [0x00000007aacb0000, 0x0000000800000000, 0x0000000800000000)
  eden space 1333952K, 0% used [0x00000007aacb0000,0x00000007aacb0000,0x00000007fc360000)
  from space 28608K, 99% used [0x00000007fc360000,0x00000007fdf48420,0x00000007fdf50000)
  to   space 31744K, 0% used [0x00000007fe100000,0x00000007fe100000,0x0000000800000000)
 ParOldGen       total 286976K, used 84851K [0x0000000700600000, 0x0000000711e40000, 0x00000007aacb0000)
  object space 286976K, 29% used [0x0000000700600000,0x00000007058dcc58,0x0000000711e40000)
 PSPermGen       total 36096K, used 18286K [0x00000006fb400000, 0x00000006fd740000, 0x0000000700600000)
  object space 36096K, 50% used [0x00000006fb400000,0x00000006fc5dbb00,0x00000006fd740000)
}
Event: 42.327 GC heap before
{Heap before GC invocations=23 (full 6):
 PSYoungGen      total 1362560K, used 1360019K [0x00000007aacb0000, 0x0000000800000000, 0x0000000800000000)
  eden space 1333952K, 99% used [0x00000007aacb0000,0x00000007fc0ec7f8,0x00000007fc360000)
  from space 28608K, 99% used [0x00000007fc360000,0x00000007fdf48420,0x00000007fdf50000)
  to   space 31744K, 0% used [0x00000007fe100000,0x00000007fe100000,0x0000000800000000)
 ParOldGen       total 388416K, used 385184K [0x0000000700600000, 0x0000000718150000, 0x00000007aacb0000)
  object space 388416K, 99% used [0x0000000700600000,0x0000000717e28388,0x0000000718150000)
 PSPermGen       total 36096K, used 18313K [0x00000006fb400000, 0x00000006fd740000, 0x0000000700600000)
  object space 36096K, 50% used [0x00000006fb400000,0x00000006fc5e2440,0x00000006fd740000)
Event: 42.371 GC heap after
Heap after GC invocations=23 (full 6):
 PSYoungGen      total 1362560K, used 0K [0x00000007aacb0000, 0x0000000800000000, 0x0000000800000000)
  eden space 1333952K, 0% used [0x00000007aacb0000,0x00000007aacb0000,0x00000007fc360000)
  from space 28608K, 0% used [0x00000007fc360000,0x00000007fc360000,0x00000007fdf50000)
  to   space 31744K, 0% used [0x00000007fe100000,0x00000007fe100000,0x0000000800000000)
 ParOldGen       total 351232K, used 58514K [0x0000000700600000, 0x0000000715d00000, 0x00000007aacb0000)
  object space 351232K, 16% used [0x0000000700600000,0x0000000703f249f8,0x0000000715d00000)
 PSPermGen       total 34368K, used 18312K [0x00000006fb400000, 0x00000006fd590000, 0x0000000700600000)
  object space 34368K, 53% used [0x00000006fb400000,0x00000006fc5e2380,0x00000006fd590000)
}

Deoptimization events (10 events):
Event: 3.925 Thread 0x0000000014913800 Uncommon trap -83 fr.pc 0x0000000002459ff4
Event: 3.972 Thread 0x0000000014913800 Uncommon trap -83 fr.pc 0x0000000002459c44
Event: 3.987 Thread 0x0000000014913800 Uncommon trap -83 fr.pc 0x000000000246c968
Event: 4.047 Thread 0x0000000014913800 Uncommon trap -83 fr.pc 0x00000000023fe77c
Event: 4.076 Thread 0x0000000014913800 Uncommon trap -83 fr.pc 0x0000000002471958
Event: 4.317 Thread 0x000000001490e000 Uncommon trap -83 fr.pc 0x00000000024afcfc
Event: 12.516 Thread 0x00000000135c5000 Uncommon trap -83 fr.pc 0x0000000002474cd0
Event: 13.708 Thread 0x00000000135c4800 Uncommon trap -12 fr.pc 0x0000000002477e78
Event: 26.637 Thread 0x00000000135c5000 Uncommon trap -12 fr.pc 0x0000000002477d20
Event: 46.206 Thread 0x00000000135c5000 Uncommon trap -83 fr.pc 0x0000000002513558

Internal exceptions (10 events):
Event: 4.131 Thread 0x0000000014913800 Threw 0x00000007b22d50a8 at C:\jdk7u1_64p\jdk7u7\hotspot\src\share\vm\prims\jvm.cpp:1166
Event: 4.131 Thread 0x0000000014913800 Threw 0x00000007b22d7fc8 at C:\jdk7u1_64p\jdk7u7\hotspot\src\share\vm\prims\jvm.cpp:1166
Event: 4.300 Thread 0x000000001490e000 Threw 0x00000007add2d9e0 at C:\jdk7u1_64p\jdk7u7\hotspot\src\share\vm\prims\jvm.cpp:1166
Event: 4.308 Thread 0x000000001490e000 Threw 0x00000007add3e850 at C:\jdk7u1_64p\jdk7u7\hotspot\src\share\vm\prims\jvm.cpp:1166
Event: 4.511 Thread 0x000000001490e000 Threw 0x00000007b1c12e40 at C:\jdk7u1_64p\jdk7u7\hotspot\src\share\vm\prims\jvm.cpp:1166
Event: 11.277 Thread 0x00000000135c5000 Threw 0x00000007c5018318 at C:\jdk7u1_64p\jdk7u7\hotspot\src\share\vm\prims\jvm.cpp:1166
Event: 11.278 Thread 0x00000000135c5000 Threw 0x00000007c501d900 at C:\jdk7u1_64p\jdk7u7\hotspot\src\share\vm\prims\jvm.cpp:1166
Event: 11.280 Thread 0x00000000135c5000 Threw 0x00000007c502ac68 at C:\jdk7u1_64p\jdk7u7\hotspot\src\share\vm\prims\jvm.cpp:1166
Event: 13.708 Thread 0x00000000135c4800 Implicit null exception at 0x0000000002477b78 to 0x0000000002477e6c
Event: 26.637 Thread 0x00000000135c5000 Implicit null exception at 0x0000000002477c63 to 0x0000000002477d10

Events (10 events):
Event: 42.327 Executing VM operation: ParallelGCFailedAllocation
Event: 42.371 Executing VM operation: ParallelGCFailedAllocation done
Event: 46.206 loading class 0x000000001488b000
Event: 46.206 loading class 0x000000001488b000 done
Event: 46.206 loading class 0x00000000146639b0
Event: 46.206 loading class 0x00000000179312c0
Event: 46.206 loading class 0x00000000179312c0 done
Event: 46.206 loading class 0x00000000146639b0 done
Event: 46.207 Thread 0x00000000135c5000 DEOPT PACKING pc=0x0000000002513558 sp=0x000000001f64d120
Event: 46.207 Thread 0x00000000135c5000 DEOPT UNPACKING pc=0x00000000023b9164 sp=0x000000001f64d0c0 mode 2


Dynamic libraries:
0x000007f798e80000 - 0x000007f798eb4000 	F:\Program Files\Java\Jre7\bin\javaw.exe
0x000007ffd0010000 - 0x000007ffd01ce000 	C:\WINDOWS\SYSTEM32\ntdll.dll
0x000007ffcd650000 - 0x000007ffcd786000 	C:\WINDOWS\system32\KERNEL32.DLL
0x000007ffcd360000 - 0x000007ffcd453000 	C:\WINDOWS\system32\KERNELBASE.dll
0x000007ffcdad0000 - 0x000007ffcdbae000 	C:\WINDOWS\system32\ADVAPI32.dll
0x000007ffcf8a0000 - 0x000007ffcf9ec000 	C:\WINDOWS\system32\USER32.dll
0x000007ffca740000 - 0x000007ffca9a9000 	C:\WINDOWS\WinSxS\amd64_microsoft.windows.common-controls_6595b64144ccf1df_6.0.9200.16384_none_418c2a697189c07f\COMCTL32.dll
0x000007ffcd940000 - 0x000007ffcd9e5000 	C:\WINDOWS\system32\msvcrt.dll
0x000007ffcd460000 - 0x000007ffcd4a8000 	C:\WINDOWS\SYSTEM32\sechost.dll
0x000007ffcf760000 - 0x000007ffcf8a0000 	C:\WINDOWS\system32\RPCRT4.dll
0x000007ffcdec0000 - 0x000007ffce000000 	C:\WINDOWS\system32\GDI32.dll
0x000007ffcda90000 - 0x000007ffcdac9000 	C:\WINDOWS\system32\IMM32.DLL
0x000007ffcf9f0000 - 0x000007ffcfb05000 	C:\WINDOWS\system32\MSCTF.dll
0x000007ffccf00000 - 0x000007ffccf08000 	C:\PROGRA~2\NVIDIA~1\3DVISI~1\NVSTIN~1.DLL
0x000007ffcda80000 - 0x000007ffcda87000 	C:\WINDOWS\system32\PSAPI.DLL
0x0000000061700000 - 0x00000000617a3000 	C:\WINDOWS\WinSxS\amd64_microsoft.vc90.crt_1fc8b3b9a1e18e3b_9.0.30729.6871_none_08e717a5a83adddf\MSVCR90.dll
0x000000005f150000 - 0x000000005f221000 	F:\Program Files\Java\Jre7\bin\msvcr100.dll
0x000000005ea30000 - 0x000000005f14f000 	F:\Program Files\Java\Jre7\bin\server\jvm.dll
0x000007ffc53f0000 - 0x000007ffc53f9000 	C:\WINDOWS\SYSTEM32\WSOCK32.dll
0x000007ffca070000 - 0x000007ffca090000 	C:\WINDOWS\SYSTEM32\WINMM.dll
0x000007ffcffb0000 - 0x000007ffd0008000 	C:\WINDOWS\system32\WS2_32.dll
0x000007ffc9f70000 - 0x000007ffc9fa2000 	C:\WINDOWS\SYSTEM32\WINMMBASE.dll
0x000007ffcfb10000 - 0x000007ffcfb19000 	C:\WINDOWS\system32\NSI.dll
0x000000005ea20000 - 0x000000005ea2f000 	F:\Program Files\Java\Jre7\bin\verify.dll
0x000000005e9f0000 - 0x000000005ea18000 	F:\Program Files\Java\Jre7\bin\java.dll
0x000000005e9d0000 - 0x000000005e9e5000 	F:\Program Files\Java\Jre7\bin\zip.dll
0x000000005e7c0000 - 0x000000005e953000 	F:\Program Files\Java\Jre7\bin\awt.dll
0x000007ffcdbb0000 - 0x000007ffcdc73000 	C:\WINDOWS\system32\OLEAUT32.dll
0x000007ffcd790000 - 0x000007ffcd940000 	C:\WINDOWS\system32\combase.dll
0x000007ffc7130000 - 0x000007ffc71cf000 	C:\WINDOWS\system32\apphelp.dll
0x000007ffcbd00000 - 0x000007ffcbde3000 	C:\WINDOWS\system32\uxtheme.dll
0x000007ffc71e0000 - 0x000007ffc7275000 	C:\Program Files\Common Files\microsoft shared\ink\tiptsf.dll
0x000007ffcae20000 - 0x000007ffcae41000 	C:\WINDOWS\SYSTEM32\dwmapi.dll
0x000007ffce000000 - 0x000007ffce17e000 	C:\WINDOWS\system32\ole32.dll
0x000007ffccd70000 - 0x000007ffccd7a000 	C:\WINDOWS\SYSTEM32\CRYPTBASE.dll
0x000007ffcccf0000 - 0x000007ffccd4c000 	C:\WINDOWS\SYSTEM32\bcryptPrimitives.dll
0x000007ffce470000 - 0x000007ffcf758000 	C:\WINDOWS\system32\SHELL32.dll
0x000007ffcff60000 - 0x000007ffcffb0000 	C:\WINDOWS\system32\SHLWAPI.dll
0x000007ffcc0d0000 - 0x000007ffcc166000 	C:\WINDOWS\SYSTEM32\shcore.dll
0x00000000605d0000 - 0x0000000060668000 	C:\Windows\System32\msvcp100.dll
0x000007ffb2c00000 - 0x000007ffb2e58000 	C:\opencv\build\x64\vc10\bin\opencv_core243.dll
0x000007ffb8730000 - 0x000007ffb87c5000 	C:\Users\Jonas\AppData\Local\Temp\javacpp180146620408197\jniopencv_core.dll
0x000007ffb1810000 - 0x000007ffb1ab5000 	C:\opencv\build\x64\vc10\bin\opencv_imgproc243.dll
0x000007ffc6860000 - 0x000007ffc68a8000 	C:\Users\Jonas\AppData\Local\Temp\javacpp180146620408197\jniopencv_imgproc.dll
0x0000000066840000 - 0x00000000675ca000 	C:\opencv\build\x64\vc10\bin\opencv_ffmpeg243_64.dll
0x000007ffb10d0000 - 0x000007ffb131b000 	C:\opencv\build\x64\vc10\bin\opencv_highgui243.dll
0x000007ffc9db0000 - 0x000007ffc9dd0000 	C:\WINDOWS\SYSTEM32\AVIFIL32.dll
0x000007ffc69e0000 - 0x000007ffc6a09000 	C:\WINDOWS\SYSTEM32\MSVFW32.dll
0x000007ffc6a10000 - 0x000007ffc6a27000 	C:\WINDOWS\SYSTEM32\AVICAP32.dll
0x000007ffba340000 - 0x000007ffba359000 	C:\WINDOWS\SYSTEM32\MSACM32.dll
0x000007ffcacb0000 - 0x000007ffcacb9000 	C:\WINDOWS\SYSTEM32\VERSION.dll
0x000007ffc6840000 - 0x000007ffc6853000 	C:\Users\Jonas\AppData\Local\Temp\javacpp180146620408197\jniopencv_highgui.dll
0x000007ffce1b0000 - 0x000007ffce246000 	C:\WINDOWS\SYSTEM32\clbcatq.dll
0x000007ffc6820000 - 0x000007ffc6837000 	C:\Windows\System32\devenum.dll
0x000007ffcdc80000 - 0x000007ffcde50000 	C:\WINDOWS\system32\setupapi.dll
0x000007ffcd020000 - 0x000007ffcd06f000 	C:\WINDOWS\system32\CFGMGR32.dll
0x000007ffccff0000 - 0x000007ffcd012000 	C:\WINDOWS\system32\DEVOBJ.dll
0x000007ffc5fd0000 - 0x000007ffc5ffe000 	C:\WINDOWS\SYSTEM32\ntmarta.dll
0x000007ffcd070000 - 0x000007ffcd0c5000 	C:\WINDOWS\system32\WINTRUST.dll
0x000007ffcd0d0000 - 0x000007ffcd2a7000 	C:\WINDOWS\system32\CRYPT32.dll
0x000007ffccfd0000 - 0x000007ffccfe6000 	C:\WINDOWS\system32\MSASN1.dll
0x000007ffc7800000 - 0x000007ffc780d000 	C:\WINDOWS\SYSTEM32\msdmo.dll
0x000007ffc67d0000 - 0x000007ffc67ff000 	C:\Windows\System32\qcap.dll
0x000007ffb2a40000 - 0x000007ffb2bf8000 	C:\Windows\System32\quartz.dll
0x000007ffc6790000 - 0x000007ffc67cf000 	C:\Windows\System32\ksproxy.ax
0x000007ffba390000 - 0x000007ffba397000 	C:\Windows\System32\ksuser.dll
0x000007ffbbc60000 - 0x000007ffbbe60000 	C:\Windows\System32\d3d9.dll
0x000007ffc7080000 - 0x000007ffc708c000 	C:\Windows\System32\vidcap.ax
0x000007ffc60b0000 - 0x000007ffc60d4000 	C:\Windows\System32\kswdmcap.ax
0x000007ffb0f70000 - 0x000007ffb10c4000 	C:\Windows\System32\MFC42.dll
0x000007ffb6010000 - 0x000007ffb60ce000 	C:\Windows\System32\ODBC32.dll
0x000007ffb7f20000 - 0x000007ffb7fb5000 	C:\Windows\System32\qedit.dll
0x000007ffcfeb0000 - 0x000007ffcff51000 	C:\WINDOWS\system32\COMDLG32.dll
0x000007ffcd4b0000 - 0x000007ffcd650000 	C:\WINDOWS\WinSxS\amd64_microsoft.windows.gdiplus_6595b64144ccf1df_1.1.9200.16384_none_72771d4ecc1c3a4d\gdiplus.dll
0x000007ffb38f0000 - 0x000007ffb39da000 	C:\WINDOWS\SYSTEM32\DDRAW.dll
0x000007ffc7970000 - 0x000007ffc7978000 	C:\WINDOWS\SYSTEM32\DCIMAN32.dll
0x000000005e780000 - 0x000000005e7b4000 	F:\Program Files\Java\Jre7\bin\fontmanager.dll
0x000007ffb4b50000 - 0x000007ffb5cd0000 	C:\WINDOWS\SYSTEM32\nvd3dumx.dll
0x000007ffccdf0000 - 0x000007ffcce33000 	C:\WINDOWS\SYSTEM32\powrprof.dll
0x0000000180000000 - 0x0000000180116000 	C:\Program Files (x86)\NVIDIA Corporation\3D Vision\nvSCPAPI64.dll
0x000007ffca330000 - 0x000007ffca3a4000 	C:\WINDOWS\SYSTEM32\dxgi.dll
0x000007ffc9a40000 - 0x000007ffc9d02000 	C:\WINDOWS\SYSTEM32\nvapi64.dll
0x000007ffc9f50000 - 0x000007ffc9f6f000 	C:\WINDOWS\SYSTEM32\DXGIDebug.dll
0x000000005e9b0000 - 0x000000005e9c9000 	F:\Program Files\Java\Jre7\bin\net.dll
0x000007ffcc760000 - 0x000007ffcc7bc000 	C:\WINDOWS\system32\mswsock.dll
0x000000005e990000 - 0x000000005e9a1000 	F:\Program Files\Java\Jre7\bin\nio.dll
0x000000005e730000 - 0x000000005e771000 	F:\Program Files\Java\Jre7\bin\t2k.dll
0x000007ffca9b0000 - 0x000007ffcab3a000 	C:\WINDOWS\SYSTEM32\WindowsCodecs.dll
0x000007ffccf20000 - 0x000007ffccf35000 	C:\WINDOWS\SYSTEM32\profapi.dll
0x000007ffc8ca0000 - 0x000007ffc8d09000 	C:\WINDOWS\SYSTEM32\oleacc.dll
0x000000005e700000 - 0x000000005e72a000 	F:\Program Files\Java\Jre7\bin\dcpr.dll
0x000007ffb60d0000 - 0x000007ffb6233000 	C:\WINDOWS\SYSTEM32\dbghelp.dll

VM Arguments:
jvm_args: -Dfile.encoding=Cp1252 
java_command: emcscanner.kth.se.Program
Launcher Type: SUN_STANDARD

Environment Variables:
PATH=C:\Program Files (x86)\NVIDIA Corporation\PhysX\Common;C:\WINDOWS\system32;C:\WINDOWS;C:\WINDOWS\System32\Wbem;C:\WINDOWS\System32\WindowsPowerShell\v1.0\;C:\Program Files (x86)\Microsoft SQL Server\90\Tools\binn\;C:\Program Files (x86)\Autodesk\Backburner\;F:\Program Files\MATLAB\R2012a\runtime\win64;F:\Program Files\MATLAB\R2012a\bin;PROGRAMFILES\Internet Explorer;C:\Program Files\Perforce;F:\Program Files\Perforce;C:\Program Files\Microsoft\Web Platform Installer\;C:\Program Files (x86)\Microsoft ASP.NET\ASP.NET Web Pages\v1.0\;C:\Program Files (x86)\Windows Kits\8.0\Windows Performance Toolkit\;C:\Program Files\Microsoft SQL Server\110\Tools\Binn\;F:\Program Files\Perforce\Server
USERNAME=Jonas
OS=Windows_NT
PROCESSOR_IDENTIFIER=Intel64 Family 6 Model 42 Stepping 7, GenuineIntel



---------------  S Y S T E M  ---------------

OS: Windows 8 , 64 bit Build 9200 

CPU:total 8 (4 cores per cpu, 2 threads per core) family 6 model 42 stepping 7, cmov, cx8, fxsr, mmx, sse, sse2, sse3, ssse3, sse4.1, sse4.2, popcnt, avx, ht, tsc, tscinvbit

Memory: 4k page, physical 16751668k(9770856k free), swap 33528884k(23802668k free)

vm_info: Java HotSpot(TM) 64-Bit Server VM (23.3-b01) for windows-amd64 JRE (1.7.0_07-b11), built on Sep  7 2012 01:19:25 by "java_re" with unknown MS VC++:1600

time: Wed Feb 06 18:45:01 2013
elapsed time: 46 seconds

