#
# A fatal error has been detected by the Java Runtime Environment:
#
#  EXCEPTION_ACCESS_VIOLATION (0xc0000005) at pc=0x000000000228190a, pid=3460, tid=1384
#
# JRE version: 7.0_07-b11
# Java VM: Java HotSpot(TM) 64-Bit Server VM (23.3-b01 mixed mode windows-amd64 compressed oops)
# Problematic frame:
# J  com.googlecode.javacv.cpp.opencv_core$IplImage.flipCopyWithGamma(Ljava/nio/ByteBuffer;ILjava/nio/ByteBuffer;IZDZI)V
#
# Failed to write core dump. Minidumps are not enabled by default on client versions of Windows
#
# If you would like to submit a bug report, please visit:
#   http://bugreport.sun.com/bugreport/crash.jsp
#

---------------  T H R E A D  ---------------

Current thread (0x00000000133df800):  JavaThread "threadDisplayCamera" daemon [_thread_in_Java, id=1384, stack(0x000000001a370000,0x000000001a470000)]

siginfo: ExceptionCode=0xc0000005, reading address 0x000000001a09e000

Registers:
RAX=0x000000000000001d, RBX=0x00000000005eec00, RCX=0x0000000000000000, RDX=0x0000000019d77050
RSP=0x000000001a46ed90, RBP=0x00000007e3ac2128, RSI=0x00000007f6771d50, RDI=0x00000000005eec00
R8 =0x0000000000326fb0, R9 =0x0000000000326fb1, R10=0x000000000000167f, R11=0x00000000005eec00
R12=0x0000000000000000, R13=0x0000000000326fb0, R14=0x000000000000132f, R15=0x00000000133df800
RIP=0x000000000228190a, EFLAGS=0x0000000000010207

Top of Stack: (sp=0x000000001a46ed90)
0x000000001a46ed90:   000000001a46edd8 00000006fb559128
0x000000001a46eda0:   0000000000000000 00000006fb556ea0
0x000000001a46edb0:   3ff0000000000000 00000007e3ac20e8
0x000000001a46edc0:   00000007e3ac2128 3ff0000000000000
0x000000001a46edd0:   00325c8000000000 df6ab9ce00325c80
0x000000001a46ede0:   00001680df6c65d4 0000000000001680
0x000000001a46edf0:   00000007e3ac2158 00001680ffffffff
0x000000001a46ee00:   00000007e3ac2128 00000007e3ac20e8
0x000000001a46ee10:   3ff00000fecee3aa 00000000021e28d9
0x000000001a46ee20:   00000006fb9c6e40 00000007e3ac1fe8
0x000000001a46ee30:   00000006fb7b7a80 0000000000000000
0x000000001a46ee40:   000000001a46eef8 00000000021d61f8
0x000000001a46ee50:   0000000000000000 0000000000000000
0x000000001a46ee60:   00000006fbb3fd10 00000000021d61f8
0x000000001a46ee70:   0000000000000000 0000000000000000
0x000000001a46ee80:   3ff0000000000000 00000000021d63d3 

Instructions: (pc=0x000000000228190a)
0x00000000022818ea:   10 44 3b c7 0f 8d 26 01 00 00 45 8b c8 41 ff c1
0x00000000022818fa:   44 89 4d 18 48 8b 6c 24 70 44 8b 6d 18 4d 63 c0
0x000000000228190a:   42 0f b6 04 02 44 3b eb 0f 8d 32 01 00 00 45 8b
0x000000000228191a:   cd 44 03 c9 41 ff c5 44 89 6d 18 45 3b cb 0f 83 


Register to memory mapping:

RAX=0x000000000000001d is an unknown value
RBX=0x00000000005eec00 is an unknown value
RCX=0x0000000000000000 is an unknown value
RDX=0x0000000019d77050 is an unknown value
RSP=0x000000001a46ed90 is pointing into the stack for thread: 0x00000000133df800
RBP=0x00000007e3ac2128 is an oop
java.nio.HeapByteBuffer 
 - klass: 'java/nio/HeapByteBuffer'
RSI=0x00000007f6771d50 is an oop
[B 
 - klass: {type array byte}
 - length: 6220800
RDI=0x00000000005eec00 is an unknown value
R8 =0x0000000000326fb0 is an unknown value
R9 =0x0000000000326fb1 is an unknown value
R10=0x000000000000167f is an unknown value
R11=0x00000000005eec00 is an unknown value
R12=0x0000000000000000 is an unknown value
R13=0x0000000000326fb0 is an unknown value
R14=0x000000000000132f is an unknown value
R15=0x00000000133df800 is a thread


Stack: [0x000000001a370000,0x000000001a470000],  sp=0x000000001a46ed90,  free space=1019k
Native frames: (J=compiled Java code, j=interpreted, Vv=VM code, C=native code)
J  com.googlecode.javacv.cpp.opencv_core$IplImage.flipCopyWithGamma(Ljava/nio/ByteBuffer;ILjava/nio/ByteBuffer;IZDZI)V


---------------  P R O C E S S  ---------------

Java Threads: ( => current thread )
  0x000000001354a000 JavaThread "ICEpdf-pagePainter" daemon [_thread_blocked, id=5448, stack(0x0000000029630000,0x0000000029730000)]
  0x0000000013546000 JavaThread "ICEpdf-pageInitializer" daemon [_thread_blocked, id=5280, stack(0x0000000028a20000,0x0000000028b20000)]
  0x0000000013547800 JavaThread "DestroyJavaVM" [_thread_blocked, id=5604, stack(0x0000000001f90000,0x0000000002090000)]
  0x0000000013545000 JavaThread "D3D Screen Updater" daemon [_thread_blocked, id=3920, stack(0x0000000026fc0000,0x00000000270c0000)]
  0x0000000013546800 JavaThread "TimerQueue" daemon [_thread_blocked, id=7808, stack(0x00000000256a0000,0x00000000257a0000)]
  0x0000000014573800 JavaThread "threadDisplayDensity" daemon [_thread_blocked, id=1940, stack(0x00000000209a0000,0x0000000020aa0000)]
  0x000000001442f800 JavaThread "AWT-EventQueue-0" [_thread_in_native, id=8600, stack(0x000000001ecd0000,0x000000001edd0000)]
  0x000000001442f000 JavaThread "threadDisplay" daemon [_thread_blocked, id=5696, stack(0x000000001ebd0000,0x000000001ecd0000)]
  0x0000000014435000 JavaThread "threadDisplay" daemon [_thread_blocked, id=5672, stack(0x000000001ca70000,0x000000001cb70000)]
  0x00000000145ba800 JavaThread "AWT-Shutdown" [_thread_blocked, id=1136, stack(0x000000001a470000,0x000000001a570000)]
=>0x00000000133df800 JavaThread "threadDisplayCamera" daemon [_thread_in_Java, id=1384, stack(0x000000001a370000,0x000000001a470000)]
  0x00000000133e0800 JavaThread "AWT-Windows" daemon [_thread_in_native, id=8204, stack(0x0000000013cd0000,0x0000000013dd0000)]
  0x00000000133de800 JavaThread "Java2D Disposer" daemon [_thread_blocked, id=8256, stack(0x0000000013ad0000,0x0000000013bd0000)]
  0x0000000010cf4800 JavaThread "Service Thread" daemon [_thread_blocked, id=10092, stack(0x00000000130d0000,0x00000000131d0000)]
  0x0000000010cef800 JavaThread "C2 CompilerThread1" daemon [_thread_blocked, id=4748, stack(0x0000000012fd0000,0x00000000130d0000)]
  0x0000000010ceb000 JavaThread "C2 CompilerThread0" daemon [_thread_blocked, id=8052, stack(0x0000000012ed0000,0x0000000012fd0000)]
  0x0000000010ce7800 JavaThread "Attach Listener" daemon [_thread_blocked, id=8672, stack(0x0000000012dd0000,0x0000000012ed0000)]
  0x0000000010cdb000 JavaThread "Signal Dispatcher" daemon [_thread_blocked, id=4792, stack(0x0000000012cd0000,0x0000000012dd0000)]
  0x0000000010c7e800 JavaThread "Finalizer" daemon [_thread_blocked, id=4992, stack(0x0000000012bd0000,0x0000000012cd0000)]
  0x0000000010c77000 JavaThread "Reference Handler" daemon [_thread_blocked, id=7448, stack(0x0000000012ad0000,0x0000000012bd0000)]

Other Threads:
  0x0000000010c72000 VMThread [stack: 0x00000000129d0000,0x0000000012ad0000] [id=5248]
  0x0000000010d0f000 WatcherThread [stack: 0x00000000131d0000,0x00000000132d0000] [id=6076]

VM state:not at safepoint (normal execution)

VM Mutex/Monitor currently owned by a thread: None

Heap
 PSYoungGen      total 1285824K, used 1274817K [0x00000007aacb0000, 0x00000007fd800000, 0x0000000800000000)
  eden space 1256896K, 99% used [0x00000007aacb0000,0x00000007f6d60960,0x00000007f7820000)
  from space 28928K, 99% used [0x00000007fbbc0000,0x00000007fd7ffdf8,0x00000007fd800000)
  to   space 47808K, 0% used [0x00000007f7aa0000,0x00000007f7aa0000,0x00000007fa950000)
 ParOldGen       total 196224K, used 65026K [0x0000000700600000, 0x000000070c5a0000, 0x00000007aacb0000)
  object space 196224K, 33% used [0x0000000700600000,0x0000000704580aa0,0x000000070c5a0000)
 PSPermGen       total 41408K, used 18321K [0x00000006fb400000, 0x00000006fdc70000, 0x0000000700600000)
  object space 41408K, 44% used [0x00000006fb400000,0x00000006fc5e44e0,0x00000006fdc70000)

Card table byte_map: [0x0000000005290000,0x0000000005ac0000] byte_map_base: 0x0000000001ab6000

Polling page: 0x0000000001f20000

Code Cache  [0x00000000021d0000, 0x0000000002440000, 0x00000000051d0000)
 total_blobs=946 nmethods=356 adapters=541 free_code_cache=47658Kb largest_free_block=48764672

Compilation events (10 events):
Event: 22.059 Thread 0x0000000010ceb000  363             java.awt.image.Raster::createInterleavedRaster (162 bytes)
Event: 22.067 Thread 0x0000000010ceb000 nmethod 363 0x0000000002341250 code [0x0000000002341420, 0x0000000002341ba8]
Event: 22.099 Thread 0x0000000010cef800  364             java.awt.AWTEvent::getID (5 bytes)
Event: 22.099 Thread 0x0000000010cef800 nmethod 364 0x000000000233e8d0 code [0x000000000233ea00, 0x000000000233ea58]
Event: 22.315 Thread 0x0000000010ceb000  365             sun.java2d.SunGraphics2D::setFont (105 bytes)
Event: 22.316 Thread 0x0000000010ceb000 nmethod 365 0x000000000233e4d0 code [0x000000000233e620, 0x000000000233e7c8]
Event: 22.415 Thread 0x0000000010cef800  366             java.awt.Container::getComponentCount (5 bytes)
Event: 22.416 Thread 0x0000000010cef800 nmethod 366 0x0000000002340f90 code [0x00000000023410e0, 0x0000000002341178]
Event: 22.472 Thread 0x0000000010ceb000  367             java.awt.geom.Dimension2D::<init> (5 bytes)
Event: 22.473 Thread 0x0000000010ceb000 nmethod 367 0x0000000002340d90 code [0x0000000002340ec0, 0x0000000002340f18]

GC Heap History (10 events):
Event: 12.934 GC heap before
{Heap before GC invocations=12 (full 2):
 PSYoungGen      total 779776K, used 779742K [0x00000007aacb0000, 0x00000007e3160000, 0x0000000800000000)
  eden space 735040K, 100% used [0x00000007aacb0000,0x00000007d7a80000,0x00000007d7a80000)
  from space 44736K, 99% used [0x00000007e05b0000,0x00000007e3157b90,0x00000007e3160000)
  to   space 48768K, 0% used [0x00000007dd220000,0x00000007dd220000,0x00000007e01c0000)
 ParOldGen       total 231424K, used 231349K [0x0000000700600000, 0x000000070e800000, 0x00000007aacb0000)
  object space 231424K, 99% used [0x0000000700600000,0x000000070e7ed4f0,0x000000070e800000)
 PSPermGen       total 36800K, used 18259K [0x00000006fb400000, 0x00000006fd7f0000, 0x0000000700600000)
  object space 36800K, 49% used [0x00000006fb400000,0x00000006fc5d4ea8,0x00000006fd7f0000)
Event: 12.973 GC heap after
Heap after GC invocations=12 (full 2):
 PSYoungGen      total 779776K, used 0K [0x00000007aacb0000, 0x00000007e3160000, 0x0000000800000000)
  eden space 735040K, 0% used [0x00000007aacb0000,0x00000007aacb0000,0x00000007d7a80000)
  from space 44736K, 0% used [0x00000007e05b0000,0x00000007e05b0000,0x00000007e3160000)
  to   space 48768K, 0% used [0x00000007dd220000,0x00000007dd220000,0x00000007e01c0000)
 ParOldGen       total 196224K, used 52804K [0x0000000700600000, 0x000000070c5a0000, 0x00000007aacb0000)
  object space 196224K, 26% used [0x0000000700600000,0x0000000703991280,0x000000070c5a0000)
 PSPermGen       total 41408K, used 18259K [0x00000006fb400000, 0x00000006fdc70000, 0x0000000700600000)
  object space 41408K, 44% used [0x00000006fb400000,0x00000006fc5d4e48,0x00000006fdc70000)
}
Event: 14.638 GC heap before
{Heap before GC invocations=13 (full 2):
 PSYoungGen      total 779776K, used 730686K [0x00000007aacb0000, 0x00000007e3160000, 0x0000000800000000)
  eden space 735040K, 99% used [0x00000007aacb0000,0x00000007d763f960,0x00000007d7a80000)
  from space 44736K, 0% used [0x00000007e05b0000,0x00000007e05b0000,0x00000007e3160000)
  to   space 48768K, 0% used [0x00000007dd220000,0x00000007dd220000,0x00000007e01c0000)
 ParOldGen       total 196224K, used 52804K [0x0000000700600000, 0x000000070c5a0000, 0x00000007aacb0000)
  object space 196224K, 26% used [0x0000000700600000,0x0000000703991280,0x000000070c5a0000)
 PSPermGen       total 41408K, used 18270K [0x00000006fb400000, 0x00000006fdc70000, 0x0000000700600000)
  object space 41408K, 44% used [0x00000006fb400000,0x00000006fc5d7960,0x00000006fdc70000)
Event: 14.646 GC heap after
Heap after GC invocations=13 (full 2):
 PSYoungGen      total 873536K, used 34970K [0x00000007aacb0000, 0x00000007ece70000, 0x0000000800000000)
  eden space 824768K, 0% used [0x00000007aacb0000,0x00000007aacb0000,0x00000007dd220000)
  from space 48768K, 71% used [0x00000007dd220000,0x00000007df446a28,0x00000007e01c0000)
  to   space 48192K, 0% used [0x00000007e9f60000,0x00000007e9f60000,0x00000007ece70000)
 ParOldGen       total 196224K, used 52804K [0x0000000700600000, 0x000000070c5a0000, 0x00000007aacb0000)
  object space 196224K, 26% used [0x0000000700600000,0x0000000703991280,0x000000070c5a0000)
 PSPermGen       total 41408K, used 18270K [0x00000006fb400000, 0x00000006fdc70000, 0x0000000700600000)
  object space 41408K, 44% used [0x00000006fb400000,0x00000006fc5d7960,0x00000006fdc70000)
}
Event: 16.470 GC heap before
{Heap before GC invocations=14 (full 2):
 PSYoungGen      total 873536K, used 855723K [0x00000007aacb0000, 0x00000007ece70000, 0x0000000800000000)
  eden space 824768K, 99% used [0x00000007aacb0000,0x00000007dce34290,0x00000007dd220000)
  from space 48768K, 71% used [0x00000007dd220000,0x00000007df446a28,0x00000007e01c0000)
  to   space 48192K, 0% used [0x00000007e9f60000,0x00000007e9f60000,0x00000007ece70000)
 ParOldGen       total 196224K, used 52804K [0x0000000700600000, 0x000000070c5a0000, 0x00000007aacb0000)
  object space 196224K, 26% used [0x0000000700600000,0x0000000703991280,0x000000070c5a0000)
 PSPermGen       total 41408K, used 18277K [0x00000006fb400000, 0x00000006fdc70000, 0x0000000700600000)
  object space 41408K, 44% used [0x00000006fb400000,0x00000006fc5d9550,0x00000006fdc70000)
Event: 16.477 GC heap after
Heap after GC invocations=14 (full 2):
 PSYoungGen      total 1034624K, used 20958K [0x00000007aacb0000, 0x00000007f2e20000, 0x0000000800000000)
  eden space 986432K, 0% used [0x00000007aacb0000,0x00000007aacb0000,0x00000007e7000000)
  from space 48192K, 43% used [0x00000007e9f60000,0x00000007eb3d7970,0x00000007ece70000)
  to   space 48512K, 0% used [0x00000007e7000000,0x00000007e7000000,0x00000007e9f60000)
 ParOldGen       total 196224K, used 64986K [0x0000000700600000, 0x000000070c5a0000, 0x00000007aacb0000)
  object space 196224K, 33% used [0x0000000700600000,0x0000000704576aa0,0x000000070c5a0000)
 PSPermGen       total 41408K, used 18277K [0x00000006fb400000, 0x00000006fdc70000, 0x0000000700600000)
  object space 41408K, 44% used [0x00000006fb400000,0x00000006fc5d9550,0x00000006fdc70000)
}
Event: 18.640 GC heap before
{Heap before GC invocations=15 (full 2):
 PSYoungGen      total 1034624K, used 1006509K [0x00000007aacb0000, 0x00000007f2e20000, 0x0000000800000000)
  eden space 986432K, 99% used [0x00000007aacb0000,0x00000007e6f23e38,0x00000007e7000000)
  from space 48192K, 43% used [0x00000007e9f60000,0x00000007eb3d7970,0x00000007ece70000)
  to   space 48512K, 0% used [0x00000007e7000000,0x00000007e7000000,0x00000007e9f60000)
 ParOldGen       total 196224K, used 64986K [0x0000000700600000, 0x000000070c5a0000, 0x00000007aacb0000)
  object space 196224K, 33% used [0x0000000700600000,0x0000000704576aa0,0x000000070c5a0000)
 PSPermGen       total 41408K, used 18285K [0x00000006fb400000, 0x00000006fdc70000, 0x0000000700600000)
  object space 41408K, 44% used [0x00000006fb400000,0x00000006fc5db7f8,0x00000006fdc70000)
Event: 18.650 GC heap after
Heap after GC invocations=15 (full 2):
 PSYoungGen      total 1034944K, used 37289K [0x00000007aacb0000, 0x00000007feba0000, 0x0000000800000000)
  eden space 986432K, 0% used [0x00000007aacb0000,0x00000007aacb0000,0x00000007e7000000)
  from space 48512K, 76% used [0x00000007e7000000,0x00000007e946a4e8,0x00000007e9f60000)
  to   space 49024K, 0% used [0x00000007fbbc0000,0x00000007fbbc0000,0x00000007feba0000)
 ParOldGen       total 196224K, used 65002K [0x0000000700600000, 0x000000070c5a0000, 0x00000007aacb0000)
  object space 196224K, 33% used [0x0000000700600000,0x000000070457aaa0,0x000000070c5a0000)
 PSPermGen       total 41408K, used 18285K [0x00000006fb400000, 0x00000006fdc70000, 0x0000000700600000)
  object space 41408K, 44% used [0x00000006fb400000,0x00000006fc5db7f8,0x00000006fdc70000)
}
Event: 20.810 GC heap before
{Heap before GC invocations=16 (full 2):
 PSYoungGen      total 1034944K, used 1022791K [0x00000007aacb0000, 0x00000007feba0000, 0x0000000800000000)
  eden space 986432K, 99% used [0x00000007aacb0000,0x00000007e6f17a50,0x00000007e7000000)
  from space 48512K, 76% used [0x00000007e7000000,0x00000007e946a4e8,0x00000007e9f60000)
  to   space 49024K, 0% used [0x00000007fbbc0000,0x00000007fbbc0000,0x00000007feba0000)
 ParOldGen       total 196224K, used 65002K [0x0000000700600000, 0x000000070c5a0000, 0x00000007aacb0000)
  object space 196224K, 33% used [0x0000000700600000,0x000000070457aaa0,0x000000070c5a0000)
 PSPermGen       total 41408K, used 18293K [0x00000006fb400000, 0x00000006fdc70000, 0x0000000700600000)
  object space 41408K, 44% used [0x00000006fb400000,0x00000006fc5dd498,0x00000006fdc70000)
Event: 20.819 GC heap after
Heap after GC invocations=16 (full 2):
 PSYoungGen      total 1285824K, used 28927K [0x00000007aacb0000, 0x00000007fd800000, 0x0000000800000000)
  eden space 1256896K, 0% used [0x00000007aacb0000,0x00000007aacb0000,0x00000007f7820000)
  from space 28928K, 99% used [0x00000007fbbc0000,0x00000007fd7ffdf8,0x00000007fd800000)
  to   space 47808K, 0% used [0x00000007f7aa0000,0x00000007f7aa0000,0x00000007fa950000)
 ParOldGen       total 196224K, used 65026K [0x0000000700600000, 0x000000070c5a0000, 0x00000007aacb0000)
  object space 196224K, 33% used [0x0000000700600000,0x0000000704580aa0,0x000000070c5a0000)
 PSPermGen       total 41408K, used 18293K [0x00000006fb400000, 0x00000006fdc70000, 0x0000000700600000)
  object space 41408K, 44% used [0x00000006fb400000,0x00000006fc5dd498,0x00000006fdc70000)
}

Deoptimization events (10 events):
Event: 2.840 Thread 0x00000000020ce000 Uncommon trap -83 fr.pc 0x000000000227f43c
Event: 3.365 Thread 0x00000000020ce000 Uncommon trap 43 fr.pc 0x000000000229a528
Event: 3.892 Thread 0x000000001442f800 Uncommon trap -83 fr.pc 0x00000000022a54c4
Event: 3.961 Thread 0x0000000013546000 Uncommon trap -83 fr.pc 0x000000000229c7b4
Event: 4.010 Thread 0x0000000013546000 Uncommon trap -83 fr.pc 0x00000000022a5104
Event: 4.027 Thread 0x0000000013546000 Uncommon trap -83 fr.pc 0x00000000022bc728
Event: 4.085 Thread 0x0000000013546000 Uncommon trap -83 fr.pc 0x00000000022bf63c
Event: 4.115 Thread 0x0000000013546000 Uncommon trap -83 fr.pc 0x00000000022c0258
Event: 4.334 Thread 0x000000001354a000 Uncommon trap -83 fr.pc 0x0000000002303afc
Event: 21.116 Thread 0x00000000133df800 Uncommon trap -12 fr.pc 0x00000000022c60f8

Internal exceptions (10 events):
Event: 4.168 Thread 0x0000000013546000 Threw 0x00000007b28331c0 at C:\jdk7u1_64p\jdk7u7\hotspot\src\share\vm\prims\jvm.cpp:1166
Event: 4.169 Thread 0x0000000013546000 Threw 0x00000007b2836370 at C:\jdk7u1_64p\jdk7u7\hotspot\src\share\vm\prims\jvm.cpp:1166
Event: 4.169 Thread 0x0000000013546000 Threw 0x00000007b2839290 at C:\jdk7u1_64p\jdk7u7\hotspot\src\share\vm\prims\jvm.cpp:1166
Event: 4.321 Thread 0x000000001354a000 Threw 0x00000007add0dcb8 at C:\jdk7u1_64p\jdk7u7\hotspot\src\share\vm\prims\jvm.cpp:1166
Event: 4.329 Thread 0x000000001354a000 Threw 0x00000007add1e548 at C:\jdk7u1_64p\jdk7u7\hotspot\src\share\vm\prims\jvm.cpp:1166
Event: 4.531 Thread 0x000000001354a000 Threw 0x00000007b1cbe860 at C:\jdk7u1_64p\jdk7u7\hotspot\src\share\vm\prims\jvm.cpp:1166
Event: 10.357 Thread 0x000000001442f800 Threw 0x00000007bf8c19f0 at C:\jdk7u1_64p\jdk7u7\hotspot\src\share\vm\prims\jvm.cpp:1166
Event: 10.358 Thread 0x000000001442f800 Threw 0x00000007bf8c6fd8 at C:\jdk7u1_64p\jdk7u7\hotspot\src\share\vm\prims\jvm.cpp:1166
Event: 10.359 Thread 0x000000001442f800 Threw 0x00000007bfec2fe0 at C:\jdk7u1_64p\jdk7u7\hotspot\src\share\vm\prims\jvm.cpp:1166
Event: 21.116 Thread 0x00000000133df800 Implicit null exception at 0x00000000022c5df8 to 0x00000000022c60ec

Events (10 events):
Event: 20.810 Executing VM operation: ParallelGCFailedAllocation
Event: 20.819 Executing VM operation: ParallelGCFailedAllocation done
Event: 21.116 Thread 0x00000000133df800 DEOPT PACKING pc=0x00000000022c60f8 sp=0x000000001a46efc0
Event: 21.116 Thread 0x00000000133df800 DEOPT UNPACKING pc=0x0000000002209164 sp=0x000000001a46ef08 mode 2
Event: 23.199 loading class 0x000000002471c690
Event: 23.199 loading class 0x000000002471c690 done
Event: 23.199 loading class 0x00000000143f4980
Event: 23.199 loading class 0x00000000133e1160
Event: 23.199 loading class 0x00000000133e1160 done
Event: 23.199 loading class 0x00000000143f4980 done


Dynamic libraries:
0x000007f798e80000 - 0x000007f798eb4000 	F:\Program Files\Java\Jre7\bin\javaw.exe
0x000007ffd0010000 - 0x000007ffd01ce000 	C:\WINDOWS\SYSTEM32\ntdll.dll
0x000007ffcd650000 - 0x000007ffcd786000 	C:\WINDOWS\system32\KERNEL32.DLL
0x000007ffcd360000 - 0x000007ffcd453000 	C:\WINDOWS\system32\KERNELBASE.dll
0x000007ffcdad0000 - 0x000007ffcdbae000 	C:\WINDOWS\system32\ADVAPI32.dll
0x000007ffcf8a0000 - 0x000007ffcf9ec000 	C:\WINDOWS\system32\USER32.dll
0x000007ffca740000 - 0x000007ffca9a9000 	C:\WINDOWS\WinSxS\amd64_microsoft.windows.common-controls_6595b64144ccf1df_6.0.9200.16384_none_418c2a697189c07f\COMCTL32.dll
0x000007ffcd940000 - 0x000007ffcd9e5000 	C:\WINDOWS\system32\msvcrt.dll
0x000007ffcd460000 - 0x000007ffcd4a8000 	C:\WINDOWS\SYSTEM32\sechost.dll
0x000007ffcf760000 - 0x000007ffcf8a0000 	C:\WINDOWS\system32\RPCRT4.dll
0x000007ffcdec0000 - 0x000007ffce000000 	C:\WINDOWS\system32\GDI32.dll
0x000007ffcda90000 - 0x000007ffcdac9000 	C:\WINDOWS\system32\IMM32.DLL
0x000007ffcf9f0000 - 0x000007ffcfb05000 	C:\WINDOWS\system32\MSCTF.dll
0x000007ffccf00000 - 0x000007ffccf08000 	C:\PROGRA~2\NVIDIA~1\3DVISI~1\NVSTIN~1.DLL
0x000007ffcda80000 - 0x000007ffcda87000 	C:\WINDOWS\system32\PSAPI.DLL
0x0000000061700000 - 0x00000000617a3000 	C:\WINDOWS\WinSxS\amd64_microsoft.vc90.crt_1fc8b3b9a1e18e3b_9.0.30729.6871_none_08e717a5a83adddf\MSVCR90.dll
0x000000005f150000 - 0x000000005f221000 	F:\Program Files\Java\Jre7\bin\msvcr100.dll
0x000000005ea30000 - 0x000000005f14f000 	F:\Program Files\Java\Jre7\bin\server\jvm.dll
0x000007ffc53f0000 - 0x000007ffc53f9000 	C:\WINDOWS\SYSTEM32\WSOCK32.dll
0x000007ffca070000 - 0x000007ffca090000 	C:\WINDOWS\SYSTEM32\WINMM.dll
0x000007ffcffb0000 - 0x000007ffd0008000 	C:\WINDOWS\system32\WS2_32.dll
0x000007ffc9f70000 - 0x000007ffc9fa2000 	C:\WINDOWS\SYSTEM32\WINMMBASE.dll
0x000007ffcfb10000 - 0x000007ffcfb19000 	C:\WINDOWS\system32\NSI.dll
0x000000005ea20000 - 0x000000005ea2f000 	F:\Program Files\Java\Jre7\bin\verify.dll
0x000000005e9f0000 - 0x000000005ea18000 	F:\Program Files\Java\Jre7\bin\java.dll
0x000000005e9d0000 - 0x000000005e9e5000 	F:\Program Files\Java\Jre7\bin\zip.dll
0x000000005e7c0000 - 0x000000005e953000 	F:\Program Files\Java\Jre7\bin\awt.dll
0x000007ffcdbb0000 - 0x000007ffcdc73000 	C:\WINDOWS\system32\OLEAUT32.dll
0x000007ffcd790000 - 0x000007ffcd940000 	C:\WINDOWS\system32\combase.dll
0x000007ffc7130000 - 0x000007ffc71cf000 	C:\WINDOWS\system32\apphelp.dll
0x000007ffcbd00000 - 0x000007ffcbde3000 	C:\WINDOWS\system32\uxtheme.dll
0x000007ffc71e0000 - 0x000007ffc7275000 	C:\Program Files\Common Files\microsoft shared\ink\tiptsf.dll
0x000007ffcae20000 - 0x000007ffcae41000 	C:\WINDOWS\SYSTEM32\dwmapi.dll
0x000007ffce000000 - 0x000007ffce17e000 	C:\WINDOWS\system32\ole32.dll
0x000007ffccd70000 - 0x000007ffccd7a000 	C:\WINDOWS\SYSTEM32\CRYPTBASE.dll
0x000007ffcccf0000 - 0x000007ffccd4c000 	C:\WINDOWS\SYSTEM32\bcryptPrimitives.dll
0x000007ffce470000 - 0x000007ffcf758000 	C:\WINDOWS\system32\SHELL32.dll
0x000007ffcff60000 - 0x000007ffcffb0000 	C:\WINDOWS\system32\SHLWAPI.dll
0x000007ffcc0d0000 - 0x000007ffcc166000 	C:\WINDOWS\SYSTEM32\shcore.dll
0x00000000605d0000 - 0x0000000060668000 	C:\Windows\System32\msvcp100.dll
0x000007ffb2c00000 - 0x000007ffb2e58000 	C:\opencv\build\x64\vc10\bin\opencv_core243.dll
0x000007ffb8730000 - 0x000007ffb87c5000 	C:\Users\Jonas\AppData\Local\Temp\javacpp121774921618489\jniopencv_core.dll
0x000007ffb1070000 - 0x000007ffb1315000 	C:\opencv\build\x64\vc10\bin\opencv_imgproc243.dll
0x000007ffc6780000 - 0x000007ffc67c8000 	C:\Users\Jonas\AppData\Local\Temp\javacpp121774921618489\jniopencv_imgproc.dll
0x0000000066840000 - 0x00000000675ca000 	C:\opencv\build\x64\vc10\bin\opencv_ffmpeg243_64.dll
0x000007ffb0e20000 - 0x000007ffb106b000 	C:\opencv\build\x64\vc10\bin\opencv_highgui243.dll
0x000007ffc9db0000 - 0x000007ffc9dd0000 	C:\WINDOWS\SYSTEM32\AVIFIL32.dll
0x000007ffc69e0000 - 0x000007ffc6a09000 	C:\WINDOWS\SYSTEM32\MSVFW32.dll
0x000007ffc6a10000 - 0x000007ffc6a27000 	C:\WINDOWS\SYSTEM32\AVICAP32.dll
0x000007ffba340000 - 0x000007ffba359000 	C:\WINDOWS\SYSTEM32\MSACM32.dll
0x000007ffcacb0000 - 0x000007ffcacb9000 	C:\WINDOWS\SYSTEM32\VERSION.dll
0x000007ffc60c0000 - 0x000007ffc60d3000 	C:\Users\Jonas\AppData\Local\Temp\javacpp121774921618489\jniopencv_highgui.dll
0x000007ffce1b0000 - 0x000007ffce246000 	C:\WINDOWS\SYSTEM32\clbcatq.dll
0x000007ffc4220000 - 0x000007ffc4237000 	C:\Windows\System32\devenum.dll
0x000007ffcdc80000 - 0x000007ffcde50000 	C:\WINDOWS\system32\setupapi.dll
0x000007ffcd020000 - 0x000007ffcd06f000 	C:\WINDOWS\system32\CFGMGR32.dll
0x000007ffccff0000 - 0x000007ffcd012000 	C:\WINDOWS\system32\DEVOBJ.dll
0x000007ffc5fd0000 - 0x000007ffc5ffe000 	C:\WINDOWS\SYSTEM32\ntmarta.dll
0x000007ffcd070000 - 0x000007ffcd0c5000 	C:\WINDOWS\system32\WINTRUST.dll
0x000007ffcd0d0000 - 0x000007ffcd2a7000 	C:\WINDOWS\system32\CRYPT32.dll
0x000007ffccfd0000 - 0x000007ffccfe6000 	C:\WINDOWS\system32\MSASN1.dll
0x000007ffc7800000 - 0x000007ffc780d000 	C:\WINDOWS\SYSTEM32\msdmo.dll
0x000007ffc41f0000 - 0x000007ffc421f000 	C:\Windows\System32\qcap.dll
0x000007ffb2a40000 - 0x000007ffb2bf8000 	C:\Windows\System32\quartz.dll
0x000007ffc3e10000 - 0x000007ffc3e4f000 	C:\Windows\System32\ksproxy.ax
0x000007ffba390000 - 0x000007ffba397000 	C:\Windows\System32\ksuser.dll
0x000007ffbbc60000 - 0x000007ffbbe60000 	C:\Windows\System32\d3d9.dll
0x000007ffc6820000 - 0x000007ffc682c000 	C:\Windows\System32\vidcap.ax
0x000007ffc3de0000 - 0x000007ffc3e04000 	C:\Windows\System32\kswdmcap.ax
0x000007ffb1960000 - 0x000007ffb1ab4000 	C:\Windows\System32\MFC42.dll
0x000007ffb6010000 - 0x000007ffb60ce000 	C:\Windows\System32\ODBC32.dll
0x000007ffb7f20000 - 0x000007ffb7fb5000 	C:\Windows\System32\qedit.dll
0x000007ffcfeb0000 - 0x000007ffcff51000 	C:\WINDOWS\system32\COMDLG32.dll
0x000007ffcd4b0000 - 0x000007ffcd650000 	C:\WINDOWS\WinSxS\amd64_microsoft.windows.gdiplus_6595b64144ccf1df_1.1.9200.16384_none_72771d4ecc1c3a4d\gdiplus.dll
0x000007ffb38f0000 - 0x000007ffb39da000 	C:\WINDOWS\SYSTEM32\DDRAW.dll
0x000007ffc7970000 - 0x000007ffc7978000 	C:\WINDOWS\SYSTEM32\DCIMAN32.dll
0x000000005e780000 - 0x000000005e7b4000 	F:\Program Files\Java\Jre7\bin\fontmanager.dll
0x000007ffb4b50000 - 0x000007ffb5cd0000 	C:\WINDOWS\SYSTEM32\nvd3dumx.dll
0x000007ffccdf0000 - 0x000007ffcce33000 	C:\WINDOWS\SYSTEM32\powrprof.dll
0x0000000180000000 - 0x0000000180116000 	C:\Program Files (x86)\NVIDIA Corporation\3D Vision\nvSCPAPI64.dll
0x000007ffca330000 - 0x000007ffca3a4000 	C:\WINDOWS\SYSTEM32\dxgi.dll
0x000007ffc9a40000 - 0x000007ffc9d02000 	C:\WINDOWS\SYSTEM32\nvapi64.dll
0x000007ffc9f50000 - 0x000007ffc9f6f000 	C:\WINDOWS\SYSTEM32\DXGIDebug.dll
0x000000005e9b0000 - 0x000000005e9c9000 	F:\Program Files\Java\Jre7\bin\net.dll
0x000007ffcc760000 - 0x000007ffcc7bc000 	C:\WINDOWS\system32\mswsock.dll
0x000000005e990000 - 0x000000005e9a1000 	F:\Program Files\Java\Jre7\bin\nio.dll
0x000000005e730000 - 0x000000005e771000 	F:\Program Files\Java\Jre7\bin\t2k.dll
0x000007ffca9b0000 - 0x000007ffcab3a000 	C:\WINDOWS\SYSTEM32\WindowsCodecs.dll
0x000007ffccf20000 - 0x000007ffccf35000 	C:\WINDOWS\SYSTEM32\profapi.dll
0x000007ffc8ca0000 - 0x000007ffc8d09000 	C:\WINDOWS\SYSTEM32\oleacc.dll
0x000000005e700000 - 0x000000005e72a000 	F:\Program Files\Java\Jre7\bin\dcpr.dll

VM Arguments:
jvm_args: -Dfile.encoding=Cp1252 
java_command: emcscanner.kth.se.Program
Launcher Type: SUN_STANDARD

Environment Variables:
PATH=C:\Program Files (x86)\NVIDIA Corporation\PhysX\Common;C:\WINDOWS\system32;C:\WINDOWS;C:\WINDOWS\System32\Wbem;C:\WINDOWS\System32\WindowsPowerShell\v1.0\;C:\Program Files (x86)\Microsoft SQL Server\90\Tools\binn\;C:\Program Files (x86)\Autodesk\Backburner\;F:\Program Files\MATLAB\R2012a\runtime\win64;F:\Program Files\MATLAB\R2012a\bin;PROGRAMFILES\Internet Explorer;C:\Program Files\Perforce;F:\Program Files\Perforce;C:\Program Files\Microsoft\Web Platform Installer\;C:\Program Files (x86)\Microsoft ASP.NET\ASP.NET Web Pages\v1.0\;C:\Program Files (x86)\Windows Kits\8.0\Windows Performance Toolkit\;C:\Program Files\Microsoft SQL Server\110\Tools\Binn\;F:\Program Files\Perforce\Server
USERNAME=Jonas
OS=Windows_NT
PROCESSOR_IDENTIFIER=Intel64 Family 6 Model 42 Stepping 7, GenuineIntel



---------------  S Y S T E M  ---------------

OS: Windows 8 , 64 bit Build 9200 

CPU:total 8 (4 cores per cpu, 2 threads per core) family 6 model 42 stepping 7, cmov, cx8, fxsr, mmx, sse, sse2, sse3, ssse3, sse4.1, sse4.2, popcnt, avx, ht, tsc, tscinvbit

Memory: 4k page, physical 16751668k(10511764k free), swap 33528884k(24960184k free)

vm_info: Java HotSpot(TM) 64-Bit Server VM (23.3-b01) for windows-amd64 JRE (1.7.0_07-b11), built on Sep  7 2012 01:19:25 by "java_re" with unknown MS VC++:1600

time: Wed Feb 06 02:31:47 2013
elapsed time: 23 seconds

