#
# A fatal error has been detected by the Java Runtime Environment:
#
#  EXCEPTION_ACCESS_VIOLATION (0xc0000005) at pc=0x000007fe834a8bc0, pid=7824, tid=8008
#
# JRE version: 7.0_07-b11
# Java VM: Java HotSpot(TM) 64-Bit Server VM (23.3-b01 mixed mode windows-amd64 compressed oops)
# Problematic frame:
# C  [ntdll.dll+0x18bc0]  RtlQueueWorkItem+0x8a0
#
# Failed to write core dump. Minidumps are not enabled by default on client versions of Windows
#
# If you would like to submit a bug report, please visit:
#   http://bugreport.sun.com/bugreport/crash.jsp
# The crash happened outside the Java Virtual Machine in native code.
# See problematic frame for where to report the bug.
#

---------------  T H R E A D  ---------------

Current thread (0x0000000018ada800):  JavaThread "threadDisplay" daemon [_thread_in_native, id=8008, stack(0x0000000017da0000,0x0000000017ea0000)]

siginfo: ExceptionCode=0xc0000005, writing address 0x0000000000000024

Registers:
RAX=0x0000000000000000, RBX=0x0000000018f9d728, RCX=0x00000000fffffffc, RDX=0x00000000000008c0
RSP=0x0000000017e9f090, RBP=0x0000000000000000, RSI=0x00000000000008c0, RDI=0x0000000000000000
R8 =0xffffffffffffffff, R9 =0x0000000000000004, R10=0x0000000000000000, R11=0x0000000000000246
R12=0x0000000000000000, R13=0x0000000000000000, R14=0x000007f616d20000, R15=0x0000000000000000
RIP=0x000007fe834a8bc0, EFLAGS=0x0000000000010213

Top of Stack: (sp=0x0000000017e9f090)
0x0000000017e9f090:   00000000000008c0 00000006fb82776b
0x0000000017e9f0a0:   0000000017e9f0f0 00000006fb82b4a0
0x0000000017e9f0b0:   0000000000000000 00000006fb827780
0x0000000017e9f0c0:   0000000000000000 0000000017e9f0e8
0x0000000017e9f0d0:   0000000000000000 00000000022161f8
0x0000000017e9f0e0:   0000000000000000 00000007ab2a0d80
0x0000000017e9f0f0:   0000000700c2a418 000007fe805810ea
0x0000000017e9f100:   00000006fb8275ed 0000000017e9f150
0x0000000017e9f110:   0000605c3ee788be 0000000000000000
0x0000000017e9f120:   0000000000000004 0000000000000001
0x0000000017e9f130:   000000001e221050 00000000ff000000
0x0000000017e9f140:   0000000000000000 0000000000000000
0x0000000017e9f150:   000007f616d20000 000007fe8349f4d4
0x0000000017e9f160:   0000000000000000 0000000000000000
0x0000000017e9f170:   0000000018f9d728 0000000000000000
0x0000000017e9f180:   0000000000000000 0000000018ada9d8 

Instructions: (pc=0x000007fe834a8bc0)
0x000007fe834a8ba0:   43 08 a8 01 0f 85 bd 67 ff ff 8b c8 2b cd f0 0f
0x000007fe834a8bb0:   b1 4b 08 75 ea 48 8b 03 33 ed 48 83 f8 ff 74 03
0x000007fe834a8bc0:   ff 40 24 41 bf 82 03 fe 7f 41 80 3f 00 0f 85 69
0x000007fe834a8bd0:   7a 0e 00 48 83 fe ff 0f 84 bf 7a 0e 00 4c 8b c7 


Register to memory mapping:

RAX=0x0000000000000000 is an unknown value
RBX=0x0000000018f9d728 is an unknown value
RCX=0x00000000fffffffc is an unknown value
RDX=0x00000000000008c0 is an unknown value
RSP=0x0000000017e9f090 is pointing into the stack for thread: 0x0000000018ada800
RBP=0x0000000000000000 is an unknown value
RSI=0x00000000000008c0 is an unknown value
RDI=0x0000000000000000 is an unknown value
R8 =0xffffffffffffffff is an unknown value
R9 =0x0000000000000004 is an unknown value
R10=0x0000000000000000 is an unknown value
R11=0x0000000000000246 is an unknown value
R12=0x0000000000000000 is an unknown value
R13=0x0000000000000000 is an unknown value
R14=0x000007f616d20000 is an unknown value
R15=0x0000000000000000 is an unknown value


Stack: [0x0000000017da0000,0x0000000017ea0000],  sp=0x0000000017e9f090,  free space=1020k
Native frames: (J=compiled Java code, j=interpreted, Vv=VM code, C=native code)
C  [ntdll.dll+0x18bc0]  RtlQueueWorkItem+0x8a0

[error occurred during error reporting (printing native stack), id 0xc0000005]

Java frames: (J=compiled Java code, j=interpreted, Vv=VM code)
j  com.googlecode.javacv.cpp.opencv_highgui.cvRetrieveFrame(Lcom/googlecode/javacv/cpp/opencv_highgui$CvCapture;I)Lcom/googlecode/javacv/cpp/opencv_core$IplImage;+0
j  com.googlecode.javacv.cpp.opencv_highgui.cvRetrieveFrame(Lcom/googlecode/javacv/cpp/opencv_highgui$CvCapture;)Lcom/googlecode/javacv/cpp/opencv_core$IplImage;+2
j  com.googlecode.javacv.OpenCVFrameGrabber.grab()Lcom/googlecode/javacv/cpp/opencv_core$IplImage;+4
j  emcscanner.kth.se.CameraPanel$1.run()V+3
v  ~StubRoutines::call_stub

---------------  P R O C E S S  ---------------

Java Threads: ( => current thread )
  0x00000000186f1800 JavaThread "Thread-0" daemon [_thread_in_native, id=3900, stack(0x00000000188d0000,0x00000000189d0000)]
  0x0000000018bfa800 JavaThread "Thread-3" [_thread_in_native, id=7988, stack(0x0000000017ba0000,0x0000000017ca0000)]
  0x0000000019018800 JavaThread "ICEpdf-pagePainter" daemon [_thread_blocked, id=7976, stack(0x000000001eb70000,0x000000001ec70000)]
  0x0000000018fbc800 JavaThread "ICEpdf-pageInitializer" daemon [_thread_blocked, id=7464, stack(0x000000001e930000,0x000000001ea30000)]
  0x000000000210e000 JavaThread "DestroyJavaVM" [_thread_blocked, id=5020, stack(0x0000000001fa0000,0x00000000020a0000)]
=>0x0000000018ada800 JavaThread "threadDisplay" daemon [_thread_in_native, id=8008, stack(0x0000000017da0000,0x0000000017ea0000)]
  0x0000000018179800 JavaThread "TimerQueue" daemon [_thread_blocked, id=7308, stack(0x0000000016910000,0x0000000016a10000)]
  0x00000000135e9800 JavaThread "AWT-EventQueue-0" [_thread_blocked, id=7984, stack(0x00000000189d0000,0x0000000018ad0000)]
  0x0000000013456800 JavaThread "AWT-Windows" daemon [_thread_in_native, id=4480, stack(0x0000000013f30000,0x0000000014030000)]
  0x000000001344e000 JavaThread "AWT-Shutdown" [_thread_blocked, id=7132, stack(0x0000000013e30000,0x0000000013f30000)]
  0x000000001344c000 JavaThread "Java2D Disposer" daemon [_thread_blocked, id=6164, stack(0x0000000013d30000,0x0000000013e30000)]
  0x0000000010d32800 JavaThread "Service Thread" daemon [_thread_blocked, id=5152, stack(0x0000000013130000,0x0000000013230000)]
  0x0000000010d30000 JavaThread "C2 CompilerThread1" daemon [_thread_blocked, id=5784, stack(0x0000000013030000,0x0000000013130000)]
  0x0000000010d29000 JavaThread "C2 CompilerThread0" daemon [_thread_blocked, id=7892, stack(0x0000000012f30000,0x0000000013030000)]
  0x0000000010d27800 JavaThread "Attach Listener" daemon [_thread_blocked, id=7476, stack(0x0000000012e30000,0x0000000012f30000)]
  0x0000000010d1b000 JavaThread "Signal Dispatcher" daemon [_thread_blocked, id=4772, stack(0x0000000012d30000,0x0000000012e30000)]
  0x0000000010cbe800 JavaThread "Finalizer" daemon [_thread_blocked, id=72, stack(0x0000000012c30000,0x0000000012d30000)]
  0x0000000010cb7000 JavaThread "Reference Handler" daemon [_thread_blocked, id=6820, stack(0x0000000012b30000,0x0000000012c30000)]

Other Threads:
  0x0000000010cb2000 VMThread [stack: 0x0000000012a30000,0x0000000012b30000] [id=7016]
  0x0000000010d4f000 WatcherThread [stack: 0x0000000013230000,0x0000000013330000] [id=7192]

VM state:not at safepoint (normal execution)

VM Mutex/Monitor currently owned by a thread: None

Heap
 PSYoungGen      total 76352K, used 49888K [0x00000007aacb0000, 0x00000007b41d0000, 0x0000000800000000)
  eden space 65472K, 76% used [0x00000007aacb0000,0x00000007add683e8,0x00000007aeca0000)
  from space 10880K, 0% used [0x00000007aeca0000,0x00000007aeca0000,0x00000007af740000)
  to   space 10880K, 0% used [0x00000007b3730000,0x00000007b3730000,0x00000007b41d0000)
 ParOldGen       total 152448K, used 15802K [0x0000000700600000, 0x0000000709ae0000, 0x00000007aacb0000)
  object space 152448K, 10% used [0x0000000700600000,0x000000070156e858,0x0000000709ae0000)
 PSPermGen       total 40256K, used 17676K [0x00000006fb400000, 0x00000006fdb50000, 0x0000000700600000)
  object space 40256K, 43% used [0x00000006fb400000,0x00000006fc543080,0x00000006fdb50000)

Card table byte_map: [0x00000000052d0000,0x0000000005b00000] byte_map_base: 0x0000000001af6000

Polling page: 0x0000000000680000

Code Cache  [0x0000000002210000, 0x0000000002480000, 0x0000000005210000)
 total_blobs=857 nmethods=269 adapters=539 free_code_cache=47762Kb largest_free_block=48878848

Compilation events (10 events):
Event: 9.212 Thread 0x0000000010d30000 nmethod 265 0x000000000234add0 code [0x000000000234af40, 0x000000000234b090]
Event: 9.212 Thread 0x0000000010d29000 nmethod 266 0x0000000002347310 code [0x0000000002347480, 0x00000000023475b0]
Event: 9.224 Thread 0x0000000010d29000  267             java.util.concurrent.ConcurrentHashMap::get (141 bytes)
Event: 9.225 Thread 0x0000000010d30000  268             javax.swing.text.html.MuxingAttributeSet::getAttribute (45 bytes)
Event: 9.227 Thread 0x0000000010d29000 nmethod 267 0x0000000002346d10 code [0x0000000002346e80, 0x00000000023470e8]
Event: 9.227 Thread 0x0000000010d29000  269             java.lang.Integer::intValue (5 bytes)
Event: 9.227 Thread 0x0000000010d29000 nmethod 269 0x00000000022b5250 code [0x00000000022b5380, 0x00000000022b53d8]
Event: 9.228 Thread 0x0000000010d30000 nmethod 268 0x000000000234b510 code [0x000000000234b680, 0x000000000234bda8]
Event: 9.234 Thread 0x0000000010d29000  270             java.awt.Rectangle::<init> (26 bytes)
Event: 9.234 Thread 0x0000000010d29000 nmethod 270 0x000000000234b290 code [0x000000000234b3c0, 0x000000000234b438]

GC Heap History (10 events):
Event: 4.130 GC heap before
{Heap before GC invocations=1 (full 0):
 PSYoungGen      total 76352K, used 65472K [0x00000007aacb0000, 0x00000007b01e0000, 0x0000000800000000)
  eden space 65472K, 100% used [0x00000007aacb0000,0x00000007aeca0000,0x00000007aeca0000)
  from space 10880K, 0% used [0x00000007af740000,0x00000007af740000,0x00000007b01e0000)
  to   space 10880K, 0% used [0x00000007aeca0000,0x00000007aeca0000,0x00000007af740000)
 ParOldGen       total 174528K, used 0K [0x0000000700600000, 0x000000070b070000, 0x00000007aacb0000)
  object space 174528K, 0% used [0x0000000700600000,0x0000000700600000,0x000000070b070000)
 PSPermGen       total 21248K, used 17515K [0x00000006fb400000, 0x00000006fc8c0000, 0x0000000700600000)
  object space 21248K, 82% used [0x00000006fb400000,0x00000006fc51afb8,0x00000006fc8c0000)
Event: 4.140 GC heap after
Heap after GC invocations=1 (full 0):
 PSYoungGen      total 76352K, used 10855K [0x00000007aacb0000, 0x00000007b01e0000, 0x0000000800000000)
  eden space 65472K, 0% used [0x00000007aacb0000,0x00000007aacb0000,0x00000007aeca0000)
  from space 10880K, 99% used [0x00000007aeca0000,0x00000007af739c38,0x00000007af740000)
  to   space 10880K, 0% used [0x00000007af740000,0x00000007af740000,0x00000007b01e0000)
 ParOldGen       total 174528K, used 678K [0x0000000700600000, 0x000000070b070000, 0x00000007aacb0000)
  object space 174528K, 0% used [0x0000000700600000,0x00000007006a98d0,0x000000070b070000)
 PSPermGen       total 21248K, used 17515K [0x00000006fb400000, 0x00000006fc8c0000, 0x0000000700600000)
  object space 21248K, 82% used [0x00000006fb400000,0x00000006fc51afb8,0x00000006fc8c0000)
}
Event: 4.482 GC heap before
{Heap before GC invocations=2 (full 0):
 PSYoungGen      total 76352K, used 74097K [0x00000007aacb0000, 0x00000007b01e0000, 0x0000000800000000)
  eden space 65472K, 96% used [0x00000007aacb0000,0x00000007aea72a48,0x00000007aeca0000)
  from space 10880K, 99% used [0x00000007aeca0000,0x00000007af739c38,0x00000007af740000)
  to   space 10880K, 0% used [0x00000007af740000,0x00000007af740000,0x00000007b01e0000)
 ParOldGen       total 174528K, used 678K [0x0000000700600000, 0x000000070b070000, 0x00000007aacb0000)
  object space 174528K, 0% used [0x0000000700600000,0x00000007006a98d0,0x000000070b070000)
 PSPermGen       total 21248K, used 17586K [0x00000006fb400000, 0x00000006fc8c0000, 0x0000000700600000)
  object space 21248K, 82% used [0x00000006fb400000,0x00000006fc52c820,0x00000006fc8c0000)
Event: 4.491 GC heap after
Heap after GC invocations=2 (full 0):
 PSYoungGen      total 76352K, used 10858K [0x00000007aacb0000, 0x00000007b41d0000, 0x0000000800000000)
  eden space 65472K, 0% used [0x00000007aacb0000,0x00000007aacb0000,0x00000007aeca0000)
  from space 10880K, 99% used [0x00000007af740000,0x00000007b01daab0,0x00000007b01e0000)
  to   space 10880K, 0% used [0x00000007aeca0000,0x00000007aeca0000,0x00000007af740000)
 ParOldGen       total 174528K, used 22303K [0x0000000700600000, 0x000000070b070000, 0x00000007aacb0000)
  object space 174528K, 12% used [0x0000000700600000,0x0000000701bc7d48,0x000000070b070000)
 PSPermGen       total 21248K, used 17586K [0x00000006fb400000, 0x00000006fc8c0000, 0x0000000700600000)
  object space 21248K, 82% used [0x00000006fb400000,0x00000006fc52c820,0x00000006fc8c0000)
}
Event: 4.835 GC heap before
{Heap before GC invocations=3 (full 0):
 PSYoungGen      total 76352K, used 73803K [0x00000007aacb0000, 0x00000007b41d0000, 0x0000000800000000)
  eden space 65472K, 96% used [0x00000007aacb0000,0x00000007aea283f0,0x00000007aeca0000)
  from space 10880K, 99% used [0x00000007af740000,0x00000007b01daab0,0x00000007b01e0000)
  to   space 10880K, 0% used [0x00000007aeca0000,0x00000007aeca0000,0x00000007af740000)
 ParOldGen       total 174528K, used 28378K [0x0000000700600000, 0x000000070b070000, 0x00000007aacb0000)
  object space 174528K, 16% used [0x0000000700600000,0x00000007021b6958,0x000000070b070000)
 PSPermGen       total 21248K, used 17634K [0x00000006fb400000, 0x00000006fc8c0000, 0x0000000700600000)
  object space 21248K, 82% used [0x00000006fb400000,0x00000006fc538ba8,0x00000006fc8c0000)
Event: 4.839 GC heap after
Heap after GC invocations=3 (full 0):
 PSYoungGen      total 76352K, used 10874K [0x00000007aacb0000, 0x00000007b41d0000, 0x0000000800000000)
  eden space 65472K, 0% used [0x00000007aacb0000,0x00000007aacb0000,0x00000007aeca0000)
  from space 10880K, 99% used [0x00000007aeca0000,0x00000007af73eaa0,0x00000007af740000)
  to   space 10880K, 0% used [0x00000007b3730000,0x00000007b3730000,0x00000007b41d0000)
 ParOldGen       total 174528K, used 28418K [0x0000000700600000, 0x000000070b070000, 0x00000007aacb0000)
  object space 174528K, 16% used [0x0000000700600000,0x00000007021c0958,0x000000070b070000)
 PSPermGen       total 21248K, used 17634K [0x00000006fb400000, 0x00000006fc8c0000, 0x0000000700600000)
  object space 21248K, 82% used [0x00000006fb400000,0x00000006fc538ba8,0x00000006fc8c0000)
}
Event: 7.333 GC heap before
{Heap before GC invocations=4 (full 1):
 PSYoungGen      total 76352K, used 73067K [0x00000007aacb0000, 0x00000007b41d0000, 0x0000000800000000)
  eden space 65472K, 94% used [0x00000007aacb0000,0x00000007ae96c508,0x00000007aeca0000)
  from space 10880K, 99% used [0x00000007aeca0000,0x00000007af73eaa0,0x00000007af740000)
  to   space 10880K, 0% used [0x00000007b3730000,0x00000007b3730000,0x00000007b41d0000)
 ParOldGen       total 417728K, used 417219K [0x0000000700600000, 0x0000000719df0000, 0x00000007aacb0000)
  object space 417728K, 99% used [0x0000000700600000,0x0000000719d70d58,0x0000000719df0000)
 PSPermGen       total 21248K, used 17642K [0x00000006fb400000, 0x00000006fc8c0000, 0x0000000700600000)
  object space 21248K, 83% used [0x00000006fb400000,0x00000006fc53a840,0x00000006fc8c0000)
Event: 7.394 GC heap after
Heap after GC invocations=4 (full 1):
 PSYoungGen      total 76352K, used 0K [0x00000007aacb0000, 0x00000007b41d0000, 0x0000000800000000)
  eden space 65472K, 0% used [0x00000007aacb0000,0x00000007aacb0000,0x00000007aeca0000)
  from space 10880K, 0% used [0x00000007aeca0000,0x00000007aeca0000,0x00000007af740000)
  to   space 10880K, 0% used [0x00000007b3730000,0x00000007b3730000,0x00000007b41d0000)
 ParOldGen       total 130752K, used 21871K [0x0000000700600000, 0x00000007085b0000, 0x00000007aacb0000)
  object space 130752K, 16% used [0x0000000700600000,0x0000000701b5bc30,0x00000007085b0000)
 PSPermGen       total 35584K, used 17635K [0x00000006fb400000, 0x00000006fd6c0000, 0x0000000700600000)
  object space 35584K, 49% used [0x00000006fb400000,0x00000006fc538e58,0x00000006fd6c0000)
}
Event: 10.018 GC heap before
{Heap before GC invocations=5 (full 2):
 PSYoungGen      total 76352K, used 62184K [0x00000007aacb0000, 0x00000007b41d0000, 0x0000000800000000)
  eden space 65472K, 94% used [0x00000007aacb0000,0x00000007ae96a350,0x00000007aeca0000)
  from space 10880K, 0% used [0x00000007aeca0000,0x00000007aeca0000,0x00000007af740000)
  to   space 10880K, 0% used [0x00000007b3730000,0x00000007b3730000,0x00000007b41d0000)
 ParOldGen       total 410432K, used 404597K [0x0000000700600000, 0x00000007196d0000, 0x00000007aacb0000)
  object space 410432K, 98% used [0x0000000700600000,0x000000071911d420,0x00000007196d0000)
 PSPermGen       total 35584K, used 17648K [0x00000006fb400000, 0x00000006fd6c0000, 0x0000000700600000)
  object space 35584K, 49% used [0x00000006fb400000,0x00000006fc53c3e8,0x00000006fd6c0000)
Event: 10.062 GC heap after
Heap after GC invocations=5 (full 2):
 PSYoungGen      total 76352K, used 0K [0x00000007aacb0000, 0x00000007b41d0000, 0x0000000800000000)
  eden space 65472K, 0% used [0x00000007aacb0000,0x00000007aacb0000,0x00000007aeca0000)
  from space 10880K, 0% used [0x00000007aeca0000,0x00000007aeca0000,0x00000007af740000)
  to   space 10880K, 0% used [0x00000007b3730000,0x00000007b3730000,0x00000007b41d0000)
 ParOldGen       total 152448K, used 15802K [0x0000000700600000, 0x0000000709ae0000, 0x00000007aacb0000)
  object space 152448K, 10% used [0x0000000700600000,0x000000070156e858,0x0000000709ae0000)
 PSPermGen       total 40256K, used 17648K [0x00000006fb400000, 0x00000006fdb50000, 0x0000000700600000)
  object space 40256K, 43% used [0x00000006fb400000,0x00000006fc53c3e8,0x00000006fdb50000)
}

Deoptimization events (10 events):
Event: 3.759 Thread 0x00000000135e9800 Uncommon trap -83 fr.pc 0x00000000022bc1c4
Event: 3.804 Thread 0x0000000018fbc800 Uncommon trap -83 fr.pc 0x00000000022bbdb4
Event: 3.851 Thread 0x0000000018fbc800 Uncommon trap -83 fr.pc 0x00000000022bba04
Event: 3.867 Thread 0x0000000018fbc800 Uncommon trap -83 fr.pc 0x000000000231a628
Event: 3.915 Thread 0x0000000018fbc800 Uncommon trap -83 fr.pc 0x000000000231fec8
Event: 3.943 Thread 0x0000000018fbc800 Uncommon trap -83 fr.pc 0x00000000022de960
Event: 4.127 Thread 0x0000000019018800 Uncommon trap -34 fr.pc 0x00000000023361f8
Event: 4.127 Thread 0x0000000019018800 Uncommon trap -34 fr.pc 0x00000000023361f8
Event: 4.127 Thread 0x0000000019018800 Uncommon trap -34 fr.pc 0x00000000023361f8
Event: 4.127 Thread 0x0000000019018800 Uncommon trap -34 fr.pc 0x00000000023361f8

Internal exceptions (10 events):
Event: 3.953 Thread 0x0000000018fbc800 Threw 0x00000007ae22a248 at C:\jdk7u1_64p\jdk7u7\hotspot\src\share\vm\prims\jvm.cpp:1166
Event: 3.985 Thread 0x0000000018fbc800 Threw 0x00000007ae3618c0 at C:\jdk7u1_64p\jdk7u7\hotspot\src\share\vm\prims\jvm.cpp:1166
Event: 3.986 Thread 0x0000000018fbc800 Threw 0x00000007ae364690 at C:\jdk7u1_64p\jdk7u7\hotspot\src\share\vm\prims\jvm.cpp:1166
Event: 3.988 Thread 0x0000000018fbc800 Threw 0x00000007ae374af8 at C:\jdk7u1_64p\jdk7u7\hotspot\src\share\vm\prims\jvm.cpp:1166
Event: 3.988 Thread 0x0000000018fbc800 Threw 0x00000007ae3778c8 at C:\jdk7u1_64p\jdk7u7\hotspot\src\share\vm\prims\jvm.cpp:1166
Event: 3.989 Thread 0x0000000018fbc800 Threw 0x00000007ae37aa78 at C:\jdk7u1_64p\jdk7u7\hotspot\src\share\vm\prims\jvm.cpp:1166
Event: 3.990 Thread 0x0000000018fbc800 Threw 0x00000007ae37d848 at C:\jdk7u1_64p\jdk7u7\hotspot\src\share\vm\prims\jvm.cpp:1166
Event: 4.105 Thread 0x0000000019018800 Threw 0x00000007ae8f2158 at C:\jdk7u1_64p\jdk7u7\hotspot\src\share\vm\prims\jvm.cpp:1166
Event: 4.109 Thread 0x0000000019018800 Threw 0x00000007ae9029e8 at C:\jdk7u1_64p\jdk7u7\hotspot\src\share\vm\prims\jvm.cpp:1166
Event: 4.309 Thread 0x0000000019018800 Threw 0x00000007acb35928 at C:\jdk7u1_64p\jdk7u7\hotspot\src\share\vm\prims\jvm.cpp:1166

Events (10 events):
Event: 8.749 loading class 0x00000000133c4fe0
Event: 8.749 loading class 0x00000000133c4fe0 done
Event: 8.950 loading class 0x00000000133477c0
Event: 8.950 loading class 0x00000000133477c0 done
Event: 9.226 Executing VM operation: RevokeBias
Event: 9.226 Executing VM operation: RevokeBias done
Event: 10.018 Executing VM operation: ParallelGCFailedAllocation
Event: 10.062 Executing VM operation: ParallelGCFailedAllocation done
Event: 10.339 loading class 0x0000000013455bf0
Event: 10.339 loading class 0x0000000013455bf0 done


Dynamic libraries:
0x000007f617cb0000 - 0x000007f617ce4000 	F:\Program Files\Java\Jre7\bin\javaw.exe
0x000007fe83490000 - 0x000007fe8364e000 	C:\WINDOWS\SYSTEM32\ntdll.dll
0x000007fe83350000 - 0x000007fe83486000 	C:\WINDOWS\system32\KERNEL32.DLL
0x000007fe80580000 - 0x000007fe80673000 	C:\WINDOWS\system32\KERNELBASE.dll
0x000007fe82eb0000 - 0x000007fe82f8e000 	C:\WINDOWS\system32\ADVAPI32.dll
0x000007fe80a10000 - 0x000007fe80b5c000 	C:\WINDOWS\system32\USER32.dll
0x000007fe7db90000 - 0x000007fe7ddf9000 	C:\WINDOWS\WinSxS\amd64_microsoft.windows.common-controls_6595b64144ccf1df_6.0.9200.16384_none_418c2a697189c07f\COMCTL32.dll
0x000007fe82890000 - 0x000007fe82935000 	C:\WINDOWS\system32\msvcrt.dll
0x000007fe82840000 - 0x000007fe82888000 	C:\WINDOWS\SYSTEM32\sechost.dll
0x000007fe82970000 - 0x000007fe82ab0000 	C:\WINDOWS\system32\RPCRT4.dll
0x000007fe82ab0000 - 0x000007fe82bf0000 	C:\WINDOWS\system32\GDI32.dll
0x000007fe80b60000 - 0x000007fe80b99000 	C:\WINDOWS\system32\IMM32.DLL
0x000007fe82720000 - 0x000007fe82835000 	C:\WINDOWS\system32\MSCTF.dll
0x000007fe80380000 - 0x000007fe80388000 	C:\PROGRA~2\NVIDIA~1\3DVISI~1\NVSTIN~1.DLL
0x000007fe82940000 - 0x000007fe82947000 	C:\WINDOWS\system32\PSAPI.DLL
0x000000006acd0000 - 0x000000006ad73000 	C:\WINDOWS\WinSxS\amd64_microsoft.vc90.crt_1fc8b3b9a1e18e3b_9.0.30729.6871_none_08e717a5a83adddf\MSVCR90.dll
0x0000000069bb0000 - 0x0000000069c81000 	F:\Program Files\Java\Jre7\bin\msvcr100.dll
0x0000000068a20000 - 0x000000006913f000 	F:\Program Files\Java\Jre7\bin\server\jvm.dll
0x000007fe78b00000 - 0x000007fe78b09000 	C:\WINDOWS\SYSTEM32\WSOCK32.dll
0x000007fe7de20000 - 0x000007fe7de40000 	C:\WINDOWS\SYSTEM32\WINMM.dll
0x000007fe826a0000 - 0x000007fe826f8000 	C:\WINDOWS\system32\WS2_32.dll
0x000007fe7d3c0000 - 0x000007fe7d3f2000 	C:\WINDOWS\SYSTEM32\WINMMBASE.dll
0x000007fe82700000 - 0x000007fe82709000 	C:\WINDOWS\system32\NSI.dll
0x0000000069ba0000 - 0x0000000069baf000 	F:\Program Files\Java\Jre7\bin\verify.dll
0x0000000069b70000 - 0x0000000069b98000 	F:\Program Files\Java\Jre7\bin\java.dll
0x0000000069b50000 - 0x0000000069b65000 	F:\Program Files\Java\Jre7\bin\zip.dll
0x0000000068880000 - 0x0000000068a13000 	F:\Program Files\Java\Jre7\bin\awt.dll
0x000007fe808e0000 - 0x000007fe809a3000 	C:\WINDOWS\system32\OLEAUT32.dll
0x000007fe80ba0000 - 0x000007fe80d50000 	C:\WINDOWS\system32\combase.dll
0x000007fe7a5b0000 - 0x000007fe7a64f000 	C:\WINDOWS\system32\apphelp.dll
0x000007fe7e2c0000 - 0x000007fe7e2e1000 	C:\WINDOWS\system32\DWMAPI.DLL
0x000007fe7f180000 - 0x000007fe7f263000 	C:\WINDOWS\system32\uxtheme.dll
0x000007fe7a660000 - 0x000007fe7a6f5000 	C:\Program Files\Common Files\microsoft shared\ink\tiptsf.dll
0x000007fe80eb0000 - 0x000007fe8102e000 	C:\WINDOWS\system32\ole32.dll
0x000007fe801d0000 - 0x000007fe801da000 	C:\WINDOWS\SYSTEM32\CRYPTBASE.dll
0x000007fe80170000 - 0x000007fe801cc000 	C:\WINDOWS\SYSTEM32\bcryptPrimitives.dll
0x000007fe6ef80000 - 0x000007fe6f180000 	C:\WINDOWS\system32\d3d9.dll
0x000007fe7e110000 - 0x000007fe7e119000 	C:\WINDOWS\SYSTEM32\VERSION.dll
0x000007fe5c060000 - 0x000007fe5d1e0000 	C:\WINDOWS\SYSTEM32\nvd3dumx.dll
0x000007fe80270000 - 0x000007fe802b3000 	C:\WINDOWS\SYSTEM32\powrprof.dll
0x0000000180000000 - 0x0000000180116000 	C:\Program Files (x86)\NVIDIA Corporation\3D Vision\nvSCPAPI64.dll
0x000007fe82f90000 - 0x000007fe83160000 	C:\WINDOWS\system32\SETUPAPI.dll
0x000007fe7dab0000 - 0x000007fe7db24000 	C:\WINDOWS\SYSTEM32\dxgi.dll
0x000007fe81050000 - 0x000007fe82338000 	C:\WINDOWS\system32\SHELL32.dll
0x000007fe80680000 - 0x000007fe806cf000 	C:\WINDOWS\system32\CFGMGR32.dll
0x000007fe808b0000 - 0x000007fe808d2000 	C:\WINDOWS\system32\DEVOBJ.dll
0x000007fe83300000 - 0x000007fe83350000 	C:\WINDOWS\system32\SHLWAPI.dll
0x000007fe7ceb0000 - 0x000007fe7d172000 	C:\WINDOWS\SYSTEM32\nvapi64.dll
0x000007fe80520000 - 0x000007fe80575000 	C:\WINDOWS\system32\WINTRUST.dll
0x000007fe806d0000 - 0x000007fe808a7000 	C:\WINDOWS\system32\CRYPT32.dll
0x000007fe80450000 - 0x000007fe80466000 	C:\WINDOWS\system32\MSASN1.dll
0x000007fe7d400000 - 0x000007fe7d41f000 	C:\WINDOWS\SYSTEM32\DXGIDebug.dll
0x000007fe7f550000 - 0x000007fe7f5e6000 	C:\WINDOWS\SYSTEM32\shcore.dll
0x0000000068840000 - 0x0000000068874000 	F:\Program Files\Java\Jre7\bin\fontmanager.dll
0x0000000069b30000 - 0x0000000069b49000 	F:\Program Files\Java\Jre7\bin\net.dll
0x000007fe7fbe0000 - 0x000007fe7fc3c000 	C:\WINDOWS\system32\mswsock.dll
0x0000000069b10000 - 0x0000000069b21000 	F:\Program Files\Java\Jre7\bin\nio.dll
0x00000000687f0000 - 0x0000000068831000 	F:\Program Files\Java\Jre7\bin\t2k.dll
0x000007fe82bf0000 - 0x000007fe82c86000 	C:\WINDOWS\SYSTEM32\clbcatq.dll
0x000007fe7df80000 - 0x000007fe7e10a000 	C:\WINDOWS\SYSTEM32\WindowsCodecs.dll
0x000007fe803a0000 - 0x000007fe803b5000 	C:\WINDOWS\SYSTEM32\profapi.dll
0x0000000069ed0000 - 0x0000000069f68000 	C:\Windows\System32\msvcp100.dll
0x000007fe692b0000 - 0x000007fe69508000 	C:\opencv\build\x64\vc10\bin\opencv_core243.dll
0x000007fe6cc80000 - 0x000007fe6cd15000 	C:\Users\Jonas\AppData\Local\Temp\javacpp104659816143663\jniopencv_core.dll
0x000007fe68b50000 - 0x000007fe68df5000 	C:\opencv\build\x64\vc10\bin\opencv_imgproc243.dll
0x000007fe77cd0000 - 0x000007fe77d18000 	C:\Users\Jonas\AppData\Local\Temp\javacpp104659816143663\jniopencv_imgproc.dll
0x0000000066840000 - 0x00000000675ca000 	C:\opencv\build\x64\vc10\bin\opencv_ffmpeg243_64.dll
0x000007fe68900000 - 0x000007fe68b4b000 	C:\opencv\build\x64\vc10\bin\opencv_highgui243.dll
0x000007fe77d80000 - 0x000007fe77da0000 	C:\WINDOWS\SYSTEM32\AVIFIL32.dll
0x000007fe77630000 - 0x000007fe77659000 	C:\WINDOWS\SYSTEM32\MSVFW32.dll
0x000007fe77d60000 - 0x000007fe77d77000 	C:\WINDOWS\SYSTEM32\AVICAP32.dll
0x000007fe677e0000 - 0x000007fe677f9000 	C:\WINDOWS\SYSTEM32\MSACM32.dll
0x000007fe77cb0000 - 0x000007fe77cc3000 	C:\Users\Jonas\AppData\Local\Temp\javacpp104659816143663\jniopencv_highgui.dll
0x000007fe77610000 - 0x000007fe77627000 	C:\Windows\System32\devenum.dll
0x000007fe796e0000 - 0x000007fe7970e000 	C:\WINDOWS\SYSTEM32\ntmarta.dll
0x000007fe7a500000 - 0x000007fe7a50d000 	C:\WINDOWS\SYSTEM32\msdmo.dll
0x000007fe774e0000 - 0x000007fe7750f000 	C:\Windows\System32\qcap.dll
0x000007fe69ef0000 - 0x000007fe6a0a8000 	C:\Windows\System32\quartz.dll
0x000007fe70270000 - 0x000007fe702af000 	C:\Windows\System32\ksproxy.ax
0x000007fe6d940000 - 0x000007fe6d947000 	C:\Windows\System32\ksuser.dll
0x000007fe794c0000 - 0x000007fe794cc000 	C:\Windows\System32\vidcap.ax
0x000007fe70210000 - 0x000007fe70234000 	C:\Windows\System32\kswdmcap.ax
0x000007fe6bb50000 - 0x000007fe6bca4000 	C:\Windows\System32\MFC42.dll
0x000007fe6e770000 - 0x000007fe6e82e000 	C:\Windows\System32\ODBC32.dll
0x000007fe6cbe0000 - 0x000007fe6cc75000 	C:\Windows\System32\qedit.dll
0x000007fe823b0000 - 0x000007fe82451000 	C:\WINDOWS\system32\COMDLG32.dll
0x000007fe83160000 - 0x000007fe83300000 	C:\WINDOWS\WinSxS\amd64_microsoft.windows.gdiplus_6595b64144ccf1df_1.1.9200.16384_none_72771d4ecc1c3a4d\gdiplus.dll
0x000007fe67cd0000 - 0x000007fe67dba000 	C:\WINDOWS\SYSTEM32\DDRAW.dll
0x000007fe7d1b0000 - 0x000007fe7d1b8000 	C:\WINDOWS\SYSTEM32\DCIMAN32.dll
0x000007fe7d2d0000 - 0x000007fe7d339000 	C:\WINDOWS\SYSTEM32\oleacc.dll
0x00000000687c0000 - 0x00000000687ea000 	F:\Program Files\Java\Jre7\bin\dcpr.dll
0x000007fe6c260000 - 0x000007fe6c3c3000 	C:\WINDOWS\SYSTEM32\dbghelp.dll

VM Arguments:
jvm_args: -Dfile.encoding=Cp1252 
java_command: emcscanner.kth.se.Program
Launcher Type: SUN_STANDARD

Environment Variables:
PATH=C:\Program Files (x86)\NVIDIA Corporation\PhysX\Common;C:\WINDOWS\system32;C:\WINDOWS;C:\WINDOWS\System32\Wbem;C:\WINDOWS\System32\WindowsPowerShell\v1.0\;C:\Program Files (x86)\Microsoft SQL Server\90\Tools\binn\;C:\Program Files (x86)\Autodesk\Backburner\;F:\Program Files\MATLAB\R2012a\runtime\win64;F:\Program Files\MATLAB\R2012a\bin;C:\Program Files\Internet Explorer;C:\Program Files\Perforce;F:\Program Files\Perforce;C:\Program Files\Microsoft\Web Platform Installer\;C:\Program Files (x86)\Microsoft ASP.NET\ASP.NET Web Pages\v1.0\;C:\Program Files (x86)\Windows Kits\8.0\Windows Performance Toolkit\;C:\Program Files\Microsoft SQL Server\110\Tools\Binn\;F:\Program Files\Perforce\Server
USERNAME=Jonas
OS=Windows_NT
PROCESSOR_IDENTIFIER=Intel64 Family 6 Model 42 Stepping 7, GenuineIntel



---------------  S Y S T E M  ---------------

OS: Windows 8 , 64 bit Build 9200 

CPU:total 8 (4 cores per cpu, 2 threads per core) family 6 model 42 stepping 7, cmov, cx8, fxsr, mmx, sse, sse2, sse3, ssse3, sse4.1, sse4.2, popcnt, avx, ht, tsc, tscinvbit

Memory: 4k page, physical 16751668k(11532688k free), swap 33528884k(25796412k free)

vm_info: Java HotSpot(TM) 64-Bit Server VM (23.3-b01) for windows-amd64 JRE (1.7.0_07-b11), built on Sep  7 2012 01:19:25 by "java_re" with unknown MS VC++:1600

time: Wed Jan 23 01:38:51 2013
elapsed time: 11 seconds

