#
# A fatal error has been detected by the Java Runtime Environment:
#
#  EXCEPTION_ACCESS_VIOLATION (0xc0000005) at pc=0x000000000300180a, pid=8880, tid=5700
#
# JRE version: 7.0_07-b11
# Java VM: Java HotSpot(TM) 64-Bit Server VM (23.3-b01 mixed mode windows-amd64 compressed oops)
# Problematic frame:
# J  com.googlecode.javacv.cpp.opencv_core$IplImage.flipCopyWithGamma(Ljava/nio/ByteBuffer;ILjava/nio/ByteBuffer;IZDZI)V
#
# Failed to write core dump. Minidumps are not enabled by default on client versions of Windows
#
# If you would like to submit a bug report, please visit:
#   http://bugreport.sun.com/bugreport/crash.jsp
#

---------------  T H R E A D  ---------------

Current thread (0x000000001416f800):  JavaThread "threadDisplayCamera" daemon [_thread_in_Java, id=5700, stack(0x0000000016c40000,0x0000000016d40000)]

siginfo: ExceptionCode=0xc0000005, reading address 0x0000000019971000

Registers:
RAX=0x0000000000000094, RBX=0x00000000005eec00, RCX=0x0000000000000000, RDX=0x0000000019698050
RSP=0x0000000016d3f0f0, RBP=0x00000007d5d28098, RSI=0x000000070c890de0, RDI=0x00000000005eec00
R8 =0x00000000002d8fb0, R9 =0x00000000002d8fb1, R10=0x000000000000167f, R11=0x00000000005eec00
R12=0x0000000000000000, R13=0x00000000002d8fb0, R14=0x00000000000008af, R15=0x000000001416f800
RIP=0x000000000300180a, EFLAGS=0x0000000000010207

Top of Stack: (sp=0x0000000016d3f0f0)
0x0000000016d3f0f0:   00000007d5d28098 000000005eaa2021
0x0000000016d3f100:   0000000011a63848 0000000000000005
0x0000000016d3f110:   3ff0000000000000 00000007d5d28020
0x0000000016d3f120:   00000007d5d28098 3ff0000000000000
0x0000000016d3f130:   002d870000000000 df6ab9ce002d8700
0x0000000016d3f140:   00001680df6c65d4 0000000000001680
0x0000000016d3f150:   00000007d5d280c8 00001680ffffffff
0x0000000016d3f160:   00000007d5d28098 00000007d5d28020
0x0000000016d3f170:   00000007e19121bc 0000000002f628d9
0x0000000016d3f180:   00000006fb5556b8 00000007d5d27f20
0x0000000016d3f190:   000000070c890de0 0000000003043c7c
0x0000000016d3f1a0:   0000000016d3f258 0000000002f561f8
0x0000000016d3f1b0:   0000000000000000 0000000000000000
0x0000000016d3f1c0:   00000006fbb3f7a8 0000000002f561f8
0x0000000016d3f1d0:   0000000000000000 0000000000000000
0x0000000016d3f1e0:   3ff0000000000000 0000000002f563d3 

Instructions: (pc=0x000000000300180a)
0x00000000030017ea:   10 44 3b c7 0f 8d 26 01 00 00 45 8b c8 41 ff c1
0x00000000030017fa:   44 89 4d 18 48 8b 6c 24 70 44 8b 6d 18 4d 63 c0
0x000000000300180a:   42 0f b6 04 02 44 3b eb 0f 8d 32 01 00 00 45 8b
0x000000000300181a:   cd 44 03 c9 41 ff c5 44 89 6d 18 45 3b cb 0f 83 


Register to memory mapping:

RAX=0x0000000000000094 is an unknown value
RBX=0x00000000005eec00 is an unknown value
RCX=0x0000000000000000 is an unknown value
RDX=0x0000000019698050 is an unknown value
RSP=0x0000000016d3f0f0 is pointing into the stack for thread: 0x000000001416f800
RBP=0x00000007d5d28098 is an oop
java.nio.HeapByteBuffer 
 - klass: 'java/nio/HeapByteBuffer'
RSI=0x000000070c890de0 is an oop
[B 
 - klass: {type array byte}
 - length: 6220800
RDI=0x00000000005eec00 is an unknown value
R8 =0x00000000002d8fb0 is an unknown value
R9 =0x00000000002d8fb1 is an unknown value
R10=0x000000000000167f is an unknown value
R11=0x00000000005eec00 is an unknown value
R12=0x0000000000000000 is an unknown value
R13=0x00000000002d8fb0 is an unknown value
R14=0x00000000000008af is an unknown value
R15=0x000000001416f800 is a thread


Stack: [0x0000000016c40000,0x0000000016d40000],  sp=0x0000000016d3f0f0,  free space=1020k
Native frames: (J=compiled Java code, j=interpreted, Vv=VM code, C=native code)
J  com.googlecode.javacv.cpp.opencv_core$IplImage.flipCopyWithGamma(Ljava/nio/ByteBuffer;ILjava/nio/ByteBuffer;IZDZI)V


---------------  P R O C E S S  ---------------

Java Threads: ( => current thread )
  0x00000000154dd000 JavaThread "ICEpdf-pagePainter" daemon [_thread_blocked, id=256, stack(0x0000000028a70000,0x0000000028b70000)]
  0x00000000154d9000 JavaThread "ICEpdf-pageInitializer" daemon [_thread_blocked, id=8400, stack(0x0000000028840000,0x0000000028940000)]
  0x00000000154d8800 JavaThread "DestroyJavaVM" [_thread_blocked, id=5004, stack(0x0000000002c30000,0x0000000002d30000)]
  0x00000000154d7800 JavaThread "D3D Screen Updater" daemon [_thread_blocked, id=8564, stack(0x0000000026400000,0x0000000026500000)]
  0x00000000154d7000 JavaThread "TimerQueue" daemon [_thread_blocked, id=6568, stack(0x0000000024c50000,0x0000000024d50000)]
  0x0000000014fa6800 JavaThread "threadDisplayDensity" daemon [_thread_blocked, id=3656, stack(0x000000001ff60000,0x0000000020060000)]
  0x0000000014fa5000 JavaThread "AWT-EventQueue-0" [_thread_in_native, id=7396, stack(0x000000001e380000,0x000000001e480000)]
  0x0000000014fa4800 JavaThread "threadDisplay" daemon [_thread_blocked, id=7100, stack(0x000000001da80000,0x000000001db80000)]
  0x0000000014fa3000 JavaThread "threadDisplay" daemon [_thread_blocked, id=368, stack(0x000000001c110000,0x000000001c210000)]
  0x0000000015452800 JavaThread "AWT-Shutdown" [_thread_blocked, id=4560, stack(0x0000000016d40000,0x0000000016e40000)]
=>0x000000001416f800 JavaThread "threadDisplayCamera" daemon [_thread_in_Java, id=5700, stack(0x0000000016c40000,0x0000000016d40000)]
  0x0000000014170800 JavaThread "AWT-Windows" daemon [_thread_in_native, id=9192, stack(0x0000000014a60000,0x0000000014b60000)]
  0x000000001416e800 JavaThread "Java2D Disposer" daemon [_thread_blocked, id=1636, stack(0x0000000014860000,0x0000000014960000)]
  0x0000000011a72800 JavaThread "Service Thread" daemon [_thread_blocked, id=7980, stack(0x0000000013e60000,0x0000000013f60000)]
  0x0000000011a6f800 JavaThread "C2 CompilerThread1" daemon [_thread_blocked, id=1504, stack(0x0000000013d60000,0x0000000013e60000)]
  0x0000000011a69000 JavaThread "C2 CompilerThread0" daemon [_thread_blocked, id=7316, stack(0x0000000013c60000,0x0000000013d60000)]
  0x0000000011a67800 JavaThread "Attach Listener" daemon [_thread_blocked, id=8016, stack(0x0000000013b60000,0x0000000013c60000)]
  0x0000000011a5b000 JavaThread "Signal Dispatcher" daemon [_thread_blocked, id=3260, stack(0x0000000013a60000,0x0000000013b60000)]
  0x00000000119fe800 JavaThread "Finalizer" daemon [_thread_blocked, id=8248, stack(0x0000000013960000,0x0000000013a60000)]
  0x00000000119f7000 JavaThread "Reference Handler" daemon [_thread_blocked, id=8176, stack(0x0000000013860000,0x0000000013960000)]

Other Threads:
  0x00000000119f2000 VMThread [stack: 0x0000000013760000,0x0000000013860000] [id=4820]
  0x0000000011a8f000 WatcherThread [stack: 0x0000000013f60000,0x0000000014060000] [id=8272]

VM state:not at safepoint (normal execution)

VM Mutex/Monitor currently owned by a thread: None

Heap
 PSYoungGen      total 762752K, used 760665K [0x00000007aacb0000, 0x00000007e1510000, 0x0000000800000000)
  eden space 706560K, 99% used [0x00000007aacb0000,0x00000007d5d288c8,0x00000007d5eb0000)
  from space 56192K, 99% used [0x00000007d5eb0000,0x00000007d950deb8,0x00000007d9590000)
  to   space 62528K, 0% used [0x00000007dd800000,0x00000007dd800000,0x00000007e1510000)
 ParOldGen       total 321280K, used 205310K [0x0000000700600000, 0x0000000713fc0000, 0x00000007aacb0000)
  object space 321280K, 63% used [0x0000000700600000,0x000000070ce7f9f0,0x0000000713fc0000)
 PSPermGen       total 38144K, used 18541K [0x00000006fb400000, 0x00000006fd940000, 0x0000000700600000)
  object space 38144K, 48% used [0x00000006fb400000,0x00000006fc61b5c8,0x00000006fd940000)

Card table byte_map: [0x0000000006010000,0x0000000006840000] byte_map_base: 0x0000000002836000

Polling page: 0x0000000002bf0000

Code Cache  [0x0000000002f50000, 0x00000000031c0000, 0x0000000005f50000)
 total_blobs=1247 nmethods=654 adapters=543 free_code_cache=47061Kb largest_free_block=48149824

Compilation events (10 events):
Event: 76.191 Thread 0x0000000011a69000  660             java.awt.Component::isPreferredSizeSet (5 bytes)
Event: 76.191 Thread 0x0000000011a69000 nmethod 660 0x0000000003135f10 code [0x0000000003136040, 0x0000000003136098]
Event: 76.241 Thread 0x0000000011a6f800  661             java.awt.Container::validateTree (153 bytes)
Event: 76.244 Thread 0x0000000011a69000  662             javax.swing.SwingUtilities::getRootPane (43 bytes)
Event: 76.246 Thread 0x0000000011a69000 nmethod 662 0x0000000003135b90 code [0x0000000003135ce0, 0x0000000003135e18]
Event: 76.259 Thread 0x0000000011a6f800 nmethod 661 0x0000000003162510 code [0x00000000031627c0, 0x0000000003163b60]
Event: 76.298 Thread 0x0000000011a69000  663             java.lang.Math::max (12 bytes)
Event: 76.299 Thread 0x0000000011a69000 nmethod 663 0x000000000315f6d0 code [0x000000000315f800, 0x000000000315f858]
Event: 77.759 Thread 0x0000000011a6f800  664   !         java.awt.EventQueue::setCurrentEventAndMostRecentTimeImpl (169 bytes)
Event: 77.766 Thread 0x0000000011a6f800 nmethod 664 0x000000000315fa50 code [0x000000000315fc00, 0x0000000003160190]

GC Heap History (10 events):
Event: 71.647 GC heap before
{Heap before GC invocations=47 (full 3):
 PSYoungGen      total 756032K, used 751974K [0x00000007aacb0000, 0x00000007de330000, 0x0000000800000000)
  eden space 726016K, 99% used [0x00000007aacb0000,0x00000007d6dc3338,0x00000007d71b0000)
  from space 30016K, 99% used [0x00000007d9650000,0x00000007db396870,0x00000007db3a0000)
  to   space 48704K, 0% used [0x00000007db3a0000,0x00000007db3a0000,0x00000007de330000)
 ParOldGen       total 247680K, used 206586K [0x0000000700600000, 0x000000070f7e0000, 0x00000007aacb0000)
  object space 247680K, 83% used [0x0000000700600000,0x000000070cfbe8c8,0x000000070f7e0000)
 PSPermGen       total 39872K, used 18532K [0x00000006fb400000, 0x00000006fdaf0000, 0x0000000700600000)
  object space 39872K, 46% used [0x00000006fb400000,0x00000006fc619010,0x00000006fdaf0000)
Event: 71.662 GC heap after
Heap after GC invocations=47 (full 3):
 PSYoungGen      total 788032K, used 47532K [0x00000007aacb0000, 0x00000007e2480000, 0x0000000800000000)
  eden space 739328K, 0% used [0x00000007aacb0000,0x00000007aacb0000,0x00000007d7eb0000)
  from space 48704K, 97% used [0x00000007db3a0000,0x00000007de20b3e0,0x00000007de330000)
  to   space 54208K, 0% used [0x00000007d7eb0000,0x00000007d7eb0000,0x00000007db3a0000)
 ParOldGen       total 247680K, used 227655K [0x0000000700600000, 0x000000070f7e0000, 0x00000007aacb0000)
  object space 247680K, 91% used [0x0000000700600000,0x000000070e451de8,0x000000070f7e0000)
 PSPermGen       total 39872K, used 18532K [0x00000006fb400000, 0x00000006fdaf0000, 0x0000000700600000)
  object space 39872K, 46% used [0x00000006fb400000,0x00000006fc619010,0x00000006fdaf0000)
}
Event: 71.662 GC heap before
{Heap before GC invocations=48 (full 4):
 PSYoungGen      total 788032K, used 47532K [0x00000007aacb0000, 0x00000007e2480000, 0x0000000800000000)
  eden space 739328K, 0% used [0x00000007aacb0000,0x00000007aacb0000,0x00000007d7eb0000)
  from space 48704K, 97% used [0x00000007db3a0000,0x00000007de20b3e0,0x00000007de330000)
  to   space 54208K, 0% used [0x00000007d7eb0000,0x00000007d7eb0000,0x00000007db3a0000)
 ParOldGen       total 247680K, used 227655K [0x0000000700600000, 0x000000070f7e0000, 0x00000007aacb0000)
  object space 247680K, 91% used [0x0000000700600000,0x000000070e451de8,0x000000070f7e0000)
 PSPermGen       total 39872K, used 18532K [0x00000006fb400000, 0x00000006fdaf0000, 0x0000000700600000)
  object space 39872K, 46% used [0x00000006fb400000,0x00000006fc619010,0x00000006fdaf0000)
Event: 71.694 GC heap after
Heap after GC invocations=48 (full 4):
 PSYoungGen      total 788032K, used 0K [0x00000007aacb0000, 0x00000007e2480000, 0x0000000800000000)
  eden space 739328K, 0% used [0x00000007aacb0000,0x00000007aacb0000,0x00000007d7eb0000)
  from space 48704K, 0% used [0x00000007db3a0000,0x00000007db3a0000,0x00000007de330000)
  to   space 54208K, 0% used [0x00000007d7eb0000,0x00000007d7eb0000,0x00000007db3a0000)
 ParOldGen       total 321280K, used 72315K [0x0000000700600000, 0x0000000713fc0000, 0x00000007aacb0000)
  object space 321280K, 22% used [0x0000000700600000,0x0000000704c9ef90,0x0000000713fc0000)
 PSPermGen       total 38144K, used 18531K [0x00000006fb400000, 0x00000006fd940000, 0x0000000700600000)
  object space 38144K, 48% used [0x00000006fb400000,0x00000006fc618e70,0x00000006fd940000)
}
Event: 73.231 GC heap before
{Heap before GC invocations=49 (full 4):
 PSYoungGen      total 788032K, used 737177K [0x00000007aacb0000, 0x00000007e2480000, 0x0000000800000000)
  eden space 739328K, 99% used [0x00000007aacb0000,0x00000007d7c96480,0x00000007d7eb0000)
  from space 48704K, 0% used [0x00000007db3a0000,0x00000007db3a0000,0x00000007de330000)
  to   space 54208K, 0% used [0x00000007d7eb0000,0x00000007d7eb0000,0x00000007db3a0000)
 ParOldGen       total 321280K, used 72315K [0x0000000700600000, 0x0000000713fc0000, 0x00000007aacb0000)
  object space 321280K, 22% used [0x0000000700600000,0x0000000704c9ef90,0x0000000713fc0000)
 PSPermGen       total 38144K, used 18532K [0x00000006fb400000, 0x00000006fd940000, 0x0000000700600000)
  object space 38144K, 48% used [0x00000006fb400000,0x00000006fc619260,0x00000006fd940000)
Event: 73.239 GC heap after
Heap after GC invocations=49 (full 4):
 PSYoungGen      total 748288K, used 37153K [0x00000007aacb0000, 0x00000007dcd40000, 0x0000000800000000)
  eden space 711104K, 0% used [0x00000007aacb0000,0x00000007aacb0000,0x00000007d6320000)
  from space 37184K, 99% used [0x00000007d7eb0000,0x00000007da2f8540,0x00000007da300000)
  to   space 43264K, 0% used [0x00000007da300000,0x00000007da300000,0x00000007dcd40000)
 ParOldGen       total 321280K, used 72315K [0x0000000700600000, 0x0000000713fc0000, 0x00000007aacb0000)
  object space 321280K, 22% used [0x0000000700600000,0x0000000704c9ef90,0x0000000713fc0000)
 PSPermGen       total 38144K, used 18532K [0x00000006fb400000, 0x00000006fd940000, 0x0000000700600000)
  object space 38144K, 48% used [0x00000006fb400000,0x00000006fc619260,0x00000006fd940000)
}
Event: 74.860 GC heap before
{Heap before GC invocations=50 (full 4):
 PSYoungGen      total 748288K, used 744527K [0x00000007aacb0000, 0x00000007dcd40000, 0x0000000800000000)
  eden space 711104K, 99% used [0x00000007aacb0000,0x00000007d5f7b860,0x00000007d6320000)
  from space 37184K, 99% used [0x00000007d7eb0000,0x00000007da2f8540,0x00000007da300000)
  to   space 43264K, 0% used [0x00000007da300000,0x00000007da300000,0x00000007dcd40000)
 ParOldGen       total 321280K, used 72315K [0x0000000700600000, 0x0000000713fc0000, 0x00000007aacb0000)
  object space 321280K, 22% used [0x0000000700600000,0x0000000704c9ef90,0x0000000713fc0000)
 PSPermGen       total 38144K, used 18540K [0x00000006fb400000, 0x00000006fd940000, 0x0000000700600000)
  object space 38144K, 48% used [0x00000006fb400000,0x00000006fc61b1d0,0x00000006fd940000)
Event: 74.869 GC heap after
Heap after GC invocations=50 (full 4):
 PSYoungGen      total 726656K, used 42420K [0x00000007aacb0000, 0x00000007dcc70000, 0x0000000800000000)
  eden space 684224K, 0% used [0x00000007aacb0000,0x00000007aacb0000,0x00000007d48e0000)
  from space 42432K, 99% used [0x00000007da300000,0x00000007dcc6d388,0x00000007dcc70000)
  to   space 56192K, 0% used [0x00000007d5eb0000,0x00000007d5eb0000,0x00000007d9590000)
 ParOldGen       total 321280K, used 86166K [0x0000000700600000, 0x0000000713fc0000, 0x00000007aacb0000)
  object space 321280K, 26% used [0x0000000700600000,0x0000000705a25860,0x0000000713fc0000)
 PSPermGen       total 38144K, used 18540K [0x00000006fb400000, 0x00000006fd940000, 0x0000000700600000)
  object space 38144K, 48% used [0x00000006fb400000,0x00000006fc61b1d0,0x00000006fd940000)
}
Event: 76.445 GC heap before
{Heap before GC invocations=51 (full 4):
 PSYoungGen      total 726656K, used 725157K [0x00000007aacb0000, 0x00000007dcc70000, 0x0000000800000000)
  eden space 684224K, 99% used [0x00000007aacb0000,0x00000007d476c118,0x00000007d48e0000)
  from space 42432K, 99% used [0x00000007da300000,0x00000007dcc6d388,0x00000007dcc70000)
  to   space 56192K, 0% used [0x00000007d5eb0000,0x00000007d5eb0000,0x00000007d9590000)
 ParOldGen       total 321280K, used 88191K [0x0000000700600000, 0x0000000713fc0000, 0x00000007aacb0000)
  object space 321280K, 27% used [0x0000000700600000,0x0000000705c1fc70,0x0000000713fc0000)
 PSPermGen       total 38144K, used 18541K [0x00000006fb400000, 0x00000006fd940000, 0x0000000700600000)
  object space 38144K, 48% used [0x00000006fb400000,0x00000006fc61b520,0x00000006fd940000)
Event: 76.458 GC heap after
Heap after GC invocations=51 (full 4):
 PSYoungGen      total 762752K, used 55671K [0x00000007aacb0000, 0x00000007e1510000, 0x0000000800000000)
  eden space 706560K, 0% used [0x00000007aacb0000,0x00000007aacb0000,0x00000007d5eb0000)
  from space 56192K, 99% used [0x00000007d5eb0000,0x00000007d950deb8,0x00000007d9590000)
  to   space 62528K, 0% used [0x00000007dd800000,0x00000007dd800000,0x00000007e1510000)
 ParOldGen       total 321280K, used 122443K [0x0000000700600000, 0x0000000713fc0000, 0x00000007aacb0000)
  object space 321280K, 38% used [0x0000000700600000,0x0000000707d92d80,0x0000000713fc0000)
 PSPermGen       total 38144K, used 18541K [0x00000006fb400000, 0x00000006fd940000, 0x0000000700600000)
  object space 38144K, 48% used [0x00000006fb400000,0x00000006fc61b520,0x00000006fd940000)
}

Deoptimization events (10 events):
Event: 11.136 Thread 0x0000000014fa5000 Uncommon trap -12 fr.pc 0x0000000003088c78
Event: 20.004 Thread 0x0000000014fa5000 Uncommon trap -83 fr.pc 0x00000000030c3f04
Event: 20.776 Thread 0x0000000014fa5000 Uncommon trap -12 fr.pc 0x0000000003045104
Event: 57.780 Thread 0x0000000014fa5000 Uncommon trap -34 fr.pc 0x00000000030f79cc
Event: 57.788 Thread 0x0000000014fa5000 Uncommon trap -34 fr.pc 0x00000000030f79cc
Event: 57.791 Thread 0x0000000014fa5000 Uncommon trap -34 fr.pc 0x00000000030f79cc
Event: 57.795 Thread 0x0000000014fa5000 Uncommon trap -34 fr.pc 0x00000000030f79cc
Event: 62.245 Thread 0x0000000014fa5000 Uncommon trap -83 fr.pc 0x00000000030ad338
Event: 62.246 Thread 0x0000000014fa5000 Uncommon trap -83 fr.pc 0x00000000030fdbf4
Event: 62.267 Thread 0x0000000014fa5000 Uncommon trap -83 fr.pc 0x00000000030c4050

Internal exceptions (10 events):
Event: 4.501 Thread 0x00000000154dd000 Threw 0x00000007b03c2180 at C:\jdk7u1_64p\jdk7u7\hotspot\src\share\vm\prims\jvm.cpp:1166
Event: 11.136 Thread 0x0000000014fa5000 Implicit null exception at 0x0000000003088978 to 0x0000000003088c6c
Event: 20.776 Thread 0x0000000014fa5000 Implicit null exception at 0x0000000003044cc4 to 0x00000000030450f9
Event: 26.785 Thread 0x0000000014fa5000 Threw 0x00000007dc807820 at C:\jdk7u1_64p\jdk7u7\hotspot\src\share\vm\prims\jvm.cpp:1166
Event: 26.786 Thread 0x0000000014fa5000 Threw 0x00000007dc80cdf0 at C:\jdk7u1_64p\jdk7u7\hotspot\src\share\vm\prims\jvm.cpp:1166
Event: 26.787 Thread 0x0000000014fa5000 Threw 0x00000007dc815e48 at C:\jdk7u1_64p\jdk7u7\hotspot\src\share\vm\prims\jni.cpp:742
Event: 26.787 Thread 0x0000000014fa5000 Threw 0x00000007dc815e48 at C:\jdk7u1_64p\jdk7u7\hotspot\src\share\vm\prims\jvm.cpp:1170
Event: 26.787 Thread 0x0000000014fa5000 Threw 0x00000007dc815e48 at C:\jdk7u1_64p\jdk7u7\hotspot\src\share\vm\prims\jvm.cpp:1170
Event: 62.139 Thread 0x0000000014fa5000 Threw 0x00000007aeb78220 at C:\jdk7u1_64p\jdk7u7\hotspot\src\share\vm\prims\jvm.cpp:1166
Event: 62.245 Thread 0x0000000014fa5000 Implicit null exception at 0x00000000030ac84c to 0x00000000030ad301

Events (10 events):
Event: 76.266 Executing VM operation: RevokeBias
Event: 76.266 Executing VM operation: RevokeBias done
Event: 76.444 Executing VM operation: ParallelGCFailedAllocation
Event: 76.444 Executing VM operation: ParallelGCFailedAllocation done
Event: 76.444 Executing VM operation: ParallelGCSystemGC
Event: 76.458 Executing VM operation: ParallelGCSystemGC done
Event: 76.458 Executing VM operation: RevokeBias
Event: 76.459 Executing VM operation: RevokeBias done
Event: 76.459 Executing VM operation: RevokeBias
Event: 76.459 Executing VM operation: RevokeBias done


Dynamic libraries:
0x000007f798e80000 - 0x000007f798eb4000 	F:\Program Files\Java\Jre7\bin\javaw.exe
0x000007ffd0010000 - 0x000007ffd01ce000 	C:\WINDOWS\SYSTEM32\ntdll.dll
0x000007ffcd650000 - 0x000007ffcd786000 	C:\WINDOWS\system32\KERNEL32.DLL
0x000007ffcd360000 - 0x000007ffcd453000 	C:\WINDOWS\system32\KERNELBASE.dll
0x000007ffcdad0000 - 0x000007ffcdbae000 	C:\WINDOWS\system32\ADVAPI32.dll
0x000007ffcf8a0000 - 0x000007ffcf9ec000 	C:\WINDOWS\system32\USER32.dll
0x000007ffca740000 - 0x000007ffca9a9000 	C:\WINDOWS\WinSxS\amd64_microsoft.windows.common-controls_6595b64144ccf1df_6.0.9200.16384_none_418c2a697189c07f\COMCTL32.dll
0x000007ffcd940000 - 0x000007ffcd9e5000 	C:\WINDOWS\system32\msvcrt.dll
0x000007ffcd460000 - 0x000007ffcd4a8000 	C:\WINDOWS\SYSTEM32\sechost.dll
0x000007ffcf760000 - 0x000007ffcf8a0000 	C:\WINDOWS\system32\RPCRT4.dll
0x000007ffcdec0000 - 0x000007ffce000000 	C:\WINDOWS\system32\GDI32.dll
0x000007ffcda90000 - 0x000007ffcdac9000 	C:\WINDOWS\system32\IMM32.DLL
0x000007ffcf9f0000 - 0x000007ffcfb05000 	C:\WINDOWS\system32\MSCTF.dll
0x000007ffccf00000 - 0x000007ffccf08000 	C:\PROGRA~2\NVIDIA~1\3DVISI~1\NVSTIN~1.DLL
0x000007ffcda80000 - 0x000007ffcda87000 	C:\WINDOWS\system32\PSAPI.DLL
0x0000000061700000 - 0x00000000617a3000 	C:\WINDOWS\WinSxS\amd64_microsoft.vc90.crt_1fc8b3b9a1e18e3b_9.0.30729.6871_none_08e717a5a83adddf\MSVCR90.dll
0x000000005f150000 - 0x000000005f221000 	F:\Program Files\Java\Jre7\bin\msvcr100.dll
0x000000005ea30000 - 0x000000005f14f000 	F:\Program Files\Java\Jre7\bin\server\jvm.dll
0x000007ffc53f0000 - 0x000007ffc53f9000 	C:\WINDOWS\SYSTEM32\WSOCK32.dll
0x000007ffca070000 - 0x000007ffca090000 	C:\WINDOWS\SYSTEM32\WINMM.dll
0x000007ffcffb0000 - 0x000007ffd0008000 	C:\WINDOWS\system32\WS2_32.dll
0x000007ffc9f70000 - 0x000007ffc9fa2000 	C:\WINDOWS\SYSTEM32\WINMMBASE.dll
0x000007ffcfb10000 - 0x000007ffcfb19000 	C:\WINDOWS\system32\NSI.dll
0x000000005ea20000 - 0x000000005ea2f000 	F:\Program Files\Java\Jre7\bin\verify.dll
0x000000005e9f0000 - 0x000000005ea18000 	F:\Program Files\Java\Jre7\bin\java.dll
0x000000005e9d0000 - 0x000000005e9e5000 	F:\Program Files\Java\Jre7\bin\zip.dll
0x000000005e7c0000 - 0x000000005e953000 	F:\Program Files\Java\Jre7\bin\awt.dll
0x000007ffcdbb0000 - 0x000007ffcdc73000 	C:\WINDOWS\system32\OLEAUT32.dll
0x000007ffcd790000 - 0x000007ffcd940000 	C:\WINDOWS\system32\combase.dll
0x000007ffc7130000 - 0x000007ffc71cf000 	C:\WINDOWS\system32\apphelp.dll
0x000007ffcbd00000 - 0x000007ffcbde3000 	C:\WINDOWS\system32\uxtheme.dll
0x000007ffc71e0000 - 0x000007ffc7275000 	C:\Program Files\Common Files\microsoft shared\ink\tiptsf.dll
0x000007ffcae20000 - 0x000007ffcae41000 	C:\WINDOWS\SYSTEM32\dwmapi.dll
0x000007ffce000000 - 0x000007ffce17e000 	C:\WINDOWS\system32\ole32.dll
0x000007ffccd70000 - 0x000007ffccd7a000 	C:\WINDOWS\SYSTEM32\CRYPTBASE.dll
0x000007ffcccf0000 - 0x000007ffccd4c000 	C:\WINDOWS\SYSTEM32\bcryptPrimitives.dll
0x000007ffce470000 - 0x000007ffcf758000 	C:\WINDOWS\system32\SHELL32.dll
0x000007ffcff60000 - 0x000007ffcffb0000 	C:\WINDOWS\system32\SHLWAPI.dll
0x000007ffcc0d0000 - 0x000007ffcc166000 	C:\WINDOWS\SYSTEM32\shcore.dll
0x00000000605d0000 - 0x0000000060668000 	C:\Windows\System32\msvcp100.dll
0x000007ffb34d0000 - 0x000007ffb3728000 	C:\opencv\build\x64\vc10\bin\opencv_core243.dll
0x000007ffc3eb0000 - 0x000007ffc3f45000 	C:\Users\Jonas\AppData\Local\Temp\javacpp101226485189486\jniopencv_core.dll
0x000007ffb1440000 - 0x000007ffb16e5000 	C:\opencv\build\x64\vc10\bin\opencv_imgproc243.dll
0x000007ffc3e60000 - 0x000007ffc3ea8000 	C:\Users\Jonas\AppData\Local\Temp\javacpp101226485189486\jniopencv_imgproc.dll
0x0000000066840000 - 0x00000000675ca000 	C:\opencv\build\x64\vc10\bin\opencv_ffmpeg243_64.dll
0x000007ffb11f0000 - 0x000007ffb143b000 	C:\opencv\build\x64\vc10\bin\opencv_highgui243.dll
0x000007ffc9d70000 - 0x000007ffc9d90000 	C:\WINDOWS\SYSTEM32\AVIFIL32.dll
0x000007ffc69e0000 - 0x000007ffc6a09000 	C:\WINDOWS\SYSTEM32\MSVFW32.dll
0x000007ffc6a10000 - 0x000007ffc6a27000 	C:\WINDOWS\SYSTEM32\AVICAP32.dll
0x000007ffba340000 - 0x000007ffba359000 	C:\WINDOWS\SYSTEM32\MSACM32.dll
0x000007ffcacb0000 - 0x000007ffcacb9000 	C:\WINDOWS\SYSTEM32\VERSION.dll
0x000007ffc6800000 - 0x000007ffc6813000 	C:\Users\Jonas\AppData\Local\Temp\javacpp101226485189486\jniopencv_highgui.dll
0x000007ffce1b0000 - 0x000007ffce246000 	C:\WINDOWS\SYSTEM32\clbcatq.dll
0x000007ffc6790000 - 0x000007ffc67a7000 	C:\Windows\System32\devenum.dll
0x000007ffcdc80000 - 0x000007ffcde50000 	C:\WINDOWS\system32\setupapi.dll
0x000007ffcd020000 - 0x000007ffcd06f000 	C:\WINDOWS\system32\CFGMGR32.dll
0x000007ffccff0000 - 0x000007ffcd012000 	C:\WINDOWS\system32\DEVOBJ.dll
0x000007ffc5fd0000 - 0x000007ffc5ffe000 	C:\WINDOWS\SYSTEM32\ntmarta.dll
0x000007ffcd070000 - 0x000007ffcd0c5000 	C:\WINDOWS\system32\WINTRUST.dll
0x000007ffcd0d0000 - 0x000007ffcd2a7000 	C:\WINDOWS\system32\CRYPT32.dll
0x000007ffccfd0000 - 0x000007ffccfe6000 	C:\WINDOWS\system32\MSASN1.dll
0x000007ffc92d0000 - 0x000007ffc92dd000 	C:\WINDOWS\SYSTEM32\msdmo.dll
0x000007ffc3e30000 - 0x000007ffc3e5f000 	C:\Windows\System32\qcap.dll
0x000007ffb1900000 - 0x000007ffb1ab8000 	C:\Windows\System32\quartz.dll
0x000007ffbc4d0000 - 0x000007ffbc50f000 	C:\Windows\System32\ksproxy.ax
0x000007ffba390000 - 0x000007ffba397000 	C:\Windows\System32\ksuser.dll
0x000007ffbbc60000 - 0x000007ffbbe60000 	C:\Windows\System32\d3d9.dll
0x000007ffc7800000 - 0x000007ffc780c000 	C:\Windows\System32\vidcap.ax
0x000007ffbc4a0000 - 0x000007ffbc4c4000 	C:\Windows\System32\kswdmcap.ax
0x000007ffb6280000 - 0x000007ffb63d4000 	C:\Windows\System32\MFC42.dll
0x000007ffb9c50000 - 0x000007ffb9d0e000 	C:\Windows\System32\ODBC32.dll
0x000007ffb7f20000 - 0x000007ffb7fb5000 	C:\Windows\System32\qedit.dll
0x000007ffcfeb0000 - 0x000007ffcff51000 	C:\WINDOWS\system32\COMDLG32.dll
0x000007ffcd4b0000 - 0x000007ffcd650000 	C:\WINDOWS\WinSxS\amd64_microsoft.windows.gdiplus_6595b64144ccf1df_1.1.9200.16384_none_72771d4ecc1c3a4d\gdiplus.dll
0x000007ffb38f0000 - 0x000007ffb39da000 	C:\WINDOWS\SYSTEM32\DDRAW.dll
0x000007ffc7970000 - 0x000007ffc7978000 	C:\WINDOWS\SYSTEM32\DCIMAN32.dll
0x000000005e780000 - 0x000000005e7b4000 	F:\Program Files\Java\Jre7\bin\fontmanager.dll
0x000007ffb4b50000 - 0x000007ffb5cd0000 	C:\WINDOWS\SYSTEM32\nvd3dumx.dll
0x000007ffccdf0000 - 0x000007ffcce33000 	C:\WINDOWS\SYSTEM32\powrprof.dll
0x0000000180000000 - 0x0000000180116000 	C:\Program Files (x86)\NVIDIA Corporation\3D Vision\nvSCPAPI64.dll
0x000007ffca330000 - 0x000007ffca3a4000 	C:\WINDOWS\SYSTEM32\dxgi.dll
0x000007ffc9a40000 - 0x000007ffc9d02000 	C:\WINDOWS\SYSTEM32\nvapi64.dll
0x000007ffc9f50000 - 0x000007ffc9f6f000 	C:\WINDOWS\SYSTEM32\DXGIDebug.dll
0x000000005e9b0000 - 0x000000005e9c9000 	F:\Program Files\Java\Jre7\bin\net.dll
0x000007ffcc760000 - 0x000007ffcc7bc000 	C:\WINDOWS\system32\mswsock.dll
0x000000005e990000 - 0x000000005e9a1000 	F:\Program Files\Java\Jre7\bin\nio.dll
0x000000005e730000 - 0x000000005e771000 	F:\Program Files\Java\Jre7\bin\t2k.dll
0x000007ffca9b0000 - 0x000007ffcab3a000 	C:\WINDOWS\SYSTEM32\WindowsCodecs.dll
0x000007ffccf20000 - 0x000007ffccf35000 	C:\WINDOWS\SYSTEM32\profapi.dll
0x000007ffc8ca0000 - 0x000007ffc8d09000 	C:\WINDOWS\SYSTEM32\oleacc.dll
0x000000005e700000 - 0x000000005e72a000 	F:\Program Files\Java\Jre7\bin\dcpr.dll

VM Arguments:
jvm_args: -Dfile.encoding=Cp1252 
java_command: emcscanner.kth.se.Program
Launcher Type: SUN_STANDARD

Environment Variables:
PATH=C:\Program Files (x86)\NVIDIA Corporation\PhysX\Common;C:\WINDOWS\system32;C:\WINDOWS;C:\WINDOWS\System32\Wbem;C:\WINDOWS\System32\WindowsPowerShell\v1.0\;C:\Program Files (x86)\Microsoft SQL Server\90\Tools\binn\;C:\Program Files (x86)\Autodesk\Backburner\;F:\Program Files\MATLAB\R2012a\runtime\win64;F:\Program Files\MATLAB\R2012a\bin;C:\Program Files\Internet Explorer;C:\Program Files\Perforce;F:\Program Files\Perforce;C:\Program Files\Microsoft\Web Platform Installer\;C:\Program Files (x86)\Microsoft ASP.NET\ASP.NET Web Pages\v1.0\;C:\Program Files (x86)\Windows Kits\8.0\Windows Performance Toolkit\;C:\Program Files\Microsoft SQL Server\110\Tools\Binn\;F:\Program Files\Perforce\Server
USERNAME=Jonas
OS=Windows_NT
PROCESSOR_IDENTIFIER=Intel64 Family 6 Model 42 Stepping 7, GenuineIntel



---------------  S Y S T E M  ---------------

OS: Windows 8 , 64 bit Build 9200 

CPU:total 8 (4 cores per cpu, 2 threads per core) family 6 model 42 stepping 7, cmov, cx8, fxsr, mmx, sse, sse2, sse3, ssse3, sse4.1, sse4.2, popcnt, avx, ht, tsc, tscinvbit

Memory: 4k page, physical 16751668k(10694100k free), swap 33528884k(25021348k free)

vm_info: Java HotSpot(TM) 64-Bit Server VM (23.3-b01) for windows-amd64 JRE (1.7.0_07-b11), built on Sep  7 2012 01:19:25 by "java_re" with unknown MS VC++:1600

time: Tue Feb 05 20:50:13 2013
elapsed time: 78 seconds

