#
# A fatal error has been detected by the Java Runtime Environment:
#
#  EXCEPTION_ACCESS_VIOLATION (0xc0000005) at pc=0x0000000002fadaba, pid=1224, tid=9104
#
# JRE version: 7.0_07-b11
# Java VM: Java HotSpot(TM) 64-Bit Server VM (23.3-b01 mixed mode windows-amd64 compressed oops)
# Problematic frame:
# J  com.googlecode.javacv.cpp.opencv_core$IplImage.flipCopyWithGamma(Ljava/nio/ByteBuffer;ILjava/nio/ByteBuffer;IZDZI)V
#
# Failed to write core dump. Minidumps are not enabled by default on client versions of Windows
#
# If you would like to submit a bug report, please visit:
#   http://bugreport.sun.com/bugreport/crash.jsp
#

---------------  T H R E A D  ---------------

Current thread (0x00000000140a7800):  JavaThread "threadDisplayCamera" daemon [_thread_in_Java, id=9104, stack(0x000000001a7c0000,0x000000001a8c0000)]

siginfo: ExceptionCode=0xc0000005, reading address 0x000000001a717000

Registers:
RAX=0x00000000000000ae, RBX=0x00000000005eec00, RCX=0x0000000000000000, RDX=0x000000001a1d0050
RSP=0x000000001a8bf250, RBP=0x00000007b930c000, RSI=0x00000007b8d1d208, RDI=0x00000000005eec00
R8 =0x0000000000546fb0, R9 =0x0000000000546fb1, R10=0x000000000000167f, R11=0x00000000005eec00
R12=0x0000000000000000, R13=0x0000000000546fb0, R14=0x0000000000000faf, R15=0x00000000140a7800
RIP=0x0000000002fadaba, EFLAGS=0x0000000000010207

Top of Stack: (sp=0x000000001a8bf250)
0x000000001a8bf250:   00000007b8d1d208 00000000005eec00
0x000000001a8bf260:   00000000005eec00 0000000000000000
0x000000001a8bf270:   3ff0000000000000 00000007b930bfc0
0x000000001a8bf280:   00000007b930c000 3ff0000000000000
0x000000001a8bf290:   0054600000000000 df6ab9ce00546000
0x000000001a8bf2a0:   00001680df6c65d4 0000000000001680
0x000000001a8bf2b0:   00000007b930c030 00001680ffffffff
0x000000001a8bf2c0:   00000007b930c000 00000007b930bfc0
0x000000001a8bf2d0:   00000000f71a3a41 0000000000000000
0x000000001a8bf2e0:   00000007b8d1d208 00000007b930c000
0x000000001a8bf2f0:   00000007b930c000 000000001a8bf2f8
0x000000001a8bf300:   000000001a8bf3b8 0000000002e561f8
0x000000001a8bf310:   0000000000000000 00000006fc41d778
0x000000001a8bf320:   00000006fb5556b8 0000000002e561f8
0x000000001a8bf330:   0000000000000000 0000000000000000
0x000000001a8bf340:   3ff0000000000000 0000000000000000 

Instructions: (pc=0x0000000002fadaba)
0x0000000002fada9a:   10 44 3b c7 0f 8d 26 01 00 00 45 8b c8 41 ff c1
0x0000000002fadaaa:   44 89 4d 18 48 8b 6c 24 70 44 8b 6d 18 4d 63 c0
0x0000000002fadaba:   42 0f b6 04 02 44 3b eb 0f 8d 32 01 00 00 45 8b
0x0000000002fadaca:   cd 44 03 c9 41 ff c5 44 89 6d 18 45 3b cb 0f 83 


Register to memory mapping:

RAX=0x00000000000000ae is an unknown value
RBX=0x00000000005eec00 is an unknown value
RCX=0x0000000000000000 is an unknown value
RDX=0x000000001a1d0050 is an unknown value
RSP=0x000000001a8bf250 is pointing into the stack for thread: 0x00000000140a7800
RBP=0x00000007b930c000 is an oop
java.nio.HeapByteBuffer 
 - klass: 'java/nio/HeapByteBuffer'
RSI=0x00000007b8d1d208 is an oop
[B 
 - klass: {type array byte}
 - length: 6220800
RDI=0x00000000005eec00 is an unknown value
R8 =0x0000000000546fb0 is an unknown value
R9 =0x0000000000546fb1 is an unknown value
R10=0x000000000000167f is an unknown value
R11=0x00000000005eec00 is an unknown value
R12=0x0000000000000000 is an unknown value
R13=0x0000000000546fb0 is an unknown value
R14=0x0000000000000faf is an unknown value
R15=0x00000000140a7800 is a thread


Stack: [0x000000001a7c0000,0x000000001a8c0000],  sp=0x000000001a8bf250,  free space=1020k
Native frames: (J=compiled Java code, j=interpreted, Vv=VM code, C=native code)
J  com.googlecode.javacv.cpp.opencv_core$IplImage.flipCopyWithGamma(Ljava/nio/ByteBuffer;ILjava/nio/ByteBuffer;IZDZI)V


---------------  P R O C E S S  ---------------

Java Threads: ( => current thread )
  0x0000000016329800 JavaThread "ICEpdf-pagePainter" daemon [_thread_blocked, id=8052, stack(0x0000000022390000,0x0000000022490000)]
  0x000000001609f000 JavaThread "ICEpdf-pageInitializer" daemon [_thread_blocked, id=9160, stack(0x0000000022160000,0x0000000022260000)]
  0x0000000002d0e000 JavaThread "DestroyJavaVM" [_thread_blocked, id=6160, stack(0x0000000002bd0000,0x0000000002cd0000)]
  0x000000001541c000 JavaThread "D3D Screen Updater" daemon [_thread_blocked, id=6440, stack(0x0000000021f50000,0x0000000022050000)]
  0x0000000015436000 JavaThread "TimerQueue" daemon [_thread_blocked, id=5352, stack(0x0000000020d10000,0x0000000020e10000)]
  0x000000001502a000 JavaThread "threadDisplayDensity" daemon [_thread_blocked, id=2300, stack(0x000000001d0c0000,0x000000001d1c0000)]
  0x00000000150f0800 JavaThread "AWT-EventQueue-0" [_thread_in_native, id=5984, stack(0x000000001cfc0000,0x000000001d0c0000)]
  0x0000000015018000 JavaThread "threadDisplay" daemon [_thread_blocked, id=9752, stack(0x000000001cec0000,0x000000001cfc0000)]
  0x0000000015083000 JavaThread "AWT-Shutdown" [_thread_blocked, id=9444, stack(0x000000001a8c0000,0x000000001a9c0000)]
=>0x00000000140a7800 JavaThread "threadDisplayCamera" daemon [_thread_in_Java, id=9104, stack(0x000000001a7c0000,0x000000001a8c0000)]
  0x00000000140a8000 JavaThread "AWT-Windows" daemon [_thread_in_native, id=2304, stack(0x0000000014990000,0x0000000014a90000)]
  0x00000000140a2800 JavaThread "Java2D Disposer" daemon [_thread_blocked, id=9868, stack(0x0000000014790000,0x0000000014890000)]
  0x0000000011970800 JavaThread "Service Thread" daemon [_thread_blocked, id=1596, stack(0x0000000013d90000,0x0000000013e90000)]
  0x000000001196a800 JavaThread "C2 CompilerThread1" daemon [_thread_blocked, id=8364, stack(0x0000000013c90000,0x0000000013d90000)]
  0x0000000011965800 JavaThread "C2 CompilerThread0" daemon [_thread_blocked, id=1320, stack(0x0000000013b90000,0x0000000013c90000)]
  0x0000000011965000 JavaThread "Attach Listener" daemon [_thread_blocked, id=8888, stack(0x0000000013a90000,0x0000000013b90000)]
  0x0000000011958000 JavaThread "Signal Dispatcher" daemon [_thread_blocked, id=1428, stack(0x0000000013990000,0x0000000013a90000)]
  0x000000001191c000 JavaThread "Finalizer" daemon [_thread_blocked, id=4820, stack(0x0000000013890000,0x0000000013990000)]
  0x0000000011915000 JavaThread "Reference Handler" daemon [_thread_blocked, id=9884, stack(0x0000000013790000,0x0000000013890000)]

Other Threads:
  0x000000001190f800 VMThread [stack: 0x0000000013690000,0x0000000013790000] [id=9056]
  0x0000000011983000 WatcherThread [stack: 0x0000000013e90000,0x0000000013f90000] [id=2228]

VM state:not at safepoint (normal execution)

VM Mutex/Monitor currently owned by a thread: None

Heap
 PSYoungGen      total 294080K, used 266923K [0x00000007aacb0000, 0x00000007c3e50000, 0x0000000800000000)
  eden space 236672K, 99% used [0x00000007aacb0000,0x00000007b930c870,0x00000007b93d0000)
  from space 57408K, 54% used [0x00000007b93d0000,0x00000007bb21e460,0x00000007bcbe0000)
  to   space 56256K, 0% used [0x00000007c0760000,0x00000007c0760000,0x00000007c3e50000)
 ParOldGen       total 305472K, used 56724K [0x0000000700600000, 0x0000000713050000, 0x00000007aacb0000)
  object space 305472K, 18% used [0x0000000700600000,0x0000000703d65310,0x0000000713050000)
 PSPermGen       total 36096K, used 18065K [0x00000006fb400000, 0x00000006fd740000, 0x0000000700600000)
  object space 36096K, 50% used [0x00000006fb400000,0x00000006fc5a4620,0x00000006fd740000)

Card table byte_map: [0x0000000005f10000,0x0000000006740000] byte_map_base: 0x0000000002736000

Polling page: 0x0000000001310000

Code Cache  [0x0000000002e50000, 0x00000000030c0000, 0x0000000005e50000)
 total_blobs=891 nmethods=301 adapters=541 free_code_cache=47787Kb largest_free_block=48878080

Compilation events (10 events):
Event: 11.666 Thread 0x000000001196a800  307             javax.swing.JComponent::setFlag (34 bytes)
Event: 11.667 Thread 0x000000001196a800 nmethod 307 0x0000000002fb1190 code [0x0000000002fb12c0, 0x0000000002fb1358]
Event: 11.817 Thread 0x0000000011965800  308             java.awt.Color::getRGB (5 bytes)
Event: 11.817 Thread 0x0000000011965800 nmethod 308 0x0000000002f72b90 code [0x0000000002f72cc0, 0x0000000002f72d18]
Event: 12.319 Thread 0x000000001196a800  309  s          sun.java2d.loops.GraphicsPrimitiveMgr::locatePrim (96 bytes)
Event: 12.329 Thread 0x000000001196a800 nmethod 309 0x0000000002f3bc90 code [0x0000000002f3be60, 0x0000000002f3cb28]
Event: 12.666 Thread 0x0000000011965800  310   !         java.awt.Container::getComponent (42 bytes)
Event: 12.667 Thread 0x0000000011965800 nmethod 310 0x0000000002f72750 code [0x0000000002f728a0, 0x0000000002f729d8]
Event: 12.928 Thread 0x000000001196a800  311             java.awt.image.Raster::getNumDataElements (8 bytes)
Event: 12.928 Thread 0x000000001196a800 nmethod 311 0x0000000002f724d0 code [0x0000000002f72620, 0x0000000002f726b8]

GC Heap History (10 events):
Event: 10.746 GC heap before
{Heap before GC invocations=14 (full 4):
 PSYoungGen      total 237440K, used 236260K [0x00000007aacb0000, 0x00000007bd5c0000, 0x0000000800000000)
  eden space 195008K, 100% used [0x00000007aacb0000,0x00000007b6b20000,0x00000007b6b20000)
  from space 42432K, 97% used [0x00000007b9a20000,0x00000007bc2690e0,0x00000007bc390000)
  to   space 48128K, 0% used [0x00000007b6b20000,0x00000007b6b20000,0x00000007b9a20000)
 ParOldGen       total 373376K, used 372789K [0x0000000700600000, 0x00000007172a0000, 0x00000007aacb0000)
  object space 373376K, 99% used [0x0000000700600000,0x000000071720d5a0,0x00000007172a0000)
 PSPermGen       total 39360K, used 18041K [0x00000006fb400000, 0x00000006fda70000, 0x0000000700600000)
  object space 39360K, 45% used [0x00000006fb400000,0x00000006fc59e4d8,0x00000006fda70000)
Event: 10.781 GC heap after
Heap after GC invocations=14 (full 4):
 PSYoungGen      total 237440K, used 0K [0x00000007aacb0000, 0x00000007bd5c0000, 0x0000000800000000)
  eden space 195008K, 0% used [0x00000007aacb0000,0x00000007aacb0000,0x00000007b6b20000)
  from space 42432K, 0% used [0x00000007b9a20000,0x00000007b9a20000,0x00000007bc390000)
  to   space 48128K, 0% used [0x00000007b6b20000,0x00000007b6b20000,0x00000007b9a20000)
 ParOldGen       total 266816K, used 50625K [0x0000000700600000, 0x0000000710a90000, 0x00000007aacb0000)
  object space 266816K, 18% used [0x0000000700600000,0x0000000703770440,0x0000000710a90000)
 PSPermGen       total 37760K, used 18041K [0x00000006fb400000, 0x00000006fd8e0000, 0x0000000700600000)
  object space 37760K, 47% used [0x00000006fb400000,0x00000006fc59e458,0x00000006fd8e0000)
}
Event: 11.158 GC heap before
{Heap before GC invocations=15 (full 4):
 PSYoungGen      total 237440K, used 191886K [0x00000007aacb0000, 0x00000007bd5c0000, 0x0000000800000000)
  eden space 195008K, 98% used [0x00000007aacb0000,0x00000007b6813868,0x00000007b6b20000)
  from space 42432K, 0% used [0x00000007b9a20000,0x00000007b9a20000,0x00000007bc390000)
  to   space 48128K, 0% used [0x00000007b6b20000,0x00000007b6b20000,0x00000007b9a20000)
 ParOldGen       total 266816K, used 50625K [0x0000000700600000, 0x0000000710a90000, 0x00000007aacb0000)
  object space 266816K, 18% used [0x0000000700600000,0x0000000703770440,0x0000000710a90000)
 PSPermGen       total 37760K, used 18046K [0x00000006fb400000, 0x00000006fd8e0000, 0x0000000700600000)
  object space 37760K, 47% used [0x00000006fb400000,0x00000006fc59f910,0x00000006fd8e0000)
Event: 11.164 GC heap after
Heap after GC invocations=15 (full 4):
 PSYoungGen      total 243136K, used 34603K [0x00000007aacb0000, 0x00000007bfcf0000, 0x0000000800000000)
  eden space 195008K, 0% used [0x00000007aacb0000,0x00000007aacb0000,0x00000007b6b20000)
  from space 48128K, 71% used [0x00000007b6b20000,0x00000007b8ceade0,0x00000007b9a20000)
  to   space 50240K, 0% used [0x00000007bcbe0000,0x00000007bcbe0000,0x00000007bfcf0000)
 ParOldGen       total 266816K, used 50625K [0x0000000700600000, 0x0000000710a90000, 0x00000007aacb0000)
  object space 266816K, 18% used [0x0000000700600000,0x0000000703770440,0x0000000710a90000)
 PSPermGen       total 37760K, used 18046K [0x00000006fb400000, 0x00000006fd8e0000, 0x0000000700600000)
  object space 37760K, 47% used [0x00000006fb400000,0x00000006fc59f910,0x00000006fd8e0000)
}
Event: 11.533 GC heap before
{Heap before GC invocations=16 (full 4):
 PSYoungGen      total 243136K, used 226511K [0x00000007aacb0000, 0x00000007bfcf0000, 0x0000000800000000)
  eden space 195008K, 98% used [0x00000007aacb0000,0x00000007b6819048,0x00000007b6b20000)
  from space 48128K, 71% used [0x00000007b6b20000,0x00000007b8ceade0,0x00000007b9a20000)
  to   space 50240K, 0% used [0x00000007bcbe0000,0x00000007bcbe0000,0x00000007bfcf0000)
 ParOldGen       total 266816K, used 54042K [0x0000000700600000, 0x0000000710a90000, 0x00000007aacb0000)
  object space 266816K, 20% used [0x0000000700600000,0x0000000703ac6910,0x0000000710a90000)
 PSPermGen       total 37760K, used 18047K [0x00000006fb400000, 0x00000006fd8e0000, 0x0000000700600000)
  object space 37760K, 47% used [0x00000006fb400000,0x00000006fc59ffd0,0x00000006fd8e0000)
Event: 11.545 GC heap after
Heap after GC invocations=16 (full 4):
 PSYoungGen      total 286912K, used 49858K [0x00000007aacb0000, 0x00000007c1250000, 0x0000000800000000)
  eden space 236672K, 0% used [0x00000007aacb0000,0x00000007aacb0000,0x00000007b93d0000)
  from space 50240K, 99% used [0x00000007bcbe0000,0x00000007bfc90a20,0x00000007bfcf0000)
  to   space 57408K, 0% used [0x00000007b93d0000,0x00000007b93d0000,0x00000007bcbe0000)
 ParOldGen       total 266816K, used 66192K [0x0000000700600000, 0x0000000710a90000, 0x00000007aacb0000)
  object space 266816K, 24% used [0x0000000700600000,0x00000007046a4130,0x0000000710a90000)
 PSPermGen       total 37760K, used 18047K [0x00000006fb400000, 0x00000006fd8e0000, 0x0000000700600000)
  object space 37760K, 47% used [0x00000006fb400000,0x00000006fc59ffd0,0x00000006fd8e0000)
}
Event: 12.400 GC heap before
{Heap before GC invocations=17 (full 5):
 PSYoungGen      total 286912K, used 286530K [0x00000007aacb0000, 0x00000007c1250000, 0x0000000800000000)
  eden space 236672K, 100% used [0x00000007aacb0000,0x00000007b93d0000,0x00000007b93d0000)
  from space 50240K, 99% used [0x00000007bcbe0000,0x00000007bfc90a20,0x00000007bfcf0000)
  to   space 57408K, 0% used [0x00000007b93d0000,0x00000007b93d0000,0x00000007bcbe0000)
 ParOldGen       total 279168K, used 279071K [0x0000000700600000, 0x00000007116a0000, 0x00000007aacb0000)
  object space 279168K, 99% used [0x0000000700600000,0x0000000711687df8,0x00000007116a0000)
 PSPermGen       total 37760K, used 18053K [0x00000006fb400000, 0x00000006fd8e0000, 0x0000000700600000)
  object space 37760K, 47% used [0x00000006fb400000,0x00000006fc5a1690,0x00000006fd8e0000)
Event: 12.427 GC heap after
Heap after GC invocations=17 (full 5):
 PSYoungGen      total 286912K, used 0K [0x00000007aacb0000, 0x00000007c1250000, 0x0000000800000000)
  eden space 236672K, 0% used [0x00000007aacb0000,0x00000007aacb0000,0x00000007b93d0000)
  from space 50240K, 0% used [0x00000007bcbe0000,0x00000007bcbe0000,0x00000007bfcf0000)
  to   space 57408K, 0% used [0x00000007b93d0000,0x00000007b93d0000,0x00000007bcbe0000)
 ParOldGen       total 305472K, used 50649K [0x0000000700600000, 0x0000000713050000, 0x00000007aacb0000)
  object space 305472K, 16% used [0x0000000700600000,0x0000000703776700,0x0000000713050000)
 PSPermGen       total 36096K, used 18053K [0x00000006fb400000, 0x00000006fd740000, 0x0000000700600000)
  object space 36096K, 50% used [0x00000006fb400000,0x00000006fc5a1690,0x00000006fd740000)
}
Event: 12.866 GC heap before
{Heap before GC invocations=18 (full 5):
 PSYoungGen      total 286912K, used 230739K [0x00000007aacb0000, 0x00000007c1250000, 0x0000000800000000)
  eden space 236672K, 97% used [0x00000007aacb0000,0x00000007b8e04f20,0x00000007b93d0000)
  from space 50240K, 0% used [0x00000007bcbe0000,0x00000007bcbe0000,0x00000007bfcf0000)
  to   space 57408K, 0% used [0x00000007b93d0000,0x00000007b93d0000,0x00000007bcbe0000)
 ParOldGen       total 305472K, used 56724K [0x0000000700600000, 0x0000000713050000, 0x00000007aacb0000)
  object space 305472K, 18% used [0x0000000700600000,0x0000000703d65310,0x0000000713050000)
 PSPermGen       total 36096K, used 18058K [0x00000006fb400000, 0x00000006fd740000, 0x0000000700600000)
  object space 36096K, 50% used [0x00000006fb400000,0x00000006fc5a29c8,0x00000006fd740000)
Event: 12.870 GC heap after
Heap after GC invocations=18 (full 5):
 PSYoungGen      total 294080K, used 31033K [0x00000007aacb0000, 0x00000007c3e50000, 0x0000000800000000)
  eden space 236672K, 0% used [0x00000007aacb0000,0x00000007aacb0000,0x00000007b93d0000)
  from space 57408K, 54% used [0x00000007b93d0000,0x00000007bb21e460,0x00000007bcbe0000)
  to   space 56256K, 0% used [0x00000007c0760000,0x00000007c0760000,0x00000007c3e50000)
 ParOldGen       total 305472K, used 56724K [0x0000000700600000, 0x0000000713050000, 0x00000007aacb0000)
  object space 305472K, 18% used [0x0000000700600000,0x0000000703d65310,0x0000000713050000)
 PSPermGen       total 36096K, used 18058K [0x00000006fb400000, 0x00000006fd740000, 0x0000000700600000)
  object space 36096K, 50% used [0x00000006fb400000,0x00000006fc5a29c8,0x00000006fd740000)
}

Deoptimization events (10 events):
Event: 3.922 Thread 0x00000000150f0800 Uncommon trap -83 fr.pc 0x0000000002f18604
Event: 4.000 Thread 0x000000001609f000 Uncommon trap -83 fr.pc 0x0000000002f1bc34
Event: 4.050 Thread 0x000000001609f000 Uncommon trap -83 fr.pc 0x0000000002f1b884
Event: 4.066 Thread 0x000000001609f000 Uncommon trap -83 fr.pc 0x0000000002f4b728
Event: 4.145 Thread 0x000000001609f000 Uncommon trap -83 fr.pc 0x0000000002f4713c
Event: 4.187 Thread 0x000000001609f000 Uncommon trap -83 fr.pc 0x0000000002f39918
Event: 4.414 Thread 0x0000000016329800 Uncommon trap -34 fr.pc 0x0000000002f73104
Event: 4.414 Thread 0x0000000016329800 Uncommon trap -34 fr.pc 0x0000000002f73104
Event: 4.414 Thread 0x0000000016329800 Uncommon trap -34 fr.pc 0x0000000002f73104
Event: 4.417 Thread 0x0000000016329800 Uncommon trap -34 fr.pc 0x0000000002f73104

Internal exceptions (10 events):
Event: 4.261 Thread 0x000000001609f000 Threw 0x00000007ab8e0ad8 at C:\jdk7u1_64p\jdk7u7\hotspot\src\share\vm\prims\jvm.cpp:1166
Event: 4.261 Thread 0x000000001609f000 Threw 0x00000007ab8e39f8 at C:\jdk7u1_64p\jdk7u7\hotspot\src\share\vm\prims\jvm.cpp:1166
Event: 4.263 Thread 0x000000001609f000 Threw 0x00000007ab8e6ba8 at C:\jdk7u1_64p\jdk7u7\hotspot\src\share\vm\prims\jvm.cpp:1166
Event: 4.263 Thread 0x000000001609f000 Threw 0x00000007ab8e9ac8 at C:\jdk7u1_64p\jdk7u7\hotspot\src\share\vm\prims\jvm.cpp:1166
Event: 4.392 Thread 0x0000000016329800 Threw 0x00000007abe2d368 at C:\jdk7u1_64p\jdk7u7\hotspot\src\share\vm\prims\jvm.cpp:1166
Event: 4.397 Thread 0x0000000016329800 Threw 0x00000007abe3dbf8 at C:\jdk7u1_64p\jdk7u7\hotspot\src\share\vm\prims\jvm.cpp:1166
Event: 4.600 Thread 0x0000000016329800 Threw 0x00000007ac848608 at C:\jdk7u1_64p\jdk7u7\hotspot\src\share\vm\prims\jvm.cpp:1166
Event: 8.346 Thread 0x00000000150f0800 Threw 0x00000007ae1bace0 at C:\jdk7u1_64p\jdk7u7\hotspot\src\share\vm\prims\jvm.cpp:1166
Event: 8.346 Thread 0x00000000150f0800 Threw 0x00000007ae1c02c8 at C:\jdk7u1_64p\jdk7u7\hotspot\src\share\vm\prims\jvm.cpp:1166
Event: 8.349 Thread 0x00000000150f0800 Threw 0x00000007afd9c930 at C:\jdk7u1_64p\jdk7u7\hotspot\src\share\vm\prims\jvm.cpp:1166

Events (10 events):
Event: 12.852 Executing VM operation: ParallelGCFailedAllocation
Event: 12.853 Executing VM operation: ParallelGCFailedAllocation done
Event: 12.866 Executing VM operation: ParallelGCSystemGC
Event: 12.870 Executing VM operation: ParallelGCSystemGC done
Event: 12.871 loading class 0x0000000015457ca0
Event: 12.871 loading class 0x0000000015457ca0 done
Event: 12.871 loading class 0x00000000151d80d0
Event: 12.871 loading class 0x0000000015237260
Event: 12.871 loading class 0x0000000015237260 done
Event: 12.872 loading class 0x00000000151d80d0 done


Dynamic libraries:
0x000007f662880000 - 0x000007f6628b4000 	F:\Program Files\Java\Jre7\bin\javaw.exe
0x000007fd0db20000 - 0x000007fd0dcde000 	C:\WINDOWS\SYSTEM32\ntdll.dll
0x000007fd0c680000 - 0x000007fd0c7b6000 	C:\WINDOWS\system32\KERNEL32.DLL
0x000007fd0ab00000 - 0x000007fd0abf3000 	C:\WINDOWS\system32\KERNELBASE.dll
0x000007fd0c260000 - 0x000007fd0c33e000 	C:\WINDOWS\system32\ADVAPI32.dll
0x000007fd0c460000 - 0x000007fd0c5ac000 	C:\WINDOWS\system32\USER32.dll
0x000007fd082b0000 - 0x000007fd08519000 	C:\WINDOWS\WinSxS\amd64_microsoft.windows.common-controls_6595b64144ccf1df_6.0.9200.16384_none_418c2a697189c07f\COMCTL32.dll
0x000007fd0c7c0000 - 0x000007fd0c865000 	C:\WINDOWS\system32\msvcrt.dll
0x000007fd0cdf0000 - 0x000007fd0ce38000 	C:\WINDOWS\SYSTEM32\sechost.dll
0x000007fd0c870000 - 0x000007fd0c9b0000 	C:\WINDOWS\system32\RPCRT4.dll
0x000007fd0d520000 - 0x000007fd0d660000 	C:\WINDOWS\system32\GDI32.dll
0x000007fd0c620000 - 0x000007fd0c659000 	C:\WINDOWS\system32\IMM32.DLL
0x000007fd0c340000 - 0x000007fd0c455000 	C:\WINDOWS\system32\MSCTF.dll
0x000007fd0aa10000 - 0x000007fd0aa18000 	C:\PROGRA~2\NVIDIA~1\3DVISI~1\NVSTIN~1.DLL
0x000007fd0d510000 - 0x000007fd0d517000 	C:\WINDOWS\system32\PSAPI.DLL
0x000000005e410000 - 0x000000005e4b3000 	C:\WINDOWS\WinSxS\amd64_microsoft.vc90.crt_1fc8b3b9a1e18e3b_9.0.30729.6871_none_08e717a5a83adddf\MSVCR90.dll
0x000000005d880000 - 0x000000005d951000 	F:\Program Files\Java\Jre7\bin\msvcr100.dll
0x000000005c090000 - 0x000000005c7af000 	F:\Program Files\Java\Jre7\bin\server\jvm.dll
0x000007fd02f00000 - 0x000007fd02f09000 	C:\WINDOWS\SYSTEM32\WSOCK32.dll
0x000007fd07b90000 - 0x000007fd07bb0000 	C:\WINDOWS\SYSTEM32\WINMM.dll
0x000007fd0c5b0000 - 0x000007fd0c608000 	C:\WINDOWS\system32\WS2_32.dll
0x000007fd07a80000 - 0x000007fd07ab2000 	C:\WINDOWS\SYSTEM32\WINMMBASE.dll
0x000007fd0d360000 - 0x000007fd0d369000 	C:\WINDOWS\system32\NSI.dll
0x000000005dc10000 - 0x000000005dc1f000 	F:\Program Files\Java\Jre7\bin\verify.dll
0x000000005dbe0000 - 0x000000005dc08000 	F:\Program Files\Java\Jre7\bin\java.dll
0x000000005dbc0000 - 0x000000005dbd5000 	F:\Program Files\Java\Jre7\bin\zip.dll
0x000000005aff0000 - 0x000000005b183000 	F:\Program Files\Java\Jre7\bin\awt.dll
0x000007fd0d830000 - 0x000007fd0d8f3000 	C:\WINDOWS\system32\OLEAUT32.dll
0x000007fd0cc40000 - 0x000007fd0cdf0000 	C:\WINDOWS\system32\combase.dll
0x000007fd04cf0000 - 0x000007fd04d8f000 	C:\WINDOWS\system32\apphelp.dll
0x000007fd09810000 - 0x000007fd098f3000 	C:\WINDOWS\system32\uxtheme.dll
0x000007fd08210000 - 0x000007fd082a5000 	C:\Program Files\Common Files\microsoft shared\ink\tiptsf.dll
0x000007fd088b0000 - 0x000007fd088d1000 	C:\WINDOWS\SYSTEM32\dwmapi.dll
0x000007fd0d090000 - 0x000007fd0d20e000 	C:\WINDOWS\system32\ole32.dll
0x000007fd0a860000 - 0x000007fd0a86a000 	C:\WINDOWS\SYSTEM32\CRYPTBASE.dll
0x000007fd0a800000 - 0x000007fd0a85c000 	C:\WINDOWS\SYSTEM32\bcryptPrimitives.dll
0x000007fd0af70000 - 0x000007fd0c258000 	C:\WINDOWS\system32\SHELL32.dll
0x000007fd0cb80000 - 0x000007fd0cbd0000 	C:\WINDOWS\system32\SHLWAPI.dll
0x000007fd09be0000 - 0x000007fd09c76000 	C:\WINDOWS\SYSTEM32\shcore.dll
0x000000005d2e0000 - 0x000000005d378000 	C:\Windows\System32\msvcp100.dll
0x000007fcf1100000 - 0x000007fcf1358000 	C:\opencv\build\x64\vc10\bin\opencv_core243.dll
0x000007fcf4210000 - 0x000007fcf42a5000 	C:\Users\Jonas\AppData\Local\Temp\javacpp132842744180887\jniopencv_core.dll
0x000007fcf07d0000 - 0x000007fcf0a75000 	C:\opencv\build\x64\vc10\bin\opencv_imgproc243.dll
0x000007fd015e0000 - 0x000007fd01628000 	C:\Users\Jonas\AppData\Local\Temp\javacpp132842744180887\jniopencv_imgproc.dll
0x0000000066840000 - 0x00000000675ca000 	C:\opencv\build\x64\vc10\bin\opencv_ffmpeg243_64.dll
0x000007fcece30000 - 0x000007fced07b000 	C:\opencv\build\x64\vc10\bin\opencv_highgui243.dll
0x000007fd043e0000 - 0x000007fd04400000 	C:\WINDOWS\SYSTEM32\AVIFIL32.dll
0x000007fd07af0000 - 0x000007fd07b19000 	C:\WINDOWS\SYSTEM32\MSVFW32.dll
0x000007fd081c0000 - 0x000007fd081d7000 	C:\WINDOWS\SYSTEM32\AVICAP32.dll
0x000007fcf6150000 - 0x000007fcf6169000 	C:\WINDOWS\SYSTEM32\MSACM32.dll
0x000007fd07db0000 - 0x000007fd07db9000 	C:\WINDOWS\SYSTEM32\VERSION.dll
0x000007fd04350000 - 0x000007fd04363000 	C:\Users\Jonas\AppData\Local\Temp\javacpp132842744180887\jniopencv_highgui.dll
0x000007fd0d2c0000 - 0x000007fd0d356000 	C:\WINDOWS\SYSTEM32\clbcatq.dll
0x000007fd01e20000 - 0x000007fd01e37000 	C:\Windows\System32\devenum.dll
0x000007fd0c9b0000 - 0x000007fd0cb80000 	C:\WINDOWS\system32\setupapi.dll
0x000007fd0ad10000 - 0x000007fd0ad5f000 	C:\WINDOWS\system32\CFGMGR32.dll
0x000007fd0af40000 - 0x000007fd0af62000 	C:\WINDOWS\system32\DEVOBJ.dll
0x000007fd03ae0000 - 0x000007fd03b0e000 	C:\WINDOWS\SYSTEM32\ntmarta.dll
0x000007fd0ac00000 - 0x000007fd0ac55000 	C:\WINDOWS\system32\WINTRUST.dll
0x000007fd0ad60000 - 0x000007fd0af37000 	C:\WINDOWS\system32\CRYPT32.dll
0x000007fd0aae0000 - 0x000007fd0aaf6000 	C:\WINDOWS\system32\MSASN1.dll
0x000007fd05950000 - 0x000007fd0595d000 	C:\WINDOWS\SYSTEM32\msdmo.dll
0x000007fd01920000 - 0x000007fd0194f000 	C:\Windows\System32\qcap.dll
0x000007fcec870000 - 0x000007fceca28000 	C:\Windows\System32\quartz.dll
0x000007fcf7e50000 - 0x000007fcf7e8f000 	C:\Windows\System32\ksproxy.ax
0x000007fcf5930000 - 0x000007fcf5937000 	C:\Windows\System32\ksuser.dll
0x000007fcf9950000 - 0x000007fcf9b50000 	C:\Windows\System32\d3d9.dll
0x000007fd04560000 - 0x000007fd0456c000 	C:\Windows\System32\vidcap.ax
0x000007fd015b0000 - 0x000007fd015d4000 	C:\Windows\System32\kswdmcap.ax
0x000007fcf2570000 - 0x000007fcf26c4000 	C:\Windows\System32\MFC42.dll
0x000007fcf3af0000 - 0x000007fcf3bae000 	C:\Windows\System32\ODBC32.dll
0x000007fcf1490000 - 0x000007fcf1525000 	C:\Windows\System32\qedit.dll
0x000007fd0d210000 - 0x000007fd0d2b1000 	C:\WINDOWS\system32\COMDLG32.dll
0x000007fd0d370000 - 0x000007fd0d510000 	C:\WINDOWS\WinSxS\amd64_microsoft.windows.gdiplus_6595b64144ccf1df_1.1.9200.16384_none_72771d4ecc1c3a4d\gdiplus.dll
0x000007fcf0640000 - 0x000007fcf072a000 	C:\WINDOWS\SYSTEM32\DDRAW.dll
0x000007fd07de0000 - 0x000007fd07de8000 	C:\WINDOWS\SYSTEM32\DCIMAN32.dll
0x000000005b610000 - 0x000000005b644000 	F:\Program Files\Java\Jre7\bin\fontmanager.dll
0x000007fce6500000 - 0x000007fce7680000 	C:\WINDOWS\SYSTEM32\nvd3dumx.dll
0x000007fd0a900000 - 0x000007fd0a943000 	C:\WINDOWS\SYSTEM32\powrprof.dll
0x0000000180000000 - 0x0000000180116000 	C:\Program Files (x86)\NVIDIA Corporation\3D Vision\nvSCPAPI64.dll
0x000007fd07ef0000 - 0x000007fd07f64000 	C:\WINDOWS\SYSTEM32\dxgi.dll
0x000007fd06540000 - 0x000007fd06802000 	C:\WINDOWS\SYSTEM32\nvapi64.dll
0x000007fd07ed0000 - 0x000007fd07eef000 	C:\WINDOWS\SYSTEM32\DXGIDebug.dll
0x000000005dba0000 - 0x000000005dbb9000 	F:\Program Files\Java\Jre7\bin\net.dll
0x000007fd0a270000 - 0x000007fd0a2cc000 	C:\WINDOWS\system32\mswsock.dll
0x000000005db50000 - 0x000000005db61000 	F:\Program Files\Java\Jre7\bin\nio.dll
0x000000005b5c0000 - 0x000000005b601000 	F:\Program Files\Java\Jre7\bin\t2k.dll
0x000007fd08010000 - 0x000007fd0819a000 	C:\WINDOWS\SYSTEM32\WindowsCodecs.dll
0x000007fd0aa30000 - 0x000007fd0aa45000 	C:\WINDOWS\SYSTEM32\profapi.dll
0x000007fd07530000 - 0x000007fd07599000 	C:\WINDOWS\SYSTEM32\oleacc.dll
0x000000005afc0000 - 0x000000005afea000 	F:\Program Files\Java\Jre7\bin\dcpr.dll

VM Arguments:
jvm_args: -Dfile.encoding=Cp1252 
java_command: emcscanner.kth.se.Program
Launcher Type: SUN_STANDARD

Environment Variables:
PATH=C:\Program Files (x86)\NVIDIA Corporation\PhysX\Common;C:\WINDOWS\system32;C:\WINDOWS;C:\WINDOWS\System32\Wbem;C:\WINDOWS\System32\WindowsPowerShell\v1.0\;C:\Program Files (x86)\Microsoft SQL Server\90\Tools\binn\;C:\Program Files (x86)\Autodesk\Backburner\;F:\Program Files\MATLAB\R2012a\runtime\win64;F:\Program Files\MATLAB\R2012a\bin;C:\Program Files\Internet Explorer;C:\Program Files\Perforce;F:\Program Files\Perforce;C:\Program Files\Microsoft\Web Platform Installer\;C:\Program Files (x86)\Microsoft ASP.NET\ASP.NET Web Pages\v1.0\;C:\Program Files (x86)\Windows Kits\8.0\Windows Performance Toolkit\;C:\Program Files\Microsoft SQL Server\110\Tools\Binn\;F:\Program Files\Perforce\Server
USERNAME=Jonas
OS=Windows_NT
PROCESSOR_IDENTIFIER=Intel64 Family 6 Model 42 Stepping 7, GenuineIntel



---------------  S Y S T E M  ---------------

OS: Windows 8 , 64 bit Build 9200 

CPU:total 8 (4 cores per cpu, 2 threads per core) family 6 model 42 stepping 7, cmov, cx8, fxsr, mmx, sse, sse2, sse3, ssse3, sse4.1, sse4.2, popcnt, avx, ht, tsc, tscinvbit

Memory: 4k page, physical 16751668k(10033492k free), swap 33528884k(24310060k free)

vm_info: Java HotSpot(TM) 64-Bit Server VM (23.3-b01) for windows-amd64 JRE (1.7.0_07-b11), built on Sep  7 2012 01:19:25 by "java_re" with unknown MS VC++:1600

time: Mon Feb 04 01:35:44 2013
elapsed time: 13 seconds

