#
# A fatal error has been detected by the Java Runtime Environment:
#
#  EXCEPTION_ACCESS_VIOLATION (0xc0000005) at pc=0x000007f943cfd543, pid=7620, tid=5508
#
# JRE version: 7.0_07-b11
# Java VM: Java HotSpot(TM) 64-Bit Server VM (23.3-b01 mixed mode windows-amd64 compressed oops)
# Problematic frame:
# C  [opencv_imgproc243.dll+0xcd543]  cv::Mat::clone+0x15c3
#
# Failed to write core dump. Minidumps are not enabled by default on client versions of Windows
#
# If you would like to submit a bug report, please visit:
#   http://bugreport.sun.com/bugreport/crash.jsp
# The crash happened outside the Java Virtual Machine in native code.
# See problematic frame for where to report the bug.
#

---------------  T H R E A D  ---------------

Current thread (0x0000000013685000):  JavaThread "AWT-EventQueue-0" [_thread_in_native, id=5508, stack(0x000000001dd80000,0x000000001de80000)]

siginfo: ExceptionCode=0xc0000005, writing address 0x000000002adacaf0

Registers:
RAX=0x000000000000010d, RBX=0x000000002adacb00, RCX=0x00000000000010e0, RDX=0x00000000000010e0
RSP=0x000000001de76c20, RBP=0x00000000000010e0, RSI=0x000000002adacaf0, RDI=0x000000001de76d60
R8 =0xffffffffffffbc80, R9 =0x000000001772fdc0, R10=0x000000001772ba40, R11=0x000000001772fe10
R12=0x0000000000000322, R13=0x00000000000004de, R14=0x0000000000000105, R15=0x0000000000000001
RIP=0x000007f943cfd543, EFLAGS=0x0000000000010202

Top of Stack: (sp=0x000000001de76c20)
0x000000001de76c20:   000007f94601f4f8 000000001de77f60
0x000000001de76c30:   000000001de76d70 0000000000000000
0x000000001de76c40:   40075dfce266d0bf 0000000000000000
0x000000001de76c50:   000000002adacaf0 000007f943cfd6fd
0x000000001de76c60:   000000001772fdc0 000000001772ba40
0x000000001de76c70:   0000000000000001 000000001de77f60
0x000000001de76c80:   00000000000010e0 0000000000000105
0x000000001de76c90:   0000000000000000 000000001de785c0
0x000000001de76ca0:   00000000144c99b8 0000000000000002
0x000000001de76cb0:   00000000000003c3 000007f943d15efc
0x000000001de76cc0:   000000001de76dc0 0000000000000080
0x000000001de76cd0:   000000001de76d60 0000000000000002
0x000000001de76ce0:   00000000000010e0 00000000144c472c
0x000000001de76cf0:   00000000000005c7 00000000000010e0
0x000000001de76d00:   0000000000000003 0000000000000003
0x000000001de76d10:   00000000000010dd 00000000148e4800 

Instructions: (pc=0x000007f943cfd543)
0x000007f943cfd523:   e5 d4 66 0f 6b c8 66 0f 71 e3 02 66 0f e5 cd 66
0x000007f943cfd533:   0f ed d1 66 0f ed d6 66 0f 71 e2 02 66 0f 67 da
0x000007f943cfd543:   f3 0f 7f 5b f0 0f 85 52 ff ff ff e9 d7 00 00 00
0x000007f943cfd553:   85 c0 0f 88 cf 00 00 00 44 8d 40 10 4d 8b da 48 


Register to memory mapping:

RAX=0x000000000000010d is an unknown value
RBX=0x000000002adacb00 is an unknown value
RCX=0x00000000000010e0 is an unknown value
RDX=0x00000000000010e0 is an unknown value
RSP=0x000000001de76c20 is pointing into the stack for thread: 0x0000000013685000
RBP=0x00000000000010e0 is an unknown value
RSI=0x000000002adacaf0 is an unknown value
RDI=0x000000001de76d60 is pointing into the stack for thread: 0x0000000013685000
R8 =0xffffffffffffbc80 is an unknown value
R9 =0x000000001772fdc0 is an unknown value
R10=0x000000001772ba40 is an unknown value
R11=0x000000001772fe10 is an unknown value
R12=0x0000000000000322 is an unknown value
R13=0x00000000000004de is an unknown value
R14=0x0000000000000105 is an unknown value
R15=0x0000000000000001 is an unknown value


Stack: [0x000000001dd80000,0x000000001de80000],  sp=0x000000001de76c20,  free space=987k
Native frames: (J=compiled Java code, j=interpreted, Vv=VM code, C=native code)
C  [opencv_imgproc243.dll+0xcd543]  cv::Mat::clone+0x15c3

[error occurred during error reporting (printing native stack), id 0xc0000005]

Java frames: (J=compiled Java code, j=interpreted, Vv=VM code)
j  com.googlecode.javacv.cpp.opencv_imgproc.cvResize(Lcom/googlecode/javacv/cpp/opencv_core$CvArr;Lcom/googlecode/javacv/cpp/opencv_core$CvArr;I)V+0
j  com.googlecode.javacv.cpp.opencv_imgproc.cvResize(Lcom/googlecode/javacv/cpp/opencv_core$CvArr;Lcom/googlecode/javacv/cpp/opencv_core$CvArr;)V+3
j  emcscanner.kth.se.ImagePanel.setPhoto()V+255
j  emcscanner.kth.se.AreaSettingsSubPanel$2.actionPerformed(Ljava/awt/event/ActionEvent;)V+761
j  javax.swing.AbstractButton.fireActionPerformed(Ljava/awt/event/ActionEvent;)V+84
j  javax.swing.AbstractButton$Handler.actionPerformed(Ljava/awt/event/ActionEvent;)V+5
j  javax.swing.DefaultButtonModel.fireActionPerformed(Ljava/awt/event/ActionEvent;)V+35
j  javax.swing.DefaultButtonModel.setPressed(Z)V+117
j  javax.swing.plaf.basic.BasicButtonListener.mouseReleased(Ljava/awt/event/MouseEvent;)V+35
j  java.awt.AWTEventMulticaster.mouseReleased(Ljava/awt/event/MouseEvent;)V+8
j  java.awt.Component.processMouseEvent(Ljava/awt/event/MouseEvent;)V+64
j  javax.swing.JComponent.processMouseEvent(Ljava/awt/event/MouseEvent;)V+23
j  java.awt.Component.processEvent(Ljava/awt/AWTEvent;)V+81
j  java.awt.Container.processEvent(Ljava/awt/AWTEvent;)V+18
j  java.awt.Component.dispatchEventImpl(Ljava/awt/AWTEvent;)V+581
j  java.awt.Container.dispatchEventImpl(Ljava/awt/AWTEvent;)V+42
j  java.awt.Component.dispatchEvent(Ljava/awt/AWTEvent;)V+2
j  java.awt.LightweightDispatcher.retargetMouseEvent(Ljava/awt/Component;ILjava/awt/event/MouseEvent;)V+327
j  java.awt.LightweightDispatcher.processMouseEvent(Ljava/awt/event/MouseEvent;)Z+139
j  java.awt.LightweightDispatcher.dispatchEvent(Ljava/awt/AWTEvent;)Z+50
j  java.awt.Container.dispatchEventImpl(Ljava/awt/AWTEvent;)V+12
j  java.awt.Window.dispatchEventImpl(Ljava/awt/AWTEvent;)V+19
j  java.awt.Component.dispatchEvent(Ljava/awt/AWTEvent;)V+2
j  java.awt.EventQueue.dispatchEventImpl(Ljava/awt/AWTEvent;Ljava/lang/Object;)V+41
j  java.awt.EventQueue.access$200(Ljava/awt/EventQueue;Ljava/awt/AWTEvent;Ljava/lang/Object;)V+3
j  java.awt.EventQueue$3.run()Ljava/lang/Void;+12
j  java.awt.EventQueue$3.run()Ljava/lang/Object;+1
v  ~StubRoutines::call_stub
j  java.security.AccessController.doPrivileged(Ljava/security/PrivilegedAction;Ljava/security/AccessControlContext;)Ljava/lang/Object;+0
j  java.security.ProtectionDomain$1.doIntersectionPrivilege(Ljava/security/PrivilegedAction;Ljava/security/AccessControlContext;Ljava/security/AccessControlContext;)Ljava/lang/Object;+28
j  java.security.ProtectionDomain$1.doIntersectionPrivilege(Ljava/security/PrivilegedAction;Ljava/security/AccessControlContext;)Ljava/lang/Object;+6
j  java.awt.EventQueue$4.run()Ljava/lang/Void;+11
j  java.awt.EventQueue$4.run()Ljava/lang/Object;+1
v  ~StubRoutines::call_stub
j  java.security.AccessController.doPrivileged(Ljava/security/PrivilegedAction;Ljava/security/AccessControlContext;)Ljava/lang/Object;+0
j  java.security.ProtectionDomain$1.doIntersectionPrivilege(Ljava/security/PrivilegedAction;Ljava/security/AccessControlContext;Ljava/security/AccessControlContext;)Ljava/lang/Object;+28
j  java.awt.EventQueue.dispatchEvent(Ljava/awt/AWTEvent;)V+73
j  java.awt.EventDispatchThread.pumpOneEventForFilters(I)V+245
j  java.awt.EventDispatchThread.pumpEventsForFilter(ILjava/awt/Conditional;Ljava/awt/EventFilter;)V+48
j  java.awt.EventDispatchThread.pumpEventsForHierarchy(ILjava/awt/Conditional;Ljava/awt/Component;)V+11
j  java.awt.EventDispatchThread.pumpEvents(ILjava/awt/Conditional;)V+4
j  java.awt.EventDispatchThread.pumpEvents(Ljava/awt/Conditional;)V+3
j  java.awt.EventDispatchThread.run()V+9
v  ~StubRoutines::call_stub

---------------  P R O C E S S  ---------------

Java Threads: ( => current thread )
  0x0000000016ded800 JavaThread "ICEpdf-pagePainter" daemon [_thread_blocked, id=7960, stack(0x0000000025aa0000,0x0000000025ba0000)]
  0x0000000016dec000 JavaThread "ICEpdf-pageInitializer" daemon [_thread_blocked, id=8708, stack(0x0000000025870000,0x0000000025970000)]
  0x0000000016def000 JavaThread "DestroyJavaVM" [_thread_blocked, id=7428, stack(0x0000000002270000,0x0000000002370000)]
  0x0000000013685800 JavaThread "D3D Screen Updater" daemon [_thread_blocked, id=8796, stack(0x0000000023580000,0x0000000023680000)]
  0x0000000013686800 JavaThread "TimerQueue" daemon [_thread_blocked, id=8296, stack(0x0000000021ad0000,0x0000000021bd0000)]
  0x0000000013682000 JavaThread "threadDisplayDensity" daemon [_thread_in_Java, id=1644, stack(0x000000001de80000,0x000000001df80000)]
=>0x0000000013685000 JavaThread "AWT-EventQueue-0" [_thread_in_native, id=5508, stack(0x000000001dd80000,0x000000001de80000)]
  0x0000000013684000 JavaThread "threadDisplay" daemon [_thread_blocked, id=5828, stack(0x000000001dc80000,0x000000001dd80000)]
  0x0000000013683800 JavaThread "AWT-Shutdown" [_thread_blocked, id=7500, stack(0x000000001b670000,0x000000001b770000)]
  0x0000000013681000 JavaThread "threadDisplay" daemon [_thread_in_Java, id=7776, stack(0x000000001b570000,0x000000001b670000)]
  0x0000000013680800 JavaThread "AWT-Windows" daemon [_thread_in_native, id=3400, stack(0x0000000013f70000,0x0000000014070000)]
  0x0000000013682800 JavaThread "Java2D Disposer" daemon [_thread_blocked, id=76, stack(0x0000000013d70000,0x0000000013e70000)]
  0x0000000010f84800 JavaThread "Service Thread" daemon [_thread_blocked, id=4748, stack(0x0000000013370000,0x0000000013470000)]
  0x0000000010f7f000 JavaThread "C2 CompilerThread1" daemon [_thread_blocked, id=8976, stack(0x0000000013270000,0x0000000013370000)]
  0x0000000010f79000 JavaThread "C2 CompilerThread0" daemon [_thread_blocked, id=8776, stack(0x0000000013170000,0x0000000013270000)]
  0x0000000010f77800 JavaThread "Attach Listener" daemon [_thread_blocked, id=8592, stack(0x0000000013070000,0x0000000013170000)]
  0x0000000010f6b000 JavaThread "Signal Dispatcher" daemon [_thread_blocked, id=8820, stack(0x0000000012f70000,0x0000000013070000)]
  0x0000000010f0e800 JavaThread "Finalizer" daemon [_thread_blocked, id=7336, stack(0x0000000012e70000,0x0000000012f70000)]
  0x0000000010f07000 JavaThread "Reference Handler" daemon [_thread_blocked, id=8792, stack(0x0000000012d70000,0x0000000012e70000)]

Other Threads:
  0x0000000010f02000 VMThread [stack: 0x0000000012c70000,0x0000000012d70000] [id=8904]
  0x0000000010fa0000 WatcherThread [stack: 0x0000000013470000,0x0000000013570000] [id=9100]

VM state:not at safepoint (normal execution)

VM Mutex/Monitor currently owned by a thread: None

Heap
 PSYoungGen      total 180928K, used 95878K [0x00000007aacb0000, 0x00000007b85d0000, 0x0000000800000000)
  eden space 145408K, 65% used [0x00000007aacb0000,0x00000007b0993268,0x00000007b3ab0000)
  from space 35520K, 2% used [0x00000007b6320000,0x00000007b63de930,0x00000007b85d0000)
  to   space 38464K, 0% used [0x00000007b3ab0000,0x00000007b3ab0000,0x00000007b6040000)
 ParOldGen       total 194048K, used 115854K [0x0000000700600000, 0x000000070c380000, 0x00000007aacb0000)
  object space 194048K, 59% used [0x0000000700600000,0x0000000707723878,0x000000070c380000)
 PSPermGen       total 40448K, used 17969K [0x00000006fb400000, 0x00000006fdb80000, 0x0000000700600000)
  object space 40448K, 44% used [0x00000006fb400000,0x00000006fc58c7f8,0x00000006fdb80000)

Card table byte_map: [0x0000000005520000,0x0000000005d50000] byte_map_base: 0x0000000001d46000

Polling page: 0x00000000020c0000

Code Cache  [0x0000000002520000, 0x0000000002790000, 0x0000000005520000)
 total_blobs=866 nmethods=276 adapters=541 free_code_cache=47772Kb largest_free_block=48859328

Compilation events (10 events):
Event: 7.728 Thread 0x0000000010f79000 nmethod 277 0x00000000025e6690 code [0x00000000025e6800, 0x00000000025e6930]
Event: 7.728 Thread 0x0000000010f7f000 nmethod 276 0x00000000025e6210 code [0x00000000025e6380, 0x00000000025e64d0]
Event: 8.194 Thread 0x0000000010f7f000  278             sun.java2d.loops.SurfaceType::getUniqueID (5 bytes)
Event: 8.194 Thread 0x0000000010f7f000 nmethod 278 0x00000000025e4290 code [0x00000000025e43c0, 0x00000000025e4418]
Event: 8.212 Thread 0x0000000010f79000  279             com.googlecode.javacv.cpp.opencv_core$IplImage::flipCopyWithGamma (608 bytes)
Event: 8.213 Thread 0x0000000010f7f000  280             java.nio.DirectByteBuffer::put (17 bytes)
Event: 8.214 Thread 0x0000000010f7f000 nmethod 280 0x0000000002652190 code [0x00000000026522c0, 0x0000000002652358]
Event: 8.261 Thread 0x0000000010f79000 nmethod 279 0x0000000002681350 code [0x0000000002681660, 0x0000000002683d10]
Event: 8.262 Thread 0x0000000010f7f000    7 %           com.googlecode.javacv.cpp.opencv_core$IplImage::flipCopyWithGamma @ 484 (608 bytes)
Event: 8.281 Thread 0x0000000010f7f000 nmethod 7% 0x0000000002684c90 code [0x0000000002684f40, 0x00000000026866c0]

GC Heap History (10 events):
Event: 6.727 GC heap before
{Heap before GC invocations=6 (full 1):
 PSYoungGen      total 76352K, used 73845K [0x00000007aacb0000, 0x00000007b7270000, 0x0000000800000000)
  eden space 65472K, 100% used [0x00000007aacb0000,0x00000007aeca0000,0x00000007aeca0000)
  from space 10880K, 76% used [0x00000007aeca0000,0x00000007af4cd410,0x00000007af740000)
  to   space 35776K, 0% used [0x00000007b4f80000,0x00000007b4f80000,0x00000007b7270000)
 ParOldGen       total 270016K, used 269154K [0x0000000700600000, 0x0000000710db0000, 0x00000007aacb0000)
  object space 270016K, 99% used [0x0000000700600000,0x0000000710cd8b68,0x0000000710db0000)
 PSPermGen       total 21248K, used 17951K [0x00000006fb400000, 0x00000006fc8c0000, 0x0000000700600000)
  object space 21248K, 84% used [0x00000006fb400000,0x00000006fc587fd0,0x00000006fc8c0000)
Event: 6.774 GC heap after
Heap after GC invocations=6 (full 1):
 PSYoungGen      total 76352K, used 0K [0x00000007aacb0000, 0x00000007b7270000, 0x0000000800000000)
  eden space 65472K, 0% used [0x00000007aacb0000,0x00000007aacb0000,0x00000007aeca0000)
  from space 10880K, 0% used [0x00000007aeca0000,0x00000007aeca0000,0x00000007af740000)
  to   space 35776K, 0% used [0x00000007b4f80000,0x00000007b4f80000,0x00000007b7270000)
 ParOldGen       total 141888K, used 29105K [0x0000000700600000, 0x0000000709090000, 0x00000007aacb0000)
  object space 141888K, 20% used [0x0000000700600000,0x000000070226c648,0x0000000709090000)
 PSPermGen       total 36160K, used 17945K [0x00000006fb400000, 0x00000006fd750000, 0x0000000700600000)
  object space 36160K, 49% used [0x00000006fb400000,0x00000006fc586578,0x00000006fd750000)
}
Event: 6.914 GC heap before
{Heap before GC invocations=7 (full 1):
 PSYoungGen      total 76352K, used 63862K [0x00000007aacb0000, 0x00000007b7270000, 0x0000000800000000)
  eden space 65472K, 97% used [0x00000007aacb0000,0x00000007aeb0d9c8,0x00000007aeca0000)
  from space 10880K, 0% used [0x00000007aeca0000,0x00000007aeca0000,0x00000007af740000)
  to   space 35776K, 0% used [0x00000007b4f80000,0x00000007b4f80000,0x00000007b7270000)
 ParOldGen       total 141888K, used 41255K [0x0000000700600000, 0x0000000709090000, 0x00000007aacb0000)
  object space 141888K, 29% used [0x0000000700600000,0x0000000702e49e68,0x0000000709090000)
 PSPermGen       total 36160K, used 17948K [0x00000006fb400000, 0x00000006fd750000, 0x0000000700600000)
  object space 36160K, 49% used [0x00000006fb400000,0x00000006fc587018,0x00000006fd750000)
Event: 6.918 GC heap after
Heap after GC invocations=7 (full 1):
 PSYoungGen      total 121408K, used 10981K [0x00000007aacb0000, 0x00000007b5a40000, 0x0000000800000000)
  eden space 110400K, 0% used [0x00000007aacb0000,0x00000007aacb0000,0x00000007b1880000)
  from space 11008K, 99% used [0x00000007b4f80000,0x00000007b5a397a0,0x00000007b5a40000)
  to   space 33024K, 0% used [0x00000007b19c0000,0x00000007b19c0000,0x00000007b3a00000)
 ParOldGen       total 141888K, used 41255K [0x0000000700600000, 0x0000000709090000, 0x00000007aacb0000)
  object space 141888K, 29% used [0x0000000700600000,0x0000000702e49e68,0x0000000709090000)
 PSPermGen       total 36160K, used 17948K [0x00000006fb400000, 0x00000006fd750000, 0x0000000700600000)
  object space 36160K, 49% used [0x00000006fb400000,0x00000006fc587018,0x00000006fd750000)
}
Event: 7.428 GC heap before
{Heap before GC invocations=8 (full 2):
 PSYoungGen      total 121408K, used 121381K [0x00000007aacb0000, 0x00000007b5a40000, 0x0000000800000000)
  eden space 110400K, 100% used [0x00000007aacb0000,0x00000007b1880000,0x00000007b1880000)
  from space 11008K, 99% used [0x00000007b4f80000,0x00000007b5a397a0,0x00000007b5a40000)
  to   space 33024K, 0% used [0x00000007b19c0000,0x00000007b19c0000,0x00000007b3a00000)
 ParOldGen       total 200896K, used 198829K [0x0000000700600000, 0x000000070ca30000, 0x00000007aacb0000)
  object space 200896K, 98% used [0x0000000700600000,0x000000070c82b490,0x000000070ca30000)
 PSPermGen       total 36160K, used 17952K [0x00000006fb400000, 0x00000006fd750000, 0x0000000700600000)
  object space 36160K, 49% used [0x00000006fb400000,0x00000006fc588020,0x00000006fd750000)
Event: 7.453 GC heap after
Heap after GC invocations=8 (full 2):
 PSYoungGen      total 121408K, used 0K [0x00000007aacb0000, 0x00000007b5a40000, 0x0000000800000000)
  eden space 110400K, 0% used [0x00000007aacb0000,0x00000007aacb0000,0x00000007b1880000)
  from space 11008K, 0% used [0x00000007b4f80000,0x00000007b4f80000,0x00000007b5a40000)
  to   space 33024K, 0% used [0x00000007b19c0000,0x00000007b19c0000,0x00000007b3a00000)
 ParOldGen       total 194048K, used 29114K [0x0000000700600000, 0x000000070c380000, 0x00000007aacb0000)
  object space 194048K, 15% used [0x0000000700600000,0x000000070226ea88,0x000000070c380000)
 PSPermGen       total 40448K, used 17951K [0x00000006fb400000, 0x00000006fdb80000, 0x0000000700600000)
  object space 40448K, 44% used [0x00000006fb400000,0x00000006fc587fe0,0x00000006fdb80000)
}
Event: 7.679 GC heap before
{Heap before GC invocations=9 (full 2):
 PSYoungGen      total 121408K, used 110364K [0x00000007aacb0000, 0x00000007b5a40000, 0x0000000800000000)
  eden space 110400K, 99% used [0x00000007aacb0000,0x00000007b18770f0,0x00000007b1880000)
  from space 11008K, 0% used [0x00000007b4f80000,0x00000007b4f80000,0x00000007b5a40000)
  to   space 33024K, 0% used [0x00000007b19c0000,0x00000007b19c0000,0x00000007b3a00000)
 ParOldGen       total 194048K, used 35358K [0x0000000700600000, 0x000000070c380000, 0x00000007aacb0000)
  object space 194048K, 18% used [0x0000000700600000,0x00000007028879a8,0x000000070c380000)
 PSPermGen       total 40448K, used 17952K [0x00000006fb400000, 0x00000006fdb80000, 0x0000000700600000)
  object space 40448K, 44% used [0x00000006fb400000,0x00000006fc5882b0,0x00000006fdb80000)
Event: 7.686 GC heap after
Heap after GC invocations=9 (full 2):
 PSYoungGen      total 144704K, used 29270K [0x00000007aacb0000, 0x00000007b8870000, 0x0000000800000000)
  eden space 111680K, 0% used [0x00000007aacb0000,0x00000007aacb0000,0x00000007b19c0000)
  from space 33024K, 88% used [0x00000007b19c0000,0x00000007b3655bd0,0x00000007b3a00000)
  to   space 38208K, 0% used [0x00000007b6320000,0x00000007b6320000,0x00000007b8870000)
 ParOldGen       total 194048K, used 35358K [0x0000000700600000, 0x000000070c380000, 0x00000007aacb0000)
  object space 194048K, 18% used [0x0000000700600000,0x00000007028879a8,0x000000070c380000)
 PSPermGen       total 40448K, used 17952K [0x00000006fb400000, 0x00000006fdb80000, 0x0000000700600000)
  object space 40448K, 44% used [0x00000006fb400000,0x00000006fc5882b0,0x00000006fdb80000)
}
Event: 8.053 GC heap before
{Heap before GC invocations=10 (full 2):
 PSYoungGen      total 144704K, used 140950K [0x00000007aacb0000, 0x00000007b8870000, 0x0000000800000000)
  eden space 111680K, 100% used [0x00000007aacb0000,0x00000007b19c0000,0x00000007b19c0000)
  from space 33024K, 88% used [0x00000007b19c0000,0x00000007b3655bd0,0x00000007b3a00000)
  to   space 38208K, 0% used [0x00000007b6320000,0x00000007b6320000,0x00000007b8870000)
 ParOldGen       total 194048K, used 115854K [0x0000000700600000, 0x000000070c380000, 0x00000007aacb0000)
  object space 194048K, 59% used [0x0000000700600000,0x0000000707723878,0x000000070c380000)
 PSPermGen       total 40448K, used 17955K [0x00000006fb400000, 0x00000006fdb80000, 0x0000000700600000)
  object space 40448K, 44% used [0x00000006fb400000,0x00000006fc588cb8,0x00000006fdb80000)
Event: 8.054 GC heap after
Heap after GC invocations=10 (full 2):
 PSYoungGen      total 180928K, used 762K [0x00000007aacb0000, 0x00000007b85d0000, 0x0000000800000000)
  eden space 145408K, 0% used [0x00000007aacb0000,0x00000007aacb0000,0x00000007b3ab0000)
  from space 35520K, 2% used [0x00000007b6320000,0x00000007b63de930,0x00000007b85d0000)
  to   space 38464K, 0% used [0x00000007b3ab0000,0x00000007b3ab0000,0x00000007b6040000)
 ParOldGen       total 194048K, used 115854K [0x0000000700600000, 0x000000070c380000, 0x00000007aacb0000)
  object space 194048K, 59% used [0x0000000700600000,0x0000000707723878,0x000000070c380000)
 PSPermGen       total 40448K, used 17955K [0x00000006fb400000, 0x00000006fdb80000, 0x0000000700600000)
  object space 40448K, 44% used [0x00000006fb400000,0x00000006fc588cb8,0x00000006fdb80000)
}

Deoptimization events (10 events):
Event: 3.795 Thread 0x0000000016dec000 Uncommon trap -83 fr.pc 0x00000000025e62f4
Event: 3.842 Thread 0x0000000016dec000 Uncommon trap -83 fr.pc 0x00000000025e4304
Event: 3.856 Thread 0x0000000016dec000 Uncommon trap -83 fr.pc 0x0000000002618fa8
Event: 3.915 Thread 0x0000000016dec000 Uncommon trap -83 fr.pc 0x000000000261287c
Event: 3.945 Thread 0x0000000016dec000 Uncommon trap -83 fr.pc 0x0000000002606e98
Event: 8.211 Thread 0x0000000013685000 Uncommon trap -122 fr.pc 0x000000000267bf08
Event: 8.212 Thread 0x0000000013685000 Uncommon trap -34 fr.pc 0x00000000026776a0
Event: 8.212 Thread 0x0000000013685000 Uncommon trap -34 fr.pc 0x00000000026776a0
Event: 8.212 Thread 0x0000000013685000 Uncommon trap -34 fr.pc 0x00000000026776a0
Event: 8.212 Thread 0x0000000013685000 Uncommon trap -34 fr.pc 0x00000000026776a0

Internal exceptions (10 events):
Event: 3.996 Thread 0x0000000016dec000 Threw 0x00000007ab7b6620 at C:\jdk7u1_64p\jdk7u7\hotspot\src\share\vm\prims\jvm.cpp:1166
Event: 3.996 Thread 0x0000000016dec000 Threw 0x00000007ab7b93f0 at C:\jdk7u1_64p\jdk7u7\hotspot\src\share\vm\prims\jvm.cpp:1166
Event: 3.997 Thread 0x0000000016dec000 Threw 0x00000007ab7bc5a0 at C:\jdk7u1_64p\jdk7u7\hotspot\src\share\vm\prims\jvm.cpp:1166
Event: 3.997 Thread 0x0000000016dec000 Threw 0x00000007ab7bf370 at C:\jdk7u1_64p\jdk7u7\hotspot\src\share\vm\prims\jvm.cpp:1166
Event: 4.117 Thread 0x0000000016ded800 Threw 0x00000007abd002f0 at C:\jdk7u1_64p\jdk7u7\hotspot\src\share\vm\prims\jvm.cpp:1166
Event: 4.120 Thread 0x0000000016ded800 Threw 0x00000007abd10b80 at C:\jdk7u1_64p\jdk7u7\hotspot\src\share\vm\prims\jvm.cpp:1166
Event: 4.321 Thread 0x0000000016ded800 Threw 0x00000007ac7b2078 at C:\jdk7u1_64p\jdk7u7\hotspot\src\share\vm\prims\jvm.cpp:1166
Event: 8.183 Thread 0x0000000013685000 Threw 0x00000007aacbb228 at C:\jdk7u1_64p\jdk7u7\hotspot\src\share\vm\prims\jvm.cpp:1166
Event: 8.184 Thread 0x0000000013685000 Threw 0x00000007aacc0810 at C:\jdk7u1_64p\jdk7u7\hotspot\src\share\vm\prims\jvm.cpp:1166
Event: 8.211 Thread 0x0000000013685000 Threw 0x00000007ad8971c8 at C:\jdk7u1_64p\jdk7u7\hotspot\src\share\vm\prims\jvm.cpp:1166

Events (10 events):
Event: 8.211 Thread 0x0000000013685000 DEOPT PACKING pc=0x000000000267bf08 sp=0x000000001de7cc60
Event: 8.211 Thread 0x0000000013685000 DEOPT UNPACKING pc=0x0000000002559164 sp=0x000000001de7cc60 mode 2
Event: 8.212 Thread 0x0000000013685000 DEOPT PACKING pc=0x00000000026776a0 sp=0x000000001de7cc60
Event: 8.212 Thread 0x0000000013685000 DEOPT UNPACKING pc=0x0000000002559164 sp=0x000000001de7cc58 mode 2
Event: 8.212 Thread 0x0000000013685000 DEOPT PACKING pc=0x00000000026776a0 sp=0x000000001de7cc60
Event: 8.212 Thread 0x0000000013685000 DEOPT UNPACKING pc=0x0000000002559164 sp=0x000000001de7cc58 mode 2
Event: 8.212 Thread 0x0000000013685000 DEOPT PACKING pc=0x00000000026776a0 sp=0x000000001de7cc60
Event: 8.212 Thread 0x0000000013685000 DEOPT UNPACKING pc=0x0000000002559164 sp=0x000000001de7cc58 mode 2
Event: 8.212 Thread 0x0000000013685000 DEOPT PACKING pc=0x00000000026776a0 sp=0x000000001de7cc60
Event: 8.212 Thread 0x0000000013685000 DEOPT UNPACKING pc=0x0000000002559164 sp=0x000000001de7cc58 mode 2


Dynamic libraries:
0x000007f7f0ad0000 - 0x000007f7f0b04000 	F:\Program Files\Java\Jre7\bin\javaw.exe
0x000007f95e1d0000 - 0x000007f95e38e000 	C:\WINDOWS\SYSTEM32\ntdll.dll
0x000007f95d7e0000 - 0x000007f95d916000 	C:\WINDOWS\system32\KERNEL32.DLL
0x000007f95b470000 - 0x000007f95b563000 	C:\WINDOWS\system32\KERNELBASE.dll
0x000007f95ca50000 - 0x000007f95cb2e000 	C:\WINDOWS\system32\ADVAPI32.dll
0x000007f95ce50000 - 0x000007f95cf9c000 	C:\WINDOWS\system32\USER32.dll
0x000007f958910000 - 0x000007f958b79000 	C:\WINDOWS\WinSxS\amd64_microsoft.windows.common-controls_6595b64144ccf1df_6.0.9200.16384_none_418c2a697189c07f\COMCTL32.dll
0x000007f95d590000 - 0x000007f95d635000 	C:\WINDOWS\system32\msvcrt.dll
0x000007f95db40000 - 0x000007f95db88000 	C:\WINDOWS\SYSTEM32\sechost.dll
0x000007f95d6a0000 - 0x000007f95d7e0000 	C:\WINDOWS\system32\RPCRT4.dll
0x000007f95b620000 - 0x000007f95b760000 	C:\WINDOWS\system32\GDI32.dll
0x000007f95dcd0000 - 0x000007f95dd09000 	C:\WINDOWS\system32\IMM32.DLL
0x000007f95cd30000 - 0x000007f95ce45000 	C:\WINDOWS\system32\MSCTF.dll
0x000007f95b0c0000 - 0x000007f95b0c8000 	C:\PROGRA~2\NVIDIA~1\3DVISI~1\NVSTIN~1.DLL
0x000007f95d990000 - 0x000007f95d997000 	C:\WINDOWS\system32\PSAPI.DLL
0x000000006f560000 - 0x000000006f603000 	C:\WINDOWS\WinSxS\amd64_microsoft.vc90.crt_1fc8b3b9a1e18e3b_9.0.30729.6871_none_08e717a5a83adddf\MSVCR90.dll
0x000000006db00000 - 0x000000006dbd1000 	F:\Program Files\Java\Jre7\bin\msvcr100.dll
0x000000006d3e0000 - 0x000000006daff000 	F:\Program Files\Java\Jre7\bin\server\jvm.dll
0x000007f953860000 - 0x000007f953869000 	C:\WINDOWS\SYSTEM32\WSOCK32.dll
0x000007f958800000 - 0x000007f958820000 	C:\WINDOWS\SYSTEM32\WINMM.dll
0x000007f95d920000 - 0x000007f95d978000 	C:\WINDOWS\system32\WS2_32.dll
0x000007f958100000 - 0x000007f958132000 	C:\WINDOWS\SYSTEM32\WINMMBASE.dll
0x000007f95dd10000 - 0x000007f95dd19000 	C:\WINDOWS\system32\NSI.dll
0x000000006d3d0000 - 0x000000006d3df000 	F:\Program Files\Java\Jre7\bin\verify.dll
0x000000006d3a0000 - 0x000000006d3c8000 	F:\Program Files\Java\Jre7\bin\java.dll
0x000000006d380000 - 0x000000006d395000 	F:\Program Files\Java\Jre7\bin\zip.dll
0x000000006c580000 - 0x000000006c713000 	F:\Program Files\Java\Jre7\bin\awt.dll
0x000007f95db90000 - 0x000007f95dc53000 	C:\WINDOWS\system32\OLEAUT32.dll
0x000007f95d3e0000 - 0x000007f95d590000 	C:\WINDOWS\system32\combase.dll
0x000007f955390000 - 0x000007f95542f000 	C:\WINDOWS\system32\apphelp.dll
0x000007f959ec0000 - 0x000007f959fa3000 	C:\WINDOWS\system32\uxtheme.dll
0x000007f9552f0000 - 0x000007f955385000 	C:\Program Files\Common Files\microsoft shared\ink\tiptsf.dll
0x000007f959650000 - 0x000007f959671000 	C:\WINDOWS\SYSTEM32\dwmapi.dll
0x000007f95cfa0000 - 0x000007f95d11e000 	C:\WINDOWS\system32\ole32.dll
0x000007f95af30000 - 0x000007f95af3a000 	C:\WINDOWS\SYSTEM32\CRYPTBASE.dll
0x000007f95aeb0000 - 0x000007f95af0c000 	C:\WINDOWS\SYSTEM32\bcryptPrimitives.dll
0x000007f95b760000 - 0x000007f95ca48000 	C:\WINDOWS\system32\SHELL32.dll
0x000007f95dc80000 - 0x000007f95dcd0000 	C:\WINDOWS\system32\SHLWAPI.dll
0x000007f95a290000 - 0x000007f95a326000 	C:\WINDOWS\SYSTEM32\shcore.dll
0x000000006e430000 - 0x000000006e4c8000 	C:\Windows\System32\msvcp100.dll
0x000007f945e60000 - 0x000007f9460b8000 	C:\opencv\build\x64\vc10\bin\opencv_core243.dll
0x000007f954c40000 - 0x000007f954cd5000 	C:\Users\Jonas\AppData\Local\Temp\javacpp233218992201869\jniopencv_core.dll
0x000007f943c30000 - 0x000007f943ed5000 	C:\opencv\build\x64\vc10\bin\opencv_imgproc243.dll
0x000007f954bf0000 - 0x000007f954c38000 	C:\Users\Jonas\AppData\Local\Temp\javacpp233218992201869\jniopencv_imgproc.dll
0x0000000066840000 - 0x00000000675ca000 	C:\opencv\build\x64\vc10\bin\opencv_ffmpeg243_64.dll
0x000007f9422f0000 - 0x000007f94253b000 	C:\opencv\build\x64\vc10\bin\opencv_highgui243.dll
0x000007f954af0000 - 0x000007f954b10000 	C:\WINDOWS\SYSTEM32\AVIFIL32.dll
0x000007f9547b0000 - 0x000007f9547d9000 	C:\WINDOWS\SYSTEM32\MSVFW32.dll
0x000007f954b70000 - 0x000007f954b87000 	C:\WINDOWS\SYSTEM32\AVICAP32.dll
0x000007f948660000 - 0x000007f948679000 	C:\WINDOWS\SYSTEM32\MSACM32.dll
0x000007f959620000 - 0x000007f959629000 	C:\WINDOWS\SYSTEM32\VERSION.dll
0x000007f954a20000 - 0x000007f954a33000 	C:\Users\Jonas\AppData\Local\Temp\javacpp233218992201869\jniopencv_highgui.dll
0x000007f95cc90000 - 0x000007f95cd26000 	C:\WINDOWS\SYSTEM32\clbcatq.dll
0x000007f954980000 - 0x000007f954997000 	C:\Windows\System32\devenum.dll
0x000007f95e000000 - 0x000007f95e1d0000 	C:\WINDOWS\system32\setupapi.dll
0x000007f95b390000 - 0x000007f95b3df000 	C:\WINDOWS\system32\CFGMGR32.dll
0x000007f95b440000 - 0x000007f95b462000 	C:\WINDOWS\system32\DEVOBJ.dll
0x000007f954440000 - 0x000007f95446e000 	C:\WINDOWS\SYSTEM32\ntmarta.dll
0x000007f95b3e0000 - 0x000007f95b435000 	C:\WINDOWS\system32\WINTRUST.dll
0x000007f95b1b0000 - 0x000007f95b387000 	C:\WINDOWS\system32\CRYPT32.dll
0x000007f95b190000 - 0x000007f95b1a6000 	C:\WINDOWS\system32\MSASN1.dll
0x000007f9587f0000 - 0x000007f9587fd000 	C:\WINDOWS\SYSTEM32\msdmo.dll
0x000007f952370000 - 0x000007f95239f000 	C:\Windows\System32\qcap.dll
0x000007f944d50000 - 0x000007f944f08000 	C:\Windows\System32\quartz.dll
0x000007f951fc0000 - 0x000007f951fff000 	C:\Windows\System32\ksproxy.ax
0x000007f955b30000 - 0x000007f955b37000 	C:\Windows\System32\ksuser.dll
0x000007f94a240000 - 0x000007f94a440000 	C:\Windows\System32\d3d9.dll
0x000007f957430000 - 0x000007f95743c000 	C:\Windows\System32\vidcap.ax
0x000007f952150000 - 0x000007f952174000 	C:\Windows\System32\kswdmcap.ax
0x000007f943950000 - 0x000007f943aa4000 	C:\Windows\System32\MFC42.dll
0x000007f945700000 - 0x000007f9457be000 	C:\Windows\System32\ODBC32.dll
0x000007f945820000 - 0x000007f9458b5000 	C:\Windows\System32\qedit.dll
0x000007f95df50000 - 0x000007f95dff1000 	C:\WINDOWS\system32\COMDLG32.dll
0x000007f95d9a0000 - 0x000007f95db40000 	C:\WINDOWS\WinSxS\amd64_microsoft.windows.gdiplus_6595b64144ccf1df_1.1.9200.16384_none_72771d4ecc1c3a4d\gdiplus.dll
0x000007f942540000 - 0x000007f94262a000 	C:\WINDOWS\SYSTEM32\DDRAW.dll
0x000007f957440000 - 0x000007f957448000 	C:\WINDOWS\SYSTEM32\DCIMAN32.dll
0x000000006c540000 - 0x000000006c574000 	F:\Program Files\Java\Jre7\bin\fontmanager.dll
0x000007f93d8c0000 - 0x000007f93ea40000 	C:\WINDOWS\SYSTEM32\nvd3dumx.dll
0x000007f95afb0000 - 0x000007f95aff3000 	C:\WINDOWS\SYSTEM32\powrprof.dll
0x0000000180000000 - 0x0000000180116000 	C:\Program Files (x86)\NVIDIA Corporation\3D Vision\nvSCPAPI64.dll
0x000007f958830000 - 0x000007f9588a4000 	C:\WINDOWS\SYSTEM32\dxgi.dll
0x000007f957c90000 - 0x000007f957f52000 	C:\WINDOWS\SYSTEM32\nvapi64.dll
0x000007f958140000 - 0x000007f95815f000 	C:\WINDOWS\SYSTEM32\DXGIDebug.dll
0x000000006d360000 - 0x000000006d379000 	F:\Program Files\Java\Jre7\bin\net.dll
0x000007f95a920000 - 0x000007f95a97c000 	C:\WINDOWS\system32\mswsock.dll
0x000000006d340000 - 0x000000006d351000 	F:\Program Files\Java\Jre7\bin\nio.dll
0x000000006c4f0000 - 0x000000006c531000 	F:\Program Files\Java\Jre7\bin\t2k.dll
0x000007f958d90000 - 0x000007f958f1a000 	C:\WINDOWS\SYSTEM32\WindowsCodecs.dll
0x000007f95b0e0000 - 0x000007f95b0f5000 	C:\WINDOWS\SYSTEM32\profapi.dll
0x000007f957fd0000 - 0x000007f958039000 	C:\WINDOWS\SYSTEM32\oleacc.dll
0x000000006c4c0000 - 0x000000006c4ea000 	F:\Program Files\Java\Jre7\bin\dcpr.dll
0x000007f948020000 - 0x000007f948183000 	C:\WINDOWS\SYSTEM32\dbghelp.dll

VM Arguments:
jvm_args: -Dfile.encoding=Cp1252 
java_command: emcscanner.kth.se.Program
Launcher Type: SUN_STANDARD

Environment Variables:
PATH=C:\Program Files (x86)\NVIDIA Corporation\PhysX\Common;C:\WINDOWS\system32;C:\WINDOWS;C:\WINDOWS\System32\Wbem;C:\WINDOWS\System32\WindowsPowerShell\v1.0\;C:\Program Files (x86)\Microsoft SQL Server\90\Tools\binn\;C:\Program Files (x86)\Autodesk\Backburner\;F:\Program Files\MATLAB\R2012a\runtime\win64;F:\Program Files\MATLAB\R2012a\bin;PROGRAMFILES\Internet Explorer;C:\Program Files\Perforce;F:\Program Files\Perforce;C:\Program Files\Microsoft\Web Platform Installer\;C:\Program Files (x86)\Microsoft ASP.NET\ASP.NET Web Pages\v1.0\;C:\Program Files (x86)\Windows Kits\8.0\Windows Performance Toolkit\;C:\Program Files\Microsoft SQL Server\110\Tools\Binn\;F:\Program Files\Perforce\Server
USERNAME=Jonas
OS=Windows_NT
PROCESSOR_IDENTIFIER=Intel64 Family 6 Model 42 Stepping 7, GenuineIntel



---------------  S Y S T E M  ---------------

OS: Windows 8 , 64 bit Build 9200 

CPU:total 8 (4 cores per cpu, 2 threads per core) family 6 model 42 stepping 7, cmov, cx8, fxsr, mmx, sse, sse2, sse3, ssse3, sse4.1, sse4.2, popcnt, avx, ht, tsc, tscinvbit

Memory: 4k page, physical 16751668k(11365628k free), swap 33528884k(23200400k free)

vm_info: Java HotSpot(TM) 64-Bit Server VM (23.3-b01) for windows-amd64 JRE (1.7.0_07-b11), built on Sep  7 2012 01:19:25 by "java_re" with unknown MS VC++:1600

time: Thu Jan 31 16:42:35 2013
elapsed time: 8 seconds

