#
# A fatal error has been detected by the Java Runtime Environment:
#
#  EXCEPTION_ACCESS_VIOLATION (0xc0000005) at pc=0x000007fe834a8bc0, pid=1668, tid=8012
#
# JRE version: 7.0_07-b11
# Java VM: Java HotSpot(TM) 64-Bit Server VM (23.3-b01 mixed mode windows-amd64 compressed oops)
# Problematic frame:
# C  [ntdll.dll+0x18bc0]  RtlQueueWorkItem+0x8a0
#
# Failed to write core dump. Minidumps are not enabled by default on client versions of Windows
#
# If you would like to submit a bug report, please visit:
#   http://bugreport.sun.com/bugreport/crash.jsp
# The crash happened outside the Java Virtual Machine in native code.
# See problematic frame for where to report the bug.
#

---------------  T H R E A D  ---------------

Current thread (0x000000001a3a9000):  JavaThread "threadDisplay" daemon [_thread_in_native, id=8012, stack(0x0000000021630000,0x0000000021730000)]

siginfo: ExceptionCode=0xc0000005, writing address 0x0000000000000024

Registers:
RAX=0x0000000000000000, RBX=0x00000000194f8dc8, RCX=0x00000000fffffffc, RDX=0x0000000000000788
RSP=0x000000002172ee50, RBP=0x0000000000000000, RSI=0x0000000000000788, RDI=0x0000000000000000
R8 =0xffffffffffffffff, R9 =0x0000000000000004, R10=0x0000000000000000, R11=0x0000000000000246
R12=0x0000000000000000, R13=0x0000000000000000, R14=0x000007f616ef0000, R15=0x0000000000000000
RIP=0x000007fe834a8bc0, EFLAGS=0x0000000000010213

Top of Stack: (sp=0x000000002172ee50)
0x000000002172ee50:   0000000000000788 00000006fb5556b8
0x000000002172ee60:   0000000002ea61f8 0000000000000000
0x000000002172ee70:   0000000000000000 3ff0000000000000
0x000000002172ee80:   0000000000000000 0000000000000000
0x000000002172ee90:   0000000000000000 00000007ae230128
0x000000002172eea0:   0000000000001680 00000007ae2300e8
0x000000002172eeb0:   000000002172eeb0 000007fe805810ea
0x000000002172eec0:   000000002172ef80 00000006fc2eaf08
0x000000002172eed0:   000013ca842f3912 00000006fc1b7ea8
0x000000002172eee0:   0000000000000004 0000000000000001
0x000000002172eef0:   000000002103e050 00000000ff000000
0x000000002172ef00:   0000000000000000 0000000000000000
0x000000002172ef10:   000007f616ef0000 000007fe8349f4d4
0x000000002172ef20:   0000000000000000 0000000000000000
0x000000002172ef30:   00000000194f8dc8 0000000000000000
0x000000002172ef40:   0000000000000000 000000001a3a91d8 

Instructions: (pc=0x000007fe834a8bc0)
0x000007fe834a8ba0:   43 08 a8 01 0f 85 bd 67 ff ff 8b c8 2b cd f0 0f
0x000007fe834a8bb0:   b1 4b 08 75 ea 48 8b 03 33 ed 48 83 f8 ff 74 03
0x000007fe834a8bc0:   ff 40 24 41 bf 82 03 fe 7f 41 80 3f 00 0f 85 69
0x000007fe834a8bd0:   7a 0e 00 48 83 fe ff 0f 84 bf 7a 0e 00 4c 8b c7 


Register to memory mapping:

RAX=0x0000000000000000 is an unknown value
RBX=0x00000000194f8dc8 is an unknown value
RCX=0x00000000fffffffc is an unknown value
RDX=0x0000000000000788 is an unknown value
RSP=0x000000002172ee50 is pointing into the stack for thread: 0x000000001a3a9000
RBP=0x0000000000000000 is an unknown value
RSI=0x0000000000000788 is an unknown value
RDI=0x0000000000000000 is an unknown value
R8 =0xffffffffffffffff is an unknown value
R9 =0x0000000000000004 is an unknown value
R10=0x0000000000000000 is an unknown value
R11=0x0000000000000246 is an unknown value
R12=0x0000000000000000 is an unknown value
R13=0x0000000000000000 is an unknown value
R14=0x000007f616ef0000 is an unknown value
R15=0x0000000000000000 is an unknown value


Stack: [0x0000000021630000,0x0000000021730000],  sp=0x000000002172ee50,  free space=1019k
Native frames: (J=compiled Java code, j=interpreted, Vv=VM code, C=native code)
C  [ntdll.dll+0x18bc0]  RtlQueueWorkItem+0x8a0

[error occurred during error reporting (printing native stack), id 0xc0000005]

Java frames: (J=compiled Java code, j=interpreted, Vv=VM code)
j  com.googlecode.javacv.cpp.opencv_highgui.cvRetrieveFrame(Lcom/googlecode/javacv/cpp/opencv_highgui$CvCapture;I)Lcom/googlecode/javacv/cpp/opencv_core$IplImage;+0
j  com.googlecode.javacv.cpp.opencv_highgui.cvRetrieveFrame(Lcom/googlecode/javacv/cpp/opencv_highgui$CvCapture;)Lcom/googlecode/javacv/cpp/opencv_core$IplImage;+2
j  com.googlecode.javacv.OpenCVFrameGrabber.grab()Lcom/googlecode/javacv/cpp/opencv_core$IplImage;+4
j  emcscanner.kth.se.CameraPanel$1.run()V+3
v  ~StubRoutines::call_stub

---------------  P R O C E S S  ---------------

Java Threads: ( => current thread )
  0x00000000193ed800 JavaThread "Thread-3" [_thread_in_native, id=6852, stack(0x000000001de80000,0x000000001df80000)]
  0x000000001ae65800 JavaThread "Thread-0" daemon [_thread_in_native, id=6100, stack(0x0000000019590000,0x0000000019690000)]
  0x000000001b002800 JavaThread "ICEpdf-pagePainter" daemon [_thread_blocked, id=2248, stack(0x0000000021a70000,0x0000000021b70000)]
  0x00000000190d2000 JavaThread "ICEpdf-pageInitializer" daemon [_thread_blocked, id=7728, stack(0x0000000021840000,0x0000000021940000)]
  0x0000000002d9e000 JavaThread "DestroyJavaVM" [_thread_blocked, id=3592, stack(0x0000000002c30000,0x0000000002d30000)]
=>0x000000001a3a9000 JavaThread "threadDisplay" daemon [_thread_in_native, id=8012, stack(0x0000000021630000,0x0000000021730000)]
  0x0000000018fcd800 JavaThread "TimerQueue" daemon [_thread_blocked, id=1996, stack(0x0000000019790000,0x0000000019890000)]
  0x000000001431e800 JavaThread "AWT-EventQueue-0" [_thread_blocked, id=7732, stack(0x0000000019690000,0x0000000019790000)]
  0x00000000140cd800 JavaThread "AWT-Windows" daemon [_thread_in_native, id=7172, stack(0x0000000014be0000,0x0000000014ce0000)]
  0x00000000140c5000 JavaThread "AWT-Shutdown" [_thread_blocked, id=8048, stack(0x0000000014ae0000,0x0000000014be0000)]
  0x00000000140c4000 JavaThread "Java2D Disposer" daemon [_thread_blocked, id=4248, stack(0x00000000149e0000,0x0000000014ae0000)]
  0x00000000119c2800 JavaThread "Service Thread" daemon [_thread_blocked, id=6988, stack(0x0000000013db0000,0x0000000013eb0000)]
  0x00000000119bf800 JavaThread "C2 CompilerThread1" daemon [_thread_blocked, id=6960, stack(0x0000000013cb0000,0x0000000013db0000)]
  0x00000000119bb000 JavaThread "C2 CompilerThread0" daemon [_thread_blocked, id=7516, stack(0x0000000013bb0000,0x0000000013cb0000)]
  0x00000000119b7800 JavaThread "Attach Listener" daemon [_thread_blocked, id=644, stack(0x0000000013ab0000,0x0000000013bb0000)]
  0x00000000119ab000 JavaThread "Signal Dispatcher" daemon [_thread_blocked, id=3672, stack(0x00000000139b0000,0x0000000013ab0000)]
  0x000000001194e800 JavaThread "Finalizer" daemon [_thread_blocked, id=3244, stack(0x00000000138b0000,0x00000000139b0000)]
  0x0000000011947000 JavaThread "Reference Handler" daemon [_thread_blocked, id=2708, stack(0x00000000137b0000,0x00000000138b0000)]

Other Threads:
  0x0000000011942000 VMThread [stack: 0x00000000136b0000,0x00000000137b0000] [id=7932]
  0x00000000119d7000 WatcherThread [stack: 0x0000000013eb0000,0x0000000013fb0000] [id=7684]

VM state:not at safepoint (normal execution)

VM Mutex/Monitor currently owned by a thread: None

Heap
 PSYoungGen      total 431680K, used 77898K [0x00000007aacb0000, 0x00000007c74c0000, 0x0000000800000000)
  eden space 407104K, 19% used [0x00000007aacb0000,0x00000007af8c2b38,0x00000007c3a40000)
  from space 24576K, 0% used [0x00000007c4880000,0x00000007c4880000,0x00000007c6080000)
  to   space 20736K, 0% used [0x00000007c6080000,0x00000007c6080000,0x00000007c74c0000)
 ParOldGen       total 227392K, used 21247K [0x0000000700600000, 0x000000070e410000, 0x00000007aacb0000)
  object space 227392K, 9% used [0x0000000700600000,0x0000000701abff80,0x000000070e410000)
 PSPermGen       total 33280K, used 17775K [0x00000006fb400000, 0x00000006fd480000, 0x0000000700600000)
  object space 33280K, 53% used [0x00000006fb400000,0x00000006fc55bd90,0x00000006fd480000)

Card table byte_map: [0x0000000005f60000,0x0000000006790000] byte_map_base: 0x0000000002786000

Polling page: 0x0000000001200000

Code Cache  [0x0000000002ea0000, 0x0000000003110000, 0x0000000005ea0000)
 total_blobs=905 nmethods=317 adapters=539 free_code_cache=47740Kb largest_free_block=48842240

Compilation events (10 events):
Event: 38.593 Thread 0x00000000119bf800  320             java.awt.Component::isShowing (38 bytes)
Event: 38.593 Thread 0x00000000119bf800 nmethod 320 0x0000000002f73750 code [0x0000000002f738a0, 0x0000000002f73958]
Event: 38.636 Thread 0x00000000119bb000  321             sun.awt.AWTAutoShutdown::isReadyToShutdown (35 bytes)
Event: 38.636 Thread 0x00000000119bb000 nmethod 321 0x0000000002f71c10 code [0x0000000002f71d60, 0x0000000002f71e48]
Event: 38.906 Thread 0x00000000119bf800  322             javax.swing.text.GapVector::getGapStart (5 bytes)
Event: 38.906 Thread 0x00000000119bf800 nmethod 322 0x0000000002f71a10 code [0x0000000002f71b40, 0x0000000002f71b98]
Event: 38.907 Thread 0x00000000119bb000  323             javax.swing.text.GapVector::getGapEnd (5 bytes)
Event: 38.907 Thread 0x00000000119bb000 nmethod 323 0x0000000002f71810 code [0x0000000002f71940, 0x0000000002f71998]
Event: 39.145 Thread 0x00000000119bf800  324             java.awt.image.Raster::getNumDataElements (8 bytes)
Event: 39.145 Thread 0x00000000119bf800 nmethod 324 0x0000000002f714d0 code [0x0000000002f71620, 0x0000000002f716b8]

GC Heap History (10 events):
Event: 23.092 GC heap before
{Heap before GC invocations=13 (full 3):
 PSYoungGen      total 363584K, used 347105K [0x00000007aacb0000, 0x00000007c8980000, 0x0000000800000000)
  eden space 333696K, 98% used [0x00000007aacb0000,0x00000007bed94398,0x00000007bf290000)
  from space 29888K, 61% used [0x00000007bf290000,0x00000007c04a4430,0x00000007c0fc0000)
  to   space 29824K, 0% used [0x00000007c6c60000,0x00000007c6c60000,0x00000007c8980000)
 ParOldGen       total 179136K, used 33384K [0x0000000700600000, 0x000000070b4f0000, 0x00000007aacb0000)
  object space 179136K, 18% used [0x0000000700600000,0x000000070269a028,0x000000070b4f0000)
 PSPermGen       total 38656K, used 17721K [0x00000006fb400000, 0x00000006fd9c0000, 0x0000000700600000)
  object space 38656K, 45% used [0x00000006fb400000,0x00000006fc54e438,0x00000006fd9c0000)
Event: 23.097 GC heap after
Heap after GC invocations=13 (full 3):
 PSYoungGen      total 444352K, used 18417K [0x00000007aacb0000, 0x00000007c8280000, 0x0000000800000000)
  eden space 421696K, 0% used [0x00000007aacb0000,0x00000007aacb0000,0x00000007c4880000)
  from space 22656K, 81% used [0x00000007c6c60000,0x00000007c7e5c430,0x00000007c8280000)
  to   space 29696K, 0% used [0x00000007c4880000,0x00000007c4880000,0x00000007c6580000)
 ParOldGen       total 179136K, used 33384K [0x0000000700600000, 0x000000070b4f0000, 0x00000007aacb0000)
  object space 179136K, 18% used [0x0000000700600000,0x000000070269a028,0x000000070b4f0000)
 PSPermGen       total 38656K, used 17721K [0x00000006fb400000, 0x00000006fd9c0000, 0x0000000700600000)
  object space 38656K, 45% used [0x00000006fb400000,0x00000006fc54e438,0x00000006fd9c0000)
}
Event: 27.526 GC heap before
{Heap before GC invocations=14 (full 4):
 PSYoungGen      total 444352K, used 438426K [0x00000007aacb0000, 0x00000007c8280000, 0x0000000800000000)
  eden space 421696K, 99% used [0x00000007aacb0000,0x00000007c46da510,0x00000007c4880000)
  from space 22656K, 81% used [0x00000007c6c60000,0x00000007c7e5c430,0x00000007c8280000)
  to   space 29696K, 0% used [0x00000007c4880000,0x00000007c4880000,0x00000007c6580000)
 ParOldGen       total 422336K, used 422185K [0x0000000700600000, 0x000000071a270000, 0x00000007aacb0000)
  object space 422336K, 99% used [0x0000000700600000,0x000000071a24a428,0x000000071a270000)
 PSPermGen       total 38656K, used 17724K [0x00000006fb400000, 0x00000006fd9c0000, 0x0000000700600000)
  object space 38656K, 45% used [0x00000006fb400000,0x00000006fc54f2a8,0x00000006fd9c0000)
Event: 27.568 GC heap after
Heap after GC invocations=14 (full 4):
 PSYoungGen      total 444352K, used 0K [0x00000007aacb0000, 0x00000007c8280000, 0x0000000800000000)
  eden space 421696K, 0% used [0x00000007aacb0000,0x00000007aacb0000,0x00000007c4880000)
  from space 22656K, 0% used [0x00000007c6c60000,0x00000007c6c60000,0x00000007c8280000)
  to   space 29696K, 0% used [0x00000007c4880000,0x00000007c4880000,0x00000007c6580000)
 ParOldGen       total 232960K, used 21243K [0x0000000700600000, 0x000000070e980000, 0x00000007aacb0000)
  object space 232960K, 9% used [0x0000000700600000,0x0000000701abec50,0x000000070e980000)
 PSPermGen       total 37120K, used 17724K [0x00000006fb400000, 0x00000006fd840000, 0x0000000700600000)
  object space 37120K, 47% used [0x00000006fb400000,0x00000006fc54f2a8,0x00000006fd840000)
}
Event: 32.048 GC heap before
{Heap before GC invocations=15 (full 5):
 PSYoungGen      total 444352K, used 420040K [0x00000007aacb0000, 0x00000007c8280000, 0x0000000800000000)
  eden space 421696K, 99% used [0x00000007aacb0000,0x00000007c46e21b0,0x00000007c4880000)
  from space 22656K, 0% used [0x00000007c6c60000,0x00000007c6c60000,0x00000007c8280000)
  to   space 29696K, 0% used [0x00000007c4880000,0x00000007c4880000,0x00000007c6580000)
 ParOldGen       total 409280K, used 403969K [0x0000000700600000, 0x00000007195b0000, 0x00000007aacb0000)
  object space 409280K, 98% used [0x0000000700600000,0x0000000719080440,0x00000007195b0000)
 PSPermGen       total 37120K, used 17738K [0x00000006fb400000, 0x00000006fd840000, 0x0000000700600000)
  object space 37120K, 47% used [0x00000006fb400000,0x00000006fc552ab8,0x00000006fd840000)
Event: 32.086 GC heap after
Heap after GC invocations=15 (full 5):
 PSYoungGen      total 444352K, used 0K [0x00000007aacb0000, 0x00000007c8280000, 0x0000000800000000)
  eden space 421696K, 0% used [0x00000007aacb0000,0x00000007aacb0000,0x00000007c4880000)
  from space 22656K, 0% used [0x00000007c6c60000,0x00000007c6c60000,0x00000007c8280000)
  to   space 29696K, 0% used [0x00000007c4880000,0x00000007c4880000,0x00000007c6580000)
 ParOldGen       total 223936K, used 15170K [0x0000000700600000, 0x000000070e0b0000, 0x00000007aacb0000)
  object space 223936K, 6% used [0x0000000700600000,0x00000007014d0948,0x000000070e0b0000)
 PSPermGen       total 34944K, used 17738K [0x00000006fb400000, 0x00000006fd620000, 0x0000000700600000)
  object space 34944K, 50% used [0x00000006fb400000,0x00000006fc552a78,0x00000006fd620000)
}
Event: 34.392 GC heap before
{Heap before GC invocations=16 (full 5):
 PSYoungGen      total 444352K, used 419681K [0x00000007aacb0000, 0x00000007c8280000, 0x0000000800000000)
  eden space 421696K, 99% used [0x00000007aacb0000,0x00000007c4688740,0x00000007c4880000)
  from space 22656K, 0% used [0x00000007c6c60000,0x00000007c6c60000,0x00000007c8280000)
  to   space 29696K, 0% used [0x00000007c4880000,0x00000007c4880000,0x00000007c6580000)
 ParOldGen       total 223936K, used 21245K [0x0000000700600000, 0x000000070e0b0000, 0x00000007aacb0000)
  object space 223936K, 9% used [0x0000000700600000,0x0000000701abf558,0x000000070e0b0000)
 PSPermGen       total 34944K, used 17745K [0x00000006fb400000, 0x00000006fd620000, 0x0000000700600000)
  object space 34944K, 50% used [0x00000006fb400000,0x00000006fc5544d0,0x00000006fd620000)
Event: 34.400 GC heap after
Heap after GC invocations=16 (full 5):
 PSYoungGen      total 431680K, used 24524K [0x00000007aacb0000, 0x00000007c74c0000, 0x0000000800000000)
  eden space 407104K, 0% used [0x00000007aacb0000,0x00000007aacb0000,0x00000007c3a40000)
  from space 24576K, 99% used [0x00000007c4880000,0x00000007c6073040,0x00000007c6080000)
  to   space 20736K, 0% used [0x00000007c6080000,0x00000007c6080000,0x00000007c74c0000)
 ParOldGen       total 223936K, used 33395K [0x0000000700600000, 0x000000070e0b0000, 0x00000007aacb0000)
  object space 223936K, 14% used [0x0000000700600000,0x000000070269cd78,0x000000070e0b0000)
 PSPermGen       total 34944K, used 17745K [0x00000006fb400000, 0x00000006fd620000, 0x0000000700600000)
  object space 34944K, 50% used [0x00000006fb400000,0x00000006fc5544d0,0x00000006fd620000)
}
Event: 38.795 GC heap before
{Heap before GC invocations=17 (full 6):
 PSYoungGen      total 431680K, used 426174K [0x00000007aacb0000, 0x00000007c74c0000, 0x0000000800000000)
  eden space 407104K, 98% used [0x00000007aacb0000,0x00000007c34eca58,0x00000007c3a40000)
  from space 24576K, 99% used [0x00000007c4880000,0x00000007c6073040,0x00000007c6080000)
  to   space 20736K, 0% used [0x00000007c6080000,0x00000007c6080000,0x00000007c74c0000)
 ParOldGen       total 424576K, used 422196K [0x0000000700600000, 0x000000071a4a0000, 0x00000007aacb0000)
  object space 424576K, 99% used [0x0000000700600000,0x000000071a24d178,0x000000071a4a0000)
 PSPermGen       total 34944K, used 17750K [0x00000006fb400000, 0x00000006fd620000, 0x0000000700600000)
  object space 34944K, 50% used [0x00000006fb400000,0x00000006fc555a70,0x00000006fd620000)
Event: 38.835 GC heap after
Heap after GC invocations=17 (full 6):
 PSYoungGen      total 431680K, used 0K [0x00000007aacb0000, 0x00000007c74c0000, 0x0000000800000000)
  eden space 407104K, 0% used [0x00000007aacb0000,0x00000007aacb0000,0x00000007c3a40000)
  from space 24576K, 0% used [0x00000007c4880000,0x00000007c4880000,0x00000007c6080000)
  to   space 20736K, 0% used [0x00000007c6080000,0x00000007c6080000,0x00000007c74c0000)
 ParOldGen       total 227392K, used 21247K [0x0000000700600000, 0x000000070e410000, 0x00000007aacb0000)
  object space 227392K, 9% used [0x0000000700600000,0x0000000701abff80,0x000000070e410000)
 PSPermGen       total 33280K, used 17750K [0x00000006fb400000, 0x00000006fd480000, 0x0000000700600000)
  object space 33280K, 53% used [0x00000006fb400000,0x00000006fc555a50,0x00000006fd480000)
}

Deoptimization events (10 events):
Event: 3.768 Thread 0x000000001431e800 Uncommon trap -83 fr.pc 0x0000000002f47a84
Event: 3.816 Thread 0x00000000190d2000 Uncommon trap -83 fr.pc 0x0000000002f4a774
Event: 3.859 Thread 0x00000000190d2000 Uncommon trap -83 fr.pc 0x0000000002f4f5c4
Event: 3.871 Thread 0x00000000190d2000 Uncommon trap -83 fr.pc 0x0000000002fa8ee8
Event: 3.921 Thread 0x00000000190d2000 Uncommon trap -83 fr.pc 0x0000000002fb084c
Event: 3.947 Thread 0x00000000190d2000 Uncommon trap -83 fr.pc 0x0000000002f6cdd8
Event: 7.291 Thread 0x00000000141cf000 Uncommon trap -28 fr.pc 0x0000000002f83c38
Event: 28.360 Thread 0x000000001431e800 Uncommon trap -12 fr.pc 0x0000000002fb0b38
Event: 28.360 Thread 0x000000001a3a9000 Uncommon trap -12 fr.pc 0x0000000002fb0b38
Event: 31.606 Thread 0x000000001431e800 Uncommon trap -12 fr.pc 0x00000000030073cc

Internal exceptions (10 events):
Event: 3.992 Thread 0x00000000190d2000 Threw 0x00000007ae374918 at C:\jdk7u1_64p\jdk7u7\hotspot\src\share\vm\prims\jvm.cpp:1166
Event: 3.993 Thread 0x00000000190d2000 Threw 0x00000007ae3776e8 at C:\jdk7u1_64p\jdk7u7\hotspot\src\share\vm\prims\jvm.cpp:1166
Event: 3.994 Thread 0x00000000190d2000 Threw 0x00000007ae37a898 at C:\jdk7u1_64p\jdk7u7\hotspot\src\share\vm\prims\jvm.cpp:1166
Event: 3.994 Thread 0x00000000190d2000 Threw 0x00000007ae37d668 at C:\jdk7u1_64p\jdk7u7\hotspot\src\share\vm\prims\jvm.cpp:1166
Event: 4.108 Thread 0x000000001b002800 Threw 0x00000007ae8f1f78 at C:\jdk7u1_64p\jdk7u7\hotspot\src\share\vm\prims\jvm.cpp:1166
Event: 4.112 Thread 0x000000001b002800 Threw 0x00000007ae902808 at C:\jdk7u1_64p\jdk7u7\hotspot\src\share\vm\prims\jvm.cpp:1166
Event: 4.315 Thread 0x000000001b002800 Threw 0x00000007abf78198 at C:\jdk7u1_64p\jdk7u7\hotspot\src\share\vm\prims\jvm.cpp:1166
Event: 28.360 Thread 0x000000001431e800 Implicit null exception at 0x0000000002fb0838 to 0x0000000002fb0b2c
Event: 28.360 Thread 0x000000001a3a9000 Implicit null exception at 0x0000000002fb0838 to 0x0000000002fb0b2c
Event: 31.606 Thread 0x000000001431e800 Implicit null exception at 0x0000000003007060 to 0x00000000030073bd

Events (10 events):
Event: 32.048 Executing VM operation: ParallelGCFailedAllocation
Event: 32.086 Executing VM operation: ParallelGCFailedAllocation done
Event: 34.376 Executing VM operation: ParallelGCFailedAllocation
Event: 34.376 Executing VM operation: ParallelGCFailedAllocation done
Event: 34.392 Executing VM operation: ParallelGCSystemGC
Event: 34.400 Executing VM operation: ParallelGCSystemGC done
Event: 38.779 Executing VM operation: ParallelGCFailedAllocation
Event: 38.779 Executing VM operation: ParallelGCFailedAllocation done
Event: 38.795 Executing VM operation: ParallelGCSystemGC
Event: 38.835 Executing VM operation: ParallelGCSystemGC done


Dynamic libraries:
0x000007f617cb0000 - 0x000007f617ce4000 	F:\Program Files\Java\Jre7\bin\javaw.exe
0x000007fe83490000 - 0x000007fe8364e000 	C:\WINDOWS\SYSTEM32\ntdll.dll
0x000007fe83350000 - 0x000007fe83486000 	C:\WINDOWS\system32\KERNEL32.DLL
0x000007fe80580000 - 0x000007fe80673000 	C:\WINDOWS\system32\KERNELBASE.dll
0x000007fe82eb0000 - 0x000007fe82f8e000 	C:\WINDOWS\system32\ADVAPI32.dll
0x000007fe80a10000 - 0x000007fe80b5c000 	C:\WINDOWS\system32\USER32.dll
0x000007fe7db90000 - 0x000007fe7ddf9000 	C:\WINDOWS\WinSxS\amd64_microsoft.windows.common-controls_6595b64144ccf1df_6.0.9200.16384_none_418c2a697189c07f\COMCTL32.dll
0x000007fe82890000 - 0x000007fe82935000 	C:\WINDOWS\system32\msvcrt.dll
0x000007fe82840000 - 0x000007fe82888000 	C:\WINDOWS\SYSTEM32\sechost.dll
0x000007fe82970000 - 0x000007fe82ab0000 	C:\WINDOWS\system32\RPCRT4.dll
0x000007fe82ab0000 - 0x000007fe82bf0000 	C:\WINDOWS\system32\GDI32.dll
0x000007fe80b60000 - 0x000007fe80b99000 	C:\WINDOWS\system32\IMM32.DLL
0x000007fe82720000 - 0x000007fe82835000 	C:\WINDOWS\system32\MSCTF.dll
0x000007fe80380000 - 0x000007fe80388000 	C:\PROGRA~2\NVIDIA~1\3DVISI~1\NVSTIN~1.DLL
0x000007fe82940000 - 0x000007fe82947000 	C:\WINDOWS\system32\PSAPI.DLL
0x000000006acd0000 - 0x000000006ad73000 	C:\WINDOWS\WinSxS\amd64_microsoft.vc90.crt_1fc8b3b9a1e18e3b_9.0.30729.6871_none_08e717a5a83adddf\MSVCR90.dll
0x0000000069bb0000 - 0x0000000069c81000 	F:\Program Files\Java\Jre7\bin\msvcr100.dll
0x0000000068a20000 - 0x000000006913f000 	F:\Program Files\Java\Jre7\bin\server\jvm.dll
0x000007fe78b00000 - 0x000007fe78b09000 	C:\WINDOWS\SYSTEM32\WSOCK32.dll
0x000007fe7de20000 - 0x000007fe7de40000 	C:\WINDOWS\SYSTEM32\WINMM.dll
0x000007fe826a0000 - 0x000007fe826f8000 	C:\WINDOWS\system32\WS2_32.dll
0x000007fe7d3c0000 - 0x000007fe7d3f2000 	C:\WINDOWS\SYSTEM32\WINMMBASE.dll
0x000007fe82700000 - 0x000007fe82709000 	C:\WINDOWS\system32\NSI.dll
0x0000000069ba0000 - 0x0000000069baf000 	F:\Program Files\Java\Jre7\bin\verify.dll
0x0000000069b70000 - 0x0000000069b98000 	F:\Program Files\Java\Jre7\bin\java.dll
0x0000000069b50000 - 0x0000000069b65000 	F:\Program Files\Java\Jre7\bin\zip.dll
0x00000000669f0000 - 0x0000000066b83000 	F:\Program Files\Java\Jre7\bin\awt.dll
0x000007fe808e0000 - 0x000007fe809a3000 	C:\WINDOWS\system32\OLEAUT32.dll
0x000007fe80ba0000 - 0x000007fe80d50000 	C:\WINDOWS\system32\combase.dll
0x000007fe7a5b0000 - 0x000007fe7a64f000 	C:\WINDOWS\system32\apphelp.dll
0x000007fe7e2c0000 - 0x000007fe7e2e1000 	C:\WINDOWS\system32\DWMAPI.DLL
0x000007fe7f180000 - 0x000007fe7f263000 	C:\WINDOWS\system32\uxtheme.dll
0x000007fe7a660000 - 0x000007fe7a6f5000 	C:\Program Files\Common Files\microsoft shared\ink\tiptsf.dll
0x000007fe80eb0000 - 0x000007fe8102e000 	C:\WINDOWS\system32\ole32.dll
0x000007fe801d0000 - 0x000007fe801da000 	C:\WINDOWS\SYSTEM32\CRYPTBASE.dll
0x000007fe80170000 - 0x000007fe801cc000 	C:\WINDOWS\SYSTEM32\bcryptPrimitives.dll
0x000007fe6ef80000 - 0x000007fe6f180000 	C:\WINDOWS\system32\d3d9.dll
0x000007fe7e110000 - 0x000007fe7e119000 	C:\WINDOWS\SYSTEM32\VERSION.dll
0x000007fe594e0000 - 0x000007fe5a660000 	C:\WINDOWS\SYSTEM32\nvd3dumx.dll
0x000007fe80270000 - 0x000007fe802b3000 	C:\WINDOWS\SYSTEM32\powrprof.dll
0x0000000180000000 - 0x0000000180116000 	C:\Program Files (x86)\NVIDIA Corporation\3D Vision\nvSCPAPI64.dll
0x000007fe82f90000 - 0x000007fe83160000 	C:\WINDOWS\system32\SETUPAPI.dll
0x000007fe7dab0000 - 0x000007fe7db24000 	C:\WINDOWS\SYSTEM32\dxgi.dll
0x000007fe81050000 - 0x000007fe82338000 	C:\WINDOWS\system32\SHELL32.dll
0x000007fe80680000 - 0x000007fe806cf000 	C:\WINDOWS\system32\CFGMGR32.dll
0x000007fe808b0000 - 0x000007fe808d2000 	C:\WINDOWS\system32\DEVOBJ.dll
0x000007fe83300000 - 0x000007fe83350000 	C:\WINDOWS\system32\SHLWAPI.dll
0x000007fe7ceb0000 - 0x000007fe7d172000 	C:\WINDOWS\SYSTEM32\nvapi64.dll
0x000007fe80520000 - 0x000007fe80575000 	C:\WINDOWS\system32\WINTRUST.dll
0x000007fe806d0000 - 0x000007fe808a7000 	C:\WINDOWS\system32\CRYPT32.dll
0x000007fe80450000 - 0x000007fe80466000 	C:\WINDOWS\system32\MSASN1.dll
0x000007fe7d400000 - 0x000007fe7d41f000 	C:\WINDOWS\SYSTEM32\DXGIDebug.dll
0x000007fe7f550000 - 0x000007fe7f5e6000 	C:\WINDOWS\SYSTEM32\shcore.dll
0x00000000669b0000 - 0x00000000669e4000 	F:\Program Files\Java\Jre7\bin\fontmanager.dll
0x0000000069b30000 - 0x0000000069b49000 	F:\Program Files\Java\Jre7\bin\net.dll
0x000007fe7fbe0000 - 0x000007fe7fc3c000 	C:\WINDOWS\system32\mswsock.dll
0x0000000069b10000 - 0x0000000069b21000 	F:\Program Files\Java\Jre7\bin\nio.dll
0x0000000066960000 - 0x00000000669a1000 	F:\Program Files\Java\Jre7\bin\t2k.dll
0x000007fe82bf0000 - 0x000007fe82c86000 	C:\WINDOWS\SYSTEM32\clbcatq.dll
0x000007fe7df80000 - 0x000007fe7e10a000 	C:\WINDOWS\SYSTEM32\WindowsCodecs.dll
0x000007fe803a0000 - 0x000007fe803b5000 	C:\WINDOWS\SYSTEM32\profapi.dll
0x0000000069ed0000 - 0x0000000069f68000 	C:\Windows\System32\msvcp100.dll
0x000007fe67fe0000 - 0x000007fe68238000 	C:\opencv\build\x64\vc10\bin\opencv_core243.dll
0x000007fe699a0000 - 0x000007fe69a35000 	C:\Users\Jonas\AppData\Local\Temp\javacpp89031728003045\jniopencv_core.dll
0x000007fe64110000 - 0x000007fe643b5000 	C:\opencv\build\x64\vc10\bin\opencv_imgproc243.dll
0x000007fe6b3a0000 - 0x000007fe6b3e8000 	C:\Users\Jonas\AppData\Local\Temp\javacpp89031728003045\jniopencv_imgproc.dll
0x000000001c540000 - 0x000000001d2ca000 	C:\opencv\build\x64\vc10\bin\opencv_ffmpeg243_64.dll
0x000007fe657f0000 - 0x000007fe65a3b000 	C:\opencv\build\x64\vc10\bin\opencv_highgui243.dll
0x000007fe775f0000 - 0x000007fe77610000 	C:\WINDOWS\SYSTEM32\AVIFIL32.dll
0x000007fe70210000 - 0x000007fe70239000 	C:\WINDOWS\SYSTEM32\MSVFW32.dll
0x000007fe6f940000 - 0x000007fe6f957000 	C:\WINDOWS\SYSTEM32\AVICAP32.dll
0x000007fe677e0000 - 0x000007fe677f9000 	C:\WINDOWS\SYSTEM32\MSACM32.dll
0x000007fe6f710000 - 0x000007fe6f723000 	C:\Users\Jonas\AppData\Local\Temp\javacpp89031728003045\jniopencv_highgui.dll
0x000007fe6d5e0000 - 0x000007fe6d5f7000 	C:\Windows\System32\devenum.dll
0x000007fe796e0000 - 0x000007fe7970e000 	C:\WINDOWS\SYSTEM32\ntmarta.dll
0x000007fe7a530000 - 0x000007fe7a53d000 	C:\WINDOWS\SYSTEM32\msdmo.dll
0x000007fe6d230000 - 0x000007fe6d25f000 	C:\Windows\System32\qcap.dll
0x000007fe69550000 - 0x000007fe69708000 	C:\Windows\System32\quartz.dll
0x000007fe6c4d0000 - 0x000007fe6c50f000 	C:\Windows\System32\ksproxy.ax
0x000007fe6d940000 - 0x000007fe6d947000 	C:\Windows\System32\ksuser.dll
0x000007fe794c0000 - 0x000007fe794cc000 	C:\Windows\System32\vidcap.ax
0x000007fe69f00000 - 0x000007fe69f24000 	C:\Windows\System32\kswdmcap.ax
0x000007fe686f0000 - 0x000007fe68844000 	C:\Windows\System32\MFC42.dll
0x000007fe698e0000 - 0x000007fe6999e000 	C:\Windows\System32\ODBC32.dll
0x000007fe67c30000 - 0x000007fe67cc5000 	C:\Windows\System32\qedit.dll
0x000007fe823b0000 - 0x000007fe82451000 	C:\WINDOWS\system32\COMDLG32.dll
0x000007fe83160000 - 0x000007fe83300000 	C:\WINDOWS\WinSxS\amd64_microsoft.windows.gdiplus_6595b64144ccf1df_1.1.9200.16384_none_72771d4ecc1c3a4d\gdiplus.dll
0x000007fe67cd0000 - 0x000007fe67dba000 	C:\WINDOWS\SYSTEM32\DDRAW.dll
0x000007fe7d1b0000 - 0x000007fe7d1b8000 	C:\WINDOWS\SYSTEM32\DCIMAN32.dll
0x000007fe7d2d0000 - 0x000007fe7d339000 	C:\WINDOWS\SYSTEM32\oleacc.dll
0x0000000066930000 - 0x000000006695a000 	F:\Program Files\Java\Jre7\bin\dcpr.dll
0x000007fe6c260000 - 0x000007fe6c3c3000 	C:\WINDOWS\SYSTEM32\dbghelp.dll

VM Arguments:
jvm_args: -Dfile.encoding=Cp1252 
java_command: emcscanner.kth.se.Program
Launcher Type: SUN_STANDARD

Environment Variables:
PATH=C:\Program Files (x86)\NVIDIA Corporation\PhysX\Common;C:\WINDOWS\system32;C:\WINDOWS;C:\WINDOWS\System32\Wbem;C:\WINDOWS\System32\WindowsPowerShell\v1.0\;C:\Program Files (x86)\Microsoft SQL Server\90\Tools\binn\;C:\Program Files (x86)\Autodesk\Backburner\;F:\Program Files\MATLAB\R2012a\runtime\win64;F:\Program Files\MATLAB\R2012a\bin;C:\Program Files\Internet Explorer;C:\Program Files\Perforce;F:\Program Files\Perforce;C:\Program Files\Microsoft\Web Platform Installer\;C:\Program Files (x86)\Microsoft ASP.NET\ASP.NET Web Pages\v1.0\;C:\Program Files (x86)\Windows Kits\8.0\Windows Performance Toolkit\;C:\Program Files\Microsoft SQL Server\110\Tools\Binn\;F:\Program Files\Perforce\Server
USERNAME=Jonas
OS=Windows_NT
PROCESSOR_IDENTIFIER=Intel64 Family 6 Model 42 Stepping 7, GenuineIntel



---------------  S Y S T E M  ---------------

OS: Windows 8 , 64 bit Build 9200 

CPU:total 8 (4 cores per cpu, 2 threads per core) family 6 model 42 stepping 7, cmov, cx8, fxsr, mmx, sse, sse2, sse3, ssse3, sse4.1, sse4.2, popcnt, avx, ht, tsc, tscinvbit

Memory: 4k page, physical 16751668k(11240764k free), swap 33528884k(25955488k free)

vm_info: Java HotSpot(TM) 64-Bit Server VM (23.3-b01) for windows-amd64 JRE (1.7.0_07-b11), built on Sep  7 2012 01:19:25 by "java_re" with unknown MS VC++:1600

time: Tue Jan 22 21:18:52 2013
elapsed time: 39 seconds

