#
# A fatal error has been detected by the Java Runtime Environment:
#
#  EXCEPTION_ACCESS_VIOLATION (0xc0000005) at pc=0x000000000262374a, pid=3576, tid=8528
#
# JRE version: 7.0_07-b11
# Java VM: Java HotSpot(TM) 64-Bit Server VM (23.3-b01 mixed mode windows-amd64 compressed oops)
# Problematic frame:
# J  com.googlecode.javacv.cpp.opencv_core$IplImage.flipCopyWithGamma(Ljava/nio/ByteBuffer;ILjava/nio/ByteBuffer;IZDZI)V
#
# Failed to write core dump. Minidumps are not enabled by default on client versions of Windows
#
# If you would like to submit a bug report, please visit:
#   http://bugreport.sun.com/bugreport/crash.jsp
#

---------------  T H R E A D  ---------------

Current thread (0x000000001378e000):  JavaThread "threadDisplayCamera" daemon [_thread_in_Java, id=8528, stack(0x000000001a650000,0x000000001a750000)]

siginfo: ExceptionCode=0xc0000005, reading address 0x000000001a579000

Registers:
RAX=0x0000000000000000, RBX=0x00000000005eec00, RCX=0x0000000000000000, RDX=0x000000001a056050
RSP=0x000000001a74ed90, RBP=0x00000007ab451898, RSI=0x00000007b689a598, RDI=0x00000000005eec00
R8 =0x0000000000522fb0, R9 =0x0000000000522fb1, R10=0x000000000000167f, R11=0x00000000005eec00
R12=0x0000000000000000, R13=0x0000000000522fb0, R14=0x000000000000022f, R15=0x000000001378e000
RIP=0x000000000262374a, EFLAGS=0x0000000000010207

Top of Stack: (sp=0x000000001a74ed90)
0x000000001a74ed90:   00000007b689a598 00000000005eec00
0x000000001a74eda0:   00000000005eec00 0000000000000000
0x000000001a74edb0:   3ff0000000000000 00000007ab451858
0x000000001a74edc0:   00000007ab451898 3ff0000000000000
0x000000001a74edd0:   00522d8000000000 df6ab9ce00522d80
0x000000001a74ede0:   00001680df6c65d4 0000000000001680
0x000000001a74edf0:   00000007ab4518c8 00001680ffffffff
0x000000001a74ee00:   00000007ab451898 00000007ab451858
0x000000001a74ee10:   00000000f6d134b3 0000000000000000
0x000000001a74ee20:   00000007b689a598 00000007ab451898
0x000000001a74ee30:   00000007ab451898 000000001a74ee38
0x000000001a74ee40:   000000001a74eef8 00000000025761f8
0x000000001a74ee50:   0000000000000000 00000006fc437a78
0x000000001a74ee60:   00000006fb5556b8 00000000025761f8
0x000000001a74ee70:   0000000000000000 0000000000000000
0x000000001a74ee80:   3ff0000000000000 0000000000000000 

Instructions: (pc=0x000000000262374a)
0x000000000262372a:   10 44 3b c7 0f 8d 26 01 00 00 45 8b c8 41 ff c1
0x000000000262373a:   44 89 4d 18 48 8b 6c 24 70 44 8b 6d 18 4d 63 c0
0x000000000262374a:   42 0f b6 04 02 44 3b eb 0f 8d 32 01 00 00 45 8b
0x000000000262375a:   cd 44 03 c9 41 ff c5 44 89 6d 18 45 3b cb 0f 83 


Register to memory mapping:

RAX=0x0000000000000000 is an unknown value
RBX=0x00000000005eec00 is an unknown value
RCX=0x0000000000000000 is an unknown value
RDX=0x000000001a056050 is an unknown value
RSP=0x000000001a74ed90 is pointing into the stack for thread: 0x000000001378e000
RBP=0x00000007ab451898 is an oop
java.nio.HeapByteBuffer 
 - klass: 'java/nio/HeapByteBuffer'
RSI=0x00000007b689a598 is an oop
[B 
 - klass: {type array byte}
 - length: 6220800
RDI=0x00000000005eec00 is an unknown value
R8 =0x0000000000522fb0 is an unknown value
R9 =0x0000000000522fb1 is an unknown value
R10=0x000000000000167f is an unknown value
R11=0x00000000005eec00 is an unknown value
R12=0x0000000000000000 is an unknown value
R13=0x0000000000522fb0 is an unknown value
R14=0x000000000000022f is an unknown value
R15=0x000000001378e000 is a thread


Stack: [0x000000001a650000,0x000000001a750000],  sp=0x000000001a74ed90,  free space=1019k
Native frames: (J=compiled Java code, j=interpreted, Vv=VM code, C=native code)
J  com.googlecode.javacv.cpp.opencv_core$IplImage.flipCopyWithGamma(Ljava/nio/ByteBuffer;ILjava/nio/ByteBuffer;IZDZI)V


---------------  P R O C E S S  ---------------

Java Threads: ( => current thread )
  0x00000000147df800 JavaThread "ICEpdf-pagePainter" daemon [_thread_blocked, id=9808, stack(0x0000000029840000,0x0000000029940000)]
  0x00000000147e3800 JavaThread "ICEpdf-pageInitializer" daemon [_thread_blocked, id=9084, stack(0x0000000029610000,0x0000000029710000)]
  0x00000000147df000 JavaThread "DestroyJavaVM" [_thread_blocked, id=6528, stack(0x0000000002370000,0x0000000002470000)]
  0x00000000147de000 JavaThread "D3D Screen Updater" daemon [_thread_blocked, id=8648, stack(0x0000000026320000,0x0000000026420000)]
  0x00000000147dd800 JavaThread "TimerQueue" daemon [_thread_blocked, id=1440, stack(0x00000000259b0000,0x0000000025ab0000)]
  0x00000000147fc800 JavaThread "threadDisplayDensity" daemon [_thread_blocked, id=9976, stack(0x0000000020cd0000,0x0000000020dd0000)]
  0x00000000147e5800 JavaThread "AWT-EventQueue-0" [_thread_in_native, id=7868, stack(0x000000001f0f0000,0x000000001f1f0000)]
  0x0000000014622800 JavaThread "threadDisplay" daemon [_thread_blocked, id=4580, stack(0x000000001eff0000,0x000000001f0f0000)]
  0x0000000014621000 JavaThread "threadDisplay" daemon [_thread_blocked, id=1964, stack(0x000000001ce80000,0x000000001cf80000)]
  0x00000000146aa800 JavaThread "AWT-Shutdown" [_thread_blocked, id=4940, stack(0x000000001a750000,0x000000001a850000)]
=>0x000000001378e000 JavaThread "threadDisplayCamera" daemon [_thread_in_Java, id=8528, stack(0x000000001a650000,0x000000001a750000)]
  0x000000001378e800 JavaThread "AWT-Windows" daemon [_thread_in_native, id=5584, stack(0x0000000014070000,0x0000000014170000)]
  0x000000001378d000 JavaThread "Java2D Disposer" daemon [_thread_blocked, id=7624, stack(0x0000000013e70000,0x0000000013f70000)]
  0x0000000011099000 JavaThread "Service Thread" daemon [_thread_blocked, id=9488, stack(0x0000000013470000,0x0000000013570000)]
  0x0000000011098000 JavaThread "C2 CompilerThread1" daemon [_thread_blocked, id=9232, stack(0x0000000013370000,0x0000000013470000)]
  0x0000000011089000 JavaThread "C2 CompilerThread0" daemon [_thread_blocked, id=6412, stack(0x0000000013270000,0x0000000013370000)]
  0x0000000011088000 JavaThread "Attach Listener" daemon [_thread_blocked, id=10028, stack(0x0000000013170000,0x0000000013270000)]
  0x000000001107b000 JavaThread "Signal Dispatcher" daemon [_thread_blocked, id=5528, stack(0x0000000013070000,0x0000000013170000)]
  0x000000001101e800 JavaThread "Finalizer" daemon [_thread_blocked, id=8148, stack(0x0000000012f70000,0x0000000013070000)]
  0x0000000011017000 JavaThread "Reference Handler" daemon [_thread_blocked, id=1608, stack(0x0000000012e70000,0x0000000012f70000)]

Other Threads:
  0x0000000011012000 VMThread [stack: 0x0000000012d70000,0x0000000012e70000] [id=9004]
  0x00000000110b5800 WatcherThread [stack: 0x0000000013570000,0x0000000013670000] [id=1412]

VM state:not at safepoint (normal execution)

VM Mutex/Monitor currently owned by a thread: None

Heap
 PSYoungGen      total 731648K, used 225025K [0x00000007aacb0000, 0x00000007e5780000, 0x0000000800000000)
  eden space 703104K, 28% used [0x00000007aacb0000,0x00000007b6e891a8,0x00000007d5b50000)
  from space 28544K, 92% used [0x00000007d5b50000,0x00000007d75373e8,0x00000007d7730000)
  to   space 28800K, 0% used [0x00000007e3b60000,0x00000007e3b60000,0x00000007e5780000)
 ParOldGen       total 222336K, used 62717K [0x0000000700600000, 0x000000070df20000, 0x00000007aacb0000)
  object space 222336K, 28% used [0x0000000700600000,0x000000070433f668,0x000000070df20000)
 PSPermGen       total 39424K, used 18203K [0x00000006fb400000, 0x00000006fda80000, 0x0000000700600000)
  object space 39424K, 46% used [0x00000006fb400000,0x00000006fc5c6fe0,0x00000006fda80000)

Card table byte_map: [0x0000000005630000,0x0000000005e60000] byte_map_base: 0x0000000001e56000

Polling page: 0x00000000009a0000

Code Cache  [0x0000000002570000, 0x00000000027e0000, 0x0000000005570000)
 total_blobs=911 nmethods=321 adapters=541 free_code_cache=47780Kb largest_free_block=48877760

Compilation events (10 events):
Event: 14.566 Thread 0x0000000011089000  329             java.awt.Component::isShowing (38 bytes)
Event: 14.567 Thread 0x0000000011089000 nmethod 329 0x00000000026c4250 code [0x00000000026c43a0, 0x00000000026c4458]
Event: 14.779 Thread 0x0000000011098000  330   !         javax.swing.RepaintManager::addDirtyRegion0 (201 bytes)
Event: 14.781 Thread 0x0000000011098000 nmethod 330 0x00000000026c3990 code [0x00000000026c3b00, 0x00000000026c3f28]
Event: 14.849 Thread 0x0000000011089000  331             java.awt.geom.AffineTransform::<init> (69 bytes)
Event: 14.850 Thread 0x0000000011089000 nmethod 331 0x00000000026c3710 code [0x00000000026c3840, 0x00000000026c38f8]
Event: 15.047 Thread 0x0000000011098000  332   !         javax.swing.RepaintManager::addDirtyRegion0 (201 bytes)
Event: 15.058 Thread 0x0000000011098000 nmethod 332 0x00000000026d10d0 code [0x00000000026d12e0, 0x00000000026d2350]
Event: 15.099 Thread 0x0000000011089000  333             sun.java2d.SunGraphics2D::dispose (12 bytes)
Event: 15.100 Thread 0x0000000011089000 nmethod 333 0x00000000026c34d0 code [0x00000000026c3600, 0x00000000026c3698]

GC Heap History (10 events):
Event: 9.412 GC heap before
{Heap before GC invocations=10 (full 2):
 PSYoungGen      total 550656K, used 522880K [0x00000007aacb0000, 0x00000007ce430000, 0x0000000800000000)
  eden space 522880K, 100% used [0x00000007aacb0000,0x00000007cab50000,0x00000007cab50000)
  from space 27776K, 0% used [0x00000007cc750000,0x00000007cc750000,0x00000007ce270000)
  to   space 28672K, 0% used [0x00000007cab50000,0x00000007cab50000,0x00000007cc750000)
 ParOldGen       total 332288K, used 330704K [0x0000000700600000, 0x0000000714a80000, 0x00000007aacb0000)
  object space 332288K, 99% used [0x0000000700600000,0x00000007148f4210,0x0000000714a80000)
 PSPermGen       total 36800K, used 18156K [0x00000006fb400000, 0x00000006fd7f0000, 0x0000000700600000)
  object space 36800K, 49% used [0x00000006fb400000,0x00000006fc5bb368,0x00000006fd7f0000)
Event: 9.454 GC heap after
Heap after GC invocations=10 (full 2):
 PSYoungGen      total 550656K, used 0K [0x00000007aacb0000, 0x00000007ce430000, 0x0000000800000000)
  eden space 522880K, 0% used [0x00000007aacb0000,0x00000007aacb0000,0x00000007cab50000)
  from space 27776K, 0% used [0x00000007cc750000,0x00000007cc750000,0x00000007ce270000)
  to   space 28672K, 0% used [0x00000007cab50000,0x00000007cab50000,0x00000007cc750000)
 ParOldGen       total 176768K, used 45781K [0x0000000700600000, 0x000000070b2a0000, 0x00000007aacb0000)
  object space 176768K, 25% used [0x0000000700600000,0x00000007032b5750,0x000000070b2a0000)
 PSPermGen       total 41088K, used 18156K [0x00000006fb400000, 0x00000006fdc20000, 0x0000000700600000)
  object space 41088K, 44% used [0x00000006fb400000,0x00000006fc5bb368,0x00000006fdc20000)
}
Event: 10.607 GC heap before
{Heap before GC invocations=11 (full 2):
 PSYoungGen      total 550656K, used 521038K [0x00000007aacb0000, 0x00000007ce430000, 0x0000000800000000)
  eden space 522880K, 99% used [0x00000007aacb0000,0x00000007ca983a18,0x00000007cab50000)
  from space 27776K, 0% used [0x00000007cc750000,0x00000007cc750000,0x00000007ce270000)
  to   space 28672K, 0% used [0x00000007cab50000,0x00000007cab50000,0x00000007cc750000)
 ParOldGen       total 176768K, used 45781K [0x0000000700600000, 0x000000070b2a0000, 0x00000007aacb0000)
  object space 176768K, 25% used [0x0000000700600000,0x00000007032b5750,0x000000070b2a0000)
 PSPermGen       total 41088K, used 18163K [0x00000006fb400000, 0x00000006fdc20000, 0x0000000700600000)
  object space 41088K, 44% used [0x00000006fb400000,0x00000006fc5bcf28,0x00000006fdc20000)
Event: 10.614 GC heap after
Heap after GC invocations=11 (full 2):
 PSYoungGen      total 551552K, used 25853K [0x00000007aacb0000, 0x00000007d95f0000, 0x0000000800000000)
  eden space 522880K, 0% used [0x00000007aacb0000,0x00000007aacb0000,0x00000007cab50000)
  from space 28672K, 90% used [0x00000007cab50000,0x00000007cc48f700,0x00000007cc750000)
  to   space 28672K, 0% used [0x00000007d79f0000,0x00000007d79f0000,0x00000007d95f0000)
 ParOldGen       total 176768K, used 49199K [0x0000000700600000, 0x000000070b2a0000, 0x00000007aacb0000)
  object space 176768K, 27% used [0x0000000700600000,0x000000070360bc20,0x000000070b2a0000)
 PSPermGen       total 41088K, used 18163K [0x00000006fb400000, 0x00000006fdc20000, 0x0000000700600000)
  object space 41088K, 44% used [0x00000006fb400000,0x00000006fc5bcf28,0x00000006fdc20000)
}
Event: 11.769 GC heap before
{Heap before GC invocations=12 (full 2):
 PSYoungGen      total 551552K, used 545631K [0x00000007aacb0000, 0x00000007d95f0000, 0x0000000800000000)
  eden space 522880K, 99% used [0x00000007aacb0000,0x00000007ca848878,0x00000007cab50000)
  from space 28672K, 90% used [0x00000007cab50000,0x00000007cc48f700,0x00000007cc750000)
  to   space 28672K, 0% used [0x00000007d79f0000,0x00000007d79f0000,0x00000007d95f0000)
 ParOldGen       total 176768K, used 55274K [0x0000000700600000, 0x000000070b2a0000, 0x00000007aacb0000)
  object space 176768K, 31% used [0x0000000700600000,0x0000000703bfa830,0x000000070b2a0000)
 PSPermGen       total 41088K, used 18171K [0x00000006fb400000, 0x00000006fdc20000, 0x0000000700600000)
  object space 41088K, 44% used [0x00000006fb400000,0x00000006fc5bef80,0x00000006fdc20000)
Event: 11.777 GC heap after
Heap after GC invocations=12 (full 2):
 PSYoungGen      total 720064K, used 25684K [0x00000007aacb0000, 0x00000007d9310000, 0x0000000800000000)
  eden space 694336K, 0% used [0x00000007aacb0000,0x00000007aacb0000,0x00000007d52c0000)
  from space 25728K, 99% used [0x00000007d79f0000,0x00000007d93053f0,0x00000007d9310000)
  to   space 28544K, 0% used [0x00000007d5b50000,0x00000007d5b50000,0x00000007d7730000)
 ParOldGen       total 176768K, used 87167K [0x0000000700600000, 0x000000070b2a0000, 0x00000007aacb0000)
  object space 176768K, 49% used [0x0000000700600000,0x0000000705b1ffa0,0x000000070b2a0000)
 PSPermGen       total 41088K, used 18171K [0x00000006fb400000, 0x00000006fdc20000, 0x0000000700600000)
  object space 41088K, 44% used [0x00000006fb400000,0x00000006fc5bef80,0x00000006fdc20000)
}
Event: 13.506 GC heap before
{Heap before GC invocations=13 (full 3):
 PSYoungGen      total 720064K, used 720020K [0x00000007aacb0000, 0x00000007d9310000, 0x0000000800000000)
  eden space 694336K, 100% used [0x00000007aacb0000,0x00000007d52c0000,0x00000007d52c0000)
  from space 25728K, 99% used [0x00000007d79f0000,0x00000007d93053f0,0x00000007d9310000)
  to   space 28544K, 0% used [0x00000007d5b50000,0x00000007d5b50000,0x00000007d7730000)
 ParOldGen       total 176768K, used 164575K [0x0000000700600000, 0x000000070b2a0000, 0x00000007aacb0000)
  object space 176768K, 93% used [0x0000000700600000,0x000000070a6b7e58,0x000000070b2a0000)
 PSPermGen       total 41088K, used 18183K [0x00000006fb400000, 0x00000006fdc20000, 0x0000000700600000)
  object space 41088K, 44% used [0x00000006fb400000,0x00000006fc5c1fe0,0x00000006fdc20000)
Event: 13.545 GC heap after
Heap after GC invocations=13 (full 3):
 PSYoungGen      total 720064K, used 0K [0x00000007aacb0000, 0x00000007d9310000, 0x0000000800000000)
  eden space 694336K, 0% used [0x00000007aacb0000,0x00000007aacb0000,0x00000007d52c0000)
  from space 25728K, 0% used [0x00000007d79f0000,0x00000007d79f0000,0x00000007d9310000)
  to   space 28544K, 0% used [0x00000007d5b50000,0x00000007d5b50000,0x00000007d7730000)
 ParOldGen       total 222336K, used 53858K [0x0000000700600000, 0x000000070df20000, 0x00000007aacb0000)
  object space 222336K, 24% used [0x0000000700600000,0x0000000703a988b8,0x000000070df20000)
 PSPermGen       total 39424K, used 18183K [0x00000006fb400000, 0x00000006fda80000, 0x0000000700600000)
  object space 39424K, 46% used [0x00000006fb400000,0x00000006fc5c1fe0,0x00000006fda80000)
}
Event: 15.066 GC heap before
{Heap before GC invocations=14 (full 3):
 PSYoungGen      total 720064K, used 693545K [0x00000007aacb0000, 0x00000007d9310000, 0x0000000800000000)
  eden space 694336K, 99% used [0x00000007aacb0000,0x00000007d51fa588,0x00000007d52c0000)
  from space 25728K, 0% used [0x00000007d79f0000,0x00000007d79f0000,0x00000007d9310000)
  to   space 28544K, 0% used [0x00000007d5b50000,0x00000007d5b50000,0x00000007d7730000)
 ParOldGen       total 222336K, used 59300K [0x0000000700600000, 0x000000070df20000, 0x00000007aacb0000)
  object space 222336K, 26% used [0x0000000700600000,0x0000000703fe9198,0x000000070df20000)
 PSPermGen       total 39424K, used 18192K [0x00000006fb400000, 0x00000006fda80000, 0x0000000700600000)
  object space 39424K, 46% used [0x00000006fb400000,0x00000006fc5c41e8,0x00000006fda80000)
Event: 15.073 GC heap after
Heap after GC invocations=14 (full 3):
 PSYoungGen      total 731648K, used 26524K [0x00000007aacb0000, 0x00000007e5780000, 0x0000000800000000)
  eden space 703104K, 0% used [0x00000007aacb0000,0x00000007aacb0000,0x00000007d5b50000)
  from space 28544K, 92% used [0x00000007d5b50000,0x00000007d75373e8,0x00000007d7730000)
  to   space 28800K, 0% used [0x00000007e3b60000,0x00000007e3b60000,0x00000007e5780000)
 ParOldGen       total 222336K, used 62717K [0x0000000700600000, 0x000000070df20000, 0x00000007aacb0000)
  object space 222336K, 28% used [0x0000000700600000,0x000000070433f668,0x000000070df20000)
 PSPermGen       total 39424K, used 18192K [0x00000006fb400000, 0x00000006fda80000, 0x0000000700600000)
  object space 39424K, 46% used [0x00000006fb400000,0x00000006fc5c41e8,0x00000006fda80000)
}

Deoptimization events (10 events):
Event: 2.857 Thread 0x000000000236e000 Uncommon trap -83 fr.pc 0x000000000261cd38
Event: 2.858 Thread 0x000000000236e000 Uncommon trap -83 fr.pc 0x000000000260b1fc
Event: 3.422 Thread 0x000000000236e000 Uncommon trap 43 fr.pc 0x000000000263a214
Event: 3.906 Thread 0x00000000147e5800 Uncommon trap -83 fr.pc 0x0000000002642b04
Event: 3.978 Thread 0x00000000147e3800 Uncommon trap -83 fr.pc 0x00000000026426f4
Event: 4.028 Thread 0x00000000147e3800 Uncommon trap -83 fr.pc 0x0000000002642344
Event: 4.044 Thread 0x00000000147e3800 Uncommon trap -83 fr.pc 0x000000000265b468
Event: 4.101 Thread 0x00000000147e3800 Uncommon trap -83 fr.pc 0x00000000025ec4fc
Event: 4.133 Thread 0x00000000147e3800 Uncommon trap -83 fr.pc 0x000000000265e71c
Event: 14.800 Thread 0x00000000147fc800 Uncommon trap -12 fr.pc 0x00000000026c3ef8

Internal exceptions (10 events):
Event: 4.202 Thread 0x00000000147e3800 Threw 0x00000007abd27db0 at C:\jdk7u1_64p\jdk7u7\hotspot\src\share\vm\prims\jvm.cpp:1166
Event: 4.203 Thread 0x00000000147e3800 Threw 0x00000007abd2af60 at C:\jdk7u1_64p\jdk7u7\hotspot\src\share\vm\prims\jvm.cpp:1166
Event: 4.203 Thread 0x00000000147e3800 Threw 0x00000007abd2de80 at C:\jdk7u1_64p\jdk7u7\hotspot\src\share\vm\prims\jvm.cpp:1166
Event: 4.340 Thread 0x00000000147df800 Threw 0x00000007ae56f7c8 at C:\jdk7u1_64p\jdk7u7\hotspot\src\share\vm\prims\jvm.cpp:1166
Event: 4.343 Thread 0x00000000147df800 Threw 0x00000007ae57ff98 at C:\jdk7u1_64p\jdk7u7\hotspot\src\share\vm\prims\jvm.cpp:1166
Event: 4.543 Thread 0x00000000147df800 Threw 0x00000007b2486158 at C:\jdk7u1_64p\jdk7u7\hotspot\src\share\vm\prims\jvm.cpp:1166
Event: 8.193 Thread 0x00000000147e5800 Threw 0x00000007bbac26e8 at C:\jdk7u1_64p\jdk7u7\hotspot\src\share\vm\prims\jvm.cpp:1166
Event: 8.193 Thread 0x00000000147e5800 Threw 0x00000007bbac7cd0 at C:\jdk7u1_64p\jdk7u7\hotspot\src\share\vm\prims\jvm.cpp:1166
Event: 8.195 Thread 0x00000000147e5800 Threw 0x00000007bbad5038 at C:\jdk7u1_64p\jdk7u7\hotspot\src\share\vm\prims\jvm.cpp:1166
Event: 14.800 Thread 0x00000000147fc800 Implicit null exception at 0x00000000026c3bf8 to 0x00000000026c3eec

Events (10 events):
Event: 15.055 Executing VM operation: ParallelGCFailedAllocation
Event: 15.055 Executing VM operation: ParallelGCFailedAllocation done
Event: 15.066 Executing VM operation: ParallelGCSystemGC
Event: 15.073 Executing VM operation: ParallelGCSystemGC done
Event: 15.100 loading class 0x0000000014a19270
Event: 15.100 loading class 0x0000000014a19270 done
Event: 15.100 loading class 0x000000001477fc20
Event: 15.100 loading class 0x0000000014618bb0
Event: 15.100 loading class 0x0000000014618bb0 done
Event: 15.100 loading class 0x000000001477fc20 done


Dynamic libraries:
0x000007f798e80000 - 0x000007f798eb4000 	F:\Program Files\Java\Jre7\bin\javaw.exe
0x000007ffd0010000 - 0x000007ffd01ce000 	C:\WINDOWS\SYSTEM32\ntdll.dll
0x000007ffcd650000 - 0x000007ffcd786000 	C:\WINDOWS\system32\KERNEL32.DLL
0x000007ffcd360000 - 0x000007ffcd453000 	C:\WINDOWS\system32\KERNELBASE.dll
0x000007ffcdad0000 - 0x000007ffcdbae000 	C:\WINDOWS\system32\ADVAPI32.dll
0x000007ffcf8a0000 - 0x000007ffcf9ec000 	C:\WINDOWS\system32\USER32.dll
0x000007ffca740000 - 0x000007ffca9a9000 	C:\WINDOWS\WinSxS\amd64_microsoft.windows.common-controls_6595b64144ccf1df_6.0.9200.16384_none_418c2a697189c07f\COMCTL32.dll
0x000007ffcd940000 - 0x000007ffcd9e5000 	C:\WINDOWS\system32\msvcrt.dll
0x000007ffcd460000 - 0x000007ffcd4a8000 	C:\WINDOWS\SYSTEM32\sechost.dll
0x000007ffcf760000 - 0x000007ffcf8a0000 	C:\WINDOWS\system32\RPCRT4.dll
0x000007ffcdec0000 - 0x000007ffce000000 	C:\WINDOWS\system32\GDI32.dll
0x000007ffcda90000 - 0x000007ffcdac9000 	C:\WINDOWS\system32\IMM32.DLL
0x000007ffcf9f0000 - 0x000007ffcfb05000 	C:\WINDOWS\system32\MSCTF.dll
0x000007ffccf00000 - 0x000007ffccf08000 	C:\PROGRA~2\NVIDIA~1\3DVISI~1\NVSTIN~1.DLL
0x000007ffcda80000 - 0x000007ffcda87000 	C:\WINDOWS\system32\PSAPI.DLL
0x0000000061700000 - 0x00000000617a3000 	C:\WINDOWS\WinSxS\amd64_microsoft.vc90.crt_1fc8b3b9a1e18e3b_9.0.30729.6871_none_08e717a5a83adddf\MSVCR90.dll
0x000000005f150000 - 0x000000005f221000 	F:\Program Files\Java\Jre7\bin\msvcr100.dll
0x000000005ea30000 - 0x000000005f14f000 	F:\Program Files\Java\Jre7\bin\server\jvm.dll
0x000007ffc53f0000 - 0x000007ffc53f9000 	C:\WINDOWS\SYSTEM32\WSOCK32.dll
0x000007ffca070000 - 0x000007ffca090000 	C:\WINDOWS\SYSTEM32\WINMM.dll
0x000007ffcffb0000 - 0x000007ffd0008000 	C:\WINDOWS\system32\WS2_32.dll
0x000007ffc9f70000 - 0x000007ffc9fa2000 	C:\WINDOWS\SYSTEM32\WINMMBASE.dll
0x000007ffcfb10000 - 0x000007ffcfb19000 	C:\WINDOWS\system32\NSI.dll
0x000000005ea20000 - 0x000000005ea2f000 	F:\Program Files\Java\Jre7\bin\verify.dll
0x000000005e9f0000 - 0x000000005ea18000 	F:\Program Files\Java\Jre7\bin\java.dll
0x000000005e9d0000 - 0x000000005e9e5000 	F:\Program Files\Java\Jre7\bin\zip.dll
0x000000005e7c0000 - 0x000000005e953000 	F:\Program Files\Java\Jre7\bin\awt.dll
0x000007ffcdbb0000 - 0x000007ffcdc73000 	C:\WINDOWS\system32\OLEAUT32.dll
0x000007ffcd790000 - 0x000007ffcd940000 	C:\WINDOWS\system32\combase.dll
0x000007ffc7130000 - 0x000007ffc71cf000 	C:\WINDOWS\system32\apphelp.dll
0x000007ffcbd00000 - 0x000007ffcbde3000 	C:\WINDOWS\system32\uxtheme.dll
0x000007ffc71e0000 - 0x000007ffc7275000 	C:\Program Files\Common Files\microsoft shared\ink\tiptsf.dll
0x000007ffcae20000 - 0x000007ffcae41000 	C:\WINDOWS\SYSTEM32\dwmapi.dll
0x000007ffce000000 - 0x000007ffce17e000 	C:\WINDOWS\system32\ole32.dll
0x000007ffccd70000 - 0x000007ffccd7a000 	C:\WINDOWS\SYSTEM32\CRYPTBASE.dll
0x000007ffcccf0000 - 0x000007ffccd4c000 	C:\WINDOWS\SYSTEM32\bcryptPrimitives.dll
0x000007ffce470000 - 0x000007ffcf758000 	C:\WINDOWS\system32\SHELL32.dll
0x000007ffcff60000 - 0x000007ffcffb0000 	C:\WINDOWS\system32\SHLWAPI.dll
0x000007ffcc0d0000 - 0x000007ffcc166000 	C:\WINDOWS\SYSTEM32\shcore.dll
0x00000000605d0000 - 0x0000000060668000 	C:\Windows\System32\msvcp100.dll
0x000007ffb2c00000 - 0x000007ffb2e58000 	C:\opencv\build\x64\vc10\bin\opencv_core243.dll
0x000007ffb8730000 - 0x000007ffb87c5000 	C:\Users\Jonas\AppData\Local\Temp\javacpp121403064503850\jniopencv_core.dll
0x000007ffb1070000 - 0x000007ffb1315000 	C:\opencv\build\x64\vc10\bin\opencv_imgproc243.dll
0x000007ffc6780000 - 0x000007ffc67c8000 	C:\Users\Jonas\AppData\Local\Temp\javacpp121403064503850\jniopencv_imgproc.dll
0x0000000066840000 - 0x00000000675ca000 	C:\opencv\build\x64\vc10\bin\opencv_ffmpeg243_64.dll
0x000007ffb0e20000 - 0x000007ffb106b000 	C:\opencv\build\x64\vc10\bin\opencv_highgui243.dll
0x000007ffc9db0000 - 0x000007ffc9dd0000 	C:\WINDOWS\SYSTEM32\AVIFIL32.dll
0x000007ffc69e0000 - 0x000007ffc6a09000 	C:\WINDOWS\SYSTEM32\MSVFW32.dll
0x000007ffc6a10000 - 0x000007ffc6a27000 	C:\WINDOWS\SYSTEM32\AVICAP32.dll
0x000007ffba340000 - 0x000007ffba359000 	C:\WINDOWS\SYSTEM32\MSACM32.dll
0x000007ffcacb0000 - 0x000007ffcacb9000 	C:\WINDOWS\SYSTEM32\VERSION.dll
0x000007ffc60c0000 - 0x000007ffc60d3000 	C:\Users\Jonas\AppData\Local\Temp\javacpp121403064503850\jniopencv_highgui.dll
0x000007ffce1b0000 - 0x000007ffce246000 	C:\WINDOWS\SYSTEM32\clbcatq.dll
0x000007ffc4220000 - 0x000007ffc4237000 	C:\Windows\System32\devenum.dll
0x000007ffcdc80000 - 0x000007ffcde50000 	C:\WINDOWS\system32\setupapi.dll
0x000007ffcd020000 - 0x000007ffcd06f000 	C:\WINDOWS\system32\CFGMGR32.dll
0x000007ffccff0000 - 0x000007ffcd012000 	C:\WINDOWS\system32\DEVOBJ.dll
0x000007ffc5fd0000 - 0x000007ffc5ffe000 	C:\WINDOWS\SYSTEM32\ntmarta.dll
0x000007ffcd070000 - 0x000007ffcd0c5000 	C:\WINDOWS\system32\WINTRUST.dll
0x000007ffcd0d0000 - 0x000007ffcd2a7000 	C:\WINDOWS\system32\CRYPT32.dll
0x000007ffccfd0000 - 0x000007ffccfe6000 	C:\WINDOWS\system32\MSASN1.dll
0x000007ffc7800000 - 0x000007ffc780d000 	C:\WINDOWS\SYSTEM32\msdmo.dll
0x000007ffc41f0000 - 0x000007ffc421f000 	C:\Windows\System32\qcap.dll
0x000007ffb2a40000 - 0x000007ffb2bf8000 	C:\Windows\System32\quartz.dll
0x000007ffc3e10000 - 0x000007ffc3e4f000 	C:\Windows\System32\ksproxy.ax
0x000007ffba390000 - 0x000007ffba397000 	C:\Windows\System32\ksuser.dll
0x000007ffbbc60000 - 0x000007ffbbe60000 	C:\Windows\System32\d3d9.dll
0x000007ffc6820000 - 0x000007ffc682c000 	C:\Windows\System32\vidcap.ax
0x000007ffc3de0000 - 0x000007ffc3e04000 	C:\Windows\System32\kswdmcap.ax
0x000007ffb1960000 - 0x000007ffb1ab4000 	C:\Windows\System32\MFC42.dll
0x000007ffb6010000 - 0x000007ffb60ce000 	C:\Windows\System32\ODBC32.dll
0x000007ffb7f20000 - 0x000007ffb7fb5000 	C:\Windows\System32\qedit.dll
0x000007ffcfeb0000 - 0x000007ffcff51000 	C:\WINDOWS\system32\COMDLG32.dll
0x000007ffcd4b0000 - 0x000007ffcd650000 	C:\WINDOWS\WinSxS\amd64_microsoft.windows.gdiplus_6595b64144ccf1df_1.1.9200.16384_none_72771d4ecc1c3a4d\gdiplus.dll
0x000007ffb38f0000 - 0x000007ffb39da000 	C:\WINDOWS\SYSTEM32\DDRAW.dll
0x000007ffc7970000 - 0x000007ffc7978000 	C:\WINDOWS\SYSTEM32\DCIMAN32.dll
0x000000005e780000 - 0x000000005e7b4000 	F:\Program Files\Java\Jre7\bin\fontmanager.dll
0x000007ffb4b50000 - 0x000007ffb5cd0000 	C:\WINDOWS\SYSTEM32\nvd3dumx.dll
0x000007ffccdf0000 - 0x000007ffcce33000 	C:\WINDOWS\SYSTEM32\powrprof.dll
0x0000000180000000 - 0x0000000180116000 	C:\Program Files (x86)\NVIDIA Corporation\3D Vision\nvSCPAPI64.dll
0x000007ffca330000 - 0x000007ffca3a4000 	C:\WINDOWS\SYSTEM32\dxgi.dll
0x000007ffc9a40000 - 0x000007ffc9d02000 	C:\WINDOWS\SYSTEM32\nvapi64.dll
0x000007ffc9f50000 - 0x000007ffc9f6f000 	C:\WINDOWS\SYSTEM32\DXGIDebug.dll
0x000000005e9b0000 - 0x000000005e9c9000 	F:\Program Files\Java\Jre7\bin\net.dll
0x000007ffcc760000 - 0x000007ffcc7bc000 	C:\WINDOWS\system32\mswsock.dll
0x000000005e990000 - 0x000000005e9a1000 	F:\Program Files\Java\Jre7\bin\nio.dll
0x000000005e730000 - 0x000000005e771000 	F:\Program Files\Java\Jre7\bin\t2k.dll
0x000007ffca9b0000 - 0x000007ffcab3a000 	C:\WINDOWS\SYSTEM32\WindowsCodecs.dll
0x000007ffccf20000 - 0x000007ffccf35000 	C:\WINDOWS\SYSTEM32\profapi.dll
0x000007ffc8ca0000 - 0x000007ffc8d09000 	C:\WINDOWS\SYSTEM32\oleacc.dll
0x000000005e700000 - 0x000000005e72a000 	F:\Program Files\Java\Jre7\bin\dcpr.dll

VM Arguments:
jvm_args: -Dfile.encoding=Cp1252 
java_command: emcscanner.kth.se.Program
Launcher Type: SUN_STANDARD

Environment Variables:
PATH=C:\Program Files (x86)\NVIDIA Corporation\PhysX\Common;C:\WINDOWS\system32;C:\WINDOWS;C:\WINDOWS\System32\Wbem;C:\WINDOWS\System32\WindowsPowerShell\v1.0\;C:\Program Files (x86)\Microsoft SQL Server\90\Tools\binn\;C:\Program Files (x86)\Autodesk\Backburner\;F:\Program Files\MATLAB\R2012a\runtime\win64;F:\Program Files\MATLAB\R2012a\bin;PROGRAMFILES\Internet Explorer;C:\Program Files\Perforce;F:\Program Files\Perforce;C:\Program Files\Microsoft\Web Platform Installer\;C:\Program Files (x86)\Microsoft ASP.NET\ASP.NET Web Pages\v1.0\;C:\Program Files (x86)\Windows Kits\8.0\Windows Performance Toolkit\;C:\Program Files\Microsoft SQL Server\110\Tools\Binn\;F:\Program Files\Perforce\Server
USERNAME=Jonas
OS=Windows_NT
PROCESSOR_IDENTIFIER=Intel64 Family 6 Model 42 Stepping 7, GenuineIntel



---------------  S Y S T E M  ---------------

OS: Windows 8 , 64 bit Build 9200 

CPU:total 8 (4 cores per cpu, 2 threads per core) family 6 model 42 stepping 7, cmov, cx8, fxsr, mmx, sse, sse2, sse3, ssse3, sse4.1, sse4.2, popcnt, avx, ht, tsc, tscinvbit

Memory: 4k page, physical 16751668k(11071548k free), swap 33528884k(25372680k free)

vm_info: Java HotSpot(TM) 64-Bit Server VM (23.3-b01) for windows-amd64 JRE (1.7.0_07-b11), built on Sep  7 2012 01:19:25 by "java_re" with unknown MS VC++:1600

time: Wed Feb 06 02:25:27 2013
elapsed time: 15 seconds

