#
# A fatal error has been detected by the Java Runtime Environment:
#
#  EXCEPTION_ACCESS_VIOLATION (0xc0000005) at pc=0x00000000026397ba, pid=6224, tid=6252
#
# JRE version: 7.0_07-b11
# Java VM: Java HotSpot(TM) 64-Bit Server VM (23.3-b01 mixed mode windows-amd64 compressed oops)
# Problematic frame:
# J  com.googlecode.javacv.cpp.opencv_core$IplImage.flipCopyWithGamma(Ljava/nio/ByteBuffer;ILjava/nio/ByteBuffer;IZDZI)V
#
# Failed to write core dump. Minidumps are not enabled by default on client versions of Windows
#
# If you would like to submit a bug report, please visit:
#   http://bugreport.sun.com/bugreport/crash.jsp
#

---------------  T H R E A D  ---------------

Current thread (0x0000000013675000):  JavaThread "threadDisplayCamera" daemon [_thread_in_Java, id=6252, stack(0x0000000013e60000,0x0000000013f60000)]

siginfo: ExceptionCode=0xc0000005, reading address 0x000000001a465000

Registers:
RAX=0x000000000000002f, RBX=0x00000000005eec00, RCX=0x0000000000000000, RDX=0x000000001a201050
RSP=0x0000000013f5f0e0, RBP=0x00000007bc683840, RSI=0x00000007bcfcc3c0, RDI=0x00000000005eec00
R8 =0x0000000000263fb0, R9 =0x0000000000263fb1, R10=0x000000000000167f, R11=0x00000000005eec00
R12=0x0000000000000000, R13=0x0000000000263fb0, R14=0x000000000000042f, R15=0x0000000013675000
RIP=0x00000000026397ba, EFLAGS=0x0000000000010207

Top of Stack: (sp=0x0000000013f5f0e0)
0x0000000013f5f0e0:   00000007bcfcc3c0 00000000005eec00
0x0000000013f5f0f0:   00000000005eec00 0000000000000000
0x0000000013f5f100:   3ff0000000000000 00000007bc683800
0x0000000013f5f110:   00000007bc683840 3ff0000000000000
0x0000000013f5f120:   00263b8000000000 df6ab9ce00263b80
0x0000000013f5f130:   00001680df6c65d4 0000000000001680
0x0000000013f5f140:   00000007bc683870 00001680ffffffff
0x0000000013f5f150:   00000007bc683840 00000007bc683800
0x0000000013f5f160:   00000000f79f9878 0000000000000000
0x0000000013f5f170:   00000007bcfcc3c0 00000007bc683840
0x0000000013f5f180:   00000007bc683840 0000000013f5f188
0x0000000013f5f190:   0000000013f5f248 00000000024a61f8
0x0000000013f5f1a0:   0000000000000000 00000006fc4169d8
0x0000000013f5f1b0:   00000006fb5556b8 00000000024a61f8
0x0000000013f5f1c0:   0000000000000000 0000000000000000
0x0000000013f5f1d0:   3ff0000000000000 0000000000000000 

Instructions: (pc=0x00000000026397ba)
0x000000000263979a:   10 44 3b c7 0f 8d 26 01 00 00 45 8b c8 41 ff c1
0x00000000026397aa:   44 89 4d 18 48 8b 6c 24 70 44 8b 6d 18 4d 63 c0
0x00000000026397ba:   42 0f b6 04 02 44 3b eb 0f 8d 32 01 00 00 45 8b
0x00000000026397ca:   cd 44 03 c9 41 ff c5 44 89 6d 18 45 3b cb 0f 83 


Register to memory mapping:

RAX=0x000000000000002f is an unknown value
RBX=0x00000000005eec00 is an unknown value
RCX=0x0000000000000000 is an unknown value
RDX=0x000000001a201050 is an unknown value
RSP=0x0000000013f5f0e0 is pointing into the stack for thread: 0x0000000013675000
RBP=0x00000007bc683840 is an oop
java.nio.HeapByteBuffer 
 - klass: 'java/nio/HeapByteBuffer'
RSI=0x00000007bcfcc3c0 is an oop
[B 
 - klass: {type array byte}
 - length: 6220800
RDI=0x00000000005eec00 is an unknown value
R8 =0x0000000000263fb0 is an unknown value
R9 =0x0000000000263fb1 is an unknown value
R10=0x000000000000167f is an unknown value
R11=0x00000000005eec00 is an unknown value
R12=0x0000000000000000 is an unknown value
R13=0x0000000000263fb0 is an unknown value
R14=0x000000000000042f is an unknown value
R15=0x0000000013675000 is a thread


Stack: [0x0000000013e60000,0x0000000013f60000],  sp=0x0000000013f5f0e0,  free space=1020k
Native frames: (J=compiled Java code, j=interpreted, Vv=VM code, C=native code)
J  com.googlecode.javacv.cpp.opencv_core$IplImage.flipCopyWithGamma(Ljava/nio/ByteBuffer;ILjava/nio/ByteBuffer;IZDZI)V


---------------  P R O C E S S  ---------------

Java Threads: ( => current thread )
  0x0000000021a04800 JavaThread "ICEpdf-pagePainter" daemon [_thread_blocked, id=2832, stack(0x0000000025ce0000,0x0000000025de0000)]
  0x0000000021a07800 JavaThread "ICEpdf-pageInitializer" daemon [_thread_blocked, id=1900, stack(0x0000000025ab0000,0x0000000025bb0000)]
  0x0000000021a03800 JavaThread "DestroyJavaVM" [_thread_blocked, id=6416, stack(0x00000000022a0000,0x00000000023a0000)]
  0x0000000021638800 JavaThread "D3D Screen Updater" daemon [_thread_blocked, id=6120, stack(0x00000000247a0000,0x00000000248a0000)]
  0x000000001496c000 JavaThread "TimerQueue" daemon [_thread_blocked, id=6788, stack(0x0000000020c40000,0x0000000020d40000)]
  0x000000001447b000 JavaThread "threadDisplayDensity" daemon [_thread_blocked, id=6520, stack(0x000000001d000000,0x000000001d100000)]
  0x0000000014461000 JavaThread "AWT-EventQueue-0" [_thread_in_native, id=3464, stack(0x000000001cf00000,0x000000001d000000)]
  0x0000000014460800 JavaThread "threadDisplay" daemon [_thread_blocked, id=1568, stack(0x000000001ce00000,0x000000001cf00000)]
  0x000000001468e000 JavaThread "AWT-Shutdown" [_thread_blocked, id=1080, stack(0x000000001a800000,0x000000001a900000)]
=>0x0000000013675000 JavaThread "threadDisplayCamera" daemon [_thread_in_Java, id=6252, stack(0x0000000013e60000,0x0000000013f60000)]
  0x0000000013675800 JavaThread "AWT-Windows" daemon [_thread_in_native, id=5376, stack(0x0000000013f60000,0x0000000014060000)]
  0x0000000013674000 JavaThread "Java2D Disposer" daemon [_thread_blocked, id=5792, stack(0x0000000013d60000,0x0000000013e60000)]
  0x0000000010f3a000 JavaThread "Service Thread" daemon [_thread_blocked, id=2480, stack(0x0000000013360000,0x0000000013460000)]
  0x0000000010f37800 JavaThread "C2 CompilerThread1" daemon [_thread_blocked, id=2264, stack(0x0000000013260000,0x0000000013360000)]
  0x0000000010f29000 JavaThread "C2 CompilerThread0" daemon [_thread_blocked, id=1116, stack(0x0000000013160000,0x0000000013260000)]
  0x0000000010f27800 JavaThread "Attach Listener" daemon [_thread_blocked, id=7440, stack(0x0000000013060000,0x0000000013160000)]
  0x0000000010f1b000 JavaThread "Signal Dispatcher" daemon [_thread_blocked, id=5816, stack(0x0000000012f60000,0x0000000013060000)]
  0x0000000010ebe800 JavaThread "Finalizer" daemon [_thread_blocked, id=6676, stack(0x0000000012e60000,0x0000000012f60000)]
  0x0000000010eb7000 JavaThread "Reference Handler" daemon [_thread_blocked, id=7896, stack(0x0000000012d60000,0x0000000012e60000)]

Other Threads:
  0x0000000010eb2000 VMThread [stack: 0x0000000012c60000,0x0000000012d60000] [id=1704]
  0x0000000010f54800 WatcherThread [stack: 0x0000000013460000,0x0000000013560000] [id=724]

VM state:not at safepoint (normal execution)

VM Mutex/Monitor currently owned by a thread: None

Heap
 PSYoungGen      total 711872K, used 304171K [0x00000007aacb0000, 0x00000007db260000, 0x0000000800000000)
  eden space 650560K, 46% used [0x00000007aacb0000,0x00000007bd5bafd0,0x00000007d2800000)
  from space 61312K, 0% used [0x00000007d7180000,0x00000007d7180000,0x00000007dad60000)
  to   space 70848K, 0% used [0x00000007d2800000,0x00000007d2800000,0x00000007d6d30000)
 ParOldGen       total 205184K, used 49215K [0x0000000700600000, 0x000000070ce60000, 0x00000007aacb0000)
  object space 205184K, 23% used [0x0000000700600000,0x000000070360ff68,0x000000070ce60000)
 PSPermGen       total 39808K, used 18123K [0x00000006fb400000, 0x00000006fdae0000, 0x0000000700600000)
  object space 39808K, 45% used [0x00000006fb400000,0x00000006fc5b2ce8,0x00000006fdae0000)

Card table byte_map: [0x00000000054a0000,0x0000000005cd0000] byte_map_base: 0x0000000001cc6000

Polling page: 0x00000000020e0000

Code Cache  [0x00000000024a0000, 0x0000000002710000, 0x00000000054a0000)
 total_blobs=1042 nmethods=451 adapters=542 free_code_cache=47498Kb largest_free_block=48591872

Compilation events (10 events):
Event: 88.207 Thread 0x0000000010f37800 nmethod 457 0x000000000263f050 code [0x000000000263f180, 0x000000000263f1d8]
Event: 88.207 Thread 0x0000000010f29000 nmethod 456 0x0000000002635d90 code [0x0000000002635ec0, 0x0000000002635f18]
Event: 88.245 Thread 0x0000000010f29000  458             java.awt.image.ComponentSampleModel::getNumDataElements (5 bytes)
Event: 88.245 Thread 0x0000000010f29000 nmethod 458 0x0000000002635b90 code [0x0000000002635cc0, 0x0000000002635d18]
Event: 89.142 Thread 0x0000000010f37800  459             java.awt.image.Raster::getNumDataElements (8 bytes)
Event: 89.143 Thread 0x0000000010f37800 nmethod 459 0x0000000002635910 code [0x0000000002635a60, 0x0000000002635af8]
Event: 89.511 Thread 0x0000000010f29000  460             sun.java2d.pipe.Region::dimAdd (20 bytes)
Event: 89.512 Thread 0x0000000010f29000 nmethod 460 0x0000000002635710 code [0x0000000002635840, 0x0000000002635898]
Event: 90.977 Thread 0x0000000010f37800  461             sun.awt.image.ByteComponentRaster::verify (173 bytes)
Event: 90.979 Thread 0x0000000010f37800 nmethod 461 0x0000000002635210 code [0x0000000002635360, 0x0000000002635578]

GC Heap History (10 events):
Event: 84.607 GC heap before
{Heap before GC invocations=11 (full 0):
 PSYoungGen      total 474560K, used 454171K [0x00000007aacb0000, 0x00000007cc110000, 0x0000000800000000)
  eden space 415296K, 99% used [0x00000007aacb0000,0x00000007c3fedcd8,0x00000007c4240000)
  from space 59264K, 69% used [0x00000007c7fd0000,0x00000007ca8190e0,0x00000007cb9b0000)
  to   space 63040K, 0% used [0x00000007c4240000,0x00000007c4240000,0x00000007c7fd0000)
 ParOldGen       total 174528K, used 92376K [0x0000000700600000, 0x000000070b070000, 0x00000007aacb0000)
  object space 174528K, 52% used [0x0000000700600000,0x0000000706036138,0x000000070b070000)
 PSPermGen       total 21248K, used 18077K [0x00000006fb400000, 0x00000006fc8c0000, 0x0000000700600000)
  object space 21248K, 85% used [0x00000006fb400000,0x00000006fc5a75c0,0x00000006fc8c0000)
Event: 84.615 GC heap after
Heap after GC invocations=11 (full 0):
 PSYoungGen      total 478336K, used 29102K [0x00000007aacb0000, 0x00000007dad60000, 0x0000000800000000)
  eden space 415296K, 0% used [0x00000007aacb0000,0x00000007aacb0000,0x00000007c4240000)
  from space 63040K, 46% used [0x00000007c4240000,0x00000007c5eab8c0,0x00000007c7fd0000)
  to   space 61312K, 0% used [0x00000007d7180000,0x00000007d7180000,0x00000007dad60000)
 ParOldGen       total 174528K, used 92432K [0x0000000700600000, 0x000000070b070000, 0x00000007aacb0000)
  object space 174528K, 52% used [0x0000000700600000,0x0000000706044148,0x000000070b070000)
 PSPermGen       total 21248K, used 18077K [0x00000006fb400000, 0x00000006fc8c0000, 0x0000000700600000)
  object space 21248K, 85% used [0x00000006fb400000,0x00000006fc5a75c0,0x00000006fc8c0000)
}
Event: 85.741 GC heap before
{Heap before GC invocations=12 (full 1):
 PSYoungGen      total 478336K, used 444398K [0x00000007aacb0000, 0x00000007dad60000, 0x0000000800000000)
  eden space 415296K, 100% used [0x00000007aacb0000,0x00000007c4240000,0x00000007c4240000)
  from space 63040K, 46% used [0x00000007c4240000,0x00000007c5eab8c0,0x00000007c7fd0000)
  to   space 61312K, 0% used [0x00000007d7180000,0x00000007d7180000,0x00000007dad60000)
 ParOldGen       total 245696K, used 243929K [0x0000000700600000, 0x000000070f5f0000, 0x00000007aacb0000)
  object space 245696K, 99% used [0x0000000700600000,0x000000070f4365d8,0x000000070f5f0000)
 PSPermGen       total 21248K, used 18098K [0x00000006fb400000, 0x00000006fc8c0000, 0x0000000700600000)
  object space 21248K, 85% used [0x00000006fb400000,0x00000006fc5ac818,0x00000006fc8c0000)
Event: 85.812 GC heap after
Heap after GC invocations=12 (full 1):
 PSYoungGen      total 478336K, used 0K [0x00000007aacb0000, 0x00000007dad60000, 0x0000000800000000)
  eden space 415296K, 0% used [0x00000007aacb0000,0x00000007aacb0000,0x00000007c4240000)
  from space 63040K, 0% used [0x00000007c4240000,0x00000007c4240000,0x00000007c7fd0000)
  to   space 61312K, 0% used [0x00000007d7180000,0x00000007d7180000,0x00000007dad60000)
 ParOldGen       total 154560K, used 47205K [0x0000000700600000, 0x0000000709cf0000, 0x00000007aacb0000)
  object space 154560K, 30% used [0x0000000700600000,0x0000000703419618,0x0000000709cf0000)
 PSPermGen       total 36736K, used 18091K [0x00000006fb400000, 0x00000006fd7e0000, 0x0000000700600000)
  object space 36736K, 49% used [0x00000006fb400000,0x00000006fc5aad40,0x00000006fd7e0000)
}
Event: 86.605 GC heap before
{Heap before GC invocations=13 (full 1):
 PSYoungGen      total 478336K, used 414351K [0x00000007aacb0000, 0x00000007dad60000, 0x0000000800000000)
  eden space 415296K, 99% used [0x00000007aacb0000,0x00000007c4153d20,0x00000007c4240000)
  from space 63040K, 0% used [0x00000007c4240000,0x00000007c4240000,0x00000007c7fd0000)
  to   space 61312K, 0% used [0x00000007d7180000,0x00000007d7180000,0x00000007dad60000)
 ParOldGen       total 154560K, used 50622K [0x0000000700600000, 0x0000000709cf0000, 0x00000007aacb0000)
  object space 154560K, 32% used [0x0000000700600000,0x000000070376fae8,0x0000000709cf0000)
 PSPermGen       total 36736K, used 18091K [0x00000006fb400000, 0x00000006fd7e0000, 0x0000000700600000)
  object space 36736K, 49% used [0x00000006fb400000,0x00000006fc5aad40,0x00000006fd7e0000)
Event: 86.619 GC heap after
Heap after GC invocations=13 (full 1):
 PSYoungGen      total 711872K, used 59304K [0x00000007aacb0000, 0x00000007db260000, 0x0000000800000000)
  eden space 650560K, 0% used [0x00000007aacb0000,0x00000007aacb0000,0x00000007d2800000)
  from space 61312K, 96% used [0x00000007d7180000,0x00000007dab6a228,0x00000007dad60000)
  to   space 70848K, 0% used [0x00000007d2800000,0x00000007d2800000,0x00000007d6d30000)
 ParOldGen       total 154560K, used 50622K [0x0000000700600000, 0x0000000709cf0000, 0x00000007aacb0000)
  object space 154560K, 32% used [0x0000000700600000,0x000000070376fae8,0x0000000709cf0000)
 PSPermGen       total 36736K, used 18091K [0x00000006fb400000, 0x00000006fd7e0000, 0x0000000700600000)
  object space 36736K, 49% used [0x00000006fb400000,0x00000006fc5aad40,0x00000006fd7e0000)
}
Event: 88.505 GC heap before
{Heap before GC invocations=14 (full 2):
 PSYoungGen      total 711872K, used 709864K [0x00000007aacb0000, 0x00000007db260000, 0x0000000800000000)
  eden space 650560K, 100% used [0x00000007aacb0000,0x00000007d2800000,0x00000007d2800000)
  from space 61312K, 96% used [0x00000007d7180000,0x00000007dab6a228,0x00000007dad60000)
  to   space 70848K, 0% used [0x00000007d2800000,0x00000007d2800000,0x00000007d6d30000)
 ParOldGen       total 346368K, used 345770K [0x0000000700600000, 0x0000000715840000, 0x00000007aacb0000)
  object space 346368K, 99% used [0x0000000700600000,0x00000007157aa838,0x0000000715840000)
 PSPermGen       total 36736K, used 18104K [0x00000006fb400000, 0x00000006fd7e0000, 0x0000000700600000)
  object space 36736K, 49% used [0x00000006fb400000,0x00000006fc5ae3f0,0x00000006fd7e0000)
Event: 88.551 GC heap after
Heap after GC invocations=14 (full 2):
 PSYoungGen      total 711872K, used 0K [0x00000007aacb0000, 0x00000007db260000, 0x0000000800000000)
  eden space 650560K, 0% used [0x00000007aacb0000,0x00000007aacb0000,0x00000007d2800000)
  from space 61312K, 0% used [0x00000007d7180000,0x00000007d7180000,0x00000007dad60000)
  to   space 70848K, 0% used [0x00000007d2800000,0x00000007d2800000,0x00000007d6d30000)
 ParOldGen       total 172800K, used 43967K [0x0000000700600000, 0x000000070aec0000, 0x00000007aacb0000)
  object space 172800K, 25% used [0x0000000700600000,0x00000007030efd40,0x000000070aec0000)
 PSPermGen       total 41024K, used 18104K [0x00000006fb400000, 0x00000006fdc10000, 0x0000000700600000)
  object space 41024K, 44% used [0x00000006fb400000,0x00000006fc5ae3f0,0x00000006fdc10000)
}
Event: 90.139 GC heap before
{Heap before GC invocations=15 (full 3):
 PSYoungGen      total 711872K, used 650560K [0x00000007aacb0000, 0x00000007db260000, 0x0000000800000000)
  eden space 650560K, 100% used [0x00000007aacb0000,0x00000007d2800000,0x00000007d2800000)
  from space 61312K, 0% used [0x00000007d7180000,0x00000007d7180000,0x00000007dad60000)
  to   space 70848K, 0% used [0x00000007d2800000,0x00000007d2800000,0x00000007d6d30000)
 ParOldGen       total 172800K, used 162010K [0x0000000700600000, 0x000000070aec0000, 0x00000007aacb0000)
  object space 172800K, 93% used [0x0000000700600000,0x000000070a436948,0x000000070aec0000)
 PSPermGen       total 41024K, used 18113K [0x00000006fb400000, 0x00000006fdc10000, 0x0000000700600000)
  object space 41024K, 44% used [0x00000006fb400000,0x00000006fc5b0578,0x00000006fdc10000)
Event: 90.178 GC heap after
Heap after GC invocations=15 (full 3):
 PSYoungGen      total 711872K, used 0K [0x00000007aacb0000, 0x00000007db260000, 0x0000000800000000)
  eden space 650560K, 0% used [0x00000007aacb0000,0x00000007aacb0000,0x00000007d2800000)
  from space 61312K, 0% used [0x00000007d7180000,0x00000007d7180000,0x00000007dad60000)
  to   space 70848K, 0% used [0x00000007d2800000,0x00000007d2800000,0x00000007d6d30000)
 ParOldGen       total 205184K, used 49215K [0x0000000700600000, 0x000000070ce60000, 0x00000007aacb0000)
  object space 205184K, 23% used [0x0000000700600000,0x000000070360ff68,0x000000070ce60000)
 PSPermGen       total 39808K, used 18113K [0x00000006fb400000, 0x00000006fdae0000, 0x0000000700600000)
  object space 39808K, 45% used [0x00000006fb400000,0x00000006fc5b0578,0x00000006fdae0000)
}

Deoptimization events (10 events):
Event: 81.479 Thread 0x0000000014461000 Uncommon trap -34 fr.pc 0x00000000026314d8
Event: 81.507 Thread 0x0000000014461000 Uncommon trap -34 fr.pc 0x00000000026314d8
Event: 81.594 Thread 0x0000000014461000 Uncommon trap -83 fr.pc 0x0000000002618d14
Event: 81.707 Thread 0x0000000014461000 Uncommon trap -83 fr.pc 0x00000000025ff114
Event: 82.144 Thread 0x0000000014461000 Uncommon trap -83 fr.pc 0x0000000002590b18
Event: 82.144 Thread 0x0000000014461000 Uncommon trap -83 fr.pc 0x000000000258c138
Event: 82.652 Thread 0x0000000014461000 Uncommon trap -34 fr.pc 0x00000000026314d8
Event: 85.061 Thread 0x0000000014461000 Uncommon trap -83 fr.pc 0x00000000025857c4
Event: 85.185 Thread 0x0000000014461000 Uncommon trap -83 fr.pc 0x000000000256e858
Event: 85.639 Thread 0x0000000014461000 Uncommon trap -34 fr.pc 0x000000000258ba6c

Internal exceptions (10 events):
Event: 4.184 Thread 0x0000000021a07800 Threw 0x00000007aeb13728 at C:\jdk7u1_64p\jdk7u7\hotspot\src\share\vm\prims\jvm.cpp:1166
Event: 4.184 Thread 0x0000000021a07800 Threw 0x00000007aeb164f8 at C:\jdk7u1_64p\jdk7u7\hotspot\src\share\vm\prims\jvm.cpp:1166
Event: 4.324 Thread 0x0000000021a04800 Threw 0x00000007ab58e648 at C:\jdk7u1_64p\jdk7u7\hotspot\src\share\vm\prims\jvm.cpp:1166
Event: 4.328 Thread 0x0000000021a04800 Threw 0x00000007ab59eed8 at C:\jdk7u1_64p\jdk7u7\hotspot\src\share\vm\prims\jvm.cpp:1166
Event: 4.530 Thread 0x0000000021a04800 Threw 0x00000007ac05be48 at C:\jdk7u1_64p\jdk7u7\hotspot\src\share\vm\prims\jvm.cpp:1166
Event: 80.309 Thread 0x000000001496c000 Implicit null exception at 0x0000000002587727 to 0x0000000002587bd5
Event: 80.315 Thread 0x000000001496c000 Implicit null exception at 0x00000000025fbe4b to 0x00000000025fbfd1
Event: 85.061 Thread 0x0000000014461000 Threw 0x00000007b43b0700 at C:\jdk7u1_64p\jdk7u7\hotspot\src\share\vm\prims\jvm.cpp:1166
Event: 85.061 Thread 0x0000000014461000 Threw 0x00000007b43b5cd0 at C:\jdk7u1_64p\jdk7u7\hotspot\src\share\vm\prims\jvm.cpp:1166
Event: 85.064 Thread 0x0000000014461000 Threw 0x00000007b7b70388 at C:\jdk7u1_64p\jdk7u7\hotspot\src\share\vm\prims\jvm.cpp:1166

Events (10 events):
Event: 90.139 Executing VM operation: ParallelGCFailedAllocation
Event: 90.139 Executing VM operation: ParallelGCFailedAllocation done
Event: 90.139 Executing VM operation: ParallelGCSystemGC
Event: 90.178 Executing VM operation: ParallelGCSystemGC done
Event: 90.306 loading class 0x0000000014b349f0
Event: 90.306 loading class 0x0000000014b349f0 done
Event: 90.306 loading class 0x00000000147c9ab0
Event: 90.306 loading class 0x0000000022283230
Event: 90.306 loading class 0x0000000022283230 done
Event: 90.306 loading class 0x00000000147c9ab0 done


Dynamic libraries:
0x000007f662880000 - 0x000007f6628b4000 	F:\Program Files\Java\Jre7\bin\javaw.exe
0x000007fd0db20000 - 0x000007fd0dcde000 	C:\WINDOWS\SYSTEM32\ntdll.dll
0x000007fd0c680000 - 0x000007fd0c7b6000 	C:\WINDOWS\system32\KERNEL32.DLL
0x000007fd0ab00000 - 0x000007fd0abf3000 	C:\WINDOWS\system32\KERNELBASE.dll
0x000007fd0c260000 - 0x000007fd0c33e000 	C:\WINDOWS\system32\ADVAPI32.dll
0x000007fd0c460000 - 0x000007fd0c5ac000 	C:\WINDOWS\system32\USER32.dll
0x000007fd082b0000 - 0x000007fd08519000 	C:\WINDOWS\WinSxS\amd64_microsoft.windows.common-controls_6595b64144ccf1df_6.0.9200.16384_none_418c2a697189c07f\COMCTL32.dll
0x000007fd0c7c0000 - 0x000007fd0c865000 	C:\WINDOWS\system32\msvcrt.dll
0x000007fd0cdf0000 - 0x000007fd0ce38000 	C:\WINDOWS\SYSTEM32\sechost.dll
0x000007fd0c870000 - 0x000007fd0c9b0000 	C:\WINDOWS\system32\RPCRT4.dll
0x000007fd0d520000 - 0x000007fd0d660000 	C:\WINDOWS\system32\GDI32.dll
0x000007fd0c620000 - 0x000007fd0c659000 	C:\WINDOWS\system32\IMM32.DLL
0x000007fd0c340000 - 0x000007fd0c455000 	C:\WINDOWS\system32\MSCTF.dll
0x000007fd0aa10000 - 0x000007fd0aa18000 	C:\PROGRA~2\NVIDIA~1\3DVISI~1\NVSTIN~1.DLL
0x000007fd0d510000 - 0x000007fd0d517000 	C:\WINDOWS\system32\PSAPI.DLL
0x000000005e410000 - 0x000000005e4b3000 	C:\WINDOWS\WinSxS\amd64_microsoft.vc90.crt_1fc8b3b9a1e18e3b_9.0.30729.6871_none_08e717a5a83adddf\MSVCR90.dll
0x000000005d880000 - 0x000000005d951000 	F:\Program Files\Java\Jre7\bin\msvcr100.dll
0x000000005c090000 - 0x000000005c7af000 	F:\Program Files\Java\Jre7\bin\server\jvm.dll
0x000007fd02f00000 - 0x000007fd02f09000 	C:\WINDOWS\SYSTEM32\WSOCK32.dll
0x000007fd07b90000 - 0x000007fd07bb0000 	C:\WINDOWS\SYSTEM32\WINMM.dll
0x000007fd0c5b0000 - 0x000007fd0c608000 	C:\WINDOWS\system32\WS2_32.dll
0x000007fd07a80000 - 0x000007fd07ab2000 	C:\WINDOWS\SYSTEM32\WINMMBASE.dll
0x000007fd0d360000 - 0x000007fd0d369000 	C:\WINDOWS\system32\NSI.dll
0x000000005dc10000 - 0x000000005dc1f000 	F:\Program Files\Java\Jre7\bin\verify.dll
0x000000005dbe0000 - 0x000000005dc08000 	F:\Program Files\Java\Jre7\bin\java.dll
0x000000005dbc0000 - 0x000000005dbd5000 	F:\Program Files\Java\Jre7\bin\zip.dll
0x000000005b300000 - 0x000000005b493000 	F:\Program Files\Java\Jre7\bin\awt.dll
0x000007fd0d830000 - 0x000007fd0d8f3000 	C:\WINDOWS\system32\OLEAUT32.dll
0x000007fd0cc40000 - 0x000007fd0cdf0000 	C:\WINDOWS\system32\combase.dll
0x000007fd04cf0000 - 0x000007fd04d8f000 	C:\WINDOWS\system32\apphelp.dll
0x000007fd09810000 - 0x000007fd098f3000 	C:\WINDOWS\system32\uxtheme.dll
0x000007fd08210000 - 0x000007fd082a5000 	C:\Program Files\Common Files\microsoft shared\ink\tiptsf.dll
0x000007fd088b0000 - 0x000007fd088d1000 	C:\WINDOWS\SYSTEM32\dwmapi.dll
0x000007fd0d090000 - 0x000007fd0d20e000 	C:\WINDOWS\system32\ole32.dll
0x000007fd0a860000 - 0x000007fd0a86a000 	C:\WINDOWS\SYSTEM32\CRYPTBASE.dll
0x000007fd0a800000 - 0x000007fd0a85c000 	C:\WINDOWS\SYSTEM32\bcryptPrimitives.dll
0x000007fd0af70000 - 0x000007fd0c258000 	C:\WINDOWS\system32\SHELL32.dll
0x000007fd0cb80000 - 0x000007fd0cbd0000 	C:\WINDOWS\system32\SHLWAPI.dll
0x000007fd09be0000 - 0x000007fd09c76000 	C:\WINDOWS\SYSTEM32\shcore.dll
0x000000005d2e0000 - 0x000000005d378000 	C:\Windows\System32\msvcp100.dll
0x000007fd042c0000 - 0x000007fd04518000 	C:\opencv\build\x64\vc10\bin\opencv_core243.dll
0x000007fd057d0000 - 0x000007fd05865000 	C:\Users\Jonas\AppData\Local\Temp\javacpp17812047008895\jniopencv_core.dll
0x000007fcf2420000 - 0x000007fcf26c5000 	C:\opencv\build\x64\vc10\bin\opencv_imgproc243.dll
0x000007fd07870000 - 0x000007fd078b8000 	C:\Users\Jonas\AppData\Local\Temp\javacpp17812047008895\jniopencv_imgproc.dll
0x0000000066840000 - 0x00000000675ca000 	C:\opencv\build\x64\vc10\bin\opencv_ffmpeg243_64.dll
0x000007fd045f0000 - 0x000007fd0483b000 	C:\opencv\build\x64\vc10\bin\opencv_highgui243.dll
0x000007fd07dc0000 - 0x000007fd07de0000 	C:\WINDOWS\SYSTEM32\AVIFIL32.dll
0x000007fd07af0000 - 0x000007fd07b19000 	C:\WINDOWS\SYSTEM32\MSVFW32.dll
0x000007fd07850000 - 0x000007fd07867000 	C:\WINDOWS\SYSTEM32\AVICAP32.dll
0x000007fcf6150000 - 0x000007fcf6169000 	C:\WINDOWS\SYSTEM32\MSACM32.dll
0x000007fd07db0000 - 0x000007fd07db9000 	C:\WINDOWS\SYSTEM32\VERSION.dll
0x000007fd06ac0000 - 0x000007fd06ad3000 	C:\Users\Jonas\AppData\Local\Temp\javacpp17812047008895\jniopencv_highgui.dll
0x000007fd0d2c0000 - 0x000007fd0d356000 	C:\WINDOWS\SYSTEM32\clbcatq.dll
0x000007fd05b50000 - 0x000007fd05b67000 	C:\Windows\System32\devenum.dll
0x000007fd0c9b0000 - 0x000007fd0cb80000 	C:\WINDOWS\system32\setupapi.dll
0x000007fd0ad10000 - 0x000007fd0ad5f000 	C:\WINDOWS\system32\CFGMGR32.dll
0x000007fd0af40000 - 0x000007fd0af62000 	C:\WINDOWS\system32\DEVOBJ.dll
0x000007fd03ae0000 - 0x000007fd03b0e000 	C:\WINDOWS\SYSTEM32\ntmarta.dll
0x000007fd0ac00000 - 0x000007fd0ac55000 	C:\WINDOWS\system32\WINTRUST.dll
0x000007fd0ad60000 - 0x000007fd0af37000 	C:\WINDOWS\system32\CRYPT32.dll
0x000007fd0aae0000 - 0x000007fd0aaf6000 	C:\WINDOWS\system32\MSASN1.dll
0x000007fd07fa0000 - 0x000007fd07fad000 	C:\WINDOWS\SYSTEM32\msdmo.dll
0x000007fd05b20000 - 0x000007fd05b4f000 	C:\Windows\System32\qcap.dll
0x000007fcf7d70000 - 0x000007fcf7f28000 	C:\Windows\System32\quartz.dll
0x000007fd05ae0000 - 0x000007fd05b1f000 	C:\Windows\System32\ksproxy.ax
0x000007fcf5930000 - 0x000007fcf5937000 	C:\Windows\System32\ksuser.dll
0x000007fcf9950000 - 0x000007fcf9b50000 	C:\Windows\System32\d3d9.dll
0x000007fd07ae0000 - 0x000007fd07aec000 	C:\Windows\System32\vidcap.ax
0x000007fd057a0000 - 0x000007fd057c4000 	C:\Windows\System32\kswdmcap.ax
0x000007fcfa650000 - 0x000007fcfa7a4000 	C:\Windows\System32\MFC42.dll
0x000007fcf4300000 - 0x000007fcf43be000 	C:\Windows\System32\ODBC32.dll
0x000007fd05340000 - 0x000007fd053d5000 	C:\Windows\System32\qedit.dll
0x000007fd0d210000 - 0x000007fd0d2b1000 	C:\WINDOWS\system32\COMDLG32.dll
0x000007fd0d370000 - 0x000007fd0d510000 	C:\WINDOWS\WinSxS\amd64_microsoft.windows.gdiplus_6595b64144ccf1df_1.1.9200.16384_none_72771d4ecc1c3a4d\gdiplus.dll
0x000007fcf0640000 - 0x000007fcf072a000 	C:\WINDOWS\SYSTEM32\DDRAW.dll
0x000007fd07de0000 - 0x000007fd07de8000 	C:\WINDOWS\SYSTEM32\DCIMAN32.dll
0x000000005d840000 - 0x000000005d874000 	F:\Program Files\Java\Jre7\bin\fontmanager.dll
0x000007fce6500000 - 0x000007fce7680000 	C:\WINDOWS\SYSTEM32\nvd3dumx.dll
0x000007fd0a900000 - 0x000007fd0a943000 	C:\WINDOWS\SYSTEM32\powrprof.dll
0x0000000180000000 - 0x0000000180116000 	C:\Program Files (x86)\NVIDIA Corporation\3D Vision\nvSCPAPI64.dll
0x000007fd07ef0000 - 0x000007fd07f64000 	C:\WINDOWS\SYSTEM32\dxgi.dll
0x000007fd06540000 - 0x000007fd06802000 	C:\WINDOWS\SYSTEM32\nvapi64.dll
0x000007fd07ed0000 - 0x000007fd07eef000 	C:\WINDOWS\SYSTEM32\DXGIDebug.dll
0x000000005dba0000 - 0x000000005dbb9000 	F:\Program Files\Java\Jre7\bin\net.dll
0x000007fd0a270000 - 0x000007fd0a2cc000 	C:\WINDOWS\system32\mswsock.dll
0x000000005db50000 - 0x000000005db61000 	F:\Program Files\Java\Jre7\bin\nio.dll
0x000000005d7f0000 - 0x000000005d831000 	F:\Program Files\Java\Jre7\bin\t2k.dll
0x000007fd08010000 - 0x000007fd0819a000 	C:\WINDOWS\SYSTEM32\WindowsCodecs.dll
0x000007fd0aa30000 - 0x000007fd0aa45000 	C:\WINDOWS\SYSTEM32\profapi.dll
0x000007fd07530000 - 0x000007fd07599000 	C:\WINDOWS\SYSTEM32\oleacc.dll
0x000000005b620000 - 0x000000005b64a000 	F:\Program Files\Java\Jre7\bin\dcpr.dll

VM Arguments:
jvm_args: -Dfile.encoding=Cp1252 
java_command: emcscanner.kth.se.Program
Launcher Type: SUN_STANDARD

Environment Variables:
PATH=C:\Program Files (x86)\NVIDIA Corporation\PhysX\Common;C:\WINDOWS\system32;C:\WINDOWS;C:\WINDOWS\System32\Wbem;C:\WINDOWS\System32\WindowsPowerShell\v1.0\;C:\Program Files (x86)\Microsoft SQL Server\90\Tools\binn\;C:\Program Files (x86)\Autodesk\Backburner\;F:\Program Files\MATLAB\R2012a\runtime\win64;F:\Program Files\MATLAB\R2012a\bin;C:\Program Files\Internet Explorer;C:\Program Files\Perforce;F:\Program Files\Perforce;C:\Program Files\Microsoft\Web Platform Installer\;C:\Program Files (x86)\Microsoft ASP.NET\ASP.NET Web Pages\v1.0\;C:\Program Files (x86)\Windows Kits\8.0\Windows Performance Toolkit\;C:\Program Files\Microsoft SQL Server\110\Tools\Binn\;F:\Program Files\Perforce\Server
USERNAME=Jonas
OS=Windows_NT
PROCESSOR_IDENTIFIER=Intel64 Family 6 Model 42 Stepping 7, GenuineIntel



---------------  S Y S T E M  ---------------

OS: Windows 8 , 64 bit Build 9200 

CPU:total 8 (4 cores per cpu, 2 threads per core) family 6 model 42 stepping 7, cmov, cx8, fxsr, mmx, sse, sse2, sse3, ssse3, sse4.1, sse4.2, popcnt, avx, ht, tsc, tscinvbit

Memory: 4k page, physical 16751668k(12025824k free), swap 33528884k(26885204k free)

vm_info: Java HotSpot(TM) 64-Bit Server VM (23.3-b01) for windows-amd64 JRE (1.7.0_07-b11), built on Sep  7 2012 01:19:25 by "java_re" with unknown MS VC++:1600

time: Sat Feb 02 17:39:46 2013
elapsed time: 91 seconds

