#
# A fatal error has been detected by the Java Runtime Environment:
#
#  EXCEPTION_ACCESS_VIOLATION (0xc0000005) at pc=0x000000000252eda6, pid=576, tid=1220
#
# JRE version: 7.0_07-b11
# Java VM: Java HotSpot(TM) 64-Bit Server VM (23.3-b01 mixed mode windows-amd64 compressed oops)
# Problematic frame:
# J  com.googlecode.javacv.cpp.opencv_core$IplImage.flipCopyWithGamma(Ljava/nio/ByteBuffer;ILjava/nio/ByteBuffer;IZDZI)V
#
# Failed to write core dump. Minidumps are not enabled by default on client versions of Windows
#
# If you would like to submit a bug report, please visit:
#   http://bugreport.sun.com/bugreport/crash.jsp
#

---------------  T H R E A D  ---------------

Current thread (0x0000000018755000):  JavaThread "threadDisplay" daemon [_thread_in_Java, id=1220, stack(0x000000001e730000,0x000000001e830000)]

siginfo: ExceptionCode=0xc0000005, reading address 0x000000001e67b6f5

Registers:
RAX=0x000000000054a6a5, RBX=0x00000000005eec00, RCX=0x0000000000000000, RDX=0x000000001e131050
RSP=0x000000001e82ea20, RBP=0x00000007ab2a3390, RSI=0x00000007b1eb6d70, RDI=0x00000000005eec00
R8 =0x000000000054a6a5, R9 =0x000000000054a6a5, R10=0x000000000000167f, R11=0x00000000005eec00
R12=0x0000000000000000, R13=0x000000000054a6a5, R14=0x0000000000000325, R15=0x0000000018755000
RIP=0x000000000252eda6, EFLAGS=0x0000000000010207

Top of Stack: (sp=0x000000001e82ea20)
0x000000001e82ea20:   00000000005eec00 00000000005eec00
0x000000001e82ea30:   0000000000000000 00000000ffffffff
0x000000001e82ea40:   3ff0000000000000 00000007ab2a3350
0x000000001e82ea50:   00000007ab2a3390 3ff0000000000000
0x000000001e82ea60:   0054a38000000000 df6aba820054a380
0x000000001e82ea70:   00001680df6c66a9 0000000000001680
0x000000001e82ea80:   00000007ab2a33c0 00001680ffffffff
0x000000001e82ea90:   00000007ab2a3390 00000007ab2a3350
0x000000001e82eaa0:   00000000f63d6dae 00000007b1eb6d70
0x000000001e82eab0:   00000007ab2a3390 00000007ab2a3390
0x000000001e82eac0:   000000001e82eac0 00000006fb555c47
0x000000001e82ead0:   000000001e82eb80 00000000023d61f8
0x000000001e82eae0:   0000000000000000 00000006fb555c58
0x000000001e82eaf0:   00000000023d61f8 0000000000000000
0x000000001e82eb00:   0000000000000000 3ff0000000000000
0x000000001e82eb10:   0000000000000000 0000000000000000 

Instructions: (pc=0x000000000252eda6)
0x000000000252ed86:   45 18 3b c7 0f 8d 75 01 00 00 44 8b c0 41 ff c0
0x000000000252ed96:   44 89 45 18 48 8b 6c 24 70 44 8b 45 18 4c 63 c8
0x000000000252eda6:   42 0f b6 04 0a 44 3b c3 0f 8d 81 01 00 00 45 8b
0x000000000252edb6:   c8 44 03 c9 41 ff c0 44 89 45 18 45 3b cb 0f 83 


Register to memory mapping:

RAX=0x000000000054a6a5 is an unknown value
RBX=0x00000000005eec00 is an unknown value
RCX=0x0000000000000000 is an unknown value
RDX=0x000000001e131050 is an unknown value
RSP=0x000000001e82ea20 is pointing into the stack for thread: 0x0000000018755000
RBP=0x00000007ab2a3390 is an oop
java.nio.HeapByteBuffer 
 - klass: 'java/nio/HeapByteBuffer'
RSI=0x00000007b1eb6d70 is an oop
[B 
 - klass: {type array byte}
 - length: 6220800
RDI=0x00000000005eec00 is an unknown value
R8 =0x000000000054a6a5 is an unknown value
R9 =0x000000000054a6a5 is an unknown value
R10=0x000000000000167f is an unknown value
R11=0x00000000005eec00 is an unknown value
R12=0x0000000000000000 is an unknown value
R13=0x000000000054a6a5 is an unknown value
R14=0x0000000000000325 is an unknown value
R15=0x0000000018755000 is a thread


Stack: [0x000000001e730000,0x000000001e830000],  sp=0x000000001e82ea20,  free space=1018k
Native frames: (J=compiled Java code, j=interpreted, Vv=VM code, C=native code)
J  com.googlecode.javacv.cpp.opencv_core$IplImage.flipCopyWithGamma(Ljava/nio/ByteBuffer;ILjava/nio/ByteBuffer;IZDZI)V


---------------  P R O C E S S  ---------------

Java Threads: ( => current thread )
  0x000000001351d000 JavaThread "Thread-0" daemon [_thread_in_native, id=5544, stack(0x000000001b190000,0x000000001b290000)]
  0x000000001817b800 JavaThread "Thread-3" [_thread_in_native, id=8076, stack(0x000000001af90000,0x000000001b090000)]
  0x000000001802d800 JavaThread "ICEpdf-pagePainter" daemon [_thread_blocked, id=7680, stack(0x000000001eb80000,0x000000001ec80000)]
  0x000000001722f000 JavaThread "ICEpdf-pageInitializer" daemon [_thread_blocked, id=4812, stack(0x000000001e940000,0x000000001ea40000)]
  0x00000000020fe000 JavaThread "DestroyJavaVM" [_thread_blocked, id=4044, stack(0x00000000021d0000,0x00000000022d0000)]
=>0x0000000018755000 JavaThread "threadDisplay" daemon [_thread_in_Java, id=1220, stack(0x000000001e730000,0x000000001e830000)]
  0x000000001831a000 JavaThread "TimerQueue" daemon [_thread_blocked, id=1988, stack(0x0000000018ca0000,0x0000000018da0000)]
  0x0000000013726800 JavaThread "AWT-EventQueue-0" [_thread_blocked, id=4612, stack(0x0000000018b80000,0x0000000018c80000)]
  0x00000000136ff000 JavaThread "Image Fetcher 0" daemon [_thread_blocked, id=7792, stack(0x0000000018a80000,0x0000000018b80000)]
  0x00000000135fd800 JavaThread "AWT-Windows" daemon [_thread_in_native, id=4744, stack(0x0000000014130000,0x0000000014230000)]
  0x00000000135fd000 JavaThread "AWT-Shutdown" [_thread_blocked, id=6088, stack(0x0000000014030000,0x0000000014130000)]
  0x00000000135f4000 JavaThread "Java2D Disposer" daemon [_thread_blocked, id=4232, stack(0x0000000013f30000,0x0000000014030000)]
  0x0000000010ef0800 JavaThread "Service Thread" daemon [_thread_blocked, id=1880, stack(0x00000000132e0000,0x00000000133e0000)]
  0x0000000010ef0000 JavaThread "C2 CompilerThread1" daemon [_thread_blocked, id=1196, stack(0x00000000131e0000,0x00000000132e0000)]
  0x0000000010ee9000 JavaThread "C2 CompilerThread0" daemon [_thread_blocked, id=6168, stack(0x00000000130e0000,0x00000000131e0000)]
  0x0000000010ee7800 JavaThread "Attach Listener" daemon [_thread_blocked, id=2316, stack(0x0000000012fe0000,0x00000000130e0000)]
  0x0000000010edb000 JavaThread "Signal Dispatcher" daemon [_thread_blocked, id=4272, stack(0x0000000012ee0000,0x0000000012fe0000)]
  0x0000000010e7e800 JavaThread "Finalizer" daemon [_thread_blocked, id=56, stack(0x0000000012de0000,0x0000000012ee0000)]
  0x0000000010e77000 JavaThread "Reference Handler" daemon [_thread_blocked, id=5688, stack(0x0000000012ce0000,0x0000000012de0000)]

Other Threads:
  0x0000000010e72000 VMThread [stack: 0x0000000012be0000,0x0000000012ce0000] [id=5496]
  0x0000000010f0f000 WatcherThread [stack: 0x00000000133e0000,0x00000000134e0000] [id=7632]

VM state:not at safepoint (normal execution)

VM Mutex/Monitor currently owned by a thread: None

Heap
 PSYoungGen      total 141824K, used 135652K [0x00000007aacb0000, 0x00000007b41d0000, 0x0000000800000000)
  eden space 130944K, 95% used [0x00000007aacb0000,0x00000007b268d590,0x00000007b2c90000)
  from space 10880K, 99% used [0x00000007b3730000,0x00000007b41cbae0,0x00000007b41d0000)
  to   space 10880K, 0% used [0x00000007b2c90000,0x00000007b2c90000,0x00000007b3730000)
 ParOldGen       total 174528K, used 44388K [0x0000000700600000, 0x000000070b070000, 0x00000007aacb0000)
  object space 174528K, 25% used [0x0000000700600000,0x0000000703159198,0x000000070b070000)
 PSPermGen       total 21248K, used 17608K [0x00000006fb400000, 0x00000006fc8c0000, 0x0000000700600000)
  object space 21248K, 82% used [0x00000006fb400000,0x00000006fc532378,0x00000006fc8c0000)

Card table byte_map: [0x0000000005490000,0x0000000005cc0000] byte_map_base: 0x0000000001cb6000

Polling page: 0x0000000001fc0000

Code Cache  [0x00000000023d0000, 0x0000000002640000, 0x00000000053d0000)
 total_blobs=835 nmethods=253 adapters=533 free_code_cache=47785Kb largest_free_block=48884736

Compilation events (10 events):
Event: 4.679 Thread 0x0000000010ef0000  249             com.googlecode.javacv.cpp.opencv_core$IplImage::flipCopyWithGamma (608 bytes)
Event: 4.705 Thread 0x0000000010ef0000 nmethod 249 0x000000000252e790 code [0x000000000252ea40, 0x0000000002530780]
Event: 4.736 Thread 0x0000000010ee9000  250             java.util.concurrent.locks.AbstractQueuedSynchronizer::setState (6 bytes)
Event: 4.737 Thread 0x0000000010ee9000 nmethod 250 0x0000000002475890 code [0x00000000024759c0, 0x0000000002475a38]
Event: 4.789 Thread 0x0000000010ef0000  251             java.util.concurrent.locks.AbstractQueuedSynchronizer::compareAndSetState (13 bytes)
Event: 4.790 Thread 0x0000000010ef0000 nmethod 251 0x0000000002475690 code [0x00000000024757c0, 0x0000000002475838]
Event: 4.795 Thread 0x0000000010ee9000  252             java.util.concurrent.locks.AbstractQueuedSynchronizer::release (33 bytes)
Event: 4.798 Thread 0x0000000010ee9000 nmethod 252 0x00000000024751d0 code [0x0000000002475320, 0x0000000002475528]
Event: 4.984 Thread 0x0000000010ef0000  253             java.util.concurrent.locks.ReentrantLock::unlock (10 bytes)
Event: 4.986 Thread 0x0000000010ef0000 nmethod 253 0x0000000002474d50 code [0x0000000002474ea0, 0x0000000002475048]

GC Heap History (8 events):
Event: 4.184 GC heap before
{Heap before GC invocations=1 (full 0):
 PSYoungGen      total 76352K, used 65472K [0x00000007aacb0000, 0x00000007b01e0000, 0x0000000800000000)
  eden space 65472K, 100% used [0x00000007aacb0000,0x00000007aeca0000,0x00000007aeca0000)
  from space 10880K, 0% used [0x00000007af740000,0x00000007af740000,0x00000007b01e0000)
  to   space 10880K, 0% used [0x00000007aeca0000,0x00000007aeca0000,0x00000007af740000)
 ParOldGen       total 174528K, used 0K [0x0000000700600000, 0x000000070b070000, 0x00000007aacb0000)
  object space 174528K, 0% used [0x0000000700600000,0x0000000700600000,0x000000070b070000)
 PSPermGen       total 21248K, used 17495K [0x00000006fb400000, 0x00000006fc8c0000, 0x0000000700600000)
  object space 21248K, 82% used [0x00000006fb400000,0x00000006fc515d78,0x00000006fc8c0000)
Event: 4.194 GC heap after
Heap after GC invocations=1 (full 0):
 PSYoungGen      total 76352K, used 10878K [0x00000007aacb0000, 0x00000007b01e0000, 0x0000000800000000)
  eden space 65472K, 0% used [0x00000007aacb0000,0x00000007aacb0000,0x00000007aeca0000)
  from space 10880K, 99% used [0x00000007aeca0000,0x00000007af73fa50,0x00000007af740000)
  to   space 10880K, 0% used [0x00000007af740000,0x00000007af740000,0x00000007b01e0000)
 ParOldGen       total 174528K, used 5546K [0x0000000700600000, 0x000000070b070000, 0x00000007aacb0000)
  object space 174528K, 3% used [0x0000000700600000,0x0000000700b6ab78,0x000000070b070000)
 PSPermGen       total 21248K, used 17495K [0x00000006fb400000, 0x00000006fc8c0000, 0x0000000700600000)
  object space 21248K, 82% used [0x00000006fb400000,0x00000006fc515d78,0x00000006fc8c0000)
}
Event: 4.918 GC heap before
{Heap before GC invocations=2 (full 0):
 PSYoungGen      total 76352K, used 73570K [0x00000007aacb0000, 0x00000007b01e0000, 0x0000000800000000)
  eden space 65472K, 95% used [0x00000007aacb0000,0x00000007ae9e8e68,0x00000007aeca0000)
  from space 10880K, 99% used [0x00000007aeca0000,0x00000007af73fa50,0x00000007af740000)
  to   space 10880K, 0% used [0x00000007af740000,0x00000007af740000,0x00000007b01e0000)
 ParOldGen       total 174528K, used 5546K [0x0000000700600000, 0x000000070b070000, 0x00000007aacb0000)
  object space 174528K, 3% used [0x0000000700600000,0x0000000700b6ab78,0x000000070b070000)
 PSPermGen       total 21248K, used 17577K [0x00000006fb400000, 0x00000006fc8c0000, 0x0000000700600000)
  object space 21248K, 82% used [0x00000006fb400000,0x00000006fc52a578,0x00000006fc8c0000)
Event: 4.927 GC heap after
Heap after GC invocations=2 (full 0):
 PSYoungGen      total 76352K, used 8650K [0x00000007aacb0000, 0x00000007b01e0000, 0x0000000800000000)
  eden space 65472K, 0% used [0x00000007aacb0000,0x00000007aacb0000,0x00000007aeca0000)
  from space 10880K, 79% used [0x00000007af740000,0x00000007affb2b60,0x00000007b01e0000)
  to   space 10880K, 0% used [0x00000007aeca0000,0x00000007aeca0000,0x00000007af740000)
 ParOldGen       total 174528K, used 23779K [0x0000000700600000, 0x000000070b070000, 0x00000007aacb0000)
  object space 174528K, 13% used [0x0000000700600000,0x0000000701d38fa8,0x000000070b070000)
 PSPermGen       total 21248K, used 17577K [0x00000006fb400000, 0x00000006fc8c0000, 0x0000000700600000)
  object space 21248K, 82% used [0x00000006fb400000,0x00000006fc52a578,0x00000006fc8c0000)
}
Event: 5.245 GC heap before
{Heap before GC invocations=3 (full 0):
 PSYoungGen      total 76352K, used 71825K [0x00000007aacb0000, 0x00000007b01e0000, 0x0000000800000000)
  eden space 65472K, 96% used [0x00000007aacb0000,0x00000007aea61a78,0x00000007aeca0000)
  from space 10880K, 79% used [0x00000007af740000,0x00000007affb2b60,0x00000007b01e0000)
  to   space 10880K, 0% used [0x00000007aeca0000,0x00000007aeca0000,0x00000007af740000)
 ParOldGen       total 174528K, used 23779K [0x0000000700600000, 0x000000070b070000, 0x00000007aacb0000)
  object space 174528K, 13% used [0x0000000700600000,0x0000000701d38fa8,0x000000070b070000)
 PSPermGen       total 21248K, used 17579K [0x00000006fb400000, 0x00000006fc8c0000, 0x0000000700600000)
  object space 21248K, 82% used [0x00000006fb400000,0x00000006fc52af08,0x00000006fc8c0000)
Event: 5.250 GC heap after
Heap after GC invocations=3 (full 0):
 PSYoungGen      total 76352K, used 10878K [0x00000007aacb0000, 0x00000007b41d0000, 0x0000000800000000)
  eden space 65472K, 0% used [0x00000007aacb0000,0x00000007aacb0000,0x00000007aeca0000)
  from space 10880K, 99% used [0x00000007aeca0000,0x00000007af73faf0,0x00000007af740000)
  to   space 10880K, 0% used [0x00000007b3730000,0x00000007b3730000,0x00000007b41d0000)
 ParOldGen       total 174528K, used 27462K [0x0000000700600000, 0x000000070b070000, 0x00000007aacb0000)
  object space 174528K, 15% used [0x0000000700600000,0x00000007020d1bc8,0x000000070b070000)
 PSPermGen       total 21248K, used 17579K [0x00000006fb400000, 0x00000006fc8c0000, 0x0000000700600000)
  object space 21248K, 82% used [0x00000006fb400000,0x00000006fc52af08,0x00000006fc8c0000)
}
Event: 5.422 GC heap before
{Heap before GC invocations=4 (full 0):
 PSYoungGen      total 76352K, used 73222K [0x00000007aacb0000, 0x00000007b41d0000, 0x0000000800000000)
  eden space 65472K, 95% used [0x00000007aacb0000,0x00000007ae991f00,0x00000007aeca0000)
  from space 10880K, 99% used [0x00000007aeca0000,0x00000007af73faf0,0x00000007af740000)
  to   space 10880K, 0% used [0x00000007b3730000,0x00000007b3730000,0x00000007b41d0000)
 ParOldGen       total 174528K, used 27462K [0x0000000700600000, 0x000000070b070000, 0x00000007aacb0000)
  object space 174528K, 15% used [0x0000000700600000,0x00000007020d1bc8,0x000000070b070000)
 PSPermGen       total 21248K, used 17581K [0x00000006fb400000, 0x00000006fc8c0000, 0x0000000700600000)
  object space 21248K, 82% used [0x00000006fb400000,0x00000006fc52b7c0,0x00000006fc8c0000)
Event: 5.430 GC heap after
Heap after GC invocations=4 (full 0):
 PSYoungGen      total 141824K, used 10862K [0x00000007aacb0000, 0x00000007b41d0000, 0x0000000800000000)
  eden space 130944K, 0% used [0x00000007aacb0000,0x00000007aacb0000,0x00000007b2c90000)
  from space 10880K, 99% used [0x00000007b3730000,0x00000007b41cbae0,0x00000007b41d0000)
  to   space 10880K, 0% used [0x00000007b2c90000,0x00000007b2c90000,0x00000007b3730000)
 ParOldGen       total 174528K, used 44388K [0x0000000700600000, 0x000000070b070000, 0x00000007aacb0000)
  object space 174528K, 25% used [0x0000000700600000,0x0000000703159198,0x000000070b070000)
 PSPermGen       total 21248K, used 17581K [0x00000006fb400000, 0x00000006fc8c0000, 0x0000000700600000)
  object space 21248K, 82% used [0x00000006fb400000,0x00000006fc52b7c0,0x00000006fc8c0000)
}

Deoptimization events (10 events):
Event: 3.759 Thread 0x0000000013726800 Uncommon trap -83 fr.pc 0x000000000247abc4
Event: 3.824 Thread 0x000000001722f000 Uncommon trap -83 fr.pc 0x0000000002477634
Event: 3.868 Thread 0x000000001722f000 Uncommon trap -83 fr.pc 0x000000000247a804
Event: 3.884 Thread 0x000000001722f000 Uncommon trap -83 fr.pc 0x00000000024ddca8
Event: 3.936 Thread 0x000000001722f000 Uncommon trap -83 fr.pc 0x00000000024e1810
Event: 3.963 Thread 0x000000001722f000 Uncommon trap -83 fr.pc 0x000000000249ce20
Event: 4.137 Thread 0x000000001802d800 Uncommon trap -34 fr.pc 0x00000000024f5104
Event: 4.138 Thread 0x000000001802d800 Uncommon trap -34 fr.pc 0x00000000024f5104
Event: 4.138 Thread 0x000000001802d800 Uncommon trap -34 fr.pc 0x00000000024f5104
Event: 4.138 Thread 0x000000001802d800 Uncommon trap -34 fr.pc 0x00000000024f5104

Internal exceptions (10 events):
Event: 3.973 Thread 0x000000001722f000 Threw 0x00000007ae22a0a8 at C:\jdk7u1_64p\jdk7u7\hotspot\src\share\vm\prims\jvm.cpp:1166
Event: 4.005 Thread 0x000000001722f000 Threw 0x00000007ae361720 at C:\jdk7u1_64p\jdk7u7\hotspot\src\share\vm\prims\jvm.cpp:1166
Event: 4.006 Thread 0x000000001722f000 Threw 0x00000007ae3644f0 at C:\jdk7u1_64p\jdk7u7\hotspot\src\share\vm\prims\jvm.cpp:1166
Event: 4.008 Thread 0x000000001722f000 Threw 0x00000007ae374958 at C:\jdk7u1_64p\jdk7u7\hotspot\src\share\vm\prims\jvm.cpp:1166
Event: 4.008 Thread 0x000000001722f000 Threw 0x00000007ae377728 at C:\jdk7u1_64p\jdk7u7\hotspot\src\share\vm\prims\jvm.cpp:1166
Event: 4.009 Thread 0x000000001722f000 Threw 0x00000007ae37a8d8 at C:\jdk7u1_64p\jdk7u7\hotspot\src\share\vm\prims\jvm.cpp:1166
Event: 4.009 Thread 0x000000001722f000 Threw 0x00000007ae37d6a8 at C:\jdk7u1_64p\jdk7u7\hotspot\src\share\vm\prims\jvm.cpp:1166
Event: 4.122 Thread 0x000000001802d800 Threw 0x00000007ae8f1fb8 at C:\jdk7u1_64p\jdk7u7\hotspot\src\share\vm\prims\jvm.cpp:1166
Event: 4.125 Thread 0x000000001802d800 Threw 0x00000007ae902848 at C:\jdk7u1_64p\jdk7u7\hotspot\src\share\vm\prims\jvm.cpp:1166
Event: 4.327 Thread 0x000000001802d800 Threw 0x00000007abf679c8 at C:\jdk7u1_64p\jdk7u7\hotspot\src\share\vm\prims\jvm.cpp:1166

Events (10 events):
Event: 4.928 Executing VM operation: RevokeBias done
Event: 4.928 Executing VM operation: RevokeBias
Event: 4.928 Executing VM operation: RevokeBias done
Event: 4.986 Thread 0x0000000010ef0000 flushing nmethod 0x0000000002477410
Event: 5.245 Executing VM operation: ParallelGCFailedAllocation
Event: 5.250 Executing VM operation: ParallelGCFailedAllocation done
Event: 5.264 loading class 0x00000000135fa720
Event: 5.264 loading class 0x00000000135fa720 done
Event: 5.422 Executing VM operation: ParallelGCFailedAllocation
Event: 5.430 Executing VM operation: ParallelGCFailedAllocation done


Dynamic libraries:
0x000007f617cb0000 - 0x000007f617ce4000 	F:\Program Files\Java\Jre7\bin\javaw.exe
0x000007fe83490000 - 0x000007fe8364e000 	C:\WINDOWS\SYSTEM32\ntdll.dll
0x000007fe83350000 - 0x000007fe83486000 	C:\WINDOWS\system32\KERNEL32.DLL
0x000007fe80580000 - 0x000007fe80673000 	C:\WINDOWS\system32\KERNELBASE.dll
0x000007fe82eb0000 - 0x000007fe82f8e000 	C:\WINDOWS\system32\ADVAPI32.dll
0x000007fe80a10000 - 0x000007fe80b5c000 	C:\WINDOWS\system32\USER32.dll
0x000007fe7db90000 - 0x000007fe7ddf9000 	C:\WINDOWS\WinSxS\amd64_microsoft.windows.common-controls_6595b64144ccf1df_6.0.9200.16384_none_418c2a697189c07f\COMCTL32.dll
0x000007fe82890000 - 0x000007fe82935000 	C:\WINDOWS\system32\msvcrt.dll
0x000007fe82840000 - 0x000007fe82888000 	C:\WINDOWS\SYSTEM32\sechost.dll
0x000007fe82970000 - 0x000007fe82ab0000 	C:\WINDOWS\system32\RPCRT4.dll
0x000007fe82ab0000 - 0x000007fe82bf0000 	C:\WINDOWS\system32\GDI32.dll
0x000007fe80b60000 - 0x000007fe80b99000 	C:\WINDOWS\system32\IMM32.DLL
0x000007fe82720000 - 0x000007fe82835000 	C:\WINDOWS\system32\MSCTF.dll
0x000007fe80380000 - 0x000007fe80388000 	C:\PROGRA~2\NVIDIA~1\3DVISI~1\NVSTIN~1.DLL
0x000007fe82940000 - 0x000007fe82947000 	C:\WINDOWS\system32\PSAPI.DLL
0x000000006acd0000 - 0x000000006ad73000 	C:\WINDOWS\WinSxS\amd64_microsoft.vc90.crt_1fc8b3b9a1e18e3b_9.0.30729.6871_none_08e717a5a83adddf\MSVCR90.dll
0x0000000069bb0000 - 0x0000000069c81000 	F:\Program Files\Java\Jre7\bin\msvcr100.dll
0x0000000068a20000 - 0x000000006913f000 	F:\Program Files\Java\Jre7\bin\server\jvm.dll
0x000007fe78b00000 - 0x000007fe78b09000 	C:\WINDOWS\SYSTEM32\WSOCK32.dll
0x000007fe7de20000 - 0x000007fe7de40000 	C:\WINDOWS\SYSTEM32\WINMM.dll
0x000007fe826a0000 - 0x000007fe826f8000 	C:\WINDOWS\system32\WS2_32.dll
0x000007fe7d3c0000 - 0x000007fe7d3f2000 	C:\WINDOWS\SYSTEM32\WINMMBASE.dll
0x000007fe82700000 - 0x000007fe82709000 	C:\WINDOWS\system32\NSI.dll
0x0000000069ba0000 - 0x0000000069baf000 	F:\Program Files\Java\Jre7\bin\verify.dll
0x0000000069b70000 - 0x0000000069b98000 	F:\Program Files\Java\Jre7\bin\java.dll
0x0000000069b50000 - 0x0000000069b65000 	F:\Program Files\Java\Jre7\bin\zip.dll
0x0000000068880000 - 0x0000000068a13000 	F:\Program Files\Java\Jre7\bin\awt.dll
0x000007fe808e0000 - 0x000007fe809a3000 	C:\WINDOWS\system32\OLEAUT32.dll
0x000007fe80ba0000 - 0x000007fe80d50000 	C:\WINDOWS\system32\combase.dll
0x000007fe7a5b0000 - 0x000007fe7a64f000 	C:\WINDOWS\system32\apphelp.dll
0x000007fe7e2c0000 - 0x000007fe7e2e1000 	C:\WINDOWS\system32\DWMAPI.DLL
0x000007fe7f180000 - 0x000007fe7f263000 	C:\WINDOWS\system32\uxtheme.dll
0x000007fe7a660000 - 0x000007fe7a6f5000 	C:\Program Files\Common Files\microsoft shared\ink\tiptsf.dll
0x000007fe80eb0000 - 0x000007fe8102e000 	C:\WINDOWS\system32\ole32.dll
0x000007fe801d0000 - 0x000007fe801da000 	C:\WINDOWS\SYSTEM32\CRYPTBASE.dll
0x000007fe80170000 - 0x000007fe801cc000 	C:\WINDOWS\SYSTEM32\bcryptPrimitives.dll
0x000007fe6ef80000 - 0x000007fe6f180000 	C:\WINDOWS\system32\d3d9.dll
0x000007fe7e110000 - 0x000007fe7e119000 	C:\WINDOWS\SYSTEM32\VERSION.dll
0x000007fe5c060000 - 0x000007fe5d1e0000 	C:\WINDOWS\SYSTEM32\nvd3dumx.dll
0x000007fe80270000 - 0x000007fe802b3000 	C:\WINDOWS\SYSTEM32\powrprof.dll
0x0000000180000000 - 0x0000000180116000 	C:\Program Files (x86)\NVIDIA Corporation\3D Vision\nvSCPAPI64.dll
0x000007fe82f90000 - 0x000007fe83160000 	C:\WINDOWS\system32\SETUPAPI.dll
0x000007fe7dab0000 - 0x000007fe7db24000 	C:\WINDOWS\SYSTEM32\dxgi.dll
0x000007fe81050000 - 0x000007fe82338000 	C:\WINDOWS\system32\SHELL32.dll
0x000007fe80680000 - 0x000007fe806cf000 	C:\WINDOWS\system32\CFGMGR32.dll
0x000007fe808b0000 - 0x000007fe808d2000 	C:\WINDOWS\system32\DEVOBJ.dll
0x000007fe83300000 - 0x000007fe83350000 	C:\WINDOWS\system32\SHLWAPI.dll
0x000007fe7ceb0000 - 0x000007fe7d172000 	C:\WINDOWS\SYSTEM32\nvapi64.dll
0x000007fe80520000 - 0x000007fe80575000 	C:\WINDOWS\system32\WINTRUST.dll
0x000007fe806d0000 - 0x000007fe808a7000 	C:\WINDOWS\system32\CRYPT32.dll
0x000007fe80450000 - 0x000007fe80466000 	C:\WINDOWS\system32\MSASN1.dll
0x000007fe7d400000 - 0x000007fe7d41f000 	C:\WINDOWS\SYSTEM32\DXGIDebug.dll
0x000007fe7f550000 - 0x000007fe7f5e6000 	C:\WINDOWS\SYSTEM32\shcore.dll
0x0000000068840000 - 0x0000000068874000 	F:\Program Files\Java\Jre7\bin\fontmanager.dll
0x0000000069b30000 - 0x0000000069b49000 	F:\Program Files\Java\Jre7\bin\net.dll
0x000007fe7fbe0000 - 0x000007fe7fc3c000 	C:\WINDOWS\system32\mswsock.dll
0x0000000069b10000 - 0x0000000069b21000 	F:\Program Files\Java\Jre7\bin\nio.dll
0x00000000687f0000 - 0x0000000068831000 	F:\Program Files\Java\Jre7\bin\t2k.dll
0x000007fe82bf0000 - 0x000007fe82c86000 	C:\WINDOWS\SYSTEM32\clbcatq.dll
0x000007fe7df80000 - 0x000007fe7e10a000 	C:\WINDOWS\SYSTEM32\WindowsCodecs.dll
0x000007fe803a0000 - 0x000007fe803b5000 	C:\WINDOWS\SYSTEM32\profapi.dll
0x0000000069ed0000 - 0x0000000069f68000 	C:\Windows\System32\msvcp100.dll
0x000007fe68a30000 - 0x000007fe68c88000 	C:\opencv\build\x64\vc10\bin\opencv_core243.dll
0x000007fe6cc80000 - 0x000007fe6cd15000 	C:\Users\Jonas\AppData\Local\Temp\javacpp109242187503696\jniopencv_core.dll
0x000007fe68780000 - 0x000007fe68a25000 	C:\opencv\build\x64\vc10\bin\opencv_imgproc243.dll
0x000007fe77610000 - 0x000007fe77658000 	C:\Users\Jonas\AppData\Local\Temp\javacpp109242187503696\jniopencv_imgproc.dll
0x0000000066840000 - 0x00000000675ca000 	C:\opencv\build\x64\vc10\bin\opencv_ffmpeg243_64.dll
0x000007fe68530000 - 0x000007fe6877b000 	C:\opencv\build\x64\vc10\bin\opencv_highgui243.dll
0x000007fe77d40000 - 0x000007fe77d60000 	C:\WINDOWS\SYSTEM32\AVIFIL32.dll
0x000007fe774e0000 - 0x000007fe77509000 	C:\WINDOWS\SYSTEM32\MSVFW32.dll
0x000007fe77d20000 - 0x000007fe77d37000 	C:\WINDOWS\SYSTEM32\AVICAP32.dll
0x000007fe677e0000 - 0x000007fe677f9000 	C:\WINDOWS\SYSTEM32\MSACM32.dll
0x000007fe77cb0000 - 0x000007fe77cc3000 	C:\Users\Jonas\AppData\Local\Temp\javacpp109242187503696\jniopencv_highgui.dll
0x000007fe775f0000 - 0x000007fe77607000 	C:\Windows\System32\devenum.dll
0x000007fe796e0000 - 0x000007fe7970e000 	C:\WINDOWS\SYSTEM32\ntmarta.dll
0x000007fe78590000 - 0x000007fe7859d000 	C:\WINDOWS\SYSTEM32\msdmo.dll
0x000007fe70280000 - 0x000007fe702af000 	C:\Windows\System32\qcap.dll
0x000007fe69ef0000 - 0x000007fe6a0a8000 	C:\Windows\System32\quartz.dll
0x000007fe70200000 - 0x000007fe7023f000 	C:\Windows\System32\ksproxy.ax
0x000007fe6d940000 - 0x000007fe6d947000 	C:\Windows\System32\ksuser.dll
0x000007fe778e0000 - 0x000007fe778ec000 	C:\Windows\System32\vidcap.ax
0x000007fe6e9b0000 - 0x000007fe6e9d4000 	C:\Windows\System32\kswdmcap.ax
0x000007fe6bb50000 - 0x000007fe6bca4000 	C:\Windows\System32\MFC42.dll
0x000007fe6e770000 - 0x000007fe6e82e000 	C:\Windows\System32\ODBC32.dll
0x000007fe6cbe0000 - 0x000007fe6cc75000 	C:\Windows\System32\qedit.dll
0x000007fe823b0000 - 0x000007fe82451000 	C:\WINDOWS\system32\COMDLG32.dll
0x000007fe83160000 - 0x000007fe83300000 	C:\WINDOWS\WinSxS\amd64_microsoft.windows.gdiplus_6595b64144ccf1df_1.1.9200.16384_none_72771d4ecc1c3a4d\gdiplus.dll
0x000007fe67cd0000 - 0x000007fe67dba000 	C:\WINDOWS\SYSTEM32\DDRAW.dll
0x000007fe7d1b0000 - 0x000007fe7d1b8000 	C:\WINDOWS\SYSTEM32\DCIMAN32.dll
0x000007fe7d2d0000 - 0x000007fe7d339000 	C:\WINDOWS\SYSTEM32\oleacc.dll
0x00000000687c0000 - 0x00000000687ea000 	F:\Program Files\Java\Jre7\bin\dcpr.dll

VM Arguments:
jvm_args: -Dfile.encoding=Cp1252 
java_command: emcscanner.kth.se.Program
Launcher Type: SUN_STANDARD

Environment Variables:
PATH=C:\Program Files (x86)\NVIDIA Corporation\PhysX\Common;C:\WINDOWS\system32;C:\WINDOWS;C:\WINDOWS\System32\Wbem;C:\WINDOWS\System32\WindowsPowerShell\v1.0\;C:\Program Files (x86)\Microsoft SQL Server\90\Tools\binn\;C:\Program Files (x86)\Autodesk\Backburner\;F:\Program Files\MATLAB\R2012a\runtime\win64;F:\Program Files\MATLAB\R2012a\bin;C:\Program Files\Internet Explorer;C:\Program Files\Perforce;F:\Program Files\Perforce;C:\Program Files\Microsoft\Web Platform Installer\;C:\Program Files (x86)\Microsoft ASP.NET\ASP.NET Web Pages\v1.0\;C:\Program Files (x86)\Windows Kits\8.0\Windows Performance Toolkit\;C:\Program Files\Microsoft SQL Server\110\Tools\Binn\;F:\Program Files\Perforce\Server
USERNAME=Jonas
OS=Windows_NT
PROCESSOR_IDENTIFIER=Intel64 Family 6 Model 42 Stepping 7, GenuineIntel



---------------  S Y S T E M  ---------------

OS: Windows 8 , 64 bit Build 9200 

CPU:total 8 (4 cores per cpu, 2 threads per core) family 6 model 42 stepping 7, cmov, cx8, fxsr, mmx, sse, sse2, sse3, ssse3, sse4.1, sse4.2, popcnt, avx, ht, tsc, tscinvbit

Memory: 4k page, physical 16751668k(11834440k free), swap 33528884k(27167808k free)

vm_info: Java HotSpot(TM) 64-Bit Server VM (23.3-b01) for windows-amd64 JRE (1.7.0_07-b11), built on Sep  7 2012 01:19:25 by "java_re" with unknown MS VC++:1600

time: Wed Jan 23 02:55:08 2013
elapsed time: 5 seconds

