#
# A fatal error has been detected by the Java Runtime Environment:
#
#  EXCEPTION_ACCESS_VIOLATION (0xc0000005) at pc=0x0000000002d3aafa, pid=6120, tid=4588
#
# JRE version: 7.0_07-b11
# Java VM: Java HotSpot(TM) 64-Bit Server VM (23.3-b01 mixed mode windows-amd64 compressed oops)
# Problematic frame:
# J  com.googlecode.javacv.cpp.opencv_core$IplImage.flipCopyWithGamma(Ljava/nio/ByteBuffer;ILjava/nio/ByteBuffer;IZDZI)V
#
# Failed to write core dump. Minidumps are not enabled by default on client versions of Windows
#
# If you would like to submit a bug report, please visit:
#   http://bugreport.sun.com/bugreport/crash.jsp
#

---------------  T H R E A D  ---------------

Current thread (0x0000000013d3f800):  JavaThread "threadDisplayCamera" daemon [_thread_in_Java, id=4588, stack(0x000000001bc70000,0x000000001bd70000)]

siginfo: ExceptionCode=0xc0000005, reading address 0x000000001b8fd000

Registers:
RAX=0x0000000000000048, RBX=0x00000000005eec00, RCX=0x0000000000000000, RDX=0x000000001b680050
RSP=0x000000001bd6f000, RBP=0x00000007d8b8a250, RSI=0x000000071bcaf9c0, RDI=0x00000000005eec00
R8 =0x000000000027cfb0, R9 =0x000000000027cfb1, R10=0x000000000000167f, R11=0x00000000005eec00
R12=0x0000000000000000, R13=0x000000000027cfb0, R14=0x00000000000015af, R15=0x0000000013d3f800
RIP=0x0000000002d3aafa, EFLAGS=0x0000000000010207

Top of Stack: (sp=0x000000001bd6f000)
0x000000001bd6f000:   000000001bd6f048 00000006fb559128
0x000000001bd6f010:   0000000000000000 00000006fb556ea0
0x000000001bd6f020:   3ff0000000000000 00000007d8b8a210
0x000000001bd6f030:   00000007d8b8a250 3ff0000000000000
0x000000001bd6f040:   0027ba0000000000 df6ab9ce0027ba00
0x000000001bd6f050:   00001680df6c65d4 0000000000001680
0x000000001bd6f060:   00000007d8b8a280 00001680ffffffff
0x000000001bd6f070:   00000007d8b8a250 00000007d8b8a210
0x000000001bd6f080:   3ff00000e3795f38 0000000002bf28d9
0x000000001bd6f090:   00000006fb9c69a8 00000007d8b8a110
0x000000001bd6f0a0:   00000006fb7b74b0 0000000000000000
0x000000001bd6f0b0:   000000001bd6f168 0000000002be61f8
0x000000001bd6f0c0:   0000000000000000 0000000000000000
0x000000001bd6f0d0:   00000006fbb3f878 0000000002be61f8
0x000000001bd6f0e0:   0000000000000000 0000000000000000
0x000000001bd6f0f0:   3ff0000000000000 0000000002be63d3 

Instructions: (pc=0x0000000002d3aafa)
0x0000000002d3aada:   10 44 3b c7 0f 8d 26 01 00 00 45 8b c8 41 ff c1
0x0000000002d3aaea:   44 89 4d 18 48 8b 6c 24 70 44 8b 6d 18 4d 63 c0
0x0000000002d3aafa:   42 0f b6 04 02 44 3b eb 0f 8d 32 01 00 00 45 8b
0x0000000002d3ab0a:   cd 44 03 c9 41 ff c5 44 89 6d 18 45 3b cb 0f 83 


Register to memory mapping:

RAX=0x0000000000000048 is an unknown value
RBX=0x00000000005eec00 is an unknown value
RCX=0x0000000000000000 is an unknown value
RDX=0x000000001b680050 is an unknown value
RSP=0x000000001bd6f000 is pointing into the stack for thread: 0x0000000013d3f800
RBP=0x00000007d8b8a250 is an oop
java.nio.HeapByteBuffer 
 - klass: 'java/nio/HeapByteBuffer'
RSI=0x000000071bcaf9c0 is an oop
[B 
 - klass: {type array byte}
 - length: 6220800
RDI=0x00000000005eec00 is an unknown value
R8 =0x000000000027cfb0 is an unknown value
R9 =0x000000000027cfb1 is an unknown value
R10=0x000000000000167f is an unknown value
R11=0x00000000005eec00 is an unknown value
R12=0x0000000000000000 is an unknown value
R13=0x000000000027cfb0 is an unknown value
R14=0x00000000000015af is an unknown value
R15=0x0000000013d3f800 is a thread


Stack: [0x000000001bc70000,0x000000001bd70000],  sp=0x000000001bd6f000,  free space=1020k
Native frames: (J=compiled Java code, j=interpreted, Vv=VM code, C=native code)
J  com.googlecode.javacv.cpp.opencv_core$IplImage.flipCopyWithGamma(Ljava/nio/ByteBuffer;ILjava/nio/ByteBuffer;IZDZI)V


---------------  P R O C E S S  ---------------

Java Threads: ( => current thread )
  0x0000000014f35800 JavaThread "ICEpdf-pagePainter" daemon [_thread_blocked, id=6176, stack(0x0000000026190000,0x0000000026290000)]
  0x0000000014f3b800 JavaThread "ICEpdf-pageInitializer" daemon [_thread_blocked, id=4104, stack(0x0000000025f60000,0x0000000026060000)]
  0x0000000014f37000 JavaThread "DestroyJavaVM" [_thread_blocked, id=7492, stack(0x00000000029e0000,0x0000000002ae0000)]
  0x0000000017da6800 JavaThread "D3D Screen Updater" daemon [_thread_blocked, id=6836, stack(0x0000000023b00000,0x0000000023c00000)]
  0x0000000015047800 JavaThread "TimerQueue" daemon [_thread_blocked, id=5040, stack(0x00000000221d0000,0x00000000222d0000)]
  0x0000000014c31800 JavaThread "threadDisplayDensity" daemon [_thread_blocked, id=8020, stack(0x000000001e570000,0x000000001e670000)]
  0x0000000014c31000 JavaThread "AWT-EventQueue-0" [_thread_in_native, id=5620, stack(0x000000001e470000,0x000000001e570000)]
  0x0000000014cfb000 JavaThread "threadDisplay" daemon [_thread_blocked, id=7400, stack(0x000000001e370000,0x000000001e470000)]
  0x0000000014fe1800 JavaThread "AWT-Shutdown" [_thread_blocked, id=5832, stack(0x000000001bd70000,0x000000001be70000)]
=>0x0000000013d3f800 JavaThread "threadDisplayCamera" daemon [_thread_in_Java, id=4588, stack(0x000000001bc70000,0x000000001bd70000)]
  0x0000000013d40800 JavaThread "AWT-Windows" daemon [_thread_in_native, id=8180, stack(0x0000000014630000,0x0000000014730000)]
  0x0000000013d3e800 JavaThread "Java2D Disposer" daemon [_thread_blocked, id=4660, stack(0x0000000014430000,0x0000000014530000)]
  0x000000001164c800 JavaThread "Service Thread" daemon [_thread_blocked, id=4860, stack(0x0000000013a30000,0x0000000013b30000)]
  0x000000001163f800 JavaThread "C2 CompilerThread1" daemon [_thread_blocked, id=6060, stack(0x0000000013930000,0x0000000013a30000)]
  0x0000000011639000 JavaThread "C2 CompilerThread0" daemon [_thread_blocked, id=2888, stack(0x0000000013830000,0x0000000013930000)]
  0x0000000011637800 JavaThread "Attach Listener" daemon [_thread_blocked, id=5748, stack(0x0000000013730000,0x0000000013830000)]
  0x000000001162b000 JavaThread "Signal Dispatcher" daemon [_thread_blocked, id=7564, stack(0x0000000013630000,0x0000000013730000)]
  0x00000000115ce800 JavaThread "Finalizer" daemon [_thread_blocked, id=5920, stack(0x0000000013530000,0x0000000013630000)]
  0x00000000115c7000 JavaThread "Reference Handler" daemon [_thread_blocked, id=1700, stack(0x0000000013430000,0x0000000013530000)]

Other Threads:
  0x00000000115c2000 VMThread [stack: 0x0000000013330000,0x0000000013430000] [id=5516]
  0x0000000011657000 WatcherThread [stack: 0x0000000013b30000,0x0000000013c30000] [id=8140]

VM state:not at safepoint (normal execution)

VM Mutex/Monitor currently owned by a thread: None

Heap
 PSYoungGen      total 811520K, used 783615K [0x00000007aacb0000, 0x00000007e5440000, 0x0000000800000000)
  eden space 754240K, 99% used [0x00000007aacb0000,0x00000007d8b8abf8,0x00000007d8d40000)
  from space 57280K, 54% used [0x00000007d8d40000,0x00000007daba53b0,0x00000007dc530000)
  to   space 56000K, 0% used [0x00000007e1d90000,0x00000007e1d90000,0x00000007e5440000)
 ParOldGen       total 457856K, used 455289K [0x0000000700600000, 0x000000071c520000, 0x00000007aacb0000)
  object space 457856K, 99% used [0x0000000700600000,0x000000071c29e5d0,0x000000071c520000)
 PSPermGen       total 37824K, used 18199K [0x00000006fb400000, 0x00000006fd8f0000, 0x0000000700600000)
  object space 37824K, 48% used [0x00000006fb400000,0x00000006fc5c5fc8,0x00000006fd8f0000)

Card table byte_map: [0x0000000005be0000,0x0000000006410000] byte_map_base: 0x0000000002406000

Polling page: 0x00000000010c0000

Code Cache  [0x0000000002be0000, 0x0000000002e50000, 0x0000000005be0000)
 total_blobs=952 nmethods=360 adapters=543 free_code_cache=47664Kb largest_free_block=48767424

Compilation events (10 events):
Event: 25.543 Thread 0x000000001163f800  364             java.awt.image.Raster::createInterleavedRaster (162 bytes)
Event: 25.551 Thread 0x000000001163f800 nmethod 364 0x0000000002ccec10 code [0x0000000002ccede0, 0x0000000002ccf568]
Event: 26.013 Thread 0x0000000011639000  366             javax.swing.RepaintManager::currentManager (37 bytes)
Event: 26.014 Thread 0x0000000011639000 nmethod 366 0x0000000002cce490 code [0x0000000002cce5e0, 0x0000000002cce688]
Event: 26.035 Thread 0x000000001163f800  367             javax.swing.RepaintManager::currentManager (5 bytes)
Event: 26.035 Thread 0x0000000011639000  368             javax.swing.RepaintManager::currentManager (7 bytes)
Event: 26.037 Thread 0x0000000011639000 nmethod 368 0x0000000002cc7450 code [0x0000000002cc75c0, 0x0000000002cc7718]
Event: 26.037 Thread 0x000000001163f800 nmethod 367 0x0000000002cc6f10 code [0x0000000002cc7080, 0x0000000002cc71d8]
Event: 26.084 Thread 0x0000000011639000  369             java.awt.Component::getForeground (29 bytes)
Event: 26.085 Thread 0x0000000011639000 nmethod 369 0x0000000002d04410 code [0x0000000002d04560, 0x0000000002d04628]

GC Heap History (10 events):
Event: 18.615 GC heap before
{Heap before GC invocations=19 (full 3):
 PSYoungGen      total 607360K, used 553316K [0x00000007aacb0000, 0x00000007da8e0000, 0x0000000800000000)
  eden space 554624K, 99% used [0x00000007aacb0000,0x00000007cc909208,0x00000007cca50000)
  from space 52736K, 0% used [0x00000007cca50000,0x00000007cca50000,0x00000007cfdd0000)
  to   space 54144K, 0% used [0x00000007d7400000,0x00000007d7400000,0x00000007da8e0000)
 ParOldGen       total 244096K, used 45385K [0x0000000700600000, 0x000000070f460000, 0x00000007aacb0000)
  object space 244096K, 18% used [0x0000000700600000,0x00000007032524f0,0x000000070f460000)
 PSPermGen       total 39360K, used 18146K [0x00000006fb400000, 0x00000006fda70000, 0x0000000700600000)
  object space 39360K, 46% used [0x00000006fb400000,0x00000006fc5b8a00,0x00000006fda70000)
Event: 18.629 GC heap after
Heap after GC invocations=19 (full 3):
 PSYoungGen      total 720320K, used 53340K [0x00000007aacb0000, 0x00000007dc120000, 0x0000000800000000)
  eden space 666176K, 0% used [0x00000007aacb0000,0x00000007aacb0000,0x00000007d3740000)
  from space 54144K, 98% used [0x00000007d7400000,0x00000007da817080,0x00000007da8e0000)
  to   space 62208K, 0% used [0x00000007d3740000,0x00000007d3740000,0x00000007d7400000)
 ParOldGen       total 244096K, used 63610K [0x0000000700600000, 0x000000070f460000, 0x00000007aacb0000)
  object space 244096K, 26% used [0x0000000700600000,0x000000070441e920,0x000000070f460000)
 PSPermGen       total 39360K, used 18146K [0x00000006fb400000, 0x00000006fda70000, 0x0000000700600000)
  object space 39360K, 46% used [0x00000006fb400000,0x00000006fc5b8a00,0x00000006fda70000)
}
Event: 20.333 GC heap before
{Heap before GC invocations=20 (full 4):
 PSYoungGen      total 720320K, used 719470K [0x00000007aacb0000, 0x00000007dc120000, 0x0000000800000000)
  eden space 666176K, 99% used [0x00000007aacb0000,0x00000007d3734ae8,0x00000007d3740000)
  from space 54144K, 98% used [0x00000007d7400000,0x00000007da817080,0x00000007da8e0000)
  to   space 62208K, 0% used [0x00000007d3740000,0x00000007d3740000,0x00000007d7400000)
 ParOldGen       total 284352K, used 284103K [0x0000000700600000, 0x0000000711bb0000, 0x00000007aacb0000)
  object space 284352K, 99% used [0x0000000700600000,0x0000000711b71cb8,0x0000000711bb0000)
 PSPermGen       total 39360K, used 18157K [0x00000006fb400000, 0x00000006fda70000, 0x0000000700600000)
  object space 39360K, 46% used [0x00000006fb400000,0x00000006fc5bb608,0x00000006fda70000)
Event: 20.368 GC heap after
Heap after GC invocations=20 (full 4):
 PSYoungGen      total 720320K, used 0K [0x00000007aacb0000, 0x00000007dc120000, 0x0000000800000000)
  eden space 666176K, 0% used [0x00000007aacb0000,0x00000007aacb0000,0x00000007d3740000)
  from space 54144K, 0% used [0x00000007d7400000,0x00000007d7400000,0x00000007da8e0000)
  to   space 62208K, 0% used [0x00000007d3740000,0x00000007d3740000,0x00000007d7400000)
 ParOldGen       total 331264K, used 62694K [0x0000000700600000, 0x0000000714980000, 0x00000007aacb0000)
  object space 331264K, 18% used [0x0000000700600000,0x0000000704339880,0x0000000714980000)
 PSPermGen       total 37824K, used 18157K [0x00000006fb400000, 0x00000006fd8f0000, 0x0000000700600000)
  object space 37824K, 48% used [0x00000006fb400000,0x00000006fc5bb568,0x00000006fd8f0000)
}
Event: 21.836 GC heap before
{Heap before GC invocations=21 (full 4):
 PSYoungGen      total 720320K, used 666176K [0x00000007aacb0000, 0x00000007dc120000, 0x0000000800000000)
  eden space 666176K, 100% used [0x00000007aacb0000,0x00000007d3740000,0x00000007d3740000)
  from space 54144K, 0% used [0x00000007d7400000,0x00000007d7400000,0x00000007da8e0000)
  to   space 62208K, 0% used [0x00000007d3740000,0x00000007d3740000,0x00000007d7400000)
 ParOldGen       total 331264K, used 129208K [0x0000000700600000, 0x0000000714980000, 0x00000007aacb0000)
  object space 331264K, 39% used [0x0000000700600000,0x000000070842e0b8,0x0000000714980000)
 PSPermGen       total 37824K, used 18162K [0x00000006fb400000, 0x00000006fd8f0000, 0x0000000700600000)
  object space 37824K, 48% used [0x00000006fb400000,0x00000006fc5bca58,0x00000006fd8f0000)
Event: 21.842 GC heap after
Heap after GC invocations=21 (full 4):
 PSYoungGen      total 728384K, used 21891K [0x00000007aacb0000, 0x00000007e0230000, 0x0000000800000000)
  eden space 666176K, 0% used [0x00000007aacb0000,0x00000007aacb0000,0x00000007d3740000)
  from space 62208K, 35% used [0x00000007d3740000,0x00000007d4ca0d60,0x00000007d7400000)
  to   space 59328K, 0% used [0x00000007dc840000,0x00000007dc840000,0x00000007e0230000)
 ParOldGen       total 331264K, used 129208K [0x0000000700600000, 0x0000000714980000, 0x00000007aacb0000)
  object space 331264K, 39% used [0x0000000700600000,0x000000070842e0b8,0x0000000714980000)
 PSPermGen       total 37824K, used 18162K [0x00000006fb400000, 0x00000006fd8f0000, 0x0000000700600000)
  object space 37824K, 48% used [0x00000006fb400000,0x00000006fc5bca58,0x00000006fd8f0000)
}
Event: 23.165 GC heap before
{Heap before GC invocations=22 (full 4):
 PSYoungGen      total 728384K, used 688067K [0x00000007aacb0000, 0x00000007e0230000, 0x0000000800000000)
  eden space 666176K, 100% used [0x00000007aacb0000,0x00000007d3740000,0x00000007d3740000)
  from space 62208K, 35% used [0x00000007d3740000,0x00000007d4ca0d60,0x00000007d7400000)
  to   space 59328K, 0% used [0x00000007dc840000,0x00000007dc840000,0x00000007e0230000)
 ParOldGen       total 331264K, used 151542K [0x0000000700600000, 0x0000000714980000, 0x00000007aacb0000)
  object space 331264K, 45% used [0x0000000700600000,0x00000007099fd840,0x0000000714980000)
 PSPermGen       total 37824K, used 18170K [0x00000006fb400000, 0x00000006fd8f0000, 0x0000000700600000)
  object space 37824K, 48% used [0x00000006fb400000,0x00000006fc5bebd0,0x00000006fd8f0000)
Event: 23.173 GC heap after
Heap after GC invocations=22 (full 4):
 PSYoungGen      total 808384K, used 29346K [0x00000007aacb0000, 0x00000007dfd20000, 0x0000000800000000)
  eden space 754240K, 0% used [0x00000007aacb0000,0x00000007aacb0000,0x00000007d8d40000)
  from space 54144K, 54% used [0x00000007dc840000,0x00000007de4e89e0,0x00000007dfd20000)
  to   space 57280K, 0% used [0x00000007d8d40000,0x00000007d8d40000,0x00000007dc530000)
 ParOldGen       total 331264K, used 151542K [0x0000000700600000, 0x0000000714980000, 0x00000007aacb0000)
  object space 331264K, 45% used [0x0000000700600000,0x00000007099fd840,0x0000000714980000)
 PSPermGen       total 37824K, used 18170K [0x00000006fb400000, 0x00000006fd8f0000, 0x0000000700600000)
  object space 37824K, 48% used [0x00000006fb400000,0x00000006fc5bebd0,0x00000006fd8f0000)
}
Event: 24.816 GC heap before
{Heap before GC invocations=23 (full 4):
 PSYoungGen      total 808384K, used 783586K [0x00000007aacb0000, 0x00000007dfd20000, 0x0000000800000000)
  eden space 754240K, 100% used [0x00000007aacb0000,0x00000007d8d40000,0x00000007d8d40000)
  from space 54144K, 54% used [0x00000007dc840000,0x00000007de4e89e0,0x00000007dfd20000)
  to   space 57280K, 0% used [0x00000007d8d40000,0x00000007d8d40000,0x00000007dc530000)
 ParOldGen       total 331264K, used 238360K [0x0000000700600000, 0x0000000714980000, 0x00000007aacb0000)
  object space 331264K, 71% used [0x0000000700600000,0x000000070eec6270,0x0000000714980000)
 PSPermGen       total 37824K, used 18179K [0x00000006fb400000, 0x00000006fd8f0000, 0x0000000700600000)
  object space 37824K, 48% used [0x00000006fb400000,0x00000006fc5c0f60,0x00000006fd8f0000)
Event: 24.822 GC heap after
Heap after GC invocations=23 (full 4):
 PSYoungGen      total 811520K, used 31124K [0x00000007aacb0000, 0x00000007e5440000, 0x0000000800000000)
  eden space 754240K, 0% used [0x00000007aacb0000,0x00000007aacb0000,0x00000007d8d40000)
  from space 57280K, 54% used [0x00000007d8d40000,0x00000007daba53b0,0x00000007dc530000)
  to   space 56000K, 0% used [0x00000007e1d90000,0x00000007e1d90000,0x00000007e5440000)
 ParOldGen       total 331264K, used 238360K [0x0000000700600000, 0x0000000714980000, 0x00000007aacb0000)
  object space 331264K, 71% used [0x0000000700600000,0x000000070eec6270,0x0000000714980000)
 PSPermGen       total 37824K, used 18179K [0x00000006fb400000, 0x00000006fd8f0000, 0x0000000700600000)
  object space 37824K, 48% used [0x00000006fb400000,0x00000006fc5c0f60,0x00000006fd8f0000)
}

Deoptimization events (10 events):
Event: 3.781 Thread 0x0000000014f3b800 Uncommon trap -83 fr.pc 0x0000000002ca4c04
Event: 3.795 Thread 0x0000000014f3b800 Uncommon trap -83 fr.pc 0x0000000002cd6228
Event: 3.846 Thread 0x0000000014f3b800 Uncommon trap -83 fr.pc 0x0000000002cd8a48
Event: 3.877 Thread 0x0000000014f3b800 Uncommon trap -83 fr.pc 0x0000000002cc6918
Event: 4.097 Thread 0x0000000014f35800 Uncommon trap -83 fr.pc 0x0000000002d051fc
Event: 18.347 Thread 0x0000000014c31000 Uncommon trap -83 fr.pc 0x0000000002d12fb0
Event: 18.407 Thread 0x0000000014c31000 Uncommon trap -83 fr.pc 0x0000000002d42b44
Event: 18.751 Thread 0x0000000014c31000 Uncommon trap -12 fr.pc 0x0000000002ca4d3c
Event: 18.752 Thread 0x0000000014c31000 Uncommon trap -12 fr.pc 0x0000000002c54624
Event: 20.807 Thread 0x0000000014c31800 Uncommon trap -12 fr.pc 0x0000000002c536b8

Internal exceptions (10 events):
Event: 4.065 Thread 0x0000000014f35800 Threw 0x00000007ab4d07a8 at C:\jdk7u1_64p\jdk7u7\hotspot\src\share\vm\prims\jvm.cpp:1166
Event: 4.070 Thread 0x0000000014f35800 Threw 0x00000007ab4e1038 at C:\jdk7u1_64p\jdk7u7\hotspot\src\share\vm\prims\jvm.cpp:1166
Event: 4.272 Thread 0x0000000014f35800 Threw 0x00000007abeebe60 at C:\jdk7u1_64p\jdk7u7\hotspot\src\share\vm\prims\jvm.cpp:1166
Event: 13.078 Thread 0x0000000014c31000 Threw 0x00000007ade899b8 at C:\jdk7u1_64p\jdk7u7\hotspot\src\share\vm\prims\jvm.cpp:1166
Event: 13.079 Thread 0x0000000014c31000 Threw 0x00000007b0a9bb68 at C:\jdk7u1_64p\jdk7u7\hotspot\src\share\vm\prims\jvm.cpp:1166
Event: 13.081 Thread 0x0000000014c31000 Threw 0x00000007b0aa8f58 at C:\jdk7u1_64p\jdk7u7\hotspot\src\share\vm\prims\jvm.cpp:1166
Event: 18.347 Thread 0x0000000014c31000 Implicit null exception at 0x0000000002d12f58 to 0x0000000002d12fa6
Event: 18.751 Thread 0x0000000014c31000 Implicit null exception at 0x0000000002ca4a00 to 0x0000000002ca4d31
Event: 18.752 Thread 0x0000000014c31000 Implicit null exception at 0x0000000002c54548 to 0x0000000002c54619
Event: 20.807 Thread 0x0000000014c31800 Implicit null exception at 0x0000000002c533b8 to 0x0000000002c536ac

Events (10 events):
Event: 24.816 Executing VM operation: ParallelGCSystemGC
Event: 24.822 Executing VM operation: ParallelGCSystemGC done
Event: 24.854 Executing VM operation: BulkRevokeBias
Event: 24.854 Executing VM operation: BulkRevokeBias done
Event: 26.316 loading class 0x0000000014f48450
Event: 26.316 loading class 0x0000000014f48450 done
Event: 26.316 loading class 0x0000000014c0db70
Event: 26.316 loading class 0x0000000014ed19e0
Event: 26.316 loading class 0x0000000014ed19e0 done
Event: 26.316 loading class 0x0000000014c0db70 done


Dynamic libraries:
0x000007f662880000 - 0x000007f6628b4000 	F:\Program Files\Java\Jre7\bin\javaw.exe
0x000007fd0db20000 - 0x000007fd0dcde000 	C:\WINDOWS\SYSTEM32\ntdll.dll
0x000007fd0c680000 - 0x000007fd0c7b6000 	C:\WINDOWS\system32\KERNEL32.DLL
0x000007fd0ab00000 - 0x000007fd0abf3000 	C:\WINDOWS\system32\KERNELBASE.dll
0x000007fd0c260000 - 0x000007fd0c33e000 	C:\WINDOWS\system32\ADVAPI32.dll
0x000007fd0c460000 - 0x000007fd0c5ac000 	C:\WINDOWS\system32\USER32.dll
0x000007fd082b0000 - 0x000007fd08519000 	C:\WINDOWS\WinSxS\amd64_microsoft.windows.common-controls_6595b64144ccf1df_6.0.9200.16384_none_418c2a697189c07f\COMCTL32.dll
0x000007fd0c7c0000 - 0x000007fd0c865000 	C:\WINDOWS\system32\msvcrt.dll
0x000007fd0cdf0000 - 0x000007fd0ce38000 	C:\WINDOWS\SYSTEM32\sechost.dll
0x000007fd0c870000 - 0x000007fd0c9b0000 	C:\WINDOWS\system32\RPCRT4.dll
0x000007fd0d520000 - 0x000007fd0d660000 	C:\WINDOWS\system32\GDI32.dll
0x000007fd0c620000 - 0x000007fd0c659000 	C:\WINDOWS\system32\IMM32.DLL
0x000007fd0c340000 - 0x000007fd0c455000 	C:\WINDOWS\system32\MSCTF.dll
0x000007fd0aa10000 - 0x000007fd0aa18000 	C:\PROGRA~2\NVIDIA~1\3DVISI~1\NVSTIN~1.DLL
0x000007fd0d510000 - 0x000007fd0d517000 	C:\WINDOWS\system32\PSAPI.DLL
0x000000005e410000 - 0x000000005e4b3000 	C:\WINDOWS\WinSxS\amd64_microsoft.vc90.crt_1fc8b3b9a1e18e3b_9.0.30729.6871_none_08e717a5a83adddf\MSVCR90.dll
0x000000005d880000 - 0x000000005d951000 	F:\Program Files\Java\Jre7\bin\msvcr100.dll
0x000000005c090000 - 0x000000005c7af000 	F:\Program Files\Java\Jre7\bin\server\jvm.dll
0x000007fd02f00000 - 0x000007fd02f09000 	C:\WINDOWS\SYSTEM32\WSOCK32.dll
0x000007fd07b90000 - 0x000007fd07bb0000 	C:\WINDOWS\SYSTEM32\WINMM.dll
0x000007fd0c5b0000 - 0x000007fd0c608000 	C:\WINDOWS\system32\WS2_32.dll
0x000007fd07a80000 - 0x000007fd07ab2000 	C:\WINDOWS\SYSTEM32\WINMMBASE.dll
0x000007fd0d360000 - 0x000007fd0d369000 	C:\WINDOWS\system32\NSI.dll
0x000000005dc10000 - 0x000000005dc1f000 	F:\Program Files\Java\Jre7\bin\verify.dll
0x000000005dbe0000 - 0x000000005dc08000 	F:\Program Files\Java\Jre7\bin\java.dll
0x000000005dbc0000 - 0x000000005dbd5000 	F:\Program Files\Java\Jre7\bin\zip.dll
0x000000005b300000 - 0x000000005b493000 	F:\Program Files\Java\Jre7\bin\awt.dll
0x000007fd0d830000 - 0x000007fd0d8f3000 	C:\WINDOWS\system32\OLEAUT32.dll
0x000007fd0cc40000 - 0x000007fd0cdf0000 	C:\WINDOWS\system32\combase.dll
0x000007fd04cf0000 - 0x000007fd04d8f000 	C:\WINDOWS\system32\apphelp.dll
0x000007fd09810000 - 0x000007fd098f3000 	C:\WINDOWS\system32\uxtheme.dll
0x000007fd08210000 - 0x000007fd082a5000 	C:\Program Files\Common Files\microsoft shared\ink\tiptsf.dll
0x000007fd088b0000 - 0x000007fd088d1000 	C:\WINDOWS\SYSTEM32\dwmapi.dll
0x000007fd0d090000 - 0x000007fd0d20e000 	C:\WINDOWS\system32\ole32.dll
0x000007fd0a860000 - 0x000007fd0a86a000 	C:\WINDOWS\SYSTEM32\CRYPTBASE.dll
0x000007fd0a800000 - 0x000007fd0a85c000 	C:\WINDOWS\SYSTEM32\bcryptPrimitives.dll
0x000007fd0af70000 - 0x000007fd0c258000 	C:\WINDOWS\system32\SHELL32.dll
0x000007fd0cb80000 - 0x000007fd0cbd0000 	C:\WINDOWS\system32\SHLWAPI.dll
0x000007fd09be0000 - 0x000007fd09c76000 	C:\WINDOWS\SYSTEM32\shcore.dll
0x000000005d2e0000 - 0x000000005d378000 	C:\Windows\System32\msvcp100.dll
0x000007fd042c0000 - 0x000007fd04518000 	C:\opencv\build\x64\vc10\bin\opencv_core243.dll
0x000007fd06e10000 - 0x000007fd06ea5000 	C:\Users\Jonas\AppData\Local\Temp\javacpp7047572686599\jniopencv_core.dll
0x000007fcf8000000 - 0x000007fcf82a5000 	C:\opencv\build\x64\vc10\bin\opencv_imgproc243.dll
0x000007fd07b40000 - 0x000007fd07b88000 	C:\Users\Jonas\AppData\Local\Temp\javacpp7047572686599\jniopencv_imgproc.dll
0x0000000066840000 - 0x00000000675ca000 	C:\opencv\build\x64\vc10\bin\opencv_ffmpeg243_64.dll
0x000007fd045f0000 - 0x000007fd0483b000 	C:\opencv\build\x64\vc10\bin\opencv_highgui243.dll
0x000007fd081f0000 - 0x000007fd08210000 	C:\WINDOWS\SYSTEM32\AVIFIL32.dll
0x000007fd07af0000 - 0x000007fd07b19000 	C:\WINDOWS\SYSTEM32\MSVFW32.dll
0x000007fd07dc0000 - 0x000007fd07dd7000 	C:\WINDOWS\SYSTEM32\AVICAP32.dll
0x000007fcf6150000 - 0x000007fcf6169000 	C:\WINDOWS\SYSTEM32\MSACM32.dll
0x000007fd07db0000 - 0x000007fd07db9000 	C:\WINDOWS\SYSTEM32\VERSION.dll
0x000007fd078a0000 - 0x000007fd078b3000 	C:\Users\Jonas\AppData\Local\Temp\javacpp7047572686599\jniopencv_highgui.dll
0x000007fd0d2c0000 - 0x000007fd0d356000 	C:\WINDOWS\SYSTEM32\clbcatq.dll
0x000007fd07880000 - 0x000007fd07897000 	C:\Windows\System32\devenum.dll
0x000007fd0c9b0000 - 0x000007fd0cb80000 	C:\WINDOWS\system32\setupapi.dll
0x000007fd0ad10000 - 0x000007fd0ad5f000 	C:\WINDOWS\system32\CFGMGR32.dll
0x000007fd0af40000 - 0x000007fd0af62000 	C:\WINDOWS\system32\DEVOBJ.dll
0x000007fd03ae0000 - 0x000007fd03b0e000 	C:\WINDOWS\SYSTEM32\ntmarta.dll
0x000007fd0ac00000 - 0x000007fd0ac55000 	C:\WINDOWS\system32\WINTRUST.dll
0x000007fd0ad60000 - 0x000007fd0af37000 	C:\WINDOWS\system32\CRYPT32.dll
0x000007fd0aae0000 - 0x000007fd0aaf6000 	C:\WINDOWS\system32\MSASN1.dll
0x000007fd07fa0000 - 0x000007fd07fad000 	C:\WINDOWS\SYSTEM32\msdmo.dll
0x000007fd07850000 - 0x000007fd0787f000 	C:\Windows\System32\qcap.dll
0x000007fcf7d70000 - 0x000007fcf7f28000 	C:\Windows\System32\quartz.dll
0x000007fd05c20000 - 0x000007fd05c5f000 	C:\Windows\System32\ksproxy.ax
0x000007fcf5930000 - 0x000007fcf5937000 	C:\Windows\System32\ksuser.dll
0x000007fcf9950000 - 0x000007fcf9b50000 	C:\Windows\System32\d3d9.dll
0x000007fd07ae0000 - 0x000007fd07aec000 	C:\Windows\System32\vidcap.ax
0x000007fd05bf0000 - 0x000007fd05c14000 	C:\Windows\System32\kswdmcap.ax
0x000007fcfa650000 - 0x000007fcfa7a4000 	C:\Windows\System32\MFC42.dll
0x000007fd05b30000 - 0x000007fd05bee000 	C:\Windows\System32\ODBC32.dll
0x000007fd057d0000 - 0x000007fd05865000 	C:\Windows\System32\qedit.dll
0x000007fd0d210000 - 0x000007fd0d2b1000 	C:\WINDOWS\system32\COMDLG32.dll
0x000007fd0d370000 - 0x000007fd0d510000 	C:\WINDOWS\WinSxS\amd64_microsoft.windows.gdiplus_6595b64144ccf1df_1.1.9200.16384_none_72771d4ecc1c3a4d\gdiplus.dll
0x000007fcf0640000 - 0x000007fcf072a000 	C:\WINDOWS\SYSTEM32\DDRAW.dll
0x000007fd07de0000 - 0x000007fd07de8000 	C:\WINDOWS\SYSTEM32\DCIMAN32.dll
0x000000005d840000 - 0x000000005d874000 	F:\Program Files\Java\Jre7\bin\fontmanager.dll
0x000007fce6500000 - 0x000007fce7680000 	C:\WINDOWS\SYSTEM32\nvd3dumx.dll
0x000007fd0a900000 - 0x000007fd0a943000 	C:\WINDOWS\SYSTEM32\powrprof.dll
0x0000000180000000 - 0x0000000180116000 	C:\Program Files (x86)\NVIDIA Corporation\3D Vision\nvSCPAPI64.dll
0x000007fd07ef0000 - 0x000007fd07f64000 	C:\WINDOWS\SYSTEM32\dxgi.dll
0x000007fd06540000 - 0x000007fd06802000 	C:\WINDOWS\SYSTEM32\nvapi64.dll
0x000007fd07ed0000 - 0x000007fd07eef000 	C:\WINDOWS\SYSTEM32\DXGIDebug.dll
0x000000005dba0000 - 0x000000005dbb9000 	F:\Program Files\Java\Jre7\bin\net.dll
0x000007fd0a270000 - 0x000007fd0a2cc000 	C:\WINDOWS\system32\mswsock.dll
0x000000005db50000 - 0x000000005db61000 	F:\Program Files\Java\Jre7\bin\nio.dll
0x000000005d7f0000 - 0x000000005d831000 	F:\Program Files\Java\Jre7\bin\t2k.dll
0x000007fd08010000 - 0x000007fd0819a000 	C:\WINDOWS\SYSTEM32\WindowsCodecs.dll
0x000007fd0aa30000 - 0x000007fd0aa45000 	C:\WINDOWS\SYSTEM32\profapi.dll
0x000007fd07530000 - 0x000007fd07599000 	C:\WINDOWS\SYSTEM32\oleacc.dll
0x000000005b620000 - 0x000000005b64a000 	F:\Program Files\Java\Jre7\bin\dcpr.dll

VM Arguments:
jvm_args: -Dfile.encoding=Cp1252 
java_command: emcscanner.kth.se.Program
Launcher Type: SUN_STANDARD

Environment Variables:
PATH=C:\Program Files (x86)\NVIDIA Corporation\PhysX\Common;C:\WINDOWS\system32;C:\WINDOWS;C:\WINDOWS\System32\Wbem;C:\WINDOWS\System32\WindowsPowerShell\v1.0\;C:\Program Files (x86)\Microsoft SQL Server\90\Tools\binn\;C:\Program Files (x86)\Autodesk\Backburner\;F:\Program Files\MATLAB\R2012a\runtime\win64;F:\Program Files\MATLAB\R2012a\bin;C:\Program Files\Internet Explorer;C:\Program Files\Perforce;F:\Program Files\Perforce;C:\Program Files\Microsoft\Web Platform Installer\;C:\Program Files (x86)\Microsoft ASP.NET\ASP.NET Web Pages\v1.0\;C:\Program Files (x86)\Windows Kits\8.0\Windows Performance Toolkit\;C:\Program Files\Microsoft SQL Server\110\Tools\Binn\;F:\Program Files\Perforce\Server
USERNAME=Jonas
OS=Windows_NT
PROCESSOR_IDENTIFIER=Intel64 Family 6 Model 42 Stepping 7, GenuineIntel



---------------  S Y S T E M  ---------------

OS: Windows 8 , 64 bit Build 9200 

CPU:total 8 (4 cores per cpu, 2 threads per core) family 6 model 42 stepping 7, cmov, cx8, fxsr, mmx, sse, sse2, sse3, ssse3, sse4.1, sse4.2, popcnt, avx, ht, tsc, tscinvbit

Memory: 4k page, physical 16751668k(12038612k free), swap 33528884k(26862476k free)

vm_info: Java HotSpot(TM) 64-Bit Server VM (23.3-b01) for windows-amd64 JRE (1.7.0_07-b11), built on Sep  7 2012 01:19:25 by "java_re" with unknown MS VC++:1600

time: Sat Feb 02 14:39:18 2013
elapsed time: 27 seconds

