#
# A fatal error has been detected by the Java Runtime Environment:
#
#  EXCEPTION_ACCESS_VIOLATION (0xc0000005) at pc=0x0000000002edcc3a, pid=3396, tid=3340
#
# JRE version: 7.0_07-b11
# Java VM: Java HotSpot(TM) 64-Bit Server VM (23.3-b01 mixed mode windows-amd64 compressed oops)
# Problematic frame:
# J  com.googlecode.javacv.cpp.opencv_core$IplImage.flipCopyWithGamma(Ljava/nio/ByteBuffer;ILjava/nio/ByteBuffer;IZDZI)V
#
# Failed to write core dump. Minidumps are not enabled by default on client versions of Windows
#
# If you would like to submit a bug report, please visit:
#   http://bugreport.sun.com/bugreport/crash.jsp
#

---------------  T H R E A D  ---------------

Current thread (0x0000000013ef7000):  JavaThread "threadDisplay" daemon [_thread_in_Java, id=3340, stack(0x000000001ef70000,0x000000001f070000)]

siginfo: ExceptionCode=0xc0000005, reading address 0x000000001ee1f000

Registers:
RAX=0x00000000000000e3, RBX=0x00000000005eec00, RCX=0x0000000000000000, RDX=0x000000001e974050
RSP=0x000000001f06ee90, RBP=0x00000007b001acb0, RSI=0x0000000719830c38, RDI=0x00000000005eec00
R8 =0x00000000004aafb0, R9 =0x00000000004aafb1, R10=0x000000000000167f, R11=0x00000000005eec00
R12=0x0000000000000000, R13=0x00000000004aafb0, R14=0x000000000000112f, R15=0x0000000013ef7000
RIP=0x0000000002edcc3a, EFLAGS=0x0000000000010207

Top of Stack: (sp=0x000000001f06ee90)
0x000000001f06ee90:   00000006fb559128 0000000000000000
0x000000001f06eea0:   00000006fb556ea0 0000000000000000
0x000000001f06eeb0:   3ff0000000000000 00000007b001ac70
0x000000001f06eec0:   00000007b001acb0 3ff0000000000000
0x000000001f06eed0:   004a9e8000000000 df6ab9ce004a9e80
0x000000001f06eee0:   00001680df6c65d4 0000000000001680
0x000000001f06eef0:   00000007b001ace0 00001680ffffffff
0x000000001f06ef00:   00000007b001acb0 00000007b001ac70
0x000000001f06ef10:   00000006e3306187 00000007b001ab48
0x000000001f06ef20:   0000000000000000 00000006fb7c8ec0
0x000000001f06ef30:   0000000000000000 000000001f06ef50
0x000000001f06ef40:   000000001f06eff0 0000000002d861f8
0x000000001f06ef50:   0000000000000000 0000000600000000
0x000000001f06ef60:   0000000002d861f8 0000000000000000
0x000000001f06ef70:   0000000000000000 3ff0000000000000
0x000000001f06ef80:   0000000002d863d3 0000000000000000 

Instructions: (pc=0x0000000002edcc3a)
0x0000000002edcc1a:   10 44 3b c7 0f 8d 26 01 00 00 45 8b c8 41 ff c1
0x0000000002edcc2a:   44 89 4d 18 48 8b 6c 24 70 44 8b 6d 18 4d 63 c0
0x0000000002edcc3a:   42 0f b6 04 02 44 3b eb 0f 8d 32 01 00 00 45 8b
0x0000000002edcc4a:   cd 44 03 c9 41 ff c5 44 89 6d 18 45 3b cb 0f 83 


Register to memory mapping:

RAX=0x00000000000000e3 is an unknown value
RBX=0x00000000005eec00 is an unknown value
RCX=0x0000000000000000 is an unknown value
RDX=0x000000001e974050 is an unknown value
RSP=0x000000001f06ee90 is pointing into the stack for thread: 0x0000000013ef7000
RBP=0x00000007b001acb0 is an oop
java.nio.HeapByteBuffer 
 - klass: 'java/nio/HeapByteBuffer'
RSI=0x0000000719830c38 is an oop
[B 
 - klass: {type array byte}
 - length: 6220800
RDI=0x00000000005eec00 is an unknown value
R8 =0x00000000004aafb0 is an unknown value
R9 =0x00000000004aafb1 is an unknown value
R10=0x000000000000167f is an unknown value
R11=0x00000000005eec00 is an unknown value
R12=0x0000000000000000 is an unknown value
R13=0x00000000004aafb0 is an unknown value
R14=0x000000000000112f is an unknown value
R15=0x0000000013ef7000 is a thread


Stack: [0x000000001ef70000,0x000000001f070000],  sp=0x000000001f06ee90,  free space=1019k
Native frames: (J=compiled Java code, j=interpreted, Vv=VM code, C=native code)
J  com.googlecode.javacv.cpp.opencv_core$IplImage.flipCopyWithGamma(Ljava/nio/ByteBuffer;ILjava/nio/ByteBuffer;IZDZI)V


---------------  P R O C E S S  ---------------

Java Threads: ( => current thread )
  0x0000000018fe3000 JavaThread "Thread-0" daemon [_thread_in_native, id=4232, stack(0x000000001b8c0000,0x000000001b9c0000)]
  0x0000000018fd7000 JavaThread "Thread-3" [_thread_in_native, id=3792, stack(0x000000001b7c0000,0x000000001b8c0000)]
  0x0000000018fdd800 JavaThread "ICEpdf-pagePainter" daemon [_thread_blocked, id=1992, stack(0x000000001f3b0000,0x000000001f4b0000)]
  0x0000000013ef4000 JavaThread "ICEpdf-pageInitializer" daemon [_thread_blocked, id=7272, stack(0x000000001f180000,0x000000001f280000)]
  0x0000000013ef5000 JavaThread "DestroyJavaVM" [_thread_blocked, id=4688, stack(0x0000000002b80000,0x0000000002c80000)]
=>0x0000000013ef7000 JavaThread "threadDisplay" daemon [_thread_in_Java, id=3340, stack(0x000000001ef70000,0x000000001f070000)]
  0x0000000013efa000 JavaThread "TimerQueue" daemon [_thread_blocked, id=7228, stack(0x0000000019590000,0x0000000019690000)]
  0x0000000013ef8800 JavaThread "AWT-EventQueue-0" [_thread_blocked, id=2248, stack(0x0000000019470000,0x0000000019570000)]
  0x0000000013ef6800 JavaThread "AWT-Windows" daemon [_thread_in_native, id=1616, stack(0x0000000014a30000,0x0000000014b30000)]
  0x0000000013ef8000 JavaThread "AWT-Shutdown" [_thread_blocked, id=7552, stack(0x0000000014930000,0x0000000014a30000)]
  0x0000000013ef5800 JavaThread "Java2D Disposer" daemon [_thread_blocked, id=7952, stack(0x0000000014830000,0x0000000014930000)]
  0x00000000117e4800 JavaThread "Service Thread" daemon [_thread_blocked, id=4348, stack(0x0000000013be0000,0x0000000013ce0000)]
  0x00000000117e0000 JavaThread "C2 CompilerThread1" daemon [_thread_blocked, id=3592, stack(0x0000000013ae0000,0x0000000013be0000)]
  0x00000000117d9000 JavaThread "C2 CompilerThread0" daemon [_thread_blocked, id=6576, stack(0x00000000139e0000,0x0000000013ae0000)]
  0x00000000117d7800 JavaThread "Attach Listener" daemon [_thread_blocked, id=3320, stack(0x00000000138e0000,0x00000000139e0000)]
  0x00000000117cb000 JavaThread "Signal Dispatcher" daemon [_thread_blocked, id=5712, stack(0x00000000137e0000,0x00000000138e0000)]
  0x000000001176e800 JavaThread "Finalizer" daemon [_thread_blocked, id=6944, stack(0x00000000136e0000,0x00000000137e0000)]
  0x0000000011767000 JavaThread "Reference Handler" daemon [_thread_blocked, id=3612, stack(0x00000000135e0000,0x00000000136e0000)]

Other Threads:
  0x0000000011762000 VMThread [stack: 0x00000000134e0000,0x00000000135e0000] [id=2652]
  0x00000000117ff000 WatcherThread [stack: 0x0000000013ce0000,0x0000000013de0000] [id=7936]

VM state:not at safepoint (normal execution)

VM Mutex/Monitor currently owned by a thread: None

Heap
 PSYoungGen      total 105536K, used 105175K [0x00000007aacb0000, 0x00000007b2930000, 0x0000000800000000)
  eden space 87040K, 99% used [0x00000007aacb0000,0x00000007b0161bb8,0x00000007b01b0000)
  from space 18496K, 99% used [0x00000007b03e0000,0x00000007b15e4430,0x00000007b15f0000)
  to   space 19712K, 0% used [0x00000007b15f0000,0x00000007b15f0000,0x00000007b2930000)
 ParOldGen       total 420352K, used 417918K [0x0000000700600000, 0x000000071a080000, 0x00000007aacb0000)
  object space 420352K, 99% used [0x0000000700600000,0x0000000719e1f848,0x000000071a080000)
 PSPermGen       total 35392K, used 17913K [0x00000006fb400000, 0x00000006fd690000, 0x0000000700600000)
  object space 35392K, 50% used [0x00000006fb400000,0x00000006fc57e6e0,0x00000006fd690000)

Card table byte_map: [0x0000000005d80000,0x00000000065b0000] byte_map_base: 0x00000000025a6000

Polling page: 0x00000000011e0000

Code Cache  [0x0000000002d80000, 0x0000000002ff0000, 0x0000000005d80000)
 total_blobs=931 nmethods=343 adapters=539 free_code_cache=47699Kb largest_free_block=48811776

Compilation events (10 events):
Event: 167.366 Thread 0x00000000117d9000  349  s          sun.java2d.loops.RenderCache::get (100 bytes)
Event: 167.371 Thread 0x00000000117d9000 nmethod 349 0x0000000002e4cb10 code [0x0000000002e4cc60, 0x0000000002e4d358]
Event: 169.280 Thread 0x00000000117e0000  350             java.awt.image.Raster::createInterleavedRaster (162 bytes)
Event: 169.287 Thread 0x00000000117e0000 nmethod 350 0x0000000002eea890 code [0x0000000002eeaa60, 0x0000000002eeb1e8]
Event: 201.711 Thread 0x00000000117d9000    9 %           java.awt.EventQueue::noEvents @ 2 (29 bytes)
Event: 201.713 Thread 0x00000000117d9000 nmethod 9% 0x0000000002eebd10 code [0x0000000002eebe60, 0x0000000002eebfb8]
Event: 201.805 Thread 0x00000000117e0000  351             java.awt.EventQueue::noEvents (29 bytes)
Event: 201.806 Thread 0x00000000117e0000 nmethod 351 0x0000000002ee9e10 code [0x0000000002ee9f40, 0x0000000002eea018]
Event: 218.102 Thread 0x00000000117d9000  352             javax.swing.text.StyleContext$SmallAttributeSet::getLocalAttribute (49 bytes)
Event: 218.105 Thread 0x00000000117d9000 nmethod 352 0x0000000002eed350 code [0x0000000002eed4a0, 0x0000000002eed758]

GC Heap History (10 events):
Event: 218.076 GC heap before
{Heap before GC invocations=200 (full 5):
 PSYoungGen      total 115648K, used 109631K [0x00000007aacb0000, 0x00000007b3440000, 0x0000000800000000)
  eden space 97216K, 93% used [0x00000007aacb0000,0x00000007b05c38c8,0x00000007b0ba0000)
  from space 18432K, 99% used [0x00000007b2240000,0x00000007b343c430,0x00000007b3440000)
  to   space 20800K, 0% used [0x00000007b0ba0000,0x00000007b0ba0000,0x00000007b1ff0000)
 ParOldGen       total 146752K, used 71562K [0x0000000700600000, 0x0000000709550000, 0x00000007aacb0000)
  object space 146752K, 48% used [0x0000000700600000,0x0000000704be28b8,0x0000000709550000)
 PSPermGen       total 35392K, used 17887K [0x00000006fb400000, 0x00000006fd690000, 0x0000000700600000)
  object space 35392K, 50% used [0x00000006fb400000,0x00000006fc577e40,0x00000006fd690000)
Event: 218.078 GC heap after
Heap after GC invocations=200 (full 5):
 PSYoungGen      total 113536K, used 18481K [0x00000007aacb0000, 0x00000007b31e0000, 0x0000000800000000)
  eden space 95040K, 0% used [0x00000007aacb0000,0x00000007aacb0000,0x00000007b0980000)
  from space 18496K, 99% used [0x00000007b0ba0000,0x00000007b1dac430,0x00000007b1db0000)
  to   space 20672K, 0% used [0x00000007b1db0000,0x00000007b1db0000,0x00000007b31e0000)
 ParOldGen       total 146752K, used 71562K [0x0000000700600000, 0x0000000709550000, 0x00000007aacb0000)
  object space 146752K, 48% used [0x0000000700600000,0x0000000704be28b8,0x0000000709550000)
 PSPermGen       total 35392K, used 17887K [0x00000006fb400000, 0x00000006fd690000, 0x0000000700600000)
  object space 35392K, 50% used [0x00000006fb400000,0x00000006fc577e40,0x00000006fd690000)
}
Event: 218.598 GC heap before
{Heap before GC invocations=201 (full 5):
 PSYoungGen      total 113536K, used 109755K [0x00000007aacb0000, 0x00000007b31e0000, 0x0000000800000000)
  eden space 95040K, 96% used [0x00000007aacb0000,0x00000007b05d2a50,0x00000007b0980000)
  from space 18496K, 99% used [0x00000007b0ba0000,0x00000007b1dac430,0x00000007b1db0000)
  to   space 20672K, 0% used [0x00000007b1db0000,0x00000007b1db0000,0x00000007b31e0000)
 ParOldGen       total 146752K, used 71562K [0x0000000700600000, 0x0000000709550000, 0x00000007aacb0000)
  object space 146752K, 48% used [0x0000000700600000,0x0000000704be28b8,0x0000000709550000)
 PSPermGen       total 35392K, used 17887K [0x00000006fb400000, 0x00000006fd690000, 0x0000000700600000)
  object space 35392K, 50% used [0x00000006fb400000,0x00000006fc577e40,0x00000006fd690000)
Event: 218.601 GC heap after
Heap after GC invocations=201 (full 5):
 PSYoungGen      total 111360K, used 18385K [0x00000007aacb0000, 0x00000007b2fb0000, 0x0000000800000000)
  eden space 92928K, 0% used [0x00000007aacb0000,0x00000007aacb0000,0x00000007b0770000)
  from space 18432K, 99% used [0x00000007b1db0000,0x00000007b2fa4430,0x00000007b2fb0000)
  to   space 20544K, 0% used [0x00000007b0790000,0x00000007b0790000,0x00000007b1ba0000)
 ParOldGen       total 146752K, used 71586K [0x0000000700600000, 0x0000000709550000, 0x00000007aacb0000)
  object space 146752K, 48% used [0x0000000700600000,0x0000000704be88b8,0x0000000709550000)
 PSPermGen       total 35392K, used 17887K [0x00000006fb400000, 0x00000006fd690000, 0x0000000700600000)
  object space 35392K, 50% used [0x00000006fb400000,0x00000006fc577e40,0x00000006fd690000)
}
Event: 219.104 GC heap before
{Heap before GC invocations=202 (full 5):
 PSYoungGen      total 111360K, used 109603K [0x00000007aacb0000, 0x00000007b2fb0000, 0x0000000800000000)
  eden space 92928K, 98% used [0x00000007aacb0000,0x00000007b05c4b78,0x00000007b0770000)
  from space 18432K, 99% used [0x00000007b1db0000,0x00000007b2fa4430,0x00000007b2fb0000)
  to   space 20544K, 0% used [0x00000007b0790000,0x00000007b0790000,0x00000007b1ba0000)
 ParOldGen       total 146752K, used 71586K [0x0000000700600000, 0x0000000709550000, 0x00000007aacb0000)
  object space 146752K, 48% used [0x0000000700600000,0x0000000704be88b8,0x0000000709550000)
 PSPermGen       total 35392K, used 17887K [0x00000006fb400000, 0x00000006fd690000, 0x0000000700600000)
  object space 35392K, 50% used [0x00000006fb400000,0x00000006fc577e40,0x00000006fd690000)
Event: 219.106 GC heap after
Heap after GC invocations=202 (full 5):
 PSYoungGen      total 109312K, used 18417K [0x00000007aacb0000, 0x00000007b2d50000, 0x0000000800000000)
  eden space 90880K, 0% used [0x00000007aacb0000,0x00000007aacb0000,0x00000007b0570000)
  from space 18432K, 99% used [0x00000007b0790000,0x00000007b198c430,0x00000007b1990000)
  to   space 20224K, 0% used [0x00000007b1990000,0x00000007b1990000,0x00000007b2d50000)
 ParOldGen       total 146752K, used 71610K [0x0000000700600000, 0x0000000709550000, 0x00000007aacb0000)
  object space 146752K, 48% used [0x0000000700600000,0x0000000704bee8b8,0x0000000709550000)
 PSPermGen       total 35392K, used 17887K [0x00000006fb400000, 0x00000006fd690000, 0x0000000700600000)
  object space 35392K, 50% used [0x00000006fb400000,0x00000006fc577e40,0x00000006fd690000)
}
Event: 219.567 GC heap before
{Heap before GC invocations=203 (full 5):
 PSYoungGen      total 109312K, used 103564K [0x00000007aacb0000, 0x00000007b2d50000, 0x0000000800000000)
  eden space 90880K, 93% used [0x00000007aacb0000,0x00000007affd6da8,0x00000007b0570000)
  from space 18432K, 99% used [0x00000007b0790000,0x00000007b198c430,0x00000007b1990000)
  to   space 20224K, 0% used [0x00000007b1990000,0x00000007b1990000,0x00000007b2d50000)
 ParOldGen       total 146752K, used 71610K [0x0000000700600000, 0x0000000709550000, 0x00000007aacb0000)
  object space 146752K, 48% used [0x0000000700600000,0x0000000704bee8b8,0x0000000709550000)
 PSPermGen       total 35392K, used 17887K [0x00000006fb400000, 0x00000006fd690000, 0x0000000700600000)
  object space 35392K, 50% used [0x00000006fb400000,0x00000006fc577e40,0x00000006fd690000)
Event: 219.569 GC heap after
Heap after GC invocations=203 (full 5):
 PSYoungGen      total 107392K, used 18481K [0x00000007aacb0000, 0x00000007b2ba0000, 0x0000000800000000)
  eden space 88896K, 0% used [0x00000007aacb0000,0x00000007aacb0000,0x00000007b0380000)
  from space 18496K, 99% used [0x00000007b1990000,0x00000007b2b9c430,0x00000007b2ba0000)
  to   space 20352K, 0% used [0x00000007b03e0000,0x00000007b03e0000,0x00000007b17c0000)
 ParOldGen       total 146752K, used 71626K [0x0000000700600000, 0x0000000709550000, 0x00000007aacb0000)
  object space 146752K, 48% used [0x0000000700600000,0x0000000704bf28b8,0x0000000709550000)
 PSPermGen       total 35392K, used 17887K [0x00000006fb400000, 0x00000006fd690000, 0x0000000700600000)
  object space 35392K, 50% used [0x00000006fb400000,0x00000006fc577e40,0x00000006fd690000)
}
Event: 220.044 GC heap before
{Heap before GC invocations=204 (full 5):
 PSYoungGen      total 107392K, used 103635K [0x00000007aacb0000, 0x00000007b2ba0000, 0x0000000800000000)
  eden space 88896K, 95% used [0x00000007aacb0000,0x00000007affd8888,0x00000007b0380000)
  from space 18496K, 99% used [0x00000007b1990000,0x00000007b2b9c430,0x00000007b2ba0000)
  to   space 20352K, 0% used [0x00000007b03e0000,0x00000007b03e0000,0x00000007b17c0000)
 ParOldGen       total 146752K, used 77701K [0x0000000700600000, 0x0000000709550000, 0x00000007aacb0000)
  object space 146752K, 52% used [0x0000000700600000,0x00000007051e14c8,0x0000000709550000)
 PSPermGen       total 35392K, used 17889K [0x00000006fb400000, 0x00000006fd690000, 0x0000000700600000)
  object space 35392K, 50% used [0x00000006fb400000,0x00000006fc578758,0x00000006fd690000)
Event: 220.046 GC heap after
Heap after GC invocations=204 (full 5):
 PSYoungGen      total 105536K, used 18449K [0x00000007aacb0000, 0x00000007b2930000, 0x0000000800000000)
  eden space 87040K, 0% used [0x00000007aacb0000,0x00000007aacb0000,0x00000007b01b0000)
  from space 18496K, 99% used [0x00000007b03e0000,0x00000007b15e4430,0x00000007b15f0000)
  to   space 19712K, 0% used [0x00000007b15f0000,0x00000007b15f0000,0x00000007b2930000)
 ParOldGen       total 146752K, used 77717K [0x0000000700600000, 0x0000000709550000, 0x00000007aacb0000)
  object space 146752K, 52% used [0x0000000700600000,0x00000007051e54c8,0x0000000709550000)
 PSPermGen       total 35392K, used 17889K [0x00000006fb400000, 0x00000006fd690000, 0x0000000700600000)
  object space 35392K, 50% used [0x00000006fb400000,0x00000006fc578758,0x00000006fd690000)
}

Deoptimization events (10 events):
Event: 3.834 Thread 0x0000000013ef4000 Uncommon trap -83 fr.pc 0x0000000002e8a728
Event: 3.883 Thread 0x0000000013ef4000 Uncommon trap -83 fr.pc 0x0000000002e91250
Event: 3.910 Thread 0x0000000013ef4000 Uncommon trap -83 fr.pc 0x0000000002e4d0d8
Event: 4.081 Thread 0x0000000018fdd800 Uncommon trap -83 fr.pc 0x0000000002ea88fc
Event: 8.134 Thread 0x0000000013ef8800 Uncommon trap -83 fr.pc 0x0000000002e2da38
Event: 8.134 Thread 0x0000000013ef8800 Uncommon trap -83 fr.pc 0x0000000002e20f3c
Event: 32.657 Thread 0x0000000013ef7000 Uncommon trap -12 fr.pc 0x0000000002ebf778
Event: 105.894 Thread 0x0000000013ef8800 Uncommon trap -83 fr.pc 0x0000000002ec470c
Event: 105.894 Thread 0x0000000013ef8800 Uncommon trap -83 fr.pc 0x0000000002e52870
Event: 105.901 Thread 0x0000000013ef8800 Uncommon trap -83 fr.pc 0x0000000002e5790c

Internal exceptions (10 events):
Event: 3.956 Thread 0x0000000013ef4000 Threw 0x00000007ae374930 at C:\jdk7u1_64p\jdk7u7\hotspot\src\share\vm\prims\jvm.cpp:1166
Event: 3.956 Thread 0x0000000013ef4000 Threw 0x00000007ae377700 at C:\jdk7u1_64p\jdk7u7\hotspot\src\share\vm\prims\jvm.cpp:1166
Event: 3.958 Thread 0x0000000013ef4000 Threw 0x00000007ae37a8b0 at C:\jdk7u1_64p\jdk7u7\hotspot\src\share\vm\prims\jvm.cpp:1166
Event: 3.958 Thread 0x0000000013ef4000 Threw 0x00000007ae37d680 at C:\jdk7u1_64p\jdk7u7\hotspot\src\share\vm\prims\jvm.cpp:1166
Event: 4.068 Thread 0x0000000018fdd800 Threw 0x00000007ae8f1f90 at C:\jdk7u1_64p\jdk7u7\hotspot\src\share\vm\prims\jvm.cpp:1166
Event: 4.072 Thread 0x0000000018fdd800 Threw 0x00000007ae902820 at C:\jdk7u1_64p\jdk7u7\hotspot\src\share\vm\prims\jvm.cpp:1166
Event: 4.273 Thread 0x0000000018fdd800 Threw 0x00000007ab8a81d8 at C:\jdk7u1_64p\jdk7u7\hotspot\src\share\vm\prims\jvm.cpp:1166
Event: 8.134 Thread 0x0000000013ef8800 Implicit null exception at 0x0000000002e2d6d6 to 0x0000000002e2da21
Event: 8.134 Thread 0x0000000013ef8800 Implicit null exception at 0x0000000002e20bd6 to 0x0000000002e20f25
Event: 32.657 Thread 0x0000000013ef7000 Implicit null exception at 0x0000000002ebf478 to 0x0000000002ebf76c

Events (10 events):
Event: 218.598 Executing VM operation: ParallelGCFailedAllocation
Event: 218.601 Executing VM operation: ParallelGCFailedAllocation done
Event: 219.104 Executing VM operation: ParallelGCFailedAllocation
Event: 219.106 Executing VM operation: ParallelGCFailedAllocation done
Event: 219.567 Executing VM operation: ParallelGCFailedAllocation
Event: 219.569 Executing VM operation: ParallelGCFailedAllocation done
Event: 220.032 Executing VM operation: ParallelGCFailedAllocation
Event: 220.032 Executing VM operation: ParallelGCFailedAllocation done
Event: 220.044 Executing VM operation: ParallelGCSystemGC
Event: 220.046 Executing VM operation: ParallelGCSystemGC done


Dynamic libraries:
0x000007f617cb0000 - 0x000007f617ce4000 	F:\Program Files\Java\Jre7\bin\javaw.exe
0x000007fe83490000 - 0x000007fe8364e000 	C:\WINDOWS\SYSTEM32\ntdll.dll
0x000007fe83350000 - 0x000007fe83486000 	C:\WINDOWS\system32\KERNEL32.DLL
0x000007fe80580000 - 0x000007fe80673000 	C:\WINDOWS\system32\KERNELBASE.dll
0x000007fe82eb0000 - 0x000007fe82f8e000 	C:\WINDOWS\system32\ADVAPI32.dll
0x000007fe80a10000 - 0x000007fe80b5c000 	C:\WINDOWS\system32\USER32.dll
0x000007fe7db90000 - 0x000007fe7ddf9000 	C:\WINDOWS\WinSxS\amd64_microsoft.windows.common-controls_6595b64144ccf1df_6.0.9200.16384_none_418c2a697189c07f\COMCTL32.dll
0x000007fe82890000 - 0x000007fe82935000 	C:\WINDOWS\system32\msvcrt.dll
0x000007fe82840000 - 0x000007fe82888000 	C:\WINDOWS\SYSTEM32\sechost.dll
0x000007fe82970000 - 0x000007fe82ab0000 	C:\WINDOWS\system32\RPCRT4.dll
0x000007fe82ab0000 - 0x000007fe82bf0000 	C:\WINDOWS\system32\GDI32.dll
0x000007fe80b60000 - 0x000007fe80b99000 	C:\WINDOWS\system32\IMM32.DLL
0x000007fe82720000 - 0x000007fe82835000 	C:\WINDOWS\system32\MSCTF.dll
0x000007fe80380000 - 0x000007fe80388000 	C:\PROGRA~2\NVIDIA~1\3DVISI~1\NVSTIN~1.DLL
0x000007fe82940000 - 0x000007fe82947000 	C:\WINDOWS\system32\PSAPI.DLL
0x000000006acd0000 - 0x000000006ad73000 	C:\WINDOWS\WinSxS\amd64_microsoft.vc90.crt_1fc8b3b9a1e18e3b_9.0.30729.6871_none_08e717a5a83adddf\MSVCR90.dll
0x0000000069bb0000 - 0x0000000069c81000 	F:\Program Files\Java\Jre7\bin\msvcr100.dll
0x0000000068a20000 - 0x000000006913f000 	F:\Program Files\Java\Jre7\bin\server\jvm.dll
0x000007fe78b00000 - 0x000007fe78b09000 	C:\WINDOWS\SYSTEM32\WSOCK32.dll
0x000007fe7de20000 - 0x000007fe7de40000 	C:\WINDOWS\SYSTEM32\WINMM.dll
0x000007fe826a0000 - 0x000007fe826f8000 	C:\WINDOWS\system32\WS2_32.dll
0x000007fe7d3c0000 - 0x000007fe7d3f2000 	C:\WINDOWS\SYSTEM32\WINMMBASE.dll
0x000007fe82700000 - 0x000007fe82709000 	C:\WINDOWS\system32\NSI.dll
0x0000000069ba0000 - 0x0000000069baf000 	F:\Program Files\Java\Jre7\bin\verify.dll
0x0000000069b70000 - 0x0000000069b98000 	F:\Program Files\Java\Jre7\bin\java.dll
0x0000000069b50000 - 0x0000000069b65000 	F:\Program Files\Java\Jre7\bin\zip.dll
0x0000000068880000 - 0x0000000068a13000 	F:\Program Files\Java\Jre7\bin\awt.dll
0x000007fe808e0000 - 0x000007fe809a3000 	C:\WINDOWS\system32\OLEAUT32.dll
0x000007fe80ba0000 - 0x000007fe80d50000 	C:\WINDOWS\system32\combase.dll
0x000007fe7a5b0000 - 0x000007fe7a64f000 	C:\WINDOWS\system32\apphelp.dll
0x000007fe7e2c0000 - 0x000007fe7e2e1000 	C:\WINDOWS\system32\DWMAPI.DLL
0x000007fe7f180000 - 0x000007fe7f263000 	C:\WINDOWS\system32\uxtheme.dll
0x000007fe7a660000 - 0x000007fe7a6f5000 	C:\Program Files\Common Files\microsoft shared\ink\tiptsf.dll
0x000007fe80eb0000 - 0x000007fe8102e000 	C:\WINDOWS\system32\ole32.dll
0x000007fe801d0000 - 0x000007fe801da000 	C:\WINDOWS\SYSTEM32\CRYPTBASE.dll
0x000007fe80170000 - 0x000007fe801cc000 	C:\WINDOWS\SYSTEM32\bcryptPrimitives.dll
0x000007fe6ef80000 - 0x000007fe6f180000 	C:\WINDOWS\system32\d3d9.dll
0x000007fe7e110000 - 0x000007fe7e119000 	C:\WINDOWS\SYSTEM32\VERSION.dll
0x000007fe5c060000 - 0x000007fe5d1e0000 	C:\WINDOWS\SYSTEM32\nvd3dumx.dll
0x000007fe80270000 - 0x000007fe802b3000 	C:\WINDOWS\SYSTEM32\powrprof.dll
0x0000000180000000 - 0x0000000180116000 	C:\Program Files (x86)\NVIDIA Corporation\3D Vision\nvSCPAPI64.dll
0x000007fe82f90000 - 0x000007fe83160000 	C:\WINDOWS\system32\SETUPAPI.dll
0x000007fe7dab0000 - 0x000007fe7db24000 	C:\WINDOWS\SYSTEM32\dxgi.dll
0x000007fe81050000 - 0x000007fe82338000 	C:\WINDOWS\system32\SHELL32.dll
0x000007fe80680000 - 0x000007fe806cf000 	C:\WINDOWS\system32\CFGMGR32.dll
0x000007fe808b0000 - 0x000007fe808d2000 	C:\WINDOWS\system32\DEVOBJ.dll
0x000007fe83300000 - 0x000007fe83350000 	C:\WINDOWS\system32\SHLWAPI.dll
0x000007fe7ceb0000 - 0x000007fe7d172000 	C:\WINDOWS\SYSTEM32\nvapi64.dll
0x000007fe80520000 - 0x000007fe80575000 	C:\WINDOWS\system32\WINTRUST.dll
0x000007fe806d0000 - 0x000007fe808a7000 	C:\WINDOWS\system32\CRYPT32.dll
0x000007fe80450000 - 0x000007fe80466000 	C:\WINDOWS\system32\MSASN1.dll
0x000007fe7d400000 - 0x000007fe7d41f000 	C:\WINDOWS\SYSTEM32\DXGIDebug.dll
0x000007fe7f550000 - 0x000007fe7f5e6000 	C:\WINDOWS\SYSTEM32\shcore.dll
0x0000000068840000 - 0x0000000068874000 	F:\Program Files\Java\Jre7\bin\fontmanager.dll
0x0000000069b30000 - 0x0000000069b49000 	F:\Program Files\Java\Jre7\bin\net.dll
0x000007fe7fbe0000 - 0x000007fe7fc3c000 	C:\WINDOWS\system32\mswsock.dll
0x0000000069b10000 - 0x0000000069b21000 	F:\Program Files\Java\Jre7\bin\nio.dll
0x00000000687f0000 - 0x0000000068831000 	F:\Program Files\Java\Jre7\bin\t2k.dll
0x000007fe82bf0000 - 0x000007fe82c86000 	C:\WINDOWS\SYSTEM32\clbcatq.dll
0x000007fe7df80000 - 0x000007fe7e10a000 	C:\WINDOWS\SYSTEM32\WindowsCodecs.dll
0x000007fe803a0000 - 0x000007fe803b5000 	C:\WINDOWS\SYSTEM32\profapi.dll
0x0000000069ed0000 - 0x0000000069f68000 	C:\Windows\System32\msvcp100.dll
0x000007fe692b0000 - 0x000007fe69508000 	C:\opencv\build\x64\vc10\bin\opencv_core243.dll
0x000007fe6bc10000 - 0x000007fe6bca5000 	C:\Users\Jonas\AppData\Local\Temp\javacpp101717321456950\jniopencv_core.dll
0x000007fe68b50000 - 0x000007fe68df5000 	C:\opencv\build\x64\vc10\bin\opencv_imgproc243.dll
0x000007fe77cd0000 - 0x000007fe77d18000 	C:\Users\Jonas\AppData\Local\Temp\javacpp101717321456950\jniopencv_imgproc.dll
0x0000000066840000 - 0x00000000675ca000 	C:\opencv\build\x64\vc10\bin\opencv_ffmpeg243_64.dll
0x000007fe68900000 - 0x000007fe68b4b000 	C:\opencv\build\x64\vc10\bin\opencv_highgui243.dll
0x000007fe77cb0000 - 0x000007fe77cd0000 	C:\WINDOWS\SYSTEM32\AVIFIL32.dll
0x000007fe77630000 - 0x000007fe77659000 	C:\WINDOWS\SYSTEM32\MSVFW32.dll
0x000007fe77610000 - 0x000007fe77627000 	C:\WINDOWS\SYSTEM32\AVICAP32.dll
0x000007fe677e0000 - 0x000007fe677f9000 	C:\WINDOWS\SYSTEM32\MSACM32.dll
0x000007fe775f0000 - 0x000007fe77603000 	C:\Users\Jonas\AppData\Local\Temp\javacpp101717321456950\jniopencv_highgui.dll
0x000007fe774f0000 - 0x000007fe77507000 	C:\Windows\System32\devenum.dll
0x000007fe796e0000 - 0x000007fe7970e000 	C:\WINDOWS\SYSTEM32\ntmarta.dll
0x000007fe794c0000 - 0x000007fe794cd000 	C:\WINDOWS\SYSTEM32\msdmo.dll
0x000007fe70280000 - 0x000007fe702af000 	C:\Windows\System32\qcap.dll
0x000007fe69ef0000 - 0x000007fe6a0a8000 	C:\Windows\System32\quartz.dll
0x000007fe70200000 - 0x000007fe7023f000 	C:\Windows\System32\ksproxy.ax
0x000007fe6d940000 - 0x000007fe6d947000 	C:\Windows\System32\ksuser.dll
0x000007fe77d60000 - 0x000007fe77d6c000 	C:\Windows\System32\vidcap.ax
0x000007fe6e9b0000 - 0x000007fe6e9d4000 	C:\Windows\System32\kswdmcap.ax
0x000007fe6b3c0000 - 0x000007fe6b514000 	C:\Windows\System32\MFC42.dll
0x000007fe6e770000 - 0x000007fe6e82e000 	C:\Windows\System32\ODBC32.dll
0x000007fe6bb70000 - 0x000007fe6bc05000 	C:\Windows\System32\qedit.dll
0x000007fe823b0000 - 0x000007fe82451000 	C:\WINDOWS\system32\COMDLG32.dll
0x000007fe83160000 - 0x000007fe83300000 	C:\WINDOWS\WinSxS\amd64_microsoft.windows.gdiplus_6595b64144ccf1df_1.1.9200.16384_none_72771d4ecc1c3a4d\gdiplus.dll
0x000007fe67cd0000 - 0x000007fe67dba000 	C:\WINDOWS\SYSTEM32\DDRAW.dll
0x000007fe7d1b0000 - 0x000007fe7d1b8000 	C:\WINDOWS\SYSTEM32\DCIMAN32.dll
0x000007fe7d2d0000 - 0x000007fe7d339000 	C:\WINDOWS\SYSTEM32\oleacc.dll
0x00000000687c0000 - 0x00000000687ea000 	F:\Program Files\Java\Jre7\bin\dcpr.dll

VM Arguments:
jvm_args: -Dfile.encoding=Cp1252 
java_command: emcscanner.kth.se.Program
Launcher Type: SUN_STANDARD

Environment Variables:
PATH=C:\Program Files (x86)\NVIDIA Corporation\PhysX\Common;C:\WINDOWS\system32;C:\WINDOWS;C:\WINDOWS\System32\Wbem;C:\WINDOWS\System32\WindowsPowerShell\v1.0\;C:\Program Files (x86)\Microsoft SQL Server\90\Tools\binn\;C:\Program Files (x86)\Autodesk\Backburner\;F:\Program Files\MATLAB\R2012a\runtime\win64;F:\Program Files\MATLAB\R2012a\bin;C:\Program Files\Internet Explorer;C:\Program Files\Perforce;F:\Program Files\Perforce;C:\Program Files\Microsoft\Web Platform Installer\;C:\Program Files (x86)\Microsoft ASP.NET\ASP.NET Web Pages\v1.0\;C:\Program Files (x86)\Windows Kits\8.0\Windows Performance Toolkit\;C:\Program Files\Microsoft SQL Server\110\Tools\Binn\;F:\Program Files\Perforce\Server
USERNAME=Jonas
OS=Windows_NT
PROCESSOR_IDENTIFIER=Intel64 Family 6 Model 42 Stepping 7, GenuineIntel



---------------  S Y S T E M  ---------------

OS: Windows 8 , 64 bit Build 9200 

CPU:total 8 (4 cores per cpu, 2 threads per core) family 6 model 42 stepping 7, cmov, cx8, fxsr, mmx, sse, sse2, sse3, ssse3, sse4.1, sse4.2, popcnt, avx, ht, tsc, tscinvbit

Memory: 4k page, physical 16751668k(11299188k free), swap 33528884k(25982540k free)

vm_info: Java HotSpot(TM) 64-Bit Server VM (23.3-b01) for windows-amd64 JRE (1.7.0_07-b11), built on Sep  7 2012 01:19:25 by "java_re" with unknown MS VC++:1600

time: Wed Jan 23 00:53:20 2013
elapsed time: 221 seconds

