#
# A fatal error has been detected by the Java Runtime Environment:
#
#  EXCEPTION_ACCESS_VIOLATION (0xc0000005) at pc=0x000007ff1e2cd118, pid=7396, tid=7900
#
# JRE version: 7.0_07-b11
# Java VM: Java HotSpot(TM) 64-Bit Server VM (23.3-b01 mixed mode windows-amd64 compressed oops)
# Problematic frame:
# C  [opencv_core243.dll+0x5d118]  cvSetZero+0x278
#
# Failed to write core dump. Minidumps are not enabled by default on client versions of Windows
#
# If you would like to submit a bug report, please visit:
#   http://bugreport.sun.com/bugreport/crash.jsp
# The crash happened outside the Java Virtual Machine in native code.
# See problematic frame for where to report the bug.
#

---------------  T H R E A D  ---------------

Current thread (0x0000000013973000):  JavaThread "threadDisplay" daemon [_thread_in_native, id=7900, stack(0x000000001a780000,0x000000001a880000)]

siginfo: ExceptionCode=0xc0000005, reading address 0x000000001a4c444d

Registers:
RAX=0x0000000000000012, RBX=0x000000001a87f110, RCX=0x000000000000167d, RDX=0x0000000000000000
RSP=0x000000001a87e020, RBP=0x0000000000000b40, RSI=0x000000001a4c2dd0, RDI=0x000000001a4c2dd0
R8 =0x000000001a4c2dd0, R9 =0x000000001d5d7310, R10=0x0000000000000b40, R11=0x0000000000000000
R12=0x000000001d5d7310, R13=0x0000000000000b40, R14=0x0000000000001680, R15=0x0000000000001680
RIP=0x000007ff1e2cd118, EFLAGS=0x0000000000010246

Top of Stack: (sp=0x000000001a87e020)
0x000000001a87e020:   00000000fc3f1b78 000007ff00000000
0x000000001a87e030:   0000000000000000 0000000000000000
0x000000001a87e040:   fffffffffffffffe 0000000000000000
0x000000001a87e050:   000000001d5d7310 0000000000001680
0x000000001a87e060:   0000000000000000 0000000000000000
0x000000001a87e070:   00000000fc37c638 0000000000000000
0x000000001a87e080:   0000000000000000 000007ff00000000
0x000000001a87e090:   0000000000000000 000007ff00000000
0x000000001a87e0a0:   0000000000000028 0000000000000000
0x000000001a87e0b0:   0000000000000000 0000000000000000
0x000000001a87e0c0:   0000000000000002 000007ff00000000
0x000000001a87e0d0:   000000001a87e3f0 0000000600000000
0x000000001a87e0e0:   00000000fc572468 0000000000000000
0x000000001a87e0f0:   0000000100000000 0000000000000000
0x000000001a87e100:   0000000000000000 000007ff1dfcc8ec
0x000000001a87e110:   ffffffff00000000 000000001a87e3f0 

Instructions: (pc=0x000007ff1e2cd118)
0x000007ff1e2cd0f8:   4c 8b c7 4d 8b cc 4c 8b de 4c 2b df 4c 8b d5 66
0x000007ff1e2cd108:   0f 1f 84 00 00 00 00 00 43 0f b6 14 03 49 63 09
0x000007ff1e2cd118:   0f b6 04 31 41 88 00 88 14 39 49 83 c1 04 49 ff
0x000007ff1e2cd128:   c0 49 ff ca 75 e2 49 03 f6 49 03 ff 83 7b 04 00 


Register to memory mapping:

RAX=0x0000000000000012 is an unknown value
RBX=0x000000001a87f110 is pointing into the stack for thread: 0x0000000013973000
RCX=0x000000000000167d is an unknown value
RDX=0x0000000000000000 is an unknown value
RSP=0x000000001a87e020 is pointing into the stack for thread: 0x0000000013973000
RBP=0x0000000000000b40 is an unknown value
RSI=0x000000001a4c2dd0 is an unknown value
RDI=0x000000001a4c2dd0 is an unknown value
R8 =0x000000001a4c2dd0 is an unknown value
R9 =0x000000001d5d7310 is an unknown value
R10=0x0000000000000b40 is an unknown value
R11=0x0000000000000000 is an unknown value
R12=0x000000001d5d7310 is an unknown value
R13=0x0000000000000b40 is an unknown value
R14=0x0000000000001680 is an unknown value
R15=0x0000000000001680 is an unknown value


Stack: [0x000000001a780000,0x000000001a880000],  sp=0x000000001a87e020,  free space=1016k
Native frames: (J=compiled Java code, j=interpreted, Vv=VM code, C=native code)
C  [opencv_core243.dll+0x5d118]  cvSetZero+0x278

[error occurred during error reporting (printing native stack), id 0xc0000005]

Java frames: (J=compiled Java code, j=interpreted, Vv=VM code)
j  com.googlecode.javacv.cpp.opencv_core.cvFlip(Lcom/googlecode/javacv/cpp/opencv_core$CvArr;Lcom/googlecode/javacv/cpp/opencv_core$CvArr;I)V+0
j  emcscanner.kth.se.CameraPanel$1.run()V+25
v  ~StubRoutines::call_stub

---------------  P R O C E S S  ---------------

Java Threads: ( => current thread )
  0x000000001d156800 JavaThread "Thread-2" [_thread_in_native, id=4772, stack(0x00000000171d0000,0x00000000172d0000)]
  0x0000000015db4000 JavaThread "Thread-0" daemon [_thread_in_native, id=6400, stack(0x0000000016fd0000,0x00000000170d0000)]
  0x000000001cff1800 JavaThread "ICEpdf-pagePainter" daemon [_thread_blocked, id=1952, stack(0x0000000021f50000,0x0000000022050000)]
  0x000000001da6d800 JavaThread "ICEpdf-pageInitializer" daemon [_thread_blocked, id=7828, stack(0x0000000021d20000,0x0000000021e20000)]
  0x000000000247e000 JavaThread "DestroyJavaVM" [_thread_blocked, id=3952, stack(0x0000000002550000,0x0000000002650000)]
  0x00000000162f1000 JavaThread "TimerQueue" daemon [_thread_blocked, id=1976, stack(0x000000001e060000,0x000000001e160000)]
  0x0000000015fbf000 JavaThread "AWT-EventQueue-0" [_thread_blocked, id=2828, stack(0x000000001df60000,0x000000001e060000)]
  0x0000000013b7c000 JavaThread "AWT-Shutdown" [_thread_blocked, id=4180, stack(0x000000001a880000,0x000000001a980000)]
=>0x0000000013973000 JavaThread "threadDisplay" daemon [_thread_in_native, id=7900, stack(0x000000001a780000,0x000000001a880000)]
  0x000000001398b800 JavaThread "AWT-Windows" daemon [_thread_in_native, id=2136, stack(0x0000000014200000,0x0000000014300000)]
  0x0000000013972000 JavaThread "Java2D Disposer" daemon [_thread_blocked, id=7384, stack(0x0000000014000000,0x0000000014100000)]
  0x00000000111e9000 JavaThread "Service Thread" daemon [_thread_blocked, id=4484, stack(0x0000000013600000,0x0000000013700000)]
  0x00000000111dc800 JavaThread "C2 CompilerThread1" daemon [_thread_blocked, id=5992, stack(0x0000000013500000,0x0000000013600000)]
  0x00000000111d9000 JavaThread "C2 CompilerThread0" daemon [_thread_blocked, id=7560, stack(0x0000000013400000,0x0000000013500000)]
  0x00000000111d7800 JavaThread "Attach Listener" daemon [_thread_blocked, id=4452, stack(0x0000000013300000,0x0000000013400000)]
  0x00000000111cb000 JavaThread "Signal Dispatcher" daemon [_thread_blocked, id=7940, stack(0x0000000013200000,0x0000000013300000)]
  0x000000001116e800 JavaThread "Finalizer" daemon [_thread_blocked, id=8104, stack(0x0000000013100000,0x0000000013200000)]
  0x0000000011167000 JavaThread "Reference Handler" daemon [_thread_blocked, id=1664, stack(0x0000000013000000,0x0000000013100000)]

Other Threads:
  0x0000000011162000 VMThread [stack: 0x0000000012f00000,0x0000000013000000] [id=408]
  0x0000000011206800 WatcherThread [stack: 0x0000000013700000,0x0000000013800000] [id=4000]

VM state:not at safepoint (normal execution)

VM Mutex/Monitor currently owned by a thread: None

Heap
 PSYoungGen      total 74752K, used 19150K [0x00000007aacb0000, 0x00000007b39b0000, 0x0000000800000000)
  eden space 63872K, 16% used [0x00000007aacb0000,0x00000007ab72f150,0x00000007aeb10000)
  from space 10880K, 77% used [0x00000007aeca0000,0x00000007af4d49c0,0x00000007af740000)
  to   space 40256K, 0% used [0x00000007b1260000,0x00000007b1260000,0x00000007b39b0000)
 ParOldGen       total 174528K, used 48068K [0x0000000700600000, 0x000000070b070000, 0x00000007aacb0000)
  object space 174528K, 27% used [0x0000000700600000,0x00000007034f1240,0x000000070b070000)
 PSPermGen       total 21248K, used 17898K [0x00000006fb400000, 0x00000006fc8c0000, 0x0000000700600000)
  object space 21248K, 84% used [0x00000006fb400000,0x00000006fc57a870,0x00000006fc8c0000)

Card table byte_map: [0x0000000005750000,0x0000000005f80000] byte_map_base: 0x0000000001f76000

Polling page: 0x0000000000b60000

Code Cache  [0x0000000002750000, 0x00000000029c0000, 0x0000000005750000)
 total_blobs=857 nmethods=268 adapters=540 free_code_cache=47774Kb largest_free_block=48887168

Compilation events (10 events):
Event: 6.181 Thread 0x00000000111dc800  257             javax.swing.text.StyleContext$SmallAttributeSet::getLocalAttribute (49 bytes)
Event: 6.182 Thread 0x00000000111dc800 nmethod 257 0x0000000002887a10 code [0x0000000002887b60, 0x0000000002887cf8]
Event: 6.750 Thread 0x00000000111d9000  258             java.awt.Container::findComponentAtImpl (315 bytes)
Event: 6.761 Thread 0x00000000111d9000 nmethod 258 0x00000000028ad050 code [0x00000000028ad260, 0x00000000028ae0e8]
Event: 7.117 Thread 0x00000000111dc800  259             java.util.concurrent.locks.AbstractOwnableSynchronizer::getExclusiveOwnerThread (5 bytes)
Event: 7.118 Thread 0x00000000111dc800 nmethod 259 0x0000000002887810 code [0x0000000002887940, 0x00000000028879b8]
Event: 7.978 Thread 0x00000000111d9000  260             java.util.concurrent.locks.ReentrantLock$NonfairSync::lock (25 bytes)
Event: 7.978 Thread 0x00000000111dc800  261             java.util.concurrent.locks.ReentrantLock::lock (8 bytes)
Event: 7.978 Thread 0x00000000111d9000 nmethod 260 0x00000000028b0650 code [0x00000000028b07c0, 0x00000000028b08f0]
Event: 7.978 Thread 0x00000000111dc800 nmethod 261 0x0000000002886d50 code [0x0000000002886ec0, 0x0000000002887010]

GC Heap History (10 events):
Event: 4.085 GC heap before
{Heap before GC invocations=1 (full 0):
 PSYoungGen      total 76352K, used 65472K [0x00000007aacb0000, 0x00000007b01e0000, 0x0000000800000000)
  eden space 65472K, 100% used [0x00000007aacb0000,0x00000007aeca0000,0x00000007aeca0000)
  from space 10880K, 0% used [0x00000007af740000,0x00000007af740000,0x00000007b01e0000)
  to   space 10880K, 0% used [0x00000007aeca0000,0x00000007aeca0000,0x00000007af740000)
 ParOldGen       total 174528K, used 0K [0x0000000700600000, 0x000000070b070000, 0x00000007aacb0000)
  object space 174528K, 0% used [0x0000000700600000,0x0000000700600000,0x000000070b070000)
 PSPermGen       total 21248K, used 17562K [0x00000006fb400000, 0x00000006fc8c0000, 0x0000000700600000)
  object space 21248K, 82% used [0x00000006fb400000,0x00000006fc526890,0x00000006fc8c0000)
Event: 4.094 GC heap after
Heap after GC invocations=1 (full 0):
 PSYoungGen      total 76352K, used 9448K [0x00000007aacb0000, 0x00000007b01e0000, 0x0000000800000000)
  eden space 65472K, 0% used [0x00000007aacb0000,0x00000007aacb0000,0x00000007aeca0000)
  from space 10880K, 86% used [0x00000007aeca0000,0x00000007af5da110,0x00000007af740000)
  to   space 10880K, 0% used [0x00000007af740000,0x00000007af740000,0x00000007b01e0000)
 ParOldGen       total 174528K, used 8K [0x0000000700600000, 0x000000070b070000, 0x00000007aacb0000)
  object space 174528K, 0% used [0x0000000700600000,0x0000000700602000,0x000000070b070000)
 PSPermGen       total 21248K, used 17562K [0x00000006fb400000, 0x00000006fc8c0000, 0x0000000700600000)
  object space 21248K, 82% used [0x00000006fb400000,0x00000006fc526890,0x00000006fc8c0000)
}
Event: 6.250 GC heap before
{Heap before GC invocations=2 (full 0):
 PSYoungGen      total 76352K, used 71648K [0x00000007aacb0000, 0x00000007b01e0000, 0x0000000800000000)
  eden space 65472K, 95% used [0x00000007aacb0000,0x00000007ae96dfc0,0x00000007aeca0000)
  from space 10880K, 86% used [0x00000007aeca0000,0x00000007af5da110,0x00000007af740000)
  to   space 10880K, 0% used [0x00000007af740000,0x00000007af740000,0x00000007b01e0000)
 ParOldGen       total 174528K, used 8K [0x0000000700600000, 0x000000070b070000, 0x00000007aacb0000)
  object space 174528K, 0% used [0x0000000700600000,0x0000000700602000,0x000000070b070000)
 PSPermGen       total 21248K, used 17856K [0x00000006fb400000, 0x00000006fc8c0000, 0x0000000700600000)
  object space 21248K, 84% used [0x00000006fb400000,0x00000006fc5701b8,0x00000006fc8c0000)
Event: 6.261 GC heap after
Heap after GC invocations=2 (full 0):
 PSYoungGen      total 76352K, used 10868K [0x00000007aacb0000, 0x00000007b01e0000, 0x0000000800000000)
  eden space 65472K, 0% used [0x00000007aacb0000,0x00000007aacb0000,0x00000007aeca0000)
  from space 10880K, 99% used [0x00000007af740000,0x00000007b01dd100,0x00000007b01e0000)
  to   space 10880K, 0% used [0x00000007aeca0000,0x00000007aeca0000,0x00000007af740000)
 ParOldGen       total 174528K, used 29843K [0x0000000700600000, 0x000000070b070000, 0x00000007aacb0000)
  object space 174528K, 17% used [0x0000000700600000,0x0000000702324e10,0x000000070b070000)
 PSPermGen       total 21248K, used 17856K [0x00000006fb400000, 0x00000006fc8c0000, 0x0000000700600000)
  object space 21248K, 84% used [0x00000006fb400000,0x00000006fc5701b8,0x00000006fc8c0000)
}
Event: 7.160 GC heap before
{Heap before GC invocations=3 (full 0):
 PSYoungGen      total 76352K, used 73439K [0x00000007aacb0000, 0x00000007b01e0000, 0x0000000800000000)
  eden space 65472K, 95% used [0x00000007aacb0000,0x00000007ae9cab58,0x00000007aeca0000)
  from space 10880K, 99% used [0x00000007af740000,0x00000007b01dd100,0x00000007b01e0000)
  to   space 10880K, 0% used [0x00000007aeca0000,0x00000007aeca0000,0x00000007af740000)
 ParOldGen       total 174528K, used 29843K [0x0000000700600000, 0x000000070b070000, 0x00000007aacb0000)
  object space 174528K, 17% used [0x0000000700600000,0x0000000702324e10,0x000000070b070000)
 PSPermGen       total 21248K, used 17860K [0x00000006fb400000, 0x00000006fc8c0000, 0x0000000700600000)
  object space 21248K, 84% used [0x00000006fb400000,0x00000006fc571050,0x00000006fc8c0000)
Event: 7.164 GC heap after
Heap after GC invocations=3 (full 0):
 PSYoungGen      total 76352K, used 8370K [0x00000007aacb0000, 0x00000007b01e0000, 0x0000000800000000)
  eden space 65472K, 0% used [0x00000007aacb0000,0x00000007aacb0000,0x00000007aeca0000)
  from space 10880K, 76% used [0x00000007aeca0000,0x00000007af4cc9c0,0x00000007af740000)
  to   space 10880K, 0% used [0x00000007af740000,0x00000007af740000,0x00000007b01e0000)
 ParOldGen       total 174528K, used 29843K [0x0000000700600000, 0x000000070b070000, 0x00000007aacb0000)
  object space 174528K, 17% used [0x0000000700600000,0x0000000702324e10,0x000000070b070000)
 PSPermGen       total 21248K, used 17860K [0x00000006fb400000, 0x00000006fc8c0000, 0x0000000700600000)
  object space 21248K, 84% used [0x00000006fb400000,0x00000006fc571050,0x00000006fc8c0000)
}
Event: 7.963 GC heap before
{Heap before GC invocations=4 (full 0):
 PSYoungGen      total 76352K, used 72845K [0x00000007aacb0000, 0x00000007b01e0000, 0x0000000800000000)
  eden space 65472K, 98% used [0x00000007aacb0000,0x00000007aeba6ab0,0x00000007aeca0000)
  from space 10880K, 76% used [0x00000007aeca0000,0x00000007af4cc9c0,0x00000007af740000)
  to   space 10880K, 0% used [0x00000007af740000,0x00000007af740000,0x00000007b01e0000)
 ParOldGen       total 174528K, used 29843K [0x0000000700600000, 0x000000070b070000, 0x00000007aacb0000)
  object space 174528K, 17% used [0x0000000700600000,0x0000000702324e10,0x000000070b070000)
 PSPermGen       total 21248K, used 17860K [0x00000006fb400000, 0x00000006fc8c0000, 0x0000000700600000)
  object space 21248K, 84% used [0x00000006fb400000,0x00000006fc5711d0,0x00000006fc8c0000)
Event: 7.971 GC heap after
Heap after GC invocations=4 (full 0):
 PSYoungGen      total 76352K, used 8306K [0x00000007aacb0000, 0x00000007b01e0000, 0x0000000800000000)
  eden space 65472K, 0% used [0x00000007aacb0000,0x00000007aacb0000,0x00000007aeca0000)
  from space 10880K, 76% used [0x00000007af740000,0x00000007aff5c9c0,0x00000007b01e0000)
  to   space 10880K, 0% used [0x00000007aeca0000,0x00000007aeca0000,0x00000007af740000)
 ParOldGen       total 174528K, used 48068K [0x0000000700600000, 0x000000070b070000, 0x00000007aacb0000)
  object space 174528K, 27% used [0x0000000700600000,0x00000007034f1240,0x000000070b070000)
 PSPermGen       total 21248K, used 17860K [0x00000006fb400000, 0x00000006fc8c0000, 0x0000000700600000)
  object space 21248K, 84% used [0x00000006fb400000,0x00000006fc5711d0,0x00000006fc8c0000)
}
Event: 8.895 GC heap before
{Heap before GC invocations=5 (full 0):
 PSYoungGen      total 76352K, used 69819K [0x00000007aacb0000, 0x00000007b01e0000, 0x0000000800000000)
  eden space 65472K, 93% used [0x00000007aacb0000,0x00000007ae8c2378,0x00000007aeca0000)
  from space 10880K, 76% used [0x00000007af740000,0x00000007aff5c9c0,0x00000007b01e0000)
  to   space 10880K, 0% used [0x00000007aeca0000,0x00000007aeca0000,0x00000007af740000)
 ParOldGen       total 174528K, used 48068K [0x0000000700600000, 0x000000070b070000, 0x00000007aacb0000)
  object space 174528K, 27% used [0x0000000700600000,0x00000007034f1240,0x000000070b070000)
 PSPermGen       total 21248K, used 17874K [0x00000006fb400000, 0x00000006fc8c0000, 0x0000000700600000)
  object space 21248K, 84% used [0x00000006fb400000,0x00000006fc5748e8,0x00000006fc8c0000)
Event: 8.901 GC heap after
Heap after GC invocations=5 (full 0):
 PSYoungGen      total 74752K, used 8402K [0x00000007aacb0000, 0x00000007b39b0000, 0x0000000800000000)
  eden space 63872K, 0% used [0x00000007aacb0000,0x00000007aacb0000,0x00000007aeb10000)
  from space 10880K, 77% used [0x00000007aeca0000,0x00000007af4d49c0,0x00000007af740000)
  to   space 40256K, 0% used [0x00000007b1260000,0x00000007b1260000,0x00000007b39b0000)
 ParOldGen       total 174528K, used 48068K [0x0000000700600000, 0x000000070b070000, 0x00000007aacb0000)
  object space 174528K, 27% used [0x0000000700600000,0x00000007034f1240,0x000000070b070000)
 PSPermGen       total 21248K, used 17874K [0x00000006fb400000, 0x00000006fc8c0000, 0x0000000700600000)
  object space 21248K, 84% used [0x00000006fb400000,0x00000006fc5748e8,0x00000006fc8c0000)
}

Deoptimization events (10 events):
Event: 2.733 Thread 0x000000000247e000 Uncommon trap -83 fr.pc 0x00000000027f7df8
Event: 2.733 Thread 0x000000000247e000 Uncommon trap -83 fr.pc 0x00000000027f417c
Event: 3.202 Thread 0x000000000247e000 Uncommon trap 43 fr.pc 0x000000000280ce24
Event: 3.718 Thread 0x0000000015fbf000 Uncommon trap -83 fr.pc 0x000000000281b884
Event: 3.768 Thread 0x000000001da6d800 Uncommon trap -83 fr.pc 0x000000000280eb34
Event: 3.815 Thread 0x000000001da6d800 Uncommon trap -83 fr.pc 0x0000000002808d44
Event: 3.828 Thread 0x000000001da6d800 Uncommon trap -83 fr.pc 0x00000000028407e8
Event: 3.883 Thread 0x000000001da6d800 Uncommon trap -83 fr.pc 0x0000000002860b4c
Event: 3.916 Thread 0x000000001da6d800 Uncommon trap -83 fr.pc 0x0000000002834a58
Event: 4.104 Thread 0x000000001cff1800 Uncommon trap -83 fr.pc 0x0000000002873afc

Internal exceptions (10 events):
Event: 3.926 Thread 0x000000001da6d800 Threw 0x00000007ae5e9cc0 at C:\jdk7u1_64p\jdk7u7\hotspot\src\share\vm\prims\jvm.cpp:1166
Event: 3.960 Thread 0x000000001da6d800 Threw 0x00000007ae720d18 at C:\jdk7u1_64p\jdk7u7\hotspot\src\share\vm\prims\jvm.cpp:1166
Event: 3.960 Thread 0x000000001da6d800 Threw 0x00000007ae723ae8 at C:\jdk7u1_64p\jdk7u7\hotspot\src\share\vm\prims\jvm.cpp:1166
Event: 3.963 Thread 0x000000001da6d800 Threw 0x00000007ae733f50 at C:\jdk7u1_64p\jdk7u7\hotspot\src\share\vm\prims\jvm.cpp:1166
Event: 3.963 Thread 0x000000001da6d800 Threw 0x00000007ae736d20 at C:\jdk7u1_64p\jdk7u7\hotspot\src\share\vm\prims\jvm.cpp:1166
Event: 3.964 Thread 0x000000001da6d800 Threw 0x00000007ae739ed0 at C:\jdk7u1_64p\jdk7u7\hotspot\src\share\vm\prims\jvm.cpp:1166
Event: 3.964 Thread 0x000000001da6d800 Threw 0x00000007ae73cca0 at C:\jdk7u1_64p\jdk7u7\hotspot\src\share\vm\prims\jvm.cpp:1166
Event: 4.095 Thread 0x000000001cff1800 Threw 0x00000007aad58388 at C:\jdk7u1_64p\jdk7u7\hotspot\src\share\vm\prims\jvm.cpp:1166
Event: 4.099 Thread 0x000000001cff1800 Threw 0x00000007aad691b8 at C:\jdk7u1_64p\jdk7u7\hotspot\src\share\vm\prims\jvm.cpp:1166
Event: 4.298 Thread 0x000000001cff1800 Threw 0x00000007abccb630 at C:\jdk7u1_64p\jdk7u7\hotspot\src\share\vm\prims\jvm.cpp:1166

Events (10 events):
Event: 7.981 loading class 0x0000000013968f90
Event: 7.982 loading class 0x0000000013968f90 done
Event: 8.355 loading class 0x000000001cfc2940
Event: 8.356 loading class 0x000000001cfc2940 done
Event: 8.356 loading class 0x00000000139a9820
Event: 8.356 loading class 0x0000000015dd2490
Event: 8.356 loading class 0x0000000015dd2490 done
Event: 8.356 loading class 0x00000000139a9820 done
Event: 8.895 Executing VM operation: ParallelGCFailedAllocation
Event: 8.901 Executing VM operation: ParallelGCFailedAllocation done


Dynamic libraries:
0x000007f7dc190000 - 0x000007f7dc1c4000 	F:\Program Files\Java\Jre7\bin\javaw.exe
0x000007ff3c8c0000 - 0x000007ff3ca7e000 	C:\WINDOWS\SYSTEM32\ntdll.dll
0x000007ff3a840000 - 0x000007ff3a976000 	C:\WINDOWS\system32\KERNEL32.DLL
0x000007ff39a80000 - 0x000007ff39b73000 	C:\WINDOWS\system32\KERNELBASE.dll
0x000007ff3ae10000 - 0x000007ff3aeee000 	C:\WINDOWS\system32\ADVAPI32.dll
0x000007ff39f70000 - 0x000007ff3a0bc000 	C:\WINDOWS\system32\USER32.dll
0x000007ff36fd0000 - 0x000007ff37239000 	C:\WINDOWS\WinSxS\amd64_microsoft.windows.common-controls_6595b64144ccf1df_6.0.9200.16384_none_418c2a697189c07f\COMCTL32.dll
0x000007ff3a5d0000 - 0x000007ff3a675000 	C:\WINDOWS\system32\msvcrt.dll
0x000007ff3aef0000 - 0x000007ff3af38000 	C:\WINDOWS\SYSTEM32\sechost.dll
0x000007ff3c500000 - 0x000007ff3c640000 	C:\WINDOWS\system32\RPCRT4.dll
0x000007ff39d10000 - 0x000007ff39e50000 	C:\WINDOWS\system32\GDI32.dll
0x000007ff3c640000 - 0x000007ff3c679000 	C:\WINDOWS\system32\IMM32.DLL
0x000007ff3a2f0000 - 0x000007ff3a405000 	C:\WINDOWS\system32\MSCTF.dll
0x000007ff397b0000 - 0x000007ff397b8000 	C:\PROGRA~2\NVIDIA~1\3DVISI~1\NVSTIN~1.DLL
0x000007ff3c680000 - 0x000007ff3c687000 	C:\WINDOWS\system32\PSAPI.DLL
0x000000005d2b0000 - 0x000000005d353000 	C:\WINDOWS\WinSxS\amd64_microsoft.vc90.crt_1fc8b3b9a1e18e3b_9.0.30729.6871_none_08e717a5a83adddf\MSVCR90.dll
0x000000005b640000 - 0x000000005b711000 	F:\Program Files\Java\Jre7\bin\msvcr100.dll
0x000000005af20000 - 0x000000005b63f000 	F:\Program Files\Java\Jre7\bin\server\jvm.dll
0x000007ff31ca0000 - 0x000007ff31ca9000 	C:\WINDOWS\SYSTEM32\WSOCK32.dll
0x000007ff37250000 - 0x000007ff37270000 	C:\WINDOWS\SYSTEM32\WINMM.dll
0x000007ff3a680000 - 0x000007ff3a6d8000 	C:\WINDOWS\system32\WS2_32.dll
0x000007ff368c0000 - 0x000007ff368f2000 	C:\WINDOWS\SYSTEM32\WINMMBASE.dll
0x000007ff3a980000 - 0x000007ff3a989000 	C:\WINDOWS\system32\NSI.dll
0x000000005af10000 - 0x000000005af1f000 	F:\Program Files\Java\Jre7\bin\verify.dll
0x000000005aee0000 - 0x000000005af08000 	F:\Program Files\Java\Jre7\bin\java.dll
0x000000005aec0000 - 0x000000005aed5000 	F:\Program Files\Java\Jre7\bin\zip.dll
0x000000005bd60000 - 0x000000005bef3000 	F:\Program Files\Java\Jre7\bin\awt.dll
0x000007ff39e50000 - 0x000007ff39f13000 	C:\WINDOWS\system32\OLEAUT32.dll
0x000007ff3a140000 - 0x000007ff3a2f0000 	C:\WINDOWS\system32\combase.dll
0x000007ff339e0000 - 0x000007ff33a7f000 	C:\WINDOWS\system32\apphelp.dll
0x000007ff385b0000 - 0x000007ff38693000 	C:\WINDOWS\system32\uxtheme.dll
0x000007ff33a80000 - 0x000007ff33b15000 	C:\Program Files\Common Files\microsoft shared\ink\tiptsf.dll
0x000007ff37890000 - 0x000007ff378b1000 	C:\WINDOWS\SYSTEM32\dwmapi.dll
0x000007ff3c740000 - 0x000007ff3c8be000 	C:\WINDOWS\system32\ole32.dll
0x000007ff39600000 - 0x000007ff3960a000 	C:\WINDOWS\SYSTEM32\CRYPTBASE.dll
0x000007ff395a0000 - 0x000007ff395fc000 	C:\WINDOWS\SYSTEM32\bcryptPrimitives.dll
0x000007ff3af40000 - 0x000007ff3c228000 	C:\WINDOWS\system32\SHELL32.dll
0x000007ff39f20000 - 0x000007ff39f70000 	C:\WINDOWS\system32\SHLWAPI.dll
0x000007ff38980000 - 0x000007ff38a16000 	C:\WINDOWS\SYSTEM32\shcore.dll
0x000000005c180000 - 0x000000005c218000 	C:\Windows\System32\msvcp100.dll
0x000007ff1e270000 - 0x000007ff1e4c8000 	C:\opencv\build\x64\vc10\bin\opencv_core243.dll
0x000007ff29410000 - 0x000007ff294a5000 	C:\Users\Jonas\AppData\Local\Temp\javacpp103116001062085\jniopencv_core.dll
0x000007ff1dfc0000 - 0x000007ff1e265000 	C:\opencv\build\x64\vc10\bin\opencv_imgproc243.dll
0x000007ff30dc0000 - 0x000007ff30e08000 	C:\Users\Jonas\AppData\Local\Temp\javacpp103116001062085\jniopencv_imgproc.dll
0x0000000066840000 - 0x00000000675ca000 	C:\opencv\build\x64\vc10\bin\opencv_ffmpeg243_64.dll
0x000007ff1dd70000 - 0x000007ff1dfbb000 	C:\opencv\build\x64\vc10\bin\opencv_highgui243.dll
0x000007ff30da0000 - 0x000007ff30dc0000 	C:\WINDOWS\SYSTEM32\AVIFIL32.dll
0x000007ff30aa0000 - 0x000007ff30ac9000 	C:\WINDOWS\SYSTEM32\MSVFW32.dll
0x000007ff30970000 - 0x000007ff30987000 	C:\WINDOWS\SYSTEM32\AVICAP32.dll
0x000007ff32f20000 - 0x000007ff32f39000 	C:\WINDOWS\SYSTEM32\MSACM32.dll
0x000007ff37270000 - 0x000007ff37279000 	C:\WINDOWS\SYSTEM32\VERSION.dll
0x000007ff30740000 - 0x000007ff30753000 	C:\Users\Jonas\AppData\Local\Temp\javacpp103116001062085\jniopencv_highgui.dll
0x000007ff3c230000 - 0x000007ff3c2c6000 	C:\WINDOWS\SYSTEM32\clbcatq.dll
0x000007ff306c0000 - 0x000007ff306d7000 	C:\Windows\System32\devenum.dll
0x000007ff3ac40000 - 0x000007ff3ae10000 	C:\WINDOWS\system32\setupapi.dll
0x000007ff39c30000 - 0x000007ff39c7f000 	C:\WINDOWS\system32\CFGMGR32.dll
0x000007ff39ce0000 - 0x000007ff39d02000 	C:\WINDOWS\system32\DEVOBJ.dll
0x000007ff32880000 - 0x000007ff328ae000 	C:\WINDOWS\SYSTEM32\ntmarta.dll
0x000007ff39c80000 - 0x000007ff39cd5000 	C:\WINDOWS\system32\WINTRUST.dll
0x000007ff398a0000 - 0x000007ff39a77000 	C:\WINDOWS\system32\CRYPT32.dll
0x000007ff39880000 - 0x000007ff39896000 	C:\WINDOWS\system32\MSASN1.dll
0x000007ff32a90000 - 0x000007ff32a9d000 	C:\WINDOWS\SYSTEM32\msdmo.dll
0x000007ff30690000 - 0x000007ff306bf000 	C:\Windows\System32\qcap.dll
0x000007ff22c10000 - 0x000007ff22dc8000 	C:\Windows\System32\quartz.dll
0x000007ff27100000 - 0x000007ff2713f000 	C:\Windows\System32\ksproxy.ax
0x000007ff1fa90000 - 0x000007ff1fa97000 	C:\Windows\System32\ksuser.dll
0x000007ff28210000 - 0x000007ff28410000 	C:\Windows\System32\d3d9.dll
0x000007ff32870000 - 0x000007ff3287c000 	C:\Windows\System32\vidcap.ax
0x000007ff30350000 - 0x000007ff30374000 	C:\Windows\System32\kswdmcap.ax
0x000007ff1dc10000 - 0x000007ff1dd64000 	C:\Windows\System32\MFC42.dll
0x000007ff24a90000 - 0x000007ff24b4e000 	C:\Windows\System32\ODBC32.dll
0x000007ff253c0000 - 0x000007ff25455000 	C:\Windows\System32\qedit.dll
0x000007ff3c690000 - 0x000007ff3c731000 	C:\WINDOWS\system32\COMDLG32.dll
0x000007ff3a410000 - 0x000007ff3a5b0000 	C:\WINDOWS\WinSxS\amd64_microsoft.windows.gdiplus_6595b64144ccf1df_1.1.9200.16384_none_72771d4ecc1c3a4d\gdiplus.dll
0x000007ff20d90000 - 0x000007ff20e7a000 	C:\WINDOWS\SYSTEM32\DDRAW.dll
0x000007ff339d0000 - 0x000007ff339d8000 	C:\WINDOWS\SYSTEM32\DCIMAN32.dll
0x000000005ada0000 - 0x000000005add4000 	F:\Program Files\Java\Jre7\bin\fontmanager.dll
0x000007ff1ca90000 - 0x000007ff1dc10000 	C:\WINDOWS\SYSTEM32\nvd3dumx.dll
0x000007ff396a0000 - 0x000007ff396e3000 	C:\WINDOWS\SYSTEM32\powrprof.dll
0x0000000180000000 - 0x0000000180116000 	C:\Program Files (x86)\NVIDIA Corporation\3D Vision\nvSCPAPI64.dll
0x000007ff36ef0000 - 0x000007ff36f64000 	C:\WINDOWS\SYSTEM32\dxgi.dll
0x000007ff36390000 - 0x000007ff36652000 	C:\WINDOWS\SYSTEM32\nvapi64.dll
0x000007ff36900000 - 0x000007ff3691f000 	C:\WINDOWS\SYSTEM32\DXGIDebug.dll
0x000000005aea0000 - 0x000000005aeb9000 	F:\Program Files\Java\Jre7\bin\net.dll
0x000007ff39010000 - 0x000007ff3906c000 	C:\WINDOWS\system32\mswsock.dll
0x000000005ae80000 - 0x000000005ae91000 	F:\Program Files\Java\Jre7\bin\nio.dll
0x000000005ad50000 - 0x000000005ad91000 	F:\Program Files\Java\Jre7\bin\t2k.dll
0x000007ff37350000 - 0x000007ff374da000 	C:\WINDOWS\SYSTEM32\WindowsCodecs.dll
0x000007ff397d0000 - 0x000007ff397e5000 	C:\WINDOWS\SYSTEM32\profapi.dll
0x000007ff367d0000 - 0x000007ff36839000 	C:\WINDOWS\SYSTEM32\oleacc.dll
0x000000005bd30000 - 0x000000005bd5a000 	F:\Program Files\Java\Jre7\bin\dcpr.dll
0x000007ff26eb0000 - 0x000007ff27013000 	C:\WINDOWS\SYSTEM32\dbghelp.dll

VM Arguments:
jvm_args: -Dfile.encoding=Cp1252 
java_command: emcscanner.kth.se.Program
Launcher Type: SUN_STANDARD

Environment Variables:
PATH=C:\Program Files (x86)\NVIDIA Corporation\PhysX\Common;C:\WINDOWS\system32;C:\WINDOWS;C:\WINDOWS\System32\Wbem;C:\WINDOWS\System32\WindowsPowerShell\v1.0\;C:\Program Files (x86)\Microsoft SQL Server\90\Tools\binn\;C:\Program Files (x86)\Autodesk\Backburner\;F:\Program Files\MATLAB\R2012a\runtime\win64;F:\Program Files\MATLAB\R2012a\bin;C:\Program Files\Internet Explorer;C:\Program Files\Perforce;F:\Program Files\Perforce;C:\Program Files\Microsoft\Web Platform Installer\;C:\Program Files (x86)\Microsoft ASP.NET\ASP.NET Web Pages\v1.0\;C:\Program Files (x86)\Windows Kits\8.0\Windows Performance Toolkit\;C:\Program Files\Microsoft SQL Server\110\Tools\Binn\;F:\Program Files\Perforce\Server
USERNAME=Jonas
OS=Windows_NT
PROCESSOR_IDENTIFIER=Intel64 Family 6 Model 42 Stepping 7, GenuineIntel



---------------  S Y S T E M  ---------------

OS: Windows 8 , 64 bit Build 9200 

CPU:total 8 (4 cores per cpu, 2 threads per core) family 6 model 42 stepping 7, cmov, cx8, fxsr, mmx, sse, sse2, sse3, ssse3, sse4.1, sse4.2, popcnt, avx, ht, tsc, tscinvbit

Memory: 4k page, physical 16751668k(12627644k free), swap 33528884k(27647676k free)

vm_info: Java HotSpot(TM) 64-Bit Server VM (23.3-b01) for windows-amd64 JRE (1.7.0_07-b11), built on Sep  7 2012 01:19:25 by "java_re" with unknown MS VC++:1600

time: Fri Jan 25 00:05:45 2013
elapsed time: 9 seconds

