#
# A fatal error has been detected by the Java Runtime Environment:
#
#  EXCEPTION_ACCESS_VIOLATION (0xc0000005) at pc=0x000000000295313a, pid=5920, tid=8152
#
# JRE version: 7.0_07-b11
# Java VM: Java HotSpot(TM) 64-Bit Server VM (23.3-b01 mixed mode windows-amd64 compressed oops)
# Problematic frame:
# J  com.googlecode.javacv.cpp.opencv_core$IplImage.flipCopyWithGamma(Ljava/nio/ByteBuffer;ILjava/nio/ByteBuffer;IZDZI)V
#
# Failed to write core dump. Minidumps are not enabled by default on client versions of Windows
#
# If you would like to submit a bug report, please visit:
#   http://bugreport.sun.com/bugreport/crash.jsp
#

---------------  T H R E A D  ---------------

Current thread (0x0000000013a84800):  JavaThread "threadDisplay" daemon [_thread_in_Java, id=8152, stack(0x0000000021040000,0x0000000021140000)]

siginfo: ExceptionCode=0xc0000005, reading address 0x000000002102498e

Registers:
RAX=0x00000000000000ff, RBX=0x00000000005eec00, RCX=0x0000000000000000, RDX=0x0000000020a46050
RSP=0x000000002113ef60, RBP=0x00000007bb1da600, RSI=0x00000007bc3a92c0, RDI=0x00000000005eec00
R8 =0x00000000005de93e, R9 =0x00000000005de93f, R10=0x000000000000167f, R11=0x00000000005eec00
R12=0x0000000000000000, R13=0x00000000005de93e, R14=0x0000000000000b3d, R15=0x0000000013a84800
RIP=0x000000000295313a, EFLAGS=0x0000000000010207

Top of Stack: (sp=0x000000002113ef60)
0x000000002113ef60:   00000000005eec00 00000000005eec00
0x000000002113ef70:   0000000000000000 00000000ffffffff
0x000000002113ef80:   3ff0000000000000 00000007bb1da5c0
0x000000002113ef90:   00000007bb1da600 3ff0000000000000
0x000000002113efa0:   005dde0000000000 df6ab9ce005dde00
0x000000002113efb0:   00001680df6c65d4 0000000000001680
0x000000002113efc0:   00000007bb1da630 00001680ffffffff
0x000000002113efd0:   00000007bb1da600 00000007bb1da5c0
0x000000002113efe0:   00000000f7875258 00000007bc3a92c0
0x000000002113eff0:   00000007bb1da600 00000007bb1da600
0x000000002113f000:   000000002113f000 00000006fb5556a7
0x000000002113f010:   000000002113f0c0 00000000028361f8
0x000000002113f020:   0000000000000000 00000006fb5556b8
0x000000002113f030:   00000000028361f8 0000000000000000
0x000000002113f040:   0000000000000000 3ff0000000000000
0x000000002113f050:   0000000000000000 0000000000000000 

Instructions: (pc=0x000000000295313a)
0x000000000295311a:   10 44 3b c7 0f 8d 26 01 00 00 45 8b c8 41 ff c1
0x000000000295312a:   44 89 4d 18 48 8b 6c 24 70 44 8b 6d 18 4d 63 c0
0x000000000295313a:   42 0f b6 04 02 44 3b eb 0f 8d 32 01 00 00 45 8b
0x000000000295314a:   cd 44 03 c9 41 ff c5 44 89 6d 18 45 3b cb 0f 83 


Register to memory mapping:

RAX=0x00000000000000ff is an unknown value
RBX=0x00000000005eec00 is an unknown value
RCX=0x0000000000000000 is an unknown value
RDX=0x0000000020a46050 is an unknown value
RSP=0x000000002113ef60 is pointing into the stack for thread: 0x0000000013a84800
RBP=0x00000007bb1da600 is an oop
java.nio.HeapByteBuffer 
 - klass: 'java/nio/HeapByteBuffer'
RSI=0x00000007bc3a92c0 is an oop
[B 
 - klass: {type array byte}
 - length: 6220800
RDI=0x00000000005eec00 is an unknown value
R8 =0x00000000005de93e is an unknown value
R9 =0x00000000005de93f is an unknown value
R10=0x000000000000167f is an unknown value
R11=0x00000000005eec00 is an unknown value
R12=0x0000000000000000 is an unknown value
R13=0x00000000005de93e is an unknown value
R14=0x0000000000000b3d is an unknown value
R15=0x0000000013a84800 is a thread


Stack: [0x0000000021040000,0x0000000021140000],  sp=0x000000002113ef60,  free space=1019k
Native frames: (J=compiled Java code, j=interpreted, Vv=VM code, C=native code)
J  com.googlecode.javacv.cpp.opencv_core$IplImage.flipCopyWithGamma(Ljava/nio/ByteBuffer;ILjava/nio/ByteBuffer;IZDZI)V


---------------  P R O C E S S  ---------------

Java Threads: ( => current thread )
  0x000000001a2c9000 JavaThread "Thread-0" daemon [_thread_in_vm, id=3968, stack(0x00000000171e0000,0x00000000172e0000)]
  0x000000001a2cc000 JavaThread "Thread-3" [_thread_in_vm, id=7832, stack(0x0000000016fe0000,0x00000000170e0000)]
  0x000000001a2cf000 JavaThread "Thread-1" [_thread_blocked, id=72, stack(0x00000000164d0000,0x00000000165d0000)]
  0x000000001a2d2000 JavaThread "ICEpdf-pagePainter" daemon [_thread_blocked, id=8140, stack(0x00000000214a0000,0x00000000215a0000)]
  0x0000000013a87000 JavaThread "ICEpdf-pageInitializer" daemon [_thread_blocked, id=5940, stack(0x0000000021270000,0x0000000021370000)]
  0x0000000013a83000 JavaThread "DestroyJavaVM" [_thread_blocked, id=6748, stack(0x00000000025f0000,0x00000000026f0000)]
  0x0000000013a88800 JavaThread "D3D Screen Updater" daemon [_thread_blocked, id=6868, stack(0x0000000021910000,0x0000000021a10000)]
=>0x0000000013a84800 JavaThread "threadDisplay" daemon [_thread_in_Java, id=8152, stack(0x0000000021040000,0x0000000021140000)]
  0x0000000013a84000 JavaThread "TimerQueue" daemon [_thread_blocked, id=6108, stack(0x00000000191a0000,0x00000000192a0000)]
  0x0000000013a87800 JavaThread "AWT-EventQueue-0" [_thread_blocked, id=7836, stack(0x00000000190a0000,0x00000000191a0000)]
  0x0000000013a85800 JavaThread "AWT-Windows" daemon [_thread_in_native, id=7428, stack(0x00000000145e0000,0x00000000146e0000)]
  0x0000000013a81800 JavaThread "AWT-Shutdown" [_thread_blocked, id=52, stack(0x00000000144e0000,0x00000000145e0000)]
  0x0000000013a86000 JavaThread "Java2D Disposer" daemon [_thread_blocked, id=4916, stack(0x00000000143e0000,0x00000000144e0000)]
  0x000000001138a000 JavaThread "Service Thread" daemon [_thread_blocked, id=2016, stack(0x0000000013770000,0x0000000013870000)]
  0x0000000011385000 JavaThread "C2 CompilerThread1" daemon [_thread_blocked, id=6820, stack(0x0000000013670000,0x0000000013770000)]
  0x000000001137b000 JavaThread "C2 CompilerThread0" daemon [_thread_blocked, id=8060, stack(0x0000000013570000,0x0000000013670000)]
  0x0000000011377800 JavaThread "Attach Listener" daemon [_thread_blocked, id=5916, stack(0x0000000013470000,0x0000000013570000)]
  0x000000001136a800 JavaThread "Signal Dispatcher" daemon [_thread_blocked, id=7604, stack(0x0000000013370000,0x0000000013470000)]
  0x000000001130e800 JavaThread "Finalizer" daemon [_thread_blocked, id=2208, stack(0x0000000013270000,0x0000000013370000)]
  0x0000000011307000 JavaThread "Reference Handler" daemon [_thread_blocked, id=7148, stack(0x0000000013170000,0x0000000013270000)]

Other Threads:
  0x0000000011301800 VMThread [stack: 0x0000000013070000,0x0000000013170000] [id=7256]
  0x00000000113a4800 WatcherThread [stack: 0x0000000013870000,0x0000000013970000] [id=7272]

VM state:synchronizing (normal execution)

VM Mutex/Monitor currently owned by a thread:  ([mutex/lock_event])
[0x000000000271b220] Safepoint_lock - owner thread: 0x0000000011301800
[0x000000000271afa0] Threads_lock - owner thread: 0x0000000011301800

Heap
 PSYoungGen      total 323392K, used 307259K [0x00000007aacb0000, 0x00000007c9800000, 0x0000000800000000)
  eden space 310976K, 94% used [0x00000007aacb0000,0x00000007bcca1668,0x00000007bdc60000)
  from space 12416K, 99% used [0x00000007c8be0000,0x00000007c97fd820,0x00000007c9800000)
  to   space 29696K, 0% used [0x00000007c5e00000,0x00000007c5e00000,0x00000007c7b00000)
 ParOldGen       total 155136K, used 40300K [0x0000000700600000, 0x0000000709d80000, 0x00000007aacb0000)
  object space 155136K, 25% used [0x0000000700600000,0x0000000702d5b150,0x0000000709d80000)
 PSPermGen       total 40320K, used 17698K [0x00000006fb400000, 0x00000006fdb60000, 0x0000000700600000)
  object space 40320K, 43% used [0x00000006fb400000,0x00000006fc548a68,0x00000006fdb60000)

Card table byte_map: [0x00000000058f0000,0x0000000006120000] byte_map_base: 0x0000000002116000

Polling page: 0x00000000026f0000

Code Cache  [0x0000000002830000, 0x0000000002aa0000, 0x0000000005830000)
 total_blobs=871 nmethods=282 adapters=540 free_code_cache=47797Kb largest_free_block=48873728

Compilation events (10 events):
Event: 23.113 Thread 0x0000000011385000  284             sun.java2d.pipe.Region::dimAdd (20 bytes)
Event: 23.114 Thread 0x0000000011385000 nmethod 284 0x0000000002980b50 code [0x0000000002980c80, 0x0000000002980cd8]
Event: 24.560 Thread 0x000000001137b000  286             java.util.HashSet::add (20 bytes)
Event: 24.561 Thread 0x000000001137b000 nmethod 286 0x0000000002945e50 code [0x0000000002945fa0, 0x0000000002946068]
Event: 25.073 Thread 0x0000000011385000  287             sun.java2d.SurfaceData::markDirty (8 bytes)
Event: 25.073 Thread 0x0000000011385000 nmethod 287 0x0000000002945c10 code [0x0000000002945d40, 0x0000000002945db8]
Event: 29.089 Thread 0x000000001137b000  288             javax.swing.JComponent::getFlag (20 bytes)
Event: 29.089 Thread 0x000000001137b000 nmethod 288 0x0000000002945a10 code [0x0000000002945b40, 0x0000000002945bb8]
Event: 29.361 Thread 0x0000000011385000  289   !         sun.awt.AWTAutoShutdown::setToolkitBusy (124 bytes)
Event: 29.364 Thread 0x0000000011385000 nmethod 289 0x0000000002990e90 code [0x0000000002991020, 0x0000000002991990]

GC Heap History (10 events):
Event: 17.460 GC heap before
{Heap before GC invocations=10 (full 1):
 PSYoungGen      total 370304K, used 365601K [0x00000007aacb0000, 0x00000007c3e70000, 0x0000000800000000)
  eden space 349824K, 99% used [0x00000007aacb0000,0x00000007bffa4008,0x00000007c0250000)
  from space 20480K, 90% used [0x00000007c2a70000,0x00000007c3c84430,0x00000007c3e70000)
  to   space 30784K, 0% used [0x00000007c0250000,0x00000007c0250000,0x00000007c2060000)
 ParOldGen       total 111296K, used 64571K [0x0000000700600000, 0x00000007072b0000, 0x00000007aacb0000)
  object space 111296K, 58% used [0x0000000700600000,0x000000070450ef60,0x00000007072b0000)
 PSPermGen       total 35584K, used 17660K [0x00000006fb400000, 0x00000006fd6c0000, 0x0000000700600000)
  object space 35584K, 49% used [0x00000006fb400000,0x00000006fc53f350,0x00000006fd6c0000)
Event: 17.468 GC heap after
Heap after GC invocations=10 (full 1):
 PSYoungGen      total 380608K, used 18481K [0x00000007aacb0000, 0x00000007cba60000, 0x0000000800000000)
  eden space 349824K, 0% used [0x00000007aacb0000,0x00000007aacb0000,0x00000007c0250000)
  from space 30784K, 60% used [0x00000007c0250000,0x00000007c145c430,0x00000007c2060000)
  to   space 29504K, 0% used [0x00000007c9d90000,0x00000007c9d90000,0x00000007cba60000)
 ParOldGen       total 111296K, used 64571K [0x0000000700600000, 0x00000007072b0000, 0x00000007aacb0000)
  object space 111296K, 58% used [0x0000000700600000,0x000000070450ef60,0x00000007072b0000)
 PSPermGen       total 35584K, used 17660K [0x00000006fb400000, 0x00000006fd6c0000, 0x0000000700600000)
  object space 35584K, 49% used [0x00000006fb400000,0x00000006fc53f350,0x00000006fd6c0000)
}
Event: 22.680 GC heap before
{Heap before GC invocations=11 (full 2):
 PSYoungGen      total 380608K, used 367257K [0x00000007aacb0000, 0x00000007cba60000, 0x0000000800000000)
  eden space 349824K, 99% used [0x00000007aacb0000,0x00000007c014a040,0x00000007c0250000)
  from space 30784K, 60% used [0x00000007c0250000,0x00000007c145c430,0x00000007c2060000)
  to   space 29504K, 0% used [0x00000007c9d90000,0x00000007c9d90000,0x00000007cba60000)
 ParOldGen       total 451776K, used 447297K [0x0000000700600000, 0x000000071bf30000, 0x00000007aacb0000)
  object space 451776K, 99% used [0x0000000700600000,0x000000071bad0750,0x000000071bf30000)
 PSPermGen       total 35584K, used 17687K [0x00000006fb400000, 0x00000006fd6c0000, 0x0000000700600000)
  object space 35584K, 49% used [0x00000006fb400000,0x00000006fc545fe0,0x00000006fd6c0000)
Event: 22.726 GC heap after
Heap after GC invocations=11 (full 2):
 PSYoungGen      total 380608K, used 0K [0x00000007aacb0000, 0x00000007cba60000, 0x0000000800000000)
  eden space 349824K, 0% used [0x00000007aacb0000,0x00000007aacb0000,0x00000007c0250000)
  from space 30784K, 0% used [0x00000007c0250000,0x00000007c0250000,0x00000007c2060000)
  to   space 29504K, 0% used [0x00000007c9d90000,0x00000007c9d90000,0x00000007cba60000)
 ParOldGen       total 155136K, used 22035K [0x0000000700600000, 0x0000000709d80000, 0x00000007aacb0000)
  object space 155136K, 14% used [0x0000000700600000,0x0000000701b84d20,0x0000000709d80000)
 PSPermGen       total 40320K, used 17687K [0x00000006fb400000, 0x00000006fdb60000, 0x0000000700600000)
  object space 40320K, 43% used [0x00000006fb400000,0x00000006fc545fa0,0x00000006fdb60000)
}
Event: 25.143 GC heap before
{Heap before GC invocations=12 (full 2):
 PSYoungGen      total 380608K, used 347769K [0x00000007aacb0000, 0x00000007cba60000, 0x0000000800000000)
  eden space 349824K, 99% used [0x00000007aacb0000,0x00000007c004e558,0x00000007c0250000)
  from space 30784K, 0% used [0x00000007c0250000,0x00000007c0250000,0x00000007c2060000)
  to   space 29504K, 0% used [0x00000007c9d90000,0x00000007c9d90000,0x00000007cba60000)
 ParOldGen       total 155136K, used 22035K [0x0000000700600000, 0x0000000709d80000, 0x00000007aacb0000)
  object space 155136K, 14% used [0x0000000700600000,0x0000000701b84d20,0x0000000709d80000)
 PSPermGen       total 40320K, used 17690K [0x00000006fb400000, 0x00000006fdb60000, 0x0000000700600000)
  object space 40320K, 43% used [0x00000006fb400000,0x00000006fc546b98,0x00000006fdb60000)
Event: 25.149 GC heap after
Heap after GC invocations=12 (full 2):
 PSYoungGen      total 360832K, used 24524K [0x00000007aacb0000, 0x00000007cb590000, 0x0000000800000000)
  eden space 336256K, 0% used [0x00000007aacb0000,0x00000007aacb0000,0x00000007bf510000)
  from space 24576K, 99% used [0x00000007c9d90000,0x00000007cb583040,0x00000007cb590000)
  to   space 30592K, 0% used [0x00000007c79d0000,0x00000007c79d0000,0x00000007c97b0000)
 ParOldGen       total 155136K, used 34185K [0x0000000700600000, 0x0000000709d80000, 0x00000007aacb0000)
  object space 155136K, 22% used [0x0000000700600000,0x0000000702762540,0x0000000709d80000)
 PSPermGen       total 40320K, used 17690K [0x00000006fb400000, 0x00000006fdb60000, 0x0000000700600000)
  object space 40320K, 43% used [0x00000006fb400000,0x00000006fc546b98,0x00000006fdb60000)
}
Event: 27.520 GC heap before
{Heap before GC invocations=13 (full 2):
 PSYoungGen      total 360832K, used 358996K [0x00000007aacb0000, 0x00000007cb590000, 0x0000000800000000)
  eden space 336256K, 99% used [0x00000007aacb0000,0x00000007bf352330,0x00000007bf510000)
  from space 24576K, 99% used [0x00000007c9d90000,0x00000007cb583040,0x00000007cb590000)
  to   space 30592K, 0% used [0x00000007c79d0000,0x00000007c79d0000,0x00000007c97b0000)
 ParOldGen       total 155136K, used 34185K [0x0000000700600000, 0x0000000709d80000, 0x00000007aacb0000)
  object space 155136K, 22% used [0x0000000700600000,0x0000000702762540,0x0000000709d80000)
 PSPermGen       total 40320K, used 17693K [0x00000006fb400000, 0x00000006fdb60000, 0x0000000700600000)
  object space 40320K, 43% used [0x00000006fb400000,0x00000006fc547430,0x00000006fdb60000)
Event: 27.526 GC heap after
Heap after GC invocations=13 (full 2):
 PSYoungGen      total 341824K, used 18449K [0x00000007aacb0000, 0x00000007c9da0000, 0x0000000800000000)
  eden space 323328K, 0% used [0x00000007aacb0000,0x00000007aacb0000,0x00000007be870000)
  from space 18496K, 99% used [0x00000007c79d0000,0x00000007c8bd4430,0x00000007c8be0000)
  to   space 18176K, 0% used [0x00000007c8be0000,0x00000007c8be0000,0x00000007c9da0000)
 ParOldGen       total 155136K, used 34217K [0x0000000700600000, 0x0000000709d80000, 0x00000007aacb0000)
  object space 155136K, 22% used [0x0000000700600000,0x000000070276a540,0x0000000709d80000)
 PSPermGen       total 40320K, used 17693K [0x00000006fb400000, 0x00000006fdb60000, 0x0000000700600000)
  object space 40320K, 43% used [0x00000006fb400000,0x00000006fc547430,0x00000006fdb60000)
}
Event: 29.808 GC heap before
{Heap before GC invocations=14 (full 2):
 PSYoungGen      total 341824K, used 340747K [0x00000007aacb0000, 0x00000007c9da0000, 0x0000000800000000)
  eden space 323328K, 99% used [0x00000007aacb0000,0x00000007be76e858,0x00000007be870000)
  from space 18496K, 99% used [0x00000007c79d0000,0x00000007c8bd4430,0x00000007c8be0000)
  to   space 18176K, 0% used [0x00000007c8be0000,0x00000007c8be0000,0x00000007c9da0000)
 ParOldGen       total 155136K, used 34217K [0x0000000700600000, 0x0000000709d80000, 0x00000007aacb0000)
  object space 155136K, 22% used [0x0000000700600000,0x000000070276a540,0x0000000709d80000)
 PSPermGen       total 40320K, used 17696K [0x00000006fb400000, 0x00000006fdb60000, 0x0000000700600000)
  object space 40320K, 43% used [0x00000006fb400000,0x00000006fc5481b0,0x00000006fdb60000)
Event: 29.811 GC heap after
Heap after GC invocations=14 (full 2):
 PSYoungGen      total 323392K, used 12406K [0x00000007aacb0000, 0x00000007c9800000, 0x0000000800000000)
  eden space 310976K, 0% used [0x00000007aacb0000,0x00000007aacb0000,0x00000007bdc60000)
  from space 12416K, 99% used [0x00000007c8be0000,0x00000007c97fd820,0x00000007c9800000)
  to   space 29696K, 0% used [0x00000007c5e00000,0x00000007c5e00000,0x00000007c7b00000)
 ParOldGen       total 155136K, used 40300K [0x0000000700600000, 0x0000000709d80000, 0x00000007aacb0000)
  object space 155136K, 25% used [0x0000000700600000,0x0000000702d5b150,0x0000000709d80000)
 PSPermGen       total 40320K, used 17696K [0x00000006fb400000, 0x00000006fdb60000, 0x0000000700600000)
  object space 40320K, 43% used [0x00000006fb400000,0x00000006fc5481b0,0x00000006fdb60000)
}

Deoptimization events (10 events):
Event: 5.612 Thread 0x0000000013a87000 Uncommon trap -83 fr.pc 0x00000000028d89f4
Event: 5.658 Thread 0x0000000013a87000 Uncommon trap -83 fr.pc 0x00000000028d8204
Event: 5.671 Thread 0x0000000013a87000 Uncommon trap -83 fr.pc 0x00000000029400e8
Event: 5.720 Thread 0x0000000013a87000 Uncommon trap -83 fr.pc 0x0000000002945990
Event: 5.764 Thread 0x0000000013a87000 Uncommon trap -83 fr.pc 0x00000000028fd27c
Event: 5.961 Thread 0x000000001a2d2000 Uncommon trap -34 fr.pc 0x000000000295a244
Event: 5.961 Thread 0x000000001a2d2000 Uncommon trap -34 fr.pc 0x000000000295a244
Event: 5.961 Thread 0x000000001a2d2000 Uncommon trap -34 fr.pc 0x000000000295a244
Event: 5.961 Thread 0x000000001a2d2000 Uncommon trap -34 fr.pc 0x000000000295a244
Event: 5.976 Thread 0x000000001a2d2000 Uncommon trap -83 fr.pc 0x00000000028d4ebc

Internal exceptions (10 events):
Event: 5.775 Thread 0x0000000013a87000 Threw 0x00000007ab34ad88 at C:\jdk7u1_64p\jdk7u7\hotspot\src\share\vm\prims\jvm.cpp:1166
Event: 5.808 Thread 0x0000000013a87000 Threw 0x00000007aba547c8 at C:\jdk7u1_64p\jdk7u7\hotspot\src\share\vm\prims\jvm.cpp:1166
Event: 5.808 Thread 0x0000000013a87000 Threw 0x00000007aba57598 at C:\jdk7u1_64p\jdk7u7\hotspot\src\share\vm\prims\jvm.cpp:1166
Event: 5.811 Thread 0x0000000013a87000 Threw 0x00000007aba67a00 at C:\jdk7u1_64p\jdk7u7\hotspot\src\share\vm\prims\jvm.cpp:1166
Event: 5.811 Thread 0x0000000013a87000 Threw 0x00000007aba6a7d0 at C:\jdk7u1_64p\jdk7u7\hotspot\src\share\vm\prims\jvm.cpp:1166
Event: 5.812 Thread 0x0000000013a87000 Threw 0x00000007aba6d980 at C:\jdk7u1_64p\jdk7u7\hotspot\src\share\vm\prims\jvm.cpp:1166
Event: 5.812 Thread 0x0000000013a87000 Threw 0x00000007aba70750 at C:\jdk7u1_64p\jdk7u7\hotspot\src\share\vm\prims\jvm.cpp:1166
Event: 5.938 Thread 0x000000001a2d2000 Threw 0x00000007ad17f8f8 at C:\jdk7u1_64p\jdk7u7\hotspot\src\share\vm\prims\jvm.cpp:1166
Event: 5.942 Thread 0x000000001a2d2000 Threw 0x00000007ad190188 at C:\jdk7u1_64p\jdk7u7\hotspot\src\share\vm\prims\jvm.cpp:1166
Event: 6.145 Thread 0x000000001a2d2000 Threw 0x00000007ab64ca20 at C:\jdk7u1_64p\jdk7u7\hotspot\src\share\vm\prims\jvm.cpp:1166

Events (10 events):
Event: 22.726 Executing VM operation: BulkRevokeBias
Event: 22.727 Executing VM operation: BulkRevokeBias done
Event: 25.143 Executing VM operation: ParallelGCFailedAllocation
Event: 25.149 Executing VM operation: ParallelGCFailedAllocation done
Event: 27.520 Executing VM operation: ParallelGCFailedAllocation
Event: 27.526 Executing VM operation: ParallelGCFailedAllocation done
Event: 29.808 Executing VM operation: ParallelGCFailedAllocation
Event: 29.811 Executing VM operation: ParallelGCFailedAllocation done
Event: 30.297 loading class 0x0000000013a8b2d0
Event: 30.297 loading class 0x0000000013a8b2d0 done


Dynamic libraries:
0x000007f617cb0000 - 0x000007f617ce4000 	F:\Program Files\Java\Jre7\bin\javaw.exe
0x000007fe83490000 - 0x000007fe8364e000 	C:\WINDOWS\SYSTEM32\ntdll.dll
0x000007fe83350000 - 0x000007fe83486000 	C:\WINDOWS\system32\KERNEL32.DLL
0x000007fe80580000 - 0x000007fe80673000 	C:\WINDOWS\system32\KERNELBASE.dll
0x000007fe82eb0000 - 0x000007fe82f8e000 	C:\WINDOWS\system32\ADVAPI32.dll
0x000007fe80a10000 - 0x000007fe80b5c000 	C:\WINDOWS\system32\USER32.dll
0x000007fe7db90000 - 0x000007fe7ddf9000 	C:\WINDOWS\WinSxS\amd64_microsoft.windows.common-controls_6595b64144ccf1df_6.0.9200.16384_none_418c2a697189c07f\COMCTL32.dll
0x000007fe82890000 - 0x000007fe82935000 	C:\WINDOWS\system32\msvcrt.dll
0x000007fe82840000 - 0x000007fe82888000 	C:\WINDOWS\SYSTEM32\sechost.dll
0x000007fe82970000 - 0x000007fe82ab0000 	C:\WINDOWS\system32\RPCRT4.dll
0x000007fe82ab0000 - 0x000007fe82bf0000 	C:\WINDOWS\system32\GDI32.dll
0x000007fe80b60000 - 0x000007fe80b99000 	C:\WINDOWS\system32\IMM32.DLL
0x000007fe82720000 - 0x000007fe82835000 	C:\WINDOWS\system32\MSCTF.dll
0x000007fe80380000 - 0x000007fe80388000 	C:\PROGRA~2\NVIDIA~1\3DVISI~1\NVSTIN~1.DLL
0x000007fe82940000 - 0x000007fe82947000 	C:\WINDOWS\system32\PSAPI.DLL
0x000000006acd0000 - 0x000000006ad73000 	C:\WINDOWS\WinSxS\amd64_microsoft.vc90.crt_1fc8b3b9a1e18e3b_9.0.30729.6871_none_08e717a5a83adddf\MSVCR90.dll
0x0000000069bb0000 - 0x0000000069c81000 	F:\Program Files\Java\Jre7\bin\msvcr100.dll
0x0000000068a20000 - 0x000000006913f000 	F:\Program Files\Java\Jre7\bin\server\jvm.dll
0x000007fe78b00000 - 0x000007fe78b09000 	C:\WINDOWS\SYSTEM32\WSOCK32.dll
0x000007fe7de20000 - 0x000007fe7de40000 	C:\WINDOWS\SYSTEM32\WINMM.dll
0x000007fe826a0000 - 0x000007fe826f8000 	C:\WINDOWS\system32\WS2_32.dll
0x000007fe7d3c0000 - 0x000007fe7d3f2000 	C:\WINDOWS\SYSTEM32\WINMMBASE.dll
0x000007fe82700000 - 0x000007fe82709000 	C:\WINDOWS\system32\NSI.dll
0x0000000069ba0000 - 0x0000000069baf000 	F:\Program Files\Java\Jre7\bin\verify.dll
0x0000000069b70000 - 0x0000000069b98000 	F:\Program Files\Java\Jre7\bin\java.dll
0x0000000069b50000 - 0x0000000069b65000 	F:\Program Files\Java\Jre7\bin\zip.dll
0x0000000068840000 - 0x00000000689d3000 	F:\Program Files\Java\Jre7\bin\awt.dll
0x000007fe808e0000 - 0x000007fe809a3000 	C:\WINDOWS\system32\OLEAUT32.dll
0x000007fe80ba0000 - 0x000007fe80d50000 	C:\WINDOWS\system32\combase.dll
0x000007fe7a5b0000 - 0x000007fe7a64f000 	C:\WINDOWS\system32\apphelp.dll
0x000007fe7e2c0000 - 0x000007fe7e2e1000 	C:\WINDOWS\system32\DWMAPI.DLL
0x000007fe7f180000 - 0x000007fe7f263000 	C:\WINDOWS\system32\uxtheme.dll
0x000007fe7a660000 - 0x000007fe7a6f5000 	C:\Program Files\Common Files\microsoft shared\ink\tiptsf.dll
0x000007fe80eb0000 - 0x000007fe8102e000 	C:\WINDOWS\system32\ole32.dll
0x000007fe801d0000 - 0x000007fe801da000 	C:\WINDOWS\SYSTEM32\CRYPTBASE.dll
0x000007fe80170000 - 0x000007fe801cc000 	C:\WINDOWS\SYSTEM32\bcryptPrimitives.dll
0x000007fe6ef80000 - 0x000007fe6f180000 	C:\WINDOWS\system32\d3d9.dll
0x000007fe7e110000 - 0x000007fe7e119000 	C:\WINDOWS\SYSTEM32\VERSION.dll
0x000007fe5b0b0000 - 0x000007fe5c230000 	C:\WINDOWS\SYSTEM32\nvd3dumx.dll
0x000007fe80270000 - 0x000007fe802b3000 	C:\WINDOWS\SYSTEM32\powrprof.dll
0x0000000180000000 - 0x0000000180116000 	C:\Program Files (x86)\NVIDIA Corporation\3D Vision\nvSCPAPI64.dll
0x000007fe82f90000 - 0x000007fe83160000 	C:\WINDOWS\system32\SETUPAPI.dll
0x000007fe7dab0000 - 0x000007fe7db24000 	C:\WINDOWS\SYSTEM32\dxgi.dll
0x000007fe81050000 - 0x000007fe82338000 	C:\WINDOWS\system32\SHELL32.dll
0x000007fe80680000 - 0x000007fe806cf000 	C:\WINDOWS\system32\CFGMGR32.dll
0x000007fe808b0000 - 0x000007fe808d2000 	C:\WINDOWS\system32\DEVOBJ.dll
0x000007fe83300000 - 0x000007fe83350000 	C:\WINDOWS\system32\SHLWAPI.dll
0x000007fe7ceb0000 - 0x000007fe7d172000 	C:\WINDOWS\SYSTEM32\nvapi64.dll
0x000007fe80520000 - 0x000007fe80575000 	C:\WINDOWS\system32\WINTRUST.dll
0x000007fe806d0000 - 0x000007fe808a7000 	C:\WINDOWS\system32\CRYPT32.dll
0x000007fe80450000 - 0x000007fe80466000 	C:\WINDOWS\system32\MSASN1.dll
0x000007fe7d400000 - 0x000007fe7d41f000 	C:\WINDOWS\SYSTEM32\DXGIDebug.dll
0x000007fe7f550000 - 0x000007fe7f5e6000 	C:\WINDOWS\SYSTEM32\shcore.dll
0x0000000068800000 - 0x0000000068834000 	F:\Program Files\Java\Jre7\bin\fontmanager.dll
0x0000000069b30000 - 0x0000000069b49000 	F:\Program Files\Java\Jre7\bin\net.dll
0x000007fe7fbe0000 - 0x000007fe7fc3c000 	C:\WINDOWS\system32\mswsock.dll
0x0000000069b10000 - 0x0000000069b21000 	F:\Program Files\Java\Jre7\bin\nio.dll
0x0000000066920000 - 0x0000000066961000 	F:\Program Files\Java\Jre7\bin\t2k.dll
0x000007fe82bf0000 - 0x000007fe82c86000 	C:\WINDOWS\SYSTEM32\clbcatq.dll
0x000007fe7df80000 - 0x000007fe7e10a000 	C:\WINDOWS\SYSTEM32\WindowsCodecs.dll
0x000007fe803a0000 - 0x000007fe803b5000 	C:\WINDOWS\SYSTEM32\profapi.dll
0x0000000069ed0000 - 0x0000000069f68000 	C:\Windows\System32\msvcp100.dll
0x000007fe77b40000 - 0x000007fe77d98000 	C:\opencv\build\x64\vc10\bin\opencv_core243.dll
0x000007fe77aa0000 - 0x000007fe77b35000 	C:\Users\Jonas\AppData\Local\Temp\javacpp72140285768363\jniopencv_core.dll
0x000007fe777f0000 - 0x000007fe77a95000 	C:\opencv\build\x64\vc10\bin\opencv_imgproc243.dll
0x000007fe777a0000 - 0x000007fe777e8000 	C:\Users\Jonas\AppData\Local\Temp\javacpp72140285768363\jniopencv_imgproc.dll
0x000000001be30000 - 0x000000001cbba000 	C:\opencv\build\x64\vc10\bin\opencv_ffmpeg243_64.dll
0x000007fe77550000 - 0x000007fe7779b000 	C:\opencv\build\x64\vc10\bin\opencv_highgui243.dll
0x000007fe77530000 - 0x000007fe77550000 	C:\WINDOWS\SYSTEM32\AVIFIL32.dll
0x000007fe77500000 - 0x000007fe77529000 	C:\WINDOWS\SYSTEM32\MSVFW32.dll
0x000007fe774e0000 - 0x000007fe774f7000 	C:\WINDOWS\SYSTEM32\AVICAP32.dll
0x000007fe677e0000 - 0x000007fe677f9000 	C:\WINDOWS\SYSTEM32\MSACM32.dll
0x000007fe70340000 - 0x000007fe70353000 	C:\Users\Jonas\AppData\Local\Temp\javacpp72140285768363\jniopencv_highgui.dll
0x000007fe70320000 - 0x000007fe70337000 	C:\Windows\System32\devenum.dll
0x000007fe796e0000 - 0x000007fe7970e000 	C:\WINDOWS\SYSTEM32\ntmarta.dll
0x000007fe7ab20000 - 0x000007fe7ab2d000 	C:\WINDOWS\SYSTEM32\msdmo.dll
0x000007fe702f0000 - 0x000007fe7031f000 	C:\Windows\System32\qcap.dll
0x000007fe687f0000 - 0x000007fe689a8000 	C:\Windows\System32\quartz.dll
0x000007fe68510000 - 0x000007fe6854f000 	C:\Windows\System32\ksproxy.ax
0x000007fe6d940000 - 0x000007fe6d947000 	C:\Windows\System32\ksuser.dll
0x000007fe78590000 - 0x000007fe7859c000 	C:\Windows\System32\vidcap.ax
0x000007fe6d2e0000 - 0x000007fe6d304000 	C:\Windows\System32\kswdmcap.ax
0x000007fe680e0000 - 0x000007fe68234000 	C:\Windows\System32\MFC42.dll
0x000007fe68450000 - 0x000007fe6850e000 	C:\Windows\System32\ODBC32.dll
0x000007fe68040000 - 0x000007fe680d5000 	C:\Windows\System32\qedit.dll
0x000007fe823b0000 - 0x000007fe82451000 	C:\WINDOWS\system32\COMDLG32.dll
0x000007fe83160000 - 0x000007fe83300000 	C:\WINDOWS\WinSxS\amd64_microsoft.windows.gdiplus_6595b64144ccf1df_1.1.9200.16384_none_72771d4ecc1c3a4d\gdiplus.dll
0x000007fe67cd0000 - 0x000007fe67dba000 	C:\WINDOWS\SYSTEM32\DDRAW.dll
0x000007fe7d1b0000 - 0x000007fe7d1b8000 	C:\WINDOWS\SYSTEM32\DCIMAN32.dll
0x000007fe7d2d0000 - 0x000007fe7d339000 	C:\WINDOWS\SYSTEM32\oleacc.dll
0x00000000687d0000 - 0x00000000687fa000 	F:\Program Files\Java\Jre7\bin\dcpr.dll

VM Arguments:
jvm_args: -Dfile.encoding=Cp1252 
java_command: emcscanner.kth.se.Program
Launcher Type: SUN_STANDARD

Environment Variables:
PATH=C:\Program Files (x86)\NVIDIA Corporation\PhysX\Common;C:\WINDOWS\system32;C:\WINDOWS;C:\WINDOWS\System32\Wbem;C:\WINDOWS\System32\WindowsPowerShell\v1.0\;C:\Program Files (x86)\Microsoft SQL Server\90\Tools\binn\;C:\Program Files (x86)\Autodesk\Backburner\;F:\Program Files\MATLAB\R2012a\runtime\win64;F:\Program Files\MATLAB\R2012a\bin;PROGRAMFILES\Internet Explorer;C:\Program Files\Perforce;F:\Program Files\Perforce;C:\Program Files\Microsoft\Web Platform Installer\;C:\Program Files (x86)\Microsoft ASP.NET\ASP.NET Web Pages\v1.0\;C:\Program Files (x86)\Windows Kits\8.0\Windows Performance Toolkit\;C:\Program Files\Microsoft SQL Server\110\Tools\Binn\;F:\Program Files\Perforce\Server
USERNAME=Jonas
OS=Windows_NT
PROCESSOR_IDENTIFIER=Intel64 Family 6 Model 42 Stepping 7, GenuineIntel



---------------  S Y S T E M  ---------------

OS: Windows 8 , 64 bit Build 9200 

CPU:total 8 (4 cores per cpu, 2 threads per core) family 6 model 42 stepping 7, cmov, cx8, fxsr, mmx, sse, sse2, sse3, ssse3, sse4.1, sse4.2, popcnt, avx, ht, tsc, tscinvbit

Memory: 4k page, physical 16751668k(11333468k free), swap 33528884k(26044136k free)

vm_info: Java HotSpot(TM) 64-Bit Server VM (23.3-b01) for windows-amd64 JRE (1.7.0_07-b11), built on Sep  7 2012 01:19:25 by "java_re" with unknown MS VC++:1600

time: Tue Jan 22 16:37:11 2013
elapsed time: 30 seconds

