#
# A fatal error has been detected by the Java Runtime Environment:
#
#  EXCEPTION_ACCESS_VIOLATION (0xc0000005) at pc=0x000007ffb10cc8d4, pid=9396, tid=3576
#
# JRE version: 7.0_07-b11
# Java VM: Java HotSpot(TM) 64-Bit Server VM (23.3-b01 mixed mode windows-amd64 compressed oops)
# Problematic frame:
# C  [opencv_imgproc243.dll+0x5c8d4]  cv::FilterEngine::~FilterEngine+0x2b74
#
# Failed to write core dump. Minidumps are not enabled by default on client versions of Windows
#
# If you would like to submit a bug report, please visit:
#   http://bugreport.sun.com/bugreport/crash.jsp
# The crash happened outside the Java Virtual Machine in native code.
# See problematic frame for where to report the bug.
#

---------------  T H R E A D  ---------------

Current thread (0x00000000138ce800):  JavaThread "threadDisplayCamera" daemon [_thread_in_native, id=3576, stack(0x000000001a970000,0x000000001aa70000)]

siginfo: ExceptionCode=0xc0000005, writing address 0x000000001a396000

Registers:
RAX=0x0000000000000001, RBX=0x0000000014e6f780, RCX=0x00000000148fd220, RDX=0x00000000148f1e20
RSP=0x000000001aa6e5a0, RBP=0x0000000000001680, RSI=0x0000000014e6f770, RDI=0x0000000000000084
R8 =0x0000000000003900, R9 =0x0000000000000001, R10=0x000000001a396010, R11=0x0000000025334254
R12=0x0000000000000002, R13=0x0000000000000002, R14=0x0000000000001680, R15=0x000000001a3951d0
RIP=0x000007ffb10cc8d4, EFLAGS=0x0000000000010206

Top of Stack: (sp=0x000000001aa6e5a0)
0x000000001aa6e5a0:   0000000000000000 0000000000000000
0x000000001aa6e5b0:   0000000000000000 0000000000000000
0x000000001aa6e5c0:   0000000000000000 0000000000000000
0x000000001aa6e5d0:   00000000148f1e20 0000000014e6f780
0x000000001aa6e5e0:   0000000000001680 000000001a3951d0
0x000000001aa6e5f0:   0000800000000010 000007ffb10e733a
0x000000001aa6e600:   0000000000000040 0000000000008000
0x000000001aa6e610:   0000000000000000 000007ffb10d35a3
0x000000001aa6e620:   0000004025330100 00000000148ec420
0x000000001aa6e630:   0000000000000080 00000000148f1e20
0x000000001aa6e640:   0000000000000003 00000000148f7820
0x000000001aa6e650:   0000000014e6f780 0000000000001680
0x000000001aa6e660:   0000000014b5dfb8 000000005ebfae23
0x000000001aa6e670:   000000001a397ed0 0000000000000003
0x000000001aa6e680:   0000000000000006 0000000024c89000
0x000000001aa6e690:   0000000000000006 000000001aa6e7b0 

Instructions: (pc=0x000007ffb10cc8d4)
0x000007ffb10cc8b4:   c3 66 0f 5b cd 49 83 c2 10 49 83 c0 40 48 ff cf
0x000007ffb10cc8c4:   66 0f 6b d0 66 0f 5b c6 66 0f 6b c8 66 0f 67 d1
0x000007ffb10cc8d4:   f3 41 0f 7f 52 f0 0f 85 f0 fe ff ff 41 8d 46 fc
0x000007ffb10cc8e4:   4c 63 d5 3b e8 0f 8f 4b 02 00 00 2b c5 4b 8d 3c 


Register to memory mapping:

RAX=0x0000000000000001 is an unknown value
RBX=0x0000000014e6f780 is an unknown value
RCX=0x00000000148fd220 is an unknown value
RDX=0x00000000148f1e20 is an unknown value
RSP=0x000000001aa6e5a0 is pointing into the stack for thread: 0x00000000138ce800
RBP=0x0000000000001680 is an unknown value
RSI=0x0000000014e6f770 is an unknown value
RDI=0x0000000000000084 is an unknown value
R8 =0x0000000000003900 is an unknown value
R9 =0x0000000000000001 is an unknown value
R10=0x000000001a396010 is an unknown value
R11=0x0000000025334254 is an unknown value
R12=0x0000000000000002 is an unknown value
R13=0x0000000000000002 is an unknown value
R14=0x0000000000001680 is an unknown value
R15=0x000000001a3951d0 is an unknown value


Stack: [0x000000001a970000,0x000000001aa70000],  sp=0x000000001aa6e5a0,  free space=1017k
Native frames: (J=compiled Java code, j=interpreted, Vv=VM code, C=native code)
C  [opencv_imgproc243.dll+0x5c8d4]  cv::FilterEngine::~FilterEngine+0x2b74

[error occurred during error reporting (printing native stack), id 0xc0000005]

Java frames: (J=compiled Java code, j=interpreted, Vv=VM code)
j  com.googlecode.javacv.cpp.opencv_imgproc.cvSmooth(Lcom/googlecode/javacv/cpp/opencv_core$CvArr;Lcom/googlecode/javacv/cpp/opencv_core$CvArr;IIIDD)V+0
j  com.googlecode.javacv.cpp.opencv_imgproc.cvSmooth(Lcom/googlecode/javacv/cpp/opencv_core$CvArr;Lcom/googlecode/javacv/cpp/opencv_core$CvArr;II)V+7
j  emcscanner.kth.se.CameraPanel$1.run()V+64
v  ~StubRoutines::call_stub

---------------  P R O C E S S  ---------------

Java Threads: ( => current thread )
  0x0000000014d42000 JavaThread "Thread-0" daemon [_thread_in_native, id=5760, stack(0x00000000173d0000,0x00000000174d0000)]
  0x0000000014d40800 JavaThread "ICEpdf-pagePainter" daemon [_thread_blocked, id=5568, stack(0x0000000029e40000,0x0000000029f40000)]
  0x0000000014d3d800 JavaThread "ICEpdf-pageInitializer" daemon [_thread_blocked, id=9736, stack(0x0000000029c10000,0x0000000029d10000)]
  0x0000000014d3f800 JavaThread "DestroyJavaVM" [_thread_blocked, id=9072, stack(0x0000000002530000,0x0000000002630000)]
  0x0000000014d43800 JavaThread "TimerQueue" daemon [_thread_blocked, id=9076, stack(0x0000000025c00000,0x0000000025d00000)]
  0x0000000014841000 JavaThread "threadDisplayDensity" daemon [_thread_blocked, id=4884, stack(0x0000000020f20000,0x0000000021020000)]
  0x0000000013ab8000 JavaThread "AWT-EventQueue-0" [_thread_blocked, id=9300, stack(0x000000001f340000,0x000000001f440000)]
  0x0000000013ab7800 JavaThread "threadDisplay" daemon [_thread_blocked, id=10116, stack(0x000000001e820000,0x000000001e920000)]
  0x0000000013ab5800 JavaThread "threadDisplay" daemon [_thread_in_Java, id=8252, stack(0x000000001d0e0000,0x000000001d1e0000)]
  0x00000000139bc000 JavaThread "AWT-Shutdown" [_thread_blocked, id=3464, stack(0x000000001aa70000,0x000000001ab70000)]
=>0x00000000138ce800 JavaThread "threadDisplayCamera" daemon [_thread_in_native, id=3576, stack(0x000000001a970000,0x000000001aa70000)]
  0x00000000138cf000 JavaThread "AWT-Windows" daemon [_thread_in_native, id=8528, stack(0x00000000141b0000,0x00000000142b0000)]
  0x00000000137b9800 JavaThread "Java2D Disposer" daemon [_thread_blocked, id=704, stack(0x0000000013fb0000,0x00000000140b0000)]
  0x00000000111c4800 JavaThread "Service Thread" daemon [_thread_blocked, id=6916, stack(0x00000000135b0000,0x00000000136b0000)]
  0x00000000111c1800 JavaThread "C2 CompilerThread1" daemon [_thread_blocked, id=8860, stack(0x00000000134b0000,0x00000000135b0000)]
  0x00000000111b9000 JavaThread "C2 CompilerThread0" daemon [_thread_blocked, id=4644, stack(0x00000000133b0000,0x00000000134b0000)]
  0x00000000111b8000 JavaThread "Attach Listener" daemon [_thread_blocked, id=10164, stack(0x00000000132b0000,0x00000000133b0000)]
  0x00000000111ab000 JavaThread "Signal Dispatcher" daemon [_thread_blocked, id=9192, stack(0x00000000131b0000,0x00000000132b0000)]
  0x000000001114e800 JavaThread "Finalizer" daemon [_thread_blocked, id=7568, stack(0x00000000130b0000,0x00000000131b0000)]
  0x0000000011147000 JavaThread "Reference Handler" daemon [_thread_blocked, id=9220, stack(0x0000000012fb0000,0x00000000130b0000)]

Other Threads:
  0x0000000011142000 VMThread [stack: 0x0000000012eb0000,0x0000000012fb0000] [id=2544]
  0x00000000111e1000 WatcherThread [stack: 0x00000000136b0000,0x00000000137b0000] [id=9952]

VM state:not at safepoint (normal execution)

VM Mutex/Monitor currently owned by a thread: None

Heap
 PSYoungGen      total 597696K, used 56572K [0x00000007aacb0000, 0x00000007da210000, 0x0000000800000000)
  eden space 564736K, 5% used [0x00000007aacb0000,0x00000007acd9eef0,0x00000007cd430000)
  from space 32960K, 69% used [0x00000007cd430000,0x00000007cea80120,0x00000007cf460000)
  to   space 32192K, 0% used [0x00000007d82a0000,0x00000007d82a0000,0x00000007da210000)
 ParOldGen       total 201664K, used 32393K [0x0000000700600000, 0x000000070caf0000, 0x00000007aacb0000)
  object space 201664K, 16% used [0x0000000700600000,0x00000007025a26a0,0x000000070caf0000)
 PSPermGen       total 39744K, used 18146K [0x00000006fb400000, 0x00000006fdad0000, 0x0000000700600000)
  object space 39744K, 45% used [0x00000006fb400000,0x00000006fc5b8908,0x00000006fdad0000)

Card table byte_map: [0x0000000005730000,0x0000000005f60000] byte_map_base: 0x0000000001f56000

Polling page: 0x00000000023b0000

Code Cache  [0x0000000002730000, 0x00000000029a0000, 0x0000000005730000)
 total_blobs=891 nmethods=302 adapters=540 free_code_cache=47808Kb largest_free_block=48887424

Compilation events (10 events):
Event: 10.983 Thread 0x00000000111c1800  311             java.awt.Component::getHeight (5 bytes)
Event: 10.983 Thread 0x00000000111b9000  312             javax.swing.JComponent::getFlag (20 bytes)
Event: 10.983 Thread 0x00000000111c1800 nmethod 311 0x000000000282a750 code [0x000000000282a880, 0x000000000282a8d8]
Event: 10.983 Thread 0x00000000111b9000 nmethod 312 0x000000000282a550 code [0x000000000282a680, 0x000000000282a6f8]
Event: 11.124 Thread 0x00000000111c1800  313             javax.swing.JComponent::getWidth (5 bytes)
Event: 11.125 Thread 0x00000000111c1800 nmethod 313 0x000000000282a350 code [0x000000000282a480, 0x000000000282a4d8]
Event: 11.249 Thread 0x00000000111b9000  314             javax.swing.JComponent::getHeight (5 bytes)
Event: 11.249 Thread 0x00000000111b9000 nmethod 314 0x000000000285d210 code [0x000000000285d340, 0x000000000285d398]
Event: 11.516 Thread 0x00000000111c1800  315             java.awt.Component::getFont_NoClientCode (29 bytes)
Event: 11.516 Thread 0x00000000111c1800 nmethod 315 0x000000000285cf10 code [0x000000000285d060, 0x000000000285d128]

GC Heap History (10 events):
Event: 7.848 GC heap before
{Heap before GC invocations=10 (full 2):
 PSYoungGen      total 458752K, used 458751K [0x00000007aacb0000, 0x00000007cddd0000, 0x0000000800000000)
  eden space 430272K, 100% used [0x00000007aacb0000,0x00000007c50e0000,0x00000007c50e0000)
  from space 28480K, 99% used [0x00000007cc200000,0x00000007cddcfe40,0x00000007cddd0000)
  to   space 31232K, 0% used [0x00000007ca0d0000,0x00000007ca0d0000,0x00000007cbf50000)
 ParOldGen       total 168512K, used 167585K [0x0000000700600000, 0x000000070aa90000, 0x00000007aacb0000)
  object space 168512K, 99% used [0x0000000700600000,0x000000070a9a8528,0x000000070aa90000)
 PSPermGen       total 36608K, used 18057K [0x00000006fb400000, 0x00000006fd7c0000, 0x0000000700600000)
  object space 36608K, 49% used [0x00000006fb400000,0x00000006fc5a2690,0x00000006fd7c0000)
Event: 7.876 GC heap after
Heap after GC invocations=10 (full 2):
 PSYoungGen      total 458752K, used 0K [0x00000007aacb0000, 0x00000007cddd0000, 0x0000000800000000)
  eden space 430272K, 0% used [0x00000007aacb0000,0x00000007aacb0000,0x00000007c50e0000)
  from space 28480K, 0% used [0x00000007cc200000,0x00000007cc200000,0x00000007cddd0000)
  to   space 31232K, 0% used [0x00000007ca0d0000,0x00000007ca0d0000,0x00000007cbf50000)
 ParOldGen       total 165248K, used 26295K [0x0000000700600000, 0x000000070a760000, 0x00000007aacb0000)
  object space 165248K, 15% used [0x0000000700600000,0x0000000701fadd70,0x000000070a760000)
 PSPermGen       total 40896K, used 18057K [0x00000006fb400000, 0x00000006fdbf0000, 0x0000000700600000)
  object space 40896K, 44% used [0x00000006fb400000,0x00000006fc5a2690,0x00000006fdbf0000)
}
Event: 8.783 GC heap before
{Heap before GC invocations=11 (full 2):
 PSYoungGen      total 458752K, used 429620K [0x00000007aacb0000, 0x00000007cddd0000, 0x0000000800000000)
  eden space 430272K, 99% used [0x00000007aacb0000,0x00000007c503d388,0x00000007c50e0000)
  from space 28480K, 0% used [0x00000007cc200000,0x00000007cc200000,0x00000007cddd0000)
  to   space 31232K, 0% used [0x00000007ca0d0000,0x00000007ca0d0000,0x00000007cbf50000)
 ParOldGen       total 165248K, used 34395K [0x0000000700600000, 0x000000070a760000, 0x00000007aacb0000)
  object space 165248K, 20% used [0x0000000700600000,0x0000000702796d90,0x000000070a760000)
 PSPermGen       total 40896K, used 18064K [0x00000006fb400000, 0x00000006fdbf0000, 0x0000000700600000)
  object space 40896K, 44% used [0x00000006fb400000,0x00000006fc5a4100,0x00000006fdbf0000)
Event: 8.788 GC heap after
Heap after GC invocations=11 (full 2):
 PSYoungGen      total 543360K, used 17342K [0x00000007aacb0000, 0x00000007d1350000, 0x0000000800000000)
  eden space 512128K, 0% used [0x00000007aacb0000,0x00000007aacb0000,0x00000007ca0d0000)
  from space 31232K, 55% used [0x00000007ca0d0000,0x00000007cb1bf880,0x00000007cbf50000)
  to   space 31680K, 0% used [0x00000007cf460000,0x00000007cf460000,0x00000007d1350000)
 ParOldGen       total 165248K, used 34395K [0x0000000700600000, 0x000000070a760000, 0x00000007aacb0000)
  object space 165248K, 20% used [0x0000000700600000,0x0000000702796d90,0x000000070a760000)
 PSPermGen       total 40896K, used 18064K [0x00000006fb400000, 0x00000006fdbf0000, 0x0000000700600000)
  object space 40896K, 44% used [0x00000006fb400000,0x00000006fc5a4100,0x00000006fdbf0000)
}
Event: 10.082 GC heap before
{Heap before GC invocations=12 (full 3):
 PSYoungGen      total 543360K, used 529470K [0x00000007aacb0000, 0x00000007d1350000, 0x0000000800000000)
  eden space 512128K, 100% used [0x00000007aacb0000,0x00000007ca0d0000,0x00000007ca0d0000)
  from space 31232K, 55% used [0x00000007ca0d0000,0x00000007cb1bf880,0x00000007cbf50000)
  to   space 31680K, 0% used [0x00000007cf460000,0x00000007cf460000,0x00000007d1350000)
 ParOldGen       total 165248K, used 145265K [0x0000000700600000, 0x000000070a760000, 0x00000007aacb0000)
  object space 165248K, 87% used [0x0000000700600000,0x00000007093dc480,0x000000070a760000)
 PSPermGen       total 40896K, used 18077K [0x00000006fb400000, 0x00000006fdbf0000, 0x0000000700600000)
  object space 40896K, 44% used [0x00000006fb400000,0x00000006fc5a74d8,0x00000006fdbf0000)
Event: 10.114 GC heap after
Heap after GC invocations=12 (full 3):
 PSYoungGen      total 543360K, used 0K [0x00000007aacb0000, 0x00000007d1350000, 0x0000000800000000)
  eden space 512128K, 0% used [0x00000007aacb0000,0x00000007aacb0000,0x00000007ca0d0000)
  from space 31232K, 0% used [0x00000007ca0d0000,0x00000007ca0d0000,0x00000007cbf50000)
  to   space 31680K, 0% used [0x00000007cf460000,0x00000007cf460000,0x00000007d1350000)
 ParOldGen       total 201664K, used 26318K [0x0000000700600000, 0x000000070caf0000, 0x00000007aacb0000)
  object space 201664K, 13% used [0x0000000700600000,0x0000000701fb3a90,0x000000070caf0000)
 PSPermGen       total 39744K, used 18077K [0x00000006fb400000, 0x00000006fdad0000, 0x0000000700600000)
  object space 39744K, 45% used [0x00000006fb400000,0x00000006fc5a7498,0x00000006fdad0000)
}
Event: 11.188 GC heap before
{Heap before GC invocations=13 (full 3):
 PSYoungGen      total 543360K, used 511447K [0x00000007aacb0000, 0x00000007d1350000, 0x0000000800000000)
  eden space 512128K, 99% used [0x00000007aacb0000,0x00000007ca025de8,0x00000007ca0d0000)
  from space 31232K, 0% used [0x00000007ca0d0000,0x00000007ca0d0000,0x00000007cbf50000)
  to   space 31680K, 0% used [0x00000007cf460000,0x00000007cf460000,0x00000007d1350000)
 ParOldGen       total 201664K, used 26318K [0x0000000700600000, 0x000000070caf0000, 0x00000007aacb0000)
  object space 201664K, 13% used [0x0000000700600000,0x0000000701fb3a90,0x000000070caf0000)
 PSPermGen       total 39744K, used 18095K [0x00000006fb400000, 0x00000006fdad0000, 0x0000000700600000)
  object space 39744K, 45% used [0x00000006fb400000,0x00000006fc5abef0,0x00000006fdad0000)
Event: 11.196 GC heap after
Heap after GC invocations=13 (full 3):
 PSYoungGen      total 596416K, used 28923K [0x00000007aacb0000, 0x00000007d6a40000, 0x0000000800000000)
  eden space 564736K, 0% used [0x00000007aacb0000,0x00000007aacb0000,0x00000007cd430000)
  from space 31680K, 91% used [0x00000007cf460000,0x00000007d109ed10,0x00000007d1350000)
  to   space 32960K, 0% used [0x00000007cd430000,0x00000007cd430000,0x00000007cf460000)
 ParOldGen       total 201664K, used 32393K [0x0000000700600000, 0x000000070caf0000, 0x00000007aacb0000)
  object space 201664K, 16% used [0x0000000700600000,0x00000007025a26a0,0x000000070caf0000)
 PSPermGen       total 39744K, used 18095K [0x00000006fb400000, 0x00000006fdad0000, 0x0000000700600000)
  object space 39744K, 45% used [0x00000006fb400000,0x00000006fc5abef0,0x00000006fdad0000)
}
Event: 12.286 GC heap before
{Heap before GC invocations=14 (full 3):
 PSYoungGen      total 596416K, used 590032K [0x00000007aacb0000, 0x00000007d6a40000, 0x0000000800000000)
  eden space 564736K, 99% used [0x00000007aacb0000,0x00000007cd0a5408,0x00000007cd430000)
  from space 31680K, 91% used [0x00000007cf460000,0x00000007d109ed10,0x00000007d1350000)
  to   space 32960K, 0% used [0x00000007cd430000,0x00000007cd430000,0x00000007cf460000)
 ParOldGen       total 201664K, used 32393K [0x0000000700600000, 0x000000070caf0000, 0x00000007aacb0000)
  object space 201664K, 16% used [0x0000000700600000,0x00000007025a26a0,0x000000070caf0000)
 PSPermGen       total 39744K, used 18119K [0x00000006fb400000, 0x00000006fdad0000, 0x0000000700600000)
  object space 39744K, 45% used [0x00000006fb400000,0x00000006fc5b1d50,0x00000006fdad0000)
Event: 12.293 GC heap after
Heap after GC invocations=14 (full 3):
 PSYoungGen      total 597696K, used 22848K [0x00000007aacb0000, 0x00000007da210000, 0x0000000800000000)
  eden space 564736K, 0% used [0x00000007aacb0000,0x00000007aacb0000,0x00000007cd430000)
  from space 32960K, 69% used [0x00000007cd430000,0x00000007cea80120,0x00000007cf460000)
  to   space 32192K, 0% used [0x00000007d82a0000,0x00000007d82a0000,0x00000007da210000)
 ParOldGen       total 201664K, used 32393K [0x0000000700600000, 0x000000070caf0000, 0x00000007aacb0000)
  object space 201664K, 16% used [0x0000000700600000,0x00000007025a26a0,0x000000070caf0000)
 PSPermGen       total 39744K, used 18119K [0x00000006fb400000, 0x00000006fdad0000, 0x0000000700600000)
  object space 39744K, 45% used [0x00000006fb400000,0x00000006fc5b1d50,0x00000006fdad0000)
}

Deoptimization events (10 events):
Event: 3.385 Thread 0x000000000252e000 Uncommon trap 43 fr.pc 0x00000000027f8014
Event: 3.539 Thread 0x000000000252e000 Uncommon trap -122 fr.pc 0x00000000027f5784
Event: 3.891 Thread 0x0000000013ab8000 Uncommon trap -83 fr.pc 0x00000000027fbc44
Event: 3.975 Thread 0x0000000014d3d800 Uncommon trap -83 fr.pc 0x00000000028007f4
Event: 4.022 Thread 0x0000000014d3d800 Uncommon trap -83 fr.pc 0x00000000027fb884
Event: 4.041 Thread 0x0000000014d3d800 Uncommon trap -83 fr.pc 0x00000000027cfae8
Event: 4.109 Thread 0x0000000014d3d800 Uncommon trap -83 fr.pc 0x0000000002832c88
Event: 4.139 Thread 0x0000000014d3d800 Uncommon trap -83 fr.pc 0x000000000281f998
Event: 4.376 Thread 0x0000000014d40800 Uncommon trap -83 fr.pc 0x000000000285e23c
Event: 10.482 Thread 0x0000000013ab8000 Uncommon trap -12 fr.pc 0x000000000288de7c

Internal exceptions (10 events):
Event: 4.204 Thread 0x0000000014d3d800 Threw 0x00000007ac38cd58 at C:\jdk7u1_64p\jdk7u7\hotspot\src\share\vm\prims\jvm.cpp:1166
Event: 4.204 Thread 0x0000000014d3d800 Threw 0x00000007ac38fc78 at C:\jdk7u1_64p\jdk7u7\hotspot\src\share\vm\prims\jvm.cpp:1166
Event: 4.206 Thread 0x0000000014d3d800 Threw 0x00000007ac3a00e0 at C:\jdk7u1_64p\jdk7u7\hotspot\src\share\vm\prims\jvm.cpp:1166
Event: 4.206 Thread 0x0000000014d3d800 Threw 0x00000007ac3a3000 at C:\jdk7u1_64p\jdk7u7\hotspot\src\share\vm\prims\jvm.cpp:1166
Event: 4.207 Thread 0x0000000014d3d800 Threw 0x00000007ac3a61b0 at C:\jdk7u1_64p\jdk7u7\hotspot\src\share\vm\prims\jvm.cpp:1166
Event: 4.207 Thread 0x0000000014d3d800 Threw 0x00000007ac3a90d0 at C:\jdk7u1_64p\jdk7u7\hotspot\src\share\vm\prims\jvm.cpp:1166
Event: 4.346 Thread 0x0000000014d40800 Threw 0x00000007aeaddd40 at C:\jdk7u1_64p\jdk7u7\hotspot\src\share\vm\prims\jvm.cpp:1166
Event: 4.351 Thread 0x0000000014d40800 Threw 0x00000007aeaee5d0 at C:\jdk7u1_64p\jdk7u7\hotspot\src\share\vm\prims\jvm.cpp:1166
Event: 4.552 Thread 0x0000000014d40800 Threw 0x00000007b297b5d8 at C:\jdk7u1_64p\jdk7u7\hotspot\src\share\vm\prims\jvm.cpp:1166
Event: 10.482 Thread 0x0000000013ab8000 Implicit null exception at 0x000000000288db40 to 0x000000000288de71

Events (10 events):
Event: 11.550 loading class 0x0000000014e42aa0
Event: 11.550 loading class 0x0000000014e42aa0 done
Event: 11.550 loading class 0x0000000013b2cfa0
Event: 11.550 loading class 0x0000000014e6ba60
Event: 11.550 loading class 0x0000000014e6ba60 done
Event: 11.550 loading class 0x0000000013b2cfa0 done
Event: 11.550 loading class 0x00000000111e5150
Event: 11.550 loading class 0x00000000111e5150 done
Event: 12.286 Executing VM operation: ParallelGCFailedAllocation
Event: 12.293 Executing VM operation: ParallelGCFailedAllocation done


Dynamic libraries:
0x000007f798e80000 - 0x000007f798eb4000 	F:\Program Files\Java\Jre7\bin\javaw.exe
0x000007ffd0010000 - 0x000007ffd01ce000 	C:\WINDOWS\SYSTEM32\ntdll.dll
0x000007ffcd650000 - 0x000007ffcd786000 	C:\WINDOWS\system32\KERNEL32.DLL
0x000007ffcd360000 - 0x000007ffcd453000 	C:\WINDOWS\system32\KERNELBASE.dll
0x000007ffcdad0000 - 0x000007ffcdbae000 	C:\WINDOWS\system32\ADVAPI32.dll
0x000007ffcf8a0000 - 0x000007ffcf9ec000 	C:\WINDOWS\system32\USER32.dll
0x000007ffca740000 - 0x000007ffca9a9000 	C:\WINDOWS\WinSxS\amd64_microsoft.windows.common-controls_6595b64144ccf1df_6.0.9200.16384_none_418c2a697189c07f\COMCTL32.dll
0x000007ffcd940000 - 0x000007ffcd9e5000 	C:\WINDOWS\system32\msvcrt.dll
0x000007ffcd460000 - 0x000007ffcd4a8000 	C:\WINDOWS\SYSTEM32\sechost.dll
0x000007ffcf760000 - 0x000007ffcf8a0000 	C:\WINDOWS\system32\RPCRT4.dll
0x000007ffcdec0000 - 0x000007ffce000000 	C:\WINDOWS\system32\GDI32.dll
0x000007ffcda90000 - 0x000007ffcdac9000 	C:\WINDOWS\system32\IMM32.DLL
0x000007ffcf9f0000 - 0x000007ffcfb05000 	C:\WINDOWS\system32\MSCTF.dll
0x000007ffccf00000 - 0x000007ffccf08000 	C:\PROGRA~2\NVIDIA~1\3DVISI~1\NVSTIN~1.DLL
0x000007ffcda80000 - 0x000007ffcda87000 	C:\WINDOWS\system32\PSAPI.DLL
0x0000000061700000 - 0x00000000617a3000 	C:\WINDOWS\WinSxS\amd64_microsoft.vc90.crt_1fc8b3b9a1e18e3b_9.0.30729.6871_none_08e717a5a83adddf\MSVCR90.dll
0x000000005f150000 - 0x000000005f221000 	F:\Program Files\Java\Jre7\bin\msvcr100.dll
0x000000005ea30000 - 0x000000005f14f000 	F:\Program Files\Java\Jre7\bin\server\jvm.dll
0x000007ffc53f0000 - 0x000007ffc53f9000 	C:\WINDOWS\SYSTEM32\WSOCK32.dll
0x000007ffca070000 - 0x000007ffca090000 	C:\WINDOWS\SYSTEM32\WINMM.dll
0x000007ffcffb0000 - 0x000007ffd0008000 	C:\WINDOWS\system32\WS2_32.dll
0x000007ffc9f70000 - 0x000007ffc9fa2000 	C:\WINDOWS\SYSTEM32\WINMMBASE.dll
0x000007ffcfb10000 - 0x000007ffcfb19000 	C:\WINDOWS\system32\NSI.dll
0x000000005ea20000 - 0x000000005ea2f000 	F:\Program Files\Java\Jre7\bin\verify.dll
0x000000005e9f0000 - 0x000000005ea18000 	F:\Program Files\Java\Jre7\bin\java.dll
0x000000005e9d0000 - 0x000000005e9e5000 	F:\Program Files\Java\Jre7\bin\zip.dll
0x000000005e7c0000 - 0x000000005e953000 	F:\Program Files\Java\Jre7\bin\awt.dll
0x000007ffcdbb0000 - 0x000007ffcdc73000 	C:\WINDOWS\system32\OLEAUT32.dll
0x000007ffcd790000 - 0x000007ffcd940000 	C:\WINDOWS\system32\combase.dll
0x000007ffc7130000 - 0x000007ffc71cf000 	C:\WINDOWS\system32\apphelp.dll
0x000007ffcbd00000 - 0x000007ffcbde3000 	C:\WINDOWS\system32\uxtheme.dll
0x000007ffc71e0000 - 0x000007ffc7275000 	C:\Program Files\Common Files\microsoft shared\ink\tiptsf.dll
0x000007ffcae20000 - 0x000007ffcae41000 	C:\WINDOWS\SYSTEM32\dwmapi.dll
0x000007ffce000000 - 0x000007ffce17e000 	C:\WINDOWS\system32\ole32.dll
0x000007ffccd70000 - 0x000007ffccd7a000 	C:\WINDOWS\SYSTEM32\CRYPTBASE.dll
0x000007ffcccf0000 - 0x000007ffccd4c000 	C:\WINDOWS\SYSTEM32\bcryptPrimitives.dll
0x000007ffce470000 - 0x000007ffcf758000 	C:\WINDOWS\system32\SHELL32.dll
0x000007ffcff60000 - 0x000007ffcffb0000 	C:\WINDOWS\system32\SHLWAPI.dll
0x000007ffcc0d0000 - 0x000007ffcc166000 	C:\WINDOWS\SYSTEM32\shcore.dll
0x00000000605d0000 - 0x0000000060668000 	C:\Windows\System32\msvcp100.dll
0x000007ffb2c00000 - 0x000007ffb2e58000 	C:\opencv\build\x64\vc10\bin\opencv_core243.dll
0x000007ffb8730000 - 0x000007ffb87c5000 	C:\Users\Jonas\AppData\Local\Temp\javacpp169829625395317\jniopencv_core.dll
0x000007ffb1070000 - 0x000007ffb1315000 	C:\opencv\build\x64\vc10\bin\opencv_imgproc243.dll
0x000007ffc6860000 - 0x000007ffc68a8000 	C:\Users\Jonas\AppData\Local\Temp\javacpp169829625395317\jniopencv_imgproc.dll
0x0000000066840000 - 0x00000000675ca000 	C:\opencv\build\x64\vc10\bin\opencv_ffmpeg243_64.dll
0x000007ffb0e20000 - 0x000007ffb106b000 	C:\opencv\build\x64\vc10\bin\opencv_highgui243.dll
0x000007ffc6840000 - 0x000007ffc6860000 	C:\WINDOWS\SYSTEM32\AVIFIL32.dll
0x000007ffc69e0000 - 0x000007ffc6a09000 	C:\WINDOWS\SYSTEM32\MSVFW32.dll
0x000007ffc6a10000 - 0x000007ffc6a27000 	C:\WINDOWS\SYSTEM32\AVICAP32.dll
0x000007ffba340000 - 0x000007ffba359000 	C:\WINDOWS\SYSTEM32\MSACM32.dll
0x000007ffcacb0000 - 0x000007ffcacb9000 	C:\WINDOWS\SYSTEM32\VERSION.dll
0x000007ffc6820000 - 0x000007ffc6833000 	C:\Users\Jonas\AppData\Local\Temp\javacpp169829625395317\jniopencv_highgui.dll
0x000007ffce1b0000 - 0x000007ffce246000 	C:\WINDOWS\SYSTEM32\clbcatq.dll
0x000007ffc67b0000 - 0x000007ffc67c7000 	C:\Windows\System32\devenum.dll
0x000007ffcdc80000 - 0x000007ffcde50000 	C:\WINDOWS\system32\setupapi.dll
0x000007ffcd020000 - 0x000007ffcd06f000 	C:\WINDOWS\system32\CFGMGR32.dll
0x000007ffccff0000 - 0x000007ffcd012000 	C:\WINDOWS\system32\DEVOBJ.dll
0x000007ffc5fd0000 - 0x000007ffc5ffe000 	C:\WINDOWS\SYSTEM32\ntmarta.dll
0x000007ffcd070000 - 0x000007ffcd0c5000 	C:\WINDOWS\system32\WINTRUST.dll
0x000007ffcd0d0000 - 0x000007ffcd2a7000 	C:\WINDOWS\system32\CRYPT32.dll
0x000007ffccfd0000 - 0x000007ffccfe6000 	C:\WINDOWS\system32\MSASN1.dll
0x000007ffc7800000 - 0x000007ffc780d000 	C:\WINDOWS\SYSTEM32\msdmo.dll
0x000007ffc6780000 - 0x000007ffc67af000 	C:\Windows\System32\qcap.dll
0x000007ffb2a40000 - 0x000007ffb2bf8000 	C:\Windows\System32\quartz.dll
0x000007ffc4200000 - 0x000007ffc423f000 	C:\Windows\System32\ksproxy.ax
0x000007ffba390000 - 0x000007ffba397000 	C:\Windows\System32\ksuser.dll
0x000007ffbbc60000 - 0x000007ffbbe60000 	C:\Windows\System32\d3d9.dll
0x000007ffc7080000 - 0x000007ffc708c000 	C:\Windows\System32\vidcap.ax
0x000007ffc60b0000 - 0x000007ffc60d4000 	C:\Windows\System32\kswdmcap.ax
0x000007ffb1960000 - 0x000007ffb1ab4000 	C:\Windows\System32\MFC42.dll
0x000007ffb6010000 - 0x000007ffb60ce000 	C:\Windows\System32\ODBC32.dll
0x000007ffb7f20000 - 0x000007ffb7fb5000 	C:\Windows\System32\qedit.dll
0x000007ffcfeb0000 - 0x000007ffcff51000 	C:\WINDOWS\system32\COMDLG32.dll
0x000007ffcd4b0000 - 0x000007ffcd650000 	C:\WINDOWS\WinSxS\amd64_microsoft.windows.gdiplus_6595b64144ccf1df_1.1.9200.16384_none_72771d4ecc1c3a4d\gdiplus.dll
0x000007ffb38f0000 - 0x000007ffb39da000 	C:\WINDOWS\SYSTEM32\DDRAW.dll
0x000007ffc7970000 - 0x000007ffc7978000 	C:\WINDOWS\SYSTEM32\DCIMAN32.dll
0x000000005e780000 - 0x000000005e7b4000 	F:\Program Files\Java\Jre7\bin\fontmanager.dll
0x000007ffb4b50000 - 0x000007ffb5cd0000 	C:\WINDOWS\SYSTEM32\nvd3dumx.dll
0x000007ffccdf0000 - 0x000007ffcce33000 	C:\WINDOWS\SYSTEM32\powrprof.dll
0x0000000180000000 - 0x0000000180116000 	C:\Program Files (x86)\NVIDIA Corporation\3D Vision\nvSCPAPI64.dll
0x000007ffca330000 - 0x000007ffca3a4000 	C:\WINDOWS\SYSTEM32\dxgi.dll
0x000007ffc9a40000 - 0x000007ffc9d02000 	C:\WINDOWS\SYSTEM32\nvapi64.dll
0x000007ffc9f50000 - 0x000007ffc9f6f000 	C:\WINDOWS\SYSTEM32\DXGIDebug.dll
0x000000005e9b0000 - 0x000000005e9c9000 	F:\Program Files\Java\Jre7\bin\net.dll
0x000007ffcc760000 - 0x000007ffcc7bc000 	C:\WINDOWS\system32\mswsock.dll
0x000000005e990000 - 0x000000005e9a1000 	F:\Program Files\Java\Jre7\bin\nio.dll
0x000000005e730000 - 0x000000005e771000 	F:\Program Files\Java\Jre7\bin\t2k.dll
0x000007ffca9b0000 - 0x000007ffcab3a000 	C:\WINDOWS\SYSTEM32\WindowsCodecs.dll
0x000007ffccf20000 - 0x000007ffccf35000 	C:\WINDOWS\SYSTEM32\profapi.dll
0x000007ffc8ca0000 - 0x000007ffc8d09000 	C:\WINDOWS\SYSTEM32\oleacc.dll
0x000000005e700000 - 0x000000005e72a000 	F:\Program Files\Java\Jre7\bin\dcpr.dll
0x000007ffb60d0000 - 0x000007ffb6233000 	C:\WINDOWS\SYSTEM32\dbghelp.dll

VM Arguments:
jvm_args: -Dfile.encoding=Cp1252 
java_command: emcscanner.kth.se.Program
Launcher Type: SUN_STANDARD

Environment Variables:
PATH=C:\Program Files (x86)\NVIDIA Corporation\PhysX\Common;C:\WINDOWS\system32;C:\WINDOWS;C:\WINDOWS\System32\Wbem;C:\WINDOWS\System32\WindowsPowerShell\v1.0\;C:\Program Files (x86)\Microsoft SQL Server\90\Tools\binn\;C:\Program Files (x86)\Autodesk\Backburner\;F:\Program Files\MATLAB\R2012a\runtime\win64;F:\Program Files\MATLAB\R2012a\bin;PROGRAMFILES\Internet Explorer;C:\Program Files\Perforce;F:\Program Files\Perforce;C:\Program Files\Microsoft\Web Platform Installer\;C:\Program Files (x86)\Microsoft ASP.NET\ASP.NET Web Pages\v1.0\;C:\Program Files (x86)\Windows Kits\8.0\Windows Performance Toolkit\;C:\Program Files\Microsoft SQL Server\110\Tools\Binn\;F:\Program Files\Perforce\Server
USERNAME=Jonas
OS=Windows_NT
PROCESSOR_IDENTIFIER=Intel64 Family 6 Model 42 Stepping 7, GenuineIntel



---------------  S Y S T E M  ---------------

OS: Windows 8 , 64 bit Build 9200 

CPU:total 8 (4 cores per cpu, 2 threads per core) family 6 model 42 stepping 7, cmov, cx8, fxsr, mmx, sse, sse2, sse3, ssse3, sse4.1, sse4.2, popcnt, avx, ht, tsc, tscinvbit

Memory: 4k page, physical 16751668k(10850140k free), swap 33528884k(25032540k free)

vm_info: Java HotSpot(TM) 64-Bit Server VM (23.3-b01) for windows-amd64 JRE (1.7.0_07-b11), built on Sep  7 2012 01:19:25 by "java_re" with unknown MS VC++:1600

time: Wed Feb 06 15:52:30 2013
elapsed time: 12 seconds

