#
# A fatal error has been detected by the Java Runtime Environment:
#
#  EXCEPTION_ACCESS_VIOLATION (0xc0000005) at pc=0x00000000027db37a, pid=5560, tid=3352
#
# JRE version: 7.0_07-b11
# Java VM: Java HotSpot(TM) 64-Bit Server VM (23.3-b01 mixed mode windows-amd64 compressed oops)
# Problematic frame:
# J  com.googlecode.javacv.cpp.opencv_core$IplImage.flipCopyWithGamma(Ljava/nio/ByteBuffer;ILjava/nio/ByteBuffer;IZDZI)V
#
# Failed to write core dump. Minidumps are not enabled by default on client versions of Windows
#
# If you would like to submit a bug report, please visit:
#   http://bugreport.sun.com/bugreport/crash.jsp
#

---------------  T H R E A D  ---------------

Current thread (0x000000001398f000):  JavaThread "threadDisplay" daemon [_thread_in_Java, id=3352, stack(0x0000000014110000,0x0000000014210000)]

siginfo: ExceptionCode=0xc0000005, reading address 0x000000001a60a838

Registers:
RAX=0x0000000000000053, RBX=0x00000000005eec00, RCX=0x0000000000000000, RDX=0x000000001a22a050
RSP=0x000000001420ec00, RBP=0x00000007ab29fa88, RSI=0x00000007abf529c0, RDI=0x00000000005eec00
R8 =0x00000000003e07e8, R9 =0x00000000003e07e9, R10=0x000000000000167f, R11=0x00000000005eec00
R12=0x0000000000000000, R13=0x00000000003e07e8, R14=0x0000000000001167, R15=0x000000001398f000
RIP=0x00000000027db37a, EFLAGS=0x0000000000010203

Top of Stack: (sp=0x000000001420ec00)
0x000000001420ec00:   00000000005eec00 00000000005eec00
0x000000001420ec10:   0000000000000000 00000000ffffffff
0x000000001420ec20:   3ff0000000000000 00000007ab29fa48
0x000000001420ec30:   00000007ab29fa88 3ff0000000000000
0x000000001420ec40:   003df68000000000 df6aba82003df680
0x000000001420ec50:   00001680df6c66a9 0000000000001680
0x000000001420ec60:   00000007ab29fab8 00001680ffffffff
0x000000001420ec70:   00000007ab29fa88 00000007ab29fa48
0x000000001420ec80:   00000000f57ea538 00000007abf529c0
0x000000001420ec90:   00000007ab29fa88 00000007ab29fa88
0x000000001420eca0:   000000001420eca0 00000006fb555c47
0x000000001420ecb0:   000000001420ed60 00000000026e61f8
0x000000001420ecc0:   0000000000000000 00000006fb555c58
0x000000001420ecd0:   00000000026e61f8 0000000000000000
0x000000001420ece0:   0000000000000000 3ff0000000000000
0x000000001420ecf0:   0000000000000000 0000000000000000 

Instructions: (pc=0x00000000027db37a)
0x00000000027db35a:   10 44 3b c7 0f 8d 26 01 00 00 45 8b c8 41 ff c1
0x00000000027db36a:   44 89 4d 18 48 8b 6c 24 70 44 8b 6d 18 4d 63 c0
0x00000000027db37a:   42 0f b6 04 02 44 3b eb 0f 8d 32 01 00 00 45 8b
0x00000000027db38a:   cd 44 03 c9 41 ff c5 44 89 6d 18 45 3b cb 0f 83 


Register to memory mapping:

RAX=0x0000000000000053 is an unknown value
RBX=0x00000000005eec00 is an unknown value
RCX=0x0000000000000000 is an unknown value
RDX=0x000000001a22a050 is an unknown value
RSP=0x000000001420ec00 is pointing into the stack for thread: 0x000000001398f000
RBP=0x00000007ab29fa88 is an oop
java.nio.HeapByteBuffer 
 - klass: 'java/nio/HeapByteBuffer'
RSI=0x00000007abf529c0 is an oop
[B 
 - klass: {type array byte}
 - length: 6220800
RDI=0x00000000005eec00 is an unknown value
R8 =0x00000000003e07e8 is an unknown value
R9 =0x00000000003e07e9 is an unknown value
R10=0x000000000000167f is an unknown value
R11=0x00000000005eec00 is an unknown value
R12=0x0000000000000000 is an unknown value
R13=0x00000000003e07e8 is an unknown value
R14=0x0000000000001167 is an unknown value
R15=0x000000001398f000 is a thread


Stack: [0x0000000014110000,0x0000000014210000],  sp=0x000000001420ec00,  free space=1019k
Native frames: (J=compiled Java code, j=interpreted, Vv=VM code, C=native code)
J  com.googlecode.javacv.cpp.opencv_core$IplImage.flipCopyWithGamma(Ljava/nio/ByteBuffer;ILjava/nio/ByteBuffer;IZDZI)V


---------------  P R O C E S S  ---------------

Java Threads: ( => current thread )
  0x000000001121a000 JavaThread "Thread-2" [_thread_in_native, id=4476, stack(0x0000000017270000,0x0000000017370000)]
  0x0000000011218800 JavaThread "Thread-0" daemon [_thread_in_native, id=6904, stack(0x0000000017070000,0x0000000017170000)]
  0x000000001e672800 JavaThread "ICEpdf-pagePainter" daemon [_thread_blocked, id=6188, stack(0x0000000022040000,0x0000000022140000)]
  0x000000001623e800 JavaThread "ICEpdf-pageInitializer" daemon [_thread_blocked, id=4820, stack(0x0000000021e10000,0x0000000021f10000)]
  0x00000000025de000 JavaThread "DestroyJavaVM" [_thread_blocked, id=4560, stack(0x00000000024a0000,0x00000000025a0000)]
  0x00000000162e4000 JavaThread "TimerQueue" daemon [_thread_blocked, id=7192, stack(0x000000001d1b0000,0x000000001d2b0000)]
  0x0000000016203000 JavaThread "AWT-EventQueue-0" [_thread_blocked, id=4856, stack(0x000000001d0b0000,0x000000001d1b0000)]
  0x0000000016065000 JavaThread "Image Fetcher 1" daemon [_thread_blocked, id=3608, stack(0x000000001cfb0000,0x000000001d0b0000)]
  0x0000000015db7800 JavaThread "Image Fetcher 0" daemon [_thread_blocked, id=5844, stack(0x000000001ceb0000,0x000000001cfb0000)]
  0x0000000013b82800 JavaThread "AWT-Shutdown" [_thread_blocked, id=4772, stack(0x000000001a820000,0x000000001a920000)]
=>0x000000001398f000 JavaThread "threadDisplay" daemon [_thread_in_Java, id=3352, stack(0x0000000014110000,0x0000000014210000)]
  0x000000001398f800 JavaThread "AWT-Windows" daemon [_thread_in_native, id=6008, stack(0x0000000014210000,0x0000000014310000)]
  0x0000000013942000 JavaThread "Java2D Disposer" daemon [_thread_blocked, id=8020, stack(0x0000000014010000,0x0000000014110000)]
  0x0000000011203000 JavaThread "Service Thread" daemon [_thread_blocked, id=6724, stack(0x0000000013610000,0x0000000013710000)]
  0x00000000111fb000 JavaThread "C2 CompilerThread1" daemon [_thread_blocked, id=908, stack(0x0000000013510000,0x0000000013610000)]
  0x00000000111f9800 JavaThread "C2 CompilerThread0" daemon [_thread_blocked, id=8172, stack(0x0000000013410000,0x0000000013510000)]
  0x00000000111f8800 JavaThread "Attach Listener" daemon [_thread_blocked, id=5924, stack(0x0000000013310000,0x0000000013410000)]
  0x00000000111eb800 JavaThread "Signal Dispatcher" daemon [_thread_blocked, id=5360, stack(0x0000000013210000,0x0000000013310000)]
  0x000000001118f800 JavaThread "Finalizer" daemon [_thread_blocked, id=6624, stack(0x0000000013110000,0x0000000013210000)]
  0x0000000011188800 JavaThread "Reference Handler" daemon [_thread_blocked, id=7532, stack(0x0000000013010000,0x0000000013110000)]

Other Threads:
  0x0000000011183000 VMThread [stack: 0x0000000012f10000,0x0000000013010000] [id=1856]
  0x0000000011221800 WatcherThread [stack: 0x0000000013710000,0x0000000013810000] [id=2072]

VM state:not at safepoint (normal execution)

VM Mutex/Monitor currently owned by a thread: None

Heap
 PSYoungGen      total 76352K, used 37012K [0x00000007aacb0000, 0x00000007b01e0000, 0x0000000800000000)
  eden space 65472K, 39% used [0x00000007aacb0000,0x00000007ac635c20,0x00000007aeca0000)
  from space 10880K, 99% used [0x00000007af740000,0x00000007b01df630,0x00000007b01e0000)
  to   space 10880K, 0% used [0x00000007aeca0000,0x00000007aeca0000,0x00000007af740000)
 ParOldGen       total 174528K, used 36236K [0x0000000700600000, 0x000000070b070000, 0x00000007aacb0000)
  object space 174528K, 20% used [0x0000000700600000,0x0000000702963228,0x000000070b070000)
 PSPermGen       total 21248K, used 17891K [0x00000006fb400000, 0x00000006fc8c0000, 0x0000000700600000)
  object space 21248K, 84% used [0x00000006fb400000,0x00000006fc578d88,0x00000006fc8c0000)

Card table byte_map: [0x00000000057a0000,0x0000000005fd0000] byte_map_base: 0x0000000001fc6000

Polling page: 0x0000000000b80000

Code Cache  [0x00000000026e0000, 0x0000000002950000, 0x00000000056e0000)
 total_blobs=850 nmethods=260 adapters=541 free_code_cache=47809Kb largest_free_block=48910464

Compilation events (10 events):
Event: 4.245 Thread 0x00000000111fb000  257             java.awt.Component::checkTreeLock (21 bytes)
Event: 4.245 Thread 0x00000000111fb000 nmethod 257 0x0000000002817950 code [0x0000000002817aa0, 0x0000000002817b48]
Event: 4.308 Thread 0x00000000111f9800  259             java.util.concurrent.locks.ReentrantLock::unlock (10 bytes)
Event: 4.311 Thread 0x00000000111f9800 nmethod 259 0x000000000278abd0 code [0x000000000278ad20, 0x000000000278aec8]
Event: 4.572 Thread 0x00000000111fb000  260             java.awt.Component::getContainer (5 bytes)
Event: 4.573 Thread 0x00000000111fb000 nmethod 260 0x000000000278a990 code [0x000000000278aae0, 0x000000000278ab58]
Event: 4.591 Thread 0x00000000111f9800  261             java.lang.Math::max (11 bytes)
Event: 4.591 Thread 0x00000000111f9800 nmethod 261 0x0000000002801450 code [0x0000000002801580, 0x00000000028015d8]
Event: 6.393 Thread 0x00000000111fb000  262             java.awt.Container::findComponentAtImpl (315 bytes)
Event: 6.405 Thread 0x00000000111fb000 nmethod 262 0x00000000027a5b50 code [0x00000000027a5d60, 0x00000000027a6be8]

GC Heap History (8 events):
Event: 3.340 GC heap before
{Heap before GC invocations=1 (full 0):
 PSYoungGen      total 76352K, used 65472K [0x00000007aacb0000, 0x00000007b01e0000, 0x0000000800000000)
  eden space 65472K, 100% used [0x00000007aacb0000,0x00000007aeca0000,0x00000007aeca0000)
  from space 10880K, 0% used [0x00000007af740000,0x00000007af740000,0x00000007b01e0000)
  to   space 10880K, 0% used [0x00000007aeca0000,0x00000007aeca0000,0x00000007af740000)
 ParOldGen       total 174528K, used 0K [0x0000000700600000, 0x000000070b070000, 0x00000007aacb0000)
  object space 174528K, 0% used [0x0000000700600000,0x0000000700600000,0x000000070b070000)
 PSPermGen       total 21248K, used 16675K [0x00000006fb400000, 0x00000006fc8c0000, 0x0000000700600000)
  object space 21248K, 78% used [0x00000006fb400000,0x00000006fc448e80,0x00000006fc8c0000)
Event: 3.350 GC heap after
Heap after GC invocations=1 (full 0):
 PSYoungGen      total 76352K, used 10857K [0x00000007aacb0000, 0x00000007b01e0000, 0x0000000800000000)
  eden space 65472K, 0% used [0x00000007aacb0000,0x00000007aacb0000,0x00000007aeca0000)
  from space 10880K, 99% used [0x00000007aeca0000,0x00000007af73a460,0x00000007af740000)
  to   space 10880K, 0% used [0x00000007af740000,0x00000007af740000,0x00000007b01e0000)
 ParOldGen       total 174528K, used 14647K [0x0000000700600000, 0x000000070b070000, 0x00000007aacb0000)
  object space 174528K, 8% used [0x0000000700600000,0x000000070144de78,0x000000070b070000)
 PSPermGen       total 21248K, used 16675K [0x00000006fb400000, 0x00000006fc8c0000, 0x0000000700600000)
  object space 21248K, 78% used [0x00000006fb400000,0x00000006fc448e80,0x00000006fc8c0000)
}
Event: 4.121 GC heap before
{Heap before GC invocations=2 (full 0):
 PSYoungGen      total 76352K, used 76245K [0x00000007aacb0000, 0x00000007b01e0000, 0x0000000800000000)
  eden space 65472K, 99% used [0x00000007aacb0000,0x00000007aec8b2e0,0x00000007aeca0000)
  from space 10880K, 99% used [0x00000007aeca0000,0x00000007af73a460,0x00000007af740000)
  to   space 10880K, 0% used [0x00000007af740000,0x00000007af740000,0x00000007b01e0000)
 ParOldGen       total 174528K, used 14647K [0x0000000700600000, 0x000000070b070000, 0x00000007aacb0000)
  object space 174528K, 8% used [0x0000000700600000,0x000000070144de78,0x000000070b070000)
 PSPermGen       total 21248K, used 17759K [0x00000006fb400000, 0x00000006fc8c0000, 0x0000000700600000)
  object space 21248K, 83% used [0x00000006fb400000,0x00000006fc557fa8,0x00000006fc8c0000)
Event: 4.131 GC heap after
Heap after GC invocations=2 (full 0):
 PSYoungGen      total 76352K, used 10852K [0x00000007aacb0000, 0x00000007b01e0000, 0x0000000800000000)
  eden space 65472K, 0% used [0x00000007aacb0000,0x00000007aacb0000,0x00000007aeca0000)
  from space 10880K, 99% used [0x00000007af740000,0x00000007b01d9180,0x00000007b01e0000)
  to   space 10880K, 0% used [0x00000007aeca0000,0x00000007aeca0000,0x00000007af740000)
 ParOldGen       total 174528K, used 36070K [0x0000000700600000, 0x000000070b070000, 0x00000007aacb0000)
  object space 174528K, 20% used [0x0000000700600000,0x0000000702939af8,0x000000070b070000)
 PSPermGen       total 21248K, used 17759K [0x00000006fb400000, 0x00000006fc8c0000, 0x0000000700600000)
  object space 21248K, 83% used [0x00000006fb400000,0x00000006fc557fa8,0x00000006fc8c0000)
}
Event: 5.441 GC heap before
{Heap before GC invocations=3 (full 0):
 PSYoungGen      total 76352K, used 74465K [0x00000007aacb0000, 0x00000007b01e0000, 0x0000000800000000)
  eden space 65472K, 97% used [0x00000007aacb0000,0x00000007aeacf430,0x00000007aeca0000)
  from space 10880K, 99% used [0x00000007af740000,0x00000007b01d9180,0x00000007b01e0000)
  to   space 10880K, 0% used [0x00000007aeca0000,0x00000007aeca0000,0x00000007af740000)
 ParOldGen       total 174528K, used 36070K [0x0000000700600000, 0x000000070b070000, 0x00000007aacb0000)
  object space 174528K, 20% used [0x0000000700600000,0x0000000702939af8,0x000000070b070000)
 PSPermGen       total 21248K, used 17818K [0x00000006fb400000, 0x00000006fc8c0000, 0x0000000700600000)
  object space 21248K, 83% used [0x00000006fb400000,0x00000006fc566870,0x00000006fc8c0000)
Event: 5.446 GC heap after
Heap after GC invocations=3 (full 0):
 PSYoungGen      total 76352K, used 10868K [0x00000007aacb0000, 0x00000007b01e0000, 0x0000000800000000)
  eden space 65472K, 0% used [0x00000007aacb0000,0x00000007aacb0000,0x00000007aeca0000)
  from space 10880K, 99% used [0x00000007aeca0000,0x00000007af73d1b0,0x00000007af740000)
  to   space 10880K, 0% used [0x00000007af740000,0x00000007af740000,0x00000007b01e0000)
 ParOldGen       total 174528K, used 36094K [0x0000000700600000, 0x000000070b070000, 0x00000007aacb0000)
  object space 174528K, 20% used [0x0000000700600000,0x000000070293faf8,0x000000070b070000)
 PSPermGen       total 21248K, used 17818K [0x00000006fb400000, 0x00000006fc8c0000, 0x0000000700600000)
  object space 21248K, 83% used [0x00000006fb400000,0x00000006fc566870,0x00000006fc8c0000)
}
Event: 6.773 GC heap before
{Heap before GC invocations=4 (full 0):
 PSYoungGen      total 76352K, used 73214K [0x00000007aacb0000, 0x00000007b01e0000, 0x0000000800000000)
  eden space 65472K, 95% used [0x00000007aacb0000,0x00000007ae9927a0,0x00000007aeca0000)
  from space 10880K, 99% used [0x00000007aeca0000,0x00000007af73d1b0,0x00000007af740000)
  to   space 10880K, 0% used [0x00000007af740000,0x00000007af740000,0x00000007b01e0000)
 ParOldGen       total 174528K, used 36094K [0x0000000700600000, 0x000000070b070000, 0x00000007aacb0000)
  object space 174528K, 20% used [0x0000000700600000,0x000000070293faf8,0x000000070b070000)
 PSPermGen       total 21248K, used 17867K [0x00000006fb400000, 0x00000006fc8c0000, 0x0000000700600000)
  object space 21248K, 84% used [0x00000006fb400000,0x00000006fc572e00,0x00000006fc8c0000)
Event: 6.781 GC heap after
Heap after GC invocations=4 (full 0):
 PSYoungGen      total 76352K, used 10877K [0x00000007aacb0000, 0x00000007b01e0000, 0x0000000800000000)
  eden space 65472K, 0% used [0x00000007aacb0000,0x00000007aacb0000,0x00000007aeca0000)
  from space 10880K, 99% used [0x00000007af740000,0x00000007b01df630,0x00000007b01e0000)
  to   space 10880K, 0% used [0x00000007aeca0000,0x00000007aeca0000,0x00000007af740000)
 ParOldGen       total 174528K, used 36236K [0x0000000700600000, 0x000000070b070000, 0x00000007aacb0000)
  object space 174528K, 20% used [0x0000000700600000,0x0000000702963228,0x000000070b070000)
 PSPermGen       total 21248K, used 17867K [0x00000006fb400000, 0x00000006fc8c0000, 0x0000000700600000)
  object space 21248K, 84% used [0x00000006fb400000,0x00000006fc572e00,0x00000006fc8c0000)
}

Deoptimization events (10 events):
Event: 2.450 Thread 0x00000000025de000 Uncommon trap -83 fr.pc 0x00000000027761b8
Event: 2.450 Thread 0x00000000025de000 Uncommon trap -83 fr.pc 0x000000000278acbc
Event: 2.881 Thread 0x00000000025de000 Uncommon trap 43 fr.pc 0x00000000027a60a8
Event: 3.362 Thread 0x0000000016203000 Uncommon trap -83 fr.pc 0x00000000027a18c4
Event: 3.412 Thread 0x000000001623e800 Uncommon trap -83 fr.pc 0x00000000027a14b4
Event: 3.456 Thread 0x000000001623e800 Uncommon trap -83 fr.pc 0x00000000027ac984
Event: 3.471 Thread 0x000000001623e800 Uncommon trap -83 fr.pc 0x0000000002784068
Event: 3.529 Thread 0x000000001623e800 Uncommon trap -83 fr.pc 0x0000000002786f90
Event: 3.557 Thread 0x000000001623e800 Uncommon trap -83 fr.pc 0x00000000027cba18
Event: 3.746 Thread 0x000000001e672800 Uncommon trap -83 fr.pc 0x000000000280413c

Internal exceptions (10 events):
Event: 3.567 Thread 0x000000001623e800 Threw 0x00000007ac245b08 at C:\jdk7u1_64p\jdk7u7\hotspot\src\share\vm\prims\jvm.cpp:1166
Event: 3.601 Thread 0x000000001623e800 Threw 0x00000007ac96cd08 at C:\jdk7u1_64p\jdk7u7\hotspot\src\share\vm\prims\jvm.cpp:1166
Event: 3.601 Thread 0x000000001623e800 Threw 0x00000007ac96fad8 at C:\jdk7u1_64p\jdk7u7\hotspot\src\share\vm\prims\jvm.cpp:1166
Event: 3.604 Thread 0x000000001623e800 Threw 0x00000007ac97ff40 at C:\jdk7u1_64p\jdk7u7\hotspot\src\share\vm\prims\jvm.cpp:1166
Event: 3.604 Thread 0x000000001623e800 Threw 0x00000007ac982d10 at C:\jdk7u1_64p\jdk7u7\hotspot\src\share\vm\prims\jvm.cpp:1166
Event: 3.605 Thread 0x000000001623e800 Threw 0x00000007ac985ec0 at C:\jdk7u1_64p\jdk7u7\hotspot\src\share\vm\prims\jvm.cpp:1166
Event: 3.605 Thread 0x000000001623e800 Threw 0x00000007ac988c90 at C:\jdk7u1_64p\jdk7u7\hotspot\src\share\vm\prims\jvm.cpp:1166
Event: 3.725 Thread 0x000000001e672800 Threw 0x00000007ad56baf8 at C:\jdk7u1_64p\jdk7u7\hotspot\src\share\vm\prims\jvm.cpp:1166
Event: 3.728 Thread 0x000000001e672800 Threw 0x00000007ad57c388 at C:\jdk7u1_64p\jdk7u7\hotspot\src\share\vm\prims\jvm.cpp:1166
Event: 3.928 Thread 0x000000001e672800 Threw 0x00000007ae64a440 at C:\jdk7u1_64p\jdk7u7\hotspot\src\share\vm\prims\jvm.cpp:1166

Events (10 events):
Event: 5.595 loading class 0x000000001398afc0
Event: 5.595 loading class 0x000000001398afc0 done
Event: 6.633 loading class 0x0000000016096dd0
Event: 6.633 loading class 0x0000000016096dd0 done
Event: 6.633 loading class 0x00000000139b4c20
Event: 6.633 loading class 0x000000001616b620
Event: 6.633 loading class 0x000000001616b620 done
Event: 6.633 loading class 0x00000000139b4c20 done
Event: 6.773 Executing VM operation: ParallelGCFailedAllocation
Event: 6.781 Executing VM operation: ParallelGCFailedAllocation done


Dynamic libraries:
0x000007f7dc190000 - 0x000007f7dc1c4000 	F:\Program Files\Java\Jre7\bin\javaw.exe
0x000007ff3c8c0000 - 0x000007ff3ca7e000 	C:\WINDOWS\SYSTEM32\ntdll.dll
0x000007ff3a840000 - 0x000007ff3a976000 	C:\WINDOWS\system32\KERNEL32.DLL
0x000007ff39a80000 - 0x000007ff39b73000 	C:\WINDOWS\system32\KERNELBASE.dll
0x000007ff3ae10000 - 0x000007ff3aeee000 	C:\WINDOWS\system32\ADVAPI32.dll
0x000007ff39f70000 - 0x000007ff3a0bc000 	C:\WINDOWS\system32\USER32.dll
0x000007ff36fd0000 - 0x000007ff37239000 	C:\WINDOWS\WinSxS\amd64_microsoft.windows.common-controls_6595b64144ccf1df_6.0.9200.16384_none_418c2a697189c07f\COMCTL32.dll
0x000007ff3a5d0000 - 0x000007ff3a675000 	C:\WINDOWS\system32\msvcrt.dll
0x000007ff3aef0000 - 0x000007ff3af38000 	C:\WINDOWS\SYSTEM32\sechost.dll
0x000007ff3c500000 - 0x000007ff3c640000 	C:\WINDOWS\system32\RPCRT4.dll
0x000007ff39d10000 - 0x000007ff39e50000 	C:\WINDOWS\system32\GDI32.dll
0x000007ff3c640000 - 0x000007ff3c679000 	C:\WINDOWS\system32\IMM32.DLL
0x000007ff3a2f0000 - 0x000007ff3a405000 	C:\WINDOWS\system32\MSCTF.dll
0x000007ff397b0000 - 0x000007ff397b8000 	C:\PROGRA~2\NVIDIA~1\3DVISI~1\NVSTIN~1.DLL
0x000007ff3c680000 - 0x000007ff3c687000 	C:\WINDOWS\system32\PSAPI.DLL
0x000000005d2b0000 - 0x000000005d353000 	C:\WINDOWS\WinSxS\amd64_microsoft.vc90.crt_1fc8b3b9a1e18e3b_9.0.30729.6871_none_08e717a5a83adddf\MSVCR90.dll
0x000000005b640000 - 0x000000005b711000 	F:\Program Files\Java\Jre7\bin\msvcr100.dll
0x000000005af20000 - 0x000000005b63f000 	F:\Program Files\Java\Jre7\bin\server\jvm.dll
0x000007ff31ca0000 - 0x000007ff31ca9000 	C:\WINDOWS\SYSTEM32\WSOCK32.dll
0x000007ff37250000 - 0x000007ff37270000 	C:\WINDOWS\SYSTEM32\WINMM.dll
0x000007ff3a680000 - 0x000007ff3a6d8000 	C:\WINDOWS\system32\WS2_32.dll
0x000007ff368c0000 - 0x000007ff368f2000 	C:\WINDOWS\SYSTEM32\WINMMBASE.dll
0x000007ff3a980000 - 0x000007ff3a989000 	C:\WINDOWS\system32\NSI.dll
0x000000005af10000 - 0x000000005af1f000 	F:\Program Files\Java\Jre7\bin\verify.dll
0x000000005aee0000 - 0x000000005af08000 	F:\Program Files\Java\Jre7\bin\java.dll
0x000000005aec0000 - 0x000000005aed5000 	F:\Program Files\Java\Jre7\bin\zip.dll
0x000000005bd90000 - 0x000000005bf23000 	F:\Program Files\Java\Jre7\bin\awt.dll
0x000007ff39e50000 - 0x000007ff39f13000 	C:\WINDOWS\system32\OLEAUT32.dll
0x000007ff3a140000 - 0x000007ff3a2f0000 	C:\WINDOWS\system32\combase.dll
0x000007ff339e0000 - 0x000007ff33a7f000 	C:\WINDOWS\system32\apphelp.dll
0x000007ff385b0000 - 0x000007ff38693000 	C:\WINDOWS\system32\uxtheme.dll
0x000007ff33a80000 - 0x000007ff33b15000 	C:\Program Files\Common Files\microsoft shared\ink\tiptsf.dll
0x000007ff37890000 - 0x000007ff378b1000 	C:\WINDOWS\SYSTEM32\dwmapi.dll
0x000007ff3c740000 - 0x000007ff3c8be000 	C:\WINDOWS\system32\ole32.dll
0x000007ff39600000 - 0x000007ff3960a000 	C:\WINDOWS\SYSTEM32\CRYPTBASE.dll
0x000007ff395a0000 - 0x000007ff395fc000 	C:\WINDOWS\SYSTEM32\bcryptPrimitives.dll
0x000007ff3af40000 - 0x000007ff3c228000 	C:\WINDOWS\system32\SHELL32.dll
0x000007ff39f20000 - 0x000007ff39f70000 	C:\WINDOWS\system32\SHLWAPI.dll
0x000007ff38980000 - 0x000007ff38a16000 	C:\WINDOWS\SYSTEM32\shcore.dll
0x000000005c180000 - 0x000000005c218000 	C:\Windows\System32\msvcp100.dll
0x000007ff22b70000 - 0x000007ff22dc8000 	C:\opencv\build\x64\vc10\bin\opencv_core243.dll
0x000007ff24ab0000 - 0x000007ff24b45000 	C:\Users\Jonas\AppData\Local\Temp\javacpp16847349267317\jniopencv_core.dll
0x000007ff21aa0000 - 0x000007ff21d45000 	C:\opencv\build\x64\vc10\bin\opencv_imgproc243.dll
0x000007ff294f0000 - 0x000007ff29538000 	C:\Users\Jonas\AppData\Local\Temp\javacpp16847349267317\jniopencv_imgproc.dll
0x0000000066840000 - 0x00000000675ca000 	C:\opencv\build\x64\vc10\bin\opencv_ffmpeg243_64.dll
0x000007ff21850000 - 0x000007ff21a9b000 	C:\opencv\build\x64\vc10\bin\opencv_highgui243.dll
0x000007ff32f40000 - 0x000007ff32f60000 	C:\WINDOWS\SYSTEM32\AVIFIL32.dll
0x000007ff29480000 - 0x000007ff294a9000 	C:\WINDOWS\SYSTEM32\MSVFW32.dll
0x000007ff29460000 - 0x000007ff29477000 	C:\WINDOWS\SYSTEM32\AVICAP32.dll
0x000007ff32f20000 - 0x000007ff32f39000 	C:\WINDOWS\SYSTEM32\MSACM32.dll
0x000007ff37270000 - 0x000007ff37279000 	C:\WINDOWS\SYSTEM32\VERSION.dll
0x000007ff289b0000 - 0x000007ff289c3000 	C:\Users\Jonas\AppData\Local\Temp\javacpp16847349267317\jniopencv_highgui.dll
0x000007ff3c230000 - 0x000007ff3c2c6000 	C:\WINDOWS\SYSTEM32\clbcatq.dll
0x000007ff27120000 - 0x000007ff27137000 	C:\Windows\System32\devenum.dll
0x000007ff3ac40000 - 0x000007ff3ae10000 	C:\WINDOWS\system32\setupapi.dll
0x000007ff39c30000 - 0x000007ff39c7f000 	C:\WINDOWS\system32\CFGMGR32.dll
0x000007ff39ce0000 - 0x000007ff39d02000 	C:\WINDOWS\system32\DEVOBJ.dll
0x000007ff32880000 - 0x000007ff328ae000 	C:\WINDOWS\SYSTEM32\ntmarta.dll
0x000007ff39c80000 - 0x000007ff39cd5000 	C:\WINDOWS\system32\WINTRUST.dll
0x000007ff398a0000 - 0x000007ff39a77000 	C:\WINDOWS\system32\CRYPT32.dll
0x000007ff39880000 - 0x000007ff39896000 	C:\WINDOWS\system32\MSASN1.dll
0x000007ff32f10000 - 0x000007ff32f1d000 	C:\WINDOWS\SYSTEM32\msdmo.dll
0x000007ff270f0000 - 0x000007ff2711f000 	C:\Windows\System32\qcap.dll
0x000007ff223b0000 - 0x000007ff22568000 	C:\Windows\System32\quartz.dll
0x000007ff26610000 - 0x000007ff2664f000 	C:\Windows\System32\ksproxy.ax
0x000007ff1fa90000 - 0x000007ff1fa97000 	C:\Windows\System32\ksuser.dll
0x000007ff28210000 - 0x000007ff28410000 	C:\Windows\System32\d3d9.dll
0x000007ff32ef0000 - 0x000007ff32efc000 	C:\Windows\System32\vidcap.ax
0x000007ff265e0000 - 0x000007ff26604000 	C:\Windows\System32\kswdmcap.ax
0x000007ff216f0000 - 0x000007ff21844000 	C:\Windows\System32\MFC42.dll
0x000007ff233f0000 - 0x000007ff234ae000 	C:\Windows\System32\ODBC32.dll
0x000007ff22ad0000 - 0x000007ff22b65000 	C:\Windows\System32\qedit.dll
0x000007ff3c690000 - 0x000007ff3c731000 	C:\WINDOWS\system32\COMDLG32.dll
0x000007ff3a410000 - 0x000007ff3a5b0000 	C:\WINDOWS\WinSxS\amd64_microsoft.windows.gdiplus_6595b64144ccf1df_1.1.9200.16384_none_72771d4ecc1c3a4d\gdiplus.dll
0x000007ff20d90000 - 0x000007ff20e7a000 	C:\WINDOWS\SYSTEM32\DDRAW.dll
0x000007ff339d0000 - 0x000007ff339d8000 	C:\WINDOWS\SYSTEM32\DCIMAN32.dll
0x000000005bd50000 - 0x000000005bd84000 	F:\Program Files\Java\Jre7\bin\fontmanager.dll
0x000007ff1e880000 - 0x000007ff1fa00000 	C:\WINDOWS\SYSTEM32\nvd3dumx.dll
0x000007ff396a0000 - 0x000007ff396e3000 	C:\WINDOWS\SYSTEM32\powrprof.dll
0x0000000180000000 - 0x0000000180116000 	C:\Program Files (x86)\NVIDIA Corporation\3D Vision\nvSCPAPI64.dll
0x000007ff36ef0000 - 0x000007ff36f64000 	C:\WINDOWS\SYSTEM32\dxgi.dll
0x000007ff36390000 - 0x000007ff36652000 	C:\WINDOWS\SYSTEM32\nvapi64.dll
0x000007ff36900000 - 0x000007ff3691f000 	C:\WINDOWS\SYSTEM32\DXGIDebug.dll
0x000000005aea0000 - 0x000000005aeb9000 	F:\Program Files\Java\Jre7\bin\net.dll
0x000007ff39010000 - 0x000007ff3906c000 	C:\WINDOWS\system32\mswsock.dll
0x000000005ae80000 - 0x000000005ae91000 	F:\Program Files\Java\Jre7\bin\nio.dll
0x000000005ad90000 - 0x000000005add1000 	F:\Program Files\Java\Jre7\bin\t2k.dll
0x000007ff37350000 - 0x000007ff374da000 	C:\WINDOWS\SYSTEM32\WindowsCodecs.dll
0x000007ff397d0000 - 0x000007ff397e5000 	C:\WINDOWS\SYSTEM32\profapi.dll
0x000007ff367d0000 - 0x000007ff36839000 	C:\WINDOWS\SYSTEM32\oleacc.dll
0x000000005ae00000 - 0x000000005ae2a000 	F:\Program Files\Java\Jre7\bin\dcpr.dll

VM Arguments:
jvm_args: -Dfile.encoding=Cp1252 
java_command: emcscanner.kth.se.Program
Launcher Type: SUN_STANDARD

Environment Variables:
PATH=C:\Program Files (x86)\NVIDIA Corporation\PhysX\Common;C:\WINDOWS\system32;C:\WINDOWS;C:\WINDOWS\System32\Wbem;C:\WINDOWS\System32\WindowsPowerShell\v1.0\;C:\Program Files (x86)\Microsoft SQL Server\90\Tools\binn\;C:\Program Files (x86)\Autodesk\Backburner\;F:\Program Files\MATLAB\R2012a\runtime\win64;F:\Program Files\MATLAB\R2012a\bin;C:\Program Files\Internet Explorer;C:\Program Files\Perforce;F:\Program Files\Perforce;C:\Program Files\Microsoft\Web Platform Installer\;C:\Program Files (x86)\Microsoft ASP.NET\ASP.NET Web Pages\v1.0\;C:\Program Files (x86)\Windows Kits\8.0\Windows Performance Toolkit\;C:\Program Files\Microsoft SQL Server\110\Tools\Binn\;F:\Program Files\Perforce\Server
USERNAME=Jonas
OS=Windows_NT
PROCESSOR_IDENTIFIER=Intel64 Family 6 Model 42 Stepping 7, GenuineIntel



---------------  S Y S T E M  ---------------

OS: Windows 8 , 64 bit Build 9200 

CPU:total 8 (4 cores per cpu, 2 threads per core) family 6 model 42 stepping 7, cmov, cx8, fxsr, mmx, sse, sse2, sse3, ssse3, sse4.1, sse4.2, popcnt, avx, ht, tsc, tscinvbit

Memory: 4k page, physical 16751668k(13346712k free), swap 33528884k(29327300k free)

vm_info: Java HotSpot(TM) 64-Bit Server VM (23.3-b01) for windows-amd64 JRE (1.7.0_07-b11), built on Sep  7 2012 01:19:25 by "java_re" with unknown MS VC++:1600

time: Thu Jan 24 00:07:55 2013
elapsed time: 7 seconds

