#
# A fatal error has been detected by the Java Runtime Environment:
#
#  EXCEPTION_ACCESS_VIOLATION (0xc0000005) at pc=0x000007ffd0028bc0, pid=84, tid=4592
#
# JRE version: 7.0_07-b11
# Java VM: Java HotSpot(TM) 64-Bit Server VM (23.3-b01 mixed mode windows-amd64 compressed oops)
# Problematic frame:
# C  [ntdll.dll+0x18bc0]  RtlQueueWorkItem+0x8a0
#
# Failed to write core dump. Minidumps are not enabled by default on client versions of Windows
#
# If you would like to submit a bug report, please visit:
#   http://bugreport.sun.com/bugreport/crash.jsp
# The crash happened outside the Java Virtual Machine in native code.
# See problematic frame for where to report the bug.
#

---------------  T H R E A D  ---------------

Current thread (0x0000000014b25800):  JavaThread "threadDisplayCamera" daemon [_thread_in_native, id=4592, stack(0x000000001aa30000,0x000000001ab30000)]

siginfo: ExceptionCode=0xc0000005, writing address 0x0000000000000024

Registers:
RAX=0x0000000000000000, RBX=0x0000000014c1a578, RCX=0x00000000fffffffc, RDX=0x00000000000006d8
RSP=0x000000001ab2ed70, RBP=0x0000000000000000, RSI=0x00000000000006d8, RDI=0x0000000000000000
R8 =0xffffffffffffffff, R9 =0x0000000000000004, R10=0x0000000000000000, R11=0x0000000000000246
R12=0x0000000000000000, R13=0x0000000000000000, R14=0x000007f797e3c000, R15=0x0000000000000000
RIP=0x000007ffd0028bc0, EFLAGS=0x0000000000010213

Top of Stack: (sp=0x000000001ab2ed70)
0x000000001ab2ed70:   00000000000006d8 00000000f0c13220
0x000000001ab2ed80:   000000001ab2ed80 00000006fb740071
0x000000001ab2ed90:   000000001ab2ede0 00000006fb7425a0
0x000000001ab2eda0:   0000000000000000 00000006fb740088
0x000000001ab2edb0:   0000000000000000 000000001ab2edd8
0x000000001ab2edc0:   000000001ab2ee28 000000000000041f
0x000000001ab2edd0:   00000007aad623b8 000007ffcd3610ea
0x000000001ab2ede0:   00000006fb8de870 000000001ab2ee68
0x000000001ab2edf0:   0000d96999923ecd 0000000000000000
0x000000001ab2ee00:   0000000000000004 0000000000000001
0x000000001ab2ee10:   000000001a432050 00000000ff000000
0x000000001ab2ee20:   0000000000000000 0000000000000000
0x000000001ab2ee30:   000007f797e3c000 000007ffd001f4d4
0x000000001ab2ee40:   0000000000000000 0000000000000000
0x000000001ab2ee50:   0000000014c1a578 00000000000005a0
0x000000001ab2ee60:   0000000000000000 0000000014b259d8 

Instructions: (pc=0x000007ffd0028bc0)
0x000007ffd0028ba0:   43 08 a8 01 0f 85 bd 67 ff ff 8b c8 2b cd f0 0f
0x000007ffd0028bb0:   b1 4b 08 75 ea 48 8b 03 33 ed 48 83 f8 ff 74 03
0x000007ffd0028bc0:   ff 40 24 41 bf 82 03 fe 7f 41 80 3f 00 0f 85 69
0x000007ffd0028bd0:   7a 0e 00 48 83 fe ff 0f 84 bf 7a 0e 00 4c 8b c7 


Register to memory mapping:

RAX=0x0000000000000000 is an unknown value
RBX=0x0000000014c1a578 is an unknown value
RCX=0x00000000fffffffc is an unknown value
RDX=0x00000000000006d8 is an unknown value
RSP=0x000000001ab2ed70 is pointing into the stack for thread: 0x0000000014b25800
RBP=0x0000000000000000 is an unknown value
RSI=0x00000000000006d8 is an unknown value
RDI=0x0000000000000000 is an unknown value
R8 =0xffffffffffffffff is an unknown value
R9 =0x0000000000000004 is an unknown value
R10=0x0000000000000000 is an unknown value
R11=0x0000000000000246 is an unknown value
R12=0x0000000000000000 is an unknown value
R13=0x0000000000000000 is an unknown value
R14=0x000007f797e3c000 is an unknown value
R15=0x0000000000000000 is an unknown value


Stack: [0x000000001aa30000,0x000000001ab30000],  sp=0x000000001ab2ed70,  free space=1019k
Native frames: (J=compiled Java code, j=interpreted, Vv=VM code, C=native code)
C  [ntdll.dll+0x18bc0]  RtlQueueWorkItem+0x8a0

[error occurred during error reporting (printing native stack), id 0xc0000005]

Java frames: (J=compiled Java code, j=interpreted, Vv=VM code)
j  com.googlecode.javacv.cpp.opencv_highgui.cvRetrieveFrame(Lcom/googlecode/javacv/cpp/opencv_highgui$CvCapture;I)Lcom/googlecode/javacv/cpp/opencv_core$IplImage;+0
j  com.googlecode.javacv.cpp.opencv_highgui.cvRetrieveFrame(Lcom/googlecode/javacv/cpp/opencv_highgui$CvCapture;)Lcom/googlecode/javacv/cpp/opencv_core$IplImage;+2
j  com.googlecode.javacv.OpenCVFrameGrabber.grab()Lcom/googlecode/javacv/cpp/opencv_core$IplImage;+4
j  emcscanner.kth.se.CameraPanel$1.run()V+15
v  ~StubRoutines::call_stub

---------------  P R O C E S S  ---------------

Java Threads: ( => current thread )
  0x0000000014b77000 JavaThread "Thread-2" [_thread_in_native, id=1848, stack(0x0000000017380000,0x0000000017480000)]
  0x0000000014b6d800 JavaThread "Thread-0" daemon [_thread_in_native, id=3848, stack(0x0000000017280000,0x0000000017380000)]
  0x0000000014b24000 JavaThread "ICEpdf-pagePainter" daemon [_thread_blocked, id=6984, stack(0x0000000026630000,0x0000000026730000)]
  0x0000000014b21000 JavaThread "ICEpdf-pageInitializer" daemon [_thread_blocked, id=5000, stack(0x0000000026400000,0x0000000026500000)]
  0x0000000014b22800 JavaThread "DestroyJavaVM" [_thread_blocked, id=4520, stack(0x0000000002600000,0x0000000002700000)]
  0x0000000014b20000 JavaThread "TimerQueue" daemon [_thread_blocked, id=4536, stack(0x0000000021f80000,0x0000000022080000)]
  0x0000000014b21800 JavaThread "threadDisplayDensity" daemon [_thread_blocked, id=1348, stack(0x000000001d350000,0x000000001d450000)]
  0x0000000014b26000 JavaThread "AWT-EventQueue-0" [_thread_blocked, id=8060, stack(0x000000001d250000,0x000000001d350000)]
  0x0000000014b24800 JavaThread "threadDisplay" daemon [_thread_blocked, id=6556, stack(0x000000001d150000,0x000000001d250000)]
  0x0000000014b1f800 JavaThread "AWT-Shutdown" [_thread_blocked, id=3596, stack(0x000000001ab30000,0x000000001ac30000)]
=>0x0000000014b25800 JavaThread "threadDisplayCamera" daemon [_thread_in_native, id=4592, stack(0x000000001aa30000,0x000000001ab30000)]
  0x0000000013a10800 JavaThread "AWT-Windows" daemon [_thread_in_native, id=4416, stack(0x0000000014300000,0x0000000014400000)]
  0x0000000013a0e800 JavaThread "Java2D Disposer" daemon [_thread_in_native, id=7576, stack(0x0000000014100000,0x0000000014200000)]
  0x0000000011322800 JavaThread "Service Thread" daemon [_thread_blocked, id=4944, stack(0x0000000013700000,0x0000000013800000)]
  0x0000000011322000 JavaThread "C2 CompilerThread1" daemon [_thread_blocked, id=5056, stack(0x0000000013600000,0x0000000013700000)]
  0x0000000011319000 JavaThread "C2 CompilerThread0" daemon [_thread_blocked, id=7672, stack(0x0000000013500000,0x0000000013600000)]
  0x0000000011318000 JavaThread "Attach Listener" daemon [_thread_blocked, id=7648, stack(0x0000000013400000,0x0000000013500000)]
  0x000000001130b000 JavaThread "Signal Dispatcher" daemon [_thread_blocked, id=68, stack(0x0000000013300000,0x0000000013400000)]
  0x00000000112ae800 JavaThread "Finalizer" daemon [_thread_blocked, id=904, stack(0x0000000013200000,0x0000000013300000)]
  0x00000000112a7000 JavaThread "Reference Handler" daemon [_thread_blocked, id=5524, stack(0x0000000013100000,0x0000000013200000)]

Other Threads:
  0x00000000112a2000 VMThread [stack: 0x0000000013000000,0x0000000013100000] [id=7052]
  0x000000001133f000 WatcherThread [stack: 0x0000000013800000,0x0000000013900000] [id=6992]

VM state:not at safepoint (normal execution)

VM Mutex/Monitor currently owned by a thread: None

Heap
 PSYoungGen      total 300928K, used 1245K [0x00000007aacb0000, 0x00000007cb350000, 0x0000000800000000)
  eden space 255232K, 0% used [0x00000007aacb0000,0x00000007aadaf498,0x00000007ba5f0000)
  from space 45696K, 0% used [0x00000007ba5f0000,0x00000007ba628000,0x00000007bd290000)
  to   space 45632K, 0% used [0x00000007c86c0000,0x00000007c86c0000,0x00000007cb350000)
 ParOldGen       total 138944K, used 86688K [0x0000000700600000, 0x0000000708db0000, 0x00000007aacb0000)
  object space 138944K, 62% used [0x0000000700600000,0x0000000705aa8078,0x0000000708db0000)
 PSPermGen       total 36288K, used 18052K [0x00000006fb400000, 0x00000006fd770000, 0x0000000700600000)
  object space 36288K, 49% used [0x00000006fb400000,0x00000006fc5a1370,0x00000006fd770000)

Card table byte_map: [0x00000000058c0000,0x00000000060f0000] byte_map_base: 0x00000000020e6000

Polling page: 0x0000000002500000

Code Cache  [0x0000000002800000, 0x0000000002a70000, 0x0000000005800000)
 total_blobs=859 nmethods=268 adapters=542 free_code_cache=47792Kb largest_free_block=48902528

Compilation events (10 events):
Event: 8.221 Thread 0x0000000011322000  272             java.util.concurrent.locks.AbstractOwnableSynchronizer::getExclusiveOwnerThread (5 bytes)
Event: 8.222 Thread 0x0000000011322000 nmethod 272 0x00000000028fc110 code [0x00000000028fc240, 0x00000000028fc2b8]
Event: 8.274 Thread 0x0000000011319000  273             java.util.concurrent.locks.ReentrantLock$NonfairSync::lock (25 bytes)
Event: 8.274 Thread 0x0000000011322000  274             java.util.concurrent.locks.ReentrantLock::lock (8 bytes)
Event: 8.274 Thread 0x0000000011319000 nmethod 273 0x00000000028c36d0 code [0x00000000028c3840, 0x00000000028c3970]
Event: 8.274 Thread 0x0000000011319000  275             java.awt.Component::inside (30 bytes)
Event: 8.275 Thread 0x0000000011322000 nmethod 274 0x00000000028c31d0 code [0x00000000028c3340, 0x00000000028c3490]
Event: 8.275 Thread 0x0000000011319000 nmethod 275 0x0000000002874250 code [0x0000000002874380, 0x00000000028743f8]
Event: 8.340 Thread 0x0000000011322000  276             java.awt.Rectangle::<init> (26 bytes)
Event: 8.341 Thread 0x0000000011322000 nmethod 276 0x0000000002874050 code [0x0000000002874180, 0x00000000028741f8]

GC Heap History (10 events):
Event: 5.218 GC heap before
{Heap before GC invocations=3 (full 0):
 PSYoungGen      total 76352K, used 72987K [0x00000007aacb0000, 0x00000007b01e0000, 0x0000000800000000)
  eden space 65472K, 94% used [0x00000007aacb0000,0x00000007ae95cae8,0x00000007aeca0000)
  from space 10880K, 99% used [0x00000007af740000,0x00000007b01da510,0x00000007b01e0000)
  to   space 10880K, 0% used [0x00000007aeca0000,0x00000007aeca0000,0x00000007af740000)
 ParOldGen       total 174528K, used 28753K [0x0000000700600000, 0x000000070b070000, 0x00000007aacb0000)
  object space 174528K, 16% used [0x0000000700600000,0x0000000702214778,0x000000070b070000)
 PSPermGen       total 21248K, used 18003K [0x00000006fb400000, 0x00000006fc8c0000, 0x0000000700600000)
  object space 21248K, 84% used [0x00000006fb400000,0x00000006fc594ff0,0x00000006fc8c0000)
Event: 5.223 GC heap after
Heap after GC invocations=3 (full 0):
 PSYoungGen      total 76352K, used 8343K [0x00000007aacb0000, 0x00000007b41d0000, 0x0000000800000000)
  eden space 65472K, 0% used [0x00000007aacb0000,0x00000007aacb0000,0x00000007aeca0000)
  from space 10880K, 76% used [0x00000007aeca0000,0x00000007af4c5e00,0x00000007af740000)
  to   space 10880K, 0% used [0x00000007b3730000,0x00000007b3730000,0x00000007b41d0000)
 ParOldGen       total 174528K, used 34828K [0x0000000700600000, 0x000000070b070000, 0x00000007aacb0000)
  object space 174528K, 19% used [0x0000000700600000,0x0000000702803388,0x000000070b070000)
 PSPermGen       total 21248K, used 18003K [0x00000006fb400000, 0x00000006fc8c0000, 0x0000000700600000)
  object space 21248K, 84% used [0x00000006fb400000,0x00000006fc594ff0,0x00000006fc8c0000)
}
Event: 5.438 GC heap before
{Heap before GC invocations=4 (full 0):
 PSYoungGen      total 76352K, used 72968K [0x00000007aacb0000, 0x00000007b41d0000, 0x0000000800000000)
  eden space 65472K, 98% used [0x00000007aacb0000,0x00000007aebcc220,0x00000007aeca0000)
  from space 10880K, 76% used [0x00000007aeca0000,0x00000007af4c5e00,0x00000007af740000)
  to   space 10880K, 0% used [0x00000007b3730000,0x00000007b3730000,0x00000007b41d0000)
 ParOldGen       total 174528K, used 34828K [0x0000000700600000, 0x000000070b070000, 0x00000007aacb0000)
  object space 174528K, 19% used [0x0000000700600000,0x0000000702803388,0x000000070b070000)
 PSPermGen       total 21248K, used 18004K [0x00000006fb400000, 0x00000006fc8c0000, 0x0000000700600000)
  object space 21248K, 84% used [0x00000006fb400000,0x00000006fc5952a8,0x00000006fc8c0000)
Event: 5.448 GC heap after
Heap after GC invocations=4 (full 0):
 PSYoungGen      total 141824K, used 8311K [0x00000007aacb0000, 0x00000007b41d0000, 0x0000000800000000)
  eden space 130944K, 0% used [0x00000007aacb0000,0x00000007aacb0000,0x00000007b2c90000)
  from space 10880K, 76% used [0x00000007b3730000,0x00000007b3f4de00,0x00000007b41d0000)
  to   space 10880K, 0% used [0x00000007b2c90000,0x00000007b2c90000,0x00000007b3730000)
 ParOldGen       total 174528K, used 59888K [0x0000000700600000, 0x000000070b070000, 0x00000007aacb0000)
  object space 174528K, 34% used [0x0000000700600000,0x000000070407c158,0x000000070b070000)
 PSPermGen       total 21248K, used 18004K [0x00000006fb400000, 0x00000006fc8c0000, 0x0000000700600000)
  object space 21248K, 84% used [0x00000006fb400000,0x00000006fc5952a8,0x00000006fc8c0000)
}
Event: 5.947 GC heap before
{Heap before GC invocations=5 (full 0):
 PSYoungGen      total 141824K, used 137225K [0x00000007aacb0000, 0x00000007b41d0000, 0x0000000800000000)
  eden space 130944K, 98% used [0x00000007aacb0000,0x00000007b2a94650,0x00000007b2c90000)
  from space 10880K, 76% used [0x00000007b3730000,0x00000007b3f4de00,0x00000007b41d0000)
  to   space 10880K, 0% used [0x00000007b2c90000,0x00000007b2c90000,0x00000007b3730000)
 ParOldGen       total 174528K, used 59888K [0x0000000700600000, 0x000000070b070000, 0x00000007aacb0000)
  object space 174528K, 34% used [0x0000000700600000,0x000000070407c158,0x000000070b070000)
 PSPermGen       total 21248K, used 18008K [0x00000006fb400000, 0x00000006fc8c0000, 0x0000000700600000)
  object space 21248K, 84% used [0x00000006fb400000,0x00000006fc596118,0x00000006fc8c0000)
Event: 5.953 GC heap after
Heap after GC invocations=5 (full 0):
 PSYoungGen      total 141824K, used 8295K [0x00000007aacb0000, 0x00000007bf8b0000, 0x0000000800000000)
  eden space 130944K, 0% used [0x00000007aacb0000,0x00000007aacb0000,0x00000007b2c90000)
  from space 10880K, 76% used [0x00000007b2c90000,0x00000007b34a9df0,0x00000007b3730000)
  to   space 39040K, 0% used [0x00000007bd290000,0x00000007bd290000,0x00000007bf8b0000)
 ParOldGen       total 174528K, used 66722K [0x0000000700600000, 0x000000070b070000, 0x00000007aacb0000)
  object space 174528K, 38% used [0x0000000700600000,0x0000000704728af8,0x000000070b070000)
 PSPermGen       total 21248K, used 18008K [0x00000006fb400000, 0x00000006fc8c0000, 0x0000000700600000)
  object space 21248K, 84% used [0x00000006fb400000,0x00000006fc596118,0x00000006fc8c0000)
}
Event: 6.440 GC heap before
{Heap before GC invocations=6 (full 0):
 PSYoungGen      total 141824K, used 139147K [0x00000007aacb0000, 0x00000007bf8b0000, 0x0000000800000000)
  eden space 130944K, 99% used [0x00000007aacb0000,0x00000007b2c79138,0x00000007b2c90000)
  from space 10880K, 76% used [0x00000007b2c90000,0x00000007b34a9df0,0x00000007b3730000)
  to   space 39040K, 0% used [0x00000007bd290000,0x00000007bd290000,0x00000007bf8b0000)
 ParOldGen       total 174528K, used 70139K [0x0000000700600000, 0x000000070b070000, 0x00000007aacb0000)
  object space 174528K, 40% used [0x0000000700600000,0x0000000704a7efc8,0x000000070b070000)
 PSPermGen       total 21248K, used 18009K [0x00000006fb400000, 0x00000006fc8c0000, 0x0000000700600000)
  object space 21248K, 84% used [0x00000006fb400000,0x00000006fc596590,0x00000006fc8c0000)
Event: 6.450 GC heap after
Heap after GC invocations=6 (full 0):
 PSYoungGen      total 294272K, used 33386K [0x00000007aacb0000, 0x00000007c05b0000, 0x0000000800000000)
  eden space 255232K, 0% used [0x00000007aacb0000,0x00000007aacb0000,0x00000007ba5f0000)
  from space 39040K, 85% used [0x00000007bd290000,0x00000007bf32abc0,0x00000007bf8b0000)
  to   space 45696K, 0% used [0x00000007ba5f0000,0x00000007ba5f0000,0x00000007bd290000)
 ParOldGen       total 174528K, used 70139K [0x0000000700600000, 0x000000070b070000, 0x00000007aacb0000)
  object space 174528K, 40% used [0x0000000700600000,0x0000000704a7efc8,0x000000070b070000)
 PSPermGen       total 21248K, used 18009K [0x00000006fb400000, 0x00000006fc8c0000, 0x0000000700600000)
  object space 21248K, 84% used [0x00000006fb400000,0x00000006fc596590,0x00000006fc8c0000)
}
Event: 8.440 GC heap before
{Heap before GC invocations=7 (full 1):
 PSYoungGen      total 294272K, used 288024K [0x00000007aacb0000, 0x00000007c05b0000, 0x0000000800000000)
  eden space 255232K, 99% used [0x00000007aacb0000,0x00000007ba55b838,0x00000007ba5f0000)
  from space 39040K, 85% used [0x00000007bd290000,0x00000007bf32abc0,0x00000007bf8b0000)
  to   space 45696K, 0% used [0x00000007ba5f0000,0x00000007ba5f0000,0x00000007bd290000)
 ParOldGen       total 373952K, used 373890K [0x0000000700600000, 0x0000000717330000, 0x00000007aacb0000)
  object space 373952K, 99% used [0x0000000700600000,0x0000000717320bc8,0x0000000717330000)
 PSPermGen       total 21248K, used 18014K [0x00000006fb400000, 0x00000006fc8c0000, 0x0000000700600000)
  object space 21248K, 84% used [0x00000006fb400000,0x00000006fc597a50,0x00000006fc8c0000)
Event: 8.502 GC heap after
Heap after GC invocations=7 (full 1):
 PSYoungGen      total 294272K, used 0K [0x00000007aacb0000, 0x00000007c05b0000, 0x0000000800000000)
  eden space 255232K, 0% used [0x00000007aacb0000,0x00000007aacb0000,0x00000007ba5f0000)
  from space 39040K, 0% used [0x00000007bd290000,0x00000007bd290000,0x00000007bf8b0000)
  to   space 45696K, 0% used [0x00000007ba5f0000,0x00000007ba5f0000,0x00000007bd290000)
 ParOldGen       total 138944K, used 23657K [0x0000000700600000, 0x0000000708db0000, 0x00000007aacb0000)
  object space 138944K, 17% used [0x0000000700600000,0x0000000701d1a620,0x0000000708db0000)
 PSPermGen       total 36288K, used 18007K [0x00000006fb400000, 0x00000006fd770000, 0x0000000700600000)
  object space 36288K, 49% used [0x00000006fb400000,0x00000006fc595fc8,0x00000006fd770000)
}

Deoptimization events (10 events):
Event: 2.800 Thread 0x000000000255e000 Uncommon trap -83 fr.pc 0x000000000289cdb8
Event: 2.800 Thread 0x000000000255e000 Uncommon trap -83 fr.pc 0x00000000028a67fc
Event: 3.266 Thread 0x000000000255e000 Uncommon trap 43 fr.pc 0x00000000028c3a68
Event: 3.779 Thread 0x0000000014b26000 Uncommon trap -83 fr.pc 0x00000000028c5884
Event: 3.837 Thread 0x0000000014b21000 Uncommon trap -83 fr.pc 0x00000000028c7674
Event: 3.889 Thread 0x0000000014b21000 Uncommon trap -83 fr.pc 0x00000000028c54c4
Event: 3.904 Thread 0x0000000014b21000 Uncommon trap -83 fr.pc 0x00000000028fc968
Event: 3.962 Thread 0x0000000014b21000 Uncommon trap -83 fr.pc 0x00000000028ff888
Event: 3.994 Thread 0x0000000014b21000 Uncommon trap -83 fr.pc 0x00000000028ec998
Event: 4.193 Thread 0x0000000014b24000 Uncommon trap -83 fr.pc 0x00000000029289bc

Internal exceptions (10 events):
Event: 4.005 Thread 0x0000000014b21000 Threw 0x00000007ab6edce8 at C:\jdk7u1_64p\jdk7u7\hotspot\src\share\vm\prims\jvm.cpp:1166
Event: 4.043 Thread 0x0000000014b21000 Threw 0x00000007ab8cbd38 at C:\jdk7u1_64p\jdk7u7\hotspot\src\share\vm\prims\jvm.cpp:1166
Event: 4.043 Thread 0x0000000014b21000 Threw 0x00000007ab8cec58 at C:\jdk7u1_64p\jdk7u7\hotspot\src\share\vm\prims\jvm.cpp:1166
Event: 4.045 Thread 0x0000000014b21000 Threw 0x00000007ab8df0c0 at C:\jdk7u1_64p\jdk7u7\hotspot\src\share\vm\prims\jvm.cpp:1166
Event: 4.046 Thread 0x0000000014b21000 Threw 0x00000007ab8e1fe0 at C:\jdk7u1_64p\jdk7u7\hotspot\src\share\vm\prims\jvm.cpp:1166
Event: 4.047 Thread 0x0000000014b21000 Threw 0x00000007ab8e5190 at C:\jdk7u1_64p\jdk7u7\hotspot\src\share\vm\prims\jvm.cpp:1166
Event: 4.047 Thread 0x0000000014b21000 Threw 0x00000007ab8e80b0 at C:\jdk7u1_64p\jdk7u7\hotspot\src\share\vm\prims\jvm.cpp:1166
Event: 4.182 Thread 0x0000000014b24000 Threw 0x00000007abe2c920 at C:\jdk7u1_64p\jdk7u7\hotspot\src\share\vm\prims\jvm.cpp:1166
Event: 4.186 Thread 0x0000000014b24000 Threw 0x00000007abe3d1b0 at C:\jdk7u1_64p\jdk7u7\hotspot\src\share\vm\prims\jvm.cpp:1166
Event: 4.387 Thread 0x0000000014b24000 Threw 0x00000007ac879298 at C:\jdk7u1_64p\jdk7u7\hotspot\src\share\vm\prims\jvm.cpp:1166

Events (10 events):
Event: 9.525 loading class 0x0000000013a27000
Event: 9.525 loading class 0x0000000013a27000 done
Event: 9.525 loading class 0x000000001501c1c0
Event: 9.525 loading class 0x000000001501c1c0 done
Event: 9.525 loading class 0x00000000148cbc10
Event: 9.525 loading class 0x00000000216890d0
Event: 9.525 loading class 0x00000000216890d0 done
Event: 9.525 loading class 0x00000000148cbc10 done
Event: 9.525 loading class 0x0000000013a26f40
Event: 9.525 loading class 0x0000000013a26f40 done


Dynamic libraries:
0x000007f798e80000 - 0x000007f798eb4000 	F:\Program Files\Java\Jre7\bin\javaw.exe
0x000007ffd0010000 - 0x000007ffd01ce000 	C:\WINDOWS\SYSTEM32\ntdll.dll
0x000007ffcd650000 - 0x000007ffcd786000 	C:\WINDOWS\system32\KERNEL32.DLL
0x000007ffcd360000 - 0x000007ffcd453000 	C:\WINDOWS\system32\KERNELBASE.dll
0x000007ffcdad0000 - 0x000007ffcdbae000 	C:\WINDOWS\system32\ADVAPI32.dll
0x000007ffcf8a0000 - 0x000007ffcf9ec000 	C:\WINDOWS\system32\USER32.dll
0x000007ffca740000 - 0x000007ffca9a9000 	C:\WINDOWS\WinSxS\amd64_microsoft.windows.common-controls_6595b64144ccf1df_6.0.9200.16384_none_418c2a697189c07f\COMCTL32.dll
0x000007ffcd940000 - 0x000007ffcd9e5000 	C:\WINDOWS\system32\msvcrt.dll
0x000007ffcd460000 - 0x000007ffcd4a8000 	C:\WINDOWS\SYSTEM32\sechost.dll
0x000007ffcf760000 - 0x000007ffcf8a0000 	C:\WINDOWS\system32\RPCRT4.dll
0x000007ffcdec0000 - 0x000007ffce000000 	C:\WINDOWS\system32\GDI32.dll
0x000007ffcda90000 - 0x000007ffcdac9000 	C:\WINDOWS\system32\IMM32.DLL
0x000007ffcf9f0000 - 0x000007ffcfb05000 	C:\WINDOWS\system32\MSCTF.dll
0x000007ffccf00000 - 0x000007ffccf08000 	C:\PROGRA~2\NVIDIA~1\3DVISI~1\NVSTIN~1.DLL
0x000007ffcda80000 - 0x000007ffcda87000 	C:\WINDOWS\system32\PSAPI.DLL
0x0000000061700000 - 0x00000000617a3000 	C:\WINDOWS\WinSxS\amd64_microsoft.vc90.crt_1fc8b3b9a1e18e3b_9.0.30729.6871_none_08e717a5a83adddf\MSVCR90.dll
0x000000005f150000 - 0x000000005f221000 	F:\Program Files\Java\Jre7\bin\msvcr100.dll
0x000000005ea30000 - 0x000000005f14f000 	F:\Program Files\Java\Jre7\bin\server\jvm.dll
0x000007ffc53f0000 - 0x000007ffc53f9000 	C:\WINDOWS\SYSTEM32\WSOCK32.dll
0x000007ffca070000 - 0x000007ffca090000 	C:\WINDOWS\SYSTEM32\WINMM.dll
0x000007ffcffb0000 - 0x000007ffd0008000 	C:\WINDOWS\system32\WS2_32.dll
0x000007ffc9f70000 - 0x000007ffc9fa2000 	C:\WINDOWS\SYSTEM32\WINMMBASE.dll
0x000007ffcfb10000 - 0x000007ffcfb19000 	C:\WINDOWS\system32\NSI.dll
0x000000005ea20000 - 0x000000005ea2f000 	F:\Program Files\Java\Jre7\bin\verify.dll
0x000000005e9f0000 - 0x000000005ea18000 	F:\Program Files\Java\Jre7\bin\java.dll
0x000000005e9d0000 - 0x000000005e9e5000 	F:\Program Files\Java\Jre7\bin\zip.dll
0x000000005e7c0000 - 0x000000005e953000 	F:\Program Files\Java\Jre7\bin\awt.dll
0x000007ffcdbb0000 - 0x000007ffcdc73000 	C:\WINDOWS\system32\OLEAUT32.dll
0x000007ffcd790000 - 0x000007ffcd940000 	C:\WINDOWS\system32\combase.dll
0x000007ffc7130000 - 0x000007ffc71cf000 	C:\WINDOWS\system32\apphelp.dll
0x000007ffcbd00000 - 0x000007ffcbde3000 	C:\WINDOWS\system32\uxtheme.dll
0x000007ffc71e0000 - 0x000007ffc7275000 	C:\Program Files\Common Files\microsoft shared\ink\tiptsf.dll
0x000007ffcae20000 - 0x000007ffcae41000 	C:\WINDOWS\SYSTEM32\dwmapi.dll
0x000007ffce000000 - 0x000007ffce17e000 	C:\WINDOWS\system32\ole32.dll
0x000007ffccd70000 - 0x000007ffccd7a000 	C:\WINDOWS\SYSTEM32\CRYPTBASE.dll
0x000007ffcccf0000 - 0x000007ffccd4c000 	C:\WINDOWS\SYSTEM32\bcryptPrimitives.dll
0x000007ffce470000 - 0x000007ffcf758000 	C:\WINDOWS\system32\SHELL32.dll
0x000007ffcff60000 - 0x000007ffcffb0000 	C:\WINDOWS\system32\SHLWAPI.dll
0x000007ffcc0d0000 - 0x000007ffcc166000 	C:\WINDOWS\SYSTEM32\shcore.dll
0x00000000605d0000 - 0x0000000060668000 	C:\Windows\System32\msvcp100.dll
0x000007ffb3cc0000 - 0x000007ffb3f18000 	C:\opencv\build\x64\vc10\bin\opencv_core243.dll
0x000007ffb7f20000 - 0x000007ffb7fb5000 	C:\Users\Jonas\AppData\Local\Temp\javacpp18843433454981\jniopencv_core.dll
0x000007ffb3480000 - 0x000007ffb3725000 	C:\opencv\build\x64\vc10\bin\opencv_imgproc243.dll
0x000007ffb9bd0000 - 0x000007ffb9c18000 	C:\Users\Jonas\AppData\Local\Temp\javacpp18843433454981\jniopencv_imgproc.dll
0x0000000066840000 - 0x00000000675ca000 	C:\opencv\build\x64\vc10\bin\opencv_ffmpeg243_64.dll
0x000007ffb3080000 - 0x000007ffb32cb000 	C:\opencv\build\x64\vc10\bin\opencv_highgui243.dll
0x000007ffc6790000 - 0x000007ffc67b0000 	C:\WINDOWS\SYSTEM32\AVIFIL32.dll
0x000007ffc69e0000 - 0x000007ffc6a09000 	C:\WINDOWS\SYSTEM32\MSVFW32.dll
0x000007ffc6a10000 - 0x000007ffc6a27000 	C:\WINDOWS\SYSTEM32\AVICAP32.dll
0x000007ffba340000 - 0x000007ffba359000 	C:\WINDOWS\SYSTEM32\MSACM32.dll
0x000007ffcacb0000 - 0x000007ffcacb9000 	C:\WINDOWS\SYSTEM32\VERSION.dll
0x000007ffb8a30000 - 0x000007ffb8a43000 	C:\Users\Jonas\AppData\Local\Temp\javacpp18843433454981\jniopencv_highgui.dll
0x000007ffce1b0000 - 0x000007ffce246000 	C:\WINDOWS\SYSTEM32\clbcatq.dll
0x000007ffb8a10000 - 0x000007ffb8a27000 	C:\Windows\System32\devenum.dll
0x000007ffcdc80000 - 0x000007ffcde50000 	C:\WINDOWS\system32\setupapi.dll
0x000007ffcd020000 - 0x000007ffcd06f000 	C:\WINDOWS\system32\CFGMGR32.dll
0x000007ffccff0000 - 0x000007ffcd012000 	C:\WINDOWS\system32\DEVOBJ.dll
0x000007ffc5fd0000 - 0x000007ffc5ffe000 	C:\WINDOWS\SYSTEM32\ntmarta.dll
0x000007ffcd070000 - 0x000007ffcd0c5000 	C:\WINDOWS\system32\WINTRUST.dll
0x000007ffcd0d0000 - 0x000007ffcd2a7000 	C:\WINDOWS\system32\CRYPT32.dll
0x000007ffccfd0000 - 0x000007ffccfe6000 	C:\WINDOWS\system32\MSASN1.dll
0x000007ffc9d80000 - 0x000007ffc9d8d000 	C:\WINDOWS\SYSTEM32\msdmo.dll
0x000007ffb63b0000 - 0x000007ffb63df000 	C:\Windows\System32\qcap.dll
0x000007ffb2ec0000 - 0x000007ffb3078000 	C:\Windows\System32\quartz.dll
0x000007ffb6370000 - 0x000007ffb63af000 	C:\Windows\System32\ksproxy.ax
0x000007ffba390000 - 0x000007ffba397000 	C:\Windows\System32\ksuser.dll
0x000007ffbbc60000 - 0x000007ffbbe60000 	C:\Windows\System32\d3d9.dll
0x000007ffc92d0000 - 0x000007ffc92dc000 	C:\Windows\System32\vidcap.ax
0x000007ffb6340000 - 0x000007ffb6364000 	C:\Windows\System32\kswdmcap.ax
0x000007ffb2d60000 - 0x000007ffb2eb4000 	C:\Windows\System32\MFC42.dll
0x000007ffb6280000 - 0x000007ffb633e000 	C:\Windows\System32\ODBC32.dll
0x000007ffb4400000 - 0x000007ffb4495000 	C:\Windows\System32\qedit.dll
0x000007ffcfeb0000 - 0x000007ffcff51000 	C:\WINDOWS\system32\COMDLG32.dll
0x000007ffcd4b0000 - 0x000007ffcd650000 	C:\WINDOWS\WinSxS\amd64_microsoft.windows.gdiplus_6595b64144ccf1df_1.1.9200.16384_none_72771d4ecc1c3a4d\gdiplus.dll
0x000007ffb38f0000 - 0x000007ffb39da000 	C:\WINDOWS\SYSTEM32\DDRAW.dll
0x000007ffc7970000 - 0x000007ffc7978000 	C:\WINDOWS\SYSTEM32\DCIMAN32.dll
0x000000005e780000 - 0x000000005e7b4000 	F:\Program Files\Java\Jre7\bin\fontmanager.dll
0x000007ffb4b50000 - 0x000007ffb5cd0000 	C:\WINDOWS\SYSTEM32\nvd3dumx.dll
0x000007ffccdf0000 - 0x000007ffcce33000 	C:\WINDOWS\SYSTEM32\powrprof.dll
0x0000000180000000 - 0x0000000180116000 	C:\Program Files (x86)\NVIDIA Corporation\3D Vision\nvSCPAPI64.dll
0x000007ffca330000 - 0x000007ffca3a4000 	C:\WINDOWS\SYSTEM32\dxgi.dll
0x000007ffc9a40000 - 0x000007ffc9d02000 	C:\WINDOWS\SYSTEM32\nvapi64.dll
0x000007ffc9f50000 - 0x000007ffc9f6f000 	C:\WINDOWS\SYSTEM32\DXGIDebug.dll
0x000000005e9b0000 - 0x000000005e9c9000 	F:\Program Files\Java\Jre7\bin\net.dll
0x000007ffcc760000 - 0x000007ffcc7bc000 	C:\WINDOWS\system32\mswsock.dll
0x000000005e990000 - 0x000000005e9a1000 	F:\Program Files\Java\Jre7\bin\nio.dll
0x000000005e730000 - 0x000000005e771000 	F:\Program Files\Java\Jre7\bin\t2k.dll
0x000007ffca9b0000 - 0x000007ffcab3a000 	C:\WINDOWS\SYSTEM32\WindowsCodecs.dll
0x000007ffccf20000 - 0x000007ffccf35000 	C:\WINDOWS\SYSTEM32\profapi.dll
0x000007ffc8ca0000 - 0x000007ffc8d09000 	C:\WINDOWS\SYSTEM32\oleacc.dll
0x000000005e700000 - 0x000000005e72a000 	F:\Program Files\Java\Jre7\bin\dcpr.dll
0x000007ffb60d0000 - 0x000007ffb6233000 	C:\WINDOWS\SYSTEM32\dbghelp.dll

VM Arguments:
jvm_args: -Dfile.encoding=Cp1252 
java_command: emcscanner.kth.se.Program
Launcher Type: SUN_STANDARD

Environment Variables:
PATH=C:\Program Files (x86)\NVIDIA Corporation\PhysX\Common;C:\WINDOWS\system32;C:\WINDOWS;C:\WINDOWS\System32\Wbem;C:\WINDOWS\System32\WindowsPowerShell\v1.0\;C:\Program Files (x86)\Microsoft SQL Server\90\Tools\binn\;C:\Program Files (x86)\Autodesk\Backburner\;F:\Program Files\MATLAB\R2012a\runtime\win64;F:\Program Files\MATLAB\R2012a\bin;C:\Program Files\Internet Explorer;C:\Program Files\Perforce;F:\Program Files\Perforce;C:\Program Files\Microsoft\Web Platform Installer\;C:\Program Files (x86)\Microsoft ASP.NET\ASP.NET Web Pages\v1.0\;C:\Program Files (x86)\Windows Kits\8.0\Windows Performance Toolkit\;C:\Program Files\Microsoft SQL Server\110\Tools\Binn\;F:\Program Files\Perforce\Server
USERNAME=Jonas
OS=Windows_NT
PROCESSOR_IDENTIFIER=Intel64 Family 6 Model 42 Stepping 7, GenuineIntel



---------------  S Y S T E M  ---------------

OS: Windows 8 , 64 bit Build 9200 

CPU:total 8 (4 cores per cpu, 2 threads per core) family 6 model 42 stepping 7, cmov, cx8, fxsr, mmx, sse, sse2, sse3, ssse3, sse4.1, sse4.2, popcnt, avx, ht, tsc, tscinvbit

Memory: 4k page, physical 16751668k(12554380k free), swap 33528884k(27410604k free)

vm_info: Java HotSpot(TM) 64-Bit Server VM (23.3-b01) for windows-amd64 JRE (1.7.0_07-b11), built on Sep  7 2012 01:19:25 by "java_re" with unknown MS VC++:1600

time: Mon Feb 04 21:55:59 2013
elapsed time: 10 seconds

