#
# A fatal error has been detected by the Java Runtime Environment:
#
#  EXCEPTION_ACCESS_VIOLATION (0xc0000005) at pc=0x000007ffd0028bc0, pid=7852, tid=4640
#
# JRE version: 7.0_07-b11
# Java VM: Java HotSpot(TM) 64-Bit Server VM (23.3-b01 mixed mode windows-amd64 compressed oops)
# Problematic frame:
# C  [ntdll.dll+0x18bc0]  RtlQueueWorkItem+0x8a0
#
# Failed to write core dump. Minidumps are not enabled by default on client versions of Windows
#
# If you would like to submit a bug report, please visit:
#   http://bugreport.sun.com/bugreport/crash.jsp
# The crash happened outside the Java Virtual Machine in native code.
# See problematic frame for where to report the bug.
#

---------------  T H R E A D  ---------------

Current thread (0x0000000013aa6800):  JavaThread "threadDisplayCamera" daemon [_thread_in_native, id=4640, stack(0x000000001ba00000,0x000000001bb00000)]

siginfo: ExceptionCode=0xc0000005, writing address 0x0000000000000024

Registers:
RAX=0x0000000000000000, RBX=0x0000000014bee3a8, RCX=0x00000000fffffffc, RDX=0x00000000000009d0
RSP=0x000000001baff080, RBP=0x0000000000000000, RSI=0x00000000000009d0, RDI=0x0000000000000000
R8 =0xffffffffffffffff, R9 =0x0000000000000004, R10=0x0000000000000000, R11=0x0000000000000246
R12=0x0000000000000000, R13=0x0000000000000000, R14=0x000007f798310000, R15=0x0000000000000000
RIP=0x000007ffd0028bc0, EFLAGS=0x0000000000010213

Top of Stack: (sp=0x000000001baff080)
0x000000001baff080:   00000000000009d0 00000000aafd57de
0x000000001baff090:   000000001baff090 00000006fb7577f9
0x000000001baff0a0:   000000001baff0f0 00000006fb759d48
0x000000001baff0b0:   0000000000000000 00000006fb757810
0x000000001baff0c0:   0000000000000000 000000001baff0e8
0x000000001baff0d0:   000000001baff138 0000000000000421
0x000000001baff0e0:   00000007ab385068 000007ffcd3610ea
0x000000001baff0f0:   00000006fb8e26f8 000000001baff178
0x000000001baff100:   00009bd690f04a1e 0000000000000000
0x000000001baff110:   0000000000000004 0000000000000001
0x000000001baff120:   000000001b409050 00000000ff000000
0x000000001baff130:   0000000000000000 0000000000000000
0x000000001baff140:   000007f798310000 000007ffd001f4d4
0x000000001baff150:   0000000000000000 0000000000000000
0x000000001baff160:   0000000014bee3a8 00000000000005a0
0x000000001baff170:   0000000000000000 0000000013aa69d8 

Instructions: (pc=0x000007ffd0028bc0)
0x000007ffd0028ba0:   43 08 a8 01 0f 85 bd 67 ff ff 8b c8 2b cd f0 0f
0x000007ffd0028bb0:   b1 4b 08 75 ea 48 8b 03 33 ed 48 83 f8 ff 74 03
0x000007ffd0028bc0:   ff 40 24 41 bf 82 03 fe 7f 41 80 3f 00 0f 85 69
0x000007ffd0028bd0:   7a 0e 00 48 83 fe ff 0f 84 bf 7a 0e 00 4c 8b c7 


Register to memory mapping:

RAX=0x0000000000000000 is an unknown value
RBX=0x0000000014bee3a8 is an unknown value
RCX=0x00000000fffffffc is an unknown value
RDX=0x00000000000009d0 is an unknown value
RSP=0x000000001baff080 is pointing into the stack for thread: 0x0000000013aa6800
RBP=0x0000000000000000 is an unknown value
RSI=0x00000000000009d0 is an unknown value
RDI=0x0000000000000000 is an unknown value
R8 =0xffffffffffffffff is an unknown value
R9 =0x0000000000000004 is an unknown value
R10=0x0000000000000000 is an unknown value
R11=0x0000000000000246 is an unknown value
R12=0x0000000000000000 is an unknown value
R13=0x0000000000000000 is an unknown value
R14=0x000007f798310000 is an unknown value
R15=0x0000000000000000 is an unknown value


Stack: [0x000000001ba00000,0x000000001bb00000],  sp=0x000000001baff080,  free space=1020k
Native frames: (J=compiled Java code, j=interpreted, Vv=VM code, C=native code)
C  [ntdll.dll+0x18bc0]  RtlQueueWorkItem+0x8a0

[error occurred during error reporting (printing native stack), id 0xc0000005]

Java frames: (J=compiled Java code, j=interpreted, Vv=VM code)
j  com.googlecode.javacv.cpp.opencv_highgui.cvRetrieveFrame(Lcom/googlecode/javacv/cpp/opencv_highgui$CvCapture;I)Lcom/googlecode/javacv/cpp/opencv_core$IplImage;+0
j  com.googlecode.javacv.cpp.opencv_highgui.cvRetrieveFrame(Lcom/googlecode/javacv/cpp/opencv_highgui$CvCapture;)Lcom/googlecode/javacv/cpp/opencv_core$IplImage;+2
j  com.googlecode.javacv.OpenCVFrameGrabber.grab()Lcom/googlecode/javacv/cpp/opencv_core$IplImage;+4
j  emcscanner.kth.se.CameraPanel$1.run()V+15
v  ~StubRoutines::call_stub

---------------  P R O C E S S  ---------------

Java Threads: ( => current thread )
  0x0000000013b31000 JavaThread "Thread-0" daemon [_thread_in_native, id=8708, stack(0x0000000018550000,0x0000000018650000)]
  0x0000000013b37000 JavaThread "ICEpdf-pagePainter" daemon [_thread_blocked, id=6528, stack(0x0000000029c20000,0x0000000029d20000)]
  0x0000000013b33000 JavaThread "ICEpdf-pageInitializer" daemon [_thread_blocked, id=8800, stack(0x00000000299e0000,0x0000000029ae0000)]
  0x0000000013b32800 JavaThread "DestroyJavaVM" [_thread_blocked, id=9112, stack(0x0000000002660000,0x0000000002760000)]
  0x0000000013b36000 JavaThread "TimerQueue" daemon [_thread_blocked, id=10064, stack(0x0000000025d80000,0x0000000025e80000)]
  0x0000000014cd8800 JavaThread "threadDisplayDensity" daemon [_thread_blocked, id=10036, stack(0x0000000022060000,0x0000000022160000)]
  0x0000000014cdc000 JavaThread "AWT-EventQueue-0" [_thread_blocked, id=8456, stack(0x000000001fc80000,0x000000001fd80000)]
  0x0000000014cdb000 JavaThread "threadDisplay" daemon [_thread_blocked, id=1284, stack(0x000000001f950000,0x000000001fa50000)]
  0x0000000014a83000 JavaThread "threadDisplay" daemon [_thread_in_vm, id=1252, stack(0x000000001e210000,0x000000001e310000)]
  0x0000000014a80000 JavaThread "Image Fetcher 1" daemon [_thread_blocked, id=9604, stack(0x000000001e110000,0x000000001e210000)]
  0x0000000014db5800 JavaThread "AWT-Shutdown" [_thread_blocked, id=5444, stack(0x000000001bb00000,0x000000001bc00000)]
=>0x0000000013aa6800 JavaThread "threadDisplayCamera" daemon [_thread_in_native, id=4640, stack(0x000000001ba00000,0x000000001bb00000)]
  0x0000000013aa8000 JavaThread "Image Fetcher 0" daemon [_thread_blocked, id=9068, stack(0x00000000146c0000,0x00000000147c0000)]
  0x0000000013aa7000 JavaThread "AWT-Windows" daemon [_thread_in_native, id=6524, stack(0x0000000014380000,0x0000000014480000)]
  0x0000000013aa5800 JavaThread "Java2D Disposer" daemon [_thread_blocked, id=4964, stack(0x0000000014180000,0x0000000014280000)]
  0x000000001138f800 JavaThread "Service Thread" daemon [_thread_blocked, id=5512, stack(0x0000000013780000,0x0000000013880000)]
  0x0000000011389800 JavaThread "C2 CompilerThread1" daemon [_thread_blocked, id=6824, stack(0x0000000013680000,0x0000000013780000)]
  0x000000001137d800 JavaThread "C2 CompilerThread0" daemon [_thread_blocked, id=4404, stack(0x0000000013580000,0x0000000013680000)]
  0x0000000011378800 JavaThread "Attach Listener" daemon [_thread_blocked, id=6148, stack(0x0000000013480000,0x0000000013580000)]
  0x000000001136c000 JavaThread "Signal Dispatcher" daemon [_thread_blocked, id=2504, stack(0x0000000013380000,0x0000000013480000)]
  0x0000000011310000 JavaThread "Finalizer" daemon [_thread_blocked, id=692, stack(0x0000000013280000,0x0000000013380000)]
  0x0000000011309000 JavaThread "Reference Handler" daemon [_thread_blocked, id=7904, stack(0x0000000013180000,0x0000000013280000)]

Other Threads:
  0x0000000011303800 VMThread [stack: 0x0000000013080000,0x0000000013180000] [id=9420]
  0x00000000113aa000 WatcherThread [stack: 0x0000000013880000,0x0000000013980000] [id=9712]

VM state:not at safepoint (normal execution)

VM Mutex/Monitor currently owned by a thread: None

Heap
 PSYoungGen      total 561536K, used 294475K [0x00000007aacb0000, 0x00000007e3170000, 0x0000000800000000)
  eden space 513024K, 49% used [0x00000007aacb0000,0x00000007ba2e9298,0x00000007ca1b0000)
  from space 48512K, 87% used [0x00000007ca1b0000,0x00000007ccb09c30,0x00000007cd110000)
  to   space 50752K, 0% used [0x00000007dffe0000,0x00000007dffe0000,0x00000007e3170000)
 ParOldGen       total 174528K, used 123992K [0x0000000700600000, 0x000000070b070000, 0x00000007aacb0000)
  object space 174528K, 71% used [0x0000000700600000,0x0000000707f16300,0x000000070b070000)
 PSPermGen       total 21248K, used 18056K [0x00000006fb400000, 0x00000006fc8c0000, 0x0000000700600000)
  object space 21248K, 84% used [0x00000006fb400000,0x00000006fc5a2218,0x00000006fc8c0000)

Card table byte_map: [0x0000000005920000,0x0000000006150000] byte_map_base: 0x0000000002146000

Polling page: 0x00000000024d0000

Code Cache  [0x0000000002860000, 0x0000000002ad0000, 0x0000000005860000)
 total_blobs=843 nmethods=260 adapters=534 free_code_cache=47859Kb largest_free_block=48918144

Compilation events (10 events):
Event: 5.864 Thread 0x0000000011389800  267             java.util.IdentityHashMap::clear (39 bytes)
Event: 5.865 Thread 0x0000000011389800 nmethod 267 0x0000000002998d90 code [0x0000000002998ec0, 0x0000000002999018]
Event: 5.971 Thread 0x000000001137d800  268             java.util.IdentityHashMap$IdentityHashMapIterator::hasNext (50 bytes)
Event: 5.972 Thread 0x000000001137d800 nmethod 268 0x00000000029989d0 code [0x0000000002998b00, 0x0000000002998cb8]
Event: 6.052 Thread 0x0000000011389800  269             java.lang.Integer::intValue (5 bytes)
Event: 6.052 Thread 0x0000000011389800 nmethod 269 0x00000000029987d0 code [0x0000000002998900, 0x0000000002998958]
Event: 6.220 Thread 0x000000001137d800  270             java.util.concurrent.locks.AbstractOwnableSynchronizer::getExclusiveOwnerThread (5 bytes)
Event: 6.220 Thread 0x000000001137d800 nmethod 270 0x00000000029985d0 code [0x0000000002998700, 0x0000000002998778]
Event: 7.385 Thread 0x0000000011389800  271             sun.java2d.loops.SurfaceType::getUniqueID (5 bytes)
Event: 7.386 Thread 0x0000000011389800 nmethod 271 0x00000000029983d0 code [0x0000000002998500, 0x0000000002998558]

GC Heap History (10 events):
Event: 3.751 GC heap before
{Heap before GC invocations=5 (full 0):
 PSYoungGen      total 141824K, used 141440K [0x00000007aacb0000, 0x00000007b41d0000, 0x0000000800000000)
  eden space 130944K, 99% used [0x00000007aacb0000,0x00000007b2c32650,0x00000007b2c90000)
  from space 10880K, 99% used [0x00000007b3730000,0x00000007b41cdd30,0x00000007b41d0000)
  to   space 10880K, 0% used [0x00000007b2c90000,0x00000007b2c90000,0x00000007b3730000)
 ParOldGen       total 174528K, used 50817K [0x0000000700600000, 0x000000070b070000, 0x00000007aacb0000)
  object space 174528K, 29% used [0x0000000700600000,0x00000007037a05b8,0x000000070b070000)
 PSPermGen       total 21248K, used 16839K [0x00000006fb400000, 0x00000006fc8c0000, 0x0000000700600000)
  object space 21248K, 79% used [0x00000006fb400000,0x00000006fc471e38,0x00000006fc8c0000)
Event: 3.766 GC heap after
Heap after GC invocations=5 (full 0):
 PSYoungGen      total 141824K, used 10857K [0x00000007aacb0000, 0x00000007c03d0000, 0x0000000800000000)
  eden space 130944K, 0% used [0x00000007aacb0000,0x00000007aacb0000,0x00000007b2c90000)
  from space 10880K, 99% used [0x00000007b2c90000,0x00000007b372a620,0x00000007b3730000)
  to   space 44736K, 0% used [0x00000007bd820000,0x00000007bd820000,0x00000007c03d0000)
 ParOldGen       total 174528K, used 94187K [0x0000000700600000, 0x000000070b070000, 0x00000007aacb0000)
  object space 174528K, 53% used [0x0000000700600000,0x00000007061fad98,0x000000070b070000)
 PSPermGen       total 21248K, used 16839K [0x00000006fb400000, 0x00000006fc8c0000, 0x0000000700600000)
  object space 21248K, 79% used [0x00000006fb400000,0x00000006fc471e38,0x00000006fc8c0000)
}
Event: 4.176 GC heap before
{Heap before GC invocations=6 (full 0):
 PSYoungGen      total 141824K, used 141801K [0x00000007aacb0000, 0x00000007c03d0000, 0x0000000800000000)
  eden space 130944K, 100% used [0x00000007aacb0000,0x00000007b2c90000,0x00000007b2c90000)
  from space 10880K, 99% used [0x00000007b2c90000,0x00000007b372a620,0x00000007b3730000)
  to   space 44736K, 0% used [0x00000007bd820000,0x00000007bd820000,0x00000007c03d0000)
 ParOldGen       total 174528K, used 94187K [0x0000000700600000, 0x000000070b070000, 0x00000007aacb0000)
  object space 174528K, 53% used [0x0000000700600000,0x00000007061fad98,0x000000070b070000)
 PSPermGen       total 21248K, used 17770K [0x00000006fb400000, 0x00000006fc8c0000, 0x0000000700600000)
  object space 21248K, 83% used [0x00000006fb400000,0x00000006fc55a990,0x00000006fc8c0000)
Event: 4.192 GC heap after
Heap after GC invocations=6 (full 0):
 PSYoungGen      total 301760K, used 42654K [0x00000007aacb0000, 0x00000007c0d50000, 0x0000000800000000)
  eden space 257024K, 0% used [0x00000007aacb0000,0x00000007aacb0000,0x00000007ba7b0000)
  from space 44736K, 95% used [0x00000007bd820000,0x00000007c01c7930,0x00000007c03d0000)
  to   space 49600K, 0% used [0x00000007ba7b0000,0x00000007ba7b0000,0x00000007bd820000)
 ParOldGen       total 174528K, used 112420K [0x0000000700600000, 0x000000070b070000, 0x00000007aacb0000)
  object space 174528K, 64% used [0x0000000700600000,0x00000007073c91c8,0x000000070b070000)
 PSPermGen       total 21248K, used 17770K [0x00000006fb400000, 0x00000006fc8c0000, 0x0000000700600000)
  object space 21248K, 83% used [0x00000006fb400000,0x00000006fc55a990,0x00000006fc8c0000)
}
Event: 5.057 GC heap before
{Heap before GC invocations=7 (full 0):
 PSYoungGen      total 301760K, used 298874K [0x00000007aacb0000, 0x00000007c0d50000, 0x0000000800000000)
  eden space 257024K, 99% used [0x00000007aacb0000,0x00000007ba6e7208,0x00000007ba7b0000)
  from space 44736K, 95% used [0x00000007bd820000,0x00000007c01c7930,0x00000007c03d0000)
  to   space 49600K, 0% used [0x00000007ba7b0000,0x00000007ba7b0000,0x00000007bd820000)
 ParOldGen       total 174528K, used 112420K [0x0000000700600000, 0x000000070b070000, 0x00000007aacb0000)
  object space 174528K, 64% used [0x0000000700600000,0x00000007073c91c8,0x000000070b070000)
 PSPermGen       total 21248K, used 17985K [0x00000006fb400000, 0x00000006fc8c0000, 0x0000000700600000)
  object space 21248K, 84% used [0x00000006fb400000,0x00000006fc590558,0x00000006fc8c0000)
Event: 5.071 GC heap after
Heap after GC invocations=7 (full 0):
 PSYoungGen      total 306624K, used 30182K [0x00000007aacb0000, 0x00000007cff70000, 0x0000000800000000)
  eden space 257024K, 0% used [0x00000007aacb0000,0x00000007aacb0000,0x00000007ba7b0000)
  from space 49600K, 60% used [0x00000007ba7b0000,0x00000007bc529840,0x00000007bd820000)
  to   space 47488K, 0% used [0x00000007cd110000,0x00000007cd110000,0x00000007cff70000)
 ParOldGen       total 174528K, used 115836K [0x0000000700600000, 0x000000070b070000, 0x00000007aacb0000)
  object space 174528K, 66% used [0x0000000700600000,0x000000070771f010,0x000000070b070000)
 PSPermGen       total 21248K, used 17985K [0x00000006fb400000, 0x00000006fc8c0000, 0x0000000700600000)
  object space 21248K, 84% used [0x00000006fb400000,0x00000006fc590558,0x00000006fc8c0000)
}
Event: 5.749 GC heap before
{Heap before GC invocations=8 (full 0):
 PSYoungGen      total 306624K, used 286339K [0x00000007aacb0000, 0x00000007cff70000, 0x0000000800000000)
  eden space 257024K, 99% used [0x00000007aacb0000,0x00000007ba6d7420,0x00000007ba7b0000)
  from space 49600K, 60% used [0x00000007ba7b0000,0x00000007bc529840,0x00000007bd820000)
  to   space 47488K, 0% used [0x00000007cd110000,0x00000007cd110000,0x00000007cff70000)
 ParOldGen       total 174528K, used 115836K [0x0000000700600000, 0x000000070b070000, 0x00000007aacb0000)
  object space 174528K, 66% used [0x0000000700600000,0x000000070771f010,0x000000070b070000)
 PSPermGen       total 21248K, used 18004K [0x00000006fb400000, 0x00000006fc8c0000, 0x0000000700600000)
  object space 21248K, 84% used [0x00000006fb400000,0x00000006fc595078,0x00000006fc8c0000)
Event: 5.761 GC heap after
Heap after GC invocations=8 (full 0):
 PSYoungGen      total 560512K, used 38267K [0x00000007aacb0000, 0x00000007d0170000, 0x0000000800000000)
  eden space 513024K, 0% used [0x00000007aacb0000,0x00000007aacb0000,0x00000007ca1b0000)
  from space 47488K, 80% used [0x00000007cd110000,0x00000007cf66ecf0,0x00000007cff70000)
  to   space 48512K, 0% used [0x00000007ca1b0000,0x00000007ca1b0000,0x00000007cd110000)
 ParOldGen       total 174528K, used 122621K [0x0000000700600000, 0x000000070b070000, 0x00000007aacb0000)
  object space 174528K, 70% used [0x0000000700600000,0x0000000707dbf430,0x000000070b070000)
 PSPermGen       total 21248K, used 18004K [0x00000006fb400000, 0x00000006fc8c0000, 0x0000000700600000)
  object space 21248K, 84% used [0x00000006fb400000,0x00000006fc595078,0x00000006fc8c0000)
}
Event: 6.814 GC heap before
{Heap before GC invocations=9 (full 0):
 PSYoungGen      total 560512K, used 548542K [0x00000007aacb0000, 0x00000007d0170000, 0x0000000800000000)
  eden space 513024K, 99% used [0x00000007aacb0000,0x00000007c9f00cd0,0x00000007ca1b0000)
  from space 47488K, 80% used [0x00000007cd110000,0x00000007cf66ecf0,0x00000007cff70000)
  to   space 48512K, 0% used [0x00000007ca1b0000,0x00000007ca1b0000,0x00000007cd110000)
 ParOldGen       total 174528K, used 122621K [0x0000000700600000, 0x000000070b070000, 0x00000007aacb0000)
  object space 174528K, 70% used [0x0000000700600000,0x0000000707dbf430,0x000000070b070000)
 PSPermGen       total 21248K, used 18007K [0x00000006fb400000, 0x00000006fc8c0000, 0x0000000700600000)
  object space 21248K, 84% used [0x00000006fb400000,0x00000006fc595f90,0x00000006fc8c0000)
Event: 6.825 GC heap after
Heap after GC invocations=9 (full 0):
 PSYoungGen      total 561536K, used 42343K [0x00000007aacb0000, 0x00000007e3170000, 0x0000000800000000)
  eden space 513024K, 0% used [0x00000007aacb0000,0x00000007aacb0000,0x00000007ca1b0000)
  from space 48512K, 87% used [0x00000007ca1b0000,0x00000007ccb09c30,0x00000007cd110000)
  to   space 50752K, 0% used [0x00000007dffe0000,0x00000007dffe0000,0x00000007e3170000)
 ParOldGen       total 174528K, used 123992K [0x0000000700600000, 0x000000070b070000, 0x00000007aacb0000)
  object space 174528K, 71% used [0x0000000700600000,0x0000000707f16300,0x000000070b070000)
 PSPermGen       total 21248K, used 18007K [0x00000006fb400000, 0x00000006fc8c0000, 0x0000000700600000)
  object space 21248K, 84% used [0x00000006fb400000,0x00000006fc595f90,0x00000006fc8c0000)
}

Deoptimization events (10 events):
Event: 2.858 Thread 0x000000000265e000 Uncommon trap -83 fr.pc 0x000000000290cd7c
Event: 3.383 Thread 0x0000000014cdc000 Uncommon trap 43 fr.pc 0x0000000002928d54
Event: 3.546 Thread 0x0000000014cdc000 Uncommon trap -122 fr.pc 0x00000000028d2884
Event: 3.895 Thread 0x0000000014cdc000 Uncommon trap -83 fr.pc 0x0000000002924de4
Event: 3.965 Thread 0x0000000013b33000 Uncommon trap -83 fr.pc 0x00000000029249b4
Event: 4.015 Thread 0x0000000013b33000 Uncommon trap -83 fr.pc 0x0000000002924604
Event: 4.031 Thread 0x0000000013b33000 Uncommon trap -83 fr.pc 0x00000000028ddfa8
Event: 4.094 Thread 0x0000000013b33000 Uncommon trap -83 fr.pc 0x000000000294ecbc
Event: 4.126 Thread 0x0000000013b33000 Uncommon trap -83 fr.pc 0x0000000002950598
Event: 4.363 Thread 0x0000000013b37000 Uncommon trap -83 fr.pc 0x000000000299317c

Internal exceptions (10 events):
Event: 4.137 Thread 0x0000000013b33000 Threw 0x00000007b1f6e9b8 at C:\jdk7u1_64p\jdk7u7\hotspot\src\share\vm\prims\jvm.cpp:1166
Event: 4.175 Thread 0x0000000013b33000 Threw 0x00000007b2c83468 at C:\jdk7u1_64p\jdk7u7\hotspot\src\share\vm\prims\jvm.cpp:1166
Event: 4.175 Thread 0x0000000013b33000 Threw 0x00000007b2c86388 at C:\jdk7u1_64p\jdk7u7\hotspot\src\share\vm\prims\jvm.cpp:1166
Event: 4.198 Thread 0x0000000013b33000 Threw 0x00000007aacb6810 at C:\jdk7u1_64p\jdk7u7\hotspot\src\share\vm\prims\jvm.cpp:1166
Event: 4.198 Thread 0x0000000013b33000 Threw 0x00000007aacb9730 at C:\jdk7u1_64p\jdk7u7\hotspot\src\share\vm\prims\jvm.cpp:1166
Event: 4.199 Thread 0x0000000013b33000 Threw 0x00000007aacbc8e0 at C:\jdk7u1_64p\jdk7u7\hotspot\src\share\vm\prims\jvm.cpp:1166
Event: 4.199 Thread 0x0000000013b33000 Threw 0x00000007aacbf800 at C:\jdk7u1_64p\jdk7u7\hotspot\src\share\vm\prims\jvm.cpp:1166
Event: 4.350 Thread 0x0000000013b37000 Threw 0x00000007ae3a5cb0 at C:\jdk7u1_64p\jdk7u7\hotspot\src\share\vm\prims\jvm.cpp:1166
Event: 4.355 Thread 0x0000000013b37000 Threw 0x00000007ae3b6540 at C:\jdk7u1_64p\jdk7u7\hotspot\src\share\vm\prims\jvm.cpp:1166
Event: 4.556 Thread 0x0000000013b37000 Threw 0x00000007b1c9bf98 at C:\jdk7u1_64p\jdk7u7\hotspot\src\share\vm\prims\jvm.cpp:1166

Events (10 events):
Event: 6.826 loading class 0x0000000013983f30
Event: 6.826 loading class 0x0000000013983f30 done
Event: 6.827 loading class 0x0000000014d0d370
Event: 6.827 loading class 0x0000000014d0d370 done
Event: 6.827 loading class 0x0000000013c318a0
Event: 6.827 loading class 0x0000000014b7c470
Event: 6.827 loading class 0x0000000014b7c470 done
Event: 6.827 loading class 0x0000000013c318a0 done
Event: 6.827 loading class 0x00000000139833f0
Event: 6.827 loading class 0x00000000139833f0 done


Dynamic libraries:
0x000007f798e80000 - 0x000007f798eb4000 	F:\Program Files\Java\Jre7\bin\javaw.exe
0x000007ffd0010000 - 0x000007ffd01ce000 	C:\WINDOWS\SYSTEM32\ntdll.dll
0x000007ffcd650000 - 0x000007ffcd786000 	C:\WINDOWS\system32\KERNEL32.DLL
0x000007ffcd360000 - 0x000007ffcd453000 	C:\WINDOWS\system32\KERNELBASE.dll
0x000007ffcdad0000 - 0x000007ffcdbae000 	C:\WINDOWS\system32\ADVAPI32.dll
0x000007ffcf8a0000 - 0x000007ffcf9ec000 	C:\WINDOWS\system32\USER32.dll
0x000007ffca740000 - 0x000007ffca9a9000 	C:\WINDOWS\WinSxS\amd64_microsoft.windows.common-controls_6595b64144ccf1df_6.0.9200.16384_none_418c2a697189c07f\COMCTL32.dll
0x000007ffcd940000 - 0x000007ffcd9e5000 	C:\WINDOWS\system32\msvcrt.dll
0x000007ffcd460000 - 0x000007ffcd4a8000 	C:\WINDOWS\SYSTEM32\sechost.dll
0x000007ffcf760000 - 0x000007ffcf8a0000 	C:\WINDOWS\system32\RPCRT4.dll
0x000007ffcdec0000 - 0x000007ffce000000 	C:\WINDOWS\system32\GDI32.dll
0x000007ffcda90000 - 0x000007ffcdac9000 	C:\WINDOWS\system32\IMM32.DLL
0x000007ffcf9f0000 - 0x000007ffcfb05000 	C:\WINDOWS\system32\MSCTF.dll
0x000007ffccf00000 - 0x000007ffccf08000 	C:\PROGRA~2\NVIDIA~1\3DVISI~1\NVSTIN~1.DLL
0x000007ffcda80000 - 0x000007ffcda87000 	C:\WINDOWS\system32\PSAPI.DLL
0x0000000061700000 - 0x00000000617a3000 	C:\WINDOWS\WinSxS\amd64_microsoft.vc90.crt_1fc8b3b9a1e18e3b_9.0.30729.6871_none_08e717a5a83adddf\MSVCR90.dll
0x000000005f150000 - 0x000000005f221000 	F:\Program Files\Java\Jre7\bin\msvcr100.dll
0x000000005ea30000 - 0x000000005f14f000 	F:\Program Files\Java\Jre7\bin\server\jvm.dll
0x000007ffc53f0000 - 0x000007ffc53f9000 	C:\WINDOWS\SYSTEM32\WSOCK32.dll
0x000007ffca070000 - 0x000007ffca090000 	C:\WINDOWS\SYSTEM32\WINMM.dll
0x000007ffcffb0000 - 0x000007ffd0008000 	C:\WINDOWS\system32\WS2_32.dll
0x000007ffc9f70000 - 0x000007ffc9fa2000 	C:\WINDOWS\SYSTEM32\WINMMBASE.dll
0x000007ffcfb10000 - 0x000007ffcfb19000 	C:\WINDOWS\system32\NSI.dll
0x000000005ea20000 - 0x000000005ea2f000 	F:\Program Files\Java\Jre7\bin\verify.dll
0x000000005e9f0000 - 0x000000005ea18000 	F:\Program Files\Java\Jre7\bin\java.dll
0x000000005e9d0000 - 0x000000005e9e5000 	F:\Program Files\Java\Jre7\bin\zip.dll
0x000000005e7c0000 - 0x000000005e953000 	F:\Program Files\Java\Jre7\bin\awt.dll
0x000007ffcdbb0000 - 0x000007ffcdc73000 	C:\WINDOWS\system32\OLEAUT32.dll
0x000007ffcd790000 - 0x000007ffcd940000 	C:\WINDOWS\system32\combase.dll
0x000007ffc7130000 - 0x000007ffc71cf000 	C:\WINDOWS\system32\apphelp.dll
0x000007ffcbd00000 - 0x000007ffcbde3000 	C:\WINDOWS\system32\uxtheme.dll
0x000007ffc71e0000 - 0x000007ffc7275000 	C:\Program Files\Common Files\microsoft shared\ink\tiptsf.dll
0x000007ffcae20000 - 0x000007ffcae41000 	C:\WINDOWS\SYSTEM32\dwmapi.dll
0x000007ffce000000 - 0x000007ffce17e000 	C:\WINDOWS\system32\ole32.dll
0x000007ffccd70000 - 0x000007ffccd7a000 	C:\WINDOWS\SYSTEM32\CRYPTBASE.dll
0x000007ffcccf0000 - 0x000007ffccd4c000 	C:\WINDOWS\SYSTEM32\bcryptPrimitives.dll
0x000007ffce470000 - 0x000007ffcf758000 	C:\WINDOWS\system32\SHELL32.dll
0x000007ffcff60000 - 0x000007ffcffb0000 	C:\WINDOWS\system32\SHLWAPI.dll
0x000007ffcc0d0000 - 0x000007ffcc166000 	C:\WINDOWS\SYSTEM32\shcore.dll
0x00000000605d0000 - 0x0000000060668000 	C:\Windows\System32\msvcp100.dll
0x000007ffb2c00000 - 0x000007ffb2e58000 	C:\opencv\build\x64\vc10\bin\opencv_core243.dll
0x000007ffb8730000 - 0x000007ffb87c5000 	C:\Users\Jonas\AppData\Local\Temp\javacpp167046671242121\jniopencv_core.dll
0x000007ffb1070000 - 0x000007ffb1315000 	C:\opencv\build\x64\vc10\bin\opencv_imgproc243.dll
0x000007ffc6860000 - 0x000007ffc68a8000 	C:\Users\Jonas\AppData\Local\Temp\javacpp167046671242121\jniopencv_imgproc.dll
0x0000000066840000 - 0x00000000675ca000 	C:\opencv\build\x64\vc10\bin\opencv_ffmpeg243_64.dll
0x000007ffb0e20000 - 0x000007ffb106b000 	C:\opencv\build\x64\vc10\bin\opencv_highgui243.dll
0x000007ffc6840000 - 0x000007ffc6860000 	C:\WINDOWS\SYSTEM32\AVIFIL32.dll
0x000007ffc69e0000 - 0x000007ffc6a09000 	C:\WINDOWS\SYSTEM32\MSVFW32.dll
0x000007ffc6a10000 - 0x000007ffc6a27000 	C:\WINDOWS\SYSTEM32\AVICAP32.dll
0x000007ffba340000 - 0x000007ffba359000 	C:\WINDOWS\SYSTEM32\MSACM32.dll
0x000007ffcacb0000 - 0x000007ffcacb9000 	C:\WINDOWS\SYSTEM32\VERSION.dll
0x000007ffc6820000 - 0x000007ffc6833000 	C:\Users\Jonas\AppData\Local\Temp\javacpp167046671242121\jniopencv_highgui.dll
0x000007ffce1b0000 - 0x000007ffce246000 	C:\WINDOWS\SYSTEM32\clbcatq.dll
0x000007ffc67b0000 - 0x000007ffc67c7000 	C:\Windows\System32\devenum.dll
0x000007ffcdc80000 - 0x000007ffcde50000 	C:\WINDOWS\system32\setupapi.dll
0x000007ffcd020000 - 0x000007ffcd06f000 	C:\WINDOWS\system32\CFGMGR32.dll
0x000007ffccff0000 - 0x000007ffcd012000 	C:\WINDOWS\system32\DEVOBJ.dll
0x000007ffc5fd0000 - 0x000007ffc5ffe000 	C:\WINDOWS\SYSTEM32\ntmarta.dll
0x000007ffcd070000 - 0x000007ffcd0c5000 	C:\WINDOWS\system32\WINTRUST.dll
0x000007ffcd0d0000 - 0x000007ffcd2a7000 	C:\WINDOWS\system32\CRYPT32.dll
0x000007ffccfd0000 - 0x000007ffccfe6000 	C:\WINDOWS\system32\MSASN1.dll
0x000007ffc7800000 - 0x000007ffc780d000 	C:\WINDOWS\SYSTEM32\msdmo.dll
0x000007ffc6780000 - 0x000007ffc67af000 	C:\Windows\System32\qcap.dll
0x000007ffb2a40000 - 0x000007ffb2bf8000 	C:\Windows\System32\quartz.dll
0x000007ffc4200000 - 0x000007ffc423f000 	C:\Windows\System32\ksproxy.ax
0x000007ffba390000 - 0x000007ffba397000 	C:\Windows\System32\ksuser.dll
0x000007ffbbc60000 - 0x000007ffbbe60000 	C:\Windows\System32\d3d9.dll
0x000007ffc7080000 - 0x000007ffc708c000 	C:\Windows\System32\vidcap.ax
0x000007ffc60b0000 - 0x000007ffc60d4000 	C:\Windows\System32\kswdmcap.ax
0x000007ffb1960000 - 0x000007ffb1ab4000 	C:\Windows\System32\MFC42.dll
0x000007ffb6010000 - 0x000007ffb60ce000 	C:\Windows\System32\ODBC32.dll
0x000007ffb7f20000 - 0x000007ffb7fb5000 	C:\Windows\System32\qedit.dll
0x000007ffcfeb0000 - 0x000007ffcff51000 	C:\WINDOWS\system32\COMDLG32.dll
0x000007ffcd4b0000 - 0x000007ffcd650000 	C:\WINDOWS\WinSxS\amd64_microsoft.windows.gdiplus_6595b64144ccf1df_1.1.9200.16384_none_72771d4ecc1c3a4d\gdiplus.dll
0x000007ffb38f0000 - 0x000007ffb39da000 	C:\WINDOWS\SYSTEM32\DDRAW.dll
0x000007ffc7970000 - 0x000007ffc7978000 	C:\WINDOWS\SYSTEM32\DCIMAN32.dll
0x000000005e780000 - 0x000000005e7b4000 	F:\Program Files\Java\Jre7\bin\fontmanager.dll
0x000007ffb4b50000 - 0x000007ffb5cd0000 	C:\WINDOWS\SYSTEM32\nvd3dumx.dll
0x000007ffccdf0000 - 0x000007ffcce33000 	C:\WINDOWS\SYSTEM32\powrprof.dll
0x0000000180000000 - 0x0000000180116000 	C:\Program Files (x86)\NVIDIA Corporation\3D Vision\nvSCPAPI64.dll
0x000007ffca330000 - 0x000007ffca3a4000 	C:\WINDOWS\SYSTEM32\dxgi.dll
0x000007ffc9a40000 - 0x000007ffc9d02000 	C:\WINDOWS\SYSTEM32\nvapi64.dll
0x000007ffc9f50000 - 0x000007ffc9f6f000 	C:\WINDOWS\SYSTEM32\DXGIDebug.dll
0x000000005e9b0000 - 0x000000005e9c9000 	F:\Program Files\Java\Jre7\bin\net.dll
0x000007ffcc760000 - 0x000007ffcc7bc000 	C:\WINDOWS\system32\mswsock.dll
0x000000005e990000 - 0x000000005e9a1000 	F:\Program Files\Java\Jre7\bin\nio.dll
0x000000005e730000 - 0x000000005e771000 	F:\Program Files\Java\Jre7\bin\t2k.dll
0x000007ffca9b0000 - 0x000007ffcab3a000 	C:\WINDOWS\SYSTEM32\WindowsCodecs.dll
0x000007ffccf20000 - 0x000007ffccf35000 	C:\WINDOWS\SYSTEM32\profapi.dll
0x000007ffc8ca0000 - 0x000007ffc8d09000 	C:\WINDOWS\SYSTEM32\oleacc.dll
0x000000005e700000 - 0x000000005e72a000 	F:\Program Files\Java\Jre7\bin\dcpr.dll
0x000007ffb60d0000 - 0x000007ffb6233000 	C:\WINDOWS\SYSTEM32\dbghelp.dll

VM Arguments:
jvm_args: -Dfile.encoding=Cp1252 
java_command: emcscanner.kth.se.Program
Launcher Type: SUN_STANDARD

Environment Variables:
PATH=C:\Program Files (x86)\NVIDIA Corporation\PhysX\Common;C:\WINDOWS\system32;C:\WINDOWS;C:\WINDOWS\System32\Wbem;C:\WINDOWS\System32\WindowsPowerShell\v1.0\;C:\Program Files (x86)\Microsoft SQL Server\90\Tools\binn\;C:\Program Files (x86)\Autodesk\Backburner\;F:\Program Files\MATLAB\R2012a\runtime\win64;F:\Program Files\MATLAB\R2012a\bin;PROGRAMFILES\Internet Explorer;C:\Program Files\Perforce;F:\Program Files\Perforce;C:\Program Files\Microsoft\Web Platform Installer\;C:\Program Files (x86)\Microsoft ASP.NET\ASP.NET Web Pages\v1.0\;C:\Program Files (x86)\Windows Kits\8.0\Windows Performance Toolkit\;C:\Program Files\Microsoft SQL Server\110\Tools\Binn\;F:\Program Files\Perforce\Server
USERNAME=Jonas
OS=Windows_NT
PROCESSOR_IDENTIFIER=Intel64 Family 6 Model 42 Stepping 7, GenuineIntel



---------------  S Y S T E M  ---------------

OS: Windows 8 , 64 bit Build 9200 

CPU:total 8 (4 cores per cpu, 2 threads per core) family 6 model 42 stepping 7, cmov, cx8, fxsr, mmx, sse, sse2, sse3, ssse3, sse4.1, sse4.2, popcnt, avx, ht, tsc, tscinvbit

Memory: 4k page, physical 16751668k(10978248k free), swap 33528884k(24698544k free)

vm_info: Java HotSpot(TM) 64-Bit Server VM (23.3-b01) for windows-amd64 JRE (1.7.0_07-b11), built on Sep  7 2012 01:19:25 by "java_re" with unknown MS VC++:1600

time: Wed Feb 06 15:06:02 2013
elapsed time: 7 seconds

