#
# A fatal error has been detected by the Java Runtime Environment:
#
#  EXCEPTION_ACCESS_VIOLATION (0xc0000005) at pc=0x000007ffb1c8c8d4, pid=5896, tid=5880
#
# JRE version: 7.0_07-b11
# Java VM: Java HotSpot(TM) 64-Bit Server VM (23.3-b01 mixed mode windows-amd64 compressed oops)
# Problematic frame:
# C  [opencv_imgproc243.dll+0x5c8d4]  cv::FilterEngine::~FilterEngine+0x2b74
#
# Failed to write core dump. Minidumps are not enabled by default on client versions of Windows
#
# If you would like to submit a bug report, please visit:
#   http://bugreport.sun.com/bugreport/crash.jsp
# The crash happened outside the Java Virtual Machine in native code.
# See problematic frame for where to report the bug.
#

---------------  T H R E A D  ---------------

Current thread (0x000000001370f800):  JavaThread "threadDisplayCamera" daemon [_thread_in_native, id=5880, stack(0x000000001a560000,0x000000001a660000)]

siginfo: ExceptionCode=0xc0000005, writing address 0x000000001a227000

Registers:
RAX=0x0000000000000001, RBX=0x0000000014af2378, RCX=0x00000000239e3b50, RDX=0x00000000239d8750
RSP=0x000000001a65e680, RBP=0x0000000000001680, RSI=0x0000000014af2368, RDI=0x000000000000011c
R8 =0x0000000000001300, R9 =0x0000000000000001, R10=0x000000001a227010, R11=0x00000000138846e4
R12=0x0000000000000002, R13=0x0000000000000002, R14=0x0000000000001680, R15=0x000000001a226b50
RIP=0x000007ffb1c8c8d4, EFLAGS=0x0000000000010202

Top of Stack: (sp=0x000000001a65e680)
0x000000001a65e680:   0000000000000000 0000000000000000
0x000000001a65e690:   0000000000000000 0000000000000000
0x000000001a65e6a0:   0000000000000000 0000000000000000
0x000000001a65e6b0:   00000000239d8750 0000000014af2378
0x000000001a65e6c0:   0000000000001680 000000001a226b50
0x000000001a65e6d0:   0000800000000010 000007ffb1ca733a
0x000000001a65e6e0:   0000000000000040 0000000000008000
0x000000001a65e6f0:   0000000000000000 000007ffb1c935a3
0x000000001a65e700:   0000004013880100 00000000239d2d50
0x000000001a65e710:   0000000000000080 00000000239d8750
0x000000001a65e720:   0000000000000003 00000000239de150
0x000000001a65e730:   0000000014af2378 0000000000001680
0x000000001a65e740:   00000000144d7308 000000005ebfae23
0x000000001a65e750:   000000001a22aed0 0000000000000003
0x000000001a65e760:   0000000000000006 0000000014544100
0x000000001a65e770:   0000000000000006 000000001a65e890 

Instructions: (pc=0x000007ffb1c8c8d4)
0x000007ffb1c8c8b4:   c3 66 0f 5b cd 49 83 c2 10 49 83 c0 40 48 ff cf
0x000007ffb1c8c8c4:   66 0f 6b d0 66 0f 5b c6 66 0f 6b c8 66 0f 67 d1
0x000007ffb1c8c8d4:   f3 41 0f 7f 52 f0 0f 85 f0 fe ff ff 41 8d 46 fc
0x000007ffb1c8c8e4:   4c 63 d5 3b e8 0f 8f 4b 02 00 00 2b c5 4b 8d 3c 


Register to memory mapping:

RAX=0x0000000000000001 is an unknown value
RBX=0x0000000014af2378 is an unknown value
RCX=0x00000000239e3b50 is an unknown value
RDX=0x00000000239d8750 is an unknown value
RSP=0x000000001a65e680 is pointing into the stack for thread: 0x000000001370f800
RBP=0x0000000000001680 is an unknown value
RSI=0x0000000014af2368 is an unknown value
RDI=0x000000000000011c is an unknown value
R8 =0x0000000000001300 is an unknown value
R9 =0x0000000000000001 is an unknown value
R10=0x000000001a227010 is an unknown value
R11=0x00000000138846e4 is an unknown value
R12=0x0000000000000002 is an unknown value
R13=0x0000000000000002 is an unknown value
R14=0x0000000000001680 is an unknown value
R15=0x000000001a226b50 is an unknown value


Stack: [0x000000001a560000,0x000000001a660000],  sp=0x000000001a65e680,  free space=1017k
Native frames: (J=compiled Java code, j=interpreted, Vv=VM code, C=native code)
C  [opencv_imgproc243.dll+0x5c8d4]  cv::FilterEngine::~FilterEngine+0x2b74

[error occurred during error reporting (printing native stack), id 0xc0000005]

Java frames: (J=compiled Java code, j=interpreted, Vv=VM code)
j  com.googlecode.javacv.cpp.opencv_imgproc.cvSmooth(Lcom/googlecode/javacv/cpp/opencv_core$CvArr;Lcom/googlecode/javacv/cpp/opencv_core$CvArr;IIIDD)V+0
j  com.googlecode.javacv.cpp.opencv_imgproc.cvSmooth(Lcom/googlecode/javacv/cpp/opencv_core$CvArr;Lcom/googlecode/javacv/cpp/opencv_core$CvArr;II)V+7
j  emcscanner.kth.se.CameraPanel$1.run()V+64
v  ~StubRoutines::call_stub

---------------  P R O C E S S  ---------------

Java Threads: ( => current thread )
  0x0000000013968000 JavaThread "Thread-0" daemon [_thread_in_native, id=356, stack(0x0000000016fc0000,0x00000000170c0000)]
  0x0000000013967800 JavaThread "Thread-2" [_thread_in_native, id=9196, stack(0x0000000016ec0000,0x0000000016fc0000)]
  0x0000000013965000 JavaThread "ICEpdf-pagePainter" daemon [_thread_blocked, id=9868, stack(0x0000000029800000,0x0000000029900000)]
  0x0000000013964800 JavaThread "ICEpdf-pageInitializer" daemon [_thread_blocked, id=4708, stack(0x00000000295d0000,0x00000000296d0000)]
  0x0000000013966000 JavaThread "DestroyJavaVM" [_thread_blocked, id=6104, stack(0x0000000002220000,0x0000000002320000)]
  0x0000000013962000 JavaThread "TimerQueue" daemon [_thread_blocked, id=10144, stack(0x00000000258d0000,0x00000000259d0000)]
  0x00000000145da000 JavaThread "threadDisplayDensity" daemon [_thread_blocked, id=7100, stack(0x0000000020b00000,0x0000000020c00000)]
  0x0000000014994000 JavaThread "AWT-EventQueue-0" [_thread_blocked, id=8624, stack(0x000000001ef30000,0x000000001f030000)]
  0x0000000014993800 JavaThread "threadDisplay" daemon [_thread_blocked, id=2024, stack(0x000000001ee30000,0x000000001ef30000)]
  0x00000000145b1000 JavaThread "threadDisplay" daemon [_thread_blocked, id=4976, stack(0x000000001ccc0000,0x000000001cdc0000)]
  0x0000000014511800 JavaThread "AWT-Shutdown" [_thread_blocked, id=1116, stack(0x000000001a660000,0x000000001a760000)]
=>0x000000001370f800 JavaThread "threadDisplayCamera" daemon [_thread_in_native, id=5880, stack(0x000000001a560000,0x000000001a660000)]
  0x0000000013710800 JavaThread "AWT-Windows" daemon [_thread_in_native, id=9408, stack(0x0000000014000000,0x0000000014100000)]
  0x000000001370f000 JavaThread "Java2D Disposer" daemon [_thread_blocked, id=884, stack(0x0000000013e00000,0x0000000013f00000)]
  0x0000000011002800 JavaThread "Service Thread" daemon [_thread_blocked, id=8712, stack(0x0000000013400000,0x0000000013500000)]
  0x0000000011000000 JavaThread "C2 CompilerThread1" daemon [_thread_blocked, id=4676, stack(0x0000000013300000,0x0000000013400000)]
  0x0000000010ff9000 JavaThread "C2 CompilerThread0" daemon [_thread_blocked, id=7464, stack(0x0000000013200000,0x0000000013300000)]
  0x0000000010ff8000 JavaThread "Attach Listener" daemon [_thread_blocked, id=3936, stack(0x0000000013100000,0x0000000013200000)]
  0x0000000010feb000 JavaThread "Signal Dispatcher" daemon [_thread_blocked, id=8312, stack(0x0000000013000000,0x0000000013100000)]
  0x0000000010f8e800 JavaThread "Finalizer" daemon [_thread_blocked, id=9492, stack(0x0000000012f00000,0x0000000013000000)]
  0x0000000010f87000 JavaThread "Reference Handler" daemon [_thread_blocked, id=3260, stack(0x0000000012e00000,0x0000000012f00000)]

Other Threads:
  0x0000000010f82000 VMThread [stack: 0x0000000012d00000,0x0000000012e00000] [id=7476]
  0x0000000011017800 WatcherThread [stack: 0x0000000013500000,0x0000000013600000] [id=4272]

VM state:not at safepoint (normal execution)

VM Mutex/Monitor currently owned by a thread: None

Heap
 PSYoungGen      total 1080000K, used 238998K [0x00000007aacb0000, 0x00000007f65c0000, 0x0000000800000000)
  eden space 1036224K, 23% used [0x00000007aacb0000,0x00000007b96159e8,0x00000007ea0a0000)
  from space 43776K, 0% used [0x00000007ecde0000,0x00000007ecde0000,0x00000007ef8a0000)
  to   space 46336K, 0% used [0x00000007ea0a0000,0x00000007ea0a0000,0x00000007ecde0000)
 ParOldGen       total 205760K, used 66968K [0x0000000700600000, 0x000000070cef0000, 0x00000007aacb0000)
  object space 205760K, 32% used [0x0000000700600000,0x0000000704766398,0x000000070cef0000)
 PSPermGen       total 41344K, used 18236K [0x00000006fb400000, 0x00000006fdc60000, 0x0000000700600000)
  object space 41344K, 44% used [0x00000006fb400000,0x00000006fc5cf018,0x00000006fdc60000)

Card table byte_map: [0x00000000055a0000,0x0000000005dd0000] byte_map_base: 0x0000000001dc6000

Polling page: 0x00000000009c0000

Code Cache  [0x00000000024e0000, 0x0000000002750000, 0x00000000054e0000)
 total_blobs=927 nmethods=337 adapters=541 free_code_cache=47748Kb largest_free_block=48848192

Compilation events (10 events):
Event: 19.964 Thread 0x0000000010ff9000  345   !         javax.swing.RepaintManager::addDirtyRegion0 (201 bytes)
Event: 19.965 Thread 0x0000000011000000  346             javax.swing.text.GapContent::length (17 bytes)
Event: 19.965 Thread 0x0000000011000000 nmethod 346 0x00000000025e3390 code [0x00000000025e34e0, 0x00000000025e3578]
Event: 19.965 Thread 0x0000000011000000  347             javax.swing.text.GapContent::getArrayLength (14 bytes)
Event: 19.965 Thread 0x0000000011000000 nmethod 347 0x00000000025e3110 code [0x00000000025e3260, 0x00000000025e32f8]
Event: 19.966 Thread 0x0000000010ff9000 nmethod 345 0x00000000025d5610 code [0x00000000025d5780, 0x00000000025d5ba8]
Event: 20.464 Thread 0x0000000011000000  348   !         java.awt.Container::getComponent (42 bytes)
Event: 20.465 Thread 0x0000000011000000 nmethod 348 0x00000000025d51d0 code [0x00000000025d5320, 0x00000000025d5458]
Event: 20.751 Thread 0x0000000010ff9000  349             sun.java2d.SunGraphics2D::dispose (12 bytes)
Event: 20.752 Thread 0x0000000010ff9000 nmethod 349 0x00000000025d6050 code [0x00000000025d6180, 0x00000000025d6218]

GC Heap History (10 events):
Event: 7.935 GC heap before
{Heap before GC invocations=10 (full 1):
 PSYoungGen      total 557952K, used 35433K [0x00000007aacb0000, 0x00000007e2730000, 0x0000000800000000)
  eden space 522048K, 0% used [0x00000007aacb0000,0x00000007aacb0000,0x00000007caa80000)
  from space 35904K, 98% used [0x00000007caa80000,0x00000007ccd1a4d0,0x00000007ccd90000)
  to   space 38272K, 0% used [0x00000007e01d0000,0x00000007e01d0000,0x00000007e2730000)
 ParOldGen       total 174528K, used 154267K [0x0000000700600000, 0x000000070b070000, 0x00000007aacb0000)
  object space 174528K, 88% used [0x0000000700600000,0x0000000709ca6e90,0x000000070b070000)
 PSPermGen       total 21248K, used 18110K [0x00000006fb400000, 0x00000006fc8c0000, 0x0000000700600000)
  object space 21248K, 85% used [0x00000006fb400000,0x00000006fc5af8c8,0x00000006fc8c0000)
Event: 7.993 GC heap after
Heap after GC invocations=10 (full 1):
 PSYoungGen      total 557952K, used 0K [0x00000007aacb0000, 0x00000007e2730000, 0x0000000800000000)
  eden space 522048K, 0% used [0x00000007aacb0000,0x00000007aacb0000,0x00000007caa80000)
  from space 35904K, 0% used [0x00000007caa80000,0x00000007caa80000,0x00000007ccd90000)
  to   space 38272K, 0% used [0x00000007e01d0000,0x00000007e01d0000,0x00000007e2730000)
 ParOldGen       total 140672K, used 30008K [0x0000000700600000, 0x0000000708f60000, 0x00000007aacb0000)
  object space 140672K, 21% used [0x0000000700600000,0x000000070234e1a8,0x0000000708f60000)
 PSPermGen       total 36736K, used 18103K [0x00000006fb400000, 0x00000006fd7e0000, 0x0000000700600000)
  object space 36736K, 49% used [0x00000006fb400000,0x00000006fc5addb0,0x00000006fd7e0000)
}
Event: 9.191 GC heap before
{Heap before GC invocations=11 (full 1):
 PSYoungGen      total 557952K, used 520512K [0x00000007aacb0000, 0x00000007e2730000, 0x0000000800000000)
  eden space 522048K, 99% used [0x00000007aacb0000,0x00000007ca900358,0x00000007caa80000)
  from space 35904K, 0% used [0x00000007caa80000,0x00000007caa80000,0x00000007ccd90000)
  to   space 38272K, 0% used [0x00000007e01d0000,0x00000007e01d0000,0x00000007e2730000)
 ParOldGen       total 140672K, used 30008K [0x0000000700600000, 0x0000000708f60000, 0x00000007aacb0000)
  object space 140672K, 21% used [0x0000000700600000,0x000000070234e1a8,0x0000000708f60000)
 PSPermGen       total 36736K, used 18115K [0x00000006fb400000, 0x00000006fd7e0000, 0x0000000700600000)
  object space 36736K, 49% used [0x00000006fb400000,0x00000006fc5b0fe8,0x00000006fd7e0000)
Event: 9.204 GC heap after
Heap after GC invocations=11 (full 1):
 PSYoungGen      total 778496K, used 37698K [0x00000007aacb0000, 0x00000007e26b0000, 0x0000000800000000)
  eden space 740736K, 0% used [0x00000007aacb0000,0x00000007aacb0000,0x00000007d8010000)
  from space 37760K, 99% used [0x00000007e01d0000,0x00000007e26a0900,0x00000007e26b0000)
  to   space 40768K, 0% used [0x00000007dd710000,0x00000007dd710000,0x00000007dfee0000)
 ParOldGen       total 140672K, used 45575K [0x0000000700600000, 0x0000000708f60000, 0x00000007aacb0000)
  object space 140672K, 32% used [0x0000000700600000,0x0000000703281e98,0x0000000708f60000)
 PSPermGen       total 36736K, used 18115K [0x00000006fb400000, 0x00000006fd7e0000, 0x0000000700600000)
  object space 36736K, 49% used [0x00000006fb400000,0x00000006fc5b0fe8,0x00000006fd7e0000)
}
Event: 10.859 GC heap before
{Heap before GC invocations=12 (full 1):
 PSYoungGen      total 778496K, used 773390K [0x00000007aacb0000, 0x00000007e26b0000, 0x0000000800000000)
  eden space 740736K, 99% used [0x00000007aacb0000,0x00000007d7b232f8,0x00000007d8010000)
  from space 37760K, 99% used [0x00000007e01d0000,0x00000007e26a0900,0x00000007e26b0000)
  to   space 40768K, 0% used [0x00000007dd710000,0x00000007dd710000,0x00000007dfee0000)
 ParOldGen       total 140672K, used 45575K [0x0000000700600000, 0x0000000708f60000, 0x00000007aacb0000)
  object space 140672K, 32% used [0x0000000700600000,0x0000000703281e98,0x0000000708f60000)
 PSPermGen       total 36736K, used 18150K [0x00000006fb400000, 0x00000006fd7e0000, 0x0000000700600000)
  object space 36736K, 49% used [0x00000006fb400000,0x00000006fc5b9bb8,0x00000006fd7e0000)
Event: 10.873 GC heap after
Heap after GC invocations=12 (full 1):
 PSYoungGen      total 870592K, used 40304K [0x00000007aacb0000, 0x00000007ef8a0000, 0x0000000800000000)
  eden space 829824K, 0% used [0x00000007aacb0000,0x00000007aacb0000,0x00000007dd710000)
  from space 40768K, 98% used [0x00000007dd710000,0x00000007dfe6c320,0x00000007dfee0000)
  to   space 43776K, 0% used [0x00000007ecde0000,0x00000007ecde0000,0x00000007ef8a0000)
 ParOldGen       total 140672K, used 69297K [0x0000000700600000, 0x0000000708f60000, 0x00000007aacb0000)
  object space 140672K, 49% used [0x0000000700600000,0x00000007049ac768,0x0000000708f60000)
 PSPermGen       total 36736K, used 18150K [0x00000006fb400000, 0x00000006fd7e0000, 0x0000000700600000)
  object space 36736K, 49% used [0x00000006fb400000,0x00000006fc5b9bb8,0x00000006fd7e0000)
}
Event: 12.744 GC heap before
{Heap before GC invocations=13 (full 1):
 PSYoungGen      total 870592K, used 867056K [0x00000007aacb0000, 0x00000007ef8a0000, 0x0000000800000000)
  eden space 829824K, 99% used [0x00000007aacb0000,0x00000007dd40fd50,0x00000007dd710000)
  from space 40768K, 98% used [0x00000007dd710000,0x00000007dfe6c320,0x00000007dfee0000)
  to   space 43776K, 0% used [0x00000007ecde0000,0x00000007ecde0000,0x00000007ef8a0000)
 ParOldGen       total 140672K, used 75372K [0x0000000700600000, 0x0000000708f60000, 0x00000007aacb0000)
  object space 140672K, 53% used [0x0000000700600000,0x0000000704f9b378,0x0000000708f60000)
 PSPermGen       total 36736K, used 18165K [0x00000006fb400000, 0x00000006fd7e0000, 0x0000000700600000)
  object space 36736K, 49% used [0x00000006fb400000,0x00000006fc5bd5c8,0x00000006fd7e0000)
Event: 12.755 GC heap after
Heap after GC invocations=13 (full 1):
 PSYoungGen      total 1080000K, used 40747K [0x00000007aacb0000, 0x00000007f65c0000, 0x0000000800000000)
  eden space 1036224K, 0% used [0x00000007aacb0000,0x00000007aacb0000,0x00000007ea0a0000)
  from space 43776K, 93% used [0x00000007ecde0000,0x00000007ef5aac50,0x00000007ef8a0000)
  to   space 46336K, 0% used [0x00000007ea0a0000,0x00000007ea0a0000,0x00000007ecde0000)
 ParOldGen       total 140672K, used 75516K [0x0000000700600000, 0x0000000708f60000, 0x00000007aacb0000)
  object space 140672K, 53% used [0x0000000700600000,0x0000000704fbf3c8,0x0000000708f60000)
 PSPermGen       total 36736K, used 18165K [0x00000006fb400000, 0x00000006fd7e0000, 0x0000000700600000)
  object space 36736K, 49% used [0x00000006fb400000,0x00000006fc5bd5c8,0x00000006fd7e0000)
}
Event: 21.244 GC heap before
{Heap before GC invocations=14 (full 2):
 PSYoungGen      total 1080000K, used 1076353K [0x00000007aacb0000, 0x00000007f65c0000, 0x0000000800000000)
  eden space 1036224K, 99% used [0x00000007aacb0000,0x00000007ea005b08,0x00000007ea0a0000)
  from space 43776K, 93% used [0x00000007ecde0000,0x00000007ef5aac50,0x00000007ef8a0000)
  to   space 46336K, 0% used [0x00000007ea0a0000,0x00000007ea0a0000,0x00000007ecde0000)
 ParOldGen       total 375616K, used 373192K [0x0000000700600000, 0x00000007174d0000, 0x00000007aacb0000)
  object space 375616K, 99% used [0x0000000700600000,0x00000007172723b8,0x00000007174d0000)
 PSPermGen       total 36736K, used 18211K [0x00000006fb400000, 0x00000006fd7e0000, 0x0000000700600000)
  object space 36736K, 49% used [0x00000006fb400000,0x00000006fc5c8c10,0x00000006fd7e0000)
Event: 21.303 GC heap after
Heap after GC invocations=14 (full 2):
 PSYoungGen      total 1080000K, used 0K [0x00000007aacb0000, 0x00000007f65c0000, 0x0000000800000000)
  eden space 1036224K, 0% used [0x00000007aacb0000,0x00000007aacb0000,0x00000007ea0a0000)
  from space 43776K, 0% used [0x00000007ecde0000,0x00000007ecde0000,0x00000007ef8a0000)
  to   space 46336K, 0% used [0x00000007ea0a0000,0x00000007ea0a0000,0x00000007ecde0000)
 ParOldGen       total 205760K, used 66968K [0x0000000700600000, 0x000000070cef0000, 0x00000007aacb0000)
  object space 205760K, 32% used [0x0000000700600000,0x0000000704766398,0x000000070cef0000)
 PSPermGen       total 41344K, used 18210K [0x00000006fb400000, 0x00000006fdc60000, 0x0000000700600000)
  object space 41344K, 44% used [0x00000006fb400000,0x00000006fc5c8be0,0x00000006fdc60000)
}

Deoptimization events (10 events):
Event: 2.938 Thread 0x00000000023de000 Uncommon trap -83 fr.pc 0x000000000257ee3c
Event: 3.528 Thread 0x00000000023de000 Uncommon trap 43 fr.pc 0x00000000025a9de8
Event: 4.076 Thread 0x0000000014994000 Uncommon trap -83 fr.pc 0x00000000025ae184
Event: 4.141 Thread 0x0000000013964800 Uncommon trap -83 fr.pc 0x00000000025b7974
Event: 4.191 Thread 0x0000000013964800 Uncommon trap -83 fr.pc 0x00000000025acd04
Event: 4.209 Thread 0x0000000013964800 Uncommon trap -83 fr.pc 0x00000000025e35e8
Event: 4.269 Thread 0x0000000013964800 Uncommon trap -83 fr.pc 0x00000000025dfb08
Event: 4.301 Thread 0x0000000013964800 Uncommon trap -83 fr.pc 0x00000000025cfe18
Event: 4.513 Thread 0x0000000013965000 Uncommon trap -83 fr.pc 0x00000000026114bc
Event: 20.012 Thread 0x000000001370f800 Uncommon trap -12 fr.pc 0x00000000025d5b78

Internal exceptions (10 events):
Event: 4.355 Thread 0x0000000013964800 Threw 0x00000007af00fa58 at C:\jdk7u1_64p\jdk7u7\hotspot\src\share\vm\prims\jvm.cpp:1166
Event: 4.356 Thread 0x0000000013964800 Threw 0x00000007af012c08 at C:\jdk7u1_64p\jdk7u7\hotspot\src\share\vm\prims\jvm.cpp:1166
Event: 4.356 Thread 0x0000000013964800 Threw 0x00000007af015b28 at C:\jdk7u1_64p\jdk7u7\hotspot\src\share\vm\prims\jvm.cpp:1166
Event: 4.495 Thread 0x0000000013965000 Threw 0x00000007b0e78418 at C:\jdk7u1_64p\jdk7u7\hotspot\src\share\vm\prims\jvm.cpp:1166
Event: 4.500 Thread 0x0000000013965000 Threw 0x00000007b0e88ca8 at C:\jdk7u1_64p\jdk7u7\hotspot\src\share\vm\prims\jvm.cpp:1166
Event: 4.703 Thread 0x0000000013965000 Threw 0x00000007ac474c30 at C:\jdk7u1_64p\jdk7u7\hotspot\src\share\vm\prims\jvm.cpp:1166
Event: 9.275 Thread 0x0000000014994000 Threw 0x00000007abe53be0 at C:\jdk7u1_64p\jdk7u7\hotspot\src\share\vm\prims\jvm.cpp:1166
Event: 9.276 Thread 0x0000000014994000 Threw 0x00000007abe591b0 at C:\jdk7u1_64p\jdk7u7\hotspot\src\share\vm\prims\jvm.cpp:1166
Event: 9.278 Thread 0x0000000014994000 Threw 0x00000007abe66598 at C:\jdk7u1_64p\jdk7u7\hotspot\src\share\vm\prims\jvm.cpp:1166
Event: 20.012 Thread 0x000000001370f800 Implicit null exception at 0x00000000025d5878 to 0x00000000025d5b6c

Events (10 events):
Event: 12.744 Executing VM operation: ParallelGCSystemGC
Event: 12.755 Executing VM operation: ParallelGCSystemGC done
Event: 12.852 Thread 0x0000000010ff9000 flushing nmethod 0x000000000260ddd0
Event: 12.852 Thread 0x0000000010ff9000 flushing nmethod 0x0000000002610190
Event: 12.950 loading class 0x00000000146cf8b0
Event: 12.950 loading class 0x00000000146cf8b0 done
Event: 20.012 Thread 0x000000001370f800 DEOPT PACKING pc=0x00000000025d5b78 sp=0x000000001a65f060
Event: 20.012 Thread 0x000000001370f800 DEOPT UNPACKING pc=0x0000000002519164 sp=0x000000001a65efa8 mode 2
Event: 21.244 Executing VM operation: ParallelGCFailedAllocation
Event: 21.303 Executing VM operation: ParallelGCFailedAllocation done


Dynamic libraries:
0x000007f798e80000 - 0x000007f798eb4000 	F:\Program Files\Java\Jre7\bin\javaw.exe
0x000007ffd0010000 - 0x000007ffd01ce000 	C:\WINDOWS\SYSTEM32\ntdll.dll
0x000007ffcd650000 - 0x000007ffcd786000 	C:\WINDOWS\system32\KERNEL32.DLL
0x000007ffcd360000 - 0x000007ffcd453000 	C:\WINDOWS\system32\KERNELBASE.dll
0x000007ffcdad0000 - 0x000007ffcdbae000 	C:\WINDOWS\system32\ADVAPI32.dll
0x000007ffcf8a0000 - 0x000007ffcf9ec000 	C:\WINDOWS\system32\USER32.dll
0x000007ffca740000 - 0x000007ffca9a9000 	C:\WINDOWS\WinSxS\amd64_microsoft.windows.common-controls_6595b64144ccf1df_6.0.9200.16384_none_418c2a697189c07f\COMCTL32.dll
0x000007ffcd940000 - 0x000007ffcd9e5000 	C:\WINDOWS\system32\msvcrt.dll
0x000007ffcd460000 - 0x000007ffcd4a8000 	C:\WINDOWS\SYSTEM32\sechost.dll
0x000007ffcf760000 - 0x000007ffcf8a0000 	C:\WINDOWS\system32\RPCRT4.dll
0x000007ffcdec0000 - 0x000007ffce000000 	C:\WINDOWS\system32\GDI32.dll
0x000007ffcda90000 - 0x000007ffcdac9000 	C:\WINDOWS\system32\IMM32.DLL
0x000007ffcf9f0000 - 0x000007ffcfb05000 	C:\WINDOWS\system32\MSCTF.dll
0x000007ffccf00000 - 0x000007ffccf08000 	C:\PROGRA~2\NVIDIA~1\3DVISI~1\NVSTIN~1.DLL
0x000007ffcda80000 - 0x000007ffcda87000 	C:\WINDOWS\system32\PSAPI.DLL
0x0000000061700000 - 0x00000000617a3000 	C:\WINDOWS\WinSxS\amd64_microsoft.vc90.crt_1fc8b3b9a1e18e3b_9.0.30729.6871_none_08e717a5a83adddf\MSVCR90.dll
0x000000005f150000 - 0x000000005f221000 	F:\Program Files\Java\Jre7\bin\msvcr100.dll
0x000000005ea30000 - 0x000000005f14f000 	F:\Program Files\Java\Jre7\bin\server\jvm.dll
0x000007ffc53f0000 - 0x000007ffc53f9000 	C:\WINDOWS\SYSTEM32\WSOCK32.dll
0x000007ffca070000 - 0x000007ffca090000 	C:\WINDOWS\SYSTEM32\WINMM.dll
0x000007ffcffb0000 - 0x000007ffd0008000 	C:\WINDOWS\system32\WS2_32.dll
0x000007ffc9f70000 - 0x000007ffc9fa2000 	C:\WINDOWS\SYSTEM32\WINMMBASE.dll
0x000007ffcfb10000 - 0x000007ffcfb19000 	C:\WINDOWS\system32\NSI.dll
0x000000005ea20000 - 0x000000005ea2f000 	F:\Program Files\Java\Jre7\bin\verify.dll
0x000000005e9f0000 - 0x000000005ea18000 	F:\Program Files\Java\Jre7\bin\java.dll
0x000000005e9d0000 - 0x000000005e9e5000 	F:\Program Files\Java\Jre7\bin\zip.dll
0x000000005e7c0000 - 0x000000005e953000 	F:\Program Files\Java\Jre7\bin\awt.dll
0x000007ffcdbb0000 - 0x000007ffcdc73000 	C:\WINDOWS\system32\OLEAUT32.dll
0x000007ffcd790000 - 0x000007ffcd940000 	C:\WINDOWS\system32\combase.dll
0x000007ffc7130000 - 0x000007ffc71cf000 	C:\WINDOWS\system32\apphelp.dll
0x000007ffcbd00000 - 0x000007ffcbde3000 	C:\WINDOWS\system32\uxtheme.dll
0x000007ffc71e0000 - 0x000007ffc7275000 	C:\Program Files\Common Files\microsoft shared\ink\tiptsf.dll
0x000007ffcae20000 - 0x000007ffcae41000 	C:\WINDOWS\SYSTEM32\dwmapi.dll
0x000007ffce000000 - 0x000007ffce17e000 	C:\WINDOWS\system32\ole32.dll
0x000007ffccd70000 - 0x000007ffccd7a000 	C:\WINDOWS\SYSTEM32\CRYPTBASE.dll
0x000007ffcccf0000 - 0x000007ffccd4c000 	C:\WINDOWS\SYSTEM32\bcryptPrimitives.dll
0x000007ffce470000 - 0x000007ffcf758000 	C:\WINDOWS\system32\SHELL32.dll
0x000007ffcff60000 - 0x000007ffcffb0000 	C:\WINDOWS\system32\SHLWAPI.dll
0x000007ffcc0d0000 - 0x000007ffcc166000 	C:\WINDOWS\SYSTEM32\shcore.dll
0x00000000605d0000 - 0x0000000060668000 	C:\Windows\System32\msvcp100.dll
0x000007ffb34d0000 - 0x000007ffb3728000 	C:\opencv\build\x64\vc10\bin\opencv_core243.dll
0x000007ffc3f70000 - 0x000007ffc4005000 	C:\Users\Jonas\AppData\Local\Temp\javacpp116756634699825\jniopencv_core.dll
0x000007ffb1c30000 - 0x000007ffb1ed5000 	C:\opencv\build\x64\vc10\bin\opencv_imgproc243.dll
0x000007ffc6780000 - 0x000007ffc67c8000 	C:\Users\Jonas\AppData\Local\Temp\javacpp116756634699825\jniopencv_imgproc.dll
0x0000000066840000 - 0x00000000675ca000 	C:\opencv\build\x64\vc10\bin\opencv_ffmpeg243_64.dll
0x000007ffb19e0000 - 0x000007ffb1c2b000 	C:\opencv\build\x64\vc10\bin\opencv_highgui243.dll
0x000007ffc9d70000 - 0x000007ffc9d90000 	C:\WINDOWS\SYSTEM32\AVIFIL32.dll
0x000007ffc69e0000 - 0x000007ffc6a09000 	C:\WINDOWS\SYSTEM32\MSVFW32.dll
0x000007ffc6a10000 - 0x000007ffc6a27000 	C:\WINDOWS\SYSTEM32\AVICAP32.dll
0x000007ffba340000 - 0x000007ffba359000 	C:\WINDOWS\SYSTEM32\MSACM32.dll
0x000007ffcacb0000 - 0x000007ffcacb9000 	C:\WINDOWS\SYSTEM32\VERSION.dll
0x000007ffc3f50000 - 0x000007ffc3f63000 	C:\Users\Jonas\AppData\Local\Temp\javacpp116756634699825\jniopencv_highgui.dll
0x000007ffce1b0000 - 0x000007ffce246000 	C:\WINDOWS\SYSTEM32\clbcatq.dll
0x000007ffc3f30000 - 0x000007ffc3f47000 	C:\Windows\System32\devenum.dll
0x000007ffcdc80000 - 0x000007ffcde50000 	C:\WINDOWS\system32\setupapi.dll
0x000007ffcd020000 - 0x000007ffcd06f000 	C:\WINDOWS\system32\CFGMGR32.dll
0x000007ffccff0000 - 0x000007ffcd012000 	C:\WINDOWS\system32\DEVOBJ.dll
0x000007ffc5fd0000 - 0x000007ffc5ffe000 	C:\WINDOWS\SYSTEM32\ntmarta.dll
0x000007ffcd070000 - 0x000007ffcd0c5000 	C:\WINDOWS\system32\WINTRUST.dll
0x000007ffcd0d0000 - 0x000007ffcd2a7000 	C:\WINDOWS\system32\CRYPT32.dll
0x000007ffccfd0000 - 0x000007ffccfe6000 	C:\WINDOWS\system32\MSASN1.dll
0x000007ffcae10000 - 0x000007ffcae1d000 	C:\WINDOWS\SYSTEM32\msdmo.dll
0x000007ffc3f00000 - 0x000007ffc3f2f000 	C:\Windows\System32\qcap.dll
0x000007ffb1160000 - 0x000007ffb1318000 	C:\Windows\System32\quartz.dll
0x000007ffc3ec0000 - 0x000007ffc3eff000 	C:\Windows\System32\ksproxy.ax
0x000007ffba390000 - 0x000007ffba397000 	C:\Windows\System32\ksuser.dll
0x000007ffbbc60000 - 0x000007ffbbe60000 	C:\Windows\System32\d3d9.dll
0x000007ffc9db0000 - 0x000007ffc9dbc000 	C:\Windows\System32\vidcap.ax
0x000007ffc3e90000 - 0x000007ffc3eb4000 	C:\Windows\System32\kswdmcap.ax
0x000007ffb6280000 - 0x000007ffb63d4000 	C:\Windows\System32\MFC42.dll
0x000007ffc3dd0000 - 0x000007ffc3e8e000 	C:\Windows\System32\ODBC32.dll
0x000007ffb9c70000 - 0x000007ffb9d05000 	C:\Windows\System32\qedit.dll
0x000007ffcfeb0000 - 0x000007ffcff51000 	C:\WINDOWS\system32\COMDLG32.dll
0x000007ffcd4b0000 - 0x000007ffcd650000 	C:\WINDOWS\WinSxS\amd64_microsoft.windows.gdiplus_6595b64144ccf1df_1.1.9200.16384_none_72771d4ecc1c3a4d\gdiplus.dll
0x000007ffb38f0000 - 0x000007ffb39da000 	C:\WINDOWS\SYSTEM32\DDRAW.dll
0x000007ffc7970000 - 0x000007ffc7978000 	C:\WINDOWS\SYSTEM32\DCIMAN32.dll
0x000000005e780000 - 0x000000005e7b4000 	F:\Program Files\Java\Jre7\bin\fontmanager.dll
0x000007ffb4b50000 - 0x000007ffb5cd0000 	C:\WINDOWS\SYSTEM32\nvd3dumx.dll
0x000007ffccdf0000 - 0x000007ffcce33000 	C:\WINDOWS\SYSTEM32\powrprof.dll
0x0000000180000000 - 0x0000000180116000 	C:\Program Files (x86)\NVIDIA Corporation\3D Vision\nvSCPAPI64.dll
0x000007ffca330000 - 0x000007ffca3a4000 	C:\WINDOWS\SYSTEM32\dxgi.dll
0x000007ffc9a40000 - 0x000007ffc9d02000 	C:\WINDOWS\SYSTEM32\nvapi64.dll
0x000007ffc9f50000 - 0x000007ffc9f6f000 	C:\WINDOWS\SYSTEM32\DXGIDebug.dll
0x000000005e9b0000 - 0x000000005e9c9000 	F:\Program Files\Java\Jre7\bin\net.dll
0x000007ffcc760000 - 0x000007ffcc7bc000 	C:\WINDOWS\system32\mswsock.dll
0x000000005e990000 - 0x000000005e9a1000 	F:\Program Files\Java\Jre7\bin\nio.dll
0x000000005e730000 - 0x000000005e771000 	F:\Program Files\Java\Jre7\bin\t2k.dll
0x000007ffca9b0000 - 0x000007ffcab3a000 	C:\WINDOWS\SYSTEM32\WindowsCodecs.dll
0x000007ffccf20000 - 0x000007ffccf35000 	C:\WINDOWS\SYSTEM32\profapi.dll
0x000007ffc8ca0000 - 0x000007ffc8d09000 	C:\WINDOWS\SYSTEM32\oleacc.dll
0x000000005e700000 - 0x000000005e72a000 	F:\Program Files\Java\Jre7\bin\dcpr.dll
0x000007ffb60d0000 - 0x000007ffb6233000 	C:\WINDOWS\SYSTEM32\dbghelp.dll

VM Arguments:
jvm_args: -Dfile.encoding=Cp1252 
java_command: emcscanner.kth.se.Program
Launcher Type: SUN_STANDARD

Environment Variables:
PATH=C:\Program Files (x86)\NVIDIA Corporation\PhysX\Common;C:\WINDOWS\system32;C:\WINDOWS;C:\WINDOWS\System32\Wbem;C:\WINDOWS\System32\WindowsPowerShell\v1.0\;C:\Program Files (x86)\Microsoft SQL Server\90\Tools\binn\;C:\Program Files (x86)\Autodesk\Backburner\;F:\Program Files\MATLAB\R2012a\runtime\win64;F:\Program Files\MATLAB\R2012a\bin;PROGRAMFILES\Internet Explorer;C:\Program Files\Perforce;F:\Program Files\Perforce;C:\Program Files\Microsoft\Web Platform Installer\;C:\Program Files (x86)\Microsoft ASP.NET\ASP.NET Web Pages\v1.0\;C:\Program Files (x86)\Windows Kits\8.0\Windows Performance Toolkit\;C:\Program Files\Microsoft SQL Server\110\Tools\Binn\;F:\Program Files\Perforce\Server
USERNAME=Jonas
OS=Windows_NT
PROCESSOR_IDENTIFIER=Intel64 Family 6 Model 42 Stepping 7, GenuineIntel



---------------  S Y S T E M  ---------------

OS: Windows 8 , 64 bit Build 9200 

CPU:total 8 (4 cores per cpu, 2 threads per core) family 6 model 42 stepping 7, cmov, cx8, fxsr, mmx, sse, sse2, sse3, ssse3, sse4.1, sse4.2, popcnt, avx, ht, tsc, tscinvbit

Memory: 4k page, physical 16751668k(10667536k free), swap 33528884k(24924400k free)

vm_info: Java HotSpot(TM) 64-Bit Server VM (23.3-b01) for windows-amd64 JRE (1.7.0_07-b11), built on Sep  7 2012 01:19:25 by "java_re" with unknown MS VC++:1600

time: Wed Feb 06 01:08:07 2013
elapsed time: 22 seconds

