#
# A fatal error has been detected by the Java Runtime Environment:
#
#  EXCEPTION_ACCESS_VIOLATION (0xc0000005) at pc=0x000007ff3c8d8bc0, pid=4540, tid=6860
#
# JRE version: 7.0_07-b11
# Java VM: Java HotSpot(TM) 64-Bit Server VM (23.3-b01 mixed mode windows-amd64 compressed oops)
# Problematic frame:
# C  [ntdll.dll+0x18bc0]  RtlQueueWorkItem+0x8a0
#
# Failed to write core dump. Minidumps are not enabled by default on client versions of Windows
#
# If you would like to submit a bug report, please visit:
#   http://bugreport.sun.com/bugreport/crash.jsp
# The crash happened outside the Java Virtual Machine in native code.
# See problematic frame for where to report the bug.
#

---------------  T H R E A D  ---------------

Current thread (0x00000000134a4800):  JavaThread "threadDisplay" daemon [_thread_in_native, id=6860, stack(0x000000001a190000,0x000000001a290000)]

siginfo: ExceptionCode=0xc0000005, writing address 0x0000000000000024

Registers:
RAX=0x0000000000000000, RBX=0x00000000136034f8, RCX=0x00000000fffffffc, RDX=0x0000000000000770
RSP=0x000000001a28ef30, RBP=0x0000000000000000, RSI=0x0000000000000770, RDI=0x0000000000000000
R8 =0xffffffffffffffff, R9 =0x0000000000000004, R10=0x0000000000000000, R11=0x0000000000000246
R12=0x0000000000000000, R13=0x0000000000000000, R14=0x000007f7dc032000, R15=0x0000000000000000
RIP=0x000007ff3c8d8bc0, EFLAGS=0x0000000000010213

Top of Stack: (sp=0x000000001a28ef30)
0x000000001a28ef30:   0000000000000770 00000006fb86b4d3
0x000000001a28ef40:   000000001a28ef90 00000006fb86f208
0x000000001a28ef50:   0000000000000000 00000006fb86b4e8
0x000000001a28ef60:   0000000000000000 000000001a28ef88
0x000000001a28ef70:   0000000000000000 0000000000000000
0x000000001a28ef80:   0000000000000000 0000000000000000
0x000000001a28ef90:   0000000000000000 000007ff39a810ea
0x000000001a28efa0:   00000000021a0000 0000000000000010
0x000000001a28efb0:   0000a6b6a89d94a5 000007ff3c8c57c0
0x000000001a28efc0:   0000000000000004 0000000000000001
0x000000001a28efd0:   0000000019b9d050 00000000ff000000
0x000000001a28efe0:   0000000000000000 0000000000000000
0x000000001a28eff0:   000007f7dc032000 000007ff3c8cf4d4
0x000000001a28f000:   0000000000000000 0000000000000000
0x000000001a28f010:   00000000136034f8 0000000000000000
0x000000001a28f020:   0000000000000000 00000000134a49d8 

Instructions: (pc=0x000007ff3c8d8bc0)
0x000007ff3c8d8ba0:   43 08 a8 01 0f 85 bd 67 ff ff 8b c8 2b cd f0 0f
0x000007ff3c8d8bb0:   b1 4b 08 75 ea 48 8b 03 33 ed 48 83 f8 ff 74 03
0x000007ff3c8d8bc0:   ff 40 24 41 bf 82 03 fe 7f 41 80 3f 00 0f 85 69
0x000007ff3c8d8bd0:   7a 0e 00 48 83 fe ff 0f 84 bf 7a 0e 00 4c 8b c7 


Register to memory mapping:

RAX=0x0000000000000000 is an unknown value
RBX=0x00000000136034f8 is an unknown value
RCX=0x00000000fffffffc is an unknown value
RDX=0x0000000000000770 is an unknown value
RSP=0x000000001a28ef30 is pointing into the stack for thread: 0x00000000134a4800
RBP=0x0000000000000000 is an unknown value
RSI=0x0000000000000770 is an unknown value
RDI=0x0000000000000000 is an unknown value
R8 =0xffffffffffffffff is an unknown value
R9 =0x0000000000000004 is an unknown value
R10=0x0000000000000000 is an unknown value
R11=0x0000000000000246 is an unknown value
R12=0x0000000000000000 is an unknown value
R13=0x0000000000000000 is an unknown value
R14=0x000007f7dc032000 is an unknown value
R15=0x0000000000000000 is an unknown value


Stack: [0x000000001a190000,0x000000001a290000],  sp=0x000000001a28ef30,  free space=1019k
Native frames: (J=compiled Java code, j=interpreted, Vv=VM code, C=native code)
C  [ntdll.dll+0x18bc0]  RtlQueueWorkItem+0x8a0

[error occurred during error reporting (printing native stack), id 0xc0000005]

Java frames: (J=compiled Java code, j=interpreted, Vv=VM code)
j  com.googlecode.javacv.cpp.opencv_highgui.cvRetrieveFrame(Lcom/googlecode/javacv/cpp/opencv_highgui$CvCapture;I)Lcom/googlecode/javacv/cpp/opencv_core$IplImage;+0
j  com.googlecode.javacv.cpp.opencv_highgui.cvRetrieveFrame(Lcom/googlecode/javacv/cpp/opencv_highgui$CvCapture;)Lcom/googlecode/javacv/cpp/opencv_core$IplImage;+2
j  com.googlecode.javacv.OpenCVFrameGrabber.grab()Lcom/googlecode/javacv/cpp/opencv_core$IplImage;+4
j  emcscanner.kth.se.CameraPanel$1.run()V+7
v  ~StubRoutines::call_stub

---------------  P R O C E S S  ---------------

Java Threads: ( => current thread )
  0x00000000158e4000 JavaThread "Thread-0" daemon [_thread_in_native, id=7024, stack(0x0000000016ae0000,0x0000000016be0000)]
  0x00000000158e3000 JavaThread "Thread-2" [_thread_in_native, id=3548, stack(0x00000000169e0000,0x0000000016ae0000)]
  0x000000001d14a000 JavaThread "ICEpdf-pagePainter" daemon [_thread_blocked, id=1212, stack(0x00000000219a0000,0x0000000021aa0000)]
  0x000000001cf5d000 JavaThread "ICEpdf-pageInitializer" daemon [_thread_blocked, id=3984, stack(0x0000000021770000,0x0000000021870000)]
  0x00000000021ae000 JavaThread "DestroyJavaVM" [_thread_blocked, id=7604, stack(0x0000000001ee0000,0x0000000001fe0000)]
  0x0000000015c4d000 JavaThread "TimerQueue" daemon [_thread_blocked, id=3620, stack(0x000000001dad0000,0x000000001dbd0000)]
  0x0000000015af8000 JavaThread "AWT-EventQueue-0" [_thread_blocked, id=1552, stack(0x000000001d9d0000,0x000000001dad0000)]
  0x00000000157da800 JavaThread "AWT-Shutdown" [_thread_blocked, id=3308, stack(0x000000001a290000,0x000000001a390000)]
=>0x00000000134a4800 JavaThread "threadDisplay" daemon [_thread_in_native, id=6860, stack(0x000000001a190000,0x000000001a290000)]
  0x00000000134a5800 JavaThread "AWT-Windows" daemon [_thread_in_native, id=4816, stack(0x0000000013d20000,0x0000000013e20000)]
  0x000000001345e000 JavaThread "Java2D Disposer" daemon [_thread_blocked, id=8136, stack(0x0000000013b20000,0x0000000013c20000)]
  0x0000000010d24800 JavaThread "Service Thread" daemon [_thread_blocked, id=7900, stack(0x0000000013120000,0x0000000013220000)]
  0x0000000010d1f000 JavaThread "C2 CompilerThread1" daemon [_thread_blocked, id=6812, stack(0x0000000013020000,0x0000000013120000)]
  0x0000000010d19000 JavaThread "C2 CompilerThread0" daemon [_thread_blocked, id=2008, stack(0x0000000012f20000,0x0000000013020000)]
  0x0000000010d17800 JavaThread "Attach Listener" daemon [_thread_blocked, id=1028, stack(0x0000000012e20000,0x0000000012f20000)]
  0x0000000010d0b000 JavaThread "Signal Dispatcher" daemon [_thread_blocked, id=6892, stack(0x0000000012d20000,0x0000000012e20000)]
  0x0000000010cae800 JavaThread "Finalizer" daemon [_thread_blocked, id=4504, stack(0x0000000012c20000,0x0000000012d20000)]
  0x0000000010ca7000 JavaThread "Reference Handler" daemon [_thread_blocked, id=1416, stack(0x0000000012b20000,0x0000000012c20000)]

Other Threads:
  0x0000000010ca2000 VMThread [stack: 0x0000000012a20000,0x0000000012b20000] [id=4900]
  0x0000000010d3f000 WatcherThread [stack: 0x0000000013220000,0x0000000013320000] [id=4588]

VM state:not at safepoint (normal execution)

VM Mutex/Monitor currently owned by a thread: None

Heap
 PSYoungGen      total 76352K, used 73056K [0x00000007aacb0000, 0x00000007b01e0000, 0x0000000800000000)
  eden space 65472K, 94% used [0x00000007aacb0000,0x00000007ae9697f0,0x00000007aeca0000)
  from space 10880K, 99% used [0x00000007aeca0000,0x00000007af73e950,0x00000007af740000)
  to   space 10880K, 0% used [0x00000007af740000,0x00000007af740000,0x00000007b01e0000)
 ParOldGen       total 174528K, used 55511K [0x0000000700600000, 0x000000070b070000, 0x00000007aacb0000)
  object space 174528K, 31% used [0x0000000700600000,0x0000000703c35c58,0x000000070b070000)
 PSPermGen       total 21248K, used 18007K [0x00000006fb400000, 0x00000006fc8c0000, 0x0000000700600000)
  object space 21248K, 84% used [0x00000006fb400000,0x00000006fc595c30,0x00000006fc8c0000)

Card table byte_map: [0x00000000052c0000,0x0000000005af0000] byte_map_base: 0x0000000001ae6000

Polling page: 0x00000000006e0000

Code Cache  [0x0000000002200000, 0x0000000002470000, 0x0000000005200000)
 total_blobs=859 nmethods=270 adapters=540 free_code_cache=47778Kb largest_free_block=48888512

Compilation events (10 events):
Event: 9.981 Thread 0x0000000010d1f000  262             java.util.concurrent.locks.ReentrantLock$NonfairSync::lock (25 bytes)
Event: 9.981 Thread 0x0000000010d19000  263             java.util.concurrent.locks.ReentrantLock::lock (8 bytes)
Event: 9.982 Thread 0x0000000010d1f000 nmethod 262 0x0000000002333750 code [0x00000000023338c0, 0x00000000023339f0]
Event: 9.983 Thread 0x0000000010d19000 nmethod 263 0x00000000023332d0 code [0x0000000002333440, 0x0000000002333590]
Event: 10.487 Thread 0x0000000010d1f000  264             java.lang.Integer::intValue (5 bytes)
Event: 10.487 Thread 0x0000000010d1f000 nmethod 264 0x00000000023330d0 code [0x0000000002333200, 0x0000000002333258]
Event: 14.837 Thread 0x0000000010d19000  265             java.awt.Rectangle::<init> (26 bytes)
Event: 14.837 Thread 0x0000000010d19000 nmethod 265 0x0000000002332ed0 code [0x0000000002333000, 0x0000000002333078]
Event: 18.184 Thread 0x0000000010d1f000  266             java.util.HashMap::clear (39 bytes)
Event: 18.186 Thread 0x0000000010d1f000 nmethod 266 0x00000000022aa050 code [0x00000000022aa180, 0x00000000022aa298]

GC Heap History (6 events):
Event: 4.072 GC heap before
{Heap before GC invocations=1 (full 0):
 PSYoungGen      total 76352K, used 65472K [0x00000007aacb0000, 0x00000007b01e0000, 0x0000000800000000)
  eden space 65472K, 100% used [0x00000007aacb0000,0x00000007aeca0000,0x00000007aeca0000)
  from space 10880K, 0% used [0x00000007af740000,0x00000007af740000,0x00000007b01e0000)
  to   space 10880K, 0% used [0x00000007aeca0000,0x00000007aeca0000,0x00000007af740000)
 ParOldGen       total 174528K, used 0K [0x0000000700600000, 0x000000070b070000, 0x00000007aacb0000)
  object space 174528K, 0% used [0x0000000700600000,0x0000000700600000,0x000000070b070000)
 PSPermGen       total 21248K, used 17571K [0x00000006fb400000, 0x00000006fc8c0000, 0x0000000700600000)
  object space 21248K, 82% used [0x00000006fb400000,0x00000006fc528da0,0x00000006fc8c0000)
Event: 4.080 GC heap after
Heap after GC invocations=1 (full 0):
 PSYoungGen      total 76352K, used 9416K [0x00000007aacb0000, 0x00000007b01e0000, 0x0000000800000000)
  eden space 65472K, 0% used [0x00000007aacb0000,0x00000007aacb0000,0x00000007aeca0000)
  from space 10880K, 86% used [0x00000007aeca0000,0x00000007af5d23f0,0x00000007af740000)
  to   space 10880K, 0% used [0x00000007af740000,0x00000007af740000,0x00000007b01e0000)
 ParOldGen       total 174528K, used 8K [0x0000000700600000, 0x000000070b070000, 0x00000007aacb0000)
  object space 174528K, 0% used [0x0000000700600000,0x0000000700602000,0x000000070b070000)
 PSPermGen       total 21248K, used 17571K [0x00000006fb400000, 0x00000006fc8c0000, 0x0000000700600000)
  object space 21248K, 82% used [0x00000006fb400000,0x00000006fc528da0,0x00000006fc8c0000)
}
Event: 10.117 GC heap before
{Heap before GC invocations=2 (full 0):
 PSYoungGen      total 76352K, used 73642K [0x00000007aacb0000, 0x00000007b01e0000, 0x0000000800000000)
  eden space 65472K, 98% used [0x00000007aacb0000,0x00000007aeb68430,0x00000007aeca0000)
  from space 10880K, 86% used [0x00000007aeca0000,0x00000007af5d23f0,0x00000007af740000)
  to   space 10880K, 0% used [0x00000007af740000,0x00000007af740000,0x00000007b01e0000)
 ParOldGen       total 174528K, used 8K [0x0000000700600000, 0x000000070b070000, 0x00000007aacb0000)
  object space 174528K, 0% used [0x0000000700600000,0x0000000700602000,0x000000070b070000)
 PSPermGen       total 21248K, used 17968K [0x00000006fb400000, 0x00000006fc8c0000, 0x0000000700600000)
  object space 21248K, 84% used [0x00000006fb400000,0x00000006fc58c118,0x00000006fc8c0000)
Event: 10.130 GC heap after
Heap after GC invocations=2 (full 0):
 PSYoungGen      total 76352K, used 10865K [0x00000007aacb0000, 0x00000007b01e0000, 0x0000000800000000)
  eden space 65472K, 0% used [0x00000007aacb0000,0x00000007aacb0000,0x00000007aeca0000)
  from space 10880K, 99% used [0x00000007af740000,0x00000007b01dc4d0,0x00000007b01e0000)
  to   space 10880K, 0% used [0x00000007aeca0000,0x00000007aeca0000,0x00000007af740000)
 ParOldGen       total 174528K, used 32451K [0x0000000700600000, 0x000000070b070000, 0x00000007aacb0000)
  object space 174528K, 18% used [0x0000000700600000,0x00000007025b0ce8,0x000000070b070000)
 PSPermGen       total 21248K, used 17968K [0x00000006fb400000, 0x00000006fc8c0000, 0x0000000700600000)
  object space 21248K, 84% used [0x00000006fb400000,0x00000006fc58c118,0x00000006fc8c0000)
}
Event: 17.028 GC heap before
{Heap before GC invocations=3 (full 0):
 PSYoungGen      total 76352K, used 76092K [0x00000007aacb0000, 0x00000007b01e0000, 0x0000000800000000)
  eden space 65472K, 99% used [0x00000007aacb0000,0x00000007aec62e48,0x00000007aeca0000)
  from space 10880K, 99% used [0x00000007af740000,0x00000007b01dc4d0,0x00000007b01e0000)
  to   space 10880K, 0% used [0x00000007aeca0000,0x00000007aeca0000,0x00000007af740000)
 ParOldGen       total 174528K, used 32451K [0x0000000700600000, 0x000000070b070000, 0x00000007aacb0000)
  object space 174528K, 18% used [0x0000000700600000,0x00000007025b0ce8,0x000000070b070000)
 PSPermGen       total 21248K, used 17975K [0x00000006fb400000, 0x00000006fc8c0000, 0x0000000700600000)
  object space 21248K, 84% used [0x00000006fb400000,0x00000006fc58dd50,0x00000006fc8c0000)
Event: 17.037 GC heap after
Heap after GC invocations=3 (full 0):
 PSYoungGen      total 76352K, used 10874K [0x00000007aacb0000, 0x00000007b01e0000, 0x0000000800000000)
  eden space 65472K, 0% used [0x00000007aacb0000,0x00000007aacb0000,0x00000007aeca0000)
  from space 10880K, 99% used [0x00000007aeca0000,0x00000007af73e950,0x00000007af740000)
  to   space 10880K, 0% used [0x00000007af740000,0x00000007af740000,0x00000007b01e0000)
 ParOldGen       total 174528K, used 55511K [0x0000000700600000, 0x000000070b070000, 0x00000007aacb0000)
  object space 174528K, 31% used [0x0000000700600000,0x0000000703c35c58,0x000000070b070000)
 PSPermGen       total 21248K, used 17975K [0x00000006fb400000, 0x00000006fc8c0000, 0x0000000700600000)
  object space 21248K, 84% used [0x00000006fb400000,0x00000006fc58dd50,0x00000006fc8c0000)
}

Deoptimization events (10 events):
Event: 3.777 Thread 0x000000001cf5d000 Uncommon trap -83 fr.pc 0x00000000022c45b4
Event: 3.821 Thread 0x000000001cf5d000 Uncommon trap -83 fr.pc 0x00000000022c4204
Event: 3.833 Thread 0x000000001cf5d000 Uncommon trap -83 fr.pc 0x00000000022f35a8
Event: 3.883 Thread 0x000000001cf5d000 Uncommon trap -83 fr.pc 0x000000000230eacc
Event: 3.911 Thread 0x000000001cf5d000 Uncommon trap -83 fr.pc 0x00000000022e5458
Event: 4.089 Thread 0x000000001d14a000 Uncommon trap -83 fr.pc 0x0000000002322afc
Event: 8.865 Thread 0x0000000015af8000 Uncommon trap -34 fr.pc 0x000000000235f4b8
Event: 8.867 Thread 0x0000000015af8000 Uncommon trap -34 fr.pc 0x000000000235f4b8
Event: 8.876 Thread 0x0000000015af8000 Uncommon trap -34 fr.pc 0x000000000235f4b8
Event: 8.878 Thread 0x0000000015af8000 Uncommon trap -34 fr.pc 0x000000000235f4b8

Internal exceptions (10 events):
Event: 3.921 Thread 0x000000001cf5d000 Threw 0x00000007ae5ebea0 at C:\jdk7u1_64p\jdk7u7\hotspot\src\share\vm\prims\jvm.cpp:1166
Event: 3.954 Thread 0x000000001cf5d000 Threw 0x00000007ae722f18 at C:\jdk7u1_64p\jdk7u7\hotspot\src\share\vm\prims\jvm.cpp:1166
Event: 3.954 Thread 0x000000001cf5d000 Threw 0x00000007ae725ce8 at C:\jdk7u1_64p\jdk7u7\hotspot\src\share\vm\prims\jvm.cpp:1166
Event: 3.957 Thread 0x000000001cf5d000 Threw 0x00000007ae736150 at C:\jdk7u1_64p\jdk7u7\hotspot\src\share\vm\prims\jvm.cpp:1166
Event: 3.957 Thread 0x000000001cf5d000 Threw 0x00000007ae738f20 at C:\jdk7u1_64p\jdk7u7\hotspot\src\share\vm\prims\jvm.cpp:1166
Event: 3.958 Thread 0x000000001cf5d000 Threw 0x00000007ae73c0d0 at C:\jdk7u1_64p\jdk7u7\hotspot\src\share\vm\prims\jvm.cpp:1166
Event: 3.958 Thread 0x000000001cf5d000 Threw 0x00000007ae73eea0 at C:\jdk7u1_64p\jdk7u7\hotspot\src\share\vm\prims\jvm.cpp:1166
Event: 4.081 Thread 0x000000001d14a000 Threw 0x00000007aad58388 at C:\jdk7u1_64p\jdk7u7\hotspot\src\share\vm\prims\jvm.cpp:1166
Event: 4.086 Thread 0x000000001d14a000 Threw 0x00000007aad691b8 at C:\jdk7u1_64p\jdk7u7\hotspot\src\share\vm\prims\jvm.cpp:1166
Event: 4.276 Thread 0x000000001d14a000 Threw 0x00000007abc246c8 at C:\jdk7u1_64p\jdk7u7\hotspot\src\share\vm\prims\jvm.cpp:1166

Events (10 events):
Event: 14.837 Thread 0x0000000010d19000 flushing nmethod 0x00000000022a6050
Event: 14.837 Thread 0x0000000010d19000 flushing nmethod 0x00000000022a9ad0
Event: 17.028 Executing VM operation: ParallelGCFailedAllocation
Event: 17.037 Executing VM operation: ParallelGCFailedAllocation done
Event: 23.343 loading class 0x0000000015ad8d90
Event: 23.343 loading class 0x0000000015ad8d90 done
Event: 23.343 loading class 0x00000000134c1e50
Event: 23.343 loading class 0x0000000015f585a0
Event: 23.343 loading class 0x0000000015f585a0 done
Event: 23.344 loading class 0x00000000134c1e50 done


Dynamic libraries:
0x000007f7dc190000 - 0x000007f7dc1c4000 	F:\Program Files\Java\Jre7\bin\javaw.exe
0x000007ff3c8c0000 - 0x000007ff3ca7e000 	C:\WINDOWS\SYSTEM32\ntdll.dll
0x000007ff3a840000 - 0x000007ff3a976000 	C:\WINDOWS\system32\KERNEL32.DLL
0x000007ff39a80000 - 0x000007ff39b73000 	C:\WINDOWS\system32\KERNELBASE.dll
0x000007ff3ae10000 - 0x000007ff3aeee000 	C:\WINDOWS\system32\ADVAPI32.dll
0x000007ff39f70000 - 0x000007ff3a0bc000 	C:\WINDOWS\system32\USER32.dll
0x000007ff36fd0000 - 0x000007ff37239000 	C:\WINDOWS\WinSxS\amd64_microsoft.windows.common-controls_6595b64144ccf1df_6.0.9200.16384_none_418c2a697189c07f\COMCTL32.dll
0x000007ff3a5d0000 - 0x000007ff3a675000 	C:\WINDOWS\system32\msvcrt.dll
0x000007ff3aef0000 - 0x000007ff3af38000 	C:\WINDOWS\SYSTEM32\sechost.dll
0x000007ff3c500000 - 0x000007ff3c640000 	C:\WINDOWS\system32\RPCRT4.dll
0x000007ff39d10000 - 0x000007ff39e50000 	C:\WINDOWS\system32\GDI32.dll
0x000007ff3c640000 - 0x000007ff3c679000 	C:\WINDOWS\system32\IMM32.DLL
0x000007ff3a2f0000 - 0x000007ff3a405000 	C:\WINDOWS\system32\MSCTF.dll
0x000007ff397b0000 - 0x000007ff397b8000 	C:\PROGRA~2\NVIDIA~1\3DVISI~1\NVSTIN~1.DLL
0x000007ff3c680000 - 0x000007ff3c687000 	C:\WINDOWS\system32\PSAPI.DLL
0x000000005d2b0000 - 0x000000005d353000 	C:\WINDOWS\WinSxS\amd64_microsoft.vc90.crt_1fc8b3b9a1e18e3b_9.0.30729.6871_none_08e717a5a83adddf\MSVCR90.dll
0x000000005b640000 - 0x000000005b711000 	F:\Program Files\Java\Jre7\bin\msvcr100.dll
0x000000005af20000 - 0x000000005b63f000 	F:\Program Files\Java\Jre7\bin\server\jvm.dll
0x000007ff31ca0000 - 0x000007ff31ca9000 	C:\WINDOWS\SYSTEM32\WSOCK32.dll
0x000007ff37250000 - 0x000007ff37270000 	C:\WINDOWS\SYSTEM32\WINMM.dll
0x000007ff3a680000 - 0x000007ff3a6d8000 	C:\WINDOWS\system32\WS2_32.dll
0x000007ff368c0000 - 0x000007ff368f2000 	C:\WINDOWS\SYSTEM32\WINMMBASE.dll
0x000007ff3a980000 - 0x000007ff3a989000 	C:\WINDOWS\system32\NSI.dll
0x000000005af10000 - 0x000000005af1f000 	F:\Program Files\Java\Jre7\bin\verify.dll
0x000000005aee0000 - 0x000000005af08000 	F:\Program Files\Java\Jre7\bin\java.dll
0x000000005aec0000 - 0x000000005aed5000 	F:\Program Files\Java\Jre7\bin\zip.dll
0x000000005bd60000 - 0x000000005bef3000 	F:\Program Files\Java\Jre7\bin\awt.dll
0x000007ff39e50000 - 0x000007ff39f13000 	C:\WINDOWS\system32\OLEAUT32.dll
0x000007ff3a140000 - 0x000007ff3a2f0000 	C:\WINDOWS\system32\combase.dll
0x000007ff339e0000 - 0x000007ff33a7f000 	C:\WINDOWS\system32\apphelp.dll
0x000007ff385b0000 - 0x000007ff38693000 	C:\WINDOWS\system32\uxtheme.dll
0x000007ff33a80000 - 0x000007ff33b15000 	C:\Program Files\Common Files\microsoft shared\ink\tiptsf.dll
0x000007ff37890000 - 0x000007ff378b1000 	C:\WINDOWS\SYSTEM32\dwmapi.dll
0x000007ff3c740000 - 0x000007ff3c8be000 	C:\WINDOWS\system32\ole32.dll
0x000007ff39600000 - 0x000007ff3960a000 	C:\WINDOWS\SYSTEM32\CRYPTBASE.dll
0x000007ff395a0000 - 0x000007ff395fc000 	C:\WINDOWS\SYSTEM32\bcryptPrimitives.dll
0x000007ff3af40000 - 0x000007ff3c228000 	C:\WINDOWS\system32\SHELL32.dll
0x000007ff39f20000 - 0x000007ff39f70000 	C:\WINDOWS\system32\SHLWAPI.dll
0x000007ff38980000 - 0x000007ff38a16000 	C:\WINDOWS\SYSTEM32\shcore.dll
0x000000005c180000 - 0x000000005c218000 	C:\Windows\System32\msvcp100.dll
0x000007ff1e270000 - 0x000007ff1e4c8000 	C:\opencv\build\x64\vc10\bin\opencv_core243.dll
0x000007ff29410000 - 0x000007ff294a5000 	C:\Users\Jonas\AppData\Local\Temp\javacpp112793838627550\jniopencv_core.dll
0x000007ff1dfc0000 - 0x000007ff1e265000 	C:\opencv\build\x64\vc10\bin\opencv_imgproc243.dll
0x000007ff30dc0000 - 0x000007ff30e08000 	C:\Users\Jonas\AppData\Local\Temp\javacpp112793838627550\jniopencv_imgproc.dll
0x0000000066840000 - 0x00000000675ca000 	C:\opencv\build\x64\vc10\bin\opencv_ffmpeg243_64.dll
0x000007ff1dd70000 - 0x000007ff1dfbb000 	C:\opencv\build\x64\vc10\bin\opencv_highgui243.dll
0x000007ff30da0000 - 0x000007ff30dc0000 	C:\WINDOWS\SYSTEM32\AVIFIL32.dll
0x000007ff30730000 - 0x000007ff30759000 	C:\WINDOWS\SYSTEM32\MSVFW32.dll
0x000007ff30970000 - 0x000007ff30987000 	C:\WINDOWS\SYSTEM32\AVICAP32.dll
0x000007ff32f20000 - 0x000007ff32f39000 	C:\WINDOWS\SYSTEM32\MSACM32.dll
0x000007ff37270000 - 0x000007ff37279000 	C:\WINDOWS\SYSTEM32\VERSION.dll
0x000007ff306c0000 - 0x000007ff306d3000 	C:\Users\Jonas\AppData\Local\Temp\javacpp112793838627550\jniopencv_highgui.dll
0x000007ff3c230000 - 0x000007ff3c2c6000 	C:\WINDOWS\SYSTEM32\clbcatq.dll
0x000007ff306a0000 - 0x000007ff306b7000 	C:\Windows\System32\devenum.dll
0x000007ff3ac40000 - 0x000007ff3ae10000 	C:\WINDOWS\system32\setupapi.dll
0x000007ff39c30000 - 0x000007ff39c7f000 	C:\WINDOWS\system32\CFGMGR32.dll
0x000007ff39ce0000 - 0x000007ff39d02000 	C:\WINDOWS\system32\DEVOBJ.dll
0x000007ff32880000 - 0x000007ff328ae000 	C:\WINDOWS\SYSTEM32\ntmarta.dll
0x000007ff39c80000 - 0x000007ff39cd5000 	C:\WINDOWS\system32\WINTRUST.dll
0x000007ff398a0000 - 0x000007ff39a77000 	C:\WINDOWS\system32\CRYPT32.dll
0x000007ff39880000 - 0x000007ff39896000 	C:\WINDOWS\system32\MSASN1.dll
0x000007ff32f10000 - 0x000007ff32f1d000 	C:\WINDOWS\SYSTEM32\msdmo.dll
0x000007ff30350000 - 0x000007ff3037f000 	C:\Windows\System32\qcap.dll
0x000007ff22c10000 - 0x000007ff22dc8000 	C:\Windows\System32\quartz.dll
0x000007ff27100000 - 0x000007ff2713f000 	C:\Windows\System32\ksproxy.ax
0x000007ff1fa90000 - 0x000007ff1fa97000 	C:\Windows\System32\ksuser.dll
0x000007ff28210000 - 0x000007ff28410000 	C:\Windows\System32\d3d9.dll
0x000007ff32a90000 - 0x000007ff32a9c000 	C:\Windows\System32\vidcap.ax
0x000007ff270d0000 - 0x000007ff270f4000 	C:\Windows\System32\kswdmcap.ax
0x000007ff1dc10000 - 0x000007ff1dd64000 	C:\Windows\System32\MFC42.dll
0x000007ff24a90000 - 0x000007ff24b4e000 	C:\Windows\System32\ODBC32.dll
0x000007ff253c0000 - 0x000007ff25455000 	C:\Windows\System32\qedit.dll
0x000007ff3c690000 - 0x000007ff3c731000 	C:\WINDOWS\system32\COMDLG32.dll
0x000007ff3a410000 - 0x000007ff3a5b0000 	C:\WINDOWS\WinSxS\amd64_microsoft.windows.gdiplus_6595b64144ccf1df_1.1.9200.16384_none_72771d4ecc1c3a4d\gdiplus.dll
0x000007ff20d90000 - 0x000007ff20e7a000 	C:\WINDOWS\SYSTEM32\DDRAW.dll
0x000007ff339d0000 - 0x000007ff339d8000 	C:\WINDOWS\SYSTEM32\DCIMAN32.dll
0x000000005ada0000 - 0x000000005add4000 	F:\Program Files\Java\Jre7\bin\fontmanager.dll
0x000007ff1ca90000 - 0x000007ff1dc10000 	C:\WINDOWS\SYSTEM32\nvd3dumx.dll
0x000007ff396a0000 - 0x000007ff396e3000 	C:\WINDOWS\SYSTEM32\powrprof.dll
0x0000000180000000 - 0x0000000180116000 	C:\Program Files (x86)\NVIDIA Corporation\3D Vision\nvSCPAPI64.dll
0x000007ff36ef0000 - 0x000007ff36f64000 	C:\WINDOWS\SYSTEM32\dxgi.dll
0x000007ff36390000 - 0x000007ff36652000 	C:\WINDOWS\SYSTEM32\nvapi64.dll
0x000007ff36900000 - 0x000007ff3691f000 	C:\WINDOWS\SYSTEM32\DXGIDebug.dll
0x000000005aea0000 - 0x000000005aeb9000 	F:\Program Files\Java\Jre7\bin\net.dll
0x000007ff39010000 - 0x000007ff3906c000 	C:\WINDOWS\system32\mswsock.dll
0x000000005ae80000 - 0x000000005ae91000 	F:\Program Files\Java\Jre7\bin\nio.dll
0x000000005ad50000 - 0x000000005ad91000 	F:\Program Files\Java\Jre7\bin\t2k.dll
0x000007ff37350000 - 0x000007ff374da000 	C:\WINDOWS\SYSTEM32\WindowsCodecs.dll
0x000007ff397d0000 - 0x000007ff397e5000 	C:\WINDOWS\SYSTEM32\profapi.dll
0x000007ff367d0000 - 0x000007ff36839000 	C:\WINDOWS\SYSTEM32\oleacc.dll
0x000000005bd30000 - 0x000000005bd5a000 	F:\Program Files\Java\Jre7\bin\dcpr.dll
0x000007ff26eb0000 - 0x000007ff27013000 	C:\WINDOWS\SYSTEM32\dbghelp.dll

VM Arguments:
jvm_args: -Dfile.encoding=Cp1252 
java_command: emcscanner.kth.se.Program
Launcher Type: SUN_STANDARD

Environment Variables:
PATH=C:\Program Files (x86)\NVIDIA Corporation\PhysX\Common;C:\WINDOWS\system32;C:\WINDOWS;C:\WINDOWS\System32\Wbem;C:\WINDOWS\System32\WindowsPowerShell\v1.0\;C:\Program Files (x86)\Microsoft SQL Server\90\Tools\binn\;C:\Program Files (x86)\Autodesk\Backburner\;F:\Program Files\MATLAB\R2012a\runtime\win64;F:\Program Files\MATLAB\R2012a\bin;C:\Program Files\Internet Explorer;C:\Program Files\Perforce;F:\Program Files\Perforce;C:\Program Files\Microsoft\Web Platform Installer\;C:\Program Files (x86)\Microsoft ASP.NET\ASP.NET Web Pages\v1.0\;C:\Program Files (x86)\Windows Kits\8.0\Windows Performance Toolkit\;C:\Program Files\Microsoft SQL Server\110\Tools\Binn\;F:\Program Files\Perforce\Server
USERNAME=Jonas
OS=Windows_NT
PROCESSOR_IDENTIFIER=Intel64 Family 6 Model 42 Stepping 7, GenuineIntel



---------------  S Y S T E M  ---------------

OS: Windows 8 , 64 bit Build 9200 

CPU:total 8 (4 cores per cpu, 2 threads per core) family 6 model 42 stepping 7, cmov, cx8, fxsr, mmx, sse, sse2, sse3, ssse3, sse4.1, sse4.2, popcnt, avx, ht, tsc, tscinvbit

Memory: 4k page, physical 16751668k(12536136k free), swap 33528884k(27331564k free)

vm_info: Java HotSpot(TM) 64-Bit Server VM (23.3-b01) for windows-amd64 JRE (1.7.0_07-b11), built on Sep  7 2012 01:19:25 by "java_re" with unknown MS VC++:1600

time: Fri Jan 25 02:47:18 2013
elapsed time: 24 seconds

