#
# A fatal error has been detected by the Java Runtime Environment:
#
#  EXCEPTION_ACCESS_VIOLATION (0xc0000005) at pc=0x00000000025ce0fa, pid=5288, tid=1384
#
# JRE version: 7.0_07-b11
# Java VM: Java HotSpot(TM) 64-Bit Server VM (23.3-b01 mixed mode windows-amd64 compressed oops)
# Problematic frame:
# J  com.googlecode.javacv.cpp.opencv_core$IplImage.flipCopyWithGamma(Ljava/nio/ByteBuffer;ILjava/nio/ByteBuffer;IZDZI)V
#
# Failed to write core dump. Minidumps are not enabled by default on client versions of Windows
#
# If you would like to submit a bug report, please visit:
#   http://bugreport.sun.com/bugreport/crash.jsp
#

---------------  T H R E A D  ---------------

Current thread (0x000000001372b000):  JavaThread "threadDisplay" daemon [_thread_in_Java, id=1384, stack(0x000000001a500000,0x000000001a600000)]

siginfo: ExceptionCode=0xc0000005, reading address 0x000000001a058000

Registers:
RAX=0x00000000000000ac, RBX=0x00000000005eec00, RCX=0x0000000000000000, RDX=0x0000000019f04050
RSP=0x000000001a5fefb0, RBP=0x00000007aeb55000, RSI=0x000000070c8702f0, RDI=0x00000000005eec00
R8 =0x0000000000153fb0, R9 =0x0000000000153fb1, R10=0x000000000000167f, R11=0x00000000005eec00
R12=0x0000000000000000, R13=0x0000000000153fb0, R14=0x000000000000112f, R15=0x000000001372b000
RIP=0x00000000025ce0fa, EFLAGS=0x0000000000010207

Top of Stack: (sp=0x000000001a5fefb0)
0x000000001a5fefb0:   000000070c8702f0 00000000005eec00
0x000000001a5fefc0:   00000000005eec00 0000000000000000
0x000000001a5fefd0:   3ff0000000000000 00000007aeb54fc0
0x000000001a5fefe0:   00000007aeb55000 3ff0000000000000
0x000000001a5feff0:   00152e8000000000 df6ab9ce00152e80
0x000000001a5ff000:   00001680df6c65d4 0000000000001680
0x000000001a5ff010:   00000007aeb55030 00001680ffffffff
0x000000001a5ff020:   00000007aeb55000 00000007aeb54fc0
0x000000001a5ff030:   00000000e190e05e 0000000000000000
0x000000001a5ff040:   000000070c8702f0 00000007aeb55000
0x000000001a5ff050:   00000007aeb55000 000000001a5ff058
0x000000001a5ff060:   000000001a5ff118 00000000024761f8
0x000000001a5ff070:   0000000000000000 00000006fc3fd818
0x000000001a5ff080:   00000006fb5556b8 00000000024761f8
0x000000001a5ff090:   0000000000000000 0000000000000000
0x000000001a5ff0a0:   3ff0000000000000 0000000000000000 

Instructions: (pc=0x00000000025ce0fa)
0x00000000025ce0da:   10 44 3b c7 0f 8d 26 01 00 00 45 8b c8 41 ff c1
0x00000000025ce0ea:   44 89 4d 18 48 8b 6c 24 70 44 8b 6d 18 4d 63 c0
0x00000000025ce0fa:   42 0f b6 04 02 44 3b eb 0f 8d 32 01 00 00 45 8b
0x00000000025ce10a:   cd 44 03 c9 41 ff c5 44 89 6d 18 45 3b cb 0f 83 


Register to memory mapping:

RAX=0x00000000000000ac is an unknown value
RBX=0x00000000005eec00 is an unknown value
RCX=0x0000000000000000 is an unknown value
RDX=0x0000000019f04050 is an unknown value
RSP=0x000000001a5fefb0 is pointing into the stack for thread: 0x000000001372b000
RBP=0x00000007aeb55000 is an oop
java.nio.HeapByteBuffer 
 - klass: 'java/nio/HeapByteBuffer'
RSI=0x000000070c8702f0 is an oop
[B 
 - klass: {type array byte}
 - length: 6220800
RDI=0x00000000005eec00 is an unknown value
R8 =0x0000000000153fb0 is an unknown value
R9 =0x0000000000153fb1 is an unknown value
R10=0x000000000000167f is an unknown value
R11=0x00000000005eec00 is an unknown value
R12=0x0000000000000000 is an unknown value
R13=0x0000000000153fb0 is an unknown value
R14=0x000000000000112f is an unknown value
R15=0x000000001372b000 is a thread


Stack: [0x000000001a500000,0x000000001a600000],  sp=0x000000001a5fefb0,  free space=1019k
Native frames: (J=compiled Java code, j=interpreted, Vv=VM code, C=native code)
J  com.googlecode.javacv.cpp.opencv_core$IplImage.flipCopyWithGamma(Ljava/nio/ByteBuffer;ILjava/nio/ByteBuffer;IZDZI)V


---------------  P R O C E S S  ---------------

Java Threads: ( => current thread )
  0x0000000015e85800 JavaThread "Thread-2" [_thread_in_native, id=7232, stack(0x0000000017050000,0x0000000017150000)]
  0x0000000015e84800 JavaThread "Thread-0" daemon [_thread_in_native, id=548, stack(0x0000000016d50000,0x0000000016e50000)]
  0x000000001e562800 JavaThread "ICEpdf-pagePainter" daemon [_thread_blocked, id=1484, stack(0x0000000021dc0000,0x0000000021ec0000)]
  0x0000000015ee8800 JavaThread "ICEpdf-pageInitializer" daemon [_thread_blocked, id=6904, stack(0x0000000021b90000,0x0000000021c90000)]
  0x000000000223e000 JavaThread "DestroyJavaVM" [_thread_blocked, id=1116, stack(0x0000000002270000,0x0000000002370000)]
  0x0000000015e05800 JavaThread "TimerQueue" daemon [_thread_blocked, id=6612, stack(0x000000001cf00000,0x000000001d000000)]
  0x0000000015f7a800 JavaThread "AWT-EventQueue-0" [_thread_blocked, id=2768, stack(0x000000001ce00000,0x000000001cf00000)]
  0x000000001399d800 JavaThread "AWT-Shutdown" [_thread_blocked, id=2644, stack(0x000000001a600000,0x000000001a700000)]
=>0x000000001372b000 JavaThread "threadDisplay" daemon [_thread_in_Java, id=1384, stack(0x000000001a500000,0x000000001a600000)]
  0x000000001372c000 JavaThread "AWT-Windows" daemon [_thread_in_native, id=8092, stack(0x0000000013fa0000,0x00000000140a0000)]
  0x00000000136d4800 JavaThread "Java2D Disposer" daemon [_thread_blocked, id=8028, stack(0x0000000013da0000,0x0000000013ea0000)]
  0x0000000010f99000 JavaThread "Service Thread" daemon [_thread_blocked, id=6316, stack(0x00000000133a0000,0x00000000134a0000)]
  0x0000000010f8c800 JavaThread "C2 CompilerThread1" daemon [_thread_blocked, id=7248, stack(0x00000000132a0000,0x00000000133a0000)]
  0x0000000010f89000 JavaThread "C2 CompilerThread0" daemon [_thread_blocked, id=6776, stack(0x00000000131a0000,0x00000000132a0000)]
  0x0000000010f87800 JavaThread "Attach Listener" daemon [_thread_blocked, id=4568, stack(0x00000000130a0000,0x00000000131a0000)]
  0x0000000010f7b000 JavaThread "Signal Dispatcher" daemon [_thread_blocked, id=4744, stack(0x0000000012fa0000,0x00000000130a0000)]
  0x0000000010f1e800 JavaThread "Finalizer" daemon [_thread_blocked, id=7772, stack(0x0000000012ea0000,0x0000000012fa0000)]
  0x0000000010f17000 JavaThread "Reference Handler" daemon [_thread_blocked, id=7652, stack(0x0000000012da0000,0x0000000012ea0000)]

Other Threads:
  0x0000000010f12000 VMThread [stack: 0x0000000012ca0000,0x0000000012da0000] [id=5476]
  0x0000000010fb6800 WatcherThread [stack: 0x00000000134a0000,0x00000000135a0000] [id=5772]

VM state:not at safepoint (normal execution)

VM Mutex/Monitor currently owned by a thread: None

Heap
 PSYoungGen      total 75712K, used 74914K [0x00000007aacb0000, 0x00000007b02f0000, 0x0000000800000000)
  eden space 65664K, 99% used [0x00000007aacb0000,0x00000007aec4b8c0,0x00000007aecd0000)
  from space 10048K, 97% used [0x00000007af920000,0x00000007b02ad0e0,0x00000007b02f0000)
  to   space 11328K, 0% used [0x00000007aecd0000,0x00000007aecd0000,0x00000007af7e0000)
 ParOldGen       total 221696K, used 205179K [0x0000000700600000, 0x000000070de80000, 0x00000007aacb0000)
  object space 221696K, 92% used [0x0000000700600000,0x000000070ce5ef00,0x000000070de80000)
 PSPermGen       total 36096K, used 18095K [0x00000006fb400000, 0x00000006fd740000, 0x0000000700600000)
  object space 36096K, 50% used [0x00000006fb400000,0x00000006fc5abdb8,0x00000006fd740000)

Card table byte_map: [0x0000000005530000,0x0000000005d60000] byte_map_base: 0x0000000001d56000

Polling page: 0x0000000000970000

Code Cache  [0x0000000002470000, 0x00000000026e0000, 0x0000000005470000)
 total_blobs=918 nmethods=327 adapters=542 free_code_cache=47676Kb largest_free_block=48766336

Compilation events (10 events):
Event: 94.095 Thread 0x0000000010f89000  333             java.awt.Component::isShowing (38 bytes)
Event: 94.096 Thread 0x0000000010f89000 nmethod 333 0x0000000002590590 code [0x00000000025906e0, 0x0000000002590798]
Event: 94.188 Thread 0x0000000010f8c800  334             java.awt.EventQueue::eventToCacheIndex (69 bytes)
Event: 94.189 Thread 0x0000000010f8c800 nmethod 334 0x00000000025e16d0 code [0x00000000025e1820, 0x00000000025e18f8]
Event: 94.580 Thread 0x0000000010f89000  335             java.security.AccessController::getContext (23 bytes)
Event: 94.581 Thread 0x0000000010f89000 nmethod 335 0x00000000025902d0 code [0x0000000002590420, 0x00000000025904b8]
Event: 94.892 Thread 0x0000000010f8c800  336   !         java.awt.EventDispatchThread::pumpOneEventForFilters (295 bytes)
Event: 94.943 Thread 0x0000000010f8c800 nmethod 336 0x00000000025e7dd0 code [0x00000000025e82c0, 0x00000000025eace0]
Event: 95.008 Thread 0x0000000010f89000  337             sun.java2d.SurfaceData::isValid (5 bytes)
Event: 95.009 Thread 0x0000000010f89000 nmethod 337 0x00000000025e14d0 code [0x00000000025e1600, 0x00000000025e1658]

GC Heap History (10 events):
Event: 85.624 GC heap before
{Heap before GC invocations=145 (full 4):
 PSYoungGen      total 79872K, used 77233K [0x00000007aacb0000, 0x00000007b06f0000, 0x0000000800000000)
  eden space 69376K, 96% used [0x00000007aacb0000,0x00000007aede17a0,0x00000007af070000)
  from space 10496K, 99% used [0x00000007afcb0000,0x00000007b06eae70,0x00000007b06f0000)
  to   space 11456K, 0% used [0x00000007af090000,0x00000007af090000,0x00000007afbc0000)
 ParOldGen       total 222720K, used 81019K [0x0000000700600000, 0x000000070df80000, 0x00000007aacb0000)
  object space 222720K, 36% used [0x0000000700600000,0x000000070551ed00,0x000000070df80000)
 PSPermGen       total 37696K, used 18014K [0x00000006fb400000, 0x00000006fd8d0000, 0x0000000700600000)
  object space 37696K, 47% used [0x00000006fb400000,0x00000006fc5978e0,0x00000006fd8d0000)
Event: 85.626 GC heap after
Heap after GC invocations=145 (full 4):
 PSYoungGen      total 78976K, used 10507K [0x00000007aacb0000, 0x00000007b05e0000, 0x0000000800000000)
  eden space 68416K, 0% used [0x00000007aacb0000,0x00000007aacb0000,0x00000007aef80000)
  from space 10560K, 99% used [0x00000007af090000,0x00000007afad2e70,0x00000007afae0000)
  to   space 11264K, 0% used [0x00000007afae0000,0x00000007afae0000,0x00000007b05e0000)
 ParOldGen       total 222720K, used 81019K [0x0000000700600000, 0x000000070df80000, 0x00000007aacb0000)
  object space 222720K, 36% used [0x0000000700600000,0x000000070551ed00,0x000000070df80000)
 PSPermGen       total 37696K, used 18014K [0x00000006fb400000, 0x00000006fd8d0000, 0x0000000700600000)
  object space 37696K, 47% used [0x00000006fb400000,0x00000006fc5978e0,0x00000006fd8d0000)
}
Event: 86.572 GC heap before
{Heap before GC invocations=146 (full 4):
 PSYoungGen      total 78976K, used 77504K [0x00000007aacb0000, 0x00000007b05e0000, 0x0000000800000000)
  eden space 68416K, 97% used [0x00000007aacb0000,0x00000007aee1d410,0x00000007aef80000)
  from space 10560K, 99% used [0x00000007af090000,0x00000007afad2e70,0x00000007afae0000)
  to   space 11264K, 0% used [0x00000007afae0000,0x00000007afae0000,0x00000007b05e0000)
 ParOldGen       total 222720K, used 81019K [0x0000000700600000, 0x000000070df80000, 0x00000007aacb0000)
  object space 222720K, 36% used [0x0000000700600000,0x000000070551ed00,0x000000070df80000)
 PSPermGen       total 37696K, used 18015K [0x00000006fb400000, 0x00000006fd8d0000, 0x0000000700600000)
  object space 37696K, 47% used [0x00000006fb400000,0x00000006fc597d60,0x00000006fd8d0000)
Event: 86.574 GC heap after
Heap after GC invocations=146 (full 4):
 PSYoungGen      total 77952K, used 10443K [0x00000007aacb0000, 0x00000007b0520000, 0x0000000800000000)
  eden space 67456K, 0% used [0x00000007aacb0000,0x00000007aacb0000,0x00000007aee90000)
  from space 10496K, 99% used [0x00000007afae0000,0x00000007b0512e70,0x00000007b0520000)
  to   space 11392K, 0% used [0x00000007aeee0000,0x00000007aeee0000,0x00000007afa00000)
 ParOldGen       total 222720K, used 81019K [0x0000000700600000, 0x000000070df80000, 0x00000007aacb0000)
  object space 222720K, 36% used [0x0000000700600000,0x000000070551ed00,0x000000070df80000)
 PSPermGen       total 37696K, used 18015K [0x00000006fb400000, 0x00000006fd8d0000, 0x0000000700600000)
  object space 37696K, 47% used [0x00000006fb400000,0x00000006fc597d60,0x00000006fd8d0000)
}
Event: 87.526 GC heap before
{Heap before GC invocations=147 (full 4):
 PSYoungGen      total 77952K, used 77431K [0x00000007aacb0000, 0x00000007b0520000, 0x0000000800000000)
  eden space 67456K, 99% used [0x00000007aacb0000,0x00000007aee1add0,0x00000007aee90000)
  from space 10496K, 99% used [0x00000007afae0000,0x00000007b0512e70,0x00000007b0520000)
  to   space 11392K, 0% used [0x00000007aeee0000,0x00000007aeee0000,0x00000007afa00000)
 ParOldGen       total 222720K, used 87094K [0x0000000700600000, 0x000000070df80000, 0x00000007aacb0000)
  object space 222720K, 39% used [0x0000000700600000,0x0000000705b0d910,0x000000070df80000)
 PSPermGen       total 37696K, used 18022K [0x00000006fb400000, 0x00000006fd8d0000, 0x0000000700600000)
  object space 37696K, 47% used [0x00000006fb400000,0x00000006fc599a30,0x00000006fd8d0000)
Event: 87.528 GC heap after
Heap after GC invocations=147 (full 4):
 PSYoungGen      total 77056K, used 10443K [0x00000007aacb0000, 0x00000007b03f0000, 0x0000000800000000)
  eden space 66560K, 0% used [0x00000007aacb0000,0x00000007aacb0000,0x00000007aedb0000)
  from space 10496K, 99% used [0x00000007aeee0000,0x00000007af912e70,0x00000007af920000)
  to   space 11072K, 0% used [0x00000007af920000,0x00000007af920000,0x00000007b03f0000)
 ParOldGen       total 222720K, used 87094K [0x0000000700600000, 0x000000070df80000, 0x00000007aacb0000)
  object space 222720K, 39% used [0x0000000700600000,0x0000000705b0d910,0x000000070df80000)
 PSPermGen       total 37696K, used 18022K [0x00000006fb400000, 0x00000006fd8d0000, 0x0000000700600000)
  object space 37696K, 47% used [0x00000006fb400000,0x00000006fc599a30,0x00000006fd8d0000)
}
Event: 92.031 GC heap before
{Heap before GC invocations=148 (full 5):
 PSYoungGen      total 77056K, used 77003K [0x00000007aacb0000, 0x00000007b03f0000, 0x0000000800000000)
  eden space 66560K, 100% used [0x00000007aacb0000,0x00000007aedb0000,0x00000007aedb0000)
  from space 10496K, 99% used [0x00000007aeee0000,0x00000007af912e70,0x00000007af920000)
  to   space 11072K, 0% used [0x00000007af920000,0x00000007af920000,0x00000007b03f0000)
 ParOldGen       total 340608K, used 339967K [0x0000000700600000, 0x00000007152a0000, 0x00000007aacb0000)
  object space 340608K, 99% used [0x0000000700600000,0x00000007151ffe10,0x00000007152a0000)
 PSPermGen       total 37696K, used 18049K [0x00000006fb400000, 0x00000006fd8d0000, 0x0000000700600000)
  object space 37696K, 47% used [0x00000006fb400000,0x00000006fc5a04f8,0x00000006fd8d0000)
Event: 92.064 GC heap after
Heap after GC invocations=148 (full 5):
 PSYoungGen      total 77056K, used 0K [0x00000007aacb0000, 0x00000007b03f0000, 0x0000000800000000)
  eden space 66560K, 0% used [0x00000007aacb0000,0x00000007aacb0000,0x00000007aedb0000)
  from space 10496K, 0% used [0x00000007aeee0000,0x00000007aeee0000,0x00000007af920000)
  to   space 11072K, 0% used [0x00000007af920000,0x00000007af920000,0x00000007b03f0000)
 ParOldGen       total 221696K, used 30902K [0x0000000700600000, 0x000000070de80000, 0x00000007aacb0000)
  object space 221696K, 13% used [0x0000000700600000,0x000000070242da70,0x000000070de80000)
 PSPermGen       total 36096K, used 18049K [0x00000006fb400000, 0x00000006fd740000, 0x0000000700600000)
  object space 36096K, 50% used [0x00000006fb400000,0x00000006fc5a0458,0x00000006fd740000)
}
Event: 93.009 GC heap before
{Heap before GC invocations=149 (full 5):
 PSYoungGen      total 77056K, used 63813K [0x00000007aacb0000, 0x00000007b03f0000, 0x0000000800000000)
  eden space 66560K, 95% used [0x00000007aacb0000,0x00000007aeb017b8,0x00000007aedb0000)
  from space 10496K, 0% used [0x00000007aeee0000,0x00000007aeee0000,0x00000007af920000)
  to   space 11072K, 0% used [0x00000007af920000,0x00000007af920000,0x00000007b03f0000)
 ParOldGen       total 221696K, used 34319K [0x0000000700600000, 0x000000070de80000, 0x00000007aacb0000)
  object space 221696K, 15% used [0x0000000700600000,0x0000000702783f40,0x000000070de80000)
 PSPermGen       total 36096K, used 18055K [0x00000006fb400000, 0x00000006fd740000, 0x0000000700600000)
  object space 36096K, 50% used [0x00000006fb400000,0x00000006fc5a1e90,0x00000006fd740000)
Event: 93.013 GC heap after
Heap after GC invocations=149 (full 5):
 PSYoungGen      total 75712K, used 9780K [0x00000007aacb0000, 0x00000007b02f0000, 0x0000000800000000)
  eden space 65664K, 0% used [0x00000007aacb0000,0x00000007aacb0000,0x00000007aecd0000)
  from space 10048K, 97% used [0x00000007af920000,0x00000007b02ad0e0,0x00000007b02f0000)
  to   space 11328K, 0% used [0x00000007aecd0000,0x00000007aecd0000,0x00000007af7e0000)
 ParOldGen       total 221696K, used 53304K [0x0000000700600000, 0x000000070de80000, 0x00000007aacb0000)
  object space 221696K, 24% used [0x0000000700600000,0x0000000703a0e100,0x000000070de80000)
 PSPermGen       total 36096K, used 18055K [0x00000006fb400000, 0x00000006fd740000, 0x0000000700600000)
  object space 36096K, 50% used [0x00000006fb400000,0x00000006fc5a1e90,0x00000006fd740000)
}

Deoptimization events (10 events):
Event: 4.082 Thread 0x000000001e562800 Uncommon trap -83 fr.pc 0x00000000025915fc
Event: 15.361 Thread 0x0000000015f7a800 Uncommon trap -34 fr.pc 0x00000000025c7938
Event: 15.362 Thread 0x0000000015f7a800 Uncommon trap -34 fr.pc 0x00000000025c7938
Event: 15.366 Thread 0x0000000015f7a800 Uncommon trap -34 fr.pc 0x00000000025c7938
Event: 15.509 Thread 0x0000000015f7a800 Uncommon trap -34 fr.pc 0x00000000025c7938
Event: 69.860 Thread 0x0000000015f7a800 Uncommon trap -34 fr.pc 0x00000000025df588
Event: 69.868 Thread 0x0000000015f7a800 Uncommon trap -34 fr.pc 0x00000000025df588
Event: 69.876 Thread 0x0000000015f7a800 Uncommon trap -34 fr.pc 0x00000000025df588
Event: 70.172 Thread 0x0000000015f7a800 Uncommon trap -34 fr.pc 0x00000000025df588
Event: 87.521 Thread 0x0000000015f7a800 Uncommon trap -12 fr.pc 0x0000000002567538

Internal exceptions (10 events):
Event: 3.941 Thread 0x0000000015ee8800 Threw 0x00000007ae867cd0 at C:\jdk7u1_64p\jdk7u7\hotspot\src\share\vm\prims\jvm.cpp:1166
Event: 3.945 Thread 0x0000000015ee8800 Threw 0x00000007ae878138 at C:\jdk7u1_64p\jdk7u7\hotspot\src\share\vm\prims\jvm.cpp:1166
Event: 3.945 Thread 0x0000000015ee8800 Threw 0x00000007ae87af08 at C:\jdk7u1_64p\jdk7u7\hotspot\src\share\vm\prims\jvm.cpp:1166
Event: 3.947 Thread 0x0000000015ee8800 Threw 0x00000007ae87e0b8 at C:\jdk7u1_64p\jdk7u7\hotspot\src\share\vm\prims\jvm.cpp:1166
Event: 3.947 Thread 0x0000000015ee8800 Threw 0x00000007ae880e88 at C:\jdk7u1_64p\jdk7u7\hotspot\src\share\vm\prims\jvm.cpp:1166
Event: 4.075 Thread 0x000000001e562800 Threw 0x00000007ab21d5b8 at C:\jdk7u1_64p\jdk7u7\hotspot\src\share\vm\prims\jvm.cpp:1166
Event: 4.078 Thread 0x000000001e562800 Threw 0x00000007ab22de48 at C:\jdk7u1_64p\jdk7u7\hotspot\src\share\vm\prims\jvm.cpp:1166
Event: 4.280 Thread 0x000000001e562800 Threw 0x00000007abec4a10 at C:\jdk7u1_64p\jdk7u7\hotspot\src\share\vm\prims\jvm.cpp:1166
Event: 6.446 Thread 0x0000000015f7a800 Threw 0x00000007ae9dcf20 at C:\jdk7u1_64p\jdk7u7\hotspot\src\share\vm\prims\jvm.cpp:1166
Event: 87.521 Thread 0x0000000015f7a800 Implicit null exception at 0x0000000002567238 to 0x000000000256752c

Events (10 events):
Event: 93.007 Executing VM operation: ParallelGCFailedAllocation
Event: 93.007 Executing VM operation: ParallelGCFailedAllocation done
Event: 93.009 Executing VM operation: ParallelGCSystemGC
Event: 93.013 Executing VM operation: ParallelGCSystemGC done
Event: 95.550 loading class 0x0000000015ef5190
Event: 95.551 loading class 0x0000000015ef5190 done
Event: 95.551 loading class 0x0000000013747a70
Event: 95.551 loading class 0x0000000015a9b060
Event: 95.551 loading class 0x0000000015a9b060 done
Event: 95.551 loading class 0x0000000013747a70 done


Dynamic libraries:
0x000007f7dc190000 - 0x000007f7dc1c4000 	F:\Program Files\Java\Jre7\bin\javaw.exe
0x000007ff3c8c0000 - 0x000007ff3ca7e000 	C:\WINDOWS\SYSTEM32\ntdll.dll
0x000007ff3a840000 - 0x000007ff3a976000 	C:\WINDOWS\system32\KERNEL32.DLL
0x000007ff39a80000 - 0x000007ff39b73000 	C:\WINDOWS\system32\KERNELBASE.dll
0x000007ff3ae10000 - 0x000007ff3aeee000 	C:\WINDOWS\system32\ADVAPI32.dll
0x000007ff39f70000 - 0x000007ff3a0bc000 	C:\WINDOWS\system32\USER32.dll
0x000007ff36fd0000 - 0x000007ff37239000 	C:\WINDOWS\WinSxS\amd64_microsoft.windows.common-controls_6595b64144ccf1df_6.0.9200.16384_none_418c2a697189c07f\COMCTL32.dll
0x000007ff3a5d0000 - 0x000007ff3a675000 	C:\WINDOWS\system32\msvcrt.dll
0x000007ff3aef0000 - 0x000007ff3af38000 	C:\WINDOWS\SYSTEM32\sechost.dll
0x000007ff3c500000 - 0x000007ff3c640000 	C:\WINDOWS\system32\RPCRT4.dll
0x000007ff39d10000 - 0x000007ff39e50000 	C:\WINDOWS\system32\GDI32.dll
0x000007ff3c640000 - 0x000007ff3c679000 	C:\WINDOWS\system32\IMM32.DLL
0x000007ff3a2f0000 - 0x000007ff3a405000 	C:\WINDOWS\system32\MSCTF.dll
0x000007ff397b0000 - 0x000007ff397b8000 	C:\PROGRA~2\NVIDIA~1\3DVISI~1\NVSTIN~1.DLL
0x000007ff3c680000 - 0x000007ff3c687000 	C:\WINDOWS\system32\PSAPI.DLL
0x000000005d2b0000 - 0x000000005d353000 	C:\WINDOWS\WinSxS\amd64_microsoft.vc90.crt_1fc8b3b9a1e18e3b_9.0.30729.6871_none_08e717a5a83adddf\MSVCR90.dll
0x000000005b640000 - 0x000000005b711000 	F:\Program Files\Java\Jre7\bin\msvcr100.dll
0x000000005af20000 - 0x000000005b63f000 	F:\Program Files\Java\Jre7\bin\server\jvm.dll
0x000007ff31ca0000 - 0x000007ff31ca9000 	C:\WINDOWS\SYSTEM32\WSOCK32.dll
0x000007ff37250000 - 0x000007ff37270000 	C:\WINDOWS\SYSTEM32\WINMM.dll
0x000007ff3a680000 - 0x000007ff3a6d8000 	C:\WINDOWS\system32\WS2_32.dll
0x000007ff368c0000 - 0x000007ff368f2000 	C:\WINDOWS\SYSTEM32\WINMMBASE.dll
0x000007ff3a980000 - 0x000007ff3a989000 	C:\WINDOWS\system32\NSI.dll
0x000000005af10000 - 0x000000005af1f000 	F:\Program Files\Java\Jre7\bin\verify.dll
0x000000005aee0000 - 0x000000005af08000 	F:\Program Files\Java\Jre7\bin\java.dll
0x000000005aec0000 - 0x000000005aed5000 	F:\Program Files\Java\Jre7\bin\zip.dll
0x000000005bd60000 - 0x000000005bef3000 	F:\Program Files\Java\Jre7\bin\awt.dll
0x000007ff39e50000 - 0x000007ff39f13000 	C:\WINDOWS\system32\OLEAUT32.dll
0x000007ff3a140000 - 0x000007ff3a2f0000 	C:\WINDOWS\system32\combase.dll
0x000007ff339e0000 - 0x000007ff33a7f000 	C:\WINDOWS\system32\apphelp.dll
0x000007ff385b0000 - 0x000007ff38693000 	C:\WINDOWS\system32\uxtheme.dll
0x000007ff33a80000 - 0x000007ff33b15000 	C:\Program Files\Common Files\microsoft shared\ink\tiptsf.dll
0x000007ff37890000 - 0x000007ff378b1000 	C:\WINDOWS\SYSTEM32\dwmapi.dll
0x000007ff3c740000 - 0x000007ff3c8be000 	C:\WINDOWS\system32\ole32.dll
0x000007ff39600000 - 0x000007ff3960a000 	C:\WINDOWS\SYSTEM32\CRYPTBASE.dll
0x000007ff395a0000 - 0x000007ff395fc000 	C:\WINDOWS\SYSTEM32\bcryptPrimitives.dll
0x000007ff3af40000 - 0x000007ff3c228000 	C:\WINDOWS\system32\SHELL32.dll
0x000007ff39f20000 - 0x000007ff39f70000 	C:\WINDOWS\system32\SHLWAPI.dll
0x000007ff38980000 - 0x000007ff38a16000 	C:\WINDOWS\SYSTEM32\shcore.dll
0x000000005c180000 - 0x000000005c218000 	C:\Windows\System32\msvcp100.dll
0x000007ff30bb0000 - 0x000007ff30e08000 	C:\opencv\build\x64\vc10\bin\opencv_core243.dll
0x000007ff30b10000 - 0x000007ff30ba5000 	C:\Users\Jonas\AppData\Local\Temp\javacpp86254707849045\jniopencv_core.dll
0x000007ff30730000 - 0x000007ff309d5000 	C:\opencv\build\x64\vc10\bin\opencv_imgproc243.dll
0x000007ff30690000 - 0x000007ff306d8000 	C:\Users\Jonas\AppData\Local\Temp\javacpp86254707849045\jniopencv_imgproc.dll
0x0000000066840000 - 0x00000000675ca000 	C:\opencv\build\x64\vc10\bin\opencv_ffmpeg243_64.dll
0x000007ff1e280000 - 0x000007ff1e4cb000 	C:\opencv\build\x64\vc10\bin\opencv_highgui243.dll
0x000007ff30af0000 - 0x000007ff30b10000 	C:\WINDOWS\SYSTEM32\AVIFIL32.dll
0x000007ff30aa0000 - 0x000007ff30ac9000 	C:\WINDOWS\SYSTEM32\MSVFW32.dll
0x000007ff30360000 - 0x000007ff30377000 	C:\WINDOWS\SYSTEM32\AVICAP32.dll
0x000007ff32f20000 - 0x000007ff32f39000 	C:\WINDOWS\SYSTEM32\MSACM32.dll
0x000007ff37270000 - 0x000007ff37279000 	C:\WINDOWS\SYSTEM32\VERSION.dll
0x000007ff294e0000 - 0x000007ff294f3000 	C:\Users\Jonas\AppData\Local\Temp\javacpp86254707849045\jniopencv_highgui.dll
0x000007ff3c230000 - 0x000007ff3c2c6000 	C:\WINDOWS\SYSTEM32\clbcatq.dll
0x000007ff29490000 - 0x000007ff294a7000 	C:\Windows\System32\devenum.dll
0x000007ff3ac40000 - 0x000007ff3ae10000 	C:\WINDOWS\system32\setupapi.dll
0x000007ff39c30000 - 0x000007ff39c7f000 	C:\WINDOWS\system32\CFGMGR32.dll
0x000007ff39ce0000 - 0x000007ff39d02000 	C:\WINDOWS\system32\DEVOBJ.dll
0x000007ff32880000 - 0x000007ff328ae000 	C:\WINDOWS\SYSTEM32\ntmarta.dll
0x000007ff39c80000 - 0x000007ff39cd5000 	C:\WINDOWS\system32\WINTRUST.dll
0x000007ff398a0000 - 0x000007ff39a77000 	C:\WINDOWS\system32\CRYPT32.dll
0x000007ff39880000 - 0x000007ff39896000 	C:\WINDOWS\system32\MSASN1.dll
0x000007ff32f10000 - 0x000007ff32f1d000 	C:\WINDOWS\SYSTEM32\msdmo.dll
0x000007ff29460000 - 0x000007ff2948f000 	C:\Windows\System32\qcap.dll
0x000007ff251b0000 - 0x000007ff25368000 	C:\Windows\System32\quartz.dll
0x000007ff29420000 - 0x000007ff2945f000 	C:\Windows\System32\ksproxy.ax
0x000007ff1fa90000 - 0x000007ff1fa97000 	C:\Windows\System32\ksuser.dll
0x000007ff28210000 - 0x000007ff28410000 	C:\Windows\System32\d3d9.dll
0x000007ff32a90000 - 0x000007ff32a9c000 	C:\Windows\System32\vidcap.ax
0x000007ff27110000 - 0x000007ff27134000 	C:\Windows\System32\kswdmcap.ax
0x000007ff22c70000 - 0x000007ff22dc4000 	C:\Windows\System32\MFC42.dll
0x000007ff24a90000 - 0x000007ff24b4e000 	C:\Windows\System32\ODBC32.dll
0x000007ff253c0000 - 0x000007ff25455000 	C:\Windows\System32\qedit.dll
0x000007ff3c690000 - 0x000007ff3c731000 	C:\WINDOWS\system32\COMDLG32.dll
0x000007ff3a410000 - 0x000007ff3a5b0000 	C:\WINDOWS\WinSxS\amd64_microsoft.windows.gdiplus_6595b64144ccf1df_1.1.9200.16384_none_72771d4ecc1c3a4d\gdiplus.dll
0x000007ff20d90000 - 0x000007ff20e7a000 	C:\WINDOWS\SYSTEM32\DDRAW.dll
0x000007ff339d0000 - 0x000007ff339d8000 	C:\WINDOWS\SYSTEM32\DCIMAN32.dll
0x000000005ada0000 - 0x000000005add4000 	F:\Program Files\Java\Jre7\bin\fontmanager.dll
0x000007ff16cd0000 - 0x000007ff17e50000 	C:\WINDOWS\SYSTEM32\nvd3dumx.dll
0x000007ff396a0000 - 0x000007ff396e3000 	C:\WINDOWS\SYSTEM32\powrprof.dll
0x0000000180000000 - 0x0000000180116000 	C:\Program Files (x86)\NVIDIA Corporation\3D Vision\nvSCPAPI64.dll
0x000007ff36ef0000 - 0x000007ff36f64000 	C:\WINDOWS\SYSTEM32\dxgi.dll
0x000007ff36390000 - 0x000007ff36652000 	C:\WINDOWS\SYSTEM32\nvapi64.dll
0x000007ff36900000 - 0x000007ff3691f000 	C:\WINDOWS\SYSTEM32\DXGIDebug.dll
0x000000005aea0000 - 0x000000005aeb9000 	F:\Program Files\Java\Jre7\bin\net.dll
0x000007ff39010000 - 0x000007ff3906c000 	C:\WINDOWS\system32\mswsock.dll
0x000000005ae80000 - 0x000000005ae91000 	F:\Program Files\Java\Jre7\bin\nio.dll
0x000000005ad50000 - 0x000000005ad91000 	F:\Program Files\Java\Jre7\bin\t2k.dll
0x000007ff37350000 - 0x000007ff374da000 	C:\WINDOWS\SYSTEM32\WindowsCodecs.dll
0x000007ff397d0000 - 0x000007ff397e5000 	C:\WINDOWS\SYSTEM32\profapi.dll
0x000007ff367d0000 - 0x000007ff36839000 	C:\WINDOWS\SYSTEM32\oleacc.dll
0x000000005bd30000 - 0x000000005bd5a000 	F:\Program Files\Java\Jre7\bin\dcpr.dll

VM Arguments:
jvm_args: -Dfile.encoding=Cp1252 
java_command: emcscanner.kth.se.Program
Launcher Type: SUN_STANDARD

Environment Variables:
PATH=C:\Program Files (x86)\NVIDIA Corporation\PhysX\Common;C:\WINDOWS\system32;C:\WINDOWS;C:\WINDOWS\System32\Wbem;C:\WINDOWS\System32\WindowsPowerShell\v1.0\;C:\Program Files (x86)\Microsoft SQL Server\90\Tools\binn\;C:\Program Files (x86)\Autodesk\Backburner\;F:\Program Files\MATLAB\R2012a\runtime\win64;F:\Program Files\MATLAB\R2012a\bin;C:\Program Files\Internet Explorer;C:\Program Files\Perforce;F:\Program Files\Perforce;C:\Program Files\Microsoft\Web Platform Installer\;C:\Program Files (x86)\Microsoft ASP.NET\ASP.NET Web Pages\v1.0\;C:\Program Files (x86)\Windows Kits\8.0\Windows Performance Toolkit\;C:\Program Files\Microsoft SQL Server\110\Tools\Binn\;F:\Program Files\Perforce\Server
USERNAME=Jonas
OS=Windows_NT
PROCESSOR_IDENTIFIER=Intel64 Family 6 Model 42 Stepping 7, GenuineIntel



---------------  S Y S T E M  ---------------

OS: Windows 8 , 64 bit Build 9200 

CPU:total 8 (4 cores per cpu, 2 threads per core) family 6 model 42 stepping 7, cmov, cx8, fxsr, mmx, sse, sse2, sse3, ssse3, sse4.1, sse4.2, popcnt, avx, ht, tsc, tscinvbit

Memory: 4k page, physical 16751668k(12646560k free), swap 33528884k(28073196k free)

vm_info: Java HotSpot(TM) 64-Bit Server VM (23.3-b01) for windows-amd64 JRE (1.7.0_07-b11), built on Sep  7 2012 01:19:25 by "java_re" with unknown MS VC++:1600

time: Thu Jan 24 19:26:11 2013
elapsed time: 96 seconds

