#
# A fatal error has been detected by the Java Runtime Environment:
#
#  EXCEPTION_ACCESS_VIOLATION (0xc0000005) at pc=0x000007f945ebd118, pid=7604, tid=5752
#
# JRE version: 7.0_07-b11
# Java VM: Java HotSpot(TM) 64-Bit Server VM (23.3-b01 mixed mode windows-amd64 compressed oops)
# Problematic frame:
# C  [opencv_core243.dll+0x5d118]  cvSetZero+0x278
#
# Failed to write core dump. Minidumps are not enabled by default on client versions of Windows
#
# If you would like to submit a bug report, please visit:
#   http://bugreport.sun.com/bugreport/crash.jsp
# The crash happened outside the Java Virtual Machine in native code.
# See problematic frame for where to report the bug.
#

---------------  T H R E A D  ---------------

Current thread (0x0000000013ec5800):  JavaThread "threadDisplayCamera" daemon [_thread_in_native, id=5752, stack(0x000000001ae60000,0x000000001af60000)]

siginfo: ExceptionCode=0xc0000005, reading address 0x000000001ab8b2cd

Registers:
RAX=0x00000000000000b4, RBX=0x000000001af5f1e0, RCX=0x000000000000167d, RDX=0x0000000000000002
RSP=0x000000001af5e0f0, RBP=0x0000000000000b40, RSI=0x000000001ab89c50, RDI=0x000000001ab89c50
R8 =0x000000001ab89c50, R9 =0x0000000014d98100, R10=0x0000000000000b40, R11=0x0000000000000000
R12=0x0000000014d98100, R13=0x0000000000000b40, R14=0x0000000000001680, R15=0x0000000000001680
RIP=0x000007f945ebd118, EFLAGS=0x0000000000010246

Top of Stack: (sp=0x000000001af5e0f0)
0x000000001af5e0f0:   0000000000000031 000007f900000000
0x000000001af5e100:   0000000000000035 0000000000000000
0x000000001af5e110:   fffffffffffffffe 0000000000000000
0x000000001af5e120:   0000000014d98100 0000000000001680
0x000000001af5e130:   00000000fc591318 0000000000000000
0x000000001af5e140:   0000000002a70000 0000000000000030
0x000000001af5e150:   0000000000000028 000007f95e1d57c0
0x000000001af5e160:   0000000022095048 000007f900000000
0x000000001af5e170:   0000000000000000 0000000000000000
0x000000001af5e180:   0000000000000000 0000000000000000
0x000000001af5e190:   0000000000000002 000007f900000000
0x000000001af5e1a0:   000000001af5e4c0 0000000000000000
0x000000001af5e1b0:   00000000fc582b18 0000000000000000
0x000000001af5e1c0:   00000000fc5866b8 0000000000000000
0x000000001af5e1d0:   0000000000000000 000007f900000000
0x000000001af5e1e0:   fffffffffffffffe 000000001af5e4c0 

Instructions: (pc=0x000007f945ebd118)
0x000007f945ebd0f8:   4c 8b c7 4d 8b cc 4c 8b de 4c 2b df 4c 8b d5 66
0x000007f945ebd108:   0f 1f 84 00 00 00 00 00 43 0f b6 14 03 49 63 09
0x000007f945ebd118:   0f b6 04 31 41 88 00 88 14 39 49 83 c1 04 49 ff
0x000007f945ebd128:   c0 49 ff ca 75 e2 49 03 f6 49 03 ff 83 7b 04 00 


Register to memory mapping:

RAX=0x00000000000000b4 is an unknown value
RBX=0x000000001af5f1e0 is pointing into the stack for thread: 0x0000000013ec5800
RCX=0x000000000000167d is an unknown value
RDX=0x0000000000000002 is an unknown value
RSP=0x000000001af5e0f0 is pointing into the stack for thread: 0x0000000013ec5800
RBP=0x0000000000000b40 is an unknown value
RSI=0x000000001ab89c50 is an unknown value
RDI=0x000000001ab89c50 is an unknown value
R8 =0x000000001ab89c50 is an unknown value
R9 =0x0000000014d98100 is an unknown value
R10=0x0000000000000b40 is an unknown value
R11=0x0000000000000000 is an unknown value
R12=0x0000000014d98100 is an unknown value
R13=0x0000000000000b40 is an unknown value
R14=0x0000000000001680 is an unknown value
R15=0x0000000000001680 is an unknown value


Stack: [0x000000001ae60000,0x000000001af60000],  sp=0x000000001af5e0f0,  free space=1016k
Native frames: (J=compiled Java code, j=interpreted, Vv=VM code, C=native code)
C  [opencv_core243.dll+0x5d118]  cvSetZero+0x278

[error occurred during error reporting (printing native stack), id 0xc0000005]

Java frames: (J=compiled Java code, j=interpreted, Vv=VM code)
j  com.googlecode.javacv.cpp.opencv_core.cvFlip(Lcom/googlecode/javacv/cpp/opencv_core$CvArr;Lcom/googlecode/javacv/cpp/opencv_core$CvArr;I)V+0
j  emcscanner.kth.se.CameraPanel$1.run()V+57
v  ~StubRoutines::call_stub

---------------  P R O C E S S  ---------------

Java Threads: ( => current thread )
  0x0000000022843800 JavaThread "Thread-2" [_thread_in_native, id=4180, stack(0x00000000179b0000,0x0000000017ab0000)]
  0x0000000022844800 JavaThread "Thread-0" daemon [_thread_in_native, id=6848, stack(0x00000000178b0000,0x00000000179b0000)]
  0x000000002283c000 JavaThread "ICEpdf-pagePainter" daemon [_thread_blocked, id=7504, stack(0x0000000026270000,0x0000000026370000)]
  0x0000000022840000 JavaThread "ICEpdf-pageInitializer" daemon [_thread_blocked, id=6284, stack(0x0000000026040000,0x0000000026140000)]
  0x0000000022840800 JavaThread "DestroyJavaVM" [_thread_blocked, id=3392, stack(0x0000000002a80000,0x0000000002b80000)]
  0x0000000013ec8000 JavaThread "TimerQueue" daemon [_thread_blocked, id=7976, stack(0x00000000213f0000,0x00000000214f0000)]
  0x0000000013ec5000 JavaThread "AWT-EventQueue-0" [_thread_blocked, id=8292, stack(0x000000001d6a0000,0x000000001d7a0000)]
  0x0000000013ec4000 JavaThread "threadDisplay" daemon [_thread_blocked, id=8376, stack(0x000000001d5a0000,0x000000001d6a0000)]
  0x0000000013ec3800 JavaThread "AWT-Shutdown" [_thread_blocked, id=2776, stack(0x000000001af60000,0x000000001b060000)]
=>0x0000000013ec5800 JavaThread "threadDisplayCamera" daemon [_thread_in_native, id=5752, stack(0x000000001ae60000,0x000000001af60000)]
  0x0000000013ec6800 JavaThread "AWT-Windows" daemon [_thread_in_native, id=9200, stack(0x00000000147b0000,0x00000000148b0000)]
  0x0000000013ec2000 JavaThread "Java2D Disposer" daemon [_thread_blocked, id=6788, stack(0x00000000145b0000,0x00000000146b0000)]
  0x00000000117d6800 JavaThread "Service Thread" daemon [_thread_blocked, id=5676, stack(0x0000000013bb0000,0x0000000013cb0000)]
  0x00000000117d2000 JavaThread "C2 CompilerThread1" daemon [_thread_blocked, id=1208, stack(0x0000000013ab0000,0x0000000013bb0000)]
  0x00000000117c9000 JavaThread "C2 CompilerThread0" daemon [_thread_blocked, id=7404, stack(0x00000000139b0000,0x0000000013ab0000)]
  0x00000000117c8000 JavaThread "Attach Listener" daemon [_thread_blocked, id=7828, stack(0x00000000138b0000,0x00000000139b0000)]
  0x00000000117bb800 JavaThread "Signal Dispatcher" daemon [_thread_blocked, id=5176, stack(0x00000000137b0000,0x00000000138b0000)]
  0x000000001175f000 JavaThread "Finalizer" daemon [_thread_blocked, id=8504, stack(0x00000000136b0000,0x00000000137b0000)]
  0x0000000011758000 JavaThread "Reference Handler" daemon [_thread_blocked, id=6372, stack(0x00000000135b0000,0x00000000136b0000)]

Other Threads:
  0x0000000011753000 VMThread [stack: 0x00000000134b0000,0x00000000135b0000] [id=8424]
  0x00000000117f1800 WatcherThread [stack: 0x0000000013cb0000,0x0000000013db0000] [id=1104]

VM state:not at safepoint (normal execution)

VM Mutex/Monitor currently owned by a thread: None

Heap
 PSYoungGen      total 342976K, used 262239K [0x00000007aacb0000, 0x00000007c1b60000, 0x0000000800000000)
  eden space 322240K, 78% used [0x00000007aacb0000,0x00000007ba2850f8,0x00000007be760000)
  from space 20736K, 50% used [0x00000007c0720000,0x00000007c1162e70,0x00000007c1b60000)
  to   space 26624K, 0% used [0x00000007be760000,0x00000007be760000,0x00000007c0160000)
 ParOldGen       total 339328K, used 51335K [0x0000000700600000, 0x0000000715160000, 0x00000007aacb0000)
  object space 339328K, 15% used [0x0000000700600000,0x0000000703821e98,0x0000000715160000)
 PSPermGen       total 35520K, used 18041K [0x00000006fb400000, 0x00000006fd6b0000, 0x0000000700600000)
  object space 35520K, 50% used [0x00000006fb400000,0x00000006fc59e4a0,0x00000006fd6b0000)

Card table byte_map: [0x0000000005d40000,0x0000000006570000] byte_map_base: 0x0000000002566000

Polling page: 0x0000000001200000

Code Cache  [0x0000000002c80000, 0x0000000002ef0000, 0x0000000005c80000)
 total_blobs=887 nmethods=297 adapters=541 free_code_cache=47764Kb largest_free_block=48853440

Compilation events (10 events):
Event: 17.024 Thread 0x00000000117c9000  299             java.awt.image.SampleModel::getNumBands (5 bytes)
Event: 17.024 Thread 0x00000000117c9000 nmethod 299 0x0000000002d70390 code [0x0000000002d704c0, 0x0000000002d70518]
Event: 17.082 Thread 0x00000000117d2000  300             javax.swing.text.StyleContext$SmallAttributeSet::getAttribute (29 bytes)
Event: 17.085 Thread 0x00000000117d2000 nmethod 300 0x0000000002d6fe50 code [0x0000000002d6ffa0, 0x0000000002d70198]
Event: 17.088 Thread 0x00000000117c9000  301             javax.swing.JComponent::getHeight (5 bytes)
Event: 17.089 Thread 0x00000000117c9000 nmethod 301 0x0000000002d6fc50 code [0x0000000002d6fd80, 0x0000000002d6fdd8]
Event: 17.118 Thread 0x00000000117d2000  302             javax.swing.JComponent::getWidth (5 bytes)
Event: 17.118 Thread 0x00000000117d2000 nmethod 302 0x0000000002d6fa50 code [0x0000000002d6fb80, 0x0000000002d6fbd8]
Event: 18.444 Thread 0x00000000117c9000  303             java.awt.image.Raster::getNumDataElements (8 bytes)
Event: 18.444 Thread 0x00000000117c9000 nmethod 303 0x0000000002d6f7d0 code [0x0000000002d6f920, 0x0000000002d6f9b8]

GC Heap History (10 events):
Event: 13.348 GC heap before
{Heap before GC invocations=15 (full 4):
 PSYoungGen      total 259520K, used 250620K [0x00000007aacb0000, 0x00000007bc960000, 0x0000000800000000)
  eden space 231488K, 98% used [0x00000007aacb0000,0x00000007b8b4ed00,0x00000007b8ec0000)
  from space 28032K, 80% used [0x00000007babf0000,0x00000007bc210690,0x00000007bc750000)
  to   space 29888K, 0% used [0x00000007b8ec0000,0x00000007b8ec0000,0x00000007babf0000)
 ParOldGen       total 277568K, used 66894K [0x0000000700600000, 0x0000000711510000, 0x00000007aacb0000)
  object space 277568K, 24% used [0x0000000700600000,0x0000000704753bc0,0x0000000711510000)
 PSPermGen       total 37632K, used 17989K [0x00000006fb400000, 0x00000006fd8c0000, 0x0000000700600000)
  object space 37632K, 47% used [0x00000006fb400000,0x00000006fc591620,0x00000006fd8c0000)
Event: 13.351 GC heap after
Heap after GC invocations=15 (full 4):
 PSYoungGen      total 261376K, used 10475K [0x00000007aacb0000, 0x00000007bf840000, 0x0000000800000000)
  eden space 231488K, 0% used [0x00000007aacb0000,0x00000007aacb0000,0x00000007b8ec0000)
  from space 29888K, 35% used [0x00000007b8ec0000,0x00000007b98fae70,0x00000007babf0000)
  to   space 29120K, 0% used [0x00000007bdbd0000,0x00000007bdbd0000,0x00000007bf840000)
 ParOldGen       total 277568K, used 66894K [0x0000000700600000, 0x0000000711510000, 0x00000007aacb0000)
  object space 277568K, 24% used [0x0000000700600000,0x0000000704753bc0,0x0000000711510000)
 PSPermGen       total 37632K, used 17989K [0x00000006fb400000, 0x00000006fd8c0000, 0x0000000700600000)
  object space 37632K, 47% used [0x00000006fb400000,0x00000006fc591620,0x00000006fd8c0000)
}
Event: 14.162 GC heap before
{Heap before GC invocations=16 (full 4):
 PSYoungGen      total 261376K, used 238552K [0x00000007aacb0000, 0x00000007bf840000, 0x0000000800000000)
  eden space 231488K, 98% used [0x00000007aacb0000,0x00000007b8b6b1c0,0x00000007b8ec0000)
  from space 29888K, 35% used [0x00000007b8ec0000,0x00000007b98fae70,0x00000007babf0000)
  to   space 29120K, 0% used [0x00000007bdbd0000,0x00000007bdbd0000,0x00000007bf840000)
 ParOldGen       total 277568K, used 72969K [0x0000000700600000, 0x0000000711510000, 0x00000007aacb0000)
  object space 277568K, 26% used [0x0000000700600000,0x0000000704d427d0,0x0000000711510000)
 PSPermGen       total 37632K, used 17992K [0x00000006fb400000, 0x00000006fd8c0000, 0x0000000700600000)
  object space 37632K, 47% used [0x00000006fb400000,0x00000006fc592038,0x00000006fd8c0000)
Event: 14.165 GC heap after
Heap after GC invocations=16 (full 4):
 PSYoungGen      total 298624K, used 10475K [0x00000007aacb0000, 0x00000007bf1b0000, 0x0000000800000000)
  eden space 276224K, 0% used [0x00000007aacb0000,0x00000007aacb0000,0x00000007bba70000)
  from space 22400K, 46% used [0x00000007bdbd0000,0x00000007be60ae70,0x00000007bf1b0000)
  to   space 28288K, 0% used [0x00000007bba70000,0x00000007bba70000,0x00000007bd610000)
 ParOldGen       total 277568K, used 72969K [0x0000000700600000, 0x0000000711510000, 0x00000007aacb0000)
  object space 277568K, 26% used [0x0000000700600000,0x0000000704d427d0,0x0000000711510000)
 PSPermGen       total 37632K, used 17992K [0x00000006fb400000, 0x00000006fd8c0000, 0x0000000700600000)
  object space 37632K, 47% used [0x00000006fb400000,0x00000006fc592038,0x00000006fd8c0000)
}
Event: 15.965 GC heap before
{Heap before GC invocations=17 (full 5):
 PSYoungGen      total 298624K, used 286699K [0x00000007aacb0000, 0x00000007bf1b0000, 0x0000000800000000)
  eden space 276224K, 100% used [0x00000007aacb0000,0x00000007bba70000,0x00000007bba70000)
  from space 22400K, 46% used [0x00000007bdbd0000,0x00000007be60ae70,0x00000007bf1b0000)
  to   space 28288K, 0% used [0x00000007bba70000,0x00000007bba70000,0x00000007bd610000)
 ParOldGen       total 287104K, used 285216K [0x0000000700600000, 0x0000000711e60000, 0x00000007aacb0000)
  object space 287104K, 99% used [0x0000000700600000,0x0000000711c88288,0x0000000711e60000)
 PSPermGen       total 37632K, used 18000K [0x00000006fb400000, 0x00000006fd8c0000, 0x0000000700600000)
  object space 37632K, 47% used [0x00000006fb400000,0x00000006fc5941e0,0x00000006fd8c0000)
Event: 15.989 GC heap after
Heap after GC invocations=17 (full 5):
 PSYoungGen      total 298624K, used 0K [0x00000007aacb0000, 0x00000007bf1b0000, 0x0000000800000000)
  eden space 276224K, 0% used [0x00000007aacb0000,0x00000007aacb0000,0x00000007bba70000)
  from space 22400K, 0% used [0x00000007bdbd0000,0x00000007bdbd0000,0x00000007bf1b0000)
  to   space 28288K, 0% used [0x00000007bba70000,0x00000007bba70000,0x00000007bd610000)
 ParOldGen       total 339328K, used 51335K [0x0000000700600000, 0x0000000715160000, 0x00000007aacb0000)
  object space 339328K, 15% used [0x0000000700600000,0x0000000703821e98,0x0000000715160000)
 PSPermGen       total 35520K, used 18000K [0x00000006fb400000, 0x00000006fd6b0000, 0x0000000700600000)
  object space 35520K, 50% used [0x00000006fb400000,0x00000006fc5941a0,0x00000006fd6b0000)
}
Event: 17.021 GC heap before
{Heap before GC invocations=18 (full 5):
 PSYoungGen      total 298624K, used 275480K [0x00000007aacb0000, 0x00000007bf1b0000, 0x0000000800000000)
  eden space 276224K, 99% used [0x00000007aacb0000,0x00000007bb9b61b0,0x00000007bba70000)
  from space 22400K, 0% used [0x00000007bdbd0000,0x00000007bdbd0000,0x00000007bf1b0000)
  to   space 28288K, 0% used [0x00000007bba70000,0x00000007bba70000,0x00000007bd610000)
 ParOldGen       total 339328K, used 51335K [0x0000000700600000, 0x0000000715160000, 0x00000007aacb0000)
  object space 339328K, 15% used [0x0000000700600000,0x0000000703821e98,0x0000000715160000)
 PSPermGen       total 35520K, used 18005K [0x00000006fb400000, 0x00000006fd6b0000, 0x0000000700600000)
  object space 35520K, 50% used [0x00000006fb400000,0x00000006fc5954b8,0x00000006fd6b0000)
Event: 17.023 GC heap after
Heap after GC invocations=18 (full 5):
 PSYoungGen      total 304512K, used 10507K [0x00000007aacb0000, 0x00000007c21f0000, 0x0000000800000000)
  eden space 276224K, 0% used [0x00000007aacb0000,0x00000007aacb0000,0x00000007bba70000)
  from space 28288K, 37% used [0x00000007bba70000,0x00000007bc4b2e70,0x00000007bd610000)
  to   space 27456K, 0% used [0x00000007c0720000,0x00000007c0720000,0x00000007c21f0000)
 ParOldGen       total 339328K, used 51335K [0x0000000700600000, 0x0000000715160000, 0x00000007aacb0000)
  object space 339328K, 15% used [0x0000000700600000,0x0000000703821e98,0x0000000715160000)
 PSPermGen       total 35520K, used 18005K [0x00000006fb400000, 0x00000006fd6b0000, 0x0000000700600000)
  object space 35520K, 50% used [0x00000006fb400000,0x00000006fc5954b8,0x00000006fd6b0000)
}
Event: 18.066 GC heap before
{Heap before GC invocations=19 (full 5):
 PSYoungGen      total 304512K, used 286107K [0x00000007aacb0000, 0x00000007c21f0000, 0x0000000800000000)
  eden space 276224K, 99% used [0x00000007aacb0000,0x00000007bb9d3dc0,0x00000007bba70000)
  from space 28288K, 37% used [0x00000007bba70000,0x00000007bc4b2e70,0x00000007bd610000)
  to   space 27456K, 0% used [0x00000007c0720000,0x00000007c0720000,0x00000007c21f0000)
 ParOldGen       total 339328K, used 51335K [0x0000000700600000, 0x0000000715160000, 0x00000007aacb0000)
  object space 339328K, 15% used [0x0000000700600000,0x0000000703821e98,0x0000000715160000)
 PSPermGen       total 35520K, used 18009K [0x00000006fb400000, 0x00000006fd6b0000, 0x0000000700600000)
  object space 35520K, 50% used [0x00000006fb400000,0x00000006fc596498,0x00000006fd6b0000)
Event: 18.069 GC heap after
Heap after GC invocations=19 (full 5):
 PSYoungGen      total 342976K, used 10507K [0x00000007aacb0000, 0x00000007c1b60000, 0x0000000800000000)
  eden space 322240K, 0% used [0x00000007aacb0000,0x00000007aacb0000,0x00000007be760000)
  from space 20736K, 50% used [0x00000007c0720000,0x00000007c1162e70,0x00000007c1b60000)
  to   space 26624K, 0% used [0x00000007be760000,0x00000007be760000,0x00000007c0160000)
 ParOldGen       total 339328K, used 51335K [0x0000000700600000, 0x0000000715160000, 0x00000007aacb0000)
  object space 339328K, 15% used [0x0000000700600000,0x0000000703821e98,0x0000000715160000)
 PSPermGen       total 35520K, used 18009K [0x00000006fb400000, 0x00000006fd6b0000, 0x0000000700600000)
  object space 35520K, 50% used [0x00000006fb400000,0x00000006fc596498,0x00000006fd6b0000)
}

Deoptimization events (10 events):
Event: 3.841 Thread 0x0000000022840000 Uncommon trap -83 fr.pc 0x0000000002d40b04
Event: 3.854 Thread 0x0000000022840000 Uncommon trap -83 fr.pc 0x0000000002d74f28
Event: 3.918 Thread 0x0000000022840000 Uncommon trap -83 fr.pc 0x0000000002d7317c
Event: 3.948 Thread 0x0000000022840000 Uncommon trap -83 fr.pc 0x0000000002d66dd8
Event: 4.152 Thread 0x000000002283c000 Uncommon trap -83 fr.pc 0x0000000002d9e5bc
Event: 10.085 Thread 0x0000000013ec5000 Uncommon trap -122 fr.pc 0x0000000002dddb08
Event: 10.085 Thread 0x0000000013ec5000 Uncommon trap -34 fr.pc 0x0000000002dd92a0
Event: 10.085 Thread 0x0000000013ec5000 Uncommon trap -34 fr.pc 0x0000000002dd92a0
Event: 10.085 Thread 0x0000000013ec5000 Uncommon trap -34 fr.pc 0x0000000002dd92a0
Event: 10.085 Thread 0x0000000013ec5000 Uncommon trap -34 fr.pc 0x0000000002dd92a0

Internal exceptions (10 events):
Event: 3.999 Thread 0x0000000022840000 Threw 0x00000007ab712420 at C:\jdk7u1_64p\jdk7u7\hotspot\src\share\vm\prims\jvm.cpp:1166
Event: 4.001 Thread 0x0000000022840000 Threw 0x00000007ab7155d0 at C:\jdk7u1_64p\jdk7u7\hotspot\src\share\vm\prims\jvm.cpp:1166
Event: 4.002 Thread 0x0000000022840000 Threw 0x00000007ab7183a0 at C:\jdk7u1_64p\jdk7u7\hotspot\src\share\vm\prims\jvm.cpp:1166
Event: 4.136 Thread 0x000000002283c000 Threw 0x00000007abd002a0 at C:\jdk7u1_64p\jdk7u7\hotspot\src\share\vm\prims\jvm.cpp:1166
Event: 4.140 Thread 0x000000002283c000 Threw 0x00000007abd10b30 at C:\jdk7u1_64p\jdk7u7\hotspot\src\share\vm\prims\jvm.cpp:1166
Event: 4.342 Thread 0x000000002283c000 Threw 0x00000007ac7e55b0 at C:\jdk7u1_64p\jdk7u7\hotspot\src\share\vm\prims\jvm.cpp:1166
Event: 9.988 Thread 0x0000000013ec7000 Threw 0x00000007b34c8538 at C:\jdk7u1_64p\jdk7u7\hotspot\src\share\vm\interpreter\linkResolver.cpp:805
Event: 10.061 Thread 0x0000000013ec5000 Threw 0x00000007b2b52718 at C:\jdk7u1_64p\jdk7u7\hotspot\src\share\vm\prims\jvm.cpp:1166
Event: 10.062 Thread 0x0000000013ec5000 Threw 0x00000007b2b57d00 at C:\jdk7u1_64p\jdk7u7\hotspot\src\share\vm\prims\jvm.cpp:1166
Event: 10.084 Thread 0x0000000013ec5000 Threw 0x00000007b5e5d2c8 at C:\jdk7u1_64p\jdk7u7\hotspot\src\share\vm\prims\jvm.cpp:1166

Events (10 events):
Event: 17.021 Executing VM operation: ParallelGCFailedAllocation
Event: 17.023 Executing VM operation: ParallelGCFailedAllocation done
Event: 18.066 Executing VM operation: ParallelGCFailedAllocation
Event: 18.069 Executing VM operation: ParallelGCFailedAllocation done
Event: 18.216 loading class 0x00000000152aaee0
Event: 18.217 loading class 0x00000000152aaee0 done
Event: 18.217 loading class 0x0000000014de30d0
Event: 18.217 loading class 0x000000001518e1e0
Event: 18.217 loading class 0x000000001518e1e0 done
Event: 18.217 loading class 0x0000000014de30d0 done


Dynamic libraries:
0x000007f7f0ad0000 - 0x000007f7f0b04000 	F:\Program Files\Java\Jre7\bin\javaw.exe
0x000007f95e1d0000 - 0x000007f95e38e000 	C:\WINDOWS\SYSTEM32\ntdll.dll
0x000007f95d7e0000 - 0x000007f95d916000 	C:\WINDOWS\system32\KERNEL32.DLL
0x000007f95b470000 - 0x000007f95b563000 	C:\WINDOWS\system32\KERNELBASE.dll
0x000007f95ca50000 - 0x000007f95cb2e000 	C:\WINDOWS\system32\ADVAPI32.dll
0x000007f95ce50000 - 0x000007f95cf9c000 	C:\WINDOWS\system32\USER32.dll
0x000007f958910000 - 0x000007f958b79000 	C:\WINDOWS\WinSxS\amd64_microsoft.windows.common-controls_6595b64144ccf1df_6.0.9200.16384_none_418c2a697189c07f\COMCTL32.dll
0x000007f95d590000 - 0x000007f95d635000 	C:\WINDOWS\system32\msvcrt.dll
0x000007f95db40000 - 0x000007f95db88000 	C:\WINDOWS\SYSTEM32\sechost.dll
0x000007f95d6a0000 - 0x000007f95d7e0000 	C:\WINDOWS\system32\RPCRT4.dll
0x000007f95b620000 - 0x000007f95b760000 	C:\WINDOWS\system32\GDI32.dll
0x000007f95dcd0000 - 0x000007f95dd09000 	C:\WINDOWS\system32\IMM32.DLL
0x000007f95cd30000 - 0x000007f95ce45000 	C:\WINDOWS\system32\MSCTF.dll
0x000007f95b0c0000 - 0x000007f95b0c8000 	C:\PROGRA~2\NVIDIA~1\3DVISI~1\NVSTIN~1.DLL
0x000007f95d990000 - 0x000007f95d997000 	C:\WINDOWS\system32\PSAPI.DLL
0x000000006f560000 - 0x000000006f603000 	C:\WINDOWS\WinSxS\amd64_microsoft.vc90.crt_1fc8b3b9a1e18e3b_9.0.30729.6871_none_08e717a5a83adddf\MSVCR90.dll
0x000000006db00000 - 0x000000006dbd1000 	F:\Program Files\Java\Jre7\bin\msvcr100.dll
0x000000006d3e0000 - 0x000000006daff000 	F:\Program Files\Java\Jre7\bin\server\jvm.dll
0x000007f953860000 - 0x000007f953869000 	C:\WINDOWS\SYSTEM32\WSOCK32.dll
0x000007f958800000 - 0x000007f958820000 	C:\WINDOWS\SYSTEM32\WINMM.dll
0x000007f95d920000 - 0x000007f95d978000 	C:\WINDOWS\system32\WS2_32.dll
0x000007f958100000 - 0x000007f958132000 	C:\WINDOWS\SYSTEM32\WINMMBASE.dll
0x000007f95dd10000 - 0x000007f95dd19000 	C:\WINDOWS\system32\NSI.dll
0x000000006d3d0000 - 0x000000006d3df000 	F:\Program Files\Java\Jre7\bin\verify.dll
0x000000006d3a0000 - 0x000000006d3c8000 	F:\Program Files\Java\Jre7\bin\java.dll
0x000000006d380000 - 0x000000006d395000 	F:\Program Files\Java\Jre7\bin\zip.dll
0x000000006c580000 - 0x000000006c713000 	F:\Program Files\Java\Jre7\bin\awt.dll
0x000007f95db90000 - 0x000007f95dc53000 	C:\WINDOWS\system32\OLEAUT32.dll
0x000007f95d3e0000 - 0x000007f95d590000 	C:\WINDOWS\system32\combase.dll
0x000007f955390000 - 0x000007f95542f000 	C:\WINDOWS\system32\apphelp.dll
0x000007f959ec0000 - 0x000007f959fa3000 	C:\WINDOWS\system32\uxtheme.dll
0x000007f9552f0000 - 0x000007f955385000 	C:\Program Files\Common Files\microsoft shared\ink\tiptsf.dll
0x000007f959650000 - 0x000007f959671000 	C:\WINDOWS\SYSTEM32\dwmapi.dll
0x000007f95cfa0000 - 0x000007f95d11e000 	C:\WINDOWS\system32\ole32.dll
0x000007f95af30000 - 0x000007f95af3a000 	C:\WINDOWS\SYSTEM32\CRYPTBASE.dll
0x000007f95aeb0000 - 0x000007f95af0c000 	C:\WINDOWS\SYSTEM32\bcryptPrimitives.dll
0x000007f95b760000 - 0x000007f95ca48000 	C:\WINDOWS\system32\SHELL32.dll
0x000007f95dc80000 - 0x000007f95dcd0000 	C:\WINDOWS\system32\SHLWAPI.dll
0x000007f95a290000 - 0x000007f95a326000 	C:\WINDOWS\SYSTEM32\shcore.dll
0x000000006e430000 - 0x000000006e4c8000 	C:\Windows\System32\msvcp100.dll
0x000007f945e60000 - 0x000007f9460b8000 	C:\opencv\build\x64\vc10\bin\opencv_core243.dll
0x000007f954c40000 - 0x000007f954cd5000 	C:\Users\Jonas\AppData\Local\Temp\javacpp234854397697454\jniopencv_core.dll
0x000007f943c30000 - 0x000007f943ed5000 	C:\opencv\build\x64\vc10\bin\opencv_imgproc243.dll
0x000007f954bf0000 - 0x000007f954c38000 	C:\Users\Jonas\AppData\Local\Temp\javacpp234854397697454\jniopencv_imgproc.dll
0x0000000066840000 - 0x00000000675ca000 	C:\opencv\build\x64\vc10\bin\opencv_ffmpeg243_64.dll
0x000007f9422f0000 - 0x000007f94253b000 	C:\opencv\build\x64\vc10\bin\opencv_highgui243.dll
0x000007f954af0000 - 0x000007f954b10000 	C:\WINDOWS\SYSTEM32\AVIFIL32.dll
0x000007f9547b0000 - 0x000007f9547d9000 	C:\WINDOWS\SYSTEM32\MSVFW32.dll
0x000007f954b70000 - 0x000007f954b87000 	C:\WINDOWS\SYSTEM32\AVICAP32.dll
0x000007f948660000 - 0x000007f948679000 	C:\WINDOWS\SYSTEM32\MSACM32.dll
0x000007f959620000 - 0x000007f959629000 	C:\WINDOWS\SYSTEM32\VERSION.dll
0x000007f954a20000 - 0x000007f954a33000 	C:\Users\Jonas\AppData\Local\Temp\javacpp234854397697454\jniopencv_highgui.dll
0x000007f95cc90000 - 0x000007f95cd26000 	C:\WINDOWS\SYSTEM32\clbcatq.dll
0x000007f954980000 - 0x000007f954997000 	C:\Windows\System32\devenum.dll
0x000007f95e000000 - 0x000007f95e1d0000 	C:\WINDOWS\system32\setupapi.dll
0x000007f95b390000 - 0x000007f95b3df000 	C:\WINDOWS\system32\CFGMGR32.dll
0x000007f95b440000 - 0x000007f95b462000 	C:\WINDOWS\system32\DEVOBJ.dll
0x000007f954440000 - 0x000007f95446e000 	C:\WINDOWS\SYSTEM32\ntmarta.dll
0x000007f95b3e0000 - 0x000007f95b435000 	C:\WINDOWS\system32\WINTRUST.dll
0x000007f95b1b0000 - 0x000007f95b387000 	C:\WINDOWS\system32\CRYPT32.dll
0x000007f95b190000 - 0x000007f95b1a6000 	C:\WINDOWS\system32\MSASN1.dll
0x000007f957430000 - 0x000007f95743d000 	C:\WINDOWS\SYSTEM32\msdmo.dll
0x000007f952370000 - 0x000007f95239f000 	C:\Windows\System32\qcap.dll
0x000007f944d50000 - 0x000007f944f08000 	C:\Windows\System32\quartz.dll
0x000007f951fc0000 - 0x000007f951fff000 	C:\Windows\System32\ksproxy.ax
0x000007f955b30000 - 0x000007f955b37000 	C:\Windows\System32\ksuser.dll
0x000007f94a240000 - 0x000007f94a440000 	C:\Windows\System32\d3d9.dll
0x000007f955430000 - 0x000007f95543c000 	C:\Windows\System32\vidcap.ax
0x000007f952150000 - 0x000007f952174000 	C:\Windows\System32\kswdmcap.ax
0x000007f943950000 - 0x000007f943aa4000 	C:\Windows\System32\MFC42.dll
0x000007f945700000 - 0x000007f9457be000 	C:\Windows\System32\ODBC32.dll
0x000007f945820000 - 0x000007f9458b5000 	C:\Windows\System32\qedit.dll
0x000007f95df50000 - 0x000007f95dff1000 	C:\WINDOWS\system32\COMDLG32.dll
0x000007f95d9a0000 - 0x000007f95db40000 	C:\WINDOWS\WinSxS\amd64_microsoft.windows.gdiplus_6595b64144ccf1df_1.1.9200.16384_none_72771d4ecc1c3a4d\gdiplus.dll
0x000007f942540000 - 0x000007f94262a000 	C:\WINDOWS\SYSTEM32\DDRAW.dll
0x000007f957440000 - 0x000007f957448000 	C:\WINDOWS\SYSTEM32\DCIMAN32.dll
0x000000006c540000 - 0x000000006c574000 	F:\Program Files\Java\Jre7\bin\fontmanager.dll
0x000007f93d8c0000 - 0x000007f93ea40000 	C:\WINDOWS\SYSTEM32\nvd3dumx.dll
0x000007f95afb0000 - 0x000007f95aff3000 	C:\WINDOWS\SYSTEM32\powrprof.dll
0x0000000180000000 - 0x0000000180116000 	C:\Program Files (x86)\NVIDIA Corporation\3D Vision\nvSCPAPI64.dll
0x000007f958830000 - 0x000007f9588a4000 	C:\WINDOWS\SYSTEM32\dxgi.dll
0x000007f957c90000 - 0x000007f957f52000 	C:\WINDOWS\SYSTEM32\nvapi64.dll
0x000007f958140000 - 0x000007f95815f000 	C:\WINDOWS\SYSTEM32\DXGIDebug.dll
0x000000006d360000 - 0x000000006d379000 	F:\Program Files\Java\Jre7\bin\net.dll
0x000007f95a920000 - 0x000007f95a97c000 	C:\WINDOWS\system32\mswsock.dll
0x000000006d340000 - 0x000000006d351000 	F:\Program Files\Java\Jre7\bin\nio.dll
0x000000006c4f0000 - 0x000000006c531000 	F:\Program Files\Java\Jre7\bin\t2k.dll
0x000007f958d90000 - 0x000007f958f1a000 	C:\WINDOWS\SYSTEM32\WindowsCodecs.dll
0x000007f95b0e0000 - 0x000007f95b0f5000 	C:\WINDOWS\SYSTEM32\profapi.dll
0x000007f957fd0000 - 0x000007f958039000 	C:\WINDOWS\SYSTEM32\oleacc.dll
0x000000006c4c0000 - 0x000000006c4ea000 	F:\Program Files\Java\Jre7\bin\dcpr.dll
0x000007f948020000 - 0x000007f948183000 	C:\WINDOWS\SYSTEM32\dbghelp.dll

VM Arguments:
jvm_args: -Dfile.encoding=Cp1252 
java_command: emcscanner.kth.se.Program
Launcher Type: SUN_STANDARD

Environment Variables:
PATH=C:\Program Files (x86)\NVIDIA Corporation\PhysX\Common;C:\WINDOWS\system32;C:\WINDOWS;C:\WINDOWS\System32\Wbem;C:\WINDOWS\System32\WindowsPowerShell\v1.0\;C:\Program Files (x86)\Microsoft SQL Server\90\Tools\binn\;C:\Program Files (x86)\Autodesk\Backburner\;F:\Program Files\MATLAB\R2012a\runtime\win64;F:\Program Files\MATLAB\R2012a\bin;PROGRAMFILES\Internet Explorer;C:\Program Files\Perforce;F:\Program Files\Perforce;C:\Program Files\Microsoft\Web Platform Installer\;C:\Program Files (x86)\Microsoft ASP.NET\ASP.NET Web Pages\v1.0\;C:\Program Files (x86)\Windows Kits\8.0\Windows Performance Toolkit\;C:\Program Files\Microsoft SQL Server\110\Tools\Binn\;F:\Program Files\Perforce\Server
USERNAME=Jonas
OS=Windows_NT
PROCESSOR_IDENTIFIER=Intel64 Family 6 Model 42 Stepping 7, GenuineIntel



---------------  S Y S T E M  ---------------

OS: Windows 8 , 64 bit Build 9200 

CPU:total 8 (4 cores per cpu, 2 threads per core) family 6 model 42 stepping 7, cmov, cx8, fxsr, mmx, sse, sse2, sse3, ssse3, sse4.1, sse4.2, popcnt, avx, ht, tsc, tscinvbit

Memory: 4k page, physical 16751668k(11130952k free), swap 33528884k(23815488k free)

vm_info: Java HotSpot(TM) 64-Bit Server VM (23.3-b01) for windows-amd64 JRE (1.7.0_07-b11), built on Sep  7 2012 01:19:25 by "java_re" with unknown MS VC++:1600

time: Thu Jan 31 17:10:01 2013
elapsed time: 18 seconds

