#
# A fatal error has been detected by the Java Runtime Environment:
#
#  EXCEPTION_ACCESS_VIOLATION (0xc0000005) at pc=0x00000000023aa1fa, pid=4604, tid=9032
#
# JRE version: 7.0_07-b11
# Java VM: Java HotSpot(TM) 64-Bit Server VM (23.3-b01 mixed mode windows-amd64 compressed oops)
# Problematic frame:
# J  com.googlecode.javacv.cpp.opencv_core$IplImage.flipCopyWithGamma(Ljava/nio/ByteBuffer;ILjava/nio/ByteBuffer;IZDZI)V
#
# Failed to write core dump. Minidumps are not enabled by default on client versions of Windows
#
# If you would like to submit a bug report, please visit:
#   http://bugreport.sun.com/bugreport/crash.jsp
#

---------------  T H R E A D  ---------------

Current thread (0x000000001a6f0800):  JavaThread "threadDisplay" daemon [_thread_in_Java, id=9032, stack(0x0000000020990000,0x0000000020a90000)]

siginfo: ExceptionCode=0xc0000005, reading address 0x0000000020887000

Registers:
RAX=0x0000000000000015, RBX=0x00000000005eec00, RCX=0x0000000000000000, RDX=0x000000002039b050
RSP=0x0000000020a8ed90, RBP=0x00000007ab2a19d8, RSI=0x00000007af482b18, RDI=0x00000000005eec00
R8 =0x00000000004ebfb0, R9 =0x00000000004ebfb1, R10=0x000000000000167f, R11=0x00000000005eec00
R12=0x0000000000000000, R13=0x00000000004ebfb0, R14=0x000000000000162f, R15=0x000000001a6f0800
RIP=0x00000000023aa1fa, EFLAGS=0x0000000000010207

Top of Stack: (sp=0x0000000020a8ed90)
0x0000000020a8ed90:   00000000005eec00 00000000005eec00
0x0000000020a8eda0:   0000000000000000 00000000ffffffff
0x0000000020a8edb0:   3ff0000000000000 00000007ab2a1998
0x0000000020a8edc0:   00000007ab2a19d8 3ff0000000000000
0x0000000020a8edd0:   004ea98000000000 df6aba82004ea980
0x0000000020a8ede0:   00001680df6c66a9 0000000000001680
0x0000000020a8edf0:   00000007ab2a1a08 00001680ffffffff
0x0000000020a8ee00:   00000007ab2a19d8 00000007ab2a1998
0x0000000020a8ee10:   00000000f5e90563 00000007af482b18
0x0000000020a8ee20:   00000007ab2a19d8 00000007ab2a19d8
0x0000000020a8ee30:   0000000020a8ee30 00000006fb555c47
0x0000000020a8ee40:   0000000020a8eef0 00000000022561f8
0x0000000020a8ee50:   0000000000000000 00000006fb555c58
0x0000000020a8ee60:   00000000022561f8 0000000000000000
0x0000000020a8ee70:   0000000000000000 3ff0000000000000
0x0000000020a8ee80:   0000000000000000 0000000000000000 

Instructions: (pc=0x00000000023aa1fa)
0x00000000023aa1da:   10 44 3b c7 0f 8d 26 01 00 00 45 8b c8 41 ff c1
0x00000000023aa1ea:   44 89 4d 18 48 8b 6c 24 70 44 8b 6d 18 4d 63 c0
0x00000000023aa1fa:   42 0f b6 04 02 44 3b eb 0f 8d 32 01 00 00 45 8b
0x00000000023aa20a:   cd 44 03 c9 41 ff c5 44 89 6d 18 45 3b cb 0f 83 


Register to memory mapping:

RAX=0x0000000000000015 is an unknown value
RBX=0x00000000005eec00 is an unknown value
RCX=0x0000000000000000 is an unknown value
RDX=0x000000002039b050 is an unknown value
RSP=0x0000000020a8ed90 is pointing into the stack for thread: 0x000000001a6f0800
RBP=0x00000007ab2a19d8 is an oop
java.nio.HeapByteBuffer 
 - klass: 'java/nio/HeapByteBuffer'
RSI=0x00000007af482b18 is an oop
[B 
 - klass: {type array byte}
 - length: 6220800
RDI=0x00000000005eec00 is an unknown value
R8 =0x00000000004ebfb0 is an unknown value
R9 =0x00000000004ebfb1 is an unknown value
R10=0x000000000000167f is an unknown value
R11=0x00000000005eec00 is an unknown value
R12=0x0000000000000000 is an unknown value
R13=0x00000000004ebfb0 is an unknown value
R14=0x000000000000162f is an unknown value
R15=0x000000001a6f0800 is a thread


Stack: [0x0000000020990000,0x0000000020a90000],  sp=0x0000000020a8ed90,  free space=1019k
Native frames: (J=compiled Java code, j=interpreted, Vv=VM code, C=native code)
J  com.googlecode.javacv.cpp.opencv_core$IplImage.flipCopyWithGamma(Ljava/nio/ByteBuffer;ILjava/nio/ByteBuffer;IZDZI)V


---------------  P R O C E S S  ---------------

Java Threads: ( => current thread )
  0x0000000013700000 JavaThread "Thread-3" [_thread_in_native, id=4700, stack(0x000000001d1e0000,0x000000001d2e0000)]
  0x0000000019fd1000 JavaThread "Thread-0" daemon [_thread_in_native, id=7128, stack(0x0000000015dd0000,0x0000000015ed0000)]
  0x0000000019711000 JavaThread "ICEpdf-pagePainter" daemon [_thread_blocked, id=1296, stack(0x0000000020ed0000,0x0000000020fd0000)]
  0x0000000019fc0800 JavaThread "ICEpdf-pageInitializer" daemon [_thread_blocked, id=7524, stack(0x0000000020ca0000,0x0000000020da0000)]
  0x000000000204e000 JavaThread "DestroyJavaVM" [_thread_blocked, id=1980, stack(0x0000000002050000,0x0000000002150000)]
=>0x000000001a6f0800 JavaThread "threadDisplay" daemon [_thread_in_Java, id=9032, stack(0x0000000020990000,0x0000000020a90000)]
  0x000000001831f800 JavaThread "TimerQueue" daemon [_thread_blocked, id=8764, stack(0x0000000018a90000,0x0000000018b90000)]
  0x0000000013729000 JavaThread "AWT-EventQueue-0" [_thread_blocked, id=6652, stack(0x0000000018990000,0x0000000018a90000)]
  0x0000000013525800 JavaThread "Image Fetcher 0" daemon [_thread_blocked, id=6940, stack(0x0000000018090000,0x0000000018190000)]
  0x000000001346b000 JavaThread "AWT-Windows" daemon [_thread_in_native, id=1964, stack(0x0000000013fb0000,0x00000000140b0000)]
  0x000000001346a800 JavaThread "AWT-Shutdown" [_thread_blocked, id=5644, stack(0x0000000013eb0000,0x0000000013fb0000)]
  0x0000000013461800 JavaThread "Java2D Disposer" daemon [_thread_blocked, id=4044, stack(0x0000000013db0000,0x0000000013eb0000)]
  0x0000000010d7a000 JavaThread "Service Thread" daemon [_thread_blocked, id=7264, stack(0x0000000013150000,0x0000000013250000)]
  0x0000000010d75800 JavaThread "C2 CompilerThread1" daemon [_thread_blocked, id=5692, stack(0x0000000013050000,0x0000000013150000)]
  0x0000000010d69000 JavaThread "C2 CompilerThread0" daemon [_thread_blocked, id=5260, stack(0x0000000012f50000,0x0000000013050000)]
  0x0000000010d67800 JavaThread "Attach Listener" daemon [_thread_blocked, id=1876, stack(0x0000000012e50000,0x0000000012f50000)]
  0x0000000010d5b000 JavaThread "Signal Dispatcher" daemon [_thread_blocked, id=5992, stack(0x0000000012d50000,0x0000000012e50000)]
  0x0000000010cfe800 JavaThread "Finalizer" daemon [_thread_blocked, id=4408, stack(0x0000000012c50000,0x0000000012d50000)]
  0x0000000010cf7000 JavaThread "Reference Handler" daemon [_thread_blocked, id=7028, stack(0x0000000012b50000,0x0000000012c50000)]

Other Threads:
  0x0000000010cf2000 VMThread [stack: 0x0000000012a50000,0x0000000012b50000] [id=552]
  0x0000000010d94800 WatcherThread [stack: 0x0000000013250000,0x0000000013350000] [id=3916]

VM state:not at safepoint (normal execution)

VM Mutex/Monitor currently owned by a thread: None

Heap
 PSYoungGen      total 298112K, used 101495K [0x00000007aacb0000, 0x00000007cef50000, 0x0000000800000000)
  eden space 261888K, 31% used [0x00000007aacb0000,0x00000007afdb9a30,0x00000007bac70000)
  from space 36224K, 51% used [0x00000007bac70000,0x00000007bbe84430,0x00000007bcfd0000)
  to   space 34368K, 0% used [0x00000007ccdc0000,0x00000007ccdc0000,0x00000007cef50000)
 ParOldGen       total 174528K, used 64751K [0x0000000700600000, 0x000000070b070000, 0x00000007aacb0000)
  object space 174528K, 37% used [0x0000000700600000,0x000000070453bf08,0x000000070b070000)
 PSPermGen       total 21248K, used 17691K [0x00000006fb400000, 0x00000006fc8c0000, 0x0000000700600000)
  object space 21248K, 83% used [0x00000006fb400000,0x00000006fc546e50,0x00000006fc8c0000)

Card table byte_map: [0x0000000005310000,0x0000000005b40000] byte_map_base: 0x0000000001b36000

Polling page: 0x00000000004a0000

Code Cache  [0x0000000002250000, 0x00000000024c0000, 0x0000000005250000)
 total_blobs=855 nmethods=266 adapters=540 free_code_cache=47762Kb largest_free_block=48869824

Compilation events (10 events):
Event: 7.072 Thread 0x0000000010d69000 nmethod 266 0x00000000022f7ad0 code [0x00000000022f7c40, 0x00000000022f7d70]
Event: 7.072 Thread 0x0000000010d75800 nmethod 265 0x00000000022f7650 code [0x00000000022f77c0, 0x00000000022f7910]
Event: 7.118 Thread 0x0000000010d75800  267             java.awt.Component::checkTreeLock (21 bytes)
Event: 7.119 Thread 0x0000000010d75800 nmethod 267 0x00000000022f7390 code [0x00000000022f74e0, 0x00000000022f7588]
Event: 7.253 Thread 0x0000000010d69000  268             java.util.HashMap::clear (39 bytes)
Event: 7.255 Thread 0x0000000010d69000 nmethod 268 0x00000000022fb590 code [0x00000000022fb6c0, 0x00000000022fb7d8]
Event: 7.294 Thread 0x0000000010d75800  269             java.util.IdentityHashMap::clear (39 bytes)
Event: 7.296 Thread 0x0000000010d75800 nmethod 269 0x000000000237e190 code [0x000000000237e2c0, 0x000000000237e418]
Event: 7.526 Thread 0x0000000010d69000  270             java.util.IdentityHashMap$IdentityHashMapIterator::hasNext (50 bytes)
Event: 7.527 Thread 0x0000000010d69000 nmethod 270 0x000000000237ddd0 code [0x000000000237df00, 0x000000000237e0b8]

GC Heap History (10 events):
Event: 4.905 GC heap before
{Heap before GC invocations=3 (full 0):
 PSYoungGen      total 76352K, used 73822K [0x00000007aacb0000, 0x00000007b41d0000, 0x0000000800000000)
  eden space 65472K, 96% used [0x00000007aacb0000,0x00000007aea28e18,0x00000007aeca0000)
  from space 10880K, 99% used [0x00000007af740000,0x00000007b01dead0,0x00000007b01e0000)
  to   space 10880K, 0% used [0x00000007aeca0000,0x00000007aeca0000,0x00000007af740000)
 ParOldGen       total 174528K, used 17083K [0x0000000700600000, 0x000000070b070000, 0x00000007aacb0000)
  object space 174528K, 9% used [0x0000000700600000,0x00000007016aed28,0x000000070b070000)
 PSPermGen       total 21248K, used 17612K [0x00000006fb400000, 0x00000006fc8c0000, 0x0000000700600000)
  object space 21248K, 82% used [0x00000006fb400000,0x00000006fc533078,0x00000006fc8c0000)
Event: 4.912 GC heap after
Heap after GC invocations=3 (full 0):
 PSYoungGen      total 76352K, used 10858K [0x00000007aacb0000, 0x00000007b41d0000, 0x0000000800000000)
  eden space 65472K, 0% used [0x00000007aacb0000,0x00000007aacb0000,0x00000007aeca0000)
  from space 10880K, 99% used [0x00000007aeca0000,0x00000007af73aac0,0x00000007af740000)
  to   space 10880K, 0% used [0x00000007b3730000,0x00000007b3730000,0x00000007b41d0000)
 ParOldGen       total 174528K, used 33559K [0x0000000700600000, 0x000000070b070000, 0x00000007aacb0000)
  object space 174528K, 19% used [0x0000000700600000,0x00000007026c5ea8,0x000000070b070000)
 PSPermGen       total 21248K, used 17612K [0x00000006fb400000, 0x00000006fc8c0000, 0x0000000700600000)
  object space 21248K, 82% used [0x00000006fb400000,0x00000006fc533078,0x00000006fc8c0000)
}
Event: 5.231 GC heap before
{Heap before GC invocations=4 (full 0):
 PSYoungGen      total 76352K, used 73053K [0x00000007aacb0000, 0x00000007b41d0000, 0x0000000800000000)
  eden space 65472K, 94% used [0x00000007aacb0000,0x00000007ae96ca10,0x00000007aeca0000)
  from space 10880K, 99% used [0x00000007aeca0000,0x00000007af73aac0,0x00000007af740000)
  to   space 10880K, 0% used [0x00000007b3730000,0x00000007b3730000,0x00000007b41d0000)
 ParOldGen       total 174528K, used 33559K [0x0000000700600000, 0x000000070b070000, 0x00000007aacb0000)
  object space 174528K, 19% used [0x0000000700600000,0x00000007026c5ea8,0x000000070b070000)
 PSPermGen       total 21248K, used 17614K [0x00000006fb400000, 0x00000006fc8c0000, 0x0000000700600000)
  object space 21248K, 82% used [0x00000006fb400000,0x00000006fc533928,0x00000006fc8c0000)
Event: 5.239 GC heap after
Heap after GC invocations=4 (full 0):
 PSYoungGen      total 141824K, used 10858K [0x00000007aacb0000, 0x00000007b41d0000, 0x0000000800000000)
  eden space 130944K, 0% used [0x00000007aacb0000,0x00000007aacb0000,0x00000007b2c90000)
  from space 10880K, 99% used [0x00000007b3730000,0x00000007b41caac0,0x00000007b41d0000)
  to   space 10880K, 0% used [0x00000007b2c90000,0x00000007b2c90000,0x00000007b3730000)
 ParOldGen       total 174528K, used 50005K [0x0000000700600000, 0x000000070b070000, 0x00000007aacb0000)
  object space 174528K, 28% used [0x0000000700600000,0x00000007036d5428,0x000000070b070000)
 PSPermGen       total 21248K, used 17614K [0x00000006fb400000, 0x00000006fc8c0000, 0x0000000700600000)
  object space 21248K, 82% used [0x00000006fb400000,0x00000006fc533928,0x00000006fc8c0000)
}
Event: 5.935 GC heap before
{Heap before GC invocations=5 (full 0):
 PSYoungGen      total 141824K, used 140332K [0x00000007aacb0000, 0x00000007b41d0000, 0x0000000800000000)
  eden space 130944K, 98% used [0x00000007aacb0000,0x00000007b2b208e0,0x00000007b2c90000)
  from space 10880K, 99% used [0x00000007b3730000,0x00000007b41caac0,0x00000007b41d0000)
  to   space 10880K, 0% used [0x00000007b2c90000,0x00000007b2c90000,0x00000007b3730000)
 ParOldGen       total 174528K, used 50005K [0x0000000700600000, 0x000000070b070000, 0x00000007aacb0000)
  object space 174528K, 28% used [0x0000000700600000,0x00000007036d5428,0x000000070b070000)
 PSPermGen       total 21248K, used 17615K [0x00000006fb400000, 0x00000006fc8c0000, 0x0000000700600000)
  object space 21248K, 82% used [0x00000006fb400000,0x00000006fc533c10,0x00000006fc8c0000)
Event: 5.942 GC heap after
Heap after GC invocations=5 (full 0):
 PSYoungGen      total 141824K, used 8779K [0x00000007aacb0000, 0x00000007bf810000, 0x0000000800000000)
  eden space 130944K, 0% used [0x00000007aacb0000,0x00000007aacb0000,0x00000007b2c90000)
  from space 10880K, 80% used [0x00000007b2c90000,0x00000007b3522c20,0x00000007b3730000)
  to   space 38720K, 0% used [0x00000007bd240000,0x00000007bd240000,0x00000007bf810000)
 ParOldGen       total 174528K, used 62155K [0x0000000700600000, 0x000000070b070000, 0x00000007aacb0000)
  object space 174528K, 35% used [0x0000000700600000,0x00000007042b2c48,0x000000070b070000)
 PSPermGen       total 21248K, used 17615K [0x00000006fb400000, 0x00000006fc8c0000, 0x0000000700600000)
  object space 21248K, 82% used [0x00000006fb400000,0x00000006fc533c10,0x00000006fc8c0000)
}
Event: 6.703 GC heap before
{Heap before GC invocations=6 (full 0):
 PSYoungGen      total 141824K, used 137851K [0x00000007aacb0000, 0x00000007bf810000, 0x0000000800000000)
  eden space 130944K, 98% used [0x00000007aacb0000,0x00000007b2abc298,0x00000007b2c90000)
  from space 10880K, 80% used [0x00000007b2c90000,0x00000007b3522c20,0x00000007b3730000)
  to   space 38720K, 0% used [0x00000007bd240000,0x00000007bd240000,0x00000007bf810000)
 ParOldGen       total 174528K, used 62155K [0x0000000700600000, 0x000000070b070000, 0x00000007aacb0000)
  object space 174528K, 35% used [0x0000000700600000,0x00000007042b2c48,0x000000070b070000)
 PSPermGen       total 21248K, used 17664K [0x00000006fb400000, 0x00000006fc8c0000, 0x0000000700600000)
  object space 21248K, 83% used [0x00000006fb400000,0x00000006fc540120,0x00000006fc8c0000)
Event: 6.710 GC heap after
Heap after GC invocations=6 (full 0):
 PSYoungGen      total 295616K, used 20945K [0x00000007aacb0000, 0x00000007bf330000, 0x0000000800000000)
  eden space 261888K, 0% used [0x00000007aacb0000,0x00000007aacb0000,0x00000007bac70000)
  from space 33728K, 62% used [0x00000007bd240000,0x00000007be6b4430,0x00000007bf330000)
  to   space 36224K, 0% used [0x00000007bac70000,0x00000007bac70000,0x00000007bcfd0000)
 ParOldGen       total 174528K, used 62155K [0x0000000700600000, 0x000000070b070000, 0x00000007aacb0000)
  object space 174528K, 35% used [0x0000000700600000,0x00000007042b2c48,0x000000070b070000)
 PSPermGen       total 21248K, used 17664K [0x00000006fb400000, 0x00000006fc8c0000, 0x0000000700600000)
  object space 21248K, 83% used [0x00000006fb400000,0x00000006fc540120,0x00000006fc8c0000)
}
Event: 7.847 GC heap before
{Heap before GC invocations=7 (full 0):
 PSYoungGen      total 295616K, used 277411K [0x00000007aacb0000, 0x00000007bf330000, 0x0000000800000000)
  eden space 261888K, 97% used [0x00000007aacb0000,0x00000007ba7247e8,0x00000007bac70000)
  from space 33728K, 62% used [0x00000007bd240000,0x00000007be6b4430,0x00000007bf330000)
  to   space 36224K, 0% used [0x00000007bac70000,0x00000007bac70000,0x00000007bcfd0000)
 ParOldGen       total 174528K, used 62155K [0x0000000700600000, 0x000000070b070000, 0x00000007aacb0000)
  object space 174528K, 35% used [0x0000000700600000,0x00000007042b2c48,0x000000070b070000)
 PSPermGen       total 21248K, used 17667K [0x00000006fb400000, 0x00000006fc8c0000, 0x0000000700600000)
  object space 21248K, 83% used [0x00000006fb400000,0x00000006fc540ec8,0x00000006fc8c0000)
Event: 7.853 GC heap after
Heap after GC invocations=7 (full 0):
 PSYoungGen      total 298112K, used 18513K [0x00000007aacb0000, 0x00000007cef50000, 0x0000000800000000)
  eden space 261888K, 0% used [0x00000007aacb0000,0x00000007aacb0000,0x00000007bac70000)
  from space 36224K, 51% used [0x00000007bac70000,0x00000007bbe84430,0x00000007bcfd0000)
  to   space 34368K, 0% used [0x00000007ccdc0000,0x00000007ccdc0000,0x00000007cef50000)
 ParOldGen       total 174528K, used 64751K [0x0000000700600000, 0x000000070b070000, 0x00000007aacb0000)
  object space 174528K, 37% used [0x0000000700600000,0x000000070453bf08,0x000000070b070000)
 PSPermGen       total 21248K, used 17667K [0x00000006fb400000, 0x00000006fc8c0000, 0x0000000700600000)
  object space 21248K, 83% used [0x00000006fb400000,0x00000006fc540ec8,0x00000006fc8c0000)
}

Deoptimization events (10 events):
Event: 1.116 Thread 0x000000000204e000 Uncommon trap -58 fr.pc 0x0000000002305030
Event: 1.117 Thread 0x000000000204e000 Uncommon trap -58 fr.pc 0x0000000002305030
Event: 3.434 Thread 0x0000000013525800 Uncommon trap -28 fr.pc 0x0000000002351f14
Event: 3.876 Thread 0x0000000013729000 Uncommon trap -83 fr.pc 0x00000000022f9144
Event: 3.922 Thread 0x0000000019fc0800 Uncommon trap -83 fr.pc 0x00000000022fbb74
Event: 3.969 Thread 0x0000000019fc0800 Uncommon trap -83 fr.pc 0x00000000022fb7c4
Event: 3.988 Thread 0x0000000019fc0800 Uncommon trap -83 fr.pc 0x0000000002364ca8
Event: 4.040 Thread 0x0000000019fc0800 Uncommon trap -83 fr.pc 0x0000000002366efc
Event: 4.068 Thread 0x0000000019fc0800 Uncommon trap -83 fr.pc 0x0000000002320cd8
Event: 4.268 Thread 0x0000000019711000 Uncommon trap -83 fr.pc 0x000000000238afbc

Internal exceptions (10 events):
Event: 4.079 Thread 0x0000000019fc0800 Threw 0x00000007ae2f46d0 at C:\jdk7u1_64p\jdk7u7\hotspot\src\share\vm\prims\jvm.cpp:1166
Event: 4.113 Thread 0x0000000019fc0800 Threw 0x00000007ae42bd48 at C:\jdk7u1_64p\jdk7u7\hotspot\src\share\vm\prims\jvm.cpp:1166
Event: 4.113 Thread 0x0000000019fc0800 Threw 0x00000007ae42eb18 at C:\jdk7u1_64p\jdk7u7\hotspot\src\share\vm\prims\jvm.cpp:1166
Event: 4.116 Thread 0x0000000019fc0800 Threw 0x00000007ae43ef80 at C:\jdk7u1_64p\jdk7u7\hotspot\src\share\vm\prims\jvm.cpp:1166
Event: 4.116 Thread 0x0000000019fc0800 Threw 0x00000007ae441d50 at C:\jdk7u1_64p\jdk7u7\hotspot\src\share\vm\prims\jvm.cpp:1166
Event: 4.117 Thread 0x0000000019fc0800 Threw 0x00000007ae444f00 at C:\jdk7u1_64p\jdk7u7\hotspot\src\share\vm\prims\jvm.cpp:1166
Event: 4.117 Thread 0x0000000019fc0800 Threw 0x00000007ae447cd0 at C:\jdk7u1_64p\jdk7u7\hotspot\src\share\vm\prims\jvm.cpp:1166
Event: 4.255 Thread 0x0000000019711000 Threw 0x00000007abacea28 at C:\jdk7u1_64p\jdk7u7\hotspot\src\share\vm\prims\jvm.cpp:1166
Event: 4.258 Thread 0x0000000019711000 Threw 0x00000007abadf2b8 at C:\jdk7u1_64p\jdk7u7\hotspot\src\share\vm\prims\jvm.cpp:1166
Event: 4.461 Thread 0x0000000019711000 Threw 0x00000007adbce9e0 at C:\jdk7u1_64p\jdk7u7\hotspot\src\share\vm\prims\jvm.cpp:1166

Events (10 events):
Event: 6.467 loading class 0x0000000018586720 done
Event: 6.467 loading class 0x0000000018586fe0
Event: 6.467 loading class 0x0000000018586fe0 done
Event: 6.703 Executing VM operation: ParallelGCFailedAllocation
Event: 6.710 Executing VM operation: ParallelGCFailedAllocation done
Event: 7.072 Thread 0x0000000010d69000 flushing nmethod 0x00000000022fb590
Event: 7.540 loading class 0x0000000013469fa0
Event: 7.540 loading class 0x0000000013469fa0 done
Event: 7.847 Executing VM operation: ParallelGCFailedAllocation
Event: 7.853 Executing VM operation: ParallelGCFailedAllocation done


Dynamic libraries:
0x000007f617cb0000 - 0x000007f617ce4000 	F:\Program Files\Java\Jre7\bin\javaw.exe
0x000007fe83490000 - 0x000007fe8364e000 	C:\WINDOWS\SYSTEM32\ntdll.dll
0x000007fe83350000 - 0x000007fe83486000 	C:\WINDOWS\system32\KERNEL32.DLL
0x000007fe80580000 - 0x000007fe80673000 	C:\WINDOWS\system32\KERNELBASE.dll
0x000007fe82eb0000 - 0x000007fe82f8e000 	C:\WINDOWS\system32\ADVAPI32.dll
0x000007fe80a10000 - 0x000007fe80b5c000 	C:\WINDOWS\system32\USER32.dll
0x000007fe7db90000 - 0x000007fe7ddf9000 	C:\WINDOWS\WinSxS\amd64_microsoft.windows.common-controls_6595b64144ccf1df_6.0.9200.16384_none_418c2a697189c07f\COMCTL32.dll
0x000007fe82890000 - 0x000007fe82935000 	C:\WINDOWS\system32\msvcrt.dll
0x000007fe82840000 - 0x000007fe82888000 	C:\WINDOWS\SYSTEM32\sechost.dll
0x000007fe82970000 - 0x000007fe82ab0000 	C:\WINDOWS\system32\RPCRT4.dll
0x000007fe82ab0000 - 0x000007fe82bf0000 	C:\WINDOWS\system32\GDI32.dll
0x000007fe80b60000 - 0x000007fe80b99000 	C:\WINDOWS\system32\IMM32.DLL
0x000007fe82720000 - 0x000007fe82835000 	C:\WINDOWS\system32\MSCTF.dll
0x000007fe80380000 - 0x000007fe80388000 	C:\PROGRA~2\NVIDIA~1\3DVISI~1\NVSTIN~1.DLL
0x000007fe82940000 - 0x000007fe82947000 	C:\WINDOWS\system32\PSAPI.DLL
0x000000006acd0000 - 0x000000006ad73000 	C:\WINDOWS\WinSxS\amd64_microsoft.vc90.crt_1fc8b3b9a1e18e3b_9.0.30729.6871_none_08e717a5a83adddf\MSVCR90.dll
0x0000000069bb0000 - 0x0000000069c81000 	F:\Program Files\Java\Jre7\bin\msvcr100.dll
0x0000000068a20000 - 0x000000006913f000 	F:\Program Files\Java\Jre7\bin\server\jvm.dll
0x000007fe78b00000 - 0x000007fe78b09000 	C:\WINDOWS\SYSTEM32\WSOCK32.dll
0x000007fe7de20000 - 0x000007fe7de40000 	C:\WINDOWS\SYSTEM32\WINMM.dll
0x000007fe826a0000 - 0x000007fe826f8000 	C:\WINDOWS\system32\WS2_32.dll
0x000007fe7d3c0000 - 0x000007fe7d3f2000 	C:\WINDOWS\SYSTEM32\WINMMBASE.dll
0x000007fe82700000 - 0x000007fe82709000 	C:\WINDOWS\system32\NSI.dll
0x0000000069ba0000 - 0x0000000069baf000 	F:\Program Files\Java\Jre7\bin\verify.dll
0x0000000069b70000 - 0x0000000069b98000 	F:\Program Files\Java\Jre7\bin\java.dll
0x0000000069b50000 - 0x0000000069b65000 	F:\Program Files\Java\Jre7\bin\zip.dll
0x00000000669f0000 - 0x0000000066b83000 	F:\Program Files\Java\Jre7\bin\awt.dll
0x000007fe808e0000 - 0x000007fe809a3000 	C:\WINDOWS\system32\OLEAUT32.dll
0x000007fe80ba0000 - 0x000007fe80d50000 	C:\WINDOWS\system32\combase.dll
0x000007fe7a5b0000 - 0x000007fe7a64f000 	C:\WINDOWS\system32\apphelp.dll
0x000007fe7e2c0000 - 0x000007fe7e2e1000 	C:\WINDOWS\system32\DWMAPI.DLL
0x000007fe7f180000 - 0x000007fe7f263000 	C:\WINDOWS\system32\uxtheme.dll
0x000007fe7a660000 - 0x000007fe7a6f5000 	C:\Program Files\Common Files\microsoft shared\ink\tiptsf.dll
0x000007fe80eb0000 - 0x000007fe8102e000 	C:\WINDOWS\system32\ole32.dll
0x000007fe801d0000 - 0x000007fe801da000 	C:\WINDOWS\SYSTEM32\CRYPTBASE.dll
0x000007fe80170000 - 0x000007fe801cc000 	C:\WINDOWS\SYSTEM32\bcryptPrimitives.dll
0x000007fe6ef80000 - 0x000007fe6f180000 	C:\WINDOWS\system32\d3d9.dll
0x000007fe7e110000 - 0x000007fe7e119000 	C:\WINDOWS\SYSTEM32\VERSION.dll
0x000007fe59da0000 - 0x000007fe5af20000 	C:\WINDOWS\SYSTEM32\nvd3dumx.dll
0x000007fe80270000 - 0x000007fe802b3000 	C:\WINDOWS\SYSTEM32\powrprof.dll
0x0000000180000000 - 0x0000000180116000 	C:\Program Files (x86)\NVIDIA Corporation\3D Vision\nvSCPAPI64.dll
0x000007fe82f90000 - 0x000007fe83160000 	C:\WINDOWS\system32\SETUPAPI.dll
0x000007fe7dab0000 - 0x000007fe7db24000 	C:\WINDOWS\SYSTEM32\dxgi.dll
0x000007fe81050000 - 0x000007fe82338000 	C:\WINDOWS\system32\SHELL32.dll
0x000007fe80680000 - 0x000007fe806cf000 	C:\WINDOWS\system32\CFGMGR32.dll
0x000007fe808b0000 - 0x000007fe808d2000 	C:\WINDOWS\system32\DEVOBJ.dll
0x000007fe83300000 - 0x000007fe83350000 	C:\WINDOWS\system32\SHLWAPI.dll
0x000007fe7ceb0000 - 0x000007fe7d172000 	C:\WINDOWS\SYSTEM32\nvapi64.dll
0x000007fe80520000 - 0x000007fe80575000 	C:\WINDOWS\system32\WINTRUST.dll
0x000007fe806d0000 - 0x000007fe808a7000 	C:\WINDOWS\system32\CRYPT32.dll
0x000007fe80450000 - 0x000007fe80466000 	C:\WINDOWS\system32\MSASN1.dll
0x000007fe7d400000 - 0x000007fe7d41f000 	C:\WINDOWS\SYSTEM32\DXGIDebug.dll
0x000007fe7f550000 - 0x000007fe7f5e6000 	C:\WINDOWS\SYSTEM32\shcore.dll
0x00000000669b0000 - 0x00000000669e4000 	F:\Program Files\Java\Jre7\bin\fontmanager.dll
0x0000000069b30000 - 0x0000000069b49000 	F:\Program Files\Java\Jre7\bin\net.dll
0x000007fe7fbe0000 - 0x000007fe7fc3c000 	C:\WINDOWS\system32\mswsock.dll
0x0000000069b10000 - 0x0000000069b21000 	F:\Program Files\Java\Jre7\bin\nio.dll
0x0000000066960000 - 0x00000000669a1000 	F:\Program Files\Java\Jre7\bin\t2k.dll
0x000007fe82bf0000 - 0x000007fe82c86000 	C:\WINDOWS\SYSTEM32\clbcatq.dll
0x000007fe7df80000 - 0x000007fe7e10a000 	C:\WINDOWS\SYSTEM32\WindowsCodecs.dll
0x000007fe803a0000 - 0x000007fe803b5000 	C:\WINDOWS\SYSTEM32\profapi.dll
0x0000000069ed0000 - 0x0000000069f68000 	C:\Windows\System32\msvcp100.dll
0x000007fe67fe0000 - 0x000007fe68238000 	C:\opencv\build\x64\vc10\bin\opencv_core243.dll
0x000007fe699a0000 - 0x000007fe69a35000 	C:\Users\Jonas\AppData\Local\Temp\javacpp149691329539679\jniopencv_core.dll
0x000007fe653b0000 - 0x000007fe65655000 	C:\opencv\build\x64\vc10\bin\opencv_imgproc243.dll
0x000007fe6e620000 - 0x000007fe6e668000 	C:\Users\Jonas\AppData\Local\Temp\javacpp149691329539679\jniopencv_imgproc.dll
0x000000001b820000 - 0x000000001c5aa000 	C:\opencv\build\x64\vc10\bin\opencv_ffmpeg243_64.dll
0x000007fe62160000 - 0x000007fe623ab000 	C:\opencv\build\x64\vc10\bin\opencv_highgui243.dll
0x000007fe775f0000 - 0x000007fe77610000 	C:\WINDOWS\SYSTEM32\AVIFIL32.dll
0x000007fe70210000 - 0x000007fe70239000 	C:\WINDOWS\SYSTEM32\MSVFW32.dll
0x000007fe6f940000 - 0x000007fe6f957000 	C:\WINDOWS\SYSTEM32\AVICAP32.dll
0x000007fe677e0000 - 0x000007fe677f9000 	C:\WINDOWS\SYSTEM32\MSACM32.dll
0x000007fe6f710000 - 0x000007fe6f723000 	C:\Users\Jonas\AppData\Local\Temp\javacpp149691329539679\jniopencv_highgui.dll
0x000007fe6e9c0000 - 0x000007fe6e9d7000 	C:\Windows\System32\devenum.dll
0x000007fe796e0000 - 0x000007fe7970e000 	C:\WINDOWS\SYSTEM32\ntmarta.dll
0x000007fe78590000 - 0x000007fe7859d000 	C:\WINDOWS\SYSTEM32\msdmo.dll
0x000007fe6d610000 - 0x000007fe6d63f000 	C:\Windows\System32\qcap.dll
0x000007fe67800000 - 0x000007fe679b8000 	C:\Windows\System32\quartz.dll
0x000007fe6d220000 - 0x000007fe6d25f000 	C:\Windows\System32\ksproxy.ax
0x000007fe6d940000 - 0x000007fe6d947000 	C:\Windows\System32\ksuser.dll
0x000007fe77cb0000 - 0x000007fe77cbc000 	C:\Windows\System32\vidcap.ax
0x000007fe6d5e0000 - 0x000007fe6d604000 	C:\Windows\System32\kswdmcap.ax
0x000007fe670f0000 - 0x000007fe67244000 	C:\Windows\System32\MFC42.dll
0x000007fe698e0000 - 0x000007fe6999e000 	C:\Windows\System32\ODBC32.dll
0x000007fe69210000 - 0x000007fe692a5000 	C:\Windows\System32\qedit.dll
0x000007fe823b0000 - 0x000007fe82451000 	C:\WINDOWS\system32\COMDLG32.dll
0x000007fe83160000 - 0x000007fe83300000 	C:\WINDOWS\WinSxS\amd64_microsoft.windows.gdiplus_6595b64144ccf1df_1.1.9200.16384_none_72771d4ecc1c3a4d\gdiplus.dll
0x000007fe67cd0000 - 0x000007fe67dba000 	C:\WINDOWS\SYSTEM32\DDRAW.dll
0x000007fe7d1b0000 - 0x000007fe7d1b8000 	C:\WINDOWS\SYSTEM32\DCIMAN32.dll
0x000007fe7d2d0000 - 0x000007fe7d339000 	C:\WINDOWS\SYSTEM32\oleacc.dll
0x0000000066930000 - 0x000000006695a000 	F:\Program Files\Java\Jre7\bin\dcpr.dll

VM Arguments:
jvm_args: -Dfile.encoding=Cp1252 
java_command: emcscanner.kth.se.Program
Launcher Type: SUN_STANDARD

Environment Variables:
PATH=C:\Program Files (x86)\NVIDIA Corporation\PhysX\Common;C:\WINDOWS\system32;C:\WINDOWS;C:\WINDOWS\System32\Wbem;C:\WINDOWS\System32\WindowsPowerShell\v1.0\;C:\Program Files (x86)\Microsoft SQL Server\90\Tools\binn\;C:\Program Files (x86)\Autodesk\Backburner\;F:\Program Files\MATLAB\R2012a\runtime\win64;F:\Program Files\MATLAB\R2012a\bin;C:\Program Files\Internet Explorer;C:\Program Files\Perforce;F:\Program Files\Perforce;C:\Program Files\Microsoft\Web Platform Installer\;C:\Program Files (x86)\Microsoft ASP.NET\ASP.NET Web Pages\v1.0\;C:\Program Files (x86)\Windows Kits\8.0\Windows Performance Toolkit\;C:\Program Files\Microsoft SQL Server\110\Tools\Binn\;F:\Program Files\Perforce\Server
USERNAME=Jonas
OS=Windows_NT
PROCESSOR_IDENTIFIER=Intel64 Family 6 Model 42 Stepping 7, GenuineIntel



---------------  S Y S T E M  ---------------

OS: Windows 8 , 64 bit Build 9200 

CPU:total 8 (4 cores per cpu, 2 threads per core) family 6 model 42 stepping 7, cmov, cx8, fxsr, mmx, sse, sse2, sse3, ssse3, sse4.1, sse4.2, popcnt, avx, ht, tsc, tscinvbit

Memory: 4k page, physical 16751668k(11153540k free), swap 33528884k(24896152k free)

vm_info: Java HotSpot(TM) 64-Bit Server VM (23.3-b01) for windows-amd64 JRE (1.7.0_07-b11), built on Sep  7 2012 01:19:25 by "java_re" with unknown MS VC++:1600

time: Wed Jan 23 14:09:20 2013
elapsed time: 8 seconds

