#
# A fatal error has been detected by the Java Runtime Environment:
#
#  EXCEPTION_ACCESS_VIOLATION (0xc0000005) at pc=0x000000006db3c044, pid=8576, tid=1444
#
# JRE version: 7.0_07-b11
# Java VM: Java HotSpot(TM) 64-Bit Server VM (23.3-b01 mixed mode windows-amd64 compressed oops)
# Problematic frame:
# C  [msvcr100.dll+0x3c044]  memcpy+0xb4
#
# Failed to write core dump. Minidumps are not enabled by default on client versions of Windows
#
# If you would like to submit a bug report, please visit:
#   http://bugreport.sun.com/bugreport/crash.jsp
# The crash happened outside the Java Virtual Machine in native code.
# See problematic frame for where to report the bug.
#

---------------  T H R E A D  ---------------

Current thread (0x00000000138a7000):  JavaThread "threadDisplay" daemon [_thread_in_native, id=1444, stack(0x000000001b740000,0x000000001b840000)]

siginfo: ExceptionCode=0xc0000005, reading address 0x000000001b364000

Registers:
RAX=0xc0c2bcc0c2bcc0c2, RBX=0x000000001737b000, RCX=0x000000001737bca8, RDX=0x0000000003fe834d
RSP=0x000000001b83e788, RBP=0x000000001b83e890, RSI=0x0000000000000003, RDI=0x0000000017c7eb60
R8 =0x000000000000167b, R9 =0x000000000000004e, R10=0xbcc0c2bcc0c3bcc0, R11=0x000000001737b003
R12=0x0000000022983e40, R13=0x0000000000000002, R14=0x000000001b363350, R15=0x0000000000001680
RIP=0x000000006db3c044, EFLAGS=0x0000000000010206

Top of Stack: (sp=0x000000001b83e788)
0x000000001b83e788:   000007f943c91bdb 00000000149f4130
0x000000001b83e798:   0000000000001680 0000000017c79160
0x000000001b83e7a8:   000000001737b000 0000000000000003
0x000000001b83e7b8:   0000000000001680 0000ff7d9bfd51eb
0x000000001b83e7c8:   0000000000155555 000002b722980101
0x000000001b83e7d8:   0000017c00000001 0000000100000782
0x000000001b83e7e8:   0000000100000003 0000000300001680
0x000000001b83e7f8:   000000001b360650 0000000000000003
0x000000001b83e808:   0000000000000006 0000000000001680
0x000000001b83e818:   0000000014995690 000002c200000780
0x000000001b83e828:   000000001712e320 0000000600001680
0x000000001b83e838:   0000000000000003 0000000000000001
0x000000001b83e848:   0000000000000003 0000000000000003
0x000000001b83e858:   fffffffffffffffe 0000000000000000
0x000000001b83e868:   0000043800000780 fffffffffffffffe
0x000000001b83e878:   000000001b83ec30 000000001b83e990 

Instructions: (pc=0x000000006db3c044)
0x000000006db3c024:   66 66 66 66 0f 1f 84 00 00 00 00 00 66 66 66 90
0x000000006db3c034:   66 66 90 49 81 f9 00 20 00 00 73 42 48 8b 04 0a
0x000000006db3c044:   4c 8b 54 0a 08 48 83 c1 20 48 89 41 e0 4c 89 51
0x000000006db3c054:   e8 48 8b 44 0a f0 4c 8b 54 0a f8 49 ff c9 48 89 


Register to memory mapping:

RAX=0xc0c2bcc0c2bcc0c2 is an unknown value
RBX=0x000000001737b000 is an unknown value
RCX=0x000000001737bca8 is an unknown value
RDX=0x0000000003fe834d is an unknown value
RSP=0x000000001b83e788 is pointing into the stack for thread: 0x00000000138a7000
RBP=0x000000001b83e890 is pointing into the stack for thread: 0x00000000138a7000
RSI=0x0000000000000003 is an unknown value
RDI=0x0000000017c7eb60 is an unknown value
R8 =0x000000000000167b is an unknown value
R9 =0x000000000000004e is an unknown value
R10=0xbcc0c2bcc0c3bcc0 is an unknown value
R11=0x000000001737b003 is an unknown value
R12=0x0000000022983e40 is an unknown value
R13=0x0000000000000002 is an unknown value
R14=0x000000001b363350 is an unknown value
R15=0x0000000000001680 is an unknown value


Stack: [0x000000001b740000,0x000000001b840000],  sp=0x000000001b83e788,  free space=1017k
Native frames: (J=compiled Java code, j=interpreted, Vv=VM code, C=native code)
C  [msvcr100.dll+0x3c044]  memcpy+0xb4
C  0x000000000000000e

Java frames: (J=compiled Java code, j=interpreted, Vv=VM code)
j  com.googlecode.javacv.cpp.opencv_imgproc.cvSmooth(Lcom/googlecode/javacv/cpp/opencv_core$CvArr;Lcom/googlecode/javacv/cpp/opencv_core$CvArr;IIIDD)V+0
j  com.googlecode.javacv.cpp.opencv_imgproc.cvSmooth(Lcom/googlecode/javacv/cpp/opencv_core$CvArr;Lcom/googlecode/javacv/cpp/opencv_core$CvArr;II)V+7
j  emcscanner.kth.se.CameraPanel$1.run()V+64
v  ~StubRoutines::call_stub

---------------  P R O C E S S  ---------------

Java Threads: ( => current thread )
  0x000000001119f800 JavaThread "Thread-2" [_thread_in_native, id=8432, stack(0x00000000181a0000,0x00000000182a0000)]
  0x00000000111a1000 JavaThread "Thread-0" daemon [_thread_in_native, id=9176, stack(0x0000000017fa0000,0x00000000180a0000)]
  0x00000000111a6800 JavaThread "ICEpdf-pagePainter" daemon [_thread_blocked, id=8320, stack(0x0000000025c60000,0x0000000025d60000)]
  0x00000000174ba000 JavaThread "ICEpdf-pageInitializer" daemon [_thread_blocked, id=7408, stack(0x0000000025a20000,0x0000000025b20000)]
  0x000000000263e000 JavaThread "DestroyJavaVM" [_thread_blocked, id=8204, stack(0x00000000024b0000,0x00000000025b0000)]
  0x0000000014b21800 JavaThread "TimerQueue" daemon [_thread_blocked, id=7792, stack(0x0000000021c80000,0x0000000021d80000)]
  0x000000001490b800 JavaThread "threadDisplayDensity" daemon [_thread_blocked, id=1580, stack(0x000000001e030000,0x000000001e130000)]
  0x000000001475d800 JavaThread "AWT-EventQueue-0" [_thread_blocked, id=5852, stack(0x000000001df30000,0x000000001e030000)]
  0x000000001475d000 JavaThread "threadDisplay" daemon [_thread_blocked, id=236, stack(0x000000001de30000,0x000000001df30000)]
  0x00000000147a4800 JavaThread "AWT-Shutdown" [_thread_blocked, id=8668, stack(0x000000001b840000,0x000000001b940000)]
=>0x00000000138a7000 JavaThread "threadDisplay" daemon [_thread_in_native, id=1444, stack(0x000000001b740000,0x000000001b840000)]
  0x00000000138a7800 JavaThread "AWT-Windows" daemon [_thread_in_native, id=7508, stack(0x0000000014190000,0x0000000014290000)]
  0x00000000138a6000 JavaThread "Java2D Disposer" daemon [_thread_blocked, id=9112, stack(0x0000000013f90000,0x0000000014090000)]
  0x00000000111ab800 JavaThread "Service Thread" daemon [_thread_blocked, id=8552, stack(0x0000000013590000,0x0000000013690000)]
  0x00000000111a6000 JavaThread "C2 CompilerThread1" daemon [_thread_blocked, id=2172, stack(0x0000000013490000,0x0000000013590000)]
  0x000000001119b000 JavaThread "C2 CompilerThread0" daemon [_thread_blocked, id=4784, stack(0x0000000013390000,0x0000000013490000)]
  0x0000000011197800 JavaThread "Attach Listener" daemon [_thread_blocked, id=5280, stack(0x0000000013290000,0x0000000013390000)]
  0x000000001118b000 JavaThread "Signal Dispatcher" daemon [_thread_blocked, id=7592, stack(0x0000000013190000,0x0000000013290000)]
  0x000000001112e800 JavaThread "Finalizer" daemon [_thread_blocked, id=1208, stack(0x0000000013090000,0x0000000013190000)]
  0x0000000011127000 JavaThread "Reference Handler" daemon [_thread_blocked, id=5296, stack(0x0000000012f90000,0x0000000013090000)]

Other Threads:
  0x0000000011122000 VMThread [stack: 0x0000000012e90000,0x0000000012f90000] [id=1440]
  0x00000000111c6800 WatcherThread [stack: 0x0000000013690000,0x0000000013790000] [id=2828]

VM state:not at safepoint (normal execution)

VM Mutex/Monitor currently owned by a thread: None

Heap
 PSYoungGen      total 823936K, used 400305K [0x00000007aacb0000, 0x00000007e25d0000, 0x0000000800000000)
  eden space 771008K, 45% used [0x00000007aacb0000,0x00000007c01aa0f8,0x00000007d9da0000)
  from space 52928K, 96% used [0x00000007dd930000,0x00000007e0b225c8,0x00000007e0ce0000)
  to   space 60992K, 0% used [0x00000007d9da0000,0x00000007d9da0000,0x00000007dd930000)
 ParOldGen       total 262016K, used 35533K [0x0000000700600000, 0x00000007105e0000, 0x00000007aacb0000)
  object space 262016K, 13% used [0x0000000700600000,0x00000007028b3600,0x00000007105e0000)
 PSPermGen       total 37632K, used 18035K [0x00000006fb400000, 0x00000006fd8c0000, 0x0000000700600000)
  object space 37632K, 47% used [0x00000006fb400000,0x00000006fc59cf18,0x00000006fd8c0000)

Card table byte_map: [0x0000000005740000,0x0000000005f70000] byte_map_base: 0x0000000001f66000

Polling page: 0x0000000000b50000

Code Cache  [0x0000000002740000, 0x00000000029b0000, 0x0000000005740000)
 total_blobs=892 nmethods=302 adapters=541 free_code_cache=47790Kb largest_free_block=48861696

Compilation events (10 events):
Event: 16.679 Thread 0x00000000111a6000  305             java.awt.image.ComponentSampleModel::<init> (163 bytes)
Event: 16.684 Thread 0x00000000111a6000 nmethod 305 0x0000000002894e90 code [0x0000000002894fe0, 0x0000000002895458]
Event: 16.686 Thread 0x000000001119b000  306             sun.awt.image.ByteComponentRaster::<init> (339 bytes)
Event: 16.695 Thread 0x000000001119b000 nmethod 306 0x00000000027b3950 code [0x00000000027b3ae0, 0x00000000027b41f8]
Event: 16.712 Thread 0x00000000111a6000  307             sun.awt.image.ByteInterleavedRaster::<init> (459 bytes)
Event: 16.713 Thread 0x000000001119b000  308             sun.awt.image.ByteInterleavedRaster::verify (101 bytes)
Event: 16.714 Thread 0x000000001119b000 nmethod 308 0x0000000002894a90 code [0x0000000002894bc0, 0x0000000002894d18]
Event: 16.719 Thread 0x00000000111a6000 nmethod 307 0x000000000283a990 code [0x000000000283ab20, 0x000000000283b0a8]
Event: 17.228 Thread 0x000000001119b000  309             java.awt.Component::getFont_NoClientCode (29 bytes)
Event: 17.229 Thread 0x000000001119b000 nmethod 309 0x000000000289f290 code [0x000000000289f3e0, 0x000000000289f4a8]

GC Heap History (10 events):
Event: 13.061 GC heap before
{Heap before GC invocations=16 (full 3):
 PSYoungGen      total 549952K, used 520392K [0x00000007aacb0000, 0x00000007d0710000, 0x0000000800000000)
  eden space 504832K, 99% used [0x00000007aacb0000,0x00000007c96e5f78,0x00000007c99b0000)
  from space 45120K, 40% used [0x00000007cdb00000,0x00000007cecfc430,0x00000007d0710000)
  to   space 56000K, 0% used [0x00000007c99b0000,0x00000007c99b0000,0x00000007cd060000)
 ParOldGen       total 224256K, used 112921K [0x0000000700600000, 0x000000070e100000, 0x00000007aacb0000)
  object space 224256K, 50% used [0x0000000700600000,0x0000000707446460,0x000000070e100000)
 PSPermGen       total 39232K, used 17986K [0x00000006fb400000, 0x00000006fda50000, 0x0000000700600000)
  object space 39232K, 45% used [0x00000006fb400000,0x00000006fc590830,0x00000006fda50000)
Event: 13.071 GC heap after
Heap after GC invocations=16 (full 3):
 PSYoungGen      total 560832K, used 25095K [0x00000007aacb0000, 0x00000007d9210000, 0x0000000800000000)
  eden space 504832K, 0% used [0x00000007aacb0000,0x00000007aacb0000,0x00000007c99b0000)
  from space 56000K, 44% used [0x00000007c99b0000,0x00000007cb231f68,0x00000007cd060000)
  to   space 53248K, 0% used [0x00000007d5e10000,0x00000007d5e10000,0x00000007d9210000)
 ParOldGen       total 224256K, used 119036K [0x0000000700600000, 0x000000070e100000, 0x00000007aacb0000)
  object space 224256K, 53% used [0x0000000700600000,0x0000000707a3f070,0x000000070e100000)
 PSPermGen       total 39232K, used 17986K [0x00000006fb400000, 0x00000006fda50000, 0x0000000700600000)
  object space 39232K, 45% used [0x00000006fb400000,0x00000006fc590830,0x00000006fda50000)
}
Event: 14.061 GC heap before
{Heap before GC invocations=17 (full 3):
 PSYoungGen      total 560832K, used 529927K [0x00000007aacb0000, 0x00000007d9210000, 0x0000000800000000)
  eden space 504832K, 100% used [0x00000007aacb0000,0x00000007c99b0000,0x00000007c99b0000)
  from space 56000K, 44% used [0x00000007c99b0000,0x00000007cb231f68,0x00000007cd060000)
  to   space 53248K, 0% used [0x00000007d5e10000,0x00000007d5e10000,0x00000007d9210000)
 ParOldGen       total 224256K, used 185616K [0x0000000700600000, 0x000000070e100000, 0x00000007aacb0000)
  object space 224256K, 82% used [0x0000000700600000,0x000000070bb441f8,0x000000070e100000)
 PSPermGen       total 39232K, used 17990K [0x00000006fb400000, 0x00000006fda50000, 0x0000000700600000)
  object space 39232K, 45% used [0x00000006fb400000,0x00000006fc591b68,0x00000006fda50000)
Event: 14.063 GC heap after
Heap after GC invocations=17 (full 3):
 PSYoungGen      total 670592K, used 224K [0x00000007aacb0000, 0x00000007d81f0000, 0x0000000800000000)
  eden space 633856K, 0% used [0x00000007aacb0000,0x00000007aacb0000,0x00000007d17b0000)
  from space 36736K, 0% used [0x00000007d5e10000,0x00000007d5e48000,0x00000007d81f0000)
  to   space 54400K, 0% used [0x00000007d17b0000,0x00000007d17b0000,0x00000007d4cd0000)
 ParOldGen       total 224256K, used 191723K [0x0000000700600000, 0x000000070e100000, 0x00000007aacb0000)
  object space 224256K, 85% used [0x0000000700600000,0x000000070c13ae28,0x000000070e100000)
 PSPermGen       total 39232K, used 17990K [0x00000006fb400000, 0x00000006fda50000, 0x0000000700600000)
  object space 39232K, 45% used [0x00000006fb400000,0x00000006fc591b68,0x00000006fda50000)
}
Event: 15.161 GC heap before
{Heap before GC invocations=18 (full 3):
 PSYoungGen      total 670592K, used 633174K [0x00000007aacb0000, 0x00000007d81f0000, 0x0000000800000000)
  eden space 633856K, 99% used [0x00000007aacb0000,0x00000007d16cd898,0x00000007d17b0000)
  from space 36736K, 0% used [0x00000007d5e10000,0x00000007d5e48000,0x00000007d81f0000)
  to   space 54400K, 0% used [0x00000007d17b0000,0x00000007d17b0000,0x00000007d4cd0000)
 ParOldGen       total 224256K, used 193748K [0x0000000700600000, 0x000000070e100000, 0x00000007aacb0000)
  object space 224256K, 86% used [0x0000000700600000,0x000000070c335238,0x000000070e100000)
 PSPermGen       total 39232K, used 17997K [0x00000006fb400000, 0x00000006fda50000, 0x0000000700600000)
  object space 39232K, 45% used [0x00000006fb400000,0x00000006fc5934e0,0x00000006fda50000)
Event: 15.164 GC heap after
Heap after GC invocations=18 (full 3):
 PSYoungGen      total 688256K, used 11122K [0x00000007aacb0000, 0x00000007e0ce0000, 0x0000000800000000)
  eden space 633856K, 0% used [0x00000007aacb0000,0x00000007aacb0000,0x00000007d17b0000)
  from space 54400K, 20% used [0x00000007d17b0000,0x00000007d228c9d0,0x00000007d4cd0000)
  to   space 52928K, 0% used [0x00000007dd930000,0x00000007dd930000,0x00000007e0ce0000)
 ParOldGen       total 224256K, used 193748K [0x0000000700600000, 0x000000070e100000, 0x00000007aacb0000)
  object space 224256K, 86% used [0x0000000700600000,0x000000070c335238,0x000000070e100000)
 PSPermGen       total 39232K, used 17997K [0x00000006fb400000, 0x00000006fda50000, 0x0000000700600000)
  object space 39232K, 45% used [0x00000006fb400000,0x00000006fc5934e0,0x00000006fda50000)
}
Event: 16.344 GC heap before
{Heap before GC invocations=19 (full 4):
 PSYoungGen      total 688256K, used 644978K [0x00000007aacb0000, 0x00000007e0ce0000, 0x0000000800000000)
  eden space 633856K, 100% used [0x00000007aacb0000,0x00000007d17b0000,0x00000007d17b0000)
  from space 54400K, 20% used [0x00000007d17b0000,0x00000007d228c9d0,0x00000007d4cd0000)
  to   space 52928K, 0% used [0x00000007dd930000,0x00000007dd930000,0x00000007e0ce0000)
 ParOldGen       total 253632K, used 253291K [0x0000000700600000, 0x000000070fdb0000, 0x00000007aacb0000)
  object space 253632K, 99% used [0x0000000700600000,0x000000070fd5ac90,0x000000070fdb0000)
 PSPermGen       total 39232K, used 17999K [0x00000006fb400000, 0x00000006fda50000, 0x0000000700600000)
  object space 39232K, 45% used [0x00000006fb400000,0x00000006fc593c98,0x00000006fda50000)
Event: 16.370 GC heap after
Heap after GC invocations=19 (full 4):
 PSYoungGen      total 688256K, used 0K [0x00000007aacb0000, 0x00000007e0ce0000, 0x0000000800000000)
  eden space 633856K, 0% used [0x00000007aacb0000,0x00000007aacb0000,0x00000007d17b0000)
  from space 54400K, 0% used [0x00000007d17b0000,0x00000007d17b0000,0x00000007d4cd0000)
  to   space 52928K, 0% used [0x00000007dd930000,0x00000007dd930000,0x00000007e0ce0000)
 ParOldGen       total 262016K, used 35533K [0x0000000700600000, 0x00000007105e0000, 0x00000007aacb0000)
  object space 262016K, 13% used [0x0000000700600000,0x00000007028b3600,0x00000007105e0000)
 PSPermGen       total 37632K, used 17999K [0x00000006fb400000, 0x00000006fd8c0000, 0x0000000700600000)
  object space 37632K, 47% used [0x00000006fb400000,0x00000006fc593c98,0x00000006fd8c0000)
}
Event: 17.441 GC heap before
{Heap before GC invocations=20 (full 4):
 PSYoungGen      total 688256K, used 631015K [0x00000007aacb0000, 0x00000007e0ce0000, 0x0000000800000000)
  eden space 633856K, 99% used [0x00000007aacb0000,0x00000007d14e9fc8,0x00000007d17b0000)
  from space 54400K, 0% used [0x00000007d17b0000,0x00000007d17b0000,0x00000007d4cd0000)
  to   space 52928K, 0% used [0x00000007dd930000,0x00000007dd930000,0x00000007e0ce0000)
 ParOldGen       total 262016K, used 35533K [0x0000000700600000, 0x00000007105e0000, 0x00000007aacb0000)
  object space 262016K, 13% used [0x0000000700600000,0x00000007028b3600,0x00000007105e0000)
 PSPermGen       total 37632K, used 18002K [0x00000006fb400000, 0x00000006fd8c0000, 0x0000000700600000)
  object space 37632K, 47% used [0x00000006fb400000,0x00000006fc594998,0x00000006fd8c0000)
Event: 17.454 GC heap after
Heap after GC invocations=20 (full 4):
 PSYoungGen      total 823936K, used 51145K [0x00000007aacb0000, 0x00000007e25d0000, 0x0000000800000000)
  eden space 771008K, 0% used [0x00000007aacb0000,0x00000007aacb0000,0x00000007d9da0000)
  from space 52928K, 96% used [0x00000007dd930000,0x00000007e0b225c8,0x00000007e0ce0000)
  to   space 60992K, 0% used [0x00000007d9da0000,0x00000007d9da0000,0x00000007dd930000)
 ParOldGen       total 262016K, used 35533K [0x0000000700600000, 0x00000007105e0000, 0x00000007aacb0000)
  object space 262016K, 13% used [0x0000000700600000,0x00000007028b3600,0x00000007105e0000)
 PSPermGen       total 37632K, used 18002K [0x00000006fb400000, 0x00000006fd8c0000, 0x0000000700600000)
  object space 37632K, 47% used [0x00000006fb400000,0x00000006fc594998,0x00000006fd8c0000)
}

Deoptimization events (10 events):
Event: 3.806 Thread 0x00000000174ba000 Uncommon trap -83 fr.pc 0x0000000002802e74
Event: 3.855 Thread 0x00000000174ba000 Uncommon trap -83 fr.pc 0x0000000002802ac4
Event: 3.869 Thread 0x00000000174ba000 Uncommon trap -83 fr.pc 0x000000000283a7e8
Event: 3.924 Thread 0x00000000174ba000 Uncommon trap -83 fr.pc 0x0000000002837afc
Event: 3.954 Thread 0x00000000174ba000 Uncommon trap -83 fr.pc 0x0000000002827018
Event: 8.194 Thread 0x000000001475d800 Uncommon trap -122 fr.pc 0x000000000289bc08
Event: 8.195 Thread 0x000000001475d800 Uncommon trap -34 fr.pc 0x00000000028973a0
Event: 8.195 Thread 0x000000001475d800 Uncommon trap -34 fr.pc 0x00000000028973a0
Event: 8.195 Thread 0x000000001475d800 Uncommon trap -34 fr.pc 0x00000000028973a0
Event: 8.195 Thread 0x000000001475d800 Uncommon trap -34 fr.pc 0x00000000028973a0

Internal exceptions (10 events):
Event: 4.003 Thread 0x00000000174ba000 Threw 0x00000007ae9eb450 at C:\jdk7u1_64p\jdk7u7\hotspot\src\share\vm\prims\jvm.cpp:1166
Event: 4.003 Thread 0x00000000174ba000 Threw 0x00000007ae9ee220 at C:\jdk7u1_64p\jdk7u7\hotspot\src\share\vm\prims\jvm.cpp:1166
Event: 4.004 Thread 0x00000000174ba000 Threw 0x00000007ae9f13d0 at C:\jdk7u1_64p\jdk7u7\hotspot\src\share\vm\prims\jvm.cpp:1166
Event: 4.004 Thread 0x00000000174ba000 Threw 0x00000007ae9f41a0 at C:\jdk7u1_64p\jdk7u7\hotspot\src\share\vm\prims\jvm.cpp:1166
Event: 4.144 Thread 0x00000000111a6800 Threw 0x00000007ab4d07f0 at C:\jdk7u1_64p\jdk7u7\hotspot\src\share\vm\prims\jvm.cpp:1166
Event: 4.149 Thread 0x00000000111a6800 Threw 0x00000007ab4e1080 at C:\jdk7u1_64p\jdk7u7\hotspot\src\share\vm\prims\jvm.cpp:1166
Event: 4.351 Thread 0x00000000111a6800 Threw 0x00000007abf826d8 at C:\jdk7u1_64p\jdk7u7\hotspot\src\share\vm\prims\jvm.cpp:1166
Event: 8.170 Thread 0x000000001475d800 Threw 0x00000007ad210700 at C:\jdk7u1_64p\jdk7u7\hotspot\src\share\vm\prims\jvm.cpp:1166
Event: 8.171 Thread 0x000000001475d800 Threw 0x00000007ad215ce8 at C:\jdk7u1_64p\jdk7u7\hotspot\src\share\vm\prims\jvm.cpp:1166
Event: 8.194 Thread 0x000000001475d800 Threw 0x00000007b0b39910 at C:\jdk7u1_64p\jdk7u7\hotspot\src\share\vm\prims\jvm.cpp:1166

Events (10 events):
Event: 16.344 Executing VM operation: ParallelGCFailedAllocation
Event: 16.370 Executing VM operation: ParallelGCFailedAllocation done
Event: 17.441 Executing VM operation: ParallelGCFailedAllocation
Event: 17.454 Executing VM operation: ParallelGCFailedAllocation done
Event: 17.562 loading class 0x00000000149d5fe0
Event: 17.562 loading class 0x00000000149d5fe0 done
Event: 17.562 loading class 0x00000000148790a0
Event: 17.562 loading class 0x0000000013930650
Event: 17.562 loading class 0x0000000013930650 done
Event: 17.562 loading class 0x00000000148790a0 done


Dynamic libraries:
0x000007f7f0ad0000 - 0x000007f7f0b04000 	F:\Program Files\Java\Jre7\bin\javaw.exe
0x000007f95e1d0000 - 0x000007f95e38e000 	C:\WINDOWS\SYSTEM32\ntdll.dll
0x000007f95d7e0000 - 0x000007f95d916000 	C:\WINDOWS\system32\KERNEL32.DLL
0x000007f95b470000 - 0x000007f95b563000 	C:\WINDOWS\system32\KERNELBASE.dll
0x000007f95ca50000 - 0x000007f95cb2e000 	C:\WINDOWS\system32\ADVAPI32.dll
0x000007f95ce50000 - 0x000007f95cf9c000 	C:\WINDOWS\system32\USER32.dll
0x000007f958910000 - 0x000007f958b79000 	C:\WINDOWS\WinSxS\amd64_microsoft.windows.common-controls_6595b64144ccf1df_6.0.9200.16384_none_418c2a697189c07f\COMCTL32.dll
0x000007f95d590000 - 0x000007f95d635000 	C:\WINDOWS\system32\msvcrt.dll
0x000007f95db40000 - 0x000007f95db88000 	C:\WINDOWS\SYSTEM32\sechost.dll
0x000007f95d6a0000 - 0x000007f95d7e0000 	C:\WINDOWS\system32\RPCRT4.dll
0x000007f95b620000 - 0x000007f95b760000 	C:\WINDOWS\system32\GDI32.dll
0x000007f95dcd0000 - 0x000007f95dd09000 	C:\WINDOWS\system32\IMM32.DLL
0x000007f95cd30000 - 0x000007f95ce45000 	C:\WINDOWS\system32\MSCTF.dll
0x000007f95b0c0000 - 0x000007f95b0c8000 	C:\PROGRA~2\NVIDIA~1\3DVISI~1\NVSTIN~1.DLL
0x000007f95d990000 - 0x000007f95d997000 	C:\WINDOWS\system32\PSAPI.DLL
0x000000006f560000 - 0x000000006f603000 	C:\WINDOWS\WinSxS\amd64_microsoft.vc90.crt_1fc8b3b9a1e18e3b_9.0.30729.6871_none_08e717a5a83adddf\MSVCR90.dll
0x000000006db00000 - 0x000000006dbd1000 	F:\Program Files\Java\Jre7\bin\msvcr100.dll
0x000000006d3e0000 - 0x000000006daff000 	F:\Program Files\Java\Jre7\bin\server\jvm.dll
0x000007f953860000 - 0x000007f953869000 	C:\WINDOWS\SYSTEM32\WSOCK32.dll
0x000007f958800000 - 0x000007f958820000 	C:\WINDOWS\SYSTEM32\WINMM.dll
0x000007f95d920000 - 0x000007f95d978000 	C:\WINDOWS\system32\WS2_32.dll
0x000007f958100000 - 0x000007f958132000 	C:\WINDOWS\SYSTEM32\WINMMBASE.dll
0x000007f95dd10000 - 0x000007f95dd19000 	C:\WINDOWS\system32\NSI.dll
0x000000006d3d0000 - 0x000000006d3df000 	F:\Program Files\Java\Jre7\bin\verify.dll
0x000000006d3a0000 - 0x000000006d3c8000 	F:\Program Files\Java\Jre7\bin\java.dll
0x000000006d380000 - 0x000000006d395000 	F:\Program Files\Java\Jre7\bin\zip.dll
0x000000006c580000 - 0x000000006c713000 	F:\Program Files\Java\Jre7\bin\awt.dll
0x000007f95db90000 - 0x000007f95dc53000 	C:\WINDOWS\system32\OLEAUT32.dll
0x000007f95d3e0000 - 0x000007f95d590000 	C:\WINDOWS\system32\combase.dll
0x000007f955390000 - 0x000007f95542f000 	C:\WINDOWS\system32\apphelp.dll
0x000007f959ec0000 - 0x000007f959fa3000 	C:\WINDOWS\system32\uxtheme.dll
0x000007f9552f0000 - 0x000007f955385000 	C:\Program Files\Common Files\microsoft shared\ink\tiptsf.dll
0x000007f959650000 - 0x000007f959671000 	C:\WINDOWS\SYSTEM32\dwmapi.dll
0x000007f95cfa0000 - 0x000007f95d11e000 	C:\WINDOWS\system32\ole32.dll
0x000007f95af30000 - 0x000007f95af3a000 	C:\WINDOWS\SYSTEM32\CRYPTBASE.dll
0x000007f95aeb0000 - 0x000007f95af0c000 	C:\WINDOWS\SYSTEM32\bcryptPrimitives.dll
0x000007f95b760000 - 0x000007f95ca48000 	C:\WINDOWS\system32\SHELL32.dll
0x000007f95dc80000 - 0x000007f95dcd0000 	C:\WINDOWS\system32\SHLWAPI.dll
0x000007f95a290000 - 0x000007f95a326000 	C:\WINDOWS\SYSTEM32\shcore.dll
0x000000006e430000 - 0x000000006e4c8000 	C:\Windows\System32\msvcp100.dll
0x000007f945e60000 - 0x000007f9460b8000 	C:\opencv\build\x64\vc10\bin\opencv_core243.dll
0x000007f954c40000 - 0x000007f954cd5000 	C:\Users\Jonas\AppData\Local\Temp\javacpp233089244828038\jniopencv_core.dll
0x000007f943c30000 - 0x000007f943ed5000 	C:\opencv\build\x64\vc10\bin\opencv_imgproc243.dll
0x000007f954bf0000 - 0x000007f954c38000 	C:\Users\Jonas\AppData\Local\Temp\javacpp233089244828038\jniopencv_imgproc.dll
0x0000000066840000 - 0x00000000675ca000 	C:\opencv\build\x64\vc10\bin\opencv_ffmpeg243_64.dll
0x000007f9422f0000 - 0x000007f94253b000 	C:\opencv\build\x64\vc10\bin\opencv_highgui243.dll
0x000007f954af0000 - 0x000007f954b10000 	C:\WINDOWS\SYSTEM32\AVIFIL32.dll
0x000007f9547b0000 - 0x000007f9547d9000 	C:\WINDOWS\SYSTEM32\MSVFW32.dll
0x000007f954b70000 - 0x000007f954b87000 	C:\WINDOWS\SYSTEM32\AVICAP32.dll
0x000007f948660000 - 0x000007f948679000 	C:\WINDOWS\SYSTEM32\MSACM32.dll
0x000007f959620000 - 0x000007f959629000 	C:\WINDOWS\SYSTEM32\VERSION.dll
0x000007f954a20000 - 0x000007f954a33000 	C:\Users\Jonas\AppData\Local\Temp\javacpp233089244828038\jniopencv_highgui.dll
0x000007f95cc90000 - 0x000007f95cd26000 	C:\WINDOWS\SYSTEM32\clbcatq.dll
0x000007f954980000 - 0x000007f954997000 	C:\Windows\System32\devenum.dll
0x000007f95e000000 - 0x000007f95e1d0000 	C:\WINDOWS\system32\setupapi.dll
0x000007f95b390000 - 0x000007f95b3df000 	C:\WINDOWS\system32\CFGMGR32.dll
0x000007f95b440000 - 0x000007f95b462000 	C:\WINDOWS\system32\DEVOBJ.dll
0x000007f954440000 - 0x000007f95446e000 	C:\WINDOWS\SYSTEM32\ntmarta.dll
0x000007f95b3e0000 - 0x000007f95b435000 	C:\WINDOWS\system32\WINTRUST.dll
0x000007f95b1b0000 - 0x000007f95b387000 	C:\WINDOWS\system32\CRYPT32.dll
0x000007f95b190000 - 0x000007f95b1a6000 	C:\WINDOWS\system32\MSASN1.dll
0x000007f9587f0000 - 0x000007f9587fd000 	C:\WINDOWS\SYSTEM32\msdmo.dll
0x000007f952370000 - 0x000007f95239f000 	C:\Windows\System32\qcap.dll
0x000007f944d50000 - 0x000007f944f08000 	C:\Windows\System32\quartz.dll
0x000007f951fc0000 - 0x000007f951fff000 	C:\Windows\System32\ksproxy.ax
0x000007f955b30000 - 0x000007f955b37000 	C:\Windows\System32\ksuser.dll
0x000007f94a240000 - 0x000007f94a440000 	C:\Windows\System32\d3d9.dll
0x000007f957430000 - 0x000007f95743c000 	C:\Windows\System32\vidcap.ax
0x000007f952150000 - 0x000007f952174000 	C:\Windows\System32\kswdmcap.ax
0x000007f943950000 - 0x000007f943aa4000 	C:\Windows\System32\MFC42.dll
0x000007f945700000 - 0x000007f9457be000 	C:\Windows\System32\ODBC32.dll
0x000007f945820000 - 0x000007f9458b5000 	C:\Windows\System32\qedit.dll
0x000007f95df50000 - 0x000007f95dff1000 	C:\WINDOWS\system32\COMDLG32.dll
0x000007f95d9a0000 - 0x000007f95db40000 	C:\WINDOWS\WinSxS\amd64_microsoft.windows.gdiplus_6595b64144ccf1df_1.1.9200.16384_none_72771d4ecc1c3a4d\gdiplus.dll
0x000007f942540000 - 0x000007f94262a000 	C:\WINDOWS\SYSTEM32\DDRAW.dll
0x000007f957440000 - 0x000007f957448000 	C:\WINDOWS\SYSTEM32\DCIMAN32.dll
0x000000006c540000 - 0x000000006c574000 	F:\Program Files\Java\Jre7\bin\fontmanager.dll
0x000007f93d8c0000 - 0x000007f93ea40000 	C:\WINDOWS\SYSTEM32\nvd3dumx.dll
0x000007f95afb0000 - 0x000007f95aff3000 	C:\WINDOWS\SYSTEM32\powrprof.dll
0x0000000180000000 - 0x0000000180116000 	C:\Program Files (x86)\NVIDIA Corporation\3D Vision\nvSCPAPI64.dll
0x000007f958830000 - 0x000007f9588a4000 	C:\WINDOWS\SYSTEM32\dxgi.dll
0x000007f957c90000 - 0x000007f957f52000 	C:\WINDOWS\SYSTEM32\nvapi64.dll
0x000007f958140000 - 0x000007f95815f000 	C:\WINDOWS\SYSTEM32\DXGIDebug.dll
0x000000006d360000 - 0x000000006d379000 	F:\Program Files\Java\Jre7\bin\net.dll
0x000007f95a920000 - 0x000007f95a97c000 	C:\WINDOWS\system32\mswsock.dll
0x000000006d340000 - 0x000000006d351000 	F:\Program Files\Java\Jre7\bin\nio.dll
0x000000006c4f0000 - 0x000000006c531000 	F:\Program Files\Java\Jre7\bin\t2k.dll
0x000007f958d90000 - 0x000007f958f1a000 	C:\WINDOWS\SYSTEM32\WindowsCodecs.dll
0x000007f95b0e0000 - 0x000007f95b0f5000 	C:\WINDOWS\SYSTEM32\profapi.dll
0x000007f957fd0000 - 0x000007f958039000 	C:\WINDOWS\SYSTEM32\oleacc.dll
0x000000006c4c0000 - 0x000000006c4ea000 	F:\Program Files\Java\Jre7\bin\dcpr.dll
0x000007f948020000 - 0x000007f948183000 	C:\WINDOWS\SYSTEM32\dbghelp.dll

VM Arguments:
jvm_args: -Dfile.encoding=Cp1252 
java_command: emcscanner.kth.se.Program
Launcher Type: SUN_STANDARD

Environment Variables:
PATH=C:\Program Files (x86)\NVIDIA Corporation\PhysX\Common;C:\WINDOWS\system32;C:\WINDOWS;C:\WINDOWS\System32\Wbem;C:\WINDOWS\System32\WindowsPowerShell\v1.0\;C:\Program Files (x86)\Microsoft SQL Server\90\Tools\binn\;C:\Program Files (x86)\Autodesk\Backburner\;F:\Program Files\MATLAB\R2012a\runtime\win64;F:\Program Files\MATLAB\R2012a\bin;PROGRAMFILES\Internet Explorer;C:\Program Files\Perforce;F:\Program Files\Perforce;C:\Program Files\Microsoft\Web Platform Installer\;C:\Program Files (x86)\Microsoft ASP.NET\ASP.NET Web Pages\v1.0\;C:\Program Files (x86)\Windows Kits\8.0\Windows Performance Toolkit\;C:\Program Files\Microsoft SQL Server\110\Tools\Binn\;F:\Program Files\Perforce\Server
USERNAME=Jonas
OS=Windows_NT
PROCESSOR_IDENTIFIER=Intel64 Family 6 Model 42 Stepping 7, GenuineIntel



---------------  S Y S T E M  ---------------

OS: Windows 8 , 64 bit Build 9200 

CPU:total 8 (4 cores per cpu, 2 threads per core) family 6 model 42 stepping 7, cmov, cx8, fxsr, mmx, sse, sse2, sse3, ssse3, sse4.1, sse4.2, popcnt, avx, ht, tsc, tscinvbit

Memory: 4k page, physical 16751668k(10923304k free), swap 33528884k(23402788k free)

vm_info: Java HotSpot(TM) 64-Bit Server VM (23.3-b01) for windows-amd64 JRE (1.7.0_07-b11), built on Sep  7 2012 01:19:25 by "java_re" with unknown MS VC++:1600

time: Thu Jan 31 16:40:36 2013
elapsed time: 18 seconds

