#
# A fatal error has been detected by the Java Runtime Environment:
#
#  EXCEPTION_ACCESS_VIOLATION (0xc0000005) at pc=0x000007fcf115d110, pid=1256, tid=6924
#
# JRE version: 7.0_07-b11
# Java VM: Java HotSpot(TM) 64-Bit Server VM (23.3-b01 mixed mode windows-amd64 compressed oops)
# Problematic frame:
# C  [opencv_core243.dll+0x5d110]  cvSetZero+0x270
#
# Failed to write core dump. Minidumps are not enabled by default on client versions of Windows
#
# If you would like to submit a bug report, please visit:
#   http://bugreport.sun.com/bugreport/crash.jsp
# The crash happened outside the Java Virtual Machine in native code.
# See problematic frame for where to report the bug.
#

---------------  T H R E A D  ---------------

Current thread (0x0000000014158800):  JavaThread "threadDisplayCamera" daemon [_thread_in_native, id=6924, stack(0x0000000016b90000,0x0000000016c90000)]

siginfo: ExceptionCode=0xc0000005, reading address 0x000000001a5a2138

Registers:
RAX=0x00000000000000ed, RBX=0x0000000016c8e8f0, RCX=0x0000000000001198, RDX=0x0000000000000003
RSP=0x0000000016c8d800, RBP=0x0000000000000b40, RSI=0x000000001a5a1c50, RDI=0x000000001a5a1c50
R8 =0x000000001a5a2138, R9 =0x0000000017c81d00, R10=0x0000000000000658, R11=0x0000000000000000
R12=0x0000000017c80960, R13=0x0000000000000b40, R14=0x0000000000001680, R15=0x0000000000001680
RIP=0x000007fcf115d110, EFLAGS=0x0000000000010202

Top of Stack: (sp=0x0000000016c8d800)
0x0000000016c8d800:   0000000000000031 000007fcf1213730
0x0000000016c8d810:   0000000000000035 00000000fc5aaaf8
0x0000000016c8d820:   fffffffffffffffe 0000000000000000
0x0000000016c8d830:   0000000017c80960 0000000000001680
0x0000000016c8d840:   00000000fc5a5d40 0000000000000003
0x0000000016c8d850:   0000000002ce0000 0000000000000030
0x0000000016c8d860:   0000000000000028 000007fd0db257c0
0x0000000016c8d870:   000000000000004d 000007fcfc5aa848
0x0000000016c8d880:   00000000fc5ad7a0 0000000000000000
0x0000000016c8d890:   00000000fc5a5108 0000000016c8eac0
0x0000000016c8d8a0:   0000000000000002 000007fcf122c5a9
0x0000000016c8d8b0:   0000000016c8dbd0 00000006fbb39650
0x0000000016c8d8c0:   0000000016c8ebec 0000000000000000
0x0000000016c8d8d0:   0000000016c8ebdc 00000000fc5abc10
0x0000000016c8d8e0:   00000000fc5ace38 000007fcfc5a4788
0x0000000016c8d8f0:   fffffffffffffffe 0000000016c8dbd0 

Instructions: (pc=0x000007fcf115d110)
0x000007fcf115d0f0:   ff 4b 04 45 85 ed 7e 36 4c 8b c7 4d 8b cc 4c 8b
0x000007fcf115d100:   de 4c 2b df 4c 8b d5 66 0f 1f 84 00 00 00 00 00
0x000007fcf115d110:   43 0f b6 14 03 49 63 09 0f b6 04 31 41 88 00 88
0x000007fcf115d120:   14 39 49 83 c1 04 49 ff c0 49 ff ca 75 e2 49 03 


Register to memory mapping:

RAX=0x00000000000000ed is an unknown value
RBX=0x0000000016c8e8f0 is pointing into the stack for thread: 0x0000000014158800
RCX=0x0000000000001198 is an unknown value
RDX=0x0000000000000003 is an unknown value
RSP=0x0000000016c8d800 is pointing into the stack for thread: 0x0000000014158800
RBP=0x0000000000000b40 is an unknown value
RSI=0x000000001a5a1c50 is an unknown value
RDI=0x000000001a5a1c50 is an unknown value
R8 =0x000000001a5a2138 is an unknown value
R9 =0x0000000017c81d00 is an unknown value
R10=0x0000000000000658 is an unknown value
R11=0x0000000000000000 is an unknown value
R12=0x0000000017c80960 is an unknown value
R13=0x0000000000000b40 is an unknown value
R14=0x0000000000001680 is an unknown value
R15=0x0000000000001680 is an unknown value


Stack: [0x0000000016b90000,0x0000000016c90000],  sp=0x0000000016c8d800,  free space=1014k
Native frames: (J=compiled Java code, j=interpreted, Vv=VM code, C=native code)
C  [opencv_core243.dll+0x5d110]  cvSetZero+0x270

[error occurred during error reporting (printing native stack), id 0xc0000005]

Java frames: (J=compiled Java code, j=interpreted, Vv=VM code)
j  com.googlecode.javacv.cpp.opencv_core.cvFlip(Lcom/googlecode/javacv/cpp/opencv_core$CvArr;Lcom/googlecode/javacv/cpp/opencv_core$CvArr;I)V+0
j  emcscanner.kth.se.CameraPanel$1.run()V+57
v  ~StubRoutines::call_stub

---------------  P R O C E S S  ---------------

Java Threads: ( => current thread )
  0x000000001775d800 JavaThread "Thread-0" daemon [_thread_in_native, id=7096, stack(0x0000000015990000,0x0000000015a90000)]
  0x000000001775c000 JavaThread "ICEpdf-pagePainter" daemon [_thread_blocked, id=9488, stack(0x00000000224a0000,0x00000000225a0000)]
  0x0000000018236800 JavaThread "ICEpdf-pageInitializer" daemon [_thread_blocked, id=9876, stack(0x0000000022270000,0x0000000022370000)]
  0x0000000002cee000 JavaThread "DestroyJavaVM" [_thread_blocked, id=8196, stack(0x0000000002d40000,0x0000000002e40000)]
  0x000000001771e800 JavaThread "TimerQueue" daemon [_thread_blocked, id=8932, stack(0x0000000020e20000,0x0000000020f20000)]
  0x000000001541c000 JavaThread "threadDisplayDensity" daemon [_thread_blocked, id=3232, stack(0x000000001d1d0000,0x000000001d2d0000)]
  0x0000000015418800 JavaThread "AWT-EventQueue-0" [_thread_blocked, id=9456, stack(0x000000001d0d0000,0x000000001d1d0000)]
  0x0000000015417800 JavaThread "threadDisplay" daemon [_thread_blocked, id=8564, stack(0x000000001cfd0000,0x000000001d0d0000)]
  0x0000000014fcf000 JavaThread "AWT-Shutdown" [_thread_blocked, id=8844, stack(0x0000000016c90000,0x0000000016d90000)]
=>0x0000000014158800 JavaThread "threadDisplayCamera" daemon [_thread_in_native, id=6924, stack(0x0000000016b90000,0x0000000016c90000)]
  0x0000000014159000 JavaThread "AWT-Windows" daemon [_thread_in_native, id=1056, stack(0x0000000014a40000,0x0000000014b40000)]
  0x0000000014157800 JavaThread "Java2D Disposer" daemon [_thread_blocked, id=6616, stack(0x0000000014840000,0x0000000014940000)]
  0x0000000011a63800 JavaThread "Service Thread" daemon [_thread_blocked, id=2824, stack(0x0000000013e40000,0x0000000013f40000)]
  0x0000000011a60800 JavaThread "C2 CompilerThread1" daemon [_thread_blocked, id=5744, stack(0x0000000013d40000,0x0000000013e40000)]
  0x0000000011a5b000 JavaThread "C2 CompilerThread0" daemon [_thread_blocked, id=5572, stack(0x0000000013c40000,0x0000000013d40000)]
  0x0000000011a57800 JavaThread "Attach Listener" daemon [_thread_blocked, id=8848, stack(0x0000000013b40000,0x0000000013c40000)]
  0x0000000011a4b000 JavaThread "Signal Dispatcher" daemon [_thread_blocked, id=4392, stack(0x0000000013a40000,0x0000000013b40000)]
  0x00000000119ee800 JavaThread "Finalizer" daemon [_thread_blocked, id=9912, stack(0x0000000013940000,0x0000000013a40000)]
  0x00000000119e7000 JavaThread "Reference Handler" daemon [_thread_blocked, id=6128, stack(0x0000000013840000,0x0000000013940000)]

Other Threads:
  0x00000000119e2000 VMThread [stack: 0x0000000013740000,0x0000000013840000] [id=3540]
  0x0000000011a80000 WatcherThread [stack: 0x0000000013f40000,0x0000000014040000] [id=5880]

VM state:not at safepoint (normal execution)

VM Mutex/Monitor currently owned by a thread: None

Heap
 PSYoungGen      total 717504K, used 374407K [0x00000007aacb0000, 0x00000007dd5f0000, 0x0000000800000000)
  eden space 636288K, 47% used [0x00000007aacb0000,0x00000007bd466920,0x00000007d1a10000)
  from space 81216K, 88% used [0x00000007d7140000,0x00000007db72b4e0,0x00000007dc090000)
  to   space 89280K, 0% used [0x00000007d1a10000,0x00000007d1a10000,0x00000007d7140000)
 ParOldGen       total 327424K, used 226569K [0x0000000700600000, 0x00000007145c0000, 0x00000007aacb0000)
  object space 327424K, 69% used [0x0000000700600000,0x000000070e3426d8,0x00000007145c0000)
 PSPermGen       total 36160K, used 18142K [0x00000006fb400000, 0x00000006fd750000, 0x0000000700600000)
  object space 36160K, 50% used [0x00000006fb400000,0x00000006fc5b7840,0x00000006fd750000)

Card table byte_map: [0x0000000006000000,0x0000000006830000] byte_map_base: 0x0000000002826000

Polling page: 0x00000000013c0000

Code Cache  [0x0000000002f40000, 0x00000000031b0000, 0x0000000005f40000)
 total_blobs=933 nmethods=343 adapters=541 free_code_cache=47685Kb largest_free_block=48786944

Compilation events (10 events):
Event: 22.933 Thread 0x0000000011a60800  350             java.awt.Rectangle::reshape (22 bytes)
Event: 22.933 Thread 0x0000000011a5b000  351             java.awt.Rectangle::setBounds (10 bytes)
Event: 22.933 Thread 0x0000000011a60800 nmethod 350 0x00000000030a32d0 code [0x00000000030a3400, 0x00000000030a3478]
Event: 22.933 Thread 0x0000000011a5b000 nmethod 351 0x00000000030a30d0 code [0x00000000030a3200, 0x00000000030a3278]
Event: 23.400 Thread 0x0000000011a5b000  352   !         sun.java2d.SunGraphics2D::validateCompClip (224 bytes)
Event: 23.404 Thread 0x0000000011a5b000 nmethod 352 0x00000000030a0710 code [0x00000000030a0860, 0x00000000030a0b68]
Event: 24.050 Thread 0x0000000011a60800  353             javax.swing.JComponent::isOpaque (6 bytes)
Event: 24.050 Thread 0x0000000011a60800 nmethod 353 0x00000000030a0d90 code [0x00000000030a0ec0, 0x00000000030a0f38]
Event: 24.750 Thread 0x0000000011a5b000  354             java.lang.Integer::equals (29 bytes)
Event: 24.751 Thread 0x0000000011a5b000 nmethod 354 0x00000000030a2e90 code [0x00000000030a2fc0, 0x00000000030a3058]

GC Heap History (10 events):
Event: 20.800 GC heap before
{Heap before GC invocations=27 (full 5):
 PSYoungGen      total 519424K, used 485401K [0x00000007aacb0000, 0x00000007d29a0000, 0x0000000800000000)
  eden space 450624K, 99% used [0x00000007aacb0000,0x00000007c62ddce0,0x00000007c64c0000)
  from space 68800K, 53% used [0x00000007c64c0000,0x00000007c8898860,0x00000007ca7f0000)
  to   space 67392K, 0% used [0x00000007ce7d0000,0x00000007ce7d0000,0x00000007d29a0000)
 ParOldGen       total 327424K, used 210586K [0x0000000700600000, 0x00000007145c0000, 0x00000007aacb0000)
  object space 327424K, 64% used [0x0000000700600000,0x000000070d3a6940,0x00000007145c0000)
 PSPermGen       total 36160K, used 18086K [0x00000006fb400000, 0x00000006fd750000, 0x0000000700600000)
  object space 36160K, 50% used [0x00000006fb400000,0x00000006fc5a9820,0x00000006fd750000)
Event: 20.812 GC heap after
Heap after GC invocations=27 (full 5):
 PSYoungGen      total 581440K, used 49565K [0x00000007aacb0000, 0x00000007d3350000, 0x0000000800000000)
  eden space 514048K, 0% used [0x00000007aacb0000,0x00000007aacb0000,0x00000007ca2b0000)
  from space 67392K, 73% used [0x00000007ce7d0000,0x00000007d1837640,0x00000007d29a0000)
  to   space 70784K, 0% used [0x00000007ca2b0000,0x00000007ca2b0000,0x00000007ce7d0000)
 ParOldGen       total 327424K, used 210586K [0x0000000700600000, 0x00000007145c0000, 0x00000007aacb0000)
  object space 327424K, 64% used [0x0000000700600000,0x000000070d3a6940,0x00000007145c0000)
 PSPermGen       total 36160K, used 18086K [0x00000006fb400000, 0x00000006fd750000, 0x0000000700600000)
  object space 36160K, 50% used [0x00000006fb400000,0x00000006fc5a9820,0x00000006fd750000)
}
Event: 21.840 GC heap before
{Heap before GC invocations=28 (full 5):
 PSYoungGen      total 581440K, used 563613K [0x00000007aacb0000, 0x00000007d3350000, 0x0000000800000000)
  eden space 514048K, 100% used [0x00000007aacb0000,0x00000007ca2b0000,0x00000007ca2b0000)
  from space 67392K, 73% used [0x00000007ce7d0000,0x00000007d1837640,0x00000007d29a0000)
  to   space 70784K, 0% used [0x00000007ca2b0000,0x00000007ca2b0000,0x00000007ce7d0000)
 ParOldGen       total 327424K, used 226569K [0x0000000700600000, 0x00000007145c0000, 0x00000007aacb0000)
  object space 327424K, 69% used [0x0000000700600000,0x000000070e3426d8,0x00000007145c0000)
 PSPermGen       total 36160K, used 18100K [0x00000006fb400000, 0x00000006fd750000, 0x0000000700600000)
  object space 36160K, 50% used [0x00000006fb400000,0x00000006fc5ad300,0x00000006fd750000)
Event: 21.846 GC heap after
Heap after GC invocations=28 (full 5):
 PSYoungGen      total 584832K, used 36674K [0x00000007aacb0000, 0x00000007d6fe0000, 0x0000000800000000)
  eden space 514048K, 0% used [0x00000007aacb0000,0x00000007aacb0000,0x00000007ca2b0000)
  from space 70784K, 51% used [0x00000007ca2b0000,0x00000007cc680860,0x00000007ce7d0000)
  to   space 68480K, 0% used [0x00000007d2d00000,0x00000007d2d00000,0x00000007d6fe0000)
 ParOldGen       total 327424K, used 226569K [0x0000000700600000, 0x00000007145c0000, 0x00000007aacb0000)
  object space 327424K, 69% used [0x0000000700600000,0x000000070e3426d8,0x00000007145c0000)
 PSPermGen       total 36160K, used 18100K [0x00000006fb400000, 0x00000006fd750000, 0x0000000700600000)
  object space 36160K, 50% used [0x00000006fb400000,0x00000006fc5ad300,0x00000006fd750000)
}
Event: 22.811 GC heap before
{Heap before GC invocations=29 (full 5):
 PSYoungGen      total 584832K, used 550696K [0x00000007aacb0000, 0x00000007d6fe0000, 0x0000000800000000)
  eden space 514048K, 99% used [0x00000007aacb0000,0x00000007ca2a9b60,0x00000007ca2b0000)
  from space 70784K, 51% used [0x00000007ca2b0000,0x00000007cc680860,0x00000007ce7d0000)
  to   space 68480K, 0% used [0x00000007d2d00000,0x00000007d2d00000,0x00000007d6fe0000)
 ParOldGen       total 327424K, used 226569K [0x0000000700600000, 0x00000007145c0000, 0x00000007aacb0000)
  object space 327424K, 69% used [0x0000000700600000,0x000000070e3426d8,0x00000007145c0000)
 PSPermGen       total 36160K, used 18102K [0x00000006fb400000, 0x00000006fd750000, 0x0000000700600000)
  object space 36160K, 50% used [0x00000006fb400000,0x00000006fc5ad980,0x00000006fd750000)
Event: 22.827 GC heap after
Heap after GC invocations=29 (full 5):
 PSYoungGen      total 648640K, used 61440K [0x00000007aacb0000, 0x00000007d8370000, 0x0000000800000000)
  eden space 580160K, 0% used [0x00000007aacb0000,0x00000007aacb0000,0x00000007ce340000)
  from space 68480K, 89% used [0x00000007d2d00000,0x00000007d69000b0,0x00000007d6fe0000)
  to   space 75520K, 0% used [0x00000007ce340000,0x00000007ce340000,0x00000007d2d00000)
 ParOldGen       total 327424K, used 226569K [0x0000000700600000, 0x00000007145c0000, 0x00000007aacb0000)
  object space 327424K, 69% used [0x0000000700600000,0x000000070e3426d8,0x00000007145c0000)
 PSPermGen       total 36160K, used 18102K [0x00000006fb400000, 0x00000006fd750000, 0x0000000700600000)
  object space 36160K, 50% used [0x00000006fb400000,0x00000006fc5ad980,0x00000006fd750000)
}
Event: 23.904 GC heap before
{Heap before GC invocations=30 (full 5):
 PSYoungGen      total 648640K, used 639601K [0x00000007aacb0000, 0x00000007d8370000, 0x0000000800000000)
  eden space 580160K, 99% used [0x00000007aacb0000,0x00000007ce14c3a8,0x00000007ce340000)
  from space 68480K, 89% used [0x00000007d2d00000,0x00000007d69000b0,0x00000007d6fe0000)
  to   space 75520K, 0% used [0x00000007ce340000,0x00000007ce340000,0x00000007d2d00000)
 ParOldGen       total 327424K, used 226569K [0x0000000700600000, 0x00000007145c0000, 0x00000007aacb0000)
  object space 327424K, 69% used [0x0000000700600000,0x000000070e3426d8,0x00000007145c0000)
 PSPermGen       total 36160K, used 18102K [0x00000006fb400000, 0x00000006fd750000, 0x0000000700600000)
  object space 36160K, 50% used [0x00000006fb400000,0x00000006fc5ada48,0x00000006fd750000)
Event: 23.913 GC heap after
Heap after GC invocations=30 (full 5):
 PSYoungGen      total 655680K, used 61935K [0x00000007aacb0000, 0x00000007dc090000, 0x0000000800000000)
  eden space 580160K, 0% used [0x00000007aacb0000,0x00000007aacb0000,0x00000007ce340000)
  from space 75520K, 82% used [0x00000007ce340000,0x00000007d1fbbd08,0x00000007d2d00000)
  to   space 81216K, 0% used [0x00000007d7140000,0x00000007d7140000,0x00000007dc090000)
 ParOldGen       total 327424K, used 226569K [0x0000000700600000, 0x00000007145c0000, 0x00000007aacb0000)
  object space 327424K, 69% used [0x0000000700600000,0x000000070e3426d8,0x00000007145c0000)
 PSPermGen       total 36160K, used 18102K [0x00000006fb400000, 0x00000006fd750000, 0x0000000700600000)
  object space 36160K, 50% used [0x00000006fb400000,0x00000006fc5ada48,0x00000006fd750000)
}
Event: 24.969 GC heap before
{Heap before GC invocations=31 (full 5):
 PSYoungGen      total 655680K, used 639809K [0x00000007aacb0000, 0x00000007dc090000, 0x0000000800000000)
  eden space 580160K, 99% used [0x00000007aacb0000,0x00000007ce104840,0x00000007ce340000)
  from space 75520K, 82% used [0x00000007ce340000,0x00000007d1fbbd08,0x00000007d2d00000)
  to   space 81216K, 0% used [0x00000007d7140000,0x00000007d7140000,0x00000007dc090000)
 ParOldGen       total 327424K, used 226569K [0x0000000700600000, 0x00000007145c0000, 0x00000007aacb0000)
  object space 327424K, 69% used [0x0000000700600000,0x000000070e3426d8,0x00000007145c0000)
 PSPermGen       total 36160K, used 18108K [0x00000006fb400000, 0x00000006fd750000, 0x0000000700600000)
  object space 36160K, 50% used [0x00000006fb400000,0x00000006fc5af030,0x00000006fd750000)
Event: 24.987 GC heap after
Heap after GC invocations=31 (full 5):
 PSYoungGen      total 717504K, used 71597K [0x00000007aacb0000, 0x00000007dd5f0000, 0x0000000800000000)
  eden space 636288K, 0% used [0x00000007aacb0000,0x00000007aacb0000,0x00000007d1a10000)
  from space 81216K, 88% used [0x00000007d7140000,0x00000007db72b4e0,0x00000007dc090000)
  to   space 89280K, 0% used [0x00000007d1a10000,0x00000007d1a10000,0x00000007d7140000)
 ParOldGen       total 327424K, used 226569K [0x0000000700600000, 0x00000007145c0000, 0x00000007aacb0000)
  object space 327424K, 69% used [0x0000000700600000,0x000000070e3426d8,0x00000007145c0000)
 PSPermGen       total 36160K, used 18108K [0x00000006fb400000, 0x00000006fd750000, 0x0000000700600000)
  object space 36160K, 50% used [0x00000006fb400000,0x00000006fc5af030,0x00000006fd750000)
}

Deoptimization events (10 events):
Event: 2.798 Thread 0x0000000002cee000 Uncommon trap -83 fr.pc 0x0000000002fe737c
Event: 3.310 Thread 0x0000000002cee000 Uncommon trap 43 fr.pc 0x00000000030033d4
Event: 3.822 Thread 0x0000000015418800 Uncommon trap -83 fr.pc 0x000000000300a9c4
Event: 3.897 Thread 0x0000000018236800 Uncommon trap -83 fr.pc 0x0000000003001d74
Event: 3.943 Thread 0x0000000018236800 Uncommon trap -83 fr.pc 0x00000000030019c4
Event: 3.963 Thread 0x0000000018236800 Uncommon trap -83 fr.pc 0x00000000030364e8
Event: 4.044 Thread 0x0000000018236800 Uncommon trap -83 fr.pc 0x000000000303940c
Event: 4.074 Thread 0x0000000018236800 Uncommon trap -83 fr.pc 0x0000000003028958
Event: 4.306 Thread 0x000000001775c000 Uncommon trap -83 fr.pc 0x00000000030636bc
Event: 19.547 Thread 0x0000000014158800 Uncommon trap -12 fr.pc 0x0000000003031eb8

Internal exceptions (10 events):
Event: 4.122 Thread 0x0000000018236800 Threw 0x00000007ab8478a0 at C:\jdk7u1_64p\jdk7u7\hotspot\src\share\vm\prims\jvm.cpp:1166
Event: 4.123 Thread 0x0000000018236800 Threw 0x00000007ab84aa50 at C:\jdk7u1_64p\jdk7u7\hotspot\src\share\vm\prims\jvm.cpp:1166
Event: 4.123 Thread 0x0000000018236800 Threw 0x00000007ab84d970 at C:\jdk7u1_64p\jdk7u7\hotspot\src\share\vm\prims\jvm.cpp:1166
Event: 4.289 Thread 0x000000001775c000 Threw 0x00000007abd82d70 at C:\jdk7u1_64p\jdk7u7\hotspot\src\share\vm\prims\jvm.cpp:1166
Event: 4.296 Thread 0x000000001775c000 Threw 0x00000007abd93600 at C:\jdk7u1_64p\jdk7u7\hotspot\src\share\vm\prims\jvm.cpp:1166
Event: 4.496 Thread 0x000000001775c000 Threw 0x00000007ac812358 at C:\jdk7u1_64p\jdk7u7\hotspot\src\share\vm\prims\jvm.cpp:1166
Event: 8.524 Thread 0x0000000015418800 Threw 0x00000007ad5bd318 at C:\jdk7u1_64p\jdk7u7\hotspot\src\share\vm\prims\jvm.cpp:1166
Event: 8.524 Thread 0x0000000015418800 Threw 0x00000007ad5c2938 at C:\jdk7u1_64p\jdk7u7\hotspot\src\share\vm\prims\jvm.cpp:1166
Event: 8.526 Thread 0x0000000015418800 Threw 0x00000007ad5cfca0 at C:\jdk7u1_64p\jdk7u7\hotspot\src\share\vm\prims\jvm.cpp:1166
Event: 19.547 Thread 0x0000000014158800 Implicit null exception at 0x0000000003031bb8 to 0x0000000003031eac

Events (10 events):
Event: 23.903 Executing VM operation: ParallelGCFailedAllocation
Event: 23.913 Executing VM operation: ParallelGCFailedAllocation done
Event: 24.969 Executing VM operation: ParallelGCFailedAllocation
Event: 24.987 Executing VM operation: ParallelGCFailedAllocation done
Event: 25.000 loading class 0x0000000015357890
Event: 25.000 loading class 0x0000000015357890 done
Event: 25.001 loading class 0x0000000015089040
Event: 25.001 loading class 0x0000000015352be0
Event: 25.001 loading class 0x0000000015352be0 done
Event: 25.001 loading class 0x0000000015089040 done


Dynamic libraries:
0x000007f662880000 - 0x000007f6628b4000 	F:\Program Files\Java\Jre7\bin\javaw.exe
0x000007fd0db20000 - 0x000007fd0dcde000 	C:\WINDOWS\SYSTEM32\ntdll.dll
0x000007fd0c680000 - 0x000007fd0c7b6000 	C:\WINDOWS\system32\KERNEL32.DLL
0x000007fd0ab00000 - 0x000007fd0abf3000 	C:\WINDOWS\system32\KERNELBASE.dll
0x000007fd0c260000 - 0x000007fd0c33e000 	C:\WINDOWS\system32\ADVAPI32.dll
0x000007fd0c460000 - 0x000007fd0c5ac000 	C:\WINDOWS\system32\USER32.dll
0x000007fd082b0000 - 0x000007fd08519000 	C:\WINDOWS\WinSxS\amd64_microsoft.windows.common-controls_6595b64144ccf1df_6.0.9200.16384_none_418c2a697189c07f\COMCTL32.dll
0x000007fd0c7c0000 - 0x000007fd0c865000 	C:\WINDOWS\system32\msvcrt.dll
0x000007fd0cdf0000 - 0x000007fd0ce38000 	C:\WINDOWS\SYSTEM32\sechost.dll
0x000007fd0c870000 - 0x000007fd0c9b0000 	C:\WINDOWS\system32\RPCRT4.dll
0x000007fd0d520000 - 0x000007fd0d660000 	C:\WINDOWS\system32\GDI32.dll
0x000007fd0c620000 - 0x000007fd0c659000 	C:\WINDOWS\system32\IMM32.DLL
0x000007fd0c340000 - 0x000007fd0c455000 	C:\WINDOWS\system32\MSCTF.dll
0x000007fd0aa10000 - 0x000007fd0aa18000 	C:\PROGRA~2\NVIDIA~1\3DVISI~1\NVSTIN~1.DLL
0x000007fd0d510000 - 0x000007fd0d517000 	C:\WINDOWS\system32\PSAPI.DLL
0x000000005e410000 - 0x000000005e4b3000 	C:\WINDOWS\WinSxS\amd64_microsoft.vc90.crt_1fc8b3b9a1e18e3b_9.0.30729.6871_none_08e717a5a83adddf\MSVCR90.dll
0x000000005d880000 - 0x000000005d951000 	F:\Program Files\Java\Jre7\bin\msvcr100.dll
0x000000005c090000 - 0x000000005c7af000 	F:\Program Files\Java\Jre7\bin\server\jvm.dll
0x000007fd02f00000 - 0x000007fd02f09000 	C:\WINDOWS\SYSTEM32\WSOCK32.dll
0x000007fd07b90000 - 0x000007fd07bb0000 	C:\WINDOWS\SYSTEM32\WINMM.dll
0x000007fd0c5b0000 - 0x000007fd0c608000 	C:\WINDOWS\system32\WS2_32.dll
0x000007fd07a80000 - 0x000007fd07ab2000 	C:\WINDOWS\SYSTEM32\WINMMBASE.dll
0x000007fd0d360000 - 0x000007fd0d369000 	C:\WINDOWS\system32\NSI.dll
0x000000005dc10000 - 0x000000005dc1f000 	F:\Program Files\Java\Jre7\bin\verify.dll
0x000000005dbe0000 - 0x000000005dc08000 	F:\Program Files\Java\Jre7\bin\java.dll
0x000000005dbc0000 - 0x000000005dbd5000 	F:\Program Files\Java\Jre7\bin\zip.dll
0x000000005aff0000 - 0x000000005b183000 	F:\Program Files\Java\Jre7\bin\awt.dll
0x000007fd0d830000 - 0x000007fd0d8f3000 	C:\WINDOWS\system32\OLEAUT32.dll
0x000007fd0cc40000 - 0x000007fd0cdf0000 	C:\WINDOWS\system32\combase.dll
0x000007fd04cf0000 - 0x000007fd04d8f000 	C:\WINDOWS\system32\apphelp.dll
0x000007fd09810000 - 0x000007fd098f3000 	C:\WINDOWS\system32\uxtheme.dll
0x000007fd08210000 - 0x000007fd082a5000 	C:\Program Files\Common Files\microsoft shared\ink\tiptsf.dll
0x000007fd088b0000 - 0x000007fd088d1000 	C:\WINDOWS\SYSTEM32\dwmapi.dll
0x000007fd0d090000 - 0x000007fd0d20e000 	C:\WINDOWS\system32\ole32.dll
0x000007fd0a860000 - 0x000007fd0a86a000 	C:\WINDOWS\SYSTEM32\CRYPTBASE.dll
0x000007fd0a800000 - 0x000007fd0a85c000 	C:\WINDOWS\SYSTEM32\bcryptPrimitives.dll
0x000007fd0af70000 - 0x000007fd0c258000 	C:\WINDOWS\system32\SHELL32.dll
0x000007fd0cb80000 - 0x000007fd0cbd0000 	C:\WINDOWS\system32\SHLWAPI.dll
0x000007fd09be0000 - 0x000007fd09c76000 	C:\WINDOWS\SYSTEM32\shcore.dll
0x000000005d2e0000 - 0x000000005d378000 	C:\Windows\System32\msvcp100.dll
0x000007fcf1100000 - 0x000007fcf1358000 	C:\opencv\build\x64\vc10\bin\opencv_core243.dll
0x000007fcf4210000 - 0x000007fcf42a5000 	C:\Users\Jonas\AppData\Local\Temp\javacpp133374588172112\jniopencv_core.dll
0x000007fcf07d0000 - 0x000007fcf0a75000 	C:\opencv\build\x64\vc10\bin\opencv_imgproc243.dll
0x000007fd015e0000 - 0x000007fd01628000 	C:\Users\Jonas\AppData\Local\Temp\javacpp133374588172112\jniopencv_imgproc.dll
0x0000000066840000 - 0x00000000675ca000 	C:\opencv\build\x64\vc10\bin\opencv_ffmpeg243_64.dll
0x000007fcece30000 - 0x000007fced07b000 	C:\opencv\build\x64\vc10\bin\opencv_highgui243.dll
0x000007fd043e0000 - 0x000007fd04400000 	C:\WINDOWS\SYSTEM32\AVIFIL32.dll
0x000007fd07af0000 - 0x000007fd07b19000 	C:\WINDOWS\SYSTEM32\MSVFW32.dll
0x000007fd081c0000 - 0x000007fd081d7000 	C:\WINDOWS\SYSTEM32\AVICAP32.dll
0x000007fcf6150000 - 0x000007fcf6169000 	C:\WINDOWS\SYSTEM32\MSACM32.dll
0x000007fd07db0000 - 0x000007fd07db9000 	C:\WINDOWS\SYSTEM32\VERSION.dll
0x000007fd04350000 - 0x000007fd04363000 	C:\Users\Jonas\AppData\Local\Temp\javacpp133374588172112\jniopencv_highgui.dll
0x000007fd0d2c0000 - 0x000007fd0d356000 	C:\WINDOWS\SYSTEM32\clbcatq.dll
0x000007fd01e20000 - 0x000007fd01e37000 	C:\Windows\System32\devenum.dll
0x000007fd0c9b0000 - 0x000007fd0cb80000 	C:\WINDOWS\system32\setupapi.dll
0x000007fd0ad10000 - 0x000007fd0ad5f000 	C:\WINDOWS\system32\CFGMGR32.dll
0x000007fd0af40000 - 0x000007fd0af62000 	C:\WINDOWS\system32\DEVOBJ.dll
0x000007fd03ae0000 - 0x000007fd03b0e000 	C:\WINDOWS\SYSTEM32\ntmarta.dll
0x000007fd0ac00000 - 0x000007fd0ac55000 	C:\WINDOWS\system32\WINTRUST.dll
0x000007fd0ad60000 - 0x000007fd0af37000 	C:\WINDOWS\system32\CRYPT32.dll
0x000007fd0aae0000 - 0x000007fd0aaf6000 	C:\WINDOWS\system32\MSASN1.dll
0x000007fd078a0000 - 0x000007fd078ad000 	C:\WINDOWS\SYSTEM32\msdmo.dll
0x000007fd01920000 - 0x000007fd0194f000 	C:\Windows\System32\qcap.dll
0x000007fcec870000 - 0x000007fceca28000 	C:\Windows\System32\quartz.dll
0x000007fcf7e50000 - 0x000007fcf7e8f000 	C:\Windows\System32\ksproxy.ax
0x000007fcf5930000 - 0x000007fcf5937000 	C:\Windows\System32\ksuser.dll
0x000007fcf9950000 - 0x000007fcf9b50000 	C:\Windows\System32\d3d9.dll
0x000007fd05950000 - 0x000007fd0595c000 	C:\Windows\System32\vidcap.ax
0x000007fd015b0000 - 0x000007fd015d4000 	C:\Windows\System32\kswdmcap.ax
0x000007fcf2570000 - 0x000007fcf26c4000 	C:\Windows\System32\MFC42.dll
0x000007fcf3af0000 - 0x000007fcf3bae000 	C:\Windows\System32\ODBC32.dll
0x000007fcf1490000 - 0x000007fcf1525000 	C:\Windows\System32\qedit.dll
0x000007fd0d210000 - 0x000007fd0d2b1000 	C:\WINDOWS\system32\COMDLG32.dll
0x000007fd0d370000 - 0x000007fd0d510000 	C:\WINDOWS\WinSxS\amd64_microsoft.windows.gdiplus_6595b64144ccf1df_1.1.9200.16384_none_72771d4ecc1c3a4d\gdiplus.dll
0x000007fcf0640000 - 0x000007fcf072a000 	C:\WINDOWS\SYSTEM32\DDRAW.dll
0x000007fd07de0000 - 0x000007fd07de8000 	C:\WINDOWS\SYSTEM32\DCIMAN32.dll
0x000000005b610000 - 0x000000005b644000 	F:\Program Files\Java\Jre7\bin\fontmanager.dll
0x000007fce6500000 - 0x000007fce7680000 	C:\WINDOWS\SYSTEM32\nvd3dumx.dll
0x000007fd0a900000 - 0x000007fd0a943000 	C:\WINDOWS\SYSTEM32\powrprof.dll
0x0000000180000000 - 0x0000000180116000 	C:\Program Files (x86)\NVIDIA Corporation\3D Vision\nvSCPAPI64.dll
0x000007fd07ef0000 - 0x000007fd07f64000 	C:\WINDOWS\SYSTEM32\dxgi.dll
0x000007fd06540000 - 0x000007fd06802000 	C:\WINDOWS\SYSTEM32\nvapi64.dll
0x000007fd07ed0000 - 0x000007fd07eef000 	C:\WINDOWS\SYSTEM32\DXGIDebug.dll
0x000000005dba0000 - 0x000000005dbb9000 	F:\Program Files\Java\Jre7\bin\net.dll
0x000007fd0a270000 - 0x000007fd0a2cc000 	C:\WINDOWS\system32\mswsock.dll
0x000000005db50000 - 0x000000005db61000 	F:\Program Files\Java\Jre7\bin\nio.dll
0x000000005b5c0000 - 0x000000005b601000 	F:\Program Files\Java\Jre7\bin\t2k.dll
0x000007fd08010000 - 0x000007fd0819a000 	C:\WINDOWS\SYSTEM32\WindowsCodecs.dll
0x000007fd0aa30000 - 0x000007fd0aa45000 	C:\WINDOWS\SYSTEM32\profapi.dll
0x000007fd07530000 - 0x000007fd07599000 	C:\WINDOWS\SYSTEM32\oleacc.dll
0x000000005afc0000 - 0x000000005afea000 	F:\Program Files\Java\Jre7\bin\dcpr.dll
0x000007fcf8620000 - 0x000007fcf8783000 	C:\WINDOWS\SYSTEM32\dbghelp.dll

VM Arguments:
jvm_args: -Dfile.encoding=Cp1252 
java_command: emcscanner.kth.se.Program
Launcher Type: SUN_STANDARD

Environment Variables:
PATH=C:\Program Files (x86)\NVIDIA Corporation\PhysX\Common;C:\WINDOWS\system32;C:\WINDOWS;C:\WINDOWS\System32\Wbem;C:\WINDOWS\System32\WindowsPowerShell\v1.0\;C:\Program Files (x86)\Microsoft SQL Server\90\Tools\binn\;C:\Program Files (x86)\Autodesk\Backburner\;F:\Program Files\MATLAB\R2012a\runtime\win64;F:\Program Files\MATLAB\R2012a\bin;C:\Program Files\Internet Explorer;C:\Program Files\Perforce;F:\Program Files\Perforce;C:\Program Files\Microsoft\Web Platform Installer\;C:\Program Files (x86)\Microsoft ASP.NET\ASP.NET Web Pages\v1.0\;C:\Program Files (x86)\Windows Kits\8.0\Windows Performance Toolkit\;C:\Program Files\Microsoft SQL Server\110\Tools\Binn\;F:\Program Files\Perforce\Server
USERNAME=Jonas
OS=Windows_NT
PROCESSOR_IDENTIFIER=Intel64 Family 6 Model 42 Stepping 7, GenuineIntel



---------------  S Y S T E M  ---------------

OS: Windows 8 , 64 bit Build 9200 

CPU:total 8 (4 cores per cpu, 2 threads per core) family 6 model 42 stepping 7, cmov, cx8, fxsr, mmx, sse, sse2, sse3, ssse3, sse4.1, sse4.2, popcnt, avx, ht, tsc, tscinvbit

Memory: 4k page, physical 16751668k(9594148k free), swap 33528884k(23889644k free)

vm_info: Java HotSpot(TM) 64-Bit Server VM (23.3-b01) for windows-amd64 JRE (1.7.0_07-b11), built on Sep  7 2012 01:19:25 by "java_re" with unknown MS VC++:1600

time: Mon Feb 04 01:44:48 2013
elapsed time: 25 seconds

