#
# A fatal error has been detected by the Java Runtime Environment:
#
#  EXCEPTION_ACCESS_VIOLATION (0xc0000005) at pc=0x000000005d8bc150, pid=5204, tid=7028
#
# JRE version: 7.0_07-b11
# Java VM: Java HotSpot(TM) 64-Bit Server VM (23.3-b01 mixed mode windows-amd64 compressed oops)
# Problematic frame:
# C  [msvcr100.dll+0x3c150]  memcpy+0x1c0
#
# Failed to write core dump. Minidumps are not enabled by default on client versions of Windows
#
# If you would like to submit a bug report, please visit:
#   http://bugreport.sun.com/bugreport/crash.jsp
# The crash happened outside the Java Virtual Machine in native code.
# See problematic frame for where to report the bug.
#

---------------  T H R E A D  ---------------

Current thread (0x00000000138ee000):  JavaThread "threadDisplayCamera" daemon [_thread_in_native, id=7028, stack(0x0000000019050000,0x0000000019150000)]

siginfo: ExceptionCode=0xc0000005, reading address 0x0000000018ebd34f

Registers:
RAX=0x0000000000000318, RBX=0x0000000021d430d0, RCX=0x0000000021d44752, RDX=0xfffffffff7178bfd
RSP=0x000000001914e5f8, RBP=0x000000001914e700, RSI=0x0000000000000003, RDI=0x0000000021d30bb0
R8 =0x0000000000001680, R9 =0x0000000000001680, R10=0x0000000000000003, R11=0x0000000021d430d3
R12=0x0000000021fe9e10, R13=0x0000000000000003, R14=0x0000000018ebbcd0, R15=0x0000000000001680
RIP=0x000000005d8bc150, EFLAGS=0x0000000000010202

Top of Stack: (sp=0x000000001914e5f8)
0x000000001914e5f8:   000007fcf0831bdb 0000000000000300
0x000000001914e608:   0000000000000000 0000000018eba650
0x000000001914e618:   0000000000000004 0000000000000000
0x000000001914e628:   0000000000001680 0000021b6896f0c3
0x000000001914e638:   0000000000155555 0000011721fe0101
0x000000001914e648:   0000031c00000001 0000000100000782
0x000000001914e658:   0000000100000003 0000000300001680
0x000000001914e668:   0000000018eba650 0000000000000003
0x000000001914e678:   0000000000000006 0000000000001680
0x000000001914e688:   000000002210d1a0 0000012200000780
0x000000001914e698:   0000000014b82740 0000000600001680
0x000000001914e6a8:   0000000000000003 0000000000000001
0x000000001914e6b8:   0000000000000003 0000000000000003
0x000000001914e6c8:   fffffffffffffffe 0000000000000000
0x000000001914e6d8:   0000043800000780 fffffffffffffffe
0x000000001914e6e8:   000000001914eaa0 000000001914e800 

Instructions: (pc=0x000000005d8bc150)
0x000000005d8bc130:   66 66 66 90 66 66 66 90 66 90 49 03 c8 49 83 f8
0x000000005d8bc140:   08 72 61 f6 c1 07 74 36 f6 c1 01 74 0b 48 ff c9
0x000000005d8bc150:   8a 04 0a 49 ff c8 88 01 f6 c1 02 74 0f 48 83 e9
0x000000005d8bc160:   02 66 8b 04 0a 49 83 e8 02 66 89 01 f6 c1 04 74 


Register to memory mapping:

RAX=0x0000000000000318 is an unknown value
RBX=0x0000000021d430d0 is an unknown value
RCX=0x0000000021d44752 is an unknown value
RDX=0xfffffffff7178bfd is an unknown value
RSP=0x000000001914e5f8 is pointing into the stack for thread: 0x00000000138ee000
RBP=0x000000001914e700 is pointing into the stack for thread: 0x00000000138ee000
RSI=0x0000000000000003 is an unknown value
RDI=0x0000000021d30bb0 is an unknown value
R8 =0x0000000000001680 is an unknown value
R9 =0x0000000000001680 is an unknown value
R10=0x0000000000000003 is an unknown value
R11=0x0000000021d430d3 is an unknown value
R12=0x0000000021fe9e10 is an unknown value
R13=0x0000000000000003 is an unknown value
R14=0x0000000018ebbcd0 is an unknown value
R15=0x0000000000001680 is an unknown value


Stack: [0x0000000019050000,0x0000000019150000],  sp=0x000000001914e5f8,  free space=1017k
Native frames: (J=compiled Java code, j=interpreted, Vv=VM code, C=native code)
C  [msvcr100.dll+0x3c150]  memcpy+0x1c0
C  0x000000000000000e

Java frames: (J=compiled Java code, j=interpreted, Vv=VM code)
j  com.googlecode.javacv.cpp.opencv_imgproc.cvSmooth(Lcom/googlecode/javacv/cpp/opencv_core$CvArr;Lcom/googlecode/javacv/cpp/opencv_core$CvArr;IIIDD)V+0
j  com.googlecode.javacv.cpp.opencv_imgproc.cvSmooth(Lcom/googlecode/javacv/cpp/opencv_core$CvArr;Lcom/googlecode/javacv/cpp/opencv_core$CvArr;II)V+7
j  emcscanner.kth.se.CameraPanel$1.run()V+64
v  ~StubRoutines::call_stub

---------------  P R O C E S S  ---------------

Java Threads: ( => current thread )
  0x0000000021d05000 JavaThread "Thread-0" daemon [_thread_in_native, id=6344, stack(0x0000000015ba0000,0x0000000015ca0000)]
  0x0000000021d0c800 JavaThread "ICEpdf-pagePainter" daemon [_thread_blocked, id=6464, stack(0x0000000020c90000,0x0000000020d90000)]
  0x0000000021d10000 JavaThread "ICEpdf-pageInitializer" daemon [_thread_blocked, id=9684, stack(0x0000000020a60000,0x0000000020b60000)]
  0x0000000021d11800 JavaThread "DestroyJavaVM" [_thread_blocked, id=9084, stack(0x00000000024a0000,0x00000000025a0000)]
  0x00000000138ef000 JavaThread "TimerQueue" daemon [_thread_blocked, id=9532, stack(0x000000001f710000,0x000000001f810000)]
  0x00000000138f3000 JavaThread "threadDisplayDensity" daemon [_thread_blocked, id=6268, stack(0x000000001b9d0000,0x000000001bad0000)]
  0x00000000138f4800 JavaThread "AWT-EventQueue-0" [_thread_blocked, id=9436, stack(0x000000001b8d0000,0x000000001b9d0000)]
  0x00000000138f3800 JavaThread "threadDisplay" daemon [_thread_blocked, id=7608, stack(0x000000001b7d0000,0x000000001b8d0000)]
  0x00000000138f0800 JavaThread "AWT-Shutdown" [_thread_blocked, id=2816, stack(0x0000000019150000,0x0000000019250000)]
=>0x00000000138ee000 JavaThread "threadDisplayCamera" daemon [_thread_in_native, id=7028, stack(0x0000000019050000,0x0000000019150000)]
  0x00000000138f2000 JavaThread "AWT-Windows" daemon [_thread_in_native, id=8984, stack(0x00000000141d0000,0x00000000142d0000)]
  0x00000000138f1000 JavaThread "Java2D Disposer" daemon [_thread_blocked, id=9468, stack(0x0000000013fd0000,0x00000000140d0000)]
  0x00000000111c2000 JavaThread "Service Thread" daemon [_thread_blocked, id=7884, stack(0x00000000135d0000,0x00000000136d0000)]
  0x00000000111be800 JavaThread "C2 CompilerThread1" daemon [_thread_blocked, id=8820, stack(0x00000000134d0000,0x00000000135d0000)]
  0x00000000111b9000 JavaThread "C2 CompilerThread0" daemon [_thread_blocked, id=8288, stack(0x00000000133d0000,0x00000000134d0000)]
  0x00000000111b7800 JavaThread "Attach Listener" daemon [_thread_blocked, id=3572, stack(0x00000000132d0000,0x00000000133d0000)]
  0x00000000111ab000 JavaThread "Signal Dispatcher" daemon [_thread_blocked, id=10056, stack(0x00000000131d0000,0x00000000132d0000)]
  0x000000001114e800 JavaThread "Finalizer" daemon [_thread_blocked, id=9304, stack(0x00000000130d0000,0x00000000131d0000)]
  0x0000000011147000 JavaThread "Reference Handler" daemon [_thread_blocked, id=3352, stack(0x0000000012fd0000,0x00000000130d0000)]

Other Threads:
  0x0000000011142000 VMThread [stack: 0x0000000012ed0000,0x0000000012fd0000] [id=10208]
  0x00000000111dd800 WatcherThread [stack: 0x00000000136d0000,0x00000000137d0000] [id=10160]

VM state:not at safepoint (normal execution)

VM Mutex/Monitor currently owned by a thread: None

Heap
 PSYoungGen      total 990336K, used 330767K [0x00000007aacb0000, 0x00000007f3550000, 0x0000000800000000)
  eden space 956160K, 34% used [0x00000007aacb0000,0x00000007bef04a10,0x00000007e5270000)
  from space 34176K, 2% used [0x00000007e5270000,0x00000007e531f488,0x00000007e73d0000)
  to   space 35008K, 0% used [0x00000007f1320000,0x00000007f1320000,0x00000007f3550000)
 ParOldGen       total 241536K, used 172074K [0x0000000700600000, 0x000000070f1e0000, 0x00000007aacb0000)
  object space 241536K, 71% used [0x0000000700600000,0x000000070ae0abb0,0x000000070f1e0000)
 PSPermGen       total 39680K, used 18155K [0x00000006fb400000, 0x00000006fdac0000, 0x0000000700600000)
  object space 39680K, 45% used [0x00000006fb400000,0x00000006fc5bad28,0x00000006fdac0000)

Card table byte_map: [0x0000000005760000,0x0000000005f90000] byte_map_base: 0x0000000001f86000

Polling page: 0x0000000002310000

Code Cache  [0x00000000026a0000, 0x0000000002910000, 0x00000000056a0000)
 total_blobs=966 nmethods=376 adapters=541 free_code_cache=47620Kb largest_free_block=48735744

Compilation events (10 events):
Event: 21.243 Thread 0x00000000111b9000  382             java.awt.image.Raster::getHeight (5 bytes)
Event: 21.243 Thread 0x00000000111b9000 nmethod 382 0x0000000002818810 code [0x0000000002818940, 0x0000000002818998]
Event: 21.787 Thread 0x00000000111be800  383             javax.swing.RepaintManager::isDoubleBufferingEnabled (5 bytes)
Event: 21.788 Thread 0x00000000111be800 nmethod 383 0x0000000002819d10 code [0x0000000002819e40, 0x0000000002819e98]
Event: 21.844 Thread 0x00000000111b9000  384             java.util.AbstractList::<init> (10 bytes)
Event: 21.844 Thread 0x00000000111b9000 nmethod 384 0x0000000002819b10 code [0x0000000002819c40, 0x0000000002819c98]
Event: 21.989 Thread 0x00000000111be800  385             javax.swing.JComponent::rectangleIsObscured (119 bytes)
Event: 21.990 Thread 0x00000000111b9000  386             sun.java2d.pipe.RenderBuffer::putDouble (26 bytes)
Event: 21.990 Thread 0x00000000111b9000 nmethod 386 0x00000000028198d0 code [0x0000000002819a00, 0x0000000002819a98]
Event: 21.993 Thread 0x00000000111be800 nmethod 385 0x00000000028233d0 code [0x0000000002823540, 0x0000000002823918]

GC Heap History (10 events):
Event: 15.614 GC heap before
{Heap before GC invocations=14 (full 3):
 PSYoungGen      total 685632K, used 681955K [0x00000007aacb0000, 0x00000007e0630000, 0x0000000800000000)
  eden space 652608K, 100% used [0x00000007aacb0000,0x00000007d2a00000,0x00000007d2a00000)
  from space 33024K, 88% used [0x00000007d2a00000,0x00000007d46a8e00,0x00000007d4a40000)
  to   space 36864K, 0% used [0x00000007de230000,0x00000007de230000,0x00000007e0630000)
 ParOldGen       total 294976K, used 294943K [0x0000000700600000, 0x0000000712610000, 0x00000007aacb0000)
  object space 294976K, 99% used [0x0000000700600000,0x0000000712607d78,0x0000000712610000)
 PSPermGen       total 40896K, used 18089K [0x00000006fb400000, 0x00000006fdbf0000, 0x0000000700600000)
  object space 40896K, 44% used [0x00000006fb400000,0x00000006fc5aa788,0x00000006fdbf0000)
Event: 15.651 GC heap after
Heap after GC invocations=14 (full 3):
 PSYoungGen      total 685632K, used 0K [0x00000007aacb0000, 0x00000007e0630000, 0x0000000800000000)
  eden space 652608K, 0% used [0x00000007aacb0000,0x00000007aacb0000,0x00000007d2a00000)
  from space 33024K, 0% used [0x00000007d2a00000,0x00000007d2a00000,0x00000007d4a40000)
  to   space 36864K, 0% used [0x00000007de230000,0x00000007de230000,0x00000007e0630000)
 ParOldGen       total 241536K, used 47270K [0x0000000700600000, 0x000000070f1e0000, 0x00000007aacb0000)
  object space 241536K, 19% used [0x0000000700600000,0x0000000703429820,0x000000070f1e0000)
 PSPermGen       total 39680K, used 18089K [0x00000006fb400000, 0x00000006fdac0000, 0x0000000700600000)
  object space 39680K, 45% used [0x00000006fb400000,0x00000006fc5aa6e8,0x00000006fdac0000)
}
Event: 16.878 GC heap before
{Heap before GC invocations=15 (full 3):
 PSYoungGen      total 685632K, used 648507K [0x00000007aacb0000, 0x00000007e0630000, 0x0000000800000000)
  eden space 652608K, 99% used [0x00000007aacb0000,0x00000007d25fec98,0x00000007d2a00000)
  from space 33024K, 0% used [0x00000007d2a00000,0x00000007d2a00000,0x00000007d4a40000)
  to   space 36864K, 0% used [0x00000007de230000,0x00000007de230000,0x00000007e0630000)
 ParOldGen       total 241536K, used 47270K [0x0000000700600000, 0x000000070f1e0000, 0x00000007aacb0000)
  object space 241536K, 19% used [0x0000000700600000,0x0000000703429820,0x000000070f1e0000)
 PSPermGen       total 39680K, used 18091K [0x00000006fb400000, 0x00000006fdac0000, 0x0000000700600000)
  object space 39680K, 45% used [0x00000006fb400000,0x00000006fc5aaf30,0x00000006fdac0000)
Event: 16.884 GC heap after
Heap after GC invocations=15 (full 3):
 PSYoungGen      total 836608K, used 20940K [0x00000007aacb0000, 0x00000007e03e0000, 0x0000000800000000)
  eden space 802112K, 0% used [0x00000007aacb0000,0x00000007aacb0000,0x00000007dbc00000)
  from space 34496K, 60% used [0x00000007de230000,0x00000007df6a3070,0x00000007e03e0000)
  to   space 36800K, 0% used [0x00000007dbc00000,0x00000007dbc00000,0x00000007ddff0000)
 ParOldGen       total 241536K, used 47270K [0x0000000700600000, 0x000000070f1e0000, 0x00000007aacb0000)
  object space 241536K, 19% used [0x0000000700600000,0x0000000703429820,0x000000070f1e0000)
 PSPermGen       total 39680K, used 18091K [0x00000006fb400000, 0x00000006fdac0000, 0x0000000700600000)
  object space 39680K, 45% used [0x00000006fb400000,0x00000006fc5aaf30,0x00000006fdac0000)
}
Event: 18.377 GC heap before
{Heap before GC invocations=16 (full 3):
 PSYoungGen      total 836608K, used 818802K [0x00000007aacb0000, 0x00000007e03e0000, 0x0000000800000000)
  eden space 802112K, 99% used [0x00000007aacb0000,0x00000007db7d9a08,0x00000007dbc00000)
  from space 34496K, 60% used [0x00000007de230000,0x00000007df6a3070,0x00000007e03e0000)
  to   space 36800K, 0% used [0x00000007dbc00000,0x00000007dbc00000,0x00000007ddff0000)
 ParOldGen       total 241536K, used 53345K [0x0000000700600000, 0x000000070f1e0000, 0x00000007aacb0000)
  object space 241536K, 22% used [0x0000000700600000,0x0000000703a18430,0x000000070f1e0000)
 PSPermGen       total 39680K, used 18094K [0x00000006fb400000, 0x00000006fdac0000, 0x0000000700600000)
  object space 39680K, 45% used [0x00000006fb400000,0x00000006fc5ab800,0x00000006fdac0000)
Event: 18.382 GC heap after
Heap after GC invocations=16 (full 3):
 PSYoungGen      total 838912K, used 17472K [0x00000007aacb0000, 0x00000007ea3f0000, 0x0000000800000000)
  eden space 802112K, 0% used [0x00000007aacb0000,0x00000007aacb0000,0x00000007dbc00000)
  from space 36800K, 47% used [0x00000007dbc00000,0x00000007dcd103b0,0x00000007ddff0000)
  to   space 35328K, 0% used [0x00000007e8170000,0x00000007e8170000,0x00000007ea3f0000)
 ParOldGen       total 241536K, used 53345K [0x0000000700600000, 0x000000070f1e0000, 0x00000007aacb0000)
  object space 241536K, 22% used [0x0000000700600000,0x0000000703a18430,0x000000070f1e0000)
 PSPermGen       total 39680K, used 18094K [0x00000006fb400000, 0x00000006fdac0000, 0x0000000700600000)
  object space 39680K, 45% used [0x00000006fb400000,0x00000006fc5ab800,0x00000006fdac0000)
}
Event: 20.010 GC heap before
{Heap before GC invocations=17 (full 3):
 PSYoungGen      total 838912K, used 819584K [0x00000007aacb0000, 0x00000007ea3f0000, 0x0000000800000000)
  eden space 802112K, 100% used [0x00000007aacb0000,0x00000007dbc00000,0x00000007dbc00000)
  from space 36800K, 47% used [0x00000007dbc00000,0x00000007dcd103b0,0x00000007ddff0000)
  to   space 35328K, 0% used [0x00000007e8170000,0x00000007e8170000,0x00000007ea3f0000)
 ParOldGen       total 241536K, used 89496K [0x0000000700600000, 0x000000070f1e0000, 0x00000007aacb0000)
  object space 241536K, 37% used [0x0000000700600000,0x0000000705d66080,0x000000070f1e0000)
 PSPermGen       total 39680K, used 18108K [0x00000006fb400000, 0x00000006fdac0000, 0x0000000700600000)
  object space 39680K, 45% used [0x00000006fb400000,0x00000006fc5af378,0x00000006fdac0000)
Event: 20.016 GC heap after
Heap after GC invocations=17 (full 3):
 PSYoungGen      total 976384K, used 18145K [0x00000007aacb0000, 0x00000007e9530000, 0x0000000800000000)
  eden space 956160K, 0% used [0x00000007aacb0000,0x00000007aacb0000,0x00000007e5270000)
  from space 20224K, 89% used [0x00000007e8170000,0x00000007e9328728,0x00000007e9530000)
  to   space 34176K, 0% used [0x00000007e5270000,0x00000007e5270000,0x00000007e73d0000)
 ParOldGen       total 241536K, used 89496K [0x0000000700600000, 0x000000070f1e0000, 0x00000007aacb0000)
  object space 241536K, 37% used [0x0000000700600000,0x0000000705d66080,0x000000070f1e0000)
 PSPermGen       total 39680K, used 18108K [0x00000006fb400000, 0x00000006fdac0000, 0x0000000700600000)
  object space 39680K, 45% used [0x00000006fb400000,0x00000006fc5af378,0x00000006fdac0000)
}
Event: 21.982 GC heap before
{Heap before GC invocations=18 (full 3):
 PSYoungGen      total 976384K, used 974305K [0x00000007aacb0000, 0x00000007e9530000, 0x0000000800000000)
  eden space 956160K, 100% used [0x00000007aacb0000,0x00000007e5270000,0x00000007e5270000)
  from space 20224K, 89% used [0x00000007e8170000,0x00000007e9328728,0x00000007e9530000)
  to   space 34176K, 0% used [0x00000007e5270000,0x00000007e5270000,0x00000007e73d0000)
 ParOldGen       total 241536K, used 172074K [0x0000000700600000, 0x000000070f1e0000, 0x00000007aacb0000)
  object space 241536K, 71% used [0x0000000700600000,0x000000070ae0abb0,0x000000070f1e0000)
 PSPermGen       total 39680K, used 18119K [0x00000006fb400000, 0x00000006fdac0000, 0x0000000700600000)
  object space 39680K, 45% used [0x00000006fb400000,0x00000006fc5b1f40,0x00000006fdac0000)
Event: 21.986 GC heap after
Heap after GC invocations=18 (full 3):
 PSYoungGen      total 990336K, used 701K [0x00000007aacb0000, 0x00000007f3550000, 0x0000000800000000)
  eden space 956160K, 0% used [0x00000007aacb0000,0x00000007aacb0000,0x00000007e5270000)
  from space 34176K, 2% used [0x00000007e5270000,0x00000007e531f488,0x00000007e73d0000)
  to   space 35008K, 0% used [0x00000007f1320000,0x00000007f1320000,0x00000007f3550000)
 ParOldGen       total 241536K, used 172074K [0x0000000700600000, 0x000000070f1e0000, 0x00000007aacb0000)
  object space 241536K, 71% used [0x0000000700600000,0x000000070ae0abb0,0x000000070f1e0000)
 PSPermGen       total 39680K, used 18119K [0x00000006fb400000, 0x00000006fdac0000, 0x0000000700600000)
  object space 39680K, 45% used [0x00000006fb400000,0x00000006fc5b1f40,0x00000006fdac0000)
}

Deoptimization events (10 events):
Event: 3.893 Thread 0x0000000021d10000 Uncommon trap -83 fr.pc 0x0000000002769d44
Event: 3.909 Thread 0x0000000021d10000 Uncommon trap -83 fr.pc 0x000000000279e0a8
Event: 3.980 Thread 0x0000000021d10000 Uncommon trap -83 fr.pc 0x00000000027961bc
Event: 4.012 Thread 0x0000000021d10000 Uncommon trap -83 fr.pc 0x000000000278a8d8
Event: 4.196 Thread 0x0000000021d0c800 Uncommon trap -83 fr.pc 0x00000000027c497c
Event: 14.094 Thread 0x00000000138f4800 Uncommon trap -58 fr.pc 0x00000000027d187c
Event: 14.196 Thread 0x00000000138f4800 Uncommon trap -58 fr.pc 0x00000000027d187c
Event: 14.202 Thread 0x00000000138f4800 Uncommon trap -58 fr.pc 0x00000000027d187c
Event: 15.127 Thread 0x00000000138f4800 Uncommon trap -58 fr.pc 0x00000000027d187c
Event: 18.169 Thread 0x00000000138ee000 Uncommon trap -12 fr.pc 0x000000000278c638

Internal exceptions (10 events):
Event: 4.060 Thread 0x0000000021d10000 Threw 0x00000007ab8edf18 at C:\jdk7u1_64p\jdk7u7\hotspot\src\share\vm\prims\jvm.cpp:1166
Event: 4.061 Thread 0x0000000021d10000 Threw 0x00000007ab8f10c8 at C:\jdk7u1_64p\jdk7u7\hotspot\src\share\vm\prims\jvm.cpp:1166
Event: 4.061 Thread 0x0000000021d10000 Threw 0x00000007ab8f3fe8 at C:\jdk7u1_64p\jdk7u7\hotspot\src\share\vm\prims\jvm.cpp:1166
Event: 4.188 Thread 0x0000000021d0c800 Threw 0x00000007abe2d410 at C:\jdk7u1_64p\jdk7u7\hotspot\src\share\vm\prims\jvm.cpp:1166
Event: 4.192 Thread 0x0000000021d0c800 Threw 0x00000007abe3dca0 at C:\jdk7u1_64p\jdk7u7\hotspot\src\share\vm\prims\jvm.cpp:1166
Event: 4.395 Thread 0x0000000021d0c800 Threw 0x00000007ac815c90 at C:\jdk7u1_64p\jdk7u7\hotspot\src\share\vm\prims\jvm.cpp:1166
Event: 7.918 Thread 0x00000000138f4800 Threw 0x00000007b3cd01a0 at C:\jdk7u1_64p\jdk7u7\hotspot\src\share\vm\prims\jvm.cpp:1166
Event: 7.919 Thread 0x00000000138f4800 Threw 0x00000007b3cd5788 at C:\jdk7u1_64p\jdk7u7\hotspot\src\share\vm\prims\jvm.cpp:1166
Event: 7.921 Thread 0x00000000138f4800 Threw 0x00000007b3ce2af0 at C:\jdk7u1_64p\jdk7u7\hotspot\src\share\vm\prims\jvm.cpp:1166
Event: 18.169 Thread 0x00000000138ee000 Implicit null exception at 0x000000000278c338 to 0x000000000278c62c

Events (10 events):
Event: 21.971 Executing VM operation: ParallelGCFailedAllocation
Event: 21.971 Executing VM operation: ParallelGCFailedAllocation done
Event: 21.982 Executing VM operation: ParallelGCSystemGC
Event: 21.986 Executing VM operation: ParallelGCSystemGC done
Event: 22.211 loading class 0x0000000014c200d0
Event: 22.211 loading class 0x0000000014c200d0 done
Event: 22.212 loading class 0x00000000149c4be0
Event: 22.212 loading class 0x0000000014b82ac0
Event: 22.212 loading class 0x0000000014b82ac0 done
Event: 22.212 loading class 0x00000000149c4be0 done


Dynamic libraries:
0x000007f662880000 - 0x000007f6628b4000 	F:\Program Files\Java\Jre7\bin\javaw.exe
0x000007fd0db20000 - 0x000007fd0dcde000 	C:\WINDOWS\SYSTEM32\ntdll.dll
0x000007fd0c680000 - 0x000007fd0c7b6000 	C:\WINDOWS\system32\KERNEL32.DLL
0x000007fd0ab00000 - 0x000007fd0abf3000 	C:\WINDOWS\system32\KERNELBASE.dll
0x000007fd0c260000 - 0x000007fd0c33e000 	C:\WINDOWS\system32\ADVAPI32.dll
0x000007fd0c460000 - 0x000007fd0c5ac000 	C:\WINDOWS\system32\USER32.dll
0x000007fd082b0000 - 0x000007fd08519000 	C:\WINDOWS\WinSxS\amd64_microsoft.windows.common-controls_6595b64144ccf1df_6.0.9200.16384_none_418c2a697189c07f\COMCTL32.dll
0x000007fd0c7c0000 - 0x000007fd0c865000 	C:\WINDOWS\system32\msvcrt.dll
0x000007fd0cdf0000 - 0x000007fd0ce38000 	C:\WINDOWS\SYSTEM32\sechost.dll
0x000007fd0c870000 - 0x000007fd0c9b0000 	C:\WINDOWS\system32\RPCRT4.dll
0x000007fd0d520000 - 0x000007fd0d660000 	C:\WINDOWS\system32\GDI32.dll
0x000007fd0c620000 - 0x000007fd0c659000 	C:\WINDOWS\system32\IMM32.DLL
0x000007fd0c340000 - 0x000007fd0c455000 	C:\WINDOWS\system32\MSCTF.dll
0x000007fd0aa10000 - 0x000007fd0aa18000 	C:\PROGRA~2\NVIDIA~1\3DVISI~1\NVSTIN~1.DLL
0x000007fd0d510000 - 0x000007fd0d517000 	C:\WINDOWS\system32\PSAPI.DLL
0x000000005e410000 - 0x000000005e4b3000 	C:\WINDOWS\WinSxS\amd64_microsoft.vc90.crt_1fc8b3b9a1e18e3b_9.0.30729.6871_none_08e717a5a83adddf\MSVCR90.dll
0x000000005d880000 - 0x000000005d951000 	F:\Program Files\Java\Jre7\bin\msvcr100.dll
0x000000005c090000 - 0x000000005c7af000 	F:\Program Files\Java\Jre7\bin\server\jvm.dll
0x000007fd02f00000 - 0x000007fd02f09000 	C:\WINDOWS\SYSTEM32\WSOCK32.dll
0x000007fd07b90000 - 0x000007fd07bb0000 	C:\WINDOWS\SYSTEM32\WINMM.dll
0x000007fd0c5b0000 - 0x000007fd0c608000 	C:\WINDOWS\system32\WS2_32.dll
0x000007fd07a80000 - 0x000007fd07ab2000 	C:\WINDOWS\SYSTEM32\WINMMBASE.dll
0x000007fd0d360000 - 0x000007fd0d369000 	C:\WINDOWS\system32\NSI.dll
0x000000005dc10000 - 0x000000005dc1f000 	F:\Program Files\Java\Jre7\bin\verify.dll
0x000000005dbe0000 - 0x000000005dc08000 	F:\Program Files\Java\Jre7\bin\java.dll
0x000000005dbc0000 - 0x000000005dbd5000 	F:\Program Files\Java\Jre7\bin\zip.dll
0x000000005aff0000 - 0x000000005b183000 	F:\Program Files\Java\Jre7\bin\awt.dll
0x000007fd0d830000 - 0x000007fd0d8f3000 	C:\WINDOWS\system32\OLEAUT32.dll
0x000007fd0cc40000 - 0x000007fd0cdf0000 	C:\WINDOWS\system32\combase.dll
0x000007fd04cf0000 - 0x000007fd04d8f000 	C:\WINDOWS\system32\apphelp.dll
0x000007fd09810000 - 0x000007fd098f3000 	C:\WINDOWS\system32\uxtheme.dll
0x000007fd08210000 - 0x000007fd082a5000 	C:\Program Files\Common Files\microsoft shared\ink\tiptsf.dll
0x000007fd088b0000 - 0x000007fd088d1000 	C:\WINDOWS\SYSTEM32\dwmapi.dll
0x000007fd0d090000 - 0x000007fd0d20e000 	C:\WINDOWS\system32\ole32.dll
0x000007fd0a860000 - 0x000007fd0a86a000 	C:\WINDOWS\SYSTEM32\CRYPTBASE.dll
0x000007fd0a800000 - 0x000007fd0a85c000 	C:\WINDOWS\SYSTEM32\bcryptPrimitives.dll
0x000007fd0af70000 - 0x000007fd0c258000 	C:\WINDOWS\system32\SHELL32.dll
0x000007fd0cb80000 - 0x000007fd0cbd0000 	C:\WINDOWS\system32\SHLWAPI.dll
0x000007fd09be0000 - 0x000007fd09c76000 	C:\WINDOWS\SYSTEM32\shcore.dll
0x000000005d2e0000 - 0x000000005d378000 	C:\Windows\System32\msvcp100.dll
0x000007fcf1100000 - 0x000007fcf1358000 	C:\opencv\build\x64\vc10\bin\opencv_core243.dll
0x000007fcf4210000 - 0x000007fcf42a5000 	C:\Users\Jonas\AppData\Local\Temp\javacpp134429512151857\jniopencv_core.dll
0x000007fcf07d0000 - 0x000007fcf0a75000 	C:\opencv\build\x64\vc10\bin\opencv_imgproc243.dll
0x000007fd015e0000 - 0x000007fd01628000 	C:\Users\Jonas\AppData\Local\Temp\javacpp134429512151857\jniopencv_imgproc.dll
0x0000000066840000 - 0x00000000675ca000 	C:\opencv\build\x64\vc10\bin\opencv_ffmpeg243_64.dll
0x000007fcece30000 - 0x000007fced07b000 	C:\opencv\build\x64\vc10\bin\opencv_highgui243.dll
0x000007fd043e0000 - 0x000007fd04400000 	C:\WINDOWS\SYSTEM32\AVIFIL32.dll
0x000007fd07af0000 - 0x000007fd07b19000 	C:\WINDOWS\SYSTEM32\MSVFW32.dll
0x000007fd081c0000 - 0x000007fd081d7000 	C:\WINDOWS\SYSTEM32\AVICAP32.dll
0x000007fcf6150000 - 0x000007fcf6169000 	C:\WINDOWS\SYSTEM32\MSACM32.dll
0x000007fd07db0000 - 0x000007fd07db9000 	C:\WINDOWS\SYSTEM32\VERSION.dll
0x000007fd04350000 - 0x000007fd04363000 	C:\Users\Jonas\AppData\Local\Temp\javacpp134429512151857\jniopencv_highgui.dll
0x000007fd0d2c0000 - 0x000007fd0d356000 	C:\WINDOWS\SYSTEM32\clbcatq.dll
0x000007fd01e20000 - 0x000007fd01e37000 	C:\Windows\System32\devenum.dll
0x000007fd0c9b0000 - 0x000007fd0cb80000 	C:\WINDOWS\system32\setupapi.dll
0x000007fd0ad10000 - 0x000007fd0ad5f000 	C:\WINDOWS\system32\CFGMGR32.dll
0x000007fd0af40000 - 0x000007fd0af62000 	C:\WINDOWS\system32\DEVOBJ.dll
0x000007fd03ae0000 - 0x000007fd03b0e000 	C:\WINDOWS\SYSTEM32\ntmarta.dll
0x000007fd0ac00000 - 0x000007fd0ac55000 	C:\WINDOWS\system32\WINTRUST.dll
0x000007fd0ad60000 - 0x000007fd0af37000 	C:\WINDOWS\system32\CRYPT32.dll
0x000007fd0aae0000 - 0x000007fd0aaf6000 	C:\WINDOWS\system32\MSASN1.dll
0x000007fd05950000 - 0x000007fd0595d000 	C:\WINDOWS\SYSTEM32\msdmo.dll
0x000007fd01920000 - 0x000007fd0194f000 	C:\Windows\System32\qcap.dll
0x000007fcec870000 - 0x000007fceca28000 	C:\Windows\System32\quartz.dll
0x000007fcf7e50000 - 0x000007fcf7e8f000 	C:\Windows\System32\ksproxy.ax
0x000007fcf5930000 - 0x000007fcf5937000 	C:\Windows\System32\ksuser.dll
0x000007fcf9950000 - 0x000007fcf9b50000 	C:\Windows\System32\d3d9.dll
0x000007fd04560000 - 0x000007fd0456c000 	C:\Windows\System32\vidcap.ax
0x000007fd015b0000 - 0x000007fd015d4000 	C:\Windows\System32\kswdmcap.ax
0x000007fcf2570000 - 0x000007fcf26c4000 	C:\Windows\System32\MFC42.dll
0x000007fcf3af0000 - 0x000007fcf3bae000 	C:\Windows\System32\ODBC32.dll
0x000007fcf1490000 - 0x000007fcf1525000 	C:\Windows\System32\qedit.dll
0x000007fd0d210000 - 0x000007fd0d2b1000 	C:\WINDOWS\system32\COMDLG32.dll
0x000007fd0d370000 - 0x000007fd0d510000 	C:\WINDOWS\WinSxS\amd64_microsoft.windows.gdiplus_6595b64144ccf1df_1.1.9200.16384_none_72771d4ecc1c3a4d\gdiplus.dll
0x000007fcf0640000 - 0x000007fcf072a000 	C:\WINDOWS\SYSTEM32\DDRAW.dll
0x000007fd07de0000 - 0x000007fd07de8000 	C:\WINDOWS\SYSTEM32\DCIMAN32.dll
0x000000005b610000 - 0x000000005b644000 	F:\Program Files\Java\Jre7\bin\fontmanager.dll
0x000007fce6500000 - 0x000007fce7680000 	C:\WINDOWS\SYSTEM32\nvd3dumx.dll
0x000007fd0a900000 - 0x000007fd0a943000 	C:\WINDOWS\SYSTEM32\powrprof.dll
0x0000000180000000 - 0x0000000180116000 	C:\Program Files (x86)\NVIDIA Corporation\3D Vision\nvSCPAPI64.dll
0x000007fd07ef0000 - 0x000007fd07f64000 	C:\WINDOWS\SYSTEM32\dxgi.dll
0x000007fd06540000 - 0x000007fd06802000 	C:\WINDOWS\SYSTEM32\nvapi64.dll
0x000007fd07ed0000 - 0x000007fd07eef000 	C:\WINDOWS\SYSTEM32\DXGIDebug.dll
0x000000005dba0000 - 0x000000005dbb9000 	F:\Program Files\Java\Jre7\bin\net.dll
0x000007fd0a270000 - 0x000007fd0a2cc000 	C:\WINDOWS\system32\mswsock.dll
0x000000005db50000 - 0x000000005db61000 	F:\Program Files\Java\Jre7\bin\nio.dll
0x000000005b5c0000 - 0x000000005b601000 	F:\Program Files\Java\Jre7\bin\t2k.dll
0x000007fd08010000 - 0x000007fd0819a000 	C:\WINDOWS\SYSTEM32\WindowsCodecs.dll
0x000007fd0aa30000 - 0x000007fd0aa45000 	C:\WINDOWS\SYSTEM32\profapi.dll
0x000007fd07530000 - 0x000007fd07599000 	C:\WINDOWS\SYSTEM32\oleacc.dll
0x000000005afc0000 - 0x000000005afea000 	F:\Program Files\Java\Jre7\bin\dcpr.dll
0x000007fcf8620000 - 0x000007fcf8783000 	C:\WINDOWS\SYSTEM32\dbghelp.dll

VM Arguments:
jvm_args: -Dfile.encoding=Cp1252 
java_command: emcscanner.kth.se.Program
Launcher Type: SUN_STANDARD

Environment Variables:
PATH=C:\Program Files (x86)\NVIDIA Corporation\PhysX\Common;C:\WINDOWS\system32;C:\WINDOWS;C:\WINDOWS\System32\Wbem;C:\WINDOWS\System32\WindowsPowerShell\v1.0\;C:\Program Files (x86)\Microsoft SQL Server\90\Tools\binn\;C:\Program Files (x86)\Autodesk\Backburner\;F:\Program Files\MATLAB\R2012a\runtime\win64;F:\Program Files\MATLAB\R2012a\bin;C:\Program Files\Internet Explorer;C:\Program Files\Perforce;F:\Program Files\Perforce;C:\Program Files\Microsoft\Web Platform Installer\;C:\Program Files (x86)\Microsoft ASP.NET\ASP.NET Web Pages\v1.0\;C:\Program Files (x86)\Windows Kits\8.0\Windows Performance Toolkit\;C:\Program Files\Microsoft SQL Server\110\Tools\Binn\;F:\Program Files\Perforce\Server
USERNAME=Jonas
OS=Windows_NT
PROCESSOR_IDENTIFIER=Intel64 Family 6 Model 42 Stepping 7, GenuineIntel



---------------  S Y S T E M  ---------------

OS: Windows 8 , 64 bit Build 9200 

CPU:total 8 (4 cores per cpu, 2 threads per core) family 6 model 42 stepping 7, cmov, cx8, fxsr, mmx, sse, sse2, sse3, ssse3, sse4.1, sse4.2, popcnt, avx, ht, tsc, tscinvbit

Memory: 4k page, physical 16751668k(9493488k free), swap 33528884k(23611676k free)

vm_info: Java HotSpot(TM) 64-Bit Server VM (23.3-b01) for windows-amd64 JRE (1.7.0_07-b11), built on Sep  7 2012 01:19:25 by "java_re" with unknown MS VC++:1600

time: Mon Feb 04 02:02:20 2013
elapsed time: 22 seconds

