#
# A fatal error has been detected by the Java Runtime Environment:
#
#  EXCEPTION_ACCESS_VIOLATION (0xc0000005) at pc=0x000007fcf24cd118, pid=4344, tid=7020
#
# JRE version: 7.0_07-b11
# Java VM: Java HotSpot(TM) 64-Bit Server VM (23.3-b01 mixed mode windows-amd64 compressed oops)
# Problematic frame:
# C  [opencv_core243.dll+0x5d118]  cvSetZero+0x278
#
# Failed to write core dump. Minidumps are not enabled by default on client versions of Windows
#
# If you would like to submit a bug report, please visit:
#   http://bugreport.sun.com/bugreport/crash.jsp
# The crash happened outside the Java Virtual Machine in native code.
# See problematic frame for where to report the bug.
#

---------------  T H R E A D  ---------------

Current thread (0x0000000013ccf800):  JavaThread "threadDisplayCamera" daemon [_thread_in_native, id=7020, stack(0x000000001ad60000,0x000000001ae60000)]

siginfo: ExceptionCode=0xc0000005, reading address 0x000000001aa5724d

Registers:
RAX=0x000000000000002e, RBX=0x000000001ae5eac0, RCX=0x000000000000167d, RDX=0x0000000000000038
RSP=0x000000001ae5d9d0, RBP=0x0000000000000b40, RSI=0x000000001aa55bd0, RDI=0x000000001aa55bd0
R8 =0x000000001aa55bd0, R9 =0x0000000014b68f70, R10=0x0000000000000b40, R11=0x0000000000000000
R12=0x0000000014b68f70, R13=0x0000000000000b40, R14=0x0000000000001680, R15=0x0000000000001680
RIP=0x000007fcf24cd118, EFLAGS=0x0000000000010246

Top of Stack: (sp=0x000000001ae5d9d0)
0x000000001ae5d9d0:   0000000000000031 000007fcf2583730
0x000000001ae5d9e0:   0000000000000035 00000000fc5d3638
0x000000001ae5d9f0:   fffffffffffffffe 0000000000000000
0x000000001ae5da00:   0000000014b68f70 0000000000001680
0x000000001ae5da10:   0000000000000000 0000000000000003
0x000000001ae5da20:   0000000002820000 0000000000000030
0x000000001ae5da30:   0000000000000028 000007fd0db257c0
0x000000001ae5da40:   0000000013d5bde8 000007fcfc5d58b0
0x000000001ae5da50:   00000000fc5d5048 0000000000000000
0x000000001ae5da60:   0000000000000000 000000001ae5ede0
0x000000001ae5da70:   0000000000000002 000007fcf259c5a9
0x000000001ae5da80:   000000001ae5dda0 000000001ae5d7f0
0x000000001ae5da90:   0000000000000000 0000000000000000
0x000000001ae5daa0:   000000001ae5ee78 00000000fc5d2d80
0x000000001ae5dab0:   0000000000000000 000007fcfc5b5998
0x000000001ae5dac0:   fffffffffffffffe 000000001ae5dda0 

Instructions: (pc=0x000007fcf24cd118)
0x000007fcf24cd0f8:   4c 8b c7 4d 8b cc 4c 8b de 4c 2b df 4c 8b d5 66
0x000007fcf24cd108:   0f 1f 84 00 00 00 00 00 43 0f b6 14 03 49 63 09
0x000007fcf24cd118:   0f b6 04 31 41 88 00 88 14 39 49 83 c1 04 49 ff
0x000007fcf24cd128:   c0 49 ff ca 75 e2 49 03 f6 49 03 ff 83 7b 04 00 


Register to memory mapping:

RAX=0x000000000000002e is an unknown value
RBX=0x000000001ae5eac0 is pointing into the stack for thread: 0x0000000013ccf800
RCX=0x000000000000167d is an unknown value
RDX=0x0000000000000038 is an unknown value
RSP=0x000000001ae5d9d0 is pointing into the stack for thread: 0x0000000013ccf800
RBP=0x0000000000000b40 is an unknown value
RSI=0x000000001aa55bd0 is an unknown value
RDI=0x000000001aa55bd0 is an unknown value
R8 =0x000000001aa55bd0 is an unknown value
R9 =0x0000000014b68f70 is an unknown value
R10=0x0000000000000b40 is an unknown value
R11=0x0000000000000000 is an unknown value
R12=0x0000000014b68f70 is an unknown value
R13=0x0000000000000b40 is an unknown value
R14=0x0000000000001680 is an unknown value
R15=0x0000000000001680 is an unknown value


Stack: [0x000000001ad60000,0x000000001ae60000],  sp=0x000000001ae5d9d0,  free space=1014k
Native frames: (J=compiled Java code, j=interpreted, Vv=VM code, C=native code)
C  [opencv_core243.dll+0x5d118]  cvSetZero+0x278

[error occurred during error reporting (printing native stack), id 0xc0000005]

Java frames: (J=compiled Java code, j=interpreted, Vv=VM code)
j  com.googlecode.javacv.cpp.opencv_core.cvFlip(Lcom/googlecode/javacv/cpp/opencv_core$CvArr;Lcom/googlecode/javacv/cpp/opencv_core$CvArr;I)V+0
j  emcscanner.kth.se.CameraPanel$1.run()V+57
v  ~StubRoutines::call_stub

---------------  P R O C E S S  ---------------

Java Threads: ( => current thread )
  0x000000001519b000 JavaThread "Thread-0" daemon [_thread_in_native, id=10052, stack(0x00000000175e0000,0x00000000176e0000)]
  0x0000000015199800 JavaThread "ICEpdf-pagePainter" daemon [_thread_blocked, id=10152, stack(0x0000000026170000,0x0000000026270000)]
  0x0000000021dba800 JavaThread "ICEpdf-pageInitializer" daemon [_thread_blocked, id=9992, stack(0x0000000025f40000,0x0000000026040000)]
  0x000000000282e000 JavaThread "DestroyJavaVM" [_thread_blocked, id=4652, stack(0x00000000028a0000,0x00000000029a0000)]
  0x0000000015147000 JavaThread "TimerQueue" daemon [_thread_blocked, id=1200, stack(0x00000000212d0000,0x00000000213d0000)]
  0x0000000014b18800 JavaThread "threadDisplayDensity" daemon [_thread_blocked, id=8944, stack(0x000000001d680000,0x000000001d780000)]
  0x0000000014b17800 JavaThread "AWT-EventQueue-0" [_thread_blocked, id=1544, stack(0x000000001d580000,0x000000001d680000)]
  0x0000000014b16800 JavaThread "threadDisplay" daemon [_thread_blocked, id=6592, stack(0x000000001d480000,0x000000001d580000)]
  0x0000000013fbe800 JavaThread "AWT-Shutdown" [_thread_blocked, id=8272, stack(0x000000001ae60000,0x000000001af60000)]
=>0x0000000013ccf800 JavaThread "threadDisplayCamera" daemon [_thread_in_native, id=7020, stack(0x000000001ad60000,0x000000001ae60000)]
  0x0000000013cd0000 JavaThread "AWT-Windows" daemon [_thread_in_native, id=2300, stack(0x00000000145c0000,0x00000000146c0000)]
  0x0000000013cce800 JavaThread "Java2D Disposer" daemon [_thread_blocked, id=9512, stack(0x00000000143c0000,0x00000000144c0000)]
  0x00000000115c2800 JavaThread "Service Thread" daemon [_thread_blocked, id=4156, stack(0x00000000139c0000,0x0000000013ac0000)]
  0x00000000115bf800 JavaThread "C2 CompilerThread1" daemon [_thread_blocked, id=7892, stack(0x00000000138c0000,0x00000000139c0000)]
  0x00000000115bb000 JavaThread "C2 CompilerThread0" daemon [_thread_blocked, id=9588, stack(0x00000000137c0000,0x00000000138c0000)]
  0x00000000115b7800 JavaThread "Attach Listener" daemon [_thread_blocked, id=2872, stack(0x00000000136c0000,0x00000000137c0000)]
  0x00000000115ab000 JavaThread "Signal Dispatcher" daemon [_thread_blocked, id=9116, stack(0x00000000135c0000,0x00000000136c0000)]
  0x000000001154e800 JavaThread "Finalizer" daemon [_thread_blocked, id=5132, stack(0x00000000134c0000,0x00000000135c0000)]
  0x0000000011547000 JavaThread "Reference Handler" daemon [_thread_blocked, id=4460, stack(0x00000000133c0000,0x00000000134c0000)]

Other Threads:
  0x0000000011542000 VMThread [stack: 0x00000000132c0000,0x00000000133c0000] [id=3196]
  0x00000000115df000 WatcherThread [stack: 0x0000000013ac0000,0x0000000013bc0000] [id=5720]

VM state:not at safepoint (normal execution)

VM Mutex/Monitor currently owned by a thread: None

Heap
 PSYoungGen      total 297600K, used 57019K [0x00000007aacb0000, 0x00000007c3150000, 0x0000000800000000)
  eden space 223424K, 18% used [0x00000007aacb0000,0x00000007ad3f76f0,0x00000007b86e0000)
  from space 74176K, 22% used [0x00000007b86e0000,0x00000007b9747780,0x00000007bcf50000)
  to   space 72704K, 0% used [0x00000007bea50000,0x00000007bea50000,0x00000007c3150000)
 ParOldGen       total 171840K, used 76164K [0x0000000700600000, 0x000000070add0000, 0x00000007aacb0000)
  object space 171840K, 44% used [0x0000000700600000,0x00000007050611f8,0x000000070add0000)
 PSPermGen       total 34624K, used 18316K [0x00000006fb400000, 0x00000006fd5d0000, 0x0000000700600000)
  object space 34624K, 52% used [0x00000006fb400000,0x00000006fc5e3360,0x00000006fd5d0000)

Card table byte_map: [0x0000000005b60000,0x0000000006390000] byte_map_base: 0x0000000002386000

Polling page: 0x00000000027b0000

Code Cache  [0x0000000002aa0000, 0x0000000002d10000, 0x0000000005aa0000)
 total_blobs=997 nmethods=407 adapters=541 free_code_cache=47519Kb largest_free_block=48611840

Compilation events (10 events):
Event: 95.480 Thread 0x00000000115bf800  416  s          sun.java2d.loops.RenderCache::get (100 bytes)
Event: 95.483 Thread 0x00000000115bf800 nmethod 416 0x0000000002c24b50 code [0x0000000002c24ca0, 0x0000000002c25278]
Event: 98.271 Thread 0x00000000115bb000  417             java.awt.image.DataBuffer$1::getTrackable (5 bytes)
Event: 98.272 Thread 0x00000000115bb000 nmethod 417 0x0000000002bc03d0 code [0x0000000002bc0500, 0x0000000002bc0578]
Event: 99.742 Thread 0x00000000115bf800  418             java.awt.image.DataBuffer$1::getData (7 bytes)
Event: 99.742 Thread 0x00000000115bf800 nmethod 418 0x0000000002c24890 code [0x0000000002c249c0, 0x0000000002c24a78]
Event: 245.498 Thread 0x00000000115bb000    6 % !         java.lang.ref.Reference$ReferenceHandler::run @ 0 (108 bytes)
Event: 245.503 Thread 0x00000000115bb000 nmethod 6% 0x0000000002c25b10 code [0x0000000002c25ca0, 0x0000000002c26938]
Event: 252.141 Thread 0x00000000115bf800  419             java.awt.image.SinglePixelPackedSampleModel::<init> (277 bytes)
Event: 252.147 Thread 0x00000000115bf800 nmethod 419 0x0000000002bfd1d0 code [0x0000000002bfd340, 0x0000000002bfd8c8]

GC Heap History (10 events):
Event: 256.619 GC heap before
{Heap before GC invocations=427 (full 5):
 PSYoungGen      total 265152K, used 207413K [0x00000007aacb0000, 0x00000007bf200000, 0x0000000800000000)
  eden space 198080K, 99% used [0x00000007aacb0000,0x00000007b6cc4aa0,0x00000007b6e20000)
  from space 67072K, 15% used [0x00000007bb080000,0x00000007bbaf8b50,0x00000007bf200000)
  to   space 67520K, 0% used [0x00000007b6e20000,0x00000007b6e20000,0x00000007bb010000)
 ParOldGen       total 420096K, used 419434K [0x0000000700600000, 0x000000071a040000, 0x00000007aacb0000)
  object space 420096K, 99% used [0x0000000700600000,0x0000000719f9aa38,0x000000071a040000)
 PSPermGen       total 37760K, used 18274K [0x00000006fb400000, 0x00000006fd8e0000, 0x0000000700600000)
  object space 37760K, 48% used [0x00000006fb400000,0x00000006fc5d88c8,0x00000006fd8e0000)
Event: 256.669 GC heap after
Heap after GC invocations=427 (full 5):
 PSYoungGen      total 265152K, used 0K [0x00000007aacb0000, 0x00000007bf200000, 0x0000000800000000)
  eden space 198080K, 0% used [0x00000007aacb0000,0x00000007aacb0000,0x00000007b6e20000)
  from space 67072K, 0% used [0x00000007bb080000,0x00000007bb080000,0x00000007bf200000)
  to   space 67520K, 0% used [0x00000007b6e20000,0x00000007b6e20000,0x00000007bb010000)
 ParOldGen       total 169792K, used 67101K [0x0000000700600000, 0x000000070abd0000, 0x00000007aacb0000)
  object space 169792K, 39% used [0x0000000700600000,0x0000000704787778,0x000000070abd0000)
 PSPermGen       total 36160K, used 18274K [0x00000006fb400000, 0x00000006fd750000, 0x0000000700600000)
  object space 36160K, 50% used [0x00000006fb400000,0x00000006fc5d88c8,0x00000006fd750000)
}
Event: 257.936 GC heap before
{Heap before GC invocations=428 (full 6):
 PSYoungGen      total 265152K, used 198080K [0x00000007aacb0000, 0x00000007bf200000, 0x0000000800000000)
  eden space 198080K, 100% used [0x00000007aacb0000,0x00000007b6e20000,0x00000007b6e20000)
  from space 67072K, 0% used [0x00000007bb080000,0x00000007bb080000,0x00000007bf200000)
  to   space 67520K, 0% used [0x00000007b6e20000,0x00000007b6e20000,0x00000007bb010000)
 ParOldGen       total 179392K, used 177945K [0x0000000700600000, 0x000000070b530000, 0x00000007aacb0000)
  object space 179392K, 99% used [0x0000000700600000,0x000000070b3c6700,0x000000070b530000)
 PSPermGen       total 36160K, used 18280K [0x00000006fb400000, 0x00000006fd750000, 0x0000000700600000)
  object space 36160K, 50% used [0x00000006fb400000,0x00000006fc5da230,0x00000006fd750000)
Event: 257.961 GC heap after
Heap after GC invocations=428 (full 6):
 PSYoungGen      total 265152K, used 0K [0x00000007aacb0000, 0x00000007bf200000, 0x0000000800000000)
  eden space 198080K, 0% used [0x00000007aacb0000,0x00000007aacb0000,0x00000007b6e20000)
  from space 67072K, 0% used [0x00000007bb080000,0x00000007bb080000,0x00000007bf200000)
  to   space 67520K, 0% used [0x00000007b6e20000,0x00000007b6e20000,0x00000007bb010000)
 ParOldGen       total 171840K, used 57843K [0x0000000700600000, 0x000000070add0000, 0x00000007aacb0000)
  object space 171840K, 33% used [0x0000000700600000,0x0000000703e7cdc8,0x000000070add0000)
 PSPermGen       total 34624K, used 18280K [0x00000006fb400000, 0x00000006fd5d0000, 0x0000000700600000)
  object space 34624K, 52% used [0x00000006fb400000,0x00000006fc5da230,0x00000006fd5d0000)
}
Event: 258.337 GC heap before
{Heap before GC invocations=429 (full 6):
 PSYoungGen      total 265152K, used 197144K [0x00000007aacb0000, 0x00000007bf200000, 0x0000000800000000)
  eden space 198080K, 99% used [0x00000007aacb0000,0x00000007b6d36380,0x00000007b6e20000)
  from space 67072K, 0% used [0x00000007bb080000,0x00000007bb080000,0x00000007bf200000)
  to   space 67520K, 0% used [0x00000007b6e20000,0x00000007b6e20000,0x00000007bb010000)
 ParOldGen       total 171840K, used 57843K [0x0000000700600000, 0x000000070add0000, 0x00000007aacb0000)
  object space 171840K, 33% used [0x0000000700600000,0x0000000703e7cdc8,0x000000070add0000)
 PSPermGen       total 34624K, used 18280K [0x00000006fb400000, 0x00000006fd5d0000, 0x0000000700600000)
  object space 34624K, 52% used [0x00000006fb400000,0x00000006fc5da230,0x00000006fd5d0000)
Event: 258.344 GC heap after
Heap after GC invocations=429 (full 6):
 PSYoungGen      total 265600K, used 59386K [0x00000007aacb0000, 0x00000007c1890000, 0x0000000800000000)
  eden space 198080K, 0% used [0x00000007aacb0000,0x00000007aacb0000,0x00000007b6e20000)
  from space 67520K, 87% used [0x00000007b6e20000,0x00000007ba81ebd0,0x00000007bb010000)
  to   space 75008K, 0% used [0x00000007bcf50000,0x00000007bcf50000,0x00000007c1890000)
 ParOldGen       total 171840K, used 57843K [0x0000000700600000, 0x000000070add0000, 0x00000007aacb0000)
  object space 171840K, 33% used [0x0000000700600000,0x0000000703e7cdc8,0x000000070add0000)
 PSPermGen       total 34624K, used 18280K [0x00000006fb400000, 0x00000006fd5d0000, 0x0000000700600000)
  object space 34624K, 52% used [0x00000006fb400000,0x00000006fc5da230,0x00000006fd5d0000)
}
Event: 258.732 GC heap before
{Heap before GC invocations=430 (full 6):
 PSYoungGen      total 265600K, used 256852K [0x00000007aacb0000, 0x00000007c1890000, 0x0000000800000000)
  eden space 198080K, 99% used [0x00000007aacb0000,0x00000007b6d86598,0x00000007b6e20000)
  from space 67520K, 87% used [0x00000007b6e20000,0x00000007ba81ebd0,0x00000007bb010000)
  to   space 75008K, 0% used [0x00000007bcf50000,0x00000007bcf50000,0x00000007c1890000)
 ParOldGen       total 171840K, used 57843K [0x0000000700600000, 0x000000070add0000, 0x00000007aacb0000)
  object space 171840K, 33% used [0x0000000700600000,0x0000000703e7cdc8,0x000000070add0000)
 PSPermGen       total 34624K, used 18289K [0x00000006fb400000, 0x00000006fd5d0000, 0x0000000700600000)
  object space 34624K, 52% used [0x00000006fb400000,0x00000006fc5dc7a8,0x00000006fd5d0000)
Event: 258.745 GC heap after
Heap after GC invocations=430 (full 6):
 PSYoungGen      total 298432K, used 41161K [0x00000007aacb0000, 0x00000007c1a00000, 0x0000000800000000)
  eden space 223424K, 0% used [0x00000007aacb0000,0x00000007aacb0000,0x00000007b86e0000)
  from space 75008K, 54% used [0x00000007bcf50000,0x00000007bf7827a0,0x00000007c1890000)
  to   space 74176K, 0% used [0x00000007b86e0000,0x00000007b86e0000,0x00000007bcf50000)
 ParOldGen       total 171840K, used 76116K [0x0000000700600000, 0x000000070add0000, 0x00000007aacb0000)
  object space 171840K, 44% used [0x0000000700600000,0x00000007050551f8,0x000000070add0000)
 PSPermGen       total 34624K, used 18289K [0x00000006fb400000, 0x00000006fd5d0000, 0x0000000700600000)
  object space 34624K, 52% used [0x00000006fb400000,0x00000006fc5dc7a8,0x00000006fd5d0000)
}
Event: 259.397 GC heap before
{Heap before GC invocations=431 (full 6):
 PSYoungGen      total 298432K, used 262091K [0x00000007aacb0000, 0x00000007c1a00000, 0x0000000800000000)
  eden space 223424K, 98% used [0x00000007aacb0000,0x00000007b84707a0,0x00000007b86e0000)
  from space 75008K, 54% used [0x00000007bcf50000,0x00000007bf7827a0,0x00000007c1890000)
  to   space 74176K, 0% used [0x00000007b86e0000,0x00000007b86e0000,0x00000007bcf50000)
 ParOldGen       total 171840K, used 76116K [0x0000000700600000, 0x000000070add0000, 0x00000007aacb0000)
  object space 171840K, 44% used [0x0000000700600000,0x00000007050551f8,0x000000070add0000)
 PSPermGen       total 34624K, used 18289K [0x00000006fb400000, 0x00000006fd5d0000, 0x0000000700600000)
  object space 34624K, 52% used [0x00000006fb400000,0x00000006fc5dc7a8,0x00000006fd5d0000)
Event: 259.399 GC heap after
Heap after GC invocations=431 (full 6):
 PSYoungGen      total 297600K, used 16797K [0x00000007aacb0000, 0x00000007c3150000, 0x0000000800000000)
  eden space 223424K, 0% used [0x00000007aacb0000,0x00000007aacb0000,0x00000007b86e0000)
  from space 74176K, 22% used [0x00000007b86e0000,0x00000007b9747780,0x00000007bcf50000)
  to   space 72704K, 0% used [0x00000007bea50000,0x00000007bea50000,0x00000007c3150000)
 ParOldGen       total 171840K, used 76164K [0x0000000700600000, 0x000000070add0000, 0x00000007aacb0000)
  object space 171840K, 44% used [0x0000000700600000,0x00000007050611f8,0x000000070add0000)
 PSPermGen       total 34624K, used 18289K [0x00000006fb400000, 0x00000006fd5d0000, 0x0000000700600000)
  object space 34624K, 52% used [0x00000006fb400000,0x00000006fc5dc7a8,0x00000006fd5d0000)
}

Deoptimization events (10 events):
Event: 21.006 Thread 0x0000000014b17800 Uncommon trap -34 fr.pc 0x0000000002bfddd8
Event: 21.030 Thread 0x0000000014b17800 Uncommon trap -34 fr.pc 0x0000000002bfddd8
Event: 21.312 Thread 0x0000000014b17800 Uncommon trap -34 fr.pc 0x0000000002bfddd8
Event: 34.913 Thread 0x0000000013ccf800 Uncommon trap -12 fr.pc 0x0000000002c08cb8
Event: 37.006 Thread 0x0000000014b17800 Uncommon trap -34 fr.pc 0x0000000002b8ebf8
Event: 37.007 Thread 0x0000000014b17800 Uncommon trap -34 fr.pc 0x0000000002b8ebf8
Event: 37.014 Thread 0x0000000014b17800 Uncommon trap -34 fr.pc 0x0000000002b8ebf8
Event: 38.460 Thread 0x0000000014b17800 Uncommon trap -34 fr.pc 0x0000000002b8ebf8
Event: 38.519 Thread 0x0000000014b17800 Uncommon trap -83 fr.pc 0x0000000002bfc144
Event: 46.636 Thread 0x0000000014b17800 Uncommon trap -34 fr.pc 0x0000000002c03304

Internal exceptions (10 events):
Event: 4.053 Thread 0x0000000021dba800 Threw 0x00000007ab6f3ab8 at C:\jdk7u1_64p\jdk7u7\hotspot\src\share\vm\prims\jvm.cpp:1166
Event: 4.196 Thread 0x0000000015199800 Threw 0x00000007abc4d908 at C:\jdk7u1_64p\jdk7u7\hotspot\src\share\vm\prims\jvm.cpp:1166
Event: 4.200 Thread 0x0000000015199800 Threw 0x00000007abc5e198 at C:\jdk7u1_64p\jdk7u7\hotspot\src\share\vm\prims\jvm.cpp:1166
Event: 4.403 Thread 0x0000000015199800 Threw 0x00000007ac69a0d8 at C:\jdk7u1_64p\jdk7u7\hotspot\src\share\vm\prims\jvm.cpp:1166
Event: 12.284 Thread 0x0000000014b17800 Threw 0x00000007c304c1a0 at C:\jdk7u1_64p\jdk7u7\hotspot\src\share\vm\prims\jvm.cpp:1166
Event: 12.285 Thread 0x0000000014b17800 Threw 0x00000007c3052198 at C:\jdk7u1_64p\jdk7u7\hotspot\src\share\vm\prims\jvm.cpp:1166
Event: 12.287 Thread 0x0000000014b17800 Threw 0x00000007c305f550 at C:\jdk7u1_64p\jdk7u7\hotspot\src\share\vm\prims\jvm.cpp:1166
Event: 15.469 Thread 0x0000000014b17800 Implicit null exception at 0x0000000002bbd788 to 0x0000000002bbdca1
Event: 20.485 Thread 0x0000000014b17800 Implicit null exception at 0x0000000002bc0558 to 0x0000000002bc05a6
Event: 34.913 Thread 0x0000000013ccf800 Implicit null exception at 0x0000000002c089b8 to 0x0000000002c08cac

Events (10 events):
Event: 258.704 loading class 0x000000001517fc10
Event: 258.704 loading class 0x000000001517fc10 done
Event: 258.704 loading class 0x0000000014d89700
Event: 258.704 loading class 0x0000000015161590
Event: 258.704 loading class 0x0000000015161590 done
Event: 258.704 loading class 0x0000000014d89700 done
Event: 258.732 Executing VM operation: ParallelGCFailedAllocation
Event: 258.745 Executing VM operation: ParallelGCFailedAllocation done
Event: 259.397 Executing VM operation: ParallelGCFailedAllocation
Event: 259.399 Executing VM operation: ParallelGCFailedAllocation done


Dynamic libraries:
0x000007f662880000 - 0x000007f6628b4000 	F:\Program Files\Java\Jre7\bin\javaw.exe
0x000007fd0db20000 - 0x000007fd0dcde000 	C:\WINDOWS\SYSTEM32\ntdll.dll
0x000007fd0c680000 - 0x000007fd0c7b6000 	C:\WINDOWS\system32\KERNEL32.DLL
0x000007fd0ab00000 - 0x000007fd0abf3000 	C:\WINDOWS\system32\KERNELBASE.dll
0x000007fd0c260000 - 0x000007fd0c33e000 	C:\WINDOWS\system32\ADVAPI32.dll
0x000007fd0c460000 - 0x000007fd0c5ac000 	C:\WINDOWS\system32\USER32.dll
0x000007fd082b0000 - 0x000007fd08519000 	C:\WINDOWS\WinSxS\amd64_microsoft.windows.common-controls_6595b64144ccf1df_6.0.9200.16384_none_418c2a697189c07f\COMCTL32.dll
0x000007fd0c7c0000 - 0x000007fd0c865000 	C:\WINDOWS\system32\msvcrt.dll
0x000007fd0cdf0000 - 0x000007fd0ce38000 	C:\WINDOWS\SYSTEM32\sechost.dll
0x000007fd0c870000 - 0x000007fd0c9b0000 	C:\WINDOWS\system32\RPCRT4.dll
0x000007fd0d520000 - 0x000007fd0d660000 	C:\WINDOWS\system32\GDI32.dll
0x000007fd0c620000 - 0x000007fd0c659000 	C:\WINDOWS\system32\IMM32.DLL
0x000007fd0c340000 - 0x000007fd0c455000 	C:\WINDOWS\system32\MSCTF.dll
0x000007fd0aa10000 - 0x000007fd0aa18000 	C:\PROGRA~2\NVIDIA~1\3DVISI~1\NVSTIN~1.DLL
0x000007fd0d510000 - 0x000007fd0d517000 	C:\WINDOWS\system32\PSAPI.DLL
0x000000005e410000 - 0x000000005e4b3000 	C:\WINDOWS\WinSxS\amd64_microsoft.vc90.crt_1fc8b3b9a1e18e3b_9.0.30729.6871_none_08e717a5a83adddf\MSVCR90.dll
0x000000005d880000 - 0x000000005d951000 	F:\Program Files\Java\Jre7\bin\msvcr100.dll
0x000000005c090000 - 0x000000005c7af000 	F:\Program Files\Java\Jre7\bin\server\jvm.dll
0x000007fd02f00000 - 0x000007fd02f09000 	C:\WINDOWS\SYSTEM32\WSOCK32.dll
0x000007fd07b90000 - 0x000007fd07bb0000 	C:\WINDOWS\SYSTEM32\WINMM.dll
0x000007fd0c5b0000 - 0x000007fd0c608000 	C:\WINDOWS\system32\WS2_32.dll
0x000007fd07a80000 - 0x000007fd07ab2000 	C:\WINDOWS\SYSTEM32\WINMMBASE.dll
0x000007fd0d360000 - 0x000007fd0d369000 	C:\WINDOWS\system32\NSI.dll
0x000000005dc10000 - 0x000000005dc1f000 	F:\Program Files\Java\Jre7\bin\verify.dll
0x000000005dbe0000 - 0x000000005dc08000 	F:\Program Files\Java\Jre7\bin\java.dll
0x000000005dbc0000 - 0x000000005dbd5000 	F:\Program Files\Java\Jre7\bin\zip.dll
0x000000005b300000 - 0x000000005b493000 	F:\Program Files\Java\Jre7\bin\awt.dll
0x000007fd0d830000 - 0x000007fd0d8f3000 	C:\WINDOWS\system32\OLEAUT32.dll
0x000007fd0cc40000 - 0x000007fd0cdf0000 	C:\WINDOWS\system32\combase.dll
0x000007fd04cf0000 - 0x000007fd04d8f000 	C:\WINDOWS\system32\apphelp.dll
0x000007fd09810000 - 0x000007fd098f3000 	C:\WINDOWS\system32\uxtheme.dll
0x000007fd08210000 - 0x000007fd082a5000 	C:\Program Files\Common Files\microsoft shared\ink\tiptsf.dll
0x000007fd088b0000 - 0x000007fd088d1000 	C:\WINDOWS\SYSTEM32\dwmapi.dll
0x000007fd0d090000 - 0x000007fd0d20e000 	C:\WINDOWS\system32\ole32.dll
0x000007fd0a860000 - 0x000007fd0a86a000 	C:\WINDOWS\SYSTEM32\CRYPTBASE.dll
0x000007fd0a800000 - 0x000007fd0a85c000 	C:\WINDOWS\SYSTEM32\bcryptPrimitives.dll
0x000007fd0af70000 - 0x000007fd0c258000 	C:\WINDOWS\system32\SHELL32.dll
0x000007fd0cb80000 - 0x000007fd0cbd0000 	C:\WINDOWS\system32\SHLWAPI.dll
0x000007fd09be0000 - 0x000007fd09c76000 	C:\WINDOWS\SYSTEM32\shcore.dll
0x000000005d2e0000 - 0x000000005d378000 	C:\Windows\System32\msvcp100.dll
0x000007fcf2470000 - 0x000007fcf26c8000 	C:\opencv\build\x64\vc10\bin\opencv_core243.dll
0x000007fcf3e30000 - 0x000007fcf3ec5000 	C:\Users\Jonas\AppData\Local\Temp\javacpp100321348506444\jniopencv_core.dll
0x000007fcf1f10000 - 0x000007fcf21b5000 	C:\opencv\build\x64\vc10\bin\opencv_imgproc243.dll
0x000007fcf7e20000 - 0x000007fcf7e68000 	C:\Users\Jonas\AppData\Local\Temp\javacpp100321348506444\jniopencv_imgproc.dll
0x0000000066840000 - 0x00000000675ca000 	C:\opencv\build\x64\vc10\bin\opencv_ffmpeg243_64.dll
0x000007fcf1110000 - 0x000007fcf135b000 	C:\opencv\build\x64\vc10\bin\opencv_highgui243.dll
0x000007fd04400000 - 0x000007fd04420000 	C:\WINDOWS\SYSTEM32\AVIFIL32.dll
0x000007fd07af0000 - 0x000007fd07b19000 	C:\WINDOWS\SYSTEM32\MSVFW32.dll
0x000007fd081c0000 - 0x000007fd081d7000 	C:\WINDOWS\SYSTEM32\AVICAP32.dll
0x000007fcf6150000 - 0x000007fcf6169000 	C:\WINDOWS\SYSTEM32\MSACM32.dll
0x000007fd07db0000 - 0x000007fd07db9000 	C:\WINDOWS\SYSTEM32\VERSION.dll
0x000007fd01910000 - 0x000007fd01923000 	C:\Users\Jonas\AppData\Local\Temp\javacpp100321348506444\jniopencv_highgui.dll
0x000007fd0d2c0000 - 0x000007fd0d356000 	C:\WINDOWS\SYSTEM32\clbcatq.dll
0x000007fd04350000 - 0x000007fd04367000 	C:\Windows\System32\devenum.dll
0x000007fd0c9b0000 - 0x000007fd0cb80000 	C:\WINDOWS\system32\setupapi.dll
0x000007fd0ad10000 - 0x000007fd0ad5f000 	C:\WINDOWS\system32\CFGMGR32.dll
0x000007fd0af40000 - 0x000007fd0af62000 	C:\WINDOWS\system32\DEVOBJ.dll
0x000007fd03ae0000 - 0x000007fd03b0e000 	C:\WINDOWS\SYSTEM32\ntmarta.dll
0x000007fd0ac00000 - 0x000007fd0ac55000 	C:\WINDOWS\system32\WINTRUST.dll
0x000007fd0ad60000 - 0x000007fd0af37000 	C:\WINDOWS\system32\CRYPT32.dll
0x000007fd0aae0000 - 0x000007fd0aaf6000 	C:\WINDOWS\system32\MSASN1.dll
0x000007fd07890000 - 0x000007fd0789d000 	C:\WINDOWS\SYSTEM32\msdmo.dll
0x000007fd01d70000 - 0x000007fd01d9f000 	C:\Windows\System32\qcap.dll
0x000007fcf1460000 - 0x000007fcf1618000 	C:\Windows\System32\quartz.dll
0x000007fd01d30000 - 0x000007fd01d6f000 	C:\Windows\System32\ksproxy.ax
0x000007fcf5930000 - 0x000007fcf5937000 	C:\Windows\System32\ksuser.dll
0x000007fcf9950000 - 0x000007fcf9b50000 	C:\Windows\System32\d3d9.dll
0x000007fd05950000 - 0x000007fd0595c000 	C:\Windows\System32\vidcap.ax
0x000007fd01d00000 - 0x000007fd01d24000 	C:\Windows\System32\kswdmcap.ax
0x000007fcf0d70000 - 0x000007fcf0ec4000 	C:\Windows\System32\MFC42.dll
0x000007fcf7e70000 - 0x000007fcf7f2e000 	C:\Windows\System32\ODBC32.dll
0x000007fd01c60000 - 0x000007fd01cf5000 	C:\Windows\System32\qedit.dll
0x000007fd0d210000 - 0x000007fd0d2b1000 	C:\WINDOWS\system32\COMDLG32.dll
0x000007fd0d370000 - 0x000007fd0d510000 	C:\WINDOWS\WinSxS\amd64_microsoft.windows.gdiplus_6595b64144ccf1df_1.1.9200.16384_none_72771d4ecc1c3a4d\gdiplus.dll
0x000007fcf0640000 - 0x000007fcf072a000 	C:\WINDOWS\SYSTEM32\DDRAW.dll
0x000007fd07de0000 - 0x000007fd07de8000 	C:\WINDOWS\SYSTEM32\DCIMAN32.dll
0x000000005b610000 - 0x000000005b644000 	F:\Program Files\Java\Jre7\bin\fontmanager.dll
0x000007fce6500000 - 0x000007fce7680000 	C:\WINDOWS\SYSTEM32\nvd3dumx.dll
0x000007fd0a900000 - 0x000007fd0a943000 	C:\WINDOWS\SYSTEM32\powrprof.dll
0x0000000180000000 - 0x0000000180116000 	C:\Program Files (x86)\NVIDIA Corporation\3D Vision\nvSCPAPI64.dll
0x000007fd07ef0000 - 0x000007fd07f64000 	C:\WINDOWS\SYSTEM32\dxgi.dll
0x000007fd06540000 - 0x000007fd06802000 	C:\WINDOWS\SYSTEM32\nvapi64.dll
0x000007fd07ed0000 - 0x000007fd07eef000 	C:\WINDOWS\SYSTEM32\DXGIDebug.dll
0x000000005dba0000 - 0x000000005dbb9000 	F:\Program Files\Java\Jre7\bin\net.dll
0x000007fd0a270000 - 0x000007fd0a2cc000 	C:\WINDOWS\system32\mswsock.dll
0x000000005db50000 - 0x000000005db61000 	F:\Program Files\Java\Jre7\bin\nio.dll
0x000000005b5c0000 - 0x000000005b601000 	F:\Program Files\Java\Jre7\bin\t2k.dll
0x000007fd08010000 - 0x000007fd0819a000 	C:\WINDOWS\SYSTEM32\WindowsCodecs.dll
0x000007fd0aa30000 - 0x000007fd0aa45000 	C:\WINDOWS\SYSTEM32\profapi.dll
0x000007fd07530000 - 0x000007fd07599000 	C:\WINDOWS\SYSTEM32\oleacc.dll
0x000000005b2d0000 - 0x000000005b2fa000 	F:\Program Files\Java\Jre7\bin\dcpr.dll
0x000007fcf8620000 - 0x000007fcf8783000 	C:\WINDOWS\SYSTEM32\dbghelp.dll

VM Arguments:
jvm_args: -Dfile.encoding=Cp1252 
java_command: emcscanner.kth.se.Program
Launcher Type: SUN_STANDARD

Environment Variables:
PATH=C:\Program Files (x86)\NVIDIA Corporation\PhysX\Common;C:\WINDOWS\system32;C:\WINDOWS;C:\WINDOWS\System32\Wbem;C:\WINDOWS\System32\WindowsPowerShell\v1.0\;C:\Program Files (x86)\Microsoft SQL Server\90\Tools\binn\;C:\Program Files (x86)\Autodesk\Backburner\;F:\Program Files\MATLAB\R2012a\runtime\win64;F:\Program Files\MATLAB\R2012a\bin;C:\Program Files\Internet Explorer;C:\Program Files\Perforce;F:\Program Files\Perforce;C:\Program Files\Microsoft\Web Platform Installer\;C:\Program Files (x86)\Microsoft ASP.NET\ASP.NET Web Pages\v1.0\;C:\Program Files (x86)\Windows Kits\8.0\Windows Performance Toolkit\;C:\Program Files\Microsoft SQL Server\110\Tools\Binn\;F:\Program Files\Perforce\Server
USERNAME=Jonas
OS=Windows_NT
PROCESSOR_IDENTIFIER=Intel64 Family 6 Model 42 Stepping 7, GenuineIntel



---------------  S Y S T E M  ---------------

OS: Windows 8 , 64 bit Build 9200 

CPU:total 8 (4 cores per cpu, 2 threads per core) family 6 model 42 stepping 7, cmov, cx8, fxsr, mmx, sse, sse2, sse3, ssse3, sse4.1, sse4.2, popcnt, avx, ht, tsc, tscinvbit

Memory: 4k page, physical 16751668k(11115232k free), swap 33528884k(23461276k free)

vm_info: Java HotSpot(TM) 64-Bit Server VM (23.3-b01) for windows-amd64 JRE (1.7.0_07-b11), built on Sep  7 2012 01:19:25 by "java_re" with unknown MS VC++:1600

time: Sun Feb 03 16:37:48 2013
elapsed time: 259 seconds

