#
# A fatal error has been detected by the Java Runtime Environment:
#
#  EXCEPTION_ACCESS_VIOLATION (0xc0000005) at pc=0x000007f95e1e8bc0, pid=6408, tid=8608
#
# JRE version: 7.0_07-b11
# Java VM: Java HotSpot(TM) 64-Bit Server VM (23.3-b01 mixed mode windows-amd64 compressed oops)
# Problematic frame:
# C  [ntdll.dll+0x18bc0]  RtlQueueWorkItem+0x8a0
#
# Failed to write core dump. Minidumps are not enabled by default on client versions of Windows
#
# If you would like to submit a bug report, please visit:
#   http://bugreport.sun.com/bugreport/crash.jsp
# The crash happened outside the Java Virtual Machine in native code.
# See problematic frame for where to report the bug.
#

---------------  T H R E A D  ---------------

Current thread (0x0000000013c30800):  JavaThread "threadDisplay" daemon [_thread_in_native, id=8608, stack(0x0000000014410000,0x0000000014510000)]

siginfo: ExceptionCode=0xc0000005, writing address 0x0000000000000024

Registers:
RAX=0x0000000000000000, RBX=0x00000000149936d8, RCX=0x00000000fffffffc, RDX=0x0000000000000700
RSP=0x000000001450f1b0, RBP=0x0000000000000000, RSI=0x0000000000000700, RDI=0x0000000000000000
R8 =0xffffffffffffffff, R9 =0x0000000000000004, R10=0x0000000000000000, R11=0x0000000000000246
R12=0x0000000000000000, R13=0x0000000000000000, R14=0x000007f7f07a2000, R15=0x0000000000000000
RIP=0x000007f95e1e8bc0, EFLAGS=0x0000000000010213

Top of Stack: (sp=0x000000001450f1b0)
0x000000001450f1b0:   0000000000000700 00000000912aa7c6
0x000000001450f1c0:   000000001450f1c0 00000006fb73fe81
0x000000001450f1d0:   000000001450f220 00000006fb7423b0
0x000000001450f1e0:   00000006fc58d900 00000006fb73fe98
0x000000001450f1f0:   0000000000000000 000000001450f218
0x000000001450f200:   000000001450f268 00000000029c6374
0x000000001450f210:   0000000014980563 000007f95b4710ea
0x000000001450f220:   0000000000000000 000000001450f228
0x000000001450f230:   0000fda647a27074 000000001450f2a8
0x000000001450f240:   0000000000000004 0000000000000001
0x000000001450f250:   000000001b65d050 00000000ff000000
0x000000001450f260:   0000000000000000 0000000000000000
0x000000001450f270:   000007f7f07a2000 000007f95e1df4d4
0x000000001450f280:   0000000000000000 0000000000000000
0x000000001450f290:   00000000149936d8 0000000700bcfd18
0x000000001450f2a0:   0000000000000000 0000000013c309d8 

Instructions: (pc=0x000007f95e1e8bc0)
0x000007f95e1e8ba0:   43 08 a8 01 0f 85 bd 67 ff ff 8b c8 2b cd f0 0f
0x000007f95e1e8bb0:   b1 4b 08 75 ea 48 8b 03 33 ed 48 83 f8 ff 74 03
0x000007f95e1e8bc0:   ff 40 24 41 bf 82 03 fe 7f 41 80 3f 00 0f 85 69
0x000007f95e1e8bd0:   7a 0e 00 48 83 fe ff 0f 84 bf 7a 0e 00 4c 8b c7 


Register to memory mapping:

RAX=0x0000000000000000 is an unknown value
RBX=0x00000000149936d8 is an unknown value
RCX=0x00000000fffffffc is an unknown value
RDX=0x0000000000000700 is an unknown value
RSP=0x000000001450f1b0 is pointing into the stack for thread: 0x0000000013c30800
RBP=0x0000000000000000 is an unknown value
RSI=0x0000000000000700 is an unknown value
RDI=0x0000000000000000 is an unknown value
R8 =0xffffffffffffffff is an unknown value
R9 =0x0000000000000004 is an unknown value
R10=0x0000000000000000 is an unknown value
R11=0x0000000000000246 is an unknown value
R12=0x0000000000000000 is an unknown value
R13=0x0000000000000000 is an unknown value
R14=0x000007f7f07a2000 is an unknown value
R15=0x0000000000000000 is an unknown value


Stack: [0x0000000014410000,0x0000000014510000],  sp=0x000000001450f1b0,  free space=1020k
Native frames: (J=compiled Java code, j=interpreted, Vv=VM code, C=native code)
C  [ntdll.dll+0x18bc0]  RtlQueueWorkItem+0x8a0

[error occurred during error reporting (printing native stack), id 0xc0000005]

Java frames: (J=compiled Java code, j=interpreted, Vv=VM code)
j  com.googlecode.javacv.cpp.opencv_highgui.cvRetrieveFrame(Lcom/googlecode/javacv/cpp/opencv_highgui$CvCapture;I)Lcom/googlecode/javacv/cpp/opencv_core$IplImage;+0
j  com.googlecode.javacv.cpp.opencv_highgui.cvRetrieveFrame(Lcom/googlecode/javacv/cpp/opencv_highgui$CvCapture;)Lcom/googlecode/javacv/cpp/opencv_core$IplImage;+2
j  com.googlecode.javacv.OpenCVFrameGrabber.grab()Lcom/googlecode/javacv/cpp/opencv_core$IplImage;+4
j  emcscanner.kth.se.CameraPanel$1.run()V+15
v  ~StubRoutines::call_stub

---------------  P R O C E S S  ---------------

Java Threads: ( => current thread )
  0x000000001805d800 JavaThread "Thread-2" [_thread_in_native, id=8640, stack(0x00000000186a0000,0x00000000187a0000)]
  0x0000000018056800 JavaThread "Thread-0" daemon [_thread_in_native, id=6084, stack(0x00000000185a0000,0x00000000186a0000)]
  0x000000001805c000 JavaThread "ICEpdf-pagePainter" daemon [_thread_blocked, id=9076, stack(0x00000000260c0000,0x00000000261c0000)]
  0x0000000018056000 JavaThread "ICEpdf-pageInitializer" daemon [_thread_blocked, id=8372, stack(0x0000000025e90000,0x0000000025f90000)]
  0x000000001805b000 JavaThread "DestroyJavaVM" [_thread_blocked, id=388, stack(0x00000000027b0000,0x00000000028b0000)]
  0x0000000013c2d000 JavaThread "TimerQueue" daemon [_thread_blocked, id=7196, stack(0x00000000221b0000,0x00000000222b0000)]
  0x0000000013c2c800 JavaThread "threadDisplayDensity" daemon [_thread_blocked, id=9160, stack(0x000000001e560000,0x000000001e660000)]
  0x0000000013c2b800 JavaThread "AWT-EventQueue-0" [_thread_blocked, id=6704, stack(0x000000001e460000,0x000000001e560000)]
  0x0000000013c2b000 JavaThread "threadDisplay" daemon [_thread_blocked, id=9020, stack(0x000000001e360000,0x000000001e460000)]
  0x0000000013c31000 JavaThread "AWT-Shutdown" [_thread_blocked, id=8080, stack(0x000000001bc50000,0x000000001bd50000)]
=>0x0000000013c30800 JavaThread "threadDisplay" daemon [_thread_in_native, id=8608, stack(0x0000000014410000,0x0000000014510000)]
  0x0000000013c2f800 JavaThread "AWT-Windows" daemon [_thread_in_native, id=6832, stack(0x0000000014510000,0x0000000014610000)]
  0x0000000013c2f000 JavaThread "Java2D Disposer" daemon [_thread_blocked, id=8504, stack(0x0000000014310000,0x0000000014410000)]
  0x000000001151a000 JavaThread "Service Thread" daemon [_thread_blocked, id=8948, stack(0x0000000013910000,0x0000000013a10000)]
  0x000000001150c800 JavaThread "C2 CompilerThread1" daemon [_thread_blocked, id=6688, stack(0x0000000013810000,0x0000000013910000)]
  0x0000000011509800 JavaThread "C2 CompilerThread0" daemon [_thread_blocked, id=7708, stack(0x0000000013710000,0x0000000013810000)]
  0x0000000011508800 JavaThread "Attach Listener" daemon [_thread_blocked, id=1548, stack(0x0000000013610000,0x0000000013710000)]
  0x00000000114fb800 JavaThread "Signal Dispatcher" daemon [_thread_blocked, id=4236, stack(0x0000000013510000,0x0000000013610000)]
  0x000000001149f800 JavaThread "Finalizer" daemon [_thread_blocked, id=6968, stack(0x0000000013410000,0x0000000013510000)]
  0x0000000011498800 JavaThread "Reference Handler" daemon [_thread_blocked, id=8176, stack(0x0000000013310000,0x0000000013410000)]

Other Threads:
  0x0000000011493000 VMThread [stack: 0x0000000013210000,0x0000000013310000] [id=8840]
  0x000000001153a000 WatcherThread [stack: 0x0000000013a10000,0x0000000013b10000] [id=1252]

VM state:not at safepoint (normal execution)

VM Mutex/Monitor currently owned by a thread: None

Heap
 PSYoungGen      total 570560K, used 383678K [0x00000007aacb0000, 0x00000007d66f0000, 0x0000000800000000)
  eden space 507904K, 69% used [0x00000007aacb0000,0x00000007c0657938,0x00000007c9cb0000)
  from space 62656K, 47% used [0x00000007c9cb0000,0x00000007cb9b8288,0x00000007cd9e0000)
  to   space 59456K, 0% used [0x00000007d2ce0000,0x00000007d2ce0000,0x00000007d66f0000)
 ParOldGen       total 244672K, used 130904K [0x0000000700600000, 0x000000070f4f0000, 0x00000007aacb0000)
  object space 244672K, 53% used [0x0000000700600000,0x00000007085d6138,0x000000070f4f0000)
 PSPermGen       total 37632K, used 18036K [0x00000006fb400000, 0x00000006fd8c0000, 0x0000000700600000)
  object space 37632K, 47% used [0x00000006fb400000,0x00000006fc59d300,0x00000006fd8c0000)

Card table byte_map: [0x0000000005a80000,0x00000000062b0000] byte_map_base: 0x00000000022a6000

Polling page: 0x0000000002690000

Code Cache  [0x00000000029c0000, 0x0000000002c30000, 0x00000000059c0000)
 total_blobs=886 nmethods=296 adapters=541 free_code_cache=47762Kb largest_free_block=48843392

Compilation events (10 events):
Event: 15.570 Thread 0x0000000011509800  298             java.awt.image.Raster::getNumDataElements (8 bytes)
Event: 15.571 Thread 0x0000000011509800 nmethod 298 0x0000000002b26750 code [0x0000000002b268a0, 0x0000000002b26938]
Event: 16.040 Thread 0x000000001150c800  299             sun.awt.image.ByteComponentRaster::verify (173 bytes)
Event: 16.043 Thread 0x000000001150c800 nmethod 299 0x0000000002b26290 code [0x0000000002b263e0, 0x0000000002b265f8]
Event: 16.339 Thread 0x0000000011509800  300             java.awt.Component::getFont_NoClientCode (29 bytes)
Event: 16.340 Thread 0x0000000011509800 nmethod 300 0x0000000002af1d50 code [0x0000000002af1ea0, 0x0000000002af1f68]
Event: 16.739 Thread 0x000000001150c800  301             java.util.concurrent.locks.ReentrantLock$Sync::nonfairTryAcquire (67 bytes)
Event: 16.740 Thread 0x000000001150c800 nmethod 301 0x0000000002af1ad0 code [0x0000000002af1c00, 0x0000000002af1cd8]
Event: 17.830 Thread 0x0000000011509800  302             java.awt.Color::getRGB (5 bytes)
Event: 17.830 Thread 0x0000000011509800 nmethod 302 0x0000000002af18d0 code [0x0000000002af1a00, 0x0000000002af1a58]

GC Heap History (10 events):
Event: 14.283 GC heap before
{Heap before GC invocations=17 (full 4):
 PSYoungGen      total 375680K, used 314782K [0x00000007aacb0000, 0x00000007c5a60000, 0x0000000800000000)
  eden space 319424K, 98% used [0x00000007aacb0000,0x00000007be017bd8,0x00000007be4a0000)
  from space 56256K, 0% used [0x00000007c2370000,0x00000007c2370000,0x00000007c5a60000)
  to   space 60288K, 0% used [0x00000007be4a0000,0x00000007be4a0000,0x00000007c1f80000)
 ParOldGen       total 244672K, used 35131K [0x0000000700600000, 0x000000070f4f0000, 0x00000007aacb0000)
  object space 244672K, 14% used [0x0000000700600000,0x000000070284efc0,0x000000070f4f0000)
 PSPermGen       total 37632K, used 17992K [0x00000006fb400000, 0x00000006fd8c0000, 0x0000000700600000)
  object space 37632K, 47% used [0x00000006fb400000,0x00000006fc592098,0x00000006fd8c0000)
Event: 14.288 GC heap after
Heap after GC invocations=17 (full 4):
 PSYoungGen      total 379712K, used 25420K [0x00000007aacb0000, 0x00000007cad10000, 0x0000000800000000)
  eden space 319424K, 0% used [0x00000007aacb0000,0x00000007aacb0000,0x00000007be4a0000)
  from space 60288K, 42% used [0x00000007be4a0000,0x00000007bfd730e0,0x00000007c1f80000)
  to   space 57216K, 0% used [0x00000007c7530000,0x00000007c7530000,0x00000007cad10000)
 ParOldGen       total 244672K, used 35131K [0x0000000700600000, 0x000000070f4f0000, 0x00000007aacb0000)
  object space 244672K, 14% used [0x0000000700600000,0x000000070284efc0,0x000000070f4f0000)
 PSPermGen       total 37632K, used 17992K [0x00000006fb400000, 0x00000006fd8c0000, 0x0000000700600000)
  object space 37632K, 47% used [0x00000006fb400000,0x00000006fc592098,0x00000006fd8c0000)
}
Event: 14.872 GC heap before
{Heap before GC invocations=18 (full 4):
 PSYoungGen      total 379712K, used 340331K [0x00000007aacb0000, 0x00000007cad10000, 0x0000000800000000)
  eden space 319424K, 98% used [0x00000007aacb0000,0x00000007be037e48,0x00000007be4a0000)
  from space 60288K, 42% used [0x00000007be4a0000,0x00000007bfd730e0,0x00000007c1f80000)
  to   space 57216K, 0% used [0x00000007c7530000,0x00000007c7530000,0x00000007cad10000)
 ParOldGen       total 244672K, used 41206K [0x0000000700600000, 0x000000070f4f0000, 0x00000007aacb0000)
  object space 244672K, 16% used [0x0000000700600000,0x0000000702e3dbd0,0x000000070f4f0000)
 PSPermGen       total 37632K, used 17994K [0x00000006fb400000, 0x00000006fd8c0000, 0x0000000700600000)
  object space 37632K, 47% used [0x00000006fb400000,0x00000006fc592960,0x00000006fd8c0000)
Event: 14.880 GC heap after
Heap after GC invocations=18 (full 4):
 PSYoungGen      total 466880K, used 35803K [0x00000007aacb0000, 0x00000007cad20000, 0x0000000800000000)
  eden space 409664K, 0% used [0x00000007aacb0000,0x00000007aacb0000,0x00000007c3cc0000)
  from space 57216K, 62% used [0x00000007c7530000,0x00000007c9826eb8,0x00000007cad10000)
  to   space 57536K, 0% used [0x00000007c3cc0000,0x00000007c3cc0000,0x00000007c74f0000)
 ParOldGen       total 244672K, used 41206K [0x0000000700600000, 0x000000070f4f0000, 0x00000007aacb0000)
  object space 244672K, 16% used [0x0000000700600000,0x0000000702e3dbd0,0x000000070f4f0000)
 PSPermGen       total 37632K, used 17994K [0x00000006fb400000, 0x00000006fd8c0000, 0x0000000700600000)
  object space 37632K, 47% used [0x00000006fb400000,0x00000006fc592960,0x00000006fd8c0000)
}
Event: 15.839 GC heap before
{Heap before GC invocations=19 (full 4):
 PSYoungGen      total 466880K, used 445467K [0x00000007aacb0000, 0x00000007cad20000, 0x0000000800000000)
  eden space 409664K, 100% used [0x00000007aacb0000,0x00000007c3cc0000,0x00000007c3cc0000)
  from space 57216K, 62% used [0x00000007c7530000,0x00000007c9826eb8,0x00000007cad10000)
  to   space 57536K, 0% used [0x00000007c3cc0000,0x00000007c3cc0000,0x00000007c74f0000)
 ParOldGen       total 244672K, used 122804K [0x0000000700600000, 0x000000070f4f0000, 0x00000007aacb0000)
  object space 244672K, 50% used [0x0000000700600000,0x0000000707ded118,0x000000070f4f0000)
 PSPermGen       total 37632K, used 17998K [0x00000006fb400000, 0x00000006fd8c0000, 0x0000000700600000)
  object space 37632K, 47% used [0x00000006fb400000,0x00000006fc593888,0x00000006fd8c0000)
Event: 15.844 GC heap after
Heap after GC invocations=19 (full 4):
 PSYoungGen      total 467200K, used 18481K [0x00000007aacb0000, 0x00000007d10b0000, 0x0000000800000000)
  eden space 409664K, 0% used [0x00000007aacb0000,0x00000007aacb0000,0x00000007c3cc0000)
  from space 57536K, 32% used [0x00000007c3cc0000,0x00000007c4ecc430,0x00000007c74f0000)
  to   space 56128K, 0% used [0x00000007cd9e0000,0x00000007cd9e0000,0x00000007d10b0000)
 ParOldGen       total 244672K, used 122804K [0x0000000700600000, 0x000000070f4f0000, 0x00000007aacb0000)
  object space 244672K, 50% used [0x0000000700600000,0x0000000707ded118,0x000000070f4f0000)
 PSPermGen       total 37632K, used 17998K [0x00000006fb400000, 0x00000006fd8c0000, 0x0000000700600000)
  object space 37632K, 47% used [0x00000006fb400000,0x00000006fc593888,0x00000006fd8c0000)
}
Event: 16.619 GC heap before
{Heap before GC invocations=20 (full 4):
 PSYoungGen      total 467200K, used 427362K [0x00000007aacb0000, 0x00000007d10b0000, 0x0000000800000000)
  eden space 409664K, 99% used [0x00000007aacb0000,0x00000007c3bfc4b8,0x00000007c3cc0000)
  from space 57536K, 32% used [0x00000007c3cc0000,0x00000007c4ecc430,0x00000007c74f0000)
  to   space 56128K, 0% used [0x00000007cd9e0000,0x00000007cd9e0000,0x00000007d10b0000)
 ParOldGen       total 244672K, used 122804K [0x0000000700600000, 0x000000070f4f0000, 0x00000007aacb0000)
  object space 244672K, 50% used [0x0000000700600000,0x0000000707ded118,0x000000070f4f0000)
 PSPermGen       total 37632K, used 18003K [0x00000006fb400000, 0x00000006fd8c0000, 0x0000000700600000)
  object space 37632K, 47% used [0x00000006fb400000,0x00000006fc594c10,0x00000006fd8c0000)
Event: 16.633 GC heap after
Heap after GC invocations=20 (full 4):
 PSYoungGen      total 564032K, used 52411K [0x00000007aacb0000, 0x00000007d22d0000, 0x0000000800000000)
  eden space 507904K, 0% used [0x00000007aacb0000,0x00000007aacb0000,0x00000007c9cb0000)
  from space 56128K, 93% used [0x00000007cd9e0000,0x00000007d0d0ec28,0x00000007d10b0000)
  to   space 62656K, 0% used [0x00000007c9cb0000,0x00000007c9cb0000,0x00000007cd9e0000)
 ParOldGen       total 244672K, used 122804K [0x0000000700600000, 0x000000070f4f0000, 0x00000007aacb0000)
  object space 244672K, 50% used [0x0000000700600000,0x0000000707ded118,0x000000070f4f0000)
 PSPermGen       total 37632K, used 18003K [0x00000006fb400000, 0x00000006fd8c0000, 0x0000000700600000)
  object space 37632K, 47% used [0x00000006fb400000,0x00000006fc594c10,0x00000006fd8c0000)
}
Event: 17.572 GC heap before
{Heap before GC invocations=21 (full 4):
 PSYoungGen      total 564032K, used 559002K [0x00000007aacb0000, 0x00000007d22d0000, 0x0000000800000000)
  eden space 507904K, 99% used [0x00000007aacb0000,0x00000007c9b67f08,0x00000007c9cb0000)
  from space 56128K, 93% used [0x00000007cd9e0000,0x00000007d0d0ec28,0x00000007d10b0000)
  to   space 62656K, 0% used [0x00000007c9cb0000,0x00000007c9cb0000,0x00000007cd9e0000)
 ParOldGen       total 244672K, used 130904K [0x0000000700600000, 0x000000070f4f0000, 0x00000007aacb0000)
  object space 244672K, 53% used [0x0000000700600000,0x00000007085d6138,0x000000070f4f0000)
 PSPermGen       total 37632K, used 18004K [0x00000006fb400000, 0x00000006fd8c0000, 0x0000000700600000)
  object space 37632K, 47% used [0x00000006fb400000,0x00000006fc595220,0x00000006fd8c0000)
Event: 17.582 GC heap after
Heap after GC invocations=21 (full 4):
 PSYoungGen      total 570560K, used 29728K [0x00000007aacb0000, 0x00000007d66f0000, 0x0000000800000000)
  eden space 507904K, 0% used [0x00000007aacb0000,0x00000007aacb0000,0x00000007c9cb0000)
  from space 62656K, 47% used [0x00000007c9cb0000,0x00000007cb9b8288,0x00000007cd9e0000)
  to   space 59456K, 0% used [0x00000007d2ce0000,0x00000007d2ce0000,0x00000007d66f0000)
 ParOldGen       total 244672K, used 130904K [0x0000000700600000, 0x000000070f4f0000, 0x00000007aacb0000)
  object space 244672K, 53% used [0x0000000700600000,0x00000007085d6138,0x000000070f4f0000)
 PSPermGen       total 37632K, used 18004K [0x00000006fb400000, 0x00000006fd8c0000, 0x0000000700600000)
  object space 37632K, 47% used [0x00000006fb400000,0x00000006fc595220,0x00000006fd8c0000)
}

Deoptimization events (10 events):
Event: 3.771 Thread 0x0000000013c2b800 Uncommon trap -83 fr.pc 0x0000000002a86384
Event: 3.841 Thread 0x0000000018056000 Uncommon trap -83 fr.pc 0x0000000002a85eb4
Event: 3.886 Thread 0x0000000018056000 Uncommon trap -83 fr.pc 0x0000000002a83ec4
Event: 3.904 Thread 0x0000000018056000 Uncommon trap -83 fr.pc 0x0000000002ab78e8
Event: 3.985 Thread 0x0000000018056000 Uncommon trap -83 fr.pc 0x0000000002ab9b4c
Event: 4.017 Thread 0x0000000018056000 Uncommon trap -83 fr.pc 0x0000000002aa8618
Event: 4.206 Thread 0x000000001805c000 Uncommon trap -34 fr.pc 0x0000000002af2504
Event: 4.206 Thread 0x000000001805c000 Uncommon trap -34 fr.pc 0x0000000002af2504
Event: 4.206 Thread 0x000000001805c000 Uncommon trap -34 fr.pc 0x0000000002af2504
Event: 4.206 Thread 0x000000001805c000 Uncommon trap -34 fr.pc 0x0000000002af2504

Internal exceptions (10 events):
Event: 4.064 Thread 0x0000000018056000 Threw 0x00000007ab6f6808 at C:\jdk7u1_64p\jdk7u7\hotspot\src\share\vm\prims\jvm.cpp:1166
Event: 4.067 Thread 0x0000000018056000 Threw 0x00000007ab706c70 at C:\jdk7u1_64p\jdk7u7\hotspot\src\share\vm\prims\jvm.cpp:1166
Event: 4.068 Thread 0x0000000018056000 Threw 0x00000007ab709a40 at C:\jdk7u1_64p\jdk7u7\hotspot\src\share\vm\prims\jvm.cpp:1166
Event: 4.069 Thread 0x0000000018056000 Threw 0x00000007ab70cbf0 at C:\jdk7u1_64p\jdk7u7\hotspot\src\share\vm\prims\jvm.cpp:1166
Event: 4.070 Thread 0x0000000018056000 Threw 0x00000007ab70f9c0 at C:\jdk7u1_64p\jdk7u7\hotspot\src\share\vm\prims\jvm.cpp:1166
Event: 4.186 Thread 0x000000001805c000 Threw 0x00000007abc5c758 at C:\jdk7u1_64p\jdk7u7\hotspot\src\share\vm\prims\jvm.cpp:1166
Event: 4.191 Thread 0x000000001805c000 Threw 0x00000007abc6cfe8 at C:\jdk7u1_64p\jdk7u7\hotspot\src\share\vm\prims\jvm.cpp:1166
Event: 4.392 Thread 0x000000001805c000 Threw 0x00000007ac5c6910 at C:\jdk7u1_64p\jdk7u7\hotspot\src\share\vm\prims\jvm.cpp:1166
Event: 10.747 Thread 0x0000000013c2b800 Threw 0x00000007ab2a39a8 at C:\jdk7u1_64p\jdk7u7\hotspot\src\share\vm\prims\jvm.cpp:1166
Event: 10.747 Thread 0x0000000013c2b800 Threw 0x00000007ae59ce50 at C:\jdk7u1_64p\jdk7u7\hotspot\src\share\vm\prims\jvm.cpp:1166

Events (10 events):
Event: 17.563 Executing VM operation: ParallelGCFailedAllocation
Event: 17.563 Executing VM operation: ParallelGCFailedAllocation done
Event: 17.572 Executing VM operation: ParallelGCSystemGC
Event: 17.582 Executing VM operation: ParallelGCSystemGC done
Event: 18.106 loading class 0x00000000172503b0
Event: 18.106 loading class 0x00000000172503b0 done
Event: 18.106 loading class 0x0000000014cb6530
Event: 18.106 loading class 0x00000000172363a0
Event: 18.106 loading class 0x00000000172363a0 done
Event: 18.106 loading class 0x0000000014cb6530 done


Dynamic libraries:
0x000007f7f0ad0000 - 0x000007f7f0b04000 	F:\Program Files\Java\Jre7\bin\javaw.exe
0x000007f95e1d0000 - 0x000007f95e38e000 	C:\WINDOWS\SYSTEM32\ntdll.dll
0x000007f95d7e0000 - 0x000007f95d916000 	C:\WINDOWS\system32\KERNEL32.DLL
0x000007f95b470000 - 0x000007f95b563000 	C:\WINDOWS\system32\KERNELBASE.dll
0x000007f95ca50000 - 0x000007f95cb2e000 	C:\WINDOWS\system32\ADVAPI32.dll
0x000007f95ce50000 - 0x000007f95cf9c000 	C:\WINDOWS\system32\USER32.dll
0x000007f958910000 - 0x000007f958b79000 	C:\WINDOWS\WinSxS\amd64_microsoft.windows.common-controls_6595b64144ccf1df_6.0.9200.16384_none_418c2a697189c07f\COMCTL32.dll
0x000007f95d590000 - 0x000007f95d635000 	C:\WINDOWS\system32\msvcrt.dll
0x000007f95db40000 - 0x000007f95db88000 	C:\WINDOWS\SYSTEM32\sechost.dll
0x000007f95d6a0000 - 0x000007f95d7e0000 	C:\WINDOWS\system32\RPCRT4.dll
0x000007f95b620000 - 0x000007f95b760000 	C:\WINDOWS\system32\GDI32.dll
0x000007f95dcd0000 - 0x000007f95dd09000 	C:\WINDOWS\system32\IMM32.DLL
0x000007f95cd30000 - 0x000007f95ce45000 	C:\WINDOWS\system32\MSCTF.dll
0x000007f95b0c0000 - 0x000007f95b0c8000 	C:\PROGRA~2\NVIDIA~1\3DVISI~1\NVSTIN~1.DLL
0x000007f95d990000 - 0x000007f95d997000 	C:\WINDOWS\system32\PSAPI.DLL
0x000000006f560000 - 0x000000006f603000 	C:\WINDOWS\WinSxS\amd64_microsoft.vc90.crt_1fc8b3b9a1e18e3b_9.0.30729.6871_none_08e717a5a83adddf\MSVCR90.dll
0x000000006db00000 - 0x000000006dbd1000 	F:\Program Files\Java\Jre7\bin\msvcr100.dll
0x000000006d3e0000 - 0x000000006daff000 	F:\Program Files\Java\Jre7\bin\server\jvm.dll
0x000007f953860000 - 0x000007f953869000 	C:\WINDOWS\SYSTEM32\WSOCK32.dll
0x000007f958800000 - 0x000007f958820000 	C:\WINDOWS\SYSTEM32\WINMM.dll
0x000007f95d920000 - 0x000007f95d978000 	C:\WINDOWS\system32\WS2_32.dll
0x000007f958100000 - 0x000007f958132000 	C:\WINDOWS\SYSTEM32\WINMMBASE.dll
0x000007f95dd10000 - 0x000007f95dd19000 	C:\WINDOWS\system32\NSI.dll
0x000000006d3d0000 - 0x000000006d3df000 	F:\Program Files\Java\Jre7\bin\verify.dll
0x000000006d3a0000 - 0x000000006d3c8000 	F:\Program Files\Java\Jre7\bin\java.dll
0x000000006d380000 - 0x000000006d395000 	F:\Program Files\Java\Jre7\bin\zip.dll
0x000000006c580000 - 0x000000006c713000 	F:\Program Files\Java\Jre7\bin\awt.dll
0x000007f95db90000 - 0x000007f95dc53000 	C:\WINDOWS\system32\OLEAUT32.dll
0x000007f95d3e0000 - 0x000007f95d590000 	C:\WINDOWS\system32\combase.dll
0x000007f955390000 - 0x000007f95542f000 	C:\WINDOWS\system32\apphelp.dll
0x000007f959ec0000 - 0x000007f959fa3000 	C:\WINDOWS\system32\uxtheme.dll
0x000007f9552f0000 - 0x000007f955385000 	C:\Program Files\Common Files\microsoft shared\ink\tiptsf.dll
0x000007f959650000 - 0x000007f959671000 	C:\WINDOWS\SYSTEM32\dwmapi.dll
0x000007f95cfa0000 - 0x000007f95d11e000 	C:\WINDOWS\system32\ole32.dll
0x000007f95af30000 - 0x000007f95af3a000 	C:\WINDOWS\SYSTEM32\CRYPTBASE.dll
0x000007f95aeb0000 - 0x000007f95af0c000 	C:\WINDOWS\SYSTEM32\bcryptPrimitives.dll
0x000007f95b760000 - 0x000007f95ca48000 	C:\WINDOWS\system32\SHELL32.dll
0x000007f95dc80000 - 0x000007f95dcd0000 	C:\WINDOWS\system32\SHLWAPI.dll
0x000007f95a290000 - 0x000007f95a326000 	C:\WINDOWS\SYSTEM32\shcore.dll
0x000000006e430000 - 0x000000006e4c8000 	C:\Windows\System32\msvcp100.dll
0x000007f9460c0000 - 0x000007f946318000 	C:\opencv\build\x64\vc10\bin\opencv_core243.dll
0x000007f946a90000 - 0x000007f946b25000 	C:\Users\Jonas\AppData\Local\Temp\javacpp178733590797923\jniopencv_core.dll
0x000007f943c30000 - 0x000007f943ed5000 	C:\opencv\build\x64\vc10\bin\opencv_imgproc243.dll
0x000007f94ab40000 - 0x000007f94ab88000 	C:\Users\Jonas\AppData\Local\Temp\javacpp178733590797923\jniopencv_imgproc.dll
0x0000000066840000 - 0x00000000675ca000 	C:\opencv\build\x64\vc10\bin\opencv_ffmpeg243_64.dll
0x000007f945e70000 - 0x000007f9460bb000 	C:\opencv\build\x64\vc10\bin\opencv_highgui243.dll
0x000007f954980000 - 0x000007f9549a0000 	C:\WINDOWS\SYSTEM32\AVIFIL32.dll
0x000007f954a10000 - 0x000007f954a39000 	C:\WINDOWS\SYSTEM32\MSVFW32.dll
0x000007f954af0000 - 0x000007f954b07000 	C:\WINDOWS\SYSTEM32\AVICAP32.dll
0x000007f948660000 - 0x000007f948679000 	C:\WINDOWS\SYSTEM32\MSACM32.dll
0x000007f959620000 - 0x000007f959629000 	C:\WINDOWS\SYSTEM32\VERSION.dll
0x000007f954920000 - 0x000007f954933000 	C:\Users\Jonas\AppData\Local\Temp\javacpp178733590797923\jniopencv_highgui.dll
0x000007f95cc90000 - 0x000007f95cd26000 	C:\WINDOWS\SYSTEM32\clbcatq.dll
0x000007f9547c0000 - 0x000007f9547d7000 	C:\Windows\System32\devenum.dll
0x000007f95e000000 - 0x000007f95e1d0000 	C:\WINDOWS\system32\setupapi.dll
0x000007f95b390000 - 0x000007f95b3df000 	C:\WINDOWS\system32\CFGMGR32.dll
0x000007f95b440000 - 0x000007f95b462000 	C:\WINDOWS\system32\DEVOBJ.dll
0x000007f954440000 - 0x000007f95446e000 	C:\WINDOWS\SYSTEM32\ntmarta.dll
0x000007f95b3e0000 - 0x000007f95b435000 	C:\WINDOWS\system32\WINTRUST.dll
0x000007f95b1b0000 - 0x000007f95b387000 	C:\WINDOWS\system32\CRYPT32.dll
0x000007f95b190000 - 0x000007f95b1a6000 	C:\WINDOWS\system32\MSASN1.dll
0x000007f9587f0000 - 0x000007f9587fd000 	C:\WINDOWS\SYSTEM32\msdmo.dll
0x000007f952370000 - 0x000007f95239f000 	C:\Windows\System32\qcap.dll
0x000007f942380000 - 0x000007f942538000 	C:\Windows\System32\quartz.dll
0x000007f9488e0000 - 0x000007f94891f000 	C:\Windows\System32\ksproxy.ax
0x000007f955b30000 - 0x000007f955b37000 	C:\Windows\System32\ksuser.dll
0x000007f94a240000 - 0x000007f94a440000 	C:\Windows\System32\d3d9.dll
0x000007f955430000 - 0x000007f95543c000 	C:\Windows\System32\vidcap.ax
0x000007f952150000 - 0x000007f952174000 	C:\Windows\System32\kswdmcap.ax
0x000007f943950000 - 0x000007f943aa4000 	C:\Windows\System32\MFC42.dll
0x000007f9469d0000 - 0x000007f946a8e000 	C:\Windows\System32\ODBC32.dll
0x000007f946830000 - 0x000007f9468c5000 	C:\Windows\System32\qedit.dll
0x000007f95df50000 - 0x000007f95dff1000 	C:\WINDOWS\system32\COMDLG32.dll
0x000007f95d9a0000 - 0x000007f95db40000 	C:\WINDOWS\WinSxS\amd64_microsoft.windows.gdiplus_6595b64144ccf1df_1.1.9200.16384_none_72771d4ecc1c3a4d\gdiplus.dll
0x000007f942540000 - 0x000007f94262a000 	C:\WINDOWS\SYSTEM32\DDRAW.dll
0x000007f957440000 - 0x000007f957448000 	C:\WINDOWS\SYSTEM32\DCIMAN32.dll
0x000000006c540000 - 0x000000006c574000 	F:\Program Files\Java\Jre7\bin\fontmanager.dll
0x000007f93d8c0000 - 0x000007f93ea40000 	C:\WINDOWS\SYSTEM32\nvd3dumx.dll
0x000007f95afb0000 - 0x000007f95aff3000 	C:\WINDOWS\SYSTEM32\powrprof.dll
0x0000000180000000 - 0x0000000180116000 	C:\Program Files (x86)\NVIDIA Corporation\3D Vision\nvSCPAPI64.dll
0x000007f958830000 - 0x000007f9588a4000 	C:\WINDOWS\SYSTEM32\dxgi.dll
0x000007f957c90000 - 0x000007f957f52000 	C:\WINDOWS\SYSTEM32\nvapi64.dll
0x000007f958140000 - 0x000007f95815f000 	C:\WINDOWS\SYSTEM32\DXGIDebug.dll
0x000000006d360000 - 0x000000006d379000 	F:\Program Files\Java\Jre7\bin\net.dll
0x000007f95a920000 - 0x000007f95a97c000 	C:\WINDOWS\system32\mswsock.dll
0x000000006d340000 - 0x000000006d351000 	F:\Program Files\Java\Jre7\bin\nio.dll
0x000000006c4f0000 - 0x000000006c531000 	F:\Program Files\Java\Jre7\bin\t2k.dll
0x000007f958d90000 - 0x000007f958f1a000 	C:\WINDOWS\SYSTEM32\WindowsCodecs.dll
0x000007f95b0e0000 - 0x000007f95b0f5000 	C:\WINDOWS\SYSTEM32\profapi.dll
0x000007f957fd0000 - 0x000007f958039000 	C:\WINDOWS\SYSTEM32\oleacc.dll
0x000000006c4c0000 - 0x000000006c4ea000 	F:\Program Files\Java\Jre7\bin\dcpr.dll
0x000007f948020000 - 0x000007f948183000 	C:\WINDOWS\SYSTEM32\dbghelp.dll

VM Arguments:
jvm_args: -Dfile.encoding=Cp1252 
java_command: emcscanner.kth.se.Program
Launcher Type: SUN_STANDARD

Environment Variables:
PATH=C:\Program Files (x86)\NVIDIA Corporation\PhysX\Common;C:\WINDOWS\system32;C:\WINDOWS;C:\WINDOWS\System32\Wbem;C:\WINDOWS\System32\WindowsPowerShell\v1.0\;C:\Program Files (x86)\Microsoft SQL Server\90\Tools\binn\;C:\Program Files (x86)\Autodesk\Backburner\;F:\Program Files\MATLAB\R2012a\runtime\win64;F:\Program Files\MATLAB\R2012a\bin;PROGRAMFILES\Internet Explorer;C:\Program Files\Perforce;F:\Program Files\Perforce;C:\Program Files\Microsoft\Web Platform Installer\;C:\Program Files (x86)\Microsoft ASP.NET\ASP.NET Web Pages\v1.0\;C:\Program Files (x86)\Windows Kits\8.0\Windows Performance Toolkit\;C:\Program Files\Microsoft SQL Server\110\Tools\Binn\;F:\Program Files\Perforce\Server
USERNAME=Jonas
OS=Windows_NT
PROCESSOR_IDENTIFIER=Intel64 Family 6 Model 42 Stepping 7, GenuineIntel



---------------  S Y S T E M  ---------------

OS: Windows 8 , 64 bit Build 9200 

CPU:total 8 (4 cores per cpu, 2 threads per core) family 6 model 42 stepping 7, cmov, cx8, fxsr, mmx, sse, sse2, sse3, ssse3, sse4.1, sse4.2, popcnt, avx, ht, tsc, tscinvbit

Memory: 4k page, physical 16751668k(10491336k free), swap 33528884k(24315140k free)

vm_info: Java HotSpot(TM) 64-Bit Server VM (23.3-b01) for windows-amd64 JRE (1.7.0_07-b11), built on Sep  7 2012 01:19:25 by "java_re" with unknown MS VC++:1600

time: Thu Jan 31 01:34:41 2013
elapsed time: 18 seconds

