#
# A fatal error has been detected by the Java Runtime Environment:
#
#  EXCEPTION_ACCESS_VIOLATION (0xc0000005) at pc=0x00000000029fa3db, pid=5760, tid=1908
#
# JRE version: 7.0_07-b11
# Java VM: Java HotSpot(TM) 64-Bit Server VM (23.3-b01 mixed mode windows-amd64 compressed oops)
# Problematic frame:
# J  com.googlecode.javacv.cpp.opencv_core$IplImage.flipCopyWithGamma(Ljava/nio/ByteBuffer;ILjava/nio/ByteBuffer;IZDZI)V
#
# Failed to write core dump. Minidumps are not enabled by default on client versions of Windows
#
# If you would like to submit a bug report, please visit:
#   http://bugreport.sun.com/bugreport/crash.jsp
#

---------------  T H R E A D  ---------------

Current thread (0x00000000139f9800):  JavaThread "threadDisplay" daemon [_thread_in_Java, id=1908, stack(0x000000001b980000,0x000000001ba80000)]

siginfo: ExceptionCode=0xc0000005, reading address 0x000000001b948e3b

Registers:
RAX=0x00000000005bcdeb, RBX=0x00000000e189e569, RCX=0x00000007b7b4f4d0, RDX=0x000000000000167f
RSP=0x000000001ba7ed90, RBP=0x00000007b7b4f490, RSI=0x000000001b38c050, RDI=0x00000000005bcdeb
R8 =0x00000000005eec00, R9 =0x000000000000000a, R10=0x00000000005eec00, R11=0x00000000005bcdeb
R12=0x0000000000000000, R13=0x00000007b7b4f490, R14=0x0000000000000beb, R15=0x00000000139f9800
RIP=0x00000000029fa3db, EFLAGS=0x0000000000010287

Top of Stack: (sp=0x000000001ba7ed90)
0x000000001ba7ed90:   000000070c4f2b48 00000000005eec00
0x000000001ba7eda0:   00000000005eec00 0000000000000000
0x000000001ba7edb0:   3ff0000000001680 00000007b7b4f4d0
0x000000001ba7edc0:   3ff0000000000000 df6c65d4df6ab9ce
0x000000001ba7edd0:   005bc20000000000 00000000ffffffff
0x000000001ba7ede0:   00001680005bc200 0000168000001680
0x000000001ba7edf0:   0000000000000000 00000007b7b4f500
0x000000001ba7ee00:   00000007b7b4f490 00000000028961f8
0x000000001ba7ee10:   00000000005eec00 0000000000000000
0x000000001ba7ee20:   00000007b7b4f490 00000007b7b4f4d0
0x000000001ba7ee30:   00000007b7b4f4d0 000000001ba7ee38
0x000000001ba7ee40:   000000001ba7eef8 00000000028961f8
0x000000001ba7ee50:   0000000000000000 00000006fc410550
0x000000001ba7ee60:   00000006fb5556b8 00000000028961f8
0x000000001ba7ee70:   0000000000000000 0000000000000000
0x000000001ba7ee80:   3ff0000000000000 0000000000000000 

Instructions: (pc=0x00000000029fa3db)
0x00000000029fa3bb:   00 0f 1f 40 00 48 8b 6c 24 70 8b 7d 18 41 3b f8
0x00000000029fa3cb:   0f 8d c0 06 00 00 8b 59 2c 44 8b 51 1c 4c 63 df
0x00000000029fa3db:   46 0f be 0c 1e ff c7 89 7d 18 44 8b 59 18 45 3b
0x00000000029fa3eb:   da 0f 8d cf 06 00 00 8b 79 24 41 03 fb 41 ff c3 


Register to memory mapping:

RAX=0x00000000005bcdeb is an unknown value
RBX=0x00000000e189e569 is an unknown value
RCX=0x00000007b7b4f4d0 is an oop
java.nio.HeapByteBuffer 
 - klass: 'java/nio/HeapByteBuffer'
RDX=0x000000000000167f is an unknown value
RSP=0x000000001ba7ed90 is pointing into the stack for thread: 0x00000000139f9800
RBP=0x00000007b7b4f490 is an oop
java.nio.DirectByteBuffer 
 - klass: 'java/nio/DirectByteBuffer'
RSI=0x000000001b38c050 is an unknown value
RDI=0x00000000005bcdeb is an unknown value
R8 =0x00000000005eec00 is an unknown value
R9 =0x000000000000000a is an unknown value
R10=0x00000000005eec00 is an unknown value
R11=0x00000000005bcdeb is an unknown value
R12=0x0000000000000000 is an unknown value
R13=0x00000007b7b4f490 is an oop
java.nio.DirectByteBuffer 
 - klass: 'java/nio/DirectByteBuffer'
R14=0x0000000000000beb is an unknown value
R15=0x00000000139f9800 is a thread


Stack: [0x000000001b980000,0x000000001ba80000],  sp=0x000000001ba7ed90,  free space=1019k
Native frames: (J=compiled Java code, j=interpreted, Vv=VM code, C=native code)
J  com.googlecode.javacv.cpp.opencv_core$IplImage.flipCopyWithGamma(Ljava/nio/ByteBuffer;ILjava/nio/ByteBuffer;IZDZI)V


---------------  P R O C E S S  ---------------

Java Threads: ( => current thread )
  0x00000000174ac000 JavaThread "ICEpdf-pagePainter" daemon [_thread_blocked, id=4756, stack(0x0000000025d90000,0x0000000025e90000)]
  0x0000000017a38800 JavaThread "ICEpdf-pageInitializer" daemon [_thread_blocked, id=1644, stack(0x0000000025b60000,0x0000000025c60000)]
  0x000000000288e000 JavaThread "DestroyJavaVM" [_thread_blocked, id=6768, stack(0x0000000002550000,0x0000000002650000)]
  0x0000000014f0e000 JavaThread "D3D Screen Updater" daemon [_thread_blocked, id=9192, stack(0x0000000023980000,0x0000000023a80000)]
  0x0000000014c4b000 JavaThread "TimerQueue" daemon [_thread_blocked, id=3384, stack(0x0000000021ed0000,0x0000000021fd0000)]
  0x0000000014b29800 JavaThread "threadDisplayDensity" daemon [_thread_blocked, id=8280, stack(0x000000001e280000,0x000000001e380000)]
  0x0000000014810800 JavaThread "AWT-EventQueue-0" [_thread_in_native, id=7096, stack(0x000000001e180000,0x000000001e280000)]
  0x00000000148f0000 JavaThread "threadDisplay" daemon [_thread_blocked, id=3944, stack(0x000000001e080000,0x000000001e180000)]
  0x0000000014d4e800 JavaThread "AWT-Shutdown" [_thread_blocked, id=7232, stack(0x000000001ba80000,0x000000001bb80000)]
=>0x00000000139f9800 JavaThread "threadDisplay" daemon [_thread_in_Java, id=1908, stack(0x000000001b980000,0x000000001ba80000)]
  0x00000000139fa800 JavaThread "AWT-Windows" daemon [_thread_in_native, id=2268, stack(0x00000000142f0000,0x00000000143f0000)]
  0x00000000139f8800 JavaThread "Java2D Disposer" daemon [_thread_blocked, id=4452, stack(0x00000000140f0000,0x00000000141f0000)]
  0x00000000112f4800 JavaThread "Service Thread" daemon [_thread_blocked, id=1864, stack(0x00000000136f0000,0x00000000137f0000)]
  0x00000000112f1800 JavaThread "C2 CompilerThread1" daemon [_thread_blocked, id=5552, stack(0x00000000135f0000,0x00000000136f0000)]
  0x00000000112ec800 JavaThread "C2 CompilerThread0" daemon [_thread_blocked, id=6948, stack(0x00000000134f0000,0x00000000135f0000)]
  0x00000000112e8000 JavaThread "Attach Listener" daemon [_thread_blocked, id=6392, stack(0x00000000133f0000,0x00000000134f0000)]
  0x00000000112db000 JavaThread "Signal Dispatcher" daemon [_thread_blocked, id=8384, stack(0x00000000132f0000,0x00000000133f0000)]
  0x000000001127f000 JavaThread "Finalizer" daemon [_thread_blocked, id=9004, stack(0x00000000131f0000,0x00000000132f0000)]
  0x0000000011277800 JavaThread "Reference Handler" daemon [_thread_blocked, id=6916, stack(0x00000000130f0000,0x00000000131f0000)]

Other Threads:
  0x0000000011272800 VMThread [stack: 0x0000000012ff0000,0x00000000130f0000] [id=3712]
  0x0000000011311000 WatcherThread [stack: 0x00000000137f0000,0x00000000138f0000] [id=2672]

VM state:not at safepoint (normal execution)

VM Mutex/Monitor currently owned by a thread: None

Heap
 PSYoungGen      total 267904K, used 254323K [0x00000007aacb0000, 0x00000007c24b0000, 0x0000000800000000)
  eden space 214912K, 98% used [0x00000007aacb0000,0x00000007b7b50280,0x00000007b7e90000)
  from space 52992K, 80% used [0x00000007b7e90000,0x00000007ba84cc00,0x00000007bb250000)
  to   space 57152K, 0% used [0x00000007bece0000,0x00000007bece0000,0x00000007c24b0000)
 ParOldGen       total 230848K, used 201605K [0x0000000700600000, 0x000000070e770000, 0x00000007aacb0000)
  object space 230848K, 87% used [0x0000000700600000,0x000000070cae1758,0x000000070e770000)
 PSPermGen       total 39232K, used 17989K [0x00000006fb400000, 0x00000006fda50000, 0x0000000700600000)
  object space 39232K, 45% used [0x00000006fb400000,0x00000006fc591448,0x00000006fda50000)

Card table byte_map: [0x0000000005890000,0x00000000060c0000] byte_map_base: 0x00000000020b6000

Polling page: 0x0000000002520000

Code Cache  [0x0000000002890000, 0x0000000002b00000, 0x0000000005890000)
 total_blobs=874 nmethods=284 adapters=541 free_code_cache=47754Kb largest_free_block=48836224

Compilation events (10 events):
Event: 10.558 Thread 0x00000000112f1800 nmethod 281 0x00000000029ed0d0 code [0x00000000029ed200, 0x00000000029ed298]
Event: 10.576 Thread 0x00000000112ec800 nmethod 8% 0x00000000029f4350 code [0x00000000029f4600, 0x00000000029f5d80]
Event: 10.602 Thread 0x00000000112f1800  283             com.googlecode.javacv.cpp.opencv_core$IplImage::flipCopyWithGamma (608 bytes)
Event: 10.665 Thread 0x00000000112f1800 nmethod 283 0x00000000029f9b50 code [0x00000000029f9e60, 0x00000000029fc210]
Event: 11.813 Thread 0x00000000112ec800  284             java.awt.Component::getHeight (5 bytes)
Event: 11.813 Thread 0x00000000112ec800 nmethod 284 0x00000000029c89d0 code [0x00000000029c8b00, 0x00000000029c8b58]
Event: 11.880 Thread 0x00000000112f1800  285             java.awt.Component::getWidth (5 bytes)
Event: 11.880 Thread 0x00000000112f1800 nmethod 285 0x0000000002954090 code [0x00000000029541c0, 0x0000000002954218]
Event: 12.226 Thread 0x00000000112ec800  286             sun.java2d.SurfaceData::isValid (5 bytes)
Event: 12.227 Thread 0x00000000112ec800 nmethod 286 0x00000000029565d0 code [0x0000000002956700, 0x0000000002956758]

GC Heap History (10 events):
Event: 10.717 GC heap before
{Heap before GC invocations=12 (full 3):
 PSYoungGen      total 178880K, used 174718K [0x00000007aacb0000, 0x00000007b8dc0000, 0x0000000800000000)
  eden space 146112K, 99% used [0x00000007aacb0000,0x00000007b3ab9f80,0x00000007b3b60000)
  from space 32768K, 89% used [0x00000007b6dc0000,0x00000007b8a55bd0,0x00000007b8dc0000)
  to   space 42176K, 0% used [0x00000007b3b60000,0x00000007b3b60000,0x00000007b6490000)
 ParOldGen       total 230848K, used 25430K [0x0000000700600000, 0x000000070e770000, 0x00000007aacb0000)
  object space 230848K, 11% used [0x0000000700600000,0x0000000701ed5918,0x000000070e770000)
 PSPermGen       total 39232K, used 17979K [0x00000006fb400000, 0x00000006fda50000, 0x0000000700600000)
  object space 39232K, 45% used [0x00000006fb400000,0x00000006fc58ef20,0x00000006fda50000)
Event: 10.721 GC heap after
Heap after GC invocations=12 (full 3):
 PSYoungGen      total 188288K, used 32455K [0x00000007aacb0000, 0x00000007bb5c0000, 0x0000000800000000)
  eden space 146112K, 0% used [0x00000007aacb0000,0x00000007aacb0000,0x00000007b3b60000)
  from space 42176K, 76% used [0x00000007b3b60000,0x00000007b5b11d90,0x00000007b6490000)
  to   space 45376K, 0% used [0x00000007b8970000,0x00000007b8970000,0x00000007bb5c0000)
 ParOldGen       total 230848K, used 25430K [0x0000000700600000, 0x000000070e770000, 0x00000007aacb0000)
  object space 230848K, 11% used [0x0000000700600000,0x0000000701ed5918,0x000000070e770000)
 PSPermGen       total 39232K, used 17979K [0x00000006fb400000, 0x00000006fda50000, 0x0000000700600000)
  object space 39232K, 45% used [0x00000006fb400000,0x00000006fc58ef20,0x00000006fda50000)
}
Event: 10.989 GC heap before
{Heap before GC invocations=13 (full 3):
 PSYoungGen      total 188288K, used 176873K [0x00000007aacb0000, 0x00000007bb5c0000, 0x0000000800000000)
  eden space 146112K, 98% used [0x00000007aacb0000,0x00000007b39b8898,0x00000007b3b60000)
  from space 42176K, 76% used [0x00000007b3b60000,0x00000007b5b11d90,0x00000007b6490000)
  to   space 45376K, 0% used [0x00000007b8970000,0x00000007b8970000,0x00000007bb5c0000)
 ParOldGen       total 230848K, used 25430K [0x0000000700600000, 0x000000070e770000, 0x00000007aacb0000)
  object space 230848K, 11% used [0x0000000700600000,0x0000000701ed5918,0x000000070e770000)
 PSPermGen       total 39232K, used 17980K [0x00000006fb400000, 0x00000006fda50000, 0x0000000700600000)
  object space 39232K, 45% used [0x00000006fb400000,0x00000006fc58f110,0x00000006fda50000)
Event: 10.999 GC heap after
Heap after GC invocations=13 (full 3):
 PSYoungGen      total 219264K, used 44669K [0x00000007aacb0000, 0x00000007bc870000, 0x0000000800000000)
  eden space 173888K, 0% used [0x00000007aacb0000,0x00000007aacb0000,0x00000007b5680000)
  from space 45376K, 98% used [0x00000007b8970000,0x00000007bb50f5b0,0x00000007bb5c0000)
  to   space 52160K, 0% used [0x00000007b5680000,0x00000007b5680000,0x00000007b8970000)
 ParOldGen       total 230848K, used 37580K [0x0000000700600000, 0x000000070e770000, 0x00000007aacb0000)
  object space 230848K, 16% used [0x0000000700600000,0x0000000702ab3138,0x000000070e770000)
 PSPermGen       total 39232K, used 17980K [0x00000006fb400000, 0x00000006fda50000, 0x0000000700600000)
  object space 39232K, 45% used [0x00000006fb400000,0x00000006fc58f110,0x00000006fda50000)
}
Event: 11.326 GC heap before
{Heap before GC invocations=14 (full 3):
 PSYoungGen      total 219264K, used 214591K [0x00000007aacb0000, 0x00000007bc870000, 0x0000000800000000)
  eden space 173888K, 97% used [0x00000007aacb0000,0x00000007b52a08c0,0x00000007b5680000)
  from space 45376K, 98% used [0x00000007b8970000,0x00000007bb50f5b0,0x00000007bb5c0000)
  to   space 52160K, 0% used [0x00000007b5680000,0x00000007b5680000,0x00000007b8970000)
 ParOldGen       total 230848K, used 37580K [0x0000000700600000, 0x000000070e770000, 0x00000007aacb0000)
  object space 230848K, 16% used [0x0000000700600000,0x0000000702ab3138,0x000000070e770000)
 PSPermGen       total 39232K, used 17980K [0x00000006fb400000, 0x00000006fda50000, 0x0000000700600000)
  object space 39232K, 45% used [0x00000006fb400000,0x00000006fc58f110,0x00000006fda50000)
Event: 11.330 GC heap after
Heap after GC invocations=14 (full 3):
 PSYoungGen      total 226048K, used 21128K [0x00000007aacb0000, 0x00000007be270000, 0x0000000800000000)
  eden space 173888K, 0% used [0x00000007aacb0000,0x00000007aacb0000,0x00000007b5680000)
  from space 52160K, 40% used [0x00000007b5680000,0x00000007b6b22300,0x00000007b8970000)
  to   space 49280K, 0% used [0x00000007bb250000,0x00000007bb250000,0x00000007be270000)
 ParOldGen       total 230848K, used 37580K [0x0000000700600000, 0x000000070e770000, 0x00000007aacb0000)
  object space 230848K, 16% used [0x0000000700600000,0x0000000702ab3138,0x000000070e770000)
 PSPermGen       total 39232K, used 17980K [0x00000006fb400000, 0x00000006fda50000, 0x0000000700600000)
  object space 39232K, 45% used [0x00000006fb400000,0x00000006fc58f110,0x00000006fda50000)
}
Event: 11.655 GC heap before
{Heap before GC invocations=15 (full 3):
 PSYoungGen      total 226048K, used 190953K [0x00000007aacb0000, 0x00000007be270000, 0x0000000800000000)
  eden space 173888K, 97% used [0x00000007aacb0000,0x00000007b5288418,0x00000007b5680000)
  from space 52160K, 40% used [0x00000007b5680000,0x00000007b6b22300,0x00000007b8970000)
  to   space 49280K, 0% used [0x00000007bb250000,0x00000007bb250000,0x00000007be270000)
 ParOldGen       total 230848K, used 37580K [0x0000000700600000, 0x000000070e770000, 0x00000007aacb0000)
  object space 230848K, 16% used [0x0000000700600000,0x0000000702ab3138,0x000000070e770000)
 PSPermGen       total 39232K, used 17981K [0x00000006fb400000, 0x00000006fda50000, 0x0000000700600000)
  object space 39232K, 45% used [0x00000006fb400000,0x00000006fc58f4b8,0x00000006fda50000)
Event: 11.666 GC heap after
Heap after GC invocations=15 (full 3):
 PSYoungGen      total 264192K, used 39353K [0x00000007aacb0000, 0x00000007bed10000, 0x0000000800000000)
  eden space 214912K, 0% used [0x00000007aacb0000,0x00000007aacb0000,0x00000007b7e90000)
  from space 49280K, 79% used [0x00000007bb250000,0x00000007bd8be730,0x00000007be270000)
  to   space 52992K, 0% used [0x00000007b7e90000,0x00000007b7e90000,0x00000007bb250000)
 ParOldGen       total 230848K, used 37580K [0x0000000700600000, 0x000000070e770000, 0x00000007aacb0000)
  object space 230848K, 16% used [0x0000000700600000,0x0000000702ab3138,0x000000070e770000)
 PSPermGen       total 39232K, used 17981K [0x00000006fb400000, 0x00000006fda50000, 0x0000000700600000)
  object space 39232K, 45% used [0x00000006fb400000,0x00000006fc58f4b8,0x00000006fda50000)
}
Event: 12.082 GC heap before
{Heap before GC invocations=16 (full 3):
 PSYoungGen      total 264192K, used 253089K [0x00000007aacb0000, 0x00000007bed10000, 0x0000000800000000)
  eden space 214912K, 99% used [0x00000007aacb0000,0x00000007b7d69ec8,0x00000007b7e90000)
  from space 49280K, 79% used [0x00000007bb250000,0x00000007bd8be730,0x00000007be270000)
  to   space 52992K, 0% used [0x00000007b7e90000,0x00000007b7e90000,0x00000007bb250000)
 ParOldGen       total 230848K, used 43655K [0x0000000700600000, 0x000000070e770000, 0x00000007aacb0000)
  object space 230848K, 18% used [0x0000000700600000,0x00000007030a1d48,0x000000070e770000)
 PSPermGen       total 39232K, used 17981K [0x00000006fb400000, 0x00000006fda50000, 0x0000000700600000)
  object space 39232K, 45% used [0x00000006fb400000,0x00000006fc58f658,0x00000006fda50000)
Event: 12.088 GC heap after
Heap after GC invocations=16 (full 3):
 PSYoungGen      total 267904K, used 42739K [0x00000007aacb0000, 0x00000007c24b0000, 0x0000000800000000)
  eden space 214912K, 0% used [0x00000007aacb0000,0x00000007aacb0000,0x00000007b7e90000)
  from space 52992K, 80% used [0x00000007b7e90000,0x00000007ba84cc00,0x00000007bb250000)
  to   space 57152K, 0% used [0x00000007bece0000,0x00000007bece0000,0x00000007c24b0000)
 ParOldGen       total 230848K, used 43655K [0x0000000700600000, 0x000000070e770000, 0x00000007aacb0000)
  object space 230848K, 18% used [0x0000000700600000,0x00000007030a1d48,0x000000070e770000)
 PSPermGen       total 39232K, used 17981K [0x00000006fb400000, 0x00000006fda50000, 0x0000000700600000)
  object space 39232K, 45% used [0x00000006fb400000,0x00000006fc58f658,0x00000006fda50000)
}

Deoptimization events (10 events):
Event: 3.755 Thread 0x0000000017a38800 Uncommon trap -83 fr.pc 0x0000000002954104
Event: 3.768 Thread 0x0000000017a38800 Uncommon trap -83 fr.pc 0x0000000002989428
Event: 3.830 Thread 0x0000000017a38800 Uncommon trap -83 fr.pc 0x0000000002982a8c
Event: 3.861 Thread 0x0000000017a38800 Uncommon trap -83 fr.pc 0x0000000002976d18
Event: 4.059 Thread 0x00000000174ac000 Uncommon trap -83 fr.pc 0x00000000029bbe7c
Event: 10.554 Thread 0x0000000014810800 Uncommon trap -122 fr.pc 0x00000000029eff08
Event: 10.555 Thread 0x0000000014810800 Uncommon trap -34 fr.pc 0x00000000029eb6a0
Event: 10.555 Thread 0x0000000014810800 Uncommon trap -34 fr.pc 0x00000000029eb6a0
Event: 10.555 Thread 0x0000000014810800 Uncommon trap -34 fr.pc 0x00000000029eb6a0
Event: 10.555 Thread 0x0000000014810800 Uncommon trap -34 fr.pc 0x00000000029eb6a0

Internal exceptions (10 events):
Event: 3.911 Thread 0x0000000017a38800 Threw 0x00000007ab70c448 at C:\jdk7u1_64p\jdk7u7\hotspot\src\share\vm\prims\jvm.cpp:1166
Event: 3.912 Thread 0x0000000017a38800 Threw 0x00000007ab70f218 at C:\jdk7u1_64p\jdk7u7\hotspot\src\share\vm\prims\jvm.cpp:1166
Event: 3.913 Thread 0x0000000017a38800 Threw 0x00000007ab7123c8 at C:\jdk7u1_64p\jdk7u7\hotspot\src\share\vm\prims\jvm.cpp:1166
Event: 3.913 Thread 0x0000000017a38800 Threw 0x00000007ab715198 at C:\jdk7u1_64p\jdk7u7\hotspot\src\share\vm\prims\jvm.cpp:1166
Event: 4.037 Thread 0x00000000174ac000 Threw 0x00000007abc5b008 at C:\jdk7u1_64p\jdk7u7\hotspot\src\share\vm\prims\jvm.cpp:1166
Event: 4.040 Thread 0x00000000174ac000 Threw 0x00000007abc6b898 at C:\jdk7u1_64p\jdk7u7\hotspot\src\share\vm\prims\jvm.cpp:1166
Event: 4.243 Thread 0x00000000174ac000 Threw 0x00000007ac60d438 at C:\jdk7u1_64p\jdk7u7\hotspot\src\share\vm\prims\jvm.cpp:1166
Event: 10.529 Thread 0x0000000014810800 Threw 0x00000007ace99bb0 at C:\jdk7u1_64p\jdk7u7\hotspot\src\share\vm\prims\jvm.cpp:1166
Event: 10.529 Thread 0x0000000014810800 Threw 0x00000007afa58e88 at C:\jdk7u1_64p\jdk7u7\hotspot\src\share\vm\prims\jvm.cpp:1166
Event: 10.554 Thread 0x0000000014810800 Threw 0x00000007b12df508 at C:\jdk7u1_64p\jdk7u7\hotspot\src\share\vm\prims\jvm.cpp:1166

Events (10 events):
Event: 12.080 Executing VM operation: ParallelGCFailedAllocation
Event: 12.080 Executing VM operation: ParallelGCFailedAllocation done
Event: 12.082 Executing VM operation: ParallelGCSystemGC
Event: 12.088 Executing VM operation: ParallelGCSystemGC done
Event: 12.380 loading class 0x0000000014cb0aa0
Event: 12.380 loading class 0x0000000014cb0aa0 done
Event: 12.380 loading class 0x00000000149adf90
Event: 12.380 loading class 0x0000000014cd2ce0
Event: 12.380 loading class 0x0000000014cd2ce0 done
Event: 12.380 loading class 0x00000000149adf90 done


Dynamic libraries:
0x000007f7f0ad0000 - 0x000007f7f0b04000 	F:\Program Files\Java\Jre7\bin\javaw.exe
0x000007f95e1d0000 - 0x000007f95e38e000 	C:\WINDOWS\SYSTEM32\ntdll.dll
0x000007f95d7e0000 - 0x000007f95d916000 	C:\WINDOWS\system32\KERNEL32.DLL
0x000007f95b470000 - 0x000007f95b563000 	C:\WINDOWS\system32\KERNELBASE.dll
0x000007f95ca50000 - 0x000007f95cb2e000 	C:\WINDOWS\system32\ADVAPI32.dll
0x000007f95ce50000 - 0x000007f95cf9c000 	C:\WINDOWS\system32\USER32.dll
0x000007f958910000 - 0x000007f958b79000 	C:\WINDOWS\WinSxS\amd64_microsoft.windows.common-controls_6595b64144ccf1df_6.0.9200.16384_none_418c2a697189c07f\COMCTL32.dll
0x000007f95d590000 - 0x000007f95d635000 	C:\WINDOWS\system32\msvcrt.dll
0x000007f95db40000 - 0x000007f95db88000 	C:\WINDOWS\SYSTEM32\sechost.dll
0x000007f95d6a0000 - 0x000007f95d7e0000 	C:\WINDOWS\system32\RPCRT4.dll
0x000007f95b620000 - 0x000007f95b760000 	C:\WINDOWS\system32\GDI32.dll
0x000007f95dcd0000 - 0x000007f95dd09000 	C:\WINDOWS\system32\IMM32.DLL
0x000007f95cd30000 - 0x000007f95ce45000 	C:\WINDOWS\system32\MSCTF.dll
0x000007f95b0c0000 - 0x000007f95b0c8000 	C:\PROGRA~2\NVIDIA~1\3DVISI~1\NVSTIN~1.DLL
0x000007f95d990000 - 0x000007f95d997000 	C:\WINDOWS\system32\PSAPI.DLL
0x000000006f560000 - 0x000000006f603000 	C:\WINDOWS\WinSxS\amd64_microsoft.vc90.crt_1fc8b3b9a1e18e3b_9.0.30729.6871_none_08e717a5a83adddf\MSVCR90.dll
0x000000006db00000 - 0x000000006dbd1000 	F:\Program Files\Java\Jre7\bin\msvcr100.dll
0x000000006d3e0000 - 0x000000006daff000 	F:\Program Files\Java\Jre7\bin\server\jvm.dll
0x000007f953860000 - 0x000007f953869000 	C:\WINDOWS\SYSTEM32\WSOCK32.dll
0x000007f958800000 - 0x000007f958820000 	C:\WINDOWS\SYSTEM32\WINMM.dll
0x000007f95d920000 - 0x000007f95d978000 	C:\WINDOWS\system32\WS2_32.dll
0x000007f958100000 - 0x000007f958132000 	C:\WINDOWS\SYSTEM32\WINMMBASE.dll
0x000007f95dd10000 - 0x000007f95dd19000 	C:\WINDOWS\system32\NSI.dll
0x000000006d3d0000 - 0x000000006d3df000 	F:\Program Files\Java\Jre7\bin\verify.dll
0x000000006d3a0000 - 0x000000006d3c8000 	F:\Program Files\Java\Jre7\bin\java.dll
0x000000006d380000 - 0x000000006d395000 	F:\Program Files\Java\Jre7\bin\zip.dll
0x000000006c580000 - 0x000000006c713000 	F:\Program Files\Java\Jre7\bin\awt.dll
0x000007f95db90000 - 0x000007f95dc53000 	C:\WINDOWS\system32\OLEAUT32.dll
0x000007f95d3e0000 - 0x000007f95d590000 	C:\WINDOWS\system32\combase.dll
0x000007f955390000 - 0x000007f95542f000 	C:\WINDOWS\system32\apphelp.dll
0x000007f959ec0000 - 0x000007f959fa3000 	C:\WINDOWS\system32\uxtheme.dll
0x000007f9552f0000 - 0x000007f955385000 	C:\Program Files\Common Files\microsoft shared\ink\tiptsf.dll
0x000007f959650000 - 0x000007f959671000 	C:\WINDOWS\SYSTEM32\dwmapi.dll
0x000007f95cfa0000 - 0x000007f95d11e000 	C:\WINDOWS\system32\ole32.dll
0x000007f95af30000 - 0x000007f95af3a000 	C:\WINDOWS\SYSTEM32\CRYPTBASE.dll
0x000007f95aeb0000 - 0x000007f95af0c000 	C:\WINDOWS\SYSTEM32\bcryptPrimitives.dll
0x000007f95b760000 - 0x000007f95ca48000 	C:\WINDOWS\system32\SHELL32.dll
0x000007f95dc80000 - 0x000007f95dcd0000 	C:\WINDOWS\system32\SHLWAPI.dll
0x000007f95a290000 - 0x000007f95a326000 	C:\WINDOWS\SYSTEM32\shcore.dll
0x000000006e430000 - 0x000000006e4c8000 	C:\Windows\System32\msvcp100.dll
0x000007f945e60000 - 0x000007f9460b8000 	C:\opencv\build\x64\vc10\bin\opencv_core243.dll
0x000007f954c40000 - 0x000007f954cd5000 	C:\Users\Jonas\AppData\Local\Temp\javacpp231875197717747\jniopencv_core.dll
0x000007f943c30000 - 0x000007f943ed5000 	C:\opencv\build\x64\vc10\bin\opencv_imgproc243.dll
0x000007f954bf0000 - 0x000007f954c38000 	C:\Users\Jonas\AppData\Local\Temp\javacpp231875197717747\jniopencv_imgproc.dll
0x0000000066840000 - 0x00000000675ca000 	C:\opencv\build\x64\vc10\bin\opencv_ffmpeg243_64.dll
0x000007f9422f0000 - 0x000007f94253b000 	C:\opencv\build\x64\vc10\bin\opencv_highgui243.dll
0x000007f954af0000 - 0x000007f954b10000 	C:\WINDOWS\SYSTEM32\AVIFIL32.dll
0x000007f9547b0000 - 0x000007f9547d9000 	C:\WINDOWS\SYSTEM32\MSVFW32.dll
0x000007f954b70000 - 0x000007f954b87000 	C:\WINDOWS\SYSTEM32\AVICAP32.dll
0x000007f948660000 - 0x000007f948679000 	C:\WINDOWS\SYSTEM32\MSACM32.dll
0x000007f959620000 - 0x000007f959629000 	C:\WINDOWS\SYSTEM32\VERSION.dll
0x000007f954a20000 - 0x000007f954a33000 	C:\Users\Jonas\AppData\Local\Temp\javacpp231875197717747\jniopencv_highgui.dll
0x000007f95cc90000 - 0x000007f95cd26000 	C:\WINDOWS\SYSTEM32\clbcatq.dll
0x000007f954980000 - 0x000007f954997000 	C:\Windows\System32\devenum.dll
0x000007f95e000000 - 0x000007f95e1d0000 	C:\WINDOWS\system32\setupapi.dll
0x000007f95b390000 - 0x000007f95b3df000 	C:\WINDOWS\system32\CFGMGR32.dll
0x000007f95b440000 - 0x000007f95b462000 	C:\WINDOWS\system32\DEVOBJ.dll
0x000007f954440000 - 0x000007f95446e000 	C:\WINDOWS\SYSTEM32\ntmarta.dll
0x000007f95b3e0000 - 0x000007f95b435000 	C:\WINDOWS\system32\WINTRUST.dll
0x000007f95b1b0000 - 0x000007f95b387000 	C:\WINDOWS\system32\CRYPT32.dll
0x000007f95b190000 - 0x000007f95b1a6000 	C:\WINDOWS\system32\MSASN1.dll
0x000007f9587f0000 - 0x000007f9587fd000 	C:\WINDOWS\SYSTEM32\msdmo.dll
0x000007f952370000 - 0x000007f95239f000 	C:\Windows\System32\qcap.dll
0x000007f944d50000 - 0x000007f944f08000 	C:\Windows\System32\quartz.dll
0x000007f951fc0000 - 0x000007f951fff000 	C:\Windows\System32\ksproxy.ax
0x000007f955b30000 - 0x000007f955b37000 	C:\Windows\System32\ksuser.dll
0x000007f94a240000 - 0x000007f94a440000 	C:\Windows\System32\d3d9.dll
0x000007f955430000 - 0x000007f95543c000 	C:\Windows\System32\vidcap.ax
0x000007f952150000 - 0x000007f952174000 	C:\Windows\System32\kswdmcap.ax
0x000007f943950000 - 0x000007f943aa4000 	C:\Windows\System32\MFC42.dll
0x000007f945700000 - 0x000007f9457be000 	C:\Windows\System32\ODBC32.dll
0x000007f945820000 - 0x000007f9458b5000 	C:\Windows\System32\qedit.dll
0x000007f95df50000 - 0x000007f95dff1000 	C:\WINDOWS\system32\COMDLG32.dll
0x000007f95d9a0000 - 0x000007f95db40000 	C:\WINDOWS\WinSxS\amd64_microsoft.windows.gdiplus_6595b64144ccf1df_1.1.9200.16384_none_72771d4ecc1c3a4d\gdiplus.dll
0x000007f942540000 - 0x000007f94262a000 	C:\WINDOWS\SYSTEM32\DDRAW.dll
0x000007f957440000 - 0x000007f957448000 	C:\WINDOWS\SYSTEM32\DCIMAN32.dll
0x000000006c540000 - 0x000000006c574000 	F:\Program Files\Java\Jre7\bin\fontmanager.dll
0x000007f93d8c0000 - 0x000007f93ea40000 	C:\WINDOWS\SYSTEM32\nvd3dumx.dll
0x000007f95afb0000 - 0x000007f95aff3000 	C:\WINDOWS\SYSTEM32\powrprof.dll
0x0000000180000000 - 0x0000000180116000 	C:\Program Files (x86)\NVIDIA Corporation\3D Vision\nvSCPAPI64.dll
0x000007f958830000 - 0x000007f9588a4000 	C:\WINDOWS\SYSTEM32\dxgi.dll
0x000007f957c90000 - 0x000007f957f52000 	C:\WINDOWS\SYSTEM32\nvapi64.dll
0x000007f958140000 - 0x000007f95815f000 	C:\WINDOWS\SYSTEM32\DXGIDebug.dll
0x000000006d360000 - 0x000000006d379000 	F:\Program Files\Java\Jre7\bin\net.dll
0x000007f95a920000 - 0x000007f95a97c000 	C:\WINDOWS\system32\mswsock.dll
0x000000006d340000 - 0x000000006d351000 	F:\Program Files\Java\Jre7\bin\nio.dll
0x000000006c4f0000 - 0x000000006c531000 	F:\Program Files\Java\Jre7\bin\t2k.dll
0x000007f958d90000 - 0x000007f958f1a000 	C:\WINDOWS\SYSTEM32\WindowsCodecs.dll
0x000007f95b0e0000 - 0x000007f95b0f5000 	C:\WINDOWS\SYSTEM32\profapi.dll
0x000007f957fd0000 - 0x000007f958039000 	C:\WINDOWS\SYSTEM32\oleacc.dll
0x000000006c4c0000 - 0x000000006c4ea000 	F:\Program Files\Java\Jre7\bin\dcpr.dll

VM Arguments:
jvm_args: -Dfile.encoding=Cp1252 
java_command: emcscanner.kth.se.Program
Launcher Type: SUN_STANDARD

Environment Variables:
PATH=C:\Program Files (x86)\NVIDIA Corporation\PhysX\Common;C:\WINDOWS\system32;C:\WINDOWS;C:\WINDOWS\System32\Wbem;C:\WINDOWS\System32\WindowsPowerShell\v1.0\;C:\Program Files (x86)\Microsoft SQL Server\90\Tools\binn\;C:\Program Files (x86)\Autodesk\Backburner\;F:\Program Files\MATLAB\R2012a\runtime\win64;F:\Program Files\MATLAB\R2012a\bin;PROGRAMFILES\Internet Explorer;C:\Program Files\Perforce;F:\Program Files\Perforce;C:\Program Files\Microsoft\Web Platform Installer\;C:\Program Files (x86)\Microsoft ASP.NET\ASP.NET Web Pages\v1.0\;C:\Program Files (x86)\Windows Kits\8.0\Windows Performance Toolkit\;C:\Program Files\Microsoft SQL Server\110\Tools\Binn\;F:\Program Files\Perforce\Server
USERNAME=Jonas
OS=Windows_NT
PROCESSOR_IDENTIFIER=Intel64 Family 6 Model 42 Stepping 7, GenuineIntel



---------------  S Y S T E M  ---------------

OS: Windows 8 , 64 bit Build 9200 

CPU:total 8 (4 cores per cpu, 2 threads per core) family 6 model 42 stepping 7, cmov, cx8, fxsr, mmx, sse, sse2, sse3, ssse3, sse4.1, sse4.2, popcnt, avx, ht, tsc, tscinvbit

Memory: 4k page, physical 16751668k(11290392k free), swap 33528884k(23516900k free)

vm_info: Java HotSpot(TM) 64-Bit Server VM (23.3-b01) for windows-amd64 JRE (1.7.0_07-b11), built on Sep  7 2012 01:19:25 by "java_re" with unknown MS VC++:1600

time: Thu Jan 31 16:20:16 2013
elapsed time: 13 seconds

