#
# A fatal error has been detected by the Java Runtime Environment:
#
#  EXCEPTION_ACCESS_VIOLATION (0xc0000005) at pc=0x000007fe834a8bc0, pid=7880, tid=7308
#
# JRE version: 7.0_07-b11
# Java VM: Java HotSpot(TM) 64-Bit Server VM (23.3-b01 mixed mode windows-amd64 compressed oops)
# Problematic frame:
# C  [ntdll.dll+0x18bc0]  RtlQueueWorkItem+0x8a0
#
# Failed to write core dump. Minidumps are not enabled by default on client versions of Windows
#
# If you would like to submit a bug report, please visit:
#   http://bugreport.sun.com/bugreport/crash.jsp
# The crash happened outside the Java Virtual Machine in native code.
# See problematic frame for where to report the bug.
#

---------------  T H R E A D  ---------------

Current thread (0x0000000019c2a000):  JavaThread "threadDisplay" daemon [_thread_in_native, id=7308, stack(0x00000000189a0000,0x0000000018aa0000)]

siginfo: ExceptionCode=0xc0000005, writing address 0x0000000000000024

Registers:
RAX=0x0000000000000000, RBX=0x000000001a48f608, RCX=0x00000000fffffffc, RDX=0x0000000000000674
RSP=0x0000000018a9ed10, RBP=0x0000000000000000, RSI=0x0000000000000674, RDI=0x0000000000000000
R8 =0xffffffffffffffff, R9 =0x0000000000000004, R10=0x0000000000000000, R11=0x0000000000000246
R12=0x0000000000000000, R13=0x0000000000000000, R14=0x000007f6179a0000, R15=0x0000000000000000
RIP=0x000007fe834a8bc0, EFLAGS=0x0000000000010213

Top of Stack: (sp=0x0000000018a9ed10)
0x0000000018a9ed10:   0000000000000674 00000006fb82776b
0x0000000018a9ed20:   0000000018a9ed70 00000006fb82b4a0
0x0000000018a9ed30:   0000000000000000 00000006fb827780
0x0000000018a9ed40:   0000000000000000 0000000018a9ed68
0x0000000018a9ed50:   0000000000000000 0000000002d861f8
0x0000000018a9ed60:   0000000000000000 00000007aad09c88
0x0000000018a9ed70:   0000000701fbb530 000007fe805810ea
0x0000000018a9ed80:   00000006fb8275ed 0000000018a9edd0
0x0000000018a9ed90:   00008a389f50d345 0000000000000000
0x0000000018a9eda0:   0000000000000004 0000000000000001
0x0000000018a9edb0:   000000001edcb050 00000000ff000000
0x0000000018a9edc0:   0000000000000000 0000000000000000
0x0000000018a9edd0:   000007f6179a0000 000007fe8349f4d4
0x0000000018a9ede0:   0000000000000000 0000000000000000
0x0000000018a9edf0:   000000001a48f608 0000000000000000
0x0000000018a9ee00:   0000000000000000 0000000019c2a1d8 

Instructions: (pc=0x000007fe834a8bc0)
0x000007fe834a8ba0:   43 08 a8 01 0f 85 bd 67 ff ff 8b c8 2b cd f0 0f
0x000007fe834a8bb0:   b1 4b 08 75 ea 48 8b 03 33 ed 48 83 f8 ff 74 03
0x000007fe834a8bc0:   ff 40 24 41 bf 82 03 fe 7f 41 80 3f 00 0f 85 69
0x000007fe834a8bd0:   7a 0e 00 48 83 fe ff 0f 84 bf 7a 0e 00 4c 8b c7 


Register to memory mapping:

RAX=0x0000000000000000 is an unknown value
RBX=0x000000001a48f608 is an unknown value
RCX=0x00000000fffffffc is an unknown value
RDX=0x0000000000000674 is an unknown value
RSP=0x0000000018a9ed10 is pointing into the stack for thread: 0x0000000019c2a000
RBP=0x0000000000000000 is an unknown value
RSI=0x0000000000000674 is an unknown value
RDI=0x0000000000000000 is an unknown value
R8 =0xffffffffffffffff is an unknown value
R9 =0x0000000000000004 is an unknown value
R10=0x0000000000000000 is an unknown value
R11=0x0000000000000246 is an unknown value
R12=0x0000000000000000 is an unknown value
R13=0x0000000000000000 is an unknown value
R14=0x000007f6179a0000 is an unknown value
R15=0x0000000000000000 is an unknown value


Stack: [0x00000000189a0000,0x0000000018aa0000],  sp=0x0000000018a9ed10,  free space=1019k
Native frames: (J=compiled Java code, j=interpreted, Vv=VM code, C=native code)
C  [ntdll.dll+0x18bc0]  RtlQueueWorkItem+0x8a0

[error occurred during error reporting (printing native stack), id 0xc0000005]

Java frames: (J=compiled Java code, j=interpreted, Vv=VM code)
j  com.googlecode.javacv.cpp.opencv_highgui.cvRetrieveFrame(Lcom/googlecode/javacv/cpp/opencv_highgui$CvCapture;I)Lcom/googlecode/javacv/cpp/opencv_core$IplImage;+0
j  com.googlecode.javacv.cpp.opencv_highgui.cvRetrieveFrame(Lcom/googlecode/javacv/cpp/opencv_highgui$CvCapture;)Lcom/googlecode/javacv/cpp/opencv_core$IplImage;+2
j  com.googlecode.javacv.OpenCVFrameGrabber.grab()Lcom/googlecode/javacv/cpp/opencv_core$IplImage;+4
j  emcscanner.kth.se.CameraPanel$1.run()V+3
v  ~StubRoutines::call_stub

---------------  P R O C E S S  ---------------

Java Threads: ( => current thread )
  0x0000000013edb800 JavaThread "Thread-0" daemon [_thread_in_native, id=1692, stack(0x000000001be10000,0x000000001bf10000)]
  0x000000001996f000 JavaThread "ICEpdf-pagePainter" daemon [_thread_blocked, id=7592, stack(0x000000001f710000,0x000000001f810000)]
  0x0000000019965000 JavaThread "ICEpdf-pageInitializer" daemon [_thread_blocked, id=2764, stack(0x000000001f4d0000,0x000000001f5d0000)]
  0x0000000000fce000 JavaThread "DestroyJavaVM" [_thread_blocked, id=5256, stack(0x0000000002b80000,0x0000000002c80000)]
=>0x0000000019c2a000 JavaThread "threadDisplay" daemon [_thread_in_native, id=7308, stack(0x00000000189a0000,0x0000000018aa0000)]
  0x0000000018ebf000 JavaThread "TimerQueue" daemon [_thread_blocked, id=6676, stack(0x0000000017490000,0x0000000017590000)]
  0x000000001414d800 JavaThread "AWT-EventQueue-0" [_thread_blocked, id=5696, stack(0x0000000019550000,0x0000000019650000)]
  0x000000001407a800 JavaThread "Image Fetcher 0" daemon [_thread_blocked, id=7108, stack(0x0000000019450000,0x0000000019550000)]
  0x0000000013fb5800 JavaThread "AWT-Windows" daemon [_thread_in_native, id=6028, stack(0x0000000014ad0000,0x0000000014bd0000)]
  0x0000000013fad000 JavaThread "AWT-Shutdown" [_thread_blocked, id=3900, stack(0x00000000149d0000,0x0000000014ad0000)]
  0x0000000013fac000 JavaThread "Java2D Disposer" daemon [_thread_blocked, id=8008, stack(0x00000000148d0000,0x00000000149d0000)]
  0x00000000118a4800 JavaThread "Service Thread" daemon [_thread_blocked, id=6000, stack(0x0000000013ca0000,0x0000000013da0000)]
  0x00000000118a0000 JavaThread "C2 CompilerThread1" daemon [_thread_blocked, id=6112, stack(0x0000000013ba0000,0x0000000013ca0000)]
  0x0000000011899000 JavaThread "C2 CompilerThread0" daemon [_thread_blocked, id=1588, stack(0x0000000013aa0000,0x0000000013ba0000)]
  0x0000000011897800 JavaThread "Attach Listener" daemon [_thread_blocked, id=7452, stack(0x00000000139a0000,0x0000000013aa0000)]
  0x000000001188b000 JavaThread "Signal Dispatcher" daemon [_thread_blocked, id=7952, stack(0x00000000138a0000,0x00000000139a0000)]
  0x000000001182e800 JavaThread "Finalizer" daemon [_thread_blocked, id=2012, stack(0x00000000137a0000,0x00000000138a0000)]
  0x0000000011827000 JavaThread "Reference Handler" daemon [_thread_blocked, id=3552, stack(0x00000000136a0000,0x00000000137a0000)]

Other Threads:
  0x0000000011822000 VMThread [stack: 0x00000000135a0000,0x00000000136a0000] [id=5320]
  0x00000000118bf000 WatcherThread [stack: 0x0000000013da0000,0x0000000013ea0000] [id=7972]

VM state:not at safepoint (normal execution)

VM Mutex/Monitor currently owned by a thread: None

Heap
 PSYoungGen      total 141824K, used 129891K [0x00000007aacb0000, 0x00000007bf570000, 0x0000000800000000)
  eden space 130944K, 99% used [0x00000007aacb0000,0x00000007b2b88d20,0x00000007b2c90000)
  from space 10880K, 0% used [0x00000007b2c90000,0x00000007b2c90000,0x00000007b3730000)
  to   space 37376K, 0% used [0x00000007bd0f0000,0x00000007bd0f0000,0x00000007bf570000)
 ParOldGen       total 141440K, used 54714K [0x0000000700600000, 0x0000000709020000, 0x00000007aacb0000)
  object space 141440K, 38% used [0x0000000700600000,0x0000000703b6e9b0,0x0000000709020000)
 PSPermGen       total 36160K, used 17833K [0x00000006fb400000, 0x00000006fd750000, 0x0000000700600000)
  object space 36160K, 49% used [0x00000006fb400000,0x00000006fc56a790,0x00000006fd750000)

Card table byte_map: [0x0000000005e40000,0x0000000006670000] byte_map_base: 0x0000000002666000

Polling page: 0x0000000002af0000

Code Cache  [0x0000000002d80000, 0x0000000002ff0000, 0x0000000005d80000)
 total_blobs=856 nmethods=268 adapters=539 free_code_cache=47807Kb largest_free_block=48885952

Compilation events (10 events):
Event: 6.792 Thread 0x00000000118a0000  269             javax.swing.text.StyleContext$SmallAttributeSet::getLocalAttribute (49 bytes)
Event: 6.795 Thread 0x00000000118a0000 nmethod 269 0x0000000002ebbb50 code [0x0000000002ebbca0, 0x0000000002ebbef8]
Event: 7.064 Thread 0x0000000011899000  270             java.util.concurrent.ConcurrentHashMap::get (141 bytes)
Event: 7.067 Thread 0x0000000011899000 nmethod 270 0x0000000002edc350 code [0x0000000002edc4c0, 0x0000000002edc728]
Event: 8.394 Thread 0x00000000118a0000  271             java.awt.Rectangle::<init> (26 bytes)
Event: 8.395 Thread 0x00000000118a0000 nmethod 271 0x0000000002ebb950 code [0x0000000002ebba80, 0x0000000002ebbaf8]
Event: 8.898 Thread 0x0000000011899000  272             java.util.concurrent.locks.ReentrantLock$NonfairSync::lock (25 bytes)
Event: 8.898 Thread 0x00000000118a0000  273             java.util.concurrent.locks.ReentrantLock::lock (8 bytes)
Event: 8.899 Thread 0x0000000011899000 nmethod 272 0x0000000002edbf10 code [0x0000000002edc080, 0x0000000002edc1b0]
Event: 8.899 Thread 0x00000000118a0000 nmethod 273 0x0000000002ea4bd0 code [0x0000000002ea4d40, 0x0000000002ea4e90]

GC Heap History (10 events):
Event: 4.975 GC heap before
{Heap before GC invocations=2 (full 0):
 PSYoungGen      total 76352K, used 73556K [0x00000007aacb0000, 0x00000007b01e0000, 0x0000000800000000)
  eden space 65472K, 95% used [0x00000007aacb0000,0x00000007ae9e8e10,0x00000007aeca0000)
  from space 10880K, 99% used [0x00000007aeca0000,0x00000007af73c280,0x00000007af740000)
  to   space 10880K, 0% used [0x00000007af740000,0x00000007af740000,0x00000007b01e0000)
 ParOldGen       total 174528K, used 899K [0x0000000700600000, 0x000000070b070000, 0x00000007aacb0000)
  object space 174528K, 0% used [0x0000000700600000,0x00000007006e0f50,0x000000070b070000)
 PSPermGen       total 21248K, used 17592K [0x00000006fb400000, 0x00000006fc8c0000, 0x0000000700600000)
  object space 21248K, 82% used [0x00000006fb400000,0x00000006fc52e3d8,0x00000006fc8c0000)
Event: 4.984 GC heap after
Heap after GC invocations=2 (full 0):
 PSYoungGen      total 76352K, used 10878K [0x00000007aacb0000, 0x00000007b01e0000, 0x0000000800000000)
  eden space 65472K, 0% used [0x00000007aacb0000,0x00000007aacb0000,0x00000007aeca0000)
  from space 10880K, 99% used [0x00000007af740000,0x00000007b01dfaf0,0x00000007b01e0000)
  to   space 10880K, 0% used [0x00000007aeca0000,0x00000007aeca0000,0x00000007af740000)
 ParOldGen       total 174528K, used 17993K [0x0000000700600000, 0x000000070b070000, 0x00000007aacb0000)
  object space 174528K, 10% used [0x0000000700600000,0x00000007017927f8,0x000000070b070000)
 PSPermGen       total 21248K, used 17592K [0x00000006fb400000, 0x00000006fc8c0000, 0x0000000700600000)
  object space 21248K, 82% used [0x00000006fb400000,0x00000006fc52e3d8,0x00000006fc8c0000)
}
Event: 5.344 GC heap before
{Heap before GC invocations=3 (full 0):
 PSYoungGen      total 76352K, used 74053K [0x00000007aacb0000, 0x00000007b01e0000, 0x0000000800000000)
  eden space 65472K, 96% used [0x00000007aacb0000,0x00000007aea61a68,0x00000007aeca0000)
  from space 10880K, 99% used [0x00000007af740000,0x00000007b01dfaf0,0x00000007b01e0000)
  to   space 10880K, 0% used [0x00000007aeca0000,0x00000007aeca0000,0x00000007af740000)
 ParOldGen       total 174528K, used 17993K [0x0000000700600000, 0x000000070b070000, 0x00000007aacb0000)
  object space 174528K, 10% used [0x0000000700600000,0x00000007017927f8,0x000000070b070000)
 PSPermGen       total 21248K, used 17640K [0x00000006fb400000, 0x00000006fc8c0000, 0x0000000700600000)
  object space 21248K, 83% used [0x00000006fb400000,0x00000006fc53a2e0,0x00000006fc8c0000)
Event: 5.351 GC heap after
Heap after GC invocations=3 (full 0):
 PSYoungGen      total 76352K, used 10878K [0x00000007aacb0000, 0x00000007b41d0000, 0x0000000800000000)
  eden space 65472K, 0% used [0x00000007aacb0000,0x00000007aacb0000,0x00000007aeca0000)
  from space 10880K, 99% used [0x00000007aeca0000,0x00000007af73faf0,0x00000007af740000)
  to   space 10880K, 0% used [0x00000007b3730000,0x00000007b3730000,0x00000007b41d0000)
 ParOldGen       total 174528K, used 36286K [0x0000000700600000, 0x000000070b070000, 0x00000007aacb0000)
  object space 174528K, 20% used [0x0000000700600000,0x000000070296f818,0x000000070b070000)
 PSPermGen       total 21248K, used 17640K [0x00000006fb400000, 0x00000006fc8c0000, 0x0000000700600000)
  object space 21248K, 83% used [0x00000006fb400000,0x00000006fc53a2e0,0x00000006fc8c0000)
}
Event: 5.680 GC heap before
{Heap before GC invocations=4 (full 0):
 PSYoungGen      total 76352K, used 72934K [0x00000007aacb0000, 0x00000007b41d0000, 0x0000000800000000)
  eden space 65472K, 94% used [0x00000007aacb0000,0x00000007ae949fd0,0x00000007aeca0000)
  from space 10880K, 99% used [0x00000007aeca0000,0x00000007af73faf0,0x00000007af740000)
  to   space 10880K, 0% used [0x00000007b3730000,0x00000007b3730000,0x00000007b41d0000)
 ParOldGen       total 174528K, used 36286K [0x0000000700600000, 0x000000070b070000, 0x00000007aacb0000)
  object space 174528K, 20% used [0x0000000700600000,0x000000070296f818,0x000000070b070000)
 PSPermGen       total 21248K, used 17643K [0x00000006fb400000, 0x00000006fc8c0000, 0x0000000700600000)
  object space 21248K, 83% used [0x00000006fb400000,0x00000006fc53ace8,0x00000006fc8c0000)
Event: 5.688 GC heap after
Heap after GC invocations=4 (full 0):
 PSYoungGen      total 141824K, used 10862K [0x00000007aacb0000, 0x00000007b41d0000, 0x0000000800000000)
  eden space 130944K, 0% used [0x00000007aacb0000,0x00000007aacb0000,0x00000007b2c90000)
  from space 10880K, 99% used [0x00000007b3730000,0x00000007b41cbb00,0x00000007b41d0000)
  to   space 10880K, 0% used [0x00000007b2c90000,0x00000007b2c90000,0x00000007b3730000)
 ParOldGen       total 174528K, used 53147K [0x0000000700600000, 0x000000070b070000, 0x00000007aacb0000)
  object space 174528K, 30% used [0x0000000700600000,0x00000007039e6dd8,0x000000070b070000)
 PSPermGen       total 21248K, used 17643K [0x00000006fb400000, 0x00000006fc8c0000, 0x0000000700600000)
  object space 21248K, 83% used [0x00000006fb400000,0x00000006fc53ace8,0x00000006fc8c0000)
}
Event: 6.391 GC heap before
{Heap before GC invocations=5 (full 0):
 PSYoungGen      total 141824K, used 140731K [0x00000007aacb0000, 0x00000007b41d0000, 0x0000000800000000)
  eden space 130944K, 99% used [0x00000007aacb0000,0x00000007b2b83338,0x00000007b2c90000)
  from space 10880K, 99% used [0x00000007b3730000,0x00000007b41cbb00,0x00000007b41d0000)
  to   space 10880K, 0% used [0x00000007b2c90000,0x00000007b2c90000,0x00000007b3730000)
 ParOldGen       total 174528K, used 59222K [0x0000000700600000, 0x000000070b070000, 0x00000007aacb0000)
  object space 174528K, 33% used [0x0000000700600000,0x0000000703fd59e8,0x000000070b070000)
 PSPermGen       total 21248K, used 17690K [0x00000006fb400000, 0x00000006fc8c0000, 0x0000000700600000)
  object space 21248K, 83% used [0x00000006fb400000,0x00000006fc546bd8,0x00000006fc8c0000)
Event: 6.400 GC heap after
Heap after GC invocations=5 (full 0):
 PSYoungGen      total 141824K, used 10862K [0x00000007aacb0000, 0x00000007bf570000, 0x0000000800000000)
  eden space 130944K, 0% used [0x00000007aacb0000,0x00000007aacb0000,0x00000007b2c90000)
  from space 10880K, 99% used [0x00000007b2c90000,0x00000007b372bb00,0x00000007b3730000)
  to   space 37376K, 0% used [0x00000007bd0f0000,0x00000007bd0f0000,0x00000007bf570000)
 ParOldGen       total 174528K, used 76091K [0x0000000700600000, 0x000000070b070000, 0x00000007aacb0000)
  object space 174528K, 43% used [0x0000000700600000,0x000000070504efa8,0x000000070b070000)
 PSPermGen       total 21248K, used 17690K [0x00000006fb400000, 0x00000006fc8c0000, 0x0000000700600000)
  object space 21248K, 83% used [0x00000006fb400000,0x00000006fc546bd8,0x00000006fc8c0000)
}
Event: 9.193 GC heap before
{Heap before GC invocations=6 (full 1):
 PSYoungGen      total 141824K, used 141806K [0x00000007aacb0000, 0x00000007bf570000, 0x0000000800000000)
  eden space 130944K, 100% used [0x00000007aacb0000,0x00000007b2c90000,0x00000007b2c90000)
  from space 10880K, 99% used [0x00000007b2c90000,0x00000007b372bb00,0x00000007b3730000)
  to   space 37376K, 0% used [0x00000007bd0f0000,0x00000007bd0f0000,0x00000007bf570000)
 ParOldGen       total 468032K, used 466560K [0x0000000700600000, 0x000000071cf10000, 0x00000007aacb0000)
  object space 468032K, 99% used [0x0000000700600000,0x000000071cda0168,0x000000071cf10000)
 PSPermGen       total 21248K, used 17812K [0x00000006fb400000, 0x00000006fc8c0000, 0x0000000700600000)
  object space 21248K, 83% used [0x00000006fb400000,0x00000006fc565058,0x00000006fc8c0000)
Event: 9.270 GC heap after
Heap after GC invocations=6 (full 1):
 PSYoungGen      total 141824K, used 0K [0x00000007aacb0000, 0x00000007bf570000, 0x0000000800000000)
  eden space 130944K, 0% used [0x00000007aacb0000,0x00000007aacb0000,0x00000007b2c90000)
  from space 10880K, 0% used [0x00000007b2c90000,0x00000007b2c90000,0x00000007b3730000)
  to   space 37376K, 0% used [0x00000007bd0f0000,0x00000007bd0f0000,0x00000007bf570000)
 ParOldGen       total 141440K, used 30414K [0x0000000700600000, 0x0000000709020000, 0x00000007aacb0000)
  object space 141440K, 21% used [0x0000000700600000,0x00000007023b3970,0x0000000709020000)
 PSPermGen       total 36160K, used 17805K [0x00000006fb400000, 0x00000006fd750000, 0x0000000700600000)
  object space 36160K, 49% used [0x00000006fb400000,0x00000006fc5635c0,0x00000006fd750000)
}

Deoptimization events (10 events):
Event: 1.131 Thread 0x0000000000fce000 Uncommon trap -58 fr.pc 0x0000000002e35c64
Event: 3.818 Thread 0x000000001414d800 Uncommon trap -83 fr.pc 0x0000000002e2af84
Event: 3.862 Thread 0x0000000019965000 Uncommon trap -83 fr.pc 0x0000000002e279f4
Event: 3.907 Thread 0x0000000019965000 Uncommon trap -83 fr.pc 0x0000000002e2abc4
Event: 3.919 Thread 0x0000000019965000 Uncommon trap -83 fr.pc 0x0000000002e89ce8
Event: 3.974 Thread 0x0000000019965000 Uncommon trap -83 fr.pc 0x0000000002e95f8c
Event: 4.003 Thread 0x0000000019965000 Uncommon trap -83 fr.pc 0x0000000002e4f260
Event: 4.192 Thread 0x000000001996f000 Uncommon trap -83 fr.pc 0x0000000002eb63fc
Event: 7.899 Thread 0x000000001414d800 Uncommon trap -83 fr.pc 0x0000000002e2b678
Event: 7.899 Thread 0x000000001414d800 Uncommon trap -83 fr.pc 0x0000000002e219bc

Internal exceptions (10 events):
Event: 4.048 Thread 0x0000000019965000 Threw 0x00000007ae364478 at C:\jdk7u1_64p\jdk7u7\hotspot\src\share\vm\prims\jvm.cpp:1166
Event: 4.050 Thread 0x0000000019965000 Threw 0x00000007ae3748e0 at C:\jdk7u1_64p\jdk7u7\hotspot\src\share\vm\prims\jvm.cpp:1166
Event: 4.050 Thread 0x0000000019965000 Threw 0x00000007ae3776b0 at C:\jdk7u1_64p\jdk7u7\hotspot\src\share\vm\prims\jvm.cpp:1166
Event: 4.052 Thread 0x0000000019965000 Threw 0x00000007ae37a860 at C:\jdk7u1_64p\jdk7u7\hotspot\src\share\vm\prims\jvm.cpp:1166
Event: 4.052 Thread 0x0000000019965000 Threw 0x00000007ae37d630 at C:\jdk7u1_64p\jdk7u7\hotspot\src\share\vm\prims\jvm.cpp:1166
Event: 4.173 Thread 0x000000001996f000 Threw 0x00000007ae8f1f70 at C:\jdk7u1_64p\jdk7u7\hotspot\src\share\vm\prims\jvm.cpp:1166
Event: 4.176 Thread 0x000000001996f000 Threw 0x00000007ae902800 at C:\jdk7u1_64p\jdk7u7\hotspot\src\share\vm\prims\jvm.cpp:1166
Event: 4.378 Thread 0x000000001996f000 Threw 0x00000007ac00e8f0 at C:\jdk7u1_64p\jdk7u7\hotspot\src\share\vm\prims\jvm.cpp:1166
Event: 7.899 Thread 0x000000001414d800 Implicit null exception at 0x0000000002e2b316 to 0x0000000002e2b661
Event: 7.899 Thread 0x000000001414d800 Implicit null exception at 0x0000000002e21656 to 0x0000000002e219a5

Events (10 events):
Event: 9.193 Executing VM operation: ParallelGCSystemGC
Event: 9.270 Executing VM operation: ParallelGCSystemGC done
Event: 9.270 Executing VM operation: RevokeBias
Event: 9.271 Executing VM operation: RevokeBias done
Event: 9.271 Executing VM operation: RevokeBias
Event: 9.271 Executing VM operation: RevokeBias done
Event: 9.271 Executing VM operation: RevokeBias
Event: 9.271 Executing VM operation: RevokeBias done
Event: 9.271 Executing VM operation: RevokeBias
Event: 9.271 Executing VM operation: RevokeBias done


Dynamic libraries:
0x000007f617cb0000 - 0x000007f617ce4000 	F:\Program Files\Java\Jre7\bin\javaw.exe
0x000007fe83490000 - 0x000007fe8364e000 	C:\WINDOWS\SYSTEM32\ntdll.dll
0x000007fe83350000 - 0x000007fe83486000 	C:\WINDOWS\system32\KERNEL32.DLL
0x000007fe80580000 - 0x000007fe80673000 	C:\WINDOWS\system32\KERNELBASE.dll
0x000007fe82eb0000 - 0x000007fe82f8e000 	C:\WINDOWS\system32\ADVAPI32.dll
0x000007fe80a10000 - 0x000007fe80b5c000 	C:\WINDOWS\system32\USER32.dll
0x000007fe7db90000 - 0x000007fe7ddf9000 	C:\WINDOWS\WinSxS\amd64_microsoft.windows.common-controls_6595b64144ccf1df_6.0.9200.16384_none_418c2a697189c07f\COMCTL32.dll
0x000007fe82890000 - 0x000007fe82935000 	C:\WINDOWS\system32\msvcrt.dll
0x000007fe82840000 - 0x000007fe82888000 	C:\WINDOWS\SYSTEM32\sechost.dll
0x000007fe82970000 - 0x000007fe82ab0000 	C:\WINDOWS\system32\RPCRT4.dll
0x000007fe82ab0000 - 0x000007fe82bf0000 	C:\WINDOWS\system32\GDI32.dll
0x000007fe80b60000 - 0x000007fe80b99000 	C:\WINDOWS\system32\IMM32.DLL
0x000007fe82720000 - 0x000007fe82835000 	C:\WINDOWS\system32\MSCTF.dll
0x000007fe80380000 - 0x000007fe80388000 	C:\PROGRA~2\NVIDIA~1\3DVISI~1\NVSTIN~1.DLL
0x000007fe82940000 - 0x000007fe82947000 	C:\WINDOWS\system32\PSAPI.DLL
0x000000006acd0000 - 0x000000006ad73000 	C:\WINDOWS\WinSxS\amd64_microsoft.vc90.crt_1fc8b3b9a1e18e3b_9.0.30729.6871_none_08e717a5a83adddf\MSVCR90.dll
0x0000000069bb0000 - 0x0000000069c81000 	F:\Program Files\Java\Jre7\bin\msvcr100.dll
0x0000000068a20000 - 0x000000006913f000 	F:\Program Files\Java\Jre7\bin\server\jvm.dll
0x000007fe78b00000 - 0x000007fe78b09000 	C:\WINDOWS\SYSTEM32\WSOCK32.dll
0x000007fe7de20000 - 0x000007fe7de40000 	C:\WINDOWS\SYSTEM32\WINMM.dll
0x000007fe826a0000 - 0x000007fe826f8000 	C:\WINDOWS\system32\WS2_32.dll
0x000007fe7d3c0000 - 0x000007fe7d3f2000 	C:\WINDOWS\SYSTEM32\WINMMBASE.dll
0x000007fe82700000 - 0x000007fe82709000 	C:\WINDOWS\system32\NSI.dll
0x0000000069ba0000 - 0x0000000069baf000 	F:\Program Files\Java\Jre7\bin\verify.dll
0x0000000069b70000 - 0x0000000069b98000 	F:\Program Files\Java\Jre7\bin\java.dll
0x0000000069b50000 - 0x0000000069b65000 	F:\Program Files\Java\Jre7\bin\zip.dll
0x0000000068880000 - 0x0000000068a13000 	F:\Program Files\Java\Jre7\bin\awt.dll
0x000007fe808e0000 - 0x000007fe809a3000 	C:\WINDOWS\system32\OLEAUT32.dll
0x000007fe80ba0000 - 0x000007fe80d50000 	C:\WINDOWS\system32\combase.dll
0x000007fe7a5b0000 - 0x000007fe7a64f000 	C:\WINDOWS\system32\apphelp.dll
0x000007fe7e2c0000 - 0x000007fe7e2e1000 	C:\WINDOWS\system32\DWMAPI.DLL
0x000007fe7f180000 - 0x000007fe7f263000 	C:\WINDOWS\system32\uxtheme.dll
0x000007fe7a660000 - 0x000007fe7a6f5000 	C:\Program Files\Common Files\microsoft shared\ink\tiptsf.dll
0x000007fe80eb0000 - 0x000007fe8102e000 	C:\WINDOWS\system32\ole32.dll
0x000007fe801d0000 - 0x000007fe801da000 	C:\WINDOWS\SYSTEM32\CRYPTBASE.dll
0x000007fe80170000 - 0x000007fe801cc000 	C:\WINDOWS\SYSTEM32\bcryptPrimitives.dll
0x000007fe6ef80000 - 0x000007fe6f180000 	C:\WINDOWS\system32\d3d9.dll
0x000007fe7e110000 - 0x000007fe7e119000 	C:\WINDOWS\SYSTEM32\VERSION.dll
0x000007fe5c060000 - 0x000007fe5d1e0000 	C:\WINDOWS\SYSTEM32\nvd3dumx.dll
0x000007fe80270000 - 0x000007fe802b3000 	C:\WINDOWS\SYSTEM32\powrprof.dll
0x0000000180000000 - 0x0000000180116000 	C:\Program Files (x86)\NVIDIA Corporation\3D Vision\nvSCPAPI64.dll
0x000007fe82f90000 - 0x000007fe83160000 	C:\WINDOWS\system32\SETUPAPI.dll
0x000007fe7dab0000 - 0x000007fe7db24000 	C:\WINDOWS\SYSTEM32\dxgi.dll
0x000007fe81050000 - 0x000007fe82338000 	C:\WINDOWS\system32\SHELL32.dll
0x000007fe80680000 - 0x000007fe806cf000 	C:\WINDOWS\system32\CFGMGR32.dll
0x000007fe808b0000 - 0x000007fe808d2000 	C:\WINDOWS\system32\DEVOBJ.dll
0x000007fe83300000 - 0x000007fe83350000 	C:\WINDOWS\system32\SHLWAPI.dll
0x000007fe7ceb0000 - 0x000007fe7d172000 	C:\WINDOWS\SYSTEM32\nvapi64.dll
0x000007fe80520000 - 0x000007fe80575000 	C:\WINDOWS\system32\WINTRUST.dll
0x000007fe806d0000 - 0x000007fe808a7000 	C:\WINDOWS\system32\CRYPT32.dll
0x000007fe80450000 - 0x000007fe80466000 	C:\WINDOWS\system32\MSASN1.dll
0x000007fe7d400000 - 0x000007fe7d41f000 	C:\WINDOWS\SYSTEM32\DXGIDebug.dll
0x000007fe7f550000 - 0x000007fe7f5e6000 	C:\WINDOWS\SYSTEM32\shcore.dll
0x0000000068840000 - 0x0000000068874000 	F:\Program Files\Java\Jre7\bin\fontmanager.dll
0x0000000069b30000 - 0x0000000069b49000 	F:\Program Files\Java\Jre7\bin\net.dll
0x000007fe7fbe0000 - 0x000007fe7fc3c000 	C:\WINDOWS\system32\mswsock.dll
0x0000000069b10000 - 0x0000000069b21000 	F:\Program Files\Java\Jre7\bin\nio.dll
0x00000000687f0000 - 0x0000000068831000 	F:\Program Files\Java\Jre7\bin\t2k.dll
0x000007fe82bf0000 - 0x000007fe82c86000 	C:\WINDOWS\SYSTEM32\clbcatq.dll
0x000007fe7df80000 - 0x000007fe7e10a000 	C:\WINDOWS\SYSTEM32\WindowsCodecs.dll
0x000007fe803a0000 - 0x000007fe803b5000 	C:\WINDOWS\SYSTEM32\profapi.dll
0x0000000069ed0000 - 0x0000000069f68000 	C:\Windows\System32\msvcp100.dll
0x000007fe68d70000 - 0x000007fe68fc8000 	C:\opencv\build\x64\vc10\bin\opencv_core243.dll
0x000007fe6cc80000 - 0x000007fe6cd15000 	C:\Users\Jonas\AppData\Local\Temp\javacpp111631872047327\jniopencv_core.dll
0x000007fe68ac0000 - 0x000007fe68d65000 	C:\opencv\build\x64\vc10\bin\opencv_imgproc243.dll
0x000007fe77610000 - 0x000007fe77658000 	C:\Users\Jonas\AppData\Local\Temp\javacpp111631872047327\jniopencv_imgproc.dll
0x0000000066840000 - 0x00000000675ca000 	C:\opencv\build\x64\vc10\bin\opencv_ffmpeg243_64.dll
0x000007fe68870000 - 0x000007fe68abb000 	C:\opencv\build\x64\vc10\bin\opencv_highgui243.dll
0x000007fe77d40000 - 0x000007fe77d60000 	C:\WINDOWS\SYSTEM32\AVIFIL32.dll
0x000007fe774e0000 - 0x000007fe77509000 	C:\WINDOWS\SYSTEM32\MSVFW32.dll
0x000007fe77d20000 - 0x000007fe77d37000 	C:\WINDOWS\SYSTEM32\AVICAP32.dll
0x000007fe677e0000 - 0x000007fe677f9000 	C:\WINDOWS\SYSTEM32\MSACM32.dll
0x000007fe77cb0000 - 0x000007fe77cc3000 	C:\Users\Jonas\AppData\Local\Temp\javacpp111631872047327\jniopencv_highgui.dll
0x000007fe775f0000 - 0x000007fe77607000 	C:\Windows\System32\devenum.dll
0x000007fe796e0000 - 0x000007fe7970e000 	C:\WINDOWS\SYSTEM32\ntmarta.dll
0x000007fe7a500000 - 0x000007fe7a50d000 	C:\WINDOWS\SYSTEM32\msdmo.dll
0x000007fe70280000 - 0x000007fe702af000 	C:\Windows\System32\qcap.dll
0x000007fe69ef0000 - 0x000007fe6a0a8000 	C:\Windows\System32\quartz.dll
0x000007fe70200000 - 0x000007fe7023f000 	C:\Windows\System32\ksproxy.ax
0x000007fe6d940000 - 0x000007fe6d947000 	C:\Windows\System32\ksuser.dll
0x000007fe794c0000 - 0x000007fe794cc000 	C:\Windows\System32\vidcap.ax
0x000007fe6e9b0000 - 0x000007fe6e9d4000 	C:\Windows\System32\kswdmcap.ax
0x000007fe6bb50000 - 0x000007fe6bca4000 	C:\Windows\System32\MFC42.dll
0x000007fe6e770000 - 0x000007fe6e82e000 	C:\Windows\System32\ODBC32.dll
0x000007fe6cbe0000 - 0x000007fe6cc75000 	C:\Windows\System32\qedit.dll
0x000007fe823b0000 - 0x000007fe82451000 	C:\WINDOWS\system32\COMDLG32.dll
0x000007fe83160000 - 0x000007fe83300000 	C:\WINDOWS\WinSxS\amd64_microsoft.windows.gdiplus_6595b64144ccf1df_1.1.9200.16384_none_72771d4ecc1c3a4d\gdiplus.dll
0x000007fe67cd0000 - 0x000007fe67dba000 	C:\WINDOWS\SYSTEM32\DDRAW.dll
0x000007fe7d1b0000 - 0x000007fe7d1b8000 	C:\WINDOWS\SYSTEM32\DCIMAN32.dll
0x000007fe7d2d0000 - 0x000007fe7d339000 	C:\WINDOWS\SYSTEM32\oleacc.dll
0x00000000687c0000 - 0x00000000687ea000 	F:\Program Files\Java\Jre7\bin\dcpr.dll
0x000007fe6c260000 - 0x000007fe6c3c3000 	C:\WINDOWS\SYSTEM32\dbghelp.dll

VM Arguments:
jvm_args: -Dfile.encoding=Cp1252 
java_command: emcscanner.kth.se.Program
Launcher Type: SUN_STANDARD

Environment Variables:
PATH=C:\Program Files (x86)\NVIDIA Corporation\PhysX\Common;C:\WINDOWS\system32;C:\WINDOWS;C:\WINDOWS\System32\Wbem;C:\WINDOWS\System32\WindowsPowerShell\v1.0\;C:\Program Files (x86)\Microsoft SQL Server\90\Tools\binn\;C:\Program Files (x86)\Autodesk\Backburner\;F:\Program Files\MATLAB\R2012a\runtime\win64;F:\Program Files\MATLAB\R2012a\bin;C:\Program Files\Internet Explorer;C:\Program Files\Perforce;F:\Program Files\Perforce;C:\Program Files\Microsoft\Web Platform Installer\;C:\Program Files (x86)\Microsoft ASP.NET\ASP.NET Web Pages\v1.0\;C:\Program Files (x86)\Windows Kits\8.0\Windows Performance Toolkit\;C:\Program Files\Microsoft SQL Server\110\Tools\Binn\;F:\Program Files\Perforce\Server
USERNAME=Jonas
OS=Windows_NT
PROCESSOR_IDENTIFIER=Intel64 Family 6 Model 42 Stepping 7, GenuineIntel



---------------  S Y S T E M  ---------------

OS: Windows 8 , 64 bit Build 9200 

CPU:total 8 (4 cores per cpu, 2 threads per core) family 6 model 42 stepping 7, cmov, cx8, fxsr, mmx, sse, sse2, sse3, ssse3, sse4.1, sse4.2, popcnt, avx, ht, tsc, tscinvbit

Memory: 4k page, physical 16751668k(11423380k free), swap 33528884k(26767724k free)

vm_info: Java HotSpot(TM) 64-Bit Server VM (23.3-b01) for windows-amd64 JRE (1.7.0_07-b11), built on Sep  7 2012 01:19:25 by "java_re" with unknown MS VC++:1600

time: Wed Jan 23 03:35:03 2013
elapsed time: 10 seconds

