#
# A fatal error has been detected by the Java Runtime Environment:
#
#  EXCEPTION_ACCESS_VIOLATION (0xc0000005) at pc=0x000007fe834a8bc0, pid=6692, tid=7680
#
# JRE version: 7.0_07-b11
# Java VM: Java HotSpot(TM) 64-Bit Server VM (23.3-b01 mixed mode windows-amd64 compressed oops)
# Problematic frame:
# C  [ntdll.dll+0x18bc0]  RtlQueueWorkItem+0x8a0
#
# Failed to write core dump. Minidumps are not enabled by default on client versions of Windows
#
# If you would like to submit a bug report, please visit:
#   http://bugreport.sun.com/bugreport/crash.jsp
# The crash happened outside the Java Virtual Machine in native code.
# See problematic frame for where to report the bug.
#

---------------  T H R E A D  ---------------

Current thread (0x0000000019258000):  JavaThread "threadDisplay" daemon [_thread_in_native, id=7680, stack(0x00000000214c0000,0x00000000215c0000)]

siginfo: ExceptionCode=0xc0000005, writing address 0x0000000000000024

Registers:
RAX=0x0000000000000000, RBX=0x000000001ace1778, RCX=0x00000000fffffffc, RDX=0x00000000000008b8
RSP=0x00000000215bec80, RBP=0x0000000000000000, RSI=0x00000000000008b8, RDI=0x0000000000000000
R8 =0xffffffffffffffff, R9 =0x0000000000000004, R10=0x0000000000000000, R11=0x0000000000000246
R12=0x0000000000000000, R13=0x0000000000000000, R14=0x000007f6178d0000, R15=0x0000000000000000
RIP=0x000007fe834a8bc0, EFLAGS=0x0000000000010213

Top of Stack: (sp=0x00000000215bec80)
0x00000000215bec80:   00000000000008b8 0000000002c268a6
0x00000000215bec90:   0000000000000001 0000000002c268a6
0x00000000215beca0:   0000000700d5dcb8 00000000215beca8
0x00000000215becb0:   00000006fb82776b 00000000215bed08
0x00000000215becc0:   0000000600000000 0000000000000000
0x00000000215becd0:   00000006fb827780 0000000000000000
0x00000000215bece0:   00000000215bed00 000007fe805810ea
0x00000000215becf0:   0000000002c261f8 0000000000000000
0x00000000215bed00:   0000ef5ea3255f74 0000000700d5dbf8
0x00000000215bed10:   0000000000000004 0000000000000001
0x00000000215bed20:   0000000020ec7050 00000000ff000000
0x00000000215bed30:   0000000000000000 0000000000000000
0x00000000215bed40:   000007f6178d0000 000007fe8349f4d4
0x00000000215bed50:   0000000000000000 0000000000000000
0x00000000215bed60:   000000001ace1778 0000000700d5dbf8
0x00000000215bed70:   0000000000000000 00000000192581d8 

Instructions: (pc=0x000007fe834a8bc0)
0x000007fe834a8ba0:   43 08 a8 01 0f 85 bd 67 ff ff 8b c8 2b cd f0 0f
0x000007fe834a8bb0:   b1 4b 08 75 ea 48 8b 03 33 ed 48 83 f8 ff 74 03
0x000007fe834a8bc0:   ff 40 24 41 bf 82 03 fe 7f 41 80 3f 00 0f 85 69
0x000007fe834a8bd0:   7a 0e 00 48 83 fe ff 0f 84 bf 7a 0e 00 4c 8b c7 


Register to memory mapping:

RAX=0x0000000000000000 is an unknown value
RBX=0x000000001ace1778 is an unknown value
RCX=0x00000000fffffffc is an unknown value
RDX=0x00000000000008b8 is an unknown value
RSP=0x00000000215bec80 is pointing into the stack for thread: 0x0000000019258000
RBP=0x0000000000000000 is an unknown value
RSI=0x00000000000008b8 is an unknown value
RDI=0x0000000000000000 is an unknown value
R8 =0xffffffffffffffff is an unknown value
R9 =0x0000000000000004 is an unknown value
R10=0x0000000000000000 is an unknown value
R11=0x0000000000000246 is an unknown value
R12=0x0000000000000000 is an unknown value
R13=0x0000000000000000 is an unknown value
R14=0x000007f6178d0000 is an unknown value
R15=0x0000000000000000 is an unknown value


Stack: [0x00000000214c0000,0x00000000215c0000],  sp=0x00000000215bec80,  free space=1019k
Native frames: (J=compiled Java code, j=interpreted, Vv=VM code, C=native code)
C  [ntdll.dll+0x18bc0]  RtlQueueWorkItem+0x8a0

[error occurred during error reporting (printing native stack), id 0xc0000005]

Java frames: (J=compiled Java code, j=interpreted, Vv=VM code)
j  com.googlecode.javacv.cpp.opencv_highgui.cvRetrieveFrame(Lcom/googlecode/javacv/cpp/opencv_highgui$CvCapture;I)Lcom/googlecode/javacv/cpp/opencv_core$IplImage;+0
j  com.googlecode.javacv.cpp.opencv_highgui.cvRetrieveFrame(Lcom/googlecode/javacv/cpp/opencv_highgui$CvCapture;)Lcom/googlecode/javacv/cpp/opencv_core$IplImage;+2
j  com.googlecode.javacv.OpenCVFrameGrabber.grab()Lcom/googlecode/javacv/cpp/opencv_core$IplImage;+4
j  emcscanner.kth.se.CameraPanel$1.run()V+3
v  ~StubRoutines::call_stub

---------------  P R O C E S S  ---------------

Java Threads: ( => current thread )
  0x0000000018abd000 JavaThread "Thread-3" [_thread_in_native, id=2696, stack(0x000000001dd10000,0x000000001de10000)]
  0x0000000018ab8800 JavaThread "Thread-0" daemon [_thread_in_native, id=7952, stack(0x000000001db10000,0x000000001dc10000)]
  0x000000001b07c000 JavaThread "ICEpdf-pagePainter" daemon [_thread_blocked, id=5648, stack(0x0000000021a00000,0x0000000021b00000)]
  0x000000001a349000 JavaThread "ICEpdf-pageInitializer" daemon [_thread_blocked, id=5228, stack(0x00000000217d0000,0x00000000218d0000)]
  0x0000000002b1e000 JavaThread "DestroyJavaVM" [_thread_blocked, id=7136, stack(0x0000000002990000,0x0000000002a90000)]
=>0x0000000019258000 JavaThread "threadDisplay" daemon [_thread_in_native, id=7680, stack(0x00000000214c0000,0x00000000215c0000)]
  0x0000000018cc5000 JavaThread "TimerQueue" daemon [_thread_blocked, id=396, stack(0x0000000019480000,0x0000000019580000)]
  0x0000000013f77000 JavaThread "AWT-EventQueue-0" [_thread_blocked, id=4296, stack(0x0000000019360000,0x0000000019460000)]
  0x0000000013e75800 JavaThread "AWT-Windows" daemon [_thread_in_native, id=4016, stack(0x0000000014990000,0x0000000014a90000)]
  0x0000000013e6d000 JavaThread "AWT-Shutdown" [_thread_blocked, id=6576, stack(0x0000000014890000,0x0000000014990000)]
  0x0000000013e6c000 JavaThread "Java2D Disposer" daemon [_thread_blocked, id=7224, stack(0x0000000014790000,0x0000000014890000)]
  0x0000000011742800 JavaThread "Service Thread" daemon [_thread_blocked, id=7724, stack(0x0000000013b50000,0x0000000013c50000)]
  0x0000000011742000 JavaThread "C2 CompilerThread1" daemon [_thread_blocked, id=8060, stack(0x0000000013a50000,0x0000000013b50000)]
  0x0000000011739000 JavaThread "C2 CompilerThread0" daemon [_thread_blocked, id=1688, stack(0x0000000013950000,0x0000000013a50000)]
  0x0000000011737800 JavaThread "Attach Listener" daemon [_thread_blocked, id=60, stack(0x0000000013850000,0x0000000013950000)]
  0x000000001172b000 JavaThread "Signal Dispatcher" daemon [_thread_blocked, id=7440, stack(0x0000000013750000,0x0000000013850000)]
  0x00000000116ce800 JavaThread "Finalizer" daemon [_thread_blocked, id=760, stack(0x0000000013650000,0x0000000013750000)]
  0x00000000116c7000 JavaThread "Reference Handler" daemon [_thread_blocked, id=7804, stack(0x0000000013550000,0x0000000013650000)]

Other Threads:
  0x00000000116c2000 VMThread [stack: 0x0000000013450000,0x0000000013550000] [id=5672]
  0x0000000011757000 WatcherThread [stack: 0x0000000013c50000,0x0000000013d50000] [id=7944]

VM state:not at safepoint (normal execution)

VM Mutex/Monitor currently owned by a thread: None

Heap
 PSYoungGen      total 120320K, used 38161K [0x00000007aacb0000, 0x00000007b3e90000, 0x0000000800000000)
  eden space 100032K, 19% used [0x00000007aacb0000,0x00000007abff8140,0x00000007b0e60000)
  from space 20288K, 90% used [0x00000007b0e60000,0x00000007b205c430,0x00000007b2230000)
  to   space 20160K, 0% used [0x00000007b2ae0000,0x00000007b2ae0000,0x00000007b3e90000)
 ParOldGen       total 108288K, used 33376K [0x0000000700600000, 0x0000000706fc0000, 0x00000007aacb0000)
  object space 108288K, 30% used [0x0000000700600000,0x0000000702698030,0x0000000706fc0000)
 PSPermGen       total 21248K, used 17855K [0x00000006fb400000, 0x00000006fc8c0000, 0x0000000700600000)
  object space 21248K, 84% used [0x00000006fb400000,0x00000006fc56fc78,0x00000006fc8c0000)

Card table byte_map: [0x0000000005ce0000,0x0000000006510000] byte_map_base: 0x0000000002506000

Polling page: 0x0000000001050000

Code Cache  [0x0000000002c20000, 0x0000000002e90000, 0x0000000005c20000)
 total_blobs=982 nmethods=394 adapters=539 free_code_cache=47597Kb largest_free_block=48697024

Compilation events (10 events):
Event: 96.357 Thread 0x0000000011742000  400             sun.java2d.pipe.Region::<init> (26 bytes)
Event: 96.358 Thread 0x0000000011742000 nmethod 400 0x0000000002da1c50 code [0x0000000002da1d80, 0x0000000002da1df8]
Event: 97.883 Thread 0x0000000011739000  401             sun.java2d.SurfaceData::getSurfaceType (5 bytes)
Event: 97.884 Thread 0x0000000011739000 nmethod 401 0x0000000002da3950 code [0x0000000002da3a80, 0x0000000002da3af8]
Event: 98.477 Thread 0x0000000011742000  402             sun.awt.image.ByteComponentRaster::<init> (339 bytes)
Event: 98.486 Thread 0x0000000011742000 nmethod 402 0x0000000002da4bd0 code [0x0000000002da4d60, 0x0000000002da54b8]
Event: 100.784 Thread 0x0000000011739000  403             sun.java2d.SurfaceData::getTransparency (8 bytes)
Event: 100.784 Thread 0x0000000011742000  404             sun.java2d.SurfaceData::getColorModel (5 bytes)
Event: 100.784 Thread 0x0000000011742000 nmethod 404 0x0000000002da6390 code [0x0000000002da64c0, 0x0000000002da6538]
Event: 100.784 Thread 0x0000000011739000 nmethod 403 0x0000000002da60d0 code [0x0000000002da6220, 0x0000000002da62b8]

GC Heap History (10 events):
Event: 100.803 GC heap before
{Heap before GC invocations=86 (full 17):
 PSYoungGen      total 104704K, used 97520K [0x00000007aacb0000, 0x00000007b2760000, 0x0000000800000000)
  eden space 83712K, 94% used [0x00000007aacb0000,0x00000007af9dfeb0,0x00000007afe70000)
  from space 20992K, 88% used [0x00000007b12e0000,0x00000007b24ec430,0x00000007b2760000)
  to   space 20928K, 0% used [0x00000007afe70000,0x00000007afe70000,0x00000007b12e0000)
 ParOldGen       total 108288K, used 33376K [0x0000000700600000, 0x0000000706fc0000, 0x00000007aacb0000)
  object space 108288K, 30% used [0x0000000700600000,0x0000000702698030,0x0000000706fc0000)
 PSPermGen       total 21248K, used 17830K [0x00000006fb400000, 0x00000006fc8c0000, 0x0000000700600000)
  object space 21248K, 83% used [0x00000006fb400000,0x00000006fc569828,0x00000006fc8c0000)
Event: 100.805 GC heap after
Heap after GC invocations=86 (full 17):
 PSYoungGen      total 104640K, used 18449K [0x00000007aacb0000, 0x00000007b2eb0000, 0x0000000800000000)
  eden space 83712K, 0% used [0x00000007aacb0000,0x00000007aacb0000,0x00000007afe70000)
  from space 20928K, 88% used [0x00000007afe70000,0x00000007b1074430,0x00000007b12e0000)
  to   space 20800K, 0% used [0x00000007b1a60000,0x00000007b1a60000,0x00000007b2eb0000)
 ParOldGen       total 108288K, used 33376K [0x0000000700600000, 0x0000000706fc0000, 0x00000007aacb0000)
  object space 108288K, 30% used [0x0000000700600000,0x0000000702698030,0x0000000706fc0000)
 PSPermGen       total 21248K, used 17830K [0x00000006fb400000, 0x00000006fc8c0000, 0x0000000700600000)
  object space 21248K, 83% used [0x00000006fb400000,0x00000006fc569828,0x00000006fc8c0000)
}
Event: 101.371 GC heap before
{Heap before GC invocations=87 (full 17):
 PSYoungGen      total 104640K, used 97495K [0x00000007aacb0000, 0x00000007b2eb0000, 0x0000000800000000)
  eden space 83712K, 94% used [0x00000007aacb0000,0x00000007af9e1880,0x00000007afe70000)
  from space 20928K, 88% used [0x00000007afe70000,0x00000007b1074430,0x00000007b12e0000)
  to   space 20800K, 0% used [0x00000007b1a60000,0x00000007b1a60000,0x00000007b2eb0000)
 ParOldGen       total 108288K, used 33376K [0x0000000700600000, 0x0000000706fc0000, 0x00000007aacb0000)
  object space 108288K, 30% used [0x0000000700600000,0x0000000702698030,0x0000000706fc0000)
 PSPermGen       total 21248K, used 17830K [0x00000006fb400000, 0x00000006fc8c0000, 0x0000000700600000)
  object space 21248K, 83% used [0x00000006fb400000,0x00000006fc569828,0x00000006fc8c0000)
Event: 101.374 GC heap after
Heap after GC invocations=87 (full 17):
 PSYoungGen      total 112320K, used 18449K [0x00000007aacb0000, 0x00000007b2e80000, 0x0000000800000000)
  eden space 91712K, 0% used [0x00000007aacb0000,0x00000007aacb0000,0x00000007b0640000)
  from space 20608K, 89% used [0x00000007b1a60000,0x00000007b2c64430,0x00000007b2e80000)
  to   space 20608K, 0% used [0x00000007b0640000,0x00000007b0640000,0x00000007b1a60000)
 ParOldGen       total 108288K, used 33376K [0x0000000700600000, 0x0000000706fc0000, 0x00000007aacb0000)
  object space 108288K, 30% used [0x0000000700600000,0x0000000702698030,0x0000000706fc0000)
 PSPermGen       total 21248K, used 17830K [0x00000006fb400000, 0x00000006fc8c0000, 0x0000000700600000)
  object space 21248K, 83% used [0x00000006fb400000,0x00000006fc569828,0x00000006fc8c0000)
}
Event: 102.019 GC heap before
{Heap before GC invocations=88 (full 17):
 PSYoungGen      total 112320K, used 109646K [0x00000007aacb0000, 0x00000007b2e80000, 0x0000000800000000)
  eden space 91712K, 99% used [0x00000007aacb0000,0x00000007b05bf4e0,0x00000007b0640000)
  from space 20608K, 89% used [0x00000007b1a60000,0x00000007b2c64430,0x00000007b2e80000)
  to   space 20608K, 0% used [0x00000007b0640000,0x00000007b0640000,0x00000007b1a60000)
 ParOldGen       total 108288K, used 33376K [0x0000000700600000, 0x0000000706fc0000, 0x00000007aacb0000)
  object space 108288K, 30% used [0x0000000700600000,0x0000000702698030,0x0000000706fc0000)
 PSPermGen       total 21248K, used 17830K [0x00000006fb400000, 0x00000006fc8c0000, 0x0000000700600000)
  object space 21248K, 83% used [0x00000006fb400000,0x00000006fc569af0,0x00000006fc8c0000)
Event: 102.021 GC heap after
Heap after GC invocations=88 (full 17):
 PSYoungGen      total 112320K, used 18417K [0x00000007aacb0000, 0x00000007b3650000, 0x0000000800000000)
  eden space 91712K, 0% used [0x00000007aacb0000,0x00000007aacb0000,0x00000007b0640000)
  from space 20608K, 89% used [0x00000007b0640000,0x00000007b183c430,0x00000007b1a60000)
  to   space 20480K, 0% used [0x00000007b2250000,0x00000007b2250000,0x00000007b3650000)
 ParOldGen       total 108288K, used 33376K [0x0000000700600000, 0x0000000706fc0000, 0x00000007aacb0000)
  object space 108288K, 30% used [0x0000000700600000,0x0000000702698030,0x0000000706fc0000)
 PSPermGen       total 21248K, used 17830K [0x00000006fb400000, 0x00000006fc8c0000, 0x0000000700600000)
  object space 21248K, 83% used [0x00000006fb400000,0x00000006fc569af0,0x00000006fc8c0000)
}
Event: 102.659 GC heap before
{Heap before GC invocations=89 (full 17):
 PSYoungGen      total 112320K, used 109614K [0x00000007aacb0000, 0x00000007b3650000, 0x0000000800000000)
  eden space 91712K, 99% used [0x00000007aacb0000,0x00000007b05bf440,0x00000007b0640000)
  from space 20608K, 89% used [0x00000007b0640000,0x00000007b183c430,0x00000007b1a60000)
  to   space 20480K, 0% used [0x00000007b2250000,0x00000007b2250000,0x00000007b3650000)
 ParOldGen       total 108288K, used 33376K [0x0000000700600000, 0x0000000706fc0000, 0x00000007aacb0000)
  object space 108288K, 30% used [0x0000000700600000,0x0000000702698030,0x0000000706fc0000)
 PSPermGen       total 21248K, used 17830K [0x00000006fb400000, 0x00000006fc8c0000, 0x0000000700600000)
  object space 21248K, 83% used [0x00000006fb400000,0x00000006fc569af0,0x00000006fc8c0000)
Event: 102.663 GC heap after
Heap after GC invocations=89 (full 17):
 PSYoungGen      total 120192K, used 18449K [0x00000007aacb0000, 0x00000007b3600000, 0x0000000800000000)
  eden space 100032K, 0% used [0x00000007aacb0000,0x00000007aacb0000,0x00000007b0e60000)
  from space 20160K, 91% used [0x00000007b2250000,0x00000007b3454430,0x00000007b3600000)
  to   space 20288K, 0% used [0x00000007b0e60000,0x00000007b0e60000,0x00000007b2230000)
 ParOldGen       total 108288K, used 33376K [0x0000000700600000, 0x0000000706fc0000, 0x00000007aacb0000)
  object space 108288K, 30% used [0x0000000700600000,0x0000000702698030,0x0000000706fc0000)
 PSPermGen       total 21248K, used 17830K [0x00000006fb400000, 0x00000006fc8c0000, 0x0000000700600000)
  object space 21248K, 83% used [0x00000006fb400000,0x00000006fc569af0,0x00000006fc8c0000)
}
Event: 103.356 GC heap before
{Heap before GC invocations=90 (full 17):
 PSYoungGen      total 120192K, used 115730K [0x00000007aacb0000, 0x00000007b3600000, 0x0000000800000000)
  eden space 100032K, 97% used [0x00000007aacb0000,0x00000007b0bb0758,0x00000007b0e60000)
  from space 20160K, 91% used [0x00000007b2250000,0x00000007b3454430,0x00000007b3600000)
  to   space 20288K, 0% used [0x00000007b0e60000,0x00000007b0e60000,0x00000007b2230000)
 ParOldGen       total 108288K, used 33376K [0x0000000700600000, 0x0000000706fc0000, 0x00000007aacb0000)
  object space 108288K, 30% used [0x0000000700600000,0x0000000702698030,0x0000000706fc0000)
 PSPermGen       total 21248K, used 17831K [0x00000006fb400000, 0x00000006fc8c0000, 0x0000000700600000)
  object space 21248K, 83% used [0x00000006fb400000,0x00000006fc569cf0,0x00000006fc8c0000)
Event: 103.359 GC heap after
Heap after GC invocations=90 (full 17):
 PSYoungGen      total 120320K, used 18417K [0x00000007aacb0000, 0x00000007b3e90000, 0x0000000800000000)
  eden space 100032K, 0% used [0x00000007aacb0000,0x00000007aacb0000,0x00000007b0e60000)
  from space 20288K, 90% used [0x00000007b0e60000,0x00000007b205c430,0x00000007b2230000)
  to   space 20160K, 0% used [0x00000007b2ae0000,0x00000007b2ae0000,0x00000007b3e90000)
 ParOldGen       total 108288K, used 33376K [0x0000000700600000, 0x0000000706fc0000, 0x00000007aacb0000)
  object space 108288K, 30% used [0x0000000700600000,0x0000000702698030,0x0000000706fc0000)
 PSPermGen       total 21248K, used 17831K [0x00000006fb400000, 0x00000006fc8c0000, 0x0000000700600000)
  object space 21248K, 83% used [0x00000006fb400000,0x00000006fc569cf0,0x00000006fc8c0000)
}

Deoptimization events (10 events):
Event: 1.088 Thread 0x0000000002b1e000 Uncommon trap -58 fr.pc 0x0000000002cd60b4
Event: 3.729 Thread 0x0000000013f77000 Uncommon trap -83 fr.pc 0x0000000002ccc4c4
Event: 3.773 Thread 0x000000001a349000 Uncommon trap -83 fr.pc 0x0000000002cc2234
Event: 3.816 Thread 0x000000001a349000 Uncommon trap -83 fr.pc 0x0000000002cc1e84
Event: 3.832 Thread 0x000000001a349000 Uncommon trap -83 fr.pc 0x0000000002d2b5e8
Event: 3.879 Thread 0x000000001a349000 Uncommon trap -83 fr.pc 0x0000000002d31950
Event: 3.906 Thread 0x000000001a349000 Uncommon trap -83 fr.pc 0x0000000002ced560
Event: 7.429 Thread 0x00000000140a0000 Uncommon trap -28 fr.pc 0x0000000002d1e038
Event: 28.279 Thread 0x0000000013f77000 Uncommon trap -12 fr.pc 0x0000000002d5a878
Event: 39.374 Thread 0x0000000013f77000 Uncommon trap -12 fr.pc 0x0000000002cf6a8c

Internal exceptions (10 events):
Event: 3.949 Thread 0x000000001a349000 Threw 0x00000007ae3644c0 at C:\jdk7u1_64p\jdk7u7\hotspot\src\share\vm\prims\jvm.cpp:1166
Event: 3.952 Thread 0x000000001a349000 Threw 0x00000007ae374928 at C:\jdk7u1_64p\jdk7u7\hotspot\src\share\vm\prims\jvm.cpp:1166
Event: 3.952 Thread 0x000000001a349000 Threw 0x00000007ae3776f8 at C:\jdk7u1_64p\jdk7u7\hotspot\src\share\vm\prims\jvm.cpp:1166
Event: 3.953 Thread 0x000000001a349000 Threw 0x00000007ae37a8a8 at C:\jdk7u1_64p\jdk7u7\hotspot\src\share\vm\prims\jvm.cpp:1166
Event: 3.953 Thread 0x000000001a349000 Threw 0x00000007ae37d678 at C:\jdk7u1_64p\jdk7u7\hotspot\src\share\vm\prims\jvm.cpp:1166
Event: 4.066 Thread 0x000000001b07c000 Threw 0x00000007ae8f1f88 at C:\jdk7u1_64p\jdk7u7\hotspot\src\share\vm\prims\jvm.cpp:1166
Event: 4.070 Thread 0x000000001b07c000 Threw 0x00000007ae902818 at C:\jdk7u1_64p\jdk7u7\hotspot\src\share\vm\prims\jvm.cpp:1166
Event: 4.272 Thread 0x000000001b07c000 Threw 0x00000007abfde3d0 at C:\jdk7u1_64p\jdk7u7\hotspot\src\share\vm\prims\jvm.cpp:1166
Event: 28.279 Thread 0x0000000013f77000 Implicit null exception at 0x0000000002d5a578 to 0x0000000002d5a86c
Event: 39.374 Thread 0x0000000013f77000 Implicit null exception at 0x0000000002cf6720 to 0x0000000002cf6a7d

Events (10 events):
Event: 100.803 Executing VM operation: ParallelGCFailedAllocation
Event: 100.805 Executing VM operation: ParallelGCFailedAllocation done
Event: 101.371 Executing VM operation: ParallelGCFailedAllocation
Event: 101.374 Executing VM operation: ParallelGCFailedAllocation done
Event: 102.019 Executing VM operation: ParallelGCFailedAllocation
Event: 102.021 Executing VM operation: ParallelGCFailedAllocation done
Event: 102.659 Executing VM operation: ParallelGCFailedAllocation
Event: 102.663 Executing VM operation: ParallelGCFailedAllocation done
Event: 103.356 Executing VM operation: ParallelGCFailedAllocation
Event: 103.359 Executing VM operation: ParallelGCFailedAllocation done


Dynamic libraries:
0x000007f617cb0000 - 0x000007f617ce4000 	F:\Program Files\Java\Jre7\bin\javaw.exe
0x000007fe83490000 - 0x000007fe8364e000 	C:\WINDOWS\SYSTEM32\ntdll.dll
0x000007fe83350000 - 0x000007fe83486000 	C:\WINDOWS\system32\KERNEL32.DLL
0x000007fe80580000 - 0x000007fe80673000 	C:\WINDOWS\system32\KERNELBASE.dll
0x000007fe82eb0000 - 0x000007fe82f8e000 	C:\WINDOWS\system32\ADVAPI32.dll
0x000007fe80a10000 - 0x000007fe80b5c000 	C:\WINDOWS\system32\USER32.dll
0x000007fe7db90000 - 0x000007fe7ddf9000 	C:\WINDOWS\WinSxS\amd64_microsoft.windows.common-controls_6595b64144ccf1df_6.0.9200.16384_none_418c2a697189c07f\COMCTL32.dll
0x000007fe82890000 - 0x000007fe82935000 	C:\WINDOWS\system32\msvcrt.dll
0x000007fe82840000 - 0x000007fe82888000 	C:\WINDOWS\SYSTEM32\sechost.dll
0x000007fe82970000 - 0x000007fe82ab0000 	C:\WINDOWS\system32\RPCRT4.dll
0x000007fe82ab0000 - 0x000007fe82bf0000 	C:\WINDOWS\system32\GDI32.dll
0x000007fe80b60000 - 0x000007fe80b99000 	C:\WINDOWS\system32\IMM32.DLL
0x000007fe82720000 - 0x000007fe82835000 	C:\WINDOWS\system32\MSCTF.dll
0x000007fe80380000 - 0x000007fe80388000 	C:\PROGRA~2\NVIDIA~1\3DVISI~1\NVSTIN~1.DLL
0x000007fe82940000 - 0x000007fe82947000 	C:\WINDOWS\system32\PSAPI.DLL
0x000000006acd0000 - 0x000000006ad73000 	C:\WINDOWS\WinSxS\amd64_microsoft.vc90.crt_1fc8b3b9a1e18e3b_9.0.30729.6871_none_08e717a5a83adddf\MSVCR90.dll
0x0000000069bb0000 - 0x0000000069c81000 	F:\Program Files\Java\Jre7\bin\msvcr100.dll
0x0000000068a20000 - 0x000000006913f000 	F:\Program Files\Java\Jre7\bin\server\jvm.dll
0x000007fe78b00000 - 0x000007fe78b09000 	C:\WINDOWS\SYSTEM32\WSOCK32.dll
0x000007fe7de20000 - 0x000007fe7de40000 	C:\WINDOWS\SYSTEM32\WINMM.dll
0x000007fe826a0000 - 0x000007fe826f8000 	C:\WINDOWS\system32\WS2_32.dll
0x000007fe7d3c0000 - 0x000007fe7d3f2000 	C:\WINDOWS\SYSTEM32\WINMMBASE.dll
0x000007fe82700000 - 0x000007fe82709000 	C:\WINDOWS\system32\NSI.dll
0x0000000069ba0000 - 0x0000000069baf000 	F:\Program Files\Java\Jre7\bin\verify.dll
0x0000000069b70000 - 0x0000000069b98000 	F:\Program Files\Java\Jre7\bin\java.dll
0x0000000069b50000 - 0x0000000069b65000 	F:\Program Files\Java\Jre7\bin\zip.dll
0x00000000669f0000 - 0x0000000066b83000 	F:\Program Files\Java\Jre7\bin\awt.dll
0x000007fe808e0000 - 0x000007fe809a3000 	C:\WINDOWS\system32\OLEAUT32.dll
0x000007fe80ba0000 - 0x000007fe80d50000 	C:\WINDOWS\system32\combase.dll
0x000007fe7a5b0000 - 0x000007fe7a64f000 	C:\WINDOWS\system32\apphelp.dll
0x000007fe7e2c0000 - 0x000007fe7e2e1000 	C:\WINDOWS\system32\DWMAPI.DLL
0x000007fe7f180000 - 0x000007fe7f263000 	C:\WINDOWS\system32\uxtheme.dll
0x000007fe7a660000 - 0x000007fe7a6f5000 	C:\Program Files\Common Files\microsoft shared\ink\tiptsf.dll
0x000007fe80eb0000 - 0x000007fe8102e000 	C:\WINDOWS\system32\ole32.dll
0x000007fe801d0000 - 0x000007fe801da000 	C:\WINDOWS\SYSTEM32\CRYPTBASE.dll
0x000007fe80170000 - 0x000007fe801cc000 	C:\WINDOWS\SYSTEM32\bcryptPrimitives.dll
0x000007fe6ef80000 - 0x000007fe6f180000 	C:\WINDOWS\system32\d3d9.dll
0x000007fe7e110000 - 0x000007fe7e119000 	C:\WINDOWS\SYSTEM32\VERSION.dll
0x000007fe594e0000 - 0x000007fe5a660000 	C:\WINDOWS\SYSTEM32\nvd3dumx.dll
0x000007fe80270000 - 0x000007fe802b3000 	C:\WINDOWS\SYSTEM32\powrprof.dll
0x0000000180000000 - 0x0000000180116000 	C:\Program Files (x86)\NVIDIA Corporation\3D Vision\nvSCPAPI64.dll
0x000007fe82f90000 - 0x000007fe83160000 	C:\WINDOWS\system32\SETUPAPI.dll
0x000007fe7dab0000 - 0x000007fe7db24000 	C:\WINDOWS\SYSTEM32\dxgi.dll
0x000007fe81050000 - 0x000007fe82338000 	C:\WINDOWS\system32\SHELL32.dll
0x000007fe80680000 - 0x000007fe806cf000 	C:\WINDOWS\system32\CFGMGR32.dll
0x000007fe808b0000 - 0x000007fe808d2000 	C:\WINDOWS\system32\DEVOBJ.dll
0x000007fe83300000 - 0x000007fe83350000 	C:\WINDOWS\system32\SHLWAPI.dll
0x000007fe7ceb0000 - 0x000007fe7d172000 	C:\WINDOWS\SYSTEM32\nvapi64.dll
0x000007fe80520000 - 0x000007fe80575000 	C:\WINDOWS\system32\WINTRUST.dll
0x000007fe806d0000 - 0x000007fe808a7000 	C:\WINDOWS\system32\CRYPT32.dll
0x000007fe80450000 - 0x000007fe80466000 	C:\WINDOWS\system32\MSASN1.dll
0x000007fe7d400000 - 0x000007fe7d41f000 	C:\WINDOWS\SYSTEM32\DXGIDebug.dll
0x000007fe7f550000 - 0x000007fe7f5e6000 	C:\WINDOWS\SYSTEM32\shcore.dll
0x00000000669b0000 - 0x00000000669e4000 	F:\Program Files\Java\Jre7\bin\fontmanager.dll
0x0000000069b30000 - 0x0000000069b49000 	F:\Program Files\Java\Jre7\bin\net.dll
0x000007fe7fbe0000 - 0x000007fe7fc3c000 	C:\WINDOWS\system32\mswsock.dll
0x0000000069b10000 - 0x0000000069b21000 	F:\Program Files\Java\Jre7\bin\nio.dll
0x0000000066960000 - 0x00000000669a1000 	F:\Program Files\Java\Jre7\bin\t2k.dll
0x000007fe82bf0000 - 0x000007fe82c86000 	C:\WINDOWS\SYSTEM32\clbcatq.dll
0x000007fe7df80000 - 0x000007fe7e10a000 	C:\WINDOWS\SYSTEM32\WindowsCodecs.dll
0x000007fe803a0000 - 0x000007fe803b5000 	C:\WINDOWS\SYSTEM32\profapi.dll
0x0000000069ed0000 - 0x0000000069f68000 	C:\Windows\System32\msvcp100.dll
0x000007fe67fe0000 - 0x000007fe68238000 	C:\opencv\build\x64\vc10\bin\opencv_core243.dll
0x000007fe699a0000 - 0x000007fe69a35000 	C:\Users\Jonas\AppData\Local\Temp\javacpp89147560032685\jniopencv_core.dll
0x000007fe64110000 - 0x000007fe643b5000 	C:\opencv\build\x64\vc10\bin\opencv_imgproc243.dll
0x000007fe6b3a0000 - 0x000007fe6b3e8000 	C:\Users\Jonas\AppData\Local\Temp\javacpp89147560032685\jniopencv_imgproc.dll
0x000000001c410000 - 0x000000001d19a000 	C:\opencv\build\x64\vc10\bin\opencv_ffmpeg243_64.dll
0x000007fe657f0000 - 0x000007fe65a3b000 	C:\opencv\build\x64\vc10\bin\opencv_highgui243.dll
0x000007fe775f0000 - 0x000007fe77610000 	C:\WINDOWS\SYSTEM32\AVIFIL32.dll
0x000007fe70210000 - 0x000007fe70239000 	C:\WINDOWS\SYSTEM32\MSVFW32.dll
0x000007fe6f940000 - 0x000007fe6f957000 	C:\WINDOWS\SYSTEM32\AVICAP32.dll
0x000007fe677e0000 - 0x000007fe677f9000 	C:\WINDOWS\SYSTEM32\MSACM32.dll
0x000007fe6f710000 - 0x000007fe6f723000 	C:\Users\Jonas\AppData\Local\Temp\javacpp89147560032685\jniopencv_highgui.dll
0x000007fe6d5e0000 - 0x000007fe6d5f7000 	C:\Windows\System32\devenum.dll
0x000007fe796e0000 - 0x000007fe7970e000 	C:\WINDOWS\SYSTEM32\ntmarta.dll
0x000007fe7a530000 - 0x000007fe7a53d000 	C:\WINDOWS\SYSTEM32\msdmo.dll
0x000007fe6d230000 - 0x000007fe6d25f000 	C:\Windows\System32\qcap.dll
0x000007fe69550000 - 0x000007fe69708000 	C:\Windows\System32\quartz.dll
0x000007fe6c4d0000 - 0x000007fe6c50f000 	C:\Windows\System32\ksproxy.ax
0x000007fe6d940000 - 0x000007fe6d947000 	C:\Windows\System32\ksuser.dll
0x000007fe794c0000 - 0x000007fe794cc000 	C:\Windows\System32\vidcap.ax
0x000007fe69f00000 - 0x000007fe69f24000 	C:\Windows\System32\kswdmcap.ax
0x000007fe686f0000 - 0x000007fe68844000 	C:\Windows\System32\MFC42.dll
0x000007fe698e0000 - 0x000007fe6999e000 	C:\Windows\System32\ODBC32.dll
0x000007fe67c30000 - 0x000007fe67cc5000 	C:\Windows\System32\qedit.dll
0x000007fe823b0000 - 0x000007fe82451000 	C:\WINDOWS\system32\COMDLG32.dll
0x000007fe83160000 - 0x000007fe83300000 	C:\WINDOWS\WinSxS\amd64_microsoft.windows.gdiplus_6595b64144ccf1df_1.1.9200.16384_none_72771d4ecc1c3a4d\gdiplus.dll
0x000007fe67cd0000 - 0x000007fe67dba000 	C:\WINDOWS\SYSTEM32\DDRAW.dll
0x000007fe7d1b0000 - 0x000007fe7d1b8000 	C:\WINDOWS\SYSTEM32\DCIMAN32.dll
0x000007fe7d2d0000 - 0x000007fe7d339000 	C:\WINDOWS\SYSTEM32\oleacc.dll
0x0000000066930000 - 0x000000006695a000 	F:\Program Files\Java\Jre7\bin\dcpr.dll
0x000007fe6c260000 - 0x000007fe6c3c3000 	C:\WINDOWS\SYSTEM32\dbghelp.dll

VM Arguments:
jvm_args: -Dfile.encoding=Cp1252 
java_command: emcscanner.kth.se.Program
Launcher Type: SUN_STANDARD

Environment Variables:
PATH=C:\Program Files (x86)\NVIDIA Corporation\PhysX\Common;C:\WINDOWS\system32;C:\WINDOWS;C:\WINDOWS\System32\Wbem;C:\WINDOWS\System32\WindowsPowerShell\v1.0\;C:\Program Files (x86)\Microsoft SQL Server\90\Tools\binn\;C:\Program Files (x86)\Autodesk\Backburner\;F:\Program Files\MATLAB\R2012a\runtime\win64;F:\Program Files\MATLAB\R2012a\bin;C:\Program Files\Internet Explorer;C:\Program Files\Perforce;F:\Program Files\Perforce;C:\Program Files\Microsoft\Web Platform Installer\;C:\Program Files (x86)\Microsoft ASP.NET\ASP.NET Web Pages\v1.0\;C:\Program Files (x86)\Windows Kits\8.0\Windows Performance Toolkit\;C:\Program Files\Microsoft SQL Server\110\Tools\Binn\;F:\Program Files\Perforce\Server
USERNAME=Jonas
OS=Windows_NT
PROCESSOR_IDENTIFIER=Intel64 Family 6 Model 42 Stepping 7, GenuineIntel



---------------  S Y S T E M  ---------------

OS: Windows 8 , 64 bit Build 9200 

CPU:total 8 (4 cores per cpu, 2 threads per core) family 6 model 42 stepping 7, cmov, cx8, fxsr, mmx, sse, sse2, sse3, ssse3, sse4.1, sse4.2, popcnt, avx, ht, tsc, tscinvbit

Memory: 4k page, physical 16751668k(11690860k free), swap 33528884k(26411172k free)

vm_info: Java HotSpot(TM) 64-Bit Server VM (23.3-b01) for windows-amd64 JRE (1.7.0_07-b11), built on Sep  7 2012 01:19:25 by "java_re" with unknown MS VC++:1600

time: Tue Jan 22 21:21:52 2013
elapsed time: 104 seconds

