#
# A fatal error has been detected by the Java Runtime Environment:
#
#  EXCEPTION_ACCESS_VIOLATION (0xc0000005) at pc=0x00000000027fd43a, pid=4584, tid=6084
#
# JRE version: 7.0_07-b11
# Java VM: Java HotSpot(TM) 64-Bit Server VM (23.3-b01 mixed mode windows-amd64 compressed oops)
# Problematic frame:
# J  com.googlecode.javacv.cpp.opencv_core$IplImage.flipCopyWithGamma(Ljava/nio/ByteBuffer;ILjava/nio/ByteBuffer;IZDZI)V
#
# Failed to write core dump. Minidumps are not enabled by default on client versions of Windows
#
# If you would like to submit a bug report, please visit:
#   http://bugreport.sun.com/bugreport/crash.jsp
#

---------------  T H R E A D  ---------------

Current thread (0x0000000019340000):  JavaThread "threadDisplay" daemon [_thread_in_Java, id=6084, stack(0x0000000018220000,0x0000000018320000)]

siginfo: ExceptionCode=0xc0000005, reading address 0x000000001ec32000

Registers:
RAX=0x00000000000000cd, RBX=0x00000000005eec00, RCX=0x0000000000000000, RDX=0x000000001e71c050
RSP=0x000000001831ec10, RBP=0x00000007b0bb4500, RSI=0x000000070deb27c0, RDI=0x00000000005eec00
R8 =0x0000000000515fb0, R9 =0x0000000000515fb1, R10=0x000000000000167f, R11=0x00000000005eec00
R12=0x0000000000000000, R13=0x0000000000515fb0, R14=0x000000000000132f, R15=0x0000000019340000
RIP=0x00000000027fd43a, EFLAGS=0x0000000000010207

Top of Stack: (sp=0x000000001831ec10)
0x000000001831ec10:   00000006fb559128 0000000000000000
0x000000001831ec20:   00000006fb556ea0 0000000000000000
0x000000001831ec30:   3ff0000000000000 00000007b0bb44c0
0x000000001831ec40:   00000007b0bb4500 3ff0000000000000
0x000000001831ec50:   00514c8000000000 df6ab9ce00514c80
0x000000001831ec60:   00001680df6c65d4 0000000000001680
0x000000001831ec70:   00000007b0bb4530 00001680ffffffff
0x000000001831ec80:   00000007b0bb4500 00000007b0bb44c0
0x000000001831ec90:   00000006e1bd64f8 0000000000000002
0x000000001831eca0:   0000000000000000 00000006fb7c8ec0
0x000000001831ecb0:   0000000000000000 000000001831ecd0
0x000000001831ecc0:   000000001831ed70 00000000026a61f8
0x000000001831ecd0:   0000000000000000 0000000600000000
0x000000001831ece0:   00000000026a61f8 0000000000000000
0x000000001831ecf0:   0000000000000000 3ff0000000000000
0x000000001831ed00:   00000000026a63d3 0000000000000000 

Instructions: (pc=0x00000000027fd43a)
0x00000000027fd41a:   10 44 3b c7 0f 8d 26 01 00 00 45 8b c8 41 ff c1
0x00000000027fd42a:   44 89 4d 18 48 8b 6c 24 70 44 8b 6d 18 4d 63 c0
0x00000000027fd43a:   42 0f b6 04 02 44 3b eb 0f 8d 32 01 00 00 45 8b
0x00000000027fd44a:   cd 44 03 c9 41 ff c5 44 89 6d 18 45 3b cb 0f 83 


Register to memory mapping:

RAX=0x00000000000000cd is an unknown value
RBX=0x00000000005eec00 is an unknown value
RCX=0x0000000000000000 is an unknown value
RDX=0x000000001e71c050 is an unknown value
RSP=0x000000001831ec10 is pointing into the stack for thread: 0x0000000019340000
RBP=0x00000007b0bb4500 is an oop
java.nio.HeapByteBuffer 
 - klass: 'java/nio/HeapByteBuffer'
RSI=0x000000070deb27c0 is an oop
[B 
 - klass: {type array byte}
 - length: 6220800
RDI=0x00000000005eec00 is an unknown value
R8 =0x0000000000515fb0 is an unknown value
R9 =0x0000000000515fb1 is an unknown value
R10=0x000000000000167f is an unknown value
R11=0x00000000005eec00 is an unknown value
R12=0x0000000000000000 is an unknown value
R13=0x0000000000515fb0 is an unknown value
R14=0x000000000000132f is an unknown value
R15=0x0000000019340000 is a thread


Stack: [0x0000000018220000,0x0000000018320000],  sp=0x000000001831ec10,  free space=1019k
Native frames: (J=compiled Java code, j=interpreted, Vv=VM code, C=native code)
J  com.googlecode.javacv.cpp.opencv_core$IplImage.flipCopyWithGamma(Ljava/nio/ByteBuffer;ILjava/nio/ByteBuffer;IZDZI)V


---------------  P R O C E S S  ---------------

Java Threads: ( => current thread )
  0x000000001884d800 JavaThread "Thread-0" daemon [_thread_in_native, id=6112, stack(0x0000000018020000,0x0000000018120000)]
  0x0000000019f67000 JavaThread "Thread-3" [_thread_in_native, id=7204, stack(0x0000000017e20000,0x0000000017f20000)]
  0x00000000199e2000 JavaThread "ICEpdf-pagePainter" daemon [_thread_blocked, id=4704, stack(0x000000001ef40000,0x000000001f040000)]
  0x0000000019115800 JavaThread "ICEpdf-pageInitializer" daemon [_thread_blocked, id=4736, stack(0x000000001ed10000,0x000000001ee10000)]
  0x000000000259e000 JavaThread "DestroyJavaVM" [_thread_blocked, id=5596, stack(0x0000000002480000,0x0000000002580000)]
=>0x0000000019340000 JavaThread "threadDisplay" daemon [_thread_in_Java, id=6084, stack(0x0000000018220000,0x0000000018320000)]
  0x0000000018857000 JavaThread "TimerQueue" daemon [_thread_blocked, id=5560, stack(0x0000000016e00000,0x0000000016f00000)]
  0x0000000013a66000 JavaThread "AWT-EventQueue-0" [_thread_blocked, id=6436, stack(0x0000000018ec0000,0x0000000018fc0000)]
  0x00000000138cd800 JavaThread "AWT-Windows" daemon [_thread_in_native, id=5072, stack(0x00000000143c0000,0x00000000144c0000)]
  0x00000000138c5000 JavaThread "AWT-Shutdown" [_thread_blocked, id=4260, stack(0x00000000142c0000,0x00000000143c0000)]
  0x00000000138c4000 JavaThread "Java2D Disposer" daemon [_thread_blocked, id=7368, stack(0x00000000141c0000,0x00000000142c0000)]
  0x00000000111c2800 JavaThread "Service Thread" daemon [_thread_blocked, id=444, stack(0x00000000135b0000,0x00000000136b0000)]
  0x00000000111bc800 JavaThread "C2 CompilerThread1" daemon [_thread_blocked, id=6808, stack(0x00000000134b0000,0x00000000135b0000)]
  0x00000000111b9000 JavaThread "C2 CompilerThread0" daemon [_thread_blocked, id=8064, stack(0x00000000133b0000,0x00000000134b0000)]
  0x00000000111b7800 JavaThread "Attach Listener" daemon [_thread_blocked, id=4296, stack(0x00000000132b0000,0x00000000133b0000)]
  0x00000000111ab000 JavaThread "Signal Dispatcher" daemon [_thread_blocked, id=7912, stack(0x00000000131b0000,0x00000000132b0000)]
  0x000000001114e800 JavaThread "Finalizer" daemon [_thread_blocked, id=3592, stack(0x00000000130b0000,0x00000000131b0000)]
  0x0000000011147000 JavaThread "Reference Handler" daemon [_thread_blocked, id=6140, stack(0x0000000012fb0000,0x00000000130b0000)]

Other Threads:
  0x0000000011142000 VMThread [stack: 0x0000000012eb0000,0x0000000012fb0000] [id=7664]
  0x00000000111df800 WatcherThread [stack: 0x00000000136b0000,0x00000000137b0000] [id=3616]

VM state:not at safepoint (normal execution)

VM Mutex/Monitor currently owned by a thread: None

Heap
 PSYoungGen      total 112000K, used 98514K [0x00000007aacb0000, 0x00000007b40e0000, 0x0000000800000000)
  eden space 101312K, 97% used [0x00000007aacb0000,0x00000007b0ce4868,0x00000007b0fa0000)
  from space 10688K, 0% used [0x00000007b3670000,0x00000007b3670000,0x00000007b40e0000)
  to   space 25216K, 0% used [0x00000007b0fa0000,0x00000007b0fa0000,0x00000007b2840000)
 ParOldGen       total 229824K, used 227972K [0x0000000700600000, 0x000000070e670000, 0x00000007aacb0000)
  object space 229824K, 99% used [0x0000000700600000,0x000000070e4a13d0,0x000000070e670000)
 PSPermGen       total 33344K, used 17874K [0x00000006fb400000, 0x00000006fd490000, 0x0000000700600000)
  object space 33344K, 53% used [0x00000006fb400000,0x00000006fc574a58,0x00000006fd490000)

Card table byte_map: [0x0000000005760000,0x0000000005f90000] byte_map_base: 0x0000000001f86000

Polling page: 0x0000000000b30000

Code Cache  [0x00000000026a0000, 0x0000000002910000, 0x00000000056a0000)
 total_blobs=962 nmethods=374 adapters=539 free_code_cache=47643Kb largest_free_block=48749376

Compilation events (10 events):
Event: 83.428 Thread 0x00000000111bc800  381             java.awt.image.SampleModel::getNumBands (5 bytes)
Event: 83.428 Thread 0x00000000111bc800 nmethod 381 0x000000000281f210 code [0x000000000281f340, 0x000000000281f398]
Event: 84.527 Thread 0x00000000111b9000  382  s          sun.java2d.d3d.D3DRenderQueue::getInstance (33 bytes)
Event: 84.528 Thread 0x00000000111b9000 nmethod 382 0x000000000281ed90 code [0x000000000281eee0, 0x000000000281f138]
Event: 91.214 Thread 0x00000000111bc800  383             javax.swing.JComponent::isOptimizedDrawingEnabled (2 bytes)
Event: 91.214 Thread 0x00000000111bc800 nmethod 383 0x000000000281bcd0 code [0x000000000281be00, 0x000000000281be58]
Event: 93.882 Thread 0x00000000111b9000  384             sun.java2d.SunGraphics2D::setColor (108 bytes)
Event: 93.884 Thread 0x00000000111b9000 nmethod 384 0x00000000027a56d0 code [0x00000000027a5860, 0x00000000027a5b88]
Event: 100.738 Thread 0x00000000111bc800  385             sun.java2d.pipe.Region::<init> (26 bytes)
Event: 100.738 Thread 0x00000000111bc800 nmethod 385 0x000000000281bad0 code [0x000000000281bc00, 0x000000000281bc78]

GC Heap History (10 events):
Event: 92.717 GC heap before
{Heap before GC invocations=52 (full 3):
 PSYoungGen      total 125760K, used 121775K [0x00000007aacb0000, 0x00000007b53d0000, 0x0000000800000000)
  eden space 107328K, 96% used [0x00000007aacb0000,0x00000007b119fac8,0x00000007b1580000)
  from space 18432K, 99% used [0x00000007b41d0000,0x00000007b53cc430,0x00000007b53d0000)
  to   space 24256K, 0% used [0x00000007b2470000,0x00000007b2470000,0x00000007b3c20000)
 ParOldGen       total 121088K, used 64274K [0x0000000700600000, 0x0000000707c40000, 0x00000007aacb0000)
  object space 121088K, 53% used [0x0000000700600000,0x00000007044c4b68,0x0000000707c40000)
 PSPermGen       total 38720K, used 17836K [0x00000006fb400000, 0x00000006fd9d0000, 0x0000000700600000)
  object space 38720K, 46% used [0x00000006fb400000,0x00000006fc56b1f0,0x00000006fd9d0000)
Event: 92.721 GC heap after
Heap after GC invocations=52 (full 3):
 PSYoungGen      total 122688K, used 18417K [0x00000007aacb0000, 0x00000007b41e0000, 0x0000000800000000)
  eden space 104256K, 0% used [0x00000007aacb0000,0x00000007aacb0000,0x00000007b1280000)
  from space 18432K, 99% used [0x00000007b2470000,0x00000007b366c430,0x00000007b3670000)
  to   space 11712K, 0% used [0x00000007b3670000,0x00000007b3670000,0x00000007b41e0000)
 ParOldGen       total 121088K, used 64274K [0x0000000700600000, 0x0000000707c40000, 0x00000007aacb0000)
  object space 121088K, 53% used [0x0000000700600000,0x00000007044c4b68,0x0000000707c40000)
 PSPermGen       total 38720K, used 17836K [0x00000006fb400000, 0x00000006fd9d0000, 0x0000000700600000)
  object space 38720K, 46% used [0x00000006fb400000,0x00000006fc56b1f0,0x00000006fd9d0000)
}
Event: 93.301 GC heap before
{Heap before GC invocations=53 (full 3):
 PSYoungGen      total 122688K, used 121780K [0x00000007aacb0000, 0x00000007b41e0000, 0x0000000800000000)
  eden space 104256K, 99% used [0x00000007aacb0000,0x00000007b11a0cf8,0x00000007b1280000)
  from space 18432K, 99% used [0x00000007b2470000,0x00000007b366c430,0x00000007b3670000)
  to   space 11712K, 0% used [0x00000007b3670000,0x00000007b3670000,0x00000007b41e0000)
 ParOldGen       total 121088K, used 70349K [0x0000000700600000, 0x0000000707c40000, 0x00000007aacb0000)
  object space 121088K, 58% used [0x0000000700600000,0x0000000704ab3778,0x0000000707c40000)
 PSPermGen       total 38720K, used 17837K [0x00000006fb400000, 0x00000006fd9d0000, 0x0000000700600000)
  object space 38720K, 46% used [0x00000006fb400000,0x00000006fc56b4f8,0x00000006fd9d0000)
Event: 93.304 GC heap after
Heap after GC invocations=53 (full 3):
 PSYoungGen      total 112000K, used 6235K [0x00000007aacb0000, 0x00000007b40e0000, 0x0000000800000000)
  eden space 101312K, 0% used [0x00000007aacb0000,0x00000007aacb0000,0x00000007b0fa0000)
  from space 10688K, 58% used [0x00000007b3670000,0x00000007b3c86c10,0x00000007b40e0000)
  to   space 25216K, 0% used [0x00000007b0fa0000,0x00000007b0fa0000,0x00000007b2840000)
 ParOldGen       total 121088K, used 82499K [0x0000000700600000, 0x0000000707c40000, 0x00000007aacb0000)
  object space 121088K, 68% used [0x0000000700600000,0x0000000705690f98,0x0000000707c40000)
 PSPermGen       total 38720K, used 17837K [0x00000006fb400000, 0x00000006fd9d0000, 0x0000000700600000)
  object space 38720K, 46% used [0x00000006fb400000,0x00000006fc56b4f8,0x00000006fd9d0000)
}
Event: 95.968 GC heap before
{Heap before GC invocations=54 (full 4):
 PSYoungGen      total 112000K, used 103785K [0x00000007aacb0000, 0x00000007b40e0000, 0x0000000800000000)
  eden space 101312K, 96% used [0x00000007aacb0000,0x00000007b0bf3af0,0x00000007b0fa0000)
  from space 10688K, 58% used [0x00000007b3670000,0x00000007b3c86c10,0x00000007b40e0000)
  to   space 25216K, 0% used [0x00000007b0fa0000,0x00000007b0fa0000,0x00000007b2840000)
 ParOldGen       total 473728K, used 471300K [0x0000000700600000, 0x000000071d4a0000, 0x00000007aacb0000)
  object space 473728K, 99% used [0x0000000700600000,0x000000071d241398,0x000000071d4a0000)
 PSPermGen       total 38720K, used 17837K [0x00000006fb400000, 0x00000006fd9d0000, 0x0000000700600000)
  object space 38720K, 46% used [0x00000006fb400000,0x00000006fc56b738,0x00000006fd9d0000)
Event: 96.019 GC heap after
Heap after GC invocations=54 (full 4):
 PSYoungGen      total 112000K, used 0K [0x00000007aacb0000, 0x00000007b40e0000, 0x0000000800000000)
  eden space 101312K, 0% used [0x00000007aacb0000,0x00000007aacb0000,0x00000007b0fa0000)
  from space 10688K, 0% used [0x00000007b3670000,0x00000007b3670000,0x00000007b40e0000)
  to   space 25216K, 0% used [0x00000007b0fa0000,0x00000007b0fa0000,0x00000007b2840000)
 ParOldGen       total 111360K, used 21417K [0x0000000700600000, 0x00000007072c0000, 0x00000007aacb0000)
  object space 111360K, 19% used [0x0000000700600000,0x0000000701aea690,0x00000007072c0000)
 PSPermGen       total 37184K, used 17837K [0x00000006fb400000, 0x00000006fd850000, 0x0000000700600000)
  object space 37184K, 47% used [0x00000006fb400000,0x00000006fc56b698,0x00000006fd850000)
}
Event: 98.668 GC heap before
{Heap before GC invocations=55 (full 5):
 PSYoungGen      total 112000K, used 97538K [0x00000007aacb0000, 0x00000007b40e0000, 0x0000000800000000)
  eden space 101312K, 96% used [0x00000007aacb0000,0x00000007b0bf08e0,0x00000007b0fa0000)
  from space 10688K, 0% used [0x00000007b3670000,0x00000007b3670000,0x00000007b40e0000)
  to   space 25216K, 0% used [0x00000007b0fa0000,0x00000007b0fa0000,0x00000007b2840000)
 ParOldGen       total 415360K, used 410218K [0x0000000700600000, 0x0000000719ba0000, 0x00000007aacb0000)
  object space 415360K, 98% used [0x0000000700600000,0x000000071969aa90,0x0000000719ba0000)
 PSPermGen       total 37184K, used 17838K [0x00000006fb400000, 0x00000006fd850000, 0x0000000700600000)
  object space 37184K, 47% used [0x00000006fb400000,0x00000006fc56b950,0x00000006fd850000)
Event: 98.714 GC heap after
Heap after GC invocations=55 (full 5):
 PSYoungGen      total 112000K, used 0K [0x00000007aacb0000, 0x00000007b40e0000, 0x0000000800000000)
  eden space 101312K, 0% used [0x00000007aacb0000,0x00000007aacb0000,0x00000007b0fa0000)
  from space 10688K, 0% used [0x00000007b3670000,0x00000007b3670000,0x00000007b40e0000)
  to   space 25216K, 0% used [0x00000007b0fa0000,0x00000007b0fa0000,0x00000007b2840000)
 ParOldGen       total 109760K, used 21418K [0x0000000700600000, 0x0000000707130000, 0x00000007aacb0000)
  object space 109760K, 19% used [0x0000000700600000,0x0000000701aea908,0x0000000707130000)
 PSPermGen       total 35584K, used 17838K [0x00000006fb400000, 0x00000006fd6c0000, 0x0000000700600000)
  object space 35584K, 50% used [0x00000006fb400000,0x00000006fc56b950,0x00000006fd6c0000)
}
Event: 101.368 GC heap before
{Heap before GC invocations=56 (full 6):
 PSYoungGen      total 112000K, used 97591K [0x00000007aacb0000, 0x00000007b40e0000, 0x0000000800000000)
  eden space 101312K, 96% used [0x00000007aacb0000,0x00000007b0bfdde8,0x00000007b0fa0000)
  from space 10688K, 0% used [0x00000007b3670000,0x00000007b3670000,0x00000007b40e0000)
  to   space 25216K, 0% used [0x00000007b0fa0000,0x00000007b0fa0000,0x00000007b2840000)
 ParOldGen       total 413760K, used 410219K [0x0000000700600000, 0x0000000719a10000, 0x00000007aacb0000)
  object space 413760K, 99% used [0x0000000700600000,0x000000071969ad08,0x0000000719a10000)
 PSPermGen       total 35584K, used 17850K [0x00000006fb400000, 0x00000006fd6c0000, 0x0000000700600000)
  object space 35584K, 50% used [0x00000006fb400000,0x00000006fc56ea28,0x00000006fd6c0000)
Event: 101.414 GC heap after
Heap after GC invocations=56 (full 6):
 PSYoungGen      total 112000K, used 0K [0x00000007aacb0000, 0x00000007b40e0000, 0x0000000800000000)
  eden space 101312K, 0% used [0x00000007aacb0000,0x00000007aacb0000,0x00000007b0fa0000)
  from space 10688K, 0% used [0x00000007b3670000,0x00000007b3670000,0x00000007b40e0000)
  to   space 25216K, 0% used [0x00000007b0fa0000,0x00000007b0fa0000,0x00000007b2840000)
 ParOldGen       total 108224K, used 21422K [0x0000000700600000, 0x0000000706fb0000, 0x00000007aacb0000)
  object space 108224K, 19% used [0x0000000700600000,0x0000000701aeb9b0,0x0000000706fb0000)
 PSPermGen       total 33344K, used 17850K [0x00000006fb400000, 0x00000006fd490000, 0x0000000700600000)
  object space 33344K, 53% used [0x00000006fb400000,0x00000006fc56ea28,0x00000006fd490000)
}

Deoptimization events (10 events):
Event: 3.844 Thread 0x0000000019115800 Uncommon trap -83 fr.pc 0x0000000002749074
Event: 3.890 Thread 0x0000000019115800 Uncommon trap -83 fr.pc 0x0000000002748cc4
Event: 3.907 Thread 0x0000000019115800 Uncommon trap -83 fr.pc 0x00000000027a56e8
Event: 3.956 Thread 0x0000000019115800 Uncommon trap -83 fr.pc 0x00000000027ae948
Event: 3.984 Thread 0x0000000019115800 Uncommon trap -83 fr.pc 0x000000000276da20
Event: 4.174 Thread 0x00000000199e2000 Uncommon trap -83 fr.pc 0x00000000027d0cfc
Event: 8.823 Thread 0x00000000139f8800 Uncommon trap -28 fr.pc 0x000000000277fc8c
Event: 19.338 Thread 0x0000000013a66000 Uncommon trap -12 fr.pc 0x00000000027d8e64
Event: 26.928 Thread 0x0000000019340000 Uncommon trap -12 fr.pc 0x00000000027c3d38
Event: 101.268 Thread 0x0000000013a66000 Uncommon trap -83 fr.pc 0x000000000276f290

Internal exceptions (10 events):
Event: 4.032 Thread 0x0000000019115800 Threw 0x00000007ae374948 at C:\jdk7u1_64p\jdk7u7\hotspot\src\share\vm\prims\jvm.cpp:1166
Event: 4.032 Thread 0x0000000019115800 Threw 0x00000007ae377718 at C:\jdk7u1_64p\jdk7u7\hotspot\src\share\vm\prims\jvm.cpp:1166
Event: 4.033 Thread 0x0000000019115800 Threw 0x00000007ae37a8c8 at C:\jdk7u1_64p\jdk7u7\hotspot\src\share\vm\prims\jvm.cpp:1166
Event: 4.033 Thread 0x0000000019115800 Threw 0x00000007ae37d698 at C:\jdk7u1_64p\jdk7u7\hotspot\src\share\vm\prims\jvm.cpp:1166
Event: 4.155 Thread 0x00000000199e2000 Threw 0x00000007ae8f1fa0 at C:\jdk7u1_64p\jdk7u7\hotspot\src\share\vm\prims\jvm.cpp:1166
Event: 4.159 Thread 0x00000000199e2000 Threw 0x00000007ae902830 at C:\jdk7u1_64p\jdk7u7\hotspot\src\share\vm\prims\jvm.cpp:1166
Event: 4.361 Thread 0x00000000199e2000 Threw 0x00000007abfa9738 at C:\jdk7u1_64p\jdk7u7\hotspot\src\share\vm\prims\jvm.cpp:1166
Event: 19.338 Thread 0x0000000013a66000 Implicit null exception at 0x00000000027d8d88 to 0x00000000027d8e59
Event: 26.928 Thread 0x0000000019340000 Implicit null exception at 0x00000000027c3a38 to 0x00000000027c3d2c
Event: 101.268 Thread 0x0000000013a66000 Implicit null exception at 0x000000000276f122 to 0x000000000276f279

Events (10 events):
Event: 98.668 Executing VM operation: ParallelGCSystemGC
Event: 98.714 Executing VM operation: ParallelGCSystemGC done
Event: 100.736 loading class 0x00000000139112c0
Event: 100.736 loading class 0x00000000139112c0 done
Event: 101.268 Thread 0x0000000013a66000 DEOPT PACKING pc=0x000000000276f290 sp=0x0000000018fbcab0
Event: 101.268 Thread 0x0000000013a66000 DEOPT UNPACKING pc=0x00000000026d9164 sp=0x0000000018fbca58 mode 2
Event: 101.349 Executing VM operation: ParallelGCFailedAllocation
Event: 101.349 Executing VM operation: ParallelGCFailedAllocation done
Event: 101.368 Executing VM operation: ParallelGCSystemGC
Event: 101.414 Executing VM operation: ParallelGCSystemGC done


Dynamic libraries:
0x000007f617cb0000 - 0x000007f617ce4000 	F:\Program Files\Java\Jre7\bin\javaw.exe
0x000007fe83490000 - 0x000007fe8364e000 	C:\WINDOWS\SYSTEM32\ntdll.dll
0x000007fe83350000 - 0x000007fe83486000 	C:\WINDOWS\system32\KERNEL32.DLL
0x000007fe80580000 - 0x000007fe80673000 	C:\WINDOWS\system32\KERNELBASE.dll
0x000007fe82eb0000 - 0x000007fe82f8e000 	C:\WINDOWS\system32\ADVAPI32.dll
0x000007fe80a10000 - 0x000007fe80b5c000 	C:\WINDOWS\system32\USER32.dll
0x000007fe7db90000 - 0x000007fe7ddf9000 	C:\WINDOWS\WinSxS\amd64_microsoft.windows.common-controls_6595b64144ccf1df_6.0.9200.16384_none_418c2a697189c07f\COMCTL32.dll
0x000007fe82890000 - 0x000007fe82935000 	C:\WINDOWS\system32\msvcrt.dll
0x000007fe82840000 - 0x000007fe82888000 	C:\WINDOWS\SYSTEM32\sechost.dll
0x000007fe82970000 - 0x000007fe82ab0000 	C:\WINDOWS\system32\RPCRT4.dll
0x000007fe82ab0000 - 0x000007fe82bf0000 	C:\WINDOWS\system32\GDI32.dll
0x000007fe80b60000 - 0x000007fe80b99000 	C:\WINDOWS\system32\IMM32.DLL
0x000007fe82720000 - 0x000007fe82835000 	C:\WINDOWS\system32\MSCTF.dll
0x000007fe80380000 - 0x000007fe80388000 	C:\PROGRA~2\NVIDIA~1\3DVISI~1\NVSTIN~1.DLL
0x000007fe82940000 - 0x000007fe82947000 	C:\WINDOWS\system32\PSAPI.DLL
0x000000006acd0000 - 0x000000006ad73000 	C:\WINDOWS\WinSxS\amd64_microsoft.vc90.crt_1fc8b3b9a1e18e3b_9.0.30729.6871_none_08e717a5a83adddf\MSVCR90.dll
0x0000000069bb0000 - 0x0000000069c81000 	F:\Program Files\Java\Jre7\bin\msvcr100.dll
0x0000000068a20000 - 0x000000006913f000 	F:\Program Files\Java\Jre7\bin\server\jvm.dll
0x000007fe78b00000 - 0x000007fe78b09000 	C:\WINDOWS\SYSTEM32\WSOCK32.dll
0x000007fe7de20000 - 0x000007fe7de40000 	C:\WINDOWS\SYSTEM32\WINMM.dll
0x000007fe826a0000 - 0x000007fe826f8000 	C:\WINDOWS\system32\WS2_32.dll
0x000007fe7d3c0000 - 0x000007fe7d3f2000 	C:\WINDOWS\SYSTEM32\WINMMBASE.dll
0x000007fe82700000 - 0x000007fe82709000 	C:\WINDOWS\system32\NSI.dll
0x0000000069ba0000 - 0x0000000069baf000 	F:\Program Files\Java\Jre7\bin\verify.dll
0x0000000069b70000 - 0x0000000069b98000 	F:\Program Files\Java\Jre7\bin\java.dll
0x0000000069b50000 - 0x0000000069b65000 	F:\Program Files\Java\Jre7\bin\zip.dll
0x0000000068880000 - 0x0000000068a13000 	F:\Program Files\Java\Jre7\bin\awt.dll
0x000007fe808e0000 - 0x000007fe809a3000 	C:\WINDOWS\system32\OLEAUT32.dll
0x000007fe80ba0000 - 0x000007fe80d50000 	C:\WINDOWS\system32\combase.dll
0x000007fe7a5b0000 - 0x000007fe7a64f000 	C:\WINDOWS\system32\apphelp.dll
0x000007fe7e2c0000 - 0x000007fe7e2e1000 	C:\WINDOWS\system32\DWMAPI.DLL
0x000007fe7f180000 - 0x000007fe7f263000 	C:\WINDOWS\system32\uxtheme.dll
0x000007fe7a660000 - 0x000007fe7a6f5000 	C:\Program Files\Common Files\microsoft shared\ink\tiptsf.dll
0x000007fe80eb0000 - 0x000007fe8102e000 	C:\WINDOWS\system32\ole32.dll
0x000007fe801d0000 - 0x000007fe801da000 	C:\WINDOWS\SYSTEM32\CRYPTBASE.dll
0x000007fe80170000 - 0x000007fe801cc000 	C:\WINDOWS\SYSTEM32\bcryptPrimitives.dll
0x000007fe6ef80000 - 0x000007fe6f180000 	C:\WINDOWS\system32\d3d9.dll
0x000007fe7e110000 - 0x000007fe7e119000 	C:\WINDOWS\SYSTEM32\VERSION.dll
0x000007fe5c060000 - 0x000007fe5d1e0000 	C:\WINDOWS\SYSTEM32\nvd3dumx.dll
0x000007fe80270000 - 0x000007fe802b3000 	C:\WINDOWS\SYSTEM32\powrprof.dll
0x0000000180000000 - 0x0000000180116000 	C:\Program Files (x86)\NVIDIA Corporation\3D Vision\nvSCPAPI64.dll
0x000007fe82f90000 - 0x000007fe83160000 	C:\WINDOWS\system32\SETUPAPI.dll
0x000007fe7dab0000 - 0x000007fe7db24000 	C:\WINDOWS\SYSTEM32\dxgi.dll
0x000007fe81050000 - 0x000007fe82338000 	C:\WINDOWS\system32\SHELL32.dll
0x000007fe80680000 - 0x000007fe806cf000 	C:\WINDOWS\system32\CFGMGR32.dll
0x000007fe808b0000 - 0x000007fe808d2000 	C:\WINDOWS\system32\DEVOBJ.dll
0x000007fe83300000 - 0x000007fe83350000 	C:\WINDOWS\system32\SHLWAPI.dll
0x000007fe7ceb0000 - 0x000007fe7d172000 	C:\WINDOWS\SYSTEM32\nvapi64.dll
0x000007fe80520000 - 0x000007fe80575000 	C:\WINDOWS\system32\WINTRUST.dll
0x000007fe806d0000 - 0x000007fe808a7000 	C:\WINDOWS\system32\CRYPT32.dll
0x000007fe80450000 - 0x000007fe80466000 	C:\WINDOWS\system32\MSASN1.dll
0x000007fe7d400000 - 0x000007fe7d41f000 	C:\WINDOWS\SYSTEM32\DXGIDebug.dll
0x000007fe7f550000 - 0x000007fe7f5e6000 	C:\WINDOWS\SYSTEM32\shcore.dll
0x0000000068840000 - 0x0000000068874000 	F:\Program Files\Java\Jre7\bin\fontmanager.dll
0x0000000069b30000 - 0x0000000069b49000 	F:\Program Files\Java\Jre7\bin\net.dll
0x000007fe7fbe0000 - 0x000007fe7fc3c000 	C:\WINDOWS\system32\mswsock.dll
0x0000000069b10000 - 0x0000000069b21000 	F:\Program Files\Java\Jre7\bin\nio.dll
0x00000000687f0000 - 0x0000000068831000 	F:\Program Files\Java\Jre7\bin\t2k.dll
0x000007fe82bf0000 - 0x000007fe82c86000 	C:\WINDOWS\SYSTEM32\clbcatq.dll
0x000007fe7df80000 - 0x000007fe7e10a000 	C:\WINDOWS\SYSTEM32\WindowsCodecs.dll
0x000007fe803a0000 - 0x000007fe803b5000 	C:\WINDOWS\SYSTEM32\profapi.dll
0x0000000069ed0000 - 0x0000000069f68000 	C:\Windows\System32\msvcp100.dll
0x000007fe6ccc0000 - 0x000007fe6cf18000 	C:\opencv\build\x64\vc10\bin\opencv_core243.dll
0x000007fe70290000 - 0x000007fe70325000 	C:\Users\Jonas\AppData\Local\Temp\javacpp91617131576616\jniopencv_core.dll
0x000007fe69460000 - 0x000007fe69705000 	C:\opencv\build\x64\vc10\bin\opencv_imgproc243.dll
0x000007fe77cd0000 - 0x000007fe77d18000 	C:\Users\Jonas\AppData\Local\Temp\javacpp91617131576616\jniopencv_imgproc.dll
0x0000000066840000 - 0x00000000675ca000 	C:\opencv\build\x64\vc10\bin\opencv_ffmpeg243_64.dll
0x000007fe69210000 - 0x000007fe6945b000 	C:\opencv\build\x64\vc10\bin\opencv_highgui243.dll
0x000007fe7a500000 - 0x000007fe7a520000 	C:\WINDOWS\SYSTEM32\AVIFIL32.dll
0x000007fe77630000 - 0x000007fe77659000 	C:\WINDOWS\SYSTEM32\MSVFW32.dll
0x000007fe79f10000 - 0x000007fe79f27000 	C:\WINDOWS\SYSTEM32\AVICAP32.dll
0x000007fe677e0000 - 0x000007fe677f9000 	C:\WINDOWS\SYSTEM32\MSACM32.dll
0x000007fe77cb0000 - 0x000007fe77cc3000 	C:\Users\Jonas\AppData\Local\Temp\javacpp91617131576616\jniopencv_highgui.dll
0x000007fe77610000 - 0x000007fe77627000 	C:\Windows\System32\devenum.dll
0x000007fe796e0000 - 0x000007fe7970e000 	C:\WINDOWS\SYSTEM32\ntmarta.dll
0x000007fe7ab20000 - 0x000007fe7ab2d000 	C:\WINDOWS\SYSTEM32\msdmo.dll
0x000007fe774e0000 - 0x000007fe7750f000 	C:\Windows\System32\qcap.dll
0x000007fe69ef0000 - 0x000007fe6a0a8000 	C:\Windows\System32\quartz.dll
0x000007fe70200000 - 0x000007fe7023f000 	C:\Windows\System32\ksproxy.ax
0x000007fe6d940000 - 0x000007fe6d947000 	C:\Windows\System32\ksuser.dll
0x000007fe7a530000 - 0x000007fe7a53c000 	C:\Windows\System32\vidcap.ax
0x000007fe70260000 - 0x000007fe70284000 	C:\Windows\System32\kswdmcap.ax
0x000007fe6bb50000 - 0x000007fe6bca4000 	C:\Windows\System32\MFC42.dll
0x000007fe6cc00000 - 0x000007fe6ccbe000 	C:\Windows\System32\ODBC32.dll
0x000007fe6b480000 - 0x000007fe6b515000 	C:\Windows\System32\qedit.dll
0x000007fe823b0000 - 0x000007fe82451000 	C:\WINDOWS\system32\COMDLG32.dll
0x000007fe83160000 - 0x000007fe83300000 	C:\WINDOWS\WinSxS\amd64_microsoft.windows.gdiplus_6595b64144ccf1df_1.1.9200.16384_none_72771d4ecc1c3a4d\gdiplus.dll
0x000007fe67cd0000 - 0x000007fe67dba000 	C:\WINDOWS\SYSTEM32\DDRAW.dll
0x000007fe7d1b0000 - 0x000007fe7d1b8000 	C:\WINDOWS\SYSTEM32\DCIMAN32.dll
0x000007fe7d2d0000 - 0x000007fe7d339000 	C:\WINDOWS\SYSTEM32\oleacc.dll
0x00000000687c0000 - 0x00000000687ea000 	F:\Program Files\Java\Jre7\bin\dcpr.dll

VM Arguments:
jvm_args: -Dfile.encoding=Cp1252 
java_command: emcscanner.kth.se.Program
Launcher Type: SUN_STANDARD

Environment Variables:
PATH=C:\Program Files (x86)\NVIDIA Corporation\PhysX\Common;C:\WINDOWS\system32;C:\WINDOWS;C:\WINDOWS\System32\Wbem;C:\WINDOWS\System32\WindowsPowerShell\v1.0\;C:\Program Files (x86)\Microsoft SQL Server\90\Tools\binn\;C:\Program Files (x86)\Autodesk\Backburner\;F:\Program Files\MATLAB\R2012a\runtime\win64;F:\Program Files\MATLAB\R2012a\bin;C:\Program Files\Internet Explorer;C:\Program Files\Perforce;F:\Program Files\Perforce;C:\Program Files\Microsoft\Web Platform Installer\;C:\Program Files (x86)\Microsoft ASP.NET\ASP.NET Web Pages\v1.0\;C:\Program Files (x86)\Windows Kits\8.0\Windows Performance Toolkit\;C:\Program Files\Microsoft SQL Server\110\Tools\Binn\;F:\Program Files\Perforce\Server
USERNAME=Jonas
OS=Windows_NT
PROCESSOR_IDENTIFIER=Intel64 Family 6 Model 42 Stepping 7, GenuineIntel



---------------  S Y S T E M  ---------------

OS: Windows 8 , 64 bit Build 9200 

CPU:total 8 (4 cores per cpu, 2 threads per core) family 6 model 42 stepping 7, cmov, cx8, fxsr, mmx, sse, sse2, sse3, ssse3, sse4.1, sse4.2, popcnt, avx, ht, tsc, tscinvbit

Memory: 4k page, physical 16751668k(11653820k free), swap 33528884k(27284012k free)

vm_info: Java HotSpot(TM) 64-Bit Server VM (23.3-b01) for windows-amd64 JRE (1.7.0_07-b11), built on Sep  7 2012 01:19:25 by "java_re" with unknown MS VC++:1600

time: Tue Jan 22 22:03:00 2013
elapsed time: 102 seconds

