#
# A fatal error has been detected by the Java Runtime Environment:
#
#  EXCEPTION_ACCESS_VIOLATION (0xc0000005) at pc=0x0000000066bbd107, pid=8380, tid=6860
#
# JRE version: 7.0_07-b11
# Java VM: Java HotSpot(TM) 64-Bit Server VM (23.3-b01 mixed mode windows-amd64 compressed oops)
# Problematic frame:
# C  [opencv_ffmpeg243_64.dll+0x37d107]  read_InputMediaStream_FFMPEG+0x379447
#
# Failed to write core dump. Minidumps are not enabled by default on client versions of Windows
#
# If you would like to submit a bug report, please visit:
#   http://bugreport.sun.com/bugreport/crash.jsp
# The crash happened outside the Java Virtual Machine in native code.
# See problematic frame for where to report the bug.
#

---------------  T H R E A D  ---------------

Current thread (0x0000000014134800):  JavaThread "threadDisplay" daemon [_thread_in_native, id=6860, stack(0x000000001d790000,0x000000001d890000)]

siginfo: ExceptionCode=0xc0000005, writing address 0x00000000140e8eb8

Registers:
RAX=0xfffffffffd227e0c, RBX=0x0000000016ebdba0, RCX=0x0000000016ebdb90, RDX=0x00000000234aa500
RSP=0x000000001d88f0d0, RBP=0x0000000066ecdce0, RSI=0x00000000234aa270, RDI=0x0000000016ebdb90
R8 =0x0000000000000001, R9 =0x0000000022d379c0, R10=0x0000000000000010, R11=0x000000002a10b540
R12=0x000000000001aa40, R13=0x000007f95e1d1010, R14=0x000007f95e1d1060, R15=0x0000000000000000
RIP=0x0000000066bbd107, EFLAGS=0x0000000000010286

Top of Stack: (sp=0x000000001d88f0d0)
0x000000001d88f0d0:   0000000016ebdb90 00000000255bf758
0x000000001d88f0e0:   0000000000000000 0000000000000cb4
0x000000001d88f0f0:   0000000000000000 00000000234aa2b8
0x000000001d88f100:   00000000207ec490 000000085d5911bc
0x000000001d88f110:   0000000016ec4550 0000000000000001
0x000000001d88f120:   000000001dd23040 00000000207ec490
0x000000001d88f130:   0000000000000001 00000000141349d8
0x000000001d88f140:   000000001d88f350 0000000000000000
0x000000001d88f150:   00000006fb9f06d8 000000001d88f370
0x000000001d88f160:   0000000014134800 0000000066e744bc
0x000000001d88f170:   000000001dd24360 000007f95d5911bc
0x000000001d88f180:   0000000000000000 0000000000000001
0x000000001d88f190:   000000001dd24360 000000001dd24360
0x000000001d88f1a0:   0000000000000001 0000000066841934
0x000000001d88f1b0:   0000000000000000 000000006d4ab58b
0x000000001d88f1c0:   0000000014134800 0000003000000000 

Instructions: (pc=0x0000000066bbd107)
0x0000000066bbd0e7:   82 40 01 00 00 4c 8d 81 14 34 00 00 4c 29 c0 48
0x0000000066bbd0f7:   c1 f8 02 49 89 c0 49 c1 e8 3f 4c 01 c0 48 d1 f8
0x0000000066bbd107:   c6 84 01 1c 35 00 00 00 48 8b 82 38 01 00 00 48
0x0000000066bbd117:   c7 82 40 01 00 00 00 00 00 00 48 89 c1 ff 90 30 


Register to memory mapping:

RAX=0xfffffffffd227e0c is an unknown value
RBX=0x0000000016ebdba0 is an unknown value
RCX=0x0000000016ebdb90 is an unknown value
RDX=0x00000000234aa500 is an unknown value
RSP=0x000000001d88f0d0 is pointing into the stack for thread: 0x0000000014134800
RBP=0x0000000066ecdce0 is an unknown value
RSI=0x00000000234aa270 is an unknown value
RDI=0x0000000016ebdb90 is an unknown value
R8 =0x0000000000000001 is an unknown value
R9 =0x0000000022d379c0 is an unknown value
R10=0x0000000000000010 is an unknown value
R11=0x000000002a10b540 is an unknown value
R12=0x000000000001aa40 is an unknown value
R13=0x000007f95e1d1010 is an unknown value
R14=0x000007f95e1d1060 is an unknown value
R15=0x0000000000000000 is an unknown value


Stack: [0x000000001d790000,0x000000001d890000],  sp=0x000000001d88f0d0,  free space=1020k
Native frames: (J=compiled Java code, j=interpreted, Vv=VM code, C=native code)
C  [opencv_ffmpeg243_64.dll+0x37d107]  read_InputMediaStream_FFMPEG+0x379447

Java frames: (J=compiled Java code, j=interpreted, Vv=VM code)
j  com.googlecode.javacv.cpp.opencv_highgui.cvReleaseCapture(Lcom/googlecode/javacv/cpp/opencv_highgui$CvCapture;)V+0
j  com.googlecode.javacv.OpenCVFrameGrabber.stop()V+11
j  com.googlecode.javacv.FrameGrabber.restart()V+1
j  emcscanner.kth.se.AreaSettingsSubPanel$4.run()V+45
v  ~StubRoutines::call_stub

---------------  P R O C E S S  ---------------

Java Threads: ( => current thread )
  0x0000000014136000 JavaThread "ICEpdf-pagePainter" daemon [_thread_blocked, id=8524, stack(0x0000000026e80000,0x0000000026f80000)]
  0x000000001413b800 JavaThread "ICEpdf-pageInitializer" daemon [_thread_blocked, id=1532, stack(0x000000001e510000,0x000000001e610000)]
  0x000000001413a000 JavaThread "DestroyJavaVM" [_thread_blocked, id=8336, stack(0x0000000002c00000,0x0000000002d00000)]
  0x0000000014137800 JavaThread "D3D Screen Updater" daemon [_thread_in_native, id=6372, stack(0x00000000225c0000,0x00000000226c0000)]
  0x0000000014139000 JavaThread "TimerQueue" daemon [_thread_blocked, id=7404, stack(0x0000000020310000,0x0000000020410000)]
  0x0000000014137000 JavaThread "threadDisplayDensity" daemon [_thread_in_Java, id=4752, stack(0x000000001ddc0000,0x000000001dec0000)]
  0x000000001413a800 JavaThread "AWT-EventQueue-0" [_thread_blocked, id=9160, stack(0x000000001d890000,0x000000001d990000)]
=>0x0000000014134800 JavaThread "threadDisplay" daemon [_thread_in_native, id=6860, stack(0x000000001d790000,0x000000001d890000)]
  0x0000000014135800 JavaThread "AWT-Shutdown" [_thread_blocked, id=5596, stack(0x000000001b170000,0x000000001b270000)]
  0x0000000014138800 JavaThread "threadDisplay" daemon [_thread_in_Java, id=9100, stack(0x000000001b070000,0x000000001b170000)]
  0x000000001401e800 JavaThread "AWT-Windows" daemon [_thread_in_native, id=9144, stack(0x0000000014910000,0x0000000014a10000)]
  0x000000001401d000 JavaThread "Java2D Disposer" daemon [_thread_blocked, id=8360, stack(0x0000000014710000,0x0000000014810000)]
  0x0000000011929000 JavaThread "Service Thread" daemon [_thread_blocked, id=8424, stack(0x0000000013d10000,0x0000000013e10000)]
  0x000000001191d800 JavaThread "C2 CompilerThread1" daemon [_thread_blocked, id=7872, stack(0x0000000013c10000,0x0000000013d10000)]
  0x0000000011919000 JavaThread "C2 CompilerThread0" daemon [_thread_blocked, id=6528, stack(0x0000000013b10000,0x0000000013c10000)]
  0x0000000011917800 JavaThread "Attach Listener" daemon [_thread_blocked, id=8204, stack(0x0000000013a10000,0x0000000013b10000)]
  0x000000001190a800 JavaThread "Signal Dispatcher" daemon [_thread_blocked, id=8920, stack(0x0000000013910000,0x0000000013a10000)]
  0x00000000118ae800 JavaThread "Finalizer" daemon [_thread_blocked, id=8324, stack(0x0000000013810000,0x0000000013910000)]
  0x00000000118a7000 JavaThread "Reference Handler" daemon [_thread_blocked, id=8384, stack(0x0000000013710000,0x0000000013810000)]

Other Threads:
  0x00000000118a1800 VMThread [stack: 0x0000000013610000,0x0000000013710000] [id=8352]
  0x0000000011945800 WatcherThread [stack: 0x0000000013e10000,0x0000000013f10000] [id=6648]

VM state:not at safepoint (normal execution)

VM Mutex/Monitor currently owned by a thread: None

Heap
 PSYoungGen      total 356224K, used 168488K [0x00000007aacb0000, 0x00000007c5860000, 0x0000000800000000)
  eden space 295872K, 43% used [0x00000007aacb0000,0x00000007b2adbbe0,0x00000007bcda0000)
  from space 60352K, 65% used [0x00000007bcda0000,0x00000007bf3fe730,0x00000007c0890000)
  to   space 63424K, 0% used [0x00000007c1a70000,0x00000007c1a70000,0x00000007c5860000)
 ParOldGen       total 406976K, used 43944K [0x0000000700600000, 0x0000000719370000, 0x00000007aacb0000)
  object space 406976K, 10% used [0x0000000700600000,0x00000007030ea020,0x0000000719370000)
 PSPermGen       total 21504K, used 18346K [0x00000006fb400000, 0x00000006fc900000, 0x0000000700600000)
  object space 21504K, 85% used [0x00000006fb400000,0x00000006fc5ea830,0x00000006fc900000)

Card table byte_map: [0x0000000005ec0000,0x00000000066f0000] byte_map_base: 0x00000000026e6000

Polling page: 0x0000000001320000

Code Cache  [0x0000000002e00000, 0x0000000003070000, 0x0000000005e00000)
 total_blobs=1141 nmethods=552 adapters=540 free_code_cache=47227Kb largest_free_block=48310912

Compilation events (10 events):
Event: 182.541 Thread 0x0000000011919000  557   !         sun.java2d.SunGraphics2D::drawImage (155 bytes)
Event: 182.544 Thread 0x0000000011919000 nmethod 557 0x0000000002fdc8d0 code [0x0000000002fdca80, 0x0000000002fdcee0]
Event: 182.552 Thread 0x000000001191d800  558             sun.java2d.SunGraphics2D::drawImage (15 bytes)
Event: 182.557 Thread 0x000000001191d800 nmethod 558 0x0000000002fe16d0 code [0x0000000002fe1880, 0x0000000002fe1cc0]
Event: 184.808 Thread 0x0000000011919000  559             emcscanner.kth.se.CameraPanel::getScaledDimension (77 bytes)
Event: 184.810 Thread 0x0000000011919000 nmethod 559 0x0000000002fdfe10 code [0x0000000002fdff60, 0x0000000002fe00b8]
Event: 184.889 Thread 0x000000001191d800  560             emcscanner.kth.se.CameraPanel::resizeImage (51 bytes)
Event: 184.898 Thread 0x000000001191d800 nmethod 560 0x0000000002fe9a50 code [0x0000000002fe9c80, 0x0000000002fea670]
Event: 190.583 Thread 0x0000000011919000  561             sun.java2d.SunGraphics2D::getSurfaceData (5 bytes)
Event: 190.584 Thread 0x0000000011919000 nmethod 561 0x0000000002fd8cd0 code [0x0000000002fd8e00, 0x0000000002fd8e78]

GC Heap History (10 events):
Event: 192.866 GC heap before
{Heap before GC invocations=119 (full 22):
 PSYoungGen      total 334720K, used 333323K [0x00000007aacb0000, 0x00000007c56a0000, 0x0000000800000000)
  eden space 280000K, 99% used [0x00000007aacb0000,0x00000007bbdf1e38,0x00000007bbe20000)
  from space 54720K, 97% used [0x00000007bbe20000,0x00000007bf260ff8,0x00000007bf390000)
  to   space 64576K, 0% used [0x00000007c1790000,0x00000007c1790000,0x00000007c56a0000)
 ParOldGen       total 396992K, used 394253K [0x0000000700600000, 0x00000007189b0000, 0x00000007aacb0000)
  object space 396992K, 99% used [0x0000000700600000,0x00000007187037c0,0x00000007189b0000)
 PSPermGen       total 21504K, used 18346K [0x00000006fb400000, 0x00000006fc900000, 0x0000000700600000)
  object space 21504K, 85% used [0x00000006fb400000,0x00000006fc5ea850,0x00000006fc900000)
Event: 192.899 GC heap after
Heap after GC invocations=119 (full 22):
 PSYoungGen      total 334720K, used 0K [0x00000007aacb0000, 0x00000007c56a0000, 0x0000000800000000)
  eden space 280000K, 0% used [0x00000007aacb0000,0x00000007aacb0000,0x00000007bbe20000)
  from space 54720K, 0% used [0x00000007bbe20000,0x00000007bbe20000,0x00000007bf390000)
  to   space 64576K, 0% used [0x00000007c1790000,0x00000007c1790000,0x00000007c56a0000)
 ParOldGen       total 336704K, used 56346K [0x0000000700600000, 0x0000000714ed0000, 0x00000007aacb0000)
  object space 336704K, 16% used [0x0000000700600000,0x0000000703d06af0,0x0000000714ed0000)
 PSPermGen       total 21504K, used 18346K [0x00000006fb400000, 0x00000006fc900000, 0x0000000700600000)
  object space 21504K, 85% used [0x00000006fb400000,0x00000006fc5ea830,0x00000006fc900000)
}
Event: 193.964 GC heap before
{Heap before GC invocations=120 (full 23):
 PSYoungGen      total 334720K, used 279987K [0x00000007aacb0000, 0x00000007c56a0000, 0x0000000800000000)
  eden space 280000K, 99% used [0x00000007aacb0000,0x00000007bbe1cd98,0x00000007bbe20000)
  from space 54720K, 0% used [0x00000007bbe20000,0x00000007bbe20000,0x00000007bf390000)
  to   space 64576K, 0% used [0x00000007c1790000,0x00000007c1790000,0x00000007c56a0000)
 ParOldGen       total 349056K, used 348875K [0x0000000700600000, 0x0000000715ae0000, 0x00000007aacb0000)
  object space 349056K, 99% used [0x0000000700600000,0x0000000715ab2f70,0x0000000715ae0000)
 PSPermGen       total 21504K, used 18346K [0x00000006fb400000, 0x00000006fc900000, 0x0000000700600000)
  object space 21504K, 85% used [0x00000006fb400000,0x00000006fc5ea830,0x00000006fc900000)
Event: 193.990 GC heap after
Heap after GC invocations=120 (full 23):
 PSYoungGen      total 334720K, used 0K [0x00000007aacb0000, 0x00000007c56a0000, 0x0000000800000000)
  eden space 280000K, 0% used [0x00000007aacb0000,0x00000007aacb0000,0x00000007bbe20000)
  from space 54720K, 0% used [0x00000007bbe20000,0x00000007bbe20000,0x00000007bf390000)
  to   space 64576K, 0% used [0x00000007c1790000,0x00000007c1790000,0x00000007c56a0000)
 ParOldGen       total 361792K, used 44106K [0x0000000700600000, 0x0000000716750000, 0x00000007aacb0000)
  object space 361792K, 12% used [0x0000000700600000,0x0000000703112bf0,0x0000000716750000)
 PSPermGen       total 21504K, used 18346K [0x00000006fb400000, 0x00000006fc900000, 0x0000000700600000)
  object space 21504K, 85% used [0x00000006fb400000,0x00000006fc5ea830,0x00000006fc900000)
}
Event: 195.049 GC heap before
{Heap before GC invocations=121 (full 23):
 PSYoungGen      total 334720K, used 280000K [0x00000007aacb0000, 0x00000007c56a0000, 0x0000000800000000)
  eden space 280000K, 100% used [0x00000007aacb0000,0x00000007bbe20000,0x00000007bbe20000)
  from space 54720K, 0% used [0x00000007bbe20000,0x00000007bbe20000,0x00000007bf390000)
  to   space 64576K, 0% used [0x00000007c1790000,0x00000007c1790000,0x00000007c56a0000)
 ParOldGen       total 361792K, used 146430K [0x0000000700600000, 0x0000000716750000, 0x00000007aacb0000)
  object space 361792K, 40% used [0x0000000700600000,0x00000007094ff908,0x0000000716750000)
 PSPermGen       total 21504K, used 18346K [0x00000006fb400000, 0x00000006fc900000, 0x0000000700600000)
  object space 21504K, 85% used [0x00000006fb400000,0x00000006fc5ea830,0x00000006fc900000)
Event: 195.054 GC heap after
Heap after GC invocations=121 (full 23):
 PSYoungGen      total 340864K, used 18987K [0x00000007aacb0000, 0x00000007c4380000, 0x0000000800000000)
  eden space 295872K, 0% used [0x00000007aacb0000,0x00000007aacb0000,0x00000007bcda0000)
  from space 44992K, 42% used [0x00000007c1790000,0x00000007c2a1ad60,0x00000007c4380000)
  to   space 60352K, 0% used [0x00000007bcda0000,0x00000007bcda0000,0x00000007c0890000)
 ParOldGen       total 361792K, used 146430K [0x0000000700600000, 0x0000000716750000, 0x00000007aacb0000)
  object space 361792K, 40% used [0x0000000700600000,0x00000007094ff908,0x0000000716750000)
 PSPermGen       total 21504K, used 18346K [0x00000006fb400000, 0x00000006fc900000, 0x0000000700600000)
  object space 21504K, 85% used [0x00000006fb400000,0x00000006fc5ea830,0x00000006fc900000)
}
Event: 196.218 GC heap before
{Heap before GC invocations=122 (full 24):
 PSYoungGen      total 340864K, used 314800K [0x00000007aacb0000, 0x00000007c4380000, 0x0000000800000000)
  eden space 295872K, 99% used [0x00000007aacb0000,0x00000007bcd91510,0x00000007bcda0000)
  from space 44992K, 42% used [0x00000007c1790000,0x00000007c2a1ad60,0x00000007c4380000)
  to   space 60352K, 0% used [0x00000007bcda0000,0x00000007bcda0000,0x00000007c0890000)
 ParOldGen       total 442496K, used 442039K [0x0000000700600000, 0x000000071b620000, 0x00000007aacb0000)
  object space 442496K, 99% used [0x0000000700600000,0x000000071b5adc38,0x000000071b620000)
 PSPermGen       total 21504K, used 18346K [0x00000006fb400000, 0x00000006fc900000, 0x0000000700600000)
  object space 21504K, 85% used [0x00000006fb400000,0x00000006fc5ea830,0x00000006fc900000)
Event: 196.246 GC heap after
Heap after GC invocations=122 (full 24):
 PSYoungGen      total 340864K, used 0K [0x00000007aacb0000, 0x00000007c4380000, 0x0000000800000000)
  eden space 295872K, 0% used [0x00000007aacb0000,0x00000007aacb0000,0x00000007bcda0000)
  from space 44992K, 0% used [0x00000007c1790000,0x00000007c1790000,0x00000007c4380000)
  to   space 60352K, 0% used [0x00000007bcda0000,0x00000007bcda0000,0x00000007c0890000)
 ParOldGen       total 406976K, used 43944K [0x0000000700600000, 0x0000000719370000, 0x00000007aacb0000)
  object space 406976K, 10% used [0x0000000700600000,0x00000007030ea020,0x0000000719370000)
 PSPermGen       total 21504K, used 18346K [0x00000006fb400000, 0x00000006fc900000, 0x0000000700600000)
  object space 21504K, 85% used [0x00000006fb400000,0x00000006fc5ea830,0x00000006fc900000)
}
Event: 197.230 GC heap before
{Heap before GC invocations=123 (full 24):
 PSYoungGen      total 340864K, used 290959K [0x00000007aacb0000, 0x00000007c4380000, 0x0000000800000000)
  eden space 295872K, 98% used [0x00000007aacb0000,0x00000007bc8d3d58,0x00000007bcda0000)
  from space 44992K, 0% used [0x00000007c1790000,0x00000007c1790000,0x00000007c4380000)
  to   space 60352K, 0% used [0x00000007bcda0000,0x00000007bcda0000,0x00000007c0890000)
 ParOldGen       total 406976K, used 43944K [0x0000000700600000, 0x0000000719370000, 0x00000007aacb0000)
  object space 406976K, 10% used [0x0000000700600000,0x00000007030ea020,0x0000000719370000)
 PSPermGen       total 21504K, used 18346K [0x00000006fb400000, 0x00000006fc900000, 0x0000000700600000)
  object space 21504K, 85% used [0x00000006fb400000,0x00000006fc5ea830,0x00000006fc900000)
Event: 197.235 GC heap after
Heap after GC invocations=123 (full 24):
 PSYoungGen      total 356224K, used 39289K [0x00000007aacb0000, 0x00000007c5860000, 0x0000000800000000)
  eden space 295872K, 0% used [0x00000007aacb0000,0x00000007aacb0000,0x00000007bcda0000)
  from space 60352K, 65% used [0x00000007bcda0000,0x00000007bf3fe730,0x00000007c0890000)
  to   space 63424K, 0% used [0x00000007c1a70000,0x00000007c1a70000,0x00000007c5860000)
 ParOldGen       total 406976K, used 43944K [0x0000000700600000, 0x0000000719370000, 0x00000007aacb0000)
  object space 406976K, 10% used [0x0000000700600000,0x00000007030ea020,0x0000000719370000)
 PSPermGen       total 21504K, used 18346K [0x00000006fb400000, 0x00000006fc900000, 0x0000000700600000)
  object space 21504K, 85% used [0x00000006fb400000,0x00000006fc5ea830,0x00000006fc900000)
}

Deoptimization events (10 events):
Event: 90.939 Thread 0x000000001413a800 Uncommon trap -34 fr.pc 0x0000000002f6e594
Event: 91.131 Thread 0x000000001413a800 Uncommon trap -34 fr.pc 0x0000000002f6b0c0
Event: 91.131 Thread 0x000000001413a800 Uncommon trap -34 fr.pc 0x0000000002f6b0c0
Event: 91.136 Thread 0x000000001413a800 Uncommon trap -34 fr.pc 0x0000000002f7dda4
Event: 91.136 Thread 0x000000001413a800 Uncommon trap -58 fr.pc 0x0000000002f7b4f4
Event: 97.378 Thread 0x000000001413a800 Uncommon trap -83 fr.pc 0x0000000002f74a18
Event: 100.004 Thread 0x000000001413a800 Uncommon trap -34 fr.pc 0x0000000002f7dda4
Event: 100.005 Thread 0x000000001413a800 Uncommon trap -58 fr.pc 0x0000000002f7b4f4
Event: 133.933 Thread 0x000000001413a800 Uncommon trap -34 fr.pc 0x0000000002f7dda4
Event: 133.934 Thread 0x000000001413a800 Uncommon trap -58 fr.pc 0x0000000002f7b4f4

Internal exceptions (10 events):
Event: 4.331 Thread 0x000000001413b800 Threw 0x00000007ab78b088 at C:\jdk7u1_64p\jdk7u7\hotspot\src\share\vm\prims\jvm.cpp:1166
Event: 4.331 Thread 0x000000001413b800 Threw 0x00000007ab78de58 at C:\jdk7u1_64p\jdk7u7\hotspot\src\share\vm\prims\jvm.cpp:1166
Event: 4.336 Thread 0x000000001413b800 Threw 0x00000007ab79e2c0 at C:\jdk7u1_64p\jdk7u7\hotspot\src\share\vm\prims\jvm.cpp:1166
Event: 4.336 Thread 0x000000001413b800 Threw 0x00000007ab7a1090 at C:\jdk7u1_64p\jdk7u7\hotspot\src\share\vm\prims\jvm.cpp:1166
Event: 4.339 Thread 0x000000001413b800 Threw 0x00000007ab7a4240 at C:\jdk7u1_64p\jdk7u7\hotspot\src\share\vm\prims\jvm.cpp:1166
Event: 4.339 Thread 0x000000001413b800 Threw 0x00000007ab7a7010 at C:\jdk7u1_64p\jdk7u7\hotspot\src\share\vm\prims\jvm.cpp:1166
Event: 4.511 Thread 0x0000000014136000 Threw 0x00000007abd0ac40 at C:\jdk7u1_64p\jdk7u7\hotspot\src\share\vm\prims\jvm.cpp:1166
Event: 4.517 Thread 0x0000000014136000 Threw 0x00000007abd1b4d0 at C:\jdk7u1_64p\jdk7u7\hotspot\src\share\vm\prims\jvm.cpp:1166
Event: 4.718 Thread 0x0000000014136000 Threw 0x00000007ad3425b8 at C:\jdk7u1_64p\jdk7u7\hotspot\src\share\vm\prims\jvm.cpp:1166
Event: 20.360 Thread 0x0000000014134800 Implicit null exception at 0x0000000002e7d678 to 0x0000000002e7d96c

Events (10 events):
Event: 193.964 Executing VM operation: ParallelGCSystemGC
Event: 193.990 Executing VM operation: ParallelGCSystemGC done
Event: 195.034 Executing VM operation: ParallelGCFailedAllocation
Event: 195.034 Executing VM operation: ParallelGCFailedAllocation done
Event: 195.049 Executing VM operation: ParallelGCSystemGC
Event: 195.054 Executing VM operation: ParallelGCSystemGC done
Event: 196.218 Executing VM operation: ParallelGCFailedAllocation
Event: 196.246 Executing VM operation: ParallelGCFailedAllocation done
Event: 197.230 Executing VM operation: ParallelGCFailedAllocation
Event: 197.235 Executing VM operation: ParallelGCFailedAllocation done


Dynamic libraries:
0x000007f7f0ad0000 - 0x000007f7f0b04000 	F:\Program Files\Java\Jre7\bin\javaw.exe
0x000007f95e1d0000 - 0x000007f95e38e000 	C:\WINDOWS\SYSTEM32\ntdll.dll
0x000007f95d7e0000 - 0x000007f95d916000 	C:\WINDOWS\system32\KERNEL32.DLL
0x000007f95b470000 - 0x000007f95b563000 	C:\WINDOWS\system32\KERNELBASE.dll
0x000007f95ca50000 - 0x000007f95cb2e000 	C:\WINDOWS\system32\ADVAPI32.dll
0x000007f95ce50000 - 0x000007f95cf9c000 	C:\WINDOWS\system32\USER32.dll
0x000007f958910000 - 0x000007f958b79000 	C:\WINDOWS\WinSxS\amd64_microsoft.windows.common-controls_6595b64144ccf1df_6.0.9200.16384_none_418c2a697189c07f\COMCTL32.dll
0x000007f95d590000 - 0x000007f95d635000 	C:\WINDOWS\system32\msvcrt.dll
0x000007f95db40000 - 0x000007f95db88000 	C:\WINDOWS\SYSTEM32\sechost.dll
0x000007f95d6a0000 - 0x000007f95d7e0000 	C:\WINDOWS\system32\RPCRT4.dll
0x000007f95b620000 - 0x000007f95b760000 	C:\WINDOWS\system32\GDI32.dll
0x000007f95dcd0000 - 0x000007f95dd09000 	C:\WINDOWS\system32\IMM32.DLL
0x000007f95cd30000 - 0x000007f95ce45000 	C:\WINDOWS\system32\MSCTF.dll
0x000007f95b0c0000 - 0x000007f95b0c8000 	C:\PROGRA~2\NVIDIA~1\3DVISI~1\NVSTIN~1.DLL
0x000007f95d990000 - 0x000007f95d997000 	C:\WINDOWS\system32\PSAPI.DLL
0x000000006f560000 - 0x000000006f603000 	C:\WINDOWS\WinSxS\amd64_microsoft.vc90.crt_1fc8b3b9a1e18e3b_9.0.30729.6871_none_08e717a5a83adddf\MSVCR90.dll
0x000000006db00000 - 0x000000006dbd1000 	F:\Program Files\Java\Jre7\bin\msvcr100.dll
0x000000006d3e0000 - 0x000000006daff000 	F:\Program Files\Java\Jre7\bin\server\jvm.dll
0x000007f953860000 - 0x000007f953869000 	C:\WINDOWS\SYSTEM32\WSOCK32.dll
0x000007f958800000 - 0x000007f958820000 	C:\WINDOWS\SYSTEM32\WINMM.dll
0x000007f95d920000 - 0x000007f95d978000 	C:\WINDOWS\system32\WS2_32.dll
0x000007f958100000 - 0x000007f958132000 	C:\WINDOWS\SYSTEM32\WINMMBASE.dll
0x000007f95dd10000 - 0x000007f95dd19000 	C:\WINDOWS\system32\NSI.dll
0x000000006d3d0000 - 0x000000006d3df000 	F:\Program Files\Java\Jre7\bin\verify.dll
0x000000006d3a0000 - 0x000000006d3c8000 	F:\Program Files\Java\Jre7\bin\java.dll
0x000000006d380000 - 0x000000006d395000 	F:\Program Files\Java\Jre7\bin\zip.dll
0x000000006c580000 - 0x000000006c713000 	F:\Program Files\Java\Jre7\bin\awt.dll
0x000007f95db90000 - 0x000007f95dc53000 	C:\WINDOWS\system32\OLEAUT32.dll
0x000007f95d3e0000 - 0x000007f95d590000 	C:\WINDOWS\system32\combase.dll
0x000007f955390000 - 0x000007f95542f000 	C:\WINDOWS\system32\apphelp.dll
0x000007f959ec0000 - 0x000007f959fa3000 	C:\WINDOWS\system32\uxtheme.dll
0x000007f9552f0000 - 0x000007f955385000 	C:\Program Files\Common Files\microsoft shared\ink\tiptsf.dll
0x000007f959650000 - 0x000007f959671000 	C:\WINDOWS\SYSTEM32\dwmapi.dll
0x000007f95cfa0000 - 0x000007f95d11e000 	C:\WINDOWS\system32\ole32.dll
0x000007f95af30000 - 0x000007f95af3a000 	C:\WINDOWS\SYSTEM32\CRYPTBASE.dll
0x000007f95aeb0000 - 0x000007f95af0c000 	C:\WINDOWS\SYSTEM32\bcryptPrimitives.dll
0x000007f95b760000 - 0x000007f95ca48000 	C:\WINDOWS\system32\SHELL32.dll
0x000007f95dc80000 - 0x000007f95dcd0000 	C:\WINDOWS\system32\SHLWAPI.dll
0x000007f95a290000 - 0x000007f95a326000 	C:\WINDOWS\SYSTEM32\shcore.dll
0x000000006e430000 - 0x000000006e4c8000 	C:\Windows\System32\msvcp100.dll
0x000007f944cb0000 - 0x000007f944f08000 	C:\opencv\build\x64\vc10\bin\opencv_core243.dll
0x000007f9483b0000 - 0x000007f948445000 	C:\Users\Jonas\AppData\Local\Temp\javacpp162957392945088\jniopencv_core.dll
0x000007f942290000 - 0x000007f942535000 	C:\opencv\build\x64\vc10\bin\opencv_imgproc243.dll
0x000007f951fb0000 - 0x000007f951ff8000 	C:\Users\Jonas\AppData\Local\Temp\javacpp162957392945088\jniopencv_imgproc.dll
0x0000000066840000 - 0x00000000675ca000 	C:\opencv\build\x64\vc10\bin\opencv_ffmpeg243_64.dll
0x000007f943c90000 - 0x000007f943edb000 	C:\opencv\build\x64\vc10\bin\opencv_highgui243.dll
0x000007f954980000 - 0x000007f9549a0000 	C:\WINDOWS\SYSTEM32\AVIFIL32.dll
0x000007f954a10000 - 0x000007f954a39000 	C:\WINDOWS\SYSTEM32\MSVFW32.dll
0x000007f954af0000 - 0x000007f954b07000 	C:\WINDOWS\SYSTEM32\AVICAP32.dll
0x000007f948660000 - 0x000007f948679000 	C:\WINDOWS\SYSTEM32\MSACM32.dll
0x000007f959620000 - 0x000007f959629000 	C:\WINDOWS\SYSTEM32\VERSION.dll
0x000007f954920000 - 0x000007f954933000 	C:\Users\Jonas\AppData\Local\Temp\javacpp162957392945088\jniopencv_highgui.dll
0x000007f95cc90000 - 0x000007f95cd26000 	C:\WINDOWS\SYSTEM32\clbcatq.dll
0x000007f9547c0000 - 0x000007f9547d7000 	C:\Windows\System32\devenum.dll
0x000007f95e000000 - 0x000007f95e1d0000 	C:\WINDOWS\system32\setupapi.dll
0x000007f95b390000 - 0x000007f95b3df000 	C:\WINDOWS\system32\CFGMGR32.dll
0x000007f95b440000 - 0x000007f95b462000 	C:\WINDOWS\system32\DEVOBJ.dll
0x000007f954440000 - 0x000007f95446e000 	C:\WINDOWS\SYSTEM32\ntmarta.dll
0x000007f95b3e0000 - 0x000007f95b435000 	C:\WINDOWS\system32\WINTRUST.dll
0x000007f95b1b0000 - 0x000007f95b387000 	C:\WINDOWS\system32\CRYPT32.dll
0x000007f95b190000 - 0x000007f95b1a6000 	C:\WINDOWS\system32\MSASN1.dll
0x000007f955a20000 - 0x000007f955a2d000 	C:\WINDOWS\SYSTEM32\msdmo.dll
0x000007f952370000 - 0x000007f95239f000 	C:\Windows\System32\qcap.dll
0x000007f9463d0000 - 0x000007f946588000 	C:\Windows\System32\quartz.dll
0x000007f9488e0000 - 0x000007f94891f000 	C:\Windows\System32\ksproxy.ax
0x000007f955b30000 - 0x000007f955b37000 	C:\Windows\System32\ksuser.dll
0x000007f94a240000 - 0x000007f94a440000 	C:\Windows\System32\d3d9.dll
0x000007f954950000 - 0x000007f95495c000 	C:\Windows\System32\vidcap.ax
0x000007f952150000 - 0x000007f952174000 	C:\Windows\System32\kswdmcap.ax
0x000007f942040000 - 0x000007f942194000 	C:\Windows\System32\MFC42.dll
0x000007f946810000 - 0x000007f9468ce000 	C:\Windows\System32\ODBC32.dll
0x000007f945820000 - 0x000007f9458b5000 	C:\Windows\System32\qedit.dll
0x000007f95df50000 - 0x000007f95dff1000 	C:\WINDOWS\system32\COMDLG32.dll
0x000007f95d9a0000 - 0x000007f95db40000 	C:\WINDOWS\WinSxS\amd64_microsoft.windows.gdiplus_6595b64144ccf1df_1.1.9200.16384_none_72771d4ecc1c3a4d\gdiplus.dll
0x000007f942540000 - 0x000007f94262a000 	C:\WINDOWS\SYSTEM32\DDRAW.dll
0x000007f957440000 - 0x000007f957448000 	C:\WINDOWS\SYSTEM32\DCIMAN32.dll
0x000000006c540000 - 0x000000006c574000 	F:\Program Files\Java\Jre7\bin\fontmanager.dll
0x000007f93d8c0000 - 0x000007f93ea40000 	C:\WINDOWS\SYSTEM32\nvd3dumx.dll
0x000007f95afb0000 - 0x000007f95aff3000 	C:\WINDOWS\SYSTEM32\powrprof.dll
0x0000000180000000 - 0x0000000180116000 	C:\Program Files (x86)\NVIDIA Corporation\3D Vision\nvSCPAPI64.dll
0x000007f958830000 - 0x000007f9588a4000 	C:\WINDOWS\SYSTEM32\dxgi.dll
0x000007f957c90000 - 0x000007f957f52000 	C:\WINDOWS\SYSTEM32\nvapi64.dll
0x000007f958140000 - 0x000007f95815f000 	C:\WINDOWS\SYSTEM32\DXGIDebug.dll
0x000000006d360000 - 0x000000006d379000 	F:\Program Files\Java\Jre7\bin\net.dll
0x000007f95a920000 - 0x000007f95a97c000 	C:\WINDOWS\system32\mswsock.dll
0x000000006d340000 - 0x000000006d351000 	F:\Program Files\Java\Jre7\bin\nio.dll
0x000000006c4f0000 - 0x000000006c531000 	F:\Program Files\Java\Jre7\bin\t2k.dll
0x000007f958d90000 - 0x000007f958f1a000 	C:\WINDOWS\SYSTEM32\WindowsCodecs.dll
0x000007f95b0e0000 - 0x000007f95b0f5000 	C:\WINDOWS\SYSTEM32\profapi.dll
0x000007f957fd0000 - 0x000007f958039000 	C:\WINDOWS\SYSTEM32\oleacc.dll
0x000000006c4c0000 - 0x000000006c4ea000 	F:\Program Files\Java\Jre7\bin\dcpr.dll
0x000007f948020000 - 0x000007f948183000 	C:\WINDOWS\SYSTEM32\dbghelp.dll

VM Arguments:
jvm_args: -Dfile.encoding=Cp1252 
java_command: emcscanner.kth.se.Program
Launcher Type: SUN_STANDARD

Environment Variables:
PATH=C:\Program Files (x86)\NVIDIA Corporation\PhysX\Common;C:\WINDOWS\system32;C:\WINDOWS;C:\WINDOWS\System32\Wbem;C:\WINDOWS\System32\WindowsPowerShell\v1.0\;C:\Program Files (x86)\Microsoft SQL Server\90\Tools\binn\;C:\Program Files (x86)\Autodesk\Backburner\;F:\Program Files\MATLAB\R2012a\runtime\win64;F:\Program Files\MATLAB\R2012a\bin;PROGRAMFILES\Internet Explorer;C:\Program Files\Perforce;F:\Program Files\Perforce;C:\Program Files\Microsoft\Web Platform Installer\;C:\Program Files (x86)\Microsoft ASP.NET\ASP.NET Web Pages\v1.0\;C:\Program Files (x86)\Windows Kits\8.0\Windows Performance Toolkit\;C:\Program Files\Microsoft SQL Server\110\Tools\Binn\;F:\Program Files\Perforce\Server
USERNAME=Jonas
OS=Windows_NT
PROCESSOR_IDENTIFIER=Intel64 Family 6 Model 42 Stepping 7, GenuineIntel



---------------  S Y S T E M  ---------------

OS: Windows 8 , 64 bit Build 9200 

CPU:total 8 (4 cores per cpu, 2 threads per core) family 6 model 42 stepping 7, cmov, cx8, fxsr, mmx, sse, sse2, sse3, ssse3, sse4.1, sse4.2, popcnt, avx, ht, tsc, tscinvbit

Memory: 4k page, physical 16751668k(10848080k free), swap 33528884k(24508420k free)

vm_info: Java HotSpot(TM) 64-Bit Server VM (23.3-b01) for windows-amd64 JRE (1.7.0_07-b11), built on Sep  7 2012 01:19:25 by "java_re" with unknown MS VC++:1600

time: Wed Jan 30 21:14:43 2013
elapsed time: 197 seconds

