#
# A fatal error has been detected by the Java Runtime Environment:
#
#  EXCEPTION_ACCESS_VIOLATION (0xc0000005) at pc=0x000007fd0db38bc0, pid=6996, tid=4992
#
# JRE version: 7.0_07-b11
# Java VM: Java HotSpot(TM) 64-Bit Server VM (23.3-b01 mixed mode windows-amd64 compressed oops)
# Problematic frame:
# C  [ntdll.dll+0x18bc0]  RtlQueueWorkItem+0x8a0
#
# Failed to write core dump. Minidumps are not enabled by default on client versions of Windows
#
# If you would like to submit a bug report, please visit:
#   http://bugreport.sun.com/bugreport/crash.jsp
# The crash happened outside the Java Virtual Machine in native code.
# See problematic frame for where to report the bug.
#

---------------  T H R E A D  ---------------

Current thread (0x0000000013702800):  JavaThread "threadDisplayCamera" daemon [_thread_in_native, id=4992, stack(0x000000001a5d0000,0x000000001a6d0000)]

siginfo: ExceptionCode=0xc0000005, writing address 0x0000000000000024

Registers:
RAX=0x0000000000000000, RBX=0x000000001380d9c8, RCX=0x00000000fffffffc, RDX=0x0000000000000930
RSP=0x000000001a6cf2a0, RBP=0x0000000000000000, RSI=0x0000000000000930, RDI=0x0000000000000000
R8 =0xffffffffffffffff, R9 =0x0000000000000004, R10=0x0000000000000000, R11=0x0000000000000246
R12=0x0000000000000000, R13=0x0000000000000000, R14=0x000007f6618a0000, R15=0x0000000000000000
RIP=0x000007fd0db38bc0, EFLAGS=0x0000000000010213

Top of Stack: (sp=0x000000001a6cf2a0)
0x000000001a6cf2a0:   0000000000000930 0000000000000000
0x000000001a6cf2b0:   0000000000000001 0000000000000000
0x000000001a6cf2c0:   0000014a4d0e3cbb 000000001a6cf300
0x000000001a6cf2d0:   0000000000000000 0000000000000000
0x000000001a6cf2e0:   0000000000000000 0000000000000000
0x000000001a6cf2f0:   0000000000000000 0000000000000000
0x000000001a6cf300:   0000000000000000 000007fd0ab010ea
0x000000001a6cf310:   0000000000000000 0000000000000000
0x000000001a6cf320:   000022e1e738cb68 0000000000000000
0x000000001a6cf330:   0000000000000004 0000000000000001
0x000000001a6cf340:   0000000019fda050 00000000ff000000
0x000000001a6cf350:   0000000000000000 0000000000000000
0x000000001a6cf360:   000007f6618a0000 000007fd0db2f4d4
0x000000001a6cf370:   0000000000000000 0000000000000000
0x000000001a6cf380:   000000001380d9c8 00000000e01c44f5
0x000000001a6cf390:   0000000000000000 00000000137029d8 

Instructions: (pc=0x000007fd0db38bc0)
0x000007fd0db38ba0:   43 08 a8 01 0f 85 bd 67 ff ff 8b c8 2b cd f0 0f
0x000007fd0db38bb0:   b1 4b 08 75 ea 48 8b 03 33 ed 48 83 f8 ff 74 03
0x000007fd0db38bc0:   ff 40 24 41 bf 82 03 fe 7f 41 80 3f 00 0f 85 69
0x000007fd0db38bd0:   7a 0e 00 48 83 fe ff 0f 84 bf 7a 0e 00 4c 8b c7 


Register to memory mapping:

RAX=0x0000000000000000 is an unknown value
RBX=0x000000001380d9c8 is an unknown value
RCX=0x00000000fffffffc is an unknown value
RDX=0x0000000000000930 is an unknown value
RSP=0x000000001a6cf2a0 is pointing into the stack for thread: 0x0000000013702800
RBP=0x0000000000000000 is an unknown value
RSI=0x0000000000000930 is an unknown value
RDI=0x0000000000000000 is an unknown value
R8 =0xffffffffffffffff is an unknown value
R9 =0x0000000000000004 is an unknown value
R10=0x0000000000000000 is an unknown value
R11=0x0000000000000246 is an unknown value
R12=0x0000000000000000 is an unknown value
R13=0x0000000000000000 is an unknown value
R14=0x000007f6618a0000 is an unknown value
R15=0x0000000000000000 is an unknown value


Stack: [0x000000001a5d0000,0x000000001a6d0000],  sp=0x000000001a6cf2a0,  free space=1020k
Native frames: (J=compiled Java code, j=interpreted, Vv=VM code, C=native code)
C  [ntdll.dll+0x18bc0]  RtlQueueWorkItem+0x8a0

[error occurred during error reporting (printing native stack), id 0xc0000005]

Java frames: (J=compiled Java code, j=interpreted, Vv=VM code)
J  com.googlecode.javacv.cpp.opencv_highgui.cvRetrieveFrame(Lcom/googlecode/javacv/cpp/opencv_highgui$CvCapture;I)Lcom/googlecode/javacv/cpp/opencv_core$IplImage;
J  com.googlecode.javacv.OpenCVFrameGrabber.grab()Lcom/googlecode/javacv/cpp/opencv_core$IplImage;
j  emcscanner.kth.se.CameraPanel$1.run()V+15
v  ~StubRoutines::call_stub

---------------  P R O C E S S  ---------------

Java Threads: ( => current thread )
  0x0000000021cc4800 JavaThread "ICEpdf-pagePainter" daemon [_thread_blocked, id=408, stack(0x0000000025a40000,0x0000000025b40000)]
  0x0000000022600800 JavaThread "ICEpdf-pageInitializer" daemon [_thread_blocked, id=3956, stack(0x0000000025800000,0x0000000025900000)]
  0x00000000022ee000 JavaThread "DestroyJavaVM" [_thread_blocked, id=6668, stack(0x00000000022f0000,0x00000000023f0000)]
  0x0000000021aa7000 JavaThread "D3D Screen Updater" daemon [_thread_blocked, id=5732, stack(0x00000000224d0000,0x00000000225d0000)]
  0x00000000148bd800 JavaThread "TimerQueue" daemon [_thread_blocked, id=4556, stack(0x0000000020b70000,0x0000000020c70000)]
  0x000000001456b000 JavaThread "threadDisplayDensity" daemon [_thread_blocked, id=4344, stack(0x000000001cf10000,0x000000001d010000)]
  0x0000000014569800 JavaThread "AWT-EventQueue-0" [_thread_in_native, id=404, stack(0x000000001ce10000,0x000000001cf10000)]
  0x000000001495b800 JavaThread "threadDisplay" daemon [_thread_blocked, id=5916, stack(0x000000001cd10000,0x000000001ce10000)]
  0x00000000138a5000 JavaThread "AWT-Shutdown" [_thread_blocked, id=5624, stack(0x000000001a6d0000,0x000000001a7d0000)]
=>0x0000000013702800 JavaThread "threadDisplayCamera" daemon [_thread_in_native, id=4992, stack(0x000000001a5d0000,0x000000001a6d0000)]
  0x0000000013703000 JavaThread "AWT-Windows" daemon [_thread_in_native, id=7452, stack(0x0000000013ff0000,0x00000000140f0000)]
  0x0000000013700800 JavaThread "Java2D Disposer" daemon [_thread_blocked, id=7096, stack(0x0000000013df0000,0x0000000013ef0000)]
  0x0000000011014800 JavaThread "Service Thread" daemon [_thread_blocked, id=5656, stack(0x00000000133f0000,0x00000000134f0000)]
  0x0000000011014000 JavaThread "C2 CompilerThread1" daemon [_thread_blocked, id=8016, stack(0x00000000132f0000,0x00000000133f0000)]
  0x0000000011009000 JavaThread "C2 CompilerThread0" daemon [_thread_blocked, id=7716, stack(0x00000000131f0000,0x00000000132f0000)]
  0x0000000011007800 JavaThread "Attach Listener" daemon [_thread_blocked, id=6044, stack(0x00000000130f0000,0x00000000131f0000)]
  0x0000000010ffb000 JavaThread "Signal Dispatcher" daemon [_thread_blocked, id=1068, stack(0x0000000012ff0000,0x00000000130f0000)]
  0x0000000010f9e800 JavaThread "Finalizer" daemon [_thread_blocked, id=6884, stack(0x0000000012ef0000,0x0000000012ff0000)]
  0x0000000010f97000 JavaThread "Reference Handler" daemon [_thread_blocked, id=6420, stack(0x0000000012df0000,0x0000000012ef0000)]

Other Threads:
  0x0000000010f92000 VMThread [stack: 0x0000000012cf0000,0x0000000012df0000] [id=1156]
  0x0000000011031000 WatcherThread [stack: 0x00000000134f0000,0x00000000135f0000] [id=7932]

VM state:not at safepoint (normal execution)

VM Mutex/Monitor currently owned by a thread: None

Heap
 PSYoungGen      total 495424K, used 53589K [0x00000007aacb0000, 0x00000007cd000000, 0x0000000800000000)
  eden space 456128K, 7% used [0x00000007aacb0000,0x00000007ace74cf0,0x00000007c6a20000)
  from space 39296K, 48% used [0x00000007ca9a0000,0x00000007cbc30a00,0x00000007cd000000)
  to   space 52160K, 0% used [0x00000007c6a20000,0x00000007c6a20000,0x00000007c9d10000)
 ParOldGen       total 656320K, used 593173K [0x0000000700600000, 0x00000007286f0000, 0x00000007aacb0000)
  object space 656320K, 90% used [0x0000000700600000,0x00000007249456f0,0x00000007286f0000)
 PSPermGen       total 21504K, used 18211K [0x00000006fb400000, 0x00000006fc900000, 0x0000000700600000)
  object space 21504K, 84% used [0x00000006fb400000,0x00000006fc5c8df8,0x00000006fc900000)

Card table byte_map: [0x00000000055b0000,0x0000000005de0000] byte_map_base: 0x0000000001dd6000

Polling page: 0x00000000009b0000

Code Cache  [0x00000000024f0000, 0x0000000002760000, 0x00000000054f0000)
 total_blobs=1125 nmethods=535 adapters=541 free_code_cache=47217Kb largest_free_block=48293632

Compilation events (10 events):
Event: 220.472 Thread 0x0000000011009000   10 % !         sun.java2d.d3d.D3DScreenUpdateManager::run @ 0 (267 bytes)
Event: 220.500 Thread 0x0000000011009000 nmethod 10% 0x00000000026b9290 code [0x00000000026b9540, 0x00000000026bb4d8]
Event: 237.006 Thread 0x0000000011014000  537             javax.swing.RepaintManager$PaintManager::paint (189 bytes)
Event: 237.020 Thread 0x0000000011014000 nmethod 537 0x00000000026d70d0 code [0x00000000026d7380, 0x00000000026d8518]
Event: 245.206 Thread 0x0000000011009000  538   !         sun.java2d.d3d.D3DScreenUpdateManager::runUpdateNow (99 bytes)
Event: 245.209 Thread 0x0000000011009000 nmethod 538 0x00000000026b87d0 code [0x00000000026b8940, 0x00000000026b9038]
Event: 283.656 Thread 0x0000000011014000  539   !         java.util.WeakHashMap::expungeStaleEntries (139 bytes)
Event: 283.663 Thread 0x0000000011014000 nmethod 539 0x00000000026bd390 code [0x00000000026bd500, 0x00000000026bdf78]
Event: 372.778 Thread 0x0000000011009000   11 % !         sun.java2d.d3d.D3DScreenUpdateManager::run @ 105 (267 bytes)
Event: 372.815 Thread 0x0000000011009000 nmethod 11% 0x00000000026dd6d0 code [0x00000000026dd9c0, 0x00000000026dfb80]

GC Heap History (10 events):
Event: 368.906 GC heap before
{Heap before GC invocations=326 (full 40):
 PSYoungGen      total 447104K, used 422256K [0x00000007aacb0000, 0x00000007ccab0000, 0x0000000800000000)
  eden space 387520K, 99% used [0x00000007aacb0000,0x00000007c26f7388,0x00000007c2720000)
  from space 59584K, 58% used [0x00000007c2720000,0x00000007c4934d20,0x00000007c6150000)
  to   space 61184K, 0% used [0x00000007c8ef0000,0x00000007c8ef0000,0x00000007ccab0000)
 ParOldGen       total 656320K, used 383917K [0x0000000700600000, 0x00000007286f0000, 0x00000007aacb0000)
  object space 656320K, 58% used [0x0000000700600000,0x0000000717ceb6d0,0x00000007286f0000)
 PSPermGen       total 21504K, used 18204K [0x00000006fb400000, 0x00000006fc900000, 0x0000000700600000)
  object space 21504K, 84% used [0x00000006fb400000,0x00000006fc5c71a0,0x00000006fc900000)
Event: 368.910 GC heap after
Heap after GC invocations=326 (full 40):
 PSYoungGen      total 487936K, used 10782K [0x00000007aacb0000, 0x00000007cc5b0000, 0x0000000800000000)
  eden space 431872K, 0% used [0x00000007aacb0000,0x00000007aacb0000,0x00000007c5270000)
  from space 56064K, 19% used [0x00000007c8ef0000,0x00000007c99779c0,0x00000007cc5b0000)
  to   space 59008K, 0% used [0x00000007c5270000,0x00000007c5270000,0x00000007c8c10000)
 ParOldGen       total 656320K, used 383933K [0x0000000700600000, 0x00000007286f0000, 0x00000007aacb0000)
  object space 656320K, 58% used [0x0000000700600000,0x0000000717cef6d0,0x00000007286f0000)
 PSPermGen       total 21504K, used 18204K [0x00000006fb400000, 0x00000006fc900000, 0x0000000700600000)
  object space 21504K, 84% used [0x00000006fb400000,0x00000006fc5c71a0,0x00000006fc900000)
}
Event: 369.884 GC heap before
{Heap before GC invocations=327 (full 40):
 PSYoungGen      total 487936K, used 442654K [0x00000007aacb0000, 0x00000007cc5b0000, 0x0000000800000000)
  eden space 431872K, 100% used [0x00000007aacb0000,0x00000007c5270000,0x00000007c5270000)
  from space 56064K, 19% used [0x00000007c8ef0000,0x00000007c99779c0,0x00000007cc5b0000)
  to   space 59008K, 0% used [0x00000007c5270000,0x00000007c5270000,0x00000007c8c10000)
 ParOldGen       total 656320K, used 482976K [0x0000000700600000, 0x00000007286f0000, 0x00000007aacb0000)
  object space 656320K, 73% used [0x0000000700600000,0x000000071dda83c0,0x00000007286f0000)
 PSPermGen       total 21504K, used 18204K [0x00000006fb400000, 0x00000006fc900000, 0x0000000700600000)
  object space 21504K, 84% used [0x00000006fb400000,0x00000006fc5c71a0,0x00000006fc900000)
Event: 369.886 GC heap after
Heap after GC invocations=327 (full 40):
 PSYoungGen      total 490880K, used 160K [0x00000007aacb0000, 0x00000007cf0f0000, 0x0000000800000000)
  eden space 431872K, 0% used [0x00000007aacb0000,0x00000007aacb0000,0x00000007c5270000)
  from space 59008K, 0% used [0x00000007c5270000,0x00000007c5298000,0x00000007c8c10000)
  to   space 58496K, 0% used [0x00000007cb7d0000,0x00000007cb7d0000,0x00000007cf0f0000)
 ParOldGen       total 656320K, used 482992K [0x0000000700600000, 0x00000007286f0000, 0x00000007aacb0000)
  object space 656320K, 73% used [0x0000000700600000,0x000000071ddac3c0,0x00000007286f0000)
 PSPermGen       total 21504K, used 18204K [0x00000006fb400000, 0x00000006fc900000, 0x0000000700600000)
  object space 21504K, 84% used [0x00000006fb400000,0x00000006fc5c71a0,0x00000006fc900000)
}
Event: 370.672 GC heap before
{Heap before GC invocations=328 (full 40):
 PSYoungGen      total 490880K, used 431204K [0x00000007aacb0000, 0x00000007cf0f0000, 0x0000000800000000)
  eden space 431872K, 99% used [0x00000007aacb0000,0x00000007c51a1338,0x00000007c5270000)
  from space 59008K, 0% used [0x00000007c5270000,0x00000007c5298000,0x00000007c8c10000)
  to   space 58496K, 0% used [0x00000007cb7d0000,0x00000007cb7d0000,0x00000007cf0f0000)
 ParOldGen       total 656320K, used 485017K [0x0000000700600000, 0x00000007286f0000, 0x00000007aacb0000)
  object space 656320K, 73% used [0x0000000700600000,0x000000071dfa67d0,0x00000007286f0000)
 PSPermGen       total 21504K, used 18204K [0x00000006fb400000, 0x00000006fc900000, 0x0000000700600000)
  object space 21504K, 84% used [0x00000006fb400000,0x00000006fc5c71a0,0x00000006fc900000)
Event: 370.677 GC heap after
Heap after GC invocations=328 (full 40):
 PSYoungGen      total 529536K, used 10846K [0x00000007aacb0000, 0x00000007ceb40000, 0x0000000800000000)
  eden space 476864K, 0% used [0x00000007aacb0000,0x00000007aacb0000,0x00000007c7e60000)
  from space 52672K, 20% used [0x00000007cb7d0000,0x00000007cc2679c0,0x00000007ceb40000)
  to   space 55744K, 0% used [0x00000007c7e60000,0x00000007c7e60000,0x00000007cb4d0000)
 ParOldGen       total 656320K, used 485025K [0x0000000700600000, 0x00000007286f0000, 0x00000007aacb0000)
  object space 656320K, 73% used [0x0000000700600000,0x000000071dfa87d0,0x00000007286f0000)
 PSPermGen       total 21504K, used 18204K [0x00000006fb400000, 0x00000006fc900000, 0x0000000700600000)
  object space 21504K, 84% used [0x00000006fb400000,0x00000006fc5c71a0,0x00000006fc900000)
}
Event: 371.743 GC heap before
{Heap before GC invocations=329 (full 40):
 PSYoungGen      total 529536K, used 487695K [0x00000007aacb0000, 0x00000007ceb40000, 0x0000000800000000)
  eden space 476864K, 99% used [0x00000007aacb0000,0x00000007c7e5c510,0x00000007c7e60000)
  from space 52672K, 20% used [0x00000007cb7d0000,0x00000007cc2679c0,0x00000007ceb40000)
  to   space 55744K, 0% used [0x00000007c7e60000,0x00000007c7e60000,0x00000007cb4d0000)
 ParOldGen       total 656320K, used 587082K [0x0000000700600000, 0x00000007286f0000, 0x00000007aacb0000)
  object space 656320K, 89% used [0x0000000700600000,0x0000000724352ae0,0x00000007286f0000)
 PSPermGen       total 21504K, used 18204K [0x00000006fb400000, 0x00000006fc900000, 0x0000000700600000)
  object space 21504K, 84% used [0x00000006fb400000,0x00000006fc5c71a0,0x00000006fc900000)
Event: 371.745 GC heap after
Heap after GC invocations=329 (full 40):
 PSYoungGen      total 466496K, used 192K [0x00000007aacb0000, 0x00000007cdf30000, 0x0000000800000000)
  eden space 466304K, 0% used [0x00000007aacb0000,0x00000007aacb0000,0x00000007c7410000)
  from space 192K, 100% used [0x00000007c7e60000,0x00000007c7e90000,0x00000007c7e90000)
  to   space 54848K, 0% used [0x00000007ca9a0000,0x00000007ca9a0000,0x00000007cdf30000)
 ParOldGen       total 656320K, used 587098K [0x0000000700600000, 0x00000007286f0000, 0x00000007aacb0000)
  object space 656320K, 89% used [0x0000000700600000,0x0000000724356ae0,0x00000007286f0000)
 PSPermGen       total 21504K, used 18204K [0x00000006fb400000, 0x00000006fc900000, 0x0000000700600000)
  object space 21504K, 84% used [0x00000006fb400000,0x00000006fc5c71a0,0x00000006fc900000)
}
Event: 372.572 GC heap before
{Heap before GC invocations=330 (full 40):
 PSYoungGen      total 466496K, used 464135K [0x00000007aacb0000, 0x00000007cdf30000, 0x0000000800000000)
  eden space 466304K, 99% used [0x00000007aacb0000,0x00000007c71c1f88,0x00000007c7410000)
  from space 192K, 100% used [0x00000007c7e60000,0x00000007c7e90000,0x00000007c7e90000)
  to   space 54848K, 0% used [0x00000007ca9a0000,0x00000007ca9a0000,0x00000007cdf30000)
 ParOldGen       total 656320K, used 593173K [0x0000000700600000, 0x00000007286f0000, 0x00000007aacb0000)
  object space 656320K, 90% used [0x0000000700600000,0x00000007249456f0,0x00000007286f0000)
 PSPermGen       total 21504K, used 18204K [0x00000006fb400000, 0x00000006fc900000, 0x0000000700600000)
  object space 21504K, 84% used [0x00000006fb400000,0x00000006fc5c71a0,0x00000006fc900000)
Event: 372.577 GC heap after
Heap after GC invocations=330 (full 40):
 PSYoungGen      total 495424K, used 19010K [0x00000007aacb0000, 0x00000007cd000000, 0x0000000800000000)
  eden space 456128K, 0% used [0x00000007aacb0000,0x00000007aacb0000,0x00000007c6a20000)
  from space 39296K, 48% used [0x00000007ca9a0000,0x00000007cbc30a00,0x00000007cd000000)
  to   space 52160K, 0% used [0x00000007c6a20000,0x00000007c6a20000,0x00000007c9d10000)
 ParOldGen       total 656320K, used 593173K [0x0000000700600000, 0x00000007286f0000, 0x00000007aacb0000)
  object space 656320K, 90% used [0x0000000700600000,0x00000007249456f0,0x00000007286f0000)
 PSPermGen       total 21504K, used 18204K [0x00000006fb400000, 0x00000006fc900000, 0x0000000700600000)
  object space 21504K, 84% used [0x00000006fb400000,0x00000006fc5c71a0,0x00000006fc900000)
}

Deoptimization events (10 events):
Event: 24.252 Thread 0x0000000013702800 Uncommon trap -12 fr.pc 0x00000000025d4e78
Event: 51.839 Thread 0x0000000014569800 Uncommon trap -34 fr.pc 0x00000000026651c0
Event: 53.905 Thread 0x0000000014569800 Uncommon trap -34 fr.pc 0x00000000026651c0
Event: 117.789 Thread 0x0000000014569800 Uncommon trap -34 fr.pc 0x00000000026651c0
Event: 119.406 Thread 0x0000000014569800 Uncommon trap -34 fr.pc 0x00000000026651c0
Event: 366.939 Thread 0x0000000014569800 Uncommon trap -83 fr.pc 0x00000000026c4e38
Event: 367.040 Thread 0x0000000014569800 Uncommon trap -34 fr.pc 0x00000000026b4ae8
Event: 367.089 Thread 0x0000000014569800 Uncommon trap -83 fr.pc 0x0000000002686bbc
Event: 367.140 Thread 0x0000000014569800 Uncommon trap -34 fr.pc 0x00000000026b4ae8
Event: 372.778 Thread 0x0000000021aa7000 Uncommon trap -83 fr.pc 0x00000000026baba8

Internal exceptions (10 events):
Event: 3.972 Thread 0x0000000022600800 Threw 0x00000007ab794ab8 at C:\jdk7u1_64p\jdk7u7\hotspot\src\share\vm\prims\jvm.cpp:1166
Event: 3.973 Thread 0x0000000022600800 Threw 0x00000007ab797c68 at C:\jdk7u1_64p\jdk7u7\hotspot\src\share\vm\prims\jvm.cpp:1166
Event: 3.973 Thread 0x0000000022600800 Threw 0x00000007ab79aa38 at C:\jdk7u1_64p\jdk7u7\hotspot\src\share\vm\prims\jvm.cpp:1166
Event: 4.105 Thread 0x0000000021cc4800 Threw 0x00000007abcf4888 at C:\jdk7u1_64p\jdk7u7\hotspot\src\share\vm\prims\jvm.cpp:1166
Event: 4.110 Thread 0x0000000021cc4800 Threw 0x00000007abd05118 at C:\jdk7u1_64p\jdk7u7\hotspot\src\share\vm\prims\jvm.cpp:1166
Event: 4.311 Thread 0x0000000021cc4800 Threw 0x00000007ac6a6bd0 at C:\jdk7u1_64p\jdk7u7\hotspot\src\share\vm\prims\jvm.cpp:1166
Event: 9.455 Thread 0x0000000014569800 Threw 0x00000007be70d268 at C:\jdk7u1_64p\jdk7u7\hotspot\src\share\vm\prims\jvm.cpp:1166
Event: 9.456 Thread 0x0000000014569800 Threw 0x00000007be712850 at C:\jdk7u1_64p\jdk7u7\hotspot\src\share\vm\prims\jvm.cpp:1166
Event: 9.458 Thread 0x0000000014569800 Threw 0x00000007c15e0c38 at C:\jdk7u1_64p\jdk7u7\hotspot\src\share\vm\prims\jvm.cpp:1166
Event: 24.252 Thread 0x0000000013702800 Implicit null exception at 0x00000000025d4b78 to 0x00000000025d4e6c

Events (10 events):
Event: 372.572 Executing VM operation: ParallelGCSystemGC
Event: 372.577 Executing VM operation: ParallelGCSystemGC done
Event: 372.578 loading class 0x00000000148e7a50
Event: 372.578 loading class 0x00000000148e7a50 done
Event: 372.578 loading class 0x00000000146c7640
Event: 372.578 loading class 0x0000000014a000e0
Event: 372.578 loading class 0x0000000014a000e0 done
Event: 372.578 loading class 0x00000000146c7640 done
Event: 372.778 Thread 0x0000000021aa7000 DEOPT PACKING pc=0x00000000026baba8 sp=0x00000000225cf330
Event: 372.778 Thread 0x0000000021aa7000 DEOPT UNPACKING pc=0x0000000002529164 sp=0x00000000225cf2a8 mode 2


Dynamic libraries:
0x000007f662880000 - 0x000007f6628b4000 	F:\Program Files\Java\Jre7\bin\javaw.exe
0x000007fd0db20000 - 0x000007fd0dcde000 	C:\WINDOWS\SYSTEM32\ntdll.dll
0x000007fd0c680000 - 0x000007fd0c7b6000 	C:\WINDOWS\system32\KERNEL32.DLL
0x000007fd0ab00000 - 0x000007fd0abf3000 	C:\WINDOWS\system32\KERNELBASE.dll
0x000007fd0c260000 - 0x000007fd0c33e000 	C:\WINDOWS\system32\ADVAPI32.dll
0x000007fd0c460000 - 0x000007fd0c5ac000 	C:\WINDOWS\system32\USER32.dll
0x000007fd082b0000 - 0x000007fd08519000 	C:\WINDOWS\WinSxS\amd64_microsoft.windows.common-controls_6595b64144ccf1df_6.0.9200.16384_none_418c2a697189c07f\COMCTL32.dll
0x000007fd0c7c0000 - 0x000007fd0c865000 	C:\WINDOWS\system32\msvcrt.dll
0x000007fd0cdf0000 - 0x000007fd0ce38000 	C:\WINDOWS\SYSTEM32\sechost.dll
0x000007fd0c870000 - 0x000007fd0c9b0000 	C:\WINDOWS\system32\RPCRT4.dll
0x000007fd0d520000 - 0x000007fd0d660000 	C:\WINDOWS\system32\GDI32.dll
0x000007fd0c620000 - 0x000007fd0c659000 	C:\WINDOWS\system32\IMM32.DLL
0x000007fd0c340000 - 0x000007fd0c455000 	C:\WINDOWS\system32\MSCTF.dll
0x000007fd0aa10000 - 0x000007fd0aa18000 	C:\PROGRA~2\NVIDIA~1\3DVISI~1\NVSTIN~1.DLL
0x000007fd0d510000 - 0x000007fd0d517000 	C:\WINDOWS\system32\PSAPI.DLL
0x000000005e410000 - 0x000000005e4b3000 	C:\WINDOWS\WinSxS\amd64_microsoft.vc90.crt_1fc8b3b9a1e18e3b_9.0.30729.6871_none_08e717a5a83adddf\MSVCR90.dll
0x000000005d880000 - 0x000000005d951000 	F:\Program Files\Java\Jre7\bin\msvcr100.dll
0x000000005c090000 - 0x000000005c7af000 	F:\Program Files\Java\Jre7\bin\server\jvm.dll
0x000007fd02f00000 - 0x000007fd02f09000 	C:\WINDOWS\SYSTEM32\WSOCK32.dll
0x000007fd07b90000 - 0x000007fd07bb0000 	C:\WINDOWS\SYSTEM32\WINMM.dll
0x000007fd0c5b0000 - 0x000007fd0c608000 	C:\WINDOWS\system32\WS2_32.dll
0x000007fd07a80000 - 0x000007fd07ab2000 	C:\WINDOWS\SYSTEM32\WINMMBASE.dll
0x000007fd0d360000 - 0x000007fd0d369000 	C:\WINDOWS\system32\NSI.dll
0x000000005dc10000 - 0x000000005dc1f000 	F:\Program Files\Java\Jre7\bin\verify.dll
0x000000005dbe0000 - 0x000000005dc08000 	F:\Program Files\Java\Jre7\bin\java.dll
0x000000005dbc0000 - 0x000000005dbd5000 	F:\Program Files\Java\Jre7\bin\zip.dll
0x000000005b300000 - 0x000000005b493000 	F:\Program Files\Java\Jre7\bin\awt.dll
0x000007fd0d830000 - 0x000007fd0d8f3000 	C:\WINDOWS\system32\OLEAUT32.dll
0x000007fd0cc40000 - 0x000007fd0cdf0000 	C:\WINDOWS\system32\combase.dll
0x000007fd04cf0000 - 0x000007fd04d8f000 	C:\WINDOWS\system32\apphelp.dll
0x000007fd09810000 - 0x000007fd098f3000 	C:\WINDOWS\system32\uxtheme.dll
0x000007fd08210000 - 0x000007fd082a5000 	C:\Program Files\Common Files\microsoft shared\ink\tiptsf.dll
0x000007fd088b0000 - 0x000007fd088d1000 	C:\WINDOWS\SYSTEM32\dwmapi.dll
0x000007fd0d090000 - 0x000007fd0d20e000 	C:\WINDOWS\system32\ole32.dll
0x000007fd0a860000 - 0x000007fd0a86a000 	C:\WINDOWS\SYSTEM32\CRYPTBASE.dll
0x000007fd0a800000 - 0x000007fd0a85c000 	C:\WINDOWS\SYSTEM32\bcryptPrimitives.dll
0x000007fd0af70000 - 0x000007fd0c258000 	C:\WINDOWS\system32\SHELL32.dll
0x000007fd0cb80000 - 0x000007fd0cbd0000 	C:\WINDOWS\system32\SHLWAPI.dll
0x000007fd09be0000 - 0x000007fd09c76000 	C:\WINDOWS\SYSTEM32\shcore.dll
0x000000005d2e0000 - 0x000000005d378000 	C:\Windows\System32\msvcp100.dll
0x000007fd042c0000 - 0x000007fd04518000 	C:\opencv\build\x64\vc10\bin\opencv_core243.dll
0x000007fd06e10000 - 0x000007fd06ea5000 	C:\Users\Jonas\AppData\Local\Temp\javacpp7770040900546\jniopencv_core.dll
0x000007fcf8000000 - 0x000007fcf82a5000 	C:\opencv\build\x64\vc10\bin\opencv_imgproc243.dll
0x000007fd07b40000 - 0x000007fd07b88000 	C:\Users\Jonas\AppData\Local\Temp\javacpp7770040900546\jniopencv_imgproc.dll
0x0000000066840000 - 0x00000000675ca000 	C:\opencv\build\x64\vc10\bin\opencv_ffmpeg243_64.dll
0x000007fd045f0000 - 0x000007fd0483b000 	C:\opencv\build\x64\vc10\bin\opencv_highgui243.dll
0x000007fd081f0000 - 0x000007fd08210000 	C:\WINDOWS\SYSTEM32\AVIFIL32.dll
0x000007fd07af0000 - 0x000007fd07b19000 	C:\WINDOWS\SYSTEM32\MSVFW32.dll
0x000007fd07dc0000 - 0x000007fd07dd7000 	C:\WINDOWS\SYSTEM32\AVICAP32.dll
0x000007fcf6150000 - 0x000007fcf6169000 	C:\WINDOWS\SYSTEM32\MSACM32.dll
0x000007fd07db0000 - 0x000007fd07db9000 	C:\WINDOWS\SYSTEM32\VERSION.dll
0x000007fd078a0000 - 0x000007fd078b3000 	C:\Users\Jonas\AppData\Local\Temp\javacpp7770040900546\jniopencv_highgui.dll
0x000007fd0d2c0000 - 0x000007fd0d356000 	C:\WINDOWS\SYSTEM32\clbcatq.dll
0x000007fd07880000 - 0x000007fd07897000 	C:\Windows\System32\devenum.dll
0x000007fd0c9b0000 - 0x000007fd0cb80000 	C:\WINDOWS\system32\setupapi.dll
0x000007fd0ad10000 - 0x000007fd0ad5f000 	C:\WINDOWS\system32\CFGMGR32.dll
0x000007fd0af40000 - 0x000007fd0af62000 	C:\WINDOWS\system32\DEVOBJ.dll
0x000007fd03ae0000 - 0x000007fd03b0e000 	C:\WINDOWS\SYSTEM32\ntmarta.dll
0x000007fd0ac00000 - 0x000007fd0ac55000 	C:\WINDOWS\system32\WINTRUST.dll
0x000007fd0ad60000 - 0x000007fd0af37000 	C:\WINDOWS\system32\CRYPT32.dll
0x000007fd0aae0000 - 0x000007fd0aaf6000 	C:\WINDOWS\system32\MSASN1.dll
0x000007fd07fa0000 - 0x000007fd07fad000 	C:\WINDOWS\SYSTEM32\msdmo.dll
0x000007fd07850000 - 0x000007fd0787f000 	C:\Windows\System32\qcap.dll
0x000007fcf7d70000 - 0x000007fcf7f28000 	C:\Windows\System32\quartz.dll
0x000007fd05c20000 - 0x000007fd05c5f000 	C:\Windows\System32\ksproxy.ax
0x000007fcf5930000 - 0x000007fcf5937000 	C:\Windows\System32\ksuser.dll
0x000007fcf9950000 - 0x000007fcf9b50000 	C:\Windows\System32\d3d9.dll
0x000007fd07ae0000 - 0x000007fd07aec000 	C:\Windows\System32\vidcap.ax
0x000007fd05bf0000 - 0x000007fd05c14000 	C:\Windows\System32\kswdmcap.ax
0x000007fcfa650000 - 0x000007fcfa7a4000 	C:\Windows\System32\MFC42.dll
0x000007fd05b30000 - 0x000007fd05bee000 	C:\Windows\System32\ODBC32.dll
0x000007fd057d0000 - 0x000007fd05865000 	C:\Windows\System32\qedit.dll
0x000007fd0d210000 - 0x000007fd0d2b1000 	C:\WINDOWS\system32\COMDLG32.dll
0x000007fd0d370000 - 0x000007fd0d510000 	C:\WINDOWS\WinSxS\amd64_microsoft.windows.gdiplus_6595b64144ccf1df_1.1.9200.16384_none_72771d4ecc1c3a4d\gdiplus.dll
0x000007fcf0640000 - 0x000007fcf072a000 	C:\WINDOWS\SYSTEM32\DDRAW.dll
0x000007fd07de0000 - 0x000007fd07de8000 	C:\WINDOWS\SYSTEM32\DCIMAN32.dll
0x000000005d840000 - 0x000000005d874000 	F:\Program Files\Java\Jre7\bin\fontmanager.dll
0x000007fce6500000 - 0x000007fce7680000 	C:\WINDOWS\SYSTEM32\nvd3dumx.dll
0x000007fd0a900000 - 0x000007fd0a943000 	C:\WINDOWS\SYSTEM32\powrprof.dll
0x0000000180000000 - 0x0000000180116000 	C:\Program Files (x86)\NVIDIA Corporation\3D Vision\nvSCPAPI64.dll
0x000007fd07ef0000 - 0x000007fd07f64000 	C:\WINDOWS\SYSTEM32\dxgi.dll
0x000007fd06540000 - 0x000007fd06802000 	C:\WINDOWS\SYSTEM32\nvapi64.dll
0x000007fd07ed0000 - 0x000007fd07eef000 	C:\WINDOWS\SYSTEM32\DXGIDebug.dll
0x000000005dba0000 - 0x000000005dbb9000 	F:\Program Files\Java\Jre7\bin\net.dll
0x000007fd0a270000 - 0x000007fd0a2cc000 	C:\WINDOWS\system32\mswsock.dll
0x000000005db50000 - 0x000000005db61000 	F:\Program Files\Java\Jre7\bin\nio.dll
0x000000005d7f0000 - 0x000000005d831000 	F:\Program Files\Java\Jre7\bin\t2k.dll
0x000007fd08010000 - 0x000007fd0819a000 	C:\WINDOWS\SYSTEM32\WindowsCodecs.dll
0x000007fd0aa30000 - 0x000007fd0aa45000 	C:\WINDOWS\SYSTEM32\profapi.dll
0x000007fd07530000 - 0x000007fd07599000 	C:\WINDOWS\SYSTEM32\oleacc.dll
0x000000005b620000 - 0x000000005b64a000 	F:\Program Files\Java\Jre7\bin\dcpr.dll
0x000007fcf8620000 - 0x000007fcf8783000 	C:\WINDOWS\SYSTEM32\dbghelp.dll

VM Arguments:
jvm_args: -Dfile.encoding=Cp1252 
java_command: emcscanner.kth.se.Program
Launcher Type: SUN_STANDARD

Environment Variables:
PATH=C:\Program Files (x86)\NVIDIA Corporation\PhysX\Common;C:\WINDOWS\system32;C:\WINDOWS;C:\WINDOWS\System32\Wbem;C:\WINDOWS\System32\WindowsPowerShell\v1.0\;C:\Program Files (x86)\Microsoft SQL Server\90\Tools\binn\;C:\Program Files (x86)\Autodesk\Backburner\;F:\Program Files\MATLAB\R2012a\runtime\win64;F:\Program Files\MATLAB\R2012a\bin;C:\Program Files\Internet Explorer;C:\Program Files\Perforce;F:\Program Files\Perforce;C:\Program Files\Microsoft\Web Platform Installer\;C:\Program Files (x86)\Microsoft ASP.NET\ASP.NET Web Pages\v1.0\;C:\Program Files (x86)\Windows Kits\8.0\Windows Performance Toolkit\;C:\Program Files\Microsoft SQL Server\110\Tools\Binn\;F:\Program Files\Perforce\Server
USERNAME=Jonas
OS=Windows_NT
PROCESSOR_IDENTIFIER=Intel64 Family 6 Model 42 Stepping 7, GenuineIntel



---------------  S Y S T E M  ---------------

OS: Windows 8 , 64 bit Build 9200 

CPU:total 8 (4 cores per cpu, 2 threads per core) family 6 model 42 stepping 7, cmov, cx8, fxsr, mmx, sse, sse2, sse3, ssse3, sse4.1, sse4.2, popcnt, avx, ht, tsc, tscinvbit

Memory: 4k page, physical 16751668k(12258048k free), swap 33528884k(27116372k free)

vm_info: Java HotSpot(TM) 64-Bit Server VM (23.3-b01) for windows-amd64 JRE (1.7.0_07-b11), built on Sep  7 2012 01:19:25 by "java_re" with unknown MS VC++:1600

time: Sat Feb 02 14:57:07 2013
elapsed time: 373 seconds

