#
# A fatal error has been detected by the Java Runtime Environment:
#
#  EXCEPTION_ACCESS_VIOLATION (0xc0000005) at pc=0x0000000002986cfa, pid=8016, tid=1192
#
# JRE version: 7.0_07-b11
# Java VM: Java HotSpot(TM) 64-Bit Server VM (23.3-b01 mixed mode windows-amd64 compressed oops)
# Problematic frame:
# J  com.googlecode.javacv.cpp.opencv_core$IplImage.flipCopyWithGamma(Ljava/nio/ByteBuffer;ILjava/nio/ByteBuffer;IZDZI)V
#
# Failed to write core dump. Minidumps are not enabled by default on client versions of Windows
#
# If you would like to submit a bug report, please visit:
#   http://bugreport.sun.com/bugreport/crash.jsp
#

---------------  T H R E A D  ---------------

Current thread (0x0000000013983800):  JavaThread "threadDisplayCamera" daemon [_thread_in_Java, id=1192, stack(0x000000001b9a0000,0x000000001baa0000)]

siginfo: ExceptionCode=0xc0000005, reading address 0x000000001b969000

Registers:
RAX=0x00000000000000ab, RBX=0x00000000005eec00, RCX=0x0000000000000000, RDX=0x000000001b3af050
RSP=0x000000001ba9ea80, RBP=0x00000007b24f8da8, RSI=0x000000070b7450e0, RDI=0x00000000005eec00
R8 =0x00000000005b9fb0, R9 =0x00000000005b9fb1, R10=0x000000000000167f, R11=0x00000000005eec00
R12=0x0000000000000000, R13=0x00000000005b9fb0, R14=0x0000000000000aaf, R15=0x0000000013983800
RIP=0x0000000002986cfa, EFLAGS=0x0000000000010207

Top of Stack: (sp=0x000000001ba9ea80)
0x000000001ba9ea80:   000000070b7450e0 00000000005eec00
0x000000001ba9ea90:   00000000005eec00 0000000000000000
0x000000001ba9eaa0:   3ff0000000000000 00000007b24f8d68
0x000000001ba9eab0:   00000007b24f8da8 3ff0000000000000
0x000000001ba9eac0:   005b950000000000 df6ab9ce005b9500
0x000000001ba9ead0:   00001680df6c65d4 0000000000001680
0x000000001ba9eae0:   00000007b24f8dd8 00001680ffffffff
0x000000001ba9eaf0:   00000007b24f8da8 00000007b24f8d68
0x000000001ba9eb00:   00000000e16e8a1c 0000000000000000
0x000000001ba9eb10:   000000070b7450e0 00000007b24f8da8
0x000000001ba9eb20:   00000007b24f8da8 000000001ba9eb28
0x000000001ba9eb30:   000000001ba9ebe8 00000000028361f8
0x000000001ba9eb40:   0000000000000000 00000006fc425798
0x000000001ba9eb50:   00000006fb5556b8 00000000028361f8
0x000000001ba9eb60:   0000000000000000 0000000000000000
0x000000001ba9eb70:   3ff0000000000000 0000000000000000 

Instructions: (pc=0x0000000002986cfa)
0x0000000002986cda:   10 44 3b c7 0f 8d 26 01 00 00 45 8b c8 41 ff c1
0x0000000002986cea:   44 89 4d 18 48 8b 6c 24 70 44 8b 6d 18 4d 63 c0
0x0000000002986cfa:   42 0f b6 04 02 44 3b eb 0f 8d 32 01 00 00 45 8b
0x0000000002986d0a:   cd 44 03 c9 41 ff c5 44 89 6d 18 45 3b cb 0f 83 


Register to memory mapping:

RAX=0x00000000000000ab is an unknown value
RBX=0x00000000005eec00 is an unknown value
RCX=0x0000000000000000 is an unknown value
RDX=0x000000001b3af050 is an unknown value
RSP=0x000000001ba9ea80 is pointing into the stack for thread: 0x0000000013983800
RBP=0x00000007b24f8da8 is an oop
java.nio.HeapByteBuffer 
 - klass: 'java/nio/HeapByteBuffer'
RSI=0x000000070b7450e0 is an oop
[B 
 - klass: {type array byte}
 - length: 6220800
RDI=0x00000000005eec00 is an unknown value
R8 =0x00000000005b9fb0 is an unknown value
R9 =0x00000000005b9fb1 is an unknown value
R10=0x000000000000167f is an unknown value
R11=0x00000000005eec00 is an unknown value
R12=0x0000000000000000 is an unknown value
R13=0x00000000005b9fb0 is an unknown value
R14=0x0000000000000aaf is an unknown value
R15=0x0000000013983800 is a thread


Stack: [0x000000001b9a0000,0x000000001baa0000],  sp=0x000000001ba9ea80,  free space=1018k
Native frames: (J=compiled Java code, j=interpreted, Vv=VM code, C=native code)
J  com.googlecode.javacv.cpp.opencv_core$IplImage.flipCopyWithGamma(Ljava/nio/ByteBuffer;ILjava/nio/ByteBuffer;IZDZI)V


---------------  P R O C E S S  ---------------

Java Threads: ( => current thread )
  0x00000000175bd800 JavaThread "ICEpdf-pagePainter" daemon [_thread_blocked, id=4456, stack(0x0000000025dd0000,0x0000000025ed0000)]
  0x00000000175bd000 JavaThread "ICEpdf-pageInitializer" daemon [_thread_blocked, id=5320, stack(0x0000000025ba0000,0x0000000025ca0000)]
  0x00000000175bc000 JavaThread "DestroyJavaVM" [_thread_blocked, id=36, stack(0x0000000002550000,0x0000000002650000)]
  0x0000000014d6f800 JavaThread "D3D Screen Updater" daemon [_thread_blocked, id=7828, stack(0x00000000239c0000,0x0000000023ac0000)]
  0x0000000014caf000 JavaThread "TimerQueue" daemon [_thread_blocked, id=2212, stack(0x0000000021f70000,0x0000000022070000)]
  0x0000000014cfb800 JavaThread "threadDisplayDensity" daemon [_thread_blocked, id=2092, stack(0x000000001e340000,0x000000001e440000)]
  0x0000000014b9c800 JavaThread "AWT-EventQueue-0" [_thread_in_native, id=6364, stack(0x000000001e240000,0x000000001e340000)]
  0x0000000014a5d800 JavaThread "threadDisplay" daemon [_thread_blocked, id=3880, stack(0x000000001e140000,0x000000001e240000)]
  0x00000000149e7800 JavaThread "AWT-Shutdown" [_thread_blocked, id=6812, stack(0x000000001baa0000,0x000000001bba0000)]
=>0x0000000013983800 JavaThread "threadDisplayCamera" daemon [_thread_in_Java, id=1192, stack(0x000000001b9a0000,0x000000001baa0000)]
  0x0000000013984800 JavaThread "AWT-Windows" daemon [_thread_in_native, id=6536, stack(0x0000000014270000,0x0000000014370000)]
  0x0000000013983000 JavaThread "Java2D Disposer" daemon [_thread_blocked, id=6416, stack(0x0000000014070000,0x0000000014170000)]
  0x0000000011290800 JavaThread "Service Thread" daemon [_thread_blocked, id=6420, stack(0x0000000013670000,0x0000000013770000)]
  0x000000001128c000 JavaThread "C2 CompilerThread1" daemon [_thread_blocked, id=4932, stack(0x0000000013570000,0x0000000013670000)]
  0x0000000011287000 JavaThread "C2 CompilerThread0" daemon [_thread_blocked, id=7176, stack(0x0000000013470000,0x0000000013570000)]
  0x0000000011284000 JavaThread "Attach Listener" daemon [_thread_blocked, id=7448, stack(0x0000000013370000,0x0000000013470000)]
  0x0000000011277000 JavaThread "Signal Dispatcher" daemon [_thread_blocked, id=7796, stack(0x0000000013270000,0x0000000013370000)]
  0x000000001123a800 JavaThread "Finalizer" daemon [_thread_blocked, id=6828, stack(0x0000000013170000,0x0000000013270000)]
  0x0000000011233000 JavaThread "Reference Handler" daemon [_thread_blocked, id=4164, stack(0x0000000013070000,0x0000000013170000)]

Other Threads:
  0x000000001122e000 VMThread [stack: 0x0000000012f70000,0x0000000013070000] [id=6168]
  0x00000000112a3000 WatcherThread [stack: 0x0000000013770000,0x0000000013870000] [id=3436]

VM state:not at safepoint (normal execution)

VM Mutex/Monitor currently owned by a thread: None

Heap
 PSYoungGen      total 161856K, used 123199K [0x00000007aacb0000, 0x00000007bea10000, 0x0000000800000000)
  eden space 126080K, 97% used [0x00000007aacb0000,0x00000007b24ffc98,0x00000007b27d0000)
  from space 35776K, 0% used [0x00000007b27d0000,0x00000007b27d0000,0x00000007b4ac0000)
  to   space 36416K, 0% used [0x00000007bc680000,0x00000007bc680000,0x00000007bea10000)
 ParOldGen       total 192896K, used 187599K [0x0000000700600000, 0x000000070c260000, 0x00000007aacb0000)
  object space 192896K, 97% used [0x0000000700600000,0x000000070bd33cf0,0x000000070c260000)
 PSPermGen       total 40960K, used 18073K [0x00000006fb400000, 0x00000006fdc00000, 0x0000000700600000)
  object space 40960K, 44% used [0x00000006fb400000,0x00000006fc5a67b0,0x00000006fdc00000)

Card table byte_map: [0x0000000005830000,0x0000000006060000] byte_map_base: 0x0000000002056000

Polling page: 0x00000000023d0000

Code Cache  [0x0000000002830000, 0x0000000002aa0000, 0x0000000005830000)
 total_blobs=881 nmethods=291 adapters=541 free_code_cache=47794Kb largest_free_block=48863808

Compilation events (10 events):
Event: 8.421 Thread 0x000000001128c000  296             javax.swing.JComponent::getHeight (5 bytes)
Event: 8.422 Thread 0x0000000011287000  297             javax.swing.JComponent::getWidth (5 bytes)
Event: 8.422 Thread 0x0000000011287000 nmethod 297 0x000000000298d6d0 code [0x000000000298d800, 0x000000000298d858]
Event: 8.422 Thread 0x000000001128c000 nmethod 296 0x000000000298d4d0 code [0x000000000298d600, 0x000000000298d658]
Event: 8.920 Thread 0x000000001128c000  299             java.awt.Component::isVisible (5 bytes)
Event: 8.920 Thread 0x0000000011287000  300             java.awt.Component::isVisible_NoClientCode (5 bytes)
Event: 8.920 Thread 0x0000000011287000 nmethod 300 0x000000000298d2d0 code [0x000000000298d400, 0x000000000298d458]
Event: 8.920 Thread 0x000000001128c000 nmethod 299 0x0000000002925490 code [0x00000000029255c0, 0x0000000002925618]
Event: 9.104 Thread 0x000000001128c000  301             sun.java2d.loops.SurfaceType::getUniqueID (5 bytes)
Event: 9.105 Thread 0x000000001128c000 nmethod 301 0x0000000002925290 code [0x00000000029253c0, 0x0000000002925418]

GC Heap History (10 events):
Event: 6.318 GC heap before
{Heap before GC invocations=5 (full 0):
 PSYoungGen      total 76352K, used 70210K [0x00000007aacb0000, 0x00000007b41d0000, 0x0000000800000000)
  eden space 65472K, 94% used [0x00000007aacb0000,0x00000007ae90c4d0,0x00000007aeca0000)
  from space 10880K, 77% used [0x00000007af740000,0x00000007aff74350,0x00000007b01e0000)
  to   space 10880K, 0% used [0x00000007aeca0000,0x00000007aeca0000,0x00000007af740000)
 ParOldGen       total 174528K, used 38658K [0x0000000700600000, 0x000000070b070000, 0x00000007aacb0000)
  object space 174528K, 22% used [0x0000000700600000,0x0000000702bc0ac8,0x000000070b070000)
 PSPermGen       total 21248K, used 18039K [0x00000006fb400000, 0x00000006fc8c0000, 0x0000000700600000)
  object space 21248K, 84% used [0x00000006fb400000,0x00000006fc59dcd8,0x00000006fc8c0000)
Event: 6.323 GC heap after
Heap after GC invocations=5 (full 0):
 PSYoungGen      total 76352K, used 8368K [0x00000007aacb0000, 0x00000007b68f0000, 0x0000000800000000)
  eden space 65472K, 0% used [0x00000007aacb0000,0x00000007aacb0000,0x00000007aeca0000)
  from space 10880K, 76% used [0x00000007aeca0000,0x00000007af4cc350,0x00000007af740000)
  to   space 30912K, 0% used [0x00000007b4ac0000,0x00000007b4ac0000,0x00000007b68f0000)
 ParOldGen       total 174528K, used 38658K [0x0000000700600000, 0x000000070b070000, 0x00000007aacb0000)
  object space 174528K, 22% used [0x0000000700600000,0x0000000702bc0ac8,0x000000070b070000)
 PSPermGen       total 21248K, used 18039K [0x00000006fb400000, 0x00000006fc8c0000, 0x0000000700600000)
  object space 21248K, 84% used [0x00000006fb400000,0x00000006fc59dcd8,0x00000006fc8c0000)
}
Event: 6.586 GC heap before
{Heap before GC invocations=6 (full 0):
 PSYoungGen      total 76352K, used 72712K [0x00000007aacb0000, 0x00000007b68f0000, 0x0000000800000000)
  eden space 65472K, 98% used [0x00000007aacb0000,0x00000007aeb85de0,0x00000007aeca0000)
  from space 10880K, 76% used [0x00000007aeca0000,0x00000007af4cc350,0x00000007af740000)
  to   space 30912K, 0% used [0x00000007b4ac0000,0x00000007b4ac0000,0x00000007b68f0000)
 ParOldGen       total 174528K, used 38658K [0x0000000700600000, 0x000000070b070000, 0x00000007aacb0000)
  object space 174528K, 22% used [0x0000000700600000,0x0000000702bc0ac8,0x000000070b070000)
 PSPermGen       total 21248K, used 18043K [0x00000006fb400000, 0x00000006fc8c0000, 0x0000000700600000)
  object space 21248K, 84% used [0x00000006fb400000,0x00000006fc59edf0,0x00000006fc8c0000)
Event: 6.595 GC heap after
Heap after GC invocations=6 (full 0):
 PSYoungGen      total 156992K, used 26778K [0x00000007aacb0000, 0x00000007b7270000, 0x0000000800000000)
  eden space 126080K, 0% used [0x00000007aacb0000,0x00000007aacb0000,0x00000007b27d0000)
  from space 30912K, 86% used [0x00000007b4ac0000,0x00000007b64e6aa0,0x00000007b68f0000)
  to   space 35776K, 0% used [0x00000007b27d0000,0x00000007b27d0000,0x00000007b4ac0000)
 ParOldGen       total 174528K, used 44733K [0x0000000700600000, 0x000000070b070000, 0x00000007aacb0000)
  object space 174528K, 25% used [0x0000000700600000,0x00000007031af6d8,0x000000070b070000)
 PSPermGen       total 21248K, used 18043K [0x00000006fb400000, 0x00000006fc8c0000, 0x0000000700600000)
  object space 21248K, 84% used [0x00000006fb400000,0x00000006fc59edf0,0x00000006fc8c0000)
}
Event: 6.905 GC heap before
{Heap before GC invocations=7 (full 0):
 PSYoungGen      total 156992K, used 150249K [0x00000007aacb0000, 0x00000007b7270000, 0x0000000800000000)
  eden space 126080K, 97% used [0x00000007aacb0000,0x00000007b2543ba0,0x00000007b27d0000)
  from space 30912K, 86% used [0x00000007b4ac0000,0x00000007b64e6aa0,0x00000007b68f0000)
  to   space 35776K, 0% used [0x00000007b27d0000,0x00000007b27d0000,0x00000007b4ac0000)
 ParOldGen       total 174528K, used 50808K [0x0000000700600000, 0x000000070b070000, 0x00000007aacb0000)
  object space 174528K, 29% used [0x0000000700600000,0x000000070379e2e8,0x000000070b070000)
 PSPermGen       total 21248K, used 18043K [0x00000006fb400000, 0x00000006fc8c0000, 0x0000000700600000)
  object space 21248K, 84% used [0x00000006fb400000,0x00000006fc59ef98,0x00000006fc8c0000)
Event: 6.913 GC heap after
Heap after GC invocations=7 (full 0):
 PSYoungGen      total 161856K, used 22331K [0x00000007aacb0000, 0x00000007bea10000, 0x0000000800000000)
  eden space 126080K, 0% used [0x00000007aacb0000,0x00000007aacb0000,0x00000007b27d0000)
  from space 35776K, 62% used [0x00000007b27d0000,0x00000007b3d9ef20,0x00000007b4ac0000)
  to   space 36416K, 0% used [0x00000007bc680000,0x00000007bc680000,0x00000007bea10000)
 ParOldGen       total 174528K, used 55529K [0x0000000700600000, 0x000000070b070000, 0x00000007aacb0000)
  object space 174528K, 31% used [0x0000000700600000,0x0000000703c3a4c8,0x000000070b070000)
 PSPermGen       total 21248K, used 18043K [0x00000006fb400000, 0x00000006fc8c0000, 0x0000000700600000)
  object space 21248K, 84% used [0x00000006fb400000,0x00000006fc59ef98,0x00000006fc8c0000)
}
Event: 8.287 GC heap before
{Heap before GC invocations=8 (full 1):
 PSYoungGen      total 161856K, used 148411K [0x00000007aacb0000, 0x00000007bea10000, 0x0000000800000000)
  eden space 126080K, 100% used [0x00000007aacb0000,0x00000007b27d0000,0x00000007b27d0000)
  from space 35776K, 62% used [0x00000007b27d0000,0x00000007b3d9ef20,0x00000007b4ac0000)
  to   space 36416K, 0% used [0x00000007bc680000,0x00000007bc680000,0x00000007bea10000)
 ParOldGen       total 330176K, used 330040K [0x0000000700600000, 0x0000000714870000, 0x00000007aacb0000)
  object space 330176K, 99% used [0x0000000700600000,0x000000071484e028,0x0000000714870000)
 PSPermGen       total 21248K, used 18067K [0x00000006fb400000, 0x00000006fc8c0000, 0x0000000700600000)
  object space 21248K, 85% used [0x00000006fb400000,0x00000006fc5a4dc0,0x00000006fc8c0000)
Event: 8.355 GC heap after
Heap after GC invocations=8 (full 1):
 PSYoungGen      total 161856K, used 0K [0x00000007aacb0000, 0x00000007bea10000, 0x0000000800000000)
  eden space 126080K, 0% used [0x00000007aacb0000,0x00000007aacb0000,0x00000007b27d0000)
  from space 35776K, 0% used [0x00000007b27d0000,0x00000007b27d0000,0x00000007b4ac0000)
  to   space 36416K, 0% used [0x00000007bc680000,0x00000007bc680000,0x00000007bea10000)
 ParOldGen       total 148736K, used 45218K [0x0000000700600000, 0x0000000709740000, 0x00000007aacb0000)
  object space 148736K, 30% used [0x0000000700600000,0x0000000703228a28,0x0000000709740000)
 PSPermGen       total 36672K, used 18060K [0x00000006fb400000, 0x00000006fd7d0000, 0x0000000700600000)
  object space 36672K, 49% used [0x00000006fb400000,0x00000006fc5a32a8,0x00000006fd7d0000)
}
Event: 9.270 GC heap before
{Heap before GC invocations=9 (full 2):
 PSYoungGen      total 161856K, used 126055K [0x00000007aacb0000, 0x00000007bea10000, 0x0000000800000000)
  eden space 126080K, 99% used [0x00000007aacb0000,0x00000007b27c9f88,0x00000007b27d0000)
  from space 35776K, 0% used [0x00000007b27d0000,0x00000007b27d0000,0x00000007b4ac0000)
  to   space 36416K, 0% used [0x00000007bc680000,0x00000007bc680000,0x00000007bea10000)
 ParOldGen       total 334016K, used 333908K [0x0000000700600000, 0x0000000714c30000, 0x00000007aacb0000)
  object space 334016K, 99% used [0x0000000700600000,0x0000000714c15268,0x0000000714c30000)
 PSPermGen       total 36672K, used 18066K [0x00000006fb400000, 0x00000006fd7d0000, 0x0000000700600000)
  object space 36672K, 49% used [0x00000006fb400000,0x00000006fc5a4b58,0x00000006fd7d0000)
Event: 9.306 GC heap after
Heap after GC invocations=9 (full 2):
 PSYoungGen      total 161856K, used 0K [0x00000007aacb0000, 0x00000007bea10000, 0x0000000800000000)
  eden space 126080K, 0% used [0x00000007aacb0000,0x00000007aacb0000,0x00000007b27d0000)
  from space 35776K, 0% used [0x00000007b27d0000,0x00000007b27d0000,0x00000007b4ac0000)
  to   space 36416K, 0% used [0x00000007bc680000,0x00000007bc680000,0x00000007bea10000)
 ParOldGen       total 186816K, used 45215K [0x0000000700600000, 0x000000070bc70000, 0x00000007aacb0000)
  object space 186816K, 24% used [0x0000000700600000,0x0000000703227fd0,0x000000070bc70000)
 PSPermGen       total 40960K, used 18066K [0x00000006fb400000, 0x00000006fdc00000, 0x0000000700600000)
  object space 40960K, 44% used [0x00000006fb400000,0x00000006fc5a4b58,0x00000006fdc00000)
}

Deoptimization events (10 events):
Event: 2.802 Thread 0x000000000272e000 Uncommon trap -83 fr.pc 0x00000000028db378
Event: 2.802 Thread 0x000000000272e000 Uncommon trap -83 fr.pc 0x00000000028d373c
Event: 3.285 Thread 0x000000000272e000 Uncommon trap 43 fr.pc 0x00000000028f2a54
Event: 3.805 Thread 0x0000000014b9c800 Uncommon trap -83 fr.pc 0x00000000028f9d84
Event: 3.874 Thread 0x00000000175bd000 Uncommon trap -83 fr.pc 0x00000000028f5af4
Event: 3.923 Thread 0x00000000175bd000 Uncommon trap -83 fr.pc 0x00000000028f7284
Event: 3.939 Thread 0x00000000175bd000 Uncommon trap -83 fr.pc 0x000000000292b868
Event: 3.999 Thread 0x00000000175bd000 Uncommon trap -83 fr.pc 0x0000000002925408
Event: 4.029 Thread 0x00000000175bd000 Uncommon trap -83 fr.pc 0x0000000002918d98
Event: 7.138 Thread 0x0000000014b9c800 Uncommon trap -12 fr.pc 0x0000000002989824

Internal exceptions (10 events):
Event: 4.076 Thread 0x00000000175bd000 Threw 0x00000007ab8e7b38 at C:\jdk7u1_64p\jdk7u7\hotspot\src\share\vm\prims\jvm.cpp:1166
Event: 4.077 Thread 0x00000000175bd000 Threw 0x00000007ab8eace8 at C:\jdk7u1_64p\jdk7u7\hotspot\src\share\vm\prims\jvm.cpp:1166
Event: 4.077 Thread 0x00000000175bd000 Threw 0x00000007ab8edc08 at C:\jdk7u1_64p\jdk7u7\hotspot\src\share\vm\prims\jvm.cpp:1166
Event: 4.202 Thread 0x00000000175bd800 Threw 0x00000007abe2bfd0 at C:\jdk7u1_64p\jdk7u7\hotspot\src\share\vm\prims\jvm.cpp:1166
Event: 4.205 Thread 0x00000000175bd800 Threw 0x00000007abe3c7a0 at C:\jdk7u1_64p\jdk7u7\hotspot\src\share\vm\prims\jvm.cpp:1166
Event: 4.408 Thread 0x00000000175bd800 Threw 0x00000007ac7abbb0 at C:\jdk7u1_64p\jdk7u7\hotspot\src\share\vm\prims\jvm.cpp:1166
Event: 7.138 Thread 0x0000000014b9c800 Implicit null exception at 0x0000000002989748 to 0x0000000002989819
Event: 7.299 Thread 0x0000000014b9c800 Threw 0x00000007b2291098 at C:\jdk7u1_64p\jdk7u7\hotspot\src\share\vm\prims\jvm.cpp:1166
Event: 7.300 Thread 0x0000000014b9c800 Threw 0x00000007b2296790 at C:\jdk7u1_64p\jdk7u7\hotspot\src\share\vm\prims\jvm.cpp:1166
Event: 7.301 Thread 0x0000000014b9c800 Threw 0x00000007b22a3af8 at C:\jdk7u1_64p\jdk7u7\hotspot\src\share\vm\prims\jvm.cpp:1166

Events (10 events):
Event: 9.263 Executing VM operation: ParallelGCFailedAllocation
Event: 9.263 Executing VM operation: ParallelGCFailedAllocation done
Event: 9.270 Executing VM operation: ParallelGCSystemGC
Event: 9.306 Executing VM operation: ParallelGCSystemGC done
Event: 9.338 loading class 0x0000000014efa8e0
Event: 9.338 loading class 0x0000000014efa8e0 done
Event: 9.338 loading class 0x0000000014821d20
Event: 9.338 loading class 0x0000000014dcaa20
Event: 9.338 loading class 0x0000000014dcaa20 done
Event: 9.338 loading class 0x0000000014821d20 done


Dynamic libraries:
0x000007f798e80000 - 0x000007f798eb4000 	F:\Program Files\Java\Jre7\bin\javaw.exe
0x000007ffd0010000 - 0x000007ffd01ce000 	C:\WINDOWS\SYSTEM32\ntdll.dll
0x000007ffcd650000 - 0x000007ffcd786000 	C:\WINDOWS\system32\KERNEL32.DLL
0x000007ffcd360000 - 0x000007ffcd453000 	C:\WINDOWS\system32\KERNELBASE.dll
0x000007ffcdad0000 - 0x000007ffcdbae000 	C:\WINDOWS\system32\ADVAPI32.dll
0x000007ffcf8a0000 - 0x000007ffcf9ec000 	C:\WINDOWS\system32\USER32.dll
0x000007ffca740000 - 0x000007ffca9a9000 	C:\WINDOWS\WinSxS\amd64_microsoft.windows.common-controls_6595b64144ccf1df_6.0.9200.16384_none_418c2a697189c07f\COMCTL32.dll
0x000007ffcd940000 - 0x000007ffcd9e5000 	C:\WINDOWS\system32\msvcrt.dll
0x000007ffcd460000 - 0x000007ffcd4a8000 	C:\WINDOWS\SYSTEM32\sechost.dll
0x000007ffcf760000 - 0x000007ffcf8a0000 	C:\WINDOWS\system32\RPCRT4.dll
0x000007ffcdec0000 - 0x000007ffce000000 	C:\WINDOWS\system32\GDI32.dll
0x000007ffcda90000 - 0x000007ffcdac9000 	C:\WINDOWS\system32\IMM32.DLL
0x000007ffcf9f0000 - 0x000007ffcfb05000 	C:\WINDOWS\system32\MSCTF.dll
0x000007ffccf00000 - 0x000007ffccf08000 	C:\PROGRA~2\NVIDIA~1\3DVISI~1\NVSTIN~1.DLL
0x000007ffcda80000 - 0x000007ffcda87000 	C:\WINDOWS\system32\PSAPI.DLL
0x0000000061700000 - 0x00000000617a3000 	C:\WINDOWS\WinSxS\amd64_microsoft.vc90.crt_1fc8b3b9a1e18e3b_9.0.30729.6871_none_08e717a5a83adddf\MSVCR90.dll
0x000000005f150000 - 0x000000005f221000 	F:\Program Files\Java\Jre7\bin\msvcr100.dll
0x000000005ea30000 - 0x000000005f14f000 	F:\Program Files\Java\Jre7\bin\server\jvm.dll
0x000007ffc53f0000 - 0x000007ffc53f9000 	C:\WINDOWS\SYSTEM32\WSOCK32.dll
0x000007ffca070000 - 0x000007ffca090000 	C:\WINDOWS\SYSTEM32\WINMM.dll
0x000007ffcffb0000 - 0x000007ffd0008000 	C:\WINDOWS\system32\WS2_32.dll
0x000007ffc9f70000 - 0x000007ffc9fa2000 	C:\WINDOWS\SYSTEM32\WINMMBASE.dll
0x000007ffcfb10000 - 0x000007ffcfb19000 	C:\WINDOWS\system32\NSI.dll
0x000000005ea20000 - 0x000000005ea2f000 	F:\Program Files\Java\Jre7\bin\verify.dll
0x000000005e9f0000 - 0x000000005ea18000 	F:\Program Files\Java\Jre7\bin\java.dll
0x000000005e9d0000 - 0x000000005e9e5000 	F:\Program Files\Java\Jre7\bin\zip.dll
0x000000005e7c0000 - 0x000000005e953000 	F:\Program Files\Java\Jre7\bin\awt.dll
0x000007ffcdbb0000 - 0x000007ffcdc73000 	C:\WINDOWS\system32\OLEAUT32.dll
0x000007ffcd790000 - 0x000007ffcd940000 	C:\WINDOWS\system32\combase.dll
0x000007ffc7130000 - 0x000007ffc71cf000 	C:\WINDOWS\system32\apphelp.dll
0x000007ffcbd00000 - 0x000007ffcbde3000 	C:\WINDOWS\system32\uxtheme.dll
0x000007ffc71e0000 - 0x000007ffc7275000 	C:\Program Files\Common Files\microsoft shared\ink\tiptsf.dll
0x000007ffcae20000 - 0x000007ffcae41000 	C:\WINDOWS\SYSTEM32\dwmapi.dll
0x000007ffce000000 - 0x000007ffce17e000 	C:\WINDOWS\system32\ole32.dll
0x000007ffccd70000 - 0x000007ffccd7a000 	C:\WINDOWS\SYSTEM32\CRYPTBASE.dll
0x000007ffcccf0000 - 0x000007ffccd4c000 	C:\WINDOWS\SYSTEM32\bcryptPrimitives.dll
0x000007ffce470000 - 0x000007ffcf758000 	C:\WINDOWS\system32\SHELL32.dll
0x000007ffcff60000 - 0x000007ffcffb0000 	C:\WINDOWS\system32\SHLWAPI.dll
0x000007ffcc0d0000 - 0x000007ffcc166000 	C:\WINDOWS\SYSTEM32\shcore.dll
0x00000000605d0000 - 0x0000000060668000 	C:\Windows\System32\msvcp100.dll
0x000007ffb3e80000 - 0x000007ffb40d8000 	C:\opencv\build\x64\vc10\bin\opencv_core243.dll
0x000007ffbc470000 - 0x000007ffbc505000 	C:\Users\Jonas\AppData\Local\Temp\javacpp13506758865399\jniopencv_core.dll
0x000007ffb3480000 - 0x000007ffb3725000 	C:\opencv\build\x64\vc10\bin\opencv_imgproc243.dll
0x000007ffc67d0000 - 0x000007ffc6818000 	C:\Users\Jonas\AppData\Local\Temp\javacpp13506758865399\jniopencv_imgproc.dll
0x0000000066840000 - 0x00000000675ca000 	C:\opencv\build\x64\vc10\bin\opencv_ffmpeg243_64.dll
0x000007ffb3c30000 - 0x000007ffb3e7b000 	C:\opencv\build\x64\vc10\bin\opencv_highgui243.dll
0x000007ffc9d70000 - 0x000007ffc9d90000 	C:\WINDOWS\SYSTEM32\AVIFIL32.dll
0x000007ffc69e0000 - 0x000007ffc6a09000 	C:\WINDOWS\SYSTEM32\MSVFW32.dll
0x000007ffc6a10000 - 0x000007ffc6a27000 	C:\WINDOWS\SYSTEM32\AVICAP32.dll
0x000007ffba340000 - 0x000007ffba359000 	C:\WINDOWS\SYSTEM32\MSACM32.dll
0x000007ffcacb0000 - 0x000007ffcacb9000 	C:\WINDOWS\SYSTEM32\VERSION.dll
0x000007ffc6790000 - 0x000007ffc67a3000 	C:\Users\Jonas\AppData\Local\Temp\javacpp13506758865399\jniopencv_highgui.dll
0x000007ffce1b0000 - 0x000007ffce246000 	C:\WINDOWS\SYSTEM32\clbcatq.dll
0x000007ffbc450000 - 0x000007ffbc467000 	C:\Windows\System32\devenum.dll
0x000007ffcdc80000 - 0x000007ffcde50000 	C:\WINDOWS\system32\setupapi.dll
0x000007ffcd020000 - 0x000007ffcd06f000 	C:\WINDOWS\system32\CFGMGR32.dll
0x000007ffccff0000 - 0x000007ffcd012000 	C:\WINDOWS\system32\DEVOBJ.dll
0x000007ffc5fd0000 - 0x000007ffc5ffe000 	C:\WINDOWS\SYSTEM32\ntmarta.dll
0x000007ffcd070000 - 0x000007ffcd0c5000 	C:\WINDOWS\system32\WINTRUST.dll
0x000007ffcd0d0000 - 0x000007ffcd2a7000 	C:\WINDOWS\system32\CRYPT32.dll
0x000007ffccfd0000 - 0x000007ffccfe6000 	C:\WINDOWS\system32\MSASN1.dll
0x000007ffc92d0000 - 0x000007ffc92dd000 	C:\WINDOWS\SYSTEM32\msdmo.dll
0x000007ffbc420000 - 0x000007ffbc44f000 	C:\Windows\System32\qcap.dll
0x000007ffb3110000 - 0x000007ffb32c8000 	C:\Windows\System32\quartz.dll
0x000007ffbc3e0000 - 0x000007ffbc41f000 	C:\Windows\System32\ksproxy.ax
0x000007ffba390000 - 0x000007ffba397000 	C:\Windows\System32\ksuser.dll
0x000007ffbbc60000 - 0x000007ffbbe60000 	C:\Windows\System32\d3d9.dll
0x000007ffc7800000 - 0x000007ffc780c000 	C:\Windows\System32\vidcap.ax
0x000007ffbc3b0000 - 0x000007ffbc3d4000 	C:\Windows\System32\kswdmcap.ax
0x000007ffb6280000 - 0x000007ffb63d4000 	C:\Windows\System32\MFC42.dll
0x000007ffb9c50000 - 0x000007ffb9d0e000 	C:\Windows\System32\ODBC32.dll
0x000007ffb8800000 - 0x000007ffb8895000 	C:\Windows\System32\qedit.dll
0x000007ffcfeb0000 - 0x000007ffcff51000 	C:\WINDOWS\system32\COMDLG32.dll
0x000007ffcd4b0000 - 0x000007ffcd650000 	C:\WINDOWS\WinSxS\amd64_microsoft.windows.gdiplus_6595b64144ccf1df_1.1.9200.16384_none_72771d4ecc1c3a4d\gdiplus.dll
0x000007ffb38f0000 - 0x000007ffb39da000 	C:\WINDOWS\SYSTEM32\DDRAW.dll
0x000007ffc7970000 - 0x000007ffc7978000 	C:\WINDOWS\SYSTEM32\DCIMAN32.dll
0x000000005e780000 - 0x000000005e7b4000 	F:\Program Files\Java\Jre7\bin\fontmanager.dll
0x000007ffb4b50000 - 0x000007ffb5cd0000 	C:\WINDOWS\SYSTEM32\nvd3dumx.dll
0x000007ffccdf0000 - 0x000007ffcce33000 	C:\WINDOWS\SYSTEM32\powrprof.dll
0x0000000180000000 - 0x0000000180116000 	C:\Program Files (x86)\NVIDIA Corporation\3D Vision\nvSCPAPI64.dll
0x000007ffca330000 - 0x000007ffca3a4000 	C:\WINDOWS\SYSTEM32\dxgi.dll
0x000007ffc9a40000 - 0x000007ffc9d02000 	C:\WINDOWS\SYSTEM32\nvapi64.dll
0x000007ffc9f50000 - 0x000007ffc9f6f000 	C:\WINDOWS\SYSTEM32\DXGIDebug.dll
0x000000005e9b0000 - 0x000000005e9c9000 	F:\Program Files\Java\Jre7\bin\net.dll
0x000007ffcc760000 - 0x000007ffcc7bc000 	C:\WINDOWS\system32\mswsock.dll
0x000000005e990000 - 0x000000005e9a1000 	F:\Program Files\Java\Jre7\bin\nio.dll
0x000000005e730000 - 0x000000005e771000 	F:\Program Files\Java\Jre7\bin\t2k.dll
0x000007ffca9b0000 - 0x000007ffcab3a000 	C:\WINDOWS\SYSTEM32\WindowsCodecs.dll
0x000007ffccf20000 - 0x000007ffccf35000 	C:\WINDOWS\SYSTEM32\profapi.dll
0x000007ffc8ca0000 - 0x000007ffc8d09000 	C:\WINDOWS\SYSTEM32\oleacc.dll
0x000000005e700000 - 0x000000005e72a000 	F:\Program Files\Java\Jre7\bin\dcpr.dll

VM Arguments:
jvm_args: -Dfile.encoding=Cp1252 
java_command: emcscanner.kth.se.Program
Launcher Type: SUN_STANDARD

Environment Variables:
PATH=C:\Program Files (x86)\NVIDIA Corporation\PhysX\Common;C:\WINDOWS\system32;C:\WINDOWS;C:\WINDOWS\System32\Wbem;C:\WINDOWS\System32\WindowsPowerShell\v1.0\;C:\Program Files (x86)\Microsoft SQL Server\90\Tools\binn\;C:\Program Files (x86)\Autodesk\Backburner\;F:\Program Files\MATLAB\R2012a\runtime\win64;F:\Program Files\MATLAB\R2012a\bin;C:\Program Files\Internet Explorer;C:\Program Files\Perforce;F:\Program Files\Perforce;C:\Program Files\Microsoft\Web Platform Installer\;C:\Program Files (x86)\Microsoft ASP.NET\ASP.NET Web Pages\v1.0\;C:\Program Files (x86)\Windows Kits\8.0\Windows Performance Toolkit\;C:\Program Files\Microsoft SQL Server\110\Tools\Binn\;F:\Program Files\Perforce\Server
USERNAME=Jonas
OS=Windows_NT
PROCESSOR_IDENTIFIER=Intel64 Family 6 Model 42 Stepping 7, GenuineIntel



---------------  S Y S T E M  ---------------

OS: Windows 8 , 64 bit Build 9200 

CPU:total 8 (4 cores per cpu, 2 threads per core) family 6 model 42 stepping 7, cmov, cx8, fxsr, mmx, sse, sse2, sse3, ssse3, sse4.1, sse4.2, popcnt, avx, ht, tsc, tscinvbit

Memory: 4k page, physical 16751668k(12580460k free), swap 33528884k(27528744k free)

vm_info: Java HotSpot(TM) 64-Bit Server VM (23.3-b01) for windows-amd64 JRE (1.7.0_07-b11), built on Sep  7 2012 01:19:25 by "java_re" with unknown MS VC++:1600

time: Mon Feb 04 20:27:02 2013
elapsed time: 10 seconds

