#
# A fatal error has been detected by the Java Runtime Environment:
#
#  EXCEPTION_ACCESS_VIOLATION (0xc0000005) at pc=0x000007ff3c8d8bc0, pid=7928, tid=5288
#
# JRE version: 7.0_07-b11
# Java VM: Java HotSpot(TM) 64-Bit Server VM (23.3-b01 mixed mode windows-amd64 compressed oops)
# Problematic frame:
# C  [ntdll.dll+0x18bc0]  RtlQueueWorkItem+0x8a0
#
# Failed to write core dump. Minidumps are not enabled by default on client versions of Windows
#
# If you would like to submit a bug report, please visit:
#   http://bugreport.sun.com/bugreport/crash.jsp
# The crash happened outside the Java Virtual Machine in native code.
# See problematic frame for where to report the bug.
#

---------------  T H R E A D  ---------------

Current thread (0x0000000013cec800):  JavaThread "threadDisplay" daemon [_thread_in_native, id=5288, stack(0x000000001aaf0000,0x000000001abf0000)]

siginfo: ExceptionCode=0xc0000005, writing address 0x0000000000000024

Registers:
RAX=0x0000000000000000, RBX=0x0000000013ed0638, RCX=0x00000000fffffffc, RDX=0x00000000000008b0
RSP=0x000000001abef280, RBP=0x0000000000000000, RSI=0x00000000000008b0, RDI=0x0000000000000000
R8 =0xffffffffffffffff, R9 =0x0000000000000004, R10=0x0000000000000000, R11=0x0000000000000246
R12=0x0000000000000000, R13=0x0000000000000000, R14=0x000007f7dbba2000, R15=0x0000000000000000
RIP=0x000007ff3c8d8bc0, EFLAGS=0x0000000000010213

Top of Stack: (sp=0x000000001abef280)
0x000000001abef280:   00000000000008b0 00000006fb86b4d3
0x000000001abef290:   000000001abef2e0 00000006fb86f208
0x000000001abef2a0:   0000000000000000 00000006fb86b4e8
0x000000001abef2b0:   0000000000000000 000000001abef2d8
0x000000001abef2c0:   0000000000000000 0000000000000000
0x000000001abef2d0:   0000000000000000 0000000000000000
0x000000001abef2e0:   0000000000000000 000007ff39a810ea
0x000000001abef2f0:   0000000002670000 0000000000000010
0x000000001abef300:   0000fddd2362abf9 000007ff3c8c57c0
0x000000001abef310:   0000000000000004 0000000000000001
0x000000001abef320:   000000001a4fc050 00000000ff000000
0x000000001abef330:   0000000000000000 0000000000000000
0x000000001abef340:   000007f7dbba2000 000007ff3c8cf4d4
0x000000001abef350:   0000000000000000 0000000000000000
0x000000001abef360:   0000000013ed0638 0000000000000000
0x000000001abef370:   0000000000000000 0000000013cec9d8 

Instructions: (pc=0x000007ff3c8d8bc0)
0x000007ff3c8d8ba0:   43 08 a8 01 0f 85 bd 67 ff ff 8b c8 2b cd f0 0f
0x000007ff3c8d8bb0:   b1 4b 08 75 ea 48 8b 03 33 ed 48 83 f8 ff 74 03
0x000007ff3c8d8bc0:   ff 40 24 41 bf 82 03 fe 7f 41 80 3f 00 0f 85 69
0x000007ff3c8d8bd0:   7a 0e 00 48 83 fe ff 0f 84 bf 7a 0e 00 4c 8b c7 


Register to memory mapping:

RAX=0x0000000000000000 is an unknown value
RBX=0x0000000013ed0638 is an unknown value
RCX=0x00000000fffffffc is an unknown value
RDX=0x00000000000008b0 is an unknown value
RSP=0x000000001abef280 is pointing into the stack for thread: 0x0000000013cec800
RBP=0x0000000000000000 is an unknown value
RSI=0x00000000000008b0 is an unknown value
RDI=0x0000000000000000 is an unknown value
R8 =0xffffffffffffffff is an unknown value
R9 =0x0000000000000004 is an unknown value
R10=0x0000000000000000 is an unknown value
R11=0x0000000000000246 is an unknown value
R12=0x0000000000000000 is an unknown value
R13=0x0000000000000000 is an unknown value
R14=0x000007f7dbba2000 is an unknown value
R15=0x0000000000000000 is an unknown value


Stack: [0x000000001aaf0000,0x000000001abf0000],  sp=0x000000001abef280,  free space=1020k
Native frames: (J=compiled Java code, j=interpreted, Vv=VM code, C=native code)
C  [ntdll.dll+0x18bc0]  RtlQueueWorkItem+0x8a0

[error occurred during error reporting (printing native stack), id 0xc0000005]

Java frames: (J=compiled Java code, j=interpreted, Vv=VM code)
j  com.googlecode.javacv.cpp.opencv_highgui.cvRetrieveFrame(Lcom/googlecode/javacv/cpp/opencv_highgui$CvCapture;I)Lcom/googlecode/javacv/cpp/opencv_core$IplImage;+0
j  com.googlecode.javacv.cpp.opencv_highgui.cvRetrieveFrame(Lcom/googlecode/javacv/cpp/opencv_highgui$CvCapture;)Lcom/googlecode/javacv/cpp/opencv_core$IplImage;+2
j  com.googlecode.javacv.OpenCVFrameGrabber.grab()Lcom/googlecode/javacv/cpp/opencv_core$IplImage;+4
j  emcscanner.kth.se.CameraPanel$1.run()V+7
v  ~StubRoutines::call_stub

---------------  P R O C E S S  ---------------

Java Threads: ( => current thread )
  0x0000000016619800 JavaThread "Thread-2" [_thread_in_native, id=7452, stack(0x0000000017540000,0x0000000017640000)]
  0x0000000016304000 JavaThread "Thread-0" daemon [_thread_in_native, id=1368, stack(0x0000000017440000,0x0000000017540000)]
  0x000000001d964800 JavaThread "ICEpdf-pagePainter" daemon [_thread_blocked, id=7084, stack(0x0000000022280000,0x0000000022380000)]
  0x0000000016266800 JavaThread "ICEpdf-pageInitializer" daemon [_thread_blocked, id=1664, stack(0x0000000022050000,0x0000000022150000)]
  0x000000000267e000 JavaThread "DestroyJavaVM" [_thread_blocked, id=3832, stack(0x0000000002850000,0x0000000002950000)]
  0x0000000016322800 JavaThread "TimerQueue" daemon [_thread_blocked, id=7292, stack(0x000000001e3d0000,0x000000001e4d0000)]
  0x00000000164bf800 JavaThread "AWT-EventQueue-0" [_thread_blocked, id=4688, stack(0x000000001e2d0000,0x000000001e3d0000)]
  0x0000000013dbd800 JavaThread "AWT-Shutdown" [_thread_blocked, id=8024, stack(0x000000001abf0000,0x000000001acf0000)]
=>0x0000000013cec800 JavaThread "threadDisplay" daemon [_thread_in_native, id=5288, stack(0x000000001aaf0000,0x000000001abf0000)]
  0x0000000013ced800 JavaThread "AWT-Windows" daemon [_thread_in_native, id=2128, stack(0x0000000014560000,0x0000000014660000)]
  0x0000000013c9e000 JavaThread "Java2D Disposer" daemon [_thread_blocked, id=5552, stack(0x0000000014360000,0x0000000014460000)]
  0x0000000011579800 JavaThread "Service Thread" daemon [_thread_blocked, id=5444, stack(0x0000000013960000,0x0000000013a60000)]
  0x000000001156c800 JavaThread "C2 CompilerThread1" daemon [_thread_blocked, id=3440, stack(0x0000000013860000,0x0000000013960000)]
  0x0000000011569000 JavaThread "C2 CompilerThread0" daemon [_thread_blocked, id=2768, stack(0x0000000013760000,0x0000000013860000)]
  0x0000000011567800 JavaThread "Attach Listener" daemon [_thread_blocked, id=4744, stack(0x0000000013660000,0x0000000013760000)]
  0x000000001155b000 JavaThread "Signal Dispatcher" daemon [_thread_blocked, id=8008, stack(0x0000000013560000,0x0000000013660000)]
  0x00000000114fe800 JavaThread "Finalizer" daemon [_thread_blocked, id=5700, stack(0x0000000013460000,0x0000000013560000)]
  0x00000000114f7000 JavaThread "Reference Handler" daemon [_thread_blocked, id=2632, stack(0x0000000013360000,0x0000000013460000)]

Other Threads:
  0x00000000114f2000 VMThread [stack: 0x0000000013260000,0x0000000013360000] [id=7124]
  0x0000000011597800 WatcherThread [stack: 0x0000000013a60000,0x0000000013b60000] [id=5004]

VM state:not at safepoint (normal execution)

VM Mutex/Monitor currently owned by a thread: None

Heap
 PSYoungGen      total 52160K, used 20441K [0x00000007aacb0000, 0x00000007af750000, 0x0000000800000000)
  eden space 30592K, 32% used [0x00000007aacb0000,0x00000007ab66b6e8,0x00000007aca90000)
  from space 21568K, 48% used [0x00000007ae240000,0x00000007aec7ae70,0x00000007af750000)
  to   space 22912K, 0% used [0x00000007aca90000,0x00000007aca90000,0x00000007ae0f0000)
 ParOldGen       total 174528K, used 96299K [0x0000000700600000, 0x000000070b070000, 0x00000007aacb0000)
  object space 174528K, 55% used [0x0000000700600000,0x000000070640ad48,0x000000070b070000)
 PSPermGen       total 21248K, used 18009K [0x00000006fb400000, 0x00000006fc8c0000, 0x0000000700600000)
  object space 21248K, 84% used [0x00000006fb400000,0x00000006fc5966e0,0x00000006fc8c0000)

Card table byte_map: [0x0000000005b10000,0x0000000006340000] byte_map_base: 0x0000000002336000

Polling page: 0x0000000002660000

Code Cache  [0x0000000002a50000, 0x0000000002cc0000, 0x0000000005a50000)
 total_blobs=869 nmethods=278 adapters=542 free_code_cache=47808Kb largest_free_block=48860288

Compilation events (10 events):
Event: 20.456 Thread 0x000000001156c800  281             java.security.AccessControlContext::optimize (319 bytes)
Event: 20.463 Thread 0x000000001156c800 nmethod 281 0x0000000002aeb890 code [0x0000000002aeba00, 0x0000000002aec448]
Event: 21.402 Thread 0x0000000011569000  282             java.awt.EventQueue::noEvents (29 bytes)
Event: 21.403 Thread 0x0000000011569000 nmethod 282 0x0000000002b084d0 code [0x0000000002b08600, 0x0000000002b086d8]
Event: 21.440 Thread 0x000000001156c800  283             java.lang.Boolean::booleanValue (5 bytes)
Event: 21.440 Thread 0x000000001156c800 nmethod 283 0x0000000002bad850 code [0x0000000002bad980, 0x0000000002bad9d8]
Event: 21.456 Thread 0x0000000011569000  284   !         sun.awt.AWTAutoShutdown::setToolkitBusy (124 bytes)
Event: 21.460 Thread 0x0000000011569000 nmethod 284 0x0000000002ae3f50 code [0x0000000002ae40e0, 0x0000000002ae4a50]
Event: 23.392 Thread 0x000000001156c800  285             sun.java2d.loops.SurfaceType::getUniqueID (5 bytes)
Event: 23.392 Thread 0x000000001156c800 nmethod 285 0x0000000002b0e7d0 code [0x0000000002b0e900, 0x0000000002b0e958]

GC Heap History (10 events):
Event: 22.581 GC heap before
{Heap before GC invocations=30 (full 0):
 PSYoungGen      total 43584K, used 39064K [0x00000007aacb0000, 0x00000007b02e0000, 0x0000000800000000)
  eden space 33088K, 86% used [0x00000007aacb0000,0x00000007ac89b2e8,0x00000007acd00000)
  from space 10496K, 99% used [0x00000007acd80000,0x00000007ad7bae70,0x00000007ad7c0000)
  to   space 27584K, 0% used [0x00000007ae7f0000,0x00000007ae7f0000,0x00000007b02e0000)
 ParOldGen       total 174528K, used 96203K [0x0000000700600000, 0x000000070b070000, 0x00000007aacb0000)
  object space 174528K, 55% used [0x0000000700600000,0x00000007063f2d48,0x000000070b070000)
 PSPermGen       total 21248K, used 17978K [0x00000006fb400000, 0x00000006fc8c0000, 0x0000000700600000)
  object space 21248K, 84% used [0x00000006fb400000,0x00000006fc58ea28,0x00000006fc8c0000)
Event: 22.583 GC heap after
Heap after GC invocations=30 (full 0):
 PSYoungGen      total 57728K, used 10411K [0x00000007aacb0000, 0x00000007b0080000, 0x0000000800000000)
  eden space 32576K, 0% used [0x00000007aacb0000,0x00000007aacb0000,0x00000007acc80000)
  from space 25152K, 41% used [0x00000007ae7f0000,0x00000007af21ae70,0x00000007b0080000)
  to   space 26624K, 0% used [0x00000007acc80000,0x00000007acc80000,0x00000007ae680000)
 ParOldGen       total 174528K, used 96211K [0x0000000700600000, 0x000000070b070000, 0x00000007aacb0000)
  object space 174528K, 55% used [0x0000000700600000,0x00000007063f4d48,0x000000070b070000)
 PSPermGen       total 21248K, used 17978K [0x00000006fb400000, 0x00000006fc8c0000, 0x0000000700600000)
  object space 21248K, 84% used [0x00000006fb400000,0x00000006fc58ea28,0x00000006fc8c0000)
}
Event: 22.976 GC heap before
{Heap before GC invocations=31 (full 0):
 PSYoungGen      total 57728K, used 38930K [0x00000007aacb0000, 0x00000007b0080000, 0x0000000800000000)
  eden space 32576K, 87% used [0x00000007aacb0000,0x00000007ac889bc0,0x00000007acc80000)
  from space 25152K, 41% used [0x00000007ae7f0000,0x00000007af21ae70,0x00000007b0080000)
  to   space 26624K, 0% used [0x00000007acc80000,0x00000007acc80000,0x00000007ae680000)
 ParOldGen       total 174528K, used 96211K [0x0000000700600000, 0x000000070b070000, 0x00000007aacb0000)
  object space 174528K, 55% used [0x0000000700600000,0x00000007063f4d48,0x000000070b070000)
 PSPermGen       total 21248K, used 17978K [0x00000006fb400000, 0x00000006fc8c0000, 0x0000000700600000)
  object space 21248K, 84% used [0x00000006fb400000,0x00000006fc58ea28,0x00000006fc8c0000)
Event: 22.978 GC heap after
Heap after GC invocations=31 (full 0):
 PSYoungGen      total 42496K, used 10411K [0x00000007aacb0000, 0x00000007afe20000, 0x0000000800000000)
  eden space 32064K, 0% used [0x00000007aacb0000,0x00000007aacb0000,0x00000007acc00000)
  from space 10432K, 99% used [0x00000007acc80000,0x00000007ad6aae70,0x00000007ad6b0000)
  to   space 25664K, 0% used [0x00000007ae510000,0x00000007ae510000,0x00000007afe20000)
 ParOldGen       total 174528K, used 96235K [0x0000000700600000, 0x000000070b070000, 0x00000007aacb0000)
  object space 174528K, 55% used [0x0000000700600000,0x00000007063fad48,0x000000070b070000)
 PSPermGen       total 21248K, used 17978K [0x00000006fb400000, 0x00000006fc8c0000, 0x0000000700600000)
  object space 21248K, 84% used [0x00000006fb400000,0x00000006fc58ea28,0x00000006fc8c0000)
}
Event: 23.372 GC heap before
{Heap before GC invocations=32 (full 0):
 PSYoungGen      total 42496K, used 38912K [0x00000007aacb0000, 0x00000007afe20000, 0x0000000800000000)
  eden space 32064K, 88% used [0x00000007aacb0000,0x00000007ac885258,0x00000007acc00000)
  from space 10432K, 99% used [0x00000007acc80000,0x00000007ad6aae70,0x00000007ad6b0000)
  to   space 25664K, 0% used [0x00000007ae510000,0x00000007ae510000,0x00000007afe20000)
 ParOldGen       total 174528K, used 96235K [0x0000000700600000, 0x000000070b070000, 0x00000007aacb0000)
  object space 174528K, 55% used [0x0000000700600000,0x00000007063fad48,0x000000070b070000)
 PSPermGen       total 21248K, used 17978K [0x00000006fb400000, 0x00000006fc8c0000, 0x0000000700600000)
  object space 21248K, 84% used [0x00000006fb400000,0x00000006fc58ea28,0x00000006fc8c0000)
Event: 23.374 GC heap after
Heap after GC invocations=32 (full 0):
 PSYoungGen      total 54784K, used 10475K [0x00000007aacb0000, 0x00000007afbc0000, 0x0000000800000000)
  eden space 31552K, 0% used [0x00000007aacb0000,0x00000007aacb0000,0x00000007acb80000)
  from space 23232K, 45% used [0x00000007ae510000,0x00000007aef4ae70,0x00000007afbc0000)
  to   space 24704K, 0% used [0x00000007acb80000,0x00000007acb80000,0x00000007ae3a0000)
 ParOldGen       total 174528K, used 96251K [0x0000000700600000, 0x000000070b070000, 0x00000007aacb0000)
  object space 174528K, 55% used [0x0000000700600000,0x00000007063fed48,0x000000070b070000)
 PSPermGen       total 21248K, used 17978K [0x00000006fb400000, 0x00000006fc8c0000, 0x0000000700600000)
  object space 21248K, 84% used [0x00000006fb400000,0x00000006fc58ea28,0x00000006fc8c0000)
}
Event: 23.766 GC heap before
{Heap before GC invocations=33 (full 0):
 PSYoungGen      total 54784K, used 38969K [0x00000007aacb0000, 0x00000007afbc0000, 0x0000000800000000)
  eden space 31552K, 90% used [0x00000007aacb0000,0x00000007ac883688,0x00000007acb80000)
  from space 23232K, 45% used [0x00000007ae510000,0x00000007aef4ae70,0x00000007afbc0000)
  to   space 24704K, 0% used [0x00000007acb80000,0x00000007acb80000,0x00000007ae3a0000)
 ParOldGen       total 174528K, used 96251K [0x0000000700600000, 0x000000070b070000, 0x00000007aacb0000)
  object space 174528K, 55% used [0x0000000700600000,0x00000007063fed48,0x000000070b070000)
 PSPermGen       total 21248K, used 17978K [0x00000006fb400000, 0x00000006fc8c0000, 0x0000000700600000)
  object space 21248K, 84% used [0x00000006fb400000,0x00000006fc58ea28,0x00000006fc8c0000)
Event: 23.769 GC heap after
Heap after GC invocations=33 (full 0):
 PSYoungGen      total 41536K, used 10443K [0x00000007aacb0000, 0x00000007af980000, 0x0000000800000000)
  eden space 31040K, 0% used [0x00000007aacb0000,0x00000007aacb0000,0x00000007acb00000)
  from space 10496K, 99% used [0x00000007acb80000,0x00000007ad5b2e70,0x00000007ad5c0000)
  to   space 23808K, 0% used [0x00000007ae240000,0x00000007ae240000,0x00000007af980000)
 ParOldGen       total 174528K, used 96275K [0x0000000700600000, 0x000000070b070000, 0x00000007aacb0000)
  object space 174528K, 55% used [0x0000000700600000,0x0000000706404d48,0x000000070b070000)
 PSPermGen       total 21248K, used 17978K [0x00000006fb400000, 0x00000006fc8c0000, 0x0000000700600000)
  object space 21248K, 84% used [0x00000006fb400000,0x00000006fc58ea28,0x00000006fc8c0000)
}
Event: 24.160 GC heap before
{Heap before GC invocations=34 (full 0):
 PSYoungGen      total 41536K, used 38949K [0x00000007aacb0000, 0x00000007af980000, 0x0000000800000000)
  eden space 31040K, 91% used [0x00000007aacb0000,0x00000007ac886838,0x00000007acb00000)
  from space 10496K, 99% used [0x00000007acb80000,0x00000007ad5b2e70,0x00000007ad5c0000)
  to   space 23808K, 0% used [0x00000007ae240000,0x00000007ae240000,0x00000007af980000)
 ParOldGen       total 174528K, used 96275K [0x0000000700600000, 0x000000070b070000, 0x00000007aacb0000)
  object space 174528K, 55% used [0x0000000700600000,0x0000000706404d48,0x000000070b070000)
 PSPermGen       total 21248K, used 17985K [0x00000006fb400000, 0x00000006fc8c0000, 0x0000000700600000)
  object space 21248K, 84% used [0x00000006fb400000,0x00000006fc590758,0x00000006fc8c0000)
Event: 24.161 GC heap after
Heap after GC invocations=34 (full 0):
 PSYoungGen      total 52160K, used 10475K [0x00000007aacb0000, 0x00000007af750000, 0x0000000800000000)
  eden space 30592K, 0% used [0x00000007aacb0000,0x00000007aacb0000,0x00000007aca90000)
  from space 21568K, 48% used [0x00000007ae240000,0x00000007aec7ae70,0x00000007af750000)
  to   space 22912K, 0% used [0x00000007aca90000,0x00000007aca90000,0x00000007ae0f0000)
 ParOldGen       total 174528K, used 96299K [0x0000000700600000, 0x000000070b070000, 0x00000007aacb0000)
  object space 174528K, 55% used [0x0000000700600000,0x000000070640ad48,0x000000070b070000)
 PSPermGen       total 21248K, used 17985K [0x00000006fb400000, 0x00000006fc8c0000, 0x0000000700600000)
  object space 21248K, 84% used [0x00000006fb400000,0x00000006fc590758,0x00000006fc8c0000)
}

Deoptimization events (10 events):
Event: 3.822 Thread 0x0000000016266800 Uncommon trap -83 fr.pc 0x0000000002b0e7f4
Event: 3.868 Thread 0x0000000016266800 Uncommon trap -83 fr.pc 0x0000000002b08604
Event: 3.885 Thread 0x0000000016266800 Uncommon trap -83 fr.pc 0x0000000002b466e8
Event: 3.935 Thread 0x0000000016266800 Uncommon trap -83 fr.pc 0x0000000002b3f890
Event: 3.963 Thread 0x0000000016266800 Uncommon trap -83 fr.pc 0x0000000002b33c18
Event: 4.180 Thread 0x000000001d964800 Uncommon trap -83 fr.pc 0x0000000002b74c3c
Event: 8.136 Thread 0x00000000164bf800 Uncommon trap -34 fr.pc 0x0000000002bac7b8
Event: 8.137 Thread 0x00000000164bf800 Uncommon trap -34 fr.pc 0x0000000002bac7b8
Event: 8.154 Thread 0x00000000164bf800 Uncommon trap -34 fr.pc 0x0000000002bac7b8
Event: 8.827 Thread 0x00000000164bf800 Uncommon trap -34 fr.pc 0x0000000002bac7b8

Internal exceptions (10 events):
Event: 3.974 Thread 0x0000000016266800 Threw 0x00000007ae4ad288 at C:\jdk7u1_64p\jdk7u7\hotspot\src\share\vm\prims\jvm.cpp:1166
Event: 4.008 Thread 0x0000000016266800 Threw 0x00000007ae5e4300 at C:\jdk7u1_64p\jdk7u7\hotspot\src\share\vm\prims\jvm.cpp:1166
Event: 4.008 Thread 0x0000000016266800 Threw 0x00000007ae5e70d0 at C:\jdk7u1_64p\jdk7u7\hotspot\src\share\vm\prims\jvm.cpp:1166
Event: 4.011 Thread 0x0000000016266800 Threw 0x00000007ae5f7538 at C:\jdk7u1_64p\jdk7u7\hotspot\src\share\vm\prims\jvm.cpp:1166
Event: 4.011 Thread 0x0000000016266800 Threw 0x00000007ae5fa308 at C:\jdk7u1_64p\jdk7u7\hotspot\src\share\vm\prims\jvm.cpp:1166
Event: 4.013 Thread 0x0000000016266800 Threw 0x00000007ae5fd4b8 at C:\jdk7u1_64p\jdk7u7\hotspot\src\share\vm\prims\jvm.cpp:1166
Event: 4.013 Thread 0x0000000016266800 Threw 0x00000007ae600288 at C:\jdk7u1_64p\jdk7u7\hotspot\src\share\vm\prims\jvm.cpp:1166
Event: 4.169 Thread 0x000000001d964800 Threw 0x00000007ab383240 at C:\jdk7u1_64p\jdk7u7\hotspot\src\share\vm\prims\jvm.cpp:1166
Event: 4.173 Thread 0x000000001d964800 Threw 0x00000007ab393ad0 at C:\jdk7u1_64p\jdk7u7\hotspot\src\share\vm\prims\jvm.cpp:1166
Event: 4.362 Thread 0x000000001d964800 Threw 0x00000007abd72518 at C:\jdk7u1_64p\jdk7u7\hotspot\src\share\vm\prims\jvm.cpp:1166

Events (10 events):
Event: 23.766 Executing VM operation: ParallelGCFailedAllocation
Event: 23.769 Executing VM operation: ParallelGCFailedAllocation done
Event: 24.109 loading class 0x0000000016428590
Event: 24.109 loading class 0x0000000016428590 done
Event: 24.109 loading class 0x0000000013d086c0
Event: 24.109 loading class 0x00000000161ed360
Event: 24.109 loading class 0x00000000161ed360 done
Event: 24.109 loading class 0x0000000013d086c0 done
Event: 24.160 Executing VM operation: ParallelGCFailedAllocation
Event: 24.161 Executing VM operation: ParallelGCFailedAllocation done


Dynamic libraries:
0x000007f7dc190000 - 0x000007f7dc1c4000 	F:\Program Files\Java\Jre7\bin\javaw.exe
0x000007ff3c8c0000 - 0x000007ff3ca7e000 	C:\WINDOWS\SYSTEM32\ntdll.dll
0x000007ff3a840000 - 0x000007ff3a976000 	C:\WINDOWS\system32\KERNEL32.DLL
0x000007ff39a80000 - 0x000007ff39b73000 	C:\WINDOWS\system32\KERNELBASE.dll
0x000007ff3ae10000 - 0x000007ff3aeee000 	C:\WINDOWS\system32\ADVAPI32.dll
0x000007ff39f70000 - 0x000007ff3a0bc000 	C:\WINDOWS\system32\USER32.dll
0x000007ff36fd0000 - 0x000007ff37239000 	C:\WINDOWS\WinSxS\amd64_microsoft.windows.common-controls_6595b64144ccf1df_6.0.9200.16384_none_418c2a697189c07f\COMCTL32.dll
0x000007ff3a5d0000 - 0x000007ff3a675000 	C:\WINDOWS\system32\msvcrt.dll
0x000007ff3aef0000 - 0x000007ff3af38000 	C:\WINDOWS\SYSTEM32\sechost.dll
0x000007ff3c500000 - 0x000007ff3c640000 	C:\WINDOWS\system32\RPCRT4.dll
0x000007ff39d10000 - 0x000007ff39e50000 	C:\WINDOWS\system32\GDI32.dll
0x000007ff3c640000 - 0x000007ff3c679000 	C:\WINDOWS\system32\IMM32.DLL
0x000007ff3a2f0000 - 0x000007ff3a405000 	C:\WINDOWS\system32\MSCTF.dll
0x000007ff397b0000 - 0x000007ff397b8000 	C:\PROGRA~2\NVIDIA~1\3DVISI~1\NVSTIN~1.DLL
0x000007ff3c680000 - 0x000007ff3c687000 	C:\WINDOWS\system32\PSAPI.DLL
0x000000005d2b0000 - 0x000000005d353000 	C:\WINDOWS\WinSxS\amd64_microsoft.vc90.crt_1fc8b3b9a1e18e3b_9.0.30729.6871_none_08e717a5a83adddf\MSVCR90.dll
0x000000005b640000 - 0x000000005b711000 	F:\Program Files\Java\Jre7\bin\msvcr100.dll
0x000000005af20000 - 0x000000005b63f000 	F:\Program Files\Java\Jre7\bin\server\jvm.dll
0x000007ff31ca0000 - 0x000007ff31ca9000 	C:\WINDOWS\SYSTEM32\WSOCK32.dll
0x000007ff37250000 - 0x000007ff37270000 	C:\WINDOWS\SYSTEM32\WINMM.dll
0x000007ff3a680000 - 0x000007ff3a6d8000 	C:\WINDOWS\system32\WS2_32.dll
0x000007ff368c0000 - 0x000007ff368f2000 	C:\WINDOWS\SYSTEM32\WINMMBASE.dll
0x000007ff3a980000 - 0x000007ff3a989000 	C:\WINDOWS\system32\NSI.dll
0x000000005af10000 - 0x000000005af1f000 	F:\Program Files\Java\Jre7\bin\verify.dll
0x000000005aee0000 - 0x000000005af08000 	F:\Program Files\Java\Jre7\bin\java.dll
0x000000005aec0000 - 0x000000005aed5000 	F:\Program Files\Java\Jre7\bin\zip.dll
0x000000005bd60000 - 0x000000005bef3000 	F:\Program Files\Java\Jre7\bin\awt.dll
0x000007ff39e50000 - 0x000007ff39f13000 	C:\WINDOWS\system32\OLEAUT32.dll
0x000007ff3a140000 - 0x000007ff3a2f0000 	C:\WINDOWS\system32\combase.dll
0x000007ff339e0000 - 0x000007ff33a7f000 	C:\WINDOWS\system32\apphelp.dll
0x000007ff385b0000 - 0x000007ff38693000 	C:\WINDOWS\system32\uxtheme.dll
0x000007ff33a80000 - 0x000007ff33b15000 	C:\Program Files\Common Files\microsoft shared\ink\tiptsf.dll
0x000007ff37890000 - 0x000007ff378b1000 	C:\WINDOWS\SYSTEM32\dwmapi.dll
0x000007ff3c740000 - 0x000007ff3c8be000 	C:\WINDOWS\system32\ole32.dll
0x000007ff39600000 - 0x000007ff3960a000 	C:\WINDOWS\SYSTEM32\CRYPTBASE.dll
0x000007ff395a0000 - 0x000007ff395fc000 	C:\WINDOWS\SYSTEM32\bcryptPrimitives.dll
0x000007ff3af40000 - 0x000007ff3c228000 	C:\WINDOWS\system32\SHELL32.dll
0x000007ff39f20000 - 0x000007ff39f70000 	C:\WINDOWS\system32\SHLWAPI.dll
0x000007ff38980000 - 0x000007ff38a16000 	C:\WINDOWS\SYSTEM32\shcore.dll
0x000000005c180000 - 0x000000005c218000 	C:\Windows\System32\msvcp100.dll
0x000007ff1e270000 - 0x000007ff1e4c8000 	C:\opencv\build\x64\vc10\bin\opencv_core243.dll
0x000007ff29410000 - 0x000007ff294a5000 	C:\Users\Jonas\AppData\Local\Temp\javacpp99200823865823\jniopencv_core.dll
0x000007ff1dfc0000 - 0x000007ff1e265000 	C:\opencv\build\x64\vc10\bin\opencv_imgproc243.dll
0x000007ff30dc0000 - 0x000007ff30e08000 	C:\Users\Jonas\AppData\Local\Temp\javacpp99200823865823\jniopencv_imgproc.dll
0x0000000066840000 - 0x00000000675ca000 	C:\opencv\build\x64\vc10\bin\opencv_ffmpeg243_64.dll
0x000007ff1dd70000 - 0x000007ff1dfbb000 	C:\opencv\build\x64\vc10\bin\opencv_highgui243.dll
0x000007ff30ab0000 - 0x000007ff30ad0000 	C:\WINDOWS\SYSTEM32\AVIFIL32.dll
0x000007ff30730000 - 0x000007ff30759000 	C:\WINDOWS\SYSTEM32\MSVFW32.dll
0x000007ff30970000 - 0x000007ff30987000 	C:\WINDOWS\SYSTEM32\AVICAP32.dll
0x000007ff32f20000 - 0x000007ff32f39000 	C:\WINDOWS\SYSTEM32\MSACM32.dll
0x000007ff37270000 - 0x000007ff37279000 	C:\WINDOWS\SYSTEM32\VERSION.dll
0x000007ff306c0000 - 0x000007ff306d3000 	C:\Users\Jonas\AppData\Local\Temp\javacpp99200823865823\jniopencv_highgui.dll
0x000007ff3c230000 - 0x000007ff3c2c6000 	C:\WINDOWS\SYSTEM32\clbcatq.dll
0x000007ff306a0000 - 0x000007ff306b7000 	C:\Windows\System32\devenum.dll
0x000007ff3ac40000 - 0x000007ff3ae10000 	C:\WINDOWS\system32\setupapi.dll
0x000007ff39c30000 - 0x000007ff39c7f000 	C:\WINDOWS\system32\CFGMGR32.dll
0x000007ff39ce0000 - 0x000007ff39d02000 	C:\WINDOWS\system32\DEVOBJ.dll
0x000007ff32880000 - 0x000007ff328ae000 	C:\WINDOWS\SYSTEM32\ntmarta.dll
0x000007ff39c80000 - 0x000007ff39cd5000 	C:\WINDOWS\system32\WINTRUST.dll
0x000007ff398a0000 - 0x000007ff39a77000 	C:\WINDOWS\system32\CRYPT32.dll
0x000007ff39880000 - 0x000007ff39896000 	C:\WINDOWS\system32\MSASN1.dll
0x000007ff32f10000 - 0x000007ff32f1d000 	C:\WINDOWS\SYSTEM32\msdmo.dll
0x000007ff30350000 - 0x000007ff3037f000 	C:\Windows\System32\qcap.dll
0x000007ff22c10000 - 0x000007ff22dc8000 	C:\Windows\System32\quartz.dll
0x000007ff27100000 - 0x000007ff2713f000 	C:\Windows\System32\ksproxy.ax
0x000007ff1fa90000 - 0x000007ff1fa97000 	C:\Windows\System32\ksuser.dll
0x000007ff28210000 - 0x000007ff28410000 	C:\Windows\System32\d3d9.dll
0x000007ff32870000 - 0x000007ff3287c000 	C:\Windows\System32\vidcap.ax
0x000007ff270d0000 - 0x000007ff270f4000 	C:\Windows\System32\kswdmcap.ax
0x000007ff1dc10000 - 0x000007ff1dd64000 	C:\Windows\System32\MFC42.dll
0x000007ff24a90000 - 0x000007ff24b4e000 	C:\Windows\System32\ODBC32.dll
0x000007ff253c0000 - 0x000007ff25455000 	C:\Windows\System32\qedit.dll
0x000007ff3c690000 - 0x000007ff3c731000 	C:\WINDOWS\system32\COMDLG32.dll
0x000007ff3a410000 - 0x000007ff3a5b0000 	C:\WINDOWS\WinSxS\amd64_microsoft.windows.gdiplus_6595b64144ccf1df_1.1.9200.16384_none_72771d4ecc1c3a4d\gdiplus.dll
0x000007ff20d90000 - 0x000007ff20e7a000 	C:\WINDOWS\SYSTEM32\DDRAW.dll
0x000007ff339d0000 - 0x000007ff339d8000 	C:\WINDOWS\SYSTEM32\DCIMAN32.dll
0x000000005ada0000 - 0x000000005add4000 	F:\Program Files\Java\Jre7\bin\fontmanager.dll
0x000007ff1ca90000 - 0x000007ff1dc10000 	C:\WINDOWS\SYSTEM32\nvd3dumx.dll
0x000007ff396a0000 - 0x000007ff396e3000 	C:\WINDOWS\SYSTEM32\powrprof.dll
0x0000000180000000 - 0x0000000180116000 	C:\Program Files (x86)\NVIDIA Corporation\3D Vision\nvSCPAPI64.dll
0x000007ff36ef0000 - 0x000007ff36f64000 	C:\WINDOWS\SYSTEM32\dxgi.dll
0x000007ff36390000 - 0x000007ff36652000 	C:\WINDOWS\SYSTEM32\nvapi64.dll
0x000007ff36900000 - 0x000007ff3691f000 	C:\WINDOWS\SYSTEM32\DXGIDebug.dll
0x000000005aea0000 - 0x000000005aeb9000 	F:\Program Files\Java\Jre7\bin\net.dll
0x000007ff39010000 - 0x000007ff3906c000 	C:\WINDOWS\system32\mswsock.dll
0x000000005ae80000 - 0x000000005ae91000 	F:\Program Files\Java\Jre7\bin\nio.dll
0x000000005ad50000 - 0x000000005ad91000 	F:\Program Files\Java\Jre7\bin\t2k.dll
0x000007ff37350000 - 0x000007ff374da000 	C:\WINDOWS\SYSTEM32\WindowsCodecs.dll
0x000007ff397d0000 - 0x000007ff397e5000 	C:\WINDOWS\SYSTEM32\profapi.dll
0x000007ff367d0000 - 0x000007ff36839000 	C:\WINDOWS\SYSTEM32\oleacc.dll
0x000000005bd30000 - 0x000000005bd5a000 	F:\Program Files\Java\Jre7\bin\dcpr.dll
0x000007ff26eb0000 - 0x000007ff27013000 	C:\WINDOWS\SYSTEM32\dbghelp.dll

VM Arguments:
jvm_args: -Dfile.encoding=Cp1252 
java_command: emcscanner.kth.se.Program
Launcher Type: SUN_STANDARD

Environment Variables:
PATH=C:\Program Files (x86)\NVIDIA Corporation\PhysX\Common;C:\WINDOWS\system32;C:\WINDOWS;C:\WINDOWS\System32\Wbem;C:\WINDOWS\System32\WindowsPowerShell\v1.0\;C:\Program Files (x86)\Microsoft SQL Server\90\Tools\binn\;C:\Program Files (x86)\Autodesk\Backburner\;F:\Program Files\MATLAB\R2012a\runtime\win64;F:\Program Files\MATLAB\R2012a\bin;C:\Program Files\Internet Explorer;C:\Program Files\Perforce;F:\Program Files\Perforce;C:\Program Files\Microsoft\Web Platform Installer\;C:\Program Files (x86)\Microsoft ASP.NET\ASP.NET Web Pages\v1.0\;C:\Program Files (x86)\Windows Kits\8.0\Windows Performance Toolkit\;C:\Program Files\Microsoft SQL Server\110\Tools\Binn\;F:\Program Files\Perforce\Server
USERNAME=Jonas
OS=Windows_NT
PROCESSOR_IDENTIFIER=Intel64 Family 6 Model 42 Stepping 7, GenuineIntel



---------------  S Y S T E M  ---------------

OS: Windows 8 , 64 bit Build 9200 

CPU:total 8 (4 cores per cpu, 2 threads per core) family 6 model 42 stepping 7, cmov, cx8, fxsr, mmx, sse, sse2, sse3, ssse3, sse4.1, sse4.2, popcnt, avx, ht, tsc, tscinvbit

Memory: 4k page, physical 16751668k(12519264k free), swap 33528884k(27691040k free)

vm_info: Java HotSpot(TM) 64-Bit Server VM (23.3-b01) for windows-amd64 JRE (1.7.0_07-b11), built on Sep  7 2012 01:19:25 by "java_re" with unknown MS VC++:1600

time: Thu Jan 24 23:00:46 2013
elapsed time: 24 seconds

