#
# A fatal error has been detected by the Java Runtime Environment:
#
#  EXCEPTION_ACCESS_VIOLATION (0xc0000005) at pc=0x000000005f18c044, pid=4980, tid=6556
#
# JRE version: 7.0_07-b11
# Java VM: Java HotSpot(TM) 64-Bit Server VM (23.3-b01 mixed mode windows-amd64 compressed oops)
# Problematic frame:
# C  [msvcr100.dll+0x3c044]  memcpy+0xb4
#
# Failed to write core dump. Minidumps are not enabled by default on client versions of Windows
#
# If you would like to submit a bug report, please visit:
#   http://bugreport.sun.com/bugreport/crash.jsp
# The crash happened outside the Java Virtual Machine in native code.
# See problematic frame for where to report the bug.
#

---------------  T H R E A D  ---------------

Current thread (0x0000000014119000):  JavaThread "threadDisplayCamera" daemon [_thread_in_native, id=6556, stack(0x000000001bf40000,0x000000001c040000)]

siginfo: ExceptionCode=0xc0000005, reading address 0x000000001ba3d000

Registers:
RAX=0x954eb6954eb6944d, RBX=0x0000000017c63820, RCX=0x0000000017c64348, RDX=0x0000000003dd8cad
RSP=0x000000001c03e9b8, RBP=0x000000001c03eac0, RSI=0x0000000000000003, RDI=0x00000000140b4210
R8 =0x000000000000167b, R9 =0x000000000000005a, R10=0xb6944db6944eb795, R11=0x0000000017c63823
R12=0x00000000150ec020, R13=0x0000000000000003, R14=0x000000001ba3c4d0, R15=0x0000000000001680
RIP=0x000000005f18c044, EFLAGS=0x0000000000010206

Top of Stack: (sp=0x000000001c03e9b8)
0x000000001c03e9b8:   000007ffc3fd1bdb 0000000000000000
0x000000001c03e9c8:   0000000000000000 000000001ba3ae50
0x000000001c03e9d8:   0000000000000004 000007ff00000000
0x000000001c03e9e8:   0000000000001680 0000035a06427c8f
0x000000001c03e9f8:   00000000000027fb 00000387150e0101
0x000000001c03ea08:   000000ac00000001 0000000100000782
0x000000001c03ea18:   0000000100000003 0000000300001680
0x000000001c03ea28:   000000001ba3ae50 0000000000000003
0x000000001c03ea38:   0000000000000006 0000000000001680
0x000000001c03ea48:   0000000017eb9500 0000039200000780
0x000000001c03ea58:   0000000017712b50 0000000600001680
0x000000001c03ea68:   0000000000000003 0000000000000001
0x000000001c03ea78:   0000000000000003 0000000000000003
0x000000001c03ea88:   fffffffffffffffe 0000000000000000
0x000000001c03ea98:   0000043800000780 fffffffffffffffe
0x000000001c03eaa8:   000000001c03ee60 000000001c03ebc0 

Instructions: (pc=0x000000005f18c044)
0x000000005f18c024:   66 66 66 66 0f 1f 84 00 00 00 00 00 66 66 66 90
0x000000005f18c034:   66 66 90 49 81 f9 00 20 00 00 73 42 48 8b 04 0a
0x000000005f18c044:   4c 8b 54 0a 08 48 83 c1 20 48 89 41 e0 4c 89 51
0x000000005f18c054:   e8 48 8b 44 0a f0 4c 8b 54 0a f8 49 ff c9 48 89 


Register to memory mapping:

RAX=0x954eb6954eb6944d is an unknown value
RBX=0x0000000017c63820 is an unknown value
RCX=0x0000000017c64348 is an unknown value
RDX=0x0000000003dd8cad is an unknown value
RSP=0x000000001c03e9b8 is pointing into the stack for thread: 0x0000000014119000
RBP=0x000000001c03eac0 is pointing into the stack for thread: 0x0000000014119000
RSI=0x0000000000000003 is an unknown value
RDI=0x00000000140b4210 is an unknown value
R8 =0x000000000000167b is an unknown value
R9 =0x000000000000005a is an unknown value
R10=0xb6944db6944eb795 is an unknown value
R11=0x0000000017c63823 is an unknown value
R12=0x00000000150ec020 is an unknown value
R13=0x0000000000000003 is an unknown value
R14=0x000000001ba3c4d0 is an unknown value
R15=0x0000000000001680 is an unknown value


Stack: [0x000000001bf40000,0x000000001c040000],  sp=0x000000001c03e9b8,  free space=1018k
Native frames: (J=compiled Java code, j=interpreted, Vv=VM code, C=native code)
C  [msvcr100.dll+0x3c044]  memcpy+0xb4
C  0x00000000119e4fa8

Java frames: (J=compiled Java code, j=interpreted, Vv=VM code)
j  com.googlecode.javacv.cpp.opencv_imgproc.cvSmooth(Lcom/googlecode/javacv/cpp/opencv_core$CvArr;Lcom/googlecode/javacv/cpp/opencv_core$CvArr;IIIDD)V+0
j  com.googlecode.javacv.cpp.opencv_imgproc.cvSmooth(Lcom/googlecode/javacv/cpp/opencv_core$CvArr;Lcom/googlecode/javacv/cpp/opencv_core$CvArr;II)V+7
j  emcscanner.kth.se.CameraPanel$1.run()V+64
v  ~StubRoutines::call_stub

---------------  P R O C E S S  ---------------

Java Threads: ( => current thread )
  0x0000000015566000 JavaThread "Thread-2" [_thread_in_native, id=5460, stack(0x0000000018890000,0x0000000018990000)]
  0x0000000015565000 JavaThread "Thread-0" daemon [_thread_in_native, id=4712, stack(0x0000000018790000,0x0000000018890000)]
  0x000000001556b000 JavaThread "ICEpdf-pagePainter" daemon [_thread_blocked, id=3996, stack(0x000000002a060000,0x000000002a160000)]
  0x000000001556a800 JavaThread "ICEpdf-pageInitializer" daemon [_thread_blocked, id=3860, stack(0x0000000029e30000,0x0000000029f30000)]
  0x0000000015568000 JavaThread "DestroyJavaVM" [_thread_blocked, id=5520, stack(0x0000000002cd0000,0x0000000002dd0000)]
  0x00000000141a0800 JavaThread "TimerQueue" daemon [_thread_blocked, id=4192, stack(0x00000000261f0000,0x00000000262f0000)]
  0x00000000150f4000 JavaThread "threadDisplayDensity" daemon [_thread_blocked, id=4040, stack(0x00000000224d0000,0x00000000225d0000)]
  0x00000000150f0800 JavaThread "AWT-EventQueue-0" [_thread_blocked, id=4864, stack(0x00000000208f0000,0x00000000209f0000)]
  0x0000000015006800 JavaThread "threadDisplay" daemon [_thread_blocked, id=4876, stack(0x00000000207f0000,0x00000000208f0000)]
  0x00000000150ed000 JavaThread "threadDisplay" daemon [_thread_in_Java, id=4880, stack(0x000000001e680000,0x000000001e780000)]
  0x0000000015355800 JavaThread "AWT-Shutdown" [_thread_blocked, id=5048, stack(0x000000001c040000,0x000000001c140000)]
=>0x0000000014119000 JavaThread "threadDisplayCamera" daemon [_thread_in_native, id=6556, stack(0x000000001bf40000,0x000000001c040000)]
  0x000000001411a800 JavaThread "Image Fetcher 0" daemon [_thread_blocked, id=4728, stack(0x0000000014d00000,0x0000000014e00000)]
  0x000000001411a000 JavaThread "AWT-Windows" daemon [_thread_in_native, id=1192, stack(0x0000000014a00000,0x0000000014b00000)]
  0x0000000014114800 JavaThread "Java2D Disposer" daemon [_thread_blocked, id=1848, stack(0x0000000014800000,0x0000000014900000)]
  0x00000000119f7800 JavaThread "Service Thread" daemon [_thread_blocked, id=1560, stack(0x0000000013e00000,0x0000000013f00000)]
  0x00000000119ec000 JavaThread "C2 CompilerThread1" daemon [_thread_blocked, id=4896, stack(0x0000000013d00000,0x0000000013e00000)]
  0x00000000119e9800 JavaThread "C2 CompilerThread0" daemon [_thread_blocked, id=5124, stack(0x0000000013c00000,0x0000000013d00000)]
  0x00000000119e9000 JavaThread "Attach Listener" daemon [_thread_blocked, id=5280, stack(0x0000000013b00000,0x0000000013c00000)]
  0x00000000119dc000 JavaThread "Signal Dispatcher" daemon [_thread_blocked, id=7632, stack(0x0000000013a00000,0x0000000013b00000)]
  0x0000000011980000 JavaThread "Finalizer" daemon [_thread_blocked, id=3692, stack(0x0000000013900000,0x0000000013a00000)]
  0x0000000011978800 JavaThread "Reference Handler" daemon [_thread_blocked, id=7048, stack(0x0000000013800000,0x0000000013900000)]

Other Threads:
  0x0000000011973800 VMThread [stack: 0x0000000013700000,0x0000000013800000] [id=6324]
  0x0000000011a0c800 WatcherThread [stack: 0x0000000013f00000,0x0000000014000000] [id=1936]

VM state:not at safepoint (normal execution)

VM Mutex/Monitor currently owned by a thread: None

Heap
 PSYoungGen      total 289472K, used 254931K [0x00000007aacb0000, 0x00000007ce190000, 0x0000000800000000)
  eden space 261888K, 88% used [0x00000007aacb0000,0x00000007b8e03350,0x00000007bac70000)
  from space 27584K, 87% used [0x00000007bac70000,0x00000007bc411ae0,0x00000007bc760000)
  to   space 27328K, 0% used [0x00000007cc6e0000,0x00000007cc6e0000,0x00000007ce190000)
 ParOldGen       total 174528K, used 85191K [0x0000000700600000, 0x000000070b070000, 0x00000007aacb0000)
  object space 174528K, 48% used [0x0000000700600000,0x0000000705931d50,0x000000070b070000)
 PSPermGen       total 21248K, used 17991K [0x00000006fb400000, 0x00000006fc8c0000, 0x0000000700600000)
  object space 21248K, 84% used [0x00000006fb400000,0x00000006fc591f38,0x00000006fc8c0000)

Card table byte_map: [0x0000000005f90000,0x00000000067c0000] byte_map_base: 0x00000000027b6000

Polling page: 0x0000000001380000

Code Cache  [0x0000000002ed0000, 0x0000000003140000, 0x0000000005ed0000)
 total_blobs=837 nmethods=256 adapters=532 free_code_cache=47816Kb largest_free_block=48916352

Compilation events (10 events):
Event: 4.838 Thread 0x00000000119ec000  257             java.util.concurrent.locks.AbstractQueuedSynchronizer::setState (6 bytes)
Event: 4.838 Thread 0x00000000119ec000 nmethod 257 0x0000000002f4f810 code [0x0000000002f4f940, 0x0000000002f4f9b8]
Event: 4.913 Thread 0x00000000119e9800  258             java.util.concurrent.locks.AbstractQueuedSynchronizer::compareAndSetState (13 bytes)
Event: 4.913 Thread 0x00000000119e9800 nmethod 258 0x0000000002f4f610 code [0x0000000002f4f740, 0x0000000002f4f7b8]
Event: 4.931 Thread 0x00000000119ec000  259             java.util.concurrent.locks.AbstractQueuedSynchronizer::release (33 bytes)
Event: 4.931 Thread 0x00000000119e9800  260             java.util.concurrent.locks.ReentrantLock$Sync::tryRelease (45 bytes)
Event: 4.931 Thread 0x00000000119e9800 nmethod 260 0x0000000002f4f390 code [0x0000000002f4f4c0, 0x0000000002f4f578]
Event: 4.933 Thread 0x00000000119ec000 nmethod 259 0x0000000002f4eed0 code [0x0000000002f4f020, 0x0000000002f4f228]
Event: 5.275 Thread 0x00000000119e9800  261             java.util.concurrent.locks.ReentrantLock::unlock (10 bytes)
Event: 5.277 Thread 0x00000000119e9800 nmethod 261 0x00000000030021d0 code [0x0000000003002320, 0x00000000030024c8]

GC Heap History (10 events):
Event: 3.106 GC heap before
{Heap before GC invocations=3 (full 0):
 PSYoungGen      total 76352K, used 70372K [0x00000007aacb0000, 0x00000007b41d0000, 0x0000000800000000)
  eden space 65472K, 90% used [0x00000007aacb0000,0x00000007ae6ce1c8,0x00000007aeca0000)
  from space 10880K, 99% used [0x00000007af740000,0x00000007b01dafe0,0x00000007b01e0000)
  to   space 10880K, 0% used [0x00000007aeca0000,0x00000007aeca0000,0x00000007af740000)
 ParOldGen       total 174528K, used 25392K [0x0000000700600000, 0x000000070b070000, 0x00000007aacb0000)
  object space 174528K, 14% used [0x0000000700600000,0x0000000701ecc338,0x000000070b070000)
 PSPermGen       total 21248K, used 16527K [0x00000006fb400000, 0x00000006fc8c0000, 0x0000000700600000)
  object space 21248K, 77% used [0x00000006fb400000,0x00000006fc423fa0,0x00000006fc8c0000)
Event: 3.112 GC heap after
Heap after GC invocations=3 (full 0):
 PSYoungGen      total 76352K, used 10875K [0x00000007aacb0000, 0x00000007b41d0000, 0x0000000800000000)
  eden space 65472K, 0% used [0x00000007aacb0000,0x00000007aacb0000,0x00000007aeca0000)
  from space 10880K, 99% used [0x00000007aeca0000,0x00000007af73efd0,0x00000007af740000)
  to   space 10880K, 0% used [0x00000007b3730000,0x00000007b3730000,0x00000007b41d0000)
 ParOldGen       total 174528K, used 37881K [0x0000000700600000, 0x000000070b070000, 0x00000007aacb0000)
  object space 174528K, 21% used [0x0000000700600000,0x0000000702afe468,0x000000070b070000)
 PSPermGen       total 21248K, used 16527K [0x00000006fb400000, 0x00000006fc8c0000, 0x0000000700600000)
  object space 21248K, 77% used [0x00000006fb400000,0x00000006fc423fa0,0x00000006fc8c0000)
}
Event: 3.296 GC heap before
{Heap before GC invocations=4 (full 0):
 PSYoungGen      total 76352K, used 71723K [0x00000007aacb0000, 0x00000007b41d0000, 0x0000000800000000)
  eden space 65472K, 92% used [0x00000007aacb0000,0x00000007ae81c008,0x00000007aeca0000)
  from space 10880K, 99% used [0x00000007aeca0000,0x00000007af73efd0,0x00000007af740000)
  to   space 10880K, 0% used [0x00000007b3730000,0x00000007b3730000,0x00000007b41d0000)
 ParOldGen       total 174528K, used 37881K [0x0000000700600000, 0x000000070b070000, 0x00000007aacb0000)
  object space 174528K, 21% used [0x0000000700600000,0x0000000702afe468,0x000000070b070000)
 PSPermGen       total 21248K, used 16552K [0x00000006fb400000, 0x00000006fc8c0000, 0x0000000700600000)
  object space 21248K, 77% used [0x00000006fb400000,0x00000006fc42a1f8,0x00000006fc8c0000)
Event: 3.303 GC heap after
Heap after GC invocations=4 (full 0):
 PSYoungGen      total 141824K, used 10859K [0x00000007aacb0000, 0x00000007b41d0000, 0x0000000800000000)
  eden space 130944K, 0% used [0x00000007aacb0000,0x00000007aacb0000,0x00000007b2c90000)
  from space 10880K, 99% used [0x00000007b3730000,0x00000007b41cafe0,0x00000007b41d0000)
  to   space 10880K, 0% used [0x00000007b2c90000,0x00000007b2c90000,0x00000007b3730000)
 ParOldGen       total 174528K, used 50783K [0x0000000700600000, 0x000000070b070000, 0x00000007aacb0000)
  object space 174528K, 29% used [0x0000000700600000,0x0000000703797c88,0x000000070b070000)
 PSPermGen       total 21248K, used 16552K [0x00000006fb400000, 0x00000006fc8c0000, 0x0000000700600000)
  object space 21248K, 77% used [0x00000006fb400000,0x00000006fc42a1f8,0x00000006fc8c0000)
}
Event: 3.733 GC heap before
{Heap before GC invocations=5 (full 0):
 PSYoungGen      total 141824K, used 140125K [0x00000007aacb0000, 0x00000007b41d0000, 0x0000000800000000)
  eden space 130944K, 98% used [0x00000007aacb0000,0x00000007b2aec7c0,0x00000007b2c90000)
  from space 10880K, 99% used [0x00000007b3730000,0x00000007b41cafe0,0x00000007b41d0000)
  to   space 10880K, 0% used [0x00000007b2c90000,0x00000007b2c90000,0x00000007b3730000)
 ParOldGen       total 174528K, used 50783K [0x0000000700600000, 0x000000070b070000, 0x00000007aacb0000)
  object space 174528K, 29% used [0x0000000700600000,0x0000000703797c88,0x000000070b070000)
 PSPermGen       total 21248K, used 16765K [0x00000006fb400000, 0x00000006fc8c0000, 0x0000000700600000)
  object space 21248K, 78% used [0x00000006fb400000,0x00000006fc45f7d8,0x00000006fc8c0000)
Event: 3.746 GC heap after
Heap after GC invocations=5 (full 0):
 PSYoungGen      total 141824K, used 10873K [0x00000007aacb0000, 0x00000007be350000, 0x0000000800000000)
  eden space 130944K, 0% used [0x00000007aacb0000,0x00000007aacb0000,0x00000007b2c90000)
  from space 10880K, 99% used [0x00000007b2c90000,0x00000007b372e610,0x00000007b3730000)
  to   space 28096K, 0% used [0x00000007bc7e0000,0x00000007bc7e0000,0x00000007be350000)
 ParOldGen       total 174528K, used 69765K [0x0000000700600000, 0x000000070b070000, 0x00000007aacb0000)
  object space 174528K, 39% used [0x0000000700600000,0x0000000704a216c8,0x000000070b070000)
 PSPermGen       total 21248K, used 16765K [0x00000006fb400000, 0x00000006fc8c0000, 0x0000000700600000)
  object space 21248K, 78% used [0x00000006fb400000,0x00000006fc45f7d8,0x00000006fc8c0000)
}
Event: 4.161 GC heap before
{Heap before GC invocations=6 (full 0):
 PSYoungGen      total 141824K, used 138319K [0x00000007aacb0000, 0x00000007be350000, 0x0000000800000000)
  eden space 130944K, 97% used [0x00000007aacb0000,0x00000007b29256a8,0x00000007b2c90000)
  from space 10880K, 99% used [0x00000007b2c90000,0x00000007b372e610,0x00000007b3730000)
  to   space 28096K, 0% used [0x00000007bc7e0000,0x00000007bc7e0000,0x00000007be350000)
 ParOldGen       total 174528K, used 69765K [0x0000000700600000, 0x000000070b070000, 0x00000007aacb0000)
  object space 174528K, 39% used [0x0000000700600000,0x0000000704a216c8,0x000000070b070000)
 PSPermGen       total 21248K, used 17743K [0x00000006fb400000, 0x00000006fc8c0000, 0x0000000700600000)
  object space 21248K, 83% used [0x00000006fb400000,0x00000006fc553c60,0x00000006fc8c0000)
Event: 4.171 GC heap after
Heap after GC invocations=6 (full 0):
 PSYoungGen      total 288960K, used 24708K [0x00000007aacb0000, 0x00000007be250000, 0x0000000800000000)
  eden space 261888K, 0% used [0x00000007aacb0000,0x00000007aacb0000,0x00000007bac70000)
  from space 27072K, 91% used [0x00000007bc7e0000,0x00000007be0011b0,0x00000007be250000)
  to   space 27584K, 0% used [0x00000007bac70000,0x00000007bac70000,0x00000007bc760000)
 ParOldGen       total 174528K, used 75848K [0x0000000700600000, 0x000000070b070000, 0x00000007aacb0000)
  object space 174528K, 43% used [0x0000000700600000,0x00000007050122d8,0x000000070b070000)
 PSPermGen       total 21248K, used 17743K [0x00000006fb400000, 0x00000006fc8c0000, 0x0000000700600000)
  object space 21248K, 83% used [0x00000006fb400000,0x00000006fc553c60,0x00000006fc8c0000)
}
Event: 5.057 GC heap before
{Heap before GC invocations=7 (full 0):
 PSYoungGen      total 288960K, used 286232K [0x00000007aacb0000, 0x00000007be250000, 0x0000000800000000)
  eden space 261888K, 99% used [0x00000007aacb0000,0x00000007bac14fd8,0x00000007bac70000)
  from space 27072K, 91% used [0x00000007bc7e0000,0x00000007be0011b0,0x00000007be250000)
  to   space 27584K, 0% used [0x00000007bac70000,0x00000007bac70000,0x00000007bc760000)
 ParOldGen       total 174528K, used 75848K [0x0000000700600000, 0x000000070b070000, 0x00000007aacb0000)
  object space 174528K, 43% used [0x0000000700600000,0x00000007050122d8,0x000000070b070000)
 PSPermGen       total 21248K, used 17941K [0x00000006fb400000, 0x00000006fc8c0000, 0x0000000700600000)
  object space 21248K, 84% used [0x00000006fb400000,0x00000006fc585458,0x00000006fc8c0000)
Event: 5.074 GC heap after
Heap after GC invocations=7 (full 0):
 PSYoungGen      total 289472K, used 24198K [0x00000007aacb0000, 0x00000007ce190000, 0x0000000800000000)
  eden space 261888K, 0% used [0x00000007aacb0000,0x00000007aacb0000,0x00000007bac70000)
  from space 27584K, 87% used [0x00000007bac70000,0x00000007bc411ae0,0x00000007bc760000)
  to   space 27328K, 0% used [0x00000007cc6e0000,0x00000007cc6e0000,0x00000007ce190000)
 ParOldGen       total 174528K, used 85191K [0x0000000700600000, 0x000000070b070000, 0x00000007aacb0000)
  object space 174528K, 48% used [0x0000000700600000,0x0000000705931d50,0x000000070b070000)
 PSPermGen       total 21248K, used 17941K [0x00000006fb400000, 0x00000006fc8c0000, 0x0000000700600000)
  object space 21248K, 84% used [0x00000006fb400000,0x00000006fc585458,0x00000006fc8c0000)
}

Deoptimization events (10 events):
Event: 2.839 Thread 0x0000000002b9e000 Uncommon trap -83 fr.pc 0x0000000002f846b8
Event: 2.840 Thread 0x0000000002b9e000 Uncommon trap -83 fr.pc 0x0000000002f7c33c
Event: 3.343 Thread 0x00000000150f0800 Uncommon trap 43 fr.pc 0x0000000002f99dd4
Event: 3.850 Thread 0x00000000150f0800 Uncommon trap -83 fr.pc 0x0000000002f9b9e4
Event: 3.907 Thread 0x000000001556a800 Uncommon trap -83 fr.pc 0x0000000002fa0834
Event: 3.957 Thread 0x000000001556a800 Uncommon trap -83 fr.pc 0x0000000002fa0484
Event: 3.976 Thread 0x000000001556a800 Uncommon trap -83 fr.pc 0x0000000002f71968
Event: 4.040 Thread 0x000000001556a800 Uncommon trap -83 fr.pc 0x0000000002f4f3bc
Event: 4.071 Thread 0x000000001556a800 Uncommon trap -83 fr.pc 0x0000000002fc12d8
Event: 4.302 Thread 0x000000001556b000 Uncommon trap -83 fr.pc 0x0000000002ffec3c

Internal exceptions (10 events):
Event: 4.082 Thread 0x000000001556a800 Threw 0x00000007b1507a68 at C:\jdk7u1_64p\jdk7u7\hotspot\src\share\vm\prims\jvm.cpp:1166
Event: 4.120 Thread 0x000000001556a800 Threw 0x00000007b1c2d768 at C:\jdk7u1_64p\jdk7u7\hotspot\src\share\vm\prims\jvm.cpp:1166
Event: 4.120 Thread 0x000000001556a800 Threw 0x00000007b1c30688 at C:\jdk7u1_64p\jdk7u7\hotspot\src\share\vm\prims\jvm.cpp:1166
Event: 4.124 Thread 0x000000001556a800 Threw 0x00000007b1c40af0 at C:\jdk7u1_64p\jdk7u7\hotspot\src\share\vm\prims\jvm.cpp:1166
Event: 4.124 Thread 0x000000001556a800 Threw 0x00000007b1c43a10 at C:\jdk7u1_64p\jdk7u7\hotspot\src\share\vm\prims\jvm.cpp:1166
Event: 4.127 Thread 0x000000001556a800 Threw 0x00000007b1c46bc0 at C:\jdk7u1_64p\jdk7u7\hotspot\src\share\vm\prims\jvm.cpp:1166
Event: 4.127 Thread 0x000000001556a800 Threw 0x00000007b1c49ae0 at C:\jdk7u1_64p\jdk7u7\hotspot\src\share\vm\prims\jvm.cpp:1166
Event: 4.280 Thread 0x000000001556b000 Threw 0x00000007ad6dcdf0 at C:\jdk7u1_64p\jdk7u7\hotspot\src\share\vm\prims\jvm.cpp:1166
Event: 4.286 Thread 0x000000001556b000 Threw 0x00000007ad6ed680 at C:\jdk7u1_64p\jdk7u7\hotspot\src\share\vm\prims\jvm.cpp:1166
Event: 4.489 Thread 0x000000001556b000 Threw 0x00000007b14d2c70 at C:\jdk7u1_64p\jdk7u7\hotspot\src\share\vm\prims\jvm.cpp:1166

Events (10 events):
Event: 5.135 loading class 0x00000000141315a0
Event: 5.135 loading class 0x00000000141315a0 done
Event: 5.136 loading class 0x000000001538b5d0
Event: 5.136 loading class 0x000000001538b5d0 done
Event: 5.136 loading class 0x00000000150841f0
Event: 5.136 loading class 0x0000000017712ad0
Event: 5.136 loading class 0x0000000017712ad0 done
Event: 5.136 loading class 0x00000000150841f0 done
Event: 5.136 loading class 0x00000000141314a0
Event: 5.136 loading class 0x00000000141314a0 done


Dynamic libraries:
0x000007f798e80000 - 0x000007f798eb4000 	F:\Program Files\Java\Jre7\bin\javaw.exe
0x000007ffd0010000 - 0x000007ffd01ce000 	C:\WINDOWS\SYSTEM32\ntdll.dll
0x000007ffcd650000 - 0x000007ffcd786000 	C:\WINDOWS\system32\KERNEL32.DLL
0x000007ffcd360000 - 0x000007ffcd453000 	C:\WINDOWS\system32\KERNELBASE.dll
0x000007ffcdad0000 - 0x000007ffcdbae000 	C:\WINDOWS\system32\ADVAPI32.dll
0x000007ffcf8a0000 - 0x000007ffcf9ec000 	C:\WINDOWS\system32\USER32.dll
0x000007ffca740000 - 0x000007ffca9a9000 	C:\WINDOWS\WinSxS\amd64_microsoft.windows.common-controls_6595b64144ccf1df_6.0.9200.16384_none_418c2a697189c07f\COMCTL32.dll
0x000007ffcd940000 - 0x000007ffcd9e5000 	C:\WINDOWS\system32\msvcrt.dll
0x000007ffcd460000 - 0x000007ffcd4a8000 	C:\WINDOWS\SYSTEM32\sechost.dll
0x000007ffcf760000 - 0x000007ffcf8a0000 	C:\WINDOWS\system32\RPCRT4.dll
0x000007ffcdec0000 - 0x000007ffce000000 	C:\WINDOWS\system32\GDI32.dll
0x000007ffcda90000 - 0x000007ffcdac9000 	C:\WINDOWS\system32\IMM32.DLL
0x000007ffcf9f0000 - 0x000007ffcfb05000 	C:\WINDOWS\system32\MSCTF.dll
0x000007ffccf00000 - 0x000007ffccf08000 	C:\PROGRA~2\NVIDIA~1\3DVISI~1\NVSTIN~1.DLL
0x000007ffcda80000 - 0x000007ffcda87000 	C:\WINDOWS\system32\PSAPI.DLL
0x0000000061700000 - 0x00000000617a3000 	C:\WINDOWS\WinSxS\amd64_microsoft.vc90.crt_1fc8b3b9a1e18e3b_9.0.30729.6871_none_08e717a5a83adddf\MSVCR90.dll
0x000000005f150000 - 0x000000005f221000 	F:\Program Files\Java\Jre7\bin\msvcr100.dll
0x000000005ea30000 - 0x000000005f14f000 	F:\Program Files\Java\Jre7\bin\server\jvm.dll
0x000007ffc53f0000 - 0x000007ffc53f9000 	C:\WINDOWS\SYSTEM32\WSOCK32.dll
0x000007ffca070000 - 0x000007ffca090000 	C:\WINDOWS\SYSTEM32\WINMM.dll
0x000007ffcffb0000 - 0x000007ffd0008000 	C:\WINDOWS\system32\WS2_32.dll
0x000007ffc9f70000 - 0x000007ffc9fa2000 	C:\WINDOWS\SYSTEM32\WINMMBASE.dll
0x000007ffcfb10000 - 0x000007ffcfb19000 	C:\WINDOWS\system32\NSI.dll
0x000000005ea20000 - 0x000000005ea2f000 	F:\Program Files\Java\Jre7\bin\verify.dll
0x000000005e9f0000 - 0x000000005ea18000 	F:\Program Files\Java\Jre7\bin\java.dll
0x000000005e9d0000 - 0x000000005e9e5000 	F:\Program Files\Java\Jre7\bin\zip.dll
0x000000005e7c0000 - 0x000000005e953000 	F:\Program Files\Java\Jre7\bin\awt.dll
0x000007ffcdbb0000 - 0x000007ffcdc73000 	C:\WINDOWS\system32\OLEAUT32.dll
0x000007ffcd790000 - 0x000007ffcd940000 	C:\WINDOWS\system32\combase.dll
0x000007ffc7130000 - 0x000007ffc71cf000 	C:\WINDOWS\system32\apphelp.dll
0x000007ffcbd00000 - 0x000007ffcbde3000 	C:\WINDOWS\system32\uxtheme.dll
0x000007ffc71e0000 - 0x000007ffc7275000 	C:\Program Files\Common Files\microsoft shared\ink\tiptsf.dll
0x000007ffcae20000 - 0x000007ffcae41000 	C:\WINDOWS\SYSTEM32\dwmapi.dll
0x000007ffce000000 - 0x000007ffce17e000 	C:\WINDOWS\system32\ole32.dll
0x000007ffccd70000 - 0x000007ffccd7a000 	C:\WINDOWS\SYSTEM32\CRYPTBASE.dll
0x000007ffcccf0000 - 0x000007ffccd4c000 	C:\WINDOWS\SYSTEM32\bcryptPrimitives.dll
0x000007ffce470000 - 0x000007ffcf758000 	C:\WINDOWS\system32\SHELL32.dll
0x000007ffcff60000 - 0x000007ffcffb0000 	C:\WINDOWS\system32\SHLWAPI.dll
0x000007ffcc0d0000 - 0x000007ffcc166000 	C:\WINDOWS\SYSTEM32\shcore.dll
0x00000000605d0000 - 0x0000000060668000 	C:\Windows\System32\msvcp100.dll
0x000007ffc4220000 - 0x000007ffc4478000 	C:\opencv\build\x64\vc10\bin\opencv_core243.dll
0x000007ffc45f0000 - 0x000007ffc4685000 	C:\Users\Jonas\AppData\Local\Temp\javacpp35996613806334\jniopencv_core.dll
0x000007ffc3f70000 - 0x000007ffc4215000 	C:\opencv\build\x64\vc10\bin\opencv_imgproc243.dll
0x000007ffc45a0000 - 0x000007ffc45e8000 	C:\Users\Jonas\AppData\Local\Temp\javacpp35996613806334\jniopencv_imgproc.dll
0x0000000066840000 - 0x00000000675ca000 	C:\opencv\build\x64\vc10\bin\opencv_ffmpeg243_64.dll
0x000007ffb3e90000 - 0x000007ffb40db000 	C:\opencv\build\x64\vc10\bin\opencv_highgui243.dll
0x000007ffc9d70000 - 0x000007ffc9d90000 	C:\WINDOWS\SYSTEM32\AVIFIL32.dll
0x000007ffc69e0000 - 0x000007ffc6a09000 	C:\WINDOWS\SYSTEM32\MSVFW32.dll
0x000007ffc6a10000 - 0x000007ffc6a27000 	C:\WINDOWS\SYSTEM32\AVICAP32.dll
0x000007ffba340000 - 0x000007ffba359000 	C:\WINDOWS\SYSTEM32\MSACM32.dll
0x000007ffcacb0000 - 0x000007ffcacb9000 	C:\WINDOWS\SYSTEM32\VERSION.dll
0x000007ffc6800000 - 0x000007ffc6813000 	C:\Users\Jonas\AppData\Local\Temp\javacpp35996613806334\jniopencv_highgui.dll
0x000007ffce1b0000 - 0x000007ffce246000 	C:\WINDOWS\SYSTEM32\clbcatq.dll
0x000007ffc4580000 - 0x000007ffc4597000 	C:\Windows\System32\devenum.dll
0x000007ffcdc80000 - 0x000007ffcde50000 	C:\WINDOWS\system32\setupapi.dll
0x000007ffcd020000 - 0x000007ffcd06f000 	C:\WINDOWS\system32\CFGMGR32.dll
0x000007ffccff0000 - 0x000007ffcd012000 	C:\WINDOWS\system32\DEVOBJ.dll
0x000007ffc5fd0000 - 0x000007ffc5ffe000 	C:\WINDOWS\SYSTEM32\ntmarta.dll
0x000007ffcd070000 - 0x000007ffcd0c5000 	C:\WINDOWS\system32\WINTRUST.dll
0x000007ffcd0d0000 - 0x000007ffcd2a7000 	C:\WINDOWS\system32\CRYPT32.dll
0x000007ffccfd0000 - 0x000007ffccfe6000 	C:\WINDOWS\system32\MSASN1.dll
0x000007ffc92d0000 - 0x000007ffc92dd000 	C:\WINDOWS\SYSTEM32\msdmo.dll
0x000007ffc4550000 - 0x000007ffc457f000 	C:\Windows\System32\qcap.dll
0x000007ffb3cd0000 - 0x000007ffb3e88000 	C:\Windows\System32\quartz.dll
0x000007ffc4510000 - 0x000007ffc454f000 	C:\Windows\System32\ksproxy.ax
0x000007ffba390000 - 0x000007ffba397000 	C:\Windows\System32\ksuser.dll
0x000007ffbbc60000 - 0x000007ffbbe60000 	C:\Windows\System32\d3d9.dll
0x000007ffc7800000 - 0x000007ffc780c000 	C:\Windows\System32\vidcap.ax
0x000007ffc44e0000 - 0x000007ffc4504000 	C:\Windows\System32\kswdmcap.ax
0x000007ffc3e10000 - 0x000007ffc3f64000 	C:\Windows\System32\MFC42.dll
0x000007ffbc450000 - 0x000007ffbc50e000 	C:\Windows\System32\ODBC32.dll
0x000007ffb9c70000 - 0x000007ffb9d05000 	C:\Windows\System32\qedit.dll
0x000007ffcfeb0000 - 0x000007ffcff51000 	C:\WINDOWS\system32\COMDLG32.dll
0x000007ffcd4b0000 - 0x000007ffcd650000 	C:\WINDOWS\WinSxS\amd64_microsoft.windows.gdiplus_6595b64144ccf1df_1.1.9200.16384_none_72771d4ecc1c3a4d\gdiplus.dll
0x000007ffb38f0000 - 0x000007ffb39da000 	C:\WINDOWS\SYSTEM32\DDRAW.dll
0x000007ffc7970000 - 0x000007ffc7978000 	C:\WINDOWS\SYSTEM32\DCIMAN32.dll
0x000000005e780000 - 0x000000005e7b4000 	F:\Program Files\Java\Jre7\bin\fontmanager.dll
0x000007ffb4b50000 - 0x000007ffb5cd0000 	C:\WINDOWS\SYSTEM32\nvd3dumx.dll
0x000007ffccdf0000 - 0x000007ffcce33000 	C:\WINDOWS\SYSTEM32\powrprof.dll
0x0000000180000000 - 0x0000000180116000 	C:\Program Files (x86)\NVIDIA Corporation\3D Vision\nvSCPAPI64.dll
0x000007ffca330000 - 0x000007ffca3a4000 	C:\WINDOWS\SYSTEM32\dxgi.dll
0x000007ffc9a40000 - 0x000007ffc9d02000 	C:\WINDOWS\SYSTEM32\nvapi64.dll
0x000007ffc9f50000 - 0x000007ffc9f6f000 	C:\WINDOWS\SYSTEM32\DXGIDebug.dll
0x000000005e9b0000 - 0x000000005e9c9000 	F:\Program Files\Java\Jre7\bin\net.dll
0x000007ffcc760000 - 0x000007ffcc7bc000 	C:\WINDOWS\system32\mswsock.dll
0x000000005e990000 - 0x000000005e9a1000 	F:\Program Files\Java\Jre7\bin\nio.dll
0x000000005e730000 - 0x000000005e771000 	F:\Program Files\Java\Jre7\bin\t2k.dll
0x000007ffca9b0000 - 0x000007ffcab3a000 	C:\WINDOWS\SYSTEM32\WindowsCodecs.dll
0x000007ffccf20000 - 0x000007ffccf35000 	C:\WINDOWS\SYSTEM32\profapi.dll
0x000007ffc8ca0000 - 0x000007ffc8d09000 	C:\WINDOWS\SYSTEM32\oleacc.dll
0x000000005e700000 - 0x000000005e72a000 	F:\Program Files\Java\Jre7\bin\dcpr.dll
0x000007ffb60d0000 - 0x000007ffb6233000 	C:\WINDOWS\SYSTEM32\dbghelp.dll

VM Arguments:
jvm_args: -Dfile.encoding=Cp1252 
java_command: emcscanner.kth.se.Program
Launcher Type: SUN_STANDARD

Environment Variables:
PATH=C:\Program Files (x86)\NVIDIA Corporation\PhysX\Common;C:\WINDOWS\system32;C:\WINDOWS;C:\WINDOWS\System32\Wbem;C:\WINDOWS\System32\WindowsPowerShell\v1.0\;C:\Program Files (x86)\Microsoft SQL Server\90\Tools\binn\;C:\Program Files (x86)\Autodesk\Backburner\;F:\Program Files\MATLAB\R2012a\runtime\win64;F:\Program Files\MATLAB\R2012a\bin;C:\Program Files\Internet Explorer;C:\Program Files\Perforce;F:\Program Files\Perforce;C:\Program Files\Microsoft\Web Platform Installer\;C:\Program Files (x86)\Microsoft ASP.NET\ASP.NET Web Pages\v1.0\;C:\Program Files (x86)\Windows Kits\8.0\Windows Performance Toolkit\;C:\Program Files\Microsoft SQL Server\110\Tools\Binn\;F:\Program Files\Perforce\Server
USERNAME=Jonas
OS=Windows_NT
PROCESSOR_IDENTIFIER=Intel64 Family 6 Model 42 Stepping 7, GenuineIntel



---------------  S Y S T E M  ---------------

OS: Windows 8 , 64 bit Build 9200 

CPU:total 8 (4 cores per cpu, 2 threads per core) family 6 model 42 stepping 7, cmov, cx8, fxsr, mmx, sse, sse2, sse3, ssse3, sse4.1, sse4.2, popcnt, avx, ht, tsc, tscinvbit

Memory: 4k page, physical 16751668k(12000928k free), swap 33528884k(21277252k free)

vm_info: Java HotSpot(TM) 64-Bit Server VM (23.3-b01) for windows-amd64 JRE (1.7.0_07-b11), built on Sep  7 2012 01:19:25 by "java_re" with unknown MS VC++:1600

time: Tue Feb 05 02:41:48 2013
elapsed time: 5 seconds

