#
# A fatal error has been detected by the Java Runtime Environment:
#
#  EXCEPTION_ACCESS_VIOLATION (0xc0000005) at pc=0x000007fd0db38bc0, pid=7096, tid=4732
#
# JRE version: 7.0_07-b11
# Java VM: Java HotSpot(TM) 64-Bit Server VM (23.3-b01 mixed mode windows-amd64 compressed oops)
# Problematic frame:
# C  [ntdll.dll+0x18bc0]  RtlQueueWorkItem+0x8a0
#
# Failed to write core dump. Minidumps are not enabled by default on client versions of Windows
#
# If you would like to submit a bug report, please visit:
#   http://bugreport.sun.com/bugreport/crash.jsp
# The crash happened outside the Java Virtual Machine in native code.
# See problematic frame for where to report the bug.
#

---------------  T H R E A D  ---------------

Current thread (0x0000000013da7000):  JavaThread "threadDisplayCamera" daemon [_thread_in_native, id=4732, stack(0x0000000015200000,0x0000000015300000)]

siginfo: ExceptionCode=0xc0000005, writing address 0x0000000000000024

Registers:
RAX=0x0000000000000000, RBX=0x0000000014d2db08, RCX=0x00000000fffffffc, RDX=0x0000000000000334
RSP=0x00000000152ff100, RBP=0x0000000000000000, RSI=0x0000000000000334, RDI=0x0000000000000000
R8 =0xffffffffffffffff, R9 =0x0000000000000004, R10=0x0000000000000000, R11=0x0000000000000246
R12=0x0000000000000000, R13=0x0000000000000000, R14=0x000007f661a8e000, R15=0x0000000000000000
RIP=0x000007fd0db38bc0, EFLAGS=0x0000000000010213

Top of Stack: (sp=0x00000000152ff100)
0x00000000152ff100:   0000000000000334 000000001e140a94
0x00000000152ff110:   00000000152ff110 00000006fb73fe21
0x00000000152ff120:   00000000152ff170 00000006fb742350
0x00000000152ff130:   00000006fc5a8b50 00000006fb73fe38
0x00000000152ff140:   0000000000000000 00000000152ff168
0x00000000152ff150:   00000000152ff1b8 0000000002c36374
0x00000000152ff160:   000000005e9f2a4a 000007fd0ab010ea
0x00000000152ff170:   0000000000000000 00000000152ff178
0x00000000152ff180:   0000a613b239a40d 00000000152ff1f8
0x00000000152ff190:   0000000000000004 0000000000000001
0x00000000152ff1a0:   000000001b5e2050 00000000ff000000
0x00000000152ff1b0:   0000000000000000 0000000000000000
0x00000000152ff1c0:   000007f661a8e000 000007fd0db2f4d4
0x00000000152ff1d0:   0000000000000000 0000000000000000
0x00000000152ff1e0:   0000000014d2db08 000000070132eea8
0x00000000152ff1f0:   0000000000000000 0000000013da71d8 

Instructions: (pc=0x000007fd0db38bc0)
0x000007fd0db38ba0:   43 08 a8 01 0f 85 bd 67 ff ff 8b c8 2b cd f0 0f
0x000007fd0db38bb0:   b1 4b 08 75 ea 48 8b 03 33 ed 48 83 f8 ff 74 03
0x000007fd0db38bc0:   ff 40 24 41 bf 82 03 fe 7f 41 80 3f 00 0f 85 69
0x000007fd0db38bd0:   7a 0e 00 48 83 fe ff 0f 84 bf 7a 0e 00 4c 8b c7 


Register to memory mapping:

RAX=0x0000000000000000 is an unknown value
RBX=0x0000000014d2db08 is an unknown value
RCX=0x00000000fffffffc is an unknown value
RDX=0x0000000000000334 is an unknown value
RSP=0x00000000152ff100 is pointing into the stack for thread: 0x0000000013da7000
RBP=0x0000000000000000 is an unknown value
RSI=0x0000000000000334 is an unknown value
RDI=0x0000000000000000 is an unknown value
R8 =0xffffffffffffffff is an unknown value
R9 =0x0000000000000004 is an unknown value
R10=0x0000000000000000 is an unknown value
R11=0x0000000000000246 is an unknown value
R12=0x0000000000000000 is an unknown value
R13=0x0000000000000000 is an unknown value
R14=0x000007f661a8e000 is an unknown value
R15=0x0000000000000000 is an unknown value


Stack: [0x0000000015200000,0x0000000015300000],  sp=0x00000000152ff100,  free space=1020k
Native frames: (J=compiled Java code, j=interpreted, Vv=VM code, C=native code)
C  [ntdll.dll+0x18bc0]  RtlQueueWorkItem+0x8a0

[error occurred during error reporting (printing native stack), id 0xc0000005]

Java frames: (J=compiled Java code, j=interpreted, Vv=VM code)
j  com.googlecode.javacv.cpp.opencv_highgui.cvRetrieveFrame(Lcom/googlecode/javacv/cpp/opencv_highgui$CvCapture;I)Lcom/googlecode/javacv/cpp/opencv_core$IplImage;+0
j  com.googlecode.javacv.cpp.opencv_highgui.cvRetrieveFrame(Lcom/googlecode/javacv/cpp/opencv_highgui$CvCapture;)Lcom/googlecode/javacv/cpp/opencv_core$IplImage;+2
j  com.googlecode.javacv.OpenCVFrameGrabber.grab()Lcom/googlecode/javacv/cpp/opencv_core$IplImage;+4
j  emcscanner.kth.se.CameraPanel$1.run()V+15
v  ~StubRoutines::call_stub

---------------  P R O C E S S  ---------------

Java Threads: ( => current thread )
  0x0000000022ce7000 JavaThread "Thread-0" daemon [_thread_in_native, id=1664, stack(0x0000000018630000,0x0000000018730000)]
  0x0000000022ce7800 JavaThread "Thread-2" [_thread_in_native, id=7332, stack(0x0000000018530000,0x0000000018630000)]
  0x0000000022ce5800 JavaThread "ICEpdf-pagePainter" daemon [_thread_blocked, id=6576, stack(0x0000000026070000,0x0000000026170000)]
  0x0000000017e4e800 JavaThread "ICEpdf-pageInitializer" daemon [_thread_blocked, id=5944, stack(0x0000000025e40000,0x0000000025f40000)]
  0x0000000002a2e000 JavaThread "DestroyJavaVM" [_thread_blocked, id=6788, stack(0x0000000002a30000,0x0000000002b30000)]
  0x0000000014ef5800 JavaThread "TimerQueue" daemon [_thread_blocked, id=5092, stack(0x00000000209d0000,0x0000000020ad0000)]
  0x0000000014fa7800 JavaThread "threadDisplayDensity" daemon [_thread_blocked, id=7884, stack(0x000000001cd90000,0x000000001ce90000)]
  0x0000000014c69800 JavaThread "AWT-EventQueue-0" [_thread_blocked, id=4832, stack(0x000000001cc90000,0x000000001cd90000)]
  0x0000000014c69000 JavaThread "threadDisplay" daemon [_thread_blocked, id=2160, stack(0x000000001cb90000,0x000000001cc90000)]
  0x000000001401b000 JavaThread "AWT-Shutdown" [_thread_blocked, id=3572, stack(0x0000000015300000,0x0000000015400000)]
=>0x0000000013da7000 JavaThread "threadDisplayCamera" daemon [_thread_in_native, id=4732, stack(0x0000000015200000,0x0000000015300000)]
  0x0000000013da7800 JavaThread "AWT-Windows" daemon [_thread_in_native, id=5512, stack(0x0000000014690000,0x0000000014790000)]
  0x0000000013da6000 JavaThread "Java2D Disposer" daemon [_thread_blocked, id=6236, stack(0x0000000014490000,0x0000000014590000)]
  0x000000001169a000 JavaThread "Service Thread" daemon [_thread_blocked, id=1596, stack(0x0000000013a90000,0x0000000013b90000)]
  0x000000001168c800 JavaThread "C2 CompilerThread1" daemon [_thread_blocked, id=8180, stack(0x0000000013990000,0x0000000013a90000)]
  0x0000000011689000 JavaThread "C2 CompilerThread0" daemon [_thread_blocked, id=6180, stack(0x0000000013890000,0x0000000013990000)]
  0x0000000011687800 JavaThread "Attach Listener" daemon [_thread_blocked, id=6520, stack(0x0000000013790000,0x0000000013890000)]
  0x000000001167b000 JavaThread "Signal Dispatcher" daemon [_thread_blocked, id=224, stack(0x0000000013690000,0x0000000013790000)]
  0x000000001161e800 JavaThread "Finalizer" daemon [_thread_blocked, id=6652, stack(0x0000000013590000,0x0000000013690000)]
  0x0000000011617000 JavaThread "Reference Handler" daemon [_thread_blocked, id=6548, stack(0x0000000013490000,0x0000000013590000)]

Other Threads:
  0x0000000011612000 VMThread [stack: 0x0000000013390000,0x0000000013490000] [id=1184]
  0x00000000116b6800 WatcherThread [stack: 0x0000000013b90000,0x0000000013c90000] [id=8128]

VM state:not at safepoint (normal execution)

VM Mutex/Monitor currently owned by a thread: None

Heap
 PSYoungGen      total 303232K, used 279794K [0x00000007aacb0000, 0x00000007c5460000, 0x0000000800000000)
  eden space 232640K, 100% used [0x00000007aacb0000,0x00000007b8fe0000,0x00000007b8fe0000)
  from space 70592K, 66% used [0x00000007b8fe0000,0x00000007bbdeca08,0x00000007bd4d0000)
  to   space 74176K, 0% used [0x00000007c0bf0000,0x00000007c0bf0000,0x00000007c5460000)
 ParOldGen       total 393280K, used 392818K [0x0000000700600000, 0x0000000718610000, 0x00000007aacb0000)
  object space 393280K, 99% used [0x0000000700600000,0x000000071859c908,0x0000000718610000)
 PSPermGen       total 35968K, used 18168K [0x00000006fb400000, 0x00000006fd720000, 0x0000000700600000)
  object space 35968K, 50% used [0x00000006fb400000,0x00000006fc5be3d8,0x00000006fd720000)

Card table byte_map: [0x0000000005c30000,0x0000000006460000] byte_map_base: 0x0000000002456000

Polling page: 0x0000000000fe0000

Code Cache  [0x0000000002c30000, 0x0000000002ea0000, 0x0000000005c30000)
 total_blobs=882 nmethods=292 adapters=541 free_code_cache=47824Kb largest_free_block=48881728

Compilation events (10 events):
Event: 13.061 Thread 0x000000001168c800  297             javax.swing.JComponent::setFlag (34 bytes)
Event: 13.062 Thread 0x000000001168c800 nmethod 297 0x0000000002d78a90 code [0x0000000002d78bc0, 0x0000000002d78c58]
Event: 13.960 Thread 0x0000000011689000  298             sun.java2d.SurfaceData::markDirty (8 bytes)
Event: 13.961 Thread 0x0000000011689000 nmethod 298 0x0000000002d85710 code [0x0000000002d85840, 0x0000000002d858b8]
Event: 14.100 Thread 0x000000001168c800  299             java.awt.image.Raster::getNumDataElements (8 bytes)
Event: 14.100 Thread 0x000000001168c800 nmethod 299 0x0000000002d85490 code [0x0000000002d855e0, 0x0000000002d85678]
Event: 14.393 Thread 0x0000000011689000  300             sun.java2d.pipe.Region::dimAdd (20 bytes)
Event: 14.393 Thread 0x0000000011689000 nmethod 300 0x0000000002d85290 code [0x0000000002d853c0, 0x0000000002d85418]
Event: 14.694 Thread 0x000000001168c800  301             sun.java2d.SunGraphics2D::invalidatePipe (41 bytes)
Event: 14.694 Thread 0x000000001168c800 nmethod 301 0x0000000002d85050 code [0x0000000002d85180, 0x0000000002d85218]

GC Heap History (10 events):
Event: 12.395 GC heap before
{Heap before GC invocations=16 (full 5):
 PSYoungGen      total 225984K, used 208263K [0x00000007aacb0000, 0x00000007beb10000, 0x0000000800000000)
  eden space 169344K, 100% used [0x00000007aacb0000,0x00000007b5210000,0x00000007b5210000)
  from space 56640K, 68% used [0x00000007b5210000,0x00000007b7811dc8,0x00000007b8960000)
  to   space 59776K, 0% used [0x00000007bb0b0000,0x00000007bb0b0000,0x00000007beb10000)
 ParOldGen       total 441088K, used 440359K [0x0000000700600000, 0x000000071b4c0000, 0x00000007aacb0000)
  object space 441088K, 99% used [0x0000000700600000,0x000000071b409d30,0x000000071b4c0000)
 PSPermGen       total 37632K, used 18117K [0x00000006fb400000, 0x00000006fd8c0000, 0x0000000700600000)
  object space 37632K, 48% used [0x00000006fb400000,0x00000006fc5b1488,0x00000006fd8c0000)
Event: 12.429 GC heap after
Heap after GC invocations=16 (full 5):
 PSYoungGen      total 225984K, used 0K [0x00000007aacb0000, 0x00000007beb10000, 0x0000000800000000)
  eden space 169344K, 0% used [0x00000007aacb0000,0x00000007aacb0000,0x00000007b5210000)
  from space 56640K, 0% used [0x00000007b5210000,0x00000007b5210000,0x00000007b8960000)
  to   space 59776K, 0% used [0x00000007bb0b0000,0x00000007bb0b0000,0x00000007beb10000)
 ParOldGen       total 371584K, used 48438K [0x0000000700600000, 0x00000007170e0000, 0x00000007aacb0000)
  object space 371584K, 13% used [0x0000000700600000,0x000000070354d888,0x00000007170e0000)
 PSPermGen       total 35968K, used 18117K [0x00000006fb400000, 0x00000006fd720000, 0x0000000700600000)
  object space 35968K, 50% used [0x00000006fb400000,0x00000006fc5b1488,0x00000006fd720000)
}
Event: 12.793 GC heap before
{Heap before GC invocations=17 (full 5):
 PSYoungGen      total 225984K, used 166807K [0x00000007aacb0000, 0x00000007beb10000, 0x0000000800000000)
  eden space 169344K, 98% used [0x00000007aacb0000,0x00000007b4f95d70,0x00000007b5210000)
  from space 56640K, 0% used [0x00000007b5210000,0x00000007b5210000,0x00000007b8960000)
  to   space 59776K, 0% used [0x00000007bb0b0000,0x00000007bb0b0000,0x00000007beb10000)
 ParOldGen       total 371584K, used 51855K [0x0000000700600000, 0x00000007170e0000, 0x00000007aacb0000)
  object space 371584K, 13% used [0x0000000700600000,0x00000007038a3d58,0x00000007170e0000)
 PSPermGen       total 35968K, used 18124K [0x00000006fb400000, 0x00000006fd720000, 0x0000000700600000)
  object space 35968K, 50% used [0x00000006fb400000,0x00000006fc5b30b0,0x00000006fd720000)
Event: 12.806 GC heap after
Heap after GC invocations=17 (full 5):
 PSYoungGen      total 257664K, used 55887K [0x00000007aacb0000, 0x00000007bfc40000, 0x0000000800000000)
  eden space 197888K, 0% used [0x00000007aacb0000,0x00000007aacb0000,0x00000007b6df0000)
  from space 59776K, 93% used [0x00000007bb0b0000,0x00000007be743d58,0x00000007beb10000)
  to   space 68352K, 0% used [0x00000007b6df0000,0x00000007b6df0000,0x00000007bb0b0000)
 ParOldGen       total 371584K, used 51855K [0x0000000700600000, 0x00000007170e0000, 0x00000007aacb0000)
  object space 371584K, 13% used [0x0000000700600000,0x00000007038a3d58,0x00000007170e0000)
 PSPermGen       total 35968K, used 18124K [0x00000006fb400000, 0x00000006fd720000, 0x0000000700600000)
  object space 35968K, 50% used [0x00000006fb400000,0x00000006fc5b30b0,0x00000006fd720000)
}
Event: 13.594 GC heap before
{Heap before GC invocations=18 (full 5):
 PSYoungGen      total 257664K, used 253775K [0x00000007aacb0000, 0x00000007bfc40000, 0x0000000800000000)
  eden space 197888K, 100% used [0x00000007aacb0000,0x00000007b6df0000,0x00000007b6df0000)
  from space 59776K, 93% used [0x00000007bb0b0000,0x00000007be743d58,0x00000007beb10000)
  to   space 68352K, 0% used [0x00000007b6df0000,0x00000007b6df0000,0x00000007bb0b0000)
 ParOldGen       total 371584K, used 228412K [0x0000000700600000, 0x00000007170e0000, 0x00000007aacb0000)
  object space 371584K, 61% used [0x0000000700600000,0x000000070e50f310,0x00000007170e0000)
 PSPermGen       total 35968K, used 18127K [0x00000006fb400000, 0x00000006fd720000, 0x0000000700600000)
  object space 35968K, 50% used [0x00000006fb400000,0x00000006fc5b3d00,0x00000006fd720000)
Event: 13.595 GC heap after
Heap after GC invocations=18 (full 5):
 PSYoungGen      total 266240K, used 654K [0x00000007aacb0000, 0x00000007c17a0000, 0x0000000800000000)
  eden space 197888K, 0% used [0x00000007aacb0000,0x00000007aacb0000,0x00000007b6df0000)
  from space 68352K, 0% used [0x00000007b6df0000,0x00000007b6e939a8,0x00000007bb0b0000)
  to   space 68416K, 0% used [0x00000007bd4d0000,0x00000007bd4d0000,0x00000007c17a0000)
 ParOldGen       total 371584K, used 228412K [0x0000000700600000, 0x00000007170e0000, 0x00000007aacb0000)
  object space 371584K, 61% used [0x0000000700600000,0x000000070e50f310,0x00000007170e0000)
 PSPermGen       total 35968K, used 18127K [0x00000006fb400000, 0x00000006fd720000, 0x0000000700600000)
  object space 35968K, 50% used [0x00000006fb400000,0x00000006fc5b3d00,0x00000006fd720000)
}
Event: 14.005 GC heap before
{Heap before GC invocations=19 (full 5):
 PSYoungGen      total 266240K, used 192828K [0x00000007aacb0000, 0x00000007c17a0000, 0x0000000800000000)
  eden space 197888K, 97% used [0x00000007aacb0000,0x00000007b685b7f8,0x00000007b6df0000)
  from space 68352K, 0% used [0x00000007b6df0000,0x00000007b6e939a8,0x00000007bb0b0000)
  to   space 68416K, 0% used [0x00000007bd4d0000,0x00000007bd4d0000,0x00000007c17a0000)
 ParOldGen       total 371584K, used 228412K [0x0000000700600000, 0x00000007170e0000, 0x00000007aacb0000)
  object space 371584K, 61% used [0x0000000700600000,0x000000070e50f310,0x00000007170e0000)
 PSPermGen       total 35968K, used 18130K [0x00000006fb400000, 0x00000006fd720000, 0x0000000700600000)
  object space 35968K, 50% used [0x00000006fb400000,0x00000006fc5b4830,0x00000006fd720000)
Event: 14.011 GC heap after
Heap after GC invocations=19 (full 5):
 PSYoungGen      total 301056K, used 41409K [0x00000007aacb0000, 0x00000007c2000000, 0x0000000800000000)
  eden space 232640K, 0% used [0x00000007aacb0000,0x00000007aacb0000,0x00000007b8fe0000)
  from space 68416K, 60% used [0x00000007bd4d0000,0x00000007bfd40468,0x00000007c17a0000)
  to   space 70592K, 0% used [0x00000007b8fe0000,0x00000007b8fe0000,0x00000007bd4d0000)
 ParOldGen       total 371584K, used 228412K [0x0000000700600000, 0x00000007170e0000, 0x00000007aacb0000)
  object space 371584K, 61% used [0x0000000700600000,0x000000070e50f310,0x00000007170e0000)
 PSPermGen       total 35968K, used 18130K [0x00000006fb400000, 0x00000006fd720000, 0x0000000700600000)
  object space 35968K, 50% used [0x00000006fb400000,0x00000006fc5b4830,0x00000006fd720000)
}
Event: 14.492 GC heap before
{Heap before GC invocations=20 (full 5):
 PSYoungGen      total 301056K, used 274049K [0x00000007aacb0000, 0x00000007c2000000, 0x0000000800000000)
  eden space 232640K, 100% used [0x00000007aacb0000,0x00000007b8fe0000,0x00000007b8fe0000)
  from space 68416K, 60% used [0x00000007bd4d0000,0x00000007bfd40468,0x00000007c17a0000)
  to   space 70592K, 0% used [0x00000007b8fe0000,0x00000007b8fe0000,0x00000007bd4d0000)
 ParOldGen       total 371584K, used 231829K [0x0000000700600000, 0x00000007170e0000, 0x00000007aacb0000)
  object space 371584K, 62% used [0x0000000700600000,0x000000070e8657e0,0x00000007170e0000)
 PSPermGen       total 35968K, used 18134K [0x00000006fb400000, 0x00000006fd720000, 0x0000000700600000)
  object space 35968K, 50% used [0x00000006fb400000,0x00000006fc5b5b48,0x00000006fd720000)
Event: 14.500 GC heap after
Heap after GC invocations=20 (full 5):
 PSYoungGen      total 303232K, used 47154K [0x00000007aacb0000, 0x00000007c5460000, 0x0000000800000000)
  eden space 232640K, 0% used [0x00000007aacb0000,0x00000007aacb0000,0x00000007b8fe0000)
  from space 70592K, 66% used [0x00000007b8fe0000,0x00000007bbdeca08,0x00000007bd4d0000)
  to   space 74176K, 0% used [0x00000007c0bf0000,0x00000007c0bf0000,0x00000007c5460000)
 ParOldGen       total 371584K, used 231829K [0x0000000700600000, 0x00000007170e0000, 0x00000007aacb0000)
  object space 371584K, 62% used [0x0000000700600000,0x000000070e8657e0,0x00000007170e0000)
 PSPermGen       total 35968K, used 18134K [0x00000006fb400000, 0x00000006fd720000, 0x0000000700600000)
  object space 35968K, 50% used [0x00000006fb400000,0x00000006fc5b5b48,0x00000006fd720000)
}

Deoptimization events (10 events):
Event: 2.721 Thread 0x0000000002a2e000 Uncommon trap -83 fr.pc 0x0000000002cd5df8
Event: 2.721 Thread 0x0000000002a2e000 Uncommon trap -83 fr.pc 0x0000000002cd4fbc
Event: 3.164 Thread 0x0000000002a2e000 Uncommon trap 43 fr.pc 0x0000000002cee0e8
Event: 3.682 Thread 0x0000000014c69800 Uncommon trap -83 fr.pc 0x0000000002cf88c4
Event: 3.754 Thread 0x0000000017e4e800 Uncommon trap -83 fr.pc 0x0000000002ce85f4
Event: 3.802 Thread 0x0000000017e4e800 Uncommon trap -83 fr.pc 0x0000000002ce8244
Event: 3.815 Thread 0x0000000017e4e800 Uncommon trap -83 fr.pc 0x0000000002d23ba8
Event: 3.884 Thread 0x0000000017e4e800 Uncommon trap -83 fr.pc 0x0000000002d22ac8
Event: 3.916 Thread 0x0000000017e4e800 Uncommon trap -83 fr.pc 0x0000000002d15cd8
Event: 4.107 Thread 0x0000000022ce5800 Uncommon trap -83 fr.pc 0x0000000002d5c0fc

Internal exceptions (10 events):
Event: 3.966 Thread 0x0000000017e4e800 Threw 0x00000007ab6e5838 at C:\jdk7u1_64p\jdk7u7\hotspot\src\share\vm\prims\jvm.cpp:1166
Event: 3.966 Thread 0x0000000017e4e800 Threw 0x00000007ab6e8608 at C:\jdk7u1_64p\jdk7u7\hotspot\src\share\vm\prims\jvm.cpp:1166
Event: 3.967 Thread 0x0000000017e4e800 Threw 0x00000007ab6eb7b8 at C:\jdk7u1_64p\jdk7u7\hotspot\src\share\vm\prims\jvm.cpp:1166
Event: 3.967 Thread 0x0000000017e4e800 Threw 0x00000007ab6ee588 at C:\jdk7u1_64p\jdk7u7\hotspot\src\share\vm\prims\jvm.cpp:1166
Event: 4.095 Thread 0x0000000022ce5800 Threw 0x00000007abc49f78 at C:\jdk7u1_64p\jdk7u7\hotspot\src\share\vm\prims\jvm.cpp:1166
Event: 4.099 Thread 0x0000000022ce5800 Threw 0x00000007abc5a808 at C:\jdk7u1_64p\jdk7u7\hotspot\src\share\vm\prims\jvm.cpp:1166
Event: 4.303 Thread 0x0000000022ce5800 Threw 0x00000007ac6a3258 at C:\jdk7u1_64p\jdk7u7\hotspot\src\share\vm\prims\jvm.cpp:1166
Event: 10.994 Thread 0x0000000014c69800 Threw 0x00000007ae91b438 at C:\jdk7u1_64p\jdk7u7\hotspot\src\share\vm\prims\jvm.cpp:1166
Event: 10.994 Thread 0x0000000014c69800 Threw 0x00000007ae9214c0 at C:\jdk7u1_64p\jdk7u7\hotspot\src\share\vm\prims\jvm.cpp:1166
Event: 10.997 Thread 0x0000000014c69800 Threw 0x00000007aec84d90 at C:\jdk7u1_64p\jdk7u7\hotspot\src\share\vm\prims\jvm.cpp:1166

Events (10 events):
Event: 14.484 Executing VM operation: ParallelGCFailedAllocation
Event: 14.484 Executing VM operation: ParallelGCFailedAllocation done
Event: 14.492 Executing VM operation: ParallelGCSystemGC
Event: 14.500 Executing VM operation: ParallelGCSystemGC done
Event: 15.226 loading class 0x00000000172f1f60
Event: 15.226 loading class 0x00000000172f1f60 done
Event: 15.226 loading class 0x0000000014c04b50
Event: 15.227 loading class 0x0000000017273c10
Event: 15.227 loading class 0x0000000017273c10 done
Event: 15.227 loading class 0x0000000014c04b50 done


Dynamic libraries:
0x000007f662880000 - 0x000007f6628b4000 	F:\Program Files\Java\Jre7\bin\javaw.exe
0x000007fd0db20000 - 0x000007fd0dcde000 	C:\WINDOWS\SYSTEM32\ntdll.dll
0x000007fd0c680000 - 0x000007fd0c7b6000 	C:\WINDOWS\system32\KERNEL32.DLL
0x000007fd0ab00000 - 0x000007fd0abf3000 	C:\WINDOWS\system32\KERNELBASE.dll
0x000007fd0c260000 - 0x000007fd0c33e000 	C:\WINDOWS\system32\ADVAPI32.dll
0x000007fd0c460000 - 0x000007fd0c5ac000 	C:\WINDOWS\system32\USER32.dll
0x000007fd082b0000 - 0x000007fd08519000 	C:\WINDOWS\WinSxS\amd64_microsoft.windows.common-controls_6595b64144ccf1df_6.0.9200.16384_none_418c2a697189c07f\COMCTL32.dll
0x000007fd0c7c0000 - 0x000007fd0c865000 	C:\WINDOWS\system32\msvcrt.dll
0x000007fd0cdf0000 - 0x000007fd0ce38000 	C:\WINDOWS\SYSTEM32\sechost.dll
0x000007fd0c870000 - 0x000007fd0c9b0000 	C:\WINDOWS\system32\RPCRT4.dll
0x000007fd0d520000 - 0x000007fd0d660000 	C:\WINDOWS\system32\GDI32.dll
0x000007fd0c620000 - 0x000007fd0c659000 	C:\WINDOWS\system32\IMM32.DLL
0x000007fd0c340000 - 0x000007fd0c455000 	C:\WINDOWS\system32\MSCTF.dll
0x000007fd0aa10000 - 0x000007fd0aa18000 	C:\PROGRA~2\NVIDIA~1\3DVISI~1\NVSTIN~1.DLL
0x000007fd0d510000 - 0x000007fd0d517000 	C:\WINDOWS\system32\PSAPI.DLL
0x000000005e410000 - 0x000000005e4b3000 	C:\WINDOWS\WinSxS\amd64_microsoft.vc90.crt_1fc8b3b9a1e18e3b_9.0.30729.6871_none_08e717a5a83adddf\MSVCR90.dll
0x000000005d880000 - 0x000000005d951000 	F:\Program Files\Java\Jre7\bin\msvcr100.dll
0x000000005c090000 - 0x000000005c7af000 	F:\Program Files\Java\Jre7\bin\server\jvm.dll
0x000007fd02f00000 - 0x000007fd02f09000 	C:\WINDOWS\SYSTEM32\WSOCK32.dll
0x000007fd07b90000 - 0x000007fd07bb0000 	C:\WINDOWS\SYSTEM32\WINMM.dll
0x000007fd0c5b0000 - 0x000007fd0c608000 	C:\WINDOWS\system32\WS2_32.dll
0x000007fd07a80000 - 0x000007fd07ab2000 	C:\WINDOWS\SYSTEM32\WINMMBASE.dll
0x000007fd0d360000 - 0x000007fd0d369000 	C:\WINDOWS\system32\NSI.dll
0x000000005dc10000 - 0x000000005dc1f000 	F:\Program Files\Java\Jre7\bin\verify.dll
0x000000005dbe0000 - 0x000000005dc08000 	F:\Program Files\Java\Jre7\bin\java.dll
0x000000005dbc0000 - 0x000000005dbd5000 	F:\Program Files\Java\Jre7\bin\zip.dll
0x000000005b300000 - 0x000000005b493000 	F:\Program Files\Java\Jre7\bin\awt.dll
0x000007fd0d830000 - 0x000007fd0d8f3000 	C:\WINDOWS\system32\OLEAUT32.dll
0x000007fd0cc40000 - 0x000007fd0cdf0000 	C:\WINDOWS\system32\combase.dll
0x000007fd04cf0000 - 0x000007fd04d8f000 	C:\WINDOWS\system32\apphelp.dll
0x000007fd09810000 - 0x000007fd098f3000 	C:\WINDOWS\system32\uxtheme.dll
0x000007fd08210000 - 0x000007fd082a5000 	C:\Program Files\Common Files\microsoft shared\ink\tiptsf.dll
0x000007fd088b0000 - 0x000007fd088d1000 	C:\WINDOWS\SYSTEM32\dwmapi.dll
0x000007fd0d090000 - 0x000007fd0d20e000 	C:\WINDOWS\system32\ole32.dll
0x000007fd0a860000 - 0x000007fd0a86a000 	C:\WINDOWS\SYSTEM32\CRYPTBASE.dll
0x000007fd0a800000 - 0x000007fd0a85c000 	C:\WINDOWS\SYSTEM32\bcryptPrimitives.dll
0x000007fd0af70000 - 0x000007fd0c258000 	C:\WINDOWS\system32\SHELL32.dll
0x000007fd0cb80000 - 0x000007fd0cbd0000 	C:\WINDOWS\system32\SHLWAPI.dll
0x000007fd09be0000 - 0x000007fd09c76000 	C:\WINDOWS\SYSTEM32\shcore.dll
0x000000005d2e0000 - 0x000000005d378000 	C:\Windows\System32\msvcp100.dll
0x000007fd01f40000 - 0x000007fd02198000 	C:\opencv\build\x64\vc10\bin\opencv_core243.dll
0x000007fd057d0000 - 0x000007fd05865000 	C:\Users\Jonas\AppData\Local\Temp\javacpp20405365696159\jniopencv_core.dll
0x000007fd01c90000 - 0x000007fd01f35000 	C:\opencv\build\x64\vc10\bin\opencv_imgproc243.dll
0x000007fd05b20000 - 0x000007fd05b68000 	C:\Users\Jonas\AppData\Local\Temp\javacpp20405365696159\jniopencv_imgproc.dll
0x0000000066840000 - 0x00000000675ca000 	C:\opencv\build\x64\vc10\bin\opencv_ffmpeg243_64.dll
0x000007fd045f0000 - 0x000007fd0483b000 	C:\opencv\build\x64\vc10\bin\opencv_highgui243.dll
0x000007fd081c0000 - 0x000007fd081e0000 	C:\WINDOWS\SYSTEM32\AVIFIL32.dll
0x000007fd07880000 - 0x000007fd078a9000 	C:\WINDOWS\SYSTEM32\MSVFW32.dll
0x000007fd06ac0000 - 0x000007fd06ad7000 	C:\WINDOWS\SYSTEM32\AVICAP32.dll
0x000007fcf6150000 - 0x000007fcf6169000 	C:\WINDOWS\SYSTEM32\MSACM32.dll
0x000007fd07db0000 - 0x000007fd07db9000 	C:\WINDOWS\SYSTEM32\VERSION.dll
0x000007fd057b0000 - 0x000007fd057c3000 	C:\Users\Jonas\AppData\Local\Temp\javacpp20405365696159\jniopencv_highgui.dll
0x000007fd0d2c0000 - 0x000007fd0d356000 	C:\WINDOWS\SYSTEM32\clbcatq.dll
0x000007fd05790000 - 0x000007fd057a7000 	C:\Windows\System32\devenum.dll
0x000007fd0c9b0000 - 0x000007fd0cb80000 	C:\WINDOWS\system32\setupapi.dll
0x000007fd0ad10000 - 0x000007fd0ad5f000 	C:\WINDOWS\system32\CFGMGR32.dll
0x000007fd0af40000 - 0x000007fd0af62000 	C:\WINDOWS\system32\DEVOBJ.dll
0x000007fd03ae0000 - 0x000007fd03b0e000 	C:\WINDOWS\SYSTEM32\ntmarta.dll
0x000007fd0ac00000 - 0x000007fd0ac55000 	C:\WINDOWS\system32\WINTRUST.dll
0x000007fd0ad60000 - 0x000007fd0af37000 	C:\WINDOWS\system32\CRYPT32.dll
0x000007fd0aae0000 - 0x000007fd0aaf6000 	C:\WINDOWS\system32\MSASN1.dll
0x000007fd07dd0000 - 0x000007fd07ddd000 	C:\WINDOWS\SYSTEM32\msdmo.dll
0x000007fd05760000 - 0x000007fd0578f000 	C:\Windows\System32\qcap.dll
0x000007fd01ad0000 - 0x000007fd01c88000 	C:\Windows\System32\quartz.dll
0x000007fd053a0000 - 0x000007fd053df000 	C:\Windows\System32\ksproxy.ax
0x000007fcf5930000 - 0x000007fcf5937000 	C:\Windows\System32\ksuser.dll
0x000007fcf9950000 - 0x000007fcf9b50000 	C:\Windows\System32\d3d9.dll
0x000007fd07b10000 - 0x000007fd07b1c000 	C:\Windows\System32\vidcap.ax
0x000007fd05370000 - 0x000007fd05394000 	C:\Windows\System32\kswdmcap.ax
0x000007fd01970000 - 0x000007fd01ac4000 	C:\Windows\System32\MFC42.dll
0x000007fcfa6f0000 - 0x000007fcfa7ae000 	C:\Windows\System32\ODBC32.dll
0x000007fcfa650000 - 0x000007fcfa6e5000 	C:\Windows\System32\qedit.dll
0x000007fd0d210000 - 0x000007fd0d2b1000 	C:\WINDOWS\system32\COMDLG32.dll
0x000007fd0d370000 - 0x000007fd0d510000 	C:\WINDOWS\WinSxS\amd64_microsoft.windows.gdiplus_6595b64144ccf1df_1.1.9200.16384_none_72771d4ecc1c3a4d\gdiplus.dll
0x000007fcf0640000 - 0x000007fcf072a000 	C:\WINDOWS\SYSTEM32\DDRAW.dll
0x000007fd07de0000 - 0x000007fd07de8000 	C:\WINDOWS\SYSTEM32\DCIMAN32.dll
0x000000005d840000 - 0x000000005d874000 	F:\Program Files\Java\Jre7\bin\fontmanager.dll
0x000007fce6500000 - 0x000007fce7680000 	C:\WINDOWS\SYSTEM32\nvd3dumx.dll
0x000007fd0a900000 - 0x000007fd0a943000 	C:\WINDOWS\SYSTEM32\powrprof.dll
0x0000000180000000 - 0x0000000180116000 	C:\Program Files (x86)\NVIDIA Corporation\3D Vision\nvSCPAPI64.dll
0x000007fd07ef0000 - 0x000007fd07f64000 	C:\WINDOWS\SYSTEM32\dxgi.dll
0x000007fd06540000 - 0x000007fd06802000 	C:\WINDOWS\SYSTEM32\nvapi64.dll
0x000007fd07ed0000 - 0x000007fd07eef000 	C:\WINDOWS\SYSTEM32\DXGIDebug.dll
0x000000005dba0000 - 0x000000005dbb9000 	F:\Program Files\Java\Jre7\bin\net.dll
0x000007fd0a270000 - 0x000007fd0a2cc000 	C:\WINDOWS\system32\mswsock.dll
0x000000005db50000 - 0x000000005db61000 	F:\Program Files\Java\Jre7\bin\nio.dll
0x000000005d7f0000 - 0x000000005d831000 	F:\Program Files\Java\Jre7\bin\t2k.dll
0x000007fd08010000 - 0x000007fd0819a000 	C:\WINDOWS\SYSTEM32\WindowsCodecs.dll
0x000007fd0aa30000 - 0x000007fd0aa45000 	C:\WINDOWS\SYSTEM32\profapi.dll
0x000007fd07530000 - 0x000007fd07599000 	C:\WINDOWS\SYSTEM32\oleacc.dll
0x000000005b620000 - 0x000000005b64a000 	F:\Program Files\Java\Jre7\bin\dcpr.dll
0x000007fcf8620000 - 0x000007fcf8783000 	C:\WINDOWS\SYSTEM32\dbghelp.dll

VM Arguments:
jvm_args: -Dfile.encoding=Cp1252 
java_command: emcscanner.kth.se.Program
Launcher Type: SUN_STANDARD

Environment Variables:
PATH=C:\Program Files (x86)\NVIDIA Corporation\PhysX\Common;C:\WINDOWS\system32;C:\WINDOWS;C:\WINDOWS\System32\Wbem;C:\WINDOWS\System32\WindowsPowerShell\v1.0\;C:\Program Files (x86)\Microsoft SQL Server\90\Tools\binn\;C:\Program Files (x86)\Autodesk\Backburner\;F:\Program Files\MATLAB\R2012a\runtime\win64;F:\Program Files\MATLAB\R2012a\bin;C:\Program Files\Internet Explorer;C:\Program Files\Perforce;F:\Program Files\Perforce;C:\Program Files\Microsoft\Web Platform Installer\;C:\Program Files (x86)\Microsoft ASP.NET\ASP.NET Web Pages\v1.0\;C:\Program Files (x86)\Windows Kits\8.0\Windows Performance Toolkit\;C:\Program Files\Microsoft SQL Server\110\Tools\Binn\;F:\Program Files\Perforce\Server
USERNAME=Jonas
OS=Windows_NT
PROCESSOR_IDENTIFIER=Intel64 Family 6 Model 42 Stepping 7, GenuineIntel



---------------  S Y S T E M  ---------------

OS: Windows 8 , 64 bit Build 9200 

CPU:total 8 (4 cores per cpu, 2 threads per core) family 6 model 42 stepping 7, cmov, cx8, fxsr, mmx, sse, sse2, sse3, ssse3, sse4.1, sse4.2, popcnt, avx, ht, tsc, tscinvbit

Memory: 4k page, physical 16751668k(12209888k free), swap 33528884k(27131244k free)

vm_info: Java HotSpot(TM) 64-Bit Server VM (23.3-b01) for windows-amd64 JRE (1.7.0_07-b11), built on Sep  7 2012 01:19:25 by "java_re" with unknown MS VC++:1600

time: Sat Feb 02 18:21:45 2013
elapsed time: 16 seconds

