#
# A fatal error has been detected by the Java Runtime Environment:
#
#  EXCEPTION_ACCESS_VIOLATION (0xc0000005) at pc=0x000007f95e1e8bc0, pid=6284, tid=6380
#
# JRE version: 7.0_07-b11
# Java VM: Java HotSpot(TM) 64-Bit Server VM (23.3-b01 mixed mode windows-amd64 compressed oops)
# Problematic frame:
# C  [ntdll.dll+0x18bc0]  RtlQueueWorkItem+0x8a0
#
# Failed to write core dump. Minidumps are not enabled by default on client versions of Windows
#
# If you would like to submit a bug report, please visit:
#   http://bugreport.sun.com/bugreport/crash.jsp
# The crash happened outside the Java Virtual Machine in native code.
# See problematic frame for where to report the bug.
#

---------------  T H R E A D  ---------------

Current thread (0x0000000013547000):  JavaThread "threadDisplay" daemon [_thread_in_native, id=6380, stack(0x000000001b460000,0x000000001b560000)]

siginfo: ExceptionCode=0xc0000005, writing address 0x0000000000000024

Registers:
RAX=0x0000000000000000, RBX=0x00000000144c9d08, RCX=0x00000000fffffffc, RDX=0x0000000000000620
RSP=0x000000001b55f500, RBP=0x0000000000000000, RSI=0x0000000000000620, RDI=0x0000000000000000
R8 =0xffffffffffffffff, R9 =0x0000000000000004, R10=0x0000000000000000, R11=0x0000000000000246
R12=0x0000000000000000, R13=0x0000000000000000, R14=0x000007f7efa1e000, R15=0x0000000000000000
RIP=0x000007f95e1e8bc0, EFLAGS=0x0000000000010213

Top of Stack: (sp=0x000000001b55f500)
0x000000001b55f500:   0000000000000620 00000000023064f0
0x000000001b55f510:   4089500000000000 0000000000000000
0x000000001b55f520:   4096800000000000 0000000000000000
0x000000001b55f530:   0000000000000000 0000000000000000
0x000000001b55f540:   0000000000000000 0000000000000000
0x000000001b55f550:   0000000000000438 0000000000000780
0x000000001b55f560:   0000000000000000 000007f95b4710ea
0x000000001b55f570:   00000000000005a0 0000000000000000
0x000000001b55f580:   0000bc625a3d7508 00000007e16173a8
0x000000001b55f590:   0000000000000004 0000000000000001
0x000000001b55f5a0:   000000001ae64050 00000000ff000000
0x000000001b55f5b0:   0000000000000000 0000000000000000
0x000000001b55f5c0:   000007f7efa1e000 000007f95e1df4d4
0x000000001b55f5d0:   0000000000000000 0000000000000000
0x000000001b55f5e0:   00000000144c9d08 0000000002306b9e
0x000000001b55f5f0:   0000000000000000 00000000135471d8 

Instructions: (pc=0x000007f95e1e8bc0)
0x000007f95e1e8ba0:   43 08 a8 01 0f 85 bd 67 ff ff 8b c8 2b cd f0 0f
0x000007f95e1e8bb0:   b1 4b 08 75 ea 48 8b 03 33 ed 48 83 f8 ff 74 03
0x000007f95e1e8bc0:   ff 40 24 41 bf 82 03 fe 7f 41 80 3f 00 0f 85 69
0x000007f95e1e8bd0:   7a 0e 00 48 83 fe ff 0f 84 bf 7a 0e 00 4c 8b c7 


Register to memory mapping:

RAX=0x0000000000000000 is an unknown value
RBX=0x00000000144c9d08 is an unknown value
RCX=0x00000000fffffffc is an unknown value
RDX=0x0000000000000620 is an unknown value
RSP=0x000000001b55f500 is pointing into the stack for thread: 0x0000000013547000
RBP=0x0000000000000000 is an unknown value
RSI=0x0000000000000620 is an unknown value
RDI=0x0000000000000000 is an unknown value
R8 =0xffffffffffffffff is an unknown value
R9 =0x0000000000000004 is an unknown value
R10=0x0000000000000000 is an unknown value
R11=0x0000000000000246 is an unknown value
R12=0x0000000000000000 is an unknown value
R13=0x0000000000000000 is an unknown value
R14=0x000007f7efa1e000 is an unknown value
R15=0x0000000000000000 is an unknown value


Stack: [0x000000001b460000,0x000000001b560000],  sp=0x000000001b55f500,  free space=1021k
Native frames: (J=compiled Java code, j=interpreted, Vv=VM code, C=native code)
C  [ntdll.dll+0x18bc0]  RtlQueueWorkItem+0x8a0

[error occurred during error reporting (printing native stack), id 0xc0000005]

Java frames: (J=compiled Java code, j=interpreted, Vv=VM code)
j  com.googlecode.javacv.cpp.opencv_highgui.cvRetrieveFrame(Lcom/googlecode/javacv/cpp/opencv_highgui$CvCapture;I)Lcom/googlecode/javacv/cpp/opencv_core$IplImage;+0
j  com.googlecode.javacv.cpp.opencv_highgui.cvRetrieveFrame(Lcom/googlecode/javacv/cpp/opencv_highgui$CvCapture;)Lcom/googlecode/javacv/cpp/opencv_core$IplImage;+2
j  com.googlecode.javacv.OpenCVFrameGrabber.grab()Lcom/googlecode/javacv/cpp/opencv_core$IplImage;+4
j  emcscanner.kth.se.CameraPanel$1.run()V+15
v  ~StubRoutines::call_stub

---------------  P R O C E S S  ---------------

Java Threads: ( => current thread )
  0x0000000022345000 JavaThread "Thread-2" [_thread_in_native, id=488, stack(0x0000000017fb0000,0x00000000180b0000)]
  0x0000000022346800 JavaThread "Thread-0" daemon [_thread_in_native, id=1672, stack(0x0000000017eb0000,0x0000000017fb0000)]
  0x0000000022342800 JavaThread "ICEpdf-pagePainter" daemon [_thread_blocked, id=5004, stack(0x0000000025860000,0x0000000025960000)]
  0x0000000017a46000 JavaThread "ICEpdf-pageInitializer" daemon [_thread_blocked, id=5756, stack(0x0000000025630000,0x0000000025730000)]
  0x00000000021fe000 JavaThread "DestroyJavaVM" [_thread_blocked, id=8604, stack(0x00000000020d0000,0x00000000021d0000)]
  0x00000000147a3000 JavaThread "TimerQueue" daemon [_thread_blocked, id=6848, stack(0x00000000219b0000,0x0000000021ab0000)]
  0x000000001471a800 JavaThread "threadDisplayDensity" daemon [_thread_blocked, id=8644, stack(0x000000001dd50000,0x000000001de50000)]
  0x0000000014715800 JavaThread "AWT-EventQueue-0" [_thread_blocked, id=4236, stack(0x000000001dc50000,0x000000001dd50000)]
  0x0000000014458000 JavaThread "threadDisplay" daemon [_thread_blocked, id=6884, stack(0x000000001db50000,0x000000001dc50000)]
  0x0000000016ae0800 JavaThread "AWT-Shutdown" [_thread_blocked, id=4648, stack(0x000000001b560000,0x000000001b660000)]
=>0x0000000013547000 JavaThread "threadDisplay" daemon [_thread_in_native, id=6380, stack(0x000000001b460000,0x000000001b560000)]
  0x0000000013548000 JavaThread "AWT-Windows" daemon [_thread_in_native, id=1252, stack(0x0000000013e30000,0x0000000013f30000)]
  0x0000000013546000 JavaThread "Java2D Disposer" daemon [_thread_blocked, id=7408, stack(0x0000000013c30000,0x0000000013d30000)]
  0x0000000010e34000 JavaThread "Service Thread" daemon [_thread_blocked, id=3208, stack(0x0000000013230000,0x0000000013330000)]
  0x0000000010e27800 JavaThread "C2 CompilerThread1" daemon [_thread_blocked, id=8104, stack(0x0000000013130000,0x0000000013230000)]
  0x0000000010e19000 JavaThread "C2 CompilerThread0" daemon [_thread_blocked, id=7768, stack(0x0000000013030000,0x0000000013130000)]
  0x0000000010e17800 JavaThread "Attach Listener" daemon [_thread_blocked, id=8320, stack(0x0000000012f30000,0x0000000013030000)]
  0x0000000010e0b000 JavaThread "Signal Dispatcher" daemon [_thread_blocked, id=8312, stack(0x0000000012e30000,0x0000000012f30000)]
  0x0000000010dae800 JavaThread "Finalizer" daemon [_thread_blocked, id=8252, stack(0x0000000012d30000,0x0000000012e30000)]
  0x0000000010da7000 JavaThread "Reference Handler" daemon [_thread_blocked, id=1980, stack(0x0000000012c30000,0x0000000012d30000)]

Other Threads:
  0x0000000010da2000 VMThread [stack: 0x0000000012b30000,0x0000000012c30000] [id=6836]
  0x0000000010e3e800 WatcherThread [stack: 0x0000000013330000,0x0000000013430000] [id=3408]

VM state:not at safepoint (normal execution)

VM Mutex/Monitor currently owned by a thread: None

Heap
 PSYoungGen      total 1335872K, used 974901K [0x00000007aacb0000, 0x0000000800000000, 0x0000000800000000)
  eden space 1273792K, 74% used [0x00000007aacb0000,0x00000007e4836d10,0x00000007f88a0000)
  from space 62080K, 47% used [0x00000007fc360000,0x00000007fdfe6728,0x0000000800000000)
  to   space 60160K, 0% used [0x00000007f88a0000,0x00000007f88a0000,0x00000007fc360000)
 ParOldGen       total 242240K, used 34574K [0x0000000700600000, 0x000000070f290000, 0x00000007aacb0000)
  object space 242240K, 14% used [0x0000000700600000,0x00000007027c3a98,0x000000070f290000)
 PSPermGen       total 37696K, used 18098K [0x00000006fb400000, 0x00000006fd8d0000, 0x0000000700600000)
  object space 37696K, 48% used [0x00000006fb400000,0x00000006fc5ac820,0x00000006fd8d0000)

Card table byte_map: [0x00000000053c0000,0x0000000005bf0000] byte_map_base: 0x0000000001be6000

Polling page: 0x0000000000770000

Code Cache  [0x0000000002300000, 0x0000000002570000, 0x0000000005300000)
 total_blobs=932 nmethods=342 adapters=541 free_code_cache=47731Kb largest_free_block=48834688

Compilation events (10 events):
Event: 30.722 Thread 0x0000000010e19000  346             java.util.concurrent.ConcurrentHashMap::<init> (184 bytes)
Event: 30.728 Thread 0x0000000010e19000 nmethod 346 0x000000000241e690 code [0x000000000241e820, 0x000000000241ed18]
Event: 30.806 Thread 0x0000000010e27800  347             java.awt.image.Raster::getDataBuffer (5 bytes)
Event: 30.806 Thread 0x0000000010e27800 nmethod 347 0x00000000023edf90 code [0x00000000023ee0c0, 0x00000000023ee138]
Event: 30.872 Thread 0x0000000010e19000  348             javax.swing.RepaintManager::collectDirtyComponents (344 bytes)
Event: 30.872 Thread 0x0000000010e27800  349             javax.swing.RepaintManager::isDoubleBufferingEnabled (5 bytes)
Event: 30.873 Thread 0x0000000010e27800 nmethod 349 0x000000000241e490 code [0x000000000241e5c0, 0x000000000241e618]
Event: 30.887 Thread 0x0000000010e27800  350             java.awt.image.BufferedImage::getType (5 bytes)
Event: 30.888 Thread 0x0000000010e27800 nmethod 350 0x000000000241e290 code [0x000000000241e3c0, 0x000000000241e418]
Event: 30.888 Thread 0x0000000010e19000 nmethod 348 0x00000000023e78d0 code [0x00000000023e7ac0, 0x00000000023e8890]

GC Heap History (10 events):
Event: 20.772 GC heap before
{Heap before GC invocations=18 (full 3):
 PSYoungGen      total 1154240K, used 1154223K [0x00000007aacb0000, 0x00000007f6960000, 0x0000000800000000)
  eden space 1112896K, 100% used [0x00000007aacb0000,0x00000007eeb80000,0x00000007eeb80000)
  from space 41344K, 99% used [0x00000007f4100000,0x00000007f695bf48,0x00000007f6960000)
  to   space 58304K, 0% used [0x00000007ef780000,0x00000007ef780000,0x00000007f3070000)
 ParOldGen       total 204160K, used 164636K [0x0000000700600000, 0x000000070cd60000, 0x00000007aacb0000)
  object space 204160K, 80% used [0x0000000700600000,0x000000070a6c7180,0x000000070cd60000)
 PSPermGen       total 39296K, used 18030K [0x00000006fb400000, 0x00000006fda60000, 0x0000000700600000)
  object space 39296K, 45% used [0x00000006fb400000,0x00000006fc59b858,0x00000006fda60000)
Event: 20.773 GC heap after
Heap after GC invocations=18 (full 3):
 PSYoungGen      total 1183488K, used 224K [0x00000007aacb0000, 0x0000000800000000, 0x0000000800000000)
  eden space 1125184K, 0% used [0x00000007aacb0000,0x00000007aacb0000,0x00000007ef780000)
  from space 58304K, 0% used [0x00000007ef780000,0x00000007ef7b8000,0x00000007f3070000)
  to   space 58816K, 0% used [0x00000007fc690000,0x00000007fc690000,0x0000000800000000)
 ParOldGen       total 204160K, used 164684K [0x0000000700600000, 0x000000070cd60000, 0x00000007aacb0000)
  object space 204160K, 80% used [0x0000000700600000,0x000000070a6d3180,0x000000070cd60000)
 PSPermGen       total 39296K, used 18030K [0x00000006fb400000, 0x00000006fda60000, 0x0000000700600000)
  object space 39296K, 45% used [0x00000006fb400000,0x00000006fc59b858,0x00000006fda60000)
}
Event: 22.873 GC heap before
{Heap before GC invocations=19 (full 4):
 PSYoungGen      total 1183488K, used 1125408K [0x00000007aacb0000, 0x0000000800000000, 0x0000000800000000)
  eden space 1125184K, 100% used [0x00000007aacb0000,0x00000007ef780000,0x00000007ef780000)
  from space 58304K, 0% used [0x00000007ef780000,0x00000007ef7b8000,0x00000007f3070000)
  to   space 58816K, 0% used [0x00000007fc690000,0x00000007fc690000,0x0000000800000000)
 ParOldGen       total 234112K, used 233994K [0x0000000700600000, 0x000000070eaa0000, 0x00000007aacb0000)
  object space 234112K, 99% used [0x0000000700600000,0x000000070ea82900,0x000000070eaa0000)
 PSPermGen       total 39296K, used 18032K [0x00000006fb400000, 0x00000006fda60000, 0x0000000700600000)
  object space 39296K, 45% used [0x00000006fb400000,0x00000006fc59c1d8,0x00000006fda60000)
Event: 22.902 GC heap after
Heap after GC invocations=19 (full 4):
 PSYoungGen      total 1183488K, used 0K [0x00000007aacb0000, 0x0000000800000000, 0x0000000800000000)
  eden space 1125184K, 0% used [0x00000007aacb0000,0x00000007aacb0000,0x00000007ef780000)
  from space 58304K, 0% used [0x00000007ef780000,0x00000007ef780000,0x00000007f3070000)
  to   space 58816K, 0% used [0x00000007fc690000,0x00000007fc690000,0x0000000800000000)
 ParOldGen       total 242240K, used 32549K [0x0000000700600000, 0x000000070f290000, 0x00000007aacb0000)
  object space 242240K, 13% used [0x0000000700600000,0x00000007025c9688,0x000000070f290000)
 PSPermGen       total 37696K, used 18032K [0x00000006fb400000, 0x00000006fd8d0000, 0x0000000700600000)
  object space 37696K, 47% used [0x00000006fb400000,0x00000006fc59c1d8,0x00000006fd8d0000)
}
Event: 24.806 GC heap before
{Heap before GC invocations=20 (full 4):
 PSYoungGen      total 1183488K, used 1119593K [0x00000007aacb0000, 0x0000000800000000, 0x0000000800000000)
  eden space 1125184K, 99% used [0x00000007aacb0000,0x00000007ef20a7a8,0x00000007ef780000)
  from space 58304K, 0% used [0x00000007ef780000,0x00000007ef780000,0x00000007f3070000)
  to   space 58816K, 0% used [0x00000007fc690000,0x00000007fc690000,0x0000000800000000)
 ParOldGen       total 242240K, used 32549K [0x0000000700600000, 0x000000070f290000, 0x00000007aacb0000)
  object space 242240K, 13% used [0x0000000700600000,0x00000007025c9688,0x000000070f290000)
 PSPermGen       total 37696K, used 18038K [0x00000006fb400000, 0x00000006fd8d0000, 0x0000000700600000)
  object space 37696K, 47% used [0x00000006fb400000,0x00000006fc59d928,0x00000006fd8d0000)
Event: 24.815 GC heap after
Heap after GC invocations=20 (full 4):
 PSYoungGen      total 1335936K, used 33090K [0x00000007aacb0000, 0x0000000800000000, 0x0000000800000000)
  eden space 1277120K, 0% used [0x00000007aacb0000,0x00000007aacb0000,0x00000007f8be0000)
  from space 58816K, 56% used [0x00000007fc690000,0x00000007fe6e0870,0x0000000800000000)
  to   space 59456K, 0% used [0x00000007f8be0000,0x00000007f8be0000,0x00000007fc5f0000)
 ParOldGen       total 242240K, used 32549K [0x0000000700600000, 0x000000070f290000, 0x00000007aacb0000)
  object space 242240K, 13% used [0x0000000700600000,0x00000007025c9688,0x000000070f290000)
 PSPermGen       total 37696K, used 18038K [0x00000006fb400000, 0x00000006fd8d0000, 0x0000000700600000)
  object space 37696K, 47% used [0x00000006fb400000,0x00000006fc59d928,0x00000006fd8d0000)
}
Event: 27.083 GC heap before
{Heap before GC invocations=21 (full 4):
 PSYoungGen      total 1335936K, used 1306778K [0x00000007aacb0000, 0x0000000800000000, 0x0000000800000000)
  eden space 1277120K, 99% used [0x00000007aacb0000,0x00000007f8886250,0x00000007f8be0000)
  from space 58816K, 56% used [0x00000007fc690000,0x00000007fe6e0870,0x0000000800000000)
  to   space 59456K, 0% used [0x00000007f8be0000,0x00000007f8be0000,0x00000007fc5f0000)
 ParOldGen       total 242240K, used 32549K [0x0000000700600000, 0x000000070f290000, 0x00000007aacb0000)
  object space 242240K, 13% used [0x0000000700600000,0x00000007025c9688,0x000000070f290000)
 PSPermGen       total 37696K, used 18039K [0x00000006fb400000, 0x00000006fd8d0000, 0x0000000700600000)
  object space 37696K, 47% used [0x00000006fb400000,0x00000006fc59de40,0x00000006fd8d0000)
Event: 27.105 GC heap after
Heap after GC invocations=21 (full 4):
 PSYoungGen      total 1316544K, used 39366K [0x00000007aacb0000, 0x0000000800000000, 0x0000000800000000)
  eden space 1277120K, 0% used [0x00000007aacb0000,0x00000007aacb0000,0x00000007f8be0000)
  from space 39424K, 99% used [0x00000007f8be0000,0x00000007fb251b78,0x00000007fb260000)
  to   space 62080K, 0% used [0x00000007fc360000,0x00000007fc360000,0x0000000800000000)
 ParOldGen       total 242240K, used 32549K [0x0000000700600000, 0x000000070f290000, 0x00000007aacb0000)
  object space 242240K, 13% used [0x0000000700600000,0x00000007025c9688,0x000000070f290000)
 PSPermGen       total 37696K, used 18039K [0x00000006fb400000, 0x00000006fd8d0000, 0x0000000700600000)
  object space 37696K, 47% used [0x00000006fb400000,0x00000006fc59de40,0x00000006fd8d0000)
}
Event: 29.372 GC heap before
{Heap before GC invocations=22 (full 4):
 PSYoungGen      total 1316544K, used 1315055K [0x00000007aacb0000, 0x0000000800000000, 0x0000000800000000)
  eden space 1277120K, 99% used [0x00000007aacb0000,0x00000007f8a7a310,0x00000007f8be0000)
  from space 39424K, 99% used [0x00000007f8be0000,0x00000007fb251b78,0x00000007fb260000)
  to   space 62080K, 0% used [0x00000007fc360000,0x00000007fc360000,0x0000000800000000)
 ParOldGen       total 242240K, used 34574K [0x0000000700600000, 0x000000070f290000, 0x00000007aacb0000)
  object space 242240K, 14% used [0x0000000700600000,0x00000007027c3a98,0x000000070f290000)
 PSPermGen       total 37696K, used 18041K [0x00000006fb400000, 0x00000006fd8d0000, 0x0000000700600000)
  object space 37696K, 47% used [0x00000006fb400000,0x00000006fc59e700,0x00000006fd8d0000)
Event: 29.376 GC heap after
Heap after GC invocations=22 (full 4):
 PSYoungGen      total 1335872K, used 29209K [0x00000007aacb0000, 0x0000000800000000, 0x0000000800000000)
  eden space 1273792K, 0% used [0x00000007aacb0000,0x00000007aacb0000,0x00000007f88a0000)
  from space 62080K, 47% used [0x00000007fc360000,0x00000007fdfe6728,0x0000000800000000)
  to   space 60160K, 0% used [0x00000007f88a0000,0x00000007f88a0000,0x00000007fc360000)
 ParOldGen       total 242240K, used 34574K [0x0000000700600000, 0x000000070f290000, 0x00000007aacb0000)
  object space 242240K, 14% used [0x0000000700600000,0x00000007027c3a98,0x000000070f290000)
 PSPermGen       total 37696K, used 18041K [0x00000006fb400000, 0x00000006fd8d0000, 0x0000000700600000)
  object space 37696K, 47% used [0x00000006fb400000,0x00000006fc59e700,0x00000006fd8d0000)
}

Deoptimization events (10 events):
Event: 3.779 Thread 0x0000000017a46000 Uncommon trap -83 fr.pc 0x00000000023f59a8
Event: 3.858 Thread 0x0000000017a46000 Uncommon trap -83 fr.pc 0x00000000023f7c08
Event: 3.893 Thread 0x0000000017a46000 Uncommon trap -83 fr.pc 0x00000000023e66d8
Event: 4.086 Thread 0x0000000022342800 Uncommon trap -83 fr.pc 0x00000000024212fc
Event: 9.362 Thread 0x0000000014715800 Uncommon trap -122 fr.pc 0x000000000245c2c8
Event: 9.362 Thread 0x0000000014715800 Uncommon trap -34 fr.pc 0x0000000002457a60
Event: 9.362 Thread 0x0000000014715800 Uncommon trap -34 fr.pc 0x0000000002457a60
Event: 9.363 Thread 0x0000000014715800 Uncommon trap -34 fr.pc 0x0000000002457a60
Event: 9.363 Thread 0x0000000014715800 Uncommon trap -34 fr.pc 0x0000000002457a60
Event: 19.925 Thread 0x0000000013547000 Uncommon trap -12 fr.pc 0x00000000023f0b78

Internal exceptions (10 events):
Event: 3.942 Thread 0x0000000017a46000 Threw 0x00000007ab7b6170 at C:\jdk7u1_64p\jdk7u7\hotspot\src\share\vm\prims\jvm.cpp:1166
Event: 3.943 Thread 0x0000000017a46000 Threw 0x00000007ab7b9320 at C:\jdk7u1_64p\jdk7u7\hotspot\src\share\vm\prims\jvm.cpp:1166
Event: 3.943 Thread 0x0000000017a46000 Threw 0x00000007ab7bc0f0 at C:\jdk7u1_64p\jdk7u7\hotspot\src\share\vm\prims\jvm.cpp:1166
Event: 4.069 Thread 0x0000000022342800 Threw 0x00000007abd01f60 at C:\jdk7u1_64p\jdk7u7\hotspot\src\share\vm\prims\jvm.cpp:1166
Event: 4.073 Thread 0x0000000022342800 Threw 0x00000007abd127f0 at C:\jdk7u1_64p\jdk7u7\hotspot\src\share\vm\prims\jvm.cpp:1166
Event: 4.276 Thread 0x0000000022342800 Threw 0x00000007ac74e8c0 at C:\jdk7u1_64p\jdk7u7\hotspot\src\share\vm\prims\jvm.cpp:1166
Event: 9.339 Thread 0x0000000014715800 Threw 0x00000007abb828b0 at C:\jdk7u1_64p\jdk7u7\hotspot\src\share\vm\prims\jvm.cpp:1166
Event: 9.340 Thread 0x0000000014715800 Threw 0x00000007abb87e80 at C:\jdk7u1_64p\jdk7u7\hotspot\src\share\vm\prims\jvm.cpp:1166
Event: 9.361 Thread 0x0000000014715800 Threw 0x00000007abb959f0 at C:\jdk7u1_64p\jdk7u7\hotspot\src\share\vm\prims\jvm.cpp:1166
Event: 19.925 Thread 0x0000000013547000 Implicit null exception at 0x00000000023f0878 to 0x00000000023f0b6c

Events (10 events):
Event: 29.360 Executing VM operation: ParallelGCFailedAllocation
Event: 29.360 Executing VM operation: ParallelGCFailedAllocation done
Event: 29.372 Executing VM operation: ParallelGCSystemGC
Event: 29.376 Executing VM operation: ParallelGCSystemGC done
Event: 30.906 loading class 0x000000001482b6e0
Event: 30.906 loading class 0x000000001482b6e0 done
Event: 30.906 loading class 0x0000000014573fe0
Event: 30.906 loading class 0x0000000016d71e30
Event: 30.906 loading class 0x0000000016d71e30 done
Event: 30.906 loading class 0x0000000014573fe0 done


Dynamic libraries:
0x000007f7f0ad0000 - 0x000007f7f0b04000 	F:\Program Files\Java\Jre7\bin\javaw.exe
0x000007f95e1d0000 - 0x000007f95e38e000 	C:\WINDOWS\SYSTEM32\ntdll.dll
0x000007f95d7e0000 - 0x000007f95d916000 	C:\WINDOWS\system32\KERNEL32.DLL
0x000007f95b470000 - 0x000007f95b563000 	C:\WINDOWS\system32\KERNELBASE.dll
0x000007f95ca50000 - 0x000007f95cb2e000 	C:\WINDOWS\system32\ADVAPI32.dll
0x000007f95ce50000 - 0x000007f95cf9c000 	C:\WINDOWS\system32\USER32.dll
0x000007f958910000 - 0x000007f958b79000 	C:\WINDOWS\WinSxS\amd64_microsoft.windows.common-controls_6595b64144ccf1df_6.0.9200.16384_none_418c2a697189c07f\COMCTL32.dll
0x000007f95d590000 - 0x000007f95d635000 	C:\WINDOWS\system32\msvcrt.dll
0x000007f95db40000 - 0x000007f95db88000 	C:\WINDOWS\SYSTEM32\sechost.dll
0x000007f95d6a0000 - 0x000007f95d7e0000 	C:\WINDOWS\system32\RPCRT4.dll
0x000007f95b620000 - 0x000007f95b760000 	C:\WINDOWS\system32\GDI32.dll
0x000007f95dcd0000 - 0x000007f95dd09000 	C:\WINDOWS\system32\IMM32.DLL
0x000007f95cd30000 - 0x000007f95ce45000 	C:\WINDOWS\system32\MSCTF.dll
0x000007f95b0c0000 - 0x000007f95b0c8000 	C:\PROGRA~2\NVIDIA~1\3DVISI~1\NVSTIN~1.DLL
0x000007f95d990000 - 0x000007f95d997000 	C:\WINDOWS\system32\PSAPI.DLL
0x000000006f560000 - 0x000000006f603000 	C:\WINDOWS\WinSxS\amd64_microsoft.vc90.crt_1fc8b3b9a1e18e3b_9.0.30729.6871_none_08e717a5a83adddf\MSVCR90.dll
0x000000006db00000 - 0x000000006dbd1000 	F:\Program Files\Java\Jre7\bin\msvcr100.dll
0x000000006d3e0000 - 0x000000006daff000 	F:\Program Files\Java\Jre7\bin\server\jvm.dll
0x000007f953860000 - 0x000007f953869000 	C:\WINDOWS\SYSTEM32\WSOCK32.dll
0x000007f958800000 - 0x000007f958820000 	C:\WINDOWS\SYSTEM32\WINMM.dll
0x000007f95d920000 - 0x000007f95d978000 	C:\WINDOWS\system32\WS2_32.dll
0x000007f958100000 - 0x000007f958132000 	C:\WINDOWS\SYSTEM32\WINMMBASE.dll
0x000007f95dd10000 - 0x000007f95dd19000 	C:\WINDOWS\system32\NSI.dll
0x000000006d3d0000 - 0x000000006d3df000 	F:\Program Files\Java\Jre7\bin\verify.dll
0x000000006d3a0000 - 0x000000006d3c8000 	F:\Program Files\Java\Jre7\bin\java.dll
0x000000006d380000 - 0x000000006d395000 	F:\Program Files\Java\Jre7\bin\zip.dll
0x000000006c580000 - 0x000000006c713000 	F:\Program Files\Java\Jre7\bin\awt.dll
0x000007f95db90000 - 0x000007f95dc53000 	C:\WINDOWS\system32\OLEAUT32.dll
0x000007f95d3e0000 - 0x000007f95d590000 	C:\WINDOWS\system32\combase.dll
0x000007f955390000 - 0x000007f95542f000 	C:\WINDOWS\system32\apphelp.dll
0x000007f959ec0000 - 0x000007f959fa3000 	C:\WINDOWS\system32\uxtheme.dll
0x000007f9552f0000 - 0x000007f955385000 	C:\Program Files\Common Files\microsoft shared\ink\tiptsf.dll
0x000007f959650000 - 0x000007f959671000 	C:\WINDOWS\SYSTEM32\dwmapi.dll
0x000007f95cfa0000 - 0x000007f95d11e000 	C:\WINDOWS\system32\ole32.dll
0x000007f95af30000 - 0x000007f95af3a000 	C:\WINDOWS\SYSTEM32\CRYPTBASE.dll
0x000007f95aeb0000 - 0x000007f95af0c000 	C:\WINDOWS\SYSTEM32\bcryptPrimitives.dll
0x000007f95b760000 - 0x000007f95ca48000 	C:\WINDOWS\system32\SHELL32.dll
0x000007f95dc80000 - 0x000007f95dcd0000 	C:\WINDOWS\system32\SHLWAPI.dll
0x000007f95a290000 - 0x000007f95a326000 	C:\WINDOWS\SYSTEM32\shcore.dll
0x000000006e430000 - 0x000000006e4c8000 	C:\Windows\System32\msvcp100.dll
0x000007f945e60000 - 0x000007f9460b8000 	C:\opencv\build\x64\vc10\bin\opencv_core243.dll
0x000007f954c40000 - 0x000007f954cd5000 	C:\Users\Jonas\AppData\Local\Temp\javacpp232179267627146\jniopencv_core.dll
0x000007f943c30000 - 0x000007f943ed5000 	C:\opencv\build\x64\vc10\bin\opencv_imgproc243.dll
0x000007f954bf0000 - 0x000007f954c38000 	C:\Users\Jonas\AppData\Local\Temp\javacpp232179267627146\jniopencv_imgproc.dll
0x0000000066840000 - 0x00000000675ca000 	C:\opencv\build\x64\vc10\bin\opencv_ffmpeg243_64.dll
0x000007f9422f0000 - 0x000007f94253b000 	C:\opencv\build\x64\vc10\bin\opencv_highgui243.dll
0x000007f954af0000 - 0x000007f954b10000 	C:\WINDOWS\SYSTEM32\AVIFIL32.dll
0x000007f9547b0000 - 0x000007f9547d9000 	C:\WINDOWS\SYSTEM32\MSVFW32.dll
0x000007f954b70000 - 0x000007f954b87000 	C:\WINDOWS\SYSTEM32\AVICAP32.dll
0x000007f948660000 - 0x000007f948679000 	C:\WINDOWS\SYSTEM32\MSACM32.dll
0x000007f959620000 - 0x000007f959629000 	C:\WINDOWS\SYSTEM32\VERSION.dll
0x000007f954a20000 - 0x000007f954a33000 	C:\Users\Jonas\AppData\Local\Temp\javacpp232179267627146\jniopencv_highgui.dll
0x000007f95cc90000 - 0x000007f95cd26000 	C:\WINDOWS\SYSTEM32\clbcatq.dll
0x000007f954980000 - 0x000007f954997000 	C:\Windows\System32\devenum.dll
0x000007f95e000000 - 0x000007f95e1d0000 	C:\WINDOWS\system32\setupapi.dll
0x000007f95b390000 - 0x000007f95b3df000 	C:\WINDOWS\system32\CFGMGR32.dll
0x000007f95b440000 - 0x000007f95b462000 	C:\WINDOWS\system32\DEVOBJ.dll
0x000007f954440000 - 0x000007f95446e000 	C:\WINDOWS\SYSTEM32\ntmarta.dll
0x000007f95b3e0000 - 0x000007f95b435000 	C:\WINDOWS\system32\WINTRUST.dll
0x000007f95b1b0000 - 0x000007f95b387000 	C:\WINDOWS\system32\CRYPT32.dll
0x000007f95b190000 - 0x000007f95b1a6000 	C:\WINDOWS\system32\MSASN1.dll
0x000007f9587f0000 - 0x000007f9587fd000 	C:\WINDOWS\SYSTEM32\msdmo.dll
0x000007f952370000 - 0x000007f95239f000 	C:\Windows\System32\qcap.dll
0x000007f944d50000 - 0x000007f944f08000 	C:\Windows\System32\quartz.dll
0x000007f951fc0000 - 0x000007f951fff000 	C:\Windows\System32\ksproxy.ax
0x000007f955b30000 - 0x000007f955b37000 	C:\Windows\System32\ksuser.dll
0x000007f94a240000 - 0x000007f94a440000 	C:\Windows\System32\d3d9.dll
0x000007f957430000 - 0x000007f95743c000 	C:\Windows\System32\vidcap.ax
0x000007f952150000 - 0x000007f952174000 	C:\Windows\System32\kswdmcap.ax
0x000007f943950000 - 0x000007f943aa4000 	C:\Windows\System32\MFC42.dll
0x000007f945700000 - 0x000007f9457be000 	C:\Windows\System32\ODBC32.dll
0x000007f945820000 - 0x000007f9458b5000 	C:\Windows\System32\qedit.dll
0x000007f95df50000 - 0x000007f95dff1000 	C:\WINDOWS\system32\COMDLG32.dll
0x000007f95d9a0000 - 0x000007f95db40000 	C:\WINDOWS\WinSxS\amd64_microsoft.windows.gdiplus_6595b64144ccf1df_1.1.9200.16384_none_72771d4ecc1c3a4d\gdiplus.dll
0x000007f942540000 - 0x000007f94262a000 	C:\WINDOWS\SYSTEM32\DDRAW.dll
0x000007f957440000 - 0x000007f957448000 	C:\WINDOWS\SYSTEM32\DCIMAN32.dll
0x000000006c540000 - 0x000000006c574000 	F:\Program Files\Java\Jre7\bin\fontmanager.dll
0x000007f93d8c0000 - 0x000007f93ea40000 	C:\WINDOWS\SYSTEM32\nvd3dumx.dll
0x000007f95afb0000 - 0x000007f95aff3000 	C:\WINDOWS\SYSTEM32\powrprof.dll
0x0000000180000000 - 0x0000000180116000 	C:\Program Files (x86)\NVIDIA Corporation\3D Vision\nvSCPAPI64.dll
0x000007f958830000 - 0x000007f9588a4000 	C:\WINDOWS\SYSTEM32\dxgi.dll
0x000007f957c90000 - 0x000007f957f52000 	C:\WINDOWS\SYSTEM32\nvapi64.dll
0x000007f958140000 - 0x000007f95815f000 	C:\WINDOWS\SYSTEM32\DXGIDebug.dll
0x000000006d360000 - 0x000000006d379000 	F:\Program Files\Java\Jre7\bin\net.dll
0x000007f95a920000 - 0x000007f95a97c000 	C:\WINDOWS\system32\mswsock.dll
0x000000006d340000 - 0x000000006d351000 	F:\Program Files\Java\Jre7\bin\nio.dll
0x000000006c4f0000 - 0x000000006c531000 	F:\Program Files\Java\Jre7\bin\t2k.dll
0x000007f958d90000 - 0x000007f958f1a000 	C:\WINDOWS\SYSTEM32\WindowsCodecs.dll
0x000007f95b0e0000 - 0x000007f95b0f5000 	C:\WINDOWS\SYSTEM32\profapi.dll
0x000007f957fd0000 - 0x000007f958039000 	C:\WINDOWS\SYSTEM32\oleacc.dll
0x000000006c4c0000 - 0x000000006c4ea000 	F:\Program Files\Java\Jre7\bin\dcpr.dll
0x000007f948020000 - 0x000007f948183000 	C:\WINDOWS\SYSTEM32\dbghelp.dll

VM Arguments:
jvm_args: -Dfile.encoding=Cp1252 
java_command: emcscanner.kth.se.Program
Launcher Type: SUN_STANDARD

Environment Variables:
PATH=C:\Program Files (x86)\NVIDIA Corporation\PhysX\Common;C:\WINDOWS\system32;C:\WINDOWS;C:\WINDOWS\System32\Wbem;C:\WINDOWS\System32\WindowsPowerShell\v1.0\;C:\Program Files (x86)\Microsoft SQL Server\90\Tools\binn\;C:\Program Files (x86)\Autodesk\Backburner\;F:\Program Files\MATLAB\R2012a\runtime\win64;F:\Program Files\MATLAB\R2012a\bin;PROGRAMFILES\Internet Explorer;C:\Program Files\Perforce;F:\Program Files\Perforce;C:\Program Files\Microsoft\Web Platform Installer\;C:\Program Files (x86)\Microsoft ASP.NET\ASP.NET Web Pages\v1.0\;C:\Program Files (x86)\Windows Kits\8.0\Windows Performance Toolkit\;C:\Program Files\Microsoft SQL Server\110\Tools\Binn\;F:\Program Files\Perforce\Server
USERNAME=Jonas
OS=Windows_NT
PROCESSOR_IDENTIFIER=Intel64 Family 6 Model 42 Stepping 7, GenuineIntel



---------------  S Y S T E M  ---------------

OS: Windows 8 , 64 bit Build 9200 

CPU:total 8 (4 cores per cpu, 2 threads per core) family 6 model 42 stepping 7, cmov, cx8, fxsr, mmx, sse, sse2, sse3, ssse3, sse4.1, sse4.2, popcnt, avx, ht, tsc, tscinvbit

Memory: 4k page, physical 16751668k(10248464k free), swap 33528884k(23025144k free)

vm_info: Java HotSpot(TM) 64-Bit Server VM (23.3-b01) for windows-amd64 JRE (1.7.0_07-b11), built on Sep  7 2012 01:19:25 by "java_re" with unknown MS VC++:1600

time: Thu Jan 31 16:25:39 2013
elapsed time: 31 seconds

