#
# A fatal error has been detected by the Java Runtime Environment:
#
#  EXCEPTION_ACCESS_VIOLATION (0xc0000005) at pc=0x000000000226d7ca, pid=9844, tid=10180
#
# JRE version: 7.0_07-b11
# Java VM: Java HotSpot(TM) 64-Bit Server VM (23.3-b01 mixed mode windows-amd64 compressed oops)
# Problematic frame:
# J  com.googlecode.javacv.cpp.opencv_core$IplImage.flipCopyWithGamma(Ljava/nio/ByteBuffer;ILjava/nio/ByteBuffer;IZDZI)V
#
# Failed to write core dump. Minidumps are not enabled by default on client versions of Windows
#
# If you would like to submit a bug report, please visit:
#   http://bugreport.sun.com/bugreport/crash.jsp
#

---------------  T H R E A D  ---------------

Current thread (0x00000000133f7800):  JavaThread "threadDisplayCamera" daemon [_thread_in_Java, id=10180, stack(0x0000000015f10000,0x0000000016010000)]

siginfo: ExceptionCode=0xc0000005, reading address 0x0000000018d5ce70

Registers:
RAX=0x000000000000005f, RBX=0x00000000005eec00, RCX=0x0000000000000000, RDX=0x000000001896c050
RSP=0x000000001600eff0, RBP=0x00000007b1a381f8, RSI=0x00000007b14494a8, RDI=0x00000000005eec00
R8 =0x00000000003f0e20, R9 =0x00000000003f0e21, R10=0x000000000000167f, R11=0x00000000005eec00
R12=0x0000000000000000, R13=0x00000000003f0e20, R14=0x000000000000099f, R15=0x00000000133f7800
RIP=0x000000000226d7ca, EFLAGS=0x0000000000010207

Top of Stack: (sp=0x000000001600eff0)
0x000000001600eff0:   000000001600f038 00000006fb559128
0x000000001600f000:   00000006fc5e47f0 00000006fb556ea0
0x000000001600f010:   3ff0000000000000 00000007b1a381b8
0x000000001600f020:   00000007b1a381f8 3ff0000000000000
0x000000001600f030:   003f048000000000 df6ab9ce003f0480
0x000000001600f040:   00001680df6c65d4 0000000000001680
0x000000001600f050:   00000007b1a38228 00001680ffffffff
0x000000001600f060:   00000007b1a381f8 00000007b1a381b8
0x000000001600f070:   3ff00000f6289295 00000000021d28d9
0x000000001600f080:   00000006fb9c6d08 00000007b1a380b8
0x000000001600f090:   00000006fb7b7948 0000000000000000
0x000000001600f0a0:   000000001600f158 00000000021c61f8
0x000000001600f0b0:   0000000000000000 0000000000000000
0x000000001600f0c0:   00000006fbb3fbd8 00000000021c61f8
0x000000001600f0d0:   0000000000000000 0000000000000000
0x000000001600f0e0:   3ff0000000000000 00000000021c63d3 

Instructions: (pc=0x000000000226d7ca)
0x000000000226d7aa:   10 44 3b c7 0f 8d 26 01 00 00 45 8b c8 41 ff c1
0x000000000226d7ba:   44 89 4d 18 48 8b 6c 24 70 44 8b 6d 18 4d 63 c0
0x000000000226d7ca:   42 0f b6 04 02 44 3b eb 0f 8d 32 01 00 00 45 8b
0x000000000226d7da:   cd 44 03 c9 41 ff c5 44 89 6d 18 45 3b cb 0f 83 


Register to memory mapping:

RAX=0x000000000000005f is an unknown value
RBX=0x00000000005eec00 is an unknown value
RCX=0x0000000000000000 is an unknown value
RDX=0x000000001896c050 is an unknown value
RSP=0x000000001600eff0 is pointing into the stack for thread: 0x00000000133f7800
RBP=0x00000007b1a381f8 is an oop
java.nio.HeapByteBuffer 
 - klass: 'java/nio/HeapByteBuffer'
RSI=0x00000007b14494a8 is an oop
[B 
 - klass: {type array byte}
 - length: 6220800
RDI=0x00000000005eec00 is an unknown value
R8 =0x00000000003f0e20 is an unknown value
R9 =0x00000000003f0e21 is an unknown value
R10=0x000000000000167f is an unknown value
R11=0x00000000005eec00 is an unknown value
R12=0x0000000000000000 is an unknown value
R13=0x00000000003f0e20 is an unknown value
R14=0x000000000000099f is an unknown value
R15=0x00000000133f7800 is a thread


Stack: [0x0000000015f10000,0x0000000016010000],  sp=0x000000001600eff0,  free space=1019k
Native frames: (J=compiled Java code, j=interpreted, Vv=VM code, C=native code)
J  com.googlecode.javacv.cpp.opencv_core$IplImage.flipCopyWithGamma(Ljava/nio/ByteBuffer;ILjava/nio/ByteBuffer;IZDZI)V


---------------  P R O C E S S  ---------------

Java Threads: ( => current thread )
  0x00000000147b6800 JavaThread "ICEpdf-pagePainter" daemon [_thread_blocked, id=3096, stack(0x0000000025680000,0x0000000025780000)]
  0x00000000147ba000 JavaThread "ICEpdf-pageInitializer" daemon [_thread_blocked, id=8656, stack(0x0000000025580000,0x0000000025680000)]
  0x00000000147b9000 JavaThread "DestroyJavaVM" [_thread_blocked, id=5112, stack(0x0000000001fc0000,0x00000000020c0000)]
  0x00000000147b7800 JavaThread "D3D Screen Updater" daemon [_thread_blocked, id=10192, stack(0x0000000025480000,0x0000000025580000)]
  0x00000000147b6000 JavaThread "TimerQueue" daemon [_thread_blocked, id=4752, stack(0x0000000023ee0000,0x0000000023fe0000)]
  0x0000000014810800 JavaThread "threadDisplayDensity" daemon [_thread_blocked, id=9396, stack(0x000000001f200000,0x000000001f300000)]
  0x00000000143f2000 JavaThread "AWT-EventQueue-0" [_thread_in_native, id=5160, stack(0x000000001d630000,0x000000001d730000)]
  0x00000000143f1800 JavaThread "threadDisplay" daemon [_thread_blocked, id=5896, stack(0x000000001d530000,0x000000001d630000)]
  0x0000000014400800 JavaThread "threadDisplay" daemon [_thread_in_Java, id=7720, stack(0x000000001b3c0000,0x000000001b4c0000)]
  0x0000000014465800 JavaThread "AWT-Shutdown" [_thread_blocked, id=10028, stack(0x0000000016010000,0x0000000016110000)]
=>0x00000000133f7800 JavaThread "threadDisplayCamera" daemon [_thread_in_Java, id=10180, stack(0x0000000015f10000,0x0000000016010000)]
  0x00000000133f8800 JavaThread "AWT-Windows" daemon [_thread_in_native, id=1284, stack(0x0000000013ce0000,0x0000000013de0000)]
  0x00000000133f6800 JavaThread "Java2D Disposer" daemon [_thread_blocked, id=1440, stack(0x0000000013ae0000,0x0000000013be0000)]
  0x0000000010ce2800 JavaThread "Service Thread" daemon [_thread_blocked, id=8632, stack(0x00000000130e0000,0x00000000131e0000)]
  0x0000000010ce0000 JavaThread "C2 CompilerThread1" daemon [_thread_blocked, id=9684, stack(0x0000000012fe0000,0x00000000130e0000)]
  0x0000000010cd9000 JavaThread "C2 CompilerThread0" daemon [_thread_blocked, id=10132, stack(0x0000000012ee0000,0x0000000012fe0000)]
  0x0000000010cd8000 JavaThread "Attach Listener" daemon [_thread_blocked, id=4944, stack(0x0000000012de0000,0x0000000012ee0000)]
  0x0000000010ccb000 JavaThread "Signal Dispatcher" daemon [_thread_blocked, id=9292, stack(0x0000000012ce0000,0x0000000012de0000)]
  0x0000000010c6e800 JavaThread "Finalizer" daemon [_thread_blocked, id=10168, stack(0x0000000012be0000,0x0000000012ce0000)]
  0x0000000010c67000 JavaThread "Reference Handler" daemon [_thread_blocked, id=10188, stack(0x0000000012ae0000,0x0000000012be0000)]

Other Threads:
  0x0000000010c62000 VMThread [stack: 0x00000000129e0000,0x0000000012ae0000] [id=4388]
  0x0000000010cff800 WatcherThread [stack: 0x00000000131e0000,0x00000000132e0000] [id=9404]

VM state:not at safepoint (normal execution)

VM Mutex/Monitor currently owned by a thread: None

Heap
 PSYoungGen      total 744128K, used 141096K [0x00000007aacb0000, 0x00000007f2980000, 0x0000000800000000)
  eden space 719488K, 16% used [0x00000007aacb0000,0x00000007b1e6c638,0x00000007d6b50000)
  from space 24640K, 99% used [0x00000007f1170000,0x00000007f297dab0,0x00000007f2980000)
  to   space 48192K, 0% used [0x00000007ecb60000,0x00000007ecb60000,0x00000007efa70000)
 ParOldGen       total 126912K, used 92817K [0x0000000700600000, 0x00000007081f0000, 0x00000007aacb0000)
  object space 126912K, 73% used [0x0000000700600000,0x00000007060a4640,0x00000007081f0000)
 PSPermGen       total 36800K, used 18379K [0x00000006fb400000, 0x00000006fd7f0000, 0x0000000700600000)
  object space 36800K, 49% used [0x00000006fb400000,0x00000006fc5f2c48,0x00000006fd7f0000)

Card table byte_map: [0x0000000005280000,0x0000000005ab0000] byte_map_base: 0x0000000001aa6000

Polling page: 0x00000000006c0000

Code Cache  [0x00000000021c0000, 0x0000000002430000, 0x00000000051c0000)
 total_blobs=1150 nmethods=560 adapters=540 free_code_cache=47226Kb largest_free_block=48321472

Compilation events (10 events):
Event: 47.854 Thread 0x0000000010ce0000  572             sun.java2d.d3d.D3DRenderQueue::flushNow (6 bytes)
Event: 47.857 Thread 0x0000000010ce0000 nmethod 572 0x000000000238c390 code [0x000000000238c4e0, 0x000000000238c6e8]
Event: 48.671 Thread 0x0000000010cd9000  573             java.awt.EventQueue::eventToCacheIndex (69 bytes)
Event: 48.671 Thread 0x0000000010cd9000 nmethod 573 0x00000000023a6050 code [0x00000000023a6180, 0x00000000023a6238]
Event: 48.905 Thread 0x0000000010ce0000  574             sun.java2d.loops.Blit::getFromCache (132 bytes)
Event: 48.906 Thread 0x0000000010ce0000 nmethod 574 0x00000000023a40d0 code [0x00000000023a4220, 0x00000000023a4308]
Event: 49.796 Thread 0x0000000010ce0000  576             sun.java2d.pipe.DrawImage::blitSurfaceData (145 bytes)
Event: 49.796 Thread 0x0000000010cd9000  575   !         sun.java2d.pipe.DrawImage::renderImageCopy (149 bytes)
Event: 49.800 Thread 0x0000000010ce0000 nmethod 576 0x00000000023a34d0 code [0x00000000023a3640, 0x00000000023a3bc8]
Event: 49.803 Thread 0x0000000010cd9000 nmethod 575 0x00000000023a62d0 code [0x00000000023a64c0, 0x00000000023a6c80]

GC Heap History (10 events):
Event: 43.605 GC heap before
{Heap before GC invocations=25 (full 1):
 PSYoungGen      total 919552K, used 918353K [0x00000007aacb0000, 0x00000007f6a40000, 0x0000000800000000)
  eden space 907392K, 99% used [0x00000007aacb0000,0x00000007e21a6368,0x00000007e22d0000)
  from space 12160K, 99% used [0x00000007f3830000,0x00000007f440e2a0,0x00000007f4410000)
  to   space 39104K, 0% used [0x00000007f4410000,0x00000007f4410000,0x00000007f6a40000)
 ParOldGen       total 126912K, used 75077K [0x0000000700600000, 0x00000007081f0000, 0x00000007aacb0000)
  object space 126912K, 59% used [0x0000000700600000,0x0000000704f51690,0x00000007081f0000)
 PSPermGen       total 36800K, used 18367K [0x00000006fb400000, 0x00000006fd7f0000, 0x0000000700600000)
  object space 36800K, 49% used [0x00000006fb400000,0x00000006fc5eff40,0x00000006fd7f0000)
Event: 43.613 GC heap after
Heap after GC invocations=25 (full 1):
 PSYoungGen      total 902080K, used 36136K [0x00000007aacb0000, 0x00000007f6760000, 0x0000000800000000)
  eden space 865920K, 0% used [0x00000007aacb0000,0x00000007aacb0000,0x00000007dfa50000)
  from space 36160K, 99% used [0x00000007f4410000,0x00000007f675a3e0,0x00000007f6760000)
  to   space 46656K, 0% used [0x00000007f0c40000,0x00000007f0c40000,0x00000007f39d0000)
 ParOldGen       total 126912K, used 87227K [0x0000000700600000, 0x00000007081f0000, 0x00000007aacb0000)
  object space 126912K, 68% used [0x0000000700600000,0x0000000705b2eeb0,0x00000007081f0000)
 PSPermGen       total 36800K, used 18367K [0x00000006fb400000, 0x00000006fd7f0000, 0x0000000700600000)
  object space 36800K, 49% used [0x00000006fb400000,0x00000006fc5eff40,0x00000006fd7f0000)
}
Event: 45.528 GC heap before
{Heap before GC invocations=26 (full 1):
 PSYoungGen      total 902080K, used 900405K [0x00000007aacb0000, 0x00000007f6760000, 0x0000000800000000)
  eden space 865920K, 99% used [0x00000007aacb0000,0x00000007df8b3198,0x00000007dfa50000)
  from space 36160K, 99% used [0x00000007f4410000,0x00000007f675a3e0,0x00000007f6760000)
  to   space 46656K, 0% used [0x00000007f0c40000,0x00000007f0c40000,0x00000007f39d0000)
 ParOldGen       total 126912K, used 87227K [0x0000000700600000, 0x00000007081f0000, 0x00000007aacb0000)
  object space 126912K, 68% used [0x0000000700600000,0x0000000705b2eeb0,0x00000007081f0000)
 PSPermGen       total 36800K, used 18370K [0x00000006fb400000, 0x00000006fd7f0000, 0x0000000700600000)
  object space 36800K, 49% used [0x00000006fb400000,0x00000006fc5f0ba0,0x00000006fd7f0000)
Event: 45.536 GC heap after
Heap after GC invocations=26 (full 1):
 PSYoungGen      total 856704K, used 30188K [0x00000007aacb0000, 0x00000007f4420000, 0x0000000800000000)
  eden space 826496K, 0% used [0x00000007aacb0000,0x00000007aacb0000,0x00000007dd3d0000)
  from space 30208K, 99% used [0x00000007f0c40000,0x00000007f29bb240,0x00000007f29c0000)
  to   space 27008K, 0% used [0x00000007f29c0000,0x00000007f29c0000,0x00000007f4420000)
 ParOldGen       total 126912K, used 87227K [0x0000000700600000, 0x00000007081f0000, 0x00000007aacb0000)
  object space 126912K, 68% used [0x0000000700600000,0x0000000705b2eeb0,0x00000007081f0000)
 PSPermGen       total 36800K, used 18370K [0x00000006fb400000, 0x00000006fd7f0000, 0x0000000700600000)
  object space 36800K, 49% used [0x00000006fb400000,0x00000006fc5f0ba0,0x00000006fd7f0000)
}
Event: 47.406 GC heap before
{Heap before GC invocations=27 (full 1):
 PSYoungGen      total 856704K, used 854818K [0x00000007aacb0000, 0x00000007f4420000, 0x0000000800000000)
  eden space 826496K, 99% used [0x00000007aacb0000,0x00000007dd1fd848,0x00000007dd3d0000)
  from space 30208K, 99% used [0x00000007f0c40000,0x00000007f29bb240,0x00000007f29c0000)
  to   space 27008K, 0% used [0x00000007f29c0000,0x00000007f29c0000,0x00000007f4420000)
 ParOldGen       total 126912K, used 87227K [0x0000000700600000, 0x00000007081f0000, 0x00000007aacb0000)
  object space 126912K, 68% used [0x0000000700600000,0x0000000705b2eeb0,0x00000007081f0000)
 PSPermGen       total 36800K, used 18373K [0x00000006fb400000, 0x00000006fd7f0000, 0x0000000700600000)
  object space 36800K, 49% used [0x00000006fb400000,0x00000006fc5f1488,0x00000006fd7f0000)
Event: 47.411 GC heap after
Heap after GC invocations=27 (full 1):
 PSYoungGen      total 812992K, used 23986K [0x00000007aacb0000, 0x00000007f4130000, 0x0000000800000000)
  eden space 788992K, 0% used [0x00000007aacb0000,0x00000007aacb0000,0x00000007daf30000)
  from space 24000K, 99% used [0x00000007f29c0000,0x00000007f412cbc0,0x00000007f4130000)
  to   space 45632K, 0% used [0x00000007ee810000,0x00000007ee810000,0x00000007f14a0000)
 ParOldGen       total 126912K, used 87227K [0x0000000700600000, 0x00000007081f0000, 0x00000007aacb0000)
  object space 126912K, 68% used [0x0000000700600000,0x0000000705b2eeb0,0x00000007081f0000)
 PSPermGen       total 36800K, used 18373K [0x00000006fb400000, 0x00000006fd7f0000, 0x0000000700600000)
  object space 36800K, 49% used [0x00000006fb400000,0x00000006fc5f1488,0x00000006fd7f0000)
}
Event: 49.189 GC heap before
{Heap before GC invocations=28 (full 1):
 PSYoungGen      total 812992K, used 811178K [0x00000007aacb0000, 0x00000007f4130000, 0x0000000800000000)
  eden space 788992K, 99% used [0x00000007aacb0000,0x00000007dad6dda0,0x00000007daf30000)
  from space 24000K, 99% used [0x00000007f29c0000,0x00000007f412cbc0,0x00000007f4130000)
  to   space 45632K, 0% used [0x00000007ee810000,0x00000007ee810000,0x00000007f14a0000)
 ParOldGen       total 126912K, used 87227K [0x0000000700600000, 0x00000007081f0000, 0x00000007aacb0000)
  object space 126912K, 68% used [0x0000000700600000,0x0000000705b2eeb0,0x00000007081f0000)
 PSPermGen       total 36800K, used 18376K [0x00000006fb400000, 0x00000006fd7f0000, 0x0000000700600000)
  object space 36800K, 49% used [0x00000006fb400000,0x00000006fc5f2370,0x00000006fd7f0000)
Event: 49.196 GC heap after
Heap after GC invocations=28 (full 1):
 PSYoungGen      total 795712K, used 42338K [0x00000007aacb0000, 0x00000007f29d0000, 0x0000000800000000)
  eden space 753344K, 0% used [0x00000007aacb0000,0x00000007aacb0000,0x00000007d8c60000)
  from space 42368K, 99% used [0x00000007ee810000,0x00000007f1168a40,0x00000007f1170000)
  to   space 24960K, 0% used [0x00000007f1170000,0x00000007f1170000,0x00000007f29d0000)
 ParOldGen       total 126912K, used 87227K [0x0000000700600000, 0x00000007081f0000, 0x00000007aacb0000)
  object space 126912K, 68% used [0x0000000700600000,0x0000000705b2eeb0,0x00000007081f0000)
 PSPermGen       total 36800K, used 18376K [0x00000006fb400000, 0x00000006fd7f0000, 0x0000000700600000)
  object space 36800K, 49% used [0x00000006fb400000,0x00000006fc5f2370,0x00000006fd7f0000)
}
Event: 50.834 GC heap before
{Heap before GC invocations=29 (full 1):
 PSYoungGen      total 795712K, used 789649K [0x00000007aacb0000, 0x00000007f29d0000, 0x0000000800000000)
  eden space 753344K, 99% used [0x00000007aacb0000,0x00000007d867bb60,0x00000007d8c60000)
  from space 42368K, 99% used [0x00000007ee810000,0x00000007f1168a40,0x00000007f1170000)
  to   space 24960K, 0% used [0x00000007f1170000,0x00000007f1170000,0x00000007f29d0000)
 ParOldGen       total 126912K, used 87227K [0x0000000700600000, 0x00000007081f0000, 0x00000007aacb0000)
  object space 126912K, 68% used [0x0000000700600000,0x0000000705b2eeb0,0x00000007081f0000)
 PSPermGen       total 36800K, used 18379K [0x00000006fb400000, 0x00000006fd7f0000, 0x0000000700600000)
  object space 36800K, 49% used [0x00000006fb400000,0x00000006fc5f2c48,0x00000006fd7f0000)
Event: 50.838 GC heap after
Heap after GC invocations=29 (full 1):
 PSYoungGen      total 744128K, used 24630K [0x00000007aacb0000, 0x00000007f2980000, 0x0000000800000000)
  eden space 719488K, 0% used [0x00000007aacb0000,0x00000007aacb0000,0x00000007d6b50000)
  from space 24640K, 99% used [0x00000007f1170000,0x00000007f297dab0,0x00000007f2980000)
  to   space 48192K, 0% used [0x00000007ecb60000,0x00000007ecb60000,0x00000007efa70000)
 ParOldGen       total 126912K, used 92817K [0x0000000700600000, 0x00000007081f0000, 0x00000007aacb0000)
  object space 126912K, 73% used [0x0000000700600000,0x00000007060a4640,0x00000007081f0000)
 PSPermGen       total 36800K, used 18379K [0x00000006fb400000, 0x00000006fd7f0000, 0x0000000700600000)
  object space 36800K, 49% used [0x00000006fb400000,0x00000006fc5f2c48,0x00000006fd7f0000)
}

Deoptimization events (10 events):
Event: 3.953 Thread 0x00000000147ba000 Uncommon trap -83 fr.pc 0x0000000002295ef4
Event: 4.010 Thread 0x00000000147ba000 Uncommon trap -83 fr.pc 0x00000000022947c4
Event: 4.028 Thread 0x00000000147ba000 Uncommon trap -83 fr.pc 0x00000000022ab968
Event: 4.082 Thread 0x00000000147ba000 Uncommon trap -83 fr.pc 0x000000000223d608
Event: 4.113 Thread 0x00000000147ba000 Uncommon trap -83 fr.pc 0x00000000022acd58
Event: 4.345 Thread 0x00000000147b6800 Uncommon trap -83 fr.pc 0x00000000022dfafc
Event: 10.054 Thread 0x0000000014400800 Uncommon trap -12 fr.pc 0x0000000002317d78
Event: 16.172 Thread 0x00000000143f2000 Uncommon trap -12 fr.pc 0x0000000002333f80
Event: 18.225 Thread 0x00000000143f2000 Uncommon trap -83 fr.pc 0x00000000023337dc
Event: 18.232 Thread 0x00000000143f2000 Uncommon trap -12 fr.pc 0x00000000023353c4

Internal exceptions (10 events):
Event: 4.181 Thread 0x00000000147ba000 Threw 0x00000007abc418c0 at C:\jdk7u1_64p\jdk7u7\hotspot\src\share\vm\prims\jvm.cpp:1166
Event: 4.181 Thread 0x00000000147ba000 Threw 0x00000007abc447e0 at C:\jdk7u1_64p\jdk7u7\hotspot\src\share\vm\prims\jvm.cpp:1166
Event: 4.182 Thread 0x00000000147ba000 Threw 0x00000007abc47990 at C:\jdk7u1_64p\jdk7u7\hotspot\src\share\vm\prims\jvm.cpp:1166
Event: 4.183 Thread 0x00000000147ba000 Threw 0x00000007abc4a8b0 at C:\jdk7u1_64p\jdk7u7\hotspot\src\share\vm\prims\jvm.cpp:1166
Event: 4.328 Thread 0x00000000147b6800 Threw 0x00000007ae9af3b8 at C:\jdk7u1_64p\jdk7u7\hotspot\src\share\vm\prims\jvm.cpp:1166
Event: 4.333 Thread 0x00000000147b6800 Threw 0x00000007ae9bfc48 at C:\jdk7u1_64p\jdk7u7\hotspot\src\share\vm\prims\jvm.cpp:1166
Event: 4.534 Thread 0x00000000147b6800 Threw 0x00000007b27a5238 at C:\jdk7u1_64p\jdk7u7\hotspot\src\share\vm\prims\jvm.cpp:1166
Event: 10.054 Thread 0x0000000014400800 Implicit null exception at 0x0000000002317a78 to 0x0000000002317d6c
Event: 16.172 Thread 0x00000000143f2000 Implicit null exception at 0x0000000002333c24 to 0x0000000002333f75
Event: 18.232 Thread 0x00000000143f2000 Implicit null exception at 0x0000000002334f84 to 0x00000000023353b9

Events (10 events):
Event: 43.605 Executing VM operation: ParallelGCFailedAllocation
Event: 43.613 Executing VM operation: ParallelGCFailedAllocation done
Event: 45.528 Executing VM operation: ParallelGCFailedAllocation
Event: 45.536 Executing VM operation: ParallelGCFailedAllocation done
Event: 47.406 Executing VM operation: ParallelGCFailedAllocation
Event: 47.411 Executing VM operation: ParallelGCFailedAllocation done
Event: 49.189 Executing VM operation: ParallelGCFailedAllocation
Event: 49.196 Executing VM operation: ParallelGCFailedAllocation done
Event: 50.834 Executing VM operation: ParallelGCFailedAllocation
Event: 50.838 Executing VM operation: ParallelGCFailedAllocation done


Dynamic libraries:
0x000007f798e80000 - 0x000007f798eb4000 	F:\Program Files\Java\Jre7\bin\javaw.exe
0x000007ffd0010000 - 0x000007ffd01ce000 	C:\WINDOWS\SYSTEM32\ntdll.dll
0x000007ffcd650000 - 0x000007ffcd786000 	C:\WINDOWS\system32\KERNEL32.DLL
0x000007ffcd360000 - 0x000007ffcd453000 	C:\WINDOWS\system32\KERNELBASE.dll
0x000007ffcdad0000 - 0x000007ffcdbae000 	C:\WINDOWS\system32\ADVAPI32.dll
0x000007ffcf8a0000 - 0x000007ffcf9ec000 	C:\WINDOWS\system32\USER32.dll
0x000007ffca740000 - 0x000007ffca9a9000 	C:\WINDOWS\WinSxS\amd64_microsoft.windows.common-controls_6595b64144ccf1df_6.0.9200.16384_none_418c2a697189c07f\COMCTL32.dll
0x000007ffcd940000 - 0x000007ffcd9e5000 	C:\WINDOWS\system32\msvcrt.dll
0x000007ffcd460000 - 0x000007ffcd4a8000 	C:\WINDOWS\SYSTEM32\sechost.dll
0x000007ffcf760000 - 0x000007ffcf8a0000 	C:\WINDOWS\system32\RPCRT4.dll
0x000007ffcdec0000 - 0x000007ffce000000 	C:\WINDOWS\system32\GDI32.dll
0x000007ffcda90000 - 0x000007ffcdac9000 	C:\WINDOWS\system32\IMM32.DLL
0x000007ffcf9f0000 - 0x000007ffcfb05000 	C:\WINDOWS\system32\MSCTF.dll
0x000007ffccf00000 - 0x000007ffccf08000 	C:\PROGRA~2\NVIDIA~1\3DVISI~1\NVSTIN~1.DLL
0x000007ffcda80000 - 0x000007ffcda87000 	C:\WINDOWS\system32\PSAPI.DLL
0x0000000061700000 - 0x00000000617a3000 	C:\WINDOWS\WinSxS\amd64_microsoft.vc90.crt_1fc8b3b9a1e18e3b_9.0.30729.6871_none_08e717a5a83adddf\MSVCR90.dll
0x000000005f150000 - 0x000000005f221000 	F:\Program Files\Java\Jre7\bin\msvcr100.dll
0x000000005ea30000 - 0x000000005f14f000 	F:\Program Files\Java\Jre7\bin\server\jvm.dll
0x000007ffc53f0000 - 0x000007ffc53f9000 	C:\WINDOWS\SYSTEM32\WSOCK32.dll
0x000007ffca070000 - 0x000007ffca090000 	C:\WINDOWS\SYSTEM32\WINMM.dll
0x000007ffcffb0000 - 0x000007ffd0008000 	C:\WINDOWS\system32\WS2_32.dll
0x000007ffc9f70000 - 0x000007ffc9fa2000 	C:\WINDOWS\SYSTEM32\WINMMBASE.dll
0x000007ffcfb10000 - 0x000007ffcfb19000 	C:\WINDOWS\system32\NSI.dll
0x000000005ea20000 - 0x000000005ea2f000 	F:\Program Files\Java\Jre7\bin\verify.dll
0x000000005e9f0000 - 0x000000005ea18000 	F:\Program Files\Java\Jre7\bin\java.dll
0x000000005e9d0000 - 0x000000005e9e5000 	F:\Program Files\Java\Jre7\bin\zip.dll
0x000000005e7c0000 - 0x000000005e953000 	F:\Program Files\Java\Jre7\bin\awt.dll
0x000007ffcdbb0000 - 0x000007ffcdc73000 	C:\WINDOWS\system32\OLEAUT32.dll
0x000007ffcd790000 - 0x000007ffcd940000 	C:\WINDOWS\system32\combase.dll
0x000007ffc7130000 - 0x000007ffc71cf000 	C:\WINDOWS\system32\apphelp.dll
0x000007ffcbd00000 - 0x000007ffcbde3000 	C:\WINDOWS\system32\uxtheme.dll
0x000007ffc71e0000 - 0x000007ffc7275000 	C:\Program Files\Common Files\microsoft shared\ink\tiptsf.dll
0x000007ffcae20000 - 0x000007ffcae41000 	C:\WINDOWS\SYSTEM32\dwmapi.dll
0x000007ffce000000 - 0x000007ffce17e000 	C:\WINDOWS\system32\ole32.dll
0x000007ffccd70000 - 0x000007ffccd7a000 	C:\WINDOWS\SYSTEM32\CRYPTBASE.dll
0x000007ffcccf0000 - 0x000007ffccd4c000 	C:\WINDOWS\SYSTEM32\bcryptPrimitives.dll
0x000007ffce470000 - 0x000007ffcf758000 	C:\WINDOWS\system32\SHELL32.dll
0x000007ffcff60000 - 0x000007ffcffb0000 	C:\WINDOWS\system32\SHLWAPI.dll
0x000007ffcc0d0000 - 0x000007ffcc166000 	C:\WINDOWS\SYSTEM32\shcore.dll
0x00000000605d0000 - 0x0000000060668000 	C:\Windows\System32\msvcp100.dll
0x000007ffb34d0000 - 0x000007ffb3728000 	C:\opencv\build\x64\vc10\bin\opencv_core243.dll
0x000007ffc3eb0000 - 0x000007ffc3f45000 	C:\Users\Jonas\AppData\Local\Temp\javacpp103471273729947\jniopencv_core.dll
0x000007ffb1440000 - 0x000007ffb16e5000 	C:\opencv\build\x64\vc10\bin\opencv_imgproc243.dll
0x000007ffc3e60000 - 0x000007ffc3ea8000 	C:\Users\Jonas\AppData\Local\Temp\javacpp103471273729947\jniopencv_imgproc.dll
0x0000000066840000 - 0x00000000675ca000 	C:\opencv\build\x64\vc10\bin\opencv_ffmpeg243_64.dll
0x000007ffb11f0000 - 0x000007ffb143b000 	C:\opencv\build\x64\vc10\bin\opencv_highgui243.dll
0x000007ffc9d70000 - 0x000007ffc9d90000 	C:\WINDOWS\SYSTEM32\AVIFIL32.dll
0x000007ffc69e0000 - 0x000007ffc6a09000 	C:\WINDOWS\SYSTEM32\MSVFW32.dll
0x000007ffc6a10000 - 0x000007ffc6a27000 	C:\WINDOWS\SYSTEM32\AVICAP32.dll
0x000007ffba340000 - 0x000007ffba359000 	C:\WINDOWS\SYSTEM32\MSACM32.dll
0x000007ffcacb0000 - 0x000007ffcacb9000 	C:\WINDOWS\SYSTEM32\VERSION.dll
0x000007ffc6800000 - 0x000007ffc6813000 	C:\Users\Jonas\AppData\Local\Temp\javacpp103471273729947\jniopencv_highgui.dll
0x000007ffce1b0000 - 0x000007ffce246000 	C:\WINDOWS\SYSTEM32\clbcatq.dll
0x000007ffc6790000 - 0x000007ffc67a7000 	C:\Windows\System32\devenum.dll
0x000007ffcdc80000 - 0x000007ffcde50000 	C:\WINDOWS\system32\setupapi.dll
0x000007ffcd020000 - 0x000007ffcd06f000 	C:\WINDOWS\system32\CFGMGR32.dll
0x000007ffccff0000 - 0x000007ffcd012000 	C:\WINDOWS\system32\DEVOBJ.dll
0x000007ffc5fd0000 - 0x000007ffc5ffe000 	C:\WINDOWS\SYSTEM32\ntmarta.dll
0x000007ffcd070000 - 0x000007ffcd0c5000 	C:\WINDOWS\system32\WINTRUST.dll
0x000007ffcd0d0000 - 0x000007ffcd2a7000 	C:\WINDOWS\system32\CRYPT32.dll
0x000007ffccfd0000 - 0x000007ffccfe6000 	C:\WINDOWS\system32\MSASN1.dll
0x000007ffc92d0000 - 0x000007ffc92dd000 	C:\WINDOWS\SYSTEM32\msdmo.dll
0x000007ffc3e30000 - 0x000007ffc3e5f000 	C:\Windows\System32\qcap.dll
0x000007ffb1900000 - 0x000007ffb1ab8000 	C:\Windows\System32\quartz.dll
0x000007ffbc4d0000 - 0x000007ffbc50f000 	C:\Windows\System32\ksproxy.ax
0x000007ffba390000 - 0x000007ffba397000 	C:\Windows\System32\ksuser.dll
0x000007ffbbc60000 - 0x000007ffbbe60000 	C:\Windows\System32\d3d9.dll
0x000007ffc7800000 - 0x000007ffc780c000 	C:\Windows\System32\vidcap.ax
0x000007ffbc4a0000 - 0x000007ffbc4c4000 	C:\Windows\System32\kswdmcap.ax
0x000007ffb6280000 - 0x000007ffb63d4000 	C:\Windows\System32\MFC42.dll
0x000007ffb9c50000 - 0x000007ffb9d0e000 	C:\Windows\System32\ODBC32.dll
0x000007ffb7f20000 - 0x000007ffb7fb5000 	C:\Windows\System32\qedit.dll
0x000007ffcfeb0000 - 0x000007ffcff51000 	C:\WINDOWS\system32\COMDLG32.dll
0x000007ffcd4b0000 - 0x000007ffcd650000 	C:\WINDOWS\WinSxS\amd64_microsoft.windows.gdiplus_6595b64144ccf1df_1.1.9200.16384_none_72771d4ecc1c3a4d\gdiplus.dll
0x000007ffb38f0000 - 0x000007ffb39da000 	C:\WINDOWS\SYSTEM32\DDRAW.dll
0x000007ffc7970000 - 0x000007ffc7978000 	C:\WINDOWS\SYSTEM32\DCIMAN32.dll
0x000000005e780000 - 0x000000005e7b4000 	F:\Program Files\Java\Jre7\bin\fontmanager.dll
0x000007ffb4b50000 - 0x000007ffb5cd0000 	C:\WINDOWS\SYSTEM32\nvd3dumx.dll
0x000007ffccdf0000 - 0x000007ffcce33000 	C:\WINDOWS\SYSTEM32\powrprof.dll
0x0000000180000000 - 0x0000000180116000 	C:\Program Files (x86)\NVIDIA Corporation\3D Vision\nvSCPAPI64.dll
0x000007ffca330000 - 0x000007ffca3a4000 	C:\WINDOWS\SYSTEM32\dxgi.dll
0x000007ffc9a40000 - 0x000007ffc9d02000 	C:\WINDOWS\SYSTEM32\nvapi64.dll
0x000007ffc9f50000 - 0x000007ffc9f6f000 	C:\WINDOWS\SYSTEM32\DXGIDebug.dll
0x000000005e9b0000 - 0x000000005e9c9000 	F:\Program Files\Java\Jre7\bin\net.dll
0x000007ffcc760000 - 0x000007ffcc7bc000 	C:\WINDOWS\system32\mswsock.dll
0x000000005e990000 - 0x000000005e9a1000 	F:\Program Files\Java\Jre7\bin\nio.dll
0x000000005e730000 - 0x000000005e771000 	F:\Program Files\Java\Jre7\bin\t2k.dll
0x000007ffca9b0000 - 0x000007ffcab3a000 	C:\WINDOWS\SYSTEM32\WindowsCodecs.dll
0x000007ffccf20000 - 0x000007ffccf35000 	C:\WINDOWS\SYSTEM32\profapi.dll
0x000007ffc8ca0000 - 0x000007ffc8d09000 	C:\WINDOWS\SYSTEM32\oleacc.dll
0x000000005e700000 - 0x000000005e72a000 	F:\Program Files\Java\Jre7\bin\dcpr.dll

VM Arguments:
jvm_args: -Dfile.encoding=Cp1252 
java_command: emcscanner.kth.se.Program
Launcher Type: SUN_STANDARD

Environment Variables:
PATH=C:\Program Files (x86)\NVIDIA Corporation\PhysX\Common;C:\WINDOWS\system32;C:\WINDOWS;C:\WINDOWS\System32\Wbem;C:\WINDOWS\System32\WindowsPowerShell\v1.0\;C:\Program Files (x86)\Microsoft SQL Server\90\Tools\binn\;C:\Program Files (x86)\Autodesk\Backburner\;F:\Program Files\MATLAB\R2012a\runtime\win64;F:\Program Files\MATLAB\R2012a\bin;C:\Program Files\Internet Explorer;C:\Program Files\Perforce;F:\Program Files\Perforce;C:\Program Files\Microsoft\Web Platform Installer\;C:\Program Files (x86)\Microsoft ASP.NET\ASP.NET Web Pages\v1.0\;C:\Program Files (x86)\Windows Kits\8.0\Windows Performance Toolkit\;C:\Program Files\Microsoft SQL Server\110\Tools\Binn\;F:\Program Files\Perforce\Server
USERNAME=Jonas
OS=Windows_NT
PROCESSOR_IDENTIFIER=Intel64 Family 6 Model 42 Stepping 7, GenuineIntel



---------------  S Y S T E M  ---------------

OS: Windows 8 , 64 bit Build 9200 

CPU:total 8 (4 cores per cpu, 2 threads per core) family 6 model 42 stepping 7, cmov, cx8, fxsr, mmx, sse, sse2, sse3, ssse3, sse4.1, sse4.2, popcnt, avx, ht, tsc, tscinvbit

Memory: 4k page, physical 16751668k(10868036k free), swap 33528884k(24743476k free)

vm_info: Java HotSpot(TM) 64-Bit Server VM (23.3-b01) for windows-amd64 JRE (1.7.0_07-b11), built on Sep  7 2012 01:19:25 by "java_re" with unknown MS VC++:1600

time: Tue Feb 05 21:27:10 2013
elapsed time: 51 seconds

