#
# A fatal error has been detected by the Java Runtime Environment:
#
#  EXCEPTION_ACCESS_VIOLATION (0xc0000005) at pc=0x000007fd0db38bc0, pid=10060, tid=5860
#
# JRE version: 7.0_07-b11
# Java VM: Java HotSpot(TM) 64-Bit Server VM (23.3-b01 mixed mode windows-amd64 compressed oops)
# Problematic frame:
# C  [ntdll.dll+0x18bc0]  RtlQueueWorkItem+0x8a0
#
# Failed to write core dump. Minidumps are not enabled by default on client versions of Windows
#
# If you would like to submit a bug report, please visit:
#   http://bugreport.sun.com/bugreport/crash.jsp
# The crash happened outside the Java Virtual Machine in native code.
# See problematic frame for where to report the bug.
#

---------------  T H R E A D  ---------------

Current thread (0x0000000013aba800):  JavaThread "threadDisplayCamera" daemon [_thread_in_native, id=5860, stack(0x000000001a150000,0x000000001a250000)]

siginfo: ExceptionCode=0xc0000005, writing address 0x0000000000000024

Registers:
RAX=0x0000000000000000, RBX=0x00000000149dd2c8, RCX=0x00000000fffffffc, RDX=0x0000000000000a24
RSP=0x000000001a24f240, RBP=0x0000000000000000, RSI=0x0000000000000a24, RDI=0x0000000000000000
R8 =0xffffffffffffffff, R9 =0x0000000000000004, R10=0x0000000000000000, R11=0x0000000000000246
R12=0x0000000000000000, R13=0x0000000000000000, R14=0x000007f66191e000, R15=0x0000000000000000
RIP=0x000007fd0db38bc0, EFLAGS=0x0000000000010213

Top of Stack: (sp=0x000000001a24f240)
0x000000001a24f240:   0000000000000a24 000000007e8cfa50
0x000000001a24f250:   000000001a24f250 00000006fb73ffb9
0x000000001a24f260:   000000001a24f2b0 00000006fb7424e8
0x000000001a24f270:   00000006fc59a640 00000006fb73ffd0
0x000000001a24f280:   0000000000000000 000000001a24f2a8
0x000000001a24f290:   000000001a24f2f8 0000000002966374
0x000000001a24f2a0:   0000000026cf1128 000007fd0ab010ea
0x000000001a24f2b0:   0000000000000000 000000001a24f2b8
0x000000001a24f2c0:   0000f7bfebbb24f8 000000001a24f338
0x000000001a24f2d0:   0000000000000004 0000000000000001
0x000000001a24f2e0:   0000000019b60050 00000000ff000000
0x000000001a24f2f0:   0000000000000000 0000000000000000
0x000000001a24f300:   000007f66191e000 000007fd0db2f4d4
0x000000001a24f310:   0000000000000000 0000000000000000
0x000000001a24f320:   00000000149dd2c8 0000000700a0fa80
0x000000001a24f330:   0000000000000000 0000000013aba9d8 

Instructions: (pc=0x000007fd0db38bc0)
0x000007fd0db38ba0:   43 08 a8 01 0f 85 bd 67 ff ff 8b c8 2b cd f0 0f
0x000007fd0db38bb0:   b1 4b 08 75 ea 48 8b 03 33 ed 48 83 f8 ff 74 03
0x000007fd0db38bc0:   ff 40 24 41 bf 82 03 fe 7f 41 80 3f 00 0f 85 69
0x000007fd0db38bd0:   7a 0e 00 48 83 fe ff 0f 84 bf 7a 0e 00 4c 8b c7 


Register to memory mapping:

RAX=0x0000000000000000 is an unknown value
RBX=0x00000000149dd2c8 is an unknown value
RCX=0x00000000fffffffc is an unknown value
RDX=0x0000000000000a24 is an unknown value
RSP=0x000000001a24f240 is pointing into the stack for thread: 0x0000000013aba800
RBP=0x0000000000000000 is an unknown value
RSI=0x0000000000000a24 is an unknown value
RDI=0x0000000000000000 is an unknown value
R8 =0xffffffffffffffff is an unknown value
R9 =0x0000000000000004 is an unknown value
R10=0x0000000000000000 is an unknown value
R11=0x0000000000000246 is an unknown value
R12=0x0000000000000000 is an unknown value
R13=0x0000000000000000 is an unknown value
R14=0x000007f66191e000 is an unknown value
R15=0x0000000000000000 is an unknown value


Stack: [0x000000001a150000,0x000000001a250000],  sp=0x000000001a24f240,  free space=1020k
Native frames: (J=compiled Java code, j=interpreted, Vv=VM code, C=native code)
C  [ntdll.dll+0x18bc0]  RtlQueueWorkItem+0x8a0

[error occurred during error reporting (printing native stack), id 0xc0000005]

Java frames: (J=compiled Java code, j=interpreted, Vv=VM code)
j  com.googlecode.javacv.cpp.opencv_highgui.cvRetrieveFrame(Lcom/googlecode/javacv/cpp/opencv_highgui$CvCapture;I)Lcom/googlecode/javacv/cpp/opencv_core$IplImage;+0
j  com.googlecode.javacv.cpp.opencv_highgui.cvRetrieveFrame(Lcom/googlecode/javacv/cpp/opencv_highgui$CvCapture;)Lcom/googlecode/javacv/cpp/opencv_core$IplImage;+2
j  com.googlecode.javacv.OpenCVFrameGrabber.grab()Lcom/googlecode/javacv/cpp/opencv_core$IplImage;+4
j  emcscanner.kth.se.CameraPanel$1.run()V+15
v  ~StubRoutines::call_stub

---------------  P R O C E S S  ---------------

Java Threads: ( => current thread )
  0x0000000015d12800 JavaThread "Thread-2" [_thread_in_vm, id=260, stack(0x0000000016bc0000,0x0000000016cc0000)]
  0x0000000015d16000 JavaThread "Thread-0" daemon [_thread_in_native, id=5132, stack(0x0000000016ac0000,0x0000000016bc0000)]
  0x0000000015d11000 JavaThread "ICEpdf-pagePainter" daemon [_thread_blocked, id=6856, stack(0x0000000021c40000,0x0000000021d40000)]
  0x0000000015d17800 JavaThread "ICEpdf-pageInitializer" daemon [_thread_blocked, id=9488, stack(0x0000000021a10000,0x0000000021b10000)]
  0x0000000015d17000 JavaThread "DestroyJavaVM" [_thread_blocked, id=9752, stack(0x0000000002670000,0x0000000002770000)]
  0x0000000015806000 JavaThread "TimerQueue" daemon [_thread_blocked, id=9952, stack(0x00000000206f0000,0x00000000207f0000)]
  0x0000000014972800 JavaThread "threadDisplayDensity" daemon [_thread_blocked, id=9444, stack(0x000000001cab0000,0x000000001cbb0000)]
  0x0000000014d1e000 JavaThread "AWT-EventQueue-0" [_thread_blocked, id=6616, stack(0x000000001c9b0000,0x000000001cab0000)]
  0x0000000014d1d800 JavaThread "threadDisplay" daemon [_thread_blocked, id=9388, stack(0x000000001c8b0000,0x000000001c9b0000)]
  0x0000000014a6a800 JavaThread "AWT-Shutdown" [_thread_blocked, id=7972, stack(0x000000001a250000,0x000000001a350000)]
=>0x0000000013aba800 JavaThread "threadDisplayCamera" daemon [_thread_in_native, id=5860, stack(0x000000001a150000,0x000000001a250000)]
  0x0000000013abb000 JavaThread "AWT-Windows" daemon [_thread_in_native, id=9964, stack(0x00000000143a0000,0x00000000144a0000)]
  0x0000000013ab9800 JavaThread "Java2D Disposer" daemon [_thread_blocked, id=9056, stack(0x00000000141a0000,0x00000000142a0000)]
  0x00000000113c3000 JavaThread "Service Thread" daemon [_thread_blocked, id=9544, stack(0x00000000137a0000,0x00000000138a0000)]
  0x00000000113be800 JavaThread "C2 CompilerThread1" daemon [_thread_blocked, id=1552, stack(0x00000000136a0000,0x00000000137a0000)]
  0x00000000113b9800 JavaThread "C2 CompilerThread0" daemon [_thread_blocked, id=2796, stack(0x00000000135a0000,0x00000000136a0000)]
  0x00000000113b8800 JavaThread "Attach Listener" daemon [_thread_blocked, id=4856, stack(0x00000000134a0000,0x00000000135a0000)]
  0x00000000113ac000 JavaThread "Signal Dispatcher" daemon [_thread_blocked, id=3956, stack(0x00000000133a0000,0x00000000134a0000)]
  0x000000001134f800 JavaThread "Finalizer" daemon [_thread_blocked, id=10204, stack(0x00000000132a0000,0x00000000133a0000)]
  0x0000000011348800 JavaThread "Reference Handler" daemon [_thread_blocked, id=3540, stack(0x00000000131a0000,0x00000000132a0000)]

Other Threads:
  0x0000000011343800 VMThread [stack: 0x00000000130a0000,0x00000000131a0000] [id=404]
  0x00000000113de000 WatcherThread [stack: 0x00000000138a0000,0x00000000139a0000] [id=6252]

VM state:not at safepoint (normal execution)

VM Mutex/Monitor currently owned by a thread: None

Heap
 PSYoungGen      total 551808K, used 369761K [0x00000007aacb0000, 0x00000007d0ab0000, 0x0000000800000000)
  eden space 501248K, 67% used [0x00000007aacb0000,0x00000007bf863470,0x00000007c9630000)
  from space 50560K, 59% used [0x00000007cd950000,0x00000007cf6b52f0,0x00000007d0ab0000)
  to   space 59648K, 0% used [0x00000007c9630000,0x00000007c9630000,0x00000007cd070000)
 ParOldGen       total 181056K, used 74678K [0x0000000700600000, 0x000000070b6d0000, 0x00000007aacb0000)
  object space 181056K, 41% used [0x0000000700600000,0x0000000704eeda78,0x000000070b6d0000)
 PSPermGen       total 40576K, used 18093K [0x00000006fb400000, 0x00000006fdba0000, 0x0000000700600000)
  object space 40576K, 44% used [0x00000006fb400000,0x00000006fc5ab6a0,0x00000006fdba0000)

Card table byte_map: [0x0000000005960000,0x0000000006190000] byte_map_base: 0x0000000002186000

Polling page: 0x0000000002400000

Code Cache  [0x0000000002960000, 0x0000000002bd0000, 0x0000000005960000)
 total_blobs=892 nmethods=302 adapters=541 free_code_cache=47798Kb largest_free_block=48882560

Compilation events (10 events):
Event: 12.579 Thread 0x00000000113b9800  308             java.awt.image.Raster::getNumDataElements (8 bytes)
Event: 12.579 Thread 0x00000000113b9800 nmethod 308 0x0000000002a85650 code [0x0000000002a857a0, 0x0000000002a85838]
Event: 12.773 Thread 0x00000000113be800  309             java.awt.Color::getRGB (5 bytes)
Event: 12.774 Thread 0x00000000113be800 nmethod 309 0x0000000002a85450 code [0x0000000002a85580, 0x0000000002a855d8]
Event: 12.783 Thread 0x00000000113b9800  310   !         java.awt.Container::getComponent (42 bytes)
Event: 12.784 Thread 0x00000000113b9800 nmethod 310 0x0000000002a92bd0 code [0x0000000002a92d20, 0x0000000002a92e58]
Event: 12.801 Thread 0x00000000113be800  311             sun.java2d.SurfaceData::markDirty (8 bytes)
Event: 12.801 Thread 0x00000000113be800 nmethod 311 0x0000000002a92990 code [0x0000000002a92ac0, 0x0000000002a92b38]
Event: 13.017 Thread 0x00000000113b9800  312             sun.java2d.SunGraphics2D::getCompClip (19 bytes)
Event: 13.017 Thread 0x00000000113b9800 nmethod 312 0x0000000002a926d0 code [0x0000000002a92820, 0x0000000002a928c8]

GC Heap History (10 events):
Event: 9.810 GC heap before
{Heap before GC invocations=12 (full 2):
 PSYoungGen      total 308672K, used 293004K [0x00000007aacb0000, 0x00000007c57a0000, 0x0000000800000000)
  eden space 257024K, 97% used [0x00000007aacb0000,0x00000007ba282108,0x00000007ba7b0000)
  from space 51648K, 79% used [0x00000007ba7b0000,0x00000007bd0010e0,0x00000007bda20000)
  to   space 54080K, 0% used [0x00000007c22d0000,0x00000007c22d0000,0x00000007c57a0000)
 ParOldGen       total 181056K, used 60503K [0x0000000700600000, 0x000000070b6d0000, 0x00000007aacb0000)
  object space 181056K, 33% used [0x0000000700600000,0x0000000704115e48,0x000000070b6d0000)
 PSPermGen       total 40576K, used 18039K [0x00000006fb400000, 0x00000006fdba0000, 0x0000000700600000)
  object space 40576K, 44% used [0x00000006fb400000,0x00000006fc59dc10,0x00000006fdba0000)
Event: 9.823 GC heap after
Heap after GC invocations=12 (full 2):
 PSYoungGen      total 381376K, used 41452K [0x00000007aacb0000, 0x00000007c5bb0000, 0x0000000800000000)
  eden space 327296K, 0% used [0x00000007aacb0000,0x00000007aacb0000,0x00000007bec50000)
  from space 54080K, 76% used [0x00000007c22d0000,0x00000007c4b4b3f0,0x00000007c57a0000)
  to   space 55808K, 0% used [0x00000007bec50000,0x00000007bec50000,0x00000007c22d0000)
 ParOldGen       total 181056K, used 60503K [0x0000000700600000, 0x000000070b6d0000, 0x00000007aacb0000)
  object space 181056K, 33% used [0x0000000700600000,0x0000000704115e48,0x000000070b6d0000)
 PSPermGen       total 40576K, used 18039K [0x00000006fb400000, 0x00000006fdba0000, 0x0000000700600000)
  object space 40576K, 44% used [0x00000006fb400000,0x00000006fc59dc10,0x00000006fdba0000)
}
Event: 10.450 GC heap before
{Heap before GC invocations=13 (full 2):
 PSYoungGen      total 381376K, used 365417K [0x00000007aacb0000, 0x00000007c5bb0000, 0x0000000800000000)
  eden space 327296K, 98% used [0x00000007aacb0000,0x00000007be90f080,0x00000007bec50000)
  from space 54080K, 76% used [0x00000007c22d0000,0x00000007c4b4b3f0,0x00000007c57a0000)
  to   space 55808K, 0% used [0x00000007bec50000,0x00000007bec50000,0x00000007c22d0000)
 ParOldGen       total 181056K, used 60503K [0x0000000700600000, 0x000000070b6d0000, 0x00000007aacb0000)
  object space 181056K, 33% used [0x0000000700600000,0x0000000704115e48,0x000000070b6d0000)
 PSPermGen       total 40576K, used 18041K [0x00000006fb400000, 0x00000006fdba0000, 0x0000000700600000)
  object space 40576K, 44% used [0x00000006fb400000,0x00000006fc59e438,0x00000006fdba0000)
Event: 10.458 GC heap after
Heap after GC invocations=13 (full 2):
 PSYoungGen      total 383104K, used 41621K [0x00000007aacb0000, 0x00000007cb020000, 0x0000000800000000)
  eden space 327296K, 0% used [0x00000007aacb0000,0x00000007aacb0000,0x00000007bec50000)
  from space 55808K, 74% used [0x00000007bec50000,0x00000007c14f5700,0x00000007c22d0000)
  to   space 57088K, 0% used [0x00000007c7860000,0x00000007c7860000,0x00000007cb020000)
 ParOldGen       total 181056K, used 60503K [0x0000000700600000, 0x000000070b6d0000, 0x00000007aacb0000)
  object space 181056K, 33% used [0x0000000700600000,0x0000000704115e48,0x000000070b6d0000)
 PSPermGen       total 40576K, used 18041K [0x00000006fb400000, 0x00000006fdba0000, 0x0000000700600000)
  object space 40576K, 44% used [0x00000006fb400000,0x00000006fc59e438,0x00000006fdba0000)
}
Event: 11.048 GC heap before
{Heap before GC invocations=14 (full 2):
 PSYoungGen      total 383104K, used 368537K [0x00000007aacb0000, 0x00000007cb020000, 0x0000000800000000)
  eden space 327296K, 99% used [0x00000007aacb0000,0x00000007bebf0e68,0x00000007bec50000)
  from space 55808K, 74% used [0x00000007bec50000,0x00000007c14f5700,0x00000007c22d0000)
  to   space 57088K, 0% used [0x00000007c7860000,0x00000007c7860000,0x00000007cb020000)
 ParOldGen       total 181056K, used 60503K [0x0000000700600000, 0x000000070b6d0000, 0x00000007aacb0000)
  object space 181056K, 33% used [0x0000000700600000,0x0000000704115e48,0x000000070b6d0000)
 PSPermGen       total 40576K, used 18041K [0x00000006fb400000, 0x00000006fdba0000, 0x0000000700600000)
  object space 40576K, 44% used [0x00000006fb400000,0x00000006fc59e7a8,0x00000006fdba0000)
Event: 11.060 GC heap after
Heap after GC invocations=14 (full 2):
 PSYoungGen      total 465408K, used 53466K [0x00000007aacb0000, 0x00000007cba80000, 0x0000000800000000)
  eden space 408320K, 0% used [0x00000007aacb0000,0x00000007aacb0000,0x00000007c3b70000)
  from space 57088K, 93% used [0x00000007c7860000,0x00000007cac96900,0x00000007cb020000)
  to   space 62400K, 0% used [0x00000007c3b70000,0x00000007c3b70000,0x00000007c7860000)
 ParOldGen       total 181056K, used 66578K [0x0000000700600000, 0x000000070b6d0000, 0x00000007aacb0000)
  object space 181056K, 36% used [0x0000000700600000,0x0000000704704a58,0x000000070b6d0000)
 PSPermGen       total 40576K, used 18041K [0x00000006fb400000, 0x00000006fdba0000, 0x0000000700600000)
  object space 40576K, 44% used [0x00000006fb400000,0x00000006fc59e7a8,0x00000006fdba0000)
}
Event: 11.851 GC heap before
{Heap before GC invocations=15 (full 2):
 PSYoungGen      total 465408K, used 456400K [0x00000007aacb0000, 0x00000007cba80000, 0x0000000800000000)
  eden space 408320K, 98% used [0x00000007aacb0000,0x00000007c362d8c8,0x00000007c3b70000)
  from space 57088K, 93% used [0x00000007c7860000,0x00000007cac96900,0x00000007cb020000)
  to   space 62400K, 0% used [0x00000007c3b70000,0x00000007c3b70000,0x00000007c7860000)
 ParOldGen       total 181056K, used 66578K [0x0000000700600000, 0x000000070b6d0000, 0x00000007aacb0000)
  object space 181056K, 36% used [0x0000000700600000,0x0000000704704a58,0x000000070b6d0000)
 PSPermGen       total 40576K, used 18048K [0x00000006fb400000, 0x00000006fdba0000, 0x0000000700600000)
  object space 40576K, 44% used [0x00000006fb400000,0x00000006fc5a0188,0x00000006fdba0000)
Event: 11.860 GC heap after
Heap after GC invocations=15 (full 2):
 PSYoungGen      total 470720K, used 39554K [0x00000007aacb0000, 0x00000007d1550000, 0x0000000800000000)
  eden space 408320K, 0% used [0x00000007aacb0000,0x00000007aacb0000,0x00000007c3b70000)
  from space 62400K, 63% used [0x00000007c3b70000,0x00000007c6210a40,0x00000007c7860000)
  to   space 61440K, 0% used [0x00000007cd950000,0x00000007cd950000,0x00000007d1550000)
 ParOldGen       total 181056K, used 66578K [0x0000000700600000, 0x000000070b6d0000, 0x00000007aacb0000)
  object space 181056K, 36% used [0x0000000700600000,0x0000000704704a58,0x000000070b6d0000)
 PSPermGen       total 40576K, used 18048K [0x00000006fb400000, 0x00000006fdba0000, 0x0000000700600000)
  object space 40576K, 44% used [0x00000006fb400000,0x00000006fc5a0188,0x00000006fdba0000)
}
Event: 12.633 GC heap before
{Heap before GC invocations=16 (full 2):
 PSYoungGen      total 470720K, used 447587K [0x00000007aacb0000, 0x00000007d1550000, 0x0000000800000000)
  eden space 408320K, 99% used [0x00000007aacb0000,0x00000007c3b28540,0x00000007c3b70000)
  from space 62400K, 63% used [0x00000007c3b70000,0x00000007c6210a40,0x00000007c7860000)
  to   space 61440K, 0% used [0x00000007cd950000,0x00000007cd950000,0x00000007d1550000)
 ParOldGen       total 181056K, used 74678K [0x0000000700600000, 0x000000070b6d0000, 0x00000007aacb0000)
  object space 181056K, 41% used [0x0000000700600000,0x0000000704eeda78,0x000000070b6d0000)
 PSPermGen       total 40576K, used 18056K [0x00000006fb400000, 0x00000006fdba0000, 0x0000000700600000)
  object space 40576K, 44% used [0x00000006fb400000,0x00000006fc5a23a8,0x00000006fdba0000)
Event: 12.641 GC heap after
Heap after GC invocations=16 (full 2):
 PSYoungGen      total 551808K, used 30100K [0x00000007aacb0000, 0x00000007d0ab0000, 0x0000000800000000)
  eden space 501248K, 0% used [0x00000007aacb0000,0x00000007aacb0000,0x00000007c9630000)
  from space 50560K, 59% used [0x00000007cd950000,0x00000007cf6b52f0,0x00000007d0ab0000)
  to   space 59648K, 0% used [0x00000007c9630000,0x00000007c9630000,0x00000007cd070000)
 ParOldGen       total 181056K, used 74678K [0x0000000700600000, 0x000000070b6d0000, 0x00000007aacb0000)
  object space 181056K, 41% used [0x0000000700600000,0x0000000704eeda78,0x000000070b6d0000)
 PSPermGen       total 40576K, used 18056K [0x00000006fb400000, 0x00000006fdba0000, 0x0000000700600000)
  object space 40576K, 44% used [0x00000006fb400000,0x00000006fc5a23a8,0x00000006fdba0000)
}

Deoptimization events (10 events):
Event: 2.759 Thread 0x000000000285e000 Uncommon trap -83 fr.pc 0x0000000002a0bf38
Event: 2.760 Thread 0x000000000285e000 Uncommon trap -83 fr.pc 0x0000000002a072bc
Event: 3.237 Thread 0x000000000285e000 Uncommon trap 43 fr.pc 0x0000000002a233d4
Event: 3.777 Thread 0x0000000014d1e000 Uncommon trap -83 fr.pc 0x0000000002a28704
Event: 3.842 Thread 0x0000000015d17800 Uncommon trap -83 fr.pc 0x0000000002a282f4
Event: 3.890 Thread 0x0000000015d17800 Uncommon trap -83 fr.pc 0x0000000002a27f44
Event: 3.905 Thread 0x0000000015d17800 Uncommon trap -83 fr.pc 0x0000000002a5f168
Event: 3.964 Thread 0x0000000015d17800 Uncommon trap -83 fr.pc 0x0000000002a58a3c
Event: 4.000 Thread 0x0000000015d17800 Uncommon trap -83 fr.pc 0x0000000002a4b918
Event: 4.222 Thread 0x0000000015d11000 Uncommon trap -83 fr.pc 0x0000000002a8663c

Internal exceptions (10 events):
Event: 4.047 Thread 0x0000000015d17800 Threw 0x00000007aeb1d4e8 at C:\jdk7u1_64p\jdk7u7\hotspot\src\share\vm\prims\jvm.cpp:1166
Event: 4.047 Thread 0x0000000015d17800 Threw 0x00000007aeb20408 at C:\jdk7u1_64p\jdk7u7\hotspot\src\share\vm\prims\jvm.cpp:1166
Event: 4.048 Thread 0x0000000015d17800 Threw 0x00000007aeb235b8 at C:\jdk7u1_64p\jdk7u7\hotspot\src\share\vm\prims\jvm.cpp:1166
Event: 4.049 Thread 0x0000000015d17800 Threw 0x00000007aeb264d8 at C:\jdk7u1_64p\jdk7u7\hotspot\src\share\vm\prims\jvm.cpp:1166
Event: 4.190 Thread 0x0000000015d11000 Threw 0x00000007ab6dc500 at C:\jdk7u1_64p\jdk7u7\hotspot\src\share\vm\prims\jvm.cpp:1166
Event: 4.194 Thread 0x0000000015d11000 Threw 0x00000007ab6ecd90 at C:\jdk7u1_64p\jdk7u7\hotspot\src\share\vm\prims\jvm.cpp:1166
Event: 4.397 Thread 0x0000000015d11000 Threw 0x00000007abf9f778 at C:\jdk7u1_64p\jdk7u7\hotspot\src\share\vm\prims\jvm.cpp:1166
Event: 7.499 Thread 0x0000000014d1e000 Threw 0x00000007ac41e5e8 at C:\jdk7u1_64p\jdk7u7\hotspot\src\share\vm\prims\jvm.cpp:1166
Event: 7.499 Thread 0x0000000014d1e000 Threw 0x00000007ac423bd0 at C:\jdk7u1_64p\jdk7u7\hotspot\src\share\vm\prims\jvm.cpp:1166
Event: 7.501 Thread 0x0000000014d1e000 Threw 0x00000007ac430f38 at C:\jdk7u1_64p\jdk7u7\hotspot\src\share\vm\prims\jvm.cpp:1166

Events (10 events):
Event: 12.624 Executing VM operation: ParallelGCFailedAllocation
Event: 12.624 Executing VM operation: ParallelGCFailedAllocation done
Event: 12.633 Executing VM operation: ParallelGCSystemGC
Event: 12.641 Executing VM operation: ParallelGCSystemGC done
Event: 13.201 loading class 0x0000000014c11a70
Event: 13.201 loading class 0x0000000014c11a70 done
Event: 13.201 loading class 0x000000001481efa0
Event: 13.201 loading class 0x0000000014c801d0
Event: 13.201 loading class 0x0000000014c801d0 done
Event: 13.201 loading class 0x000000001481efa0 done


Dynamic libraries:
0x000007f662880000 - 0x000007f6628b4000 	F:\Program Files\Java\Jre7\bin\javaw.exe
0x000007fd0db20000 - 0x000007fd0dcde000 	C:\WINDOWS\SYSTEM32\ntdll.dll
0x000007fd0c680000 - 0x000007fd0c7b6000 	C:\WINDOWS\system32\KERNEL32.DLL
0x000007fd0ab00000 - 0x000007fd0abf3000 	C:\WINDOWS\system32\KERNELBASE.dll
0x000007fd0c260000 - 0x000007fd0c33e000 	C:\WINDOWS\system32\ADVAPI32.dll
0x000007fd0c460000 - 0x000007fd0c5ac000 	C:\WINDOWS\system32\USER32.dll
0x000007fd082b0000 - 0x000007fd08519000 	C:\WINDOWS\WinSxS\amd64_microsoft.windows.common-controls_6595b64144ccf1df_6.0.9200.16384_none_418c2a697189c07f\COMCTL32.dll
0x000007fd0c7c0000 - 0x000007fd0c865000 	C:\WINDOWS\system32\msvcrt.dll
0x000007fd0cdf0000 - 0x000007fd0ce38000 	C:\WINDOWS\SYSTEM32\sechost.dll
0x000007fd0c870000 - 0x000007fd0c9b0000 	C:\WINDOWS\system32\RPCRT4.dll
0x000007fd0d520000 - 0x000007fd0d660000 	C:\WINDOWS\system32\GDI32.dll
0x000007fd0c620000 - 0x000007fd0c659000 	C:\WINDOWS\system32\IMM32.DLL
0x000007fd0c340000 - 0x000007fd0c455000 	C:\WINDOWS\system32\MSCTF.dll
0x000007fd0aa10000 - 0x000007fd0aa18000 	C:\PROGRA~2\NVIDIA~1\3DVISI~1\NVSTIN~1.DLL
0x000007fd0d510000 - 0x000007fd0d517000 	C:\WINDOWS\system32\PSAPI.DLL
0x000000005e410000 - 0x000000005e4b3000 	C:\WINDOWS\WinSxS\amd64_microsoft.vc90.crt_1fc8b3b9a1e18e3b_9.0.30729.6871_none_08e717a5a83adddf\MSVCR90.dll
0x000000005d880000 - 0x000000005d951000 	F:\Program Files\Java\Jre7\bin\msvcr100.dll
0x000000005c090000 - 0x000000005c7af000 	F:\Program Files\Java\Jre7\bin\server\jvm.dll
0x000007fd02f00000 - 0x000007fd02f09000 	C:\WINDOWS\SYSTEM32\WSOCK32.dll
0x000007fd07b90000 - 0x000007fd07bb0000 	C:\WINDOWS\SYSTEM32\WINMM.dll
0x000007fd0c5b0000 - 0x000007fd0c608000 	C:\WINDOWS\system32\WS2_32.dll
0x000007fd07a80000 - 0x000007fd07ab2000 	C:\WINDOWS\SYSTEM32\WINMMBASE.dll
0x000007fd0d360000 - 0x000007fd0d369000 	C:\WINDOWS\system32\NSI.dll
0x000000005dc10000 - 0x000000005dc1f000 	F:\Program Files\Java\Jre7\bin\verify.dll
0x000000005dbe0000 - 0x000000005dc08000 	F:\Program Files\Java\Jre7\bin\java.dll
0x000000005dbc0000 - 0x000000005dbd5000 	F:\Program Files\Java\Jre7\bin\zip.dll
0x000000005aff0000 - 0x000000005b183000 	F:\Program Files\Java\Jre7\bin\awt.dll
0x000007fd0d830000 - 0x000007fd0d8f3000 	C:\WINDOWS\system32\OLEAUT32.dll
0x000007fd0cc40000 - 0x000007fd0cdf0000 	C:\WINDOWS\system32\combase.dll
0x000007fd04cf0000 - 0x000007fd04d8f000 	C:\WINDOWS\system32\apphelp.dll
0x000007fd09810000 - 0x000007fd098f3000 	C:\WINDOWS\system32\uxtheme.dll
0x000007fd08210000 - 0x000007fd082a5000 	C:\Program Files\Common Files\microsoft shared\ink\tiptsf.dll
0x000007fd088b0000 - 0x000007fd088d1000 	C:\WINDOWS\SYSTEM32\dwmapi.dll
0x000007fd0d090000 - 0x000007fd0d20e000 	C:\WINDOWS\system32\ole32.dll
0x000007fd0a860000 - 0x000007fd0a86a000 	C:\WINDOWS\SYSTEM32\CRYPTBASE.dll
0x000007fd0a800000 - 0x000007fd0a85c000 	C:\WINDOWS\SYSTEM32\bcryptPrimitives.dll
0x000007fd0af70000 - 0x000007fd0c258000 	C:\WINDOWS\system32\SHELL32.dll
0x000007fd0cb80000 - 0x000007fd0cbd0000 	C:\WINDOWS\system32\SHLWAPI.dll
0x000007fd09be0000 - 0x000007fd09c76000 	C:\WINDOWS\SYSTEM32\shcore.dll
0x000000005d2e0000 - 0x000000005d378000 	C:\Windows\System32\msvcp100.dll
0x000007fcf1100000 - 0x000007fcf1358000 	C:\opencv\build\x64\vc10\bin\opencv_core243.dll
0x000007fcf4210000 - 0x000007fcf42a5000 	C:\Users\Jonas\AppData\Local\Temp\javacpp133787342935442\jniopencv_core.dll
0x000007fcf07d0000 - 0x000007fcf0a75000 	C:\opencv\build\x64\vc10\bin\opencv_imgproc243.dll
0x000007fd015e0000 - 0x000007fd01628000 	C:\Users\Jonas\AppData\Local\Temp\javacpp133787342935442\jniopencv_imgproc.dll
0x0000000066840000 - 0x00000000675ca000 	C:\opencv\build\x64\vc10\bin\opencv_ffmpeg243_64.dll
0x000007fcece30000 - 0x000007fced07b000 	C:\opencv\build\x64\vc10\bin\opencv_highgui243.dll
0x000007fd043e0000 - 0x000007fd04400000 	C:\WINDOWS\SYSTEM32\AVIFIL32.dll
0x000007fd07af0000 - 0x000007fd07b19000 	C:\WINDOWS\SYSTEM32\MSVFW32.dll
0x000007fd081c0000 - 0x000007fd081d7000 	C:\WINDOWS\SYSTEM32\AVICAP32.dll
0x000007fcf6150000 - 0x000007fcf6169000 	C:\WINDOWS\SYSTEM32\MSACM32.dll
0x000007fd07db0000 - 0x000007fd07db9000 	C:\WINDOWS\SYSTEM32\VERSION.dll
0x000007fd04350000 - 0x000007fd04363000 	C:\Users\Jonas\AppData\Local\Temp\javacpp133787342935442\jniopencv_highgui.dll
0x000007fd0d2c0000 - 0x000007fd0d356000 	C:\WINDOWS\SYSTEM32\clbcatq.dll
0x000007fd01e20000 - 0x000007fd01e37000 	C:\Windows\System32\devenum.dll
0x000007fd0c9b0000 - 0x000007fd0cb80000 	C:\WINDOWS\system32\setupapi.dll
0x000007fd0ad10000 - 0x000007fd0ad5f000 	C:\WINDOWS\system32\CFGMGR32.dll
0x000007fd0af40000 - 0x000007fd0af62000 	C:\WINDOWS\system32\DEVOBJ.dll
0x000007fd03ae0000 - 0x000007fd03b0e000 	C:\WINDOWS\SYSTEM32\ntmarta.dll
0x000007fd0ac00000 - 0x000007fd0ac55000 	C:\WINDOWS\system32\WINTRUST.dll
0x000007fd0ad60000 - 0x000007fd0af37000 	C:\WINDOWS\system32\CRYPT32.dll
0x000007fd0aae0000 - 0x000007fd0aaf6000 	C:\WINDOWS\system32\MSASN1.dll
0x000007fd078a0000 - 0x000007fd078ad000 	C:\WINDOWS\SYSTEM32\msdmo.dll
0x000007fd01920000 - 0x000007fd0194f000 	C:\Windows\System32\qcap.dll
0x000007fcec870000 - 0x000007fceca28000 	C:\Windows\System32\quartz.dll
0x000007fcf7e50000 - 0x000007fcf7e8f000 	C:\Windows\System32\ksproxy.ax
0x000007fcf5930000 - 0x000007fcf5937000 	C:\Windows\System32\ksuser.dll
0x000007fcf9950000 - 0x000007fcf9b50000 	C:\Windows\System32\d3d9.dll
0x000007fd05950000 - 0x000007fd0595c000 	C:\Windows\System32\vidcap.ax
0x000007fd015b0000 - 0x000007fd015d4000 	C:\Windows\System32\kswdmcap.ax
0x000007fcf2570000 - 0x000007fcf26c4000 	C:\Windows\System32\MFC42.dll
0x000007fcf3af0000 - 0x000007fcf3bae000 	C:\Windows\System32\ODBC32.dll
0x000007fcf1490000 - 0x000007fcf1525000 	C:\Windows\System32\qedit.dll
0x000007fd0d210000 - 0x000007fd0d2b1000 	C:\WINDOWS\system32\COMDLG32.dll
0x000007fd0d370000 - 0x000007fd0d510000 	C:\WINDOWS\WinSxS\amd64_microsoft.windows.gdiplus_6595b64144ccf1df_1.1.9200.16384_none_72771d4ecc1c3a4d\gdiplus.dll
0x000007fcf0640000 - 0x000007fcf072a000 	C:\WINDOWS\SYSTEM32\DDRAW.dll
0x000007fd07de0000 - 0x000007fd07de8000 	C:\WINDOWS\SYSTEM32\DCIMAN32.dll
0x000000005b610000 - 0x000000005b644000 	F:\Program Files\Java\Jre7\bin\fontmanager.dll
0x000007fce6500000 - 0x000007fce7680000 	C:\WINDOWS\SYSTEM32\nvd3dumx.dll
0x000007fd0a900000 - 0x000007fd0a943000 	C:\WINDOWS\SYSTEM32\powrprof.dll
0x0000000180000000 - 0x0000000180116000 	C:\Program Files (x86)\NVIDIA Corporation\3D Vision\nvSCPAPI64.dll
0x000007fd07ef0000 - 0x000007fd07f64000 	C:\WINDOWS\SYSTEM32\dxgi.dll
0x000007fd06540000 - 0x000007fd06802000 	C:\WINDOWS\SYSTEM32\nvapi64.dll
0x000007fd07ed0000 - 0x000007fd07eef000 	C:\WINDOWS\SYSTEM32\DXGIDebug.dll
0x000000005dba0000 - 0x000000005dbb9000 	F:\Program Files\Java\Jre7\bin\net.dll
0x000007fd0a270000 - 0x000007fd0a2cc000 	C:\WINDOWS\system32\mswsock.dll
0x000000005db50000 - 0x000000005db61000 	F:\Program Files\Java\Jre7\bin\nio.dll
0x000000005b5c0000 - 0x000000005b601000 	F:\Program Files\Java\Jre7\bin\t2k.dll
0x000007fd08010000 - 0x000007fd0819a000 	C:\WINDOWS\SYSTEM32\WindowsCodecs.dll
0x000007fd0aa30000 - 0x000007fd0aa45000 	C:\WINDOWS\SYSTEM32\profapi.dll
0x000007fd07530000 - 0x000007fd07599000 	C:\WINDOWS\SYSTEM32\oleacc.dll
0x000000005afc0000 - 0x000000005afea000 	F:\Program Files\Java\Jre7\bin\dcpr.dll
0x000007fcf8620000 - 0x000007fcf8783000 	C:\WINDOWS\SYSTEM32\dbghelp.dll

VM Arguments:
jvm_args: -Dfile.encoding=Cp1252 
java_command: emcscanner.kth.se.Program
Launcher Type: SUN_STANDARD

Environment Variables:
PATH=C:\Program Files (x86)\NVIDIA Corporation\PhysX\Common;C:\WINDOWS\system32;C:\WINDOWS;C:\WINDOWS\System32\Wbem;C:\WINDOWS\System32\WindowsPowerShell\v1.0\;C:\Program Files (x86)\Microsoft SQL Server\90\Tools\binn\;C:\Program Files (x86)\Autodesk\Backburner\;F:\Program Files\MATLAB\R2012a\runtime\win64;F:\Program Files\MATLAB\R2012a\bin;C:\Program Files\Internet Explorer;C:\Program Files\Perforce;F:\Program Files\Perforce;C:\Program Files\Microsoft\Web Platform Installer\;C:\Program Files (x86)\Microsoft ASP.NET\ASP.NET Web Pages\v1.0\;C:\Program Files (x86)\Windows Kits\8.0\Windows Performance Toolkit\;C:\Program Files\Microsoft SQL Server\110\Tools\Binn\;F:\Program Files\Perforce\Server
USERNAME=Jonas
OS=Windows_NT
PROCESSOR_IDENTIFIER=Intel64 Family 6 Model 42 Stepping 7, GenuineIntel



---------------  S Y S T E M  ---------------

OS: Windows 8 , 64 bit Build 9200 

CPU:total 8 (4 cores per cpu, 2 threads per core) family 6 model 42 stepping 7, cmov, cx8, fxsr, mmx, sse, sse2, sse3, ssse3, sse4.1, sse4.2, popcnt, avx, ht, tsc, tscinvbit

Memory: 4k page, physical 16751668k(10042216k free), swap 33528884k(24280956k free)

vm_info: Java HotSpot(TM) 64-Bit Server VM (23.3-b01) for windows-amd64 JRE (1.7.0_07-b11), built on Sep  7 2012 01:19:25 by "java_re" with unknown MS VC++:1600

time: Mon Feb 04 01:51:28 2013
elapsed time: 13 seconds

