#
# A fatal error has been detected by the Java Runtime Environment:
#
#  EXCEPTION_ACCESS_VIOLATION (0xc0000005) at pc=0x000000000232a57a, pid=1244, tid=1988
#
# JRE version: 7.0_07-b11
# Java VM: Java HotSpot(TM) 64-Bit Server VM (23.3-b01 mixed mode windows-amd64 compressed oops)
# Problematic frame:
# J  com.googlecode.javacv.cpp.opencv_core$IplImage.flipCopyWithGamma(Ljava/nio/ByteBuffer;ILjava/nio/ByteBuffer;IZDZI)V
#
# Failed to write core dump. Minidumps are not enabled by default on client versions of Windows
#
# If you would like to submit a bug report, please visit:
#   http://bugreport.sun.com/bugreport/crash.jsp
#

---------------  T H R E A D  ---------------

Current thread (0x00000000199f0800):  JavaThread "threadDisplay" daemon [_thread_in_Java, id=1988, stack(0x0000000017d30000,0x0000000017e30000)]

siginfo: ExceptionCode=0xc0000005, reading address 0x000000001e629000

Registers:
RAX=0x00000000000000fa, RBX=0x00000000005eec00, RCX=0x0000000000000000, RDX=0x000000001e177050
RSP=0x0000000017e2f150, RBP=0x00000007ab2a3778, RSI=0x00000007ab8945a8, RDI=0x00000000005eec00
R8 =0x00000000004b1fb0, R9 =0x00000000004b1fb1, R10=0x000000000000167f, R11=0x00000000005eec00
R12=0x0000000000000000, R13=0x00000000004b1fb0, R14=0x00000000000010af, R15=0x00000000199f0800
RIP=0x000000000232a57a, EFLAGS=0x0000000000010207

Top of Stack: (sp=0x0000000017e2f150)
0x0000000017e2f150:   00000000005eec00 00000000005eec00
0x0000000017e2f160:   0000000000000000 00000000ffffffff
0x0000000017e2f170:   3ff0000000000000 00000007ab2a3738
0x0000000017e2f180:   00000007ab2a3778 3ff0000000000000
0x0000000017e2f190:   004b0f0000000000 df6aba82004b0f00
0x0000000017e2f1a0:   00001680df6c66a9 0000000000001680
0x0000000017e2f1b0:   00000007ab2a37a8 00001680ffffffff
0x0000000017e2f1c0:   00000007ab2a3778 00000007ab2a3738
0x0000000017e2f1d0:   00000000f57128b5 00000007ab8945a8
0x0000000017e2f1e0:   00000007ab2a3778 00000007ab2a3778
0x0000000017e2f1f0:   0000000017e2f1f0 00000006fb555c47
0x0000000017e2f200:   0000000017e2f2b0 00000000021d61f8
0x0000000017e2f210:   0000000000000000 00000006fb555c58
0x0000000017e2f220:   00000000021d61f8 0000000000000000
0x0000000017e2f230:   0000000000000000 3ff0000000000000
0x0000000017e2f240:   0000000000000000 0000000000000000 

Instructions: (pc=0x000000000232a57a)
0x000000000232a55a:   10 44 3b c7 0f 8d 26 01 00 00 45 8b c8 41 ff c1
0x000000000232a56a:   44 89 4d 18 48 8b 6c 24 70 44 8b 6d 18 4d 63 c0
0x000000000232a57a:   42 0f b6 04 02 44 3b eb 0f 8d 32 01 00 00 45 8b
0x000000000232a58a:   cd 44 03 c9 41 ff c5 44 89 6d 18 45 3b cb 0f 83 


Register to memory mapping:

RAX=0x00000000000000fa is an unknown value
RBX=0x00000000005eec00 is an unknown value
RCX=0x0000000000000000 is an unknown value
RDX=0x000000001e177050 is an unknown value
RSP=0x0000000017e2f150 is pointing into the stack for thread: 0x00000000199f0800
RBP=0x00000007ab2a3778 is an oop
java.nio.HeapByteBuffer 
 - klass: 'java/nio/HeapByteBuffer'
RSI=0x00000007ab8945a8 is an oop
[B 
 - klass: {type array byte}
 - length: 6220800
RDI=0x00000000005eec00 is an unknown value
R8 =0x00000000004b1fb0 is an unknown value
R9 =0x00000000004b1fb1 is an unknown value
R10=0x000000000000167f is an unknown value
R11=0x00000000005eec00 is an unknown value
R12=0x0000000000000000 is an unknown value
R13=0x00000000004b1fb0 is an unknown value
R14=0x00000000000010af is an unknown value
R15=0x00000000199f0800 is a thread


Stack: [0x0000000017d30000,0x0000000017e30000],  sp=0x0000000017e2f150,  free space=1020k
Native frames: (J=compiled Java code, j=interpreted, Vv=VM code, C=native code)
J  com.googlecode.javacv.cpp.opencv_core$IplImage.flipCopyWithGamma(Ljava/nio/ByteBuffer;ILjava/nio/ByteBuffer;IZDZI)V


---------------  P R O C E S S  ---------------

Java Threads: ( => current thread )
  0x00000000193d1000 JavaThread "Thread-0" daemon [_thread_in_native, id=5876, stack(0x0000000017e30000,0x0000000017f30000)]
  0x00000000193cc800 JavaThread "Thread-3" [_thread_in_native, id=8088, stack(0x0000000017b30000,0x0000000017c30000)]
  0x000000001927e800 JavaThread "ICEpdf-pagePainter" daemon [_thread_blocked, id=1192, stack(0x000000001eac0000,0x000000001ebc0000)]
  0x0000000018a87800 JavaThread "ICEpdf-pageInitializer" daemon [_thread_blocked, id=4536, stack(0x000000001e880000,0x000000001e980000)]
  0x00000000020ce000 JavaThread "DestroyJavaVM" [_thread_blocked, id=2696, stack(0x0000000001f60000,0x0000000002060000)]
=>0x00000000199f0800 JavaThread "threadDisplay" daemon [_thread_in_Java, id=1988, stack(0x0000000017d30000,0x0000000017e30000)]
  0x0000000018042000 JavaThread "TimerQueue" daemon [_thread_blocked, id=5332, stack(0x0000000016860000,0x0000000016960000)]
  0x000000001363a800 JavaThread "AWT-EventQueue-0" [_thread_blocked, id=5496, stack(0x0000000018920000,0x0000000018a20000)]
  0x000000001340b000 JavaThread "AWT-Windows" daemon [_thread_in_native, id=7848, stack(0x0000000013f10000,0x0000000014010000)]
  0x0000000013402800 JavaThread "AWT-Shutdown" [_thread_blocked, id=3320, stack(0x0000000013e10000,0x0000000013f10000)]
  0x0000000013401800 JavaThread "Java2D Disposer" daemon [_thread_blocked, id=3944, stack(0x0000000013d10000,0x0000000013e10000)]
  0x0000000010cfa000 JavaThread "Service Thread" daemon [_thread_blocked, id=2504, stack(0x00000000130e0000,0x00000000131e0000)]
  0x0000000010cf5000 JavaThread "C2 CompilerThread1" daemon [_thread_blocked, id=4608, stack(0x0000000012fe0000,0x00000000130e0000)]
  0x0000000010ceb000 JavaThread "C2 CompilerThread0" daemon [_thread_blocked, id=5660, stack(0x0000000012ee0000,0x0000000012fe0000)]
  0x0000000010ce7800 JavaThread "Attach Listener" daemon [_thread_blocked, id=224, stack(0x0000000012de0000,0x0000000012ee0000)]
  0x0000000010cdb000 JavaThread "Signal Dispatcher" daemon [_thread_blocked, id=7472, stack(0x0000000012ce0000,0x0000000012de0000)]
  0x0000000010c7e800 JavaThread "Finalizer" daemon [_thread_blocked, id=1660, stack(0x0000000012be0000,0x0000000012ce0000)]
  0x0000000010c77000 JavaThread "Reference Handler" daemon [_thread_blocked, id=6224, stack(0x0000000012ae0000,0x0000000012be0000)]

Other Threads:
  0x0000000010c72000 VMThread [stack: 0x00000000129e0000,0x0000000012ae0000] [id=1196]
  0x0000000010d14800 WatcherThread [stack: 0x00000000131e0000,0x00000000132e0000] [id=5764]

VM state:not at safepoint (normal execution)

VM Mutex/Monitor currently owned by a thread: None

Heap
 PSYoungGen      total 125568K, used 38251K [0x00000007aacb0000, 0x00000007b6bb0000, 0x0000000800000000)
  eden space 107136K, 18% used [0x00000007aacb0000,0x00000007ac016b68,0x00000007b1550000)
  from space 18432K, 99% used [0x00000007b2ea0000,0x00000007b4094430,0x00000007b40a0000)
  to   space 39808K, 0% used [0x00000007b44d0000,0x00000007b44d0000,0x00000007b6bb0000)
 ParOldGen       total 174528K, used 116549K [0x0000000700600000, 0x000000070b070000, 0x00000007aacb0000)
  object space 174528K, 66% used [0x0000000700600000,0x00000007077d17f0,0x000000070b070000)
 PSPermGen       total 21248K, used 17832K [0x00000006fb400000, 0x00000006fc8c0000, 0x0000000700600000)
  object space 21248K, 83% used [0x00000006fb400000,0x00000006fc56a190,0x00000006fc8c0000)

Card table byte_map: [0x0000000005290000,0x0000000005ac0000] byte_map_base: 0x0000000001ab6000

Polling page: 0x0000000001e90000

Code Cache  [0x00000000021d0000, 0x0000000002440000, 0x00000000051d0000)
 total_blobs=854 nmethods=266 adapters=539 free_code_cache=47784Kb largest_free_block=48889472

Compilation events (10 events):
Event: 6.680 Thread 0x0000000010ceb000  266             java.util.LinkedList$ListItr::hasPrevious (13 bytes)
Event: 6.680 Thread 0x0000000010ceb000 nmethod 266 0x0000000002327dd0 code [0x0000000002327f00, 0x0000000002327f78]
Event: 7.779 Thread 0x0000000010cf5000  267             java.util.concurrent.ConcurrentHashMap::get (141 bytes)
Event: 7.782 Thread 0x0000000010cf5000 nmethod 267 0x00000000022e0ad0 code [0x00000000022e0c40, 0x00000000022e0ea8]
Event: 9.517 Thread 0x0000000010ceb000  269             java.util.concurrent.locks.ReentrantLock::lock (8 bytes)
Event: 9.517 Thread 0x0000000010cf5000  270             java.util.concurrent.locks.ReentrantLock$NonfairSync::lock (25 bytes)
Event: 9.519 Thread 0x0000000010ceb000 nmethod 269 0x000000000231cad0 code [0x000000000231cc40, 0x000000000231cd90]
Event: 9.519 Thread 0x0000000010cf5000 nmethod 270 0x00000000022e0690 code [0x00000000022e0800, 0x00000000022e0930]
Event: 11.478 Thread 0x0000000010cf5000  271             java.lang.Integer::intValue (5 bytes)
Event: 11.479 Thread 0x0000000010cf5000 nmethod 271 0x00000000022e0490 code [0x00000000022e05c0, 0x00000000022e0618]

GC Heap History (10 events):
Event: 9.926 GC heap before
{Heap before GC invocations=9 (full 0):
 PSYoungGen      total 158528K, used 155809K [0x00000007aacb0000, 0x00000007b7390000, 0x0000000800000000)
  eden space 121856K, 99% used [0x00000007aacb0000,0x00000007b23915c8,0x00000007b23b0000)
  from space 36672K, 92% used [0x00000007b4a40000,0x00000007b6b86ef0,0x00000007b6e10000)
  to   space 39488K, 0% used [0x00000007b23b0000,0x00000007b23b0000,0x00000007b4a40000)
 ParOldGen       total 174528K, used 85286K [0x0000000700600000, 0x000000070b070000, 0x00000007aacb0000)
  object space 174528K, 48% used [0x0000000700600000,0x0000000705949980,0x000000070b070000)
 PSPermGen       total 21248K, used 17799K [0x00000006fb400000, 0x00000006fc8c0000, 0x0000000700600000)
  object space 21248K, 83% used [0x00000006fb400000,0x00000006fc561c08,0x00000006fc8c0000)
Event: 9.935 GC heap after
Heap after GC invocations=9 (full 0):
 PSYoungGen      total 161344K, used 33997K [0x00000007aacb0000, 0x00000007bbbe0000, 0x0000000800000000)
  eden space 121856K, 0% used [0x00000007aacb0000,0x00000007aacb0000,0x00000007b23b0000)
  from space 39488K, 86% used [0x00000007b23b0000,0x00000007b44e37d0,0x00000007b4a40000)
  to   space 41344K, 0% used [0x00000007b9380000,0x00000007b9380000,0x00000007bbbe0000)
 ParOldGen       total 174528K, used 93178K [0x0000000700600000, 0x000000070b070000, 0x00000007aacb0000)
  object space 174528K, 53% used [0x0000000700600000,0x00000007060fea80,0x000000070b070000)
 PSPermGen       total 21248K, used 17799K [0x00000006fb400000, 0x00000006fc8c0000, 0x0000000700600000)
  object space 21248K, 83% used [0x00000006fb400000,0x00000006fc561c08,0x00000006fc8c0000)
}
Event: 11.190 GC heap before
{Heap before GC invocations=10 (full 0):
 PSYoungGen      total 161344K, used 155695K [0x00000007aacb0000, 0x00000007bbbe0000, 0x0000000800000000)
  eden space 121856K, 99% used [0x00000007aacb0000,0x00000007b2388570,0x00000007b23b0000)
  from space 39488K, 86% used [0x00000007b23b0000,0x00000007b44e37d0,0x00000007b4a40000)
  to   space 41344K, 0% used [0x00000007b9380000,0x00000007b9380000,0x00000007bbbe0000)
 ParOldGen       total 174528K, used 93178K [0x0000000700600000, 0x000000070b070000, 0x00000007aacb0000)
  object space 174528K, 53% used [0x0000000700600000,0x00000007060fea80,0x000000070b070000)
 PSPermGen       total 21248K, used 17799K [0x00000006fb400000, 0x00000006fc8c0000, 0x0000000700600000)
  object space 21248K, 83% used [0x00000006fb400000,0x00000006fc561e98,0x00000006fc8c0000)
Event: 11.200 GC heap after
Heap after GC invocations=10 (full 0):
 PSYoungGen      total 136448K, used 18449K [0x00000007aacb0000, 0x00000007ba590000, 0x0000000800000000)
  eden space 117952K, 0% used [0x00000007aacb0000,0x00000007aacb0000,0x00000007b1fe0000)
  from space 18496K, 99% used [0x00000007b9380000,0x00000007ba584430,0x00000007ba590000)
  to   space 41216K, 0% used [0x00000007b5510000,0x00000007b5510000,0x00000007b7d50000)
 ParOldGen       total 174528K, used 116469K [0x0000000700600000, 0x000000070b070000, 0x00000007aacb0000)
  object space 174528K, 66% used [0x0000000700600000,0x00000007077bd7f0,0x000000070b070000)
 PSPermGen       total 21248K, used 17799K [0x00000006fb400000, 0x00000006fc8c0000, 0x0000000700600000)
  object space 21248K, 83% used [0x00000006fb400000,0x00000006fc561e98,0x00000006fc8c0000)
}
Event: 12.391 GC heap before
{Heap before GC invocations=11 (full 0):
 PSYoungGen      total 136448K, used 134407K [0x00000007aacb0000, 0x00000007ba590000, 0x0000000800000000)
  eden space 117952K, 98% used [0x00000007aacb0000,0x00000007b1ded8d8,0x00000007b1fe0000)
  from space 18496K, 99% used [0x00000007b9380000,0x00000007ba584430,0x00000007ba590000)
  to   space 41216K, 0% used [0x00000007b5510000,0x00000007b5510000,0x00000007b7d50000)
 ParOldGen       total 174528K, used 116469K [0x0000000700600000, 0x000000070b070000, 0x00000007aacb0000)
  object space 174528K, 66% used [0x0000000700600000,0x00000007077bd7f0,0x000000070b070000)
 PSPermGen       total 21248K, used 17807K [0x00000006fb400000, 0x00000006fc8c0000, 0x0000000700600000)
  object space 21248K, 83% used [0x00000006fb400000,0x00000006fc563f38,0x00000006fc8c0000)
Event: 12.394 GC heap after
Heap after GC invocations=11 (full 0):
 PSYoungGen      total 132608K, used 18417K [0x00000007aacb0000, 0x00000007b9390000, 0x0000000800000000)
  eden space 114176K, 0% used [0x00000007aacb0000,0x00000007aacb0000,0x00000007b1c30000)
  from space 18432K, 99% used [0x00000007b5510000,0x00000007b670c430,0x00000007b6710000)
  to   space 40896K, 0% used [0x00000007b6ba0000,0x00000007b6ba0000,0x00000007b9390000)
 ParOldGen       total 174528K, used 116477K [0x0000000700600000, 0x000000070b070000, 0x00000007aacb0000)
  object space 174528K, 66% used [0x0000000700600000,0x00000007077bf7f0,0x000000070b070000)
 PSPermGen       total 21248K, used 17807K [0x00000006fb400000, 0x00000006fc8c0000, 0x0000000700600000)
  object space 21248K, 83% used [0x00000006fb400000,0x00000006fc563f38,0x00000006fc8c0000)
}
Event: 12.903 GC heap before
{Heap before GC invocations=12 (full 0):
 PSYoungGen      total 132608K, used 127870K [0x00000007aacb0000, 0x00000007b9390000, 0x0000000800000000)
  eden space 114176K, 95% used [0x00000007aacb0000,0x00000007b1793568,0x00000007b1c30000)
  from space 18432K, 99% used [0x00000007b5510000,0x00000007b670c430,0x00000007b6710000)
  to   space 40896K, 0% used [0x00000007b6ba0000,0x00000007b6ba0000,0x00000007b9390000)
 ParOldGen       total 174528K, used 116477K [0x0000000700600000, 0x000000070b070000, 0x00000007aacb0000)
  object space 174528K, 66% used [0x0000000700600000,0x00000007077bf7f0,0x000000070b070000)
 PSPermGen       total 21248K, used 17808K [0x00000006fb400000, 0x00000006fc8c0000, 0x0000000700600000)
  object space 21248K, 83% used [0x00000006fb400000,0x00000006fc5640f8,0x00000006fc8c0000)
Event: 12.908 GC heap after
Heap after GC invocations=12 (full 0):
 PSYoungGen      total 129024K, used 18417K [0x00000007aacb0000, 0x00000007b7da0000, 0x0000000800000000)
  eden space 110592K, 0% used [0x00000007aacb0000,0x00000007aacb0000,0x00000007b18b0000)
  from space 18432K, 99% used [0x00000007b6ba0000,0x00000007b7d9c430,0x00000007b7da0000)
  to   space 40448K, 0% used [0x00000007b2ea0000,0x00000007b2ea0000,0x00000007b5620000)
 ParOldGen       total 174528K, used 116509K [0x0000000700600000, 0x000000070b070000, 0x00000007aacb0000)
  object space 174528K, 66% used [0x0000000700600000,0x00000007077c77f0,0x000000070b070000)
 PSPermGen       total 21248K, used 17808K [0x00000006fb400000, 0x00000006fc8c0000, 0x0000000700600000)
  object space 21248K, 83% used [0x00000006fb400000,0x00000006fc5640f8,0x00000006fc8c0000)
}
Event: 13.217 GC heap before
{Heap before GC invocations=13 (full 0):
 PSYoungGen      total 129024K, used 127821K [0x00000007aacb0000, 0x00000007b7da0000, 0x0000000800000000)
  eden space 110592K, 98% used [0x00000007aacb0000,0x00000007b17871a8,0x00000007b18b0000)
  from space 18432K, 99% used [0x00000007b6ba0000,0x00000007b7d9c430,0x00000007b7da0000)
  to   space 40448K, 0% used [0x00000007b2ea0000,0x00000007b2ea0000,0x00000007b5620000)
 ParOldGen       total 174528K, used 116509K [0x0000000700600000, 0x000000070b070000, 0x00000007aacb0000)
  object space 174528K, 66% used [0x0000000700600000,0x00000007077c77f0,0x000000070b070000)
 PSPermGen       total 21248K, used 17808K [0x00000006fb400000, 0x00000006fc8c0000, 0x0000000700600000)
  object space 21248K, 83% used [0x00000006fb400000,0x00000006fc564208,0x00000006fc8c0000)
Event: 13.221 GC heap after
Heap after GC invocations=13 (full 0):
 PSYoungGen      total 125568K, used 18385K [0x00000007aacb0000, 0x00000007b6bb0000, 0x0000000800000000)
  eden space 107136K, 0% used [0x00000007aacb0000,0x00000007aacb0000,0x00000007b1550000)
  from space 18432K, 99% used [0x00000007b2ea0000,0x00000007b4094430,0x00000007b40a0000)
  to   space 39808K, 0% used [0x00000007b44d0000,0x00000007b44d0000,0x00000007b6bb0000)
 ParOldGen       total 174528K, used 116549K [0x0000000700600000, 0x000000070b070000, 0x00000007aacb0000)
  object space 174528K, 66% used [0x0000000700600000,0x00000007077d17f0,0x000000070b070000)
 PSPermGen       total 21248K, used 17808K [0x00000006fb400000, 0x00000006fc8c0000, 0x0000000700600000)
  object space 21248K, 83% used [0x00000006fb400000,0x00000006fc564208,0x00000006fc8c0000)
}

Deoptimization events (10 events):
Event: 1.108 Thread 0x00000000020ce000 Uncommon trap -58 fr.pc 0x00000000022874a4
Event: 1.108 Thread 0x00000000020ce000 Uncommon trap -58 fr.pc 0x00000000022874a4
Event: 3.812 Thread 0x000000001363a800 Uncommon trap -83 fr.pc 0x0000000002279184
Event: 3.857 Thread 0x0000000018a87800 Uncommon trap -83 fr.pc 0x0000000002278d74
Event: 3.902 Thread 0x0000000018a87800 Uncommon trap -83 fr.pc 0x000000000227d304
Event: 3.915 Thread 0x0000000018a87800 Uncommon trap -83 fr.pc 0x00000000022e02a8
Event: 3.966 Thread 0x0000000018a87800 Uncommon trap -83 fr.pc 0x00000000022e3d4c
Event: 3.996 Thread 0x0000000018a87800 Uncommon trap -83 fr.pc 0x000000000229e758
Event: 7.781 Thread 0x000000001363a800 Uncommon trap -83 fr.pc 0x000000000227f1b8
Event: 7.781 Thread 0x000000001363a800 Uncommon trap -83 fr.pc 0x000000000226fbfc

Internal exceptions (10 events):
Event: 4.041 Thread 0x0000000018a87800 Threw 0x00000007ae4abcc8 at C:\jdk7u1_64p\jdk7u7\hotspot\src\share\vm\prims\jvm.cpp:1166
Event: 4.043 Thread 0x0000000018a87800 Threw 0x00000007ae4bc130 at C:\jdk7u1_64p\jdk7u7\hotspot\src\share\vm\prims\jvm.cpp:1166
Event: 4.043 Thread 0x0000000018a87800 Threw 0x00000007ae4bef00 at C:\jdk7u1_64p\jdk7u7\hotspot\src\share\vm\prims\jvm.cpp:1166
Event: 4.044 Thread 0x0000000018a87800 Threw 0x00000007ae4c20b0 at C:\jdk7u1_64p\jdk7u7\hotspot\src\share\vm\prims\jvm.cpp:1166
Event: 4.045 Thread 0x0000000018a87800 Threw 0x00000007ae4c4e80 at C:\jdk7u1_64p\jdk7u7\hotspot\src\share\vm\prims\jvm.cpp:1166
Event: 4.171 Thread 0x000000001927e800 Threw 0x00000007ab379c10 at C:\jdk7u1_64p\jdk7u7\hotspot\src\share\vm\prims\jvm.cpp:1166
Event: 4.175 Thread 0x000000001927e800 Threw 0x00000007ab38a4a0 at C:\jdk7u1_64p\jdk7u7\hotspot\src\share\vm\prims\jvm.cpp:1166
Event: 4.368 Thread 0x000000001927e800 Threw 0x00000007ac3f7720 at C:\jdk7u1_64p\jdk7u7\hotspot\src\share\vm\prims\jvm.cpp:1166
Event: 7.781 Thread 0x000000001363a800 Implicit null exception at 0x000000000227ee56 to 0x000000000227f1a1
Event: 7.781 Thread 0x000000001363a800 Implicit null exception at 0x000000000226f896 to 0x000000000226fbe5

Events (10 events):
Event: 12.122 loading class 0x0000000018b0e3a0
Event: 12.122 loading class 0x0000000018b0e3a0 done
Event: 12.122 loading class 0x0000000018b0de20
Event: 12.122 loading class 0x0000000018b0de20 done
Event: 12.391 Executing VM operation: ParallelGCFailedAllocation
Event: 12.394 Executing VM operation: ParallelGCFailedAllocation done
Event: 12.903 Executing VM operation: ParallelGCFailedAllocation
Event: 12.908 Executing VM operation: ParallelGCFailedAllocation done
Event: 13.217 Executing VM operation: ParallelGCFailedAllocation
Event: 13.221 Executing VM operation: ParallelGCFailedAllocation done


Dynamic libraries:
0x000007f617cb0000 - 0x000007f617ce4000 	F:\Program Files\Java\Jre7\bin\javaw.exe
0x000007fe83490000 - 0x000007fe8364e000 	C:\WINDOWS\SYSTEM32\ntdll.dll
0x000007fe83350000 - 0x000007fe83486000 	C:\WINDOWS\system32\KERNEL32.DLL
0x000007fe80580000 - 0x000007fe80673000 	C:\WINDOWS\system32\KERNELBASE.dll
0x000007fe82eb0000 - 0x000007fe82f8e000 	C:\WINDOWS\system32\ADVAPI32.dll
0x000007fe80a10000 - 0x000007fe80b5c000 	C:\WINDOWS\system32\USER32.dll
0x000007fe7db90000 - 0x000007fe7ddf9000 	C:\WINDOWS\WinSxS\amd64_microsoft.windows.common-controls_6595b64144ccf1df_6.0.9200.16384_none_418c2a697189c07f\COMCTL32.dll
0x000007fe82890000 - 0x000007fe82935000 	C:\WINDOWS\system32\msvcrt.dll
0x000007fe82840000 - 0x000007fe82888000 	C:\WINDOWS\SYSTEM32\sechost.dll
0x000007fe82970000 - 0x000007fe82ab0000 	C:\WINDOWS\system32\RPCRT4.dll
0x000007fe82ab0000 - 0x000007fe82bf0000 	C:\WINDOWS\system32\GDI32.dll
0x000007fe80b60000 - 0x000007fe80b99000 	C:\WINDOWS\system32\IMM32.DLL
0x000007fe82720000 - 0x000007fe82835000 	C:\WINDOWS\system32\MSCTF.dll
0x000007fe80380000 - 0x000007fe80388000 	C:\PROGRA~2\NVIDIA~1\3DVISI~1\NVSTIN~1.DLL
0x000007fe82940000 - 0x000007fe82947000 	C:\WINDOWS\system32\PSAPI.DLL
0x000000006acd0000 - 0x000000006ad73000 	C:\WINDOWS\WinSxS\amd64_microsoft.vc90.crt_1fc8b3b9a1e18e3b_9.0.30729.6871_none_08e717a5a83adddf\MSVCR90.dll
0x0000000069bb0000 - 0x0000000069c81000 	F:\Program Files\Java\Jre7\bin\msvcr100.dll
0x0000000068a20000 - 0x000000006913f000 	F:\Program Files\Java\Jre7\bin\server\jvm.dll
0x000007fe78b00000 - 0x000007fe78b09000 	C:\WINDOWS\SYSTEM32\WSOCK32.dll
0x000007fe7de20000 - 0x000007fe7de40000 	C:\WINDOWS\SYSTEM32\WINMM.dll
0x000007fe826a0000 - 0x000007fe826f8000 	C:\WINDOWS\system32\WS2_32.dll
0x000007fe7d3c0000 - 0x000007fe7d3f2000 	C:\WINDOWS\SYSTEM32\WINMMBASE.dll
0x000007fe82700000 - 0x000007fe82709000 	C:\WINDOWS\system32\NSI.dll
0x0000000069ba0000 - 0x0000000069baf000 	F:\Program Files\Java\Jre7\bin\verify.dll
0x0000000069b70000 - 0x0000000069b98000 	F:\Program Files\Java\Jre7\bin\java.dll
0x0000000069b50000 - 0x0000000069b65000 	F:\Program Files\Java\Jre7\bin\zip.dll
0x0000000068880000 - 0x0000000068a13000 	F:\Program Files\Java\Jre7\bin\awt.dll
0x000007fe808e0000 - 0x000007fe809a3000 	C:\WINDOWS\system32\OLEAUT32.dll
0x000007fe80ba0000 - 0x000007fe80d50000 	C:\WINDOWS\system32\combase.dll
0x000007fe7a5b0000 - 0x000007fe7a64f000 	C:\WINDOWS\system32\apphelp.dll
0x000007fe7e2c0000 - 0x000007fe7e2e1000 	C:\WINDOWS\system32\DWMAPI.DLL
0x000007fe7f180000 - 0x000007fe7f263000 	C:\WINDOWS\system32\uxtheme.dll
0x000007fe7a660000 - 0x000007fe7a6f5000 	C:\Program Files\Common Files\microsoft shared\ink\tiptsf.dll
0x000007fe80eb0000 - 0x000007fe8102e000 	C:\WINDOWS\system32\ole32.dll
0x000007fe801d0000 - 0x000007fe801da000 	C:\WINDOWS\SYSTEM32\CRYPTBASE.dll
0x000007fe80170000 - 0x000007fe801cc000 	C:\WINDOWS\SYSTEM32\bcryptPrimitives.dll
0x000007fe6ef80000 - 0x000007fe6f180000 	C:\WINDOWS\system32\d3d9.dll
0x000007fe7e110000 - 0x000007fe7e119000 	C:\WINDOWS\SYSTEM32\VERSION.dll
0x000007fe5c060000 - 0x000007fe5d1e0000 	C:\WINDOWS\SYSTEM32\nvd3dumx.dll
0x000007fe80270000 - 0x000007fe802b3000 	C:\WINDOWS\SYSTEM32\powrprof.dll
0x0000000180000000 - 0x0000000180116000 	C:\Program Files (x86)\NVIDIA Corporation\3D Vision\nvSCPAPI64.dll
0x000007fe82f90000 - 0x000007fe83160000 	C:\WINDOWS\system32\SETUPAPI.dll
0x000007fe7dab0000 - 0x000007fe7db24000 	C:\WINDOWS\SYSTEM32\dxgi.dll
0x000007fe81050000 - 0x000007fe82338000 	C:\WINDOWS\system32\SHELL32.dll
0x000007fe80680000 - 0x000007fe806cf000 	C:\WINDOWS\system32\CFGMGR32.dll
0x000007fe808b0000 - 0x000007fe808d2000 	C:\WINDOWS\system32\DEVOBJ.dll
0x000007fe83300000 - 0x000007fe83350000 	C:\WINDOWS\system32\SHLWAPI.dll
0x000007fe7ceb0000 - 0x000007fe7d172000 	C:\WINDOWS\SYSTEM32\nvapi64.dll
0x000007fe80520000 - 0x000007fe80575000 	C:\WINDOWS\system32\WINTRUST.dll
0x000007fe806d0000 - 0x000007fe808a7000 	C:\WINDOWS\system32\CRYPT32.dll
0x000007fe80450000 - 0x000007fe80466000 	C:\WINDOWS\system32\MSASN1.dll
0x000007fe7d400000 - 0x000007fe7d41f000 	C:\WINDOWS\SYSTEM32\DXGIDebug.dll
0x000007fe7f550000 - 0x000007fe7f5e6000 	C:\WINDOWS\SYSTEM32\shcore.dll
0x0000000068840000 - 0x0000000068874000 	F:\Program Files\Java\Jre7\bin\fontmanager.dll
0x0000000069b30000 - 0x0000000069b49000 	F:\Program Files\Java\Jre7\bin\net.dll
0x000007fe7fbe0000 - 0x000007fe7fc3c000 	C:\WINDOWS\system32\mswsock.dll
0x0000000069b10000 - 0x0000000069b21000 	F:\Program Files\Java\Jre7\bin\nio.dll
0x00000000687f0000 - 0x0000000068831000 	F:\Program Files\Java\Jre7\bin\t2k.dll
0x000007fe82bf0000 - 0x000007fe82c86000 	C:\WINDOWS\SYSTEM32\clbcatq.dll
0x000007fe7df80000 - 0x000007fe7e10a000 	C:\WINDOWS\SYSTEM32\WindowsCodecs.dll
0x000007fe803a0000 - 0x000007fe803b5000 	C:\WINDOWS\SYSTEM32\profapi.dll
0x0000000069ed0000 - 0x0000000069f68000 	C:\Windows\System32\msvcp100.dll
0x000007fe68d70000 - 0x000007fe68fc8000 	C:\opencv\build\x64\vc10\bin\opencv_core243.dll
0x000007fe6cc80000 - 0x000007fe6cd15000 	C:\Users\Jonas\AppData\Local\Temp\javacpp111656870258770\jniopencv_core.dll
0x000007fe68ac0000 - 0x000007fe68d65000 	C:\opencv\build\x64\vc10\bin\opencv_imgproc243.dll
0x000007fe77610000 - 0x000007fe77658000 	C:\Users\Jonas\AppData\Local\Temp\javacpp111656870258770\jniopencv_imgproc.dll
0x0000000066840000 - 0x00000000675ca000 	C:\opencv\build\x64\vc10\bin\opencv_ffmpeg243_64.dll
0x000007fe68870000 - 0x000007fe68abb000 	C:\opencv\build\x64\vc10\bin\opencv_highgui243.dll
0x000007fe77d40000 - 0x000007fe77d60000 	C:\WINDOWS\SYSTEM32\AVIFIL32.dll
0x000007fe774e0000 - 0x000007fe77509000 	C:\WINDOWS\SYSTEM32\MSVFW32.dll
0x000007fe77d20000 - 0x000007fe77d37000 	C:\WINDOWS\SYSTEM32\AVICAP32.dll
0x000007fe677e0000 - 0x000007fe677f9000 	C:\WINDOWS\SYSTEM32\MSACM32.dll
0x000007fe77cb0000 - 0x000007fe77cc3000 	C:\Users\Jonas\AppData\Local\Temp\javacpp111656870258770\jniopencv_highgui.dll
0x000007fe775f0000 - 0x000007fe77607000 	C:\Windows\System32\devenum.dll
0x000007fe796e0000 - 0x000007fe7970e000 	C:\WINDOWS\SYSTEM32\ntmarta.dll
0x000007fe7a500000 - 0x000007fe7a50d000 	C:\WINDOWS\SYSTEM32\msdmo.dll
0x000007fe70280000 - 0x000007fe702af000 	C:\Windows\System32\qcap.dll
0x000007fe69ef0000 - 0x000007fe6a0a8000 	C:\Windows\System32\quartz.dll
0x000007fe70200000 - 0x000007fe7023f000 	C:\Windows\System32\ksproxy.ax
0x000007fe6d940000 - 0x000007fe6d947000 	C:\Windows\System32\ksuser.dll
0x000007fe794c0000 - 0x000007fe794cc000 	C:\Windows\System32\vidcap.ax
0x000007fe6e9b0000 - 0x000007fe6e9d4000 	C:\Windows\System32\kswdmcap.ax
0x000007fe6bb50000 - 0x000007fe6bca4000 	C:\Windows\System32\MFC42.dll
0x000007fe6e770000 - 0x000007fe6e82e000 	C:\Windows\System32\ODBC32.dll
0x000007fe6cbe0000 - 0x000007fe6cc75000 	C:\Windows\System32\qedit.dll
0x000007fe823b0000 - 0x000007fe82451000 	C:\WINDOWS\system32\COMDLG32.dll
0x000007fe83160000 - 0x000007fe83300000 	C:\WINDOWS\WinSxS\amd64_microsoft.windows.gdiplus_6595b64144ccf1df_1.1.9200.16384_none_72771d4ecc1c3a4d\gdiplus.dll
0x000007fe67cd0000 - 0x000007fe67dba000 	C:\WINDOWS\SYSTEM32\DDRAW.dll
0x000007fe7d1b0000 - 0x000007fe7d1b8000 	C:\WINDOWS\SYSTEM32\DCIMAN32.dll
0x000007fe7d2d0000 - 0x000007fe7d339000 	C:\WINDOWS\SYSTEM32\oleacc.dll
0x00000000687c0000 - 0x00000000687ea000 	F:\Program Files\Java\Jre7\bin\dcpr.dll

VM Arguments:
jvm_args: -Dfile.encoding=Cp1252 
java_command: emcscanner.kth.se.Program
Launcher Type: SUN_STANDARD

Environment Variables:
PATH=C:\Program Files (x86)\NVIDIA Corporation\PhysX\Common;C:\WINDOWS\system32;C:\WINDOWS;C:\WINDOWS\System32\Wbem;C:\WINDOWS\System32\WindowsPowerShell\v1.0\;C:\Program Files (x86)\Microsoft SQL Server\90\Tools\binn\;C:\Program Files (x86)\Autodesk\Backburner\;F:\Program Files\MATLAB\R2012a\runtime\win64;F:\Program Files\MATLAB\R2012a\bin;C:\Program Files\Internet Explorer;C:\Program Files\Perforce;F:\Program Files\Perforce;C:\Program Files\Microsoft\Web Platform Installer\;C:\Program Files (x86)\Microsoft ASP.NET\ASP.NET Web Pages\v1.0\;C:\Program Files (x86)\Windows Kits\8.0\Windows Performance Toolkit\;C:\Program Files\Microsoft SQL Server\110\Tools\Binn\;F:\Program Files\Perforce\Server
USERNAME=Jonas
OS=Windows_NT
PROCESSOR_IDENTIFIER=Intel64 Family 6 Model 42 Stepping 7, GenuineIntel



---------------  S Y S T E M  ---------------

OS: Windows 8 , 64 bit Build 9200 

CPU:total 8 (4 cores per cpu, 2 threads per core) family 6 model 42 stepping 7, cmov, cx8, fxsr, mmx, sse, sse2, sse3, ssse3, sse4.1, sse4.2, popcnt, avx, ht, tsc, tscinvbit

Memory: 4k page, physical 16751668k(11455792k free), swap 33528884k(26906784k free)

vm_info: Java HotSpot(TM) 64-Bit Server VM (23.3-b01) for windows-amd64 JRE (1.7.0_07-b11), built on Sep  7 2012 01:19:25 by "java_re" with unknown MS VC++:1600

time: Wed Jan 23 03:35:31 2013
elapsed time: 13 seconds

