#
# A fatal error has been detected by the Java Runtime Environment:
#
#  EXCEPTION_ACCESS_VIOLATION (0xc0000005) at pc=0x0000000002cbcdf5, pid=8580, tid=6476
#
# JRE version: 7.0_07-b11
# Java VM: Java HotSpot(TM) 64-Bit Server VM (23.3-b01 mixed mode windows-amd64 compressed oops)
# Problematic frame:
# J  com.googlecode.javacv.cpp.opencv_core$IplImage.flipCopyWithGamma(Ljava/nio/ByteBuffer;ILjava/nio/ByteBuffer;IZDZI)V
#
# Failed to write core dump. Minidumps are not enabled by default on client versions of Windows
#
# If you would like to submit a bug report, please visit:
#   http://bugreport.sun.com/bugreport/crash.jsp
#

---------------  T H R E A D  ---------------

Current thread (0x0000000013d89000):  JavaThread "threadDisplayCamera" daemon [_thread_in_Java, id=6476, stack(0x000000001bca0000,0x000000001bda0000)]

siginfo: ExceptionCode=0xc0000005, reading address 0x000000001b94b000

Registers:
RAX=0x00000000002a4faf, RBX=0x00000000f65d00c4, RCX=0x00000007b2e801d0, RDX=0x000000000000167f
RSP=0x000000001bd9f260, RBP=0x00000007b2e80620, RSI=0x000000001b6a6050, RDI=0x00000000002a4faf
R8 =0x00000000005eec00, R9 =0x00000000002a4fb0, R10=0x00000000005eec00, R11=0x00000000002a4fb0
R12=0x0000000000000000, R13=0x00000007b2e80190, R14=0x000000000000092f, R15=0x0000000013d89000
RIP=0x0000000002cbcdf5, EFLAGS=0x0000000000010283

Top of Stack: (sp=0x000000001bd9f260)
0x000000001bd9f260:   00000007b2e80620 00000000005eec00
0x000000001bd9f270:   00000000005eec00 0000000000000000
0x000000001bd9f280:   3ff0000000001680 00000007b2e801d0
0x000000001bd9f290:   3ff0000000000000 df6c65d4df6ab9ce
0x000000001bd9f2a0:   002a468000000000 00000000ffffffff
0x000000001bd9f2b0:   00001680002a4680 0000168000001680
0x000000001bd9f2c0:   0000000000000000 00000007b2e80200
0x000000001bd9f2d0:   00000007b2e80190 0000000002b561f8
0x000000001bd9f2e0:   00000000005eec00 0000000000000000
0x000000001bd9f2f0:   00000007b2e80190 00000007b2e801d0
0x000000001bd9f300:   00000007b2e801d0 000000001bd9f308
0x000000001bd9f310:   000000001bd9f3c8 0000000002b561f8
0x000000001bd9f320:   0000000000000000 00000006fc411760
0x000000001bd9f330:   00000006fb5556b8 0000000002b561f8
0x000000001bd9f340:   0000000000000000 0000000000000000
0x000000001bd9f350:   3ff0000000000000 0000000000000000 

Instructions: (pc=0x0000000002cbcdf5)
0x0000000002cbcdd5:   70 45 8b 5a 18 4c 63 d7 46 88 4c 15 10 45 3b d8
0x0000000002cbcde5:   0f 8d 6b 06 00 00 44 8b 51 1c 8b 59 2c 4d 63 cb
0x0000000002cbcdf5:   46 0f be 0c 0e 41 ff c3 48 8b 6c 24 70 44 89 5d
0x0000000002cbce05:   18 8b 41 18 41 3b c2 0f 8d 74 06 00 00 8b 79 24 


Register to memory mapping:

RAX=0x00000000002a4faf is an unknown value
RBX=0x00000000f65d00c4 is an unknown value
RCX=0x00000007b2e801d0 is an oop
java.nio.HeapByteBuffer 
 - klass: 'java/nio/HeapByteBuffer'
RDX=0x000000000000167f is an unknown value
RSP=0x000000001bd9f260 is pointing into the stack for thread: 0x0000000013d89000
RBP=0x00000007b2e80620 is an oop
[B 
 - klass: {type array byte}
 - length: 6220800
RSI=0x000000001b6a6050 is an unknown value
RDI=0x00000000002a4faf is an unknown value
R8 =0x00000000005eec00 is an unknown value
R9 =0x00000000002a4fb0 is an unknown value
R10=0x00000000005eec00 is an unknown value
R11=0x00000000002a4fb0 is an unknown value
R12=0x0000000000000000 is an unknown value
R13=0x00000007b2e80190 is an oop
java.nio.DirectByteBuffer 
 - klass: 'java/nio/DirectByteBuffer'
R14=0x000000000000092f is an unknown value
R15=0x0000000013d89000 is a thread


Stack: [0x000000001bca0000,0x000000001bda0000],  sp=0x000000001bd9f260,  free space=1020k
Native frames: (J=compiled Java code, j=interpreted, Vv=VM code, C=native code)
J  com.googlecode.javacv.cpp.opencv_core$IplImage.flipCopyWithGamma(Ljava/nio/ByteBuffer;ILjava/nio/ByteBuffer;IZDZI)V


---------------  P R O C E S S  ---------------

Java Threads: ( => current thread )
  0x0000000017f35800 JavaThread "ICEpdf-pagePainter" daemon [_thread_blocked, id=3876, stack(0x0000000026100000,0x0000000026200000)]
  0x0000000017f41000 JavaThread "ICEpdf-pageInitializer" daemon [_thread_blocked, id=4464, stack(0x0000000025ed0000,0x0000000025fd0000)]
  0x0000000017f35000 JavaThread "DestroyJavaVM" [_thread_blocked, id=8856, stack(0x0000000002930000,0x0000000002a30000)]
  0x0000000013d8a000 JavaThread "D3D Screen Updater" daemon [_thread_blocked, id=6488, stack(0x0000000023cf0000,0x0000000023df0000)]
  0x0000000013d88800 JavaThread "TimerQueue" daemon [_thread_blocked, id=6176, stack(0x0000000022240000,0x0000000022340000)]
  0x0000000013d87800 JavaThread "threadDisplayDensity" daemon [_thread_blocked, id=9156, stack(0x000000001e5f0000,0x000000001e6f0000)]
  0x0000000013d8b800 JavaThread "AWT-EventQueue-0" [_thread_in_native, id=8336, stack(0x000000001e4f0000,0x000000001e5f0000)]
  0x0000000013d8d000 JavaThread "threadDisplay" daemon [_thread_blocked, id=8828, stack(0x000000001e3f0000,0x000000001e4f0000)]
  0x0000000013d8a800 JavaThread "AWT-Shutdown" [_thread_blocked, id=8708, stack(0x000000001bda0000,0x000000001bea0000)]
=>0x0000000013d89000 JavaThread "threadDisplayCamera" daemon [_thread_in_Java, id=6476, stack(0x000000001bca0000,0x000000001bda0000)]
  0x0000000013d8c000 JavaThread "AWT-Windows" daemon [_thread_in_native, id=7532, stack(0x0000000014670000,0x0000000014770000)]
  0x0000000013d87000 JavaThread "Java2D Disposer" daemon [_thread_blocked, id=6076, stack(0x0000000014470000,0x0000000014570000)]
  0x0000000011671000 JavaThread "Service Thread" daemon [_thread_blocked, id=8216, stack(0x0000000013a70000,0x0000000013b70000)]
  0x000000001166c800 JavaThread "C2 CompilerThread1" daemon [_thread_blocked, id=7232, stack(0x0000000013970000,0x0000000013a70000)]
  0x0000000011669000 JavaThread "C2 CompilerThread0" daemon [_thread_blocked, id=7064, stack(0x0000000013870000,0x0000000013970000)]
  0x0000000011667800 JavaThread "Attach Listener" daemon [_thread_blocked, id=7512, stack(0x0000000013770000,0x0000000013870000)]
  0x000000001165a800 JavaThread "Signal Dispatcher" daemon [_thread_blocked, id=8560, stack(0x0000000013670000,0x0000000013770000)]
  0x00000000115fe800 JavaThread "Finalizer" daemon [_thread_blocked, id=1776, stack(0x0000000013570000,0x0000000013670000)]
  0x00000000115f7000 JavaThread "Reference Handler" daemon [_thread_blocked, id=7236, stack(0x0000000013470000,0x0000000013570000)]

Other Threads:
  0x00000000115f1800 VMThread [stack: 0x0000000013370000,0x0000000013470000] [id=8976]
  0x0000000011696800 WatcherThread [stack: 0x0000000013b70000,0x0000000013c70000] [id=7108]

VM state:not at safepoint (normal execution)

VM Mutex/Monitor currently owned by a thread: None

Heap
 PSYoungGen      total 341568K, used 200970K [0x00000007aacb0000, 0x00000007c82f0000, 0x0000000800000000)
  eden space 257024K, 54% used [0x00000007aacb0000,0x00000007b346f230,0x00000007ba7b0000)
  from space 84544K, 73% used [0x00000007ba7b0000,0x00000007be433940,0x00000007bfa40000)
  to   space 89856K, 0% used [0x00000007c2b30000,0x00000007c2b30000,0x00000007c82f0000)
 ParOldGen       total 437824K, used 30936K [0x0000000700600000, 0x000000071b190000, 0x00000007aacb0000)
  object space 437824K, 7% used [0x0000000700600000,0x0000000702436170,0x000000071b190000)
 PSPermGen       total 35520K, used 18015K [0x00000006fb400000, 0x00000006fd6b0000, 0x0000000700600000)
  object space 35520K, 50% used [0x00000006fb400000,0x00000006fc597c30,0x00000006fd6b0000)

Card table byte_map: [0x0000000005c10000,0x0000000006440000] byte_map_base: 0x0000000002436000

Polling page: 0x00000000028a0000

Code Cache  [0x0000000002b50000, 0x0000000002dc0000, 0x0000000005b50000)
 total_blobs=885 nmethods=295 adapters=541 free_code_cache=47761Kb largest_free_block=48825536

Compilation events (10 events):
Event: 10.833 Thread 0x000000001166c800  297             java.awt.Component::getX (5 bytes)
Event: 10.833 Thread 0x0000000011669000  298             java.awt.Component::getY (5 bytes)
Event: 10.833 Thread 0x0000000011669000 nmethod 298 0x0000000002bc3610 code [0x0000000002bc3740, 0x0000000002bc3798]
Event: 10.833 Thread 0x000000001166c800 nmethod 297 0x0000000002c90f10 code [0x0000000002c91040, 0x0000000002c91098]
Event: 11.024 Thread 0x000000001166c800  299             java.awt.image.SampleModel::getNumBands (5 bytes)
Event: 11.025 Thread 0x000000001166c800 nmethod 299 0x0000000002c90d10 code [0x0000000002c90e40, 0x0000000002c90e98]
Event: 12.184 Thread 0x0000000011669000  300  s          sun.java2d.loops.GraphicsPrimitiveMgr::locatePrim (96 bytes)
Event: 12.194 Thread 0x0000000011669000 nmethod 300 0x0000000002cb1cd0 code [0x0000000002cb1ea0, 0x0000000002cb2b68]
Event: 12.250 Thread 0x000000001166c800  301             java.awt.image.ComponentSampleModel::getNumDataElements (5 bytes)
Event: 12.250 Thread 0x000000001166c800 nmethod 301 0x0000000002c90b10 code [0x0000000002c90c40, 0x0000000002c90c98]

GC Heap History (10 events):
Event: 11.977 GC heap before
{Heap before GC invocations=18 (full 5):
 PSYoungGen      total 237952K, used 237302K [0x00000007aacb0000, 0x00000007c1030000, 0x0000000800000000)
  eden space 174592K, 99% used [0x00000007aacb0000,0x00000007b572d368,0x00000007b5730000)
  from space 63360K, 98% used [0x00000007b5730000,0x00000007b94704a0,0x00000007b9510000)
  to   space 73984K, 0% used [0x00000007bc7f0000,0x00000007bc7f0000,0x00000007c1030000)
 ParOldGen       total 430464K, used 430273K [0x0000000700600000, 0x000000071aa60000, 0x00000007aacb0000)
  object space 430464K, 99% used [0x0000000700600000,0x000000071aa305e0,0x000000071aa60000)
 PSPermGen       total 37632K, used 18001K [0x00000006fb400000, 0x00000006fd8c0000, 0x0000000700600000)
  object space 37632K, 47% used [0x00000006fb400000,0x00000006fc5947d8,0x00000006fd8c0000)
Event: 12.002 GC heap after
Heap after GC invocations=18 (full 5):
 PSYoungGen      total 237952K, used 0K [0x00000007aacb0000, 0x00000007c1030000, 0x0000000800000000)
  eden space 174592K, 0% used [0x00000007aacb0000,0x00000007aacb0000,0x00000007b5730000)
  from space 63360K, 0% used [0x00000007b5730000,0x00000007b5730000,0x00000007b9510000)
  to   space 73984K, 0% used [0x00000007bc7f0000,0x00000007bc7f0000,0x00000007c1030000)
 ParOldGen       total 437824K, used 30936K [0x0000000700600000, 0x000000071b190000, 0x00000007aacb0000)
  object space 437824K, 7% used [0x0000000700600000,0x0000000702436170,0x000000071b190000)
 PSPermGen       total 35520K, used 18001K [0x00000006fb400000, 0x00000006fd6b0000, 0x0000000700600000)
  object space 35520K, 50% used [0x00000006fb400000,0x00000006fc594798,0x00000006fd6b0000)
}
Event: 12.310 GC heap before
{Heap before GC invocations=19 (full 5):
 PSYoungGen      total 237952K, used 169698K [0x00000007aacb0000, 0x00000007c1030000, 0x0000000800000000)
  eden space 174592K, 97% used [0x00000007aacb0000,0x00000007b52689d0,0x00000007b5730000)
  from space 63360K, 0% used [0x00000007b5730000,0x00000007b5730000,0x00000007b9510000)
  to   space 73984K, 0% used [0x00000007bc7f0000,0x00000007bc7f0000,0x00000007c1030000)
 ParOldGen       total 437824K, used 30936K [0x0000000700600000, 0x000000071b190000, 0x00000007aacb0000)
  object space 437824K, 7% used [0x0000000700600000,0x0000000702436170,0x000000071b190000)
 PSPermGen       total 35520K, used 18001K [0x00000006fb400000, 0x00000006fd6b0000, 0x0000000700600000)
  object space 35520K, 50% used [0x00000006fb400000,0x00000006fc594798,0x00000006fd6b0000)
Event: 12.324 GC heap after
Heap after GC invocations=19 (full 5):
 PSYoungGen      total 283968K, used 56228K [0x00000007aacb0000, 0x00000007c1da0000, 0x0000000800000000)
  eden space 209984K, 0% used [0x00000007aacb0000,0x00000007aacb0000,0x00000007b79c0000)
  from space 73984K, 76% used [0x00000007bc7f0000,0x00000007bfed9350,0x00000007c1030000)
  to   space 80064K, 0% used [0x00000007b79c0000,0x00000007b79c0000,0x00000007bc7f0000)
 ParOldGen       total 437824K, used 30936K [0x0000000700600000, 0x000000071b190000, 0x00000007aacb0000)
  object space 437824K, 7% used [0x0000000700600000,0x0000000702436170,0x000000071b190000)
 PSPermGen       total 35520K, used 18001K [0x00000006fb400000, 0x00000006fd6b0000, 0x0000000700600000)
  object space 35520K, 50% used [0x00000006fb400000,0x00000006fc594798,0x00000006fd6b0000)
}
Event: 12.717 GC heap before
{Heap before GC invocations=20 (full 5):
 PSYoungGen      total 283968K, used 260427K [0x00000007aacb0000, 0x00000007c1da0000, 0x0000000800000000)
  eden space 209984K, 97% used [0x00000007aacb0000,0x00000007b7419908,0x00000007b79c0000)
  from space 73984K, 76% used [0x00000007bc7f0000,0x00000007bfed9350,0x00000007c1030000)
  to   space 80064K, 0% used [0x00000007b79c0000,0x00000007b79c0000,0x00000007bc7f0000)
 ParOldGen       total 437824K, used 30936K [0x0000000700600000, 0x000000071b190000, 0x00000007aacb0000)
  object space 437824K, 7% used [0x0000000700600000,0x0000000702436170,0x000000071b190000)
 PSPermGen       total 35520K, used 18003K [0x00000006fb400000, 0x00000006fd6b0000, 0x0000000700600000)
  object space 35520K, 50% used [0x00000006fb400000,0x00000006fc594fc0,0x00000006fd6b0000)
Event: 12.722 GC heap after
Heap after GC invocations=20 (full 5):
 PSYoungGen      total 290048K, used 47464K [0x00000007aacb0000, 0x00000007c49e0000, 0x0000000800000000)
  eden space 209984K, 0% used [0x00000007aacb0000,0x00000007aacb0000,0x00000007b79c0000)
  from space 80064K, 59% used [0x00000007b79c0000,0x00000007ba81a000,0x00000007bc7f0000)
  to   space 81536K, 0% used [0x00000007bfa40000,0x00000007bfa40000,0x00000007c49e0000)
 ParOldGen       total 437824K, used 30936K [0x0000000700600000, 0x000000071b190000, 0x00000007aacb0000)
  object space 437824K, 7% used [0x0000000700600000,0x0000000702436170,0x000000071b190000)
 PSPermGen       total 35520K, used 18003K [0x00000006fb400000, 0x00000006fd6b0000, 0x0000000700600000)
  object space 35520K, 50% used [0x00000006fb400000,0x00000006fc594fc0,0x00000006fd6b0000)
}
Event: 13.111 GC heap before
{Heap before GC invocations=21 (full 5):
 PSYoungGen      total 290048K, used 251558K [0x00000007aacb0000, 0x00000007c49e0000, 0x0000000800000000)
  eden space 209984K, 97% used [0x00000007aacb0000,0x00000007b73ffad0,0x00000007b79c0000)
  from space 80064K, 59% used [0x00000007b79c0000,0x00000007ba81a000,0x00000007bc7f0000)
  to   space 81536K, 0% used [0x00000007bfa40000,0x00000007bfa40000,0x00000007c49e0000)
 ParOldGen       total 437824K, used 30936K [0x0000000700600000, 0x000000071b190000, 0x00000007aacb0000)
  object space 437824K, 7% used [0x0000000700600000,0x0000000702436170,0x000000071b190000)
 PSPermGen       total 35520K, used 18007K [0x00000006fb400000, 0x00000006fd6b0000, 0x0000000700600000)
  object space 35520K, 50% used [0x00000006fb400000,0x00000006fc595c28,0x00000006fd6b0000)
Event: 13.125 GC heap after
Heap after GC invocations=21 (full 5):
 PSYoungGen      total 338560K, used 53402K [0x00000007aacb0000, 0x00000007c5700000, 0x0000000800000000)
  eden space 257024K, 0% used [0x00000007aacb0000,0x00000007aacb0000,0x00000007ba7b0000)
  from space 81536K, 65% used [0x00000007bfa40000,0x00000007c2e66900,0x00000007c49e0000)
  to   space 84544K, 0% used [0x00000007ba7b0000,0x00000007ba7b0000,0x00000007bfa40000)
 ParOldGen       total 437824K, used 30936K [0x0000000700600000, 0x000000071b190000, 0x00000007aacb0000)
  object space 437824K, 7% used [0x0000000700600000,0x0000000702436170,0x000000071b190000)
 PSPermGen       total 35520K, used 18007K [0x00000006fb400000, 0x00000006fd6b0000, 0x0000000700600000)
  object space 35520K, 50% used [0x00000006fb400000,0x00000006fc595c28,0x00000006fd6b0000)
}
Event: 13.638 GC heap before
{Heap before GC invocations=22 (full 5):
 PSYoungGen      total 338560K, used 305290K [0x00000007aacb0000, 0x00000007c5700000, 0x0000000800000000)
  eden space 257024K, 98% used [0x00000007aacb0000,0x00000007ba2ac2a0,0x00000007ba7b0000)
  from space 81536K, 65% used [0x00000007bfa40000,0x00000007c2e66900,0x00000007c49e0000)
  to   space 84544K, 0% used [0x00000007ba7b0000,0x00000007ba7b0000,0x00000007bfa40000)
 ParOldGen       total 437824K, used 30936K [0x0000000700600000, 0x000000071b190000, 0x00000007aacb0000)
  object space 437824K, 7% used [0x0000000700600000,0x0000000702436170,0x000000071b190000)
 PSPermGen       total 35520K, used 18014K [0x00000006fb400000, 0x00000006fd6b0000, 0x0000000700600000)
  object space 35520K, 50% used [0x00000006fb400000,0x00000006fc597880,0x00000006fd6b0000)
Event: 13.645 GC heap after
Heap after GC invocations=22 (full 5):
 PSYoungGen      total 341568K, used 61966K [0x00000007aacb0000, 0x00000007c82f0000, 0x0000000800000000)
  eden space 257024K, 0% used [0x00000007aacb0000,0x00000007aacb0000,0x00000007ba7b0000)
  from space 84544K, 73% used [0x00000007ba7b0000,0x00000007be433940,0x00000007bfa40000)
  to   space 89856K, 0% used [0x00000007c2b30000,0x00000007c2b30000,0x00000007c82f0000)
 ParOldGen       total 437824K, used 30936K [0x0000000700600000, 0x000000071b190000, 0x00000007aacb0000)
  object space 437824K, 7% used [0x0000000700600000,0x0000000702436170,0x000000071b190000)
 PSPermGen       total 35520K, used 18014K [0x00000006fb400000, 0x00000006fd6b0000, 0x0000000700600000)
  object space 35520K, 50% used [0x00000006fb400000,0x00000006fc597880,0x00000006fd6b0000)
}

Deoptimization events (10 events):
Event: 3.853 Thread 0x0000000017f41000 Uncommon trap -83 fr.pc 0x0000000002c14144
Event: 3.876 Thread 0x0000000017f41000 Uncommon trap -83 fr.pc 0x0000000002c4a7e8
Event: 3.951 Thread 0x0000000017f41000 Uncommon trap -83 fr.pc 0x0000000002c43e4c
Event: 3.981 Thread 0x0000000017f41000 Uncommon trap -83 fr.pc 0x0000000002c37d18
Event: 4.175 Thread 0x0000000017f35800 Uncommon trap -83 fr.pc 0x0000000002c7063c
Event: 10.164 Thread 0x0000000013d8b800 Uncommon trap -122 fr.pc 0x0000000002cad0c8
Event: 10.164 Thread 0x0000000013d8b800 Uncommon trap -34 fr.pc 0x0000000002caaee0
Event: 10.164 Thread 0x0000000013d8b800 Uncommon trap -34 fr.pc 0x0000000002caaee0
Event: 10.165 Thread 0x0000000013d8b800 Uncommon trap -34 fr.pc 0x0000000002caaee0
Event: 10.165 Thread 0x0000000013d8b800 Uncommon trap -34 fr.pc 0x0000000002caaee0

Internal exceptions (10 events):
Event: 4.029 Thread 0x0000000017f41000 Threw 0x00000007ab7b8f18 at C:\jdk7u1_64p\jdk7u7\hotspot\src\share\vm\prims\jvm.cpp:1166
Event: 4.030 Thread 0x0000000017f41000 Threw 0x00000007ab7bbce8 at C:\jdk7u1_64p\jdk7u7\hotspot\src\share\vm\prims\jvm.cpp:1166
Event: 4.031 Thread 0x0000000017f41000 Threw 0x00000007ab7bee98 at C:\jdk7u1_64p\jdk7u7\hotspot\src\share\vm\prims\jvm.cpp:1166
Event: 4.031 Thread 0x0000000017f41000 Threw 0x00000007ab7c1c68 at C:\jdk7u1_64p\jdk7u7\hotspot\src\share\vm\prims\jvm.cpp:1166
Event: 4.164 Thread 0x0000000017f35800 Threw 0x00000007abd00710 at C:\jdk7u1_64p\jdk7u7\hotspot\src\share\vm\prims\jvm.cpp:1166
Event: 4.167 Thread 0x0000000017f35800 Threw 0x00000007abd10fa0 at C:\jdk7u1_64p\jdk7u7\hotspot\src\share\vm\prims\jvm.cpp:1166
Event: 4.370 Thread 0x0000000017f35800 Threw 0x00000007ac74d070 at C:\jdk7u1_64p\jdk7u7\hotspot\src\share\vm\prims\jvm.cpp:1166
Event: 10.141 Thread 0x0000000013d8b800 Threw 0x00000007aacb24e0 at C:\jdk7u1_64p\jdk7u7\hotspot\src\share\vm\prims\jvm.cpp:1166
Event: 10.141 Thread 0x0000000013d8b800 Threw 0x00000007aacb7b18 at C:\jdk7u1_64p\jdk7u7\hotspot\src\share\vm\prims\jvm.cpp:1166
Event: 10.164 Thread 0x0000000013d8b800 Threw 0x00000007ac04da30 at C:\jdk7u1_64p\jdk7u7\hotspot\src\share\vm\prims\jvm.cpp:1166

Events (10 events):
Event: 13.111 Executing VM operation: ParallelGCFailedAllocation
Event: 13.125 Executing VM operation: ParallelGCFailedAllocation done
Event: 13.433 loading class 0x0000000014fae970
Event: 13.433 loading class 0x0000000014fae970 done
Event: 13.433 loading class 0x0000000014e2d3a0
Event: 13.433 loading class 0x0000000014f94cc0
Event: 13.433 loading class 0x0000000014f94cc0 done
Event: 13.433 loading class 0x0000000014e2d3a0 done
Event: 13.638 Executing VM operation: ParallelGCFailedAllocation
Event: 13.645 Executing VM operation: ParallelGCFailedAllocation done


Dynamic libraries:
0x000007f7f0ad0000 - 0x000007f7f0b04000 	F:\Program Files\Java\Jre7\bin\javaw.exe
0x000007f95e1d0000 - 0x000007f95e38e000 	C:\WINDOWS\SYSTEM32\ntdll.dll
0x000007f95d7e0000 - 0x000007f95d916000 	C:\WINDOWS\system32\KERNEL32.DLL
0x000007f95b470000 - 0x000007f95b563000 	C:\WINDOWS\system32\KERNELBASE.dll
0x000007f95ca50000 - 0x000007f95cb2e000 	C:\WINDOWS\system32\ADVAPI32.dll
0x000007f95ce50000 - 0x000007f95cf9c000 	C:\WINDOWS\system32\USER32.dll
0x000007f958910000 - 0x000007f958b79000 	C:\WINDOWS\WinSxS\amd64_microsoft.windows.common-controls_6595b64144ccf1df_6.0.9200.16384_none_418c2a697189c07f\COMCTL32.dll
0x000007f95d590000 - 0x000007f95d635000 	C:\WINDOWS\system32\msvcrt.dll
0x000007f95db40000 - 0x000007f95db88000 	C:\WINDOWS\SYSTEM32\sechost.dll
0x000007f95d6a0000 - 0x000007f95d7e0000 	C:\WINDOWS\system32\RPCRT4.dll
0x000007f95b620000 - 0x000007f95b760000 	C:\WINDOWS\system32\GDI32.dll
0x000007f95dcd0000 - 0x000007f95dd09000 	C:\WINDOWS\system32\IMM32.DLL
0x000007f95cd30000 - 0x000007f95ce45000 	C:\WINDOWS\system32\MSCTF.dll
0x000007f95b0c0000 - 0x000007f95b0c8000 	C:\PROGRA~2\NVIDIA~1\3DVISI~1\NVSTIN~1.DLL
0x000007f95d990000 - 0x000007f95d997000 	C:\WINDOWS\system32\PSAPI.DLL
0x000000006f560000 - 0x000000006f603000 	C:\WINDOWS\WinSxS\amd64_microsoft.vc90.crt_1fc8b3b9a1e18e3b_9.0.30729.6871_none_08e717a5a83adddf\MSVCR90.dll
0x000000006db00000 - 0x000000006dbd1000 	F:\Program Files\Java\Jre7\bin\msvcr100.dll
0x000000006d3e0000 - 0x000000006daff000 	F:\Program Files\Java\Jre7\bin\server\jvm.dll
0x000007f953860000 - 0x000007f953869000 	C:\WINDOWS\SYSTEM32\WSOCK32.dll
0x000007f958800000 - 0x000007f958820000 	C:\WINDOWS\SYSTEM32\WINMM.dll
0x000007f95d920000 - 0x000007f95d978000 	C:\WINDOWS\system32\WS2_32.dll
0x000007f958100000 - 0x000007f958132000 	C:\WINDOWS\SYSTEM32\WINMMBASE.dll
0x000007f95dd10000 - 0x000007f95dd19000 	C:\WINDOWS\system32\NSI.dll
0x000000006d3d0000 - 0x000000006d3df000 	F:\Program Files\Java\Jre7\bin\verify.dll
0x000000006d3a0000 - 0x000000006d3c8000 	F:\Program Files\Java\Jre7\bin\java.dll
0x000000006d380000 - 0x000000006d395000 	F:\Program Files\Java\Jre7\bin\zip.dll
0x000000006c580000 - 0x000000006c713000 	F:\Program Files\Java\Jre7\bin\awt.dll
0x000007f95db90000 - 0x000007f95dc53000 	C:\WINDOWS\system32\OLEAUT32.dll
0x000007f95d3e0000 - 0x000007f95d590000 	C:\WINDOWS\system32\combase.dll
0x000007f955390000 - 0x000007f95542f000 	C:\WINDOWS\system32\apphelp.dll
0x000007f959ec0000 - 0x000007f959fa3000 	C:\WINDOWS\system32\uxtheme.dll
0x000007f9552f0000 - 0x000007f955385000 	C:\Program Files\Common Files\microsoft shared\ink\tiptsf.dll
0x000007f959650000 - 0x000007f959671000 	C:\WINDOWS\SYSTEM32\dwmapi.dll
0x000007f95cfa0000 - 0x000007f95d11e000 	C:\WINDOWS\system32\ole32.dll
0x000007f95af30000 - 0x000007f95af3a000 	C:\WINDOWS\SYSTEM32\CRYPTBASE.dll
0x000007f95aeb0000 - 0x000007f95af0c000 	C:\WINDOWS\SYSTEM32\bcryptPrimitives.dll
0x000007f95b760000 - 0x000007f95ca48000 	C:\WINDOWS\system32\SHELL32.dll
0x000007f95dc80000 - 0x000007f95dcd0000 	C:\WINDOWS\system32\SHLWAPI.dll
0x000007f95a290000 - 0x000007f95a326000 	C:\WINDOWS\SYSTEM32\shcore.dll
0x000000006e430000 - 0x000000006e4c8000 	C:\Windows\System32\msvcp100.dll
0x000007f945e60000 - 0x000007f9460b8000 	C:\opencv\build\x64\vc10\bin\opencv_core243.dll
0x000007f954c40000 - 0x000007f954cd5000 	C:\Users\Jonas\AppData\Local\Temp\javacpp237948735833486\jniopencv_core.dll
0x000007f943c30000 - 0x000007f943ed5000 	C:\opencv\build\x64\vc10\bin\opencv_imgproc243.dll
0x000007f954bf0000 - 0x000007f954c38000 	C:\Users\Jonas\AppData\Local\Temp\javacpp237948735833486\jniopencv_imgproc.dll
0x0000000066840000 - 0x00000000675ca000 	C:\opencv\build\x64\vc10\bin\opencv_ffmpeg243_64.dll
0x000007f9422f0000 - 0x000007f94253b000 	C:\opencv\build\x64\vc10\bin\opencv_highgui243.dll
0x000007f954af0000 - 0x000007f954b10000 	C:\WINDOWS\SYSTEM32\AVIFIL32.dll
0x000007f9547b0000 - 0x000007f9547d9000 	C:\WINDOWS\SYSTEM32\MSVFW32.dll
0x000007f954b70000 - 0x000007f954b87000 	C:\WINDOWS\SYSTEM32\AVICAP32.dll
0x000007f948660000 - 0x000007f948679000 	C:\WINDOWS\SYSTEM32\MSACM32.dll
0x000007f959620000 - 0x000007f959629000 	C:\WINDOWS\SYSTEM32\VERSION.dll
0x000007f954a20000 - 0x000007f954a33000 	C:\Users\Jonas\AppData\Local\Temp\javacpp237948735833486\jniopencv_highgui.dll
0x000007f95cc90000 - 0x000007f95cd26000 	C:\WINDOWS\SYSTEM32\clbcatq.dll
0x000007f954980000 - 0x000007f954997000 	C:\Windows\System32\devenum.dll
0x000007f95e000000 - 0x000007f95e1d0000 	C:\WINDOWS\system32\setupapi.dll
0x000007f95b390000 - 0x000007f95b3df000 	C:\WINDOWS\system32\CFGMGR32.dll
0x000007f95b440000 - 0x000007f95b462000 	C:\WINDOWS\system32\DEVOBJ.dll
0x000007f954440000 - 0x000007f95446e000 	C:\WINDOWS\SYSTEM32\ntmarta.dll
0x000007f95b3e0000 - 0x000007f95b435000 	C:\WINDOWS\system32\WINTRUST.dll
0x000007f95b1b0000 - 0x000007f95b387000 	C:\WINDOWS\system32\CRYPT32.dll
0x000007f95b190000 - 0x000007f95b1a6000 	C:\WINDOWS\system32\MSASN1.dll
0x000007f9587f0000 - 0x000007f9587fd000 	C:\WINDOWS\SYSTEM32\msdmo.dll
0x000007f952370000 - 0x000007f95239f000 	C:\Windows\System32\qcap.dll
0x000007f944d50000 - 0x000007f944f08000 	C:\Windows\System32\quartz.dll
0x000007f951fc0000 - 0x000007f951fff000 	C:\Windows\System32\ksproxy.ax
0x000007f955b30000 - 0x000007f955b37000 	C:\Windows\System32\ksuser.dll
0x000007f94a240000 - 0x000007f94a440000 	C:\Windows\System32\d3d9.dll
0x000007f957430000 - 0x000007f95743c000 	C:\Windows\System32\vidcap.ax
0x000007f952150000 - 0x000007f952174000 	C:\Windows\System32\kswdmcap.ax
0x000007f943950000 - 0x000007f943aa4000 	C:\Windows\System32\MFC42.dll
0x000007f945700000 - 0x000007f9457be000 	C:\Windows\System32\ODBC32.dll
0x000007f945820000 - 0x000007f9458b5000 	C:\Windows\System32\qedit.dll
0x000007f95df50000 - 0x000007f95dff1000 	C:\WINDOWS\system32\COMDLG32.dll
0x000007f95d9a0000 - 0x000007f95db40000 	C:\WINDOWS\WinSxS\amd64_microsoft.windows.gdiplus_6595b64144ccf1df_1.1.9200.16384_none_72771d4ecc1c3a4d\gdiplus.dll
0x000007f942540000 - 0x000007f94262a000 	C:\WINDOWS\SYSTEM32\DDRAW.dll
0x000007f957440000 - 0x000007f957448000 	C:\WINDOWS\SYSTEM32\DCIMAN32.dll
0x000000006c540000 - 0x000000006c574000 	F:\Program Files\Java\Jre7\bin\fontmanager.dll
0x000007f93d8c0000 - 0x000007f93ea40000 	C:\WINDOWS\SYSTEM32\nvd3dumx.dll
0x000007f95afb0000 - 0x000007f95aff3000 	C:\WINDOWS\SYSTEM32\powrprof.dll
0x0000000180000000 - 0x0000000180116000 	C:\Program Files (x86)\NVIDIA Corporation\3D Vision\nvSCPAPI64.dll
0x000007f958830000 - 0x000007f9588a4000 	C:\WINDOWS\SYSTEM32\dxgi.dll
0x000007f957c90000 - 0x000007f957f52000 	C:\WINDOWS\SYSTEM32\nvapi64.dll
0x000007f958140000 - 0x000007f95815f000 	C:\WINDOWS\SYSTEM32\DXGIDebug.dll
0x000000006d360000 - 0x000000006d379000 	F:\Program Files\Java\Jre7\bin\net.dll
0x000007f95a920000 - 0x000007f95a97c000 	C:\WINDOWS\system32\mswsock.dll
0x000000006d340000 - 0x000000006d351000 	F:\Program Files\Java\Jre7\bin\nio.dll
0x000000006c4f0000 - 0x000000006c531000 	F:\Program Files\Java\Jre7\bin\t2k.dll
0x000007f958d90000 - 0x000007f958f1a000 	C:\WINDOWS\SYSTEM32\WindowsCodecs.dll
0x000007f95b0e0000 - 0x000007f95b0f5000 	C:\WINDOWS\SYSTEM32\profapi.dll
0x000007f957fd0000 - 0x000007f958039000 	C:\WINDOWS\SYSTEM32\oleacc.dll
0x000000006c4c0000 - 0x000000006c4ea000 	F:\Program Files\Java\Jre7\bin\dcpr.dll

VM Arguments:
jvm_args: -Dfile.encoding=Cp1252 
java_command: emcscanner.kth.se.Program
Launcher Type: SUN_STANDARD

Environment Variables:
PATH=C:\Program Files (x86)\NVIDIA Corporation\PhysX\Common;C:\WINDOWS\system32;C:\WINDOWS;C:\WINDOWS\System32\Wbem;C:\WINDOWS\System32\WindowsPowerShell\v1.0\;C:\Program Files (x86)\Microsoft SQL Server\90\Tools\binn\;C:\Program Files (x86)\Autodesk\Backburner\;F:\Program Files\MATLAB\R2012a\runtime\win64;F:\Program Files\MATLAB\R2012a\bin;PROGRAMFILES\Internet Explorer;C:\Program Files\Perforce;F:\Program Files\Perforce;C:\Program Files\Microsoft\Web Platform Installer\;C:\Program Files (x86)\Microsoft ASP.NET\ASP.NET Web Pages\v1.0\;C:\Program Files (x86)\Windows Kits\8.0\Windows Performance Toolkit\;C:\Program Files\Microsoft SQL Server\110\Tools\Binn\;F:\Program Files\Perforce\Server
USERNAME=Jonas
OS=Windows_NT
PROCESSOR_IDENTIFIER=Intel64 Family 6 Model 42 Stepping 7, GenuineIntel



---------------  S Y S T E M  ---------------

OS: Windows 8 , 64 bit Build 9200 

CPU:total 8 (4 cores per cpu, 2 threads per core) family 6 model 42 stepping 7, cmov, cx8, fxsr, mmx, sse, sse2, sse3, ssse3, sse4.1, sse4.2, popcnt, avx, ht, tsc, tscinvbit

Memory: 4k page, physical 16751668k(11031320k free), swap 33528884k(23141620k free)

vm_info: Java HotSpot(TM) 64-Bit Server VM (23.3-b01) for windows-amd64 JRE (1.7.0_07-b11), built on Sep  7 2012 01:19:25 by "java_re" with unknown MS VC++:1600

time: Thu Jan 31 18:01:31 2013
elapsed time: 14 seconds

