#
# A fatal error has been detected by the Java Runtime Environment:
#
#  EXCEPTION_ACCESS_VIOLATION (0xc0000005) at pc=0x000007fe834a8bc0, pid=7520, tid=1600
#
# JRE version: 7.0_07-b11
# Java VM: Java HotSpot(TM) 64-Bit Server VM (23.3-b01 mixed mode windows-amd64 compressed oops)
# Problematic frame:
# C  [ntdll.dll+0x18bc0]  RtlQueueWorkItem+0x8a0
#
# Failed to write core dump. Minidumps are not enabled by default on client versions of Windows
#
# If you would like to submit a bug report, please visit:
#   http://bugreport.sun.com/bugreport/crash.jsp
# The crash happened outside the Java Virtual Machine in native code.
# See problematic frame for where to report the bug.
#

---------------  T H R E A D  ---------------

Current thread (0x000000001353d000):  JavaThread "threadDisplay" daemon [_thread_in_native, id=1600, stack(0x000000001fdb0000,0x000000001feb0000)]

siginfo: ExceptionCode=0xc0000005, writing address 0x0000000000000024

Registers:
RAX=0x0000000000000000, RBX=0x00000000199ba918, RCX=0x00000000fffffffc, RDX=0x0000000000000928
RSP=0x000000001feaee60, RBP=0x0000000000000000, RSI=0x0000000000000928, RDI=0x0000000000000000
R8 =0xffffffffffffffff, R9 =0x0000000000000004, R10=0x0000000000000000, R11=0x0000000000000246
R12=0x0000000000000000, R13=0x0000000000000000, R14=0x000007f616f92000, R15=0x0000000000000000
RIP=0x000007fe834a8bc0, EFLAGS=0x0000000000010213

Top of Stack: (sp=0x000000001feaee60)
0x000000001feaee60:   0000000000000928 00000006fb82776b
0x000000001feaee70:   000000001feaeec0 00000006fb82b4a0
0x000000001feaee80:   0000000000000000 00000006fb827780
0x000000001feaee90:   0000000000000000 000000001feaeeb8
0x000000001feaeea0:   0000000000000000 00000000023d61f8
0x000000001feaeeb0:   0000000000000000 00000007ab29fbc0
0x000000001feaeec0:   00000007011e8590 000007fe805810ea
0x000000001feaeed0:   00000006fb8275ed 000000001feaef20
0x000000001feaeee0:   00008d3bb43071d3 0000000000000000
0x000000001feaeef0:   0000000000000004 0000000000000001
0x000000001feaef00:   000000001f7bd050 00000000ff000000
0x000000001feaef10:   0000000000000000 0000000000000000
0x000000001feaef20:   000007f616f92000 000007fe8349f4d4
0x000000001feaef30:   0000000000000000 0000000000000000
0x000000001feaef40:   00000000199ba918 0000000000000000
0x000000001feaef50:   0000000000000000 000000001353d1d8 

Instructions: (pc=0x000007fe834a8bc0)
0x000007fe834a8ba0:   43 08 a8 01 0f 85 bd 67 ff ff 8b c8 2b cd f0 0f
0x000007fe834a8bb0:   b1 4b 08 75 ea 48 8b 03 33 ed 48 83 f8 ff 74 03
0x000007fe834a8bc0:   ff 40 24 41 bf 82 03 fe 7f 41 80 3f 00 0f 85 69
0x000007fe834a8bd0:   7a 0e 00 48 83 fe ff 0f 84 bf 7a 0e 00 4c 8b c7 


Register to memory mapping:

RAX=0x0000000000000000 is an unknown value
RBX=0x00000000199ba918 is an unknown value
RCX=0x00000000fffffffc is an unknown value
RDX=0x0000000000000928 is an unknown value
RSP=0x000000001feaee60 is pointing into the stack for thread: 0x000000001353d000
RBP=0x0000000000000000 is an unknown value
RSI=0x0000000000000928 is an unknown value
RDI=0x0000000000000000 is an unknown value
R8 =0xffffffffffffffff is an unknown value
R9 =0x0000000000000004 is an unknown value
R10=0x0000000000000000 is an unknown value
R11=0x0000000000000246 is an unknown value
R12=0x0000000000000000 is an unknown value
R13=0x0000000000000000 is an unknown value
R14=0x000007f616f92000 is an unknown value
R15=0x0000000000000000 is an unknown value


Stack: [0x000000001fdb0000,0x000000001feb0000],  sp=0x000000001feaee60,  free space=1019k
Native frames: (J=compiled Java code, j=interpreted, Vv=VM code, C=native code)
C  [ntdll.dll+0x18bc0]  RtlQueueWorkItem+0x8a0

[error occurred during error reporting (printing native stack), id 0xc0000005]

Java frames: (J=compiled Java code, j=interpreted, Vv=VM code)
j  com.googlecode.javacv.cpp.opencv_highgui.cvRetrieveFrame(Lcom/googlecode/javacv/cpp/opencv_highgui$CvCapture;I)Lcom/googlecode/javacv/cpp/opencv_core$IplImage;+0
j  com.googlecode.javacv.cpp.opencv_highgui.cvRetrieveFrame(Lcom/googlecode/javacv/cpp/opencv_highgui$CvCapture;)Lcom/googlecode/javacv/cpp/opencv_core$IplImage;+2
j  com.googlecode.javacv.OpenCVFrameGrabber.grab()Lcom/googlecode/javacv/cpp/opencv_core$IplImage;+4
j  emcscanner.kth.se.CameraPanel$1.run()V+3
v  ~StubRoutines::call_stub

---------------  P R O C E S S  ---------------

Java Threads: ( => current thread )
  0x0000000019c84800 JavaThread "Thread-3" [_thread_in_native, id=5596, stack(0x000000001c700000,0x000000001c800000)]
  0x0000000019c8e800 JavaThread "Thread-0" daemon [_thread_in_native, id=7856, stack(0x000000001c600000,0x000000001c700000)]
  0x0000000019c88800 JavaThread "ICEpdf-pagePainter" daemon [_thread_blocked, id=5180, stack(0x00000000201f0000,0x00000000202f0000)]
  0x000000001353f000 JavaThread "ICEpdf-pageInitializer" daemon [_thread_blocked, id=7448, stack(0x000000001ffc0000,0x00000000200c0000)]
  0x000000001353d800 JavaThread "DestroyJavaVM" [_thread_blocked, id=4208, stack(0x0000000002110000,0x0000000002210000)]
=>0x000000001353d000 JavaThread "threadDisplay" daemon [_thread_in_native, id=1600, stack(0x000000001fdb0000,0x000000001feb0000)]
  0x000000001353c000 JavaThread "TimerQueue" daemon [_thread_blocked, id=1480, stack(0x0000000018be0000,0x0000000018ce0000)]
  0x0000000013543000 JavaThread "AWT-EventQueue-0" [_thread_blocked, id=6972, stack(0x0000000018ae0000,0x0000000018be0000)]
  0x0000000013541800 JavaThread "AWT-Windows" daemon [_thread_in_native, id=7684, stack(0x0000000014090000,0x0000000014190000)]
  0x0000000013540800 JavaThread "AWT-Shutdown" [_thread_blocked, id=4868, stack(0x0000000013f90000,0x0000000014090000)]
  0x0000000013540000 JavaThread "Java2D Disposer" daemon [_thread_blocked, id=7472, stack(0x0000000013e90000,0x0000000013f90000)]
  0x0000000010e34800 JavaThread "Service Thread" daemon [_thread_blocked, id=6168, stack(0x0000000013230000,0x0000000013330000)]
  0x0000000010e30000 JavaThread "C2 CompilerThread1" daemon [_thread_blocked, id=7172, stack(0x0000000013130000,0x0000000013230000)]
  0x0000000010e29000 JavaThread "C2 CompilerThread0" daemon [_thread_blocked, id=1864, stack(0x0000000013030000,0x0000000013130000)]
  0x0000000010e27800 JavaThread "Attach Listener" daemon [_thread_blocked, id=7028, stack(0x0000000012f30000,0x0000000013030000)]
  0x0000000010e1b000 JavaThread "Signal Dispatcher" daemon [_thread_blocked, id=6852, stack(0x0000000012e30000,0x0000000012f30000)]
  0x0000000010dbe800 JavaThread "Finalizer" daemon [_thread_blocked, id=6580, stack(0x0000000012d30000,0x0000000012e30000)]
  0x0000000010db7000 JavaThread "Reference Handler" daemon [_thread_blocked, id=5816, stack(0x0000000012c30000,0x0000000012d30000)]

Other Threads:
  0x0000000010db2000 VMThread [stack: 0x0000000012b30000,0x0000000012c30000] [id=2308]
  0x0000000010e4f000 WatcherThread [stack: 0x0000000013330000,0x0000000013430000] [id=7636]

VM state:not at safepoint (normal execution)

VM Mutex/Monitor currently owned by a thread: None

Heap
 PSYoungGen      total 493056K, used 53321K [0x00000007aacb0000, 0x00000007cb6f0000, 0x0000000800000000)
  eden space 474560K, 7% used [0x00000007aacb0000,0x00000007aceb62b0,0x00000007c7c20000)
  from space 18496K, 99% used [0x00000007c92b0000,0x00000007ca4bc430,0x00000007ca4c0000)
  to   space 18624K, 0% used [0x00000007ca4c0000,0x00000007ca4c0000,0x00000007cb6f0000)
 ParOldGen       total 117184K, used 46045K [0x0000000700600000, 0x0000000707870000, 0x00000007aacb0000)
  object space 117184K, 39% used [0x0000000700600000,0x00000007032f7518,0x0000000707870000)
 PSPermGen       total 35584K, used 17690K [0x00000006fb400000, 0x00000006fd6c0000, 0x0000000700600000)
  object space 35584K, 49% used [0x00000006fb400000,0x00000006fc546b18,0x00000006fd6c0000)

Card table byte_map: [0x00000000053d0000,0x0000000005c00000] byte_map_base: 0x0000000001bf6000

Polling page: 0x0000000001f90000

Code Cache  [0x00000000023d0000, 0x0000000002640000, 0x00000000053d0000)
 total_blobs=857 nmethods=270 adapters=538 free_code_cache=47774Kb largest_free_block=48885504

Compilation events (10 events):
Event: 13.350 Thread 0x0000000010e29000 nmethod 267 0x0000000002476850 code [0x00000000024769c0, 0x0000000002476af0]
Event: 13.350 Thread 0x0000000010e30000 nmethod 266 0x00000000024763d0 code [0x0000000002476540, 0x0000000002476690]
Event: 14.513 Thread 0x0000000010e29000  268             java.util.HashMap::addEntry (69 bytes)
Event: 14.514 Thread 0x0000000010e29000 nmethod 268 0x0000000002475f10 code [0x0000000002476080, 0x00000000024761f8]
Event: 16.417 Thread 0x0000000010e30000  269             sun.java2d.SurfaceData::isValid (5 bytes)
Event: 16.418 Thread 0x0000000010e30000 nmethod 269 0x0000000002475d10 code [0x0000000002475e40, 0x0000000002475e98]
Event: 18.314 Thread 0x0000000010e29000  270             java.awt.Component::getWidth (5 bytes)
Event: 18.314 Thread 0x0000000010e29000 nmethod 270 0x0000000002475b10 code [0x0000000002475c40, 0x0000000002475c98]
Event: 18.419 Thread 0x0000000010e30000  271             java.awt.Component::getHeight (5 bytes)
Event: 18.419 Thread 0x0000000010e30000 nmethod 271 0x0000000002475910 code [0x0000000002475a40, 0x0000000002475a98]

GC Heap History (10 events):
Event: 10.864 GC heap before
{Heap before GC invocations=8 (full 1):
 PSYoungGen      total 252544K, used 243814K [0x00000007aacb0000, 0x00000007bcab0000, 0x0000000800000000)
  eden space 226304K, 99% used [0x00000007aacb0000,0x00000007b88bd6a0,0x00000007b89b0000)
  from space 26240K, 70% used [0x00000007bb110000,0x00000007bc31c430,0x00000007bcab0000)
  to   space 33280K, 0% used [0x00000007b89b0000,0x00000007b89b0000,0x00000007baa30000)
 ParOldGen       total 117184K, used 45997K [0x0000000700600000, 0x0000000707870000, 0x00000007aacb0000)
  object space 117184K, 39% used [0x0000000700600000,0x00000007032eb518,0x0000000707870000)
 PSPermGen       total 35584K, used 17647K [0x00000006fb400000, 0x00000006fd6c0000, 0x0000000700600000)
  object space 35584K, 49% used [0x00000006fb400000,0x00000006fc53bcd8,0x00000006fd6c0000)
Event: 10.868 GC heap after
Heap after GC invocations=8 (full 1):
 PSYoungGen      total 259584K, used 18449K [0x00000007aacb0000, 0x00000007c5ea0000, 0x0000000800000000)
  eden space 226304K, 0% used [0x00000007aacb0000,0x00000007aacb0000,0x00000007b89b0000)
  from space 33280K, 55% used [0x00000007b89b0000,0x00000007b9bb4430,0x00000007baa30000)
  to   space 31360K, 0% used [0x00000007c4000000,0x00000007c4000000,0x00000007c5ea0000)
 ParOldGen       total 117184K, used 45997K [0x0000000700600000, 0x0000000707870000, 0x00000007aacb0000)
  object space 117184K, 39% used [0x0000000700600000,0x00000007032eb518,0x0000000707870000)
 PSPermGen       total 35584K, used 17647K [0x00000006fb400000, 0x00000006fd6c0000, 0x0000000700600000)
  object space 35584K, 49% used [0x00000006fb400000,0x00000006fc53bcd8,0x00000006fd6c0000)
}
Event: 12.160 GC heap before
{Heap before GC invocations=9 (full 1):
 PSYoungGen      total 259584K, used 243591K [0x00000007aacb0000, 0x00000007c5ea0000, 0x0000000800000000)
  eden space 226304K, 99% used [0x00000007aacb0000,0x00000007b888d910,0x00000007b89b0000)
  from space 33280K, 55% used [0x00000007b89b0000,0x00000007b9bb4430,0x00000007baa30000)
  to   space 31360K, 0% used [0x00000007c4000000,0x00000007c4000000,0x00000007c5ea0000)
 ParOldGen       total 117184K, used 45997K [0x0000000700600000, 0x0000000707870000, 0x00000007aacb0000)
  object space 117184K, 39% used [0x0000000700600000,0x00000007032eb518,0x0000000707870000)
 PSPermGen       total 35584K, used 17649K [0x00000006fb400000, 0x00000006fd6c0000, 0x0000000700600000)
  object space 35584K, 49% used [0x00000006fb400000,0x00000006fc53c4e8,0x00000006fd6c0000)
Event: 12.164 GC heap after
Heap after GC invocations=9 (full 1):
 PSYoungGen      total 391744K, used 18449K [0x00000007aacb0000, 0x00000007c52e0000, 0x0000000800000000)
  eden space 372416K, 0% used [0x00000007aacb0000,0x00000007aacb0000,0x00000007c1860000)
  from space 19328K, 95% used [0x00000007c4000000,0x00000007c5204430,0x00000007c52e0000)
  to   space 29952K, 0% used [0x00000007c1860000,0x00000007c1860000,0x00000007c35a0000)
 ParOldGen       total 117184K, used 45997K [0x0000000700600000, 0x0000000707870000, 0x00000007aacb0000)
  object space 117184K, 39% used [0x0000000700600000,0x00000007032eb518,0x0000000707870000)
 PSPermGen       total 35584K, used 17649K [0x00000006fb400000, 0x00000006fd6c0000, 0x0000000700600000)
  object space 35584K, 49% used [0x00000006fb400000,0x00000006fc53c4e8,0x00000006fd6c0000)
}
Event: 14.192 GC heap before
{Heap before GC invocations=10 (full 1):
 PSYoungGen      total 391744K, used 389554K [0x00000007aacb0000, 0x00000007c52e0000, 0x0000000800000000)
  eden space 372416K, 99% used [0x00000007aacb0000,0x00000007c1718478,0x00000007c1860000)
  from space 19328K, 95% used [0x00000007c4000000,0x00000007c5204430,0x00000007c52e0000)
  to   space 29952K, 0% used [0x00000007c1860000,0x00000007c1860000,0x00000007c35a0000)
 ParOldGen       total 117184K, used 45997K [0x0000000700600000, 0x0000000707870000, 0x00000007aacb0000)
  object space 117184K, 39% used [0x0000000700600000,0x00000007032eb518,0x0000000707870000)
 PSPermGen       total 35584K, used 17650K [0x00000006fb400000, 0x00000006fd6c0000, 0x0000000700600000)
  object space 35584K, 49% used [0x00000006fb400000,0x00000006fc53c9f0,0x00000006fd6c0000)
Event: 14.197 GC heap after
Heap after GC invocations=10 (full 1):
 PSYoungGen      total 402368K, used 18481K [0x00000007aacb0000, 0x00000007cd2f0000, 0x0000000800000000)
  eden space 372416K, 0% used [0x00000007aacb0000,0x00000007aacb0000,0x00000007c1860000)
  from space 29952K, 61% used [0x00000007c1860000,0x00000007c2a6c430,0x00000007c35a0000)
  to   space 28736K, 0% used [0x00000007cb6e0000,0x00000007cb6e0000,0x00000007cd2f0000)
 ParOldGen       total 117184K, used 46021K [0x0000000700600000, 0x0000000707870000, 0x00000007aacb0000)
  object space 117184K, 39% used [0x0000000700600000,0x00000007032f1518,0x0000000707870000)
 PSPermGen       total 35584K, used 17650K [0x00000006fb400000, 0x00000006fd6c0000, 0x0000000700600000)
  object space 35584K, 49% used [0x00000006fb400000,0x00000006fc53c9f0,0x00000006fd6c0000)
}
Event: 16.233 GC heap before
{Heap before GC invocations=11 (full 1):
 PSYoungGen      total 402368K, used 389406K [0x00000007aacb0000, 0x00000007cd2f0000, 0x0000000800000000)
  eden space 372416K, 99% used [0x00000007aacb0000,0x00000007c16eb560,0x00000007c1860000)
  from space 29952K, 61% used [0x00000007c1860000,0x00000007c2a6c430,0x00000007c35a0000)
  to   space 28736K, 0% used [0x00000007cb6e0000,0x00000007cb6e0000,0x00000007cd2f0000)
 ParOldGen       total 117184K, used 46021K [0x0000000700600000, 0x0000000707870000, 0x00000007aacb0000)
  object space 117184K, 39% used [0x0000000700600000,0x00000007032f1518,0x0000000707870000)
 PSPermGen       total 35584K, used 17651K [0x00000006fb400000, 0x00000006fd6c0000, 0x0000000700600000)
  object space 35584K, 49% used [0x00000006fb400000,0x00000006fc53cf70,0x00000006fd6c0000)
Event: 16.238 GC heap after
Heap after GC invocations=11 (full 1):
 PSYoungGen      total 514432K, used 18481K [0x00000007aacb0000, 0x00000007cc8f0000, 0x0000000800000000)
  eden space 495936K, 0% used [0x00000007aacb0000,0x00000007aacb0000,0x00000007c9100000)
  from space 18496K, 99% used [0x00000007cb6e0000,0x00000007cc8ec430,0x00000007cc8f0000)
  to   space 27776K, 0% used [0x00000007c92b0000,0x00000007c92b0000,0x00000007cadd0000)
 ParOldGen       total 117184K, used 46029K [0x0000000700600000, 0x0000000707870000, 0x00000007aacb0000)
  object space 117184K, 39% used [0x0000000700600000,0x00000007032f3518,0x0000000707870000)
 PSPermGen       total 35584K, used 17651K [0x00000006fb400000, 0x00000006fd6c0000, 0x0000000700600000)
  object space 35584K, 49% used [0x00000006fb400000,0x00000006fc53cf70,0x00000006fd6c0000)
}
Event: 18.929 GC heap before
{Heap before GC invocations=12 (full 1):
 PSYoungGen      total 514432K, used 511018K [0x00000007aacb0000, 0x00000007cc8f0000, 0x0000000800000000)
  eden space 495936K, 99% used [0x00000007aacb0000,0x00000007c8dae4c8,0x00000007c9100000)
  from space 18496K, 99% used [0x00000007cb6e0000,0x00000007cc8ec430,0x00000007cc8f0000)
  to   space 27776K, 0% used [0x00000007c92b0000,0x00000007c92b0000,0x00000007cadd0000)
 ParOldGen       total 117184K, used 46029K [0x0000000700600000, 0x0000000707870000, 0x00000007aacb0000)
  object space 117184K, 39% used [0x0000000700600000,0x00000007032f3518,0x0000000707870000)
 PSPermGen       total 35584K, used 17663K [0x00000006fb400000, 0x00000006fd6c0000, 0x0000000700600000)
  object space 35584K, 49% used [0x00000006fb400000,0x00000006fc53ff30,0x00000006fd6c0000)
Event: 18.936 GC heap after
Heap after GC invocations=12 (full 1):
 PSYoungGen      total 493056K, used 18481K [0x00000007aacb0000, 0x00000007cb6f0000, 0x0000000800000000)
  eden space 474560K, 0% used [0x00000007aacb0000,0x00000007aacb0000,0x00000007c7c20000)
  from space 18496K, 99% used [0x00000007c92b0000,0x00000007ca4bc430,0x00000007ca4c0000)
  to   space 18624K, 0% used [0x00000007ca4c0000,0x00000007ca4c0000,0x00000007cb6f0000)
 ParOldGen       total 117184K, used 46045K [0x0000000700600000, 0x0000000707870000, 0x00000007aacb0000)
  object space 117184K, 39% used [0x0000000700600000,0x00000007032f7518,0x0000000707870000)
 PSPermGen       total 35584K, used 17663K [0x00000006fb400000, 0x00000006fd6c0000, 0x0000000700600000)
  object space 35584K, 49% used [0x00000006fb400000,0x00000006fc53ff30,0x00000006fd6c0000)
}

Deoptimization events (10 events):
Event: 1.072 Thread 0x00000000022ce000 Uncommon trap -58 fr.pc 0x000000000248b5d0
Event: 1.074 Thread 0x00000000022ce000 Uncommon trap -58 fr.pc 0x000000000248b634
Event: 1.074 Thread 0x00000000022ce000 Uncommon trap -58 fr.pc 0x000000000248b634
Event: 1.074 Thread 0x00000000022ce000 Uncommon trap -58 fr.pc 0x000000000248b634
Event: 3.684 Thread 0x0000000013543000 Uncommon trap -83 fr.pc 0x000000000247bb04
Event: 3.734 Thread 0x000000001353f000 Uncommon trap -83 fr.pc 0x000000000247b6f4
Event: 3.781 Thread 0x000000001353f000 Uncommon trap -83 fr.pc 0x000000000247b344
Event: 3.794 Thread 0x000000001353f000 Uncommon trap -83 fr.pc 0x00000000024d0668
Event: 3.846 Thread 0x000000001353f000 Uncommon trap -83 fr.pc 0x00000000024e3f8c
Event: 3.874 Thread 0x000000001353f000 Uncommon trap -83 fr.pc 0x000000000249de18

Internal exceptions (10 events):
Event: 3.884 Thread 0x000000001353f000 Threw 0x00000007ae22ade0 at C:\jdk7u1_64p\jdk7u7\hotspot\src\share\vm\prims\jvm.cpp:1166
Event: 3.916 Thread 0x000000001353f000 Threw 0x00000007ae362458 at C:\jdk7u1_64p\jdk7u7\hotspot\src\share\vm\prims\jvm.cpp:1166
Event: 3.916 Thread 0x000000001353f000 Threw 0x00000007ae365228 at C:\jdk7u1_64p\jdk7u7\hotspot\src\share\vm\prims\jvm.cpp:1166
Event: 3.918 Thread 0x000000001353f000 Threw 0x00000007ae375690 at C:\jdk7u1_64p\jdk7u7\hotspot\src\share\vm\prims\jvm.cpp:1166
Event: 3.919 Thread 0x000000001353f000 Threw 0x00000007ae378460 at C:\jdk7u1_64p\jdk7u7\hotspot\src\share\vm\prims\jvm.cpp:1166
Event: 3.920 Thread 0x000000001353f000 Threw 0x00000007ae37b610 at C:\jdk7u1_64p\jdk7u7\hotspot\src\share\vm\prims\jvm.cpp:1166
Event: 3.920 Thread 0x000000001353f000 Threw 0x00000007ae37e3e0 at C:\jdk7u1_64p\jdk7u7\hotspot\src\share\vm\prims\jvm.cpp:1166
Event: 4.052 Thread 0x0000000019c88800 Threw 0x00000007ae8f2cf0 at C:\jdk7u1_64p\jdk7u7\hotspot\src\share\vm\prims\jvm.cpp:1166
Event: 4.056 Thread 0x0000000019c88800 Threw 0x00000007ae903580 at C:\jdk7u1_64p\jdk7u7\hotspot\src\share\vm\prims\jvm.cpp:1166
Event: 4.257 Thread 0x0000000019c88800 Threw 0x00000007ad142210 at C:\jdk7u1_64p\jdk7u7\hotspot\src\share\vm\prims\jvm.cpp:1166

Events (10 events):
Event: 12.160 Executing VM operation: ParallelGCFailedAllocation
Event: 12.165 Executing VM operation: ParallelGCFailedAllocation done
Event: 14.192 Executing VM operation: ParallelGCFailedAllocation
Event: 14.197 Executing VM operation: ParallelGCFailedAllocation done
Event: 16.233 Executing VM operation: ParallelGCFailedAllocation
Event: 16.238 Executing VM operation: ParallelGCFailedAllocation done
Event: 18.929 Executing VM operation: ParallelGCFailedAllocation
Event: 18.936 Executing VM operation: ParallelGCFailedAllocation done
Event: 19.036 loading class 0x000000001354af50
Event: 19.036 loading class 0x000000001354af50 done


Dynamic libraries:
0x000007f617cb0000 - 0x000007f617ce4000 	F:\Program Files\Java\Jre7\bin\javaw.exe
0x000007fe83490000 - 0x000007fe8364e000 	C:\WINDOWS\SYSTEM32\ntdll.dll
0x000007fe83350000 - 0x000007fe83486000 	C:\WINDOWS\system32\KERNEL32.DLL
0x000007fe80580000 - 0x000007fe80673000 	C:\WINDOWS\system32\KERNELBASE.dll
0x000007fe82eb0000 - 0x000007fe82f8e000 	C:\WINDOWS\system32\ADVAPI32.dll
0x000007fe80a10000 - 0x000007fe80b5c000 	C:\WINDOWS\system32\USER32.dll
0x000007fe7db90000 - 0x000007fe7ddf9000 	C:\WINDOWS\WinSxS\amd64_microsoft.windows.common-controls_6595b64144ccf1df_6.0.9200.16384_none_418c2a697189c07f\COMCTL32.dll
0x000007fe82890000 - 0x000007fe82935000 	C:\WINDOWS\system32\msvcrt.dll
0x000007fe82840000 - 0x000007fe82888000 	C:\WINDOWS\SYSTEM32\sechost.dll
0x000007fe82970000 - 0x000007fe82ab0000 	C:\WINDOWS\system32\RPCRT4.dll
0x000007fe82ab0000 - 0x000007fe82bf0000 	C:\WINDOWS\system32\GDI32.dll
0x000007fe80b60000 - 0x000007fe80b99000 	C:\WINDOWS\system32\IMM32.DLL
0x000007fe82720000 - 0x000007fe82835000 	C:\WINDOWS\system32\MSCTF.dll
0x000007fe80380000 - 0x000007fe80388000 	C:\PROGRA~2\NVIDIA~1\3DVISI~1\NVSTIN~1.DLL
0x000007fe82940000 - 0x000007fe82947000 	C:\WINDOWS\system32\PSAPI.DLL
0x000000006acd0000 - 0x000000006ad73000 	C:\WINDOWS\WinSxS\amd64_microsoft.vc90.crt_1fc8b3b9a1e18e3b_9.0.30729.6871_none_08e717a5a83adddf\MSVCR90.dll
0x0000000069bb0000 - 0x0000000069c81000 	F:\Program Files\Java\Jre7\bin\msvcr100.dll
0x0000000068a20000 - 0x000000006913f000 	F:\Program Files\Java\Jre7\bin\server\jvm.dll
0x000007fe78b00000 - 0x000007fe78b09000 	C:\WINDOWS\SYSTEM32\WSOCK32.dll
0x000007fe7de20000 - 0x000007fe7de40000 	C:\WINDOWS\SYSTEM32\WINMM.dll
0x000007fe826a0000 - 0x000007fe826f8000 	C:\WINDOWS\system32\WS2_32.dll
0x000007fe7d3c0000 - 0x000007fe7d3f2000 	C:\WINDOWS\SYSTEM32\WINMMBASE.dll
0x000007fe82700000 - 0x000007fe82709000 	C:\WINDOWS\system32\NSI.dll
0x0000000069ba0000 - 0x0000000069baf000 	F:\Program Files\Java\Jre7\bin\verify.dll
0x0000000069b70000 - 0x0000000069b98000 	F:\Program Files\Java\Jre7\bin\java.dll
0x0000000069b50000 - 0x0000000069b65000 	F:\Program Files\Java\Jre7\bin\zip.dll
0x0000000068880000 - 0x0000000068a13000 	F:\Program Files\Java\Jre7\bin\awt.dll
0x000007fe808e0000 - 0x000007fe809a3000 	C:\WINDOWS\system32\OLEAUT32.dll
0x000007fe80ba0000 - 0x000007fe80d50000 	C:\WINDOWS\system32\combase.dll
0x000007fe7a5b0000 - 0x000007fe7a64f000 	C:\WINDOWS\system32\apphelp.dll
0x000007fe7e2c0000 - 0x000007fe7e2e1000 	C:\WINDOWS\system32\DWMAPI.DLL
0x000007fe7f180000 - 0x000007fe7f263000 	C:\WINDOWS\system32\uxtheme.dll
0x000007fe7a660000 - 0x000007fe7a6f5000 	C:\Program Files\Common Files\microsoft shared\ink\tiptsf.dll
0x000007fe80eb0000 - 0x000007fe8102e000 	C:\WINDOWS\system32\ole32.dll
0x000007fe801d0000 - 0x000007fe801da000 	C:\WINDOWS\SYSTEM32\CRYPTBASE.dll
0x000007fe80170000 - 0x000007fe801cc000 	C:\WINDOWS\SYSTEM32\bcryptPrimitives.dll
0x000007fe6ef80000 - 0x000007fe6f180000 	C:\WINDOWS\system32\d3d9.dll
0x000007fe7e110000 - 0x000007fe7e119000 	C:\WINDOWS\SYSTEM32\VERSION.dll
0x000007fe5cfe0000 - 0x000007fe5e160000 	C:\WINDOWS\SYSTEM32\nvd3dumx.dll
0x000007fe80270000 - 0x000007fe802b3000 	C:\WINDOWS\SYSTEM32\powrprof.dll
0x0000000180000000 - 0x0000000180116000 	C:\Program Files (x86)\NVIDIA Corporation\3D Vision\nvSCPAPI64.dll
0x000007fe82f90000 - 0x000007fe83160000 	C:\WINDOWS\system32\SETUPAPI.dll
0x000007fe7dab0000 - 0x000007fe7db24000 	C:\WINDOWS\SYSTEM32\dxgi.dll
0x000007fe81050000 - 0x000007fe82338000 	C:\WINDOWS\system32\SHELL32.dll
0x000007fe80680000 - 0x000007fe806cf000 	C:\WINDOWS\system32\CFGMGR32.dll
0x000007fe808b0000 - 0x000007fe808d2000 	C:\WINDOWS\system32\DEVOBJ.dll
0x000007fe83300000 - 0x000007fe83350000 	C:\WINDOWS\system32\SHLWAPI.dll
0x000007fe7ceb0000 - 0x000007fe7d172000 	C:\WINDOWS\SYSTEM32\nvapi64.dll
0x000007fe80520000 - 0x000007fe80575000 	C:\WINDOWS\system32\WINTRUST.dll
0x000007fe806d0000 - 0x000007fe808a7000 	C:\WINDOWS\system32\CRYPT32.dll
0x000007fe80450000 - 0x000007fe80466000 	C:\WINDOWS\system32\MSASN1.dll
0x000007fe7d400000 - 0x000007fe7d41f000 	C:\WINDOWS\SYSTEM32\DXGIDebug.dll
0x000007fe7f550000 - 0x000007fe7f5e6000 	C:\WINDOWS\SYSTEM32\shcore.dll
0x0000000068840000 - 0x0000000068874000 	F:\Program Files\Java\Jre7\bin\fontmanager.dll
0x0000000069b30000 - 0x0000000069b49000 	F:\Program Files\Java\Jre7\bin\net.dll
0x000007fe7fbe0000 - 0x000007fe7fc3c000 	C:\WINDOWS\system32\mswsock.dll
0x0000000069b10000 - 0x0000000069b21000 	F:\Program Files\Java\Jre7\bin\nio.dll
0x00000000687f0000 - 0x0000000068831000 	F:\Program Files\Java\Jre7\bin\t2k.dll
0x000007fe82bf0000 - 0x000007fe82c86000 	C:\WINDOWS\SYSTEM32\clbcatq.dll
0x000007fe7df80000 - 0x000007fe7e10a000 	C:\WINDOWS\SYSTEM32\WindowsCodecs.dll
0x000007fe803a0000 - 0x000007fe803b5000 	C:\WINDOWS\SYSTEM32\profapi.dll
0x0000000069ed0000 - 0x0000000069f68000 	C:\Windows\System32\msvcp100.dll
0x000007fe68b40000 - 0x000007fe68d98000 	C:\opencv\build\x64\vc10\bin\opencv_core243.dll
0x000007fe684b0000 - 0x000007fe68545000 	C:\Users\Jonas\AppData\Local\Temp\javacpp19971437020608\jniopencv_core.dll
0x000007fe663c0000 - 0x000007fe66665000 	C:\opencv\build\x64\vc10\bin\opencv_imgproc243.dll
0x000007fe6b470000 - 0x000007fe6b4b8000 	C:\Users\Jonas\AppData\Local\Temp\javacpp19971437020608\jniopencv_imgproc.dll
0x0000000066840000 - 0x00000000675ca000 	C:\opencv\build\x64\vc10\bin\opencv_ffmpeg243_64.dll
0x000007fe67ff0000 - 0x000007fe6823b000 	C:\opencv\build\x64\vc10\bin\opencv_highgui243.dll
0x000007fe702c0000 - 0x000007fe702e0000 	C:\WINDOWS\SYSTEM32\AVIFIL32.dll
0x000007fe6b440000 - 0x000007fe6b469000 	C:\WINDOWS\SYSTEM32\MSVFW32.dll
0x000007fe702a0000 - 0x000007fe702b7000 	C:\WINDOWS\SYSTEM32\AVICAP32.dll
0x000007fe677e0000 - 0x000007fe677f9000 	C:\WINDOWS\SYSTEM32\MSACM32.dll
0x000007fe68990000 - 0x000007fe689a3000 	C:\Users\Jonas\AppData\Local\Temp\javacpp19971437020608\jniopencv_highgui.dll
0x000007fe687f0000 - 0x000007fe68807000 	C:\Windows\System32\devenum.dll
0x000007fe796e0000 - 0x000007fe7970e000 	C:\WINDOWS\SYSTEM32\ntmarta.dll
0x000007fe7adf0000 - 0x000007fe7adfd000 	C:\WINDOWS\SYSTEM32\msdmo.dll
0x000007fe687c0000 - 0x000007fe687ef000 	C:\Windows\System32\qcap.dll
0x000007fe65d60000 - 0x000007fe65f18000 	C:\Windows\System32\quartz.dll
0x000007fe68470000 - 0x000007fe684af000 	C:\Windows\System32\ksproxy.ax
0x000007fe6d940000 - 0x000007fe6d947000 	C:\Windows\System32\ksuser.dll
0x000007fe78590000 - 0x000007fe7859c000 	C:\Windows\System32\vidcap.ax
0x000007fe68440000 - 0x000007fe68464000 	C:\Windows\System32\kswdmcap.ax
0x000007fe65c00000 - 0x000007fe65d54000 	C:\Windows\System32\MFC42.dll
0x000007fe6d2c0000 - 0x000007fe6d37e000 	C:\Windows\System32\ODBC32.dll
0x000007fe67920000 - 0x000007fe679b5000 	C:\Windows\System32\qedit.dll
0x000007fe823b0000 - 0x000007fe82451000 	C:\WINDOWS\system32\COMDLG32.dll
0x000007fe83160000 - 0x000007fe83300000 	C:\WINDOWS\WinSxS\amd64_microsoft.windows.gdiplus_6595b64144ccf1df_1.1.9200.16384_none_72771d4ecc1c3a4d\gdiplus.dll
0x000007fe67cd0000 - 0x000007fe67dba000 	C:\WINDOWS\SYSTEM32\DDRAW.dll
0x000007fe7d1b0000 - 0x000007fe7d1b8000 	C:\WINDOWS\SYSTEM32\DCIMAN32.dll
0x000007fe7d2d0000 - 0x000007fe7d339000 	C:\WINDOWS\SYSTEM32\oleacc.dll
0x00000000687c0000 - 0x00000000687ea000 	F:\Program Files\Java\Jre7\bin\dcpr.dll
0x000007fe6c260000 - 0x000007fe6c3c3000 	C:\WINDOWS\SYSTEM32\dbghelp.dll

VM Arguments:
jvm_args: -Dfile.encoding=Cp1252 
java_command: emcscanner.kth.se.Program
Launcher Type: SUN_STANDARD

Environment Variables:
PATH=C:\Program Files (x86)\NVIDIA Corporation\PhysX\Common;C:\WINDOWS\system32;C:\WINDOWS;C:\WINDOWS\System32\Wbem;C:\WINDOWS\System32\WindowsPowerShell\v1.0\;C:\Program Files (x86)\Microsoft SQL Server\90\Tools\binn\;C:\Program Files (x86)\Autodesk\Backburner\;F:\Program Files\MATLAB\R2012a\runtime\win64;F:\Program Files\MATLAB\R2012a\bin;C:\Program Files\Internet Explorer;C:\Program Files\Perforce;F:\Program Files\Perforce;C:\Program Files\Microsoft\Web Platform Installer\;C:\Program Files (x86)\Microsoft ASP.NET\ASP.NET Web Pages\v1.0\;C:\Program Files (x86)\Windows Kits\8.0\Windows Performance Toolkit\;C:\Program Files\Microsoft SQL Server\110\Tools\Binn\;F:\Program Files\Perforce\Server
USERNAME=Jonas
OS=Windows_NT
PROCESSOR_IDENTIFIER=Intel64 Family 6 Model 42 Stepping 7, GenuineIntel



---------------  S Y S T E M  ---------------

OS: Windows 8 , 64 bit Build 9200 

CPU:total 8 (4 cores per cpu, 2 threads per core) family 6 model 42 stepping 7, cmov, cx8, fxsr, mmx, sse, sse2, sse3, ssse3, sse4.1, sse4.2, popcnt, avx, ht, tsc, tscinvbit

Memory: 4k page, physical 16751668k(11976352k free), swap 33528884k(27764940k free)

vm_info: Java HotSpot(TM) 64-Bit Server VM (23.3-b01) for windows-amd64 JRE (1.7.0_07-b11), built on Sep  7 2012 01:19:25 by "java_re" with unknown MS VC++:1600

time: Tue Jan 22 02:07:27 2013
elapsed time: 19 seconds

