#
# A fatal error has been detected by the Java Runtime Environment:
#
#  EXCEPTION_ACCESS_VIOLATION (0xc0000005) at pc=0x000007fcf110c8d4, pid=1648, tid=9452
#
# JRE version: 7.0_07-b11
# Java VM: Java HotSpot(TM) 64-Bit Server VM (23.3-b01 mixed mode windows-amd64 compressed oops)
# Problematic frame:
# C  [opencv_imgproc243.dll+0x5c8d4]  cv::FilterEngine::~FilterEngine+0x2b74
#
# Failed to write core dump. Minidumps are not enabled by default on client versions of Windows
#
# If you would like to submit a bug report, please visit:
#   http://bugreport.sun.com/bugreport/crash.jsp
# The crash happened outside the Java Virtual Machine in native code.
# See problematic frame for where to report the bug.
#

---------------  T H R E A D  ---------------

Current thread (0x0000000013e42800):  JavaThread "threadDisplayCamera" daemon [_thread_in_native, id=9452, stack(0x000000001ae20000,0x000000001af20000)]

siginfo: ExceptionCode=0xc0000005, writing address 0x000000001acb8000

Registers:
RAX=0x0000000000000001, RBX=0x00000000150d7bc8, RCX=0x0000000015264a10, RDX=0x000000001527b210
RSP=0x000000001af1e5c0, RBP=0x0000000000001680, RSI=0x00000000150d7bb8, RDI=0x000000000000013c
R8 =0x0000000000000b00, R9 =0x0000000000000001, R10=0x000000001acb8010, R11=0x0000000021f69804
R12=0x0000000000000002, R13=0x0000000000000002, R14=0x0000000000001680, R15=0x000000001acb7d50
RIP=0x000007fcf110c8d4, EFLAGS=0x0000000000010206

Top of Stack: (sp=0x000000001af1e5c0)
0x000000001af1e5c0:   0000000000000000 0000000000000000
0x000000001af1e5d0:   0000000000000000 0000000000000000
0x000000001af1e5e0:   0000000000000000 0000000000000000
0x000000001af1e5f0:   000000001527b210 00000000150d7bc8
0x000000001af1e600:   0000000000001680 000000001acb7d50
0x000000001af1e610:   0000800000000010 000007fcf112733a
0x000000001af1e620:   0000000000000040 0000000000008000
0x000000001af1e630:   0000000000000000 000007fcf11135a3
0x000000001af1e640:   0000004021f60100 0000000015275810
0x000000001af1e650:   0000000000000080 000000001527b210
0x000000001af1e660:   0000000000000003 000000001525f010
0x000000001af1e670:   00000000150d7bc8 0000000000001680
0x000000001af1e680:   0000000013fb1818 000000005c25ae23
0x000000001af1e690:   000000001acbc0d0 0000000000000003
0x000000001af1e6a0:   0000000000000006 0000000022c98f50
0x000000001af1e6b0:   0000000000000006 000000001af1e7d0 

Instructions: (pc=0x000007fcf110c8d4)
0x000007fcf110c8b4:   c3 66 0f 5b cd 49 83 c2 10 49 83 c0 40 48 ff cf
0x000007fcf110c8c4:   66 0f 6b d0 66 0f 5b c6 66 0f 6b c8 66 0f 67 d1
0x000007fcf110c8d4:   f3 41 0f 7f 52 f0 0f 85 f0 fe ff ff 41 8d 46 fc
0x000007fcf110c8e4:   4c 63 d5 3b e8 0f 8f 4b 02 00 00 2b c5 4b 8d 3c 


Register to memory mapping:

RAX=0x0000000000000001 is an unknown value
RBX=0x00000000150d7bc8 is an unknown value
RCX=0x0000000015264a10 is an unknown value
RDX=0x000000001527b210 is an unknown value
RSP=0x000000001af1e5c0 is pointing into the stack for thread: 0x0000000013e42800
RBP=0x0000000000001680 is an unknown value
RSI=0x00000000150d7bb8 is an unknown value
RDI=0x000000000000013c is an unknown value
R8 =0x0000000000000b00 is an unknown value
R9 =0x0000000000000001 is an unknown value
R10=0x000000001acb8010 is an unknown value
R11=0x0000000021f69804 is an unknown value
R12=0x0000000000000002 is an unknown value
R13=0x0000000000000002 is an unknown value
R14=0x0000000000001680 is an unknown value
R15=0x000000001acb7d50 is an unknown value


Stack: [0x000000001ae20000,0x000000001af20000],  sp=0x000000001af1e5c0,  free space=1017k
Native frames: (J=compiled Java code, j=interpreted, Vv=VM code, C=native code)
C  [opencv_imgproc243.dll+0x5c8d4]  cv::FilterEngine::~FilterEngine+0x2b74

[error occurred during error reporting (printing native stack), id 0xc0000005]

Java frames: (J=compiled Java code, j=interpreted, Vv=VM code)
j  com.googlecode.javacv.cpp.opencv_imgproc.cvSmooth(Lcom/googlecode/javacv/cpp/opencv_core$CvArr;Lcom/googlecode/javacv/cpp/opencv_core$CvArr;IIIDD)V+0
j  com.googlecode.javacv.cpp.opencv_imgproc.cvSmooth(Lcom/googlecode/javacv/cpp/opencv_core$CvArr;Lcom/googlecode/javacv/cpp/opencv_core$CvArr;II)V+7
j  emcscanner.kth.se.CameraPanel$1.run()V+64
v  ~StubRoutines::call_stub

---------------  P R O C E S S  ---------------

Java Threads: ( => current thread )
  0x000000001406f800 JavaThread "Thread-0" daemon [_thread_in_native, id=6252, stack(0x0000000017670000,0x0000000017770000)]
  0x000000001406d800 JavaThread "ICEpdf-pagePainter" daemon [_thread_blocked, id=6012, stack(0x00000000261f0000,0x00000000262f0000)]
  0x00000000151df800 JavaThread "ICEpdf-pageInitializer" daemon [_thread_blocked, id=7800, stack(0x0000000025fc0000,0x00000000260c0000)]
  0x000000000296e000 JavaThread "DestroyJavaVM" [_thread_blocked, id=10112, stack(0x00000000029f0000,0x0000000002af0000)]
  0x000000001513c800 JavaThread "TimerQueue" daemon [_thread_blocked, id=8784, stack(0x0000000021360000,0x0000000021460000)]
  0x0000000014d40000 JavaThread "threadDisplayDensity" daemon [_thread_blocked, id=9620, stack(0x000000001d700000,0x000000001d800000)]
  0x0000000014d3f000 JavaThread "AWT-EventQueue-0" [_thread_blocked, id=6616, stack(0x000000001d600000,0x000000001d700000)]
  0x0000000014d3e800 JavaThread "threadDisplay" daemon [_thread_blocked, id=9952, stack(0x000000001d500000,0x000000001d600000)]
  0x0000000014bfa800 JavaThread "AWT-Shutdown" [_thread_blocked, id=6520, stack(0x000000001af20000,0x000000001b020000)]
=>0x0000000013e42800 JavaThread "threadDisplayCamera" daemon [_thread_in_native, id=9452, stack(0x000000001ae20000,0x000000001af20000)]
  0x0000000013e43800 JavaThread "AWT-Windows" daemon [_thread_in_native, id=1204, stack(0x0000000014730000,0x0000000014830000)]
  0x0000000013e3d800 JavaThread "Java2D Disposer" daemon [_thread_blocked, id=8304, stack(0x0000000014530000,0x0000000014630000)]
  0x0000000011743800 JavaThread "Service Thread" daemon [_thread_blocked, id=8828, stack(0x0000000013b30000,0x0000000013c30000)]
  0x000000001173e800 JavaThread "C2 CompilerThread1" daemon [_thread_blocked, id=8944, stack(0x0000000013a30000,0x0000000013b30000)]
  0x0000000011739800 JavaThread "C2 CompilerThread0" daemon [_thread_blocked, id=8560, stack(0x0000000013930000,0x0000000013a30000)]
  0x0000000011739000 JavaThread "Attach Listener" daemon [_thread_blocked, id=9096, stack(0x0000000013830000,0x0000000013930000)]
  0x000000001172c000 JavaThread "Signal Dispatcher" daemon [_thread_blocked, id=9232, stack(0x0000000013730000,0x0000000013830000)]
  0x00000000116d0000 JavaThread "Finalizer" daemon [_thread_blocked, id=8496, stack(0x0000000013630000,0x0000000013730000)]
  0x00000000116c8800 JavaThread "Reference Handler" daemon [_thread_blocked, id=10176, stack(0x0000000013530000,0x0000000013630000)]

Other Threads:
  0x00000000116c3800 VMThread [stack: 0x0000000013430000,0x0000000013530000] [id=8196]
  0x000000001175e000 WatcherThread [stack: 0x0000000013c30000,0x0000000013d30000] [id=7016]

VM state:not at safepoint (normal execution)

VM Mutex/Monitor currently owned by a thread: None

Heap
 PSYoungGen      total 690368K, used 215829K [0x00000007aacb0000, 0x00000007d85a0000, 0x0000000800000000)
  eden space 667072K, 30% used [0x00000007aacb0000,0x00000007b753a6c8,0x00000007d3820000)
  from space 23296K, 44% used [0x00000007d6ee0000,0x00000007d791ae70,0x00000007d85a0000)
  to   space 39680K, 0% used [0x00000007d3820000,0x00000007d3820000,0x00000007d5ee0000)
 ParOldGen       total 149632K, used 35845K [0x0000000700600000, 0x0000000709820000, 0x00000007aacb0000)
  object space 149632K, 23% used [0x0000000700600000,0x0000000702901798,0x0000000709820000)
 PSPermGen       total 40896K, used 17998K [0x00000006fb400000, 0x00000006fdbf0000, 0x0000000700600000)
  object space 40896K, 44% used [0x00000006fb400000,0x00000006fc593818,0x00000006fdbf0000)

Card table byte_map: [0x0000000005cb0000,0x00000000064e0000] byte_map_base: 0x00000000024d6000

Polling page: 0x0000000002920000

Code Cache  [0x0000000002bf0000, 0x0000000002e60000, 0x0000000005bf0000)
 total_blobs=862 nmethods=271 adapters=542 free_code_cache=47854Kb largest_free_block=48929472

Compilation events (10 events):
Event: 18.520 Thread 0x0000000011739800  276             sun.java2d.pipe.Region::dimAdd (20 bytes)
Event: 18.520 Thread 0x0000000011739800 nmethod 276 0x0000000002ce3d10 code [0x0000000002ce3e40, 0x0000000002ce3e98]
Event: 18.868 Thread 0x000000001173e800  277             javax.swing.JComponent::getWidth (5 bytes)
Event: 18.868 Thread 0x000000001173e800 nmethod 277 0x0000000002ce3a50 code [0x0000000002ce3b80, 0x0000000002ce3bd8]
Event: 18.973 Thread 0x0000000011739800  278             javax.swing.JComponent::getHeight (5 bytes)
Event: 18.973 Thread 0x0000000011739800 nmethod 278 0x0000000002d45d50 code [0x0000000002d45e80, 0x0000000002d45ed8]
Event: 19.324 Thread 0x000000001173e800  279             java.util.concurrent.locks.ReentrantLock$Sync::nonfairTryAcquire (67 bytes)
Event: 19.325 Thread 0x000000001173e800 nmethod 279 0x0000000002d44310 code [0x0000000002d44440, 0x0000000002d44518]
Event: 20.264 Thread 0x0000000011739800  280  s          sun.java2d.loops.GraphicsPrimitiveMgr::locatePrim (96 bytes)
Event: 20.276 Thread 0x0000000011739800 nmethod 280 0x0000000002cdd0d0 code [0x0000000002cdd2a0, 0x0000000002cddf68]

GC Heap History (10 events):
Event: 12.786 GC heap before
{Heap before GC invocations=12 (full 1):
 PSYoungGen      total 373568K, used 372438K [0x00000007aacb0000, 0x00000007c65b0000, 0x0000000800000000)
  eden space 352768K, 99% used [0x00000007aacb0000,0x00000007c041fd50,0x00000007c0530000)
  from space 20800K, 99% used [0x00000007c5160000,0x00000007c65a5ce0,0x00000007c65b0000)
  to   space 40256K, 0% used [0x00000007c1710000,0x00000007c1710000,0x00000007c3e60000)
 ParOldGen       total 125312K, used 32359K [0x0000000700600000, 0x0000000708060000, 0x00000007aacb0000)
  object space 125312K, 25% used [0x0000000700600000,0x0000000702599ed0,0x0000000708060000)
 PSPermGen       total 36160K, used 17922K [0x00000006fb400000, 0x00000006fd750000, 0x0000000700600000)
  object space 36160K, 49% used [0x00000006fb400000,0x00000006fc580bc0,0x00000006fd750000)
Event: 12.790 GC heap after
Heap after GC invocations=12 (full 1):
 PSYoungGen      total 411328K, used 10475K [0x00000007aacb0000, 0x00000007ce2d0000, 0x0000000800000000)
  eden space 371072K, 0% used [0x00000007aacb0000,0x00000007aacb0000,0x00000007c1710000)
  from space 40256K, 26% used [0x00000007c1710000,0x00000007c214ae70,0x00000007c3e60000)
  to   space 39040K, 0% used [0x00000007cbcb0000,0x00000007cbcb0000,0x00000007ce2d0000)
 ParOldGen       total 125312K, used 42659K [0x0000000700600000, 0x0000000708060000, 0x00000007aacb0000)
  object space 125312K, 34% used [0x0000000700600000,0x0000000702fa8d40,0x0000000708060000)
 PSPermGen       total 36160K, used 17922K [0x00000006fb400000, 0x00000006fd750000, 0x0000000700600000)
  object space 36160K, 49% used [0x00000006fb400000,0x00000006fc580bc0,0x00000006fd750000)
}
Event: 15.160 GC heap before
{Heap before GC invocations=13 (full 2):
 PSYoungGen      total 411328K, used 381308K [0x00000007aacb0000, 0x00000007ce2d0000, 0x0000000800000000)
  eden space 371072K, 99% used [0x00000007aacb0000,0x00000007c16d44f0,0x00000007c1710000)
  from space 40256K, 26% used [0x00000007c1710000,0x00000007c214ae70,0x00000007c3e60000)
  to   space 39040K, 0% used [0x00000007cbcb0000,0x00000007cbcb0000,0x00000007ce2d0000)
 ParOldGen       total 344640K, used 342993K [0x0000000700600000, 0x0000000715690000, 0x00000007aacb0000)
  object space 344640K, 99% used [0x0000000700600000,0x00000007154f4470,0x0000000715690000)
 PSPermGen       total 36160K, used 17927K [0x00000006fb400000, 0x00000006fd750000, 0x0000000700600000)
  object space 36160K, 49% used [0x00000006fb400000,0x00000006fc581f90,0x00000006fd750000)
Event: 15.202 GC heap after
Heap after GC invocations=13 (full 2):
 PSYoungGen      total 411328K, used 0K [0x00000007aacb0000, 0x00000007ce2d0000, 0x0000000800000000)
  eden space 371072K, 0% used [0x00000007aacb0000,0x00000007aacb0000,0x00000007c1710000)
  from space 40256K, 0% used [0x00000007c1710000,0x00000007c1710000,0x00000007c3e60000)
  to   space 39040K, 0% used [0x00000007cbcb0000,0x00000007cbcb0000,0x00000007ce2d0000)
 ParOldGen       total 149632K, used 22872K [0x0000000700600000, 0x0000000709820000, 0x00000007aacb0000)
  object space 149632K, 15% used [0x0000000700600000,0x0000000701c561e8,0x0000000709820000)
 PSPermGen       total 40896K, used 17927K [0x00000006fb400000, 0x00000006fdbf0000, 0x0000000700600000)
  object space 40896K, 43% used [0x00000006fb400000,0x00000006fc581f90,0x00000006fdbf0000)
}
Event: 16.534 GC heap before
{Heap before GC invocations=14 (full 2):
 PSYoungGen      total 411328K, used 366990K [0x00000007aacb0000, 0x00000007ce2d0000, 0x0000000800000000)
  eden space 371072K, 98% used [0x00000007aacb0000,0x00000007c1313aa0,0x00000007c1710000)
  from space 40256K, 0% used [0x00000007c1710000,0x00000007c1710000,0x00000007c3e60000)
  to   space 39040K, 0% used [0x00000007cbcb0000,0x00000007cbcb0000,0x00000007ce2d0000)
 ParOldGen       total 149632K, used 22872K [0x0000000700600000, 0x0000000709820000, 0x00000007aacb0000)
  object space 149632K, 15% used [0x0000000700600000,0x0000000701c561e8,0x0000000709820000)
 PSPermGen       total 40896K, used 17931K [0x00000006fb400000, 0x00000006fdbf0000, 0x0000000700600000)
  object space 40896K, 43% used [0x00000006fb400000,0x00000006fc582c78,0x00000006fdbf0000)
Event: 16.539 GC heap after
Heap after GC invocations=14 (full 2):
 PSYoungGen      total 541312K, used 20759K [0x00000007aacb0000, 0x00000007ceb80000, 0x0000000800000000)
  eden space 502272K, 0% used [0x00000007aacb0000,0x00000007aacb0000,0x00000007c9730000)
  from space 39040K, 53% used [0x00000007cbcb0000,0x00000007cd0f5ce0,0x00000007ce2d0000)
  to   space 38400K, 0% used [0x00000007c9730000,0x00000007c9730000,0x00000007cbcb0000)
 ParOldGen       total 149632K, used 22872K [0x0000000700600000, 0x0000000709820000, 0x00000007aacb0000)
  object space 149632K, 15% used [0x0000000700600000,0x0000000701c561e8,0x0000000709820000)
 PSPermGen       total 40896K, used 17931K [0x00000006fb400000, 0x00000006fdbf0000, 0x0000000700600000)
  object space 40896K, 43% used [0x00000006fb400000,0x00000006fc582c78,0x00000006fdbf0000)
}
Event: 18.323 GC heap before
{Heap before GC invocations=15 (full 2):
 PSYoungGen      total 541312K, used 520829K [0x00000007aacb0000, 0x00000007ceb80000, 0x0000000800000000)
  eden space 502272K, 99% used [0x00000007aacb0000,0x00000007c9509a30,0x00000007c9730000)
  from space 39040K, 53% used [0x00000007cbcb0000,0x00000007cd0f5ce0,0x00000007ce2d0000)
  to   space 38400K, 0% used [0x00000007c9730000,0x00000007c9730000,0x00000007cbcb0000)
 ParOldGen       total 149632K, used 22872K [0x0000000700600000, 0x0000000709820000, 0x00000007aacb0000)
  object space 149632K, 15% used [0x0000000700600000,0x0000000701c561e8,0x0000000709820000)
 PSPermGen       total 40896K, used 17938K [0x00000006fb400000, 0x00000006fdbf0000, 0x0000000700600000)
  object space 40896K, 43% used [0x00000006fb400000,0x00000006fc584a40,0x00000006fdbf0000)
Event: 18.330 GC heap after
Heap after GC invocations=15 (full 2):
 PSYoungGen      total 540672K, used 28732K [0x00000007aacb0000, 0x00000007d9690000, 0x0000000800000000)
  eden space 502272K, 0% used [0x00000007aacb0000,0x00000007aacb0000,0x00000007c9730000)
  from space 38400K, 74% used [0x00000007c9730000,0x00000007cb33f2a0,0x00000007cbcb0000)
  to   space 40640K, 0% used [0x00000007d6ee0000,0x00000007d6ee0000,0x00000007d9690000)
 ParOldGen       total 149632K, used 29738K [0x0000000700600000, 0x0000000709820000, 0x00000007aacb0000)
  object space 149632K, 19% used [0x0000000700600000,0x000000070230ab88,0x0000000709820000)
 PSPermGen       total 40896K, used 17938K [0x00000006fb400000, 0x00000006fdbf0000, 0x0000000700600000)
  object space 40896K, 43% used [0x00000006fb400000,0x00000006fc584a40,0x00000006fdbf0000)
}
Event: 20.186 GC heap before
{Heap before GC invocations=16 (full 2):
 PSYoungGen      total 540672K, used 528355K [0x00000007aacb0000, 0x00000007d9690000, 0x0000000800000000)
  eden space 502272K, 99% used [0x00000007aacb0000,0x00000007c9499a78,0x00000007c9730000)
  from space 38400K, 74% used [0x00000007c9730000,0x00000007cb33f2a0,0x00000007cbcb0000)
  to   space 40640K, 0% used [0x00000007d6ee0000,0x00000007d6ee0000,0x00000007d9690000)
 ParOldGen       total 149632K, used 35813K [0x0000000700600000, 0x0000000709820000, 0x00000007aacb0000)
  object space 149632K, 23% used [0x0000000700600000,0x00000007028f9798,0x0000000709820000)
 PSPermGen       total 40896K, used 17949K [0x00000006fb400000, 0x00000006fdbf0000, 0x0000000700600000)
  object space 40896K, 43% used [0x00000006fb400000,0x00000006fc587520,0x00000006fdbf0000)
Event: 20.190 GC heap after
Heap after GC invocations=16 (full 2):
 PSYoungGen      total 690368K, used 10475K [0x00000007aacb0000, 0x00000007d85a0000, 0x0000000800000000)
  eden space 667072K, 0% used [0x00000007aacb0000,0x00000007aacb0000,0x00000007d3820000)
  from space 23296K, 44% used [0x00000007d6ee0000,0x00000007d791ae70,0x00000007d85a0000)
  to   space 39680K, 0% used [0x00000007d3820000,0x00000007d3820000,0x00000007d5ee0000)
 ParOldGen       total 149632K, used 35845K [0x0000000700600000, 0x0000000709820000, 0x00000007aacb0000)
  object space 149632K, 23% used [0x0000000700600000,0x0000000702901798,0x0000000709820000)
 PSPermGen       total 40896K, used 17949K [0x00000006fb400000, 0x00000006fdbf0000, 0x0000000700600000)
  object space 40896K, 43% used [0x00000006fb400000,0x00000006fc587520,0x00000006fdbf0000)
}

Deoptimization events (10 events):
Event: 2.778 Thread 0x000000000296e000 Uncommon trap -83 fr.pc 0x0000000002c947b8
Event: 2.778 Thread 0x000000000296e000 Uncommon trap -83 fr.pc 0x0000000002c8d33c
Event: 3.244 Thread 0x000000000296e000 Uncommon trap 43 fr.pc 0x0000000002cadde4
Event: 3.798 Thread 0x0000000014d3f000 Uncommon trap -83 fr.pc 0x0000000002cafc84
Event: 3.866 Thread 0x00000000151df800 Uncommon trap -83 fr.pc 0x0000000002caf834
Event: 3.911 Thread 0x00000000151df800 Uncommon trap -83 fr.pc 0x0000000002cb18c4
Event: 3.924 Thread 0x00000000151df800 Uncommon trap -83 fr.pc 0x0000000002ce1768
Event: 3.989 Thread 0x00000000151df800 Uncommon trap -83 fr.pc 0x0000000002ce4048
Event: 4.018 Thread 0x00000000151df800 Uncommon trap -83 fr.pc 0x0000000002cd57a0
Event: 4.199 Thread 0x000000001406d800 Uncommon trap -83 fr.pc 0x0000000002d1963c

Internal exceptions (10 events):
Event: 4.028 Thread 0x00000000151df800 Threw 0x00000007ab452b10 at C:\jdk7u1_64p\jdk7u7\hotspot\src\share\vm\prims\jvm.cpp:1166
Event: 4.061 Thread 0x00000000151df800 Threw 0x00000007ab630c28 at C:\jdk7u1_64p\jdk7u7\hotspot\src\share\vm\prims\jvm.cpp:1166
Event: 4.061 Thread 0x00000000151df800 Threw 0x00000007ab6339f8 at C:\jdk7u1_64p\jdk7u7\hotspot\src\share\vm\prims\jvm.cpp:1166
Event: 4.064 Thread 0x00000000151df800 Threw 0x00000007ab643e60 at C:\jdk7u1_64p\jdk7u7\hotspot\src\share\vm\prims\jvm.cpp:1166
Event: 4.064 Thread 0x00000000151df800 Threw 0x00000007ab646c30 at C:\jdk7u1_64p\jdk7u7\hotspot\src\share\vm\prims\jvm.cpp:1166
Event: 4.065 Thread 0x00000000151df800 Threw 0x00000007ab649de0 at C:\jdk7u1_64p\jdk7u7\hotspot\src\share\vm\prims\jvm.cpp:1166
Event: 4.065 Thread 0x00000000151df800 Threw 0x00000007ab64cbb0 at C:\jdk7u1_64p\jdk7u7\hotspot\src\share\vm\prims\jvm.cpp:1166
Event: 4.176 Thread 0x000000001406d800 Threw 0x00000007abba6a00 at C:\jdk7u1_64p\jdk7u7\hotspot\src\share\vm\prims\jvm.cpp:1166
Event: 4.179 Thread 0x000000001406d800 Threw 0x00000007abbb7290 at C:\jdk7u1_64p\jdk7u7\hotspot\src\share\vm\prims\jvm.cpp:1166
Event: 4.380 Thread 0x000000001406d800 Threw 0x00000007ac6ced70 at C:\jdk7u1_64p\jdk7u7\hotspot\src\share\vm\prims\jvm.cpp:1166

Events (10 events):
Event: 20.223 loading class 0x0000000013e5b910
Event: 20.223 loading class 0x0000000013e5b910 done
Event: 20.223 loading class 0x0000000015108800
Event: 20.223 loading class 0x0000000015108800 done
Event: 20.224 loading class 0x0000000014e3fca0
Event: 20.224 loading class 0x00000000150d7d70
Event: 20.224 loading class 0x00000000150d7d70 done
Event: 20.224 loading class 0x0000000014e3fca0 done
Event: 20.224 loading class 0x0000000013e5b390
Event: 20.224 loading class 0x0000000013e5b390 done


Dynamic libraries:
0x000007f662880000 - 0x000007f6628b4000 	F:\Program Files\Java\Jre7\bin\javaw.exe
0x000007fd0db20000 - 0x000007fd0dcde000 	C:\WINDOWS\SYSTEM32\ntdll.dll
0x000007fd0c680000 - 0x000007fd0c7b6000 	C:\WINDOWS\system32\KERNEL32.DLL
0x000007fd0ab00000 - 0x000007fd0abf3000 	C:\WINDOWS\system32\KERNELBASE.dll
0x000007fd0c260000 - 0x000007fd0c33e000 	C:\WINDOWS\system32\ADVAPI32.dll
0x000007fd0c460000 - 0x000007fd0c5ac000 	C:\WINDOWS\system32\USER32.dll
0x000007fd082b0000 - 0x000007fd08519000 	C:\WINDOWS\WinSxS\amd64_microsoft.windows.common-controls_6595b64144ccf1df_6.0.9200.16384_none_418c2a697189c07f\COMCTL32.dll
0x000007fd0c7c0000 - 0x000007fd0c865000 	C:\WINDOWS\system32\msvcrt.dll
0x000007fd0cdf0000 - 0x000007fd0ce38000 	C:\WINDOWS\SYSTEM32\sechost.dll
0x000007fd0c870000 - 0x000007fd0c9b0000 	C:\WINDOWS\system32\RPCRT4.dll
0x000007fd0d520000 - 0x000007fd0d660000 	C:\WINDOWS\system32\GDI32.dll
0x000007fd0c620000 - 0x000007fd0c659000 	C:\WINDOWS\system32\IMM32.DLL
0x000007fd0c340000 - 0x000007fd0c455000 	C:\WINDOWS\system32\MSCTF.dll
0x000007fd0aa10000 - 0x000007fd0aa18000 	C:\PROGRA~2\NVIDIA~1\3DVISI~1\NVSTIN~1.DLL
0x000007fd0d510000 - 0x000007fd0d517000 	C:\WINDOWS\system32\PSAPI.DLL
0x000000005e410000 - 0x000000005e4b3000 	C:\WINDOWS\WinSxS\amd64_microsoft.vc90.crt_1fc8b3b9a1e18e3b_9.0.30729.6871_none_08e717a5a83adddf\MSVCR90.dll
0x000000005d880000 - 0x000000005d951000 	F:\Program Files\Java\Jre7\bin\msvcr100.dll
0x000000005c090000 - 0x000000005c7af000 	F:\Program Files\Java\Jre7\bin\server\jvm.dll
0x000007fd02f00000 - 0x000007fd02f09000 	C:\WINDOWS\SYSTEM32\WSOCK32.dll
0x000007fd07b90000 - 0x000007fd07bb0000 	C:\WINDOWS\SYSTEM32\WINMM.dll
0x000007fd0c5b0000 - 0x000007fd0c608000 	C:\WINDOWS\system32\WS2_32.dll
0x000007fd07a80000 - 0x000007fd07ab2000 	C:\WINDOWS\SYSTEM32\WINMMBASE.dll
0x000007fd0d360000 - 0x000007fd0d369000 	C:\WINDOWS\system32\NSI.dll
0x000000005dc10000 - 0x000000005dc1f000 	F:\Program Files\Java\Jre7\bin\verify.dll
0x000000005dbe0000 - 0x000000005dc08000 	F:\Program Files\Java\Jre7\bin\java.dll
0x000000005dbc0000 - 0x000000005dbd5000 	F:\Program Files\Java\Jre7\bin\zip.dll
0x000000005b300000 - 0x000000005b493000 	F:\Program Files\Java\Jre7\bin\awt.dll
0x000007fd0d830000 - 0x000007fd0d8f3000 	C:\WINDOWS\system32\OLEAUT32.dll
0x000007fd0cc40000 - 0x000007fd0cdf0000 	C:\WINDOWS\system32\combase.dll
0x000007fd04cf0000 - 0x000007fd04d8f000 	C:\WINDOWS\system32\apphelp.dll
0x000007fd09810000 - 0x000007fd098f3000 	C:\WINDOWS\system32\uxtheme.dll
0x000007fd08210000 - 0x000007fd082a5000 	C:\Program Files\Common Files\microsoft shared\ink\tiptsf.dll
0x000007fd088b0000 - 0x000007fd088d1000 	C:\WINDOWS\SYSTEM32\dwmapi.dll
0x000007fd0d090000 - 0x000007fd0d20e000 	C:\WINDOWS\system32\ole32.dll
0x000007fd0a860000 - 0x000007fd0a86a000 	C:\WINDOWS\SYSTEM32\CRYPTBASE.dll
0x000007fd0a800000 - 0x000007fd0a85c000 	C:\WINDOWS\SYSTEM32\bcryptPrimitives.dll
0x000007fd0af70000 - 0x000007fd0c258000 	C:\WINDOWS\system32\SHELL32.dll
0x000007fd0cb80000 - 0x000007fd0cbd0000 	C:\WINDOWS\system32\SHLWAPI.dll
0x000007fd09be0000 - 0x000007fd09c76000 	C:\WINDOWS\SYSTEM32\shcore.dll
0x000000005d2e0000 - 0x000000005d378000 	C:\Windows\System32\msvcp100.dll
0x000007fcf1f60000 - 0x000007fcf21b8000 	C:\opencv\build\x64\vc10\bin\opencv_core243.dll
0x000007fd01cf0000 - 0x000007fd01d85000 	C:\Users\Jonas\AppData\Local\Temp\javacpp104487957323205\jniopencv_core.dll
0x000007fcf10b0000 - 0x000007fcf1355000 	C:\opencv\build\x64\vc10\bin\opencv_imgproc243.dll
0x000007fd01ca0000 - 0x000007fd01ce8000 	C:\Users\Jonas\AppData\Local\Temp\javacpp104487957323205\jniopencv_imgproc.dll
0x0000000066840000 - 0x00000000675ca000 	C:\opencv\build\x64\vc10\bin\opencv_ffmpeg243_64.dll
0x000007fcf0c80000 - 0x000007fcf0ecb000 	C:\opencv\build\x64\vc10\bin\opencv_highgui243.dll
0x000007fd043e0000 - 0x000007fd04400000 	C:\WINDOWS\SYSTEM32\AVIFIL32.dll
0x000007fd07af0000 - 0x000007fd07b19000 	C:\WINDOWS\SYSTEM32\MSVFW32.dll
0x000007fd081c0000 - 0x000007fd081d7000 	C:\WINDOWS\SYSTEM32\AVICAP32.dll
0x000007fcf6150000 - 0x000007fcf6169000 	C:\WINDOWS\SYSTEM32\MSACM32.dll
0x000007fd07db0000 - 0x000007fd07db9000 	C:\WINDOWS\SYSTEM32\VERSION.dll
0x000007fd04350000 - 0x000007fd04363000 	C:\Users\Jonas\AppData\Local\Temp\javacpp104487957323205\jniopencv_highgui.dll
0x000007fd0d2c0000 - 0x000007fd0d356000 	C:\WINDOWS\SYSTEM32\clbcatq.dll
0x000007fd01c80000 - 0x000007fd01c97000 	C:\Windows\System32\devenum.dll
0x000007fd0c9b0000 - 0x000007fd0cb80000 	C:\WINDOWS\system32\setupapi.dll
0x000007fd0ad10000 - 0x000007fd0ad5f000 	C:\WINDOWS\system32\CFGMGR32.dll
0x000007fd0af40000 - 0x000007fd0af62000 	C:\WINDOWS\system32\DEVOBJ.dll
0x000007fd03ae0000 - 0x000007fd03b0e000 	C:\WINDOWS\SYSTEM32\ntmarta.dll
0x000007fd0ac00000 - 0x000007fd0ac55000 	C:\WINDOWS\system32\WINTRUST.dll
0x000007fd0ad60000 - 0x000007fd0af37000 	C:\WINDOWS\system32\CRYPT32.dll
0x000007fd0aae0000 - 0x000007fd0aaf6000 	C:\WINDOWS\system32\MSASN1.dll
0x000007fd05950000 - 0x000007fd0595d000 	C:\WINDOWS\SYSTEM32\msdmo.dll
0x000007fd01c50000 - 0x000007fd01c7f000 	C:\Windows\System32\qcap.dll
0x000007fcf1460000 - 0x000007fcf1618000 	C:\Windows\System32\quartz.dll
0x000007fd01910000 - 0x000007fd0194f000 	C:\Windows\System32\ksproxy.ax
0x000007fcf5930000 - 0x000007fcf5937000 	C:\Windows\System32\ksuser.dll
0x000007fcf9950000 - 0x000007fcf9b50000 	C:\Windows\System32\d3d9.dll
0x000007fd045f0000 - 0x000007fd045fc000 	C:\Windows\System32\vidcap.ax
0x000007fd01600000 - 0x000007fd01624000 	C:\Windows\System32\kswdmcap.ax
0x000007fcf0920000 - 0x000007fcf0a74000 	C:\Windows\System32\MFC42.dll
0x000007fcf7e70000 - 0x000007fcf7f2e000 	C:\Windows\System32\ODBC32.dll
0x000007fcf4210000 - 0x000007fcf42a5000 	C:\Windows\System32\qedit.dll
0x000007fd0d210000 - 0x000007fd0d2b1000 	C:\WINDOWS\system32\COMDLG32.dll
0x000007fd0d370000 - 0x000007fd0d510000 	C:\WINDOWS\WinSxS\amd64_microsoft.windows.gdiplus_6595b64144ccf1df_1.1.9200.16384_none_72771d4ecc1c3a4d\gdiplus.dll
0x000007fcf0640000 - 0x000007fcf072a000 	C:\WINDOWS\SYSTEM32\DDRAW.dll
0x000007fd07de0000 - 0x000007fd07de8000 	C:\WINDOWS\SYSTEM32\DCIMAN32.dll
0x000000005b610000 - 0x000000005b644000 	F:\Program Files\Java\Jre7\bin\fontmanager.dll
0x000007fce6500000 - 0x000007fce7680000 	C:\WINDOWS\SYSTEM32\nvd3dumx.dll
0x000007fd0a900000 - 0x000007fd0a943000 	C:\WINDOWS\SYSTEM32\powrprof.dll
0x0000000180000000 - 0x0000000180116000 	C:\Program Files (x86)\NVIDIA Corporation\3D Vision\nvSCPAPI64.dll
0x000007fd07ef0000 - 0x000007fd07f64000 	C:\WINDOWS\SYSTEM32\dxgi.dll
0x000007fd06540000 - 0x000007fd06802000 	C:\WINDOWS\SYSTEM32\nvapi64.dll
0x000007fd07ed0000 - 0x000007fd07eef000 	C:\WINDOWS\SYSTEM32\DXGIDebug.dll
0x000000005dba0000 - 0x000000005dbb9000 	F:\Program Files\Java\Jre7\bin\net.dll
0x000007fd0a270000 - 0x000007fd0a2cc000 	C:\WINDOWS\system32\mswsock.dll
0x000000005db50000 - 0x000000005db61000 	F:\Program Files\Java\Jre7\bin\nio.dll
0x000000005b5c0000 - 0x000000005b601000 	F:\Program Files\Java\Jre7\bin\t2k.dll
0x000007fd08010000 - 0x000007fd0819a000 	C:\WINDOWS\SYSTEM32\WindowsCodecs.dll
0x000007fd0aa30000 - 0x000007fd0aa45000 	C:\WINDOWS\SYSTEM32\profapi.dll
0x000007fd07530000 - 0x000007fd07599000 	C:\WINDOWS\SYSTEM32\oleacc.dll
0x000000005b2d0000 - 0x000000005b2fa000 	F:\Program Files\Java\Jre7\bin\dcpr.dll
0x000007fcf8620000 - 0x000007fcf8783000 	C:\WINDOWS\SYSTEM32\dbghelp.dll

VM Arguments:
jvm_args: -Dfile.encoding=Cp1252 
java_command: emcscanner.kth.se.Program
Launcher Type: SUN_STANDARD

Environment Variables:
PATH=C:\Program Files (x86)\NVIDIA Corporation\PhysX\Common;C:\WINDOWS\system32;C:\WINDOWS;C:\WINDOWS\System32\Wbem;C:\WINDOWS\System32\WindowsPowerShell\v1.0\;C:\Program Files (x86)\Microsoft SQL Server\90\Tools\binn\;C:\Program Files (x86)\Autodesk\Backburner\;F:\Program Files\MATLAB\R2012a\runtime\win64;F:\Program Files\MATLAB\R2012a\bin;C:\Program Files\Internet Explorer;C:\Program Files\Perforce;F:\Program Files\Perforce;C:\Program Files\Microsoft\Web Platform Installer\;C:\Program Files (x86)\Microsoft ASP.NET\ASP.NET Web Pages\v1.0\;C:\Program Files (x86)\Windows Kits\8.0\Windows Performance Toolkit\;C:\Program Files\Microsoft SQL Server\110\Tools\Binn\;F:\Program Files\Perforce\Server
USERNAME=Jonas
OS=Windows_NT
PROCESSOR_IDENTIFIER=Intel64 Family 6 Model 42 Stepping 7, GenuineIntel



---------------  S Y S T E M  ---------------

OS: Windows 8 , 64 bit Build 9200 

CPU:total 8 (4 cores per cpu, 2 threads per core) family 6 model 42 stepping 7, cmov, cx8, fxsr, mmx, sse, sse2, sse3, ssse3, sse4.1, sse4.2, popcnt, avx, ht, tsc, tscinvbit

Memory: 4k page, physical 16751668k(10898628k free), swap 33528884k(25094500k free)

vm_info: Java HotSpot(TM) 64-Bit Server VM (23.3-b01) for windows-amd64 JRE (1.7.0_07-b11), built on Sep  7 2012 01:19:25 by "java_re" with unknown MS VC++:1600

time: Sun Feb 03 17:43:16 2013
elapsed time: 20 seconds

