#
# A fatal error has been detected by the Java Runtime Environment:
#
#  EXCEPTION_ACCESS_VIOLATION (0xc0000005) at pc=0x000007fcf24cd118, pid=8068, tid=6944
#
# JRE version: 7.0_07-b11
# Java VM: Java HotSpot(TM) 64-Bit Server VM (23.3-b01 mixed mode windows-amd64 compressed oops)
# Problematic frame:
# C  [opencv_core243.dll+0x5d118]  cvSetZero+0x278
#
# Failed to write core dump. Minidumps are not enabled by default on client versions of Windows
#
# If you would like to submit a bug report, please visit:
#   http://bugreport.sun.com/bugreport/crash.jsp
# The crash happened outside the Java Virtual Machine in native code.
# See problematic frame for where to report the bug.
#

---------------  T H R E A D  ---------------

Current thread (0x000000001365a800):  JavaThread "threadDisplayCamera" daemon [_thread_in_native, id=6944, stack(0x0000000016060000,0x0000000016160000)]

siginfo: ExceptionCode=0xc0000005, reading address 0x0000000018c46d4d

Registers:
RAX=0x00000000000000c0, RBX=0x000000001615eea0, RCX=0x000000000000167d, RDX=0x0000000000000000
RSP=0x000000001615ddb0, RBP=0x0000000000000b40, RSI=0x0000000018c456d0, RDI=0x0000000018c456d0
R8 =0x0000000018c456d0, R9 =0x00000000143d4510, R10=0x0000000000000b40, R11=0x0000000000000000
R12=0x00000000143d4510, R13=0x0000000000000b40, R14=0x0000000000001680, R15=0x0000000000001680
RIP=0x000007fcf24cd118, EFLAGS=0x0000000000010246

Top of Stack: (sp=0x000000001615ddb0)
0x000000001615ddb0:   0000000000000031 000007fc00000000
0x000000001615ddc0:   0000000000000035 0000000000000000
0x000000001615ddd0:   fffffffffffffffe 0000000000000000
0x000000001615dde0:   00000000143d4510 0000000000001680
0x000000001615ddf0:   00000000fc5aaa60 0000000000000000
0x000000001615de00:   00000000021f0000 0000000000000030
0x000000001615de10:   0000000000000028 000007fd0db257c0
0x000000001615de20:   000000000000004d 000007fc00000000
0x000000001615de30:   0000000000000000 0000000000000000
0x000000001615de40:   00000000fc5b2428 00000000fc5a9060
0x000000001615de50:   0000000000000002 000007fc00000000
0x000000001615de60:   000000001615e180 0000000000000000
0x000000001615de70:   00000000fc5a9060 0000000000000000
0x000000001615de80:   000000001615f228 0000000000000000
0x000000001615de90:   0000000000000000 000007fcfc5aa8b0
0x000000001615dea0:   fffffffffffffffe 000000001615e180 

Instructions: (pc=0x000007fcf24cd118)
0x000007fcf24cd0f8:   4c 8b c7 4d 8b cc 4c 8b de 4c 2b df 4c 8b d5 66
0x000007fcf24cd108:   0f 1f 84 00 00 00 00 00 43 0f b6 14 03 49 63 09
0x000007fcf24cd118:   0f b6 04 31 41 88 00 88 14 39 49 83 c1 04 49 ff
0x000007fcf24cd128:   c0 49 ff ca 75 e2 49 03 f6 49 03 ff 83 7b 04 00 


Register to memory mapping:

RAX=0x00000000000000c0 is an unknown value
RBX=0x000000001615eea0 is pointing into the stack for thread: 0x000000001365a800
RCX=0x000000000000167d is an unknown value
RDX=0x0000000000000000 is an unknown value
RSP=0x000000001615ddb0 is pointing into the stack for thread: 0x000000001365a800
RBP=0x0000000000000b40 is an unknown value
RSI=0x0000000018c456d0 is an unknown value
RDI=0x0000000018c456d0 is an unknown value
R8 =0x0000000018c456d0 is an unknown value
R9 =0x00000000143d4510 is an unknown value
R10=0x0000000000000b40 is an unknown value
R11=0x0000000000000000 is an unknown value
R12=0x00000000143d4510 is an unknown value
R13=0x0000000000000b40 is an unknown value
R14=0x0000000000001680 is an unknown value
R15=0x0000000000001680 is an unknown value


Stack: [0x0000000016060000,0x0000000016160000],  sp=0x000000001615ddb0,  free space=1015k
Native frames: (J=compiled Java code, j=interpreted, Vv=VM code, C=native code)
C  [opencv_core243.dll+0x5d118]  cvSetZero+0x278

[error occurred during error reporting (printing native stack), id 0xc0000005]

Java frames: (J=compiled Java code, j=interpreted, Vv=VM code)
j  com.googlecode.javacv.cpp.opencv_core.cvFlip(Lcom/googlecode/javacv/cpp/opencv_core$CvArr;Lcom/googlecode/javacv/cpp/opencv_core$CvArr;I)V+0
j  emcscanner.kth.se.CameraPanel$1.run()V+57
v  ~StubRoutines::call_stub

---------------  P R O C E S S  ---------------

Java Threads: ( => current thread )
  0x00000000219c2800 JavaThread "Thread-0" daemon [_thread_in_native, id=7660, stack(0x0000000014d70000,0x0000000014e70000)]
  0x00000000219c2000 JavaThread "ICEpdf-pagePainter" daemon [_thread_blocked, id=9484, stack(0x0000000020a40000,0x0000000020b40000)]
  0x00000000219c8000 JavaThread "ICEpdf-pageInitializer" daemon [_thread_blocked, id=7100, stack(0x0000000020810000,0x0000000020910000)]
  0x00000000021fe000 JavaThread "DestroyJavaVM" [_thread_blocked, id=4608, stack(0x00000000022d0000,0x00000000023d0000)]
  0x0000000014a84800 JavaThread "TimerQueue" daemon [_thread_blocked, id=9528, stack(0x000000001f3c0000,0x000000001f4c0000)]
  0x0000000014a2f800 JavaThread "threadDisplayDensity" daemon [_thread_blocked, id=5624, stack(0x000000001b770000,0x000000001b870000)]
  0x00000000144bb000 JavaThread "AWT-EventQueue-0" [_thread_blocked, id=6136, stack(0x000000001b670000,0x000000001b770000)]
  0x00000000144ba800 JavaThread "threadDisplay" daemon [_thread_blocked, id=5984, stack(0x000000001b570000,0x000000001b670000)]
  0x00000000145cc800 JavaThread "AWT-Shutdown" [_thread_blocked, id=8104, stack(0x0000000016160000,0x0000000016260000)]
=>0x000000001365a800 JavaThread "threadDisplayCamera" daemon [_thread_in_native, id=6944, stack(0x0000000016060000,0x0000000016160000)]
  0x000000001365b000 JavaThread "AWT-Windows" daemon [_thread_in_native, id=10028, stack(0x0000000013f40000,0x0000000014040000)]
  0x0000000013659800 JavaThread "Java2D Disposer" daemon [_thread_blocked, id=592, stack(0x0000000013d40000,0x0000000013e40000)]
  0x0000000010f61000 JavaThread "Service Thread" daemon [_thread_blocked, id=8360, stack(0x0000000013340000,0x0000000013440000)]
  0x0000000010f5e800 JavaThread "C2 CompilerThread1" daemon [_thread_blocked, id=7972, stack(0x0000000013240000,0x0000000013340000)]
  0x0000000010f59800 JavaThread "C2 CompilerThread0" daemon [_thread_blocked, id=1336, stack(0x0000000013140000,0x0000000013240000)]
  0x0000000010f58800 JavaThread "Attach Listener" daemon [_thread_blocked, id=3956, stack(0x0000000013040000,0x0000000013140000)]
  0x0000000010f4c000 JavaThread "Signal Dispatcher" daemon [_thread_blocked, id=9324, stack(0x0000000012f40000,0x0000000013040000)]
  0x0000000010eef800 JavaThread "Finalizer" daemon [_thread_blocked, id=9760, stack(0x0000000012e40000,0x0000000012f40000)]
  0x0000000010ee8800 JavaThread "Reference Handler" daemon [_thread_blocked, id=4856, stack(0x0000000012d40000,0x0000000012e40000)]

Other Threads:
  0x0000000010ee3800 VMThread [stack: 0x0000000012c40000,0x0000000012d40000] [id=1508]
  0x0000000010f7e000 WatcherThread [stack: 0x0000000013440000,0x0000000013540000] [id=5736]

VM state:not at safepoint (normal execution)

VM Mutex/Monitor currently owned by a thread: None

Heap
 PSYoungGen      total 657984K, used 562121K [0x00000007aacb0000, 0x00000007d7730000, 0x0000000800000000)
  eden space 606208K, 84% used [0x00000007aacb0000,0x00000007ca02be10,0x00000007cfcb0000)
  from space 51776K, 97% used [0x00000007d3610000,0x00000007d6786870,0x00000007d68a0000)
  to   space 58752K, 0% used [0x00000007cfcb0000,0x00000007cfcb0000,0x00000007d3610000)
 ParOldGen       total 302144K, used 78181K [0x0000000700600000, 0x0000000712d10000, 0x00000007aacb0000)
  object space 302144K, 25% used [0x0000000700600000,0x00000007052597b8,0x0000000712d10000)
 PSPermGen       total 37824K, used 18186K [0x00000006fb400000, 0x00000006fd8f0000, 0x0000000700600000)
  object space 37824K, 48% used [0x00000006fb400000,0x00000006fc5c2970,0x00000006fd8f0000)

Card table byte_map: [0x00000000054d0000,0x0000000005d00000] byte_map_base: 0x0000000001cf6000

Polling page: 0x0000000002140000

Code Cache  [0x00000000024d0000, 0x0000000002740000, 0x00000000054d0000)
 total_blobs=964 nmethods=374 adapters=541 free_code_cache=47685Kb largest_free_block=48795584

Compilation events (10 events):
Event: 21.305 Thread 0x0000000010f5e800  380             javax.swing.text.GapContent::length (17 bytes)
Event: 21.305 Thread 0x0000000010f59800  381             javax.swing.text.GapContent::getArrayLength (14 bytes)
Event: 21.306 Thread 0x0000000010f5e800 nmethod 380 0x0000000002646d90 code [0x0000000002646ee0, 0x0000000002646f78]
Event: 21.306 Thread 0x0000000010f59800 nmethod 381 0x00000000026407d0 code [0x0000000002640920, 0x00000000026409b8]
Event: 21.311 Thread 0x0000000010f5e800  382             javax.swing.RepaintManager::currentManager (37 bytes)
Event: 21.312 Thread 0x0000000010f5e800 nmethod 382 0x00000000026404d0 code [0x0000000002640620, 0x00000000026406c8]
Event: 21.313 Thread 0x0000000010f59800  383             javax.swing.RepaintManager::currentManager (5 bytes)
Event: 21.313 Thread 0x0000000010f5e800  384             javax.swing.RepaintManager::currentManager (7 bytes)
Event: 21.315 Thread 0x0000000010f5e800 nmethod 384 0x000000000263ffd0 code [0x0000000002640140, 0x0000000002640298]
Event: 21.315 Thread 0x0000000010f59800 nmethod 383 0x000000000263fa90 code [0x000000000263fc00, 0x000000000263fd58]

GC Heap History (10 events):
Event: 12.339 GC heap before
{Heap before GC invocations=12 (full 3):
 PSYoungGen      total 427968K, used 391717K [0x00000007aacb0000, 0x00000007ceff0000, 0x0000000800000000)
  eden space 393344K, 99% used [0x00000007aacb0000,0x00000007c2b394a8,0x00000007c2cd0000)
  from space 34624K, 0% used [0x00000007cce20000,0x00000007cce20000,0x00000007ceff0000)
  to   space 40256K, 0% used [0x00000007ca150000,0x00000007ca150000,0x00000007cc8a0000)
 ParOldGen       total 233408K, used 41625K [0x0000000700600000, 0x000000070e9f0000, 0x00000007aacb0000)
  object space 233408K, 17% used [0x0000000700600000,0x0000000702ea6630,0x000000070e9f0000)
 PSPermGen       total 39424K, used 18075K [0x00000006fb400000, 0x00000006fda80000, 0x0000000700600000)
  object space 39424K, 45% used [0x00000006fb400000,0x00000006fc5a6ee0,0x00000006fda80000)
Event: 12.351 GC heap after
Heap after GC invocations=12 (full 3):
 PSYoungGen      total 526848K, used 38061K [0x00000007aacb0000, 0x00000007ce2e0000, 0x0000000800000000)
  eden space 488768K, 0% used [0x00000007aacb0000,0x00000007aacb0000,0x00000007c8a00000)
  from space 38080K, 99% used [0x00000007ca150000,0x00000007cc67b718,0x00000007cc680000)
  to   space 29056K, 0% used [0x00000007cc680000,0x00000007cc680000,0x00000007ce2e0000)
 ParOldGen       total 233408K, used 44657K [0x0000000700600000, 0x000000070e9f0000, 0x00000007aacb0000)
  object space 233408K, 19% used [0x0000000700600000,0x000000070319c6a8,0x000000070e9f0000)
 PSPermGen       total 39424K, used 18075K [0x00000006fb400000, 0x00000006fda80000, 0x0000000700600000)
  object space 39424K, 45% used [0x00000006fb400000,0x00000006fc5a6ee0,0x00000006fda80000)
}
Event: 14.204 GC heap before
{Heap before GC invocations=13 (full 3):
 PSYoungGen      total 526848K, used 523584K [0x00000007aacb0000, 0x00000007ce2e0000, 0x0000000800000000)
  eden space 488768K, 99% used [0x00000007aacb0000,0x00000007c86d4a88,0x00000007c8a00000)
  from space 38080K, 99% used [0x00000007ca150000,0x00000007cc67b718,0x00000007cc680000)
  to   space 29056K, 0% used [0x00000007cc680000,0x00000007cc680000,0x00000007ce2e0000)
 ParOldGen       total 233408K, used 48074K [0x0000000700600000, 0x000000070e9f0000, 0x00000007aacb0000)
  object space 233408K, 20% used [0x0000000700600000,0x00000007034f2b78,0x000000070e9f0000)
 PSPermGen       total 39424K, used 18094K [0x00000006fb400000, 0x00000006fda80000, 0x0000000700600000)
  object space 39424K, 45% used [0x00000006fb400000,0x00000006fc5ab808,0x00000006fda80000)
Event: 14.213 GC heap after
Heap after GC invocations=13 (full 3):
 PSYoungGen      total 533952K, used 28802K [0x00000007aacb0000, 0x00000007d4c20000, 0x0000000800000000)
  eden space 504896K, 0% used [0x00000007aacb0000,0x00000007aacb0000,0x00000007c99c0000)
  from space 29056K, 99% used [0x00000007cc680000,0x00000007ce2a0948,0x00000007ce2e0000)
  to   space 45824K, 0% used [0x00000007c99c0000,0x00000007c99c0000,0x00000007cc680000)
 ParOldGen       total 233408K, used 81471K [0x0000000700600000, 0x000000070e9f0000, 0x00000007aacb0000)
  object space 233408K, 34% used [0x0000000700600000,0x000000070558fd20,0x000000070e9f0000)
 PSPermGen       total 39424K, used 18094K [0x00000006fb400000, 0x00000006fda80000, 0x0000000700600000)
  object space 39424K, 45% used [0x00000006fb400000,0x00000006fc5ab808,0x00000006fda80000)
}
Event: 17.258 GC heap before
{Heap before GC invocations=14 (full 4):
 PSYoungGen      total 533952K, used 533107K [0x00000007aacb0000, 0x00000007d4c20000, 0x0000000800000000)
  eden space 504896K, 99% used [0x00000007aacb0000,0x00000007c992c650,0x00000007c99c0000)
  from space 29056K, 99% used [0x00000007cc680000,0x00000007ce2a0948,0x00000007ce2e0000)
  to   space 45824K, 0% used [0x00000007c99c0000,0x00000007c99c0000,0x00000007cc680000)
 ParOldGen       total 382528K, used 381805K [0x0000000700600000, 0x0000000717b90000, 0x00000007aacb0000)
  object space 382528K, 99% used [0x0000000700600000,0x0000000717adb450,0x0000000717b90000)
 PSPermGen       total 39424K, used 18115K [0x00000006fb400000, 0x00000006fda80000, 0x0000000700600000)
  object space 39424K, 45% used [0x00000006fb400000,0x00000006fc5b0d70,0x00000006fda80000)
Event: 17.293 GC heap after
Heap after GC invocations=14 (full 4):
 PSYoungGen      total 533952K, used 0K [0x00000007aacb0000, 0x00000007d4c20000, 0x0000000800000000)
  eden space 504896K, 0% used [0x00000007aacb0000,0x00000007aacb0000,0x00000007c99c0000)
  from space 29056K, 0% used [0x00000007cc680000,0x00000007cc680000,0x00000007ce2e0000)
  to   space 45824K, 0% used [0x00000007c99c0000,0x00000007c99c0000,0x00000007cc680000)
 ParOldGen       total 302144K, used 47839K [0x0000000700600000, 0x0000000712d10000, 0x00000007aacb0000)
  object space 302144K, 15% used [0x0000000700600000,0x00000007034b7cc8,0x0000000712d10000)
 PSPermGen       total 37824K, used 18115K [0x00000006fb400000, 0x00000006fd8f0000, 0x0000000700600000)
  object space 37824K, 47% used [0x00000006fb400000,0x00000006fc5b0c30,0x00000006fd8f0000)
}
Event: 18.867 GC heap before
{Heap before GC invocations=15 (full 4):
 PSYoungGen      total 533952K, used 501878K [0x00000007aacb0000, 0x00000007d4c20000, 0x0000000800000000)
  eden space 504896K, 99% used [0x00000007aacb0000,0x00000007c96cd9b0,0x00000007c99c0000)
  from space 29056K, 0% used [0x00000007cc680000,0x00000007cc680000,0x00000007ce2e0000)
  to   space 45824K, 0% used [0x00000007c99c0000,0x00000007c99c0000,0x00000007cc680000)
 ParOldGen       total 302144K, used 47839K [0x0000000700600000, 0x0000000712d10000, 0x00000007aacb0000)
  object space 302144K, 15% used [0x0000000700600000,0x00000007034b7cc8,0x0000000712d10000)
 PSPermGen       total 37824K, used 18130K [0x00000006fb400000, 0x00000006fd8f0000, 0x0000000700600000)
  object space 37824K, 47% used [0x00000006fb400000,0x00000006fc5b49f0,0x00000006fd8f0000)
Event: 18.875 GC heap after
Heap after GC invocations=15 (full 4):
 PSYoungGen      total 550720K, used 44511K [0x00000007aacb0000, 0x00000007d68a0000, 0x0000000800000000)
  eden space 504896K, 0% used [0x00000007aacb0000,0x00000007aacb0000,0x00000007c99c0000)
  from space 45824K, 97% used [0x00000007c99c0000,0x00000007cc537c60,0x00000007cc680000)
  to   space 51776K, 0% used [0x00000007d3610000,0x00000007d3610000,0x00000007d68a0000)
 ParOldGen       total 302144K, used 53903K [0x0000000700600000, 0x0000000712d10000, 0x00000007aacb0000)
  object space 302144K, 17% used [0x0000000700600000,0x0000000703aa3db8,0x0000000712d10000)
 PSPermGen       total 37824K, used 18130K [0x00000006fb400000, 0x00000006fd8f0000, 0x0000000700600000)
  object space 37824K, 47% used [0x00000006fb400000,0x00000006fc5b49f0,0x00000006fd8f0000)
}
Event: 20.766 GC heap before
{Heap before GC invocations=16 (full 4):
 PSYoungGen      total 550720K, used 546065K [0x00000007aacb0000, 0x00000007d68a0000, 0x0000000800000000)
  eden space 504896K, 99% used [0x00000007aacb0000,0x00000007c967c808,0x00000007c99c0000)
  from space 45824K, 97% used [0x00000007c99c0000,0x00000007cc537c60,0x00000007cc680000)
  to   space 51776K, 0% used [0x00000007d3610000,0x00000007d3610000,0x00000007d68a0000)
 ParOldGen       total 302144K, used 53903K [0x0000000700600000, 0x0000000712d10000, 0x00000007aacb0000)
  object space 302144K, 17% used [0x0000000700600000,0x0000000703aa3db8,0x0000000712d10000)
 PSPermGen       total 37824K, used 18150K [0x00000006fb400000, 0x00000006fd8f0000, 0x0000000700600000)
  object space 37824K, 47% used [0x00000006fb400000,0x00000006fc5b9860,0x00000006fd8f0000)
Event: 20.782 GC heap after
Heap after GC invocations=16 (full 4):
 PSYoungGen      total 657984K, used 50650K [0x00000007aacb0000, 0x00000007d7730000, 0x0000000800000000)
  eden space 606208K, 0% used [0x00000007aacb0000,0x00000007aacb0000,0x00000007cfcb0000)
  from space 51776K, 97% used [0x00000007d3610000,0x00000007d6786870,0x00000007d68a0000)
  to   space 58752K, 0% used [0x00000007cfcb0000,0x00000007cfcb0000,0x00000007d3610000)
 ParOldGen       total 302144K, used 78181K [0x0000000700600000, 0x0000000712d10000, 0x00000007aacb0000)
  object space 302144K, 25% used [0x0000000700600000,0x00000007052597b8,0x0000000712d10000)
 PSPermGen       total 37824K, used 18150K [0x00000006fb400000, 0x00000006fd8f0000, 0x0000000700600000)
  object space 37824K, 47% used [0x00000006fb400000,0x00000006fc5b9860,0x00000006fd8f0000)
}

Deoptimization events (10 events):
Event: 3.841 Thread 0x00000000219c8000 Uncommon trap -83 fr.pc 0x0000000002597a34
Event: 3.886 Thread 0x00000000219c8000 Uncommon trap -83 fr.pc 0x0000000002597684
Event: 3.905 Thread 0x00000000219c8000 Uncommon trap -83 fr.pc 0x00000000025c9be8
Event: 3.974 Thread 0x00000000219c8000 Uncommon trap -83 fr.pc 0x00000000025e0b3c
Event: 4.006 Thread 0x00000000219c8000 Uncommon trap -83 fr.pc 0x00000000025b7ad8
Event: 4.215 Thread 0x00000000219c2000 Uncommon trap -34 fr.pc 0x00000000025f3b44
Event: 4.215 Thread 0x00000000219c2000 Uncommon trap -34 fr.pc 0x00000000025f3b44
Event: 4.215 Thread 0x00000000219c2000 Uncommon trap -34 fr.pc 0x00000000025f3b44
Event: 4.215 Thread 0x00000000219c2000 Uncommon trap -34 fr.pc 0x00000000025f3b44
Event: 18.487 Thread 0x00000000144ba800 Uncommon trap -12 fr.pc 0x00000000025bb1b8

Internal exceptions (10 events):
Event: 4.057 Thread 0x00000000219c8000 Threw 0x00000007aeb286c8 at C:\jdk7u1_64p\jdk7u7\hotspot\src\share\vm\prims\jvm.cpp:1166
Event: 4.058 Thread 0x00000000219c8000 Threw 0x00000007aeb2b878 at C:\jdk7u1_64p\jdk7u7\hotspot\src\share\vm\prims\jvm.cpp:1166
Event: 4.058 Thread 0x00000000219c8000 Threw 0x00000007aeb2e798 at C:\jdk7u1_64p\jdk7u7\hotspot\src\share\vm\prims\jvm.cpp:1166
Event: 4.198 Thread 0x00000000219c2000 Threw 0x00000007ab6dc498 at C:\jdk7u1_64p\jdk7u7\hotspot\src\share\vm\prims\jvm.cpp:1166
Event: 4.202 Thread 0x00000000219c2000 Threw 0x00000007ab6ecd28 at C:\jdk7u1_64p\jdk7u7\hotspot\src\share\vm\prims\jvm.cpp:1166
Event: 4.406 Thread 0x00000000219c2000 Threw 0x00000007ac0f7670 at C:\jdk7u1_64p\jdk7u7\hotspot\src\share\vm\prims\jvm.cpp:1166
Event: 8.375 Thread 0x00000000144bb000 Threw 0x00000007afb78668 at C:\jdk7u1_64p\jdk7u7\hotspot\src\share\vm\prims\jvm.cpp:1166
Event: 8.375 Thread 0x00000000144bb000 Threw 0x00000007afb7dc38 at C:\jdk7u1_64p\jdk7u7\hotspot\src\share\vm\prims\jvm.cpp:1166
Event: 8.377 Thread 0x00000000144bb000 Threw 0x00000007afb8afb8 at C:\jdk7u1_64p\jdk7u7\hotspot\src\share\vm\prims\jvm.cpp:1166
Event: 18.487 Thread 0x00000000144ba800 Implicit null exception at 0x00000000025baeb8 to 0x00000000025bb1ac

Events (10 events):
Event: 20.476 Executing VM operation: BulkRevokeBias
Event: 20.476 Executing VM operation: BulkRevokeBias done
Event: 20.766 Executing VM operation: ParallelGCFailedAllocation
Event: 20.782 Executing VM operation: ParallelGCFailedAllocation done
Event: 21.940 loading class 0x0000000014b50600
Event: 21.940 loading class 0x0000000014b50600 done
Event: 21.940 loading class 0x00000000146846a0
Event: 21.940 loading class 0x00000000147a8d20
Event: 21.940 loading class 0x00000000147a8d20 done
Event: 21.940 loading class 0x00000000146846a0 done


Dynamic libraries:
0x000007f662880000 - 0x000007f6628b4000 	F:\Program Files\Java\Jre7\bin\javaw.exe
0x000007fd0db20000 - 0x000007fd0dcde000 	C:\WINDOWS\SYSTEM32\ntdll.dll
0x000007fd0c680000 - 0x000007fd0c7b6000 	C:\WINDOWS\system32\KERNEL32.DLL
0x000007fd0ab00000 - 0x000007fd0abf3000 	C:\WINDOWS\system32\KERNELBASE.dll
0x000007fd0c260000 - 0x000007fd0c33e000 	C:\WINDOWS\system32\ADVAPI32.dll
0x000007fd0c460000 - 0x000007fd0c5ac000 	C:\WINDOWS\system32\USER32.dll
0x000007fd082b0000 - 0x000007fd08519000 	C:\WINDOWS\WinSxS\amd64_microsoft.windows.common-controls_6595b64144ccf1df_6.0.9200.16384_none_418c2a697189c07f\COMCTL32.dll
0x000007fd0c7c0000 - 0x000007fd0c865000 	C:\WINDOWS\system32\msvcrt.dll
0x000007fd0cdf0000 - 0x000007fd0ce38000 	C:\WINDOWS\SYSTEM32\sechost.dll
0x000007fd0c870000 - 0x000007fd0c9b0000 	C:\WINDOWS\system32\RPCRT4.dll
0x000007fd0d520000 - 0x000007fd0d660000 	C:\WINDOWS\system32\GDI32.dll
0x000007fd0c620000 - 0x000007fd0c659000 	C:\WINDOWS\system32\IMM32.DLL
0x000007fd0c340000 - 0x000007fd0c455000 	C:\WINDOWS\system32\MSCTF.dll
0x000007fd0aa10000 - 0x000007fd0aa18000 	C:\PROGRA~2\NVIDIA~1\3DVISI~1\NVSTIN~1.DLL
0x000007fd0d510000 - 0x000007fd0d517000 	C:\WINDOWS\system32\PSAPI.DLL
0x000000005e410000 - 0x000000005e4b3000 	C:\WINDOWS\WinSxS\amd64_microsoft.vc90.crt_1fc8b3b9a1e18e3b_9.0.30729.6871_none_08e717a5a83adddf\MSVCR90.dll
0x000000005d880000 - 0x000000005d951000 	F:\Program Files\Java\Jre7\bin\msvcr100.dll
0x000000005c090000 - 0x000000005c7af000 	F:\Program Files\Java\Jre7\bin\server\jvm.dll
0x000007fd02f00000 - 0x000007fd02f09000 	C:\WINDOWS\SYSTEM32\WSOCK32.dll
0x000007fd07b90000 - 0x000007fd07bb0000 	C:\WINDOWS\SYSTEM32\WINMM.dll
0x000007fd0c5b0000 - 0x000007fd0c608000 	C:\WINDOWS\system32\WS2_32.dll
0x000007fd07a80000 - 0x000007fd07ab2000 	C:\WINDOWS\SYSTEM32\WINMMBASE.dll
0x000007fd0d360000 - 0x000007fd0d369000 	C:\WINDOWS\system32\NSI.dll
0x000000005dc10000 - 0x000000005dc1f000 	F:\Program Files\Java\Jre7\bin\verify.dll
0x000000005dbe0000 - 0x000000005dc08000 	F:\Program Files\Java\Jre7\bin\java.dll
0x000000005dbc0000 - 0x000000005dbd5000 	F:\Program Files\Java\Jre7\bin\zip.dll
0x000000005aff0000 - 0x000000005b183000 	F:\Program Files\Java\Jre7\bin\awt.dll
0x000007fd0d830000 - 0x000007fd0d8f3000 	C:\WINDOWS\system32\OLEAUT32.dll
0x000007fd0cc40000 - 0x000007fd0cdf0000 	C:\WINDOWS\system32\combase.dll
0x000007fd04cf0000 - 0x000007fd04d8f000 	C:\WINDOWS\system32\apphelp.dll
0x000007fd09810000 - 0x000007fd098f3000 	C:\WINDOWS\system32\uxtheme.dll
0x000007fd08210000 - 0x000007fd082a5000 	C:\Program Files\Common Files\microsoft shared\ink\tiptsf.dll
0x000007fd088b0000 - 0x000007fd088d1000 	C:\WINDOWS\SYSTEM32\dwmapi.dll
0x000007fd0d090000 - 0x000007fd0d20e000 	C:\WINDOWS\system32\ole32.dll
0x000007fd0a860000 - 0x000007fd0a86a000 	C:\WINDOWS\SYSTEM32\CRYPTBASE.dll
0x000007fd0a800000 - 0x000007fd0a85c000 	C:\WINDOWS\SYSTEM32\bcryptPrimitives.dll
0x000007fd0af70000 - 0x000007fd0c258000 	C:\WINDOWS\system32\SHELL32.dll
0x000007fd0cb80000 - 0x000007fd0cbd0000 	C:\WINDOWS\system32\SHLWAPI.dll
0x000007fd09be0000 - 0x000007fd09c76000 	C:\WINDOWS\SYSTEM32\shcore.dll
0x000000005d2e0000 - 0x000000005d378000 	C:\Windows\System32\msvcp100.dll
0x000007fcf2470000 - 0x000007fcf26c8000 	C:\opencv\build\x64\vc10\bin\opencv_core243.dll
0x000007fd01c60000 - 0x000007fd01cf5000 	C:\Users\Jonas\AppData\Local\Temp\javacpp139107920017783\jniopencv_core.dll
0x000007fcf07d0000 - 0x000007fcf0a75000 	C:\opencv\build\x64\vc10\bin\opencv_imgproc243.dll
0x000007fd015e0000 - 0x000007fd01628000 	C:\Users\Jonas\AppData\Local\Temp\javacpp139107920017783\jniopencv_imgproc.dll
0x0000000066840000 - 0x00000000675ca000 	C:\opencv\build\x64\vc10\bin\opencv_ffmpeg243_64.dll
0x000007fcf1110000 - 0x000007fcf135b000 	C:\opencv\build\x64\vc10\bin\opencv_highgui243.dll
0x000007fd043e0000 - 0x000007fd04400000 	C:\WINDOWS\SYSTEM32\AVIFIL32.dll
0x000007fd07af0000 - 0x000007fd07b19000 	C:\WINDOWS\SYSTEM32\MSVFW32.dll
0x000007fd081c0000 - 0x000007fd081d7000 	C:\WINDOWS\SYSTEM32\AVICAP32.dll
0x000007fcf6150000 - 0x000007fcf6169000 	C:\WINDOWS\SYSTEM32\MSACM32.dll
0x000007fd07db0000 - 0x000007fd07db9000 	C:\WINDOWS\SYSTEM32\VERSION.dll
0x000007fd04350000 - 0x000007fd04363000 	C:\Users\Jonas\AppData\Local\Temp\javacpp139107920017783\jniopencv_highgui.dll
0x000007fd0d2c0000 - 0x000007fd0d356000 	C:\WINDOWS\SYSTEM32\clbcatq.dll
0x000007fd01e20000 - 0x000007fd01e37000 	C:\Windows\System32\devenum.dll
0x000007fd0c9b0000 - 0x000007fd0cb80000 	C:\WINDOWS\system32\setupapi.dll
0x000007fd0ad10000 - 0x000007fd0ad5f000 	C:\WINDOWS\system32\CFGMGR32.dll
0x000007fd0af40000 - 0x000007fd0af62000 	C:\WINDOWS\system32\DEVOBJ.dll
0x000007fd03ae0000 - 0x000007fd03b0e000 	C:\WINDOWS\SYSTEM32\ntmarta.dll
0x000007fd0ac00000 - 0x000007fd0ac55000 	C:\WINDOWS\system32\WINTRUST.dll
0x000007fd0ad60000 - 0x000007fd0af37000 	C:\WINDOWS\system32\CRYPT32.dll
0x000007fd0aae0000 - 0x000007fd0aaf6000 	C:\WINDOWS\system32\MSASN1.dll
0x000007fd078a0000 - 0x000007fd078ad000 	C:\WINDOWS\SYSTEM32\msdmo.dll
0x000007fd01d60000 - 0x000007fd01d8f000 	C:\Windows\System32\qcap.dll
0x000007fcf1460000 - 0x000007fcf1618000 	C:\Windows\System32\quartz.dll
0x000007fcf7e50000 - 0x000007fcf7e8f000 	C:\Windows\System32\ksproxy.ax
0x000007fcf5930000 - 0x000007fcf5937000 	C:\Windows\System32\ksuser.dll
0x000007fcf9950000 - 0x000007fcf9b50000 	C:\Windows\System32\d3d9.dll
0x000007fd05950000 - 0x000007fd0595c000 	C:\Windows\System32\vidcap.ax
0x000007fd01920000 - 0x000007fd01944000 	C:\Windows\System32\kswdmcap.ax
0x000007fcf2060000 - 0x000007fcf21b4000 	C:\Windows\System32\MFC42.dll
0x000007fcf41f0000 - 0x000007fcf42ae000 	C:\Windows\System32\ODBC32.dll
0x000007fcf3b10000 - 0x000007fcf3ba5000 	C:\Windows\System32\qedit.dll
0x000007fd0d210000 - 0x000007fd0d2b1000 	C:\WINDOWS\system32\COMDLG32.dll
0x000007fd0d370000 - 0x000007fd0d510000 	C:\WINDOWS\WinSxS\amd64_microsoft.windows.gdiplus_6595b64144ccf1df_1.1.9200.16384_none_72771d4ecc1c3a4d\gdiplus.dll
0x000007fcf0640000 - 0x000007fcf072a000 	C:\WINDOWS\SYSTEM32\DDRAW.dll
0x000007fd07de0000 - 0x000007fd07de8000 	C:\WINDOWS\SYSTEM32\DCIMAN32.dll
0x000000005b610000 - 0x000000005b644000 	F:\Program Files\Java\Jre7\bin\fontmanager.dll
0x000007fce6500000 - 0x000007fce7680000 	C:\WINDOWS\SYSTEM32\nvd3dumx.dll
0x000007fd0a900000 - 0x000007fd0a943000 	C:\WINDOWS\SYSTEM32\powrprof.dll
0x0000000180000000 - 0x0000000180116000 	C:\Program Files (x86)\NVIDIA Corporation\3D Vision\nvSCPAPI64.dll
0x000007fd07ef0000 - 0x000007fd07f64000 	C:\WINDOWS\SYSTEM32\dxgi.dll
0x000007fd06540000 - 0x000007fd06802000 	C:\WINDOWS\SYSTEM32\nvapi64.dll
0x000007fd07ed0000 - 0x000007fd07eef000 	C:\WINDOWS\SYSTEM32\DXGIDebug.dll
0x000000005dba0000 - 0x000000005dbb9000 	F:\Program Files\Java\Jre7\bin\net.dll
0x000007fd0a270000 - 0x000007fd0a2cc000 	C:\WINDOWS\system32\mswsock.dll
0x000000005db50000 - 0x000000005db61000 	F:\Program Files\Java\Jre7\bin\nio.dll
0x000000005b5c0000 - 0x000000005b601000 	F:\Program Files\Java\Jre7\bin\t2k.dll
0x000007fd08010000 - 0x000007fd0819a000 	C:\WINDOWS\SYSTEM32\WindowsCodecs.dll
0x000007fd0aa30000 - 0x000007fd0aa45000 	C:\WINDOWS\SYSTEM32\profapi.dll
0x000007fd07530000 - 0x000007fd07599000 	C:\WINDOWS\SYSTEM32\oleacc.dll
0x000000005afc0000 - 0x000000005afea000 	F:\Program Files\Java\Jre7\bin\dcpr.dll
0x000007fcf8620000 - 0x000007fcf8783000 	C:\WINDOWS\SYSTEM32\dbghelp.dll

VM Arguments:
jvm_args: -Dfile.encoding=Cp1252 
java_command: emcscanner.kth.se.Program
Launcher Type: SUN_STANDARD

Environment Variables:
PATH=C:\Program Files (x86)\NVIDIA Corporation\PhysX\Common;C:\WINDOWS\system32;C:\WINDOWS;C:\WINDOWS\System32\Wbem;C:\WINDOWS\System32\WindowsPowerShell\v1.0\;C:\Program Files (x86)\Microsoft SQL Server\90\Tools\binn\;C:\Program Files (x86)\Autodesk\Backburner\;F:\Program Files\MATLAB\R2012a\runtime\win64;F:\Program Files\MATLAB\R2012a\bin;C:\Program Files\Internet Explorer;C:\Program Files\Perforce;F:\Program Files\Perforce;C:\Program Files\Microsoft\Web Platform Installer\;C:\Program Files (x86)\Microsoft ASP.NET\ASP.NET Web Pages\v1.0\;C:\Program Files (x86)\Windows Kits\8.0\Windows Performance Toolkit\;C:\Program Files\Microsoft SQL Server\110\Tools\Binn\;F:\Program Files\Perforce\Server
USERNAME=Jonas
OS=Windows_NT
PROCESSOR_IDENTIFIER=Intel64 Family 6 Model 42 Stepping 7, GenuineIntel



---------------  S Y S T E M  ---------------

OS: Windows 8 , 64 bit Build 9200 

CPU:total 8 (4 cores per cpu, 2 threads per core) family 6 model 42 stepping 7, cmov, cx8, fxsr, mmx, sse, sse2, sse3, ssse3, sse4.1, sse4.2, popcnt, avx, ht, tsc, tscinvbit

Memory: 4k page, physical 16751668k(9674380k free), swap 33528884k(23941916k free)

vm_info: Java HotSpot(TM) 64-Bit Server VM (23.3-b01) for windows-amd64 JRE (1.7.0_07-b11), built on Sep  7 2012 01:19:25 by "java_re" with unknown MS VC++:1600

time: Mon Feb 04 03:20:18 2013
elapsed time: 22 seconds

