#
# A fatal error has been detected by the Java Runtime Environment:
#
#  EXCEPTION_ACCESS_VIOLATION (0xc0000005) at pc=0x0000000066bbd566, pid=7212, tid=9056
#
# JRE version: 7.0_07-b11
# Java VM: Java HotSpot(TM) 64-Bit Server VM (23.3-b01 mixed mode windows-amd64 compressed oops)
# Problematic frame:
# C  [opencv_ffmpeg243_64.dll+0x37d566]  read_InputMediaStream_FFMPEG+0x3798a6
#
# Failed to write core dump. Minidumps are not enabled by default on client versions of Windows
#
# If you would like to submit a bug report, please visit:
#   http://bugreport.sun.com/bugreport/crash.jsp
# The crash happened outside the Java Virtual Machine in native code.
# See problematic frame for where to report the bug.
#

---------------  T H R E A D  ---------------

Current thread (0x0000000014e09000):  JavaThread "threadDisplayDensity" daemon [_thread_in_native, id=9056, stack(0x000000001da10000,0x000000001db10000)]

siginfo: ExceptionCode=0xc0000005, writing address 0x0000000013dc6696

Registers:
RAX=0xfffffffffd29a85a, RBX=0x0000000020559880, RCX=0x0000000016b28920, RDX=0x00000000206ce090
RSP=0x000000001db0ed80, RBP=0x00000000206cde00, RSI=0x000007f95e1d1060, RDI=0x0000000016b28930
R8 =0x0000000000000001, R9 =0x0000000000000c11, R10=0x000000001e7f4050, R11=0x0000000000000000
R12=0x000000001db0ee50, R13=0x0000000000000001, R14=0x0000000016b28920, R15=0x0000000016bf0ed0
RIP=0x0000000066bbd566, EFLAGS=0x0000000000010286

Top of Stack: (sp=0x000000001db0ed80)
0x000000001db0ed80:   0000000000000000 0000000000000000
0x000000001db0ed90:   0000000022c731b0 0000000000000273
0x000000001db0eda0:   0000000000007080 0000000016b28920
0x000000001db0edb0:   00000000206e52f8 00000000206cde48
0x000000001db0edc0:   0000000000000010 0000000000000010
0x000000001db0edd0:   000000001e7f4050 000000001e9f5600
0x000000001db0ede0:   0000000600000000 0000000020559880
0x000000001db0edf0:   0000000021203d40 0000000016bf0ed0
0x000000001db0ee00:   000000001db0ee50 000000001db0ef1c
0x000000001db0ee10:   0000000000000000 00000000ffffffff
0x000000001db0ee20:   0000000014e09000 00000000668f8fd1
0x000000001db0ee30:   0000000021203d40 8000000000000000
0x000000001db0ee40:   000000001db0ef1c 0000000000000000
0x000000001db0ee50:   0000000000000010 0000000000000010
0x000000001db0ee60:   000000001e7f4050 0000000000000c11
0x000000001db0ee70:   0000000600000000 0000000000000000 

Instructions: (pc=0x0000000066bbd566)
0x0000000066bbd546:   82 40 01 00 00 4c 8d 81 14 34 00 00 4c 29 c0 48
0x0000000066bbd556:   c1 f8 02 49 89 c0 49 c1 e8 3f 4c 01 c0 48 d1 f8
0x0000000066bbd566:   c6 84 01 1c 35 00 00 00 48 8b 82 38 01 00 00 48
0x0000000066bbd576:   c7 82 40 01 00 00 00 00 00 00 48 89 c1 ff 90 30 


Register to memory mapping:

RAX=0xfffffffffd29a85a is an unknown value
RBX=0x0000000020559880 is an unknown value
RCX=0x0000000016b28920 is an unknown value
RDX=0x00000000206ce090 is an unknown value
RSP=0x000000001db0ed80 is pointing into the stack for thread: 0x0000000014e09000
RBP=0x00000000206cde00 is an unknown value
RSI=0x000007f95e1d1060 is an unknown value
RDI=0x0000000016b28930 is an unknown value
R8 =0x0000000000000001 is an unknown value
R9 =0x0000000000000c11 is an unknown value
R10=0x000000001e7f4050 is an unknown value
R11=0x0000000000000000 is an unknown value
R12=0x000000001db0ee50 is pointing into the stack for thread: 0x0000000014e09000
R13=0x0000000000000001 is an unknown value
R14=0x0000000016b28920 is an unknown value
R15=0x0000000016bf0ed0 is an unknown value


Stack: [0x000000001da10000,0x000000001db10000],  sp=0x000000001db0ed80,  free space=1019k
Native frames: (J=compiled Java code, j=interpreted, Vv=VM code, C=native code)
C  [opencv_ffmpeg243_64.dll+0x37d566]  read_InputMediaStream_FFMPEG+0x3798a6

Java frames: (J=compiled Java code, j=interpreted, Vv=VM code)
j  com.googlecode.javacv.cpp.opencv_highgui.cvGrabFrame(Lcom/googlecode/javacv/cpp/opencv_highgui$CvCapture;)I+0
j  com.googlecode.javacv.OpenCVFrameGrabber.grab()Lcom/googlecode/javacv/cpp/opencv_core$IplImage;+33
j  emcscanner.kth.se.DensitySettingsSubPanel$4.run()V+84
v  ~StubRoutines::call_stub

---------------  P R O C E S S  ---------------

Java Threads: ( => current thread )
  0x0000000014fb1000 JavaThread "ICEpdf-pagePainter" daemon [_thread_blocked, id=4996, stack(0x0000000026b60000,0x0000000026c60000)]
  0x0000000021323800 JavaThread "ICEpdf-pageInitializer" daemon [_thread_blocked, id=9060, stack(0x000000001d060000,0x000000001d160000)]
  0x0000000015223000 JavaThread "D3D Screen Updater" daemon [_thread_blocked, id=6660, stack(0x000000001fc80000,0x000000001fd80000)]
  0x00000000028ee000 JavaThread "DestroyJavaVM" [_thread_blocked, id=6836, stack(0x0000000002950000,0x0000000002a50000)]
  0x0000000015159000 JavaThread "TimerQueue" daemon [_thread_blocked, id=6632, stack(0x000000001ff60000,0x0000000020060000)]
=>0x0000000014e09000 JavaThread "threadDisplayDensity" daemon [_thread_in_native, id=9056, stack(0x000000001da10000,0x000000001db10000)]
  0x0000000014e08000 JavaThread "AWT-EventQueue-0" [_thread_in_native, id=8440, stack(0x000000001d4f0000,0x000000001d5f0000)]
  0x0000000014e0c000 JavaThread "threadDisplay" daemon [_thread_in_native, id=5988, stack(0x000000001d3f0000,0x000000001d4f0000)]
  0x0000000014c0e800 JavaThread "AWT-Shutdown" [_thread_blocked, id=3492, stack(0x000000001adf0000,0x000000001aef0000)]
  0x0000000013d72000 JavaThread "threadDisplay" daemon [_thread_in_native, id=8716, stack(0x000000001acf0000,0x000000001adf0000)]
  0x0000000013d73000 JavaThread "AWT-Windows" daemon [_thread_in_native, id=4916, stack(0x0000000014660000,0x0000000014760000)]
  0x0000000013d71000 JavaThread "Java2D Disposer" daemon [_thread_blocked, id=6952, stack(0x0000000014460000,0x0000000014560000)]
  0x0000000011671000 JavaThread "Service Thread" daemon [_thread_blocked, id=5264, stack(0x0000000013a60000,0x0000000013b60000)]
  0x000000001166e000 JavaThread "C2 CompilerThread1" daemon [_thread_blocked, id=8504, stack(0x0000000013960000,0x0000000013a60000)]
  0x0000000011669000 JavaThread "C2 CompilerThread0" daemon [_thread_blocked, id=7428, stack(0x0000000013860000,0x0000000013960000)]
  0x0000000011668800 JavaThread "Attach Listener" daemon [_thread_blocked, id=8864, stack(0x0000000013760000,0x0000000013860000)]
  0x000000001165b800 JavaThread "Signal Dispatcher" daemon [_thread_blocked, id=9164, stack(0x0000000013660000,0x0000000013760000)]
  0x00000000115ff800 JavaThread "Finalizer" daemon [_thread_blocked, id=8492, stack(0x0000000013560000,0x0000000013660000)]
  0x00000000115f8000 JavaThread "Reference Handler" daemon [_thread_blocked, id=9200, stack(0x0000000013460000,0x0000000013560000)]

Other Threads:
  0x00000000115f3000 VMThread [stack: 0x0000000013360000,0x0000000013460000] [id=8512]
  0x0000000011695800 WatcherThread [stack: 0x0000000013b60000,0x0000000013c60000] [id=7576]

VM state:not at safepoint (normal execution)

VM Mutex/Monitor currently owned by a thread: None

Heap
 PSYoungGen      total 1322688K, used 1283370K [0x00000007aacb0000, 0x0000000800000000, 0x0000000800000000)
  eden space 1263040K, 96% used [0x00000007aacb0000,0x00000007f57bb380,0x00000007f7e20000)
  from space 59648K, 99% used [0x00000007f7e20000,0x00000007fb85f820,0x00000007fb860000)
  to   space 73344K, 0% used [0x00000007fb860000,0x00000007fb860000,0x0000000800000000)
 ParOldGen       total 175424K, used 32291K [0x0000000700600000, 0x000000070b150000, 0x00000007aacb0000)
  object space 175424K, 18% used [0x0000000700600000,0x0000000702588e90,0x000000070b150000)
 PSPermGen       total 40512K, used 18040K [0x00000006fb400000, 0x00000006fdb90000, 0x0000000700600000)
  object space 40512K, 44% used [0x00000006fb400000,0x00000006fc59e280,0x00000006fdb90000)

Card table byte_map: [0x0000000005c10000,0x0000000006440000] byte_map_base: 0x0000000002436000

Polling page: 0x0000000002740000

Code Cache  [0x0000000002b50000, 0x0000000002dc0000, 0x0000000005b50000)
 total_blobs=948 nmethods=359 adapters=540 free_code_cache=47662Kb largest_free_block=48773440

Compilation events (10 events):
Event: 27.889 Thread 0x0000000011669000  364             sun.awt.image.ByteInterleavedRaster::<init> (459 bytes)
Event: 27.889 Thread 0x000000001166e000  365             sun.awt.image.ByteInterleavedRaster::verify (101 bytes)
Event: 27.891 Thread 0x000000001166e000 nmethod 365 0x0000000002cb5e90 code [0x0000000002cb5fc0, 0x0000000002cb6118]
Event: 27.899 Thread 0x0000000011669000 nmethod 364 0x0000000002cb6e10 code [0x0000000002cb6fa0, 0x0000000002cb7528]
Event: 28.078 Thread 0x000000001166e000  366             sun.java2d.SurfaceData::getNativeOps (5 bytes)
Event: 28.078 Thread 0x000000001166e000 nmethod 366 0x0000000002cb7f10 code [0x0000000002cb8040, 0x0000000002cb8098]
Event: 28.278 Thread 0x0000000011669000  367             javax.swing.JComponent::isOpaque (6 bytes)
Event: 28.279 Thread 0x0000000011669000 nmethod 367 0x0000000002ccad50 code [0x0000000002ccae80, 0x0000000002ccaef8]
Event: 28.679 Thread 0x000000001166e000  368             java.lang.Boolean::booleanValue (5 bytes)
Event: 28.679 Thread 0x000000001166e000 nmethod 368 0x0000000002ccab50 code [0x0000000002ccac80, 0x0000000002ccacd8]

GC Heap History (10 events):
Event: 15.771 GC heap before
{Heap before GC invocations=13 (full 1):
 PSYoungGen      total 848064K, used 800408K [0x00000007aacb0000, 0x00000007f0fc0000, 0x0000000800000000)
  eden space 790912K, 99% used [0x00000007aacb0000,0x00000007daf8c9a8,0x00000007db110000)
  from space 57152K, 19% used [0x00000007db110000,0x00000007dbbd97a0,0x00000007de8e0000)
  to   space 56704K, 0% used [0x00000007ed860000,0x00000007ed860000,0x00000007f0fc0000)
 ParOldGen       total 135296K, used 68551K [0x0000000700600000, 0x0000000708a20000, 0x00000007aacb0000)
  object space 135296K, 50% used [0x0000000700600000,0x00000007048f1ca0,0x0000000708a20000)
 PSPermGen       total 36224K, used 17990K [0x00000006fb400000, 0x00000006fd760000, 0x0000000700600000)
  object space 36224K, 49% used [0x00000006fb400000,0x00000006fc5918e8,0x00000006fd760000)
Event: 15.784 GC heap after
Heap after GC invocations=13 (full 1):
 PSYoungGen      total 1085888K, used 53603K [0x00000007aacb0000, 0x00000007f6280000, 0x0000000800000000)
  eden space 1029184K, 0% used [0x00000007aacb0000,0x00000007aacb0000,0x00000007e99c0000)
  from space 56704K, 94% used [0x00000007ed860000,0x00000007f0cb8c10,0x00000007f0fc0000)
  to   space 64128K, 0% used [0x00000007e99c0000,0x00000007e99c0000,0x00000007ed860000)
 ParOldGen       total 135296K, used 74642K [0x0000000700600000, 0x0000000708a20000, 0x00000007aacb0000)
  object space 135296K, 55% used [0x0000000700600000,0x0000000704ee48b0,0x0000000708a20000)
 PSPermGen       total 36224K, used 17990K [0x00000006fb400000, 0x00000006fd760000, 0x0000000700600000)
  object space 36224K, 49% used [0x00000006fb400000,0x00000006fc5918e8,0x00000006fd760000)
}
Event: 18.161 GC heap before
{Heap before GC invocations=14 (full 1):
 PSYoungGen      total 1085888K, used 1078445K [0x00000007aacb0000, 0x00000007f6280000, 0x0000000800000000)
  eden space 1029184K, 99% used [0x00000007aacb0000,0x00000007e95828f8,0x00000007e99c0000)
  from space 56704K, 94% used [0x00000007ed860000,0x00000007f0cb8c10,0x00000007f0fc0000)
  to   space 64128K, 0% used [0x00000007e99c0000,0x00000007e99c0000,0x00000007ed860000)
 ParOldGen       total 135296K, used 80717K [0x0000000700600000, 0x0000000708a20000, 0x00000007aacb0000)
  object space 135296K, 59% used [0x0000000700600000,0x00000007054d34c0,0x0000000708a20000)
 PSPermGen       total 36224K, used 18008K [0x00000006fb400000, 0x00000006fd760000, 0x0000000700600000)
  object space 36224K, 49% used [0x00000006fb400000,0x00000006fc596200,0x00000006fd760000)
Event: 18.172 GC heap after
Heap after GC invocations=14 (full 1):
 PSYoungGen      total 1093312K, used 41420K [0x00000007aacb0000, 0x0000000800000000, 0x0000000800000000)
  eden space 1029184K, 0% used [0x00000007aacb0000,0x00000007aacb0000,0x00000007e99c0000)
  from space 64128K, 64% used [0x00000007e99c0000,0x00000007ec2333f0,0x00000007ed860000)
  to   space 65536K, 0% used [0x00000007fc000000,0x00000007fc000000,0x0000000800000000)
 ParOldGen       total 135296K, used 80773K [0x0000000700600000, 0x0000000708a20000, 0x00000007aacb0000)
  object space 135296K, 59% used [0x0000000700600000,0x00000007054e14d0,0x0000000708a20000)
 PSPermGen       total 36224K, used 18008K [0x00000006fb400000, 0x00000006fd760000, 0x0000000700600000)
  object space 36224K, 49% used [0x00000006fb400000,0x00000006fc596200,0x00000006fd760000)
}
Event: 20.907 GC heap before
{Heap before GC invocations=15 (full 2):
 PSYoungGen      total 1093312K, used 1070585K [0x00000007aacb0000, 0x0000000800000000, 0x0000000800000000)
  eden space 1029184K, 99% used [0x00000007aacb0000,0x00000007e99bb390,0x00000007e99c0000)
  from space 64128K, 64% used [0x00000007e99c0000,0x00000007ec2333f0,0x00000007ed860000)
  to   space 65536K, 0% used [0x00000007fc000000,0x00000007fc000000,0x0000000800000000)
 ParOldGen       total 346368K, used 346260K [0x0000000700600000, 0x0000000715840000, 0x00000007aacb0000)
  object space 346368K, 99% used [0x0000000700600000,0x0000000715825080,0x0000000715840000)
 PSPermGen       total 36224K, used 18017K [0x00000006fb400000, 0x00000006fd760000, 0x0000000700600000)
  object space 36224K, 49% used [0x00000006fb400000,0x00000006fc598440,0x00000006fd760000)
Event: 20.955 GC heap after
Heap after GC invocations=15 (full 2):
 PSYoungGen      total 1093312K, used 0K [0x00000007aacb0000, 0x0000000800000000, 0x0000000800000000)
  eden space 1029184K, 0% used [0x00000007aacb0000,0x00000007aacb0000,0x00000007e99c0000)
  from space 64128K, 0% used [0x00000007e99c0000,0x00000007e99c0000,0x00000007ed860000)
  to   space 65536K, 0% used [0x00000007fc000000,0x00000007fc000000,0x0000000800000000)
 ParOldGen       total 175424K, used 32098K [0x0000000700600000, 0x000000070b150000, 0x00000007aacb0000)
  object space 175424K, 18% used [0x0000000700600000,0x0000000702558b80,0x000000070b150000)
 PSPermGen       total 40512K, used 18016K [0x00000006fb400000, 0x00000006fdb90000, 0x0000000700600000)
  object space 40512K, 44% used [0x00000006fb400000,0x00000006fc598380,0x00000006fdb90000)
}
Event: 22.896 GC heap before
{Heap before GC invocations=16 (full 2):
 PSYoungGen      total 1093312K, used 1025516K [0x00000007aacb0000, 0x0000000800000000, 0x0000000800000000)
  eden space 1029184K, 99% used [0x00000007aacb0000,0x00000007e962b168,0x00000007e99c0000)
  from space 64128K, 0% used [0x00000007e99c0000,0x00000007e99c0000,0x00000007ed860000)
  to   space 65536K, 0% used [0x00000007fc000000,0x00000007fc000000,0x0000000800000000)
 ParOldGen       total 175424K, used 32098K [0x0000000700600000, 0x000000070b150000, 0x00000007aacb0000)
  object space 175424K, 18% used [0x0000000700600000,0x0000000702558b80,0x000000070b150000)
 PSPermGen       total 40512K, used 18021K [0x00000006fb400000, 0x00000006fdb90000, 0x0000000700600000)
  object space 40512K, 44% used [0x00000006fb400000,0x00000006fc599508,0x00000006fdb90000)
Event: 22.906 GC heap after
Heap after GC invocations=16 (full 2):
 PSYoungGen      total 1328576K, used 41557K [0x00000007aacb0000, 0x0000000800000000, 0x0000000800000000)
  eden space 1263040K, 0% used [0x00000007aacb0000,0x00000007aacb0000,0x00000007f7e20000)
  from space 65536K, 63% used [0x00000007fc000000,0x00000007fe895700,0x0000000800000000)
  to   space 66496K, 0% used [0x00000007f7e20000,0x00000007f7e20000,0x00000007fbf10000)
 ParOldGen       total 175424K, used 32098K [0x0000000700600000, 0x000000070b150000, 0x00000007aacb0000)
  object space 175424K, 18% used [0x0000000700600000,0x0000000702558b80,0x000000070b150000)
 PSPermGen       total 40512K, used 18021K [0x00000006fb400000, 0x00000006fdb90000, 0x0000000700600000)
  object space 40512K, 44% used [0x00000006fb400000,0x00000006fc599508,0x00000006fdb90000)
}
Event: 26.364 GC heap before
{Heap before GC invocations=17 (full 2):
 PSYoungGen      total 1328576K, used 1299428K [0x00000007aacb0000, 0x0000000800000000, 0x0000000800000000)
  eden space 1263040K, 99% used [0x00000007aacb0000,0x00000007f79139c0,0x00000007f7e20000)
  from space 65536K, 63% used [0x00000007fc000000,0x00000007fe895700,0x0000000800000000)
  to   space 66496K, 0% used [0x00000007f7e20000,0x00000007f7e20000,0x00000007fbf10000)
 ParOldGen       total 175424K, used 32098K [0x0000000700600000, 0x000000070b150000, 0x00000007aacb0000)
  object space 175424K, 18% used [0x0000000700600000,0x0000000702558b80,0x000000070b150000)
 PSPermGen       total 40512K, used 18039K [0x00000006fb400000, 0x00000006fdb90000, 0x0000000700600000)
  object space 40512K, 44% used [0x00000006fb400000,0x00000006fc59dc00,0x00000006fdb90000)
Event: 26.378 GC heap after
Heap after GC invocations=17 (full 2):
 PSYoungGen      total 1322688K, used 59646K [0x00000007aacb0000, 0x0000000800000000, 0x0000000800000000)
  eden space 1263040K, 0% used [0x00000007aacb0000,0x00000007aacb0000,0x00000007f7e20000)
  from space 59648K, 99% used [0x00000007f7e20000,0x00000007fb85f820,0x00000007fb860000)
  to   space 73344K, 0% used [0x00000007fb860000,0x00000007fb860000,0x0000000800000000)
 ParOldGen       total 175424K, used 32291K [0x0000000700600000, 0x000000070b150000, 0x00000007aacb0000)
  object space 175424K, 18% used [0x0000000700600000,0x0000000702588e90,0x000000070b150000)
 PSPermGen       total 40512K, used 18039K [0x00000006fb400000, 0x00000006fdb90000, 0x0000000700600000)
  object space 40512K, 44% used [0x00000006fb400000,0x00000006fc59dc00,0x00000006fdb90000)
}

Deoptimization events (10 events):
Event: 2.756 Thread 0x00000000028ee000 Uncommon trap -83 fr.pc 0x0000000002bfabb8
Event: 2.756 Thread 0x00000000028ee000 Uncommon trap -83 fr.pc 0x0000000002bf20fc
Event: 3.340 Thread 0x00000000028ee000 Uncommon trap 43 fr.pc 0x0000000002c12a64
Event: 3.916 Thread 0x0000000014e08000 Uncommon trap -83 fr.pc 0x0000000002c20884
Event: 3.980 Thread 0x0000000021323800 Uncommon trap -83 fr.pc 0x0000000002c1b8f4
Event: 4.042 Thread 0x0000000021323800 Uncommon trap -83 fr.pc 0x0000000002c1b544
Event: 4.060 Thread 0x0000000021323800 Uncommon trap -83 fr.pc 0x0000000002c4e328
Event: 4.141 Thread 0x0000000021323800 Uncommon trap -83 fr.pc 0x0000000002c4ab3c
Event: 4.178 Thread 0x0000000021323800 Uncommon trap -83 fr.pc 0x0000000002c3a920
Event: 17.702 Thread 0x0000000014e0c000 Uncommon trap -12 fr.pc 0x0000000002ca6af8

Internal exceptions (10 events):
Event: 4.233 Thread 0x0000000021323800 Threw 0x00000007ab6401a8 at C:\jdk7u1_64p\jdk7u7\hotspot\src\share\vm\prims\jvm.cpp:1166
Event: 4.233 Thread 0x0000000021323800 Threw 0x00000007ab642f78 at C:\jdk7u1_64p\jdk7u7\hotspot\src\share\vm\prims\jvm.cpp:1166
Event: 4.237 Thread 0x0000000021323800 Threw 0x00000007ab6533e0 at C:\jdk7u1_64p\jdk7u7\hotspot\src\share\vm\prims\jvm.cpp:1166
Event: 4.237 Thread 0x0000000021323800 Threw 0x00000007ab6561b0 at C:\jdk7u1_64p\jdk7u7\hotspot\src\share\vm\prims\jvm.cpp:1166
Event: 4.239 Thread 0x0000000021323800 Threw 0x00000007ab659360 at C:\jdk7u1_64p\jdk7u7\hotspot\src\share\vm\prims\jvm.cpp:1166
Event: 4.239 Thread 0x0000000021323800 Threw 0x00000007ab65c130 at C:\jdk7u1_64p\jdk7u7\hotspot\src\share\vm\prims\jvm.cpp:1166
Event: 4.385 Thread 0x0000000014fb1000 Threw 0x00000007abbc06b0 at C:\jdk7u1_64p\jdk7u7\hotspot\src\share\vm\prims\jvm.cpp:1166
Event: 4.390 Thread 0x0000000014fb1000 Threw 0x00000007abbd0f40 at C:\jdk7u1_64p\jdk7u7\hotspot\src\share\vm\prims\jvm.cpp:1166
Event: 4.591 Thread 0x0000000014fb1000 Threw 0x00000007ac3c55b0 at C:\jdk7u1_64p\jdk7u7\hotspot\src\share\vm\prims\jvm.cpp:1166
Event: 17.702 Thread 0x0000000014e0c000 Implicit null exception at 0x0000000002ca67f8 to 0x0000000002ca6aec

Events (10 events):
Event: 18.161 Executing VM operation: ParallelGCSystemGC
Event: 18.172 Executing VM operation: ParallelGCSystemGC done
Event: 20.906 Executing VM operation: ParallelGCFailedAllocation
Event: 20.955 Executing VM operation: ParallelGCFailedAllocation done
Event: 22.896 Executing VM operation: ParallelGCFailedAllocation
Event: 22.906 Executing VM operation: ParallelGCFailedAllocation done
Event: 26.364 Executing VM operation: ParallelGCFailedAllocation
Event: 26.378 Executing VM operation: ParallelGCFailedAllocation done
Event: 26.378 Executing VM operation: BulkRevokeBias
Event: 26.379 Executing VM operation: BulkRevokeBias done


Dynamic libraries:
0x000007f7f0ad0000 - 0x000007f7f0b04000 	F:\Program Files\Java\Jre7\bin\javaw.exe
0x000007f95e1d0000 - 0x000007f95e38e000 	C:\WINDOWS\SYSTEM32\ntdll.dll
0x000007f95d7e0000 - 0x000007f95d916000 	C:\WINDOWS\system32\KERNEL32.DLL
0x000007f95b470000 - 0x000007f95b563000 	C:\WINDOWS\system32\KERNELBASE.dll
0x000007f95ca50000 - 0x000007f95cb2e000 	C:\WINDOWS\system32\ADVAPI32.dll
0x000007f95ce50000 - 0x000007f95cf9c000 	C:\WINDOWS\system32\USER32.dll
0x000007f958910000 - 0x000007f958b79000 	C:\WINDOWS\WinSxS\amd64_microsoft.windows.common-controls_6595b64144ccf1df_6.0.9200.16384_none_418c2a697189c07f\COMCTL32.dll
0x000007f95d590000 - 0x000007f95d635000 	C:\WINDOWS\system32\msvcrt.dll
0x000007f95db40000 - 0x000007f95db88000 	C:\WINDOWS\SYSTEM32\sechost.dll
0x000007f95d6a0000 - 0x000007f95d7e0000 	C:\WINDOWS\system32\RPCRT4.dll
0x000007f95b620000 - 0x000007f95b760000 	C:\WINDOWS\system32\GDI32.dll
0x000007f95dcd0000 - 0x000007f95dd09000 	C:\WINDOWS\system32\IMM32.DLL
0x000007f95cd30000 - 0x000007f95ce45000 	C:\WINDOWS\system32\MSCTF.dll
0x000007f95b0c0000 - 0x000007f95b0c8000 	C:\PROGRA~2\NVIDIA~1\3DVISI~1\NVSTIN~1.DLL
0x000007f95d990000 - 0x000007f95d997000 	C:\WINDOWS\system32\PSAPI.DLL
0x000000006f560000 - 0x000000006f603000 	C:\WINDOWS\WinSxS\amd64_microsoft.vc90.crt_1fc8b3b9a1e18e3b_9.0.30729.6871_none_08e717a5a83adddf\MSVCR90.dll
0x000000006db00000 - 0x000000006dbd1000 	F:\Program Files\Java\Jre7\bin\msvcr100.dll
0x000000006d3e0000 - 0x000000006daff000 	F:\Program Files\Java\Jre7\bin\server\jvm.dll
0x000007f953860000 - 0x000007f953869000 	C:\WINDOWS\SYSTEM32\WSOCK32.dll
0x000007f958800000 - 0x000007f958820000 	C:\WINDOWS\SYSTEM32\WINMM.dll
0x000007f95d920000 - 0x000007f95d978000 	C:\WINDOWS\system32\WS2_32.dll
0x000007f958100000 - 0x000007f958132000 	C:\WINDOWS\SYSTEM32\WINMMBASE.dll
0x000007f95dd10000 - 0x000007f95dd19000 	C:\WINDOWS\system32\NSI.dll
0x000000006d3d0000 - 0x000000006d3df000 	F:\Program Files\Java\Jre7\bin\verify.dll
0x000000006d3a0000 - 0x000000006d3c8000 	F:\Program Files\Java\Jre7\bin\java.dll
0x000000006d380000 - 0x000000006d395000 	F:\Program Files\Java\Jre7\bin\zip.dll
0x000000006c580000 - 0x000000006c713000 	F:\Program Files\Java\Jre7\bin\awt.dll
0x000007f95db90000 - 0x000007f95dc53000 	C:\WINDOWS\system32\OLEAUT32.dll
0x000007f95d3e0000 - 0x000007f95d590000 	C:\WINDOWS\system32\combase.dll
0x000007f955390000 - 0x000007f95542f000 	C:\WINDOWS\system32\apphelp.dll
0x000007f959ec0000 - 0x000007f959fa3000 	C:\WINDOWS\system32\uxtheme.dll
0x000007f9552f0000 - 0x000007f955385000 	C:\Program Files\Common Files\microsoft shared\ink\tiptsf.dll
0x000007f959650000 - 0x000007f959671000 	C:\WINDOWS\SYSTEM32\dwmapi.dll
0x000007f95cfa0000 - 0x000007f95d11e000 	C:\WINDOWS\system32\ole32.dll
0x000007f95af30000 - 0x000007f95af3a000 	C:\WINDOWS\SYSTEM32\CRYPTBASE.dll
0x000007f95aeb0000 - 0x000007f95af0c000 	C:\WINDOWS\SYSTEM32\bcryptPrimitives.dll
0x000007f95b760000 - 0x000007f95ca48000 	C:\WINDOWS\system32\SHELL32.dll
0x000007f95dc80000 - 0x000007f95dcd0000 	C:\WINDOWS\system32\SHLWAPI.dll
0x000007f95a290000 - 0x000007f95a326000 	C:\WINDOWS\SYSTEM32\shcore.dll
0x000000006e430000 - 0x000000006e4c8000 	C:\Windows\System32\msvcp100.dll
0x000007f944cb0000 - 0x000007f944f08000 	C:\opencv\build\x64\vc10\bin\opencv_core243.dll
0x000007f9483b0000 - 0x000007f948445000 	C:\Users\Jonas\AppData\Local\Temp\javacpp164595470003899\jniopencv_core.dll
0x000007f942290000 - 0x000007f942535000 	C:\opencv\build\x64\vc10\bin\opencv_imgproc243.dll
0x000007f951fb0000 - 0x000007f951ff8000 	C:\Users\Jonas\AppData\Local\Temp\javacpp164595470003899\jniopencv_imgproc.dll
0x0000000066840000 - 0x00000000675ca000 	C:\opencv\build\x64\vc10\bin\opencv_ffmpeg243_64.dll
0x000007f943c90000 - 0x000007f943edb000 	C:\opencv\build\x64\vc10\bin\opencv_highgui243.dll
0x000007f954980000 - 0x000007f9549a0000 	C:\WINDOWS\SYSTEM32\AVIFIL32.dll
0x000007f954a10000 - 0x000007f954a39000 	C:\WINDOWS\SYSTEM32\MSVFW32.dll
0x000007f954af0000 - 0x000007f954b07000 	C:\WINDOWS\SYSTEM32\AVICAP32.dll
0x000007f948660000 - 0x000007f948679000 	C:\WINDOWS\SYSTEM32\MSACM32.dll
0x000007f959620000 - 0x000007f959629000 	C:\WINDOWS\SYSTEM32\VERSION.dll
0x000007f954920000 - 0x000007f954933000 	C:\Users\Jonas\AppData\Local\Temp\javacpp164595470003899\jniopencv_highgui.dll
0x000007f95cc90000 - 0x000007f95cd26000 	C:\WINDOWS\SYSTEM32\clbcatq.dll
0x000007f9547c0000 - 0x000007f9547d7000 	C:\Windows\System32\devenum.dll
0x000007f95e000000 - 0x000007f95e1d0000 	C:\WINDOWS\system32\setupapi.dll
0x000007f95b390000 - 0x000007f95b3df000 	C:\WINDOWS\system32\CFGMGR32.dll
0x000007f95b440000 - 0x000007f95b462000 	C:\WINDOWS\system32\DEVOBJ.dll
0x000007f954440000 - 0x000007f95446e000 	C:\WINDOWS\SYSTEM32\ntmarta.dll
0x000007f95b3e0000 - 0x000007f95b435000 	C:\WINDOWS\system32\WINTRUST.dll
0x000007f95b1b0000 - 0x000007f95b387000 	C:\WINDOWS\system32\CRYPT32.dll
0x000007f95b190000 - 0x000007f95b1a6000 	C:\WINDOWS\system32\MSASN1.dll
0x000007f957430000 - 0x000007f95743d000 	C:\WINDOWS\SYSTEM32\msdmo.dll
0x000007f952370000 - 0x000007f95239f000 	C:\Windows\System32\qcap.dll
0x000007f9463d0000 - 0x000007f946588000 	C:\Windows\System32\quartz.dll
0x000007f9488e0000 - 0x000007f94891f000 	C:\Windows\System32\ksproxy.ax
0x000007f955b30000 - 0x000007f955b37000 	C:\Windows\System32\ksuser.dll
0x000007f94a240000 - 0x000007f94a440000 	C:\Windows\System32\d3d9.dll
0x000007f955a20000 - 0x000007f955a2c000 	C:\Windows\System32\vidcap.ax
0x000007f952150000 - 0x000007f952174000 	C:\Windows\System32\kswdmcap.ax
0x000007f942040000 - 0x000007f942194000 	C:\Windows\System32\MFC42.dll
0x000007f946810000 - 0x000007f9468ce000 	C:\Windows\System32\ODBC32.dll
0x000007f945820000 - 0x000007f9458b5000 	C:\Windows\System32\qedit.dll
0x000007f95df50000 - 0x000007f95dff1000 	C:\WINDOWS\system32\COMDLG32.dll
0x000007f95d9a0000 - 0x000007f95db40000 	C:\WINDOWS\WinSxS\amd64_microsoft.windows.gdiplus_6595b64144ccf1df_1.1.9200.16384_none_72771d4ecc1c3a4d\gdiplus.dll
0x000007f942540000 - 0x000007f94262a000 	C:\WINDOWS\SYSTEM32\DDRAW.dll
0x000007f957440000 - 0x000007f957448000 	C:\WINDOWS\SYSTEM32\DCIMAN32.dll
0x000000006c540000 - 0x000000006c574000 	F:\Program Files\Java\Jre7\bin\fontmanager.dll
0x000007f93d8c0000 - 0x000007f93ea40000 	C:\WINDOWS\SYSTEM32\nvd3dumx.dll
0x000007f95afb0000 - 0x000007f95aff3000 	C:\WINDOWS\SYSTEM32\powrprof.dll
0x0000000180000000 - 0x0000000180116000 	C:\Program Files (x86)\NVIDIA Corporation\3D Vision\nvSCPAPI64.dll
0x000007f958830000 - 0x000007f9588a4000 	C:\WINDOWS\SYSTEM32\dxgi.dll
0x000007f957c90000 - 0x000007f957f52000 	C:\WINDOWS\SYSTEM32\nvapi64.dll
0x000007f958140000 - 0x000007f95815f000 	C:\WINDOWS\SYSTEM32\DXGIDebug.dll
0x000000006d360000 - 0x000000006d379000 	F:\Program Files\Java\Jre7\bin\net.dll
0x000007f95a920000 - 0x000007f95a97c000 	C:\WINDOWS\system32\mswsock.dll
0x000000006d340000 - 0x000000006d351000 	F:\Program Files\Java\Jre7\bin\nio.dll
0x000000006c4f0000 - 0x000000006c531000 	F:\Program Files\Java\Jre7\bin\t2k.dll
0x000007f958d90000 - 0x000007f958f1a000 	C:\WINDOWS\SYSTEM32\WindowsCodecs.dll
0x000007f95b0e0000 - 0x000007f95b0f5000 	C:\WINDOWS\SYSTEM32\profapi.dll
0x000007f957fd0000 - 0x000007f958039000 	C:\WINDOWS\SYSTEM32\oleacc.dll
0x000000006c4c0000 - 0x000000006c4ea000 	F:\Program Files\Java\Jre7\bin\dcpr.dll
0x000007f948020000 - 0x000007f948183000 	C:\WINDOWS\SYSTEM32\dbghelp.dll

VM Arguments:
jvm_args: -Dfile.encoding=Cp1252 
java_command: emcscanner.kth.se.Program
Launcher Type: SUN_STANDARD

Environment Variables:
PATH=C:\Program Files (x86)\NVIDIA Corporation\PhysX\Common;C:\WINDOWS\system32;C:\WINDOWS;C:\WINDOWS\System32\Wbem;C:\WINDOWS\System32\WindowsPowerShell\v1.0\;C:\Program Files (x86)\Microsoft SQL Server\90\Tools\binn\;C:\Program Files (x86)\Autodesk\Backburner\;F:\Program Files\MATLAB\R2012a\runtime\win64;F:\Program Files\MATLAB\R2012a\bin;PROGRAMFILES\Internet Explorer;C:\Program Files\Perforce;F:\Program Files\Perforce;C:\Program Files\Microsoft\Web Platform Installer\;C:\Program Files (x86)\Microsoft ASP.NET\ASP.NET Web Pages\v1.0\;C:\Program Files (x86)\Windows Kits\8.0\Windows Performance Toolkit\;C:\Program Files\Microsoft SQL Server\110\Tools\Binn\;F:\Program Files\Perforce\Server
USERNAME=Jonas
OS=Windows_NT
PROCESSOR_IDENTIFIER=Intel64 Family 6 Model 42 Stepping 7, GenuineIntel



---------------  S Y S T E M  ---------------

OS: Windows 8 , 64 bit Build 9200 

CPU:total 8 (4 cores per cpu, 2 threads per core) family 6 model 42 stepping 7, cmov, cx8, fxsr, mmx, sse, sse2, sse3, ssse3, sse4.1, sse4.2, popcnt, avx, ht, tsc, tscinvbit

Memory: 4k page, physical 16751668k(10203700k free), swap 33528884k(24023288k free)

vm_info: Java HotSpot(TM) 64-Bit Server VM (23.3-b01) for windows-amd64 JRE (1.7.0_07-b11), built on Sep  7 2012 01:19:25 by "java_re" with unknown MS VC++:1600

time: Wed Jan 30 21:39:13 2013
elapsed time: 29 seconds

