#
# A fatal error has been detected by the Java Runtime Environment:
#
#  EXCEPTION_ACCESS_VIOLATION (0xc0000005) at pc=0x000000005d8bc1e0, pid=3780, tid=7656
#
# JRE version: 7.0_07-b11
# Java VM: Java HotSpot(TM) 64-Bit Server VM (23.3-b01 mixed mode windows-amd64 compressed oops)
# Problematic frame:
# C  [msvcr100.dll+0x3c1e0]  memcpy+0x250
#
# Failed to write core dump. Minidumps are not enabled by default on client versions of Windows
#
# If you would like to submit a bug report, please visit:
#   http://bugreport.sun.com/bugreport/crash.jsp
# The crash happened outside the Java Virtual Machine in native code.
# See problematic frame for where to report the bug.
#

---------------  T H R E A D  ---------------

Current thread (0x00000000137b2000):  JavaThread "threadDisplayCamera" daemon [_thread_in_native, id=7656, stack(0x000000001a7e0000,0x000000001a8e0000)]

siginfo: ExceptionCode=0xc0000005, reading address 0x0000000017bffff8

Registers:
RAX=0xffffffffffffffff, RBX=0x000000001a6f3ed0, RCX=0x000000001a6f4790, RDX=0xfffffffffd50b870
RSP=0x000000001a8dede8, RBP=0x00000000000000a7, RSI=0x0000000000001680, RDI=0x0000000017bff740
R8 =0x0000000000001680, R9 =0x0000000000000046, R10=0xffffffffffffffff, R11=0x000000001a6f3ed0
R12=0xffffffffffffe980, R13=0x000000001a1f0050, R14=0x000000001a8defe0, R15=0x00000000137b2000
RIP=0x000000005d8bc1e0, EFLAGS=0x0000000000010202

Top of Stack: (sp=0x000000001a8dede8)
0x000000001a8dede8:   000007fcf112f82e 0000000000000000
0x000000001a8dedf8:   0000000000000000 000000001a8defe0
0x000000001a8dee08:   00000000137b21d8 00000000137b21d8
0x000000001a8dee18:   000007fcf1130f9b 000007fcf133c600
0x000000001a8dee28:   0000000000000000 0000000000000000
0x000000001a8dee38:   000007fcf133c680 0000000000000438
0x000000001a8dee48:   00000007bbd0a600 0000000000000401
0x000000001a8dee58:   00000000000005a0 00000006fb9f0808
0x000000001a8dee68:   0000000000000000 00000000137b21d8
0x000000001a8dee78:   000007fcf1131f43 0000000000000000
0x000000001a8dee88:   000000001a8deed0 000007fcf133c680
0x000000001a8dee98:   00000000148544c0 0000041f00000501
0x000000001a8deea8:   0000000000000000 00000000137b21d8
0x000000001a8deeb8:   000007fcf1111129 00000000025963d3
0x000000001a8deec8:   0000000000000000 000000001a8defb8
0x000000001a8deed8:   0000000000000000 00000006fb971fe9 

Instructions: (pc=0x000000005d8bc1e0)
0x000000005d8bc1c0:   c3 66 66 66 66 66 66 66 0f 1f 84 00 00 00 00 00
0x000000005d8bc1d0:   66 66 66 90 66 66 90 49 81 f9 00 20 00 00 73 42
0x000000005d8bc1e0:   48 8b 44 0a f8 4c 8b 54 0a f0 48 83 e9 20 48 89
0x000000005d8bc1f0:   41 18 4c 89 51 10 48 8b 44 0a 08 4c 8b 14 0a 49 


Register to memory mapping:

RAX=0xffffffffffffffff is an unknown value
RBX=0x000000001a6f3ed0 is an unknown value
RCX=0x000000001a6f4790 is an unknown value
RDX=0xfffffffffd50b870 is an unknown value
RSP=0x000000001a8dede8 is pointing into the stack for thread: 0x00000000137b2000
RBP=0x00000000000000a7 is an unknown value
RSI=0x0000000000001680 is an unknown value
RDI=0x0000000017bff740 is an unknown value
R8 =0x0000000000001680 is an unknown value
R9 =0x0000000000000046 is an unknown value
R10=0xffffffffffffffff is an unknown value
R11=0x000000001a6f3ed0 is an unknown value
R12=0xffffffffffffe980 is an unknown value
R13=0x000000001a1f0050 is an unknown value
R14=0x000000001a8defe0 is pointing into the stack for thread: 0x00000000137b2000
R15=0x00000000137b2000 is a thread


Stack: [0x000000001a7e0000,0x000000001a8e0000],  sp=0x000000001a8dede8,  free space=1019k
Native frames: (J=compiled Java code, j=interpreted, Vv=VM code, C=native code)
C  [msvcr100.dll+0x3c1e0]  memcpy+0x250

Java frames: (J=compiled Java code, j=interpreted, Vv=VM code)
j  com.googlecode.javacv.cpp.opencv_highgui.cvRetrieveFrame(Lcom/googlecode/javacv/cpp/opencv_highgui$CvCapture;I)Lcom/googlecode/javacv/cpp/opencv_core$IplImage;+0
j  com.googlecode.javacv.cpp.opencv_highgui.cvRetrieveFrame(Lcom/googlecode/javacv/cpp/opencv_highgui$CvCapture;)Lcom/googlecode/javacv/cpp/opencv_core$IplImage;+2
j  com.googlecode.javacv.OpenCVFrameGrabber.grab()Lcom/googlecode/javacv/cpp/opencv_core$IplImage;+4
j  emcscanner.kth.se.CameraPanel$1.run()V+15
v  ~StubRoutines::call_stub

---------------  P R O C E S S  ---------------

Java Threads: ( => current thread )
  0x0000000022203800 JavaThread "ICEpdf-pagePainter" daemon [_thread_blocked, id=8936, stack(0x0000000025c30000,0x0000000025d30000)]
  0x00000000221ff000 JavaThread "ICEpdf-pageInitializer" daemon [_thread_blocked, id=10060, stack(0x0000000025a00000,0x0000000025b00000)]
  0x000000002180a800 JavaThread "D3D Screen Updater" daemon [_thread_blocked, id=3556, stack(0x000000001c9e0000,0x000000001cae0000)]
  0x000000000238e000 JavaThread "DestroyJavaVM" [_thread_blocked, id=4156, stack(0x0000000002390000,0x0000000002490000)]
  0x0000000014aed800 JavaThread "TimerQueue" daemon [_thread_blocked, id=8720, stack(0x0000000020d40000,0x0000000020e40000)]
  0x00000000148b0000 JavaThread "threadDisplayDensity" daemon [_thread_blocked, id=9304, stack(0x000000001d0f0000,0x000000001d1f0000)]
  0x000000001398f000 JavaThread "AWT-EventQueue-0" [_thread_in_native, id=8712, stack(0x000000001cff0000,0x000000001d0f0000)]
  0x000000001398e000 JavaThread "threadDisplay" daemon [_thread_blocked, id=9516, stack(0x000000001cef0000,0x000000001cff0000)]
  0x0000000014b7e800 JavaThread "AWT-Shutdown" [_thread_blocked, id=7136, stack(0x000000001a8e0000,0x000000001a9e0000)]
=>0x00000000137b2000 JavaThread "threadDisplayCamera" daemon [_thread_in_native, id=7656, stack(0x000000001a7e0000,0x000000001a8e0000)]
  0x00000000137b2800 JavaThread "AWT-Windows" daemon [_thread_in_native, id=4508, stack(0x00000000140a0000,0x00000000141a0000)]
  0x00000000137b1000 JavaThread "Java2D Disposer" daemon [_thread_blocked, id=9480, stack(0x0000000013ea0000,0x0000000013fa0000)]
  0x00000000110b3000 JavaThread "Service Thread" daemon [_thread_blocked, id=9540, stack(0x00000000134a0000,0x00000000135a0000)]
  0x00000000110ae000 JavaThread "C2 CompilerThread1" daemon [_thread_blocked, id=9724, stack(0x00000000133a0000,0x00000000134a0000)]
  0x00000000110a9000 JavaThread "C2 CompilerThread0" daemon [_thread_blocked, id=8556, stack(0x00000000132a0000,0x00000000133a0000)]
  0x00000000110a8800 JavaThread "Attach Listener" daemon [_thread_blocked, id=10132, stack(0x00000000131a0000,0x00000000132a0000)]
  0x000000001109b800 JavaThread "Signal Dispatcher" daemon [_thread_blocked, id=9692, stack(0x00000000130a0000,0x00000000131a0000)]
  0x000000001103f800 JavaThread "Finalizer" daemon [_thread_blocked, id=9152, stack(0x0000000012fa0000,0x00000000130a0000)]
  0x0000000011038000 JavaThread "Reference Handler" daemon [_thread_blocked, id=10192, stack(0x0000000012ea0000,0x0000000012fa0000)]

Other Threads:
  0x0000000011033000 VMThread [stack: 0x0000000012da0000,0x0000000012ea0000] [id=9424]
  0x00000000110d1800 WatcherThread [stack: 0x00000000135a0000,0x00000000136a0000] [id=3692]

VM state:not at safepoint (normal execution)

VM Mutex/Monitor currently owned by a thread: None

Heap
 PSYoungGen      total 1185088K, used 336091K [0x00000007aacb0000, 0x00000007fc7d0000, 0x0000000800000000)
  eden space 1156352K, 26% used [0x00000007aacb0000,0x00000007bd8dfc10,0x00000007f15f0000)
  from space 28736K, 99% used [0x00000007f4750000,0x00000007f63572a0,0x00000007f6360000)
  to   space 91072K, 0% used [0x00000007f6ee0000,0x00000007f6ee0000,0x00000007fc7d0000)
 ParOldGen       total 311424K, used 62169K [0x0000000700600000, 0x0000000713620000, 0x00000007aacb0000)
  object space 311424K, 19% used [0x0000000700600000,0x00000007042b6500,0x0000000713620000)
 PSPermGen       total 34560K, used 18317K [0x00000006fb400000, 0x00000006fd5c0000, 0x0000000700600000)
  object space 34560K, 53% used [0x00000006fb400000,0x00000006fc5e34c8,0x00000006fd5c0000)

Card table byte_map: [0x0000000005650000,0x0000000005e80000] byte_map_base: 0x0000000001e76000

Polling page: 0x0000000002160000

Code Cache  [0x0000000002590000, 0x0000000002800000, 0x0000000005590000)
 total_blobs=1009 nmethods=415 adapters=545 free_code_cache=47516Kb largest_free_block=48610752

Compilation events (10 events):
Event: 82.301 Thread 0x00000000110ae000  423   !         sun.awt.image.SurfaceManager::getManager (47 bytes)
Event: 82.303 Thread 0x00000000110ae000 nmethod 423 0x000000000271dcd0 code [0x000000000271de40, 0x000000000271e008]
Event: 82.965 Thread 0x00000000110a9000  424             sun.java2d.pipe.RenderQueue::lock (4 bytes)
Event: 82.968 Thread 0x00000000110a9000 nmethod 424 0x0000000002726110 code [0x0000000002726280, 0x0000000002726428]
Event: 82.973 Thread 0x00000000110ae000  425             sun.java2d.pipe.RenderQueue::unlock (4 bytes)
Event: 82.973 Thread 0x00000000110a9000  426             sun.awt.SunToolkit::awtUnlock (7 bytes)
Event: 82.975 Thread 0x00000000110ae000 nmethod 425 0x0000000002725d50 code [0x0000000002725ea0, 0x0000000002725fa8]
Event: 82.975 Thread 0x00000000110a9000 nmethod 426 0x00000000027259d0 code [0x0000000002725b20, 0x0000000002725c08]
Event: 83.493 Thread 0x00000000110a9000  427             java.awt.EventQueue::eventToCacheIndex (69 bytes)
Event: 83.493 Thread 0x00000000110a9000 nmethod 427 0x0000000002603ad0 code [0x0000000002603c00, 0x0000000002603cb8]

GC Heap History (10 events):
Event: 65.948 GC heap before
{Heap before GC invocations=29 (full 5):
 PSYoungGen      total 1299136K, used 1251462K [0x00000007aacb0000, 0x00000007ffdb0000, 0x0000000800000000)
  eden space 1202240K, 99% used [0x00000007aacb0000,0x00000007f3d2b238,0x00000007f42c0000)
  from space 96896K, 56% used [0x00000007f42c0000,0x00000007f78668a8,0x00000007fa160000)
  to   space 94528K, 0% used [0x00000007fa160000,0x00000007fa160000,0x00000007ffdb0000)
 ParOldGen       total 341888K, used 144913K [0x0000000700600000, 0x00000007153e0000, 0x00000007aacb0000)
  object space 341888K, 42% used [0x0000000700600000,0x0000000709384560,0x00000007153e0000)
 PSPermGen       total 36160K, used 18258K [0x00000006fb400000, 0x00000006fd750000, 0x0000000700600000)
  object space 36160K, 50% used [0x00000006fb400000,0x00000006fc5d4a08,0x00000006fd750000)
Event: 65.959 GC heap after
Heap after GC invocations=29 (full 5):
 PSYoungGen      total 1297280K, used 66361K [0x00000007aacb0000, 0x0000000800000000, 0x0000000800000000)
  eden space 1202752K, 0% used [0x00000007aacb0000,0x00000007aacb0000,0x00000007f4340000)
  from space 94528K, 70% used [0x00000007fa160000,0x00000007fe22e540,0x00000007ffdb0000)
  to   space 96384K, 0% used [0x00000007f4340000,0x00000007f4340000,0x00000007fa160000)
 ParOldGen       total 341888K, used 144913K [0x0000000700600000, 0x00000007153e0000, 0x00000007aacb0000)
  object space 341888K, 42% used [0x0000000700600000,0x0000000709384560,0x00000007153e0000)
 PSPermGen       total 36160K, used 18258K [0x00000006fb400000, 0x00000006fd750000, 0x0000000700600000)
  object space 36160K, 50% used [0x00000006fb400000,0x00000006fc5d4a08,0x00000006fd750000)
}
Event: 69.628 GC heap before
{Heap before GC invocations=30 (full 5):
 PSYoungGen      total 1297280K, used 1266305K [0x00000007aacb0000, 0x0000000800000000, 0x0000000800000000)
  eden space 1202752K, 99% used [0x00000007aacb0000,0x00000007f40820c0,0x00000007f4340000)
  from space 94528K, 70% used [0x00000007fa160000,0x00000007fe22e540,0x00000007ffdb0000)
  to   space 96384K, 0% used [0x00000007f4340000,0x00000007f4340000,0x00000007fa160000)
 ParOldGen       total 341888K, used 144913K [0x0000000700600000, 0x00000007153e0000, 0x00000007aacb0000)
  object space 341888K, 42% used [0x0000000700600000,0x0000000709384560,0x00000007153e0000)
 PSPermGen       total 36160K, used 18268K [0x00000006fb400000, 0x00000006fd750000, 0x0000000700600000)
  object space 36160K, 50% used [0x00000006fb400000,0x00000006fc5d7050,0x00000006fd750000)
Event: 69.636 GC heap after
Heap after GC invocations=30 (full 5):
 PSYoungGen      total 1257984K, used 55192K [0x00000007aacb0000, 0x00000007ffc30000, 0x0000000800000000)
  eden space 1202752K, 0% used [0x00000007aacb0000,0x00000007aacb0000,0x00000007f4340000)
  from space 55232K, 99% used [0x00000007f4340000,0x00000007f79261d8,0x00000007f7930000)
  to   space 93504K, 0% used [0x00000007fa0e0000,0x00000007fa0e0000,0x00000007ffc30000)
 ParOldGen       total 341888K, used 144921K [0x0000000700600000, 0x00000007153e0000, 0x00000007aacb0000)
  object space 341888K, 42% used [0x0000000700600000,0x0000000709386560,0x00000007153e0000)
 PSPermGen       total 36160K, used 18268K [0x00000006fb400000, 0x00000006fd750000, 0x0000000700600000)
  object space 36160K, 50% used [0x00000006fb400000,0x00000006fc5d7050,0x00000006fd750000)
}
Event: 73.193 GC heap before
{Heap before GC invocations=31 (full 5):
 PSYoungGen      total 1257984K, used 1252037K [0x00000007aacb0000, 0x00000007ffc30000, 0x0000000800000000)
  eden space 1202752K, 99% used [0x00000007aacb0000,0x00000007f3d7b3f8,0x00000007f4340000)
  from space 55232K, 99% used [0x00000007f4340000,0x00000007f79261d8,0x00000007f7930000)
  to   space 93504K, 0% used [0x00000007fa0e0000,0x00000007fa0e0000,0x00000007ffc30000)
 ParOldGen       total 341888K, used 150996K [0x0000000700600000, 0x00000007153e0000, 0x00000007aacb0000)
  object space 341888K, 44% used [0x0000000700600000,0x0000000709975170,0x00000007153e0000)
 PSPermGen       total 36160K, used 18271K [0x00000006fb400000, 0x00000006fd750000, 0x0000000700600000)
  object space 36160K, 50% used [0x00000006fb400000,0x00000006fc5d7d38,0x00000006fd750000)
Event: 73.198 GC heap after
Heap after GC invocations=31 (full 5):
 PSYoungGen      total 1300416K, used 36708K [0x00000007aacb0000, 0x0000000800000000, 0x0000000800000000)
  eden space 1206912K, 0% used [0x00000007aacb0000,0x00000007aacb0000,0x00000007f4750000)
  from space 93504K, 39% used [0x00000007fa0e0000,0x00000007fc4b9240,0x00000007ffc30000)
  to   space 91712K, 0% used [0x00000007f4750000,0x00000007f4750000,0x00000007fa0e0000)
 ParOldGen       total 341888K, used 150996K [0x0000000700600000, 0x00000007153e0000, 0x00000007aacb0000)
  object space 341888K, 44% used [0x0000000700600000,0x0000000709975170,0x00000007153e0000)
 PSPermGen       total 36160K, used 18271K [0x00000006fb400000, 0x00000006fd750000, 0x0000000700600000)
  object space 36160K, 50% used [0x00000006fb400000,0x00000006fc5d7d38,0x00000006fd750000)
}
Event: 77.892 GC heap before
{Heap before GC invocations=32 (full 6):
 PSYoungGen      total 1300416K, used 1242385K [0x00000007aacb0000, 0x0000000800000000, 0x0000000800000000)
  eden space 1206912K, 99% used [0x00000007aacb0000,0x00000007f461b440,0x00000007f4750000)
  from space 93504K, 39% used [0x00000007fa0e0000,0x00000007fc4b9240,0x00000007ffc30000)
  to   space 91712K, 0% used [0x00000007f4750000,0x00000007f4750000,0x00000007fa0e0000)
 ParOldGen       total 452864K, used 451330K [0x0000000700600000, 0x000000071c040000, 0x00000007aacb0000)
  object space 452864K, 99% used [0x0000000700600000,0x000000071bec08a0,0x000000071c040000)
 PSPermGen       total 36160K, used 18301K [0x00000006fb400000, 0x00000006fd750000, 0x0000000700600000)
  object space 36160K, 50% used [0x00000006fb400000,0x00000006fc5df580,0x00000006fd750000)
Event: 77.945 GC heap after
Heap after GC invocations=32 (full 6):
 PSYoungGen      total 1300416K, used 0K [0x00000007aacb0000, 0x0000000800000000, 0x0000000800000000)
  eden space 1206912K, 0% used [0x00000007aacb0000,0x00000007aacb0000,0x00000007f4750000)
  from space 93504K, 0% used [0x00000007fa0e0000,0x00000007fa0e0000,0x00000007ffc30000)
  to   space 91712K, 0% used [0x00000007f4750000,0x00000007f4750000,0x00000007fa0e0000)
 ParOldGen       total 311424K, used 56094K [0x0000000700600000, 0x0000000713620000, 0x00000007aacb0000)
  object space 311424K, 18% used [0x0000000700600000,0x0000000703cc78f0,0x0000000713620000)
 PSPermGen       total 34560K, used 18301K [0x00000006fb400000, 0x00000006fd5c0000, 0x0000000700600000)
  object space 34560K, 52% used [0x00000006fb400000,0x00000006fc5df400,0x00000006fd5c0000)
}
Event: 82.426 GC heap before
{Heap before GC invocations=33 (full 6):
 PSYoungGen      total 1300416K, used 1206487K [0x00000007aacb0000, 0x0000000800000000, 0x0000000800000000)
  eden space 1206912K, 99% used [0x00000007aacb0000,0x00000007f46e5c68,0x00000007f4750000)
  from space 93504K, 0% used [0x00000007fa0e0000,0x00000007fa0e0000,0x00000007ffc30000)
  to   space 91712K, 0% used [0x00000007f4750000,0x00000007f4750000,0x00000007fa0e0000)
 ParOldGen       total 311424K, used 62169K [0x0000000700600000, 0x0000000713620000, 0x00000007aacb0000)
  object space 311424K, 19% used [0x0000000700600000,0x00000007042b6500,0x0000000713620000)
 PSPermGen       total 34560K, used 18307K [0x00000006fb400000, 0x00000006fd5c0000, 0x0000000700600000)
  object space 34560K, 52% used [0x00000006fb400000,0x00000006fc5e0f58,0x00000006fd5c0000)
Event: 82.438 GC heap after
Heap after GC invocations=33 (full 6):
 PSYoungGen      total 1185088K, used 28700K [0x00000007aacb0000, 0x00000007fc7d0000, 0x0000000800000000)
  eden space 1156352K, 0% used [0x00000007aacb0000,0x00000007aacb0000,0x00000007f15f0000)
  from space 28736K, 99% used [0x00000007f4750000,0x00000007f63572a0,0x00000007f6360000)
  to   space 91072K, 0% used [0x00000007f6ee0000,0x00000007f6ee0000,0x00000007fc7d0000)
 ParOldGen       total 311424K, used 62169K [0x0000000700600000, 0x0000000713620000, 0x00000007aacb0000)
  object space 311424K, 19% used [0x0000000700600000,0x00000007042b6500,0x0000000713620000)
 PSPermGen       total 34560K, used 18307K [0x00000006fb400000, 0x00000006fd5c0000, 0x0000000700600000)
  object space 34560K, 52% used [0x00000006fb400000,0x00000006fc5e0f58,0x00000006fd5c0000)
}

Deoptimization events (10 events):
Event: 16.365 Thread 0x000000001398f000 Uncommon trap -83 fr.pc 0x0000000002686884
Event: 23.158 Thread 0x00000000148b0000 Uncommon trap -12 fr.pc 0x00000000026f48b8
Event: 27.577 Thread 0x000000001398f000 Uncommon trap -83 fr.pc 0x00000000026044b0
Event: 27.577 Thread 0x000000001398f000 Uncommon trap -83 fr.pc 0x00000000026b8070
Event: 27.577 Thread 0x000000001398f000 Uncommon trap -83 fr.pc 0x0000000002603cb0
Event: 27.927 Thread 0x000000001398f000 Uncommon trap -83 fr.pc 0x00000000026ba504
Event: 81.637 Thread 0x000000001398f000 Uncommon trap -34 fr.pc 0x00000000026e41f8
Event: 81.638 Thread 0x000000001398f000 Uncommon trap -34 fr.pc 0x00000000026e41f8
Event: 81.661 Thread 0x000000001398f000 Uncommon trap -34 fr.pc 0x00000000026e41f8
Event: 81.760 Thread 0x000000001398f000 Uncommon trap -34 fr.pc 0x00000000026e41f8

Internal exceptions (10 events):
Event: 4.265 Thread 0x0000000022203800 Threw 0x00000007ab6ecd90 at C:\jdk7u1_64p\jdk7u7\hotspot\src\share\vm\prims\jvm.cpp:1166
Event: 4.467 Thread 0x0000000022203800 Threw 0x00000007ac014750 at C:\jdk7u1_64p\jdk7u7\hotspot\src\share\vm\prims\jvm.cpp:1166
Event: 16.260 Thread 0x000000001398f000 Threw 0x00000007aaf5d4d8 at C:\jdk7u1_64p\jdk7u7\hotspot\src\share\vm\prims\jvm.cpp:1166
Event: 16.260 Thread 0x000000001398f000 Threw 0x00000007ac7ec520 at C:\jdk7u1_64p\jdk7u7\hotspot\src\share\vm\prims\jvm.cpp:1166
Event: 16.263 Thread 0x000000001398f000 Threw 0x00000007ac7f98b0 at C:\jdk7u1_64p\jdk7u7\hotspot\src\share\vm\prims\jvm.cpp:1166
Event: 16.358 Thread 0x000000001398f000 Implicit null exception at 0x00000000026e1fc0 to 0x00000000026e22f1
Event: 23.158 Thread 0x00000000148b0000 Implicit null exception at 0x00000000026f45b8 to 0x00000000026f48ac
Event: 27.577 Thread 0x000000001398f000 Implicit null exception at 0x0000000002604458 to 0x00000000026044a6
Event: 27.577 Thread 0x000000001398f000 Implicit null exception at 0x00000000026b8018 to 0x00000000026b8066
Event: 27.577 Thread 0x000000001398f000 Implicit null exception at 0x0000000002603c58 to 0x0000000002603ca6

Events (10 events):
Event: 82.410 Executing VM operation: ParallelGCFailedAllocation
Event: 82.410 Executing VM operation: ParallelGCFailedAllocation done
Event: 82.426 Executing VM operation: ParallelGCSystemGC
Event: 82.438 Executing VM operation: ParallelGCSystemGC done
Event: 83.493 loading class 0x0000000014bad230
Event: 83.493 loading class 0x0000000014bad230 done
Event: 83.493 loading class 0x0000000014a0be10
Event: 83.493 loading class 0x0000000014bd4620
Event: 83.493 loading class 0x0000000014bd4620 done
Event: 83.493 loading class 0x0000000014a0be10 done


Dynamic libraries:
0x000007f662880000 - 0x000007f6628b4000 	F:\Program Files\Java\Jre7\bin\javaw.exe
0x000007fd0db20000 - 0x000007fd0dcde000 	C:\WINDOWS\SYSTEM32\ntdll.dll
0x000007fd0c680000 - 0x000007fd0c7b6000 	C:\WINDOWS\system32\KERNEL32.DLL
0x000007fd0ab00000 - 0x000007fd0abf3000 	C:\WINDOWS\system32\KERNELBASE.dll
0x000007fd0c260000 - 0x000007fd0c33e000 	C:\WINDOWS\system32\ADVAPI32.dll
0x000007fd0c460000 - 0x000007fd0c5ac000 	C:\WINDOWS\system32\USER32.dll
0x000007fd082b0000 - 0x000007fd08519000 	C:\WINDOWS\WinSxS\amd64_microsoft.windows.common-controls_6595b64144ccf1df_6.0.9200.16384_none_418c2a697189c07f\COMCTL32.dll
0x000007fd0c7c0000 - 0x000007fd0c865000 	C:\WINDOWS\system32\msvcrt.dll
0x000007fd0cdf0000 - 0x000007fd0ce38000 	C:\WINDOWS\SYSTEM32\sechost.dll
0x000007fd0c870000 - 0x000007fd0c9b0000 	C:\WINDOWS\system32\RPCRT4.dll
0x000007fd0d520000 - 0x000007fd0d660000 	C:\WINDOWS\system32\GDI32.dll
0x000007fd0c620000 - 0x000007fd0c659000 	C:\WINDOWS\system32\IMM32.DLL
0x000007fd0c340000 - 0x000007fd0c455000 	C:\WINDOWS\system32\MSCTF.dll
0x000007fd0aa10000 - 0x000007fd0aa18000 	C:\PROGRA~2\NVIDIA~1\3DVISI~1\NVSTIN~1.DLL
0x000007fd0d510000 - 0x000007fd0d517000 	C:\WINDOWS\system32\PSAPI.DLL
0x000000005e410000 - 0x000000005e4b3000 	C:\WINDOWS\WinSxS\amd64_microsoft.vc90.crt_1fc8b3b9a1e18e3b_9.0.30729.6871_none_08e717a5a83adddf\MSVCR90.dll
0x000000005d880000 - 0x000000005d951000 	F:\Program Files\Java\Jre7\bin\msvcr100.dll
0x000000005c090000 - 0x000000005c7af000 	F:\Program Files\Java\Jre7\bin\server\jvm.dll
0x000007fd02f00000 - 0x000007fd02f09000 	C:\WINDOWS\SYSTEM32\WSOCK32.dll
0x000007fd07b90000 - 0x000007fd07bb0000 	C:\WINDOWS\SYSTEM32\WINMM.dll
0x000007fd0c5b0000 - 0x000007fd0c608000 	C:\WINDOWS\system32\WS2_32.dll
0x000007fd07a80000 - 0x000007fd07ab2000 	C:\WINDOWS\SYSTEM32\WINMMBASE.dll
0x000007fd0d360000 - 0x000007fd0d369000 	C:\WINDOWS\system32\NSI.dll
0x000000005dc10000 - 0x000000005dc1f000 	F:\Program Files\Java\Jre7\bin\verify.dll
0x000000005dbe0000 - 0x000000005dc08000 	F:\Program Files\Java\Jre7\bin\java.dll
0x000000005dbc0000 - 0x000000005dbd5000 	F:\Program Files\Java\Jre7\bin\zip.dll
0x000000005b300000 - 0x000000005b493000 	F:\Program Files\Java\Jre7\bin\awt.dll
0x000007fd0d830000 - 0x000007fd0d8f3000 	C:\WINDOWS\system32\OLEAUT32.dll
0x000007fd0cc40000 - 0x000007fd0cdf0000 	C:\WINDOWS\system32\combase.dll
0x000007fd04cf0000 - 0x000007fd04d8f000 	C:\WINDOWS\system32\apphelp.dll
0x000007fd09810000 - 0x000007fd098f3000 	C:\WINDOWS\system32\uxtheme.dll
0x000007fd08210000 - 0x000007fd082a5000 	C:\Program Files\Common Files\microsoft shared\ink\tiptsf.dll
0x000007fd088b0000 - 0x000007fd088d1000 	C:\WINDOWS\SYSTEM32\dwmapi.dll
0x000007fd0d090000 - 0x000007fd0d20e000 	C:\WINDOWS\system32\ole32.dll
0x000007fd0a860000 - 0x000007fd0a86a000 	C:\WINDOWS\SYSTEM32\CRYPTBASE.dll
0x000007fd0a800000 - 0x000007fd0a85c000 	C:\WINDOWS\SYSTEM32\bcryptPrimitives.dll
0x000007fd0af70000 - 0x000007fd0c258000 	C:\WINDOWS\system32\SHELL32.dll
0x000007fd0cb80000 - 0x000007fd0cbd0000 	C:\WINDOWS\system32\SHLWAPI.dll
0x000007fd09be0000 - 0x000007fd09c76000 	C:\WINDOWS\SYSTEM32\shcore.dll
0x000000005d2e0000 - 0x000000005d378000 	C:\Windows\System32\msvcp100.dll
0x000007fcf2470000 - 0x000007fcf26c8000 	C:\opencv\build\x64\vc10\bin\opencv_core243.dll
0x000007fcf3e30000 - 0x000007fcf3ec5000 	C:\Users\Jonas\AppData\Local\Temp\javacpp98987759776871\jniopencv_core.dll
0x000007fcf1f10000 - 0x000007fcf21b5000 	C:\opencv\build\x64\vc10\bin\opencv_imgproc243.dll
0x000007fcf7e20000 - 0x000007fcf7e68000 	C:\Users\Jonas\AppData\Local\Temp\javacpp98987759776871\jniopencv_imgproc.dll
0x0000000066840000 - 0x00000000675ca000 	C:\opencv\build\x64\vc10\bin\opencv_ffmpeg243_64.dll
0x000007fcf1110000 - 0x000007fcf135b000 	C:\opencv\build\x64\vc10\bin\opencv_highgui243.dll
0x000007fd04400000 - 0x000007fd04420000 	C:\WINDOWS\SYSTEM32\AVIFIL32.dll
0x000007fd07af0000 - 0x000007fd07b19000 	C:\WINDOWS\SYSTEM32\MSVFW32.dll
0x000007fd081c0000 - 0x000007fd081d7000 	C:\WINDOWS\SYSTEM32\AVICAP32.dll
0x000007fcf6150000 - 0x000007fcf6169000 	C:\WINDOWS\SYSTEM32\MSACM32.dll
0x000007fd07db0000 - 0x000007fd07db9000 	C:\WINDOWS\SYSTEM32\VERSION.dll
0x000007fd01910000 - 0x000007fd01923000 	C:\Users\Jonas\AppData\Local\Temp\javacpp98987759776871\jniopencv_highgui.dll
0x000007fd0d2c0000 - 0x000007fd0d356000 	C:\WINDOWS\SYSTEM32\clbcatq.dll
0x000007fd04350000 - 0x000007fd04367000 	C:\Windows\System32\devenum.dll
0x000007fd0c9b0000 - 0x000007fd0cb80000 	C:\WINDOWS\system32\setupapi.dll
0x000007fd0ad10000 - 0x000007fd0ad5f000 	C:\WINDOWS\system32\CFGMGR32.dll
0x000007fd0af40000 - 0x000007fd0af62000 	C:\WINDOWS\system32\DEVOBJ.dll
0x000007fd03ae0000 - 0x000007fd03b0e000 	C:\WINDOWS\SYSTEM32\ntmarta.dll
0x000007fd0ac00000 - 0x000007fd0ac55000 	C:\WINDOWS\system32\WINTRUST.dll
0x000007fd0ad60000 - 0x000007fd0af37000 	C:\WINDOWS\system32\CRYPT32.dll
0x000007fd0aae0000 - 0x000007fd0aaf6000 	C:\WINDOWS\system32\MSASN1.dll
0x000007fd07890000 - 0x000007fd0789d000 	C:\WINDOWS\SYSTEM32\msdmo.dll
0x000007fd01d70000 - 0x000007fd01d9f000 	C:\Windows\System32\qcap.dll
0x000007fcf1460000 - 0x000007fcf1618000 	C:\Windows\System32\quartz.dll
0x000007fd01d30000 - 0x000007fd01d6f000 	C:\Windows\System32\ksproxy.ax
0x000007fcf5930000 - 0x000007fcf5937000 	C:\Windows\System32\ksuser.dll
0x000007fcf9950000 - 0x000007fcf9b50000 	C:\Windows\System32\d3d9.dll
0x000007fd05950000 - 0x000007fd0595c000 	C:\Windows\System32\vidcap.ax
0x000007fd01d00000 - 0x000007fd01d24000 	C:\Windows\System32\kswdmcap.ax
0x000007fcf0d70000 - 0x000007fcf0ec4000 	C:\Windows\System32\MFC42.dll
0x000007fcf7e70000 - 0x000007fcf7f2e000 	C:\Windows\System32\ODBC32.dll
0x000007fd01c60000 - 0x000007fd01cf5000 	C:\Windows\System32\qedit.dll
0x000007fd0d210000 - 0x000007fd0d2b1000 	C:\WINDOWS\system32\COMDLG32.dll
0x000007fd0d370000 - 0x000007fd0d510000 	C:\WINDOWS\WinSxS\amd64_microsoft.windows.gdiplus_6595b64144ccf1df_1.1.9200.16384_none_72771d4ecc1c3a4d\gdiplus.dll
0x000007fcf0640000 - 0x000007fcf072a000 	C:\WINDOWS\SYSTEM32\DDRAW.dll
0x000007fd07de0000 - 0x000007fd07de8000 	C:\WINDOWS\SYSTEM32\DCIMAN32.dll
0x000000005b610000 - 0x000000005b644000 	F:\Program Files\Java\Jre7\bin\fontmanager.dll
0x000007fce6500000 - 0x000007fce7680000 	C:\WINDOWS\SYSTEM32\nvd3dumx.dll
0x000007fd0a900000 - 0x000007fd0a943000 	C:\WINDOWS\SYSTEM32\powrprof.dll
0x0000000180000000 - 0x0000000180116000 	C:\Program Files (x86)\NVIDIA Corporation\3D Vision\nvSCPAPI64.dll
0x000007fd07ef0000 - 0x000007fd07f64000 	C:\WINDOWS\SYSTEM32\dxgi.dll
0x000007fd06540000 - 0x000007fd06802000 	C:\WINDOWS\SYSTEM32\nvapi64.dll
0x000007fd07ed0000 - 0x000007fd07eef000 	C:\WINDOWS\SYSTEM32\DXGIDebug.dll
0x000000005dba0000 - 0x000000005dbb9000 	F:\Program Files\Java\Jre7\bin\net.dll
0x000007fd0a270000 - 0x000007fd0a2cc000 	C:\WINDOWS\system32\mswsock.dll
0x000000005db50000 - 0x000000005db61000 	F:\Program Files\Java\Jre7\bin\nio.dll
0x000000005b5c0000 - 0x000000005b601000 	F:\Program Files\Java\Jre7\bin\t2k.dll
0x000007fd08010000 - 0x000007fd0819a000 	C:\WINDOWS\SYSTEM32\WindowsCodecs.dll
0x000007fd0aa30000 - 0x000007fd0aa45000 	C:\WINDOWS\SYSTEM32\profapi.dll
0x000007fd07530000 - 0x000007fd07599000 	C:\WINDOWS\SYSTEM32\oleacc.dll
0x000000005b2d0000 - 0x000000005b2fa000 	F:\Program Files\Java\Jre7\bin\dcpr.dll
0x000007fcf8620000 - 0x000007fcf8783000 	C:\WINDOWS\SYSTEM32\dbghelp.dll

VM Arguments:
jvm_args: -Dfile.encoding=Cp1252 
java_command: emcscanner.kth.se.Program
Launcher Type: SUN_STANDARD

Environment Variables:
PATH=C:\Program Files (x86)\NVIDIA Corporation\PhysX\Common;C:\WINDOWS\system32;C:\WINDOWS;C:\WINDOWS\System32\Wbem;C:\WINDOWS\System32\WindowsPowerShell\v1.0\;C:\Program Files (x86)\Microsoft SQL Server\90\Tools\binn\;C:\Program Files (x86)\Autodesk\Backburner\;F:\Program Files\MATLAB\R2012a\runtime\win64;F:\Program Files\MATLAB\R2012a\bin;C:\Program Files\Internet Explorer;C:\Program Files\Perforce;F:\Program Files\Perforce;C:\Program Files\Microsoft\Web Platform Installer\;C:\Program Files (x86)\Microsoft ASP.NET\ASP.NET Web Pages\v1.0\;C:\Program Files (x86)\Windows Kits\8.0\Windows Performance Toolkit\;C:\Program Files\Microsoft SQL Server\110\Tools\Binn\;F:\Program Files\Perforce\Server
USERNAME=Jonas
OS=Windows_NT
PROCESSOR_IDENTIFIER=Intel64 Family 6 Model 42 Stepping 7, GenuineIntel



---------------  S Y S T E M  ---------------

OS: Windows 8 , 64 bit Build 9200 

CPU:total 8 (4 cores per cpu, 2 threads per core) family 6 model 42 stepping 7, cmov, cx8, fxsr, mmx, sse, sse2, sse3, ssse3, sse4.1, sse4.2, popcnt, avx, ht, tsc, tscinvbit

Memory: 4k page, physical 16751668k(9673244k free), swap 33528884k(22547196k free)

vm_info: Java HotSpot(TM) 64-Bit Server VM (23.3-b01) for windows-amd64 JRE (1.7.0_07-b11), built on Sep  7 2012 01:19:25 by "java_re" with unknown MS VC++:1600

time: Sun Feb 03 16:12:39 2013
elapsed time: 83 seconds

