#
# A fatal error has been detected by the Java Runtime Environment:
#
#  EXCEPTION_ACCESS_VIOLATION (0xc0000005) at pc=0x000007f9422ec8d4, pid=8948, tid=476
#
# JRE version: 7.0_07-b11
# Java VM: Java HotSpot(TM) 64-Bit Server VM (23.3-b01 mixed mode windows-amd64 compressed oops)
# Problematic frame:
# C  [opencv_imgproc243.dll+0x5c8d4]  cv::FilterEngine::~FilterEngine+0x2b74
#
# Failed to write core dump. Minidumps are not enabled by default on client versions of Windows
#
# If you would like to submit a bug report, please visit:
#   http://bugreport.sun.com/bugreport/crash.jsp
# The crash happened outside the Java Virtual Machine in native code.
# See problematic frame for where to report the bug.
#

---------------  T H R E A D  ---------------

Current thread (0x0000000013c23000):  JavaThread "threadDisplayCamera" daemon [_thread_in_native, id=476, stack(0x000000001ab00000,0x000000001ac00000)]

siginfo: ExceptionCode=0xc0000005, writing address 0x000000001a5ce780

Registers:
RAX=0x0000000000000001, RBX=0x0000000014dcc7a0, RCX=0x0000000021c554f0, RDX=0x0000000021c4a0f0
RSP=0x000000001abfe690, RBP=0x0000000000001680, RSI=0x0000000014dcc790, RDI=0x000000000000006c
R8 =0x0000000000003f00, R9 =0x0000000000000001, R10=0x000000001a5ce790, R11=0x0000000013e9dc34
R12=0x0000000000000002, R13=0x0000000000000002, R14=0x0000000000001680, R15=0x000000001a5cd7d0
RIP=0x000007f9422ec8d4, EFLAGS=0x0000000000010206

Top of Stack: (sp=0x000000001abfe690)
0x000000001abfe690:   0000000000000000 0000000000000000
0x000000001abfe6a0:   0000000000000000 0000000000000000
0x000000001abfe6b0:   0000000000000000 0000000000000000
0x000000001abfe6c0:   0000000021c4a0f0 0000000014dcc7a0
0x000000001abfe6d0:   0000000000001680 000000001a5cd7d0
0x000000001abfe6e0:   0000800000000010 000007f94230733a
0x000000001abfe6f0:   0000000000000040 0000000000008000
0x000000001abfe700:   0000000000000000 000007f9422f35a3
0x000000001abfe710:   0000004013e90100 0000000021c662f0
0x000000001abfe720:   0000000000000080 0000000021c4a0f0
0x000000001abfe730:   0000000000000003 0000000021c4faf0
0x000000001abfe740:   0000000014dcc7a0 0000000000001680
0x000000001abfe750:   0000000014ad4cd8 000000006d5aae23
0x000000001abfe760:   000000001a5d04d0 0000000000000003
0x000000001abfe770:   0000000000000006 0000000021c3b600
0x000000001abfe780:   0000000000000006 000000001abfe8a0 

Instructions: (pc=0x000007f9422ec8d4)
0x000007f9422ec8b4:   c3 66 0f 5b cd 49 83 c2 10 49 83 c0 40 48 ff cf
0x000007f9422ec8c4:   66 0f 6b d0 66 0f 5b c6 66 0f 6b c8 66 0f 67 d1
0x000007f9422ec8d4:   f3 41 0f 7f 52 f0 0f 85 f0 fe ff ff 41 8d 46 fc
0x000007f9422ec8e4:   4c 63 d5 3b e8 0f 8f 4b 02 00 00 2b c5 4b 8d 3c 


Register to memory mapping:

RAX=0x0000000000000001 is an unknown value
RBX=0x0000000014dcc7a0 is an unknown value
RCX=0x0000000021c554f0 is an unknown value
RDX=0x0000000021c4a0f0 is an unknown value
RSP=0x000000001abfe690 is pointing into the stack for thread: 0x0000000013c23000
RBP=0x0000000000001680 is an unknown value
RSI=0x0000000014dcc790 is an unknown value
RDI=0x000000000000006c is an unknown value
R8 =0x0000000000003f00 is an unknown value
R9 =0x0000000000000001 is an unknown value
R10=0x000000001a5ce790 is an unknown value
R11=0x0000000013e9dc34 is an unknown value
R12=0x0000000000000002 is an unknown value
R13=0x0000000000000002 is an unknown value
R14=0x0000000000001680 is an unknown value
R15=0x000000001a5cd7d0 is an unknown value


Stack: [0x000000001ab00000,0x000000001ac00000],  sp=0x000000001abfe690,  free space=1017k
Native frames: (J=compiled Java code, j=interpreted, Vv=VM code, C=native code)
C  [opencv_imgproc243.dll+0x5c8d4]  cv::FilterEngine::~FilterEngine+0x2b74

[error occurred during error reporting (printing native stack), id 0xc0000005]

Java frames: (J=compiled Java code, j=interpreted, Vv=VM code)
j  com.googlecode.javacv.cpp.opencv_imgproc.cvSmooth(Lcom/googlecode/javacv/cpp/opencv_core$CvArr;Lcom/googlecode/javacv/cpp/opencv_core$CvArr;IIIDD)V+0
j  com.googlecode.javacv.cpp.opencv_imgproc.cvSmooth(Lcom/googlecode/javacv/cpp/opencv_core$CvArr;Lcom/googlecode/javacv/cpp/opencv_core$CvArr;II)V+7
j  emcscanner.kth.se.CameraPanel$1.run()V+64
v  ~StubRoutines::call_stub

---------------  P R O C E S S  ---------------

Java Threads: ( => current thread )
  0x0000000015103800 JavaThread "Thread-0" daemon [_thread_in_native, id=5084, stack(0x0000000017450000,0x0000000017550000)]
  0x0000000015103000 JavaThread "ICEpdf-pagePainter" daemon [_thread_blocked, id=8752, stack(0x0000000025ed0000,0x0000000025fd0000)]
  0x00000000229a0800 JavaThread "ICEpdf-pageInitializer" daemon [_thread_blocked, id=8996, stack(0x0000000025ca0000,0x0000000025da0000)]
  0x000000000275e000 JavaThread "DestroyJavaVM" [_thread_blocked, id=3740, stack(0x00000000027f0000,0x00000000028f0000)]
  0x000000001508a800 JavaThread "TimerQueue" daemon [_thread_blocked, id=7108, stack(0x00000000210e0000,0x00000000211e0000)]
  0x0000000014d1a800 JavaThread "threadDisplayDensity" daemon [_thread_blocked, id=7544, stack(0x000000001d490000,0x000000001d590000)]
  0x0000000014d19800 JavaThread "AWT-EventQueue-0" [_thread_blocked, id=4864, stack(0x000000001d390000,0x000000001d490000)]
  0x0000000014d19000 JavaThread "threadDisplay" daemon [_thread_blocked, id=4236, stack(0x000000001d290000,0x000000001d390000)]
  0x0000000014ad7800 JavaThread "AWT-Shutdown" [_thread_blocked, id=8656, stack(0x000000001ac00000,0x000000001ad00000)]
=>0x0000000013c23000 JavaThread "threadDisplayCamera" daemon [_thread_in_native, id=476, stack(0x000000001ab00000,0x000000001ac00000)]
  0x0000000013c23800 JavaThread "AWT-Windows" daemon [_thread_in_native, id=7932, stack(0x0000000014510000,0x0000000014610000)]
  0x0000000013c22000 JavaThread "Java2D Disposer" daemon [_thread_blocked, id=4244, stack(0x0000000014310000,0x0000000014410000)]
  0x0000000011515800 JavaThread "Service Thread" daemon [_thread_blocked, id=8400, stack(0x0000000013910000,0x0000000013a10000)]
  0x0000000011512800 JavaThread "C2 CompilerThread1" daemon [_thread_blocked, id=7864, stack(0x0000000013810000,0x0000000013910000)]
  0x000000001150d000 JavaThread "C2 CompilerThread0" daemon [_thread_blocked, id=8932, stack(0x0000000013710000,0x0000000013810000)]
  0x0000000011508000 JavaThread "Attach Listener" daemon [_thread_blocked, id=6184, stack(0x0000000013610000,0x0000000013710000)]
  0x00000000114fb000 JavaThread "Signal Dispatcher" daemon [_thread_blocked, id=7936, stack(0x0000000013510000,0x0000000013610000)]
  0x000000001149f000 JavaThread "Finalizer" daemon [_thread_blocked, id=7248, stack(0x0000000013410000,0x0000000013510000)]
  0x0000000011498000 JavaThread "Reference Handler" daemon [_thread_blocked, id=7388, stack(0x0000000013310000,0x0000000013410000)]

Other Threads:
  0x0000000011492800 VMThread [stack: 0x0000000013210000,0x0000000013310000] [id=2872]
  0x0000000011532000 WatcherThread [stack: 0x0000000013a10000,0x0000000013b10000] [id=8960]

VM state:not at safepoint (normal execution)

VM Mutex/Monitor currently owned by a thread: None

Heap
 PSYoungGen      total 1010240K, used 893542K [0x00000007aacb0000, 0x00000007ecf50000, 0x0000000800000000)
  eden space 961024K, 92% used [0x00000007aacb0000,0x00000007e1549880,0x00000007e5730000)
  from space 49216K, 0% used [0x00000007e9f40000,0x00000007e9f40000,0x00000007ecf50000)
  to   space 61504K, 0% used [0x00000007e5730000,0x00000007e5730000,0x00000007e9340000)
 ParOldGen       total 262912K, used 39598K [0x0000000700600000, 0x00000007106c0000, 0x00000007aacb0000)
  object space 262912K, 15% used [0x0000000700600000,0x0000000702cab8c0,0x00000007106c0000)
 PSPermGen       total 37760K, used 18094K [0x00000006fb400000, 0x00000006fd8e0000, 0x0000000700600000)
  object space 37760K, 47% used [0x00000006fb400000,0x00000006fc5aba40,0x00000006fd8e0000)

Card table byte_map: [0x0000000005ab0000,0x00000000062e0000] byte_map_base: 0x00000000022d6000

Polling page: 0x0000000002680000

Code Cache  [0x00000000029f0000, 0x0000000002c60000, 0x00000000059f0000)
 total_blobs=905 nmethods=315 adapters=541 free_code_cache=47781Kb largest_free_block=48860288

Compilation events (10 events):
Event: 19.554 Thread 0x0000000011512800  320   !         javax.swing.RepaintManager::addDirtyRegion0 (201 bytes)
Event: 19.565 Thread 0x0000000011512800 nmethod 320 0x0000000002adf990 code [0x0000000002adfba0, 0x0000000002ae0c10]
Event: 20.012 Thread 0x000000001150d000  321             java.awt.image.Raster::getHeight (5 bytes)
Event: 20.013 Thread 0x000000001150d000 nmethod 321 0x0000000002b50650 code [0x0000000002b50780, 0x0000000002b507d8]
Event: 22.053 Thread 0x0000000011512800  322             javax.swing.SwingUtilities::computeIntersection (189 bytes)
Event: 22.054 Thread 0x0000000011512800 nmethod 322 0x0000000002ae4f10 code [0x0000000002ae5040, 0x0000000002ae50f8]
Event: 22.120 Thread 0x000000001150d000  323             javax.swing.SwingUtilities::getWindowAncestor (31 bytes)
Event: 22.120 Thread 0x000000001150d000 nmethod 323 0x0000000002b0fb90 code [0x0000000002b0fce0, 0x0000000002b0fd98]
Event: 22.143 Thread 0x0000000011512800  324             sun.java2d.SunGraphics2D::invalidatePipe (41 bytes)
Event: 22.143 Thread 0x0000000011512800 nmethod 324 0x0000000002ae4cd0 code [0x0000000002ae4e00, 0x0000000002ae4e98]

GC Heap History (10 events):
Event: 14.919 GC heap before
{Heap before GC invocations=14 (full 3):
 PSYoungGen      total 684480K, used 682282K [0x00000007aacb0000, 0x00000007d9550000, 0x0000000800000000)
  eden space 653696K, 99% used [0x00000007aacb0000,0x00000007d2a67e00,0x00000007d2b10000)
  from space 30784K, 95% used [0x00000007d7740000,0x00000007d93d2c60,0x00000007d9550000)
  to   space 54400K, 0% used [0x00000007d2b10000,0x00000007d2b10000,0x00000007d6030000)
 ParOldGen       total 219904K, used 53729K [0x0000000700600000, 0x000000070dcc0000, 0x00000007aacb0000)
  object space 219904K, 24% used [0x0000000700600000,0x0000000703a786f0,0x000000070dcc0000)
 PSPermGen       total 39360K, used 18024K [0x00000006fb400000, 0x00000006fda70000, 0x0000000700600000)
  object space 39360K, 45% used [0x00000006fb400000,0x00000006fc59a318,0x00000006fda70000)
Event: 14.922 GC heap after
Heap after GC invocations=14 (full 3):
 PSYoungGen      total 708096K, used 11560K [0x00000007aacb0000, 0x00000007e3630000, 0x0000000800000000)
  eden space 653696K, 0% used [0x00000007aacb0000,0x00000007aacb0000,0x00000007d2b10000)
  from space 54400K, 21% used [0x00000007d2b10000,0x00000007d365a1f0,0x00000007d6030000)
  to   space 53952K, 0% used [0x00000007e0180000,0x00000007e0180000,0x00000007e3630000)
 ParOldGen       total 219904K, used 53729K [0x0000000700600000, 0x000000070dcc0000, 0x00000007aacb0000)
  object space 219904K, 24% used [0x0000000700600000,0x0000000703a786f0,0x000000070dcc0000)
 PSPermGen       total 39360K, used 18024K [0x00000006fb400000, 0x00000006fda70000, 0x0000000700600000)
  object space 39360K, 45% used [0x00000006fb400000,0x00000006fc59a318,0x00000006fda70000)
}
Event: 16.220 GC heap before
{Heap before GC invocations=15 (full 3):
 PSYoungGen      total 708096K, used 665256K [0x00000007aacb0000, 0x00000007e3630000, 0x0000000800000000)
  eden space 653696K, 100% used [0x00000007aacb0000,0x00000007d2b10000,0x00000007d2b10000)
  from space 54400K, 21% used [0x00000007d2b10000,0x00000007d365a1f0,0x00000007d6030000)
  to   space 53952K, 0% used [0x00000007e0180000,0x00000007e0180000,0x00000007e3630000)
 ParOldGen       total 219904K, used 134818K [0x0000000700600000, 0x000000070dcc0000, 0x00000007aacb0000)
  object space 219904K, 61% used [0x0000000700600000,0x00000007089a88e0,0x000000070dcc0000)
 PSPermGen       total 39360K, used 18029K [0x00000006fb400000, 0x00000006fda70000, 0x0000000700600000)
  object space 39360K, 45% used [0x00000006fb400000,0x00000006fc59b500,0x00000006fda70000)
Event: 16.221 GC heap after
Heap after GC invocations=15 (full 3):
 PSYoungGen      total 828864K, used 658K [0x00000007aacb0000, 0x00000007e21a0000, 0x0000000800000000)
  eden space 795968K, 0% used [0x00000007aacb0000,0x00000007aacb0000,0x00000007db600000)
  from space 32896K, 2% used [0x00000007e0180000,0x00000007e0224b50,0x00000007e21a0000)
  to   space 55104K, 0% used [0x00000007db600000,0x00000007db600000,0x00000007debd0000)
 ParOldGen       total 219904K, used 134818K [0x0000000700600000, 0x000000070dcc0000, 0x00000007aacb0000)
  object space 219904K, 61% used [0x0000000700600000,0x00000007089a88e0,0x000000070dcc0000)
 PSPermGen       total 39360K, used 18029K [0x00000006fb400000, 0x00000006fda70000, 0x0000000700600000)
  object space 39360K, 45% used [0x00000006fb400000,0x00000006fc59b500,0x00000006fda70000)
}
Event: 17.636 GC heap before
{Heap before GC invocations=16 (full 3):
 PSYoungGen      total 828864K, used 795746K [0x00000007aacb0000, 0x00000007e21a0000, 0x0000000800000000)
  eden space 795968K, 99% used [0x00000007aacb0000,0x00000007db524010,0x00000007db600000)
  from space 32896K, 2% used [0x00000007e0180000,0x00000007e0224b50,0x00000007e21a0000)
  to   space 55104K, 0% used [0x00000007db600000,0x00000007db600000,0x00000007debd0000)
 ParOldGen       total 219904K, used 134818K [0x0000000700600000, 0x000000070dcc0000, 0x00000007aacb0000)
  object space 219904K, 61% used [0x0000000700600000,0x00000007089a88e0,0x000000070dcc0000)
 PSPermGen       total 39360K, used 18034K [0x00000006fb400000, 0x00000006fda70000, 0x0000000700600000)
  object space 39360K, 45% used [0x00000006fb400000,0x00000006fc59c940,0x00000006fda70000)
Event: 17.649 GC heap after
Heap after GC invocations=16 (full 3):
 PSYoungGen      total 851072K, used 53139K [0x00000007aacb0000, 0x00000007edd10000, 0x0000000800000000)
  eden space 795968K, 0% used [0x00000007aacb0000,0x00000007aacb0000,0x00000007db600000)
  from space 55104K, 96% used [0x00000007db600000,0x00000007de9e4fd0,0x00000007debd0000)
  to   space 63296K, 0% used [0x00000007e9f40000,0x00000007e9f40000,0x00000007edd10000)
 ParOldGen       total 219904K, used 138759K [0x0000000700600000, 0x000000070dcc0000, 0x00000007aacb0000)
  object space 219904K, 63% used [0x0000000700600000,0x0000000708d81c20,0x000000070dcc0000)
 PSPermGen       total 39360K, used 18034K [0x00000006fb400000, 0x00000006fda70000, 0x0000000700600000)
  object space 39360K, 45% used [0x00000006fb400000,0x00000006fc59c940,0x00000006fda70000)
}
Event: 19.086 GC heap before
{Heap before GC invocations=17 (full 3):
 PSYoungGen      total 851072K, used 848439K [0x00000007aacb0000, 0x00000007edd10000, 0x0000000800000000)
  eden space 795968K, 99% used [0x00000007aacb0000,0x00000007db558fe8,0x00000007db600000)
  from space 55104K, 96% used [0x00000007db600000,0x00000007de9e4fd0,0x00000007debd0000)
  to   space 63296K, 0% used [0x00000007e9f40000,0x00000007e9f40000,0x00000007edd10000)
 ParOldGen       total 219904K, used 144834K [0x0000000700600000, 0x000000070dcc0000, 0x00000007aacb0000)
  object space 219904K, 65% used [0x0000000700600000,0x0000000709370830,0x000000070dcc0000)
 PSPermGen       total 39360K, used 18055K [0x00000006fb400000, 0x00000006fda70000, 0x0000000700600000)
  object space 39360K, 45% used [0x00000006fb400000,0x00000006fc5a1d98,0x00000006fda70000)
Event: 19.093 GC heap after
Heap after GC invocations=17 (full 3):
 PSYoungGen      total 1010240K, used 30755K [0x00000007aacb0000, 0x00000007ecf50000, 0x0000000800000000)
  eden space 961024K, 0% used [0x00000007aacb0000,0x00000007aacb0000,0x00000007e5730000)
  from space 49216K, 62% used [0x00000007e9f40000,0x00000007ebd48ee0,0x00000007ecf50000)
  to   space 61504K, 0% used [0x00000007e5730000,0x00000007e5730000,0x00000007e9340000)
 ParOldGen       total 219904K, used 144834K [0x0000000700600000, 0x000000070dcc0000, 0x00000007aacb0000)
  object space 219904K, 65% used [0x0000000700600000,0x0000000709370830,0x000000070dcc0000)
 PSPermGen       total 39360K, used 18055K [0x00000006fb400000, 0x00000006fda70000, 0x0000000700600000)
  object space 39360K, 45% used [0x00000006fb400000,0x00000006fc5a1d98,0x00000006fda70000)
}
Event: 20.963 GC heap before
{Heap before GC invocations=18 (full 4):
 PSYoungGen      total 1010240K, used 991779K [0x00000007aacb0000, 0x00000007ecf50000, 0x0000000800000000)
  eden space 961024K, 100% used [0x00000007aacb0000,0x00000007e5730000,0x00000007e5730000)
  from space 49216K, 62% used [0x00000007e9f40000,0x00000007ebd48ee0,0x00000007ecf50000)
  to   space 61504K, 0% used [0x00000007e5730000,0x00000007e5730000,0x00000007e9340000)
 ParOldGen       total 235648K, used 235283K [0x0000000700600000, 0x000000070ec20000, 0x00000007aacb0000)
  object space 235648K, 99% used [0x0000000700600000,0x000000070ebc4e28,0x000000070ec20000)
 PSPermGen       total 39360K, used 18059K [0x00000006fb400000, 0x00000006fda70000, 0x0000000700600000)
  object space 39360K, 45% used [0x00000006fb400000,0x00000006fc5a2dd8,0x00000006fda70000)
Event: 20.995 GC heap after
Heap after GC invocations=18 (full 4):
 PSYoungGen      total 1010240K, used 0K [0x00000007aacb0000, 0x00000007ecf50000, 0x0000000800000000)
  eden space 961024K, 0% used [0x00000007aacb0000,0x00000007aacb0000,0x00000007e5730000)
  from space 49216K, 0% used [0x00000007e9f40000,0x00000007e9f40000,0x00000007ecf50000)
  to   space 61504K, 0% used [0x00000007e5730000,0x00000007e5730000,0x00000007e9340000)
 ParOldGen       total 262912K, used 39598K [0x0000000700600000, 0x00000007106c0000, 0x00000007aacb0000)
  object space 262912K, 15% used [0x0000000700600000,0x0000000702cab8c0,0x00000007106c0000)
 PSPermGen       total 37760K, used 18059K [0x00000006fb400000, 0x00000006fd8e0000, 0x0000000700600000)
  object space 37760K, 47% used [0x00000006fb400000,0x00000006fc5a2dd8,0x00000006fd8e0000)
}

Deoptimization events (10 events):
Event: 3.782 Thread 0x00000000229a0800 Uncommon trap -83 fr.pc 0x0000000002ae86e8
Event: 3.844 Thread 0x00000000229a0800 Uncommon trap -83 fr.pc 0x0000000002ae503c
Event: 3.872 Thread 0x00000000229a0800 Uncommon trap -83 fr.pc 0x0000000002ad6558
Event: 4.049 Thread 0x0000000015103000 Uncommon trap -83 fr.pc 0x0000000002b10d7c
Event: 8.304 Thread 0x0000000014d19800 Uncommon trap -122 fr.pc 0x0000000002b48d88
Event: 8.304 Thread 0x0000000014d19800 Uncommon trap -34 fr.pc 0x0000000002b27ea0
Event: 8.304 Thread 0x0000000014d19800 Uncommon trap -34 fr.pc 0x0000000002b27ea0
Event: 8.304 Thread 0x0000000014d19800 Uncommon trap -34 fr.pc 0x0000000002b27ea0
Event: 8.304 Thread 0x0000000014d19800 Uncommon trap -34 fr.pc 0x0000000002b27ea0
Event: 18.891 Thread 0x0000000014d1a800 Uncommon trap -12 fr.pc 0x0000000002b51038

Internal exceptions (10 events):
Event: 3.918 Thread 0x00000000229a0800 Threw 0x00000007ab6edb98 at C:\jdk7u1_64p\jdk7u7\hotspot\src\share\vm\prims\jvm.cpp:1166
Event: 3.919 Thread 0x00000000229a0800 Threw 0x00000007ab6f0d48 at C:\jdk7u1_64p\jdk7u7\hotspot\src\share\vm\prims\jvm.cpp:1166
Event: 3.919 Thread 0x00000000229a0800 Threw 0x00000007ab6f3b18 at C:\jdk7u1_64p\jdk7u7\hotspot\src\share\vm\prims\jvm.cpp:1166
Event: 4.042 Thread 0x0000000015103000 Threw 0x00000007abc4d968 at C:\jdk7u1_64p\jdk7u7\hotspot\src\share\vm\prims\jvm.cpp:1166
Event: 4.045 Thread 0x0000000015103000 Threw 0x00000007abc5e1f8 at C:\jdk7u1_64p\jdk7u7\hotspot\src\share\vm\prims\jvm.cpp:1166
Event: 4.247 Thread 0x0000000015103000 Threw 0x00000007ac7d9b10 at C:\jdk7u1_64p\jdk7u7\hotspot\src\share\vm\prims\jvm.cpp:1166
Event: 8.276 Thread 0x0000000014d19800 Threw 0x00000007ba00a098 at C:\jdk7u1_64p\jdk7u7\hotspot\src\share\vm\prims\jvm.cpp:1166
Event: 8.277 Thread 0x0000000014d19800 Threw 0x00000007ba00f668 at C:\jdk7u1_64p\jdk7u7\hotspot\src\share\vm\prims\jvm.cpp:1166
Event: 8.303 Thread 0x0000000014d19800 Threw 0x00000007ba01cef0 at C:\jdk7u1_64p\jdk7u7\hotspot\src\share\vm\prims\jvm.cpp:1166
Event: 18.891 Thread 0x0000000014d1a800 Implicit null exception at 0x0000000002b50d38 to 0x0000000002b5102c

Events (10 events):
Event: 20.962 Executing VM operation: ParallelGCFailedAllocation
Event: 20.995 Executing VM operation: ParallelGCFailedAllocation done
Event: 22.054 Thread 0x0000000011512800 flushing nmethod 0x0000000002b0cad0
Event: 22.054 Thread 0x0000000011512800 flushing nmethod 0x0000000002b0fa50
Event: 22.153 loading class 0x000000001509c5e0
Event: 22.153 loading class 0x000000001509c5e0 done
Event: 22.153 loading class 0x0000000014c9bff0
Event: 22.153 loading class 0x0000000014dcb280
Event: 22.153 loading class 0x0000000014dcb280 done
Event: 22.153 loading class 0x0000000014c9bff0 done


Dynamic libraries:
0x000007f7f0ad0000 - 0x000007f7f0b04000 	F:\Program Files\Java\Jre7\bin\javaw.exe
0x000007f95e1d0000 - 0x000007f95e38e000 	C:\WINDOWS\SYSTEM32\ntdll.dll
0x000007f95d7e0000 - 0x000007f95d916000 	C:\WINDOWS\system32\KERNEL32.DLL
0x000007f95b470000 - 0x000007f95b563000 	C:\WINDOWS\system32\KERNELBASE.dll
0x000007f95ca50000 - 0x000007f95cb2e000 	C:\WINDOWS\system32\ADVAPI32.dll
0x000007f95ce50000 - 0x000007f95cf9c000 	C:\WINDOWS\system32\USER32.dll
0x000007f958910000 - 0x000007f958b79000 	C:\WINDOWS\WinSxS\amd64_microsoft.windows.common-controls_6595b64144ccf1df_6.0.9200.16384_none_418c2a697189c07f\COMCTL32.dll
0x000007f95d590000 - 0x000007f95d635000 	C:\WINDOWS\system32\msvcrt.dll
0x000007f95db40000 - 0x000007f95db88000 	C:\WINDOWS\SYSTEM32\sechost.dll
0x000007f95d6a0000 - 0x000007f95d7e0000 	C:\WINDOWS\system32\RPCRT4.dll
0x000007f95b620000 - 0x000007f95b760000 	C:\WINDOWS\system32\GDI32.dll
0x000007f95dcd0000 - 0x000007f95dd09000 	C:\WINDOWS\system32\IMM32.DLL
0x000007f95cd30000 - 0x000007f95ce45000 	C:\WINDOWS\system32\MSCTF.dll
0x000007f95b0c0000 - 0x000007f95b0c8000 	C:\PROGRA~2\NVIDIA~1\3DVISI~1\NVSTIN~1.DLL
0x000007f95d990000 - 0x000007f95d997000 	C:\WINDOWS\system32\PSAPI.DLL
0x000000006f560000 - 0x000000006f603000 	C:\WINDOWS\WinSxS\amd64_microsoft.vc90.crt_1fc8b3b9a1e18e3b_9.0.30729.6871_none_08e717a5a83adddf\MSVCR90.dll
0x000000006db00000 - 0x000000006dbd1000 	F:\Program Files\Java\Jre7\bin\msvcr100.dll
0x000000006d3e0000 - 0x000000006daff000 	F:\Program Files\Java\Jre7\bin\server\jvm.dll
0x000007f953860000 - 0x000007f953869000 	C:\WINDOWS\SYSTEM32\WSOCK32.dll
0x000007f958800000 - 0x000007f958820000 	C:\WINDOWS\SYSTEM32\WINMM.dll
0x000007f95d920000 - 0x000007f95d978000 	C:\WINDOWS\system32\WS2_32.dll
0x000007f958100000 - 0x000007f958132000 	C:\WINDOWS\SYSTEM32\WINMMBASE.dll
0x000007f95dd10000 - 0x000007f95dd19000 	C:\WINDOWS\system32\NSI.dll
0x000000006d3d0000 - 0x000000006d3df000 	F:\Program Files\Java\Jre7\bin\verify.dll
0x000000006d3a0000 - 0x000000006d3c8000 	F:\Program Files\Java\Jre7\bin\java.dll
0x000000006d380000 - 0x000000006d395000 	F:\Program Files\Java\Jre7\bin\zip.dll
0x000000006c460000 - 0x000000006c5f3000 	F:\Program Files\Java\Jre7\bin\awt.dll
0x000007f95db90000 - 0x000007f95dc53000 	C:\WINDOWS\system32\OLEAUT32.dll
0x000007f95d3e0000 - 0x000007f95d590000 	C:\WINDOWS\system32\combase.dll
0x000007f955390000 - 0x000007f95542f000 	C:\WINDOWS\system32\apphelp.dll
0x000007f959ec0000 - 0x000007f959fa3000 	C:\WINDOWS\system32\uxtheme.dll
0x000007f9552f0000 - 0x000007f955385000 	C:\Program Files\Common Files\microsoft shared\ink\tiptsf.dll
0x000007f959650000 - 0x000007f959671000 	C:\WINDOWS\SYSTEM32\dwmapi.dll
0x000007f95cfa0000 - 0x000007f95d11e000 	C:\WINDOWS\system32\ole32.dll
0x000007f95af30000 - 0x000007f95af3a000 	C:\WINDOWS\SYSTEM32\CRYPTBASE.dll
0x000007f95aeb0000 - 0x000007f95af0c000 	C:\WINDOWS\SYSTEM32\bcryptPrimitives.dll
0x000007f95b760000 - 0x000007f95ca48000 	C:\WINDOWS\system32\SHELL32.dll
0x000007f95dc80000 - 0x000007f95dcd0000 	C:\WINDOWS\system32\SHLWAPI.dll
0x000007f95a290000 - 0x000007f95a326000 	C:\WINDOWS\SYSTEM32\shcore.dll
0x000000006e430000 - 0x000000006e4c8000 	C:\Windows\System32\msvcp100.dll
0x000007f943c80000 - 0x000007f943ed8000 	C:\opencv\build\x64\vc10\bin\opencv_core243.dll
0x000007f954c30000 - 0x000007f954cc5000 	C:\Users\Jonas\AppData\Local\Temp\javacpp321538226199221\jniopencv_core.dll
0x000007f942290000 - 0x000007f942535000 	C:\opencv\build\x64\vc10\bin\opencv_imgproc243.dll
0x000007f94ab40000 - 0x000007f94ab88000 	C:\Users\Jonas\AppData\Local\Temp\javacpp321538226199221\jniopencv_imgproc.dll
0x0000000066840000 - 0x00000000675ca000 	C:\opencv\build\x64\vc10\bin\opencv_ffmpeg243_64.dll
0x000007f945e60000 - 0x000007f9460ab000 	C:\opencv\build\x64\vc10\bin\opencv_highgui243.dll
0x000007f954c10000 - 0x000007f954c30000 	C:\WINDOWS\SYSTEM32\AVIFIL32.dll
0x000007f9547b0000 - 0x000007f9547d9000 	C:\WINDOWS\SYSTEM32\MSVFW32.dll
0x000007f954b70000 - 0x000007f954b87000 	C:\WINDOWS\SYSTEM32\AVICAP32.dll
0x000007f948660000 - 0x000007f948679000 	C:\WINDOWS\SYSTEM32\MSACM32.dll
0x000007f959620000 - 0x000007f959629000 	C:\WINDOWS\SYSTEM32\VERSION.dll
0x000007f954bf0000 - 0x000007f954c03000 	C:\Users\Jonas\AppData\Local\Temp\javacpp321538226199221\jniopencv_highgui.dll
0x000007f95cc90000 - 0x000007f95cd26000 	C:\WINDOWS\SYSTEM32\clbcatq.dll
0x000007f954af0000 - 0x000007f954b07000 	C:\Windows\System32\devenum.dll
0x000007f95e000000 - 0x000007f95e1d0000 	C:\WINDOWS\system32\setupapi.dll
0x000007f95b390000 - 0x000007f95b3df000 	C:\WINDOWS\system32\CFGMGR32.dll
0x000007f95b440000 - 0x000007f95b462000 	C:\WINDOWS\system32\DEVOBJ.dll
0x000007f954440000 - 0x000007f95446e000 	C:\WINDOWS\SYSTEM32\ntmarta.dll
0x000007f95b3e0000 - 0x000007f95b435000 	C:\WINDOWS\system32\WINTRUST.dll
0x000007f95b1b0000 - 0x000007f95b387000 	C:\WINDOWS\system32\CRYPT32.dll
0x000007f95b190000 - 0x000007f95b1a6000 	C:\WINDOWS\system32\MSASN1.dll
0x000007f957430000 - 0x000007f95743d000 	C:\WINDOWS\SYSTEM32\msdmo.dll
0x000007f954a10000 - 0x000007f954a3f000 	C:\Windows\System32\qcap.dll
0x000007f944d50000 - 0x000007f944f08000 	C:\Windows\System32\quartz.dll
0x000007f9488e0000 - 0x000007f94891f000 	C:\Windows\System32\ksproxy.ax
0x000007f955b30000 - 0x000007f955b37000 	C:\Windows\System32\ksuser.dll
0x000007f94a240000 - 0x000007f94a440000 	C:\Windows\System32\d3d9.dll
0x000007f954990000 - 0x000007f95499c000 	C:\Windows\System32\vidcap.ax
0x000007f952370000 - 0x000007f952394000 	C:\Windows\System32\kswdmcap.ax
0x000007f943950000 - 0x000007f943aa4000 	C:\Windows\System32\MFC42.dll
0x000007f945700000 - 0x000007f9457be000 	C:\Windows\System32\ODBC32.dll
0x000007f945820000 - 0x000007f9458b5000 	C:\Windows\System32\qedit.dll
0x000007f95df50000 - 0x000007f95dff1000 	C:\WINDOWS\system32\COMDLG32.dll
0x000007f95d9a0000 - 0x000007f95db40000 	C:\WINDOWS\WinSxS\amd64_microsoft.windows.gdiplus_6595b64144ccf1df_1.1.9200.16384_none_72771d4ecc1c3a4d\gdiplus.dll
0x000007f942540000 - 0x000007f94262a000 	C:\WINDOWS\SYSTEM32\DDRAW.dll
0x000007f957440000 - 0x000007f957448000 	C:\WINDOWS\SYSTEM32\DCIMAN32.dll
0x000000006c420000 - 0x000000006c454000 	F:\Program Files\Java\Jre7\bin\fontmanager.dll
0x000007f93d8c0000 - 0x000007f93ea40000 	C:\WINDOWS\SYSTEM32\nvd3dumx.dll
0x000007f95afb0000 - 0x000007f95aff3000 	C:\WINDOWS\SYSTEM32\powrprof.dll
0x0000000180000000 - 0x0000000180116000 	C:\Program Files (x86)\NVIDIA Corporation\3D Vision\nvSCPAPI64.dll
0x000007f958830000 - 0x000007f9588a4000 	C:\WINDOWS\SYSTEM32\dxgi.dll
0x000007f957c90000 - 0x000007f957f52000 	C:\WINDOWS\SYSTEM32\nvapi64.dll
0x000007f958140000 - 0x000007f95815f000 	C:\WINDOWS\SYSTEM32\DXGIDebug.dll
0x000000006d360000 - 0x000000006d379000 	F:\Program Files\Java\Jre7\bin\net.dll
0x000007f95a920000 - 0x000007f95a97c000 	C:\WINDOWS\system32\mswsock.dll
0x000000006d340000 - 0x000000006d351000 	F:\Program Files\Java\Jre7\bin\nio.dll
0x000000006c3d0000 - 0x000000006c411000 	F:\Program Files\Java\Jre7\bin\t2k.dll
0x000007f958d90000 - 0x000007f958f1a000 	C:\WINDOWS\SYSTEM32\WindowsCodecs.dll
0x000007f95b0e0000 - 0x000007f95b0f5000 	C:\WINDOWS\SYSTEM32\profapi.dll
0x000007f957fd0000 - 0x000007f958039000 	C:\WINDOWS\SYSTEM32\oleacc.dll
0x000000006c3a0000 - 0x000000006c3ca000 	F:\Program Files\Java\Jre7\bin\dcpr.dll
0x000007f948020000 - 0x000007f948183000 	C:\WINDOWS\SYSTEM32\dbghelp.dll

VM Arguments:
jvm_args: -Dfile.encoding=Cp1252 
java_command: emcscanner.kth.se.Program
Launcher Type: SUN_STANDARD

Environment Variables:
PATH=C:\Program Files (x86)\NVIDIA Corporation\PhysX\Common;C:\WINDOWS\system32;C:\WINDOWS;C:\WINDOWS\System32\Wbem;C:\WINDOWS\System32\WindowsPowerShell\v1.0\;C:\Program Files (x86)\Microsoft SQL Server\90\Tools\binn\;C:\Program Files (x86)\Autodesk\Backburner\;F:\Program Files\MATLAB\R2012a\runtime\win64;F:\Program Files\MATLAB\R2012a\bin;PROGRAMFILES\Internet Explorer;C:\Program Files\Perforce;F:\Program Files\Perforce;C:\Program Files\Microsoft\Web Platform Installer\;C:\Program Files (x86)\Microsoft ASP.NET\ASP.NET Web Pages\v1.0\;C:\Program Files (x86)\Windows Kits\8.0\Windows Performance Toolkit\;C:\Program Files\Microsoft SQL Server\110\Tools\Binn\;F:\Program Files\Perforce\Server
USERNAME=Jonas
OS=Windows_NT
PROCESSOR_IDENTIFIER=Intel64 Family 6 Model 42 Stepping 7, GenuineIntel



---------------  S Y S T E M  ---------------

OS: Windows 8 , 64 bit Build 9200 

CPU:total 8 (4 cores per cpu, 2 threads per core) family 6 model 42 stepping 7, cmov, cx8, fxsr, mmx, sse, sse2, sse3, ssse3, sse4.1, sse4.2, popcnt, avx, ht, tsc, tscinvbit

Memory: 4k page, physical 16751668k(10502832k free), swap 33528884k(21668280k free)

vm_info: Java HotSpot(TM) 64-Bit Server VM (23.3-b01) for windows-amd64 JRE (1.7.0_07-b11), built on Sep  7 2012 01:19:25 by "java_re" with unknown MS VC++:1600

time: Fri Feb 01 17:14:49 2013
elapsed time: 22 seconds

