#
# A fatal error has been detected by the Java Runtime Environment:
#
#  EXCEPTION_ACCESS_VIOLATION (0xc0000005) at pc=0x000007ffd0028bc0, pid=3260, tid=8708
#
# JRE version: 7.0_07-b11
# Java VM: Java HotSpot(TM) 64-Bit Server VM (23.3-b01 mixed mode windows-amd64 compressed oops)
# Problematic frame:
# C  [ntdll.dll+0x18bc0]  RtlQueueWorkItem+0x8a0
#
# Failed to write core dump. Minidumps are not enabled by default on client versions of Windows
#
# If you would like to submit a bug report, please visit:
#   http://bugreport.sun.com/bugreport/crash.jsp
# The crash happened outside the Java Virtual Machine in native code.
# See problematic frame for where to report the bug.
#

---------------  T H R E A D  ---------------

Current thread (0x00000000137c2800):  JavaThread "threadDisplayCamera" daemon [_thread_in_native, id=8708, stack(0x0000000016290000,0x0000000016390000)]

siginfo: ExceptionCode=0xc0000005, writing address 0x0000000000000024

Registers:
RAX=0x0000000000000000, RBX=0x00000000148eec58, RCX=0x00000000fffffffc, RDX=0x00000000000008f0
RSP=0x000000001638f020, RBP=0x0000000000000000, RSI=0x00000000000008f0, RDI=0x0000000000000000
R8 =0xffffffffffffffff, R9 =0x0000000000000004, R10=0x0000000000000000, R11=0x0000000000000246
R12=0x0000000000000000, R13=0x0000000000000000, R14=0x000007f798a4e000, R15=0x0000000000000000
RIP=0x000007ffd0028bc0, EFLAGS=0x0000000000010213

Top of Stack: (sp=0x000000001638f020)
0x000000001638f020:   00000000000008f0 00000000025964f0
0x000000001638f030:   4089500000000000 0000000000000000
0x000000001638f040:   4096800000000000 0000000000000000
0x000000001638f050:   0000000000000000 0000000000000000
0x000000001638f060:   0000000000000000 0000000000000000
0x000000001638f070:   0000000000000000 0000000000000000
0x000000001638f080:   0000000000000000 000007ffcd3610ea
0x000000001638f090:   0000000002380000 0000000000000010
0x000000001638f0a0:   00004eedf49dfebf 000007ffd00157c0
0x000000001638f0b0:   0000000000000004 0000000000000001
0x000000001638f0c0:   0000000019ca9050 00000000ff000000
0x000000001638f0d0:   0000000000000000 0000000000000000
0x000000001638f0e0:   000007f798a4e000 000007ffd001f4d4
0x000000001638f0f0:   0000000000000000 0000000000000000
0x000000001638f100:   00000000148eec58 0000000000000000
0x000000001638f110:   0000000000000000 00000000137c29d8 

Instructions: (pc=0x000007ffd0028bc0)
0x000007ffd0028ba0:   43 08 a8 01 0f 85 bd 67 ff ff 8b c8 2b cd f0 0f
0x000007ffd0028bb0:   b1 4b 08 75 ea 48 8b 03 33 ed 48 83 f8 ff 74 03
0x000007ffd0028bc0:   ff 40 24 41 bf 82 03 fe 7f 41 80 3f 00 0f 85 69
0x000007ffd0028bd0:   7a 0e 00 48 83 fe ff 0f 84 bf 7a 0e 00 4c 8b c7 


Register to memory mapping:

RAX=0x0000000000000000 is an unknown value
RBX=0x00000000148eec58 is an unknown value
RCX=0x00000000fffffffc is an unknown value
RDX=0x00000000000008f0 is an unknown value
RSP=0x000000001638f020 is pointing into the stack for thread: 0x00000000137c2800
RBP=0x0000000000000000 is an unknown value
RSI=0x00000000000008f0 is an unknown value
RDI=0x0000000000000000 is an unknown value
R8 =0xffffffffffffffff is an unknown value
R9 =0x0000000000000004 is an unknown value
R10=0x0000000000000000 is an unknown value
R11=0x0000000000000246 is an unknown value
R12=0x0000000000000000 is an unknown value
R13=0x0000000000000000 is an unknown value
R14=0x000007f798a4e000 is an unknown value
R15=0x0000000000000000 is an unknown value


Stack: [0x0000000016290000,0x0000000016390000],  sp=0x000000001638f020,  free space=1020k
Native frames: (J=compiled Java code, j=interpreted, Vv=VM code, C=native code)
C  [ntdll.dll+0x18bc0]  RtlQueueWorkItem+0x8a0

[error occurred during error reporting (printing native stack), id 0xc0000005]

Java frames: (J=compiled Java code, j=interpreted, Vv=VM code)
j  com.googlecode.javacv.cpp.opencv_highgui.cvRetrieveFrame(Lcom/googlecode/javacv/cpp/opencv_highgui$CvCapture;I)Lcom/googlecode/javacv/cpp/opencv_core$IplImage;+0
j  com.googlecode.javacv.cpp.opencv_highgui.cvRetrieveFrame(Lcom/googlecode/javacv/cpp/opencv_highgui$CvCapture;)Lcom/googlecode/javacv/cpp/opencv_core$IplImage;+2
j  com.googlecode.javacv.OpenCVFrameGrabber.grab()Lcom/googlecode/javacv/cpp/opencv_core$IplImage;+4
j  emcscanner.kth.se.CameraPanel$1.run()V+15
v  ~StubRoutines::call_stub

---------------  P R O C E S S  ---------------

Java Threads: ( => current thread )
  0x0000000014b64800 JavaThread "Thread-0" daemon [_thread_in_native, id=9096, stack(0x0000000014fa0000,0x00000000150a0000)]
  0x0000000014b62000 JavaThread "Thread-2" [_thread_in_native, id=7364, stack(0x0000000014ea0000,0x0000000014fa0000)]
  0x0000000014b60800 JavaThread "ICEpdf-pagePainter" daemon [_thread_blocked, id=1944, stack(0x0000000025910000,0x0000000025a10000)]
  0x0000000014b60000 JavaThread "ICEpdf-pageInitializer" daemon [_thread_blocked, id=8312, stack(0x00000000256d0000,0x00000000257d0000)]
  0x0000000014b61800 JavaThread "DestroyJavaVM" [_thread_blocked, id=3984, stack(0x0000000002390000,0x0000000002490000)]
  0x0000000014b5e800 JavaThread "TimerQueue" daemon [_thread_blocked, id=5556, stack(0x00000000242f0000,0x00000000243f0000)]
  0x00000000149a5000 JavaThread "AWT-EventQueue-0" [_thread_blocked, id=8492, stack(0x00000000207e0000,0x00000000208e0000)]
  0x00000000149a2000 JavaThread "threadDisplayDensity" daemon [_thread_blocked, id=6176, stack(0x00000000204c0000,0x00000000205c0000)]
  0x00000000147aa000 JavaThread "threadDisplay" daemon [_thread_blocked, id=6016, stack(0x000000001e8f0000,0x000000001e9f0000)]
  0x00000000149a1800 JavaThread "threadDisplay" daemon [_thread_blocked, id=5568, stack(0x000000001c780000,0x000000001c880000)]
  0x0000000014ba7800 JavaThread "AWT-Shutdown" [_thread_blocked, id=7308, stack(0x0000000016390000,0x0000000016490000)]
=>0x00000000137c2800 JavaThread "threadDisplayCamera" daemon [_thread_in_native, id=8708, stack(0x0000000016290000,0x0000000016390000)]
  0x00000000137c3800 JavaThread "AWT-Windows" daemon [_thread_in_native, id=8780, stack(0x00000000140b0000,0x00000000141b0000)]
  0x00000000137be000 JavaThread "Java2D Disposer" daemon [_thread_blocked, id=6984, stack(0x0000000013eb0000,0x0000000013fb0000)]
  0x00000000110b1800 JavaThread "Service Thread" daemon [_thread_blocked, id=1776, stack(0x00000000134b0000,0x00000000135b0000)]
  0x00000000110ab800 JavaThread "C2 CompilerThread1" daemon [_thread_blocked, id=8276, stack(0x00000000133b0000,0x00000000134b0000)]
  0x00000000110a9800 JavaThread "C2 CompilerThread0" daemon [_thread_blocked, id=9160, stack(0x00000000132b0000,0x00000000133b0000)]
  0x00000000110a9000 JavaThread "Attach Listener" daemon [_thread_blocked, id=3720, stack(0x00000000131b0000,0x00000000132b0000)]
  0x000000001109c000 JavaThread "Signal Dispatcher" daemon [_thread_blocked, id=9180, stack(0x00000000130b0000,0x00000000131b0000)]
  0x0000000011040000 JavaThread "Finalizer" daemon [_thread_blocked, id=8620, stack(0x0000000012fb0000,0x00000000130b0000)]
  0x0000000011038800 JavaThread "Reference Handler" daemon [_thread_blocked, id=8428, stack(0x0000000012eb0000,0x0000000012fb0000)]

Other Threads:
  0x0000000011033800 VMThread [stack: 0x0000000012db0000,0x0000000012eb0000] [id=6736]
  0x00000000110c6000 WatcherThread [stack: 0x00000000135b0000,0x00000000136b0000] [id=8600]

VM state:not at safepoint (normal execution)

VM Mutex/Monitor currently owned by a thread: None

Heap
 PSYoungGen      total 1184064K, used 133939K [0x00000007aacb0000, 0x0000000800000000, 0x0000000800000000)
  eden space 1140608K, 11% used [0x00000007aacb0000,0x00000007b2f7cd00,0x00000007f0690000)
  from space 43456K, 0% used [0x00000007f0690000,0x00000007f0690000,0x00000007f3100000)
  to   space 44480K, 0% used [0x00000007fd490000,0x00000007fd490000,0x0000000800000000)
 ParOldGen       total 274944K, used 44967K [0x0000000700600000, 0x0000000711280000, 0x00000007aacb0000)
  object space 274944K, 16% used [0x0000000700600000,0x00000007031e9f20,0x0000000711280000)
 PSPermGen       total 37568K, used 18300K [0x00000006fb400000, 0x00000006fd8b0000, 0x0000000700600000)
  object space 37568K, 48% used [0x00000006fb400000,0x00000006fc5df2e8,0x00000006fd8b0000)

Card table byte_map: [0x0000000005650000,0x0000000005e80000] byte_map_base: 0x0000000001e76000

Polling page: 0x0000000000a80000

Code Cache  [0x0000000002590000, 0x0000000002800000, 0x0000000005590000)
 total_blobs=934 nmethods=345 adapters=540 free_code_cache=47653Kb largest_free_block=48739456

Compilation events (10 events):
Event: 24.211 Thread 0x00000000110a9800  351             java.awt.image.DataBuffer$1::getTrackable (5 bytes)
Event: 24.212 Thread 0x00000000110a9800 nmethod 351 0x00000000026f2ed0 code [0x00000000026f3000, 0x00000000026f3078]
Event: 24.268 Thread 0x00000000110ab800  352   !         java.awt.color.ColorSpace::getInstance (305 bytes)
Event: 24.275 Thread 0x00000000110ab800 nmethod 352 0x0000000002702b50 code [0x0000000002702dc0, 0x0000000002704090]
Event: 24.707 Thread 0x00000000110a9800  353             java.awt.image.DataBuffer$1::getData (7 bytes)
Event: 24.708 Thread 0x00000000110a9800 nmethod 353 0x00000000026f2c10 code [0x00000000026f2d40, 0x00000000026f2df8]
Event: 24.891 Thread 0x00000000110ab800  354             sun.java2d.pipe.Region::<init> (26 bytes)
Event: 24.892 Thread 0x00000000110ab800 nmethod 354 0x00000000026f2a10 code [0x00000000026f2b40, 0x00000000026f2bb8]
Event: 25.058 Thread 0x00000000110a9800  355             java.awt.image.BufferedImage::getType (5 bytes)
Event: 25.058 Thread 0x00000000110a9800 nmethod 355 0x00000000026f2810 code [0x00000000026f2940, 0x00000000026f2998]

GC Heap History (10 events):
Event: 16.124 GC heap before
{Heap before GC invocations=15 (full 3):
 PSYoungGen      total 857984K, used 856580K [0x00000007aacb0000, 0x00000007e92b0000, 0x0000000800000000)
  eden space 822848K, 100% used [0x00000007aacb0000,0x00000007dd040000,0x00000007dd040000)
  from space 35136K, 96% used [0x00000007dd040000,0x00000007df131290,0x00000007df290000)
  to   space 38016K, 0% used [0x00000007e6d90000,0x00000007e6d90000,0x00000007e92b0000)
 ParOldGen       total 211392K, used 133124K [0x0000000700600000, 0x000000070d470000, 0x00000007aacb0000)
  object space 211392K, 62% used [0x0000000700600000,0x00000007088011f8,0x000000070d470000)
 PSPermGen       total 39616K, used 18225K [0x00000006fb400000, 0x00000006fdab0000, 0x0000000700600000)
  object space 39616K, 46% used [0x00000006fb400000,0x00000006fc5cc5d8,0x00000006fdab0000)
Event: 16.125 GC heap after
Heap after GC invocations=15 (full 3):
 PSYoungGen      total 981376K, used 256K [0x00000007aacb0000, 0x00000007ef130000, 0x0000000800000000)
  eden space 943360K, 0% used [0x00000007aacb0000,0x00000007aacb0000,0x00000007e45f0000)
  from space 38016K, 0% used [0x00000007e6d90000,0x00000007e6dd0000,0x00000007e92b0000)
  to   space 40576K, 0% used [0x00000007e45f0000,0x00000007e45f0000,0x00000007e6d90000)
 ParOldGen       total 211392K, used 133204K [0x0000000700600000, 0x000000070d470000, 0x00000007aacb0000)
  object space 211392K, 63% used [0x0000000700600000,0x0000000708815208,0x000000070d470000)
 PSPermGen       total 39616K, used 18225K [0x00000006fb400000, 0x00000006fdab0000, 0x0000000700600000)
  object space 39616K, 46% used [0x00000006fb400000,0x00000006fc5cc5d8,0x00000006fdab0000)
}
Event: 18.126 GC heap before
{Heap before GC invocations=16 (full 3):
 PSYoungGen      total 981376K, used 943616K [0x00000007aacb0000, 0x00000007ef130000, 0x0000000800000000)
  eden space 943360K, 100% used [0x00000007aacb0000,0x00000007e45f0000,0x00000007e45f0000)
  from space 38016K, 0% used [0x00000007e6d90000,0x00000007e6dd0000,0x00000007e92b0000)
  to   space 40576K, 0% used [0x00000007e45f0000,0x00000007e45f0000,0x00000007e6d90000)
 ParOldGen       total 211392K, used 170418K [0x0000000700600000, 0x000000070d470000, 0x00000007aacb0000)
  object space 211392K, 80% used [0x0000000700600000,0x000000070ac6c8c0,0x000000070d470000)
 PSPermGen       total 39616K, used 18230K [0x00000006fb400000, 0x00000006fdab0000, 0x0000000700600000)
  object space 39616K, 46% used [0x00000006fb400000,0x00000006fc5cdbf0,0x00000006fdab0000)
Event: 18.127 GC heap after
Heap after GC invocations=16 (full 3):
 PSYoungGen      total 983936K, used 699K [0x00000007aacb0000, 0x00000007f64e0000, 0x0000000800000000)
  eden space 943360K, 0% used [0x00000007aacb0000,0x00000007aacb0000,0x00000007e45f0000)
  from space 40576K, 1% used [0x00000007e45f0000,0x00000007e469eef0,0x00000007e6d90000)
  to   space 42112K, 0% used [0x00000007f3bc0000,0x00000007f3bc0000,0x00000007f64e0000)
 ParOldGen       total 211392K, used 170418K [0x0000000700600000, 0x000000070d470000, 0x00000007aacb0000)
  object space 211392K, 80% used [0x0000000700600000,0x000000070ac6c8c0,0x000000070d470000)
 PSPermGen       total 39616K, used 18230K [0x00000006fb400000, 0x00000006fdab0000, 0x0000000700600000)
  object space 39616K, 46% used [0x00000006fb400000,0x00000006fc5cdbf0,0x00000006fdab0000)
}
Event: 20.025 GC heap before
{Heap before GC invocations=17 (full 3):
 PSYoungGen      total 983936K, used 942260K [0x00000007aacb0000, 0x00000007f64e0000, 0x0000000800000000)
  eden space 943360K, 99% used [0x00000007aacb0000,0x00000007e442e3c8,0x00000007e45f0000)
  from space 40576K, 1% used [0x00000007e45f0000,0x00000007e469eef0,0x00000007e6d90000)
  to   space 42112K, 0% used [0x00000007f3bc0000,0x00000007f3bc0000,0x00000007f64e0000)
 ParOldGen       total 211392K, used 170418K [0x0000000700600000, 0x000000070d470000, 0x00000007aacb0000)
  object space 211392K, 80% used [0x0000000700600000,0x000000070ac6c8c0,0x000000070d470000)
 PSPermGen       total 39616K, used 18258K [0x00000006fb400000, 0x00000006fdab0000, 0x0000000700600000)
  object space 39616K, 46% used [0x00000006fb400000,0x00000006fc5d4ba8,0x00000006fdab0000)
Event: 20.034 GC heap after
Heap after GC invocations=17 (full 3):
 PSYoungGen      total 1173056K, used 28923K [0x00000007aacb0000, 0x00000007f5b70000, 0x0000000800000000)
  eden space 1140608K, 0% used [0x00000007aacb0000,0x00000007aacb0000,0x00000007f0690000)
  from space 32448K, 89% used [0x00000007f3bc0000,0x00000007f57fecf0,0x00000007f5b70000)
  to   space 43456K, 0% used [0x00000007f0690000,0x00000007f0690000,0x00000007f3100000)
 ParOldGen       total 211392K, used 170418K [0x0000000700600000, 0x000000070d470000, 0x00000007aacb0000)
  object space 211392K, 80% used [0x0000000700600000,0x000000070ac6c8c0,0x000000070d470000)
 PSPermGen       total 39616K, used 18258K [0x00000006fb400000, 0x00000006fdab0000, 0x0000000700600000)
  object space 39616K, 46% used [0x00000006fb400000,0x00000006fc5d4ba8,0x00000006fdab0000)
}
Event: 22.391 GC heap before
{Heap before GC invocations=18 (full 3):
 PSYoungGen      total 1173056K, used 1168068K [0x00000007aacb0000, 0x00000007f5b70000, 0x0000000800000000)
  eden space 1140608K, 99% used [0x00000007aacb0000,0x00000007f0522418,0x00000007f0690000)
  from space 32448K, 89% used [0x00000007f3bc0000,0x00000007f57fecf0,0x00000007f5b70000)
  to   space 43456K, 0% used [0x00000007f0690000,0x00000007f0690000,0x00000007f3100000)
 ParOldGen       total 211392K, used 175860K [0x0000000700600000, 0x000000070d470000, 0x00000007aacb0000)
  object space 211392K, 83% used [0x0000000700600000,0x000000070b1bd1a0,0x000000070d470000)
 PSPermGen       total 39616K, used 18264K [0x00000006fb400000, 0x00000006fdab0000, 0x0000000700600000)
  object space 39616K, 46% used [0x00000006fb400000,0x00000006fc5d6190,0x00000006fdab0000)
Event: 22.399 GC heap after
Heap after GC invocations=18 (full 3):
 PSYoungGen      total 1184064K, used 29302K [0x00000007aacb0000, 0x0000000800000000, 0x0000000800000000)
  eden space 1140608K, 0% used [0x00000007aacb0000,0x00000007aacb0000,0x00000007f0690000)
  from space 43456K, 67% used [0x00000007f0690000,0x00000007f232dbe0,0x00000007f3100000)
  to   space 44480K, 0% used [0x00000007fd490000,0x00000007fd490000,0x0000000800000000)
 ParOldGen       total 211392K, used 175860K [0x0000000700600000, 0x000000070d470000, 0x00000007aacb0000)
  object space 211392K, 83% used [0x0000000700600000,0x000000070b1bd1a0,0x000000070d470000)
 PSPermGen       total 39616K, used 18264K [0x00000006fb400000, 0x00000006fdab0000, 0x0000000700600000)
  object space 39616K, 46% used [0x00000006fb400000,0x00000006fc5d6190,0x00000006fdab0000)
}
Event: 24.858 GC heap before
{Heap before GC invocations=19 (full 4):
 PSYoungGen      total 1184064K, used 1169910K [0x00000007aacb0000, 0x0000000800000000, 0x0000000800000000)
  eden space 1140608K, 100% used [0x00000007aacb0000,0x00000007f0690000,0x00000007f0690000)
  from space 43456K, 67% used [0x00000007f0690000,0x00000007f232dbe0,0x00000007f3100000)
  to   space 44480K, 0% used [0x00000007fd490000,0x00000007fd490000,0x0000000800000000)
 ParOldGen       total 255232K, used 255095K [0x0000000700600000, 0x000000070ff40000, 0x00000007aacb0000)
  object space 255232K, 99% used [0x0000000700600000,0x000000070ff1dd20,0x000000070ff40000)
 PSPermGen       total 39616K, used 18270K [0x00000006fb400000, 0x00000006fdab0000, 0x0000000700600000)
  object space 39616K, 46% used [0x00000006fb400000,0x00000006fc5d7888,0x00000006fdab0000)
Event: 24.890 GC heap after
Heap after GC invocations=19 (full 4):
 PSYoungGen      total 1184064K, used 0K [0x00000007aacb0000, 0x0000000800000000, 0x0000000800000000)
  eden space 1140608K, 0% used [0x00000007aacb0000,0x00000007aacb0000,0x00000007f0690000)
  from space 43456K, 0% used [0x00000007f0690000,0x00000007f0690000,0x00000007f3100000)
  to   space 44480K, 0% used [0x00000007fd490000,0x00000007fd490000,0x0000000800000000)
 ParOldGen       total 274944K, used 44967K [0x0000000700600000, 0x0000000711280000, 0x00000007aacb0000)
  object space 274944K, 16% used [0x0000000700600000,0x00000007031e9f20,0x0000000711280000)
 PSPermGen       total 37568K, used 18269K [0x00000006fb400000, 0x00000006fd8b0000, 0x0000000700600000)
  object space 37568K, 48% used [0x00000006fb400000,0x00000006fc5d7708,0x00000006fd8b0000)
}

Deoptimization events (10 events):
Event: 3.335 Thread 0x000000000238e000 Uncommon trap 43 fr.pc 0x0000000002659e54
Event: 3.928 Thread 0x00000000149a5000 Uncommon trap -83 fr.pc 0x0000000002656a84
Event: 3.981 Thread 0x0000000014b60000 Uncommon trap -83 fr.pc 0x0000000002656634
Event: 4.039 Thread 0x0000000014b60000 Uncommon trap -83 fr.pc 0x000000000265f284
Event: 4.058 Thread 0x0000000014b60000 Uncommon trap -83 fr.pc 0x000000000260e0a8
Event: 4.123 Thread 0x0000000014b60000 Uncommon trap -83 fr.pc 0x000000000260cfbc
Event: 4.156 Thread 0x0000000014b60000 Uncommon trap -83 fr.pc 0x000000000267e758
Event: 8.792 Thread 0x00000000149a5000 Uncommon trap -83 fr.pc 0x00000000026db204
Event: 17.564 Thread 0x00000000147aa000 Uncommon trap -12 fr.pc 0x0000000002688938
Event: 25.059 Thread 0x00000000149a5000 Uncommon trap -83 fr.pc 0x00000000026f3918

Internal exceptions (10 events):
Event: 4.220 Thread 0x0000000014b60000 Threw 0x00000007ab63e588 at C:\jdk7u1_64p\jdk7u7\hotspot\src\share\vm\prims\jvm.cpp:1166
Event: 4.221 Thread 0x0000000014b60000 Threw 0x00000007ab6414a8 at C:\jdk7u1_64p\jdk7u7\hotspot\src\share\vm\prims\jvm.cpp:1166
Event: 4.223 Thread 0x0000000014b60000 Threw 0x00000007ab651910 at C:\jdk7u1_64p\jdk7u7\hotspot\src\share\vm\prims\jvm.cpp:1166
Event: 4.223 Thread 0x0000000014b60000 Threw 0x00000007ab654830 at C:\jdk7u1_64p\jdk7u7\hotspot\src\share\vm\prims\jvm.cpp:1166
Event: 4.225 Thread 0x0000000014b60000 Threw 0x00000007ab6579e0 at C:\jdk7u1_64p\jdk7u7\hotspot\src\share\vm\prims\jvm.cpp:1166
Event: 4.225 Thread 0x0000000014b60000 Threw 0x00000007ab65a900 at C:\jdk7u1_64p\jdk7u7\hotspot\src\share\vm\prims\jvm.cpp:1166
Event: 4.359 Thread 0x0000000014b60800 Threw 0x00000007aeafc140 at C:\jdk7u1_64p\jdk7u7\hotspot\src\share\vm\prims\jvm.cpp:1166
Event: 4.363 Thread 0x0000000014b60800 Threw 0x00000007aeb0c9d0 at C:\jdk7u1_64p\jdk7u7\hotspot\src\share\vm\prims\jvm.cpp:1166
Event: 4.566 Thread 0x0000000014b60800 Threw 0x00000007b28c2fe0 at C:\jdk7u1_64p\jdk7u7\hotspot\src\share\vm\prims\jvm.cpp:1166
Event: 17.563 Thread 0x00000000147aa000 Implicit null exception at 0x0000000002688638 to 0x000000000268892c

Events (10 events):
Event: 24.857 Executing VM operation: ParallelGCSystemGC
Event: 24.890 Executing VM operation: ParallelGCSystemGC done
Event: 25.058 loading class 0x0000000014abd6f0
Event: 25.058 loading class 0x0000000014abd6f0 done
Event: 25.058 loading class 0x00000000147af0e0
Event: 25.058 loading class 0x0000000014a52ff0
Event: 25.058 loading class 0x0000000014a52ff0 done
Event: 25.058 loading class 0x00000000147af0e0 done
Event: 25.059 Thread 0x00000000149a5000 DEOPT PACKING pc=0x00000000026f3918 sp=0x00000000208dcec0
Event: 25.059 Thread 0x00000000149a5000 DEOPT UNPACKING pc=0x00000000025c9164 sp=0x00000000208dce60 mode 2


Dynamic libraries:
0x000007f798e80000 - 0x000007f798eb4000 	F:\Program Files\Java\Jre7\bin\javaw.exe
0x000007ffd0010000 - 0x000007ffd01ce000 	C:\WINDOWS\SYSTEM32\ntdll.dll
0x000007ffcd650000 - 0x000007ffcd786000 	C:\WINDOWS\system32\KERNEL32.DLL
0x000007ffcd360000 - 0x000007ffcd453000 	C:\WINDOWS\system32\KERNELBASE.dll
0x000007ffcdad0000 - 0x000007ffcdbae000 	C:\WINDOWS\system32\ADVAPI32.dll
0x000007ffcf8a0000 - 0x000007ffcf9ec000 	C:\WINDOWS\system32\USER32.dll
0x000007ffca740000 - 0x000007ffca9a9000 	C:\WINDOWS\WinSxS\amd64_microsoft.windows.common-controls_6595b64144ccf1df_6.0.9200.16384_none_418c2a697189c07f\COMCTL32.dll
0x000007ffcd940000 - 0x000007ffcd9e5000 	C:\WINDOWS\system32\msvcrt.dll
0x000007ffcd460000 - 0x000007ffcd4a8000 	C:\WINDOWS\SYSTEM32\sechost.dll
0x000007ffcf760000 - 0x000007ffcf8a0000 	C:\WINDOWS\system32\RPCRT4.dll
0x000007ffcdec0000 - 0x000007ffce000000 	C:\WINDOWS\system32\GDI32.dll
0x000007ffcda90000 - 0x000007ffcdac9000 	C:\WINDOWS\system32\IMM32.DLL
0x000007ffcf9f0000 - 0x000007ffcfb05000 	C:\WINDOWS\system32\MSCTF.dll
0x000007ffccf00000 - 0x000007ffccf08000 	C:\PROGRA~2\NVIDIA~1\3DVISI~1\NVSTIN~1.DLL
0x000007ffcda80000 - 0x000007ffcda87000 	C:\WINDOWS\system32\PSAPI.DLL
0x0000000061700000 - 0x00000000617a3000 	C:\WINDOWS\WinSxS\amd64_microsoft.vc90.crt_1fc8b3b9a1e18e3b_9.0.30729.6871_none_08e717a5a83adddf\MSVCR90.dll
0x000000005f150000 - 0x000000005f221000 	F:\Program Files\Java\Jre7\bin\msvcr100.dll
0x000000005ea30000 - 0x000000005f14f000 	F:\Program Files\Java\Jre7\bin\server\jvm.dll
0x000007ffc53f0000 - 0x000007ffc53f9000 	C:\WINDOWS\SYSTEM32\WSOCK32.dll
0x000007ffca070000 - 0x000007ffca090000 	C:\WINDOWS\SYSTEM32\WINMM.dll
0x000007ffcffb0000 - 0x000007ffd0008000 	C:\WINDOWS\system32\WS2_32.dll
0x000007ffc9f70000 - 0x000007ffc9fa2000 	C:\WINDOWS\SYSTEM32\WINMMBASE.dll
0x000007ffcfb10000 - 0x000007ffcfb19000 	C:\WINDOWS\system32\NSI.dll
0x000000005ea20000 - 0x000000005ea2f000 	F:\Program Files\Java\Jre7\bin\verify.dll
0x000000005e9f0000 - 0x000000005ea18000 	F:\Program Files\Java\Jre7\bin\java.dll
0x000000005e9d0000 - 0x000000005e9e5000 	F:\Program Files\Java\Jre7\bin\zip.dll
0x000000005e7c0000 - 0x000000005e953000 	F:\Program Files\Java\Jre7\bin\awt.dll
0x000007ffcdbb0000 - 0x000007ffcdc73000 	C:\WINDOWS\system32\OLEAUT32.dll
0x000007ffcd790000 - 0x000007ffcd940000 	C:\WINDOWS\system32\combase.dll
0x000007ffc7130000 - 0x000007ffc71cf000 	C:\WINDOWS\system32\apphelp.dll
0x000007ffcbd00000 - 0x000007ffcbde3000 	C:\WINDOWS\system32\uxtheme.dll
0x000007ffc71e0000 - 0x000007ffc7275000 	C:\Program Files\Common Files\microsoft shared\ink\tiptsf.dll
0x000007ffcae20000 - 0x000007ffcae41000 	C:\WINDOWS\SYSTEM32\dwmapi.dll
0x000007ffce000000 - 0x000007ffce17e000 	C:\WINDOWS\system32\ole32.dll
0x000007ffccd70000 - 0x000007ffccd7a000 	C:\WINDOWS\SYSTEM32\CRYPTBASE.dll
0x000007ffcccf0000 - 0x000007ffccd4c000 	C:\WINDOWS\SYSTEM32\bcryptPrimitives.dll
0x000007ffce470000 - 0x000007ffcf758000 	C:\WINDOWS\system32\SHELL32.dll
0x000007ffcff60000 - 0x000007ffcffb0000 	C:\WINDOWS\system32\SHLWAPI.dll
0x000007ffcc0d0000 - 0x000007ffcc166000 	C:\WINDOWS\SYSTEM32\shcore.dll
0x00000000605d0000 - 0x0000000060668000 	C:\Windows\System32\msvcp100.dll
0x000007ffb1300000 - 0x000007ffb1558000 	C:\opencv\build\x64\vc10\bin\opencv_core243.dll
0x000007ffc3f70000 - 0x000007ffc4005000 	C:\Users\Jonas\AppData\Local\Temp\javacpp87753774787680\jniopencv_core.dll
0x000007ffb1050000 - 0x000007ffb12f5000 	C:\opencv\build\x64\vc10\bin\opencv_imgproc243.dll
0x000007ffc3f20000 - 0x000007ffc3f68000 	C:\Users\Jonas\AppData\Local\Temp\javacpp87753774787680\jniopencv_imgproc.dll
0x0000000066840000 - 0x00000000675ca000 	C:\opencv\build\x64\vc10\bin\opencv_ffmpeg243_64.dll
0x000007ffb0e00000 - 0x000007ffb104b000 	C:\opencv\build\x64\vc10\bin\opencv_highgui243.dll
0x000007ffc6800000 - 0x000007ffc6820000 	C:\WINDOWS\SYSTEM32\AVIFIL32.dll
0x000007ffc69e0000 - 0x000007ffc6a09000 	C:\WINDOWS\SYSTEM32\MSVFW32.dll
0x000007ffc6a10000 - 0x000007ffc6a27000 	C:\WINDOWS\SYSTEM32\AVICAP32.dll
0x000007ffba340000 - 0x000007ffba359000 	C:\WINDOWS\SYSTEM32\MSACM32.dll
0x000007ffcacb0000 - 0x000007ffcacb9000 	C:\WINDOWS\SYSTEM32\VERSION.dll
0x000007ffc3f00000 - 0x000007ffc3f13000 	C:\Users\Jonas\AppData\Local\Temp\javacpp87753774787680\jniopencv_highgui.dll
0x000007ffce1b0000 - 0x000007ffce246000 	C:\WINDOWS\SYSTEM32\clbcatq.dll
0x000007ffc3ee0000 - 0x000007ffc3ef7000 	C:\Windows\System32\devenum.dll
0x000007ffcdc80000 - 0x000007ffcde50000 	C:\WINDOWS\system32\setupapi.dll
0x000007ffcd020000 - 0x000007ffcd06f000 	C:\WINDOWS\system32\CFGMGR32.dll
0x000007ffccff0000 - 0x000007ffcd012000 	C:\WINDOWS\system32\DEVOBJ.dll
0x000007ffc5fd0000 - 0x000007ffc5ffe000 	C:\WINDOWS\SYSTEM32\ntmarta.dll
0x000007ffcd070000 - 0x000007ffcd0c5000 	C:\WINDOWS\system32\WINTRUST.dll
0x000007ffcd0d0000 - 0x000007ffcd2a7000 	C:\WINDOWS\system32\CRYPT32.dll
0x000007ffccfd0000 - 0x000007ffccfe6000 	C:\WINDOWS\system32\MSASN1.dll
0x000007ffc92d0000 - 0x000007ffc92dd000 	C:\WINDOWS\SYSTEM32\msdmo.dll
0x000007ffc3eb0000 - 0x000007ffc3edf000 	C:\Windows\System32\qcap.dll
0x000007ffb1900000 - 0x000007ffb1ab8000 	C:\Windows\System32\quartz.dll
0x000007ffc3e70000 - 0x000007ffc3eaf000 	C:\Windows\System32\ksproxy.ax
0x000007ffba390000 - 0x000007ffba397000 	C:\Windows\System32\ksuser.dll
0x000007ffbbc60000 - 0x000007ffbbe60000 	C:\Windows\System32\d3d9.dll
0x000007ffc68c0000 - 0x000007ffc68cc000 	C:\Windows\System32\vidcap.ax
0x000007ffc3e40000 - 0x000007ffc3e64000 	C:\Windows\System32\kswdmcap.ax
0x000007ffb0ca0000 - 0x000007ffb0df4000 	C:\Windows\System32\MFC42.dll
0x000007ffb9c50000 - 0x000007ffb9d0e000 	C:\Windows\System32\ODBC32.dll
0x000007ffb7f20000 - 0x000007ffb7fb5000 	C:\Windows\System32\qedit.dll
0x000007ffcfeb0000 - 0x000007ffcff51000 	C:\WINDOWS\system32\COMDLG32.dll
0x000007ffcd4b0000 - 0x000007ffcd650000 	C:\WINDOWS\WinSxS\amd64_microsoft.windows.gdiplus_6595b64144ccf1df_1.1.9200.16384_none_72771d4ecc1c3a4d\gdiplus.dll
0x000007ffb38f0000 - 0x000007ffb39da000 	C:\WINDOWS\SYSTEM32\DDRAW.dll
0x000007ffc7970000 - 0x000007ffc7978000 	C:\WINDOWS\SYSTEM32\DCIMAN32.dll
0x000000005e780000 - 0x000000005e7b4000 	F:\Program Files\Java\Jre7\bin\fontmanager.dll
0x000007ffb4b50000 - 0x000007ffb5cd0000 	C:\WINDOWS\SYSTEM32\nvd3dumx.dll
0x000007ffccdf0000 - 0x000007ffcce33000 	C:\WINDOWS\SYSTEM32\powrprof.dll
0x0000000180000000 - 0x0000000180116000 	C:\Program Files (x86)\NVIDIA Corporation\3D Vision\nvSCPAPI64.dll
0x000007ffca330000 - 0x000007ffca3a4000 	C:\WINDOWS\SYSTEM32\dxgi.dll
0x000007ffc9a40000 - 0x000007ffc9d02000 	C:\WINDOWS\SYSTEM32\nvapi64.dll
0x000007ffc9f50000 - 0x000007ffc9f6f000 	C:\WINDOWS\SYSTEM32\DXGIDebug.dll
0x000000005e9b0000 - 0x000000005e9c9000 	F:\Program Files\Java\Jre7\bin\net.dll
0x000007ffcc760000 - 0x000007ffcc7bc000 	C:\WINDOWS\system32\mswsock.dll
0x000000005e990000 - 0x000000005e9a1000 	F:\Program Files\Java\Jre7\bin\nio.dll
0x000000005e730000 - 0x000000005e771000 	F:\Program Files\Java\Jre7\bin\t2k.dll
0x000007ffca9b0000 - 0x000007ffcab3a000 	C:\WINDOWS\SYSTEM32\WindowsCodecs.dll
0x000007ffccf20000 - 0x000007ffccf35000 	C:\WINDOWS\SYSTEM32\profapi.dll
0x000007ffc8ca0000 - 0x000007ffc8d09000 	C:\WINDOWS\SYSTEM32\oleacc.dll
0x000000005e700000 - 0x000000005e72a000 	F:\Program Files\Java\Jre7\bin\dcpr.dll
0x000007ffb60d0000 - 0x000007ffb6233000 	C:\WINDOWS\SYSTEM32\dbghelp.dll

VM Arguments:
jvm_args: -Dfile.encoding=Cp1252 
java_command: emcscanner.kth.se.Program
Launcher Type: SUN_STANDARD

Environment Variables:
PATH=C:\Program Files (x86)\NVIDIA Corporation\PhysX\Common;C:\WINDOWS\system32;C:\WINDOWS;C:\WINDOWS\System32\Wbem;C:\WINDOWS\System32\WindowsPowerShell\v1.0\;C:\Program Files (x86)\Microsoft SQL Server\90\Tools\binn\;C:\Program Files (x86)\Autodesk\Backburner\;F:\Program Files\MATLAB\R2012a\runtime\win64;F:\Program Files\MATLAB\R2012a\bin;C:\Program Files\Internet Explorer;C:\Program Files\Perforce;F:\Program Files\Perforce;C:\Program Files\Microsoft\Web Platform Installer\;C:\Program Files (x86)\Microsoft ASP.NET\ASP.NET Web Pages\v1.0\;C:\Program Files (x86)\Windows Kits\8.0\Windows Performance Toolkit\;C:\Program Files\Microsoft SQL Server\110\Tools\Binn\;F:\Program Files\Perforce\Server
USERNAME=Jonas
OS=Windows_NT
PROCESSOR_IDENTIFIER=Intel64 Family 6 Model 42 Stepping 7, GenuineIntel



---------------  S Y S T E M  ---------------

OS: Windows 8 , 64 bit Build 9200 

CPU:total 8 (4 cores per cpu, 2 threads per core) family 6 model 42 stepping 7, cmov, cx8, fxsr, mmx, sse, sse2, sse3, ssse3, sse4.1, sse4.2, popcnt, avx, ht, tsc, tscinvbit

Memory: 4k page, physical 16751668k(10268528k free), swap 33528884k(24607776k free)

vm_info: Java HotSpot(TM) 64-Bit Server VM (23.3-b01) for windows-amd64 JRE (1.7.0_07-b11), built on Sep  7 2012 01:19:25 by "java_re" with unknown MS VC++:1600

time: Tue Feb 05 17:04:47 2013
elapsed time: 25 seconds

