#
# A fatal error has been detected by the Java Runtime Environment:
#
#  EXCEPTION_ACCESS_VIOLATION (0xc0000005) at pc=0x000007ffd0028bc0, pid=6892, tid=9052
#
# JRE version: 7.0_07-b11
# Java VM: Java HotSpot(TM) 64-Bit Server VM (23.3-b01 mixed mode windows-amd64 compressed oops)
# Problematic frame:
# C  [ntdll.dll+0x18bc0]  RtlQueueWorkItem+0x8a0
#
# Failed to write core dump. Minidumps are not enabled by default on client versions of Windows
#
# If you would like to submit a bug report, please visit:
#   http://bugreport.sun.com/bugreport/crash.jsp
# The crash happened outside the Java Virtual Machine in native code.
# See problematic frame for where to report the bug.
#

---------------  T H R E A D  ---------------

Current thread (0x0000000013771800):  JavaThread "threadDisplayCamera" daemon [_thread_in_native, id=9052, stack(0x0000000016310000,0x0000000016410000)]

siginfo: ExceptionCode=0xc0000005, writing address 0x0000000000000024

Registers:
RAX=0x0000000000000000, RBX=0x0000000014895068, RCX=0x00000000fffffffc, RDX=0x0000000000000a14
RSP=0x000000001640f120, RBP=0x0000000000000000, RSI=0x0000000000000a14, RDI=0x0000000000000000
R8 =0xffffffffffffffff, R9 =0x0000000000000004, R10=0x000007ff501e05e0, R11=0x0000000000000246
R12=0x0000000000000000, R13=0x0000000000000000, R14=0x000007f798b8c000, R15=0x0000000000000000
RIP=0x000007ffd0028bc0, EFLAGS=0x0000000000010213

Top of Stack: (sp=0x000000001640f120)
0x000000001640f120:   0000000000000a14 00000000025364f0
0x000000001640f130:   4082480000000000 0000000000000000
0x000000001640f140:   4090400000000000 0000000000000000
0x000000001640f150:   0000000000000000 0000000000000000
0x000000001640f160:   0000000000000000 0000000000000000
0x000000001640f170:   0000000000000000 0000000000000000
0x000000001640f180:   0000000000000000 000007ffcd3610ea
0x000000001640f190:   00000000022a0000 0000000000000010
0x000000001640f1a0:   00003d3db88654b6 000007ffd00157c0
0x000000001640f1b0:   0000000000000004 0000000000000001
0x000000001640f1c0:   0000000018c94050 00000000ff000000
0x000000001640f1d0:   0000000000000000 0000000000000000
0x000000001640f1e0:   000007f798b8c000 000007ffd001f4d4
0x000000001640f1f0:   0000000000000000 0000000000000000
0x000000001640f200:   0000000014895068 0000000000000000
0x000000001640f210:   0000000000000000 00000000137719d8 

Instructions: (pc=0x000007ffd0028bc0)
0x000007ffd0028ba0:   43 08 a8 01 0f 85 bd 67 ff ff 8b c8 2b cd f0 0f
0x000007ffd0028bb0:   b1 4b 08 75 ea 48 8b 03 33 ed 48 83 f8 ff 74 03
0x000007ffd0028bc0:   ff 40 24 41 bf 82 03 fe 7f 41 80 3f 00 0f 85 69
0x000007ffd0028bd0:   7a 0e 00 48 83 fe ff 0f 84 bf 7a 0e 00 4c 8b c7 


Register to memory mapping:

RAX=0x0000000000000000 is an unknown value
RBX=0x0000000014895068 is an unknown value
RCX=0x00000000fffffffc is an unknown value
RDX=0x0000000000000a14 is an unknown value
RSP=0x000000001640f120 is pointing into the stack for thread: 0x0000000013771800
RBP=0x0000000000000000 is an unknown value
RSI=0x0000000000000a14 is an unknown value
RDI=0x0000000000000000 is an unknown value
R8 =0xffffffffffffffff is an unknown value
R9 =0x0000000000000004 is an unknown value
R10=0x000007ff501e05e0 is an unknown value
R11=0x0000000000000246 is an unknown value
R12=0x0000000000000000 is an unknown value
R13=0x0000000000000000 is an unknown value
R14=0x000007f798b8c000 is an unknown value
R15=0x0000000000000000 is an unknown value


Stack: [0x0000000016310000,0x0000000016410000],  sp=0x000000001640f120,  free space=1020k
Native frames: (J=compiled Java code, j=interpreted, Vv=VM code, C=native code)
C  [ntdll.dll+0x18bc0]  RtlQueueWorkItem+0x8a0

[error occurred during error reporting (printing native stack), id 0xc0000005]

Java frames: (J=compiled Java code, j=interpreted, Vv=VM code)
j  com.googlecode.javacv.cpp.opencv_highgui.cvRetrieveFrame(Lcom/googlecode/javacv/cpp/opencv_highgui$CvCapture;I)Lcom/googlecode/javacv/cpp/opencv_core$IplImage;+0
j  com.googlecode.javacv.cpp.opencv_highgui.cvRetrieveFrame(Lcom/googlecode/javacv/cpp/opencv_highgui$CvCapture;)Lcom/googlecode/javacv/cpp/opencv_core$IplImage;+2
j  com.googlecode.javacv.OpenCVFrameGrabber.grab()Lcom/googlecode/javacv/cpp/opencv_core$IplImage;+4
j  emcscanner.kth.se.CameraPanel$1.run()V+15
v  ~StubRoutines::call_stub

---------------  P R O C E S S  ---------------

Java Threads: ( => current thread )
  0x000000001104e800 JavaThread "Thread-2" [_thread_in_native, id=8176, stack(0x0000000015710000,0x0000000015810000)]
  0x0000000011055800 JavaThread "Thread-0" daemon [_thread_in_native, id=4880, stack(0x0000000014380000,0x0000000014480000)]
  0x0000000011054000 JavaThread "ICEpdf-pagePainter" daemon [_thread_blocked, id=4744, stack(0x00000000257d0000,0x00000000258d0000)]
  0x000000001104f000 JavaThread "ICEpdf-pageInitializer" daemon [_thread_blocked, id=6624, stack(0x00000000255a0000,0x00000000256a0000)]
  0x0000000011052800 JavaThread "DestroyJavaVM" [_thread_blocked, id=1532, stack(0x0000000002320000,0x0000000002420000)]
  0x0000000011051000 JavaThread "TimerQueue" daemon [_thread_blocked, id=9148, stack(0x0000000024260000,0x0000000024360000)]
  0x0000000014b0a000 JavaThread "threadDisplayDensity" daemon [_thread_blocked, id=9076, stack(0x000000001f580000,0x000000001f680000)]
  0x0000000014b07800 JavaThread "AWT-EventQueue-0" [_thread_blocked, id=6948, stack(0x000000001d9a0000,0x000000001daa0000)]
  0x0000000014984800 JavaThread "threadDisplay" daemon [_thread_blocked, id=1440, stack(0x000000001d8a0000,0x000000001d9a0000)]
  0x0000000014632800 JavaThread "threadDisplay" daemon [_thread_blocked, id=8868, stack(0x000000001b730000,0x000000001b830000)]
  0x000000001478e000 JavaThread "AWT-Shutdown" [_thread_blocked, id=1568, stack(0x0000000016410000,0x0000000016510000)]
=>0x0000000013771800 JavaThread "threadDisplayCamera" daemon [_thread_in_native, id=9052, stack(0x0000000016310000,0x0000000016410000)]
  0x0000000013772800 JavaThread "AWT-Windows" daemon [_thread_in_native, id=8896, stack(0x0000000014050000,0x0000000014150000)]
  0x0000000013771000 JavaThread "Java2D Disposer" daemon [_thread_blocked, id=7720, stack(0x0000000013e50000,0x0000000013f50000)]
  0x000000001105a800 JavaThread "Service Thread" daemon [_thread_blocked, id=6748, stack(0x0000000013450000,0x0000000013550000)]
  0x0000000011051800 JavaThread "C2 CompilerThread1" daemon [_thread_blocked, id=8776, stack(0x0000000013350000,0x0000000013450000)]
  0x000000001104d000 JavaThread "C2 CompilerThread0" daemon [_thread_blocked, id=8220, stack(0x0000000013250000,0x0000000013350000)]
  0x0000000011048800 JavaThread "Attach Listener" daemon [_thread_blocked, id=8060, stack(0x0000000013150000,0x0000000013250000)]
  0x000000001103c000 JavaThread "Signal Dispatcher" daemon [_thread_blocked, id=5584, stack(0x0000000013050000,0x0000000013150000)]
  0x0000000010fdf800 JavaThread "Finalizer" daemon [_thread_blocked, id=8624, stack(0x0000000012f50000,0x0000000013050000)]
  0x0000000010fd8800 JavaThread "Reference Handler" daemon [_thread_blocked, id=3416, stack(0x0000000012e50000,0x0000000012f50000)]

Other Threads:
  0x0000000010fd3800 VMThread [stack: 0x0000000012d50000,0x0000000012e50000] [id=4204]
  0x000000001106d000 WatcherThread [stack: 0x0000000013550000,0x0000000013650000] [id=7636]

VM state:not at safepoint (normal execution)

VM Mutex/Monitor currently owned by a thread: None

Heap
 PSYoungGen      total 1329600K, used 746171K [0x00000007aacb0000, 0x0000000800000000, 0x0000000800000000)
  eden space 1293888K, 54% used [0x00000007aacb0000,0x00000007d6287d40,0x00000007f9c40000)
  from space 35712K, 99% used [0x00000007f9c40000,0x00000007fbf170d0,0x00000007fbf20000)
  to   space 51776K, 0% used [0x00000007fcd70000,0x00000007fcd70000,0x0000000800000000)
 ParOldGen       total 143424K, used 28607K [0x0000000700600000, 0x0000000709210000, 0x00000007aacb0000)
  object space 143424K, 19% used [0x0000000700600000,0x00000007021efe68,0x0000000709210000)
 PSPermGen       total 36736K, used 18349K [0x00000006fb400000, 0x00000006fd7e0000, 0x0000000700600000)
  object space 36736K, 49% used [0x00000006fb400000,0x00000006fc5eb7f0,0x00000006fd7e0000)

Card table byte_map: [0x00000000055f0000,0x0000000005e20000] byte_map_base: 0x0000000001e16000

Polling page: 0x00000000009b0000

Code Cache  [0x0000000002530000, 0x00000000027a0000, 0x0000000005530000)
 total_blobs=1060 nmethods=471 adapters=540 free_code_cache=47484Kb largest_free_block=48579520

Compilation events (10 events):
Event: 26.406 Thread 0x000000001104d000  484             java.awt.Rectangle::getBounds (24 bytes)
Event: 26.407 Thread 0x000000001104d000 nmethod 484 0x00000000026c8010 code [0x00000000026c8160, 0x00000000026c8238]
Event: 26.435 Thread 0x0000000011051800  485   !         javax.swing.JComponent::paintChildren (669 bytes)
Event: 26.491 Thread 0x0000000011051800 nmethod 485 0x00000000026d4190 code [0x00000000026d46a0, 0x00000000026d7f90]
Event: 27.042 Thread 0x000000001104d000  486             java.awt.Component::getForeground (29 bytes)
Event: 27.042 Thread 0x000000001104d000 nmethod 486 0x00000000026c7cd0 code [0x00000000026c7e20, 0x00000000026c7ee8]
Event: 27.077 Thread 0x0000000011051800  487             sun.java2d.loops.CompositeType::equals (29 bytes)
Event: 27.077 Thread 0x000000001104d000  488             sun.java2d.SurfaceData::getSourceSurfaceData (110 bytes)
Event: 27.077 Thread 0x0000000011051800 nmethod 487 0x00000000026c7a10 code [0x00000000026c7b60, 0x00000000026c7c18]
Event: 27.092 Thread 0x000000001104d000 nmethod 488 0x00000000026cd850 code [0x00000000026cdae0, 0x00000000026cebb0]

GC Heap History (10 events):
Event: 14.929 GC heap before
{Heap before GC invocations=14 (full 1):
 PSYoungGen      total 991552K, used 983042K [0x00000007aacb0000, 0x00000007eb830000, 0x0000000800000000)
  eden space 967296K, 99% used [0x00000007aacb0000,0x00000007e5d24e00,0x00000007e5d50000)
  from space 24256K, 65% used [0x00000007ea080000,0x00000007eb00bbe0,0x00000007eb830000)
  to   space 46528K, 0% used [0x00000007e5d50000,0x00000007e5d50000,0x00000007e8ac0000)
 ParOldGen       total 143424K, used 28383K [0x0000000700600000, 0x0000000709210000, 0x00000007aacb0000)
  object space 143424K, 19% used [0x0000000700600000,0x00000007021b7e08,0x0000000709210000)
 PSPermGen       total 36736K, used 18185K [0x00000006fb400000, 0x00000006fd7e0000, 0x0000000700600000)
  object space 36736K, 49% used [0x00000006fb400000,0x00000006fc5c27c8,0x00000006fd7e0000)
Event: 14.937 GC heap after
Heap after GC invocations=14 (full 1):
 PSYoungGen      total 1013824K, used 5857K [0x00000007aacb0000, 0x00000007fdd10000, 0x0000000800000000)
  eden space 967296K, 0% used [0x00000007aacb0000,0x00000007aacb0000,0x00000007e5d50000)
  from space 46528K, 12% used [0x00000007e5d50000,0x00000007e6308790,0x00000007e8ac0000)
  to   space 48704K, 0% used [0x00000007fad80000,0x00000007fad80000,0x00000007fdd10000)
 ParOldGen       total 143424K, used 28407K [0x0000000700600000, 0x0000000709210000, 0x00000007aacb0000)
  object space 143424K, 19% used [0x0000000700600000,0x00000007021bde08,0x0000000709210000)
 PSPermGen       total 36736K, used 18185K [0x00000006fb400000, 0x00000006fd7e0000, 0x0000000700600000)
  object space 36736K, 49% used [0x00000006fb400000,0x00000006fc5c27c8,0x00000006fd7e0000)
}
Event: 17.078 GC heap before
{Heap before GC invocations=15 (full 1):
 PSYoungGen      total 1013824K, used 971238K [0x00000007aacb0000, 0x00000007fdd10000, 0x0000000800000000)
  eden space 967296K, 99% used [0x00000007aacb0000,0x00000007e5b71288,0x00000007e5d50000)
  from space 46528K, 12% used [0x00000007e5d50000,0x00000007e6308790,0x00000007e8ac0000)
  to   space 48704K, 0% used [0x00000007fad80000,0x00000007fad80000,0x00000007fdd10000)
 ParOldGen       total 143424K, used 28407K [0x0000000700600000, 0x0000000709210000, 0x00000007aacb0000)
  object space 143424K, 19% used [0x0000000700600000,0x00000007021bde08,0x0000000709210000)
 PSPermGen       total 36736K, used 18213K [0x00000006fb400000, 0x00000006fd7e0000, 0x0000000700600000)
  object space 36736K, 49% used [0x00000006fb400000,0x00000006fc5c97f0,0x00000006fd7e0000)
Event: 17.088 GC heap after
Heap after GC invocations=15 (full 1):
 PSYoungGen      total 1280320K, used 36422K [0x00000007aacb0000, 0x00000007fd120000, 0x0000000800000000)
  eden space 1243840K, 0% used [0x00000007aacb0000,0x00000007aacb0000,0x00000007f6b60000)
  from space 36480K, 99% used [0x00000007fad80000,0x00000007fd111880,0x00000007fd120000)
  to   space 50112K, 0% used [0x00000007f6f40000,0x00000007f6f40000,0x00000007fa030000)
 ParOldGen       total 143424K, used 28583K [0x0000000700600000, 0x0000000709210000, 0x00000007aacb0000)
  object space 143424K, 19% used [0x0000000700600000,0x00000007021e9e68,0x0000000709210000)
 PSPermGen       total 36736K, used 18213K [0x00000006fb400000, 0x00000006fd7e0000, 0x0000000700600000)
  object space 36736K, 49% used [0x00000006fb400000,0x00000006fc5c97f0,0x00000006fd7e0000)
}
Event: 19.900 GC heap before
{Heap before GC invocations=16 (full 1):
 PSYoungGen      total 1280320K, used 1280071K [0x00000007aacb0000, 0x00000007fd120000, 0x0000000800000000)
  eden space 1243840K, 99% used [0x00000007aacb0000,0x00000007f6b306c0,0x00000007f6b60000)
  from space 36480K, 99% used [0x00000007fad80000,0x00000007fd111880,0x00000007fd120000)
  to   space 50112K, 0% used [0x00000007f6f40000,0x00000007f6f40000,0x00000007fa030000)
 ParOldGen       total 143424K, used 28583K [0x0000000700600000, 0x0000000709210000, 0x00000007aacb0000)
  object space 143424K, 19% used [0x0000000700600000,0x00000007021e9e68,0x0000000709210000)
 PSPermGen       total 36736K, used 18273K [0x00000006fb400000, 0x00000006fd7e0000, 0x0000000700600000)
  object space 36736K, 49% used [0x00000006fb400000,0x00000006fc5d8570,0x00000006fd7e0000)
Event: 19.904 GC heap after
Heap after GC invocations=16 (full 1):
 PSYoungGen      total 1297920K, used 16300K [0x00000007aacb0000, 0x0000000800000000, 0x0000000800000000)
  eden space 1247808K, 0% used [0x00000007aacb0000,0x00000007aacb0000,0x00000007f6f40000)
  from space 50112K, 32% used [0x00000007f6f40000,0x00000007f7f2b080,0x00000007fa030000)
  to   space 49792K, 0% used [0x00000007fcf60000,0x00000007fcf60000,0x0000000800000000)
 ParOldGen       total 143424K, used 28607K [0x0000000700600000, 0x0000000709210000, 0x00000007aacb0000)
  object space 143424K, 19% used [0x0000000700600000,0x00000007021efe68,0x0000000709210000)
 PSPermGen       total 36736K, used 18273K [0x00000006fb400000, 0x00000006fd7e0000, 0x0000000700600000)
  object space 36736K, 49% used [0x00000006fb400000,0x00000006fc5d8570,0x00000006fd7e0000)
}
Event: 22.575 GC heap before
{Heap before GC invocations=17 (full 1):
 PSYoungGen      total 1297920K, used 1263421K [0x00000007aacb0000, 0x0000000800000000, 0x0000000800000000)
  eden space 1247808K, 99% used [0x00000007aacb0000,0x00000007f6e943b8,0x00000007f6f40000)
  from space 50112K, 32% used [0x00000007f6f40000,0x00000007f7f2b080,0x00000007fa030000)
  to   space 49792K, 0% used [0x00000007fcf60000,0x00000007fcf60000,0x0000000800000000)
 ParOldGen       total 143424K, used 28607K [0x0000000700600000, 0x0000000709210000, 0x00000007aacb0000)
  object space 143424K, 19% used [0x0000000700600000,0x00000007021efe68,0x0000000709210000)
 PSPermGen       total 36736K, used 18292K [0x00000006fb400000, 0x00000006fd7e0000, 0x0000000700600000)
  object space 36736K, 49% used [0x00000006fb400000,0x00000006fc5dd258,0x00000006fd7e0000)
Event: 22.586 GC heap after
Heap after GC invocations=17 (full 1):
 PSYoungGen      total 1343680K, used 36296K [0x00000007aacb0000, 0x0000000800000000, 0x0000000800000000)
  eden space 1293888K, 0% used [0x00000007aacb0000,0x00000007aacb0000,0x00000007f9c40000)
  from space 49792K, 72% used [0x00000007fcf60000,0x00000007ff2d23e0,0x0000000800000000)
  to   space 51072K, 0% used [0x00000007f9c40000,0x00000007f9c40000,0x00000007fce20000)
 ParOldGen       total 143424K, used 28607K [0x0000000700600000, 0x0000000709210000, 0x00000007aacb0000)
  object space 143424K, 19% used [0x0000000700600000,0x00000007021efe68,0x0000000709210000)
 PSPermGen       total 36736K, used 18292K [0x00000006fb400000, 0x00000006fd7e0000, 0x0000000700600000)
  object space 36736K, 49% used [0x00000006fb400000,0x00000006fc5dd258,0x00000006fd7e0000)
}
Event: 25.729 GC heap before
{Heap before GC invocations=18 (full 1):
 PSYoungGen      total 1343680K, used 1329375K [0x00000007aacb0000, 0x0000000800000000, 0x0000000800000000)
  eden space 1293888K, 99% used [0x00000007aacb0000,0x00000007f9b75928,0x00000007f9c40000)
  from space 49792K, 72% used [0x00000007fcf60000,0x00000007ff2d23e0,0x0000000800000000)
  to   space 51072K, 0% used [0x00000007f9c40000,0x00000007f9c40000,0x00000007fce20000)
 ParOldGen       total 143424K, used 28607K [0x0000000700600000, 0x0000000709210000, 0x00000007aacb0000)
  object space 143424K, 19% used [0x0000000700600000,0x00000007021efe68,0x0000000709210000)
 PSPermGen       total 36736K, used 18320K [0x00000006fb400000, 0x00000006fd7e0000, 0x0000000700600000)
  object space 36736K, 49% used [0x00000006fb400000,0x00000006fc5e4018,0x00000006fd7e0000)
Event: 25.735 GC heap after
Heap after GC invocations=18 (full 1):
 PSYoungGen      total 1329600K, used 35676K [0x00000007aacb0000, 0x0000000800000000, 0x0000000800000000)
  eden space 1293888K, 0% used [0x00000007aacb0000,0x00000007aacb0000,0x00000007f9c40000)
  from space 35712K, 99% used [0x00000007f9c40000,0x00000007fbf170d0,0x00000007fbf20000)
  to   space 51776K, 0% used [0x00000007fcd70000,0x00000007fcd70000,0x0000000800000000)
 ParOldGen       total 143424K, used 28607K [0x0000000700600000, 0x0000000709210000, 0x00000007aacb0000)
  object space 143424K, 19% used [0x0000000700600000,0x00000007021efe68,0x0000000709210000)
 PSPermGen       total 36736K, used 18320K [0x00000006fb400000, 0x00000006fd7e0000, 0x0000000700600000)
  object space 36736K, 49% used [0x00000006fb400000,0x00000006fc5e4018,0x00000006fd7e0000)
}

Deoptimization events (10 events):
Event: 13.330 Thread 0x0000000014b07800 Uncommon trap -58 fr.pc 0x00000000026a2f34
Event: 13.335 Thread 0x0000000014b07800 Uncommon trap -58 fr.pc 0x00000000026a2f34
Event: 13.336 Thread 0x0000000014b07800 Uncommon trap -58 fr.pc 0x00000000026a2f34
Event: 14.212 Thread 0x0000000014b07800 Uncommon trap -12 fr.pc 0x000000000268b2c4
Event: 23.893 Thread 0x0000000014b07800 Uncommon trap -83 fr.pc 0x000000000268c9dc
Event: 23.919 Thread 0x0000000014b07800 Uncommon trap -83 fr.pc 0x00000000026b2a74
Event: 24.811 Thread 0x0000000014b07800 Uncommon trap -34 fr.pc 0x00000000026bfb40
Event: 24.811 Thread 0x0000000014b07800 Uncommon trap -34 fr.pc 0x00000000026bfb40
Event: 27.064 Thread 0x0000000014b07800 Uncommon trap -34 fr.pc 0x00000000026bfb40
Event: 27.064 Thread 0x0000000014b07800 Uncommon trap -34 fr.pc 0x00000000026bfb40

Internal exceptions (10 events):
Event: 4.324 Thread 0x000000001104f000 Threw 0x00000007ac356a00 at C:\jdk7u1_64p\jdk7u7\hotspot\src\share\vm\prims\jvm.cpp:1166
Event: 4.326 Thread 0x000000001104f000 Threw 0x00000007ac359bb0 at C:\jdk7u1_64p\jdk7u7\hotspot\src\share\vm\prims\jvm.cpp:1166
Event: 4.326 Thread 0x000000001104f000 Threw 0x00000007ac35cad0 at C:\jdk7u1_64p\jdk7u7\hotspot\src\share\vm\prims\jvm.cpp:1166
Event: 4.475 Thread 0x0000000011054000 Threw 0x00000007af032a20 at C:\jdk7u1_64p\jdk7u7\hotspot\src\share\vm\prims\jvm.cpp:1166
Event: 4.479 Thread 0x0000000011054000 Threw 0x00000007af0432b0 at C:\jdk7u1_64p\jdk7u7\hotspot\src\share\vm\prims\jvm.cpp:1166
Event: 4.682 Thread 0x0000000011054000 Threw 0x00000007b309ffe0 at C:\jdk7u1_64p\jdk7u7\hotspot\src\share\vm\prims\jvm.cpp:1166
Event: 9.273 Thread 0x0000000014632800 Implicit null exception at 0x000000000261ce38 to 0x000000000261d12c
Event: 11.110 Thread 0x0000000014b07800 Implicit null exception at 0x0000000002619de8 to 0x000000000261a005
Event: 13.310 Thread 0x0000000014b07800 Implicit null exception at 0x000000000261a788 to 0x000000000261aa55
Event: 14.212 Thread 0x0000000014b07800 Implicit null exception at 0x000000000268ae84 to 0x000000000268b2b9

Events (10 events):
Event: 25.855 Executing VM operation: RevokeBias done
Event: 25.856 Executing VM operation: RevokeBias
Event: 25.856 Executing VM operation: RevokeBias done
Event: 25.935 Executing VM operation: RevokeBias
Event: 25.936 Executing VM operation: RevokeBias done
Event: 26.318 Thread 0x000000001104d000 flushing nmethod 0x000000000268ab50
Event: 27.064 Thread 0x0000000014b07800 DEOPT PACKING pc=0x00000000026bfb40 sp=0x000000001da9cab0
Event: 27.064 Thread 0x0000000014b07800 DEOPT UNPACKING pc=0x0000000002569164 sp=0x000000001da9ca48 mode 2
Event: 27.064 Thread 0x0000000014b07800 DEOPT PACKING pc=0x00000000026bfb40 sp=0x000000001da9cab0
Event: 27.064 Thread 0x0000000014b07800 DEOPT UNPACKING pc=0x0000000002569164 sp=0x000000001da9ca48 mode 2


Dynamic libraries:
0x000007f798e80000 - 0x000007f798eb4000 	F:\Program Files\Java\Jre7\bin\javaw.exe
0x000007ffd0010000 - 0x000007ffd01ce000 	C:\WINDOWS\SYSTEM32\ntdll.dll
0x000007ffcd650000 - 0x000007ffcd786000 	C:\WINDOWS\system32\KERNEL32.DLL
0x000007ffcd360000 - 0x000007ffcd453000 	C:\WINDOWS\system32\KERNELBASE.dll
0x000007ffcdad0000 - 0x000007ffcdbae000 	C:\WINDOWS\system32\ADVAPI32.dll
0x000007ffcf8a0000 - 0x000007ffcf9ec000 	C:\WINDOWS\system32\USER32.dll
0x000007ffca740000 - 0x000007ffca9a9000 	C:\WINDOWS\WinSxS\amd64_microsoft.windows.common-controls_6595b64144ccf1df_6.0.9200.16384_none_418c2a697189c07f\COMCTL32.dll
0x000007ffcd940000 - 0x000007ffcd9e5000 	C:\WINDOWS\system32\msvcrt.dll
0x000007ffcd460000 - 0x000007ffcd4a8000 	C:\WINDOWS\SYSTEM32\sechost.dll
0x000007ffcf760000 - 0x000007ffcf8a0000 	C:\WINDOWS\system32\RPCRT4.dll
0x000007ffcdec0000 - 0x000007ffce000000 	C:\WINDOWS\system32\GDI32.dll
0x000007ffcda90000 - 0x000007ffcdac9000 	C:\WINDOWS\system32\IMM32.DLL
0x000007ffcf9f0000 - 0x000007ffcfb05000 	C:\WINDOWS\system32\MSCTF.dll
0x000007ffccf00000 - 0x000007ffccf08000 	C:\PROGRA~2\NVIDIA~1\3DVISI~1\NVSTIN~1.DLL
0x000007ffcda80000 - 0x000007ffcda87000 	C:\WINDOWS\system32\PSAPI.DLL
0x0000000061700000 - 0x00000000617a3000 	C:\WINDOWS\WinSxS\amd64_microsoft.vc90.crt_1fc8b3b9a1e18e3b_9.0.30729.6871_none_08e717a5a83adddf\MSVCR90.dll
0x000000005f150000 - 0x000000005f221000 	F:\Program Files\Java\Jre7\bin\msvcr100.dll
0x000000005ea30000 - 0x000000005f14f000 	F:\Program Files\Java\Jre7\bin\server\jvm.dll
0x000007ffc53f0000 - 0x000007ffc53f9000 	C:\WINDOWS\SYSTEM32\WSOCK32.dll
0x000007ffca070000 - 0x000007ffca090000 	C:\WINDOWS\SYSTEM32\WINMM.dll
0x000007ffcffb0000 - 0x000007ffd0008000 	C:\WINDOWS\system32\WS2_32.dll
0x000007ffc9f70000 - 0x000007ffc9fa2000 	C:\WINDOWS\SYSTEM32\WINMMBASE.dll
0x000007ffcfb10000 - 0x000007ffcfb19000 	C:\WINDOWS\system32\NSI.dll
0x000000005ea20000 - 0x000000005ea2f000 	F:\Program Files\Java\Jre7\bin\verify.dll
0x000000005e9f0000 - 0x000000005ea18000 	F:\Program Files\Java\Jre7\bin\java.dll
0x000000005e9d0000 - 0x000000005e9e5000 	F:\Program Files\Java\Jre7\bin\zip.dll
0x000000005e7c0000 - 0x000000005e953000 	F:\Program Files\Java\Jre7\bin\awt.dll
0x000007ffcdbb0000 - 0x000007ffcdc73000 	C:\WINDOWS\system32\OLEAUT32.dll
0x000007ffcd790000 - 0x000007ffcd940000 	C:\WINDOWS\system32\combase.dll
0x000007ffc7130000 - 0x000007ffc71cf000 	C:\WINDOWS\system32\apphelp.dll
0x000007ffcbd00000 - 0x000007ffcbde3000 	C:\WINDOWS\system32\uxtheme.dll
0x000007ffc71e0000 - 0x000007ffc7275000 	C:\Program Files\Common Files\microsoft shared\ink\tiptsf.dll
0x000007ffcae20000 - 0x000007ffcae41000 	C:\WINDOWS\SYSTEM32\dwmapi.dll
0x000007ffce000000 - 0x000007ffce17e000 	C:\WINDOWS\system32\ole32.dll
0x000007ffccd70000 - 0x000007ffccd7a000 	C:\WINDOWS\SYSTEM32\CRYPTBASE.dll
0x000007ffcccf0000 - 0x000007ffccd4c000 	C:\WINDOWS\SYSTEM32\bcryptPrimitives.dll
0x000007ffce470000 - 0x000007ffcf758000 	C:\WINDOWS\system32\SHELL32.dll
0x000007ffcff60000 - 0x000007ffcffb0000 	C:\WINDOWS\system32\SHLWAPI.dll
0x000007ffcc0d0000 - 0x000007ffcc166000 	C:\WINDOWS\SYSTEM32\shcore.dll
0x00000000605d0000 - 0x0000000060668000 	C:\Windows\System32\msvcp100.dll
0x000007ffb34d0000 - 0x000007ffb3728000 	C:\opencv\build\x64\vc10\bin\opencv_core243.dll
0x000007ffc3eb0000 - 0x000007ffc3f45000 	C:\Users\Jonas\AppData\Local\Temp\javacpp101662090602401\jniopencv_core.dll
0x000007ffb1440000 - 0x000007ffb16e5000 	C:\opencv\build\x64\vc10\bin\opencv_imgproc243.dll
0x000007ffc3e60000 - 0x000007ffc3ea8000 	C:\Users\Jonas\AppData\Local\Temp\javacpp101662090602401\jniopencv_imgproc.dll
0x0000000066840000 - 0x00000000675ca000 	C:\opencv\build\x64\vc10\bin\opencv_ffmpeg243_64.dll
0x000007ffb11f0000 - 0x000007ffb143b000 	C:\opencv\build\x64\vc10\bin\opencv_highgui243.dll
0x000007ffc9d70000 - 0x000007ffc9d90000 	C:\WINDOWS\SYSTEM32\AVIFIL32.dll
0x000007ffc69e0000 - 0x000007ffc6a09000 	C:\WINDOWS\SYSTEM32\MSVFW32.dll
0x000007ffc6a10000 - 0x000007ffc6a27000 	C:\WINDOWS\SYSTEM32\AVICAP32.dll
0x000007ffba340000 - 0x000007ffba359000 	C:\WINDOWS\SYSTEM32\MSACM32.dll
0x000007ffcacb0000 - 0x000007ffcacb9000 	C:\WINDOWS\SYSTEM32\VERSION.dll
0x000007ffc6800000 - 0x000007ffc6813000 	C:\Users\Jonas\AppData\Local\Temp\javacpp101662090602401\jniopencv_highgui.dll
0x000007ffce1b0000 - 0x000007ffce246000 	C:\WINDOWS\SYSTEM32\clbcatq.dll
0x000007ffc6790000 - 0x000007ffc67a7000 	C:\Windows\System32\devenum.dll
0x000007ffcdc80000 - 0x000007ffcde50000 	C:\WINDOWS\system32\setupapi.dll
0x000007ffcd020000 - 0x000007ffcd06f000 	C:\WINDOWS\system32\CFGMGR32.dll
0x000007ffccff0000 - 0x000007ffcd012000 	C:\WINDOWS\system32\DEVOBJ.dll
0x000007ffc5fd0000 - 0x000007ffc5ffe000 	C:\WINDOWS\SYSTEM32\ntmarta.dll
0x000007ffcd070000 - 0x000007ffcd0c5000 	C:\WINDOWS\system32\WINTRUST.dll
0x000007ffcd0d0000 - 0x000007ffcd2a7000 	C:\WINDOWS\system32\CRYPT32.dll
0x000007ffccfd0000 - 0x000007ffccfe6000 	C:\WINDOWS\system32\MSASN1.dll
0x000007ffc92d0000 - 0x000007ffc92dd000 	C:\WINDOWS\SYSTEM32\msdmo.dll
0x000007ffc3e30000 - 0x000007ffc3e5f000 	C:\Windows\System32\qcap.dll
0x000007ffb1900000 - 0x000007ffb1ab8000 	C:\Windows\System32\quartz.dll
0x000007ffbc4d0000 - 0x000007ffbc50f000 	C:\Windows\System32\ksproxy.ax
0x000007ffba390000 - 0x000007ffba397000 	C:\Windows\System32\ksuser.dll
0x000007ffbbc60000 - 0x000007ffbbe60000 	C:\Windows\System32\d3d9.dll
0x000007ffc7800000 - 0x000007ffc780c000 	C:\Windows\System32\vidcap.ax
0x000007ffbc4a0000 - 0x000007ffbc4c4000 	C:\Windows\System32\kswdmcap.ax
0x000007ffb6280000 - 0x000007ffb63d4000 	C:\Windows\System32\MFC42.dll
0x000007ffb9c50000 - 0x000007ffb9d0e000 	C:\Windows\System32\ODBC32.dll
0x000007ffb7f20000 - 0x000007ffb7fb5000 	C:\Windows\System32\qedit.dll
0x000007ffcfeb0000 - 0x000007ffcff51000 	C:\WINDOWS\system32\COMDLG32.dll
0x000007ffcd4b0000 - 0x000007ffcd650000 	C:\WINDOWS\WinSxS\amd64_microsoft.windows.gdiplus_6595b64144ccf1df_1.1.9200.16384_none_72771d4ecc1c3a4d\gdiplus.dll
0x000007ffb38f0000 - 0x000007ffb39da000 	C:\WINDOWS\SYSTEM32\DDRAW.dll
0x000007ffc7970000 - 0x000007ffc7978000 	C:\WINDOWS\SYSTEM32\DCIMAN32.dll
0x000000005e780000 - 0x000000005e7b4000 	F:\Program Files\Java\Jre7\bin\fontmanager.dll
0x000007ffb4b50000 - 0x000007ffb5cd0000 	C:\WINDOWS\SYSTEM32\nvd3dumx.dll
0x000007ffccdf0000 - 0x000007ffcce33000 	C:\WINDOWS\SYSTEM32\powrprof.dll
0x0000000180000000 - 0x0000000180116000 	C:\Program Files (x86)\NVIDIA Corporation\3D Vision\nvSCPAPI64.dll
0x000007ffca330000 - 0x000007ffca3a4000 	C:\WINDOWS\SYSTEM32\dxgi.dll
0x000007ffc9a40000 - 0x000007ffc9d02000 	C:\WINDOWS\SYSTEM32\nvapi64.dll
0x000007ffc9f50000 - 0x000007ffc9f6f000 	C:\WINDOWS\SYSTEM32\DXGIDebug.dll
0x000000005e9b0000 - 0x000000005e9c9000 	F:\Program Files\Java\Jre7\bin\net.dll
0x000007ffcc760000 - 0x000007ffcc7bc000 	C:\WINDOWS\system32\mswsock.dll
0x000000005e990000 - 0x000000005e9a1000 	F:\Program Files\Java\Jre7\bin\nio.dll
0x000000005e730000 - 0x000000005e771000 	F:\Program Files\Java\Jre7\bin\t2k.dll
0x000007ffca9b0000 - 0x000007ffcab3a000 	C:\WINDOWS\SYSTEM32\WindowsCodecs.dll
0x000007ffccf20000 - 0x000007ffccf35000 	C:\WINDOWS\SYSTEM32\profapi.dll
0x000007ffc8ca0000 - 0x000007ffc8d09000 	C:\WINDOWS\SYSTEM32\oleacc.dll
0x000000005e700000 - 0x000000005e72a000 	F:\Program Files\Java\Jre7\bin\dcpr.dll
0x000007ffb60d0000 - 0x000007ffb6233000 	C:\WINDOWS\SYSTEM32\dbghelp.dll

VM Arguments:
jvm_args: -Dfile.encoding=Cp1252 
java_command: emcscanner.kth.se.Program
Launcher Type: SUN_STANDARD

Environment Variables:
PATH=C:\Program Files (x86)\NVIDIA Corporation\PhysX\Common;C:\WINDOWS\system32;C:\WINDOWS;C:\WINDOWS\System32\Wbem;C:\WINDOWS\System32\WindowsPowerShell\v1.0\;C:\Program Files (x86)\Microsoft SQL Server\90\Tools\binn\;C:\Program Files (x86)\Autodesk\Backburner\;F:\Program Files\MATLAB\R2012a\runtime\win64;F:\Program Files\MATLAB\R2012a\bin;C:\Program Files\Internet Explorer;C:\Program Files\Perforce;F:\Program Files\Perforce;C:\Program Files\Microsoft\Web Platform Installer\;C:\Program Files (x86)\Microsoft ASP.NET\ASP.NET Web Pages\v1.0\;C:\Program Files (x86)\Windows Kits\8.0\Windows Performance Toolkit\;C:\Program Files\Microsoft SQL Server\110\Tools\Binn\;F:\Program Files\Perforce\Server
USERNAME=Jonas
OS=Windows_NT
PROCESSOR_IDENTIFIER=Intel64 Family 6 Model 42 Stepping 7, GenuineIntel



---------------  S Y S T E M  ---------------

OS: Windows 8 , 64 bit Build 9200 

CPU:total 8 (4 cores per cpu, 2 threads per core) family 6 model 42 stepping 7, cmov, cx8, fxsr, mmx, sse, sse2, sse3, ssse3, sse4.1, sse4.2, popcnt, avx, ht, tsc, tscinvbit

Memory: 4k page, physical 16751668k(10406552k free), swap 33528884k(24812008k free)

vm_info: Java HotSpot(TM) 64-Bit Server VM (23.3-b01) for windows-amd64 JRE (1.7.0_07-b11), built on Sep  7 2012 01:19:25 by "java_re" with unknown MS VC++:1600

time: Tue Feb 05 20:56:38 2013
elapsed time: 27 seconds

