#
# A fatal error has been detected by the Java Runtime Environment:
#
#  EXCEPTION_ACCESS_VIOLATION (0xc0000005) at pc=0x000007ff3c8d8bc0, pid=7440, tid=3036
#
# JRE version: 7.0_07-b11
# Java VM: Java HotSpot(TM) 64-Bit Server VM (23.3-b01 mixed mode windows-amd64 compressed oops)
# Problematic frame:
# C  [ntdll.dll+0x18bc0]  RtlQueueWorkItem+0x8a0
#
# Failed to write core dump. Minidumps are not enabled by default on client versions of Windows
#
# If you would like to submit a bug report, please visit:
#   http://bugreport.sun.com/bugreport/crash.jsp
# The crash happened outside the Java Virtual Machine in native code.
# See problematic frame for where to report the bug.
#

---------------  T H R E A D  ---------------

Current thread (0x00000000133dc000):  JavaThread "threadDisplay" daemon [_thread_in_native, id=3036, stack(0x000000001a270000,0x000000001a370000)]

siginfo: ExceptionCode=0xc0000005, writing address 0x0000000000000024

Registers:
RAX=0x0000000000000000, RBX=0x00000000135420e8, RCX=0x00000000fffffffc, RDX=0x0000000000000850
RSP=0x000000001a36f240, RBP=0x0000000000000000, RSI=0x0000000000000850, RDI=0x0000000000000000
R8 =0xffffffffffffffff, R9 =0x0000000000000004, R10=0x0000000000000000, R11=0x0000000000000246
R12=0x0000000000000000, R13=0x0000000000000000, R14=0x000007f7dbb70000, R15=0x0000000000000000
RIP=0x000007ff3c8d8bc0, EFLAGS=0x0000000000010213

Top of Stack: (sp=0x000000001a36f240)
0x000000001a36f240:   0000000000000850 00000000e265ca24
0x000000001a36f250:   000000001a36f250 00000006fb7bb361
0x000000001a36f260:   000000001a36f2b0 00000006fb7bd8b0
0x000000001a36f270:   0000000000000000 00000006fb7bb378
0x000000001a36f280:   0000000000000000 0000000000000000
0x000000001a36f290:   0000000000000000 0000000000000000
0x000000001a36f2a0:   0000000000000000 000007ff39a810ea
0x000000001a36f2b0:   00000000006f0000 0000000000000010
0x000000001a36f2c0:   0000ce902d7c0bfd 000007ff3c8c57c0
0x000000001a36f2d0:   0000000000000004 0000000000000001
0x000000001a36f2e0:   0000000019c73050 00000000ff000000
0x000000001a36f2f0:   0000000000000000 0000000000000000
0x000000001a36f300:   000007f7dbb70000 000007ff3c8cf4d4
0x000000001a36f310:   0000000000000000 0000000000000000
0x000000001a36f320:   00000000135420e8 00000000000005a0
0x000000001a36f330:   0000000000000000 00000000133dc1d8 

Instructions: (pc=0x000007ff3c8d8bc0)
0x000007ff3c8d8ba0:   43 08 a8 01 0f 85 bd 67 ff ff 8b c8 2b cd f0 0f
0x000007ff3c8d8bb0:   b1 4b 08 75 ea 48 8b 03 33 ed 48 83 f8 ff 74 03
0x000007ff3c8d8bc0:   ff 40 24 41 bf 82 03 fe 7f 41 80 3f 00 0f 85 69
0x000007ff3c8d8bd0:   7a 0e 00 48 83 fe ff 0f 84 bf 7a 0e 00 4c 8b c7 


Register to memory mapping:

RAX=0x0000000000000000 is an unknown value
RBX=0x00000000135420e8 is an unknown value
RCX=0x00000000fffffffc is an unknown value
RDX=0x0000000000000850 is an unknown value
RSP=0x000000001a36f240 is pointing into the stack for thread: 0x00000000133dc000
RBP=0x0000000000000000 is an unknown value
RSI=0x0000000000000850 is an unknown value
RDI=0x0000000000000000 is an unknown value
R8 =0xffffffffffffffff is an unknown value
R9 =0x0000000000000004 is an unknown value
R10=0x0000000000000000 is an unknown value
R11=0x0000000000000246 is an unknown value
R12=0x0000000000000000 is an unknown value
R13=0x0000000000000000 is an unknown value
R14=0x000007f7dbb70000 is an unknown value
R15=0x0000000000000000 is an unknown value


Stack: [0x000000001a270000,0x000000001a370000],  sp=0x000000001a36f240,  free space=1020k
Native frames: (J=compiled Java code, j=interpreted, Vv=VM code, C=native code)
C  [ntdll.dll+0x18bc0]  RtlQueueWorkItem+0x8a0

[error occurred during error reporting (printing native stack), id 0xc0000005]

Java frames: (J=compiled Java code, j=interpreted, Vv=VM code)
j  com.googlecode.javacv.cpp.opencv_highgui.cvRetrieveFrame(Lcom/googlecode/javacv/cpp/opencv_highgui$CvCapture;I)Lcom/googlecode/javacv/cpp/opencv_core$IplImage;+0
j  com.googlecode.javacv.cpp.opencv_highgui.cvRetrieveFrame(Lcom/googlecode/javacv/cpp/opencv_highgui$CvCapture;)Lcom/googlecode/javacv/cpp/opencv_core$IplImage;+2
j  com.googlecode.javacv.OpenCVFrameGrabber.grab()Lcom/googlecode/javacv/cpp/opencv_core$IplImage;+4
j  emcscanner.kth.se.CameraPanel$1.run()V+7
v  ~StubRoutines::call_stub

---------------  P R O C E S S  ---------------

Java Threads: ( => current thread )
  0x0000000015d99800 JavaThread "Thread-2" [_thread_in_native, id=1552, stack(0x0000000016cd0000,0x0000000016dd0000)]
  0x0000000015d9a000 JavaThread "Thread-0" daemon [_thread_in_native, id=5296, stack(0x0000000016bd0000,0x0000000016cd0000)]
  0x000000001d456800 JavaThread "ICEpdf-pagePainter" daemon [_thread_blocked, id=6396, stack(0x0000000023c00000,0x0000000023d00000)]
  0x000000001d1f9800 JavaThread "ICEpdf-pageInitializer" daemon [_thread_blocked, id=7220, stack(0x00000000239c0000,0x0000000023ac0000)]
  0x00000000006fe000 JavaThread "DestroyJavaVM" [_thread_blocked, id=6392, stack(0x0000000002020000,0x0000000002120000)]
  0x0000000015e6c000 JavaThread "TimerQueue" daemon [_thread_blocked, id=7552, stack(0x000000001fc80000,0x000000001fd80000)]
  0x0000000015c5b000 JavaThread "AWT-EventQueue-0" [_thread_blocked, id=7680, stack(0x000000001fb80000,0x000000001fc80000)]
  0x000000001585a000 JavaThread "threadDisplay" daemon [_thread_in_native, id=8076, stack(0x000000001fa80000,0x000000001fb80000)]
  0x0000000013546800 JavaThread "AWT-Shutdown" [_thread_blocked, id=6620, stack(0x000000001a370000,0x000000001a470000)]
=>0x00000000133dc000 JavaThread "threadDisplay" daemon [_thread_in_native, id=3036, stack(0x000000001a270000,0x000000001a370000)]
  0x00000000133dd000 JavaThread "AWT-Windows" daemon [_thread_in_native, id=2192, stack(0x0000000013c70000,0x0000000013d70000)]
  0x0000000013408800 JavaThread "Java2D Disposer" daemon [_thread_blocked, id=6400, stack(0x0000000013a70000,0x0000000013b70000)]
  0x0000000010c87800 JavaThread "Service Thread" daemon [_thread_blocked, id=6660, stack(0x0000000013070000,0x0000000013170000)]
  0x0000000010c7c000 JavaThread "C2 CompilerThread1" daemon [_thread_blocked, id=3632, stack(0x0000000012f70000,0x0000000013070000)]
  0x0000000010c79800 JavaThread "C2 CompilerThread0" daemon [_thread_blocked, id=2736, stack(0x0000000012e70000,0x0000000012f70000)]
  0x0000000010c78800 JavaThread "Attach Listener" daemon [_thread_blocked, id=5476, stack(0x0000000012d70000,0x0000000012e70000)]
  0x0000000010c6b800 JavaThread "Signal Dispatcher" daemon [_thread_blocked, id=3548, stack(0x0000000012c70000,0x0000000012d70000)]
  0x0000000010c0f800 JavaThread "Finalizer" daemon [_thread_blocked, id=2456, stack(0x0000000012b70000,0x0000000012c70000)]
  0x0000000010c08800 JavaThread "Reference Handler" daemon [_thread_blocked, id=6692, stack(0x0000000012a70000,0x0000000012b70000)]

Other Threads:
  0x0000000010c03800 VMThread [stack: 0x0000000012970000,0x0000000012a70000] [id=6728]
  0x0000000010ca9800 WatcherThread [stack: 0x0000000013170000,0x0000000013270000] [id=8144]

VM state:not at safepoint (normal execution)

VM Mutex/Monitor currently owned by a thread: None

Heap
 PSYoungGen      total 156608K, used 138643K [0x00000007aacb0000, 0x00000007b7450000, 0x0000000800000000)
  eden space 114368K, 96% used [0x00000007aacb0000,0x00000007b17fdbd0,0x00000007b1c60000)
  from space 42240K, 68% used [0x00000007b4770000,0x00000007b63872a0,0x00000007b70b0000)
  to   space 44096K, 0% used [0x00000007b1c60000,0x00000007b1c60000,0x00000007b4770000)
 ParOldGen       total 174528K, used 61329K [0x0000000700600000, 0x000000070b070000, 0x00000007aacb0000)
  object space 174528K, 35% used [0x0000000700600000,0x00000007041e46d8,0x000000070b070000)
 PSPermGen       total 21248K, used 17920K [0x00000006fb400000, 0x00000006fc8c0000, 0x0000000700600000)
  object space 21248K, 84% used [0x00000006fb400000,0x00000006fc580238,0x00000006fc8c0000)

Card table byte_map: [0x0000000005220000,0x0000000005a50000] byte_map_base: 0x0000000001a46000

Polling page: 0x00000000006c0000

Code Cache  [0x0000000002220000, 0x0000000002490000, 0x0000000005220000)
 total_blobs=861 nmethods=272 adapters=540 free_code_cache=47781Kb largest_free_block=48885184

Compilation events (10 events):
Event: 7.453 Thread 0x0000000010c79800  267             java.lang.Integer::intValue (5 bytes)
Event: 7.453 Thread 0x0000000010c79800 nmethod 267 0x00000000022c0590 code [0x00000000022c06c0, 0x00000000022c0718]
Event: 7.567 Thread 0x0000000010c7c000  268             java.util.IdentityHashMap::clear (39 bytes)
Event: 7.568 Thread 0x0000000010c7c000 nmethod 268 0x00000000022bfb90 code [0x00000000022bfcc0, 0x00000000022bfdf8]
Event: 8.173 Thread 0x0000000010c79800  269             javax.swing.JComponent::contains (27 bytes)
Event: 8.174 Thread 0x0000000010c79800 nmethod 269 0x0000000002375f10 code [0x0000000002376040, 0x00000000023760d8]
Event: 8.309 Thread 0x0000000010c7c000  270             java.awt.AWTEvent::getID (5 bytes)
Event: 8.309 Thread 0x0000000010c7c000 nmethod 270 0x0000000002375d10 code [0x0000000002375e40, 0x0000000002375e98]
Event: 8.322 Thread 0x0000000010c79800  271             java.util.IdentityHashMap$IdentityHashMapIterator::hasNext (50 bytes)
Event: 8.323 Thread 0x0000000010c79800 nmethod 271 0x0000000002375950 code [0x0000000002375a80, 0x0000000002375c38]

GC Heap History (10 events):
Event: 6.358 GC heap before
{Heap before GC invocations=4 (full 0):
 PSYoungGen      total 76352K, used 72785K [0x00000007aacb0000, 0x00000007b01e0000, 0x0000000800000000)
  eden space 65472K, 98% used [0x00000007aacb0000,0x00000007aeba6770,0x00000007aeca0000)
  from space 10880K, 76% used [0x00000007aeca0000,0x00000007af4bdf60,0x00000007af740000)
  to   space 10880K, 0% used [0x00000007af740000,0x00000007af740000,0x00000007b01e0000)
 ParOldGen       total 174528K, used 33527K [0x0000000700600000, 0x000000070b070000, 0x00000007aacb0000)
  object space 174528K, 19% used [0x0000000700600000,0x00000007026bdd40,0x000000070b070000)
 PSPermGen       total 21248K, used 17881K [0x00000006fb400000, 0x00000006fc8c0000, 0x0000000700600000)
  object space 21248K, 84% used [0x00000006fb400000,0x00000006fc5765e8,0x00000006fc8c0000)
Event: 6.366 GC heap after
Heap after GC invocations=4 (full 0):
 PSYoungGen      total 76352K, used 8311K [0x00000007aacb0000, 0x00000007b01e0000, 0x0000000800000000)
  eden space 65472K, 0% used [0x00000007aacb0000,0x00000007aacb0000,0x00000007aeca0000)
  from space 10880K, 76% used [0x00000007af740000,0x00000007aff5df60,0x00000007b01e0000)
  to   space 10880K, 0% used [0x00000007aeca0000,0x00000007aeca0000,0x00000007af740000)
 ParOldGen       total 174528K, used 51752K [0x0000000700600000, 0x000000070b070000, 0x00000007aacb0000)
  object space 174528K, 29% used [0x0000000700600000,0x000000070388a170,0x000000070b070000)
 PSPermGen       total 21248K, used 17881K [0x00000006fb400000, 0x00000006fc8c0000, 0x0000000700600000)
  object space 21248K, 84% used [0x00000006fb400000,0x00000006fc5765e8,0x00000006fc8c0000)
}
Event: 6.780 GC heap before
{Heap before GC invocations=5 (full 0):
 PSYoungGen      total 76352K, used 70018K [0x00000007aacb0000, 0x00000007b01e0000, 0x0000000800000000)
  eden space 65472K, 94% used [0x00000007aacb0000,0x00000007ae8f28b8,0x00000007aeca0000)
  from space 10880K, 76% used [0x00000007af740000,0x00000007aff5df60,0x00000007b01e0000)
  to   space 10880K, 0% used [0x00000007aeca0000,0x00000007aeca0000,0x00000007af740000)
 ParOldGen       total 174528K, used 51752K [0x0000000700600000, 0x000000070b070000, 0x00000007aacb0000)
  object space 174528K, 29% used [0x0000000700600000,0x000000070388a170,0x000000070b070000)
 PSPermGen       total 21248K, used 17887K [0x00000006fb400000, 0x00000006fc8c0000, 0x0000000700600000)
  object space 21248K, 84% used [0x00000006fb400000,0x00000006fc577e70,0x00000006fc8c0000)
Event: 6.784 GC heap after
Heap after GC invocations=5 (full 0):
 PSYoungGen      total 74752K, used 8519K [0x00000007aacb0000, 0x00000007b34f0000, 0x0000000800000000)
  eden space 63872K, 0% used [0x00000007aacb0000,0x00000007aacb0000,0x00000007aeb10000)
  from space 10880K, 78% used [0x00000007aeca0000,0x00000007af4f1f70,0x00000007af740000)
  to   space 37824K, 0% used [0x00000007b1000000,0x00000007b1000000,0x00000007b34f0000)
 ParOldGen       total 174528K, used 51752K [0x0000000700600000, 0x000000070b070000, 0x00000007aacb0000)
  object space 174528K, 29% used [0x0000000700600000,0x000000070388a170,0x000000070b070000)
 PSPermGen       total 21248K, used 17887K [0x00000006fb400000, 0x00000006fc8c0000, 0x0000000700600000)
  object space 21248K, 84% used [0x00000006fb400000,0x00000006fc577e70,0x00000006fc8c0000)
}
Event: 7.180 GC heap before
{Heap before GC invocations=6 (full 0):
 PSYoungGen      total 74752K, used 72320K [0x00000007aacb0000, 0x00000007b34f0000, 0x0000000800000000)
  eden space 63872K, 99% used [0x00000007aacb0000,0x00000007aeafe108,0x00000007aeb10000)
  from space 10880K, 78% used [0x00000007aeca0000,0x00000007af4f1f70,0x00000007af740000)
  to   space 37824K, 0% used [0x00000007b1000000,0x00000007b1000000,0x00000007b34f0000)
 ParOldGen       total 174528K, used 51752K [0x0000000700600000, 0x000000070b070000, 0x00000007aacb0000)
  object space 174528K, 29% used [0x0000000700600000,0x000000070388a170,0x000000070b070000)
 PSPermGen       total 21248K, used 17887K [0x00000006fb400000, 0x00000006fc8c0000, 0x0000000700600000)
  object space 21248K, 84% used [0x00000006fb400000,0x00000006fc577fe0,0x00000006fc8c0000)
Event: 7.189 GC heap after
Heap after GC invocations=6 (full 0):
 PSYoungGen      total 95936K, used 31404K [0x00000007aacb0000, 0x00000007b7e90000, 0x0000000800000000)
  eden space 58112K, 0% used [0x00000007aacb0000,0x00000007aacb0000,0x00000007ae570000)
  from space 37824K, 83% used [0x00000007b1000000,0x00000007b2eab340,0x00000007b34f0000)
  to   space 43584K, 0% used [0x00000007ae570000,0x00000007ae570000,0x00000007b1000000)
 ParOldGen       total 174528K, used 51752K [0x0000000700600000, 0x000000070b070000, 0x00000007aacb0000)
  object space 174528K, 29% used [0x0000000700600000,0x000000070388a170,0x000000070b070000)
 PSPermGen       total 21248K, used 17887K [0x00000006fb400000, 0x00000006fc8c0000, 0x0000000700600000)
  object space 21248K, 84% used [0x00000006fb400000,0x00000006fc577fe0,0x00000006fc8c0000)
}
Event: 7.556 GC heap before
{Heap before GC invocations=7 (full 0):
 PSYoungGen      total 95936K, used 88762K [0x00000007aacb0000, 0x00000007b7e90000, 0x0000000800000000)
  eden space 58112K, 98% used [0x00000007aacb0000,0x00000007ae4b35a8,0x00000007ae570000)
  from space 37824K, 83% used [0x00000007b1000000,0x00000007b2eab340,0x00000007b34f0000)
  to   space 43584K, 0% used [0x00000007ae570000,0x00000007ae570000,0x00000007b1000000)
 ParOldGen       total 174528K, used 51752K [0x0000000700600000, 0x000000070b070000, 0x00000007aacb0000)
  object space 174528K, 29% used [0x0000000700600000,0x000000070388a170,0x000000070b070000)
 PSPermGen       total 21248K, used 17888K [0x00000006fb400000, 0x00000006fc8c0000, 0x0000000700600000)
  object space 21248K, 84% used [0x00000006fb400000,0x00000006fc578270,0x00000006fc8c0000)
Event: 7.562 GC heap after
Heap after GC invocations=7 (full 0):
 PSYoungGen      total 101696K, used 21962K [0x00000007aacb0000, 0x00000007b70b0000, 0x0000000800000000)
  eden space 58112K, 0% used [0x00000007aacb0000,0x00000007aacb0000,0x00000007ae570000)
  from space 43584K, 50% used [0x00000007ae570000,0x00000007afae2900,0x00000007b1000000)
  to   space 42240K, 0% used [0x00000007b4770000,0x00000007b4770000,0x00000007b70b0000)
 ParOldGen       total 174528K, used 61281K [0x0000000700600000, 0x000000070b070000, 0x00000007aacb0000)
  object space 174528K, 35% used [0x0000000700600000,0x00000007041d86d8,0x000000070b070000)
 PSPermGen       total 21248K, used 17888K [0x00000006fb400000, 0x00000006fc8c0000, 0x0000000700600000)
  object space 21248K, 84% used [0x00000006fb400000,0x00000006fc578270,0x00000006fc8c0000)
}
Event: 7.933 GC heap before
{Heap before GC invocations=8 (full 0):
 PSYoungGen      total 101696K, used 79181K [0x00000007aacb0000, 0x00000007b70b0000, 0x0000000800000000)
  eden space 58112K, 98% used [0x00000007aacb0000,0x00000007ae490be0,0x00000007ae570000)
  from space 43584K, 50% used [0x00000007ae570000,0x00000007afae2900,0x00000007b1000000)
  to   space 42240K, 0% used [0x00000007b4770000,0x00000007b4770000,0x00000007b70b0000)
 ParOldGen       total 174528K, used 61281K [0x0000000700600000, 0x000000070b070000, 0x00000007aacb0000)
  object space 174528K, 35% used [0x0000000700600000,0x00000007041d86d8,0x000000070b070000)
 PSPermGen       total 21248K, used 17889K [0x00000006fb400000, 0x00000006fc8c0000, 0x0000000700600000)
  object space 21248K, 84% used [0x00000006fb400000,0x00000006fc578580,0x00000006fc8c0000)
Event: 7.940 GC heap after
Heap after GC invocations=8 (full 0):
 PSYoungGen      total 156608K, used 28764K [0x00000007aacb0000, 0x00000007b7450000, 0x0000000800000000)
  eden space 114368K, 0% used [0x00000007aacb0000,0x00000007aacb0000,0x00000007b1c60000)
  from space 42240K, 68% used [0x00000007b4770000,0x00000007b63872a0,0x00000007b70b0000)
  to   space 44096K, 0% used [0x00000007b1c60000,0x00000007b1c60000,0x00000007b4770000)
 ParOldGen       total 174528K, used 61329K [0x0000000700600000, 0x000000070b070000, 0x00000007aacb0000)
  object space 174528K, 35% used [0x0000000700600000,0x00000007041e46d8,0x000000070b070000)
 PSPermGen       total 21248K, used 17889K [0x00000006fb400000, 0x00000006fc8c0000, 0x0000000700600000)
  object space 21248K, 84% used [0x00000006fb400000,0x00000006fc578580,0x00000006fc8c0000)
}

Deoptimization events (9 events):
Event: 2.770 Thread 0x00000000006fe000 Uncommon trap -83 fr.pc 0x00000000022bfef8
Event: 2.770 Thread 0x00000000006fe000 Uncommon trap -83 fr.pc 0x00000000022c0a7c
Event: 3.247 Thread 0x00000000006fe000 Uncommon trap 43 fr.pc 0x00000000022dcf24
Event: 3.728 Thread 0x0000000015c5b000 Uncommon trap -83 fr.pc 0x00000000022e3c84
Event: 3.783 Thread 0x000000001d1f9800 Uncommon trap -83 fr.pc 0x00000000022e3874
Event: 3.832 Thread 0x000000001d1f9800 Uncommon trap -83 fr.pc 0x00000000022e34c4
Event: 3.847 Thread 0x000000001d1f9800 Uncommon trap -83 fr.pc 0x000000000231a468
Event: 3.903 Thread 0x000000001d1f9800 Uncommon trap -83 fr.pc 0x000000000231854c
Event: 3.933 Thread 0x000000001d1f9800 Uncommon trap -83 fr.pc 0x0000000002306c98

Internal exceptions (10 events):
Event: 3.944 Thread 0x000000001d1f9800 Threw 0x00000007ae7390e8 at C:\jdk7u1_64p\jdk7u7\hotspot\src\share\vm\prims\jvm.cpp:1166
Event: 3.979 Thread 0x000000001d1f9800 Threw 0x00000007ae870140 at C:\jdk7u1_64p\jdk7u7\hotspot\src\share\vm\prims\jvm.cpp:1166
Event: 3.979 Thread 0x000000001d1f9800 Threw 0x00000007ae872f10 at C:\jdk7u1_64p\jdk7u7\hotspot\src\share\vm\prims\jvm.cpp:1166
Event: 3.981 Thread 0x000000001d1f9800 Threw 0x00000007ae883378 at C:\jdk7u1_64p\jdk7u7\hotspot\src\share\vm\prims\jvm.cpp:1166
Event: 3.982 Thread 0x000000001d1f9800 Threw 0x00000007ae886148 at C:\jdk7u1_64p\jdk7u7\hotspot\src\share\vm\prims\jvm.cpp:1166
Event: 3.983 Thread 0x000000001d1f9800 Threw 0x00000007ae8892f8 at C:\jdk7u1_64p\jdk7u7\hotspot\src\share\vm\prims\jvm.cpp:1166
Event: 3.983 Thread 0x000000001d1f9800 Threw 0x00000007ae88c0c8 at C:\jdk7u1_64p\jdk7u7\hotspot\src\share\vm\prims\jvm.cpp:1166
Event: 4.121 Thread 0x000000001d456800 Threw 0x00000007ab4129e8 at C:\jdk7u1_64p\jdk7u7\hotspot\src\share\vm\prims\jvm.cpp:1166
Event: 4.125 Thread 0x000000001d456800 Threw 0x00000007ab423278 at C:\jdk7u1_64p\jdk7u7\hotspot\src\share\vm\prims\jvm.cpp:1166
Event: 4.327 Thread 0x000000001d456800 Threw 0x00000007abf06588 at C:\jdk7u1_64p\jdk7u7\hotspot\src\share\vm\prims\jvm.cpp:1166

Events (10 events):
Event: 7.562 Executing VM operation: ParallelGCFailedAllocation done
Event: 7.767 Thread 0x0000000015859000 Thread exited: 0x0000000015859000
Event: 7.933 Executing VM operation: ParallelGCFailedAllocation
Event: 7.940 Executing VM operation: ParallelGCFailedAllocation done
Event: 8.549 loading class 0x0000000015bcab80
Event: 8.549 loading class 0x0000000015bcab80 done
Event: 8.549 loading class 0x000000001341c8d0
Event: 8.550 loading class 0x000000001cac18e0
Event: 8.550 loading class 0x000000001cac18e0 done
Event: 8.550 loading class 0x000000001341c8d0 done


Dynamic libraries:
0x000007f7dc190000 - 0x000007f7dc1c4000 	F:\Program Files\Java\Jre7\bin\javaw.exe
0x000007ff3c8c0000 - 0x000007ff3ca7e000 	C:\WINDOWS\SYSTEM32\ntdll.dll
0x000007ff3a840000 - 0x000007ff3a976000 	C:\WINDOWS\system32\KERNEL32.DLL
0x000007ff39a80000 - 0x000007ff39b73000 	C:\WINDOWS\system32\KERNELBASE.dll
0x000007ff3ae10000 - 0x000007ff3aeee000 	C:\WINDOWS\system32\ADVAPI32.dll
0x000007ff39f70000 - 0x000007ff3a0bc000 	C:\WINDOWS\system32\USER32.dll
0x000007ff36fd0000 - 0x000007ff37239000 	C:\WINDOWS\WinSxS\amd64_microsoft.windows.common-controls_6595b64144ccf1df_6.0.9200.16384_none_418c2a697189c07f\COMCTL32.dll
0x000007ff3a5d0000 - 0x000007ff3a675000 	C:\WINDOWS\system32\msvcrt.dll
0x000007ff3aef0000 - 0x000007ff3af38000 	C:\WINDOWS\SYSTEM32\sechost.dll
0x000007ff3c500000 - 0x000007ff3c640000 	C:\WINDOWS\system32\RPCRT4.dll
0x000007ff39d10000 - 0x000007ff39e50000 	C:\WINDOWS\system32\GDI32.dll
0x000007ff3c640000 - 0x000007ff3c679000 	C:\WINDOWS\system32\IMM32.DLL
0x000007ff3a2f0000 - 0x000007ff3a405000 	C:\WINDOWS\system32\MSCTF.dll
0x000007ff397b0000 - 0x000007ff397b8000 	C:\PROGRA~2\NVIDIA~1\3DVISI~1\NVSTIN~1.DLL
0x000007ff3c680000 - 0x000007ff3c687000 	C:\WINDOWS\system32\PSAPI.DLL
0x000000005d2b0000 - 0x000000005d353000 	C:\WINDOWS\WinSxS\amd64_microsoft.vc90.crt_1fc8b3b9a1e18e3b_9.0.30729.6871_none_08e717a5a83adddf\MSVCR90.dll
0x000000005b640000 - 0x000000005b711000 	F:\Program Files\Java\Jre7\bin\msvcr100.dll
0x000000005af20000 - 0x000000005b63f000 	F:\Program Files\Java\Jre7\bin\server\jvm.dll
0x000007ff31ca0000 - 0x000007ff31ca9000 	C:\WINDOWS\SYSTEM32\WSOCK32.dll
0x000007ff37250000 - 0x000007ff37270000 	C:\WINDOWS\SYSTEM32\WINMM.dll
0x000007ff3a680000 - 0x000007ff3a6d8000 	C:\WINDOWS\system32\WS2_32.dll
0x000007ff368c0000 - 0x000007ff368f2000 	C:\WINDOWS\SYSTEM32\WINMMBASE.dll
0x000007ff3a980000 - 0x000007ff3a989000 	C:\WINDOWS\system32\NSI.dll
0x000000005af10000 - 0x000000005af1f000 	F:\Program Files\Java\Jre7\bin\verify.dll
0x000000005aee0000 - 0x000000005af08000 	F:\Program Files\Java\Jre7\bin\java.dll
0x000000005aec0000 - 0x000000005aed5000 	F:\Program Files\Java\Jre7\bin\zip.dll
0x000000005bd60000 - 0x000000005bef3000 	F:\Program Files\Java\Jre7\bin\awt.dll
0x000007ff39e50000 - 0x000007ff39f13000 	C:\WINDOWS\system32\OLEAUT32.dll
0x000007ff3a140000 - 0x000007ff3a2f0000 	C:\WINDOWS\system32\combase.dll
0x000007ff339e0000 - 0x000007ff33a7f000 	C:\WINDOWS\system32\apphelp.dll
0x000007ff385b0000 - 0x000007ff38693000 	C:\WINDOWS\system32\uxtheme.dll
0x000007ff33a80000 - 0x000007ff33b15000 	C:\Program Files\Common Files\microsoft shared\ink\tiptsf.dll
0x000007ff37890000 - 0x000007ff378b1000 	C:\WINDOWS\SYSTEM32\dwmapi.dll
0x000007ff3c740000 - 0x000007ff3c8be000 	C:\WINDOWS\system32\ole32.dll
0x000007ff39600000 - 0x000007ff3960a000 	C:\WINDOWS\SYSTEM32\CRYPTBASE.dll
0x000007ff395a0000 - 0x000007ff395fc000 	C:\WINDOWS\SYSTEM32\bcryptPrimitives.dll
0x000007ff3af40000 - 0x000007ff3c228000 	C:\WINDOWS\system32\SHELL32.dll
0x000007ff39f20000 - 0x000007ff39f70000 	C:\WINDOWS\system32\SHLWAPI.dll
0x000007ff38980000 - 0x000007ff38a16000 	C:\WINDOWS\SYSTEM32\shcore.dll
0x000000005c180000 - 0x000000005c218000 	C:\Windows\System32\msvcp100.dll
0x000007ff1e270000 - 0x000007ff1e4c8000 	C:\opencv\build\x64\vc10\bin\opencv_core243.dll
0x000007ff29410000 - 0x000007ff294a5000 	C:\Users\Jonas\AppData\Local\Temp\javacpp117635076195776\jniopencv_core.dll
0x000007ff1dfc0000 - 0x000007ff1e265000 	C:\opencv\build\x64\vc10\bin\opencv_imgproc243.dll
0x000007ff30dc0000 - 0x000007ff30e08000 	C:\Users\Jonas\AppData\Local\Temp\javacpp117635076195776\jniopencv_imgproc.dll
0x0000000066840000 - 0x00000000675ca000 	C:\opencv\build\x64\vc10\bin\opencv_ffmpeg243_64.dll
0x000007ff1dd70000 - 0x000007ff1dfbb000 	C:\opencv\build\x64\vc10\bin\opencv_highgui243.dll
0x000007ff30da0000 - 0x000007ff30dc0000 	C:\WINDOWS\SYSTEM32\AVIFIL32.dll
0x000007ff30730000 - 0x000007ff30759000 	C:\WINDOWS\SYSTEM32\MSVFW32.dll
0x000007ff30970000 - 0x000007ff30987000 	C:\WINDOWS\SYSTEM32\AVICAP32.dll
0x000007ff32f20000 - 0x000007ff32f39000 	C:\WINDOWS\SYSTEM32\MSACM32.dll
0x000007ff37270000 - 0x000007ff37279000 	C:\WINDOWS\SYSTEM32\VERSION.dll
0x000007ff306c0000 - 0x000007ff306d3000 	C:\Users\Jonas\AppData\Local\Temp\javacpp117635076195776\jniopencv_highgui.dll
0x000007ff3c230000 - 0x000007ff3c2c6000 	C:\WINDOWS\SYSTEM32\clbcatq.dll
0x000007ff306a0000 - 0x000007ff306b7000 	C:\Windows\System32\devenum.dll
0x000007ff3ac40000 - 0x000007ff3ae10000 	C:\WINDOWS\system32\setupapi.dll
0x000007ff39c30000 - 0x000007ff39c7f000 	C:\WINDOWS\system32\CFGMGR32.dll
0x000007ff39ce0000 - 0x000007ff39d02000 	C:\WINDOWS\system32\DEVOBJ.dll
0x000007ff32880000 - 0x000007ff328ae000 	C:\WINDOWS\SYSTEM32\ntmarta.dll
0x000007ff39c80000 - 0x000007ff39cd5000 	C:\WINDOWS\system32\WINTRUST.dll
0x000007ff398a0000 - 0x000007ff39a77000 	C:\WINDOWS\system32\CRYPT32.dll
0x000007ff39880000 - 0x000007ff39896000 	C:\WINDOWS\system32\MSASN1.dll
0x000007ff32a90000 - 0x000007ff32a9d000 	C:\WINDOWS\SYSTEM32\msdmo.dll
0x000007ff30350000 - 0x000007ff3037f000 	C:\Windows\System32\qcap.dll
0x000007ff22c10000 - 0x000007ff22dc8000 	C:\Windows\System32\quartz.dll
0x000007ff27030000 - 0x000007ff2706f000 	C:\Windows\System32\ksproxy.ax
0x000007ff1fa90000 - 0x000007ff1fa97000 	C:\Windows\System32\ksuser.dll
0x000007ff28210000 - 0x000007ff28410000 	C:\Windows\System32\d3d9.dll
0x000007ff31730000 - 0x000007ff3173c000 	C:\Windows\System32\vidcap.ax
0x000007ff26620000 - 0x000007ff26644000 	C:\Windows\System32\kswdmcap.ax
0x000007ff1dc10000 - 0x000007ff1dd64000 	C:\Windows\System32\MFC42.dll
0x000007ff24a90000 - 0x000007ff24b4e000 	C:\Windows\System32\ODBC32.dll
0x000007ff253c0000 - 0x000007ff25455000 	C:\Windows\System32\qedit.dll
0x000007ff3c690000 - 0x000007ff3c731000 	C:\WINDOWS\system32\COMDLG32.dll
0x000007ff3a410000 - 0x000007ff3a5b0000 	C:\WINDOWS\WinSxS\amd64_microsoft.windows.gdiplus_6595b64144ccf1df_1.1.9200.16384_none_72771d4ecc1c3a4d\gdiplus.dll
0x000007ff20d90000 - 0x000007ff20e7a000 	C:\WINDOWS\SYSTEM32\DDRAW.dll
0x000007ff339d0000 - 0x000007ff339d8000 	C:\WINDOWS\SYSTEM32\DCIMAN32.dll
0x000000005ada0000 - 0x000000005add4000 	F:\Program Files\Java\Jre7\bin\fontmanager.dll
0x000007ff1ca90000 - 0x000007ff1dc10000 	C:\WINDOWS\SYSTEM32\nvd3dumx.dll
0x000007ff396a0000 - 0x000007ff396e3000 	C:\WINDOWS\SYSTEM32\powrprof.dll
0x0000000180000000 - 0x0000000180116000 	C:\Program Files (x86)\NVIDIA Corporation\3D Vision\nvSCPAPI64.dll
0x000007ff36ef0000 - 0x000007ff36f64000 	C:\WINDOWS\SYSTEM32\dxgi.dll
0x000007ff36390000 - 0x000007ff36652000 	C:\WINDOWS\SYSTEM32\nvapi64.dll
0x000007ff36900000 - 0x000007ff3691f000 	C:\WINDOWS\SYSTEM32\DXGIDebug.dll
0x000000005aea0000 - 0x000000005aeb9000 	F:\Program Files\Java\Jre7\bin\net.dll
0x000007ff39010000 - 0x000007ff3906c000 	C:\WINDOWS\system32\mswsock.dll
0x000000005ae80000 - 0x000000005ae91000 	F:\Program Files\Java\Jre7\bin\nio.dll
0x000000005ad50000 - 0x000000005ad91000 	F:\Program Files\Java\Jre7\bin\t2k.dll
0x000007ff37350000 - 0x000007ff374da000 	C:\WINDOWS\SYSTEM32\WindowsCodecs.dll
0x000007ff397d0000 - 0x000007ff397e5000 	C:\WINDOWS\SYSTEM32\profapi.dll
0x000007ff367d0000 - 0x000007ff36839000 	C:\WINDOWS\SYSTEM32\oleacc.dll
0x000000005bd30000 - 0x000000005bd5a000 	F:\Program Files\Java\Jre7\bin\dcpr.dll
0x000007ff26eb0000 - 0x000007ff27013000 	C:\WINDOWS\SYSTEM32\dbghelp.dll

VM Arguments:
jvm_args: -Dfile.encoding=Cp1252 
java_command: emcscanner.kth.se.Program
Launcher Type: SUN_STANDARD

Environment Variables:
PATH=C:\Program Files (x86)\NVIDIA Corporation\PhysX\Common;C:\WINDOWS\system32;C:\WINDOWS;C:\WINDOWS\System32\Wbem;C:\WINDOWS\System32\WindowsPowerShell\v1.0\;C:\Program Files (x86)\Microsoft SQL Server\90\Tools\binn\;C:\Program Files (x86)\Autodesk\Backburner\;F:\Program Files\MATLAB\R2012a\runtime\win64;F:\Program Files\MATLAB\R2012a\bin;C:\Program Files\Internet Explorer;C:\Program Files\Perforce;F:\Program Files\Perforce;C:\Program Files\Microsoft\Web Platform Installer\;C:\Program Files (x86)\Microsoft ASP.NET\ASP.NET Web Pages\v1.0\;C:\Program Files (x86)\Windows Kits\8.0\Windows Performance Toolkit\;C:\Program Files\Microsoft SQL Server\110\Tools\Binn\;F:\Program Files\Perforce\Server
USERNAME=Jonas
OS=Windows_NT
PROCESSOR_IDENTIFIER=Intel64 Family 6 Model 42 Stepping 7, GenuineIntel



---------------  S Y S T E M  ---------------

OS: Windows 8 , 64 bit Build 9200 

CPU:total 8 (4 cores per cpu, 2 threads per core) family 6 model 42 stepping 7, cmov, cx8, fxsr, mmx, sse, sse2, sse3, ssse3, sse4.1, sse4.2, popcnt, avx, ht, tsc, tscinvbit

Memory: 4k page, physical 16751668k(12182124k free), swap 33528884k(26675936k free)

vm_info: Java HotSpot(TM) 64-Bit Server VM (23.3-b01) for windows-amd64 JRE (1.7.0_07-b11), built on Sep  7 2012 01:19:25 by "java_re" with unknown MS VC++:1600

time: Fri Jan 25 04:07:45 2013
elapsed time: 9 seconds

