#
# A fatal error has been detected by the Java Runtime Environment:
#
#  EXCEPTION_ACCESS_VIOLATION (0xc0000005) at pc=0x0000000002b2dc8a, pid=4752, tid=3416
#
# JRE version: 7.0_07-b11
# Java VM: Java HotSpot(TM) 64-Bit Server VM (23.3-b01 mixed mode windows-amd64 compressed oops)
# Problematic frame:
# J  com.googlecode.javacv.cpp.opencv_core$IplImage.flipCopyWithGamma(Ljava/nio/ByteBuffer;ILjava/nio/ByteBuffer;IZDZI)V
#
# Failed to write core dump. Minidumps are not enabled by default on client versions of Windows
#
# If you would like to submit a bug report, please visit:
#   http://bugreport.sun.com/bugreport/crash.jsp
#

---------------  T H R E A D  ---------------

Current thread (0x0000000013cc1800):  JavaThread "threadDisplayCamera" daemon [_thread_in_Java, id=3416, stack(0x000000001bb80000,0x000000001bc80000)]

siginfo: ExceptionCode=0xc0000005, reading address 0x000000001b67c000

Registers:
RAX=0x00000000000000ea, RBX=0x00000000005eec00, RCX=0x0000000000000000, RDX=0x000000001b58b050
RSP=0x000000001bc7f160, RBP=0x00000007f76bbfc8, RSI=0x00000007f928d4e0, RDI=0x00000000005eec00
R8 =0x00000000000f0fb0, R9 =0x00000000000f0fb1, R10=0x000000000000167f, R11=0x00000000005eec00
R12=0x0000000000000000, R13=0x00000000000f0fb0, R14=0x000000000000082f, R15=0x0000000013cc1800
RIP=0x0000000002b2dc8a, EFLAGS=0x0000000000010207

Top of Stack: (sp=0x000000001bc7f160)
0x000000001bc7f160:   000000001bc7f1a8 00000006fb559128
0x000000001bc7f170:   0000000000000000 00000006fb556ea0
0x000000001bc7f180:   3ff0000000000000 00000007f76bbf88
0x000000001bc7f190:   00000007f76bbfc8 3ff0000000000000
0x000000001bc7f1a0:   000f078000000000 df6ab9ce000f0780
0x000000001bc7f1b0:   00001680df6c65d4 0000000000001680
0x000000001bc7f1c0:   00000007f76bbff8 00001680ffffffff
0x000000001bc7f1d0:   00000007f76bbfc8 00000007f76bbf88
0x000000001bc7f1e0:   3ff00000ff251a9c 0000000002a928d9
0x000000001bc7f1f0:   00000006fb9c6df8 00000007f76bbe88
0x000000001bc7f200:   00000006fb7b7a38 0000000000000000
0x000000001bc7f210:   000000001bc7f2c8 0000000002a861f8
0x000000001bc7f220:   0000000000000000 0000000000000000
0x000000001bc7f230:   00000006fbb3fcc8 0000000002a861f8
0x000000001bc7f240:   0000000000000000 0000000000000000
0x000000001bc7f250:   3ff0000000000000 0000000002a863d3 

Instructions: (pc=0x0000000002b2dc8a)
0x0000000002b2dc6a:   10 44 3b c7 0f 8d 26 01 00 00 45 8b c8 41 ff c1
0x0000000002b2dc7a:   44 89 4d 18 48 8b 6c 24 70 44 8b 6d 18 4d 63 c0
0x0000000002b2dc8a:   42 0f b6 04 02 44 3b eb 0f 8d 32 01 00 00 45 8b
0x0000000002b2dc9a:   cd 44 03 c9 41 ff c5 44 89 6d 18 45 3b cb 0f 83 


Register to memory mapping:

RAX=0x00000000000000ea is an unknown value
RBX=0x00000000005eec00 is an unknown value
RCX=0x0000000000000000 is an unknown value
RDX=0x000000001b58b050 is an unknown value
RSP=0x000000001bc7f160 is pointing into the stack for thread: 0x0000000013cc1800
RBP=0x00000007f76bbfc8 is an oop
java.nio.HeapByteBuffer 
 - klass: 'java/nio/HeapByteBuffer'
RSI=0x00000007f928d4e0 is an oop
[B 
 - klass: {type array byte}
 - length: 6220800
RDI=0x00000000005eec00 is an unknown value
R8 =0x00000000000f0fb0 is an unknown value
R9 =0x00000000000f0fb1 is an unknown value
R10=0x000000000000167f is an unknown value
R11=0x00000000005eec00 is an unknown value
R12=0x0000000000000000 is an unknown value
R13=0x00000000000f0fb0 is an unknown value
R14=0x000000000000082f is an unknown value
R15=0x0000000013cc1800 is a thread


Stack: [0x000000001bb80000,0x000000001bc80000],  sp=0x000000001bc7f160,  free space=1020k
Native frames: (J=compiled Java code, j=interpreted, Vv=VM code, C=native code)
J  com.googlecode.javacv.cpp.opencv_core$IplImage.flipCopyWithGamma(Ljava/nio/ByteBuffer;ILjava/nio/ByteBuffer;IZDZI)V


---------------  P R O C E S S  ---------------

Java Threads: ( => current thread )
  0x000000001509b000 JavaThread "ICEpdf-pagePainter" daemon [_thread_blocked, id=4900, stack(0x0000000029e00000,0x0000000029f00000)]
  0x000000001509e000 JavaThread "ICEpdf-pageInitializer" daemon [_thread_blocked, id=9452, stack(0x0000000029bd0000,0x0000000029cd0000)]
  0x000000001509a800 JavaThread "DestroyJavaVM" [_thread_blocked, id=32, stack(0x0000000002880000,0x0000000002980000)]
  0x000000001509d800 JavaThread "D3D Screen Updater" daemon [_thread_blocked, id=6980, stack(0x00000000279f0000,0x0000000027af0000)]
  0x000000001509c000 JavaThread "TimerQueue" daemon [_thread_blocked, id=9180, stack(0x0000000025f60000,0x0000000026060000)]
  0x000000001503d000 JavaThread "threadDisplayDensity" daemon [_thread_blocked, id=4616, stack(0x0000000022130000,0x0000000022230000)]
  0x0000000014e08800 JavaThread "AWT-EventQueue-0" [_thread_in_native, id=6852, stack(0x0000000020550000,0x0000000020650000)]
  0x0000000014e07800 JavaThread "threadDisplay" daemon [_thread_blocked, id=6640, stack(0x0000000020450000,0x0000000020550000)]
  0x0000000014aa6000 JavaThread "threadDisplay" daemon [_thread_blocked, id=9032, stack(0x000000001e2f0000,0x000000001e3f0000)]
  0x0000000014b5b800 JavaThread "AWT-Shutdown" [_thread_blocked, id=5988, stack(0x000000001bc80000,0x000000001bd80000)]
=>0x0000000013cc1800 JavaThread "threadDisplayCamera" daemon [_thread_in_Java, id=3416, stack(0x000000001bb80000,0x000000001bc80000)]
  0x0000000013cc2800 JavaThread "AWT-Windows" daemon [_thread_in_native, id=5420, stack(0x00000000145b0000,0x00000000146b0000)]
  0x0000000013cc0800 JavaThread "Java2D Disposer" daemon [_thread_blocked, id=3740, stack(0x00000000143b0000,0x00000000144b0000)]
  0x00000000115a4800 JavaThread "Service Thread" daemon [_thread_blocked, id=9476, stack(0x00000000139b0000,0x0000000013ab0000)]
  0x00000000115a1000 JavaThread "C2 CompilerThread1" daemon [_thread_blocked, id=9444, stack(0x00000000138b0000,0x00000000139b0000)]
  0x0000000011599000 JavaThread "C2 CompilerThread0" daemon [_thread_blocked, id=1660, stack(0x00000000137b0000,0x00000000138b0000)]
  0x0000000011598000 JavaThread "Attach Listener" daemon [_thread_blocked, id=8520, stack(0x00000000136b0000,0x00000000137b0000)]
  0x000000001158b000 JavaThread "Signal Dispatcher" daemon [_thread_blocked, id=8872, stack(0x00000000135b0000,0x00000000136b0000)]
  0x000000001152e800 JavaThread "Finalizer" daemon [_thread_blocked, id=9684, stack(0x00000000134b0000,0x00000000135b0000)]
  0x0000000011527000 JavaThread "Reference Handler" daemon [_thread_blocked, id=8896, stack(0x00000000133b0000,0x00000000134b0000)]

Other Threads:
  0x0000000011522000 VMThread [stack: 0x00000000132b0000,0x00000000133b0000] [id=8632]
  0x00000000115c1000 WatcherThread [stack: 0x0000000013ab0000,0x0000000013bb0000] [id=10160]

VM state:not at safepoint (normal execution)

VM Mutex/Monitor currently owned by a thread: None

Heap
 PSYoungGen      total 1354816K, used 1318796K [0x00000007aacb0000, 0x0000000800000000, 0x0000000800000000)
  eden space 1315520K, 98% used [0x00000007aacb0000,0x00000007f987c0f0,0x00000007fb160000)
  from space 39296K, 73% used [0x00000007fd9a0000,0x00000007ff5b72a0,0x0000000800000000)
  to   space 40256K, 0% used [0x00000007fb160000,0x00000007fb160000,0x00000007fd8b0000)
 ParOldGen       total 262400K, used 108505K [0x0000000700600000, 0x0000000710640000, 0x00000007aacb0000)
  object space 262400K, 41% used [0x0000000700600000,0x0000000706ff6440,0x0000000710640000)
 PSPermGen       total 37696K, used 18251K [0x00000006fb400000, 0x00000006fd8d0000, 0x0000000700600000)
  object space 37696K, 48% used [0x00000006fb400000,0x00000006fc5d2e00,0x00000006fd8d0000)

Card table byte_map: [0x0000000005b40000,0x0000000006370000] byte_map_base: 0x0000000002366000

Polling page: 0x00000000026b0000

Code Cache  [0x0000000002a80000, 0x0000000002cf0000, 0x0000000005a80000)
 total_blobs=962 nmethods=372 adapters=541 free_code_cache=47652Kb largest_free_block=48758400

Compilation events (10 events):
Event: 51.420 Thread 0x00000000115a1000  380             java.awt.geom.Path2D$Float$CopyIterator::currentSegment (39 bytes)
Event: 51.421 Thread 0x0000000011599000  381   !         javax.swing.UIManager::getLAFState (62 bytes)
Event: 51.421 Thread 0x00000000115a1000 nmethod 380 0x0000000002bf9810 code [0x0000000002bf9960, 0x0000000002bf9af8]
Event: 51.422 Thread 0x0000000011599000 nmethod 381 0x0000000002bf9310 code [0x0000000002bf9480, 0x0000000002bf95d8]
Event: 52.976 Thread 0x00000000115a1000  382             java.util.Hashtable$Entry::<init> (26 bytes)
Event: 52.977 Thread 0x00000000115a1000 nmethod 382 0x0000000002beee90 code [0x0000000002beefc0, 0x0000000002bef058]
Event: 52.981 Thread 0x0000000011599000  383             javax.swing.text.Utilities::getTabbedTextOffset (449 bytes)
Event: 52.987 Thread 0x0000000011599000 nmethod 383 0x0000000002bfd410 code [0x0000000002bfd5e0, 0x0000000002bfdd10]
Event: 55.091 Thread 0x00000000115a1000  384             java.awt.image.PixelInterleavedSampleModel::<init> (127 bytes)
Event: 55.092 Thread 0x00000000115a1000 nmethod 384 0x0000000002bf8e90 code [0x0000000002bf8fe0, 0x0000000002bf9148]

GC Heap History (10 events):
Event: 28.706 GC heap before
{Heap before GC invocations=18 (full 4):
 PSYoungGen      total 1019264K, used 998907K [0x00000007aacb0000, 0x00000007fb2e0000, 0x0000000800000000)
  eden space 990208K, 99% used [0x00000007aacb0000,0x00000007e71fbff8,0x00000007e73b0000)
  from space 29056K, 35% used [0x00000007e73b0000,0x00000007e7de2e70,0x00000007e9010000)
  to   space 31296K, 0% used [0x00000007f9450000,0x00000007f9450000,0x00000007fb2e0000)
 ParOldGen       total 262400K, used 90499K [0x0000000700600000, 0x0000000710640000, 0x00000007aacb0000)
  object space 262400K, 34% used [0x0000000700600000,0x0000000705e60c70,0x0000000710640000)
 PSPermGen       total 37696K, used 18189K [0x00000006fb400000, 0x00000006fd8d0000, 0x0000000700600000)
  object space 37696K, 48% used [0x00000006fb400000,0x00000006fc5c3558,0x00000006fd8d0000)
Event: 28.710 GC heap after
Heap after GC invocations=18 (full 4):
 PSYoungGen      total 1237120K, used 10475K [0x00000007aacb0000, 0x00000007f9e90000, 0x0000000800000000)
  eden space 1226624K, 0% used [0x00000007aacb0000,0x00000007aacb0000,0x00000007f5a90000)
  from space 10496K, 99% used [0x00000007f9450000,0x00000007f9e8ae70,0x00000007f9e90000)
  to   space 32896K, 0% used [0x00000007f5e50000,0x00000007f5e50000,0x00000007f7e70000)
 ParOldGen       total 262400K, used 90499K [0x0000000700600000, 0x0000000710640000, 0x00000007aacb0000)
  object space 262400K, 34% used [0x0000000700600000,0x0000000705e60c70,0x0000000710640000)
 PSPermGen       total 37696K, used 18189K [0x00000006fb400000, 0x00000006fd8d0000, 0x0000000700600000)
  object space 37696K, 48% used [0x00000006fb400000,0x00000006fc5c3558,0x00000006fd8d0000)
}
Event: 33.932 GC heap before
{Heap before GC invocations=19 (full 4):
 PSYoungGen      total 1237120K, used 1232876K [0x00000007aacb0000, 0x00000007f9e90000, 0x0000000800000000)
  eden space 1226624K, 99% used [0x00000007aacb0000,0x00000007f5670340,0x00000007f5a90000)
  from space 10496K, 99% used [0x00000007f9450000,0x00000007f9e8ae70,0x00000007f9e90000)
  to   space 32896K, 0% used [0x00000007f5e50000,0x00000007f5e50000,0x00000007f7e70000)
 ParOldGen       total 262400K, used 90499K [0x0000000700600000, 0x0000000710640000, 0x00000007aacb0000)
  object space 262400K, 34% used [0x0000000700600000,0x0000000705e60c70,0x0000000710640000)
 PSPermGen       total 37696K, used 18214K [0x00000006fb400000, 0x00000006fd8d0000, 0x0000000700600000)
  object space 37696K, 48% used [0x00000006fb400000,0x00000006fc5c98a0,0x00000006fd8d0000)
Event: 33.941 GC heap after
Heap after GC invocations=19 (full 4):
 PSYoungGen      total 1263360K, used 32454K [0x00000007aacb0000, 0x0000000800000000, 0x0000000800000000)
  eden space 1230464K, 0% used [0x00000007aacb0000,0x00000007aacb0000,0x00000007f5e50000)
  from space 32896K, 98% used [0x00000007f5e50000,0x00000007f7e01af0,0x00000007f7e70000)
  to   space 35456K, 0% used [0x00000007fdd60000,0x00000007fdd60000,0x0000000800000000)
 ParOldGen       total 262400K, used 90499K [0x0000000700600000, 0x0000000710640000, 0x00000007aacb0000)
  object space 262400K, 34% used [0x0000000700600000,0x0000000705e60c70,0x0000000710640000)
 PSPermGen       total 37696K, used 18214K [0x00000006fb400000, 0x00000006fd8d0000, 0x0000000700600000)
  object space 37696K, 48% used [0x00000006fb400000,0x00000006fc5c98a0,0x00000006fd8d0000)
}
Event: 39.286 GC heap before
{Heap before GC invocations=20 (full 4):
 PSYoungGen      total 1263360K, used 1261397K [0x00000007aacb0000, 0x0000000800000000, 0x0000000800000000)
  eden space 1230464K, 99% used [0x00000007aacb0000,0x00000007f5cd3b20,0x00000007f5e50000)
  from space 32896K, 98% used [0x00000007f5e50000,0x00000007f7e01af0,0x00000007f7e70000)
  to   space 35456K, 0% used [0x00000007fdd60000,0x00000007fdd60000,0x0000000800000000)
 ParOldGen       total 262400K, used 90499K [0x0000000700600000, 0x0000000710640000, 0x00000007aacb0000)
  object space 262400K, 34% used [0x0000000700600000,0x0000000705e60c70,0x0000000710640000)
 PSPermGen       total 37696K, used 18235K [0x00000006fb400000, 0x00000006fd8d0000, 0x0000000700600000)
  object space 37696K, 48% used [0x00000006fb400000,0x00000006fc5cee10,0x00000006fd8d0000)
Event: 39.298 GC heap after
Heap after GC invocations=20 (full 4):
 PSYoungGen      total 1356096K, used 32935K [0x00000007aacb0000, 0x0000000800000000, 0x0000000800000000)
  eden space 1320640K, 0% used [0x00000007aacb0000,0x00000007aacb0000,0x00000007fb660000)
  from space 35456K, 92% used [0x00000007fdd60000,0x00000007ffd89f40,0x0000000800000000)
  to   space 37696K, 0% used [0x00000007fb660000,0x00000007fb660000,0x00000007fdb30000)
 ParOldGen       total 262400K, used 104857K [0x0000000700600000, 0x0000000710640000, 0x00000007aacb0000)
  object space 262400K, 39% used [0x0000000700600000,0x0000000706c66780,0x0000000710640000)
 PSPermGen       total 37696K, used 18235K [0x00000006fb400000, 0x00000006fd8d0000, 0x0000000700600000)
  object space 37696K, 48% used [0x00000006fb400000,0x00000006fc5cee10,0x00000006fd8d0000)
}
Event: 45.076 GC heap before
{Heap before GC invocations=21 (full 4):
 PSYoungGen      total 1356096K, used 1353190K [0x00000007aacb0000, 0x0000000800000000, 0x0000000800000000)
  eden space 1320640K, 99% used [0x00000007aacb0000,0x00000007fb5ffb88,0x00000007fb660000)
  from space 35456K, 92% used [0x00000007fdd60000,0x00000007ffd89f40,0x0000000800000000)
  to   space 37696K, 0% used [0x00000007fb660000,0x00000007fb660000,0x00000007fdb30000)
 ParOldGen       total 262400K, used 104857K [0x0000000700600000, 0x0000000710640000, 0x00000007aacb0000)
  object space 262400K, 39% used [0x0000000700600000,0x0000000706c66780,0x0000000710640000)
 PSPermGen       total 37696K, used 18236K [0x00000006fb400000, 0x00000006fd8d0000, 0x0000000700600000)
  object space 37696K, 48% used [0x00000006fb400000,0x00000006fc5cf1a8,0x00000006fd8d0000)
Event: 45.086 GC heap after
Heap after GC invocations=21 (full 4):
 PSYoungGen      total 1356736K, used 36091K [0x00000007aacb0000, 0x0000000800000000, 0x0000000800000000)
  eden space 1320640K, 0% used [0x00000007aacb0000,0x00000007aacb0000,0x00000007fb660000)
  from space 36096K, 99% used [0x00000007fb660000,0x00000007fd99ec20,0x00000007fd9a0000)
  to   space 39296K, 0% used [0x00000007fd9a0000,0x00000007fd9a0000,0x0000000800000000)
 ParOldGen       total 262400K, used 108505K [0x0000000700600000, 0x0000000710640000, 0x00000007aacb0000)
  object space 262400K, 41% used [0x0000000700600000,0x0000000706ff6440,0x0000000710640000)
 PSPermGen       total 37696K, used 18236K [0x00000006fb400000, 0x00000006fd8d0000, 0x0000000700600000)
  object space 37696K, 48% used [0x00000006fb400000,0x00000006fc5cf1a8,0x00000006fd8d0000)
}
Event: 50.821 GC heap before
{Heap before GC invocations=22 (full 4):
 PSYoungGen      total 1356736K, used 1356267K [0x00000007aacb0000, 0x0000000800000000, 0x0000000800000000)
  eden space 1320640K, 99% used [0x00000007aacb0000,0x00000007fb5ec228,0x00000007fb660000)
  from space 36096K, 99% used [0x00000007fb660000,0x00000007fd99ec20,0x00000007fd9a0000)
  to   space 39296K, 0% used [0x00000007fd9a0000,0x00000007fd9a0000,0x0000000800000000)
 ParOldGen       total 262400K, used 108505K [0x0000000700600000, 0x0000000710640000, 0x00000007aacb0000)
  object space 262400K, 41% used [0x0000000700600000,0x0000000706ff6440,0x0000000710640000)
 PSPermGen       total 37696K, used 18241K [0x00000006fb400000, 0x00000006fd8d0000, 0x0000000700600000)
  object space 37696K, 48% used [0x00000006fb400000,0x00000006fc5d0780,0x00000006fd8d0000)
Event: 50.826 GC heap after
Heap after GC invocations=22 (full 4):
 PSYoungGen      total 1354816K, used 28764K [0x00000007aacb0000, 0x0000000800000000, 0x0000000800000000)
  eden space 1315520K, 0% used [0x00000007aacb0000,0x00000007aacb0000,0x00000007fb160000)
  from space 39296K, 73% used [0x00000007fd9a0000,0x00000007ff5b72a0,0x0000000800000000)
  to   space 40256K, 0% used [0x00000007fb160000,0x00000007fb160000,0x00000007fd8b0000)
 ParOldGen       total 262400K, used 108505K [0x0000000700600000, 0x0000000710640000, 0x00000007aacb0000)
  object space 262400K, 41% used [0x0000000700600000,0x0000000706ff6440,0x0000000710640000)
 PSPermGen       total 37696K, used 18241K [0x00000006fb400000, 0x00000006fd8d0000, 0x0000000700600000)
  object space 37696K, 48% used [0x00000006fb400000,0x00000006fc5d0780,0x00000006fd8d0000)
}

Deoptimization events (10 events):
Event: 2.804 Thread 0x000000000283e000 Uncommon trap -83 fr.pc 0x0000000002b2a17c
Event: 3.337 Thread 0x000000000283e000 Uncommon trap 43 fr.pc 0x0000000002b4a014
Event: 3.864 Thread 0x0000000014e08800 Uncommon trap -83 fr.pc 0x0000000002b4d504
Event: 3.934 Thread 0x000000001509e000 Uncommon trap -83 fr.pc 0x0000000002b592f4
Event: 3.983 Thread 0x000000001509e000 Uncommon trap -83 fr.pc 0x0000000002b58f44
Event: 3.997 Thread 0x000000001509e000 Uncommon trap -83 fr.pc 0x0000000002b80d68
Event: 4.058 Thread 0x000000001509e000 Uncommon trap -83 fr.pc 0x0000000002b7d290
Event: 4.096 Thread 0x000000001509e000 Uncommon trap -83 fr.pc 0x0000000002b6fcd8
Event: 4.332 Thread 0x000000001509b000 Uncommon trap -83 fr.pc 0x0000000002bae67c
Event: 19.286 Thread 0x0000000013cc1800 Uncommon trap -12 fr.pc 0x0000000002bd9338

Internal exceptions (10 events):
Event: 4.146 Thread 0x000000001509e000 Threw 0x00000007b16650d8 at C:\jdk7u1_64p\jdk7u7\hotspot\src\share\vm\prims\jvm.cpp:1166
Event: 4.148 Thread 0x000000001509e000 Threw 0x00000007b1668288 at C:\jdk7u1_64p\jdk7u7\hotspot\src\share\vm\prims\jvm.cpp:1166
Event: 4.148 Thread 0x000000001509e000 Threw 0x00000007b166b1a8 at C:\jdk7u1_64p\jdk7u7\hotspot\src\share\vm\prims\jvm.cpp:1166
Event: 4.315 Thread 0x000000001509b000 Threw 0x00000007aca065c0 at C:\jdk7u1_64p\jdk7u7\hotspot\src\share\vm\prims\jvm.cpp:1166
Event: 4.319 Thread 0x000000001509b000 Threw 0x00000007aca16e50 at C:\jdk7u1_64p\jdk7u7\hotspot\src\share\vm\prims\jvm.cpp:1166
Event: 4.523 Thread 0x000000001509b000 Threw 0x00000007b09c3ae0 at C:\jdk7u1_64p\jdk7u7\hotspot\src\share\vm\prims\jvm.cpp:1166
Event: 10.845 Thread 0x0000000014e08800 Threw 0x00000007c1c0eee0 at C:\jdk7u1_64p\jdk7u7\hotspot\src\share\vm\prims\jvm.cpp:1166
Event: 10.845 Thread 0x0000000014e08800 Threw 0x00000007c1c144c8 at C:\jdk7u1_64p\jdk7u7\hotspot\src\share\vm\prims\jvm.cpp:1166
Event: 10.847 Thread 0x0000000014e08800 Threw 0x00000007c1c21898 at C:\jdk7u1_64p\jdk7u7\hotspot\src\share\vm\prims\jvm.cpp:1166
Event: 19.286 Thread 0x0000000013cc1800 Implicit null exception at 0x0000000002bd9038 to 0x0000000002bd932c

Events (10 events):
Event: 34.855 loading class 0x0000000014bef680
Event: 34.855 loading class 0x0000000014bef900
Event: 34.855 loading class 0x0000000014bef900 done
Event: 34.856 loading class 0x0000000014bef680 done
Event: 39.286 Executing VM operation: ParallelGCFailedAllocation
Event: 39.298 Executing VM operation: ParallelGCFailedAllocation done
Event: 45.076 Executing VM operation: ParallelGCFailedAllocation
Event: 45.086 Executing VM operation: ParallelGCFailedAllocation done
Event: 50.821 Executing VM operation: ParallelGCFailedAllocation
Event: 50.826 Executing VM operation: ParallelGCFailedAllocation done


Dynamic libraries:
0x000007f798e80000 - 0x000007f798eb4000 	F:\Program Files\Java\Jre7\bin\javaw.exe
0x000007ffd0010000 - 0x000007ffd01ce000 	C:\WINDOWS\SYSTEM32\ntdll.dll
0x000007ffcd650000 - 0x000007ffcd786000 	C:\WINDOWS\system32\KERNEL32.DLL
0x000007ffcd360000 - 0x000007ffcd453000 	C:\WINDOWS\system32\KERNELBASE.dll
0x000007ffcdad0000 - 0x000007ffcdbae000 	C:\WINDOWS\system32\ADVAPI32.dll
0x000007ffcf8a0000 - 0x000007ffcf9ec000 	C:\WINDOWS\system32\USER32.dll
0x000007ffca740000 - 0x000007ffca9a9000 	C:\WINDOWS\WinSxS\amd64_microsoft.windows.common-controls_6595b64144ccf1df_6.0.9200.16384_none_418c2a697189c07f\COMCTL32.dll
0x000007ffcd940000 - 0x000007ffcd9e5000 	C:\WINDOWS\system32\msvcrt.dll
0x000007ffcd460000 - 0x000007ffcd4a8000 	C:\WINDOWS\SYSTEM32\sechost.dll
0x000007ffcf760000 - 0x000007ffcf8a0000 	C:\WINDOWS\system32\RPCRT4.dll
0x000007ffcdec0000 - 0x000007ffce000000 	C:\WINDOWS\system32\GDI32.dll
0x000007ffcda90000 - 0x000007ffcdac9000 	C:\WINDOWS\system32\IMM32.DLL
0x000007ffcf9f0000 - 0x000007ffcfb05000 	C:\WINDOWS\system32\MSCTF.dll
0x000007ffccf00000 - 0x000007ffccf08000 	C:\PROGRA~2\NVIDIA~1\3DVISI~1\NVSTIN~1.DLL
0x000007ffcda80000 - 0x000007ffcda87000 	C:\WINDOWS\system32\PSAPI.DLL
0x0000000061700000 - 0x00000000617a3000 	C:\WINDOWS\WinSxS\amd64_microsoft.vc90.crt_1fc8b3b9a1e18e3b_9.0.30729.6871_none_08e717a5a83adddf\MSVCR90.dll
0x000000005f150000 - 0x000000005f221000 	F:\Program Files\Java\Jre7\bin\msvcr100.dll
0x000000005ea30000 - 0x000000005f14f000 	F:\Program Files\Java\Jre7\bin\server\jvm.dll
0x000007ffc53f0000 - 0x000007ffc53f9000 	C:\WINDOWS\SYSTEM32\WSOCK32.dll
0x000007ffca070000 - 0x000007ffca090000 	C:\WINDOWS\SYSTEM32\WINMM.dll
0x000007ffcffb0000 - 0x000007ffd0008000 	C:\WINDOWS\system32\WS2_32.dll
0x000007ffc9f70000 - 0x000007ffc9fa2000 	C:\WINDOWS\SYSTEM32\WINMMBASE.dll
0x000007ffcfb10000 - 0x000007ffcfb19000 	C:\WINDOWS\system32\NSI.dll
0x000000005ea20000 - 0x000000005ea2f000 	F:\Program Files\Java\Jre7\bin\verify.dll
0x000000005e9f0000 - 0x000000005ea18000 	F:\Program Files\Java\Jre7\bin\java.dll
0x000000005e9d0000 - 0x000000005e9e5000 	F:\Program Files\Java\Jre7\bin\zip.dll
0x000000005e7c0000 - 0x000000005e953000 	F:\Program Files\Java\Jre7\bin\awt.dll
0x000007ffcdbb0000 - 0x000007ffcdc73000 	C:\WINDOWS\system32\OLEAUT32.dll
0x000007ffcd790000 - 0x000007ffcd940000 	C:\WINDOWS\system32\combase.dll
0x000007ffc7130000 - 0x000007ffc71cf000 	C:\WINDOWS\system32\apphelp.dll
0x000007ffcbd00000 - 0x000007ffcbde3000 	C:\WINDOWS\system32\uxtheme.dll
0x000007ffc71e0000 - 0x000007ffc7275000 	C:\Program Files\Common Files\microsoft shared\ink\tiptsf.dll
0x000007ffcae20000 - 0x000007ffcae41000 	C:\WINDOWS\SYSTEM32\dwmapi.dll
0x000007ffce000000 - 0x000007ffce17e000 	C:\WINDOWS\system32\ole32.dll
0x000007ffccd70000 - 0x000007ffccd7a000 	C:\WINDOWS\SYSTEM32\CRYPTBASE.dll
0x000007ffcccf0000 - 0x000007ffccd4c000 	C:\WINDOWS\SYSTEM32\bcryptPrimitives.dll
0x000007ffce470000 - 0x000007ffcf758000 	C:\WINDOWS\system32\SHELL32.dll
0x000007ffcff60000 - 0x000007ffcffb0000 	C:\WINDOWS\system32\SHLWAPI.dll
0x000007ffcc0d0000 - 0x000007ffcc166000 	C:\WINDOWS\SYSTEM32\shcore.dll
0x00000000605d0000 - 0x0000000060668000 	C:\Windows\System32\msvcp100.dll
0x000007ffb48f0000 - 0x000007ffb4b48000 	C:\opencv\build\x64\vc10\bin\opencv_core243.dll
0x000007ffc3f70000 - 0x000007ffc4005000 	C:\Users\Jonas\AppData\Local\Temp\javacpp112274828009645\jniopencv_core.dll
0x000007ffb3480000 - 0x000007ffb3725000 	C:\opencv\build\x64\vc10\bin\opencv_imgproc243.dll
0x000007ffc6780000 - 0x000007ffc67c8000 	C:\Users\Jonas\AppData\Local\Temp\javacpp112274828009645\jniopencv_imgproc.dll
0x0000000066840000 - 0x00000000675ca000 	C:\opencv\build\x64\vc10\bin\opencv_ffmpeg243_64.dll
0x000007ffb1c90000 - 0x000007ffb1edb000 	C:\opencv\build\x64\vc10\bin\opencv_highgui243.dll
0x000007ffc9dd0000 - 0x000007ffc9df0000 	C:\WINDOWS\SYSTEM32\AVIFIL32.dll
0x000007ffc69e0000 - 0x000007ffc6a09000 	C:\WINDOWS\SYSTEM32\MSVFW32.dll
0x000007ffc6a10000 - 0x000007ffc6a27000 	C:\WINDOWS\SYSTEM32\AVICAP32.dll
0x000007ffba340000 - 0x000007ffba359000 	C:\WINDOWS\SYSTEM32\MSACM32.dll
0x000007ffcacb0000 - 0x000007ffcacb9000 	C:\WINDOWS\SYSTEM32\VERSION.dll
0x000007ffc9db0000 - 0x000007ffc9dc3000 	C:\Users\Jonas\AppData\Local\Temp\javacpp112274828009645\jniopencv_highgui.dll
0x000007ffce1b0000 - 0x000007ffce246000 	C:\WINDOWS\SYSTEM32\clbcatq.dll
0x000007ffc9d70000 - 0x000007ffc9d87000 	C:\Windows\System32\devenum.dll
0x000007ffcdc80000 - 0x000007ffcde50000 	C:\WINDOWS\system32\setupapi.dll
0x000007ffcd020000 - 0x000007ffcd06f000 	C:\WINDOWS\system32\CFGMGR32.dll
0x000007ffccff0000 - 0x000007ffcd012000 	C:\WINDOWS\system32\DEVOBJ.dll
0x000007ffc5fd0000 - 0x000007ffc5ffe000 	C:\WINDOWS\SYSTEM32\ntmarta.dll
0x000007ffcd070000 - 0x000007ffcd0c5000 	C:\WINDOWS\system32\WINTRUST.dll
0x000007ffcd0d0000 - 0x000007ffcd2a7000 	C:\WINDOWS\system32\CRYPT32.dll
0x000007ffccfd0000 - 0x000007ffccfe6000 	C:\WINDOWS\system32\MSASN1.dll
0x000007ffc92d0000 - 0x000007ffc92dd000 	C:\WINDOWS\SYSTEM32\msdmo.dll
0x000007ffc3f40000 - 0x000007ffc3f6f000 	C:\Windows\System32\qcap.dll
0x000007ffb1ad0000 - 0x000007ffb1c88000 	C:\Windows\System32\quartz.dll
0x000007ffc3f00000 - 0x000007ffc3f3f000 	C:\Windows\System32\ksproxy.ax
0x000007ffba390000 - 0x000007ffba397000 	C:\Windows\System32\ksuser.dll
0x000007ffbbc60000 - 0x000007ffbbe60000 	C:\Windows\System32\d3d9.dll
0x000007ffc7800000 - 0x000007ffc780c000 	C:\Windows\System32\vidcap.ax
0x000007ffc3ed0000 - 0x000007ffc3ef4000 	C:\Windows\System32\kswdmcap.ax
0x000007ffb6280000 - 0x000007ffb63d4000 	C:\Windows\System32\MFC42.dll
0x000007ffc3e10000 - 0x000007ffc3ece000 	C:\Windows\System32\ODBC32.dll
0x000007ffb9c70000 - 0x000007ffb9d05000 	C:\Windows\System32\qedit.dll
0x000007ffcfeb0000 - 0x000007ffcff51000 	C:\WINDOWS\system32\COMDLG32.dll
0x000007ffcd4b0000 - 0x000007ffcd650000 	C:\WINDOWS\WinSxS\amd64_microsoft.windows.gdiplus_6595b64144ccf1df_1.1.9200.16384_none_72771d4ecc1c3a4d\gdiplus.dll
0x000007ffb38f0000 - 0x000007ffb39da000 	C:\WINDOWS\SYSTEM32\DDRAW.dll
0x000007ffc7970000 - 0x000007ffc7978000 	C:\WINDOWS\SYSTEM32\DCIMAN32.dll
0x000000005e780000 - 0x000000005e7b4000 	F:\Program Files\Java\Jre7\bin\fontmanager.dll
0x000007ffb4b50000 - 0x000007ffb5cd0000 	C:\WINDOWS\SYSTEM32\nvd3dumx.dll
0x000007ffccdf0000 - 0x000007ffcce33000 	C:\WINDOWS\SYSTEM32\powrprof.dll
0x0000000180000000 - 0x0000000180116000 	C:\Program Files (x86)\NVIDIA Corporation\3D Vision\nvSCPAPI64.dll
0x000007ffca330000 - 0x000007ffca3a4000 	C:\WINDOWS\SYSTEM32\dxgi.dll
0x000007ffc9a40000 - 0x000007ffc9d02000 	C:\WINDOWS\SYSTEM32\nvapi64.dll
0x000007ffc9f50000 - 0x000007ffc9f6f000 	C:\WINDOWS\SYSTEM32\DXGIDebug.dll
0x000000005e9b0000 - 0x000000005e9c9000 	F:\Program Files\Java\Jre7\bin\net.dll
0x000007ffcc760000 - 0x000007ffcc7bc000 	C:\WINDOWS\system32\mswsock.dll
0x000000005e990000 - 0x000000005e9a1000 	F:\Program Files\Java\Jre7\bin\nio.dll
0x000000005e730000 - 0x000000005e771000 	F:\Program Files\Java\Jre7\bin\t2k.dll
0x000007ffca9b0000 - 0x000007ffcab3a000 	C:\WINDOWS\SYSTEM32\WindowsCodecs.dll
0x000007ffccf20000 - 0x000007ffccf35000 	C:\WINDOWS\SYSTEM32\profapi.dll
0x000007ffc8ca0000 - 0x000007ffc8d09000 	C:\WINDOWS\SYSTEM32\oleacc.dll
0x000000005e700000 - 0x000000005e72a000 	F:\Program Files\Java\Jre7\bin\dcpr.dll

VM Arguments:
jvm_args: -Dfile.encoding=Cp1252 
java_command: emcscanner.kth.se.Program
Launcher Type: SUN_STANDARD

Environment Variables:
PATH=C:\Program Files (x86)\NVIDIA Corporation\PhysX\Common;C:\WINDOWS\system32;C:\WINDOWS;C:\WINDOWS\System32\Wbem;C:\WINDOWS\System32\WindowsPowerShell\v1.0\;C:\Program Files (x86)\Microsoft SQL Server\90\Tools\binn\;C:\Program Files (x86)\Autodesk\Backburner\;F:\Program Files\MATLAB\R2012a\runtime\win64;F:\Program Files\MATLAB\R2012a\bin;PROGRAMFILES\Internet Explorer;C:\Program Files\Perforce;F:\Program Files\Perforce;C:\Program Files\Microsoft\Web Platform Installer\;C:\Program Files (x86)\Microsoft ASP.NET\ASP.NET Web Pages\v1.0\;C:\Program Files (x86)\Windows Kits\8.0\Windows Performance Toolkit\;C:\Program Files\Microsoft SQL Server\110\Tools\Binn\;F:\Program Files\Perforce\Server
USERNAME=Jonas
OS=Windows_NT
PROCESSOR_IDENTIFIER=Intel64 Family 6 Model 42 Stepping 7, GenuineIntel



---------------  S Y S T E M  ---------------

OS: Windows 8 , 64 bit Build 9200 

CPU:total 8 (4 cores per cpu, 2 threads per core) family 6 model 42 stepping 7, cmov, cx8, fxsr, mmx, sse, sse2, sse3, ssse3, sse4.1, sse4.2, popcnt, avx, ht, tsc, tscinvbit

Memory: 4k page, physical 16751668k(10301248k free), swap 33528884k(24661708k free)

vm_info: Java HotSpot(TM) 64-Bit Server VM (23.3-b01) for windows-amd64 JRE (1.7.0_07-b11), built on Sep  7 2012 01:19:25 by "java_re" with unknown MS VC++:1600

time: Tue Feb 05 23:53:59 2013
elapsed time: 56 seconds

