#
# A fatal error has been detected by the Java Runtime Environment:
#
#  EXCEPTION_ACCESS_VIOLATION (0xc0000005) at pc=0x000007fe834a8bc0, pid=7888, tid=5540
#
# JRE version: 7.0_07-b11
# Java VM: Java HotSpot(TM) 64-Bit Server VM (23.3-b01 mixed mode windows-amd64 compressed oops)
# Problematic frame:
# C  [ntdll.dll+0x18bc0]  RtlQueueWorkItem+0x8a0
#
# Failed to write core dump. Minidumps are not enabled by default on client versions of Windows
#
# If you would like to submit a bug report, please visit:
#   http://bugreport.sun.com/bugreport/crash.jsp
# The crash happened outside the Java Virtual Machine in native code.
# See problematic frame for where to report the bug.
#

---------------  T H R E A D  ---------------

Current thread (0x000000001a4f9800):  JavaThread "threadDisplay" daemon [_thread_in_native, id=5540, stack(0x0000000018830000,0x0000000018930000)]

siginfo: ExceptionCode=0xc0000005, writing address 0x0000000000000024

Registers:
RAX=0x0000000000000000, RBX=0x0000000018ffbf88, RCX=0x00000000fffffffc, RDX=0x0000000000000650
RSP=0x000000001892ed10, RBP=0x0000000000000000, RSI=0x0000000000000650, RDI=0x0000000000000000
R8 =0xffffffffffffffff, R9 =0x0000000000000004, R10=0x0000000000000000, R11=0x0000000000000246
R12=0x0000000000000000, R13=0x0000000000000000, R14=0x000007f617490000, R15=0x0000000000000000
RIP=0x000007fe834a8bc0, EFLAGS=0x0000000000010213

Top of Stack: (sp=0x000000001892ed10)
0x000000001892ed10:   0000000000000650 00000006fb828003
0x000000001892ed20:   000000001892ed70 00000006fb82bd38
0x000000001892ed30:   0000000000000000 00000006fb828018
0x000000001892ed40:   0000000000000000 000000001892ed68
0x000000001892ed50:   0000000000000000 0000000002c661f8
0x000000001892ed60:   0000000000000000 00000007ab2a8ac0
0x000000001892ed70:   00000007bcd26ea8 000007fe805810ea
0x000000001892ed80:   00000006fb827e85 000000001892edd0
0x000000001892ed90:   00000cbe6d0ce3e7 0000000000000000
0x000000001892eda0:   0000000000000004 0000000000000001
0x000000001892edb0:   000000001eca1050 00000000ff000000
0x000000001892edc0:   0000000000000000 0000000000000000
0x000000001892edd0:   000007f617490000 000007fe8349f4d4
0x000000001892ede0:   0000000000000000 0000000000000000
0x000000001892edf0:   0000000018ffbf88 0000000000000000
0x000000001892ee00:   0000000000000000 000000001a4f99d8 

Instructions: (pc=0x000007fe834a8bc0)
0x000007fe834a8ba0:   43 08 a8 01 0f 85 bd 67 ff ff 8b c8 2b cd f0 0f
0x000007fe834a8bb0:   b1 4b 08 75 ea 48 8b 03 33 ed 48 83 f8 ff 74 03
0x000007fe834a8bc0:   ff 40 24 41 bf 82 03 fe 7f 41 80 3f 00 0f 85 69
0x000007fe834a8bd0:   7a 0e 00 48 83 fe ff 0f 84 bf 7a 0e 00 4c 8b c7 


Register to memory mapping:

RAX=0x0000000000000000 is an unknown value
RBX=0x0000000018ffbf88 is an unknown value
RCX=0x00000000fffffffc is an unknown value
RDX=0x0000000000000650 is an unknown value
RSP=0x000000001892ed10 is pointing into the stack for thread: 0x000000001a4f9800
RBP=0x0000000000000000 is an unknown value
RSI=0x0000000000000650 is an unknown value
RDI=0x0000000000000000 is an unknown value
R8 =0xffffffffffffffff is an unknown value
R9 =0x0000000000000004 is an unknown value
R10=0x0000000000000000 is an unknown value
R11=0x0000000000000246 is an unknown value
R12=0x0000000000000000 is an unknown value
R13=0x0000000000000000 is an unknown value
R14=0x000007f617490000 is an unknown value
R15=0x0000000000000000 is an unknown value


Stack: [0x0000000018830000,0x0000000018930000],  sp=0x000000001892ed10,  free space=1019k
Native frames: (J=compiled Java code, j=interpreted, Vv=VM code, C=native code)
C  [ntdll.dll+0x18bc0]  RtlQueueWorkItem+0x8a0

[error occurred during error reporting (printing native stack), id 0xc0000005]

Java frames: (J=compiled Java code, j=interpreted, Vv=VM code)
j  com.googlecode.javacv.cpp.opencv_highgui.cvRetrieveFrame(Lcom/googlecode/javacv/cpp/opencv_highgui$CvCapture;I)Lcom/googlecode/javacv/cpp/opencv_core$IplImage;+0
j  com.googlecode.javacv.cpp.opencv_highgui.cvRetrieveFrame(Lcom/googlecode/javacv/cpp/opencv_highgui$CvCapture;)Lcom/googlecode/javacv/cpp/opencv_core$IplImage;+2
j  com.googlecode.javacv.OpenCVFrameGrabber.grab()Lcom/googlecode/javacv/cpp/opencv_core$IplImage;+4
j  emcscanner.kth.se.CameraPanel$1.run()V+3
v  ~StubRoutines::call_stub

---------------  P R O C E S S  ---------------

Java Threads: ( => current thread )
  0x0000000019d87800 JavaThread "Thread-0" daemon [_thread_in_native, id=7440, stack(0x0000000019330000,0x0000000019430000)]
  0x0000000019d8c000 JavaThread "Thread-3" [_thread_in_native, id=1976, stack(0x0000000018730000,0x0000000018830000)]
  0x0000000019d4c000 JavaThread "ICEpdf-pagePainter" daemon [_thread_blocked, id=4668, stack(0x000000001f4e0000,0x000000001f5e0000)]
  0x0000000018eee800 JavaThread "ICEpdf-pageInitializer" daemon [_thread_blocked, id=5860, stack(0x0000000018a30000,0x0000000018b30000)]
  0x0000000002a4e000 JavaThread "DestroyJavaVM" [_thread_blocked, id=7732, stack(0x0000000002a60000,0x0000000002b60000)]
=>0x000000001a4f9800 JavaThread "threadDisplay" daemon [_thread_in_native, id=5540, stack(0x0000000018830000,0x0000000018930000)]
  0x0000000018e0e000 JavaThread "TimerQueue" daemon [_thread_blocked, id=3792, stack(0x0000000017370000,0x0000000017470000)]
  0x0000000013f7e000 JavaThread "AWT-EventQueue-0" [_thread_blocked, id=4232, stack(0x0000000019430000,0x0000000019530000)]
  0x0000000013e8d000 JavaThread "AWT-Windows" daemon [_thread_in_native, id=5912, stack(0x0000000014980000,0x0000000014a80000)]
  0x0000000013e84000 JavaThread "AWT-Shutdown" [_thread_blocked, id=5512, stack(0x0000000014880000,0x0000000014980000)]
  0x0000000013e83800 JavaThread "Java2D Disposer" daemon [_thread_blocked, id=3616, stack(0x0000000014780000,0x0000000014880000)]
  0x0000000011789000 JavaThread "Service Thread" daemon [_thread_blocked, id=2572, stack(0x0000000013b70000,0x0000000013c70000)]
  0x000000001177e800 JavaThread "C2 CompilerThread1" daemon [_thread_blocked, id=5020, stack(0x0000000013a70000,0x0000000013b70000)]
  0x0000000011779000 JavaThread "C2 CompilerThread0" daemon [_thread_blocked, id=4896, stack(0x0000000013970000,0x0000000013a70000)]
  0x0000000011777800 JavaThread "Attach Listener" daemon [_thread_blocked, id=3816, stack(0x0000000013870000,0x0000000013970000)]
  0x000000001176b000 JavaThread "Signal Dispatcher" daemon [_thread_blocked, id=1444, stack(0x0000000013770000,0x0000000013870000)]
  0x000000001170e800 JavaThread "Finalizer" daemon [_thread_blocked, id=7936, stack(0x0000000013670000,0x0000000013770000)]
  0x0000000011707000 JavaThread "Reference Handler" daemon [_thread_blocked, id=224, stack(0x0000000013570000,0x0000000013670000)]

Other Threads:
  0x0000000011702000 VMThread [stack: 0x0000000013470000,0x0000000013570000] [id=8012]
  0x00000000117a6800 WatcherThread [stack: 0x0000000013c70000,0x0000000013d70000] [id=7964]

VM state:not at safepoint (normal execution)

VM Mutex/Monitor currently owned by a thread: None

Heap
 PSYoungGen      total 291776K, used 247321K [0x00000007aacb0000, 0x00000007be990000, 0x0000000800000000)
  eden space 261888K, 85% used [0x00000007aacb0000,0x00000007b87b6728,0x00000007bac70000)
  from space 29888K, 77% used [0x00000007bcc60000,0x00000007be2dffa0,0x00000007be990000)
  to   space 31296K, 0% used [0x00000007bac70000,0x00000007bac70000,0x00000007bcb00000)
 ParOldGen       total 174528K, used 62638K [0x0000000700600000, 0x000000070b070000, 0x00000007aacb0000)
  object space 174528K, 35% used [0x0000000700600000,0x000000070432b968,0x000000070b070000)
 PSPermGen       total 21248K, used 17691K [0x00000006fb400000, 0x00000006fc8c0000, 0x0000000700600000)
  object space 21248K, 83% used [0x00000006fb400000,0x00000006fc546e08,0x00000006fc8c0000)

Card table byte_map: [0x0000000005d20000,0x0000000006550000] byte_map_base: 0x0000000002546000

Polling page: 0x0000000001140000

Code Cache  [0x0000000002c60000, 0x0000000002ed0000, 0x0000000005c60000)
 total_blobs=845 nmethods=257 adapters=539 free_code_cache=47781Kb largest_free_block=48884864

Compilation events (10 events):
Event: 4.867 Thread 0x0000000011779000 nmethod 256 0x0000000002d7d2d0 code [0x0000000002d7d420, 0x0000000002d7d498]
Event: 4.868 Thread 0x000000001177e800 nmethod 255 0x0000000002d7ce50 code [0x0000000002d7cfa0, 0x0000000002d7d148]
Event: 4.871 Thread 0x0000000011779000  257             java.awt.Component::checkTreeLock (21 bytes)
Event: 4.872 Thread 0x0000000011779000 nmethod 257 0x0000000002d7c710 code [0x0000000002d7c860, 0x0000000002d7c908]
Event: 5.677 Thread 0x000000001177e800  259             java.util.HashMap::clear (39 bytes)
Event: 5.678 Thread 0x000000001177e800 nmethod 259 0x0000000002d9a890 code [0x0000000002d9a9c0, 0x0000000002d9aad8]
Event: 6.245 Thread 0x0000000011779000  260             java.util.IdentityHashMap::clear (39 bytes)
Event: 6.246 Thread 0x0000000011779000 nmethod 260 0x0000000002d9a590 code [0x0000000002d9a6c0, 0x0000000002d9a7f8]
Event: 6.607 Thread 0x000000001177e800  261             java.util.IdentityHashMap$IdentityHashMapIterator::hasNext (50 bytes)
Event: 6.608 Thread 0x000000001177e800 nmethod 261 0x0000000002d9a1d0 code [0x0000000002d9a300, 0x0000000002d9a4b8]

GC Heap History (10 events):
Event: 4.927 GC heap before
{Heap before GC invocations=2 (full 0):
 PSYoungGen      total 76352K, used 73552K [0x00000007aacb0000, 0x00000007b01e0000, 0x0000000800000000)
  eden space 65472K, 95% used [0x00000007aacb0000,0x00000007ae9e8ec8,0x00000007aeca0000)
  from space 10880K, 99% used [0x00000007aeca0000,0x00000007af73b158,0x00000007af740000)
  to   space 10880K, 0% used [0x00000007af740000,0x00000007af740000,0x00000007b01e0000)
 ParOldGen       total 174528K, used 698K [0x0000000700600000, 0x000000070b070000, 0x00000007aacb0000)
  object space 174528K, 0% used [0x0000000700600000,0x00000007006aea40,0x000000070b070000)
 PSPermGen       total 21248K, used 17632K [0x00000006fb400000, 0x00000006fc8c0000, 0x0000000700600000)
  object space 21248K, 82% used [0x00000006fb400000,0x00000006fc5382e0,0x00000006fc8c0000)
Event: 4.936 GC heap after
Heap after GC invocations=2 (full 0):
 PSYoungGen      total 76352K, used 10853K [0x00000007aacb0000, 0x00000007b01e0000, 0x0000000800000000)
  eden space 65472K, 0% used [0x00000007aacb0000,0x00000007aacb0000,0x00000007aeca0000)
  from space 10880K, 99% used [0x00000007af740000,0x00000007b01d96f0,0x00000007b01e0000)
  to   space 10880K, 0% used [0x00000007aeca0000,0x00000007aeca0000,0x00000007af740000)
 ParOldGen       total 174528K, used 19949K [0x0000000700600000, 0x000000070b070000, 0x00000007aacb0000)
  object space 174528K, 11% used [0x0000000700600000,0x000000070197b558,0x000000070b070000)
 PSPermGen       total 21248K, used 17632K [0x00000006fb400000, 0x00000006fc8c0000, 0x0000000700600000)
  object space 21248K, 82% used [0x00000006fb400000,0x00000006fc5382e0,0x00000006fc8c0000)
}
Event: 5.289 GC heap before
{Heap before GC invocations=3 (full 0):
 PSYoungGen      total 76352K, used 73589K [0x00000007aacb0000, 0x00000007b01e0000, 0x0000000800000000)
  eden space 65472K, 95% used [0x00000007aacb0000,0x00000007ae9f3e38,0x00000007aeca0000)
  from space 10880K, 99% used [0x00000007af740000,0x00000007b01d96f0,0x00000007b01e0000)
  to   space 10880K, 0% used [0x00000007aeca0000,0x00000007aeca0000,0x00000007af740000)
 ParOldGen       total 174528K, used 19949K [0x0000000700600000, 0x000000070b070000, 0x00000007aacb0000)
  object space 174528K, 11% used [0x0000000700600000,0x000000070197b558,0x000000070b070000)
 PSPermGen       total 21248K, used 17633K [0x00000006fb400000, 0x00000006fc8c0000, 0x0000000700600000)
  object space 21248K, 82% used [0x00000006fb400000,0x00000006fc5385c8,0x00000006fc8c0000)
Event: 5.297 GC heap after
Heap after GC invocations=3 (full 0):
 PSYoungGen      total 76352K, used 10853K [0x00000007aacb0000, 0x00000007b41d0000, 0x0000000800000000)
  eden space 65472K, 0% used [0x00000007aacb0000,0x00000007aacb0000,0x00000007aeca0000)
  from space 10880K, 99% used [0x00000007aeca0000,0x00000007af7396f0,0x00000007af740000)
  to   space 10880K, 0% used [0x00000007b3730000,0x00000007b3730000,0x00000007b41d0000)
 ParOldGen       total 174528K, used 38214K [0x0000000700600000, 0x000000070b070000, 0x00000007aacb0000)
  object space 174528K, 21% used [0x0000000700600000,0x0000000702b51988,0x000000070b070000)
 PSPermGen       total 21248K, used 17633K [0x00000006fb400000, 0x00000006fc8c0000, 0x0000000700600000)
  object space 21248K, 82% used [0x00000006fb400000,0x00000006fc5385c8,0x00000006fc8c0000)
}
Event: 5.625 GC heap before
{Heap before GC invocations=4 (full 0):
 PSYoungGen      total 76352K, used 72908K [0x00000007aacb0000, 0x00000007b41d0000, 0x0000000800000000)
  eden space 65472K, 94% used [0x00000007aacb0000,0x00000007ae949d00,0x00000007aeca0000)
  from space 10880K, 99% used [0x00000007aeca0000,0x00000007af7396f0,0x00000007af740000)
  to   space 10880K, 0% used [0x00000007b3730000,0x00000007b3730000,0x00000007b41d0000)
 ParOldGen       total 174528K, used 38214K [0x0000000700600000, 0x000000070b070000, 0x00000007aacb0000)
  object space 174528K, 21% used [0x0000000700600000,0x0000000702b51988,0x000000070b070000)
 PSPermGen       total 21248K, used 17635K [0x00000006fb400000, 0x00000006fc8c0000, 0x0000000700600000)
  object space 21248K, 82% used [0x00000006fb400000,0x00000006fc538ef0,0x00000006fc8c0000)
Event: 5.631 GC heap after
Heap after GC invocations=4 (full 0):
 PSYoungGen      total 141824K, used 10869K [0x00000007aacb0000, 0x00000007b41d0000, 0x0000000800000000)
  eden space 130944K, 0% used [0x00000007aacb0000,0x00000007aacb0000,0x00000007b2c90000)
  from space 10880K, 99% used [0x00000007b3730000,0x00000007b41cd700,0x00000007b41d0000)
  to   space 10880K, 0% used [0x00000007b2c90000,0x00000007b2c90000,0x00000007b3730000)
 ParOldGen       total 174528K, used 50404K [0x0000000700600000, 0x000000070b070000, 0x00000007aacb0000)
  object space 174528K, 28% used [0x0000000700600000,0x00000007037391a8,0x000000070b070000)
 PSPermGen       total 21248K, used 17635K [0x00000006fb400000, 0x00000006fc8c0000, 0x0000000700600000)
  object space 21248K, 82% used [0x00000006fb400000,0x00000006fc538ef0,0x00000006fc8c0000)
}
Event: 6.321 GC heap before
{Heap before GC invocations=5 (full 0):
 PSYoungGen      total 141824K, used 139781K [0x00000007aacb0000, 0x00000007b41d0000, 0x0000000800000000)
  eden space 130944K, 98% used [0x00000007aacb0000,0x00000007b2a93ed8,0x00000007b2c90000)
  from space 10880K, 99% used [0x00000007b3730000,0x00000007b41cd700,0x00000007b41d0000)
  to   space 10880K, 0% used [0x00000007b2c90000,0x00000007b2c90000,0x00000007b3730000)
 ParOldGen       total 174528K, used 50404K [0x0000000700600000, 0x000000070b070000, 0x00000007aacb0000)
  object space 174528K, 28% used [0x0000000700600000,0x00000007037391a8,0x000000070b070000)
 PSPermGen       total 21248K, used 17637K [0x00000006fb400000, 0x00000006fc8c0000, 0x0000000700600000)
  object space 21248K, 83% used [0x00000006fb400000,0x00000006fc539440,0x00000006fc8c0000)
Event: 6.329 GC heap after
Heap after GC invocations=5 (full 0):
 PSYoungGen      total 141824K, used 10865K [0x00000007aacb0000, 0x00000007bec50000, 0x0000000800000000)
  eden space 130944K, 0% used [0x00000007aacb0000,0x00000007aacb0000,0x00000007b2c90000)
  from space 10880K, 99% used [0x00000007b2c90000,0x00000007b372c690,0x00000007b3730000)
  to   space 32704K, 0% used [0x00000007bcc60000,0x00000007bcc60000,0x00000007bec50000)
 ParOldGen       total 174528K, used 62638K [0x0000000700600000, 0x000000070b070000, 0x00000007aacb0000)
  object space 174528K, 35% used [0x0000000700600000,0x000000070432b968,0x000000070b070000)
 PSPermGen       total 21248K, used 17637K [0x00000006fb400000, 0x00000006fc8c0000, 0x0000000700600000)
  object space 21248K, 83% used [0x00000006fb400000,0x00000006fc539440,0x00000006fc8c0000)
}
Event: 7.025 GC heap before
{Heap before GC invocations=6 (full 0):
 PSYoungGen      total 141824K, used 139698K [0x00000007aacb0000, 0x00000007bec50000, 0x0000000800000000)
  eden space 130944K, 98% used [0x00000007aacb0000,0x00000007b2a803c0,0x00000007b2c90000)
  from space 10880K, 99% used [0x00000007b2c90000,0x00000007b372c690,0x00000007b3730000)
  to   space 32704K, 0% used [0x00000007bcc60000,0x00000007bcc60000,0x00000007bec50000)
 ParOldGen       total 174528K, used 62638K [0x0000000700600000, 0x000000070b070000, 0x00000007aacb0000)
  object space 174528K, 35% used [0x0000000700600000,0x000000070432b968,0x000000070b070000)
 PSPermGen       total 21248K, used 17637K [0x00000006fb400000, 0x00000006fc8c0000, 0x0000000700600000)
  object space 21248K, 83% used [0x00000006fb400000,0x00000006fc5397c0,0x00000006fc8c0000)
Event: 7.032 GC heap after
Heap after GC invocations=6 (full 0):
 PSYoungGen      total 291776K, used 23039K [0x00000007aacb0000, 0x00000007be990000, 0x0000000800000000)
  eden space 261888K, 0% used [0x00000007aacb0000,0x00000007aacb0000,0x00000007bac70000)
  from space 29888K, 77% used [0x00000007bcc60000,0x00000007be2dffa0,0x00000007be990000)
  to   space 31296K, 0% used [0x00000007bac70000,0x00000007bac70000,0x00000007bcb00000)
 ParOldGen       total 174528K, used 62638K [0x0000000700600000, 0x000000070b070000, 0x00000007aacb0000)
  object space 174528K, 35% used [0x0000000700600000,0x000000070432b968,0x000000070b070000)
 PSPermGen       total 21248K, used 17637K [0x00000006fb400000, 0x00000006fc8c0000, 0x0000000700600000)
  object space 21248K, 83% used [0x00000006fb400000,0x00000006fc5397c0,0x00000006fc8c0000)
}

Deoptimization events (10 events):
Event: 1.106 Thread 0x0000000002a4e000 Uncommon trap -58 fr.pc 0x0000000002d16d24
Event: 1.107 Thread 0x0000000002a4e000 Uncommon trap -58 fr.pc 0x0000000002d16d24
Event: 1.107 Thread 0x0000000002a4e000 Uncommon trap -58 fr.pc 0x0000000002d16d24
Event: 3.786 Thread 0x0000000013f7e000 Uncommon trap -83 fr.pc 0x0000000002d0bf04
Event: 3.829 Thread 0x0000000018eee800 Uncommon trap -83 fr.pc 0x0000000002d0baf4
Event: 3.875 Thread 0x0000000018eee800 Uncommon trap -83 fr.pc 0x0000000002d0b744
Event: 3.888 Thread 0x0000000018eee800 Uncommon trap -83 fr.pc 0x0000000002d6b168
Event: 3.940 Thread 0x0000000018eee800 Uncommon trap -83 fr.pc 0x0000000002d711cc
Event: 3.969 Thread 0x0000000018eee800 Uncommon trap -83 fr.pc 0x0000000002d2dc18
Event: 4.156 Thread 0x0000000019d4c000 Uncommon trap -83 fr.pc 0x0000000002d9387c

Internal exceptions (10 events):
Event: 3.979 Thread 0x0000000018eee800 Threw 0x00000007ae22a240 at C:\jdk7u1_64p\jdk7u7\hotspot\src\share\vm\prims\jvm.cpp:1166
Event: 4.011 Thread 0x0000000018eee800 Threw 0x00000007ae361878 at C:\jdk7u1_64p\jdk7u7\hotspot\src\share\vm\prims\jvm.cpp:1166
Event: 4.011 Thread 0x0000000018eee800 Threw 0x00000007ae364648 at C:\jdk7u1_64p\jdk7u7\hotspot\src\share\vm\prims\jvm.cpp:1166
Event: 4.014 Thread 0x0000000018eee800 Threw 0x00000007ae374ab0 at C:\jdk7u1_64p\jdk7u7\hotspot\src\share\vm\prims\jvm.cpp:1166
Event: 4.014 Thread 0x0000000018eee800 Threw 0x00000007ae377880 at C:\jdk7u1_64p\jdk7u7\hotspot\src\share\vm\prims\jvm.cpp:1166
Event: 4.015 Thread 0x0000000018eee800 Threw 0x00000007ae37aa30 at C:\jdk7u1_64p\jdk7u7\hotspot\src\share\vm\prims\jvm.cpp:1166
Event: 4.015 Thread 0x0000000018eee800 Threw 0x00000007ae37d800 at C:\jdk7u1_64p\jdk7u7\hotspot\src\share\vm\prims\jvm.cpp:1166
Event: 4.138 Thread 0x0000000019d4c000 Threw 0x00000007ae8f2108 at C:\jdk7u1_64p\jdk7u7\hotspot\src\share\vm\prims\jvm.cpp:1166
Event: 4.141 Thread 0x0000000019d4c000 Threw 0x00000007ae902998 at C:\jdk7u1_64p\jdk7u7\hotspot\src\share\vm\prims\jvm.cpp:1166
Event: 4.342 Thread 0x0000000019d4c000 Threw 0x00000007abf457c8 at C:\jdk7u1_64p\jdk7u7\hotspot\src\share\vm\prims\jvm.cpp:1166

Events (10 events):
Event: 7.137 loading class 0x0000000013da8c70 done
Event: 7.137 loading class 0x0000000013da8f30
Event: 7.137 loading class 0x0000000013da8f30 done
Event: 7.137 loading class 0x0000000013da9970
Event: 7.137 loading class 0x0000000018befc70
Event: 7.137 loading class 0x0000000018befc70 done
Event: 7.137 loading class 0x00000000140e7ed0
Event: 7.137 loading class 0x00000000140e7ed0 done
Event: 7.137 loading class 0x0000000013da9970 done
Event: 8.382 Thread 0x0000000013fb1800 Thread exited: 0x0000000013fb1800


Dynamic libraries:
0x000007f617cb0000 - 0x000007f617ce4000 	F:\Program Files\Java\Jre7\bin\javaw.exe
0x000007fe83490000 - 0x000007fe8364e000 	C:\WINDOWS\SYSTEM32\ntdll.dll
0x000007fe83350000 - 0x000007fe83486000 	C:\WINDOWS\system32\KERNEL32.DLL
0x000007fe80580000 - 0x000007fe80673000 	C:\WINDOWS\system32\KERNELBASE.dll
0x000007fe82eb0000 - 0x000007fe82f8e000 	C:\WINDOWS\system32\ADVAPI32.dll
0x000007fe80a10000 - 0x000007fe80b5c000 	C:\WINDOWS\system32\USER32.dll
0x000007fe7db90000 - 0x000007fe7ddf9000 	C:\WINDOWS\WinSxS\amd64_microsoft.windows.common-controls_6595b64144ccf1df_6.0.9200.16384_none_418c2a697189c07f\COMCTL32.dll
0x000007fe82890000 - 0x000007fe82935000 	C:\WINDOWS\system32\msvcrt.dll
0x000007fe82840000 - 0x000007fe82888000 	C:\WINDOWS\SYSTEM32\sechost.dll
0x000007fe82970000 - 0x000007fe82ab0000 	C:\WINDOWS\system32\RPCRT4.dll
0x000007fe82ab0000 - 0x000007fe82bf0000 	C:\WINDOWS\system32\GDI32.dll
0x000007fe80b60000 - 0x000007fe80b99000 	C:\WINDOWS\system32\IMM32.DLL
0x000007fe82720000 - 0x000007fe82835000 	C:\WINDOWS\system32\MSCTF.dll
0x000007fe80380000 - 0x000007fe80388000 	C:\PROGRA~2\NVIDIA~1\3DVISI~1\NVSTIN~1.DLL
0x000007fe82940000 - 0x000007fe82947000 	C:\WINDOWS\system32\PSAPI.DLL
0x000000006acd0000 - 0x000000006ad73000 	C:\WINDOWS\WinSxS\amd64_microsoft.vc90.crt_1fc8b3b9a1e18e3b_9.0.30729.6871_none_08e717a5a83adddf\MSVCR90.dll
0x0000000069bb0000 - 0x0000000069c81000 	F:\Program Files\Java\Jre7\bin\msvcr100.dll
0x0000000068a20000 - 0x000000006913f000 	F:\Program Files\Java\Jre7\bin\server\jvm.dll
0x000007fe78b00000 - 0x000007fe78b09000 	C:\WINDOWS\SYSTEM32\WSOCK32.dll
0x000007fe7de20000 - 0x000007fe7de40000 	C:\WINDOWS\SYSTEM32\WINMM.dll
0x000007fe826a0000 - 0x000007fe826f8000 	C:\WINDOWS\system32\WS2_32.dll
0x000007fe7d3c0000 - 0x000007fe7d3f2000 	C:\WINDOWS\SYSTEM32\WINMMBASE.dll
0x000007fe82700000 - 0x000007fe82709000 	C:\WINDOWS\system32\NSI.dll
0x0000000069ba0000 - 0x0000000069baf000 	F:\Program Files\Java\Jre7\bin\verify.dll
0x0000000069b70000 - 0x0000000069b98000 	F:\Program Files\Java\Jre7\bin\java.dll
0x0000000069b50000 - 0x0000000069b65000 	F:\Program Files\Java\Jre7\bin\zip.dll
0x0000000068880000 - 0x0000000068a13000 	F:\Program Files\Java\Jre7\bin\awt.dll
0x000007fe808e0000 - 0x000007fe809a3000 	C:\WINDOWS\system32\OLEAUT32.dll
0x000007fe80ba0000 - 0x000007fe80d50000 	C:\WINDOWS\system32\combase.dll
0x000007fe7a5b0000 - 0x000007fe7a64f000 	C:\WINDOWS\system32\apphelp.dll
0x000007fe7e2c0000 - 0x000007fe7e2e1000 	C:\WINDOWS\system32\DWMAPI.DLL
0x000007fe7f180000 - 0x000007fe7f263000 	C:\WINDOWS\system32\uxtheme.dll
0x000007fe7a660000 - 0x000007fe7a6f5000 	C:\Program Files\Common Files\microsoft shared\ink\tiptsf.dll
0x000007fe80eb0000 - 0x000007fe8102e000 	C:\WINDOWS\system32\ole32.dll
0x000007fe801d0000 - 0x000007fe801da000 	C:\WINDOWS\SYSTEM32\CRYPTBASE.dll
0x000007fe80170000 - 0x000007fe801cc000 	C:\WINDOWS\SYSTEM32\bcryptPrimitives.dll
0x000007fe6ef80000 - 0x000007fe6f180000 	C:\WINDOWS\system32\d3d9.dll
0x000007fe7e110000 - 0x000007fe7e119000 	C:\WINDOWS\SYSTEM32\VERSION.dll
0x000007fe5c060000 - 0x000007fe5d1e0000 	C:\WINDOWS\SYSTEM32\nvd3dumx.dll
0x000007fe80270000 - 0x000007fe802b3000 	C:\WINDOWS\SYSTEM32\powrprof.dll
0x0000000180000000 - 0x0000000180116000 	C:\Program Files (x86)\NVIDIA Corporation\3D Vision\nvSCPAPI64.dll
0x000007fe82f90000 - 0x000007fe83160000 	C:\WINDOWS\system32\SETUPAPI.dll
0x000007fe7dab0000 - 0x000007fe7db24000 	C:\WINDOWS\SYSTEM32\dxgi.dll
0x000007fe81050000 - 0x000007fe82338000 	C:\WINDOWS\system32\SHELL32.dll
0x000007fe80680000 - 0x000007fe806cf000 	C:\WINDOWS\system32\CFGMGR32.dll
0x000007fe808b0000 - 0x000007fe808d2000 	C:\WINDOWS\system32\DEVOBJ.dll
0x000007fe83300000 - 0x000007fe83350000 	C:\WINDOWS\system32\SHLWAPI.dll
0x000007fe7ceb0000 - 0x000007fe7d172000 	C:\WINDOWS\SYSTEM32\nvapi64.dll
0x000007fe80520000 - 0x000007fe80575000 	C:\WINDOWS\system32\WINTRUST.dll
0x000007fe806d0000 - 0x000007fe808a7000 	C:\WINDOWS\system32\CRYPT32.dll
0x000007fe80450000 - 0x000007fe80466000 	C:\WINDOWS\system32\MSASN1.dll
0x000007fe7d400000 - 0x000007fe7d41f000 	C:\WINDOWS\SYSTEM32\DXGIDebug.dll
0x000007fe7f550000 - 0x000007fe7f5e6000 	C:\WINDOWS\SYSTEM32\shcore.dll
0x0000000068840000 - 0x0000000068874000 	F:\Program Files\Java\Jre7\bin\fontmanager.dll
0x0000000069b30000 - 0x0000000069b49000 	F:\Program Files\Java\Jre7\bin\net.dll
0x000007fe7fbe0000 - 0x000007fe7fc3c000 	C:\WINDOWS\system32\mswsock.dll
0x0000000069b10000 - 0x0000000069b21000 	F:\Program Files\Java\Jre7\bin\nio.dll
0x00000000687f0000 - 0x0000000068831000 	F:\Program Files\Java\Jre7\bin\t2k.dll
0x000007fe82bf0000 - 0x000007fe82c86000 	C:\WINDOWS\SYSTEM32\clbcatq.dll
0x000007fe7df80000 - 0x000007fe7e10a000 	C:\WINDOWS\SYSTEM32\WindowsCodecs.dll
0x000007fe803a0000 - 0x000007fe803b5000 	C:\WINDOWS\SYSTEM32\profapi.dll
0x0000000069ed0000 - 0x0000000069f68000 	C:\Windows\System32\msvcp100.dll
0x000007fe692b0000 - 0x000007fe69508000 	C:\opencv\build\x64\vc10\bin\opencv_core243.dll
0x000007fe6cc80000 - 0x000007fe6cd15000 	C:\Users\Jonas\AppData\Local\Temp\javacpp102808727761689\jniopencv_core.dll
0x000007fe68b50000 - 0x000007fe68df5000 	C:\opencv\build\x64\vc10\bin\opencv_imgproc243.dll
0x000007fe77cd0000 - 0x000007fe77d18000 	C:\Users\Jonas\AppData\Local\Temp\javacpp102808727761689\jniopencv_imgproc.dll
0x0000000066840000 - 0x00000000675ca000 	C:\opencv\build\x64\vc10\bin\opencv_ffmpeg243_64.dll
0x000007fe68900000 - 0x000007fe68b4b000 	C:\opencv\build\x64\vc10\bin\opencv_highgui243.dll
0x000007fe77d80000 - 0x000007fe77da0000 	C:\WINDOWS\SYSTEM32\AVIFIL32.dll
0x000007fe77630000 - 0x000007fe77659000 	C:\WINDOWS\SYSTEM32\MSVFW32.dll
0x000007fe77d60000 - 0x000007fe77d77000 	C:\WINDOWS\SYSTEM32\AVICAP32.dll
0x000007fe677e0000 - 0x000007fe677f9000 	C:\WINDOWS\SYSTEM32\MSACM32.dll
0x000007fe77cb0000 - 0x000007fe77cc3000 	C:\Users\Jonas\AppData\Local\Temp\javacpp102808727761689\jniopencv_highgui.dll
0x000007fe77610000 - 0x000007fe77627000 	C:\Windows\System32\devenum.dll
0x000007fe796e0000 - 0x000007fe7970e000 	C:\WINDOWS\SYSTEM32\ntmarta.dll
0x000007fe7a500000 - 0x000007fe7a50d000 	C:\WINDOWS\SYSTEM32\msdmo.dll
0x000007fe774e0000 - 0x000007fe7750f000 	C:\Windows\System32\qcap.dll
0x000007fe69ef0000 - 0x000007fe6a0a8000 	C:\Windows\System32\quartz.dll
0x000007fe70270000 - 0x000007fe702af000 	C:\Windows\System32\ksproxy.ax
0x000007fe6d940000 - 0x000007fe6d947000 	C:\Windows\System32\ksuser.dll
0x000007fe78590000 - 0x000007fe7859c000 	C:\Windows\System32\vidcap.ax
0x000007fe70210000 - 0x000007fe70234000 	C:\Windows\System32\kswdmcap.ax
0x000007fe6bb50000 - 0x000007fe6bca4000 	C:\Windows\System32\MFC42.dll
0x000007fe6e770000 - 0x000007fe6e82e000 	C:\Windows\System32\ODBC32.dll
0x000007fe6cbe0000 - 0x000007fe6cc75000 	C:\Windows\System32\qedit.dll
0x000007fe823b0000 - 0x000007fe82451000 	C:\WINDOWS\system32\COMDLG32.dll
0x000007fe83160000 - 0x000007fe83300000 	C:\WINDOWS\WinSxS\amd64_microsoft.windows.gdiplus_6595b64144ccf1df_1.1.9200.16384_none_72771d4ecc1c3a4d\gdiplus.dll
0x000007fe67cd0000 - 0x000007fe67dba000 	C:\WINDOWS\SYSTEM32\DDRAW.dll
0x000007fe7d1b0000 - 0x000007fe7d1b8000 	C:\WINDOWS\SYSTEM32\DCIMAN32.dll
0x000007fe7d2d0000 - 0x000007fe7d339000 	C:\WINDOWS\SYSTEM32\oleacc.dll
0x00000000687c0000 - 0x00000000687ea000 	F:\Program Files\Java\Jre7\bin\dcpr.dll
0x000007fe6c260000 - 0x000007fe6c3c3000 	C:\WINDOWS\SYSTEM32\dbghelp.dll

VM Arguments:
jvm_args: -Dfile.encoding=Cp1252 
java_command: emcscanner.kth.se.Program
Launcher Type: SUN_STANDARD

Environment Variables:
PATH=C:\Program Files (x86)\NVIDIA Corporation\PhysX\Common;C:\WINDOWS\system32;C:\WINDOWS;C:\WINDOWS\System32\Wbem;C:\WINDOWS\System32\WindowsPowerShell\v1.0\;C:\Program Files (x86)\Microsoft SQL Server\90\Tools\binn\;C:\Program Files (x86)\Autodesk\Backburner\;F:\Program Files\MATLAB\R2012a\runtime\win64;F:\Program Files\MATLAB\R2012a\bin;C:\Program Files\Internet Explorer;C:\Program Files\Perforce;F:\Program Files\Perforce;C:\Program Files\Microsoft\Web Platform Installer\;C:\Program Files (x86)\Microsoft ASP.NET\ASP.NET Web Pages\v1.0\;C:\Program Files (x86)\Windows Kits\8.0\Windows Performance Toolkit\;C:\Program Files\Microsoft SQL Server\110\Tools\Binn\;F:\Program Files\Perforce\Server
USERNAME=Jonas
OS=Windows_NT
PROCESSOR_IDENTIFIER=Intel64 Family 6 Model 42 Stepping 7, GenuineIntel



---------------  S Y S T E M  ---------------

OS: Windows 8 , 64 bit Build 9200 

CPU:total 8 (4 cores per cpu, 2 threads per core) family 6 model 42 stepping 7, cmov, cx8, fxsr, mmx, sse, sse2, sse3, ssse3, sse4.1, sse4.2, popcnt, avx, ht, tsc, tscinvbit

Memory: 4k page, physical 16751668k(11471748k free), swap 33528884k(25750216k free)

vm_info: Java HotSpot(TM) 64-Bit Server VM (23.3-b01) for windows-amd64 JRE (1.7.0_07-b11), built on Sep  7 2012 01:19:25 by "java_re" with unknown MS VC++:1600

time: Wed Jan 23 01:07:58 2013
elapsed time: 8 seconds

