#
# A fatal error has been detected by the Java Runtime Environment:
#
#  EXCEPTION_ACCESS_VIOLATION (0xc0000005) at pc=0x0000000002a1faba, pid=5384, tid=8220
#
# JRE version: 7.0_07-b11
# Java VM: Java HotSpot(TM) 64-Bit Server VM (23.3-b01 mixed mode windows-amd64 compressed oops)
# Problematic frame:
# J  com.googlecode.javacv.cpp.opencv_core$IplImage.flipCopyWithGamma(Ljava/nio/ByteBuffer;ILjava/nio/ByteBuffer;IZDZI)V
#
# Failed to write core dump. Minidumps are not enabled by default on client versions of Windows
#
# If you would like to submit a bug report, please visit:
#   http://bugreport.sun.com/bugreport/crash.jsp
#

---------------  T H R E A D  ---------------

Current thread (0x0000000013ac7800):  JavaThread "threadDisplayCamera" daemon [_thread_in_Java, id=8220, stack(0x000000001aa70000,0x000000001ab70000)]

siginfo: ExceptionCode=0xc0000005, reading address 0x000000001a9e999e

Registers:
RAX=0x00000000000000b9, RBX=0x00000000005eec00, RCX=0x0000000000000000, RDX=0x000000001a474050
RSP=0x000000001ab6ec10, RBP=0x00000007ac140c98, RSI=0x00000007ac141910, RDI=0x00000000005eec00
R8 =0x000000000057594e, R9 =0x000000000057594f, R10=0x000000000000167f, R11=0x00000000005eec00
R12=0x0000000000000000, R13=0x000000000057594e, R14=0x00000000000012cd, R15=0x0000000013ac7800
RIP=0x0000000002a1faba, EFLAGS=0x0000000000010203

Top of Stack: (sp=0x000000001ab6ec10)
0x000000001ab6ec10:   00000007ac141910 00000000005eec00
0x000000001ab6ec20:   00000000005eec00 0000000000000000
0x000000001ab6ec30:   3ff0000000000000 00000007ac140c58
0x000000001ab6ec40:   00000007ac140c98 3ff0000000000000
0x000000001ab6ec50:   0057468000000000 df6aba8200574680
0x000000001ab6ec60:   00001680df6c66a9 0000000000001680
0x000000001ab6ec70:   00000007ac140cc8 00001680ffffffff
0x000000001ab6ec80:   00000007ac140c98 00000007ac140c58
0x000000001ab6ec90:   00000000f5828322 0000000000000000
0x000000001ab6eca0:   00000007ac141910 00000007ac140c98
0x000000001ab6ecb0:   00000007ac140c98 000000001ab6ecb8
0x000000001ab6ecc0:   000000001ab6ed78 00000000028c61f8
0x000000001ab6ecd0:   0000000000000000 00000006fc413248
0x000000001ab6ece0:   00000006fb555c58 00000000028c61f8
0x000000001ab6ecf0:   0000000000000000 0000000000000000
0x000000001ab6ed00:   3ff0000000000000 0000000000000000 

Instructions: (pc=0x0000000002a1faba)
0x0000000002a1fa9a:   10 44 3b c7 0f 8d 26 01 00 00 45 8b c8 41 ff c1
0x0000000002a1faaa:   44 89 4d 18 48 8b 6c 24 70 44 8b 6d 18 4d 63 c0
0x0000000002a1faba:   42 0f b6 04 02 44 3b eb 0f 8d 32 01 00 00 45 8b
0x0000000002a1faca:   cd 44 03 c9 41 ff c5 44 89 6d 18 45 3b cb 0f 83 


Register to memory mapping:

RAX=0x00000000000000b9 is an unknown value
RBX=0x00000000005eec00 is an unknown value
RCX=0x0000000000000000 is an unknown value
RDX=0x000000001a474050 is an unknown value
RSP=0x000000001ab6ec10 is pointing into the stack for thread: 0x0000000013ac7800
RBP=0x00000007ac140c98 is an oop
java.nio.HeapByteBuffer 
 - klass: 'java/nio/HeapByteBuffer'
RSI=0x00000007ac141910 is an oop
[B 
 - klass: {type array byte}
 - length: 6220800
RDI=0x00000000005eec00 is an unknown value
R8 =0x000000000057594e is an unknown value
R9 =0x000000000057594f is an unknown value
R10=0x000000000000167f is an unknown value
R11=0x00000000005eec00 is an unknown value
R12=0x0000000000000000 is an unknown value
R13=0x000000000057594e is an unknown value
R14=0x00000000000012cd is an unknown value
R15=0x0000000013ac7800 is a thread


Stack: [0x000000001aa70000,0x000000001ab70000],  sp=0x000000001ab6ec10,  free space=1019k
Native frames: (J=compiled Java code, j=interpreted, Vv=VM code, C=native code)
J  com.googlecode.javacv.cpp.opencv_core$IplImage.flipCopyWithGamma(Ljava/nio/ByteBuffer;ILjava/nio/ByteBuffer;IZDZI)V


---------------  P R O C E S S  ---------------

Java Threads: ( => current thread )
  0x0000000021ae4800 JavaThread "ICEpdf-pagePainter" daemon [_thread_blocked, id=6484, stack(0x0000000025f70000,0x0000000026070000)]
  0x000000002197d800 JavaThread "ICEpdf-pageInitializer" daemon [_thread_blocked, id=1156, stack(0x0000000025d40000,0x0000000025e40000)]
  0x00000000026be000 JavaThread "DestroyJavaVM" [_thread_blocked, id=4408, stack(0x00000000026c0000,0x00000000027c0000)]
  0x0000000022910800 JavaThread "D3D Screen Updater" daemon [_thread_blocked, id=5280, stack(0x00000000238e0000,0x00000000239e0000)]
  0x0000000014d1b800 JavaThread "TimerQueue" daemon [_thread_blocked, id=6588, stack(0x0000000020fd0000,0x00000000210d0000)]
  0x0000000014ba9000 JavaThread "threadDisplayDensity" daemon [_thread_blocked, id=8252, stack(0x000000001d380000,0x000000001d480000)]
  0x0000000014843800 JavaThread "AWT-EventQueue-0" [_thread_in_native, id=8664, stack(0x000000001d280000,0x000000001d380000)]
  0x0000000014843000 JavaThread "threadDisplay" daemon [_thread_blocked, id=6560, stack(0x000000001d180000,0x000000001d280000)]
  0x0000000014bfb800 JavaThread "AWT-Shutdown" [_thread_blocked, id=8584, stack(0x000000001ab70000,0x000000001ac70000)]
=>0x0000000013ac7800 JavaThread "threadDisplayCamera" daemon [_thread_in_Java, id=8220, stack(0x000000001aa70000,0x000000001ab70000)]
  0x0000000013ac8800 JavaThread "AWT-Windows" daemon [_thread_in_native, id=5336, stack(0x00000000143c0000,0x00000000144c0000)]
  0x0000000013ac6800 JavaThread "Java2D Disposer" daemon [_thread_blocked, id=4996, stack(0x00000000141c0000,0x00000000142c0000)]
  0x00000000113e4800 JavaThread "Service Thread" daemon [_thread_blocked, id=5828, stack(0x00000000137c0000,0x00000000138c0000)]
  0x00000000113df800 JavaThread "C2 CompilerThread1" daemon [_thread_blocked, id=6184, stack(0x00000000136c0000,0x00000000137c0000)]
  0x00000000113db000 JavaThread "C2 CompilerThread0" daemon [_thread_blocked, id=7508, stack(0x00000000135c0000,0x00000000136c0000)]
  0x00000000113d7800 JavaThread "Attach Listener" daemon [_thread_blocked, id=7500, stack(0x00000000134c0000,0x00000000135c0000)]
  0x00000000113cb000 JavaThread "Signal Dispatcher" daemon [_thread_blocked, id=2788, stack(0x00000000133c0000,0x00000000134c0000)]
  0x000000001136e800 JavaThread "Finalizer" daemon [_thread_blocked, id=6688, stack(0x00000000132c0000,0x00000000133c0000)]
  0x0000000011367000 JavaThread "Reference Handler" daemon [_thread_blocked, id=3984, stack(0x00000000131c0000,0x00000000132c0000)]

Other Threads:
  0x0000000011362000 VMThread [stack: 0x00000000130c0000,0x00000000131c0000] [id=7592]
  0x00000000113ff000 WatcherThread [stack: 0x00000000138c0000,0x00000000139c0000] [id=5332]

VM state:not at safepoint (normal execution)

VM Mutex/Monitor currently owned by a thread: None

Heap
 PSYoungGen      total 104576K, used 40681K [0x00000007aacb0000, 0x00000007b4830000, 0x0000000800000000)
  eden space 59968K, 45% used [0x00000007aacb0000,0x00000007ac730520,0x00000007ae740000)
  from space 44608K, 30% used [0x00000007ae740000,0x00000007af47a190,0x00000007b12d0000)
  to   space 43328K, 0% used [0x00000007b1de0000,0x00000007b1de0000,0x00000007b4830000)
 ParOldGen       total 174528K, used 128207K [0x0000000700600000, 0x000000070b070000, 0x00000007aacb0000)
  object space 174528K, 73% used [0x0000000700600000,0x0000000708333cc0,0x000000070b070000)
 PSPermGen       total 21248K, used 18126K [0x00000006fb400000, 0x00000006fc8c0000, 0x0000000700600000)
  object space 21248K, 85% used [0x00000006fb400000,0x00000006fc5b3a88,0x00000006fc8c0000)

Card table byte_map: [0x0000000005980000,0x00000000061b0000] byte_map_base: 0x00000000021a6000

Polling page: 0x0000000002630000

Code Cache  [0x00000000028c0000, 0x0000000002b30000, 0x00000000058c0000)
 total_blobs=927 nmethods=336 adapters=542 free_code_cache=47751Kb largest_free_block=48852672

Compilation events (10 events):
Event: 32.740 Thread 0x00000000113df800  342   !         sun.font.FontDesignMetrics::getMetrics (266 bytes)
Event: 32.756 Thread 0x00000000113df800 nmethod 342 0x0000000002a26850 code [0x0000000002a26b80, 0x0000000002a27fe8]
Event: 33.003 Thread 0x00000000113db000  343             sun.java2d.SunGraphics2D::setRenderingHint (523 bytes)
Event: 33.008 Thread 0x00000000113db000 nmethod 343 0x00000000029af410 code [0x00000000029af5a0, 0x00000000029afb48]
Event: 33.431 Thread 0x00000000113df800  344             sun.java2d.d3d.D3DGraphicsDevice::getContext (5 bytes)
Event: 33.432 Thread 0x00000000113df800 nmethod 344 0x00000000029adf50 code [0x00000000029ae080, 0x00000000029ae0f8]
Event: 33.731 Thread 0x00000000113db000  345             sun.java2d.pipe.RenderBuffer::putLong (26 bytes)
Event: 33.731 Thread 0x00000000113df800  346             sun.java2d.pipe.RenderQueue::getBuffer (5 bytes)
Event: 33.731 Thread 0x00000000113df800 nmethod 346 0x00000000029faa50 code [0x00000000029fab80, 0x00000000029fabf8]
Event: 33.731 Thread 0x00000000113db000 nmethod 345 0x00000000029fa7d0 code [0x00000000029fa900, 0x00000000029fa998]

GC Heap History (10 events):
Event: 33.755 GC heap before
{Heap before GC invocations=51 (full 0):
 PSYoungGen      total 110336K, used 76853K [0x00000007aacb0000, 0x00000007b4830000, 0x0000000800000000)
  eden space 67200K, 94% used [0x00000007aacb0000,0x00000007aea7b2f0,0x00000007aee50000)
  from space 43136K, 31% used [0x00000007b1e10000,0x00000007b2b52190,0x00000007b4830000)
  to   space 46016K, 0% used [0x00000007aee50000,0x00000007aee50000,0x00000007b1b40000)
 ParOldGen       total 174528K, used 128111K [0x0000000700600000, 0x000000070b070000, 0x00000007aacb0000)
  object space 174528K, 73% used [0x0000000700600000,0x000000070831bcc0,0x000000070b070000)
 PSPermGen       total 21248K, used 18122K [0x00000006fb400000, 0x00000006fc8c0000, 0x0000000700600000)
  object space 21248K, 85% used [0x00000006fb400000,0x00000006fc5b2bf8,0x00000006fc8c0000)
Event: 33.757 GC heap after
Heap after GC invocations=51 (full 0):
 PSYoungGen      total 79104K, used 13512K [0x00000007aacb0000, 0x00000007b4430000, 0x0000000800000000)
  eden space 65536K, 0% used [0x00000007aacb0000,0x00000007aacb0000,0x00000007aecb0000)
  from space 13568K, 99% used [0x00000007aee50000,0x00000007afb82190,0x00000007afb90000)
  to   space 44800K, 0% used [0x00000007b1870000,0x00000007b1870000,0x00000007b4430000)
 ParOldGen       total 174528K, used 128127K [0x0000000700600000, 0x000000070b070000, 0x00000007aacb0000)
  object space 174528K, 73% used [0x0000000700600000,0x000000070831fcc0,0x000000070b070000)
 PSPermGen       total 21248K, used 18122K [0x00000006fb400000, 0x00000006fc8c0000, 0x0000000700600000)
  object space 21248K, 85% used [0x00000006fb400000,0x00000006fc5b2bf8,0x00000006fc8c0000)
}
Event: 33.960 GC heap before
{Heap before GC invocations=52 (full 0):
 PSYoungGen      total 79104K, used 76754K [0x00000007aacb0000, 0x00000007b4430000, 0x0000000800000000)
  eden space 65536K, 96% used [0x00000007aacb0000,0x00000007aea728b0,0x00000007aecb0000)
  from space 13568K, 99% used [0x00000007aee50000,0x00000007afb82190,0x00000007afb90000)
  to   space 44800K, 0% used [0x00000007b1870000,0x00000007b1870000,0x00000007b4430000)
 ParOldGen       total 174528K, used 128127K [0x0000000700600000, 0x000000070b070000, 0x00000007aacb0000)
  object space 174528K, 73% used [0x0000000700600000,0x000000070831fcc0,0x000000070b070000)
 PSPermGen       total 21248K, used 18126K [0x00000006fb400000, 0x00000006fc8c0000, 0x0000000700600000)
  object space 21248K, 85% used [0x00000006fb400000,0x00000006fc5b3a88,0x00000006fc8c0000)
Event: 33.963 GC heap after
Heap after GC invocations=52 (full 0):
 PSYoungGen      total 104576K, used 13576K [0x00000007aacb0000, 0x00000007b4020000, 0x0000000800000000)
  eden space 63936K, 0% used [0x00000007aacb0000,0x00000007aacb0000,0x00000007aeb20000)
  from space 40640K, 33% used [0x00000007b1870000,0x00000007b25b2190,0x00000007b4020000)
  to   space 43520K, 0% used [0x00000007aeb20000,0x00000007aeb20000,0x00000007b15a0000)
 ParOldGen       total 174528K, used 128143K [0x0000000700600000, 0x000000070b070000, 0x00000007aacb0000)
  object space 174528K, 73% used [0x0000000700600000,0x0000000708323cc0,0x000000070b070000)
 PSPermGen       total 21248K, used 18126K [0x00000006fb400000, 0x00000006fc8c0000, 0x0000000700600000)
  object space 21248K, 85% used [0x00000006fb400000,0x00000006fc5b3a88,0x00000006fc8c0000)
}
Event: 34.137 GC heap before
{Heap before GC invocations=53 (full 0):
 PSYoungGen      total 104576K, used 76749K [0x00000007aacb0000, 0x00000007b4020000, 0x0000000800000000)
  eden space 63936K, 98% used [0x00000007aacb0000,0x00000007aea61550,0x00000007aeb20000)
  from space 40640K, 33% used [0x00000007b1870000,0x00000007b25b2190,0x00000007b4020000)
  to   space 43520K, 0% used [0x00000007aeb20000,0x00000007aeb20000,0x00000007b15a0000)
 ParOldGen       total 174528K, used 128143K [0x0000000700600000, 0x000000070b070000, 0x00000007aacb0000)
  object space 174528K, 73% used [0x0000000700600000,0x0000000708323cc0,0x000000070b070000)
 PSPermGen       total 21248K, used 18126K [0x00000006fb400000, 0x00000006fc8c0000, 0x0000000700600000)
  object space 21248K, 85% used [0x00000006fb400000,0x00000006fc5b3a88,0x00000006fc8c0000)
Event: 34.139 GC heap after
Heap after GC invocations=53 (full 0):
 PSYoungGen      total 75904K, used 13480K [0x00000007aacb0000, 0x00000007b3c00000, 0x0000000800000000)
  eden space 62400K, 0% used [0x00000007aacb0000,0x00000007aacb0000,0x00000007ae9a0000)
  from space 13504K, 99% used [0x00000007aeb20000,0x00000007af84a190,0x00000007af850000)
  to   space 42176K, 0% used [0x00000007b12d0000,0x00000007b12d0000,0x00000007b3c00000)
 ParOldGen       total 174528K, used 128183K [0x0000000700600000, 0x000000070b070000, 0x00000007aacb0000)
  object space 174528K, 73% used [0x0000000700600000,0x000000070832dcc0,0x000000070b070000)
 PSPermGen       total 21248K, used 18126K [0x00000006fb400000, 0x00000006fc8c0000, 0x0000000700600000)
  object space 21248K, 85% used [0x00000006fb400000,0x00000006fc5b3a88,0x00000006fc8c0000)
}
Event: 34.300 GC heap before
{Heap before GC invocations=54 (full 0):
 PSYoungGen      total 75904K, used 72200K [0x00000007aacb0000, 0x00000007b3c00000, 0x0000000800000000)
  eden space 62400K, 94% used [0x00000007aacb0000,0x00000007ae608038,0x00000007ae9a0000)
  from space 13504K, 99% used [0x00000007aeb20000,0x00000007af84a190,0x00000007af850000)
  to   space 42176K, 0% used [0x00000007b12d0000,0x00000007b12d0000,0x00000007b3c00000)
 ParOldGen       total 174528K, used 128183K [0x0000000700600000, 0x000000070b070000, 0x00000007aacb0000)
  object space 174528K, 73% used [0x0000000700600000,0x000000070832dcc0,0x000000070b070000)
 PSPermGen       total 21248K, used 18126K [0x00000006fb400000, 0x00000006fc8c0000, 0x0000000700600000)
  object space 21248K, 85% used [0x00000006fb400000,0x00000006fc5b3a88,0x00000006fc8c0000)
Event: 34.304 GC heap after
Heap after GC invocations=54 (full 0):
 PSYoungGen      total 102144K, used 31865K [0x00000007aacb0000, 0x00000007b4d90000, 0x0000000800000000)
  eden space 59968K, 0% used [0x00000007aacb0000,0x00000007aacb0000,0x00000007ae740000)
  from space 42176K, 75% used [0x00000007b12d0000,0x00000007b31ee5c0,0x00000007b3c00000)
  to   space 44608K, 0% used [0x00000007ae740000,0x00000007ae740000,0x00000007b12d0000)
 ParOldGen       total 174528K, used 128191K [0x0000000700600000, 0x000000070b070000, 0x00000007aacb0000)
  object space 174528K, 73% used [0x0000000700600000,0x000000070832fcc0,0x000000070b070000)
 PSPermGen       total 21248K, used 18126K [0x00000006fb400000, 0x00000006fc8c0000, 0x0000000700600000)
  object space 21248K, 85% used [0x00000006fb400000,0x00000006fc5b3a88,0x00000006fc8c0000)
}
Event: 34.461 GC heap before
{Heap before GC invocations=55 (full 0):
 PSYoungGen      total 102144K, used 88967K [0x00000007aacb0000, 0x00000007b4d90000, 0x0000000800000000)
  eden space 59968K, 95% used [0x00000007aacb0000,0x00000007ae4736c0,0x00000007ae740000)
  from space 42176K, 75% used [0x00000007b12d0000,0x00000007b31ee5c0,0x00000007b3c00000)
  to   space 44608K, 0% used [0x00000007ae740000,0x00000007ae740000,0x00000007b12d0000)
 ParOldGen       total 174528K, used 128191K [0x0000000700600000, 0x000000070b070000, 0x00000007aacb0000)
  object space 174528K, 73% used [0x0000000700600000,0x000000070832fcc0,0x000000070b070000)
 PSPermGen       total 21248K, used 18126K [0x00000006fb400000, 0x00000006fc8c0000, 0x0000000700600000)
  object space 21248K, 85% used [0x00000006fb400000,0x00000006fc5b3a88,0x00000006fc8c0000)
Event: 34.463 GC heap after
Heap after GC invocations=55 (full 0):
 PSYoungGen      total 104576K, used 13544K [0x00000007aacb0000, 0x00000007b4830000, 0x0000000800000000)
  eden space 59968K, 0% used [0x00000007aacb0000,0x00000007aacb0000,0x00000007ae740000)
  from space 44608K, 30% used [0x00000007ae740000,0x00000007af47a190,0x00000007b12d0000)
  to   space 43328K, 0% used [0x00000007b1de0000,0x00000007b1de0000,0x00000007b4830000)
 ParOldGen       total 174528K, used 128207K [0x0000000700600000, 0x000000070b070000, 0x00000007aacb0000)
  object space 174528K, 73% used [0x0000000700600000,0x0000000708333cc0,0x000000070b070000)
 PSPermGen       total 21248K, used 18126K [0x00000006fb400000, 0x00000006fc8c0000, 0x0000000700600000)
  object space 21248K, 85% used [0x00000006fb400000,0x00000006fc5b3a88,0x00000006fc8c0000)
}

Deoptimization events (10 events):
Event: 3.720 Thread 0x0000000014843800 Uncommon trap -83 fr.pc 0x0000000002982e44
Event: 3.777 Thread 0x000000002197d800 Uncommon trap -83 fr.pc 0x0000000002982a34
Event: 3.822 Thread 0x000000002197d800 Uncommon trap -83 fr.pc 0x000000000297ab84
Event: 3.839 Thread 0x000000002197d800 Uncommon trap -83 fr.pc 0x00000000029bc0e8
Event: 3.888 Thread 0x000000002197d800 Uncommon trap -83 fr.pc 0x00000000029b8a7c
Event: 3.917 Thread 0x000000002197d800 Uncommon trap -83 fr.pc 0x00000000029a8898
Event: 4.114 Thread 0x0000000021ae4800 Uncommon trap -83 fr.pc 0x00000000029e29fc
Event: 7.482 Thread 0x0000000014843800 Uncommon trap -83 fr.pc 0x00000000029fab58
Event: 33.846 Thread 0x0000000014843800 Uncommon trap -83 fr.pc 0x0000000002982ef4
Event: 33.846 Thread 0x0000000014843800 Uncommon trap -83 fr.pc 0x0000000002a1a77c

Internal exceptions (10 events):
Event: 3.961 Thread 0x000000002197d800 Threw 0x00000007ae9d7b58 at C:\jdk7u1_64p\jdk7u7\hotspot\src\share\vm\prims\jvm.cpp:1166
Event: 3.962 Thread 0x000000002197d800 Threw 0x00000007ae9da928 at C:\jdk7u1_64p\jdk7u7\hotspot\src\share\vm\prims\jvm.cpp:1166
Event: 3.965 Thread 0x000000002197d800 Threw 0x00000007ae9ead90 at C:\jdk7u1_64p\jdk7u7\hotspot\src\share\vm\prims\jvm.cpp:1166
Event: 3.965 Thread 0x000000002197d800 Threw 0x00000007ae9edb60 at C:\jdk7u1_64p\jdk7u7\hotspot\src\share\vm\prims\jvm.cpp:1166
Event: 3.967 Thread 0x000000002197d800 Threw 0x00000007ae9f0d10 at C:\jdk7u1_64p\jdk7u7\hotspot\src\share\vm\prims\jvm.cpp:1166
Event: 3.967 Thread 0x000000002197d800 Threw 0x00000007ae9f3ae0 at C:\jdk7u1_64p\jdk7u7\hotspot\src\share\vm\prims\jvm.cpp:1166
Event: 4.093 Thread 0x0000000021ae4800 Threw 0x00000007ab429828 at C:\jdk7u1_64p\jdk7u7\hotspot\src\share\vm\prims\jvm.cpp:1166
Event: 4.096 Thread 0x0000000021ae4800 Threw 0x00000007ab43a0b8 at C:\jdk7u1_64p\jdk7u7\hotspot\src\share\vm\prims\jvm.cpp:1166
Event: 4.300 Thread 0x0000000021ae4800 Threw 0x00000007abe76498 at C:\jdk7u1_64p\jdk7u7\hotspot\src\share\vm\prims\jvm.cpp:1166
Event: 33.846 Thread 0x0000000014843800 Implicit null exception at 0x0000000002a1a302 to 0x0000000002a1a765

Events (10 events):
Event: 33.847 loading class 0x0000000014edb120
Event: 33.847 loading class 0x0000000014edb120 done
Event: 33.960 Executing VM operation: ParallelGCFailedAllocation
Event: 33.963 Executing VM operation: ParallelGCFailedAllocation done
Event: 34.137 Executing VM operation: ParallelGCFailedAllocation
Event: 34.139 Executing VM operation: ParallelGCFailedAllocation done
Event: 34.300 Executing VM operation: ParallelGCFailedAllocation
Event: 34.304 Executing VM operation: ParallelGCFailedAllocation done
Event: 34.461 Executing VM operation: ParallelGCFailedAllocation
Event: 34.463 Executing VM operation: ParallelGCFailedAllocation done


Dynamic libraries:
0x000007f7f0ad0000 - 0x000007f7f0b04000 	F:\Program Files\Java\Jre7\bin\javaw.exe
0x000007f95e1d0000 - 0x000007f95e38e000 	C:\WINDOWS\SYSTEM32\ntdll.dll
0x000007f95d7e0000 - 0x000007f95d916000 	C:\WINDOWS\system32\KERNEL32.DLL
0x000007f95b470000 - 0x000007f95b563000 	C:\WINDOWS\system32\KERNELBASE.dll
0x000007f95ca50000 - 0x000007f95cb2e000 	C:\WINDOWS\system32\ADVAPI32.dll
0x000007f95ce50000 - 0x000007f95cf9c000 	C:\WINDOWS\system32\USER32.dll
0x000007f958910000 - 0x000007f958b79000 	C:\WINDOWS\WinSxS\amd64_microsoft.windows.common-controls_6595b64144ccf1df_6.0.9200.16384_none_418c2a697189c07f\COMCTL32.dll
0x000007f95d590000 - 0x000007f95d635000 	C:\WINDOWS\system32\msvcrt.dll
0x000007f95db40000 - 0x000007f95db88000 	C:\WINDOWS\SYSTEM32\sechost.dll
0x000007f95d6a0000 - 0x000007f95d7e0000 	C:\WINDOWS\system32\RPCRT4.dll
0x000007f95b620000 - 0x000007f95b760000 	C:\WINDOWS\system32\GDI32.dll
0x000007f95dcd0000 - 0x000007f95dd09000 	C:\WINDOWS\system32\IMM32.DLL
0x000007f95cd30000 - 0x000007f95ce45000 	C:\WINDOWS\system32\MSCTF.dll
0x000007f95b0c0000 - 0x000007f95b0c8000 	C:\PROGRA~2\NVIDIA~1\3DVISI~1\NVSTIN~1.DLL
0x000007f95d990000 - 0x000007f95d997000 	C:\WINDOWS\system32\PSAPI.DLL
0x000000006f560000 - 0x000000006f603000 	C:\WINDOWS\WinSxS\amd64_microsoft.vc90.crt_1fc8b3b9a1e18e3b_9.0.30729.6871_none_08e717a5a83adddf\MSVCR90.dll
0x000000006db00000 - 0x000000006dbd1000 	F:\Program Files\Java\Jre7\bin\msvcr100.dll
0x000000006d3e0000 - 0x000000006daff000 	F:\Program Files\Java\Jre7\bin\server\jvm.dll
0x000007f953860000 - 0x000007f953869000 	C:\WINDOWS\SYSTEM32\WSOCK32.dll
0x000007f958800000 - 0x000007f958820000 	C:\WINDOWS\SYSTEM32\WINMM.dll
0x000007f95d920000 - 0x000007f95d978000 	C:\WINDOWS\system32\WS2_32.dll
0x000007f958100000 - 0x000007f958132000 	C:\WINDOWS\SYSTEM32\WINMMBASE.dll
0x000007f95dd10000 - 0x000007f95dd19000 	C:\WINDOWS\system32\NSI.dll
0x000000006d3d0000 - 0x000000006d3df000 	F:\Program Files\Java\Jre7\bin\verify.dll
0x000000006d3a0000 - 0x000000006d3c8000 	F:\Program Files\Java\Jre7\bin\java.dll
0x000000006d380000 - 0x000000006d395000 	F:\Program Files\Java\Jre7\bin\zip.dll
0x000000006c580000 - 0x000000006c713000 	F:\Program Files\Java\Jre7\bin\awt.dll
0x000007f95db90000 - 0x000007f95dc53000 	C:\WINDOWS\system32\OLEAUT32.dll
0x000007f95d3e0000 - 0x000007f95d590000 	C:\WINDOWS\system32\combase.dll
0x000007f955390000 - 0x000007f95542f000 	C:\WINDOWS\system32\apphelp.dll
0x000007f959ec0000 - 0x000007f959fa3000 	C:\WINDOWS\system32\uxtheme.dll
0x000007f9552f0000 - 0x000007f955385000 	C:\Program Files\Common Files\microsoft shared\ink\tiptsf.dll
0x000007f959650000 - 0x000007f959671000 	C:\WINDOWS\SYSTEM32\dwmapi.dll
0x000007f95cfa0000 - 0x000007f95d11e000 	C:\WINDOWS\system32\ole32.dll
0x000007f95af30000 - 0x000007f95af3a000 	C:\WINDOWS\SYSTEM32\CRYPTBASE.dll
0x000007f95aeb0000 - 0x000007f95af0c000 	C:\WINDOWS\SYSTEM32\bcryptPrimitives.dll
0x000007f95b760000 - 0x000007f95ca48000 	C:\WINDOWS\system32\SHELL32.dll
0x000007f95dc80000 - 0x000007f95dcd0000 	C:\WINDOWS\system32\SHLWAPI.dll
0x000007f95a290000 - 0x000007f95a326000 	C:\WINDOWS\SYSTEM32\shcore.dll
0x000000006e430000 - 0x000000006e4c8000 	C:\Windows\System32\msvcp100.dll
0x000007f945e60000 - 0x000007f9460b8000 	C:\opencv\build\x64\vc10\bin\opencv_core243.dll
0x000007f954c40000 - 0x000007f954cd5000 	C:\Users\Jonas\AppData\Local\Temp\javacpp254182725360329\jniopencv_core.dll
0x000007f942290000 - 0x000007f942535000 	C:\opencv\build\x64\vc10\bin\opencv_imgproc243.dll
0x000007f954bf0000 - 0x000007f954c38000 	C:\Users\Jonas\AppData\Local\Temp\javacpp254182725360329\jniopencv_imgproc.dll
0x0000000066840000 - 0x00000000675ca000 	C:\opencv\build\x64\vc10\bin\opencv_ffmpeg243_64.dll
0x000007f943c90000 - 0x000007f943edb000 	C:\opencv\build\x64\vc10\bin\opencv_highgui243.dll
0x000007f954af0000 - 0x000007f954b10000 	C:\WINDOWS\SYSTEM32\AVIFIL32.dll
0x000007f9547b0000 - 0x000007f9547d9000 	C:\WINDOWS\SYSTEM32\MSVFW32.dll
0x000007f954b70000 - 0x000007f954b87000 	C:\WINDOWS\SYSTEM32\AVICAP32.dll
0x000007f948660000 - 0x000007f948679000 	C:\WINDOWS\SYSTEM32\MSACM32.dll
0x000007f959620000 - 0x000007f959629000 	C:\WINDOWS\SYSTEM32\VERSION.dll
0x000007f954a20000 - 0x000007f954a33000 	C:\Users\Jonas\AppData\Local\Temp\javacpp254182725360329\jniopencv_highgui.dll
0x000007f95cc90000 - 0x000007f95cd26000 	C:\WINDOWS\SYSTEM32\clbcatq.dll
0x000007f954980000 - 0x000007f954997000 	C:\Windows\System32\devenum.dll
0x000007f95e000000 - 0x000007f95e1d0000 	C:\WINDOWS\system32\setupapi.dll
0x000007f95b390000 - 0x000007f95b3df000 	C:\WINDOWS\system32\CFGMGR32.dll
0x000007f95b440000 - 0x000007f95b462000 	C:\WINDOWS\system32\DEVOBJ.dll
0x000007f954440000 - 0x000007f95446e000 	C:\WINDOWS\SYSTEM32\ntmarta.dll
0x000007f95b3e0000 - 0x000007f95b435000 	C:\WINDOWS\system32\WINTRUST.dll
0x000007f95b1b0000 - 0x000007f95b387000 	C:\WINDOWS\system32\CRYPT32.dll
0x000007f95b190000 - 0x000007f95b1a6000 	C:\WINDOWS\system32\MSASN1.dll
0x000007f9587f0000 - 0x000007f9587fd000 	C:\WINDOWS\SYSTEM32\msdmo.dll
0x000007f952370000 - 0x000007f95239f000 	C:\Windows\System32\qcap.dll
0x000007f944d50000 - 0x000007f944f08000 	C:\Windows\System32\quartz.dll
0x000007f951fc0000 - 0x000007f951fff000 	C:\Windows\System32\ksproxy.ax
0x000007f955b30000 - 0x000007f955b37000 	C:\Windows\System32\ksuser.dll
0x000007f94a240000 - 0x000007f94a440000 	C:\Windows\System32\d3d9.dll
0x000007f957430000 - 0x000007f95743c000 	C:\Windows\System32\vidcap.ax
0x000007f952150000 - 0x000007f952174000 	C:\Windows\System32\kswdmcap.ax
0x000007f943950000 - 0x000007f943aa4000 	C:\Windows\System32\MFC42.dll
0x000007f9420e0000 - 0x000007f94219e000 	C:\Windows\System32\ODBC32.dll
0x000007f945820000 - 0x000007f9458b5000 	C:\Windows\System32\qedit.dll
0x000007f95df50000 - 0x000007f95dff1000 	C:\WINDOWS\system32\COMDLG32.dll
0x000007f95d9a0000 - 0x000007f95db40000 	C:\WINDOWS\WinSxS\amd64_microsoft.windows.gdiplus_6595b64144ccf1df_1.1.9200.16384_none_72771d4ecc1c3a4d\gdiplus.dll
0x000007f942540000 - 0x000007f94262a000 	C:\WINDOWS\SYSTEM32\DDRAW.dll
0x000007f957440000 - 0x000007f957448000 	C:\WINDOWS\SYSTEM32\DCIMAN32.dll
0x000000006c540000 - 0x000000006c574000 	F:\Program Files\Java\Jre7\bin\fontmanager.dll
0x000007f93d8c0000 - 0x000007f93ea40000 	C:\WINDOWS\SYSTEM32\nvd3dumx.dll
0x000007f95afb0000 - 0x000007f95aff3000 	C:\WINDOWS\SYSTEM32\powrprof.dll
0x0000000180000000 - 0x0000000180116000 	C:\Program Files (x86)\NVIDIA Corporation\3D Vision\nvSCPAPI64.dll
0x000007f958830000 - 0x000007f9588a4000 	C:\WINDOWS\SYSTEM32\dxgi.dll
0x000007f957c90000 - 0x000007f957f52000 	C:\WINDOWS\SYSTEM32\nvapi64.dll
0x000007f958140000 - 0x000007f95815f000 	C:\WINDOWS\SYSTEM32\DXGIDebug.dll
0x000000006d360000 - 0x000000006d379000 	F:\Program Files\Java\Jre7\bin\net.dll
0x000007f95a920000 - 0x000007f95a97c000 	C:\WINDOWS\system32\mswsock.dll
0x000000006d340000 - 0x000000006d351000 	F:\Program Files\Java\Jre7\bin\nio.dll
0x000000006c4f0000 - 0x000000006c531000 	F:\Program Files\Java\Jre7\bin\t2k.dll
0x000007f958d90000 - 0x000007f958f1a000 	C:\WINDOWS\SYSTEM32\WindowsCodecs.dll
0x000007f95b0e0000 - 0x000007f95b0f5000 	C:\WINDOWS\SYSTEM32\profapi.dll
0x000007f957fd0000 - 0x000007f958039000 	C:\WINDOWS\SYSTEM32\oleacc.dll
0x000000006c4c0000 - 0x000000006c4ea000 	F:\Program Files\Java\Jre7\bin\dcpr.dll

VM Arguments:
jvm_args: -Dfile.encoding=Cp1252 
java_command: emcscanner.kth.se.Program
Launcher Type: SUN_STANDARD

Environment Variables:
PATH=C:\Program Files (x86)\NVIDIA Corporation\PhysX\Common;C:\WINDOWS\system32;C:\WINDOWS;C:\WINDOWS\System32\Wbem;C:\WINDOWS\System32\WindowsPowerShell\v1.0\;C:\Program Files (x86)\Microsoft SQL Server\90\Tools\binn\;C:\Program Files (x86)\Autodesk\Backburner\;F:\Program Files\MATLAB\R2012a\runtime\win64;F:\Program Files\MATLAB\R2012a\bin;PROGRAMFILES\Internet Explorer;C:\Program Files\Perforce;F:\Program Files\Perforce;C:\Program Files\Microsoft\Web Platform Installer\;C:\Program Files (x86)\Microsoft ASP.NET\ASP.NET Web Pages\v1.0\;C:\Program Files (x86)\Windows Kits\8.0\Windows Performance Toolkit\;C:\Program Files\Microsoft SQL Server\110\Tools\Binn\;F:\Program Files\Perforce\Server
USERNAME=Jonas
OS=Windows_NT
PROCESSOR_IDENTIFIER=Intel64 Family 6 Model 42 Stepping 7, GenuineIntel



---------------  S Y S T E M  ---------------

OS: Windows 8 , 64 bit Build 9200 

CPU:total 8 (4 cores per cpu, 2 threads per core) family 6 model 42 stepping 7, cmov, cx8, fxsr, mmx, sse, sse2, sse3, ssse3, sse4.1, sse4.2, popcnt, avx, ht, tsc, tscinvbit

Memory: 4k page, physical 16751668k(11609940k free), swap 33528884k(23846356k free)

vm_info: Java HotSpot(TM) 64-Bit Server VM (23.3-b01) for windows-amd64 JRE (1.7.0_07-b11), built on Sep  7 2012 01:19:25 by "java_re" with unknown MS VC++:1600

time: Thu Jan 31 22:32:25 2013
elapsed time: 34 seconds

