#
# A fatal error has been detected by the Java Runtime Environment:
#
#  EXCEPTION_ACCESS_VIOLATION (0xc0000005) at pc=0x000000000255fe7a, pid=12624, tid=13052
#
# JRE version: 7.0_07-b11
# Java VM: Java HotSpot(TM) 64-Bit Server VM (23.3-b01 mixed mode windows-amd64 compressed oops)
# Problematic frame:
# J  com.googlecode.javacv.cpp.opencv_core$IplImage.flipCopyWithGamma(Ljava/nio/ByteBuffer;ILjava/nio/ByteBuffer;IZDZI)V
#
# Failed to write core dump. Minidumps are not enabled by default on client versions of Windows
#
# If you would like to submit a bug report, please visit:
#   http://bugreport.sun.com/bugreport/crash.jsp
#

---------------  T H R E A D  ---------------

Current thread (0x000000001d03f800):  JavaThread "threadDisplay" daemon [_thread_in_Java, id=13052, stack(0x0000000024960000,0x0000000024a60000)]

siginfo: ExceptionCode=0xc0000005, reading address 0x00000000237448f0

Registers:
RAX=0x0000000000000056, RBX=0x00000000005eec00, RCX=0x0000000000000000, RDX=0x000000002332d040
RSP=0x0000000024a5f170, RBP=0x00000007ab304ff0, RSI=0x00000007bf05f618, RDI=0x00000000005eec00
R8 =0x00000000004178b0, R9 =0x00000000004178b1, R10=0x000000000000167f, R11=0x00000000005eec00
R12=0x0000000000000000, R13=0x00000000004178b0, R14=0x00000000000014af, R15=0x000000001d03f800
RIP=0x000000000255fe7a, EFLAGS=0x0000000000010207

Top of Stack: (sp=0x0000000024a5f170)
0x0000000024a5f170:   00000007bf05f618 00000000005eec00
0x0000000024a5f180:   00000000005eec00 0000000000000000
0x0000000024a5f190:   3ff0000000000000 00000007ab304fb0
0x0000000024a5f1a0:   00000007ab304ff0 3ff0000000000000
0x0000000024a5f1b0:   0041640000000000 df6aba8200416400
0x0000000024a5f1c0:   00001680df6c66a9 0000000000001680
0x0000000024a5f1d0:   00000007ab305020 00001680ffffffff
0x0000000024a5f1e0:   00000007ab304ff0 00000007ab304fb0
0x0000000024a5f1f0:   00000000f7e0bec3 0000000000000000
0x0000000024a5f200:   00000007bf05f618 00000007ab304ff0
0x0000000024a5f210:   00000007ab304ff0 0000000024a5f218
0x0000000024a5f220:   0000000024a5f2d8 00000000024061f8
0x0000000024a5f230:   0000000000000000 00000006fc4046d8
0x0000000024a5f240:   00000006fb555c58 00000000024061f8
0x0000000024a5f250:   0000000000000000 0000000000000000
0x0000000024a5f260:   3ff0000000000000 0000000000000000 

Instructions: (pc=0x000000000255fe7a)
0x000000000255fe5a:   10 44 3b c7 0f 8d 26 01 00 00 45 8b c8 41 ff c1
0x000000000255fe6a:   44 89 4d 18 48 8b 6c 24 70 44 8b 6d 18 4d 63 c0
0x000000000255fe7a:   42 0f b6 04 02 44 3b eb 0f 8d 32 01 00 00 45 8b
0x000000000255fe8a:   cd 44 03 c9 41 ff c5 44 89 6d 18 45 3b cb 0f 83 


Register to memory mapping:

RAX=0x0000000000000056 is an unknown value
RBX=0x00000000005eec00 is an unknown value
RCX=0x0000000000000000 is an unknown value
RDX=0x000000002332d040 is an unknown value
RSP=0x0000000024a5f170 is pointing into the stack for thread: 0x000000001d03f800
RBP=0x00000007ab304ff0 is an oop
java.nio.HeapByteBuffer 
 - klass: 'java/nio/HeapByteBuffer'
RSI=0x00000007bf05f618 is an oop
[B 
 - klass: {type array byte}
 - length: 6220800
RDI=0x00000000005eec00 is an unknown value
R8 =0x00000000004178b0 is an unknown value
R9 =0x00000000004178b1 is an unknown value
R10=0x000000000000167f is an unknown value
R11=0x00000000005eec00 is an unknown value
R12=0x0000000000000000 is an unknown value
R13=0x00000000004178b0 is an unknown value
R14=0x00000000000014af is an unknown value
R15=0x000000001d03f800 is a thread


Stack: [0x0000000024960000,0x0000000024a60000],  sp=0x0000000024a5f170,  free space=1020k
Native frames: (J=compiled Java code, j=interpreted, Vv=VM code, C=native code)
J  com.googlecode.javacv.cpp.opencv_core$IplImage.flipCopyWithGamma(Ljava/nio/ByteBuffer;ILjava/nio/ByteBuffer;IZDZI)V


---------------  P R O C E S S  ---------------

Java Threads: ( => current thread )
=>0x000000001d03f800 JavaThread "threadDisplay" daemon [_thread_in_Java, id=13052, stack(0x0000000024960000,0x0000000024a60000)]
  0x000000001ce8c000 JavaThread "ICEpdf-pagePainter" daemon [_thread_blocked, id=12984, stack(0x0000000021ba0000,0x0000000021ca0000)]
  0x0000000015c5a800 JavaThread "ICEpdf-pageInitializer" daemon [_thread_blocked, id=12980, stack(0x0000000021970000,0x0000000021a70000)]
  0x00000000022fe000 JavaThread "DestroyJavaVM" [_thread_blocked, id=12644, stack(0x0000000002120000,0x0000000002220000)]
  0x000000001ce48000 JavaThread "D3D Screen Updater" daemon [_thread_blocked, id=12976, stack(0x0000000020740000,0x0000000020840000)]
  0x0000000016103000 JavaThread "TimerQueue" daemon [_thread_blocked, id=12948, stack(0x000000001dd80000,0x000000001de80000)]
  0x0000000015de7800 JavaThread "AWT-EventQueue-0" [_thread_in_Java, id=12944, stack(0x000000001dc80000,0x000000001dd80000)]
  0x00000000137d2800 JavaThread "AWT-Shutdown" [_thread_blocked, id=12848, stack(0x000000001a4f0000,0x000000001a5f0000)]
  0x00000000135e1000 JavaThread "threadDisplay" daemon [_thread_in_Java, id=12844, stack(0x000000001a3f0000,0x000000001a4f0000)]
  0x00000000135e2000 JavaThread "AWT-Windows" daemon [_thread_in_native, id=12720, stack(0x0000000013e70000,0x0000000013f70000)]
  0x00000000135e0800 JavaThread "Java2D Disposer" daemon [_thread_blocked, id=12712, stack(0x0000000013c70000,0x0000000013d70000)]
  0x0000000010e65800 JavaThread "Service Thread" daemon [_thread_blocked, id=12704, stack(0x0000000013270000,0x0000000013370000)]
  0x0000000010e5f000 JavaThread "C2 CompilerThread1" daemon [_thread_blocked, id=12700, stack(0x0000000013170000,0x0000000013270000)]
  0x0000000010e59000 JavaThread "C2 CompilerThread0" daemon [_thread_blocked, id=12696, stack(0x0000000013070000,0x0000000013170000)]
  0x0000000010e57800 JavaThread "Attach Listener" daemon [_thread_blocked, id=12692, stack(0x0000000012f70000,0x0000000013070000)]
  0x0000000010e4b000 JavaThread "Signal Dispatcher" daemon [_thread_blocked, id=12688, stack(0x0000000012e70000,0x0000000012f70000)]
  0x0000000010dee800 JavaThread "Finalizer" daemon [_thread_blocked, id=13944, stack(0x0000000012d70000,0x0000000012e70000)]
  0x0000000010de7000 JavaThread "Reference Handler" daemon [_thread_blocked, id=12684, stack(0x0000000012c70000,0x0000000012d70000)]

Other Threads:
  0x0000000010de2000 VMThread [stack: 0x0000000012b70000,0x0000000012c70000] [id=12680]
  0x0000000010e78000 WatcherThread [stack: 0x0000000013370000,0x0000000013470000] [id=12708]

VM state:not at safepoint (normal execution)

VM Mutex/Monitor currently owned by a thread: None

Heap
 PSYoungGen      total 551744K, used 378611K [0x00000007aacb0000, 0x00000007cf9b0000, 0x0000000800000000)
  eden space 515712K, 66% used [0x00000007aacb0000,0x00000007bfc3ce38,0x00000007ca450000)
  from space 36032K, 97% used [0x00000007ccc80000,0x00000007ceeb01c0,0x00000007cefb0000)
  to   space 41152K, 0% used [0x00000007ca450000,0x00000007ca450000,0x00000007ccc80000)
 ParOldGen       total 174528K, used 66021K [0x0000000700600000, 0x000000070b070000, 0x00000007aacb0000)
  object space 174528K, 37% used [0x0000000700600000,0x0000000704679648,0x000000070b070000)
 PSPermGen       total 21248K, used 17892K [0x00000006fb400000, 0x00000006fc8c0000, 0x0000000700600000)
  object space 21248K, 84% used [0x00000006fb400000,0x00000006fc5790c0,0x00000006fc8c0000)

Card table byte_map: [0x0000000005400000,0x0000000005c30000] byte_map_base: 0x0000000001c26000

Polling page: 0x0000000002060000

Code Cache  [0x0000000002400000, 0x0000000002670000, 0x0000000005400000)
 total_blobs=860 nmethods=271 adapters=540 free_code_cache=47773Kb largest_free_block=48872896

Compilation events (10 events):
Event: 6.333 Thread 0x0000000010e5f000  265             java.util.concurrent.ConcurrentHashMap::get (141 bytes)
Event: 6.336 Thread 0x0000000010e5f000 nmethod 265 0x000000000255d890 code [0x000000000255da00, 0x000000000255dc68]
Event: 6.792 Thread 0x0000000010e59000  266             java.util.IdentityHashMap::clear (39 bytes)
Event: 6.793 Thread 0x0000000010e59000 nmethod 266 0x000000000255d590 code [0x000000000255d6c0, 0x000000000255d7f8]
Event: 7.425 Thread 0x0000000010e5f000  267             java.util.IdentityHashMap$IdentityHashMapIterator::hasNext (50 bytes)
Event: 7.426 Thread 0x0000000010e5f000 nmethod 267 0x000000000255d190 code [0x000000000255d2c0, 0x000000000255d478]
Event: 7.645 Thread 0x0000000010e59000  268             java.lang.Integer::intValue (5 bytes)
Event: 7.645 Thread 0x0000000010e59000 nmethod 268 0x00000000025354d0 code [0x0000000002535600, 0x0000000002535658]
Event: 7.834 Thread 0x0000000010e5f000  269             sun.java2d.loops.SurfaceType::getUniqueID (5 bytes)
Event: 7.834 Thread 0x0000000010e5f000 nmethod 269 0x0000000002558450 code [0x0000000002558580, 0x00000000025585d8]

GC Heap History (10 events):
Event: 5.518 GC heap before
{Heap before GC invocations=4 (full 0):
 PSYoungGen      total 76352K, used 72907K [0x00000007aacb0000, 0x00000007b41d0000, 0x0000000800000000)
  eden space 65472K, 94% used [0x00000007aacb0000,0x00000007ae9450e8,0x00000007aeca0000)
  from space 10880K, 99% used [0x00000007aeca0000,0x00000007af73dc30,0x00000007af740000)
  to   space 10880K, 0% used [0x00000007b3730000,0x00000007b3730000,0x00000007b41d0000)
 ParOldGen       total 174528K, used 25663K [0x0000000700600000, 0x000000070b070000, 0x00000007aacb0000)
  object space 174528K, 14% used [0x0000000700600000,0x0000000701f0fe08,0x000000070b070000)
 PSPermGen       total 21248K, used 17839K [0x00000006fb400000, 0x00000006fc8c0000, 0x0000000700600000)
  object space 21248K, 83% used [0x00000006fb400000,0x00000006fc56be90,0x00000006fc8c0000)
Event: 5.524 GC heap after
Heap after GC invocations=4 (full 0):
 PSYoungGen      total 141824K, used 10786K [0x00000007aacb0000, 0x00000007b41d0000, 0x0000000800000000)
  eden space 130944K, 0% used [0x00000007aacb0000,0x00000007aacb0000,0x00000007b2c90000)
  from space 10880K, 99% used [0x00000007b3730000,0x00000007b41b8980,0x00000007b41d0000)
  to   space 10880K, 0% used [0x00000007b2c90000,0x00000007b2c90000,0x00000007b3730000)
 ParOldGen       total 174528K, used 30387K [0x0000000700600000, 0x000000070b070000, 0x00000007aacb0000)
  object space 174528K, 17% used [0x0000000700600000,0x00000007023acda8,0x000000070b070000)
 PSPermGen       total 21248K, used 17839K [0x00000006fb400000, 0x00000006fc8c0000, 0x0000000700600000)
  object space 21248K, 83% used [0x00000006fb400000,0x00000006fc56be90,0x00000006fc8c0000)
}
Event: 5.956 GC heap before
{Heap before GC invocations=5 (full 0):
 PSYoungGen      total 141824K, used 135798K [0x00000007aacb0000, 0x00000007b41d0000, 0x0000000800000000)
  eden space 130944K, 95% used [0x00000007aacb0000,0x00000007b26c4f58,0x00000007b2c90000)
  from space 10880K, 99% used [0x00000007b3730000,0x00000007b41b8980,0x00000007b41d0000)
  to   space 10880K, 0% used [0x00000007b2c90000,0x00000007b2c90000,0x00000007b3730000)
 ParOldGen       total 174528K, used 30387K [0x0000000700600000, 0x000000070b070000, 0x00000007aacb0000)
  object space 174528K, 17% used [0x0000000700600000,0x00000007023acda8,0x000000070b070000)
 PSPermGen       total 21248K, used 17877K [0x00000006fb400000, 0x00000006fc8c0000, 0x0000000700600000)
  object space 21248K, 84% used [0x00000006fb400000,0x00000006fc575610,0x00000006fc8c0000)
Event: 5.963 GC heap after
Heap after GC invocations=5 (full 0):
 PSYoungGen      total 141824K, used 10811K [0x00000007aacb0000, 0x00000007be910000, 0x0000000800000000)
  eden space 130944K, 0% used [0x00000007aacb0000,0x00000007aacb0000,0x00000007b2c90000)
  from space 10880K, 99% used [0x00000007b2c90000,0x00000007b371edf0,0x00000007b3730000)
  to   space 31040K, 0% used [0x00000007bcac0000,0x00000007bcac0000,0x00000007be910000)
 ParOldGen       total 174528K, used 41945K [0x0000000700600000, 0x000000070b070000, 0x00000007aacb0000)
  object space 174528K, 24% used [0x0000000700600000,0x0000000702ef66e8,0x000000070b070000)
 PSPermGen       total 21248K, used 17877K [0x00000006fb400000, 0x00000006fc8c0000, 0x0000000700600000)
  object space 21248K, 84% used [0x00000006fb400000,0x00000006fc575610,0x00000006fc8c0000)
}
Event: 6.373 GC heap before
{Heap before GC invocations=6 (full 0):
 PSYoungGen      total 141824K, used 138765K [0x00000007aacb0000, 0x00000007be910000, 0x0000000800000000)
  eden space 130944K, 97% used [0x00000007aacb0000,0x00000007b29a4718,0x00000007b2c90000)
  from space 10880K, 99% used [0x00000007b2c90000,0x00000007b371edf0,0x00000007b3730000)
  to   space 31040K, 0% used [0x00000007bcac0000,0x00000007bcac0000,0x00000007be910000)
 ParOldGen       total 174528K, used 41945K [0x0000000700600000, 0x000000070b070000, 0x00000007aacb0000)
  object space 174528K, 24% used [0x0000000700600000,0x0000000702ef66e8,0x000000070b070000)
 PSPermGen       total 21248K, used 17881K [0x00000006fb400000, 0x00000006fc8c0000, 0x0000000700600000)
  object space 21248K, 84% used [0x00000006fb400000,0x00000006fc576560,0x00000006fc8c0000)
Event: 6.381 GC heap after
Heap after GC invocations=6 (full 0):
 PSYoungGen      total 291456K, used 22586K [0x00000007aacb0000, 0x00000007bebf0000, 0x0000000800000000)
  eden space 260416K, 0% used [0x00000007aacb0000,0x00000007aacb0000,0x00000007bab00000)
  from space 31040K, 72% used [0x00000007bcac0000,0x00000007be0cea30,0x00000007be910000)
  to   space 32512K, 0% used [0x00000007bab00000,0x00000007bab00000,0x00000007bcac0000)
 ParOldGen       total 174528K, used 41945K [0x0000000700600000, 0x000000070b070000, 0x00000007aacb0000)
  object space 174528K, 24% used [0x0000000700600000,0x0000000702ef66e8,0x000000070b070000)
 PSPermGen       total 21248K, used 17881K [0x00000006fb400000, 0x00000006fc8c0000, 0x0000000700600000)
  object space 21248K, 84% used [0x00000006fb400000,0x00000006fc576560,0x00000006fc8c0000)
}
Event: 6.859 GC heap before
{Heap before GC invocations=7 (full 0):
 PSYoungGen      total 291456K, used 282907K [0x00000007aacb0000, 0x00000007bebf0000, 0x0000000800000000)
  eden space 260416K, 99% used [0x00000007aacb0000,0x00000007baae83e8,0x00000007bab00000)
  from space 31040K, 72% used [0x00000007bcac0000,0x00000007be0cea30,0x00000007be910000)
  to   space 32512K, 0% used [0x00000007bab00000,0x00000007bab00000,0x00000007bcac0000)
 ParOldGen       total 174528K, used 41945K [0x0000000700600000, 0x000000070b070000, 0x00000007aacb0000)
  object space 174528K, 24% used [0x0000000700600000,0x0000000702ef66e8,0x000000070b070000)
 PSPermGen       total 21248K, used 17884K [0x00000006fb400000, 0x00000006fc8c0000, 0x0000000700600000)
  object space 21248K, 84% used [0x00000006fb400000,0x00000006fc577260,0x00000006fc8c0000)
Event: 6.872 GC heap after
Heap after GC invocations=7 (full 0):
 PSYoungGen      total 292928K, used 28174K [0x00000007aacb0000, 0x00000007cefb0000, 0x0000000800000000)
  eden space 260416K, 0% used [0x00000007aacb0000,0x00000007aacb0000,0x00000007bab00000)
  from space 32512K, 86% used [0x00000007bab00000,0x00000007bc683820,0x00000007bcac0000)
  to   space 36032K, 0% used [0x00000007ccc80000,0x00000007ccc80000,0x00000007cefb0000)
 ParOldGen       total 174528K, used 59938K [0x0000000700600000, 0x000000070b070000, 0x00000007aacb0000)
  object space 174528K, 34% used [0x0000000700600000,0x0000000704088a38,0x000000070b070000)
 PSPermGen       total 21248K, used 17884K [0x00000006fb400000, 0x00000006fc8c0000, 0x0000000700600000)
  object space 21248K, 84% used [0x00000006fb400000,0x00000006fc577260,0x00000006fc8c0000)
}
Event: 7.362 GC heap before
{Heap before GC invocations=8 (full 0):
 PSYoungGen      total 292928K, used 286692K [0x00000007aacb0000, 0x00000007cefb0000, 0x0000000800000000)
  eden space 260416K, 99% used [0x00000007aacb0000,0x00000007ba925960,0x00000007bab00000)
  from space 32512K, 86% used [0x00000007bab00000,0x00000007bc683820,0x00000007bcac0000)
  to   space 36032K, 0% used [0x00000007ccc80000,0x00000007ccc80000,0x00000007cefb0000)
 ParOldGen       total 174528K, used 59938K [0x0000000700600000, 0x000000070b070000, 0x00000007aacb0000)
  object space 174528K, 34% used [0x0000000700600000,0x0000000704088a38,0x000000070b070000)
 PSPermGen       total 21248K, used 17885K [0x00000006fb400000, 0x00000006fc8c0000, 0x0000000700600000)
  object space 21248K, 84% used [0x00000006fb400000,0x00000006fc5777f8,0x00000006fc8c0000)
Event: 7.371 GC heap after
Heap after GC invocations=8 (full 0):
 PSYoungGen      total 551744K, used 35008K [0x00000007aacb0000, 0x00000007cf9b0000, 0x0000000800000000)
  eden space 515712K, 0% used [0x00000007aacb0000,0x00000007aacb0000,0x00000007ca450000)
  from space 36032K, 97% used [0x00000007ccc80000,0x00000007ceeb01c0,0x00000007cefb0000)
  to   space 41152K, 0% used [0x00000007ca450000,0x00000007ca450000,0x00000007ccc80000)
 ParOldGen       total 174528K, used 66021K [0x0000000700600000, 0x000000070b070000, 0x00000007aacb0000)
  object space 174528K, 37% used [0x0000000700600000,0x0000000704679648,0x000000070b070000)
 PSPermGen       total 21248K, used 17885K [0x00000006fb400000, 0x00000006fc8c0000, 0x0000000700600000)
  object space 21248K, 84% used [0x00000006fb400000,0x00000006fc5777f8,0x00000006fc8c0000)
}

Deoptimization events (10 events):
Event: 2.805 Thread 0x00000000022fe000 Uncommon trap -83 fr.pc 0x00000000024a32c8
Event: 2.806 Thread 0x00000000022fe000 Uncommon trap -83 fr.pc 0x00000000024a448c
Event: 3.259 Thread 0x0000000015de7800 Uncommon trap 43 fr.pc 0x00000000024bce24
Event: 3.769 Thread 0x0000000015de7800 Uncommon trap -83 fr.pc 0x00000000024cd3e4
Event: 3.819 Thread 0x0000000015c5a800 Uncommon trap -83 fr.pc 0x00000000024ccfb4
Event: 3.864 Thread 0x0000000015c5a800 Uncommon trap -83 fr.pc 0x00000000024ccc04
Event: 3.878 Thread 0x0000000015c5a800 Uncommon trap -83 fr.pc 0x00000000024f8228
Event: 3.937 Thread 0x0000000015c5a800 Uncommon trap -83 fr.pc 0x00000000024f36d0
Event: 3.966 Thread 0x0000000015c5a800 Uncommon trap -83 fr.pc 0x00000000024e7198
Event: 4.173 Thread 0x000000001ce8c000 Uncommon trap -83 fr.pc 0x00000000025219fc

Internal exceptions (10 events):
Event: 3.977 Thread 0x0000000015c5a800 Threw 0x00000007ae4a7c50 at C:\jdk7u1_64p\jdk7u7\hotspot\src\share\vm\prims\jvm.cpp:1166
Event: 4.011 Thread 0x0000000015c5a800 Threw 0x00000007ae5decc8 at C:\jdk7u1_64p\jdk7u7\hotspot\src\share\vm\prims\jvm.cpp:1166
Event: 4.011 Thread 0x0000000015c5a800 Threw 0x00000007ae5e1a98 at C:\jdk7u1_64p\jdk7u7\hotspot\src\share\vm\prims\jvm.cpp:1166
Event: 4.014 Thread 0x0000000015c5a800 Threw 0x00000007ae5f1f00 at C:\jdk7u1_64p\jdk7u7\hotspot\src\share\vm\prims\jvm.cpp:1166
Event: 4.014 Thread 0x0000000015c5a800 Threw 0x00000007ae5f4cd0 at C:\jdk7u1_64p\jdk7u7\hotspot\src\share\vm\prims\jvm.cpp:1166
Event: 4.016 Thread 0x0000000015c5a800 Threw 0x00000007ae5f7e80 at C:\jdk7u1_64p\jdk7u7\hotspot\src\share\vm\prims\jvm.cpp:1166
Event: 4.016 Thread 0x0000000015c5a800 Threw 0x00000007ae5fac50 at C:\jdk7u1_64p\jdk7u7\hotspot\src\share\vm\prims\jvm.cpp:1166
Event: 4.150 Thread 0x000000001ce8c000 Threw 0x00000007ab3ae100 at C:\jdk7u1_64p\jdk7u7\hotspot\src\share\vm\prims\jvm.cpp:1166
Event: 4.154 Thread 0x000000001ce8c000 Threw 0x00000007ab3be990 at C:\jdk7u1_64p\jdk7u7\hotspot\src\share\vm\prims\jvm.cpp:1166
Event: 4.355 Thread 0x000000001ce8c000 Threw 0x00000007abcf9918 at C:\jdk7u1_64p\jdk7u7\hotspot\src\share\vm\prims\jvm.cpp:1166

Events (10 events):
Event: 6.381 loading class 0x00000000135d1d90
Event: 6.382 loading class 0x00000000135d1d90 done
Event: 6.859 Executing VM operation: ParallelGCFailedAllocation
Event: 6.872 Executing VM operation: ParallelGCFailedAllocation done
Event: 7.362 Executing VM operation: ParallelGCFailedAllocation
Event: 7.371 Executing VM operation: ParallelGCFailedAllocation done
Event: 7.645 Thread 0x0000000010e59000 flushing nmethod 0x0000000002496b50
Event: 7.803 Thread 0x0000000015bec000 Thread exited: 0x0000000015bec000
Event: 7.834 Thread 0x0000000010e5f000 flushing nmethod 0x00000000024a2dd0
Event: 7.834 Thread 0x0000000010e5f000 flushing nmethod 0x00000000024a3f90


Dynamic libraries:
0x000007f7dc190000 - 0x000007f7dc1c4000 	F:\Program Files\Java\Jre7\bin\javaw.exe
0x000007ff3c8c0000 - 0x000007ff3ca7e000 	C:\WINDOWS\SYSTEM32\ntdll.dll
0x000007ff3a840000 - 0x000007ff3a976000 	C:\WINDOWS\system32\KERNEL32.DLL
0x000007ff39a80000 - 0x000007ff39b73000 	C:\WINDOWS\system32\KERNELBASE.dll
0x000007ff3ae10000 - 0x000007ff3aeee000 	C:\WINDOWS\system32\ADVAPI32.dll
0x000007ff39f70000 - 0x000007ff3a0bc000 	C:\WINDOWS\system32\USER32.dll
0x000007ff36fd0000 - 0x000007ff37239000 	C:\WINDOWS\WinSxS\amd64_microsoft.windows.common-controls_6595b64144ccf1df_6.0.9200.16384_none_418c2a697189c07f\COMCTL32.dll
0x000007ff3a5d0000 - 0x000007ff3a675000 	C:\WINDOWS\system32\msvcrt.dll
0x000007ff3aef0000 - 0x000007ff3af38000 	C:\WINDOWS\SYSTEM32\sechost.dll
0x000007ff3c500000 - 0x000007ff3c640000 	C:\WINDOWS\system32\RPCRT4.dll
0x000007ff39d10000 - 0x000007ff39e50000 	C:\WINDOWS\system32\GDI32.dll
0x000007ff3c640000 - 0x000007ff3c679000 	C:\WINDOWS\system32\IMM32.DLL
0x000007ff3a2f0000 - 0x000007ff3a405000 	C:\WINDOWS\system32\MSCTF.dll
0x000007ff397b0000 - 0x000007ff397b8000 	C:\PROGRA~2\NVIDIA~1\3DVISI~1\NVSTIN~1.DLL
0x000007ff3c680000 - 0x000007ff3c687000 	C:\WINDOWS\system32\PSAPI.DLL
0x000000005d2b0000 - 0x000000005d353000 	C:\WINDOWS\WinSxS\amd64_microsoft.vc90.crt_1fc8b3b9a1e18e3b_9.0.30729.6871_none_08e717a5a83adddf\MSVCR90.dll
0x000000005b640000 - 0x000000005b711000 	F:\Program Files\Java\Jre7\bin\msvcr100.dll
0x000000005af20000 - 0x000000005b63f000 	F:\Program Files\Java\Jre7\bin\server\jvm.dll
0x000007ff31ca0000 - 0x000007ff31ca9000 	C:\WINDOWS\SYSTEM32\WSOCK32.dll
0x000007ff37250000 - 0x000007ff37270000 	C:\WINDOWS\SYSTEM32\WINMM.dll
0x000007ff3a680000 - 0x000007ff3a6d8000 	C:\WINDOWS\system32\WS2_32.dll
0x000007ff368c0000 - 0x000007ff368f2000 	C:\WINDOWS\SYSTEM32\WINMMBASE.dll
0x000007ff3a980000 - 0x000007ff3a989000 	C:\WINDOWS\system32\NSI.dll
0x000000005af10000 - 0x000000005af1f000 	F:\Program Files\Java\Jre7\bin\verify.dll
0x000000005aee0000 - 0x000000005af08000 	F:\Program Files\Java\Jre7\bin\java.dll
0x000000005aec0000 - 0x000000005aed5000 	F:\Program Files\Java\Jre7\bin\zip.dll
0x000000005bd60000 - 0x000000005bef3000 	F:\Program Files\Java\Jre7\bin\awt.dll
0x000007ff39e50000 - 0x000007ff39f13000 	C:\WINDOWS\system32\OLEAUT32.dll
0x000007ff3a140000 - 0x000007ff3a2f0000 	C:\WINDOWS\system32\combase.dll
0x000007ff339e0000 - 0x000007ff33a7f000 	C:\WINDOWS\system32\apphelp.dll
0x000007ff385b0000 - 0x000007ff38693000 	C:\WINDOWS\system32\uxtheme.dll
0x000007ff33a80000 - 0x000007ff33b15000 	C:\Program Files\Common Files\microsoft shared\ink\tiptsf.dll
0x000007ff37890000 - 0x000007ff378b1000 	C:\WINDOWS\SYSTEM32\dwmapi.dll
0x000007ff3c740000 - 0x000007ff3c8be000 	C:\WINDOWS\system32\ole32.dll
0x000007ff39600000 - 0x000007ff3960a000 	C:\WINDOWS\SYSTEM32\CRYPTBASE.dll
0x000007ff395a0000 - 0x000007ff395fc000 	C:\WINDOWS\SYSTEM32\bcryptPrimitives.dll
0x000007ff3af40000 - 0x000007ff3c228000 	C:\WINDOWS\system32\SHELL32.dll
0x000007ff39f20000 - 0x000007ff39f70000 	C:\WINDOWS\system32\SHLWAPI.dll
0x000007ff38980000 - 0x000007ff38a16000 	C:\WINDOWS\SYSTEM32\shcore.dll
0x000000005c180000 - 0x000000005c218000 	C:\Windows\System32\msvcp100.dll
0x000007ff1e270000 - 0x000007ff1e4c8000 	C:\opencv\build\x64\vc10\bin\opencv_core243.dll
0x000007ff29410000 - 0x000007ff294a5000 	C:\Users\Jonas\AppData\Local\Temp\javacpp153859849430322\jniopencv_core.dll
0x000007ff1dfc0000 - 0x000007ff1e265000 	C:\opencv\build\x64\vc10\bin\opencv_imgproc243.dll
0x000007ff30dc0000 - 0x000007ff30e08000 	C:\Users\Jonas\AppData\Local\Temp\javacpp153859849430322\jniopencv_imgproc.dll
0x0000000066840000 - 0x00000000675ca000 	C:\opencv\build\x64\vc10\bin\opencv_ffmpeg243_64.dll
0x000007ff1dd70000 - 0x000007ff1dfbb000 	C:\opencv\build\x64\vc10\bin\opencv_highgui243.dll
0x000007ff30da0000 - 0x000007ff30dc0000 	C:\WINDOWS\SYSTEM32\AVIFIL32.dll
0x000007ff30730000 - 0x000007ff30759000 	C:\WINDOWS\SYSTEM32\MSVFW32.dll
0x000007ff306c0000 - 0x000007ff306d7000 	C:\WINDOWS\SYSTEM32\AVICAP32.dll
0x000007ff32f20000 - 0x000007ff32f39000 	C:\WINDOWS\SYSTEM32\MSACM32.dll
0x000007ff37270000 - 0x000007ff37279000 	C:\WINDOWS\SYSTEM32\VERSION.dll
0x000007ff306a0000 - 0x000007ff306b3000 	C:\Users\Jonas\AppData\Local\Temp\javacpp153859849430322\jniopencv_highgui.dll
0x000007ff3c230000 - 0x000007ff3c2c6000 	C:\WINDOWS\SYSTEM32\clbcatq.dll
0x000007ff30680000 - 0x000007ff30697000 	C:\Windows\System32\devenum.dll
0x000007ff3ac40000 - 0x000007ff3ae10000 	C:\WINDOWS\system32\setupapi.dll
0x000007ff39c30000 - 0x000007ff39c7f000 	C:\WINDOWS\system32\CFGMGR32.dll
0x000007ff39ce0000 - 0x000007ff39d02000 	C:\WINDOWS\system32\DEVOBJ.dll
0x000007ff32880000 - 0x000007ff328ae000 	C:\WINDOWS\SYSTEM32\ntmarta.dll
0x000007ff39c80000 - 0x000007ff39cd5000 	C:\WINDOWS\system32\WINTRUST.dll
0x000007ff398a0000 - 0x000007ff39a77000 	C:\WINDOWS\system32\CRYPT32.dll
0x000007ff39880000 - 0x000007ff39896000 	C:\WINDOWS\system32\MSASN1.dll
0x000007ff32a90000 - 0x000007ff32a9d000 	C:\WINDOWS\SYSTEM32\msdmo.dll
0x000007ff30350000 - 0x000007ff3037f000 	C:\Windows\System32\qcap.dll
0x000007ff22c10000 - 0x000007ff22dc8000 	C:\Windows\System32\quartz.dll
0x000007ff27030000 - 0x000007ff2706f000 	C:\Windows\System32\ksproxy.ax
0x000007ff1fa90000 - 0x000007ff1fa97000 	C:\Windows\System32\ksuser.dll
0x000007ff28210000 - 0x000007ff28410000 	C:\Windows\System32\d3d9.dll
0x000007ff32870000 - 0x000007ff3287c000 	C:\Windows\System32\vidcap.ax
0x000007ff26620000 - 0x000007ff26644000 	C:\Windows\System32\kswdmcap.ax
0x000007ff1dc10000 - 0x000007ff1dd64000 	C:\Windows\System32\MFC42.dll
0x000007ff24a90000 - 0x000007ff24b4e000 	C:\Windows\System32\ODBC32.dll
0x000007ff253c0000 - 0x000007ff25455000 	C:\Windows\System32\qedit.dll
0x000007ff3c690000 - 0x000007ff3c731000 	C:\WINDOWS\system32\COMDLG32.dll
0x000007ff3a410000 - 0x000007ff3a5b0000 	C:\WINDOWS\WinSxS\amd64_microsoft.windows.gdiplus_6595b64144ccf1df_1.1.9200.16384_none_72771d4ecc1c3a4d\gdiplus.dll
0x000007ff20d90000 - 0x000007ff20e7a000 	C:\WINDOWS\SYSTEM32\DDRAW.dll
0x000007ff339d0000 - 0x000007ff339d8000 	C:\WINDOWS\SYSTEM32\DCIMAN32.dll
0x000000005ada0000 - 0x000000005add4000 	F:\Program Files\Java\Jre7\bin\fontmanager.dll
0x000007ff1ca90000 - 0x000007ff1dc10000 	C:\WINDOWS\SYSTEM32\nvd3dumx.dll
0x000007ff396a0000 - 0x000007ff396e3000 	C:\WINDOWS\SYSTEM32\powrprof.dll
0x0000000180000000 - 0x0000000180116000 	C:\Program Files (x86)\NVIDIA Corporation\3D Vision\nvSCPAPI64.dll
0x000007ff36ef0000 - 0x000007ff36f64000 	C:\WINDOWS\SYSTEM32\dxgi.dll
0x000007ff36390000 - 0x000007ff36652000 	C:\WINDOWS\SYSTEM32\nvapi64.dll
0x000007ff36900000 - 0x000007ff3691f000 	C:\WINDOWS\SYSTEM32\DXGIDebug.dll
0x000000005aea0000 - 0x000000005aeb9000 	F:\Program Files\Java\Jre7\bin\net.dll
0x000007ff39010000 - 0x000007ff3906c000 	C:\WINDOWS\system32\mswsock.dll
0x000000005ae80000 - 0x000000005ae91000 	F:\Program Files\Java\Jre7\bin\nio.dll
0x000000005ad50000 - 0x000000005ad91000 	F:\Program Files\Java\Jre7\bin\t2k.dll
0x000007ff37350000 - 0x000007ff374da000 	C:\WINDOWS\SYSTEM32\WindowsCodecs.dll
0x000007ff397d0000 - 0x000007ff397e5000 	C:\WINDOWS\SYSTEM32\profapi.dll
0x000007ff367d0000 - 0x000007ff36839000 	C:\WINDOWS\SYSTEM32\oleacc.dll
0x000000005bd30000 - 0x000000005bd5a000 	F:\Program Files\Java\Jre7\bin\dcpr.dll

VM Arguments:
jvm_args: -Dfile.encoding=Cp1252 
java_command: emcscanner.kth.se.Program
Launcher Type: SUN_STANDARD

Environment Variables:
PATH=C:\Program Files (x86)\NVIDIA Corporation\PhysX\Common;C:\WINDOWS\system32;C:\WINDOWS;C:\WINDOWS\System32\Wbem;C:\WINDOWS\System32\WindowsPowerShell\v1.0\;C:\Program Files (x86)\Microsoft SQL Server\90\Tools\binn\;C:\Program Files (x86)\Autodesk\Backburner\;F:\Program Files\MATLAB\R2012a\runtime\win64;F:\Program Files\MATLAB\R2012a\bin;C:\Program Files\Internet Explorer;C:\Program Files\Perforce;F:\Program Files\Perforce;C:\Program Files\Microsoft\Web Platform Installer\;C:\Program Files (x86)\Microsoft ASP.NET\ASP.NET Web Pages\v1.0\;C:\Program Files (x86)\Windows Kits\8.0\Windows Performance Toolkit\;C:\Program Files\Microsoft SQL Server\110\Tools\Binn\;F:\Program Files\Perforce\Server
USERNAME=Jonas
OS=Windows_NT
PROCESSOR_IDENTIFIER=Intel64 Family 6 Model 42 Stepping 7, GenuineIntel



---------------  S Y S T E M  ---------------

OS: Windows 8 , 64 bit Build 9200 

CPU:total 8 (4 cores per cpu, 2 threads per core) family 6 model 42 stepping 7, cmov, cx8, fxsr, mmx, sse, sse2, sse3, ssse3, sse4.1, sse4.2, popcnt, avx, ht, tsc, tscinvbit

Memory: 4k page, physical 16751668k(12305712k free), swap 33528884k(25728172k free)

vm_info: Java HotSpot(TM) 64-Bit Server VM (23.3-b01) for windows-amd64 JRE (1.7.0_07-b11), built on Sep  7 2012 01:19:25 by "java_re" with unknown MS VC++:1600

time: Fri Jan 25 14:11:28 2013
elapsed time: 8 seconds

