#
# A fatal error has been detected by the Java Runtime Environment:
#
#  EXCEPTION_ACCESS_VIOLATION (0xc0000005) at pc=0x000007fcf110c8d4, pid=7916, tid=6304
#
# JRE version: 7.0_07-b11
# Java VM: Java HotSpot(TM) 64-Bit Server VM (23.3-b01 mixed mode windows-amd64 compressed oops)
# Problematic frame:
# C  [opencv_imgproc243.dll+0x5c8d4]  cv::FilterEngine::~FilterEngine+0x2b74
#
# Failed to write core dump. Minidumps are not enabled by default on client versions of Windows
#
# If you would like to submit a bug report, please visit:
#   http://bugreport.sun.com/bugreport/crash.jsp
# The crash happened outside the Java Virtual Machine in native code.
# See problematic frame for where to report the bug.
#

---------------  T H R E A D  ---------------

Current thread (0x0000000013775000):  JavaThread "threadDisplayCamera" daemon [_thread_in_native, id=6304, stack(0x0000000013f60000,0x0000000014060000)]

siginfo: ExceptionCode=0xc0000005, writing address 0x000000001b24aa50

Registers:
RAX=0x0000000000000001, RBX=0x0000000016c66f98, RCX=0x0000000013742db0, RDX=0x00000000137379b0
RSP=0x000000001405e540, RBP=0x0000000000001680, RSI=0x0000000016c66f88, RDI=0x0000000000000167
R8 =0x0000000000000040, R9 =0x0000000000000001, R10=0x000000001b24aa60, R11=0x000000001777dcd4
R12=0x0000000000000002, R13=0x0000000000000002, R14=0x0000000000001680, R15=0x000000001b24aa50
RIP=0x000007fcf110c8d4, EFLAGS=0x0000000000010202

Top of Stack: (sp=0x000000001405e540)
0x000000001405e540:   0000000000000000 0000000000000000
0x000000001405e550:   0000000000000000 0000000000000000
0x000000001405e560:   0000000000000000 0000000000000000
0x000000001405e570:   0000000000000003 0000000016c66f98
0x000000001405e580:   000000001b251ad0 000000001b24aa50
0x000000001405e590:   0000800000000010 000007fcf112733a
0x000000001405e5a0:   0000000000000040 0000000000008000
0x000000001405e5b0:   0000000000000000 000007fcf11135a3
0x000000001405e5c0:   0000004017770100 0000000000000000
0x000000001405e5d0:   0000000000000080 0000800000000010
0x000000001405e5e0:   0000000000000003 000000001373d3b0
0x000000001405e5f0:   0000000000000001 0000000000001680
0x000000001405e600:   0000000014791288 000000005c25ae23
0x000000001405e610:   000000001b251ad0 0000000000000003
0x000000001405e620:   0000000000000006 0000000014c2c7e0
0x000000001405e630:   0000000000000006 000000001405e750 

Instructions: (pc=0x000007fcf110c8d4)
0x000007fcf110c8b4:   c3 66 0f 5b cd 49 83 c2 10 49 83 c0 40 48 ff cf
0x000007fcf110c8c4:   66 0f 6b d0 66 0f 5b c6 66 0f 6b c8 66 0f 67 d1
0x000007fcf110c8d4:   f3 41 0f 7f 52 f0 0f 85 f0 fe ff ff 41 8d 46 fc
0x000007fcf110c8e4:   4c 63 d5 3b e8 0f 8f 4b 02 00 00 2b c5 4b 8d 3c 


Register to memory mapping:

RAX=0x0000000000000001 is an unknown value
RBX=0x0000000016c66f98 is an unknown value
RCX=0x0000000013742db0 is an unknown value
RDX=0x00000000137379b0 is an unknown value
RSP=0x000000001405e540 is pointing into the stack for thread: 0x0000000013775000
RBP=0x0000000000001680 is an unknown value
RSI=0x0000000016c66f88 is an unknown value
RDI=0x0000000000000167 is an unknown value
R8 =0x0000000000000040 is an unknown value
R9 =0x0000000000000001 is an unknown value
R10=0x000000001b24aa60 is an unknown value
R11=0x000000001777dcd4 is an unknown value
R12=0x0000000000000002 is an unknown value
R13=0x0000000000000002 is an unknown value
R14=0x0000000000001680 is an unknown value
R15=0x000000001b24aa50 is an unknown value


Stack: [0x0000000013f60000,0x0000000014060000],  sp=0x000000001405e540,  free space=1017k
Native frames: (J=compiled Java code, j=interpreted, Vv=VM code, C=native code)
C  [opencv_imgproc243.dll+0x5c8d4]  cv::FilterEngine::~FilterEngine+0x2b74

[error occurred during error reporting (printing native stack), id 0xc0000005]

Java frames: (J=compiled Java code, j=interpreted, Vv=VM code)
j  com.googlecode.javacv.cpp.opencv_imgproc.cvSmooth(Lcom/googlecode/javacv/cpp/opencv_core$CvArr;Lcom/googlecode/javacv/cpp/opencv_core$CvArr;IIIDD)V+0
j  com.googlecode.javacv.cpp.opencv_imgproc.cvSmooth(Lcom/googlecode/javacv/cpp/opencv_core$CvArr;Lcom/googlecode/javacv/cpp/opencv_core$CvArr;II)V+7
j  emcscanner.kth.se.CameraPanel$1.run()V+64
v  ~StubRoutines::call_stub

---------------  P R O C E S S  ---------------

Java Threads: ( => current thread )
  0x00000000171a4800 JavaThread "Thread-0" daemon [_thread_in_native, id=7892, stack(0x00000000180b0000,0x00000000181b0000)]
  0x00000000171aa800 JavaThread "ICEpdf-pagePainter" daemon [_thread_blocked, id=9436, stack(0x0000000025b70000,0x0000000025c70000)]
  0x00000000171a5800 JavaThread "ICEpdf-pageInitializer" daemon [_thread_blocked, id=912, stack(0x0000000025940000,0x0000000025a40000)]
  0x00000000171aa000 JavaThread "DestroyJavaVM" [_thread_blocked, id=7792, stack(0x0000000002260000,0x0000000002360000)]
  0x0000000016d0d800 JavaThread "TimerQueue" daemon [_thread_blocked, id=4644, stack(0x0000000021d10000,0x0000000021e10000)]
  0x0000000014860000 JavaThread "threadDisplayDensity" daemon [_thread_blocked, id=3764, stack(0x000000001e0b0000,0x000000001e1b0000)]
  0x00000000147f9800 JavaThread "AWT-EventQueue-0" [_thread_blocked, id=7128, stack(0x000000001deb0000,0x000000001dfb0000)]
  0x00000000147f9000 JavaThread "threadDisplay" daemon [_thread_blocked, id=3920, stack(0x000000001ddb0000,0x000000001deb0000)]
  0x0000000014584800 JavaThread "AWT-Shutdown" [_thread_blocked, id=8820, stack(0x000000001b760000,0x000000001b860000)]
=>0x0000000013775000 JavaThread "threadDisplayCamera" daemon [_thread_in_native, id=6304, stack(0x0000000013f60000,0x0000000014060000)]
  0x0000000013775800 JavaThread "AWT-Windows" daemon [_thread_in_native, id=4012, stack(0x0000000014060000,0x0000000014160000)]
  0x0000000013774000 JavaThread "Java2D Disposer" daemon [_thread_blocked, id=5736, stack(0x0000000013e60000,0x0000000013f60000)]
  0x000000001107f000 JavaThread "Service Thread" daemon [_thread_blocked, id=1204, stack(0x0000000013460000,0x0000000013560000)]
  0x000000001107c800 JavaThread "C2 CompilerThread1" daemon [_thread_blocked, id=4504, stack(0x0000000013360000,0x0000000013460000)]
  0x0000000011079000 JavaThread "C2 CompilerThread0" daemon [_thread_blocked, id=8364, stack(0x0000000013260000,0x0000000013360000)]
  0x0000000011077800 JavaThread "Attach Listener" daemon [_thread_blocked, id=6988, stack(0x0000000013160000,0x0000000013260000)]
  0x000000001106b000 JavaThread "Signal Dispatcher" daemon [_thread_blocked, id=1928, stack(0x0000000013060000,0x0000000013160000)]
  0x000000001100e800 JavaThread "Finalizer" daemon [_thread_blocked, id=4460, stack(0x0000000012f60000,0x0000000013060000)]
  0x0000000011007000 JavaThread "Reference Handler" daemon [_thread_blocked, id=6060, stack(0x0000000012e60000,0x0000000012f60000)]

Other Threads:
  0x0000000011002000 VMThread [stack: 0x0000000012d60000,0x0000000012e60000] [id=7088]
  0x00000000110a5000 WatcherThread [stack: 0x0000000013560000,0x0000000013660000] [id=5476]

VM state:not at safepoint (normal execution)

VM Mutex/Monitor currently owned by a thread: None

Heap
 PSYoungGen      total 1196864K, used 150761K [0x00000007aacb0000, 0x00000007f9bf0000, 0x0000000800000000)
  eden space 1152768K, 10% used [0x00000007aacb0000,0x00000007b23db368,0x00000007f1270000)
  from space 44096K, 65% used [0x00000007f70e0000,0x00000007f8cef2a0,0x00000007f9bf0000)
  to   space 70400K, 0% used [0x00000007f1270000,0x00000007f1270000,0x00000007f5730000)
 ParOldGen       total 158400K, used 69036K [0x0000000700600000, 0x000000070a0b0000, 0x00000007aacb0000)
  object space 158400K, 43% used [0x0000000700600000,0x000000070496b150,0x000000070a0b0000)
 PSPermGen       total 36288K, used 18053K [0x00000006fb400000, 0x00000006fd770000, 0x0000000700600000)
  object space 36288K, 49% used [0x00000006fb400000,0x00000006fc5a14b8,0x00000006fd770000)

Card table byte_map: [0x0000000005620000,0x0000000005e50000] byte_map_base: 0x0000000001e46000

Polling page: 0x0000000000930000

Code Cache  [0x0000000002560000, 0x00000000027d0000, 0x0000000005560000)
 total_blobs=878 nmethods=288 adapters=541 free_code_cache=47797Kb largest_free_block=48886848

Compilation events (10 events):
Event: 10.344 Thread 0x000000001107c800  293             java.lang.Class::getName (21 bytes)
Event: 10.345 Thread 0x000000001107c800 nmethod 293 0x0000000002657bd0 code [0x0000000002657d20, 0x0000000002657dc8]
Event: 10.823 Thread 0x0000000011079000  294             sun.java2d.loops.SurfaceType::getUniqueID (5 bytes)
Event: 10.823 Thread 0x0000000011079000 nmethod 294 0x00000000026bf6d0 code [0x00000000026bf800, 0x00000000026bf858]
Event: 11.827 Thread 0x000000001107c800  295             sun.java2d.SurfaceData::markDirty (8 bytes)
Event: 11.827 Thread 0x000000001107c800 nmethod 295 0x0000000002657950 code [0x0000000002657a80, 0x0000000002657af8]
Event: 13.784 Thread 0x0000000011079000  296             java.awt.AWTEvent::getID (5 bytes)
Event: 13.784 Thread 0x0000000011079000 nmethod 296 0x00000000026c09d0 code [0x00000000026c0b00, 0x00000000026c0b58]
Event: 15.400 Thread 0x000000001107c800  297  s          sun.java2d.loops.GraphicsPrimitiveMgr::locatePrim (96 bytes)
Event: 15.409 Thread 0x000000001107c800 nmethod 297 0x000000000264e510 code [0x000000000264e6e0, 0x000000000264f3a8]

GC Heap History (10 events):
Event: 8.916 GC heap before
{Heap before GC invocations=9 (full 0):
 PSYoungGen      total 558848K, used 553392K [0x00000007aacb0000, 0x00000007d0d70000, 0x0000000800000000)
  eden space 516416K, 99% used [0x00000007aacb0000,0x00000007ca0ed278,0x00000007ca500000)
  from space 42432K, 96% used [0x00000007cd5a0000,0x00000007cfdcedd0,0x00000007cff10000)
  to   space 49792K, 0% used [0x00000007ca500000,0x00000007ca500000,0x00000007cd5a0000)
 ParOldGen       total 174528K, used 102313K [0x0000000700600000, 0x000000070b070000, 0x00000007aacb0000)
  object space 174528K, 58% used [0x0000000700600000,0x00000007069ea730,0x000000070b070000)
 PSPermGen       total 21248K, used 18001K [0x00000006fb400000, 0x00000006fc8c0000, 0x0000000700600000)
  object space 21248K, 84% used [0x00000006fb400000,0x00000006fc5947f8,0x00000006fc8c0000)
Event: 8.935 GC heap after
Heap after GC invocations=9 (full 0):
 PSYoungGen      total 566208K, used 47642K [0x00000007aacb0000, 0x00000007e4400000, 0x0000000800000000)
  eden space 516416K, 0% used [0x00000007aacb0000,0x00000007aacb0000,0x00000007ca500000)
  from space 49792K, 95% used [0x00000007ca500000,0x00000007cd3868d8,0x00000007cd5a0000)
  to   space 57536K, 0% used [0x00000007e0bd0000,0x00000007e0bd0000,0x00000007e4400000)
 ParOldGen       total 174528K, used 129734K [0x0000000700600000, 0x000000070b070000, 0x00000007aacb0000)
  object space 174528K, 74% used [0x0000000700600000,0x00000007084b1b00,0x000000070b070000)
 PSPermGen       total 21248K, used 18001K [0x00000006fb400000, 0x00000006fc8c0000, 0x0000000700600000)
  object space 21248K, 84% used [0x00000006fb400000,0x00000006fc5947f8,0x00000006fc8c0000)
}
Event: 9.903 GC heap before
{Heap before GC invocations=10 (full 0):
 PSYoungGen      total 566208K, used 558023K [0x00000007aacb0000, 0x00000007e4400000, 0x0000000800000000)
  eden space 516416K, 98% used [0x00000007aacb0000,0x00000007c9f1b3d0,0x00000007ca500000)
  from space 49792K, 95% used [0x00000007ca500000,0x00000007cd3868d8,0x00000007cd5a0000)
  to   space 57536K, 0% used [0x00000007e0bd0000,0x00000007e0bd0000,0x00000007e4400000)
 ParOldGen       total 174528K, used 129734K [0x0000000700600000, 0x000000070b070000, 0x00000007aacb0000)
  object space 174528K, 74% used [0x0000000700600000,0x00000007084b1b00,0x000000070b070000)
 PSPermGen       total 21248K, used 18013K [0x00000006fb400000, 0x00000006fc8c0000, 0x0000000700600000)
  object space 21248K, 84% used [0x00000006fb400000,0x00000006fc597750,0x00000006fc8c0000)
Event: 9.920 GC heap after
Heap after GC invocations=10 (full 0):
 PSYoungGen      total 876224K, used 53178K [0x00000007aacb0000, 0x00000007e52e0000, 0x0000000800000000)
  eden space 818688K, 0% used [0x00000007aacb0000,0x00000007aacb0000,0x00000007dcc30000)
  from space 57536K, 92% used [0x00000007e0bd0000,0x00000007e3fbebb8,0x00000007e4400000)
  to   space 65152K, 0% used [0x00000007dcc30000,0x00000007dcc30000,0x00000007e0bd0000)
 ParOldGen       total 174528K, used 148425K [0x0000000700600000, 0x000000070b070000, 0x00000007aacb0000)
  object space 174528K, 85% used [0x0000000700600000,0x00000007096f2590,0x000000070b070000)
 PSPermGen       total 21248K, used 18013K [0x00000006fb400000, 0x00000006fc8c0000, 0x0000000700600000)
  object space 21248K, 84% used [0x00000006fb400000,0x00000006fc597750,0x00000006fc8c0000)
}
Event: 9.920 GC heap before
{Heap before GC invocations=11 (full 1):
 PSYoungGen      total 876224K, used 53178K [0x00000007aacb0000, 0x00000007e52e0000, 0x0000000800000000)
  eden space 818688K, 0% used [0x00000007aacb0000,0x00000007aacb0000,0x00000007dcc30000)
  from space 57536K, 92% used [0x00000007e0bd0000,0x00000007e3fbebb8,0x00000007e4400000)
  to   space 65152K, 0% used [0x00000007dcc30000,0x00000007dcc30000,0x00000007e0bd0000)
 ParOldGen       total 174528K, used 148425K [0x0000000700600000, 0x000000070b070000, 0x00000007aacb0000)
  object space 174528K, 85% used [0x0000000700600000,0x00000007096f2590,0x000000070b070000)
 PSPermGen       total 21248K, used 18013K [0x00000006fb400000, 0x00000006fc8c0000, 0x0000000700600000)
  object space 21248K, 84% used [0x00000006fb400000,0x00000006fc597750,0x00000006fc8c0000)
Event: 9.975 GC heap after
Heap after GC invocations=11 (full 1):
 PSYoungGen      total 876224K, used 0K [0x00000007aacb0000, 0x00000007e52e0000, 0x0000000800000000)
  eden space 818688K, 0% used [0x00000007aacb0000,0x00000007aacb0000,0x00000007dcc30000)
  from space 57536K, 0% used [0x00000007e0bd0000,0x00000007e0bd0000,0x00000007e4400000)
  to   space 65152K, 0% used [0x00000007dcc30000,0x00000007dcc30000,0x00000007e0bd0000)
 ParOldGen       total 158400K, used 38417K [0x0000000700600000, 0x000000070a0b0000, 0x00000007aacb0000)
  object space 158400K, 24% used [0x0000000700600000,0x0000000702b846d8,0x000000070a0b0000)
 PSPermGen       total 36288K, used 18007K [0x00000006fb400000, 0x00000006fd770000, 0x0000000700600000)
  object space 36288K, 49% used [0x00000006fb400000,0x00000006fc595c18,0x00000006fd770000)
}
Event: 12.624 GC heap before
{Heap before GC invocations=12 (full 1):
 PSYoungGen      total 876224K, used 817805K [0x00000007aacb0000, 0x00000007e52e0000, 0x0000000800000000)
  eden space 818688K, 99% used [0x00000007aacb0000,0x00000007dcb534c0,0x00000007dcc30000)
  from space 57536K, 0% used [0x00000007e0bd0000,0x00000007e0bd0000,0x00000007e4400000)
  to   space 65152K, 0% used [0x00000007dcc30000,0x00000007dcc30000,0x00000007e0bd0000)
 ParOldGen       total 158400K, used 38417K [0x0000000700600000, 0x000000070a0b0000, 0x00000007aacb0000)
  object space 158400K, 24% used [0x0000000700600000,0x0000000702b846d8,0x000000070a0b0000)
 PSPermGen       total 36288K, used 18013K [0x00000006fb400000, 0x00000006fd770000, 0x0000000700600000)
  object space 36288K, 49% used [0x00000006fb400000,0x00000006fc5976f8,0x00000006fd770000)
Event: 12.640 GC heap after
Heap after GC invocations=12 (full 1):
 PSYoungGen      total 883840K, used 62500K [0x00000007aacb0000, 0x00000007fb9d0000, 0x0000000800000000)
  eden space 818688K, 0% used [0x00000007aacb0000,0x00000007aacb0000,0x00000007dcc30000)
  from space 65152K, 95% used [0x00000007dcc30000,0x00000007e09393a0,0x00000007e0bd0000)
  to   space 74688K, 0% used [0x00000007f70e0000,0x00000007f70e0000,0x00000007fb9d0000)
 ParOldGen       total 158400K, used 41442K [0x0000000700600000, 0x000000070a0b0000, 0x00000007aacb0000)
  object space 158400K, 26% used [0x0000000700600000,0x0000000702e78a48,0x000000070a0b0000)
 PSPermGen       total 36288K, used 18013K [0x00000006fb400000, 0x00000006fd770000, 0x0000000700600000)
  object space 36288K, 49% used [0x00000006fb400000,0x00000006fc5976f8,0x00000006fd770000)
}
Event: 15.487 GC heap before
{Heap before GC invocations=13 (full 1):
 PSYoungGen      total 883840K, used 879475K [0x00000007aacb0000, 0x00000007fb9d0000, 0x0000000800000000)
  eden space 818688K, 99% used [0x00000007aacb0000,0x00000007dca83bd0,0x00000007dcc30000)
  from space 65152K, 95% used [0x00000007dcc30000,0x00000007e09393a0,0x00000007e0bd0000)
  to   space 74688K, 0% used [0x00000007f70e0000,0x00000007f70e0000,0x00000007fb9d0000)
 ParOldGen       total 158400K, used 41442K [0x0000000700600000, 0x000000070a0b0000, 0x00000007aacb0000)
  object space 158400K, 26% used [0x0000000700600000,0x0000000702e78a48,0x000000070a0b0000)
 PSPermGen       total 36288K, used 18026K [0x00000006fb400000, 0x00000006fd770000, 0x0000000700600000)
  object space 36288K, 49% used [0x00000006fb400000,0x00000006fc59a900,0x00000006fd770000)
Event: 15.496 GC heap after
Heap after GC invocations=13 (full 1):
 PSYoungGen      total 1196864K, used 28732K [0x00000007aacb0000, 0x00000007f9bf0000, 0x0000000800000000)
  eden space 1152768K, 0% used [0x00000007aacb0000,0x00000007aacb0000,0x00000007f1270000)
  from space 44096K, 65% used [0x00000007f70e0000,0x00000007f8cef2a0,0x00000007f9bf0000)
  to   space 70400K, 0% used [0x00000007f1270000,0x00000007f1270000,0x00000007f5730000)
 ParOldGen       total 158400K, used 69036K [0x0000000700600000, 0x000000070a0b0000, 0x00000007aacb0000)
  object space 158400K, 43% used [0x0000000700600000,0x000000070496b150,0x000000070a0b0000)
 PSPermGen       total 36288K, used 18026K [0x00000006fb400000, 0x00000006fd770000, 0x0000000700600000)
  object space 36288K, 49% used [0x00000006fb400000,0x00000006fc59a900,0x00000006fd770000)
}

Deoptimization events (10 events):
Event: 2.901 Thread 0x00000000023de000 Uncommon trap -83 fr.pc 0x00000000025fdbfc
Event: 3.395 Thread 0x00000000023de000 Uncommon trap 43 fr.pc 0x000000000261e024
Event: 3.933 Thread 0x00000000147f9800 Uncommon trap -83 fr.pc 0x0000000002625444
Event: 4.008 Thread 0x00000000171a5800 Uncommon trap -83 fr.pc 0x0000000002624ff4
Event: 4.059 Thread 0x00000000171a5800 Uncommon trap -83 fr.pc 0x0000000002627344
Event: 4.073 Thread 0x00000000171a5800 Uncommon trap -83 fr.pc 0x0000000002658528
Event: 4.146 Thread 0x00000000171a5800 Uncommon trap -83 fr.pc 0x000000000265743c
Event: 4.175 Thread 0x00000000171a5800 Uncommon trap -83 fr.pc 0x0000000002647458
Event: 10.335 Thread 0x00000000147f9800 Uncommon trap -12 fr.pc 0x00000000026574ec
Event: 10.336 Thread 0x00000000147f9800 Uncommon trap -12 fr.pc 0x00000000026b1ab0

Internal exceptions (10 events):
Event: 4.230 Thread 0x00000000171a5800 Threw 0x00000007ab797ce0 at C:\jdk7u1_64p\jdk7u7\hotspot\src\share\vm\prims\jvm.cpp:1166
Event: 4.230 Thread 0x00000000171a5800 Threw 0x00000007ab79aab0 at C:\jdk7u1_64p\jdk7u7\hotspot\src\share\vm\prims\jvm.cpp:1166
Event: 4.358 Thread 0x00000000171aa800 Threw 0x00000007abcf4900 at C:\jdk7u1_64p\jdk7u7\hotspot\src\share\vm\prims\jvm.cpp:1166
Event: 4.361 Thread 0x00000000171aa800 Threw 0x00000007abd05190 at C:\jdk7u1_64p\jdk7u7\hotspot\src\share\vm\prims\jvm.cpp:1166
Event: 4.562 Thread 0x00000000171aa800 Threw 0x00000007ac6a6fe0 at C:\jdk7u1_64p\jdk7u7\hotspot\src\share\vm\prims\jvm.cpp:1166
Event: 7.651 Thread 0x00000000147f9800 Threw 0x00000007b8de4870 at C:\jdk7u1_64p\jdk7u7\hotspot\src\share\vm\prims\jvm.cpp:1166
Event: 7.652 Thread 0x00000000147f9800 Threw 0x00000007b8dea868 at C:\jdk7u1_64p\jdk7u7\hotspot\src\share\vm\prims\jvm.cpp:1166
Event: 7.654 Thread 0x00000000147f9800 Threw 0x00000007b8df7bd0 at C:\jdk7u1_64p\jdk7u7\hotspot\src\share\vm\prims\jvm.cpp:1166
Event: 10.335 Thread 0x00000000147f9800 Implicit null exception at 0x00000000026572c0 to 0x00000000026574e1
Event: 10.336 Thread 0x00000000147f9800 Implicit null exception at 0x00000000026b1588 to 0x00000000026b1aa1

Events (10 events):
Event: 12.624 Executing VM operation: ParallelGCFailedAllocation
Event: 12.640 Executing VM operation: ParallelGCFailedAllocation done
Event: 15.178 loading class 0x000000001492cff0
Event: 15.178 loading class 0x000000001492cff0 done
Event: 15.178 loading class 0x000000001469dc70
Event: 15.178 loading class 0x0000000016c65ad0
Event: 15.178 loading class 0x0000000016c65ad0 done
Event: 15.178 loading class 0x000000001469dc70 done
Event: 15.487 Executing VM operation: ParallelGCFailedAllocation
Event: 15.496 Executing VM operation: ParallelGCFailedAllocation done


Dynamic libraries:
0x000007f662880000 - 0x000007f6628b4000 	F:\Program Files\Java\Jre7\bin\javaw.exe
0x000007fd0db20000 - 0x000007fd0dcde000 	C:\WINDOWS\SYSTEM32\ntdll.dll
0x000007fd0c680000 - 0x000007fd0c7b6000 	C:\WINDOWS\system32\KERNEL32.DLL
0x000007fd0ab00000 - 0x000007fd0abf3000 	C:\WINDOWS\system32\KERNELBASE.dll
0x000007fd0c260000 - 0x000007fd0c33e000 	C:\WINDOWS\system32\ADVAPI32.dll
0x000007fd0c460000 - 0x000007fd0c5ac000 	C:\WINDOWS\system32\USER32.dll
0x000007fd082b0000 - 0x000007fd08519000 	C:\WINDOWS\WinSxS\amd64_microsoft.windows.common-controls_6595b64144ccf1df_6.0.9200.16384_none_418c2a697189c07f\COMCTL32.dll
0x000007fd0c7c0000 - 0x000007fd0c865000 	C:\WINDOWS\system32\msvcrt.dll
0x000007fd0cdf0000 - 0x000007fd0ce38000 	C:\WINDOWS\SYSTEM32\sechost.dll
0x000007fd0c870000 - 0x000007fd0c9b0000 	C:\WINDOWS\system32\RPCRT4.dll
0x000007fd0d520000 - 0x000007fd0d660000 	C:\WINDOWS\system32\GDI32.dll
0x000007fd0c620000 - 0x000007fd0c659000 	C:\WINDOWS\system32\IMM32.DLL
0x000007fd0c340000 - 0x000007fd0c455000 	C:\WINDOWS\system32\MSCTF.dll
0x000007fd0aa10000 - 0x000007fd0aa18000 	C:\PROGRA~2\NVIDIA~1\3DVISI~1\NVSTIN~1.DLL
0x000007fd0d510000 - 0x000007fd0d517000 	C:\WINDOWS\system32\PSAPI.DLL
0x000000005e410000 - 0x000000005e4b3000 	C:\WINDOWS\WinSxS\amd64_microsoft.vc90.crt_1fc8b3b9a1e18e3b_9.0.30729.6871_none_08e717a5a83adddf\MSVCR90.dll
0x000000005d880000 - 0x000000005d951000 	F:\Program Files\Java\Jre7\bin\msvcr100.dll
0x000000005c090000 - 0x000000005c7af000 	F:\Program Files\Java\Jre7\bin\server\jvm.dll
0x000007fd02f00000 - 0x000007fd02f09000 	C:\WINDOWS\SYSTEM32\WSOCK32.dll
0x000007fd07b90000 - 0x000007fd07bb0000 	C:\WINDOWS\SYSTEM32\WINMM.dll
0x000007fd0c5b0000 - 0x000007fd0c608000 	C:\WINDOWS\system32\WS2_32.dll
0x000007fd07a80000 - 0x000007fd07ab2000 	C:\WINDOWS\SYSTEM32\WINMMBASE.dll
0x000007fd0d360000 - 0x000007fd0d369000 	C:\WINDOWS\system32\NSI.dll
0x000000005dc10000 - 0x000000005dc1f000 	F:\Program Files\Java\Jre7\bin\verify.dll
0x000000005dbe0000 - 0x000000005dc08000 	F:\Program Files\Java\Jre7\bin\java.dll
0x000000005dbc0000 - 0x000000005dbd5000 	F:\Program Files\Java\Jre7\bin\zip.dll
0x000000005b300000 - 0x000000005b493000 	F:\Program Files\Java\Jre7\bin\awt.dll
0x000007fd0d830000 - 0x000007fd0d8f3000 	C:\WINDOWS\system32\OLEAUT32.dll
0x000007fd0cc40000 - 0x000007fd0cdf0000 	C:\WINDOWS\system32\combase.dll
0x000007fd04cf0000 - 0x000007fd04d8f000 	C:\WINDOWS\system32\apphelp.dll
0x000007fd09810000 - 0x000007fd098f3000 	C:\WINDOWS\system32\uxtheme.dll
0x000007fd08210000 - 0x000007fd082a5000 	C:\Program Files\Common Files\microsoft shared\ink\tiptsf.dll
0x000007fd088b0000 - 0x000007fd088d1000 	C:\WINDOWS\SYSTEM32\dwmapi.dll
0x000007fd0d090000 - 0x000007fd0d20e000 	C:\WINDOWS\system32\ole32.dll
0x000007fd0a860000 - 0x000007fd0a86a000 	C:\WINDOWS\SYSTEM32\CRYPTBASE.dll
0x000007fd0a800000 - 0x000007fd0a85c000 	C:\WINDOWS\SYSTEM32\bcryptPrimitives.dll
0x000007fd0af70000 - 0x000007fd0c258000 	C:\WINDOWS\system32\SHELL32.dll
0x000007fd0cb80000 - 0x000007fd0cbd0000 	C:\WINDOWS\system32\SHLWAPI.dll
0x000007fd09be0000 - 0x000007fd09c76000 	C:\WINDOWS\SYSTEM32\shcore.dll
0x000000005d2e0000 - 0x000000005d378000 	C:\Windows\System32\msvcp100.dll
0x000007fcf2470000 - 0x000007fcf26c8000 	C:\opencv\build\x64\vc10\bin\opencv_core243.dll
0x000007fcf7e90000 - 0x000007fcf7f25000 	C:\Users\Jonas\AppData\Local\Temp\javacpp98276162556008\jniopencv_core.dll
0x000007fcf10b0000 - 0x000007fcf1355000 	C:\opencv\build\x64\vc10\bin\opencv_imgproc243.dll
0x000007fcf7e40000 - 0x000007fcf7e88000 	C:\Users\Jonas\AppData\Local\Temp\javacpp98276162556008\jniopencv_imgproc.dll
0x0000000066840000 - 0x00000000675ca000 	C:\opencv\build\x64\vc10\bin\opencv_ffmpeg243_64.dll
0x000007fcf0c80000 - 0x000007fcf0ecb000 	C:\opencv\build\x64\vc10\bin\opencv_highgui243.dll
0x000007fd043e0000 - 0x000007fd04400000 	C:\WINDOWS\SYSTEM32\AVIFIL32.dll
0x000007fd07af0000 - 0x000007fd07b19000 	C:\WINDOWS\SYSTEM32\MSVFW32.dll
0x000007fd081c0000 - 0x000007fd081d7000 	C:\WINDOWS\SYSTEM32\AVICAP32.dll
0x000007fcf6150000 - 0x000007fcf6169000 	C:\WINDOWS\SYSTEM32\MSACM32.dll
0x000007fd07db0000 - 0x000007fd07db9000 	C:\WINDOWS\SYSTEM32\VERSION.dll
0x000007fd04350000 - 0x000007fd04363000 	C:\Users\Jonas\AppData\Local\Temp\javacpp98276162556008\jniopencv_highgui.dll
0x000007fd0d2c0000 - 0x000007fd0d356000 	C:\WINDOWS\SYSTEM32\clbcatq.dll
0x000007fd01c50000 - 0x000007fd01c67000 	C:\Windows\System32\devenum.dll
0x000007fd0c9b0000 - 0x000007fd0cb80000 	C:\WINDOWS\system32\setupapi.dll
0x000007fd0ad10000 - 0x000007fd0ad5f000 	C:\WINDOWS\system32\CFGMGR32.dll
0x000007fd0af40000 - 0x000007fd0af62000 	C:\WINDOWS\system32\DEVOBJ.dll
0x000007fd03ae0000 - 0x000007fd03b0e000 	C:\WINDOWS\SYSTEM32\ntmarta.dll
0x000007fd0ac00000 - 0x000007fd0ac55000 	C:\WINDOWS\system32\WINTRUST.dll
0x000007fd0ad60000 - 0x000007fd0af37000 	C:\WINDOWS\system32\CRYPT32.dll
0x000007fd0aae0000 - 0x000007fd0aaf6000 	C:\WINDOWS\system32\MSASN1.dll
0x000007fd07890000 - 0x000007fd0789d000 	C:\WINDOWS\SYSTEM32\msdmo.dll
0x000007fd01920000 - 0x000007fd0194f000 	C:\Windows\System32\qcap.dll
0x000007fcf1460000 - 0x000007fcf1618000 	C:\Windows\System32\quartz.dll
0x000007fcf8ba0000 - 0x000007fcf8bdf000 	C:\Windows\System32\ksproxy.ax
0x000007fcf5930000 - 0x000007fcf5937000 	C:\Windows\System32\ksuser.dll
0x000007fcf9950000 - 0x000007fcf9b50000 	C:\Windows\System32\d3d9.dll
0x000007fd05950000 - 0x000007fd0595c000 	C:\Windows\System32\vidcap.ax
0x000007fd015b0000 - 0x000007fd015d4000 	C:\Windows\System32\kswdmcap.ax
0x000007fcf0920000 - 0x000007fcf0a74000 	C:\Windows\System32\MFC42.dll
0x000007fcf41f0000 - 0x000007fcf42ae000 	C:\Windows\System32\ODBC32.dll
0x000007fcf3e30000 - 0x000007fcf3ec5000 	C:\Windows\System32\qedit.dll
0x000007fd0d210000 - 0x000007fd0d2b1000 	C:\WINDOWS\system32\COMDLG32.dll
0x000007fd0d370000 - 0x000007fd0d510000 	C:\WINDOWS\WinSxS\amd64_microsoft.windows.gdiplus_6595b64144ccf1df_1.1.9200.16384_none_72771d4ecc1c3a4d\gdiplus.dll
0x000007fcf0640000 - 0x000007fcf072a000 	C:\WINDOWS\SYSTEM32\DDRAW.dll
0x000007fd07de0000 - 0x000007fd07de8000 	C:\WINDOWS\SYSTEM32\DCIMAN32.dll
0x000000005b610000 - 0x000000005b644000 	F:\Program Files\Java\Jre7\bin\fontmanager.dll
0x000007fce6500000 - 0x000007fce7680000 	C:\WINDOWS\SYSTEM32\nvd3dumx.dll
0x000007fd0a900000 - 0x000007fd0a943000 	C:\WINDOWS\SYSTEM32\powrprof.dll
0x0000000180000000 - 0x0000000180116000 	C:\Program Files (x86)\NVIDIA Corporation\3D Vision\nvSCPAPI64.dll
0x000007fd07ef0000 - 0x000007fd07f64000 	C:\WINDOWS\SYSTEM32\dxgi.dll
0x000007fd06540000 - 0x000007fd06802000 	C:\WINDOWS\SYSTEM32\nvapi64.dll
0x000007fd07ed0000 - 0x000007fd07eef000 	C:\WINDOWS\SYSTEM32\DXGIDebug.dll
0x000000005dba0000 - 0x000000005dbb9000 	F:\Program Files\Java\Jre7\bin\net.dll
0x000007fd0a270000 - 0x000007fd0a2cc000 	C:\WINDOWS\system32\mswsock.dll
0x000000005db50000 - 0x000000005db61000 	F:\Program Files\Java\Jre7\bin\nio.dll
0x000000005b5c0000 - 0x000000005b601000 	F:\Program Files\Java\Jre7\bin\t2k.dll
0x000007fd08010000 - 0x000007fd0819a000 	C:\WINDOWS\SYSTEM32\WindowsCodecs.dll
0x000007fd0aa30000 - 0x000007fd0aa45000 	C:\WINDOWS\SYSTEM32\profapi.dll
0x000007fd07530000 - 0x000007fd07599000 	C:\WINDOWS\SYSTEM32\oleacc.dll
0x000000005b2d0000 - 0x000000005b2fa000 	F:\Program Files\Java\Jre7\bin\dcpr.dll
0x000007fcf8620000 - 0x000007fcf8783000 	C:\WINDOWS\SYSTEM32\dbghelp.dll

VM Arguments:
jvm_args: -Dfile.encoding=Cp1252 
java_command: emcscanner.kth.se.Program
Launcher Type: SUN_STANDARD

Environment Variables:
PATH=C:\Program Files (x86)\NVIDIA Corporation\PhysX\Common;C:\WINDOWS\system32;C:\WINDOWS;C:\WINDOWS\System32\Wbem;C:\WINDOWS\System32\WindowsPowerShell\v1.0\;C:\Program Files (x86)\Microsoft SQL Server\90\Tools\binn\;C:\Program Files (x86)\Autodesk\Backburner\;F:\Program Files\MATLAB\R2012a\runtime\win64;F:\Program Files\MATLAB\R2012a\bin;C:\Program Files\Internet Explorer;C:\Program Files\Perforce;F:\Program Files\Perforce;C:\Program Files\Microsoft\Web Platform Installer\;C:\Program Files (x86)\Microsoft ASP.NET\ASP.NET Web Pages\v1.0\;C:\Program Files (x86)\Windows Kits\8.0\Windows Performance Toolkit\;C:\Program Files\Microsoft SQL Server\110\Tools\Binn\;F:\Program Files\Perforce\Server
USERNAME=Jonas
OS=Windows_NT
PROCESSOR_IDENTIFIER=Intel64 Family 6 Model 42 Stepping 7, GenuineIntel



---------------  S Y S T E M  ---------------

OS: Windows 8 , 64 bit Build 9200 

CPU:total 8 (4 cores per cpu, 2 threads per core) family 6 model 42 stepping 7, cmov, cx8, fxsr, mmx, sse, sse2, sse3, ssse3, sse4.1, sse4.2, popcnt, avx, ht, tsc, tscinvbit

Memory: 4k page, physical 16751668k(10625080k free), swap 33528884k(25024888k free)

vm_info: Java HotSpot(TM) 64-Bit Server VM (23.3-b01) for windows-amd64 JRE (1.7.0_07-b11), built on Sep  7 2012 01:19:25 by "java_re" with unknown MS VC++:1600

time: Sun Feb 03 15:59:39 2013
elapsed time: 15 seconds

