#
# A fatal error has been detected by the Java Runtime Environment:
#
#  EXCEPTION_ACCESS_VIOLATION (0xc0000005) at pc=0x000007ffd0028bc0, pid=1912, tid=7396
#
# JRE version: 7.0_07-b11
# Java VM: Java HotSpot(TM) 64-Bit Server VM (23.3-b01 mixed mode windows-amd64 compressed oops)
# Problematic frame:
# C  [ntdll.dll+0x18bc0]  RtlQueueWorkItem+0x8a0
#
# Failed to write core dump. Minidumps are not enabled by default on client versions of Windows
#
# If you would like to submit a bug report, please visit:
#   http://bugreport.sun.com/bugreport/crash.jsp
# The crash happened outside the Java Virtual Machine in native code.
# See problematic frame for where to report the bug.
#

---------------  T H R E A D  ---------------

Current thread (0x0000000013c60000):  JavaThread "threadDisplayCamera" daemon [_thread_in_native, id=7396, stack(0x000000001abe0000,0x000000001ace0000)]

siginfo: ExceptionCode=0xc0000005, writing address 0x0000000000000024

Registers:
RAX=0x0000000000000000, RBX=0x0000000013eaea88, RCX=0x00000000fffffffc, RDX=0x0000000000000978
RSP=0x000000001acdf250, RBP=0x0000000000000000, RSI=0x0000000000000978, RDI=0x0000000000000000
R8 =0xffffffffffffffff, R9 =0x0000000000000004, R10=0x000007ff501e05e0, R11=0x0000000000000246
R12=0x0000000000000000, R13=0x0000000000000000, R14=0x000007f797fbe000, R15=0x0000000000000000
RIP=0x000007ffd0028bc0, EFLAGS=0x0000000000010213

Top of Stack: (sp=0x000000001acdf250)
0x000000001acdf250:   0000000000000978 0000000002a164f0
0x000000001acdf260:   4089500000000000 0000000000000000
0x000000001acdf270:   4096800000000000 0000000000000000
0x000000001acdf280:   0000000000000000 0000000000000000
0x000000001acdf290:   0000000000000000 0000000000000000
0x000000001acdf2a0:   0000000000000438 0000000000000780
0x000000001acdf2b0:   0000000000000000 000007ffcd3610ea
0x000000001acdf2c0:   00000000000005a0 0000000000000000
0x000000001acdf2d0:   000005cfd1584992 00000007b663a578
0x000000001acdf2e0:   0000000000000004 0000000000000001
0x000000001acdf2f0:   000000001a5e9050 00000000ff000000
0x000000001acdf300:   0000000000000000 0000000000000000
0x000000001acdf310:   000007f797fbe000 000007ffd001f4d4
0x000000001acdf320:   0000000000000000 0000000000000000
0x000000001acdf330:   0000000013eaea88 0000000000000000
0x000000001acdf340:   0000000000000000 0000000013c601d8 

Instructions: (pc=0x000007ffd0028bc0)
0x000007ffd0028ba0:   43 08 a8 01 0f 85 bd 67 ff ff 8b c8 2b cd f0 0f
0x000007ffd0028bb0:   b1 4b 08 75 ea 48 8b 03 33 ed 48 83 f8 ff 74 03
0x000007ffd0028bc0:   ff 40 24 41 bf 82 03 fe 7f 41 80 3f 00 0f 85 69
0x000007ffd0028bd0:   7a 0e 00 48 83 fe ff 0f 84 bf 7a 0e 00 4c 8b c7 


Register to memory mapping:

RAX=0x0000000000000000 is an unknown value
RBX=0x0000000013eaea88 is an unknown value
RCX=0x00000000fffffffc is an unknown value
RDX=0x0000000000000978 is an unknown value
RSP=0x000000001acdf250 is pointing into the stack for thread: 0x0000000013c60000
RBP=0x0000000000000000 is an unknown value
RSI=0x0000000000000978 is an unknown value
RDI=0x0000000000000000 is an unknown value
R8 =0xffffffffffffffff is an unknown value
R9 =0x0000000000000004 is an unknown value
R10=0x000007ff501e05e0 is an unknown value
R11=0x0000000000000246 is an unknown value
R12=0x0000000000000000 is an unknown value
R13=0x0000000000000000 is an unknown value
R14=0x000007f797fbe000 is an unknown value
R15=0x0000000000000000 is an unknown value


Stack: [0x000000001abe0000,0x000000001ace0000],  sp=0x000000001acdf250,  free space=1020k
Native frames: (J=compiled Java code, j=interpreted, Vv=VM code, C=native code)
C  [ntdll.dll+0x18bc0]  RtlQueueWorkItem+0x8a0

[error occurred during error reporting (printing native stack), id 0xc0000005]

Java frames: (J=compiled Java code, j=interpreted, Vv=VM code)
j  com.googlecode.javacv.cpp.opencv_highgui.cvRetrieveFrame(Lcom/googlecode/javacv/cpp/opencv_highgui$CvCapture;I)Lcom/googlecode/javacv/cpp/opencv_core$IplImage;+0
j  com.googlecode.javacv.cpp.opencv_highgui.cvRetrieveFrame(Lcom/googlecode/javacv/cpp/opencv_highgui$CvCapture;)Lcom/googlecode/javacv/cpp/opencv_core$IplImage;+2
j  com.googlecode.javacv.OpenCVFrameGrabber.grab()Lcom/googlecode/javacv/cpp/opencv_core$IplImage;+4
j  emcscanner.kth.se.CameraPanel$1.run()V+15
v  ~StubRoutines::call_stub

---------------  P R O C E S S  ---------------

Java Threads: ( => current thread )
  0x00000000212c2800 JavaThread "Thread-0" daemon [_thread_in_native, id=4632, stack(0x0000000017550000,0x0000000017650000)]
  0x00000000212c1800 JavaThread "ICEpdf-pagePainter" daemon [_thread_blocked, id=2284, stack(0x0000000025fb0000,0x00000000260b0000)]
  0x0000000021ee4000 JavaThread "ICEpdf-pageInitializer" daemon [_thread_blocked, id=6744, stack(0x0000000025d70000,0x0000000025e70000)]
  0x000000000290e000 JavaThread "DestroyJavaVM" [_thread_blocked, id=4308, stack(0x00000000027b0000,0x00000000028b0000)]
  0x0000000014e9e000 JavaThread "TimerQueue" daemon [_thread_blocked, id=1268, stack(0x0000000022150000,0x0000000022250000)]
  0x00000000150fb800 JavaThread "threadDisplayDensity" daemon [_thread_blocked, id=8004, stack(0x000000001d540000,0x000000001d640000)]
  0x0000000014db1800 JavaThread "AWT-EventQueue-0" [_thread_blocked, id=4672, stack(0x000000001d440000,0x000000001d540000)]
  0x0000000014b97800 JavaThread "threadDisplay" daemon [_thread_blocked, id=5704, stack(0x000000001d340000,0x000000001d440000)]
  0x0000000014b5b800 JavaThread "AWT-Shutdown" [_thread_blocked, id=6580, stack(0x000000001ace0000,0x000000001ade0000)]
=>0x0000000013c60000 JavaThread "threadDisplayCamera" daemon [_thread_in_native, id=7396, stack(0x000000001abe0000,0x000000001ace0000)]
  0x0000000013c60800 JavaThread "AWT-Windows" daemon [_thread_in_native, id=6528, stack(0x0000000014540000,0x0000000014640000)]
  0x0000000013c5e000 JavaThread "Java2D Disposer" daemon [_thread_blocked, id=84, stack(0x0000000014340000,0x0000000014440000)]
  0x000000001153a000 JavaThread "Service Thread" daemon [_thread_blocked, id=2060, stack(0x0000000013940000,0x0000000013a40000)]
  0x0000000011537800 JavaThread "C2 CompilerThread1" daemon [_thread_blocked, id=6640, stack(0x0000000013840000,0x0000000013940000)]
  0x0000000011529000 JavaThread "C2 CompilerThread0" daemon [_thread_blocked, id=4028, stack(0x0000000013740000,0x0000000013840000)]
  0x0000000011528000 JavaThread "Attach Listener" daemon [_thread_blocked, id=5168, stack(0x0000000013640000,0x0000000013740000)]
  0x000000001151b000 JavaThread "Signal Dispatcher" daemon [_thread_blocked, id=7668, stack(0x0000000013540000,0x0000000013640000)]
  0x00000000114be800 JavaThread "Finalizer" daemon [_thread_blocked, id=6168, stack(0x0000000013440000,0x0000000013540000)]
  0x00000000114b7000 JavaThread "Reference Handler" daemon [_thread_blocked, id=4180, stack(0x0000000013340000,0x0000000013440000)]

Other Threads:
  0x00000000114b2000 VMThread [stack: 0x0000000013240000,0x0000000013340000] [id=8016]
  0x0000000011556800 WatcherThread [stack: 0x0000000013a40000,0x0000000013b40000] [id=1828]

VM state:not at safepoint (normal execution)

VM Mutex/Monitor currently owned by a thread: None

Heap
 PSYoungGen      total 557056K, used 215103K [0x00000007aacb0000, 0x00000007d7f40000, 0x0000000800000000)
  eden space 510080K, 42% used [0x00000007aacb0000,0x00000007b7ebfe90,0x00000007c9ed0000)
  from space 46976K, 0% used [0x00000007d39c0000,0x00000007d39c0000,0x00000007d67a0000)
  to   space 24192K, 0% used [0x00000007d67a0000,0x00000007d67a0000,0x00000007d7f40000)
 ParOldGen       total 237440K, used 13988K [0x0000000700600000, 0x000000070ede0000, 0x00000007aacb0000)
  object space 237440K, 5% used [0x0000000700600000,0x00000007013a9018,0x000000070ede0000)
 PSPermGen       total 32512K, used 18210K [0x00000006fb400000, 0x00000006fd3c0000, 0x0000000700600000)
  object space 32512K, 56% used [0x00000006fb400000,0x00000006fc5c8890,0x00000006fd3c0000)

Card table byte_map: [0x0000000005ad0000,0x0000000006300000] byte_map_base: 0x00000000022f6000

Polling page: 0x00000000026f0000

Code Cache  [0x0000000002a10000, 0x0000000002c80000, 0x0000000005a10000)
 total_blobs=937 nmethods=348 adapters=540 free_code_cache=47697Kb largest_free_block=48795200

Compilation events (10 events):
Event: 40.265 Thread 0x0000000011529000  352             sun.java2d.SurfaceData::getSurfaceType (5 bytes)
Event: 40.266 Thread 0x0000000011529000 nmethod 352 0x0000000002affb10 code [0x0000000002affc40, 0x0000000002affcb8]
Event: 41.585 Thread 0x0000000011537800  353             java.awt.Component::getGraphics (124 bytes)
Event: 41.602 Thread 0x0000000011537800 nmethod 353 0x0000000002b7ae90 code [0x0000000002b7b120, 0x0000000002b7bf68]
Event: 41.725 Thread 0x0000000011529000  354   !         java.nio.ByteBuffer::wrap (20 bytes)
Event: 41.727 Thread 0x0000000011529000 nmethod 354 0x0000000002aff690 code [0x0000000002aff7e0, 0x0000000002aff938]
Event: 41.885 Thread 0x0000000011537800  355             sun.java2d.pipe.RenderBuffer::putLong (26 bytes)
Event: 41.886 Thread 0x0000000011537800 nmethod 355 0x0000000002aff450 code [0x0000000002aff580, 0x0000000002aff618]
Event: 43.086 Thread 0x0000000011529000  357   !         javax.swing.JComponent::_paintImmediately (891 bytes)
Event: 43.124 Thread 0x0000000011529000 nmethod 357 0x0000000002b81310 code [0x0000000002b816a0, 0x0000000002b842a0]

GC Heap History (10 events):
Event: 33.063 GC heap before
{Heap before GC invocations=20 (full 5):
 PSYoungGen      total 571072K, used 570218K [0x00000007aacb0000, 0x00000007db230000, 0x0000000800000000)
  eden space 570816K, 99% used [0x00000007aacb0000,0x00000007cd98a820,0x00000007cda20000)
  from space 256K, 0% used [0x00000007db1f0000,0x00000007db1f0000,0x00000007db230000)
  to   space 51456K, 0% used [0x00000007d4db0000,0x00000007d4db0000,0x00000007d7ff0000)
 ParOldGen       total 247808K, used 13962K [0x0000000700600000, 0x000000070f800000, 0x00000007aacb0000)
  object space 247808K, 5% used [0x0000000700600000,0x00000007013a2af0,0x000000070f800000)
 PSPermGen       total 35968K, used 18145K [0x00000006fb400000, 0x00000006fd720000, 0x0000000700600000)
  object space 35968K, 50% used [0x00000006fb400000,0x00000006fc5b84d0,0x00000006fd720000)
Event: 33.071 GC heap after
Heap after GC invocations=20 (full 5):
 PSYoungGen      total 578368K, used 28732K [0x00000007aacb0000, 0x00000007db200000, 0x0000000800000000)
  eden space 549632K, 0% used [0x00000007aacb0000,0x00000007aacb0000,0x00000007cc570000)
  from space 28736K, 99% used [0x00000007d4db0000,0x00000007d69bf2a0,0x00000007d69c0000)
  to   space 52032K, 0% used [0x00000007d7f30000,0x00000007d7f30000,0x00000007db200000)
 ParOldGen       total 247808K, used 13962K [0x0000000700600000, 0x000000070f800000, 0x00000007aacb0000)
  object space 247808K, 5% used [0x0000000700600000,0x00000007013a2af0,0x000000070f800000)
 PSPermGen       total 35968K, used 18145K [0x00000006fb400000, 0x00000006fd720000, 0x0000000700600000)
  object space 35968K, 50% used [0x00000006fb400000,0x00000006fc5b84d0,0x00000006fd720000)
}
Event: 34.985 GC heap before
{Heap before GC invocations=21 (full 5):
 PSYoungGen      total 578368K, used 576633K [0x00000007aacb0000, 0x00000007db200000, 0x0000000800000000)
  eden space 549632K, 99% used [0x00000007aacb0000,0x00000007cc3bf160,0x00000007cc570000)
  from space 28736K, 99% used [0x00000007d4db0000,0x00000007d69bf2a0,0x00000007d69c0000)
  to   space 52032K, 0% used [0x00000007d7f30000,0x00000007d7f30000,0x00000007db200000)
 ParOldGen       total 247808K, used 17379K [0x0000000700600000, 0x000000070f800000, 0x00000007aacb0000)
  object space 247808K, 7% used [0x0000000700600000,0x00000007016f8fc0,0x000000070f800000)
 PSPermGen       total 35968K, used 18149K [0x00000006fb400000, 0x00000006fd720000, 0x0000000700600000)
  object space 35968K, 50% used [0x00000006fb400000,0x00000006fc5b9538,0x00000006fd720000)
Event: 34.996 GC heap after
Heap after GC invocations=21 (full 5):
 PSYoungGen      total 576448K, used 47021K [0x00000007aacb0000, 0x00000007dad20000, 0x0000000800000000)
  eden space 529408K, 0% used [0x00000007aacb0000,0x00000007aacb0000,0x00000007cb1b0000)
  from space 47040K, 99% used [0x00000007d7f30000,0x00000007dad1b6d0,0x00000007dad20000)
  to   space 59072K, 0% used [0x00000007d39c0000,0x00000007d39c0000,0x00000007d7370000)
 ParOldGen       total 247808K, used 17379K [0x0000000700600000, 0x000000070f800000, 0x00000007aacb0000)
  object space 247808K, 7% used [0x0000000700600000,0x00000007016f8fc0,0x000000070f800000)
 PSPermGen       total 35968K, used 18149K [0x00000006fb400000, 0x00000006fd720000, 0x0000000700600000)
  object space 35968K, 50% used [0x00000006fb400000,0x00000006fc5b9538,0x00000006fd720000)
}
Event: 37.924 GC heap before
{Heap before GC invocations=22 (full 6):
 PSYoungGen      total 576448K, used 576267K [0x00000007aacb0000, 0x00000007dad20000, 0x0000000800000000)
  eden space 529408K, 99% used [0x00000007aacb0000,0x00000007cb187690,0x00000007cb1b0000)
  from space 47040K, 99% used [0x00000007d7f30000,0x00000007dad1b6d0,0x00000007dad20000)
  to   space 59072K, 0% used [0x00000007d39c0000,0x00000007d39c0000,0x00000007d7370000)
 ParOldGen       total 318016K, used 315055K [0x0000000700600000, 0x0000000713c90000, 0x00000007aacb0000)
  object space 318016K, 99% used [0x0000000700600000,0x00000007139abfb0,0x0000000713c90000)
 PSPermGen       total 35968K, used 18161K [0x00000006fb400000, 0x00000006fd720000, 0x0000000700600000)
  object space 35968K, 50% used [0x00000006fb400000,0x00000006fc5bc730,0x00000006fd720000)
Event: 37.956 GC heap after
Heap after GC invocations=22 (full 6):
 PSYoungGen      total 576448K, used 0K [0x00000007aacb0000, 0x00000007dad20000, 0x0000000800000000)
  eden space 529408K, 0% used [0x00000007aacb0000,0x00000007aacb0000,0x00000007cb1b0000)
  from space 47040K, 0% used [0x00000007d7f30000,0x00000007d7f30000,0x00000007dad20000)
  to   space 59072K, 0% used [0x00000007d39c0000,0x00000007d39c0000,0x00000007d7370000)
 ParOldGen       total 241856K, used 13986K [0x0000000700600000, 0x000000070f230000, 0x00000007aacb0000)
  object space 241856K, 5% used [0x0000000700600000,0x00000007013a8968,0x000000070f230000)
 PSPermGen       total 34240K, used 18161K [0x00000006fb400000, 0x00000006fd570000, 0x0000000700600000)
  object space 34240K, 53% used [0x00000006fb400000,0x00000006fc5bc730,0x00000006fd570000)
}
Event: 39.852 GC heap before
{Heap before GC invocations=23 (full 6):
 PSYoungGen      total 576448K, used 528535K [0x00000007aacb0000, 0x00000007dad20000, 0x0000000800000000)
  eden space 529408K, 99% used [0x00000007aacb0000,0x00000007cb0d5ed8,0x00000007cb1b0000)
  from space 47040K, 0% used [0x00000007d7f30000,0x00000007d7f30000,0x00000007dad20000)
  to   space 59072K, 0% used [0x00000007d39c0000,0x00000007d39c0000,0x00000007d7370000)
 ParOldGen       total 241856K, used 17403K [0x0000000700600000, 0x000000070f230000, 0x00000007aacb0000)
  object space 241856K, 7% used [0x0000000700600000,0x00000007016fee38,0x000000070f230000)
 PSPermGen       total 34240K, used 18163K [0x00000006fb400000, 0x00000006fd570000, 0x0000000700600000)
  object space 34240K, 53% used [0x00000006fb400000,0x00000006fc5bcda8,0x00000006fd570000)
Event: 39.862 GC heap after
Heap after GC invocations=23 (full 6):
 PSYoungGen      total 557056K, used 46957K [0x00000007aacb0000, 0x00000007d7f40000, 0x0000000800000000)
  eden space 510080K, 0% used [0x00000007aacb0000,0x00000007aacb0000,0x00000007c9ed0000)
  from space 46976K, 99% used [0x00000007d39c0000,0x00000007d679b6d0,0x00000007d67a0000)
  to   space 24192K, 0% used [0x00000007d67a0000,0x00000007d67a0000,0x00000007d7f40000)
 ParOldGen       total 241856K, used 17403K [0x0000000700600000, 0x000000070f230000, 0x00000007aacb0000)
  object space 241856K, 7% used [0x0000000700600000,0x00000007016fee38,0x000000070f230000)
 PSPermGen       total 34240K, used 18163K [0x00000006fb400000, 0x00000006fd570000, 0x0000000700600000)
  object space 34240K, 53% used [0x00000006fb400000,0x00000006fc5bcda8,0x00000006fd570000)
}
Event: 42.725 GC heap before
{Heap before GC invocations=24 (full 7):
 PSYoungGen      total 557056K, used 556647K [0x00000007aacb0000, 0x00000007d7f40000, 0x0000000800000000)
  eden space 510080K, 99% used [0x00000007aacb0000,0x00000007c9e6e870,0x00000007c9ed0000)
  from space 46976K, 99% used [0x00000007d39c0000,0x00000007d679b6d0,0x00000007d67a0000)
  to   space 24192K, 0% used [0x00000007d67a0000,0x00000007d67a0000,0x00000007d7f40000)
 ParOldGen       total 318144K, used 315079K [0x0000000700600000, 0x0000000713cb0000, 0x00000007aacb0000)
  object space 318144K, 99% used [0x0000000700600000,0x00000007139b1e28,0x0000000713cb0000)
 PSPermGen       total 34240K, used 18175K [0x00000006fb400000, 0x00000006fd570000, 0x0000000700600000)
  object space 34240K, 53% used [0x00000006fb400000,0x00000006fc5bfd20,0x00000006fd570000)
Event: 42.757 GC heap after
Heap after GC invocations=24 (full 7):
 PSYoungGen      total 557056K, used 0K [0x00000007aacb0000, 0x00000007d7f40000, 0x0000000800000000)
  eden space 510080K, 0% used [0x00000007aacb0000,0x00000007aacb0000,0x00000007c9ed0000)
  from space 46976K, 0% used [0x00000007d39c0000,0x00000007d39c0000,0x00000007d67a0000)
  to   space 24192K, 0% used [0x00000007d67a0000,0x00000007d67a0000,0x00000007d7f40000)
 ParOldGen       total 237440K, used 13988K [0x0000000700600000, 0x000000070ede0000, 0x00000007aacb0000)
  object space 237440K, 5% used [0x0000000700600000,0x00000007013a9018,0x000000070ede0000)
 PSPermGen       total 32512K, used 18175K [0x00000006fb400000, 0x00000006fd3c0000, 0x0000000700600000)
  object space 32512K, 55% used [0x00000006fb400000,0x00000006fc5bfd00,0x00000006fd3c0000)
}

Deoptimization events (10 events):
Event: 3.860 Thread 0x0000000021ee4000 Uncommon trap -83 fr.pc 0x0000000002ad8374
Event: 3.909 Thread 0x0000000021ee4000 Uncommon trap -83 fr.pc 0x0000000002ada344
Event: 3.922 Thread 0x0000000021ee4000 Uncommon trap -83 fr.pc 0x0000000002b09b28
Event: 3.991 Thread 0x0000000021ee4000 Uncommon trap -83 fr.pc 0x0000000002b25210
Event: 4.022 Thread 0x0000000021ee4000 Uncommon trap -83 fr.pc 0x0000000002afba58
Event: 4.216 Thread 0x00000000212c1800 Uncommon trap -34 fr.pc 0x0000000002b449c4
Event: 4.217 Thread 0x00000000212c1800 Uncommon trap -34 fr.pc 0x0000000002b449c4
Event: 4.217 Thread 0x00000000212c1800 Uncommon trap -34 fr.pc 0x0000000002b449c4
Event: 4.217 Thread 0x00000000212c1800 Uncommon trap -34 fr.pc 0x0000000002b449c4
Event: 24.640 Thread 0x0000000013c60000 Uncommon trap -12 fr.pc 0x0000000002b6acb8

Internal exceptions (10 events):
Event: 4.070 Thread 0x0000000021ee4000 Threw 0x00000007ab8d1838 at C:\jdk7u1_64p\jdk7u7\hotspot\src\share\vm\prims\jvm.cpp:1166
Event: 4.070 Thread 0x0000000021ee4000 Threw 0x00000007ab8d4758 at C:\jdk7u1_64p\jdk7u7\hotspot\src\share\vm\prims\jvm.cpp:1166
Event: 4.073 Thread 0x0000000021ee4000 Threw 0x00000007ab8e4bc0 at C:\jdk7u1_64p\jdk7u7\hotspot\src\share\vm\prims\jvm.cpp:1166
Event: 4.073 Thread 0x0000000021ee4000 Threw 0x00000007ab8e7ae0 at C:\jdk7u1_64p\jdk7u7\hotspot\src\share\vm\prims\jvm.cpp:1166
Event: 4.074 Thread 0x0000000021ee4000 Threw 0x00000007ab8eac90 at C:\jdk7u1_64p\jdk7u7\hotspot\src\share\vm\prims\jvm.cpp:1166
Event: 4.074 Thread 0x0000000021ee4000 Threw 0x00000007ab8edbb0 at C:\jdk7u1_64p\jdk7u7\hotspot\src\share\vm\prims\jvm.cpp:1166
Event: 4.199 Thread 0x00000000212c1800 Threw 0x00000007abe2bf68 at C:\jdk7u1_64p\jdk7u7\hotspot\src\share\vm\prims\jvm.cpp:1166
Event: 4.202 Thread 0x00000000212c1800 Threw 0x00000007abe3c7f8 at C:\jdk7u1_64p\jdk7u7\hotspot\src\share\vm\prims\jvm.cpp:1166
Event: 4.406 Thread 0x00000000212c1800 Threw 0x00000007ac8ad4f8 at C:\jdk7u1_64p\jdk7u7\hotspot\src\share\vm\prims\jvm.cpp:1166
Event: 24.640 Thread 0x0000000013c60000 Implicit null exception at 0x0000000002b6a9b8 to 0x0000000002b6acac

Events (10 events):
Event: 39.852 Executing VM operation: ParallelGCSystemGC
Event: 39.862 Executing VM operation: ParallelGCSystemGC done
Event: 42.725 Executing VM operation: ParallelGCFailedAllocation
Event: 42.757 Executing VM operation: ParallelGCFailedAllocation done
Event: 43.386 loading class 0x0000000014ecad40
Event: 43.386 loading class 0x0000000014ecad40 done
Event: 43.386 loading class 0x0000000014adad30
Event: 43.386 loading class 0x0000000015049500
Event: 43.386 loading class 0x0000000015049500 done
Event: 43.386 loading class 0x0000000014adad30 done


Dynamic libraries:
0x000007f798e80000 - 0x000007f798eb4000 	F:\Program Files\Java\Jre7\bin\javaw.exe
0x000007ffd0010000 - 0x000007ffd01ce000 	C:\WINDOWS\SYSTEM32\ntdll.dll
0x000007ffcd650000 - 0x000007ffcd786000 	C:\WINDOWS\system32\KERNEL32.DLL
0x000007ffcd360000 - 0x000007ffcd453000 	C:\WINDOWS\system32\KERNELBASE.dll
0x000007ffcdad0000 - 0x000007ffcdbae000 	C:\WINDOWS\system32\ADVAPI32.dll
0x000007ffcf8a0000 - 0x000007ffcf9ec000 	C:\WINDOWS\system32\USER32.dll
0x000007ffca740000 - 0x000007ffca9a9000 	C:\WINDOWS\WinSxS\amd64_microsoft.windows.common-controls_6595b64144ccf1df_6.0.9200.16384_none_418c2a697189c07f\COMCTL32.dll
0x000007ffcd940000 - 0x000007ffcd9e5000 	C:\WINDOWS\system32\msvcrt.dll
0x000007ffcd460000 - 0x000007ffcd4a8000 	C:\WINDOWS\SYSTEM32\sechost.dll
0x000007ffcf760000 - 0x000007ffcf8a0000 	C:\WINDOWS\system32\RPCRT4.dll
0x000007ffcdec0000 - 0x000007ffce000000 	C:\WINDOWS\system32\GDI32.dll
0x000007ffcda90000 - 0x000007ffcdac9000 	C:\WINDOWS\system32\IMM32.DLL
0x000007ffcf9f0000 - 0x000007ffcfb05000 	C:\WINDOWS\system32\MSCTF.dll
0x000007ffccf00000 - 0x000007ffccf08000 	C:\PROGRA~2\NVIDIA~1\3DVISI~1\NVSTIN~1.DLL
0x000007ffcda80000 - 0x000007ffcda87000 	C:\WINDOWS\system32\PSAPI.DLL
0x0000000061700000 - 0x00000000617a3000 	C:\WINDOWS\WinSxS\amd64_microsoft.vc90.crt_1fc8b3b9a1e18e3b_9.0.30729.6871_none_08e717a5a83adddf\MSVCR90.dll
0x000000005f150000 - 0x000000005f221000 	F:\Program Files\Java\Jre7\bin\msvcr100.dll
0x000000005ea30000 - 0x000000005f14f000 	F:\Program Files\Java\Jre7\bin\server\jvm.dll
0x000007ffc53f0000 - 0x000007ffc53f9000 	C:\WINDOWS\SYSTEM32\WSOCK32.dll
0x000007ffca070000 - 0x000007ffca090000 	C:\WINDOWS\SYSTEM32\WINMM.dll
0x000007ffcffb0000 - 0x000007ffd0008000 	C:\WINDOWS\system32\WS2_32.dll
0x000007ffc9f70000 - 0x000007ffc9fa2000 	C:\WINDOWS\SYSTEM32\WINMMBASE.dll
0x000007ffcfb10000 - 0x000007ffcfb19000 	C:\WINDOWS\system32\NSI.dll
0x000000005ea20000 - 0x000000005ea2f000 	F:\Program Files\Java\Jre7\bin\verify.dll
0x000000005e9f0000 - 0x000000005ea18000 	F:\Program Files\Java\Jre7\bin\java.dll
0x000000005e9d0000 - 0x000000005e9e5000 	F:\Program Files\Java\Jre7\bin\zip.dll
0x000000005e7c0000 - 0x000000005e953000 	F:\Program Files\Java\Jre7\bin\awt.dll
0x000007ffcdbb0000 - 0x000007ffcdc73000 	C:\WINDOWS\system32\OLEAUT32.dll
0x000007ffcd790000 - 0x000007ffcd940000 	C:\WINDOWS\system32\combase.dll
0x000007ffc7130000 - 0x000007ffc71cf000 	C:\WINDOWS\system32\apphelp.dll
0x000007ffcbd00000 - 0x000007ffcbde3000 	C:\WINDOWS\system32\uxtheme.dll
0x000007ffc71e0000 - 0x000007ffc7275000 	C:\Program Files\Common Files\microsoft shared\ink\tiptsf.dll
0x000007ffcae20000 - 0x000007ffcae41000 	C:\WINDOWS\SYSTEM32\dwmapi.dll
0x000007ffce000000 - 0x000007ffce17e000 	C:\WINDOWS\system32\ole32.dll
0x000007ffccd70000 - 0x000007ffccd7a000 	C:\WINDOWS\SYSTEM32\CRYPTBASE.dll
0x000007ffcccf0000 - 0x000007ffccd4c000 	C:\WINDOWS\SYSTEM32\bcryptPrimitives.dll
0x000007ffce470000 - 0x000007ffcf758000 	C:\WINDOWS\system32\SHELL32.dll
0x000007ffcff60000 - 0x000007ffcffb0000 	C:\WINDOWS\system32\SHLWAPI.dll
0x000007ffcc0d0000 - 0x000007ffcc166000 	C:\WINDOWS\SYSTEM32\shcore.dll
0x00000000605d0000 - 0x0000000060668000 	C:\Windows\System32\msvcp100.dll
0x000007ffb3e80000 - 0x000007ffb40d8000 	C:\opencv\build\x64\vc10\bin\opencv_core243.dll
0x000007ffbc470000 - 0x000007ffbc505000 	C:\Users\Jonas\AppData\Local\Temp\javacpp28656303195473\jniopencv_core.dll
0x000007ffb3480000 - 0x000007ffb3725000 	C:\opencv\build\x64\vc10\bin\opencv_imgproc243.dll
0x000007ffc67d0000 - 0x000007ffc6818000 	C:\Users\Jonas\AppData\Local\Temp\javacpp28656303195473\jniopencv_imgproc.dll
0x0000000066840000 - 0x00000000675ca000 	C:\opencv\build\x64\vc10\bin\opencv_ffmpeg243_64.dll
0x000007ffb3c30000 - 0x000007ffb3e7b000 	C:\opencv\build\x64\vc10\bin\opencv_highgui243.dll
0x000007ffc9d70000 - 0x000007ffc9d90000 	C:\WINDOWS\SYSTEM32\AVIFIL32.dll
0x000007ffc69e0000 - 0x000007ffc6a09000 	C:\WINDOWS\SYSTEM32\MSVFW32.dll
0x000007ffc6a10000 - 0x000007ffc6a27000 	C:\WINDOWS\SYSTEM32\AVICAP32.dll
0x000007ffba340000 - 0x000007ffba359000 	C:\WINDOWS\SYSTEM32\MSACM32.dll
0x000007ffcacb0000 - 0x000007ffcacb9000 	C:\WINDOWS\SYSTEM32\VERSION.dll
0x000007ffc6790000 - 0x000007ffc67a3000 	C:\Users\Jonas\AppData\Local\Temp\javacpp28656303195473\jniopencv_highgui.dll
0x000007ffce1b0000 - 0x000007ffce246000 	C:\WINDOWS\SYSTEM32\clbcatq.dll
0x000007ffbc450000 - 0x000007ffbc467000 	C:\Windows\System32\devenum.dll
0x000007ffcdc80000 - 0x000007ffcde50000 	C:\WINDOWS\system32\setupapi.dll
0x000007ffcd020000 - 0x000007ffcd06f000 	C:\WINDOWS\system32\CFGMGR32.dll
0x000007ffccff0000 - 0x000007ffcd012000 	C:\WINDOWS\system32\DEVOBJ.dll
0x000007ffc5fd0000 - 0x000007ffc5ffe000 	C:\WINDOWS\SYSTEM32\ntmarta.dll
0x000007ffcd070000 - 0x000007ffcd0c5000 	C:\WINDOWS\system32\WINTRUST.dll
0x000007ffcd0d0000 - 0x000007ffcd2a7000 	C:\WINDOWS\system32\CRYPT32.dll
0x000007ffccfd0000 - 0x000007ffccfe6000 	C:\WINDOWS\system32\MSASN1.dll
0x000007ffc92d0000 - 0x000007ffc92dd000 	C:\WINDOWS\SYSTEM32\msdmo.dll
0x000007ffbc420000 - 0x000007ffbc44f000 	C:\Windows\System32\qcap.dll
0x000007ffb3110000 - 0x000007ffb32c8000 	C:\Windows\System32\quartz.dll
0x000007ffbc3e0000 - 0x000007ffbc41f000 	C:\Windows\System32\ksproxy.ax
0x000007ffba390000 - 0x000007ffba397000 	C:\Windows\System32\ksuser.dll
0x000007ffbbc60000 - 0x000007ffbbe60000 	C:\Windows\System32\d3d9.dll
0x000007ffc7800000 - 0x000007ffc780c000 	C:\Windows\System32\vidcap.ax
0x000007ffbc3b0000 - 0x000007ffbc3d4000 	C:\Windows\System32\kswdmcap.ax
0x000007ffb6280000 - 0x000007ffb63d4000 	C:\Windows\System32\MFC42.dll
0x000007ffb9c50000 - 0x000007ffb9d0e000 	C:\Windows\System32\ODBC32.dll
0x000007ffb7f20000 - 0x000007ffb7fb5000 	C:\Windows\System32\qedit.dll
0x000007ffcfeb0000 - 0x000007ffcff51000 	C:\WINDOWS\system32\COMDLG32.dll
0x000007ffcd4b0000 - 0x000007ffcd650000 	C:\WINDOWS\WinSxS\amd64_microsoft.windows.gdiplus_6595b64144ccf1df_1.1.9200.16384_none_72771d4ecc1c3a4d\gdiplus.dll
0x000007ffb38f0000 - 0x000007ffb39da000 	C:\WINDOWS\SYSTEM32\DDRAW.dll
0x000007ffc7970000 - 0x000007ffc7978000 	C:\WINDOWS\SYSTEM32\DCIMAN32.dll
0x000000005e780000 - 0x000000005e7b4000 	F:\Program Files\Java\Jre7\bin\fontmanager.dll
0x000007ffb4b50000 - 0x000007ffb5cd0000 	C:\WINDOWS\SYSTEM32\nvd3dumx.dll
0x000007ffccdf0000 - 0x000007ffcce33000 	C:\WINDOWS\SYSTEM32\powrprof.dll
0x0000000180000000 - 0x0000000180116000 	C:\Program Files (x86)\NVIDIA Corporation\3D Vision\nvSCPAPI64.dll
0x000007ffca330000 - 0x000007ffca3a4000 	C:\WINDOWS\SYSTEM32\dxgi.dll
0x000007ffc9a40000 - 0x000007ffc9d02000 	C:\WINDOWS\SYSTEM32\nvapi64.dll
0x000007ffc9f50000 - 0x000007ffc9f6f000 	C:\WINDOWS\SYSTEM32\DXGIDebug.dll
0x000000005e9b0000 - 0x000000005e9c9000 	F:\Program Files\Java\Jre7\bin\net.dll
0x000007ffcc760000 - 0x000007ffcc7bc000 	C:\WINDOWS\system32\mswsock.dll
0x000000005e990000 - 0x000000005e9a1000 	F:\Program Files\Java\Jre7\bin\nio.dll
0x000000005e730000 - 0x000000005e771000 	F:\Program Files\Java\Jre7\bin\t2k.dll
0x000007ffca9b0000 - 0x000007ffcab3a000 	C:\WINDOWS\SYSTEM32\WindowsCodecs.dll
0x000007ffccf20000 - 0x000007ffccf35000 	C:\WINDOWS\SYSTEM32\profapi.dll
0x000007ffc8ca0000 - 0x000007ffc8d09000 	C:\WINDOWS\SYSTEM32\oleacc.dll
0x000000005e700000 - 0x000000005e72a000 	F:\Program Files\Java\Jre7\bin\dcpr.dll
0x000007ffb60d0000 - 0x000007ffb6233000 	C:\WINDOWS\SYSTEM32\dbghelp.dll

VM Arguments:
jvm_args: -Dfile.encoding=Cp1252 
java_command: emcscanner.kth.se.Program
Launcher Type: SUN_STANDARD

Environment Variables:
PATH=C:\Program Files (x86)\NVIDIA Corporation\PhysX\Common;C:\WINDOWS\system32;C:\WINDOWS;C:\WINDOWS\System32\Wbem;C:\WINDOWS\System32\WindowsPowerShell\v1.0\;C:\Program Files (x86)\Microsoft SQL Server\90\Tools\binn\;C:\Program Files (x86)\Autodesk\Backburner\;F:\Program Files\MATLAB\R2012a\runtime\win64;F:\Program Files\MATLAB\R2012a\bin;C:\Program Files\Internet Explorer;C:\Program Files\Perforce;F:\Program Files\Perforce;C:\Program Files\Microsoft\Web Platform Installer\;C:\Program Files (x86)\Microsoft ASP.NET\ASP.NET Web Pages\v1.0\;C:\Program Files (x86)\Windows Kits\8.0\Windows Performance Toolkit\;C:\Program Files\Microsoft SQL Server\110\Tools\Binn\;F:\Program Files\Perforce\Server
USERNAME=Jonas
OS=Windows_NT
PROCESSOR_IDENTIFIER=Intel64 Family 6 Model 42 Stepping 7, GenuineIntel



---------------  S Y S T E M  ---------------

OS: Windows 8 , 64 bit Build 9200 

CPU:total 8 (4 cores per cpu, 2 threads per core) family 6 model 42 stepping 7, cmov, cx8, fxsr, mmx, sse, sse2, sse3, ssse3, sse4.1, sse4.2, popcnt, avx, ht, tsc, tscinvbit

Memory: 4k page, physical 16751668k(11678056k free), swap 33528884k(21610384k free)

vm_info: Java HotSpot(TM) 64-Bit Server VM (23.3-b01) for windows-amd64 JRE (1.7.0_07-b11), built on Sep  7 2012 01:19:25 by "java_re" with unknown MS VC++:1600

time: Tue Feb 05 00:40:06 2013
elapsed time: 44 seconds

