#
# A fatal error has been detected by the Java Runtime Environment:
#
#  EXCEPTION_ACCESS_VIOLATION (0xc0000005) at pc=0x000007fcf24cd118, pid=752, tid=7360
#
# JRE version: 7.0_07-b11
# Java VM: Java HotSpot(TM) 64-Bit Server VM (23.3-b01 mixed mode windows-amd64 compressed oops)
# Problematic frame:
# C  [opencv_core243.dll+0x5d118]  cvSetZero+0x278
#
# Failed to write core dump. Minidumps are not enabled by default on client versions of Windows
#
# If you would like to submit a bug report, please visit:
#   http://bugreport.sun.com/bugreport/crash.jsp
# The crash happened outside the Java Virtual Machine in native code.
# See problematic frame for where to report the bug.
#

---------------  T H R E A D  ---------------

Current thread (0x000000001372f800):  JavaThread "threadDisplayCamera" daemon [_thread_in_native, id=7360, stack(0x0000000013f20000,0x0000000014020000)]

siginfo: ExceptionCode=0xc0000005, reading address 0x000000001b29e2cd

Registers:
RAX=0x0000000000000084, RBX=0x000000001401ebb0, RCX=0x000000000000167d, RDX=0x00000000000000e9
RSP=0x000000001401dac0, RBP=0x0000000000000b40, RSI=0x000000001b29cc50, RDI=0x000000001b29cc50
R8 =0x000000001b29cc50, R9 =0x0000000016ca0ee0, R10=0x0000000000000b40, R11=0x0000000000000000
R12=0x0000000016ca0ee0, R13=0x0000000000000b40, R14=0x0000000000001680, R15=0x0000000000001680
RIP=0x000007fcf24cd118, EFLAGS=0x0000000000010246

Top of Stack: (sp=0x000000001401dac0)
0x000000001401dac0:   0000000000000031 000007fc00000000
0x000000001401dad0:   0000000000000035 0000000000000000
0x000000001401dae0:   fffffffffffffffe 0000000000000000
0x000000001401daf0:   0000000016ca0ee0 0000000000001680
0x000000001401db00:   0000000000003a88 0000000000000000
0x000000001401db10:   0000000002410000 0000000000000030
0x000000001401db20:   0000000000000028 000007fd0db257c0
0x000000001401db30:   000000000000004d 000007fc00000000
0x000000001401db40:   0000000000000000 0000000000000000
0x000000001401db50:   0000000000000000 0000000000000000
0x000000001401db60:   0000000000000002 000007fc00000000
0x000000001401db70:   000000001401de90 0000000000000000
0x000000001401db80:   00000000fc5876e8 0000000000000000
0x000000001401db90:   00000000fc58a168 0000000000000000
0x000000001401dba0:   0000000000000000 000007fcfc59f348
0x000000001401dbb0:   fffffffffffffffe 000000001401de90 

Instructions: (pc=0x000007fcf24cd118)
0x000007fcf24cd0f8:   4c 8b c7 4d 8b cc 4c 8b de 4c 2b df 4c 8b d5 66
0x000007fcf24cd108:   0f 1f 84 00 00 00 00 00 43 0f b6 14 03 49 63 09
0x000007fcf24cd118:   0f b6 04 31 41 88 00 88 14 39 49 83 c1 04 49 ff
0x000007fcf24cd128:   c0 49 ff ca 75 e2 49 03 f6 49 03 ff 83 7b 04 00 


Register to memory mapping:

RAX=0x0000000000000084 is an unknown value
RBX=0x000000001401ebb0 is pointing into the stack for thread: 0x000000001372f800
RCX=0x000000000000167d is an unknown value
RDX=0x00000000000000e9 is an unknown value
RSP=0x000000001401dac0 is pointing into the stack for thread: 0x000000001372f800
RBP=0x0000000000000b40 is an unknown value
RSI=0x000000001b29cc50 is an unknown value
RDI=0x000000001b29cc50 is an unknown value
R8 =0x000000001b29cc50 is an unknown value
R9 =0x0000000016ca0ee0 is an unknown value
R10=0x0000000000000b40 is an unknown value
R11=0x0000000000000000 is an unknown value
R12=0x0000000016ca0ee0 is an unknown value
R13=0x0000000000000b40 is an unknown value
R14=0x0000000000001680 is an unknown value
R15=0x0000000000001680 is an unknown value


Stack: [0x0000000013f20000,0x0000000014020000],  sp=0x000000001401dac0,  free space=1014k
Native frames: (J=compiled Java code, j=interpreted, Vv=VM code, C=native code)
C  [opencv_core243.dll+0x5d118]  cvSetZero+0x278

[error occurred during error reporting (printing native stack), id 0xc0000005]

Java frames: (J=compiled Java code, j=interpreted, Vv=VM code)
j  com.googlecode.javacv.cpp.opencv_core.cvFlip(Lcom/googlecode/javacv/cpp/opencv_core$CvArr;Lcom/googlecode/javacv/cpp/opencv_core$CvArr;I)V+0
j  emcscanner.kth.se.CameraPanel$1.run()V+57
v  ~StubRoutines::call_stub

---------------  P R O C E S S  ---------------

Java Threads: ( => current thread )
  0x000000001456a000 JavaThread "Thread-2" [_thread_in_native, id=9196, stack(0x00000000182e0000,0x00000000183e0000)]
  0x000000001456c800 JavaThread "Thread-0" daemon [_thread_in_native, id=4456, stack(0x00000000180e0000,0x00000000181e0000)]
  0x000000001456e800 JavaThread "ICEpdf-pagePainter" daemon [_thread_blocked, id=8828, stack(0x0000000025a90000,0x0000000025b90000)]
  0x0000000017264000 JavaThread "ICEpdf-pageInitializer" daemon [_thread_blocked, id=9108, stack(0x0000000025860000,0x0000000025960000)]
  0x000000000241e000 JavaThread "DestroyJavaVM" [_thread_blocked, id=8152, stack(0x00000000022a0000,0x00000000023a0000)]
  0x00000000148a2800 JavaThread "TimerQueue" daemon [_thread_blocked, id=9388, stack(0x0000000021bd0000,0x0000000021cd0000)]
  0x0000000014991800 JavaThread "threadDisplayDensity" daemon [_thread_blocked, id=1156, stack(0x000000001dfa0000,0x000000001e0a0000)]
  0x0000000013910800 JavaThread "AWT-EventQueue-0" [_thread_blocked, id=6800, stack(0x000000001dea0000,0x000000001dfa0000)]
  0x0000000014610000 JavaThread "threadDisplay" daemon [_thread_blocked, id=84, stack(0x000000001dda0000,0x000000001dea0000)]
  0x0000000016c70800 JavaThread "AWT-Shutdown" [_thread_blocked, id=7508, stack(0x000000001b790000,0x000000001b890000)]
=>0x000000001372f800 JavaThread "threadDisplayCamera" daemon [_thread_in_native, id=7360, stack(0x0000000013f20000,0x0000000014020000)]
  0x0000000013730000 JavaThread "AWT-Windows" daemon [_thread_in_native, id=1356, stack(0x0000000014020000,0x0000000014120000)]
  0x000000001372e800 JavaThread "Java2D Disposer" daemon [_thread_blocked, id=7452, stack(0x0000000013e20000,0x0000000013f20000)]
  0x0000000011042800 JavaThread "Service Thread" daemon [_thread_blocked, id=5720, stack(0x0000000013420000,0x0000000013520000)]
  0x000000001103c800 JavaThread "C2 CompilerThread1" daemon [_thread_blocked, id=7348, stack(0x0000000013320000,0x0000000013420000)]
  0x0000000011039000 JavaThread "C2 CompilerThread0" daemon [_thread_blocked, id=6272, stack(0x0000000013220000,0x0000000013320000)]
  0x0000000011037800 JavaThread "Attach Listener" daemon [_thread_blocked, id=5132, stack(0x0000000013120000,0x0000000013220000)]
  0x000000001102b000 JavaThread "Signal Dispatcher" daemon [_thread_blocked, id=6036, stack(0x0000000013020000,0x0000000013120000)]
  0x0000000010fce800 JavaThread "Finalizer" daemon [_thread_blocked, id=5852, stack(0x0000000012f20000,0x0000000013020000)]
  0x0000000010fc7000 JavaThread "Reference Handler" daemon [_thread_blocked, id=1560, stack(0x0000000012e20000,0x0000000012f20000)]

Other Threads:
  0x0000000010fc2000 VMThread [stack: 0x0000000012d20000,0x0000000012e20000] [id=1616]
  0x000000001105f000 WatcherThread [stack: 0x0000000013520000,0x0000000013620000] [id=6420]

VM state:not at safepoint (normal execution)

VM Mutex/Monitor currently owned by a thread: None

Heap
 PSYoungGen      total 582272K, used 542593K [0x00000007aacb0000, 0x00000007d2b90000, 0x0000000800000000)
  eden space 531840K, 96% used [0x00000007aacb0000,0x00000007ca289218,0x00000007cb410000)
  from space 50432K, 56% used [0x00000007cfa50000,0x00000007d16572a0,0x00000007d2b90000)
  to   space 61184K, 0% used [0x00000007cb410000,0x00000007cb410000,0x00000007cefd0000)
 ParOldGen       total 244032K, used 38380K [0x0000000700600000, 0x000000070f450000, 0x00000007aacb0000)
  object space 244032K, 15% used [0x0000000700600000,0x0000000702b7b348,0x000000070f450000)
 PSPermGen       total 37696K, used 18068K [0x00000006fb400000, 0x00000006fd8d0000, 0x0000000700600000)
  object space 37696K, 47% used [0x00000006fb400000,0x00000006fc5a53f8,0x00000006fd8d0000)

Card table byte_map: [0x00000000055e0000,0x0000000005e10000] byte_map_base: 0x0000000001e06000

Polling page: 0x0000000000b90000

Code Cache  [0x0000000002520000, 0x0000000002790000, 0x0000000005520000)
 total_blobs=889 nmethods=299 adapters=541 free_code_cache=47803Kb largest_free_block=48900608

Compilation events (10 events):
Event: 13.403 Thread 0x0000000011039000  305  s          java.util.Hashtable::clear (38 bytes)
Event: 13.406 Thread 0x0000000011039000 nmethod 305 0x0000000002604f90 code [0x00000000026050c0, 0x0000000002605398]
Event: 14.239 Thread 0x000000001103c800  306             java.awt.image.Raster::getNumDataElements (8 bytes)
Event: 14.240 Thread 0x000000001103c800 nmethod 306 0x0000000002604d10 code [0x0000000002604e60, 0x0000000002604ef8]
Event: 15.532 Thread 0x0000000011039000  307             sun.java2d.SunGraphics2D::getCompClip (19 bytes)
Event: 15.533 Thread 0x0000000011039000 nmethod 307 0x0000000002604a50 code [0x0000000002604ba0, 0x0000000002604c48]
Event: 20.238 Thread 0x000000001103c800  308             java.util.EventObject::getSource (5 bytes)
Event: 20.239 Thread 0x000000001103c800 nmethod 308 0x0000000002604850 code [0x0000000002604980, 0x00000000026049f8]
Event: 21.674 Thread 0x0000000011039000  309             sun.awt.image.ByteComponentRaster::verify (173 bytes)
Event: 21.676 Thread 0x0000000011039000 nmethod 309 0x000000000264a010 code [0x000000000264a160, 0x000000000264a378]

GC Heap History (10 events):
Event: 14.886 GC heap before
{Heap before GC invocations=18 (full 4):
 PSYoungGen      total 432128K, used 406970K [0x00000007aacb0000, 0x00000007c9710000, 0x0000000800000000)
  eden space 367936K, 99% used [0x00000007aacb0000,0x00000007c11ae3c8,0x00000007c1400000)
  from space 64192K, 64% used [0x00000007c5490000,0x00000007c7d00468,0x00000007c9340000)
  to   space 66112K, 0% used [0x00000007c1400000,0x00000007c1400000,0x00000007c5490000)
 ParOldGen       total 481920K, used 480875K [0x0000000700600000, 0x000000071dca0000, 0x00000007aacb0000)
  object space 481920K, 99% used [0x0000000700600000,0x000000071db9afe0,0x000000071dca0000)
 PSPermGen       total 39296K, used 18033K [0x00000006fb400000, 0x00000006fda60000, 0x0000000700600000)
  object space 39296K, 45% used [0x00000006fb400000,0x00000006fc59c448,0x00000006fda60000)
Event: 14.936 GC heap after
Heap after GC invocations=18 (full 4):
 PSYoungGen      total 432128K, used 0K [0x00000007aacb0000, 0x00000007c9710000, 0x0000000800000000)
  eden space 367936K, 0% used [0x00000007aacb0000,0x00000007aacb0000,0x00000007c1400000)
  from space 64192K, 0% used [0x00000007c5490000,0x00000007c5490000,0x00000007c9340000)
  to   space 66112K, 0% used [0x00000007c1400000,0x00000007c1400000,0x00000007c5490000)
 ParOldGen       total 244032K, used 38380K [0x0000000700600000, 0x000000070f450000, 0x00000007aacb0000)
  object space 244032K, 15% used [0x0000000700600000,0x0000000702b7b348,0x000000070f450000)
 PSPermGen       total 37696K, used 18032K [0x00000006fb400000, 0x00000006fd8d0000, 0x0000000700600000)
  object space 37696K, 47% used [0x00000006fb400000,0x00000006fc59c388,0x00000006fd8d0000)
}
Event: 16.268 GC heap before
{Heap before GC invocations=19 (full 4):
 PSYoungGen      total 432128K, used 366880K [0x00000007aacb0000, 0x00000007c9710000, 0x0000000800000000)
  eden space 367936K, 99% used [0x00000007aacb0000,0x00000007c12f83c0,0x00000007c1400000)
  from space 64192K, 0% used [0x00000007c5490000,0x00000007c5490000,0x00000007c9340000)
  to   space 66112K, 0% used [0x00000007c1400000,0x00000007c1400000,0x00000007c5490000)
 ParOldGen       total 244032K, used 38380K [0x0000000700600000, 0x000000070f450000, 0x00000007aacb0000)
  object space 244032K, 15% used [0x0000000700600000,0x0000000702b7b348,0x000000070f450000)
 PSPermGen       total 37696K, used 18034K [0x00000006fb400000, 0x00000006fd8d0000, 0x0000000700600000)
  object space 37696K, 47% used [0x00000006fb400000,0x00000006fc59c888,0x00000006fd8d0000)
Event: 16.276 GC heap after
Heap after GC invocations=19 (full 4):
 PSYoungGen      total 434048K, used 40882K [0x00000007aacb0000, 0x00000007cfe40000, 0x0000000800000000)
  eden space 367936K, 0% used [0x00000007aacb0000,0x00000007aacb0000,0x00000007c1400000)
  from space 66112K, 61% used [0x00000007c1400000,0x00000007c3becac0,0x00000007c5490000)
  to   space 67264K, 0% used [0x00000007cbc90000,0x00000007cbc90000,0x00000007cfe40000)
 ParOldGen       total 244032K, used 38380K [0x0000000700600000, 0x000000070f450000, 0x00000007aacb0000)
  object space 244032K, 15% used [0x0000000700600000,0x0000000702b7b348,0x000000070f450000)
 PSPermGen       total 37696K, used 18034K [0x00000006fb400000, 0x00000006fd8d0000, 0x0000000700600000)
  object space 37696K, 47% used [0x00000006fb400000,0x00000006fc59c888,0x00000006fd8d0000)
}
Event: 17.546 GC heap before
{Heap before GC invocations=20 (full 4):
 PSYoungGen      total 434048K, used 405103K [0x00000007aacb0000, 0x00000007cfe40000, 0x0000000800000000)
  eden space 367936K, 98% used [0x00000007aacb0000,0x00000007c105f268,0x00000007c1400000)
  from space 66112K, 61% used [0x00000007c1400000,0x00000007c3becac0,0x00000007c5490000)
  to   space 67264K, 0% used [0x00000007cbc90000,0x00000007cbc90000,0x00000007cfe40000)
 ParOldGen       total 244032K, used 38380K [0x0000000700600000, 0x000000070f450000, 0x00000007aacb0000)
  object space 244032K, 15% used [0x0000000700600000,0x0000000702b7b348,0x000000070f450000)
 PSPermGen       total 37696K, used 18034K [0x00000006fb400000, 0x00000006fd8d0000, 0x0000000700600000)
  object space 37696K, 47% used [0x00000006fb400000,0x00000006fc59cb98,0x00000006fd8d0000)
Event: 17.553 GC heap after
Heap after GC invocations=20 (full 4):
 PSYoungGen      total 514560K, used 28668K [0x00000007aacb0000, 0x00000007cedd0000, 0x0000000800000000)
  eden space 464128K, 0% used [0x00000007aacb0000,0x00000007aacb0000,0x00000007c71f0000)
  from space 50432K, 56% used [0x00000007cbc90000,0x00000007cd88f2a0,0x00000007cedd0000)
  to   space 63424K, 0% used [0x00000007c71f0000,0x00000007c71f0000,0x00000007cafe0000)
 ParOldGen       total 244032K, used 38380K [0x0000000700600000, 0x000000070f450000, 0x00000007aacb0000)
  object space 244032K, 15% used [0x0000000700600000,0x0000000702b7b348,0x000000070f450000)
 PSPermGen       total 37696K, used 18034K [0x00000006fb400000, 0x00000006fd8d0000, 0x0000000700600000)
  object space 37696K, 47% used [0x00000006fb400000,0x00000006fc59cb98,0x00000006fd8d0000)
}
Event: 19.208 GC heap before
{Heap before GC invocations=21 (full 4):
 PSYoungGen      total 514560K, used 490495K [0x00000007aacb0000, 0x00000007cedd0000, 0x0000000800000000)
  eden space 464128K, 99% used [0x00000007aacb0000,0x00000007c6fb0c68,0x00000007c71f0000)
  from space 50432K, 56% used [0x00000007cbc90000,0x00000007cd88f2a0,0x00000007cedd0000)
  to   space 63424K, 0% used [0x00000007c71f0000,0x00000007c71f0000,0x00000007cafe0000)
 ParOldGen       total 244032K, used 38380K [0x0000000700600000, 0x000000070f450000, 0x00000007aacb0000)
  object space 244032K, 15% used [0x0000000700600000,0x0000000702b7b348,0x000000070f450000)
 PSPermGen       total 37696K, used 18034K [0x00000006fb400000, 0x00000006fd8d0000, 0x0000000700600000)
  object space 37696K, 47% used [0x00000006fb400000,0x00000006fc59cb98,0x00000006fd8d0000)
Event: 19.219 GC heap after
Heap after GC invocations=21 (full 4):
 PSYoungGen      total 527552K, used 40850K [0x00000007aacb0000, 0x00000007d3940000, 0x0000000800000000)
  eden space 464128K, 0% used [0x00000007aacb0000,0x00000007aacb0000,0x00000007c71f0000)
  from space 63424K, 64% used [0x00000007c71f0000,0x00000007c99d4ac0,0x00000007cafe0000)
  to   space 64448K, 0% used [0x00000007cfa50000,0x00000007cfa50000,0x00000007d3940000)
 ParOldGen       total 244032K, used 38380K [0x0000000700600000, 0x000000070f450000, 0x00000007aacb0000)
  object space 244032K, 15% used [0x0000000700600000,0x0000000702b7b348,0x000000070f450000)
 PSPermGen       total 37696K, used 18034K [0x00000006fb400000, 0x00000006fd8d0000, 0x0000000700600000)
  object space 37696K, 47% used [0x00000006fb400000,0x00000006fc59cb98,0x00000006fd8d0000)
}
Event: 20.985 GC heap before
{Heap before GC invocations=22 (full 4):
 PSYoungGen      total 527552K, used 500085K [0x00000007aacb0000, 0x00000007d3940000, 0x0000000800000000)
  eden space 464128K, 98% used [0x00000007aacb0000,0x00000007c6d28c88,0x00000007c71f0000)
  from space 63424K, 64% used [0x00000007c71f0000,0x00000007c99d4ac0,0x00000007cafe0000)
  to   space 64448K, 0% used [0x00000007cfa50000,0x00000007cfa50000,0x00000007d3940000)
 ParOldGen       total 244032K, used 38380K [0x0000000700600000, 0x000000070f450000, 0x00000007aacb0000)
  object space 244032K, 15% used [0x0000000700600000,0x0000000702b7b348,0x000000070f450000)
 PSPermGen       total 37696K, used 18037K [0x00000006fb400000, 0x00000006fd8d0000, 0x0000000700600000)
  object space 37696K, 47% used [0x00000006fb400000,0x00000006fc59d5a8,0x00000006fd8d0000)
Event: 20.992 GC heap after
Heap after GC invocations=22 (full 4):
 PSYoungGen      total 582272K, used 28700K [0x00000007aacb0000, 0x00000007d2b90000, 0x0000000800000000)
  eden space 531840K, 0% used [0x00000007aacb0000,0x00000007aacb0000,0x00000007cb410000)
  from space 50432K, 56% used [0x00000007cfa50000,0x00000007d16572a0,0x00000007d2b90000)
  to   space 61184K, 0% used [0x00000007cb410000,0x00000007cb410000,0x00000007cefd0000)
 ParOldGen       total 244032K, used 38380K [0x0000000700600000, 0x000000070f450000, 0x00000007aacb0000)
  object space 244032K, 15% used [0x0000000700600000,0x0000000702b7b348,0x000000070f450000)
 PSPermGen       total 37696K, used 18037K [0x00000006fb400000, 0x00000006fd8d0000, 0x0000000700600000)
  object space 37696K, 47% used [0x00000006fb400000,0x00000006fc59d5a8,0x00000006fd8d0000)
}

Deoptimization events (10 events):
Event: 3.410 Thread 0x000000000241e000 Uncommon trap 43 fr.pc 0x00000000025dda64
Event: 3.937 Thread 0x0000000013910800 Uncommon trap -83 fr.pc 0x00000000025edf84
Event: 4.009 Thread 0x0000000017264000 Uncommon trap -83 fr.pc 0x00000000025e57b4
Event: 4.056 Thread 0x0000000017264000 Uncommon trap -83 fr.pc 0x00000000025e8e84
Event: 4.071 Thread 0x0000000017264000 Uncommon trap -83 fr.pc 0x0000000002615de8
Event: 4.149 Thread 0x0000000017264000 Uncommon trap -83 fr.pc 0x00000000026112c8
Event: 4.177 Thread 0x0000000017264000 Uncommon trap -83 fr.pc 0x00000000026049d8
Event: 4.383 Thread 0x000000001456e800 Uncommon trap -83 fr.pc 0x0000000002649cbc
Event: 13.400 Thread 0x0000000013910800 Uncommon trap -12 fr.pc 0x0000000002672dbc
Event: 13.401 Thread 0x0000000013910800 Uncommon trap -12 fr.pc 0x000000000263bca4

Internal exceptions (10 events):
Event: 4.232 Thread 0x0000000017264000 Threw 0x00000007ab797ce8 at C:\jdk7u1_64p\jdk7u7\hotspot\src\share\vm\prims\jvm.cpp:1166
Event: 4.232 Thread 0x0000000017264000 Threw 0x00000007ab79aab8 at C:\jdk7u1_64p\jdk7u7\hotspot\src\share\vm\prims\jvm.cpp:1166
Event: 4.365 Thread 0x000000001456e800 Threw 0x00000007abcf4908 at C:\jdk7u1_64p\jdk7u7\hotspot\src\share\vm\prims\jvm.cpp:1166
Event: 4.370 Thread 0x000000001456e800 Threw 0x00000007abd05198 at C:\jdk7u1_64p\jdk7u7\hotspot\src\share\vm\prims\jvm.cpp:1166
Event: 4.571 Thread 0x000000001456e800 Threw 0x00000007ac70fb70 at C:\jdk7u1_64p\jdk7u7\hotspot\src\share\vm\prims\jvm.cpp:1166
Event: 9.113 Thread 0x0000000013910800 Threw 0x00000007b2688af8 at C:\jdk7u1_64p\jdk7u7\hotspot\src\share\vm\prims\jvm.cpp:1166
Event: 9.114 Thread 0x0000000013910800 Threw 0x00000007b26b8df8 at C:\jdk7u1_64p\jdk7u7\hotspot\src\share\vm\prims\jvm.cpp:1166
Event: 9.116 Thread 0x0000000013910800 Threw 0x00000007b26c6188 at C:\jdk7u1_64p\jdk7u7\hotspot\src\share\vm\prims\jvm.cpp:1166
Event: 13.400 Thread 0x0000000013910800 Implicit null exception at 0x0000000002672a80 to 0x0000000002672db1
Event: 13.401 Thread 0x0000000013910800 Implicit null exception at 0x000000000263bbc8 to 0x000000000263bc99

Events (10 events):
Event: 19.208 Executing VM operation: ParallelGCFailedAllocation
Event: 19.219 Executing VM operation: ParallelGCFailedAllocation done
Event: 20.985 Executing VM operation: ParallelGCFailedAllocation
Event: 20.992 Executing VM operation: ParallelGCFailedAllocation done
Event: 21.871 loading class 0x0000000014a185a0
Event: 21.871 loading class 0x0000000014a185a0 done
Event: 21.871 loading class 0x00000000147b8010
Event: 21.871 loading class 0x00000000174bdc80
Event: 21.871 loading class 0x00000000174bdc80 done
Event: 21.871 loading class 0x00000000147b8010 done


Dynamic libraries:
0x000007f662880000 - 0x000007f6628b4000 	F:\Program Files\Java\Jre7\bin\javaw.exe
0x000007fd0db20000 - 0x000007fd0dcde000 	C:\WINDOWS\SYSTEM32\ntdll.dll
0x000007fd0c680000 - 0x000007fd0c7b6000 	C:\WINDOWS\system32\KERNEL32.DLL
0x000007fd0ab00000 - 0x000007fd0abf3000 	C:\WINDOWS\system32\KERNELBASE.dll
0x000007fd0c260000 - 0x000007fd0c33e000 	C:\WINDOWS\system32\ADVAPI32.dll
0x000007fd0c460000 - 0x000007fd0c5ac000 	C:\WINDOWS\system32\USER32.dll
0x000007fd082b0000 - 0x000007fd08519000 	C:\WINDOWS\WinSxS\amd64_microsoft.windows.common-controls_6595b64144ccf1df_6.0.9200.16384_none_418c2a697189c07f\COMCTL32.dll
0x000007fd0c7c0000 - 0x000007fd0c865000 	C:\WINDOWS\system32\msvcrt.dll
0x000007fd0cdf0000 - 0x000007fd0ce38000 	C:\WINDOWS\SYSTEM32\sechost.dll
0x000007fd0c870000 - 0x000007fd0c9b0000 	C:\WINDOWS\system32\RPCRT4.dll
0x000007fd0d520000 - 0x000007fd0d660000 	C:\WINDOWS\system32\GDI32.dll
0x000007fd0c620000 - 0x000007fd0c659000 	C:\WINDOWS\system32\IMM32.DLL
0x000007fd0c340000 - 0x000007fd0c455000 	C:\WINDOWS\system32\MSCTF.dll
0x000007fd0aa10000 - 0x000007fd0aa18000 	C:\PROGRA~2\NVIDIA~1\3DVISI~1\NVSTIN~1.DLL
0x000007fd0d510000 - 0x000007fd0d517000 	C:\WINDOWS\system32\PSAPI.DLL
0x000000005e410000 - 0x000000005e4b3000 	C:\WINDOWS\WinSxS\amd64_microsoft.vc90.crt_1fc8b3b9a1e18e3b_9.0.30729.6871_none_08e717a5a83adddf\MSVCR90.dll
0x000000005d880000 - 0x000000005d951000 	F:\Program Files\Java\Jre7\bin\msvcr100.dll
0x000000005c090000 - 0x000000005c7af000 	F:\Program Files\Java\Jre7\bin\server\jvm.dll
0x000007fd02f00000 - 0x000007fd02f09000 	C:\WINDOWS\SYSTEM32\WSOCK32.dll
0x000007fd07b90000 - 0x000007fd07bb0000 	C:\WINDOWS\SYSTEM32\WINMM.dll
0x000007fd0c5b0000 - 0x000007fd0c608000 	C:\WINDOWS\system32\WS2_32.dll
0x000007fd07a80000 - 0x000007fd07ab2000 	C:\WINDOWS\SYSTEM32\WINMMBASE.dll
0x000007fd0d360000 - 0x000007fd0d369000 	C:\WINDOWS\system32\NSI.dll
0x000000005dc10000 - 0x000000005dc1f000 	F:\Program Files\Java\Jre7\bin\verify.dll
0x000000005dbe0000 - 0x000000005dc08000 	F:\Program Files\Java\Jre7\bin\java.dll
0x000000005dbc0000 - 0x000000005dbd5000 	F:\Program Files\Java\Jre7\bin\zip.dll
0x000000005b300000 - 0x000000005b493000 	F:\Program Files\Java\Jre7\bin\awt.dll
0x000007fd0d830000 - 0x000007fd0d8f3000 	C:\WINDOWS\system32\OLEAUT32.dll
0x000007fd0cc40000 - 0x000007fd0cdf0000 	C:\WINDOWS\system32\combase.dll
0x000007fd04cf0000 - 0x000007fd04d8f000 	C:\WINDOWS\system32\apphelp.dll
0x000007fd09810000 - 0x000007fd098f3000 	C:\WINDOWS\system32\uxtheme.dll
0x000007fd08210000 - 0x000007fd082a5000 	C:\Program Files\Common Files\microsoft shared\ink\tiptsf.dll
0x000007fd088b0000 - 0x000007fd088d1000 	C:\WINDOWS\SYSTEM32\dwmapi.dll
0x000007fd0d090000 - 0x000007fd0d20e000 	C:\WINDOWS\system32\ole32.dll
0x000007fd0a860000 - 0x000007fd0a86a000 	C:\WINDOWS\SYSTEM32\CRYPTBASE.dll
0x000007fd0a800000 - 0x000007fd0a85c000 	C:\WINDOWS\SYSTEM32\bcryptPrimitives.dll
0x000007fd0af70000 - 0x000007fd0c258000 	C:\WINDOWS\system32\SHELL32.dll
0x000007fd0cb80000 - 0x000007fd0cbd0000 	C:\WINDOWS\system32\SHLWAPI.dll
0x000007fd09be0000 - 0x000007fd09c76000 	C:\WINDOWS\SYSTEM32\shcore.dll
0x000000005d2e0000 - 0x000000005d378000 	C:\Windows\System32\msvcp100.dll
0x000007fcf2470000 - 0x000007fcf26c8000 	C:\opencv\build\x64\vc10\bin\opencv_core243.dll
0x000007fd01da0000 - 0x000007fd01e35000 	C:\Users\Jonas\AppData\Local\Temp\javacpp97506022262995\jniopencv_core.dll
0x000007fcf1f10000 - 0x000007fcf21b5000 	C:\opencv\build\x64\vc10\bin\opencv_imgproc243.dll
0x000007fd04420000 - 0x000007fd04468000 	C:\Users\Jonas\AppData\Local\Temp\javacpp97506022262995\jniopencv_imgproc.dll
0x0000000066840000 - 0x00000000675ca000 	C:\opencv\build\x64\vc10\bin\opencv_ffmpeg243_64.dll
0x000007fcf1110000 - 0x000007fcf135b000 	C:\opencv\build\x64\vc10\bin\opencv_highgui243.dll
0x000007fd04400000 - 0x000007fd04420000 	C:\WINDOWS\SYSTEM32\AVIFIL32.dll
0x000007fd07af0000 - 0x000007fd07b19000 	C:\WINDOWS\SYSTEM32\MSVFW32.dll
0x000007fd081c0000 - 0x000007fd081d7000 	C:\WINDOWS\SYSTEM32\AVICAP32.dll
0x000007fcf6150000 - 0x000007fcf6169000 	C:\WINDOWS\SYSTEM32\MSACM32.dll
0x000007fd07db0000 - 0x000007fd07db9000 	C:\WINDOWS\SYSTEM32\VERSION.dll
0x000007fd043e0000 - 0x000007fd043f3000 	C:\Users\Jonas\AppData\Local\Temp\javacpp97506022262995\jniopencv_highgui.dll
0x000007fd0d2c0000 - 0x000007fd0d356000 	C:\WINDOWS\SYSTEM32\clbcatq.dll
0x000007fd04350000 - 0x000007fd04367000 	C:\Windows\System32\devenum.dll
0x000007fd0c9b0000 - 0x000007fd0cb80000 	C:\WINDOWS\system32\setupapi.dll
0x000007fd0ad10000 - 0x000007fd0ad5f000 	C:\WINDOWS\system32\CFGMGR32.dll
0x000007fd0af40000 - 0x000007fd0af62000 	C:\WINDOWS\system32\DEVOBJ.dll
0x000007fd03ae0000 - 0x000007fd03b0e000 	C:\WINDOWS\SYSTEM32\ntmarta.dll
0x000007fd0ac00000 - 0x000007fd0ac55000 	C:\WINDOWS\system32\WINTRUST.dll
0x000007fd0ad60000 - 0x000007fd0af37000 	C:\WINDOWS\system32\CRYPT32.dll
0x000007fd0aae0000 - 0x000007fd0aaf6000 	C:\WINDOWS\system32\MSASN1.dll
0x000007fd07890000 - 0x000007fd0789d000 	C:\WINDOWS\SYSTEM32\msdmo.dll
0x000007fd01d70000 - 0x000007fd01d9f000 	C:\Windows\System32\qcap.dll
0x000007fcf1460000 - 0x000007fcf1618000 	C:\Windows\System32\quartz.dll
0x000007fd01d30000 - 0x000007fd01d6f000 	C:\Windows\System32\ksproxy.ax
0x000007fcf5930000 - 0x000007fcf5937000 	C:\Windows\System32\ksuser.dll
0x000007fcf9950000 - 0x000007fcf9b50000 	C:\Windows\System32\d3d9.dll
0x000007fd05950000 - 0x000007fd0595c000 	C:\Windows\System32\vidcap.ax
0x000007fd01d00000 - 0x000007fd01d24000 	C:\Windows\System32\kswdmcap.ax
0x000007fcf0d70000 - 0x000007fcf0ec4000 	C:\Windows\System32\MFC42.dll
0x000007fcf7e70000 - 0x000007fcf7f2e000 	C:\Windows\System32\ODBC32.dll
0x000007fd01c60000 - 0x000007fd01cf5000 	C:\Windows\System32\qedit.dll
0x000007fd0d210000 - 0x000007fd0d2b1000 	C:\WINDOWS\system32\COMDLG32.dll
0x000007fd0d370000 - 0x000007fd0d510000 	C:\WINDOWS\WinSxS\amd64_microsoft.windows.gdiplus_6595b64144ccf1df_1.1.9200.16384_none_72771d4ecc1c3a4d\gdiplus.dll
0x000007fcf0640000 - 0x000007fcf072a000 	C:\WINDOWS\SYSTEM32\DDRAW.dll
0x000007fd07de0000 - 0x000007fd07de8000 	C:\WINDOWS\SYSTEM32\DCIMAN32.dll
0x000000005b610000 - 0x000000005b644000 	F:\Program Files\Java\Jre7\bin\fontmanager.dll
0x000007fce6500000 - 0x000007fce7680000 	C:\WINDOWS\SYSTEM32\nvd3dumx.dll
0x000007fd0a900000 - 0x000007fd0a943000 	C:\WINDOWS\SYSTEM32\powrprof.dll
0x0000000180000000 - 0x0000000180116000 	C:\Program Files (x86)\NVIDIA Corporation\3D Vision\nvSCPAPI64.dll
0x000007fd07ef0000 - 0x000007fd07f64000 	C:\WINDOWS\SYSTEM32\dxgi.dll
0x000007fd06540000 - 0x000007fd06802000 	C:\WINDOWS\SYSTEM32\nvapi64.dll
0x000007fd07ed0000 - 0x000007fd07eef000 	C:\WINDOWS\SYSTEM32\DXGIDebug.dll
0x000000005dba0000 - 0x000000005dbb9000 	F:\Program Files\Java\Jre7\bin\net.dll
0x000007fd0a270000 - 0x000007fd0a2cc000 	C:\WINDOWS\system32\mswsock.dll
0x000000005db50000 - 0x000000005db61000 	F:\Program Files\Java\Jre7\bin\nio.dll
0x000000005b5c0000 - 0x000000005b601000 	F:\Program Files\Java\Jre7\bin\t2k.dll
0x000007fd08010000 - 0x000007fd0819a000 	C:\WINDOWS\SYSTEM32\WindowsCodecs.dll
0x000007fd0aa30000 - 0x000007fd0aa45000 	C:\WINDOWS\SYSTEM32\profapi.dll
0x000007fd07530000 - 0x000007fd07599000 	C:\WINDOWS\SYSTEM32\oleacc.dll
0x000000005b2d0000 - 0x000000005b2fa000 	F:\Program Files\Java\Jre7\bin\dcpr.dll
0x000007fcf8620000 - 0x000007fcf8783000 	C:\WINDOWS\SYSTEM32\dbghelp.dll

VM Arguments:
jvm_args: -Dfile.encoding=Cp1252 
java_command: emcscanner.kth.se.Program
Launcher Type: SUN_STANDARD

Environment Variables:
PATH=C:\Program Files (x86)\NVIDIA Corporation\PhysX\Common;C:\WINDOWS\system32;C:\WINDOWS;C:\WINDOWS\System32\Wbem;C:\WINDOWS\System32\WindowsPowerShell\v1.0\;C:\Program Files (x86)\Microsoft SQL Server\90\Tools\binn\;C:\Program Files (x86)\Autodesk\Backburner\;F:\Program Files\MATLAB\R2012a\runtime\win64;F:\Program Files\MATLAB\R2012a\bin;C:\Program Files\Internet Explorer;C:\Program Files\Perforce;F:\Program Files\Perforce;C:\Program Files\Microsoft\Web Platform Installer\;C:\Program Files (x86)\Microsoft ASP.NET\ASP.NET Web Pages\v1.0\;C:\Program Files (x86)\Windows Kits\8.0\Windows Performance Toolkit\;C:\Program Files\Microsoft SQL Server\110\Tools\Binn\;F:\Program Files\Perforce\Server
USERNAME=Jonas
OS=Windows_NT
PROCESSOR_IDENTIFIER=Intel64 Family 6 Model 42 Stepping 7, GenuineIntel



---------------  S Y S T E M  ---------------

OS: Windows 8 , 64 bit Build 9200 

CPU:total 8 (4 cores per cpu, 2 threads per core) family 6 model 42 stepping 7, cmov, cx8, fxsr, mmx, sse, sse2, sse3, ssse3, sse4.1, sse4.2, popcnt, avx, ht, tsc, tscinvbit

Memory: 4k page, physical 16751668k(10878100k free), swap 33528884k(25085508k free)

vm_info: Java HotSpot(TM) 64-Bit Server VM (23.3-b01) for windows-amd64 JRE (1.7.0_07-b11), built on Sep  7 2012 01:19:25 by "java_re" with unknown MS VC++:1600

time: Sun Feb 03 15:46:56 2013
elapsed time: 22 seconds

