#
# A fatal error has been detected by the Java Runtime Environment:
#
#  EXCEPTION_ACCESS_VIOLATION (0xc0000005) at pc=0x000007ff3c8d8bc0, pid=5296, tid=7788
#
# JRE version: 7.0_07-b11
# Java VM: Java HotSpot(TM) 64-Bit Server VM (23.3-b01 mixed mode windows-amd64 compressed oops)
# Problematic frame:
# C  [ntdll.dll+0x18bc0]  RtlQueueWorkItem+0x8a0
#
# Failed to write core dump. Minidumps are not enabled by default on client versions of Windows
#
# If you would like to submit a bug report, please visit:
#   http://bugreport.sun.com/bugreport/crash.jsp
# The crash happened outside the Java Virtual Machine in native code.
# See problematic frame for where to report the bug.
#

---------------  T H R E A D  ---------------

Current thread (0x0000000013834800):  JavaThread "threadDisplay" daemon [_thread_in_native, id=7788, stack(0x000000001a570000,0x000000001a670000)]

siginfo: ExceptionCode=0xc0000005, writing address 0x0000000000000024

Registers:
RAX=0x0000000000000000, RBX=0x0000000013a66ff8, RCX=0x00000000fffffffc, RDX=0x00000000000008a4
RSP=0x000000001a66ee60, RBP=0x0000000000000000, RSI=0x00000000000008a4, RDI=0x0000000000000000
R8 =0xffffffffffffffff, R9 =0x0000000000000004, R10=0x0000000000000000, R11=0x0000000000000246
R12=0x0000000000000000, R13=0x0000000000000000, R14=0x000007f7db942000, R15=0x0000000000000000
RIP=0x000007ff3c8d8bc0, EFLAGS=0x0000000000010213

Top of Stack: (sp=0x000000001a66ee60)
0x000000001a66ee60:   00000000000008a4 00000006fb86b4d3
0x000000001a66ee70:   000000001a66eec0 00000006fb86f208
0x000000001a66ee80:   0000000000000000 00000006fb86b4e8
0x000000001a66ee90:   0000000000000000 000000001a66eeb8
0x000000001a66eea0:   0000000000000000 0000000000000000
0x000000001a66eeb0:   0000000000000000 0000000000000000
0x000000001a66eec0:   0000000000000000 000007ff39a810ea
0x000000001a66eed0:   0000000002360000 0000000000000010
0x000000001a66eee0:   00009412e9bf380b 000007ff3c8c57c0
0x000000001a66eef0:   0000000000000004 0000000000000001
0x000000001a66ef00:   0000000019f74050 00000000ff000000
0x000000001a66ef10:   0000000000000000 0000000000000000
0x000000001a66ef20:   000007f7db942000 000007ff3c8cf4d4
0x000000001a66ef30:   0000000000000000 0000000000000000
0x000000001a66ef40:   0000000013a66ff8 0000000000000000
0x000000001a66ef50:   0000000000000000 00000000138349d8 

Instructions: (pc=0x000007ff3c8d8bc0)
0x000007ff3c8d8ba0:   43 08 a8 01 0f 85 bd 67 ff ff 8b c8 2b cd f0 0f
0x000007ff3c8d8bb0:   b1 4b 08 75 ea 48 8b 03 33 ed 48 83 f8 ff 74 03
0x000007ff3c8d8bc0:   ff 40 24 41 bf 82 03 fe 7f 41 80 3f 00 0f 85 69
0x000007ff3c8d8bd0:   7a 0e 00 48 83 fe ff 0f 84 bf 7a 0e 00 4c 8b c7 


Register to memory mapping:

RAX=0x0000000000000000 is an unknown value
RBX=0x0000000013a66ff8 is an unknown value
RCX=0x00000000fffffffc is an unknown value
RDX=0x00000000000008a4 is an unknown value
RSP=0x000000001a66ee60 is pointing into the stack for thread: 0x0000000013834800
RBP=0x0000000000000000 is an unknown value
RSI=0x00000000000008a4 is an unknown value
RDI=0x0000000000000000 is an unknown value
R8 =0xffffffffffffffff is an unknown value
R9 =0x0000000000000004 is an unknown value
R10=0x0000000000000000 is an unknown value
R11=0x0000000000000246 is an unknown value
R12=0x0000000000000000 is an unknown value
R13=0x0000000000000000 is an unknown value
R14=0x000007f7db942000 is an unknown value
R15=0x0000000000000000 is an unknown value


Stack: [0x000000001a570000,0x000000001a670000],  sp=0x000000001a66ee60,  free space=1019k
Native frames: (J=compiled Java code, j=interpreted, Vv=VM code, C=native code)
C  [ntdll.dll+0x18bc0]  RtlQueueWorkItem+0x8a0

[error occurred during error reporting (printing native stack), id 0xc0000005]

Java frames: (J=compiled Java code, j=interpreted, Vv=VM code)
j  com.googlecode.javacv.cpp.opencv_highgui.cvRetrieveFrame(Lcom/googlecode/javacv/cpp/opencv_highgui$CvCapture;I)Lcom/googlecode/javacv/cpp/opencv_core$IplImage;+0
j  com.googlecode.javacv.cpp.opencv_highgui.cvRetrieveFrame(Lcom/googlecode/javacv/cpp/opencv_highgui$CvCapture;)Lcom/googlecode/javacv/cpp/opencv_core$IplImage;+2
j  com.googlecode.javacv.OpenCVFrameGrabber.grab()Lcom/googlecode/javacv/cpp/opencv_core$IplImage;+4
j  emcscanner.kth.se.CameraPanel$1.run()V+7
v  ~StubRoutines::call_stub

---------------  P R O C E S S  ---------------

Java Threads: ( => current thread )
  0x00000000161cb000 JavaThread "Thread-2" [_thread_in_native, id=7616, stack(0x00000000170c0000,0x00000000171c0000)]
  0x0000000015e5a000 JavaThread "Thread-0" daemon [_thread_in_native, id=4204, stack(0x0000000016dc0000,0x0000000016ec0000)]
  0x000000001d850800 JavaThread "ICEpdf-pagePainter" daemon [_thread_blocked, id=7312, stack(0x0000000021d60000,0x0000000021e60000)]
  0x000000001e66d800 JavaThread "ICEpdf-pageInitializer" daemon [_thread_blocked, id=3392, stack(0x0000000021b30000,0x0000000021c30000)]
  0x000000000236e000 JavaThread "DestroyJavaVM" [_thread_blocked, id=5144, stack(0x0000000002370000,0x0000000002470000)]
  0x0000000016203800 JavaThread "TimerQueue" daemon [_thread_blocked, id=6784, stack(0x000000001cec0000,0x000000001cfc0000)]
  0x0000000015fa9800 JavaThread "AWT-EventQueue-0" [_thread_blocked, id=4568, stack(0x000000001cdc0000,0x000000001cec0000)]
  0x0000000015c16000 JavaThread "AWT-Shutdown" [_thread_blocked, id=1328, stack(0x000000001a670000,0x000000001a770000)]
=>0x0000000013834800 JavaThread "threadDisplay" daemon [_thread_in_native, id=7788, stack(0x000000001a570000,0x000000001a670000)]
  0x0000000013835800 JavaThread "AWT-Windows" daemon [_thread_in_native, id=4296, stack(0x00000000140b0000,0x00000000141b0000)]
  0x00000000137de000 JavaThread "Java2D Disposer" daemon [_thread_blocked, id=7180, stack(0x0000000013eb0000,0x0000000013fb0000)]
  0x0000000011092800 JavaThread "Service Thread" daemon [_thread_blocked, id=8024, stack(0x00000000134b0000,0x00000000135b0000)]
  0x0000000011090000 JavaThread "C2 CompilerThread1" daemon [_thread_blocked, id=7204, stack(0x00000000133b0000,0x00000000134b0000)]
  0x0000000011089000 JavaThread "C2 CompilerThread0" daemon [_thread_blocked, id=1248, stack(0x00000000132b0000,0x00000000133b0000)]
  0x0000000011087800 JavaThread "Attach Listener" daemon [_thread_blocked, id=7244, stack(0x00000000131b0000,0x00000000132b0000)]
  0x000000001107b000 JavaThread "Signal Dispatcher" daemon [_thread_blocked, id=5032, stack(0x00000000130b0000,0x00000000131b0000)]
  0x000000001101e800 JavaThread "Finalizer" daemon [_thread_blocked, id=3752, stack(0x0000000012fb0000,0x00000000130b0000)]
  0x0000000011017000 JavaThread "Reference Handler" daemon [_thread_blocked, id=7012, stack(0x0000000012eb0000,0x0000000012fb0000)]

Other Threads:
  0x0000000011012000 VMThread [stack: 0x0000000012db0000,0x0000000012eb0000] [id=48]
  0x00000000110a7000 WatcherThread [stack: 0x00000000135b0000,0x00000000136b0000] [id=7804]

VM state:not at safepoint (normal execution)

VM Mutex/Monitor currently owned by a thread: None

Heap
 PSYoungGen      total 163584K, used 68615K [0x00000007aacb0000, 0x00000007bbe10000, 0x0000000800000000)
  eden space 108608K, 39% used [0x00000007aacb0000,0x00000007ad6f1040,0x00000007b16c0000)
  from space 54976K, 46% used [0x00000007b16c0000,0x00000007b2f80dd0,0x00000007b4c70000)
  to   space 53056K, 0% used [0x00000007b8a40000,0x00000007b8a40000,0x00000007bbe10000)
 ParOldGen       total 174528K, used 112723K [0x0000000700600000, 0x000000070b070000, 0x00000007aacb0000)
  object space 174528K, 64% used [0x0000000700600000,0x0000000707414e68,0x000000070b070000)
 PSPermGen       total 21248K, used 17913K [0x00000006fb400000, 0x00000006fc8c0000, 0x0000000700600000)
  object space 21248K, 84% used [0x00000006fb400000,0x00000006fc57e4c8,0x00000006fc8c0000)

Card table byte_map: [0x0000000005630000,0x0000000005e60000] byte_map_base: 0x0000000001e56000

Polling page: 0x0000000002190000

Code Cache  [0x0000000002570000, 0x00000000027e0000, 0x0000000005570000)
 total_blobs=869 nmethods=278 adapters=542 free_code_cache=47739Kb largest_free_block=48846080

Compilation events (10 events):
Event: 8.369 Thread 0x0000000011090000 nmethod 273 0x00000000026a8550 code [0x00000000026a86a0, 0x00000000026a8748]
Event: 8.369 Thread 0x0000000011090000  274             sun.awt.SunToolkit::isInstanceOf (71 bytes)
Event: 8.375 Thread 0x0000000011090000 nmethod 274 0x00000000026d10d0 code [0x00000000026d1280, 0x00000000026d1ac0]
Event: 8.391 Thread 0x0000000011089000 nmethod 272 0x00000000026d8750 code [0x00000000026d8980, 0x00000000026d9e08]
Event: 9.508 Thread 0x0000000011090000  275             java.util.concurrent.locks.ReentrantLock$NonfairSync::lock (25 bytes)
Event: 9.508 Thread 0x0000000011089000  276             java.util.concurrent.locks.ReentrantLock::lock (8 bytes)
Event: 9.509 Thread 0x0000000011090000 nmethod 275 0x00000000026c6750 code [0x00000000026c68c0, 0x00000000026c69f0]
Event: 9.509 Thread 0x0000000011089000 nmethod 276 0x00000000026c62d0 code [0x00000000026c6440, 0x00000000026c6590]
Event: 9.670 Thread 0x0000000011090000  277             java.util.concurrent.locks.AbstractOwnableSynchronizer::getExclusiveOwnerThread (5 bytes)
Event: 9.671 Thread 0x0000000011090000 nmethod 277 0x00000000026c60d0 code [0x00000000026c6200, 0x00000000026c6278]

GC Heap History (10 events):
Event: 8.003 GC heap before
{Heap before GC invocations=5 (full 0):
 PSYoungGen      total 76352K, used 72086K [0x00000007aacb0000, 0x00000007b01e0000, 0x0000000800000000)
  eden space 65472K, 93% used [0x00000007aacb0000,0x00000007ae87b888,0x00000007aeca0000)
  from space 10880K, 99% used [0x00000007af740000,0x00000007b01da050,0x00000007b01e0000)
  to   space 10880K, 0% used [0x00000007aeca0000,0x00000007aeca0000,0x00000007af740000)
 ParOldGen       total 174528K, used 62526K [0x0000000700600000, 0x000000070b070000, 0x00000007aacb0000)
  object space 174528K, 35% used [0x0000000700600000,0x000000070430f9d8,0x000000070b070000)
 PSPermGen       total 21248K, used 17877K [0x00000006fb400000, 0x00000006fc8c0000, 0x0000000700600000)
  object space 21248K, 84% used [0x00000006fb400000,0x00000006fc575620,0x00000006fc8c0000)
Event: 8.009 GC heap after
Heap after GC invocations=5 (full 0):
 PSYoungGen      total 74752K, used 10873K [0x00000007aacb0000, 0x00000007b4330000, 0x0000000800000000)
  eden space 63872K, 0% used [0x00000007aacb0000,0x00000007aacb0000,0x00000007aeb10000)
  from space 10880K, 99% used [0x00000007aeca0000,0x00000007af73e630,0x00000007af740000)
  to   space 45120K, 0% used [0x00000007b1720000,0x00000007b1720000,0x00000007b4330000)
 ParOldGen       total 174528K, used 77402K [0x0000000700600000, 0x000000070b070000, 0x00000007aacb0000)
  object space 174528K, 44% used [0x0000000700600000,0x0000000705196be8,0x000000070b070000)
 PSPermGen       total 21248K, used 17877K [0x00000006fb400000, 0x00000006fc8c0000, 0x0000000700600000)
  object space 21248K, 84% used [0x00000006fb400000,0x00000006fc575620,0x00000006fc8c0000)
}
Event: 8.814 GC heap before
{Heap before GC invocations=6 (full 0):
 PSYoungGen      total 74752K, used 74576K [0x00000007aacb0000, 0x00000007b4330000, 0x0000000800000000)
  eden space 63872K, 99% used [0x00000007aacb0000,0x00000007aeae5ce0,0x00000007aeb10000)
  from space 10880K, 99% used [0x00000007aeca0000,0x00000007af73e630,0x00000007af740000)
  to   space 45120K, 0% used [0x00000007b1720000,0x00000007b1720000,0x00000007b4330000)
 ParOldGen       total 174528K, used 77402K [0x0000000700600000, 0x000000070b070000, 0x00000007aacb0000)
  object space 174528K, 44% used [0x0000000700600000,0x0000000705196be8,0x000000070b070000)
 PSPermGen       total 21248K, used 17880K [0x00000006fb400000, 0x00000006fc8c0000, 0x0000000700600000)
  object space 21248K, 84% used [0x00000006fb400000,0x00000006fc5760d8,0x00000006fc8c0000)
Event: 8.833 GC heap after
Heap after GC invocations=6 (full 0):
 PSYoungGen      total 101440K, used 44816K [0x00000007aacb0000, 0x00000007b9050000, 0x0000000800000000)
  eden space 56320K, 0% used [0x00000007aacb0000,0x00000007aacb0000,0x00000007ae3b0000)
  from space 45120K, 99% used [0x00000007b1720000,0x00000007b42e42f0,0x00000007b4330000)
  to   space 52672K, 0% used [0x00000007ae3b0000,0x00000007ae3b0000,0x00000007b1720000)
 ParOldGen       total 174528K, used 86895K [0x0000000700600000, 0x000000070b070000, 0x00000007aacb0000)
  object space 174528K, 49% used [0x0000000700600000,0x0000000705adbcc8,0x000000070b070000)
 PSPermGen       total 21248K, used 17880K [0x00000006fb400000, 0x00000006fc8c0000, 0x0000000700600000)
  object space 21248K, 84% used [0x00000006fb400000,0x00000006fc5760d8,0x00000006fc8c0000)
}
Event: 9.620 GC heap before
{Heap before GC invocations=7 (full 0):
 PSYoungGen      total 101440K, used 95908K [0x00000007aacb0000, 0x00000007b9050000, 0x0000000800000000)
  eden space 56320K, 90% used [0x00000007aacb0000,0x00000007ade94d18,0x00000007ae3b0000)
  from space 45120K, 99% used [0x00000007b1720000,0x00000007b42e42f0,0x00000007b4330000)
  to   space 52672K, 0% used [0x00000007ae3b0000,0x00000007ae3b0000,0x00000007b1720000)
 ParOldGen       total 174528K, used 86895K [0x0000000700600000, 0x000000070b070000, 0x00000007aacb0000)
  object space 174528K, 49% used [0x0000000700600000,0x0000000705adbcc8,0x000000070b070000)
 PSPermGen       total 21248K, used 17880K [0x00000006fb400000, 0x00000006fc8c0000, 0x0000000700600000)
  object space 21248K, 84% used [0x00000006fb400000,0x00000006fc5760d8,0x00000006fc8c0000)
Event: 9.626 GC heap after
Heap after GC invocations=7 (full 0):
 PSYoungGen      total 108992K, used 21937K [0x00000007aacb0000, 0x00000007b7e30000, 0x0000000800000000)
  eden space 56320K, 0% used [0x00000007aacb0000,0x00000007aacb0000,0x00000007ae3b0000)
  from space 52672K, 41% used [0x00000007ae3b0000,0x00000007af91c490,0x00000007b1720000)
  to   space 50944K, 0% used [0x00000007b4c70000,0x00000007b4c70000,0x00000007b7e30000)
 ParOldGen       total 174528K, used 94300K [0x0000000700600000, 0x000000070b070000, 0x00000007aacb0000)
  object space 174528K, 54% used [0x0000000700600000,0x0000000706217308,0x000000070b070000)
 PSPermGen       total 21248K, used 17880K [0x00000006fb400000, 0x00000006fc8c0000, 0x0000000700600000)
  object space 21248K, 84% used [0x00000006fb400000,0x00000006fc5760d8,0x00000006fc8c0000)
}
Event: 10.323 GC heap before
{Heap before GC invocations=8 (full 0):
 PSYoungGen      total 108992K, used 75613K [0x00000007aacb0000, 0x00000007b7e30000, 0x0000000800000000)
  eden space 56320K, 95% used [0x00000007aacb0000,0x00000007ae11b0c0,0x00000007ae3b0000)
  from space 52672K, 41% used [0x00000007ae3b0000,0x00000007af91c490,0x00000007b1720000)
  to   space 50944K, 0% used [0x00000007b4c70000,0x00000007b4c70000,0x00000007b7e30000)
 ParOldGen       total 174528K, used 94300K [0x0000000700600000, 0x000000070b070000, 0x00000007aacb0000)
  object space 174528K, 54% used [0x0000000700600000,0x0000000706217308,0x000000070b070000)
 PSPermGen       total 21248K, used 17880K [0x00000006fb400000, 0x00000006fc8c0000, 0x0000000700600000)
  object space 21248K, 84% used [0x00000006fb400000,0x00000006fc576180,0x00000006fc8c0000)
Event: 10.336 GC heap after
Heap after GC invocations=8 (full 0):
 PSYoungGen      total 159552K, used 43572K [0x00000007aacb0000, 0x00000007b8610000, 0x0000000800000000)
  eden space 108608K, 0% used [0x00000007aacb0000,0x00000007aacb0000,0x00000007b16c0000)
  from space 50944K, 85% used [0x00000007b4c70000,0x00000007b76fd200,0x00000007b7e30000)
  to   space 54976K, 0% used [0x00000007b16c0000,0x00000007b16c0000,0x00000007b4c70000)
 ParOldGen       total 174528K, used 94450K [0x0000000700600000, 0x000000070b070000, 0x00000007aacb0000)
  object space 174528K, 54% used [0x0000000700600000,0x000000070623ca38,0x000000070b070000)
 PSPermGen       total 21248K, used 17880K [0x00000006fb400000, 0x00000006fc8c0000, 0x0000000700600000)
  object space 21248K, 84% used [0x00000006fb400000,0x00000006fc576180,0x00000006fc8c0000)
}
Event: 11.817 GC heap before
{Heap before GC invocations=9 (full 0):
 PSYoungGen      total 159552K, used 148850K [0x00000007aacb0000, 0x00000007b8610000, 0x0000000800000000)
  eden space 108608K, 96% used [0x00000007aacb0000,0x00000007b137f750,0x00000007b16c0000)
  from space 50944K, 85% used [0x00000007b4c70000,0x00000007b76fd200,0x00000007b7e30000)
  to   space 54976K, 0% used [0x00000007b16c0000,0x00000007b16c0000,0x00000007b4c70000)
 ParOldGen       total 174528K, used 94450K [0x0000000700600000, 0x000000070b070000, 0x00000007aacb0000)
  object space 174528K, 54% used [0x0000000700600000,0x000000070623ca38,0x000000070b070000)
 PSPermGen       total 21248K, used 17881K [0x00000006fb400000, 0x00000006fc8c0000, 0x0000000700600000)
  object space 21248K, 84% used [0x00000006fb400000,0x00000006fc576740,0x00000006fc8c0000)
Event: 11.829 GC heap after
Heap after GC invocations=9 (full 0):
 PSYoungGen      total 163584K, used 25347K [0x00000007aacb0000, 0x00000007bbe10000, 0x0000000800000000)
  eden space 108608K, 0% used [0x00000007aacb0000,0x00000007aacb0000,0x00000007b16c0000)
  from space 54976K, 46% used [0x00000007b16c0000,0x00000007b2f80dd0,0x00000007b4c70000)
  to   space 53056K, 0% used [0x00000007b8a40000,0x00000007b8a40000,0x00000007bbe10000)
 ParOldGen       total 174528K, used 112723K [0x0000000700600000, 0x000000070b070000, 0x00000007aacb0000)
  object space 174528K, 64% used [0x0000000700600000,0x0000000707414e68,0x000000070b070000)
 PSPermGen       total 21248K, used 17881K [0x00000006fb400000, 0x00000006fc8c0000, 0x0000000700600000)
  object space 21248K, 84% used [0x00000006fb400000,0x00000006fc576740,0x00000006fc8c0000)
}

Deoptimization events (10 events):
Event: 2.699 Thread 0x000000000236e000 Uncommon trap -83 fr.pc 0x000000000261b8c0
Event: 2.699 Thread 0x000000000236e000 Uncommon trap -83 fr.pc 0x000000000261a984
Event: 3.148 Thread 0x000000000236e000 Uncommon trap 43 fr.pc 0x0000000002635068
Event: 3.627 Thread 0x0000000015fa9800 Uncommon trap -83 fr.pc 0x0000000002630404
Event: 3.677 Thread 0x000000001e66d800 Uncommon trap -83 fr.pc 0x000000000263ef74
Event: 3.724 Thread 0x000000001e66d800 Uncommon trap -83 fr.pc 0x000000000263ebc4
Event: 3.739 Thread 0x000000001e66d800 Uncommon trap -83 fr.pc 0x0000000002659c68
Event: 3.797 Thread 0x000000001e66d800 Uncommon trap -83 fr.pc 0x000000000266c0c8
Event: 3.828 Thread 0x000000001e66d800 Uncommon trap -83 fr.pc 0x000000000265c558
Event: 4.021 Thread 0x000000001d850800 Uncommon trap -83 fr.pc 0x00000000026998fc

Internal exceptions (10 events):
Event: 3.874 Thread 0x000000001e66d800 Threw 0x00000007ae7200a0 at C:\jdk7u1_64p\jdk7u7\hotspot\src\share\vm\prims\jvm.cpp:1166
Event: 3.874 Thread 0x000000001e66d800 Threw 0x00000007ae722e70 at C:\jdk7u1_64p\jdk7u7\hotspot\src\share\vm\prims\jvm.cpp:1166
Event: 3.877 Thread 0x000000001e66d800 Threw 0x00000007ae7332d8 at C:\jdk7u1_64p\jdk7u7\hotspot\src\share\vm\prims\jvm.cpp:1166
Event: 3.877 Thread 0x000000001e66d800 Threw 0x00000007ae7360a8 at C:\jdk7u1_64p\jdk7u7\hotspot\src\share\vm\prims\jvm.cpp:1166
Event: 3.878 Thread 0x000000001e66d800 Threw 0x00000007ae739258 at C:\jdk7u1_64p\jdk7u7\hotspot\src\share\vm\prims\jvm.cpp:1166
Event: 3.878 Thread 0x000000001e66d800 Threw 0x00000007ae73c028 at C:\jdk7u1_64p\jdk7u7\hotspot\src\share\vm\prims\jvm.cpp:1166
Event: 4.014 Thread 0x000000001d850800 Threw 0x00000007aad58388 at C:\jdk7u1_64p\jdk7u7\hotspot\src\share\vm\prims\jvm.cpp:1166
Event: 4.018 Thread 0x000000001d850800 Threw 0x00000007aad68c18 at C:\jdk7u1_64p\jdk7u7\hotspot\src\share\vm\prims\jvm.cpp:1166
Event: 4.217 Thread 0x000000001d850800 Threw 0x00000007abd725e0 at C:\jdk7u1_64p\jdk7u7\hotspot\src\share\vm\prims\jvm.cpp:1166
Event: 6.143 Thread 0x0000000015fa9800 Threw 0x00000007ab3ce498 at C:\jdk7u1_64p\jdk7u7\hotspot\src\share\vm\prims\jvm.cpp:1166

Events (10 events):
Event: 10.336 Executing VM operation: ParallelGCFailedAllocation done
Event: 11.143 Thread 0x0000000015e5a000 Thread exited: 0x0000000015e5a000
Event: 11.817 Executing VM operation: ParallelGCFailedAllocation
Event: 11.829 Executing VM operation: ParallelGCFailedAllocation done
Event: 12.364 loading class 0x0000000016051a60
Event: 12.364 loading class 0x0000000016051a60 done
Event: 12.364 loading class 0x00000000138517a0
Event: 12.364 loading class 0x000000001635a3e0
Event: 12.364 loading class 0x000000001635a3e0 done
Event: 12.365 loading class 0x00000000138517a0 done


Dynamic libraries:
0x000007f7dc190000 - 0x000007f7dc1c4000 	F:\Program Files\Java\Jre7\bin\javaw.exe
0x000007ff3c8c0000 - 0x000007ff3ca7e000 	C:\WINDOWS\SYSTEM32\ntdll.dll
0x000007ff3a840000 - 0x000007ff3a976000 	C:\WINDOWS\system32\KERNEL32.DLL
0x000007ff39a80000 - 0x000007ff39b73000 	C:\WINDOWS\system32\KERNELBASE.dll
0x000007ff3ae10000 - 0x000007ff3aeee000 	C:\WINDOWS\system32\ADVAPI32.dll
0x000007ff39f70000 - 0x000007ff3a0bc000 	C:\WINDOWS\system32\USER32.dll
0x000007ff36fd0000 - 0x000007ff37239000 	C:\WINDOWS\WinSxS\amd64_microsoft.windows.common-controls_6595b64144ccf1df_6.0.9200.16384_none_418c2a697189c07f\COMCTL32.dll
0x000007ff3a5d0000 - 0x000007ff3a675000 	C:\WINDOWS\system32\msvcrt.dll
0x000007ff3aef0000 - 0x000007ff3af38000 	C:\WINDOWS\SYSTEM32\sechost.dll
0x000007ff3c500000 - 0x000007ff3c640000 	C:\WINDOWS\system32\RPCRT4.dll
0x000007ff39d10000 - 0x000007ff39e50000 	C:\WINDOWS\system32\GDI32.dll
0x000007ff3c640000 - 0x000007ff3c679000 	C:\WINDOWS\system32\IMM32.DLL
0x000007ff3a2f0000 - 0x000007ff3a405000 	C:\WINDOWS\system32\MSCTF.dll
0x000007ff397b0000 - 0x000007ff397b8000 	C:\PROGRA~2\NVIDIA~1\3DVISI~1\NVSTIN~1.DLL
0x000007ff3c680000 - 0x000007ff3c687000 	C:\WINDOWS\system32\PSAPI.DLL
0x000000005d2b0000 - 0x000000005d353000 	C:\WINDOWS\WinSxS\amd64_microsoft.vc90.crt_1fc8b3b9a1e18e3b_9.0.30729.6871_none_08e717a5a83adddf\MSVCR90.dll
0x000000005b640000 - 0x000000005b711000 	F:\Program Files\Java\Jre7\bin\msvcr100.dll
0x000000005af20000 - 0x000000005b63f000 	F:\Program Files\Java\Jre7\bin\server\jvm.dll
0x000007ff31ca0000 - 0x000007ff31ca9000 	C:\WINDOWS\SYSTEM32\WSOCK32.dll
0x000007ff37250000 - 0x000007ff37270000 	C:\WINDOWS\SYSTEM32\WINMM.dll
0x000007ff3a680000 - 0x000007ff3a6d8000 	C:\WINDOWS\system32\WS2_32.dll
0x000007ff368c0000 - 0x000007ff368f2000 	C:\WINDOWS\SYSTEM32\WINMMBASE.dll
0x000007ff3a980000 - 0x000007ff3a989000 	C:\WINDOWS\system32\NSI.dll
0x000000005af10000 - 0x000000005af1f000 	F:\Program Files\Java\Jre7\bin\verify.dll
0x000000005aee0000 - 0x000000005af08000 	F:\Program Files\Java\Jre7\bin\java.dll
0x000000005aec0000 - 0x000000005aed5000 	F:\Program Files\Java\Jre7\bin\zip.dll
0x000000005bd60000 - 0x000000005bef3000 	F:\Program Files\Java\Jre7\bin\awt.dll
0x000007ff39e50000 - 0x000007ff39f13000 	C:\WINDOWS\system32\OLEAUT32.dll
0x000007ff3a140000 - 0x000007ff3a2f0000 	C:\WINDOWS\system32\combase.dll
0x000007ff339e0000 - 0x000007ff33a7f000 	C:\WINDOWS\system32\apphelp.dll
0x000007ff385b0000 - 0x000007ff38693000 	C:\WINDOWS\system32\uxtheme.dll
0x000007ff33a80000 - 0x000007ff33b15000 	C:\Program Files\Common Files\microsoft shared\ink\tiptsf.dll
0x000007ff37890000 - 0x000007ff378b1000 	C:\WINDOWS\SYSTEM32\dwmapi.dll
0x000007ff3c740000 - 0x000007ff3c8be000 	C:\WINDOWS\system32\ole32.dll
0x000007ff39600000 - 0x000007ff3960a000 	C:\WINDOWS\SYSTEM32\CRYPTBASE.dll
0x000007ff395a0000 - 0x000007ff395fc000 	C:\WINDOWS\SYSTEM32\bcryptPrimitives.dll
0x000007ff3af40000 - 0x000007ff3c228000 	C:\WINDOWS\system32\SHELL32.dll
0x000007ff39f20000 - 0x000007ff39f70000 	C:\WINDOWS\system32\SHLWAPI.dll
0x000007ff38980000 - 0x000007ff38a16000 	C:\WINDOWS\SYSTEM32\shcore.dll
0x000000005c180000 - 0x000000005c218000 	C:\Windows\System32\msvcp100.dll
0x000007ff30bb0000 - 0x000007ff30e08000 	C:\opencv\build\x64\vc10\bin\opencv_core243.dll
0x000007ff30b10000 - 0x000007ff30ba5000 	C:\Users\Jonas\AppData\Local\Temp\javacpp88953040212453\jniopencv_core.dll
0x000007ff30730000 - 0x000007ff309d5000 	C:\opencv\build\x64\vc10\bin\opencv_imgproc243.dll
0x000007ff30690000 - 0x000007ff306d8000 	C:\Users\Jonas\AppData\Local\Temp\javacpp88953040212453\jniopencv_imgproc.dll
0x0000000066840000 - 0x00000000675ca000 	C:\opencv\build\x64\vc10\bin\opencv_ffmpeg243_64.dll
0x000007ff1e280000 - 0x000007ff1e4cb000 	C:\opencv\build\x64\vc10\bin\opencv_highgui243.dll
0x000007ff30af0000 - 0x000007ff30b10000 	C:\WINDOWS\SYSTEM32\AVIFIL32.dll
0x000007ff30aa0000 - 0x000007ff30ac9000 	C:\WINDOWS\SYSTEM32\MSVFW32.dll
0x000007ff30360000 - 0x000007ff30377000 	C:\WINDOWS\SYSTEM32\AVICAP32.dll
0x000007ff32f20000 - 0x000007ff32f39000 	C:\WINDOWS\SYSTEM32\MSACM32.dll
0x000007ff37270000 - 0x000007ff37279000 	C:\WINDOWS\SYSTEM32\VERSION.dll
0x000007ff294e0000 - 0x000007ff294f3000 	C:\Users\Jonas\AppData\Local\Temp\javacpp88953040212453\jniopencv_highgui.dll
0x000007ff3c230000 - 0x000007ff3c2c6000 	C:\WINDOWS\SYSTEM32\clbcatq.dll
0x000007ff29490000 - 0x000007ff294a7000 	C:\Windows\System32\devenum.dll
0x000007ff3ac40000 - 0x000007ff3ae10000 	C:\WINDOWS\system32\setupapi.dll
0x000007ff39c30000 - 0x000007ff39c7f000 	C:\WINDOWS\system32\CFGMGR32.dll
0x000007ff39ce0000 - 0x000007ff39d02000 	C:\WINDOWS\system32\DEVOBJ.dll
0x000007ff32880000 - 0x000007ff328ae000 	C:\WINDOWS\SYSTEM32\ntmarta.dll
0x000007ff39c80000 - 0x000007ff39cd5000 	C:\WINDOWS\system32\WINTRUST.dll
0x000007ff398a0000 - 0x000007ff39a77000 	C:\WINDOWS\system32\CRYPT32.dll
0x000007ff39880000 - 0x000007ff39896000 	C:\WINDOWS\system32\MSASN1.dll
0x000007ff32870000 - 0x000007ff3287d000 	C:\WINDOWS\SYSTEM32\msdmo.dll
0x000007ff29460000 - 0x000007ff2948f000 	C:\Windows\System32\qcap.dll
0x000007ff251b0000 - 0x000007ff25368000 	C:\Windows\System32\quartz.dll
0x000007ff29420000 - 0x000007ff2945f000 	C:\Windows\System32\ksproxy.ax
0x000007ff1fa90000 - 0x000007ff1fa97000 	C:\Windows\System32\ksuser.dll
0x000007ff28210000 - 0x000007ff28410000 	C:\Windows\System32\d3d9.dll
0x000007ff31730000 - 0x000007ff3173c000 	C:\Windows\System32\vidcap.ax
0x000007ff27110000 - 0x000007ff27134000 	C:\Windows\System32\kswdmcap.ax
0x000007ff22c70000 - 0x000007ff22dc4000 	C:\Windows\System32\MFC42.dll
0x000007ff24a90000 - 0x000007ff24b4e000 	C:\Windows\System32\ODBC32.dll
0x000007ff253c0000 - 0x000007ff25455000 	C:\Windows\System32\qedit.dll
0x000007ff3c690000 - 0x000007ff3c731000 	C:\WINDOWS\system32\COMDLG32.dll
0x000007ff3a410000 - 0x000007ff3a5b0000 	C:\WINDOWS\WinSxS\amd64_microsoft.windows.gdiplus_6595b64144ccf1df_1.1.9200.16384_none_72771d4ecc1c3a4d\gdiplus.dll
0x000007ff20d90000 - 0x000007ff20e7a000 	C:\WINDOWS\SYSTEM32\DDRAW.dll
0x000007ff339d0000 - 0x000007ff339d8000 	C:\WINDOWS\SYSTEM32\DCIMAN32.dll
0x000000005ada0000 - 0x000000005add4000 	F:\Program Files\Java\Jre7\bin\fontmanager.dll
0x000007ff16cd0000 - 0x000007ff17e50000 	C:\WINDOWS\SYSTEM32\nvd3dumx.dll
0x000007ff396a0000 - 0x000007ff396e3000 	C:\WINDOWS\SYSTEM32\powrprof.dll
0x0000000180000000 - 0x0000000180116000 	C:\Program Files (x86)\NVIDIA Corporation\3D Vision\nvSCPAPI64.dll
0x000007ff36ef0000 - 0x000007ff36f64000 	C:\WINDOWS\SYSTEM32\dxgi.dll
0x000007ff36390000 - 0x000007ff36652000 	C:\WINDOWS\SYSTEM32\nvapi64.dll
0x000007ff36900000 - 0x000007ff3691f000 	C:\WINDOWS\SYSTEM32\DXGIDebug.dll
0x000000005aea0000 - 0x000000005aeb9000 	F:\Program Files\Java\Jre7\bin\net.dll
0x000007ff39010000 - 0x000007ff3906c000 	C:\WINDOWS\system32\mswsock.dll
0x000000005ae80000 - 0x000000005ae91000 	F:\Program Files\Java\Jre7\bin\nio.dll
0x000000005ad50000 - 0x000000005ad91000 	F:\Program Files\Java\Jre7\bin\t2k.dll
0x000007ff37350000 - 0x000007ff374da000 	C:\WINDOWS\SYSTEM32\WindowsCodecs.dll
0x000007ff397d0000 - 0x000007ff397e5000 	C:\WINDOWS\SYSTEM32\profapi.dll
0x000007ff367d0000 - 0x000007ff36839000 	C:\WINDOWS\SYSTEM32\oleacc.dll
0x000000005bd30000 - 0x000000005bd5a000 	F:\Program Files\Java\Jre7\bin\dcpr.dll
0x000007ff26eb0000 - 0x000007ff27013000 	C:\WINDOWS\SYSTEM32\dbghelp.dll

VM Arguments:
jvm_args: -Dfile.encoding=Cp1252 
java_command: emcscanner.kth.se.Program
Launcher Type: SUN_STANDARD

Environment Variables:
PATH=C:\Program Files (x86)\NVIDIA Corporation\PhysX\Common;C:\WINDOWS\system32;C:\WINDOWS;C:\WINDOWS\System32\Wbem;C:\WINDOWS\System32\WindowsPowerShell\v1.0\;C:\Program Files (x86)\Microsoft SQL Server\90\Tools\binn\;C:\Program Files (x86)\Autodesk\Backburner\;F:\Program Files\MATLAB\R2012a\runtime\win64;F:\Program Files\MATLAB\R2012a\bin;C:\Program Files\Internet Explorer;C:\Program Files\Perforce;F:\Program Files\Perforce;C:\Program Files\Microsoft\Web Platform Installer\;C:\Program Files (x86)\Microsoft ASP.NET\ASP.NET Web Pages\v1.0\;C:\Program Files (x86)\Windows Kits\8.0\Windows Performance Toolkit\;C:\Program Files\Microsoft SQL Server\110\Tools\Binn\;F:\Program Files\Perforce\Server
USERNAME=Jonas
OS=Windows_NT
PROCESSOR_IDENTIFIER=Intel64 Family 6 Model 42 Stepping 7, GenuineIntel



---------------  S Y S T E M  ---------------

OS: Windows 8 , 64 bit Build 9200 

CPU:total 8 (4 cores per cpu, 2 threads per core) family 6 model 42 stepping 7, cmov, cx8, fxsr, mmx, sse, sse2, sse3, ssse3, sse4.1, sse4.2, popcnt, avx, ht, tsc, tscinvbit

Memory: 4k page, physical 16751668k(12634636k free), swap 33528884k(27859140k free)

vm_info: Java HotSpot(TM) 64-Bit Server VM (23.3-b01) for windows-amd64 JRE (1.7.0_07-b11), built on Sep  7 2012 01:19:25 by "java_re" with unknown MS VC++:1600

time: Thu Jan 24 20:09:46 2013
elapsed time: 13 seconds

