#
# A fatal error has been detected by the Java Runtime Environment:
#
#  EXCEPTION_ACCESS_VIOLATION (0xc0000005) at pc=0x000007fe834a8bc0, pid=3952, tid=8716
#
# JRE version: 7.0_07-b11
# Java VM: Java HotSpot(TM) 64-Bit Server VM (23.3-b01 mixed mode windows-amd64 compressed oops)
# Problematic frame:
# C  [ntdll.dll+0x18bc0]  RtlQueueWorkItem+0x8a0
#
# Failed to write core dump. Minidumps are not enabled by default on client versions of Windows
#
# If you would like to submit a bug report, please visit:
#   http://bugreport.sun.com/bugreport/crash.jsp
# The crash happened outside the Java Virtual Machine in native code.
# See problematic frame for where to report the bug.
#

---------------  T H R E A D  ---------------

Current thread (0x00000000190f3000):  JavaThread "threadDisplay" daemon [_thread_in_native, id=8716, stack(0x00000000213f0000,0x00000000214f0000)]

siginfo: ExceptionCode=0xc0000005, writing address 0x0000000000000024

Registers:
RAX=0x0000000000000000, RBX=0x000000001a37d498, RCX=0x00000000fffffffc, RDX=0x0000000000000b94
RSP=0x00000000214eedc0, RBP=0x0000000000000000, RSI=0x0000000000000b94, RDI=0x0000000000000000
R8 =0xffffffffffffffff, R9 =0x0000000000000004, R10=0x0000000000000000, R11=0x0000000000000246
R12=0x0000000000000000, R13=0x0000000000000000, R14=0x000007f616b90000, R15=0x0000000000000000
RIP=0x000007fe834a8bc0, EFLAGS=0x0000000000010213

Top of Stack: (sp=0x00000000214eedc0)
0x00000000214eedc0:   0000000000000b94 0000000002c768a6
0x00000000214eedd0:   0000000000000001 0000000002c768a6
0x00000000214eede0:   0000000700adbdf0 00000000214eede8
0x00000000214eedf0:   00000006fb82776b 00000000214eee48
0x00000000214eee00:   0000000600000000 00000006fc561410
0x00000000214eee10:   00000006fb827780 0000000000000000
0x00000000214eee20:   00000000214eee40 000007fe805810ea
0x00000000214eee30:   0000000002c761f8 0000000000000000
0x00000000214eee40:   00004a4ae41f7838 0000000700adbd30
0x00000000214eee50:   0000000000000004 0000000000000001
0x00000000214eee60:   0000000020df4050 00000000ff000000
0x00000000214eee70:   0000000000000000 0000000000000000
0x00000000214eee80:   000007f616b90000 000007fe8349f4d4
0x00000000214eee90:   0000000000000000 0000000000000000
0x00000000214eeea0:   000000001a37d498 0000000700adbd30
0x00000000214eeeb0:   0000000000000000 00000000190f31d8 

Instructions: (pc=0x000007fe834a8bc0)
0x000007fe834a8ba0:   43 08 a8 01 0f 85 bd 67 ff ff 8b c8 2b cd f0 0f
0x000007fe834a8bb0:   b1 4b 08 75 ea 48 8b 03 33 ed 48 83 f8 ff 74 03
0x000007fe834a8bc0:   ff 40 24 41 bf 82 03 fe 7f 41 80 3f 00 0f 85 69
0x000007fe834a8bd0:   7a 0e 00 48 83 fe ff 0f 84 bf 7a 0e 00 4c 8b c7 


Register to memory mapping:

RAX=0x0000000000000000 is an unknown value
RBX=0x000000001a37d498 is an unknown value
RCX=0x00000000fffffffc is an unknown value
RDX=0x0000000000000b94 is an unknown value
RSP=0x00000000214eedc0 is pointing into the stack for thread: 0x00000000190f3000
RBP=0x0000000000000000 is an unknown value
RSI=0x0000000000000b94 is an unknown value
RDI=0x0000000000000000 is an unknown value
R8 =0xffffffffffffffff is an unknown value
R9 =0x0000000000000004 is an unknown value
R10=0x0000000000000000 is an unknown value
R11=0x0000000000000246 is an unknown value
R12=0x0000000000000000 is an unknown value
R13=0x0000000000000000 is an unknown value
R14=0x000007f616b90000 is an unknown value
R15=0x0000000000000000 is an unknown value


Stack: [0x00000000213f0000,0x00000000214f0000],  sp=0x00000000214eedc0,  free space=1019k
Native frames: (J=compiled Java code, j=interpreted, Vv=VM code, C=native code)
C  [ntdll.dll+0x18bc0]  RtlQueueWorkItem+0x8a0

[error occurred during error reporting (printing native stack), id 0xc0000005]

Java frames: (J=compiled Java code, j=interpreted, Vv=VM code)
j  com.googlecode.javacv.cpp.opencv_highgui.cvRetrieveFrame(Lcom/googlecode/javacv/cpp/opencv_highgui$CvCapture;I)Lcom/googlecode/javacv/cpp/opencv_core$IplImage;+0
j  com.googlecode.javacv.cpp.opencv_highgui.cvRetrieveFrame(Lcom/googlecode/javacv/cpp/opencv_highgui$CvCapture;)Lcom/googlecode/javacv/cpp/opencv_core$IplImage;+2
j  com.googlecode.javacv.OpenCVFrameGrabber.grab()Lcom/googlecode/javacv/cpp/opencv_core$IplImage;+4
j  emcscanner.kth.se.CameraPanel$1.run()V+3
v  ~StubRoutines::call_stub

---------------  P R O C E S S  ---------------

Java Threads: ( => current thread )
  0x000000001ac8e000 JavaThread "Thread-0" daemon [_thread_in_native, id=9204, stack(0x0000000019230000,0x0000000019330000)]
  0x000000001a5bf800 JavaThread "ICEpdf-pagePainter" daemon [_thread_blocked, id=3356, stack(0x0000000021a30000,0x0000000021b30000)]
  0x0000000019228000 JavaThread "ICEpdf-pageInitializer" daemon [_thread_blocked, id=8524, stack(0x0000000021800000,0x0000000021900000)]
  0x0000000002b6e000 JavaThread "DestroyJavaVM" [_thread_blocked, id=1824, stack(0x00000000029a0000,0x0000000002aa0000)]
=>0x00000000190f3000 JavaThread "threadDisplay" daemon [_thread_in_native, id=8716, stack(0x00000000213f0000,0x00000000214f0000)]
  0x0000000018d1d000 JavaThread "TimerQueue" daemon [_thread_blocked, id=6932, stack(0x0000000019450000,0x0000000019550000)]
  0x0000000013eae800 JavaThread "AWT-EventQueue-0" [_thread_blocked, id=2284, stack(0x0000000019330000,0x0000000019430000)]
  0x0000000013dd5000 JavaThread "AWT-Windows" daemon [_thread_in_native, id=3964, stack(0x00000000148e0000,0x00000000149e0000)]
  0x0000000013dcc800 JavaThread "AWT-Shutdown" [_thread_blocked, id=8568, stack(0x00000000147e0000,0x00000000148e0000)]
  0x0000000013dcb800 JavaThread "Java2D Disposer" daemon [_thread_blocked, id=7352, stack(0x00000000146e0000,0x00000000147e0000)]
  0x00000000116dc000 JavaThread "Service Thread" daemon [_thread_blocked, id=412, stack(0x0000000013ac0000,0x0000000013bc0000)]
  0x00000000116d6000 JavaThread "C2 CompilerThread1" daemon [_thread_blocked, id=8956, stack(0x00000000139c0000,0x0000000013ac0000)]
  0x00000000116cb000 JavaThread "C2 CompilerThread0" daemon [_thread_blocked, id=4496, stack(0x00000000138c0000,0x00000000139c0000)]
  0x00000000116c7800 JavaThread "Attach Listener" daemon [_thread_blocked, id=5152, stack(0x00000000137c0000,0x00000000138c0000)]
  0x00000000116bb000 JavaThread "Signal Dispatcher" daemon [_thread_blocked, id=7880, stack(0x00000000136c0000,0x00000000137c0000)]
  0x000000001165e800 JavaThread "Finalizer" daemon [_thread_blocked, id=5280, stack(0x00000000135c0000,0x00000000136c0000)]
  0x0000000011657000 JavaThread "Reference Handler" daemon [_thread_blocked, id=6704, stack(0x00000000134c0000,0x00000000135c0000)]

Other Threads:
  0x0000000011652000 VMThread [stack: 0x00000000133c0000,0x00000000134c0000] [id=7800]
  0x00000000116f6800 WatcherThread [stack: 0x0000000013bc0000,0x0000000013cc0000] [id=6168]

VM state:not at safepoint (normal execution)

VM Mutex/Monitor currently owned by a thread: None

Heap
 PSYoungGen      total 265024K, used 264364K [0x00000007aacb0000, 0x00000007bffc0000, 0x0000000800000000)
  eden space 222272K, 99% used [0x00000007aacb0000,0x00000007b851bc58,0x00000007b85c0000)
  from space 42752K, 99% used [0x00000007b8930000,0x00000007bb2ef470,0x00000007bb2f0000)
  to   space 62464K, 0% used [0x00000007bc2c0000,0x00000007bc2c0000,0x00000007bffc0000)
 ParOldGen       total 527424K, used 106816K [0x0000000700600000, 0x0000000720910000, 0x00000007aacb0000)
  object space 527424K, 20% used [0x0000000700600000,0x0000000706e50290,0x0000000720910000)
 PSPermGen       total 23616K, used 17867K [0x00000006fb400000, 0x00000006fcb10000, 0x0000000700600000)
  object space 23616K, 75% used [0x00000006fb400000,0x00000006fc572c38,0x00000006fcb10000)

Card table byte_map: [0x0000000005c70000,0x00000000064a0000] byte_map_base: 0x0000000002496000

Polling page: 0x00000000010c0000

Code Cache  [0x0000000002c70000, 0x0000000002ee0000, 0x0000000005c70000)
 total_blobs=952 nmethods=363 adapters=540 free_code_cache=47622Kb largest_free_block=48727360

Compilation events (10 events):
Event: 61.259 Thread 0x00000000116cb000  368             sun.java2d.pipe.RenderQueue::ensureCapacityAndAlignment (13 bytes)
Event: 61.260 Thread 0x00000000116cb000 nmethod 368 0x0000000002de3110 code [0x0000000002de3260, 0x0000000002de3368]
Event: 61.456 Thread 0x00000000116d6000  369   !         sun.java2d.SunGraphics2D::validateCompClip (224 bytes)
Event: 61.457 Thread 0x00000000116d6000 nmethod 369 0x0000000002de2c90 code [0x0000000002de2de0, 0x0000000002de2fb8]
Event: 67.847 Thread 0x00000000116cb000  370             javax.swing.text.GapVector::getArray (5 bytes)
Event: 67.848 Thread 0x00000000116cb000 nmethod 370 0x0000000002de2a90 code [0x0000000002de2bc0, 0x0000000002de2c38]
Event: 68.848 Thread 0x00000000116d6000  371  s          sun.awt.PostEventQueue::flush (39 bytes)
Event: 68.850 Thread 0x00000000116d6000 nmethod 371 0x0000000002de2450 code [0x0000000002de25a0, 0x0000000002de2958]
Event: 71.715 Thread 0x00000000116cb000  372             javax.swing.JComponent::getGraphics (33 bytes)
Event: 71.715 Thread 0x00000000116cb000 nmethod 372 0x0000000002df3a50 code [0x0000000002df3ba0, 0x0000000002df3c48]

GC Heap History (10 events):
Event: 60.881 GC heap before
{Heap before GC invocations=32 (full 12):
 PSYoungGen      total 288000K, used 249841K [0x00000007aacb0000, 0x00000007c07a0000, 0x0000000800000000)
  eden space 232896K, 99% used [0x00000007aacb0000,0x00000007b8e9ffd0,0x00000007b9020000)
  from space 55104K, 33% used [0x00000007bd1d0000,0x00000007be3dc430,0x00000007c07a0000)
  to   space 61184K, 0% used [0x00000007b9020000,0x00000007b9020000,0x00000007bcbe0000)
 ParOldGen       total 794176K, used 793291K [0x0000000700600000, 0x0000000730d90000, 0x00000007aacb0000)
  object space 794176K, 99% used [0x0000000700600000,0x0000000730cb2eb0,0x0000000730d90000)
 PSPermGen       total 25728K, used 17831K [0x00000006fb400000, 0x00000006fcd20000, 0x0000000700600000)
  object space 25728K, 69% used [0x00000006fb400000,0x00000006fc569de8,0x00000006fcd20000)
Event: 60.929 GC heap after
Heap after GC invocations=32 (full 12):
 PSYoungGen      total 288000K, used 0K [0x00000007aacb0000, 0x00000007c07a0000, 0x0000000800000000)
  eden space 232896K, 0% used [0x00000007aacb0000,0x00000007aacb0000,0x00000007b9020000)
  from space 55104K, 0% used [0x00000007bd1d0000,0x00000007bd1d0000,0x00000007c07a0000)
  to   space 61184K, 0% used [0x00000007b9020000,0x00000007b9020000,0x00000007bcbe0000)
 ParOldGen       total 547328K, used 15688K [0x0000000700600000, 0x0000000721c80000, 0x00000007aacb0000)
  object space 547328K, 2% used [0x0000000700600000,0x00000007015520e0,0x0000000721c80000)
 PSPermGen       total 24640K, used 17831K [0x00000006fb400000, 0x00000006fcc10000, 0x0000000700600000)
  object space 24640K, 72% used [0x00000006fb400000,0x00000006fc569d68,0x00000006fcc10000)
}
Event: 62.180 GC heap before
{Heap before GC invocations=33 (full 12):
 PSYoungGen      total 288000K, used 231026K [0x00000007aacb0000, 0x00000007c07a0000, 0x0000000800000000)
  eden space 232896K, 99% used [0x00000007aacb0000,0x00000007b8e4cbd8,0x00000007b9020000)
  from space 55104K, 0% used [0x00000007bd1d0000,0x00000007bd1d0000,0x00000007c07a0000)
  to   space 61184K, 0% used [0x00000007b9020000,0x00000007b9020000,0x00000007bcbe0000)
 ParOldGen       total 547328K, used 21763K [0x0000000700600000, 0x0000000721c80000, 0x00000007aacb0000)
  object space 547328K, 3% used [0x0000000700600000,0x0000000701b40cf0,0x0000000721c80000)
 PSPermGen       total 24640K, used 17832K [0x00000006fb400000, 0x00000006fcc10000, 0x0000000700600000)
  object space 24640K, 72% used [0x00000006fb400000,0x00000006fc56a0a0,0x00000006fcc10000)
Event: 62.185 GC heap after
Heap after GC invocations=33 (full 12):
 PSYoungGen      total 265984K, used 36642K [0x00000007aacb0000, 0x00000007c0520000, 0x0000000800000000)
  eden space 229312K, 0% used [0x00000007aacb0000,0x00000007aacb0000,0x00000007b8ca0000)
  from space 36672K, 99% used [0x00000007b9020000,0x00000007bb3e8860,0x00000007bb3f0000)
  to   space 61696K, 0% used [0x00000007bc8e0000,0x00000007bc8e0000,0x00000007c0520000)
 ParOldGen       total 547328K, used 21763K [0x0000000700600000, 0x0000000721c80000, 0x00000007aacb0000)
  object space 547328K, 3% used [0x0000000700600000,0x0000000701b40cf0,0x0000000721c80000)
 PSPermGen       total 24640K, used 17832K [0x00000006fb400000, 0x00000006fcc10000, 0x0000000700600000)
  object space 24640K, 72% used [0x00000006fb400000,0x00000006fc56a0a0,0x00000006fcc10000)
}
Event: 65.580 GC heap before
{Heap before GC invocations=34 (full 12):
 PSYoungGen      total 265984K, used 261829K [0x00000007aacb0000, 0x00000007c0520000, 0x0000000800000000)
  eden space 229312K, 98% used [0x00000007aacb0000,0x00000007b8898ca8,0x00000007b8ca0000)
  from space 36672K, 99% used [0x00000007b9020000,0x00000007bb3e8860,0x00000007bb3f0000)
  to   space 61696K, 0% used [0x00000007bc8e0000,0x00000007bc8e0000,0x00000007c0520000)
 ParOldGen       total 547328K, used 410564K [0x0000000700600000, 0x0000000721c80000, 0x00000007aacb0000)
  object space 547328K, 75% used [0x0000000700600000,0x00000007196f10f0,0x0000000721c80000)
 PSPermGen       total 24640K, used 17835K [0x00000006fb400000, 0x00000006fcc10000, 0x0000000700600000)
  object space 24640K, 72% used [0x00000006fb400000,0x00000006fc56ad48,0x00000006fcc10000)
Event: 65.584 GC heap after
Heap after GC invocations=34 (full 12):
 PSYoungGen      total 279872K, used 18417K [0x00000007aacb0000, 0x00000007bfdb0000, 0x0000000800000000)
  eden space 225792K, 0% used [0x00000007aacb0000,0x00000007aacb0000,0x00000007b8930000)
  from space 54080K, 34% used [0x00000007bc8e0000,0x00000007bdadc430,0x00000007bfdb0000)
  to   space 59648K, 0% used [0x00000007b8930000,0x00000007b8930000,0x00000007bc370000)
 ParOldGen       total 547328K, used 410564K [0x0000000700600000, 0x0000000721c80000, 0x00000007aacb0000)
  object space 547328K, 75% used [0x0000000700600000,0x00000007196f10f0,0x0000000721c80000)
 PSPermGen       total 24640K, used 17835K [0x00000006fb400000, 0x00000006fcc10000, 0x0000000700600000)
  object space 24640K, 72% used [0x00000006fb400000,0x00000006fc56ad48,0x00000006fcc10000)
}
Event: 69.049 GC heap before
{Heap before GC invocations=35 (full 13):
 PSYoungGen      total 279872K, used 243715K [0x00000007aacb0000, 0x00000007bfdb0000, 0x0000000800000000)
  eden space 225792K, 99% used [0x00000007aacb0000,0x00000007b88b49c8,0x00000007b8930000)
  from space 54080K, 34% used [0x00000007bc8e0000,0x00000007bdadc430,0x00000007bfdb0000)
  to   space 59648K, 0% used [0x00000007b8930000,0x00000007b8930000,0x00000007bc370000)
 ParOldGen       total 796608K, used 793290K [0x0000000700600000, 0x0000000730ff0000, 0x00000007aacb0000)
  object space 796608K, 99% used [0x0000000700600000,0x0000000730cb28e0,0x0000000730ff0000)
 PSPermGen       total 24640K, used 17837K [0x00000006fb400000, 0x00000006fcc10000, 0x0000000700600000)
  object space 24640K, 72% used [0x00000006fb400000,0x00000006fc56b780,0x00000006fcc10000)
Event: 69.096 GC heap after
Heap after GC invocations=35 (full 13):
 PSYoungGen      total 279872K, used 0K [0x00000007aacb0000, 0x00000007bfdb0000, 0x0000000800000000)
  eden space 225792K, 0% used [0x00000007aacb0000,0x00000007aacb0000,0x00000007b8930000)
  from space 54080K, 0% used [0x00000007bc8e0000,0x00000007bc8e0000,0x00000007bfdb0000)
  to   space 59648K, 0% used [0x00000007b8930000,0x00000007b8930000,0x00000007bc370000)
 ParOldGen       total 527424K, used 15691K [0x0000000700600000, 0x0000000720910000, 0x00000007aacb0000)
  object space 527424K, 2% used [0x0000000700600000,0x0000000701552da0,0x0000000720910000)
 PSPermGen       total 23616K, used 17837K [0x00000006fb400000, 0x00000006fcb10000, 0x0000000700600000)
  object space 23616K, 75% used [0x00000006fb400000,0x00000006fc56b780,0x00000006fcb10000)
}
Event: 70.347 GC heap before
{Heap before GC invocations=36 (full 13):
 PSYoungGen      total 279872K, used 225008K [0x00000007aacb0000, 0x00000007bfdb0000, 0x0000000800000000)
  eden space 225792K, 99% used [0x00000007aacb0000,0x00000007b886c390,0x00000007b8930000)
  from space 54080K, 0% used [0x00000007bc8e0000,0x00000007bc8e0000,0x00000007bfdb0000)
  to   space 59648K, 0% used [0x00000007b8930000,0x00000007b8930000,0x00000007bc370000)
 ParOldGen       total 527424K, used 21766K [0x0000000700600000, 0x0000000720910000, 0x00000007aacb0000)
  object space 527424K, 4% used [0x0000000700600000,0x0000000701b419b0,0x0000000720910000)
 PSPermGen       total 23616K, used 17838K [0x00000006fb400000, 0x00000006fcb10000, 0x0000000700600000)
  object space 23616K, 75% used [0x00000006fb400000,0x00000006fc56ba50,0x00000006fcb10000)
Event: 70.352 GC heap after
Heap after GC invocations=36 (full 13):
 PSYoungGen      total 265024K, used 42749K [0x00000007aacb0000, 0x00000007bffc0000, 0x0000000800000000)
  eden space 222272K, 0% used [0x00000007aacb0000,0x00000007aacb0000,0x00000007b85c0000)
  from space 42752K, 99% used [0x00000007b8930000,0x00000007bb2ef470,0x00000007bb2f0000)
  to   space 62464K, 0% used [0x00000007bc2c0000,0x00000007bc2c0000,0x00000007bffc0000)
 ParOldGen       total 527424K, used 21766K [0x0000000700600000, 0x0000000720910000, 0x00000007aacb0000)
  object space 527424K, 4% used [0x0000000700600000,0x0000000701b419b0,0x0000000720910000)
 PSPermGen       total 23616K, used 17838K [0x00000006fb400000, 0x00000006fcb10000, 0x0000000700600000)
  object space 23616K, 75% used [0x00000006fb400000,0x00000006fc56ba50,0x00000006fcb10000)
}

Deoptimization events (10 events):
Event: 3.915 Thread 0x0000000019228000 Uncommon trap -83 fr.pc 0x0000000002d1b544
Event: 3.930 Thread 0x0000000019228000 Uncommon trap -83 fr.pc 0x0000000002d7e268
Event: 3.980 Thread 0x0000000019228000 Uncommon trap -83 fr.pc 0x0000000002d804bc
Event: 4.007 Thread 0x0000000019228000 Uncommon trap -83 fr.pc 0x0000000002d3dc18
Event: 4.186 Thread 0x000000001a5bf800 Uncommon trap -34 fr.pc 0x0000000002d97444
Event: 4.186 Thread 0x000000001a5bf800 Uncommon trap -34 fr.pc 0x0000000002d97444
Event: 4.186 Thread 0x000000001a5bf800 Uncommon trap -34 fr.pc 0x0000000002d97444
Event: 4.186 Thread 0x000000001a5bf800 Uncommon trap -34 fr.pc 0x0000000002d97444
Event: 28.421 Thread 0x00000000190f3000 Uncommon trap -12 fr.pc 0x0000000002d969f8
Event: 36.046 Thread 0x0000000013eae800 Uncommon trap -12 fr.pc 0x0000000002d3fd24

Internal exceptions (10 events):
Event: 4.050 Thread 0x0000000019228000 Threw 0x00000007ae5f30b8 at C:\jdk7u1_64p\jdk7u7\hotspot\src\share\vm\prims\jvm.cpp:1166
Event: 4.052 Thread 0x0000000019228000 Threw 0x00000007ae603520 at C:\jdk7u1_64p\jdk7u7\hotspot\src\share\vm\prims\jvm.cpp:1166
Event: 4.053 Thread 0x0000000019228000 Threw 0x00000007ae6062f0 at C:\jdk7u1_64p\jdk7u7\hotspot\src\share\vm\prims\jvm.cpp:1166
Event: 4.054 Thread 0x0000000019228000 Threw 0x00000007ae6094a0 at C:\jdk7u1_64p\jdk7u7\hotspot\src\share\vm\prims\jvm.cpp:1166
Event: 4.054 Thread 0x0000000019228000 Threw 0x00000007ae60c270 at C:\jdk7u1_64p\jdk7u7\hotspot\src\share\vm\prims\jvm.cpp:1166
Event: 4.173 Thread 0x000000001a5bf800 Threw 0x00000007ab379940 at C:\jdk7u1_64p\jdk7u7\hotspot\src\share\vm\prims\jvm.cpp:1166
Event: 4.177 Thread 0x000000001a5bf800 Threw 0x00000007ab38a110 at C:\jdk7u1_64p\jdk7u7\hotspot\src\share\vm\prims\jvm.cpp:1166
Event: 4.381 Thread 0x000000001a5bf800 Threw 0x00000007ac3ecd68 at C:\jdk7u1_64p\jdk7u7\hotspot\src\share\vm\prims\jvm.cpp:1166
Event: 28.421 Thread 0x00000000190f3000 Implicit null exception at 0x0000000002d966f8 to 0x0000000002d969ec
Event: 36.046 Thread 0x0000000013eae800 Implicit null exception at 0x0000000002d3fc48 to 0x0000000002d3fd19

Events (10 events):
Event: 65.575 Executing VM operation: ParallelGCFailedAllocation
Event: 65.575 Executing VM operation: ParallelGCFailedAllocation done
Event: 65.580 Executing VM operation: ParallelGCSystemGC
Event: 65.584 Executing VM operation: ParallelGCSystemGC done
Event: 69.049 Executing VM operation: ParallelGCFailedAllocation
Event: 69.096 Executing VM operation: ParallelGCFailedAllocation done
Event: 70.343 Executing VM operation: ParallelGCFailedAllocation
Event: 70.343 Executing VM operation: ParallelGCFailedAllocation done
Event: 70.347 Executing VM operation: ParallelGCSystemGC
Event: 70.352 Executing VM operation: ParallelGCSystemGC done


Dynamic libraries:
0x000007f617cb0000 - 0x000007f617ce4000 	F:\Program Files\Java\Jre7\bin\javaw.exe
0x000007fe83490000 - 0x000007fe8364e000 	C:\WINDOWS\SYSTEM32\ntdll.dll
0x000007fe83350000 - 0x000007fe83486000 	C:\WINDOWS\system32\KERNEL32.DLL
0x000007fe80580000 - 0x000007fe80673000 	C:\WINDOWS\system32\KERNELBASE.dll
0x000007fe82eb0000 - 0x000007fe82f8e000 	C:\WINDOWS\system32\ADVAPI32.dll
0x000007fe80a10000 - 0x000007fe80b5c000 	C:\WINDOWS\system32\USER32.dll
0x000007fe7db90000 - 0x000007fe7ddf9000 	C:\WINDOWS\WinSxS\amd64_microsoft.windows.common-controls_6595b64144ccf1df_6.0.9200.16384_none_418c2a697189c07f\COMCTL32.dll
0x000007fe82890000 - 0x000007fe82935000 	C:\WINDOWS\system32\msvcrt.dll
0x000007fe82840000 - 0x000007fe82888000 	C:\WINDOWS\SYSTEM32\sechost.dll
0x000007fe82970000 - 0x000007fe82ab0000 	C:\WINDOWS\system32\RPCRT4.dll
0x000007fe82ab0000 - 0x000007fe82bf0000 	C:\WINDOWS\system32\GDI32.dll
0x000007fe80b60000 - 0x000007fe80b99000 	C:\WINDOWS\system32\IMM32.DLL
0x000007fe82720000 - 0x000007fe82835000 	C:\WINDOWS\system32\MSCTF.dll
0x000007fe80380000 - 0x000007fe80388000 	C:\PROGRA~2\NVIDIA~1\3DVISI~1\NVSTIN~1.DLL
0x000007fe82940000 - 0x000007fe82947000 	C:\WINDOWS\system32\PSAPI.DLL
0x000000006acd0000 - 0x000000006ad73000 	C:\WINDOWS\WinSxS\amd64_microsoft.vc90.crt_1fc8b3b9a1e18e3b_9.0.30729.6871_none_08e717a5a83adddf\MSVCR90.dll
0x0000000069bb0000 - 0x0000000069c81000 	F:\Program Files\Java\Jre7\bin\msvcr100.dll
0x0000000068a20000 - 0x000000006913f000 	F:\Program Files\Java\Jre7\bin\server\jvm.dll
0x000007fe78b00000 - 0x000007fe78b09000 	C:\WINDOWS\SYSTEM32\WSOCK32.dll
0x000007fe7de20000 - 0x000007fe7de40000 	C:\WINDOWS\SYSTEM32\WINMM.dll
0x000007fe826a0000 - 0x000007fe826f8000 	C:\WINDOWS\system32\WS2_32.dll
0x000007fe7d3c0000 - 0x000007fe7d3f2000 	C:\WINDOWS\SYSTEM32\WINMMBASE.dll
0x000007fe82700000 - 0x000007fe82709000 	C:\WINDOWS\system32\NSI.dll
0x0000000069ba0000 - 0x0000000069baf000 	F:\Program Files\Java\Jre7\bin\verify.dll
0x0000000069b70000 - 0x0000000069b98000 	F:\Program Files\Java\Jre7\bin\java.dll
0x0000000069b50000 - 0x0000000069b65000 	F:\Program Files\Java\Jre7\bin\zip.dll
0x00000000669f0000 - 0x0000000066b83000 	F:\Program Files\Java\Jre7\bin\awt.dll
0x000007fe808e0000 - 0x000007fe809a3000 	C:\WINDOWS\system32\OLEAUT32.dll
0x000007fe80ba0000 - 0x000007fe80d50000 	C:\WINDOWS\system32\combase.dll
0x000007fe7a5b0000 - 0x000007fe7a64f000 	C:\WINDOWS\system32\apphelp.dll
0x000007fe7e2c0000 - 0x000007fe7e2e1000 	C:\WINDOWS\system32\DWMAPI.DLL
0x000007fe7f180000 - 0x000007fe7f263000 	C:\WINDOWS\system32\uxtheme.dll
0x000007fe7a660000 - 0x000007fe7a6f5000 	C:\Program Files\Common Files\microsoft shared\ink\tiptsf.dll
0x000007fe80eb0000 - 0x000007fe8102e000 	C:\WINDOWS\system32\ole32.dll
0x000007fe801d0000 - 0x000007fe801da000 	C:\WINDOWS\SYSTEM32\CRYPTBASE.dll
0x000007fe80170000 - 0x000007fe801cc000 	C:\WINDOWS\SYSTEM32\bcryptPrimitives.dll
0x000007fe6ef80000 - 0x000007fe6f180000 	C:\WINDOWS\system32\d3d9.dll
0x000007fe7e110000 - 0x000007fe7e119000 	C:\WINDOWS\SYSTEM32\VERSION.dll
0x000007fe59da0000 - 0x000007fe5af20000 	C:\WINDOWS\SYSTEM32\nvd3dumx.dll
0x000007fe80270000 - 0x000007fe802b3000 	C:\WINDOWS\SYSTEM32\powrprof.dll
0x0000000180000000 - 0x0000000180116000 	C:\Program Files (x86)\NVIDIA Corporation\3D Vision\nvSCPAPI64.dll
0x000007fe82f90000 - 0x000007fe83160000 	C:\WINDOWS\system32\SETUPAPI.dll
0x000007fe7dab0000 - 0x000007fe7db24000 	C:\WINDOWS\SYSTEM32\dxgi.dll
0x000007fe81050000 - 0x000007fe82338000 	C:\WINDOWS\system32\SHELL32.dll
0x000007fe80680000 - 0x000007fe806cf000 	C:\WINDOWS\system32\CFGMGR32.dll
0x000007fe808b0000 - 0x000007fe808d2000 	C:\WINDOWS\system32\DEVOBJ.dll
0x000007fe83300000 - 0x000007fe83350000 	C:\WINDOWS\system32\SHLWAPI.dll
0x000007fe7ceb0000 - 0x000007fe7d172000 	C:\WINDOWS\SYSTEM32\nvapi64.dll
0x000007fe80520000 - 0x000007fe80575000 	C:\WINDOWS\system32\WINTRUST.dll
0x000007fe806d0000 - 0x000007fe808a7000 	C:\WINDOWS\system32\CRYPT32.dll
0x000007fe80450000 - 0x000007fe80466000 	C:\WINDOWS\system32\MSASN1.dll
0x000007fe7d400000 - 0x000007fe7d41f000 	C:\WINDOWS\SYSTEM32\DXGIDebug.dll
0x000007fe7f550000 - 0x000007fe7f5e6000 	C:\WINDOWS\SYSTEM32\shcore.dll
0x00000000669b0000 - 0x00000000669e4000 	F:\Program Files\Java\Jre7\bin\fontmanager.dll
0x0000000069b30000 - 0x0000000069b49000 	F:\Program Files\Java\Jre7\bin\net.dll
0x000007fe7fbe0000 - 0x000007fe7fc3c000 	C:\WINDOWS\system32\mswsock.dll
0x0000000069b10000 - 0x0000000069b21000 	F:\Program Files\Java\Jre7\bin\nio.dll
0x0000000066960000 - 0x00000000669a1000 	F:\Program Files\Java\Jre7\bin\t2k.dll
0x000007fe82bf0000 - 0x000007fe82c86000 	C:\WINDOWS\SYSTEM32\clbcatq.dll
0x000007fe7df80000 - 0x000007fe7e10a000 	C:\WINDOWS\SYSTEM32\WindowsCodecs.dll
0x000007fe803a0000 - 0x000007fe803b5000 	C:\WINDOWS\SYSTEM32\profapi.dll
0x0000000069ed0000 - 0x0000000069f68000 	C:\Windows\System32\msvcp100.dll
0x000007fe65400000 - 0x000007fe65658000 	C:\opencv\build\x64\vc10\bin\opencv_core243.dll
0x000007fe69210000 - 0x000007fe692a5000 	C:\Users\Jonas\AppData\Local\Temp\javacpp148804849043146\jniopencv_core.dll
0x000007fe5b4e0000 - 0x000007fe5b785000 	C:\opencv\build\x64\vc10\bin\opencv_imgproc243.dll
0x000007fe6e620000 - 0x000007fe6e668000 	C:\Users\Jonas\AppData\Local\Temp\javacpp148804849043146\jniopencv_imgproc.dll
0x000000001c280000 - 0x000000001d00a000 	C:\opencv\build\x64\vc10\bin\opencv_ffmpeg243_64.dll
0x000007fe62160000 - 0x000007fe623ab000 	C:\opencv\build\x64\vc10\bin\opencv_highgui243.dll
0x000007fe77cb0000 - 0x000007fe77cd0000 	C:\WINDOWS\SYSTEM32\AVIFIL32.dll
0x000007fe70210000 - 0x000007fe70239000 	C:\WINDOWS\SYSTEM32\MSVFW32.dll
0x000007fe775f0000 - 0x000007fe77607000 	C:\WINDOWS\SYSTEM32\AVICAP32.dll
0x000007fe677e0000 - 0x000007fe677f9000 	C:\WINDOWS\SYSTEM32\MSACM32.dll
0x000007fe6f940000 - 0x000007fe6f953000 	C:\Users\Jonas\AppData\Local\Temp\javacpp148804849043146\jniopencv_highgui.dll
0x000007fe6f710000 - 0x000007fe6f727000 	C:\Windows\System32\devenum.dll
0x000007fe796e0000 - 0x000007fe7970e000 	C:\WINDOWS\SYSTEM32\ntmarta.dll
0x000007fe794c0000 - 0x000007fe794cd000 	C:\WINDOWS\SYSTEM32\msdmo.dll
0x000007fe6d610000 - 0x000007fe6d63f000 	C:\Windows\System32\qcap.dll
0x000007fe67800000 - 0x000007fe679b8000 	C:\Windows\System32\quartz.dll
0x000007fe6d220000 - 0x000007fe6d25f000 	C:\Windows\System32\ksproxy.ax
0x000007fe6d940000 - 0x000007fe6d947000 	C:\Windows\System32\ksuser.dll
0x000007fe778e0000 - 0x000007fe778ec000 	C:\Windows\System32\vidcap.ax
0x000007fe6d5e0000 - 0x000007fe6d604000 	C:\Windows\System32\kswdmcap.ax
0x000007fe670f0000 - 0x000007fe67244000 	C:\Windows\System32\MFC42.dll
0x000007fe68320000 - 0x000007fe683de000 	C:\Windows\System32\ODBC32.dll
0x000007fe67fa0000 - 0x000007fe68035000 	C:\Windows\System32\qedit.dll
0x000007fe823b0000 - 0x000007fe82451000 	C:\WINDOWS\system32\COMDLG32.dll
0x000007fe83160000 - 0x000007fe83300000 	C:\WINDOWS\WinSxS\amd64_microsoft.windows.gdiplus_6595b64144ccf1df_1.1.9200.16384_none_72771d4ecc1c3a4d\gdiplus.dll
0x000007fe67cd0000 - 0x000007fe67dba000 	C:\WINDOWS\SYSTEM32\DDRAW.dll
0x000007fe7d1b0000 - 0x000007fe7d1b8000 	C:\WINDOWS\SYSTEM32\DCIMAN32.dll
0x000007fe7d2d0000 - 0x000007fe7d339000 	C:\WINDOWS\SYSTEM32\oleacc.dll
0x0000000066930000 - 0x000000006695a000 	F:\Program Files\Java\Jre7\bin\dcpr.dll
0x000007fe6c260000 - 0x000007fe6c3c3000 	C:\WINDOWS\SYSTEM32\dbghelp.dll

VM Arguments:
jvm_args: -Dfile.encoding=Cp1252 
java_command: emcscanner.kth.se.Program
Launcher Type: SUN_STANDARD

Environment Variables:
PATH=C:\Program Files (x86)\NVIDIA Corporation\PhysX\Common;C:\WINDOWS\system32;C:\WINDOWS;C:\WINDOWS\System32\Wbem;C:\WINDOWS\System32\WindowsPowerShell\v1.0\;C:\Program Files (x86)\Microsoft SQL Server\90\Tools\binn\;C:\Program Files (x86)\Autodesk\Backburner\;F:\Program Files\MATLAB\R2012a\runtime\win64;F:\Program Files\MATLAB\R2012a\bin;C:\Program Files\Internet Explorer;C:\Program Files\Perforce;F:\Program Files\Perforce;C:\Program Files\Microsoft\Web Platform Installer\;C:\Program Files (x86)\Microsoft ASP.NET\ASP.NET Web Pages\v1.0\;C:\Program Files (x86)\Windows Kits\8.0\Windows Performance Toolkit\;C:\Program Files\Microsoft SQL Server\110\Tools\Binn\;F:\Program Files\Perforce\Server
USERNAME=Jonas
OS=Windows_NT
PROCESSOR_IDENTIFIER=Intel64 Family 6 Model 42 Stepping 7, GenuineIntel



---------------  S Y S T E M  ---------------

OS: Windows 8 , 64 bit Build 9200 

CPU:total 8 (4 cores per cpu, 2 threads per core) family 6 model 42 stepping 7, cmov, cx8, fxsr, mmx, sse, sse2, sse3, ssse3, sse4.1, sse4.2, popcnt, avx, ht, tsc, tscinvbit

Memory: 4k page, physical 16751668k(10425120k free), swap 33528884k(24686776k free)

vm_info: Java HotSpot(TM) 64-Bit Server VM (23.3-b01) for windows-amd64 JRE (1.7.0_07-b11), built on Sep  7 2012 01:19:25 by "java_re" with unknown MS VC++:1600

time: Wed Jan 23 13:55:38 2013
elapsed time: 72 seconds

