#
# A fatal error has been detected by the Java Runtime Environment:
#
#  EXCEPTION_ACCESS_VIOLATION (0xc0000005) at pc=0x000007ffd0028bc0, pid=8776, tid=9484
#
# JRE version: 7.0_07-b11
# Java VM: Java HotSpot(TM) 64-Bit Server VM (23.3-b01 mixed mode windows-amd64 compressed oops)
# Problematic frame:
# C  [ntdll.dll+0x18bc0]  RtlQueueWorkItem+0x8a0
#
# Failed to write core dump. Minidumps are not enabled by default on client versions of Windows
#
# If you would like to submit a bug report, please visit:
#   http://bugreport.sun.com/bugreport/crash.jsp
# The crash happened outside the Java Virtual Machine in native code.
# See problematic frame for where to report the bug.
#

---------------  T H R E A D  ---------------

Current thread (0x0000000013932000):  JavaThread "threadDisplayCamera" daemon [_thread_in_native, id=9484, stack(0x0000000014110000,0x0000000014210000)]

siginfo: ExceptionCode=0xc0000005, writing address 0x0000000000000024

Registers:
RAX=0x0000000000000000, RBX=0x000000001484e798, RCX=0x00000000fffffffc, RDX=0x0000000000000960
RSP=0x000000001420f2a0, RBP=0x0000000000000000, RSI=0x0000000000000960, RDI=0x0000000000000000
R8 =0xffffffffffffffff, R9 =0x0000000000000004, R10=0x0000000000000000, R11=0x0000000000000246
R12=0x0000000000000000, R13=0x0000000000000000, R14=0x000007f7987d2000, R15=0x0000000000000000
RIP=0x000007ffd0028bc0, EFLAGS=0x0000000000010213

Top of Stack: (sp=0x000000001420f2a0)
0x000000001420f2a0:   0000000000000960 0000000019e539b2
0x000000001420f2b0:   000000001420f2b0 00000006fb7576a1
0x000000001420f2c0:   000000001420f310 00000006fb759bf0
0x000000001420f2d0:   00000006fc597f88 00000006fb7576b8
0x000000001420f2e0:   0000000000000000 000000001420f308
0x000000001420f2f0:   000000001420f358 0000000000000421
0x000000001420f300:   00000007c515ced0 000007ffcd3610ea
0x000000001420f310:   00000006fb8e25a0 000000001420f398
0x000000001420f320:   00001a9394ac6baf 0000000000000000
0x000000001420f330:   0000000000000004 0000000000000001
0x000000001420f340:   000000001b2ff050 00000000ff000000
0x000000001420f350:   0000000000000000 0000000000000000
0x000000001420f360:   000007f7987d2000 000007ffd001f4d4
0x000000001420f370:   0000000000000000 0000000000000000
0x000000001420f380:   000000001484e798 00000000000005a0
0x000000001420f390:   0000000000000000 00000000139321d8 

Instructions: (pc=0x000007ffd0028bc0)
0x000007ffd0028ba0:   43 08 a8 01 0f 85 bd 67 ff ff 8b c8 2b cd f0 0f
0x000007ffd0028bb0:   b1 4b 08 75 ea 48 8b 03 33 ed 48 83 f8 ff 74 03
0x000007ffd0028bc0:   ff 40 24 41 bf 82 03 fe 7f 41 80 3f 00 0f 85 69
0x000007ffd0028bd0:   7a 0e 00 48 83 fe ff 0f 84 bf 7a 0e 00 4c 8b c7 


Register to memory mapping:

RAX=0x0000000000000000 is an unknown value
RBX=0x000000001484e798 is an unknown value
RCX=0x00000000fffffffc is an unknown value
RDX=0x0000000000000960 is an unknown value
RSP=0x000000001420f2a0 is pointing into the stack for thread: 0x0000000013932000
RBP=0x0000000000000000 is an unknown value
RSI=0x0000000000000960 is an unknown value
RDI=0x0000000000000000 is an unknown value
R8 =0xffffffffffffffff is an unknown value
R9 =0x0000000000000004 is an unknown value
R10=0x0000000000000000 is an unknown value
R11=0x0000000000000246 is an unknown value
R12=0x0000000000000000 is an unknown value
R13=0x0000000000000000 is an unknown value
R14=0x000007f7987d2000 is an unknown value
R15=0x0000000000000000 is an unknown value


Stack: [0x0000000014110000,0x0000000014210000],  sp=0x000000001420f2a0,  free space=1020k
Native frames: (J=compiled Java code, j=interpreted, Vv=VM code, C=native code)
C  [ntdll.dll+0x18bc0]  RtlQueueWorkItem+0x8a0

[error occurred during error reporting (printing native stack), id 0xc0000005]

Java frames: (J=compiled Java code, j=interpreted, Vv=VM code)
j  com.googlecode.javacv.cpp.opencv_highgui.cvRetrieveFrame(Lcom/googlecode/javacv/cpp/opencv_highgui$CvCapture;I)Lcom/googlecode/javacv/cpp/opencv_core$IplImage;+0
j  com.googlecode.javacv.cpp.opencv_highgui.cvRetrieveFrame(Lcom/googlecode/javacv/cpp/opencv_highgui$CvCapture;)Lcom/googlecode/javacv/cpp/opencv_core$IplImage;+2
j  com.googlecode.javacv.OpenCVFrameGrabber.grab()Lcom/googlecode/javacv/cpp/opencv_core$IplImage;+4
j  emcscanner.kth.se.CameraPanel$1.run()V+15
v  ~StubRoutines::call_stub

---------------  P R O C E S S  ---------------

Java Threads: ( => current thread )
  0x0000000022a87000 JavaThread "Thread-0" daemon [_thread_in_native, id=3416, stack(0x0000000018440000,0x0000000018540000)]
  0x0000000022a8e000 JavaThread "Thread-2" [_thread_blocked, id=8584, stack(0x0000000018340000,0x0000000018440000)]
  0x0000000022a92000 JavaThread "ICEpdf-pagePainter" daemon [_thread_blocked, id=10212, stack(0x0000000025d40000,0x0000000025e40000)]
  0x0000000022a91000 JavaThread "ICEpdf-pageInitializer" daemon [_thread_blocked, id=9640, stack(0x0000000025b10000,0x0000000025c10000)]
  0x0000000022a8b800 JavaThread "DestroyJavaVM" [_thread_blocked, id=356, stack(0x0000000002550000,0x0000000002650000)]
  0x0000000013930800 JavaThread "TimerQueue" daemon [_thread_blocked, id=8320, stack(0x0000000021e90000,0x0000000021f90000)]
  0x000000001392f000 JavaThread "threadDisplayDensity" daemon [_thread_blocked, id=8284, stack(0x000000001e240000,0x000000001e340000)]
  0x000000001392d800 JavaThread "AWT-EventQueue-0" [_thread_blocked, id=7048, stack(0x000000001e140000,0x000000001e240000)]
  0x000000001392e000 JavaThread "threadDisplay" daemon [_thread_blocked, id=2260, stack(0x000000001e040000,0x000000001e140000)]
  0x000000001392c000 JavaThread "Thread-3" daemon [_thread_blocked, id=4224, stack(0x000000001df40000,0x000000001e040000)]
  0x0000000013930000 JavaThread "AWT-Shutdown" [_thread_blocked, id=528, stack(0x000000001b8f0000,0x000000001b9f0000)]
=>0x0000000013932000 JavaThread "threadDisplayCamera" daemon [_thread_in_native, id=9484, stack(0x0000000014110000,0x0000000014210000)]
  0x0000000013931800 JavaThread "AWT-Windows" daemon [_thread_blocked, id=6692, stack(0x0000000014210000,0x0000000014310000)]
  0x0000000013933000 JavaThread "Java2D Disposer" daemon [_thread_blocked, id=6460, stack(0x0000000014010000,0x0000000014110000)]
  0x0000000011224800 JavaThread "Service Thread" daemon [_thread_blocked, id=692, stack(0x0000000013610000,0x0000000013710000)]
  0x000000001121f800 JavaThread "C2 CompilerThread1" daemon [_thread_blocked, id=6600, stack(0x0000000013510000,0x0000000013610000)]
  0x0000000011219000 JavaThread "C2 CompilerThread0" daemon [_thread_blocked, id=5996, stack(0x0000000013410000,0x0000000013510000)]
  0x0000000011217800 JavaThread "Attach Listener" daemon [_thread_blocked, id=2024, stack(0x0000000013310000,0x0000000013410000)]
  0x000000001120b000 JavaThread "Signal Dispatcher" daemon [_thread_blocked, id=8824, stack(0x0000000013210000,0x0000000013310000)]
  0x00000000111ae800 JavaThread "Finalizer" daemon [_thread_blocked, id=4952, stack(0x0000000013110000,0x0000000013210000)]
  0x00000000111a7000 JavaThread "Reference Handler" daemon [_thread_blocked, id=10188, stack(0x0000000013010000,0x0000000013110000)]

Other Threads:
  0x00000000111a2000 VMThread [stack: 0x0000000012f10000,0x0000000013010000] [id=10068]
  0x0000000011237000 WatcherThread [stack: 0x0000000013710000,0x0000000013810000] [id=9172]

VM state:at safepoint (normal execution)

VM Mutex/Monitor currently owned by a thread:  ([mutex/lock_event])
[0x00000000026bb370] Threads_lock - owner thread: 0x00000000111a2000
[0x00000000026bb470] Heap_lock - owner thread: 0x0000000022a8e000

Heap
 PSYoungGen      total 442560K, used 442542K [0x00000007aacb0000, 0x00000007dd2c0000, 0x0000000800000000)
  eden space 431360K, 100% used [0x00000007aacb0000,0x00000007c51f0000,0x00000007c51f0000)
  from space 11200K, 99% used [0x00000007d92a0000,0x00000007d9d8bab0,0x00000007d9d90000)
  to   space 37632K, 0% used [0x00000007dae00000,0x00000007dae00000,0x00000007dd2c0000)
 ParOldGen       total 184064K, used 181281K [0x0000000700600000, 0x000000070b9c0000, 0x00000007aacb0000)
  object space 184064K, 98% used [0x0000000700600000,0x000000070b7085b8,0x000000070b9c0000)
 PSPermGen       total 21248K, used 18147K [0x00000006fb400000, 0x00000006fc8c0000, 0x0000000700600000)
  object space 21248K, 85% used [0x00000006fb400000,0x00000006fc5b8d70,0x00000006fc8c0000)

Card table byte_map: [0x00000000057c0000,0x0000000005ff0000] byte_map_base: 0x0000000001fe6000

Polling page: 0x0000000000b70000

Code Cache  [0x00000000027c0000, 0x0000000002a30000, 0x00000000057c0000)
 total_blobs=894 nmethods=305 adapters=540 free_code_cache=47803Kb largest_free_block=48907072

Compilation events (10 events):
Event: 22.374 Thread 0x000000001121f800  314             javax.swing.JComponent::getFlag (20 bytes)
Event: 22.374 Thread 0x000000001121f800 nmethod 314 0x00000000028b6410 code [0x00000000028b6540, 0x00000000028b65b8]
Event: 22.759 Thread 0x0000000011219000  315             sun.util.logging.PlatformLogger::isLoggable (9 bytes)
Event: 22.764 Thread 0x0000000011219000 nmethod 315 0x00000000028f2090 code [0x00000000028f2200, 0x00000000028f25b8]
Event: 23.394 Thread 0x000000001121f800  316             java.awt.image.SampleModel::getNumBands (5 bytes)
Event: 23.394 Thread 0x000000001121f800 nmethod 316 0x00000000028b6210 code [0x00000000028b6340, 0x00000000028b6398]
Event: 23.668 Thread 0x0000000011219000  317             sun.awt.AWTAutoShutdown::isReadyToShutdown (35 bytes)
Event: 23.669 Thread 0x0000000011219000 nmethod 317 0x00000000028b5e10 code [0x00000000028b5f60, 0x00000000028b6048]
Event: 24.266 Thread 0x000000001121f800  318  s          sun.java2d.loops.GraphicsPrimitiveMgr::locatePrim (96 bytes)
Event: 24.275 Thread 0x000000001121f800 nmethod 318 0x00000000028aef10 code [0x00000000028af0e0, 0x00000000028afda8]

GC Heap History (10 events):
Event: 14.157 GC heap before
{Heap before GC invocations=9 (full 0):
 PSYoungGen      total 550784K, used 542580K [0x00000007aacb0000, 0x00000007ced50000, 0x0000000800000000)
  eden space 516288K, 99% used [0x00000007aacb0000,0x00000007ca27ddd8,0x00000007ca4e0000)
  from space 34496K, 83% used [0x00000007cc840000,0x00000007ce44f2a0,0x00000007ce9f0000)
  to   space 36224K, 0% used [0x00000007ca4e0000,0x00000007ca4e0000,0x00000007cc840000)
 ParOldGen       total 174528K, used 57488K [0x0000000700600000, 0x000000070b070000, 0x00000007aacb0000)
  object space 174528K, 32% used [0x0000000700600000,0x0000000703e24280,0x000000070b070000)
 PSPermGen       total 21248K, used 18017K [0x00000006fb400000, 0x00000006fc8c0000, 0x0000000700600000)
  object space 21248K, 84% used [0x00000006fb400000,0x00000006fc598520,0x00000006fc8c0000)
Event: 14.165 GC heap after
Heap after GC invocations=9 (full 0):
 PSYoungGen      total 552512K, used 28732K [0x00000007aacb0000, 0x00000007e1c70000, 0x0000000800000000)
  eden space 516288K, 0% used [0x00000007aacb0000,0x00000007aacb0000,0x00000007ca4e0000)
  from space 36224K, 79% used [0x00000007ca4e0000,0x00000007cc0ef2a0,0x00000007cc840000)
  to   space 37376K, 0% used [0x00000007df7f0000,0x00000007df7f0000,0x00000007e1c70000)
 ParOldGen       total 174528K, used 57496K [0x0000000700600000, 0x000000070b070000, 0x00000007aacb0000)
  object space 174528K, 32% used [0x0000000700600000,0x0000000703e26280,0x000000070b070000)
 PSPermGen       total 21248K, used 18017K [0x00000006fb400000, 0x00000006fc8c0000, 0x0000000700600000)
  object space 21248K, 84% used [0x00000006fb400000,0x00000006fc598520,0x00000006fc8c0000)
}
Event: 16.470 GC heap before
{Heap before GC invocations=10 (full 0):
 PSYoungGen      total 552512K, used 539720K [0x00000007aacb0000, 0x00000007e1c70000, 0x0000000800000000)
  eden space 516288K, 98% used [0x00000007aacb0000,0x00000007c9fb2ff8,0x00000007ca4e0000)
  from space 36224K, 79% used [0x00000007ca4e0000,0x00000007cc0ef2a0,0x00000007cc840000)
  to   space 37376K, 0% used [0x00000007df7f0000,0x00000007df7f0000,0x00000007e1c70000)
 ParOldGen       total 174528K, used 57496K [0x0000000700600000, 0x000000070b070000, 0x00000007aacb0000)
  object space 174528K, 32% used [0x0000000700600000,0x0000000703e26280,0x000000070b070000)
 PSPermGen       total 21248K, used 18021K [0x00000006fb400000, 0x00000006fc8c0000, 0x0000000700600000)
  object space 21248K, 84% used [0x00000006fb400000,0x00000006fc5995d8,0x00000006fc8c0000)
Event: 16.473 GC heap after
Heap after GC invocations=10 (full 0):
 PSYoungGen      total 504000K, used 10507K [0x00000007aacb0000, 0x00000007e0240000, 0x0000000800000000)
  eden space 493440K, 0% used [0x00000007aacb0000,0x00000007aacb0000,0x00000007c8e90000)
  from space 10560K, 99% used [0x00000007df7f0000,0x00000007e0232e70,0x00000007e0240000)
  to   space 38016K, 0% used [0x00000007db800000,0x00000007db800000,0x00000007ddd20000)
 ParOldGen       total 174528K, used 57512K [0x0000000700600000, 0x000000070b070000, 0x00000007aacb0000)
  object space 174528K, 32% used [0x0000000700600000,0x0000000703e2a280,0x000000070b070000)
 PSPermGen       total 21248K, used 18021K [0x00000006fb400000, 0x00000006fc8c0000, 0x0000000700600000)
  object space 21248K, 84% used [0x00000006fb400000,0x00000006fc5995d8,0x00000006fc8c0000)
}
Event: 18.671 GC heap before
{Heap before GC invocations=11 (full 0):
 PSYoungGen      total 504000K, used 503551K [0x00000007aacb0000, 0x00000007e0240000, 0x0000000800000000)
  eden space 493440K, 99% used [0x00000007aacb0000,0x00000007c8e2d018,0x00000007c8e90000)
  from space 10560K, 99% used [0x00000007df7f0000,0x00000007e0232e70,0x00000007e0240000)
  to   space 38016K, 0% used [0x00000007db800000,0x00000007db800000,0x00000007ddd20000)
 ParOldGen       total 174528K, used 57512K [0x0000000700600000, 0x000000070b070000, 0x00000007aacb0000)
  object space 174528K, 32% used [0x0000000700600000,0x0000000703e2a280,0x000000070b070000)
 PSPermGen       total 21248K, used 18079K [0x00000006fb400000, 0x00000006fc8c0000, 0x0000000700600000)
  object space 21248K, 85% used [0x00000006fb400000,0x00000006fc5a7d58,0x00000006fc8c0000)
Event: 18.675 GC heap after
Heap after GC invocations=11 (full 0):
 PSYoungGen      total 482304K, used 10603K [0x00000007aacb0000, 0x00000007df800000, 0x0000000800000000)
  eden space 471680K, 0% used [0x00000007aacb0000,0x00000007aacb0000,0x00000007c7950000)
  from space 10624K, 99% used [0x00000007db800000,0x00000007dc25ae70,0x00000007dc260000)
  to   space 38208K, 0% used [0x00000007dd2b0000,0x00000007dd2b0000,0x00000007df800000)
 ParOldGen       total 174528K, used 57536K [0x0000000700600000, 0x000000070b070000, 0x00000007aacb0000)
  object space 174528K, 32% used [0x0000000700600000,0x0000000703e30280,0x000000070b070000)
 PSPermGen       total 21248K, used 18079K [0x00000006fb400000, 0x00000006fc8c0000, 0x0000000700600000)
  object space 21248K, 85% used [0x00000006fb400000,0x00000006fc5a7d58,0x00000006fc8c0000)
}
Event: 20.785 GC heap before
{Heap before GC invocations=12 (full 0):
 PSYoungGen      total 482304K, used 478531K [0x00000007aacb0000, 0x00000007df800000, 0x0000000800000000)
  eden space 471680K, 99% used [0x00000007aacb0000,0x00000007c75a5da8,0x00000007c7950000)
  from space 10624K, 99% used [0x00000007db800000,0x00000007dc25ae70,0x00000007dc260000)
  to   space 38208K, 0% used [0x00000007dd2b0000,0x00000007dd2b0000,0x00000007df800000)
 ParOldGen       total 174528K, used 57536K [0x0000000700600000, 0x000000070b070000, 0x00000007aacb0000)
  object space 174528K, 32% used [0x0000000700600000,0x0000000703e30280,0x000000070b070000)
 PSPermGen       total 21248K, used 18090K [0x00000006fb400000, 0x00000006fc8c0000, 0x0000000700600000)
  object space 21248K, 85% used [0x00000006fb400000,0x00000006fc5aa878,0x00000006fc8c0000)
Event: 20.789 GC heap after
Heap after GC invocations=12 (full 0):
 PSYoungGen      total 461696K, used 10635K [0x00000007aacb0000, 0x00000007ddd20000, 0x0000000800000000)
  eden space 451008K, 0% used [0x00000007aacb0000,0x00000007aacb0000,0x00000007c6520000)
  from space 10688K, 99% used [0x00000007dd2b0000,0x00000007ddd12e70,0x00000007ddd20000)
  to   space 38144K, 0% used [0x00000007d92a0000,0x00000007d92a0000,0x00000007db7e0000)
 ParOldGen       total 174528K, used 57688K [0x0000000700600000, 0x000000070b070000, 0x00000007aacb0000)
  object space 174528K, 33% used [0x0000000700600000,0x0000000703e562d0,0x000000070b070000)
 PSPermGen       total 21248K, used 18090K [0x00000006fb400000, 0x00000006fc8c0000, 0x0000000700600000)
  object space 21248K, 85% used [0x00000006fb400000,0x00000006fc5aa878,0x00000006fc8c0000)
}
Event: 22.167 GC heap before
{Heap before GC invocations=13 (full 0):
 PSYoungGen      total 461696K, used 461419K [0x00000007aacb0000, 0x00000007ddd20000, 0x0000000800000000)
  eden space 451008K, 99% used [0x00000007aacb0000,0x00000007c64e7d98,0x00000007c6520000)
  from space 10688K, 99% used [0x00000007dd2b0000,0x00000007ddd12e70,0x00000007ddd20000)
  to   space 38144K, 0% used [0x00000007d92a0000,0x00000007d92a0000,0x00000007db7e0000)
 ParOldGen       total 174528K, used 63763K [0x0000000700600000, 0x000000070b070000, 0x00000007aacb0000)
  object space 174528K, 36% used [0x0000000700600000,0x0000000704444ee0,0x000000070b070000)
 PSPermGen       total 21248K, used 18102K [0x00000006fb400000, 0x00000006fc8c0000, 0x0000000700600000)
  object space 21248K, 85% used [0x00000006fb400000,0x00000006fc5ad930,0x00000006fc8c0000)
Event: 22.172 GC heap after
Heap after GC invocations=13 (full 0):
 PSYoungGen      total 442560K, used 11182K [0x00000007aacb0000, 0x00000007dd2c0000, 0x0000000800000000)
  eden space 431360K, 0% used [0x00000007aacb0000,0x00000007aacb0000,0x00000007c51f0000)
  from space 11200K, 99% used [0x00000007d92a0000,0x00000007d9d8bab0,0x00000007d9d90000)
  to   space 37632K, 0% used [0x00000007dae00000,0x00000007dae00000,0x00000007dd2c0000)
 ParOldGen       total 174528K, used 63955K [0x0000000700600000, 0x000000070b070000, 0x00000007aacb0000)
  object space 174528K, 36% used [0x0000000700600000,0x0000000704474f50,0x000000070b070000)
 PSPermGen       total 21248K, used 18102K [0x00000006fb400000, 0x00000006fc8c0000, 0x0000000700600000)
  object space 21248K, 85% used [0x00000006fb400000,0x00000006fc5ad930,0x00000006fc8c0000)
}

Deoptimization events (10 events):
Event: 3.405 Thread 0x00000000026be000 Uncommon trap 43 fr.pc 0x0000000002881668
Event: 3.549 Thread 0x00000000026be000 Uncommon trap -122 fr.pc 0x000000000287efc4
Event: 4.089 Thread 0x000000001392d800 Uncommon trap -83 fr.pc 0x0000000002889844
Event: 4.158 Thread 0x0000000022a91000 Uncommon trap -83 fr.pc 0x0000000002888274
Event: 4.208 Thread 0x0000000022a91000 Uncommon trap -83 fr.pc 0x0000000002887ec4
Event: 4.223 Thread 0x0000000022a91000 Uncommon trap -83 fr.pc 0x00000000028bf8e8
Event: 4.293 Thread 0x0000000022a91000 Uncommon trap -83 fr.pc 0x00000000028d7ffc
Event: 4.323 Thread 0x0000000022a91000 Uncommon trap -83 fr.pc 0x00000000028ac118
Event: 4.520 Thread 0x0000000022a92000 Uncommon trap -83 fr.pc 0x00000000028f21fc
Event: 24.316 Thread 0x000000001392d800 Uncommon trap -83 fr.pc 0x00000000028f4c58

Internal exceptions (10 events):
Event: 4.335 Thread 0x0000000022a91000 Threw 0x00000007ab837e38 at C:\jdk7u1_64p\jdk7u7\hotspot\src\share\vm\prims\jvm.cpp:1166
Event: 4.369 Thread 0x0000000022a91000 Threw 0x00000007aba15e58 at C:\jdk7u1_64p\jdk7u7\hotspot\src\share\vm\prims\jvm.cpp:1166
Event: 4.369 Thread 0x0000000022a91000 Threw 0x00000007aba18d78 at C:\jdk7u1_64p\jdk7u7\hotspot\src\share\vm\prims\jvm.cpp:1166
Event: 4.372 Thread 0x0000000022a91000 Threw 0x00000007aba291e0 at C:\jdk7u1_64p\jdk7u7\hotspot\src\share\vm\prims\jvm.cpp:1166
Event: 4.372 Thread 0x0000000022a91000 Threw 0x00000007aba2c100 at C:\jdk7u1_64p\jdk7u7\hotspot\src\share\vm\prims\jvm.cpp:1166
Event: 4.373 Thread 0x0000000022a91000 Threw 0x00000007aba2f2b0 at C:\jdk7u1_64p\jdk7u7\hotspot\src\share\vm\prims\jvm.cpp:1166
Event: 4.373 Thread 0x0000000022a91000 Threw 0x00000007aba321d0 at C:\jdk7u1_64p\jdk7u7\hotspot\src\share\vm\prims\jvm.cpp:1166
Event: 4.508 Thread 0x0000000022a92000 Threw 0x00000007abffef48 at C:\jdk7u1_64p\jdk7u7\hotspot\src\share\vm\prims\jvm.cpp:1166
Event: 4.513 Thread 0x0000000022a92000 Threw 0x00000007ac00fdb8 at C:\jdk7u1_64p\jdk7u7\hotspot\src\share\vm\prims\jvm.cpp:1166
Event: 4.713 Thread 0x0000000022a92000 Threw 0x00000007acab22a0 at C:\jdk7u1_64p\jdk7u7\hotspot\src\share\vm\prims\jvm.cpp:1166

Events (10 events):
Event: 22.376 loading class 0x00000000026cc0a0
Event: 22.376 loading class 0x00000000026cc0a0 done
Event: 24.315 loading class 0x0000000014c88c40
Event: 24.315 loading class 0x0000000014c88c40 done
Event: 24.315 loading class 0x000000001490d140
Event: 24.315 loading class 0x0000000017b4bc50
Event: 24.315 loading class 0x0000000017b4bc50 done
Event: 24.315 loading class 0x000000001490d140 done
Event: 24.316 Thread 0x000000001392d800 DEOPT PACKING pc=0x00000000028f4c58 sp=0x000000001e23d020
Event: 24.316 Thread 0x000000001392d800 DEOPT UNPACKING pc=0x00000000027f9164 sp=0x000000001e23cfc0 mode 2


Dynamic libraries:
0x000007f798e80000 - 0x000007f798eb4000 	F:\Program Files\Java\Jre7\bin\javaw.exe
0x000007ffd0010000 - 0x000007ffd01ce000 	C:\WINDOWS\SYSTEM32\ntdll.dll
0x000007ffcd650000 - 0x000007ffcd786000 	C:\WINDOWS\system32\KERNEL32.DLL
0x000007ffcd360000 - 0x000007ffcd453000 	C:\WINDOWS\system32\KERNELBASE.dll
0x000007ffcdad0000 - 0x000007ffcdbae000 	C:\WINDOWS\system32\ADVAPI32.dll
0x000007ffcf8a0000 - 0x000007ffcf9ec000 	C:\WINDOWS\system32\USER32.dll
0x000007ffca740000 - 0x000007ffca9a9000 	C:\WINDOWS\WinSxS\amd64_microsoft.windows.common-controls_6595b64144ccf1df_6.0.9200.16384_none_418c2a697189c07f\COMCTL32.dll
0x000007ffcd940000 - 0x000007ffcd9e5000 	C:\WINDOWS\system32\msvcrt.dll
0x000007ffcd460000 - 0x000007ffcd4a8000 	C:\WINDOWS\SYSTEM32\sechost.dll
0x000007ffcf760000 - 0x000007ffcf8a0000 	C:\WINDOWS\system32\RPCRT4.dll
0x000007ffcdec0000 - 0x000007ffce000000 	C:\WINDOWS\system32\GDI32.dll
0x000007ffcda90000 - 0x000007ffcdac9000 	C:\WINDOWS\system32\IMM32.DLL
0x000007ffcf9f0000 - 0x000007ffcfb05000 	C:\WINDOWS\system32\MSCTF.dll
0x000007ffccf00000 - 0x000007ffccf08000 	C:\PROGRA~2\NVIDIA~1\3DVISI~1\NVSTIN~1.DLL
0x000007ffcda80000 - 0x000007ffcda87000 	C:\WINDOWS\system32\PSAPI.DLL
0x0000000061700000 - 0x00000000617a3000 	C:\WINDOWS\WinSxS\amd64_microsoft.vc90.crt_1fc8b3b9a1e18e3b_9.0.30729.6871_none_08e717a5a83adddf\MSVCR90.dll
0x000000005f150000 - 0x000000005f221000 	F:\Program Files\Java\Jre7\bin\msvcr100.dll
0x000000005ea30000 - 0x000000005f14f000 	F:\Program Files\Java\Jre7\bin\server\jvm.dll
0x000007ffc53f0000 - 0x000007ffc53f9000 	C:\WINDOWS\SYSTEM32\WSOCK32.dll
0x000007ffca070000 - 0x000007ffca090000 	C:\WINDOWS\SYSTEM32\WINMM.dll
0x000007ffcffb0000 - 0x000007ffd0008000 	C:\WINDOWS\system32\WS2_32.dll
0x000007ffc9f70000 - 0x000007ffc9fa2000 	C:\WINDOWS\SYSTEM32\WINMMBASE.dll
0x000007ffcfb10000 - 0x000007ffcfb19000 	C:\WINDOWS\system32\NSI.dll
0x000000005ea20000 - 0x000000005ea2f000 	F:\Program Files\Java\Jre7\bin\verify.dll
0x000000005e9f0000 - 0x000000005ea18000 	F:\Program Files\Java\Jre7\bin\java.dll
0x000000005e9d0000 - 0x000000005e9e5000 	F:\Program Files\Java\Jre7\bin\zip.dll
0x000000005e7c0000 - 0x000000005e953000 	F:\Program Files\Java\Jre7\bin\awt.dll
0x000007ffcdbb0000 - 0x000007ffcdc73000 	C:\WINDOWS\system32\OLEAUT32.dll
0x000007ffcd790000 - 0x000007ffcd940000 	C:\WINDOWS\system32\combase.dll
0x000007ffc7130000 - 0x000007ffc71cf000 	C:\WINDOWS\system32\apphelp.dll
0x000007ffcbd00000 - 0x000007ffcbde3000 	C:\WINDOWS\system32\uxtheme.dll
0x000007ffc71e0000 - 0x000007ffc7275000 	C:\Program Files\Common Files\microsoft shared\ink\tiptsf.dll
0x000007ffcae20000 - 0x000007ffcae41000 	C:\WINDOWS\SYSTEM32\dwmapi.dll
0x000007ffce000000 - 0x000007ffce17e000 	C:\WINDOWS\system32\ole32.dll
0x000007ffccd70000 - 0x000007ffccd7a000 	C:\WINDOWS\SYSTEM32\CRYPTBASE.dll
0x000007ffcccf0000 - 0x000007ffccd4c000 	C:\WINDOWS\SYSTEM32\bcryptPrimitives.dll
0x000007ffce470000 - 0x000007ffcf758000 	C:\WINDOWS\system32\SHELL32.dll
0x000007ffcff60000 - 0x000007ffcffb0000 	C:\WINDOWS\system32\SHLWAPI.dll
0x000007ffcc0d0000 - 0x000007ffcc166000 	C:\WINDOWS\SYSTEM32\shcore.dll
0x00000000605d0000 - 0x0000000060668000 	C:\Windows\System32\msvcp100.dll
0x000007ffb2c00000 - 0x000007ffb2e58000 	C:\opencv\build\x64\vc10\bin\opencv_core243.dll
0x000007ffb8730000 - 0x000007ffb87c5000 	C:\Users\Jonas\AppData\Local\Temp\javacpp182376067132347\jniopencv_core.dll
0x000007ffb1810000 - 0x000007ffb1ab5000 	C:\opencv\build\x64\vc10\bin\opencv_imgproc243.dll
0x000007ffc6860000 - 0x000007ffc68a8000 	C:\Users\Jonas\AppData\Local\Temp\javacpp182376067132347\jniopencv_imgproc.dll
0x0000000066840000 - 0x00000000675ca000 	C:\opencv\build\x64\vc10\bin\opencv_ffmpeg243_64.dll
0x000007ffb10d0000 - 0x000007ffb131b000 	C:\opencv\build\x64\vc10\bin\opencv_highgui243.dll
0x000007ffc9db0000 - 0x000007ffc9dd0000 	C:\WINDOWS\SYSTEM32\AVIFIL32.dll
0x000007ffc69e0000 - 0x000007ffc6a09000 	C:\WINDOWS\SYSTEM32\MSVFW32.dll
0x000007ffc6a10000 - 0x000007ffc6a27000 	C:\WINDOWS\SYSTEM32\AVICAP32.dll
0x000007ffba340000 - 0x000007ffba359000 	C:\WINDOWS\SYSTEM32\MSACM32.dll
0x000007ffcacb0000 - 0x000007ffcacb9000 	C:\WINDOWS\SYSTEM32\VERSION.dll
0x000007ffc6840000 - 0x000007ffc6853000 	C:\Users\Jonas\AppData\Local\Temp\javacpp182376067132347\jniopencv_highgui.dll
0x000007ffce1b0000 - 0x000007ffce246000 	C:\WINDOWS\SYSTEM32\clbcatq.dll
0x000007ffc6820000 - 0x000007ffc6837000 	C:\Windows\System32\devenum.dll
0x000007ffcdc80000 - 0x000007ffcde50000 	C:\WINDOWS\system32\setupapi.dll
0x000007ffcd020000 - 0x000007ffcd06f000 	C:\WINDOWS\system32\CFGMGR32.dll
0x000007ffccff0000 - 0x000007ffcd012000 	C:\WINDOWS\system32\DEVOBJ.dll
0x000007ffc5fd0000 - 0x000007ffc5ffe000 	C:\WINDOWS\SYSTEM32\ntmarta.dll
0x000007ffcd070000 - 0x000007ffcd0c5000 	C:\WINDOWS\system32\WINTRUST.dll
0x000007ffcd0d0000 - 0x000007ffcd2a7000 	C:\WINDOWS\system32\CRYPT32.dll
0x000007ffccfd0000 - 0x000007ffccfe6000 	C:\WINDOWS\system32\MSASN1.dll
0x000007ffc7800000 - 0x000007ffc780d000 	C:\WINDOWS\SYSTEM32\msdmo.dll
0x000007ffc67d0000 - 0x000007ffc67ff000 	C:\Windows\System32\qcap.dll
0x000007ffb2a40000 - 0x000007ffb2bf8000 	C:\Windows\System32\quartz.dll
0x000007ffc6790000 - 0x000007ffc67cf000 	C:\Windows\System32\ksproxy.ax
0x000007ffba390000 - 0x000007ffba397000 	C:\Windows\System32\ksuser.dll
0x000007ffbbc60000 - 0x000007ffbbe60000 	C:\Windows\System32\d3d9.dll
0x000007ffc7080000 - 0x000007ffc708c000 	C:\Windows\System32\vidcap.ax
0x000007ffc60b0000 - 0x000007ffc60d4000 	C:\Windows\System32\kswdmcap.ax
0x000007ffb0f70000 - 0x000007ffb10c4000 	C:\Windows\System32\MFC42.dll
0x000007ffb6010000 - 0x000007ffb60ce000 	C:\Windows\System32\ODBC32.dll
0x000007ffb7f20000 - 0x000007ffb7fb5000 	C:\Windows\System32\qedit.dll
0x000007ffcfeb0000 - 0x000007ffcff51000 	C:\WINDOWS\system32\COMDLG32.dll
0x000007ffcd4b0000 - 0x000007ffcd650000 	C:\WINDOWS\WinSxS\amd64_microsoft.windows.gdiplus_6595b64144ccf1df_1.1.9200.16384_none_72771d4ecc1c3a4d\gdiplus.dll
0x000007ffb38f0000 - 0x000007ffb39da000 	C:\WINDOWS\SYSTEM32\DDRAW.dll
0x000007ffc7970000 - 0x000007ffc7978000 	C:\WINDOWS\SYSTEM32\DCIMAN32.dll
0x000000005e780000 - 0x000000005e7b4000 	F:\Program Files\Java\Jre7\bin\fontmanager.dll
0x000007ffb4b50000 - 0x000007ffb5cd0000 	C:\WINDOWS\SYSTEM32\nvd3dumx.dll
0x000007ffccdf0000 - 0x000007ffcce33000 	C:\WINDOWS\SYSTEM32\powrprof.dll
0x0000000180000000 - 0x0000000180116000 	C:\Program Files (x86)\NVIDIA Corporation\3D Vision\nvSCPAPI64.dll
0x000007ffca330000 - 0x000007ffca3a4000 	C:\WINDOWS\SYSTEM32\dxgi.dll
0x000007ffc9a40000 - 0x000007ffc9d02000 	C:\WINDOWS\SYSTEM32\nvapi64.dll
0x000007ffc9f50000 - 0x000007ffc9f6f000 	C:\WINDOWS\SYSTEM32\DXGIDebug.dll
0x000000005e9b0000 - 0x000000005e9c9000 	F:\Program Files\Java\Jre7\bin\net.dll
0x000007ffcc760000 - 0x000007ffcc7bc000 	C:\WINDOWS\system32\mswsock.dll
0x000000005e990000 - 0x000000005e9a1000 	F:\Program Files\Java\Jre7\bin\nio.dll
0x000000005e730000 - 0x000000005e771000 	F:\Program Files\Java\Jre7\bin\t2k.dll
0x000007ffca9b0000 - 0x000007ffcab3a000 	C:\WINDOWS\SYSTEM32\WindowsCodecs.dll
0x000007ffccf20000 - 0x000007ffccf35000 	C:\WINDOWS\SYSTEM32\profapi.dll
0x000007ffc8ca0000 - 0x000007ffc8d09000 	C:\WINDOWS\SYSTEM32\oleacc.dll
0x000000005e700000 - 0x000000005e72a000 	F:\Program Files\Java\Jre7\bin\dcpr.dll
0x000007ffb60d0000 - 0x000007ffb6233000 	C:\WINDOWS\SYSTEM32\dbghelp.dll

VM Arguments:
jvm_args: -Dfile.encoding=Cp1252 
java_command: emcscanner.kth.se.Program
Launcher Type: SUN_STANDARD

Environment Variables:
PATH=C:\Program Files (x86)\NVIDIA Corporation\PhysX\Common;C:\WINDOWS\system32;C:\WINDOWS;C:\WINDOWS\System32\Wbem;C:\WINDOWS\System32\WindowsPowerShell\v1.0\;C:\Program Files (x86)\Microsoft SQL Server\90\Tools\binn\;C:\Program Files (x86)\Autodesk\Backburner\;F:\Program Files\MATLAB\R2012a\runtime\win64;F:\Program Files\MATLAB\R2012a\bin;PROGRAMFILES\Internet Explorer;C:\Program Files\Perforce;F:\Program Files\Perforce;C:\Program Files\Microsoft\Web Platform Installer\;C:\Program Files (x86)\Microsoft ASP.NET\ASP.NET Web Pages\v1.0\;C:\Program Files (x86)\Windows Kits\8.0\Windows Performance Toolkit\;C:\Program Files\Microsoft SQL Server\110\Tools\Binn\;F:\Program Files\Perforce\Server
USERNAME=Jonas
OS=Windows_NT
PROCESSOR_IDENTIFIER=Intel64 Family 6 Model 42 Stepping 7, GenuineIntel



---------------  S Y S T E M  ---------------

OS: Windows 8 , 64 bit Build 9200 

CPU:total 8 (4 cores per cpu, 2 threads per core) family 6 model 42 stepping 7, cmov, cx8, fxsr, mmx, sse, sse2, sse3, ssse3, sse4.1, sse4.2, popcnt, avx, ht, tsc, tscinvbit

Memory: 4k page, physical 16751668k(10882776k free), swap 33528884k(24739640k free)

vm_info: Java HotSpot(TM) 64-Bit Server VM (23.3-b01) for windows-amd64 JRE (1.7.0_07-b11), built on Sep  7 2012 01:19:25 by "java_re" with unknown MS VC++:1600

time: Wed Feb 06 19:21:49 2013
elapsed time: 24 seconds

