#
# A fatal error has been detected by the Java Runtime Environment:
#
#  EXCEPTION_ACCESS_VIOLATION (0xc0000005) at pc=0x000000000264063a, pid=5700, tid=1440
#
# JRE version: 7.0_07-b11
# Java VM: Java HotSpot(TM) 64-Bit Server VM (23.3-b01 mixed mode windows-amd64 compressed oops)
# Problematic frame:
# J  com.googlecode.javacv.cpp.opencv_core$IplImage.flipCopyWithGamma(Ljava/nio/ByteBuffer;ILjava/nio/ByteBuffer;IZDZI)V
#
# Failed to write core dump. Minidumps are not enabled by default on client versions of Windows
#
# If you would like to submit a bug report, please visit:
#   http://bugreport.sun.com/bugreport/crash.jsp
#

---------------  T H R E A D  ---------------

Current thread (0x000000001377d000):  JavaThread "threadDisplayCamera" daemon [_thread_in_Java, id=1440, stack(0x000000001a690000,0x000000001a790000)]

siginfo: ExceptionCode=0xc0000005, reading address 0x000000001a488000

Registers:
RAX=0x0000000000000000, RBX=0x00000000005eec00, RCX=0x0000000000000000, RDX=0x000000001a098050
RSP=0x000000001a78f3b0, RBP=0x00000007ab2ed3c0, RSI=0x00000007b6faa048, RDI=0x00000000005eec00
R8 =0x00000000003effb0, R9 =0x00000000003effb1, R10=0x000000000000167f, R11=0x00000000005eec00
R12=0x0000000000000000, R13=0x00000000003effb0, R14=0x00000000000011af, R15=0x000000001377d000
RIP=0x000000000264063a, EFLAGS=0x0000000000010207

Top of Stack: (sp=0x000000001a78f3b0)
0x000000001a78f3b0:   00000007b6faa048 00000000005eec00
0x000000001a78f3c0:   00000000005eec00 0000000000000000
0x000000001a78f3d0:   3ff0000000000000 00000007ab2ed380
0x000000001a78f3e0:   00000007ab2ed3c0 3ff0000000000000
0x000000001a78f3f0:   003eee0000000000 df6ab9ce003eee00
0x000000001a78f400:   00001680df6c65d4 0000000000001680
0x000000001a78f410:   00000007ab2ed3f0 00001680ffffffff
0x000000001a78f420:   00000007ab2ed3c0 00000007ab2ed380
0x000000001a78f430:   00000000f6df5409 0000000000000000
0x000000001a78f440:   00000007b6faa048 00000007ab2ed3c0
0x000000001a78f450:   00000007ab2ed3c0 000000001a78f458
0x000000001a78f460:   000000001a78f518 00000000025561f8
0x000000001a78f470:   0000000000000000 00000006fc427d98
0x000000001a78f480:   00000006fb5556b8 00000000025561f8
0x000000001a78f490:   0000000000000000 0000000000000000
0x000000001a78f4a0:   3ff0000000000000 0000000000000000 

Instructions: (pc=0x000000000264063a)
0x000000000264061a:   10 44 3b c7 0f 8d 26 01 00 00 45 8b c8 41 ff c1
0x000000000264062a:   44 89 4d 18 48 8b 6c 24 70 44 8b 6d 18 4d 63 c0
0x000000000264063a:   42 0f b6 04 02 44 3b eb 0f 8d 32 01 00 00 45 8b
0x000000000264064a:   cd 44 03 c9 41 ff c5 44 89 6d 18 45 3b cb 0f 83 


Register to memory mapping:

RAX=0x0000000000000000 is an unknown value
RBX=0x00000000005eec00 is an unknown value
RCX=0x0000000000000000 is an unknown value
RDX=0x000000001a098050 is an unknown value
RSP=0x000000001a78f3b0 is pointing into the stack for thread: 0x000000001377d000
RBP=0x00000007ab2ed3c0 is an oop
java.nio.HeapByteBuffer 
 - klass: 'java/nio/HeapByteBuffer'
RSI=0x00000007b6faa048 is an oop
[B 
 - klass: {type array byte}
 - length: 6220800
RDI=0x00000000005eec00 is an unknown value
R8 =0x00000000003effb0 is an unknown value
R9 =0x00000000003effb1 is an unknown value
R10=0x000000000000167f is an unknown value
R11=0x00000000005eec00 is an unknown value
R12=0x0000000000000000 is an unknown value
R13=0x00000000003effb0 is an unknown value
R14=0x00000000000011af is an unknown value
R15=0x000000001377d000 is a thread


Stack: [0x000000001a690000,0x000000001a790000],  sp=0x000000001a78f3b0,  free space=1020k
Native frames: (J=compiled Java code, j=interpreted, Vv=VM code, C=native code)
J  com.googlecode.javacv.cpp.opencv_core$IplImage.flipCopyWithGamma(Ljava/nio/ByteBuffer;ILjava/nio/ByteBuffer;IZDZI)V


---------------  P R O C E S S  ---------------

Java Threads: ( => current thread )
  0x0000000020e0d800 JavaThread "ICEpdf-pagePainter" daemon [_thread_blocked, id=6996, stack(0x0000000025b70000,0x0000000025c70000)]
  0x00000000227e3800 JavaThread "ICEpdf-pageInitializer" daemon [_thread_blocked, id=5504, stack(0x0000000025940000,0x0000000025a40000)]
  0x000000000232e000 JavaThread "DestroyJavaVM" [_thread_blocked, id=6920, stack(0x0000000002350000,0x0000000002450000)]
  0x0000000020e15800 JavaThread "D3D Screen Updater" daemon [_thread_blocked, id=7064, stack(0x0000000023650000,0x0000000023750000)]
  0x0000000013a5c800 JavaThread "TimerQueue" daemon [_thread_blocked, id=84, stack(0x0000000021ba0000,0x0000000021ca0000)]
  0x00000000149e8800 JavaThread "threadDisplayDensity" daemon [_thread_blocked, id=5324, stack(0x000000001cf90000,0x000000001d090000)]
  0x00000000148b7800 JavaThread "AWT-EventQueue-0" [_thread_in_native, id=780, stack(0x000000001ce90000,0x000000001cf90000)]
  0x000000001482a000 JavaThread "threadDisplay" daemon [_thread_blocked, id=776, stack(0x000000001cd90000,0x000000001ce90000)]
  0x0000000014928800 JavaThread "AWT-Shutdown" [_thread_blocked, id=1836, stack(0x000000001a790000,0x000000001a890000)]
=>0x000000001377d000 JavaThread "threadDisplayCamera" daemon [_thread_in_Java, id=1440, stack(0x000000001a690000,0x000000001a790000)]
  0x000000001377e000 JavaThread "AWT-Windows" daemon [_thread_in_native, id=5048, stack(0x0000000014060000,0x0000000014160000)]
  0x000000001377c800 JavaThread "Java2D Disposer" daemon [_thread_blocked, id=1420, stack(0x0000000013e60000,0x0000000013f60000)]
  0x0000000011082000 JavaThread "Service Thread" daemon [_thread_blocked, id=2284, stack(0x0000000013460000,0x0000000013560000)]
  0x000000001106f800 JavaThread "C2 CompilerThread1" daemon [_thread_blocked, id=5004, stack(0x0000000013360000,0x0000000013460000)]
  0x0000000011069000 JavaThread "C2 CompilerThread0" daemon [_thread_blocked, id=6180, stack(0x0000000013260000,0x0000000013360000)]
  0x0000000011068000 JavaThread "Attach Listener" daemon [_thread_blocked, id=7672, stack(0x0000000013160000,0x0000000013260000)]
  0x000000001105b000 JavaThread "Signal Dispatcher" daemon [_thread_blocked, id=6400, stack(0x0000000013060000,0x0000000013160000)]
  0x0000000010ffe800 JavaThread "Finalizer" daemon [_thread_blocked, id=5168, stack(0x0000000012f60000,0x0000000013060000)]
  0x0000000010ff7000 JavaThread "Reference Handler" daemon [_thread_blocked, id=4752, stack(0x0000000012e60000,0x0000000012f60000)]

Other Threads:
  0x0000000010ff2000 VMThread [stack: 0x0000000012d60000,0x0000000012e60000] [id=2532]
  0x000000001108c800 WatcherThread [stack: 0x0000000013560000,0x0000000013660000] [id=6364]

VM state:not at safepoint (normal execution)

VM Mutex/Monitor currently owned by a thread: None

Heap
 PSYoungGen      total 283136K, used 205731K [0x00000007aacb0000, 0x00000007c3b10000, 0x0000000800000000)
  eden space 247488K, 83% used [0x00000007aacb0000,0x00000007b7598c58,0x00000007b9e60000)
  from space 35648K, 0% used [0x00000007b9e60000,0x00000007b9e60000,0x00000007bc130000)
  to   space 35072K, 0% used [0x00000007c18d0000,0x00000007c18d0000,0x00000007c3b10000)
 ParOldGen       total 184640K, used 22023K [0x0000000700600000, 0x000000070ba50000, 0x00000007aacb0000)
  object space 184640K, 11% used [0x0000000700600000,0x0000000701b81e40,0x000000070ba50000)
 PSPermGen       total 39872K, used 18141K [0x00000006fb400000, 0x00000006fdaf0000, 0x0000000700600000)
  object space 39872K, 45% used [0x00000006fb400000,0x00000006fc5b7648,0x00000006fdaf0000)

Card table byte_map: [0x0000000005610000,0x0000000005e40000] byte_map_base: 0x0000000001e36000

Polling page: 0x0000000000a20000

Code Cache  [0x0000000002550000, 0x00000000027c0000, 0x0000000005550000)
 total_blobs=854 nmethods=265 adapters=540 free_code_cache=47856Kb largest_free_block=48938880

Compilation events (10 events):
Event: 7.403 Thread 0x000000001106f800  269             sun.java2d.pipe.RenderBuffer::putInt (26 bytes)
Event: 7.404 Thread 0x000000001106f800 nmethod 269 0x0000000002683850 code [0x0000000002683980, 0x0000000002683a18]
Event: 11.155 Thread 0x0000000011069000  270             java.util.concurrent.locks.AbstractOwnableSynchronizer::getExclusiveOwnerThread (5 bytes)
Event: 11.155 Thread 0x0000000011069000 nmethod 270 0x0000000002683650 code [0x0000000002683780, 0x00000000026837f8]
Event: 11.219 Thread 0x000000001106f800  271             java.util.concurrent.locks.ReentrantLock::lock (8 bytes)
Event: 11.219 Thread 0x0000000011069000  272             java.util.concurrent.locks.ReentrantLock$NonfairSync::lock (25 bytes)
Event: 11.220 Thread 0x000000001106f800 nmethod 271 0x0000000002643610 code [0x0000000002643780, 0x00000000026438d0]
Event: 11.221 Thread 0x0000000011069000 nmethod 272 0x00000000026431d0 code [0x0000000002643340, 0x0000000002643470]
Event: 12.020 Thread 0x0000000011069000  273             sun.java2d.StateTrackableDelegate::markDirty (6 bytes)
Event: 12.021 Thread 0x0000000011069000 nmethod 273 0x0000000002642fd0 code [0x0000000002643100, 0x0000000002643158]

GC Heap History (10 events):
Event: 7.803 GC heap before
{Heap before GC invocations=6 (full 1):
 PSYoungGen      total 141824K, used 139125K [0x00000007aacb0000, 0x00000007bf2f0000, 0x0000000800000000)
  eden space 130944K, 98% used [0x00000007aacb0000,0x00000007b2a12188,0x00000007b2c90000)
  from space 10880K, 98% used [0x00000007b2c90000,0x00000007b370b490,0x00000007b3730000)
  to   space 36096K, 0% used [0x00000007bcfb0000,0x00000007bcfb0000,0x00000007bf2f0000)
 ParOldGen       total 393856K, used 390567K [0x0000000700600000, 0x00000007186a0000, 0x00000007aacb0000)
  object space 393856K, 99% used [0x0000000700600000,0x0000000718369c38,0x00000007186a0000)
 PSPermGen       total 21248K, used 18134K [0x00000006fb400000, 0x00000006fc8c0000, 0x0000000700600000)
  object space 21248K, 85% used [0x00000006fb400000,0x00000006fc5b5a30,0x00000006fc8c0000)
Event: 7.863 GC heap after
Heap after GC invocations=6 (full 1):
 PSYoungGen      total 141824K, used 0K [0x00000007aacb0000, 0x00000007bf2f0000, 0x0000000800000000)
  eden space 130944K, 0% used [0x00000007aacb0000,0x00000007aacb0000,0x00000007b2c90000)
  from space 10880K, 0% used [0x00000007b2c90000,0x00000007b2c90000,0x00000007b3730000)
  to   space 36096K, 0% used [0x00000007bcfb0000,0x00000007bcfb0000,0x00000007bf2f0000)
 ParOldGen       total 143424K, used 31794K [0x0000000700600000, 0x0000000709210000, 0x00000007aacb0000)
  object space 143424K, 22% used [0x0000000700600000,0x000000070250cb30,0x0000000709210000)
 PSPermGen       total 36800K, used 18127K [0x00000006fb400000, 0x00000006fd7f0000, 0x0000000700600000)
  object space 36800K, 49% used [0x00000006fb400000,0x00000006fc5b3f38,0x00000006fd7f0000)
}
Event: 9.458 GC heap before
{Heap before GC invocations=7 (full 2):
 PSYoungGen      total 141824K, used 127688K [0x00000007aacb0000, 0x00000007bf2f0000, 0x0000000800000000)
  eden space 130944K, 97% used [0x00000007aacb0000,0x00000007b2962110,0x00000007b2c90000)
  from space 10880K, 0% used [0x00000007b2c90000,0x00000007b2c90000,0x00000007b3730000)
  to   space 36096K, 0% used [0x00000007bcfb0000,0x00000007bcfb0000,0x00000007bf2f0000)
 ParOldGen       total 334144K, used 332128K [0x0000000700600000, 0x0000000714c50000, 0x00000007aacb0000)
  object space 334144K, 99% used [0x0000000700600000,0x0000000714a58260,0x0000000714c50000)
 PSPermGen       total 36800K, used 18129K [0x00000006fb400000, 0x00000006fd7f0000, 0x0000000700600000)
  object space 36800K, 49% used [0x00000006fb400000,0x00000006fc5b4570,0x00000006fd7f0000)
Event: 9.494 GC heap after
Heap after GC invocations=7 (full 2):
 PSYoungGen      total 141824K, used 0K [0x00000007aacb0000, 0x00000007bf2f0000, 0x0000000800000000)
  eden space 130944K, 0% used [0x00000007aacb0000,0x00000007aacb0000,0x00000007b2c90000)
  from space 10880K, 0% used [0x00000007b2c90000,0x00000007b2c90000,0x00000007b3730000)
  to   space 36096K, 0% used [0x00000007bcfb0000,0x00000007bcfb0000,0x00000007bf2f0000)
 ParOldGen       total 168448K, used 31792K [0x0000000700600000, 0x000000070aa80000, 0x00000007aacb0000)
  object space 168448K, 18% used [0x0000000700600000,0x000000070250c240,0x000000070aa80000)
 PSPermGen       total 41088K, used 18129K [0x00000006fb400000, 0x00000006fdc20000, 0x0000000700600000)
  object space 41088K, 44% used [0x00000006fb400000,0x00000006fc5b4570,0x00000006fdc20000)
}
Event: 9.955 GC heap before
{Heap before GC invocations=8 (full 2):
 PSYoungGen      total 141824K, used 127389K [0x00000007aacb0000, 0x00000007bf2f0000, 0x0000000800000000)
  eden space 130944K, 97% used [0x00000007aacb0000,0x00000007b29174b8,0x00000007b2c90000)
  from space 10880K, 0% used [0x00000007b2c90000,0x00000007b2c90000,0x00000007b3730000)
  to   space 36096K, 0% used [0x00000007bcfb0000,0x00000007bcfb0000,0x00000007bf2f0000)
 ParOldGen       total 168448K, used 31792K [0x0000000700600000, 0x000000070aa80000, 0x00000007aacb0000)
  object space 168448K, 18% used [0x0000000700600000,0x000000070250c240,0x000000070aa80000)
 PSPermGen       total 41088K, used 18129K [0x00000006fb400000, 0x00000006fdc20000, 0x0000000700600000)
  object space 41088K, 44% used [0x00000006fb400000,0x00000006fc5b4570,0x00000006fdc20000)
Event: 9.961 GC heap after
Heap after GC invocations=8 (full 2):
 PSYoungGen      total 233152K, used 20759K [0x00000007aacb0000, 0x00000007be400000, 0x0000000800000000)
  eden space 212352K, 0% used [0x00000007aacb0000,0x00000007aacb0000,0x00000007b7c10000)
  from space 20800K, 99% used [0x00000007bcfb0000,0x00000007be3f5ce0,0x00000007be400000)
  to   space 35648K, 0% used [0x00000007b9e60000,0x00000007b9e60000,0x00000007bc130000)
 ParOldGen       total 168448K, used 31792K [0x0000000700600000, 0x000000070aa80000, 0x00000007aacb0000)
  object space 168448K, 18% used [0x0000000700600000,0x000000070250c240,0x000000070aa80000)
 PSPermGen       total 41088K, used 18129K [0x00000006fb400000, 0x00000006fdc20000, 0x0000000700600000)
  object space 41088K, 44% used [0x00000006fb400000,0x00000006fc5b4570,0x00000006fdc20000)
}
Event: 10.722 GC heap before
{Heap before GC invocations=9 (full 2):
 PSYoungGen      total 233152K, used 230198K [0x00000007aacb0000, 0x00000007be400000, 0x0000000800000000)
  eden space 212352K, 98% used [0x00000007aacb0000,0x00000007b7937e88,0x00000007b7c10000)
  from space 20800K, 99% used [0x00000007bcfb0000,0x00000007be3f5ce0,0x00000007be400000)
  to   space 35648K, 0% used [0x00000007b9e60000,0x00000007b9e60000,0x00000007bc130000)
 ParOldGen       total 168448K, used 37867K [0x0000000700600000, 0x000000070aa80000, 0x00000007aacb0000)
  object space 168448K, 22% used [0x0000000700600000,0x0000000702afae50,0x000000070aa80000)
 PSPermGen       total 41088K, used 18130K [0x00000006fb400000, 0x00000006fdc20000, 0x0000000700600000)
  object space 41088K, 44% used [0x00000006fb400000,0x00000006fc5b4848,0x00000006fdc20000)
Event: 10.729 GC heap after
Heap after GC invocations=9 (full 2):
 PSYoungGen      total 283136K, used 20759K [0x00000007aacb0000, 0x00000007c3b10000, 0x0000000800000000)
  eden space 247488K, 0% used [0x00000007aacb0000,0x00000007aacb0000,0x00000007b9e60000)
  from space 35648K, 58% used [0x00000007b9e60000,0x00000007bb2a5ce0,0x00000007bc130000)
  to   space 35072K, 0% used [0x00000007c18d0000,0x00000007c18d0000,0x00000007c3b10000)
 ParOldGen       total 168448K, used 37867K [0x0000000700600000, 0x000000070aa80000, 0x00000007aacb0000)
  object space 168448K, 22% used [0x0000000700600000,0x0000000702afae50,0x000000070aa80000)
 PSPermGen       total 41088K, used 18130K [0x00000006fb400000, 0x00000006fdc20000, 0x0000000700600000)
  object space 41088K, 44% used [0x00000006fb400000,0x00000006fc5b4848,0x00000006fdc20000)
}
Event: 12.655 GC heap before
{Heap before GC invocations=10 (full 3):
 PSYoungGen      total 283136K, used 265942K [0x00000007aacb0000, 0x00000007c3b10000, 0x0000000800000000)
  eden space 247488K, 99% used [0x00000007aacb0000,0x00000007b9c1fb98,0x00000007b9e60000)
  from space 35648K, 58% used [0x00000007b9e60000,0x00000007bb2a5ce0,0x00000007bc130000)
  to   space 35072K, 0% used [0x00000007c18d0000,0x00000007c18d0000,0x00000007c3b10000)
 ParOldGen       total 340096K, used 338201K [0x0000000700600000, 0x0000000715220000, 0x00000007aacb0000)
  object space 340096K, 99% used [0x0000000700600000,0x0000000715046580,0x0000000715220000)
 PSPermGen       total 41088K, used 18140K [0x00000006fb400000, 0x00000006fdc20000, 0x0000000700600000)
  object space 41088K, 44% used [0x00000006fb400000,0x00000006fc5b72d0,0x00000006fdc20000)
Event: 12.700 GC heap after
Heap after GC invocations=10 (full 3):
 PSYoungGen      total 283136K, used 0K [0x00000007aacb0000, 0x00000007c3b10000, 0x0000000800000000)
  eden space 247488K, 0% used [0x00000007aacb0000,0x00000007aacb0000,0x00000007b9e60000)
  from space 35648K, 0% used [0x00000007b9e60000,0x00000007b9e60000,0x00000007bc130000)
  to   space 35072K, 0% used [0x00000007c18d0000,0x00000007c18d0000,0x00000007c3b10000)
 ParOldGen       total 184640K, used 22023K [0x0000000700600000, 0x000000070ba50000, 0x00000007aacb0000)
  object space 184640K, 11% used [0x0000000700600000,0x0000000701b81e40,0x000000070ba50000)
 PSPermGen       total 39872K, used 18140K [0x00000006fb400000, 0x00000006fdaf0000, 0x0000000700600000)
  object space 39872K, 45% used [0x00000006fb400000,0x00000006fc5b72a0,0x00000006fdaf0000)
}

Deoptimization events (10 events):
Event: 3.791 Thread 0x00000000148b7800 Uncommon trap -83 fr.pc 0x0000000002618cc4
Event: 3.860 Thread 0x00000000227e3800 Uncommon trap -83 fr.pc 0x00000000026188b4
Event: 3.908 Thread 0x00000000227e3800 Uncommon trap -83 fr.pc 0x0000000002618504
Event: 3.922 Thread 0x00000000227e3800 Uncommon trap -83 fr.pc 0x000000000264a0e8
Event: 3.985 Thread 0x00000000227e3800 Uncommon trap -83 fr.pc 0x0000000002649008
Event: 4.019 Thread 0x00000000227e3800 Uncommon trap -83 fr.pc 0x0000000002639e18
Event: 4.227 Thread 0x0000000020e0d800 Uncommon trap -83 fr.pc 0x0000000002672e3c
Event: 6.979 Thread 0x00000000148b7800 Uncommon trap -34 fr.pc 0x00000000026877dc
Event: 6.979 Thread 0x00000000148b7800 Uncommon trap -34 fr.pc 0x00000000026877dc
Event: 7.003 Thread 0x00000000148b7800 Uncommon trap -34 fr.pc 0x00000000026877dc

Internal exceptions (10 events):
Event: 4.033 Thread 0x00000000227e3800 Threw 0x00000007ab65dd00 at C:\jdk7u1_64p\jdk7u7\hotspot\src\share\vm\prims\jvm.cpp:1166
Event: 4.069 Thread 0x00000000227e3800 Threw 0x00000007ab83c108 at C:\jdk7u1_64p\jdk7u7\hotspot\src\share\vm\prims\jvm.cpp:1166
Event: 4.069 Thread 0x00000000227e3800 Threw 0x00000007ab83f028 at C:\jdk7u1_64p\jdk7u7\hotspot\src\share\vm\prims\jvm.cpp:1166
Event: 4.072 Thread 0x00000000227e3800 Threw 0x00000007ab84f490 at C:\jdk7u1_64p\jdk7u7\hotspot\src\share\vm\prims\jvm.cpp:1166
Event: 4.072 Thread 0x00000000227e3800 Threw 0x00000007ab8523b0 at C:\jdk7u1_64p\jdk7u7\hotspot\src\share\vm\prims\jvm.cpp:1166
Event: 4.074 Thread 0x00000000227e3800 Threw 0x00000007ab855560 at C:\jdk7u1_64p\jdk7u7\hotspot\src\share\vm\prims\jvm.cpp:1166
Event: 4.074 Thread 0x00000000227e3800 Threw 0x00000007ab858480 at C:\jdk7u1_64p\jdk7u7\hotspot\src\share\vm\prims\jvm.cpp:1166
Event: 4.209 Thread 0x0000000020e0d800 Threw 0x00000007abe37608 at C:\jdk7u1_64p\jdk7u7\hotspot\src\share\vm\prims\jvm.cpp:1166
Event: 4.213 Thread 0x0000000020e0d800 Threw 0x00000007abe47e98 at C:\jdk7u1_64p\jdk7u7\hotspot\src\share\vm\prims\jvm.cpp:1166
Event: 4.413 Thread 0x0000000020e0d800 Threw 0x00000007ac852918 at C:\jdk7u1_64p\jdk7u7\hotspot\src\share\vm\prims\jvm.cpp:1166

Events (10 events):
Event: 11.019 loading class 0x0000000013797190
Event: 11.019 loading class 0x0000000013797190 done
Event: 12.586 loading class 0x0000000014a9d640
Event: 12.586 loading class 0x0000000014a9d640 done
Event: 12.586 loading class 0x000000001459c460
Event: 12.586 loading class 0x0000000021864b50
Event: 12.586 loading class 0x0000000021864b50 done
Event: 12.586 loading class 0x000000001459c460 done
Event: 12.655 Executing VM operation: ParallelGCFailedAllocation
Event: 12.700 Executing VM operation: ParallelGCFailedAllocation done


Dynamic libraries:
0x000007f798e80000 - 0x000007f798eb4000 	F:\Program Files\Java\Jre7\bin\javaw.exe
0x000007ffd0010000 - 0x000007ffd01ce000 	C:\WINDOWS\SYSTEM32\ntdll.dll
0x000007ffcd650000 - 0x000007ffcd786000 	C:\WINDOWS\system32\KERNEL32.DLL
0x000007ffcd360000 - 0x000007ffcd453000 	C:\WINDOWS\system32\KERNELBASE.dll
0x000007ffcdad0000 - 0x000007ffcdbae000 	C:\WINDOWS\system32\ADVAPI32.dll
0x000007ffcf8a0000 - 0x000007ffcf9ec000 	C:\WINDOWS\system32\USER32.dll
0x000007ffca740000 - 0x000007ffca9a9000 	C:\WINDOWS\WinSxS\amd64_microsoft.windows.common-controls_6595b64144ccf1df_6.0.9200.16384_none_418c2a697189c07f\COMCTL32.dll
0x000007ffcd940000 - 0x000007ffcd9e5000 	C:\WINDOWS\system32\msvcrt.dll
0x000007ffcd460000 - 0x000007ffcd4a8000 	C:\WINDOWS\SYSTEM32\sechost.dll
0x000007ffcf760000 - 0x000007ffcf8a0000 	C:\WINDOWS\system32\RPCRT4.dll
0x000007ffcdec0000 - 0x000007ffce000000 	C:\WINDOWS\system32\GDI32.dll
0x000007ffcda90000 - 0x000007ffcdac9000 	C:\WINDOWS\system32\IMM32.DLL
0x000007ffcf9f0000 - 0x000007ffcfb05000 	C:\WINDOWS\system32\MSCTF.dll
0x000007ffccf00000 - 0x000007ffccf08000 	C:\PROGRA~2\NVIDIA~1\3DVISI~1\NVSTIN~1.DLL
0x000007ffcda80000 - 0x000007ffcda87000 	C:\WINDOWS\system32\PSAPI.DLL
0x0000000061700000 - 0x00000000617a3000 	C:\WINDOWS\WinSxS\amd64_microsoft.vc90.crt_1fc8b3b9a1e18e3b_9.0.30729.6871_none_08e717a5a83adddf\MSVCR90.dll
0x000000005f150000 - 0x000000005f221000 	F:\Program Files\Java\Jre7\bin\msvcr100.dll
0x000000005ea30000 - 0x000000005f14f000 	F:\Program Files\Java\Jre7\bin\server\jvm.dll
0x000007ffc53f0000 - 0x000007ffc53f9000 	C:\WINDOWS\SYSTEM32\WSOCK32.dll
0x000007ffca070000 - 0x000007ffca090000 	C:\WINDOWS\SYSTEM32\WINMM.dll
0x000007ffcffb0000 - 0x000007ffd0008000 	C:\WINDOWS\system32\WS2_32.dll
0x000007ffc9f70000 - 0x000007ffc9fa2000 	C:\WINDOWS\SYSTEM32\WINMMBASE.dll
0x000007ffcfb10000 - 0x000007ffcfb19000 	C:\WINDOWS\system32\NSI.dll
0x000000005ea20000 - 0x000000005ea2f000 	F:\Program Files\Java\Jre7\bin\verify.dll
0x000000005e9f0000 - 0x000000005ea18000 	F:\Program Files\Java\Jre7\bin\java.dll
0x000000005e9d0000 - 0x000000005e9e5000 	F:\Program Files\Java\Jre7\bin\zip.dll
0x000000005e7c0000 - 0x000000005e953000 	F:\Program Files\Java\Jre7\bin\awt.dll
0x000007ffcdbb0000 - 0x000007ffcdc73000 	C:\WINDOWS\system32\OLEAUT32.dll
0x000007ffcd790000 - 0x000007ffcd940000 	C:\WINDOWS\system32\combase.dll
0x000007ffc7130000 - 0x000007ffc71cf000 	C:\WINDOWS\system32\apphelp.dll
0x000007ffcbd00000 - 0x000007ffcbde3000 	C:\WINDOWS\system32\uxtheme.dll
0x000007ffc71e0000 - 0x000007ffc7275000 	C:\Program Files\Common Files\microsoft shared\ink\tiptsf.dll
0x000007ffcae20000 - 0x000007ffcae41000 	C:\WINDOWS\SYSTEM32\dwmapi.dll
0x000007ffce000000 - 0x000007ffce17e000 	C:\WINDOWS\system32\ole32.dll
0x000007ffccd70000 - 0x000007ffccd7a000 	C:\WINDOWS\SYSTEM32\CRYPTBASE.dll
0x000007ffcccf0000 - 0x000007ffccd4c000 	C:\WINDOWS\SYSTEM32\bcryptPrimitives.dll
0x000007ffce470000 - 0x000007ffcf758000 	C:\WINDOWS\system32\SHELL32.dll
0x000007ffcff60000 - 0x000007ffcffb0000 	C:\WINDOWS\system32\SHLWAPI.dll
0x000007ffcc0d0000 - 0x000007ffcc166000 	C:\WINDOWS\SYSTEM32\shcore.dll
0x00000000605d0000 - 0x0000000060668000 	C:\Windows\System32\msvcp100.dll
0x000007ffb3cc0000 - 0x000007ffb3f18000 	C:\opencv\build\x64\vc10\bin\opencv_core243.dll
0x000007ffb7f20000 - 0x000007ffb7fb5000 	C:\Users\Jonas\AppData\Local\Temp\javacpp16995348497424\jniopencv_core.dll
0x000007ffb3020000 - 0x000007ffb32c5000 	C:\opencv\build\x64\vc10\bin\opencv_imgproc243.dll
0x000007ffb9bd0000 - 0x000007ffb9c18000 	C:\Users\Jonas\AppData\Local\Temp\javacpp16995348497424\jniopencv_imgproc.dll
0x0000000066840000 - 0x00000000675ca000 	C:\opencv\build\x64\vc10\bin\opencv_ffmpeg243_64.dll
0x000007ffb2a90000 - 0x000007ffb2cdb000 	C:\opencv\build\x64\vc10\bin\opencv_highgui243.dll
0x000007ffb8a30000 - 0x000007ffb8a50000 	C:\WINDOWS\SYSTEM32\AVIFIL32.dll
0x000007ffc69e0000 - 0x000007ffc6a09000 	C:\WINDOWS\SYSTEM32\MSVFW32.dll
0x000007ffc6a10000 - 0x000007ffc6a27000 	C:\WINDOWS\SYSTEM32\AVICAP32.dll
0x000007ffba340000 - 0x000007ffba359000 	C:\WINDOWS\SYSTEM32\MSACM32.dll
0x000007ffcacb0000 - 0x000007ffcacb9000 	C:\WINDOWS\SYSTEM32\VERSION.dll
0x000007ffb8a10000 - 0x000007ffb8a23000 	C:\Users\Jonas\AppData\Local\Temp\javacpp16995348497424\jniopencv_highgui.dll
0x000007ffce1b0000 - 0x000007ffce246000 	C:\WINDOWS\SYSTEM32\clbcatq.dll
0x000007ffb89d0000 - 0x000007ffb89e7000 	C:\Windows\System32\devenum.dll
0x000007ffcdc80000 - 0x000007ffcde50000 	C:\WINDOWS\system32\setupapi.dll
0x000007ffcd020000 - 0x000007ffcd06f000 	C:\WINDOWS\system32\CFGMGR32.dll
0x000007ffccff0000 - 0x000007ffcd012000 	C:\WINDOWS\system32\DEVOBJ.dll
0x000007ffc5fd0000 - 0x000007ffc5ffe000 	C:\WINDOWS\SYSTEM32\ntmarta.dll
0x000007ffcd070000 - 0x000007ffcd0c5000 	C:\WINDOWS\system32\WINTRUST.dll
0x000007ffcd0d0000 - 0x000007ffcd2a7000 	C:\WINDOWS\system32\CRYPT32.dll
0x000007ffccfd0000 - 0x000007ffccfe6000 	C:\WINDOWS\system32\MSASN1.dll
0x000007ffc9d80000 - 0x000007ffc9d8d000 	C:\WINDOWS\SYSTEM32\msdmo.dll
0x000007ffb62c0000 - 0x000007ffb62ef000 	C:\Windows\System32\qcap.dll
0x000007ffb3360000 - 0x000007ffb3518000 	C:\Windows\System32\quartz.dll
0x000007ffb6280000 - 0x000007ffb62bf000 	C:\Windows\System32\ksproxy.ax
0x000007ffba390000 - 0x000007ffba397000 	C:\Windows\System32\ksuser.dll
0x000007ffbbc60000 - 0x000007ffbbe60000 	C:\Windows\System32\d3d9.dll
0x000007ffc92d0000 - 0x000007ffc92dc000 	C:\Windows\System32\vidcap.ax
0x000007ffb6250000 - 0x000007ffb6274000 	C:\Windows\System32\kswdmcap.ax
0x000007ffb2ec0000 - 0x000007ffb3014000 	C:\Windows\System32\MFC42.dll
0x000007ffb3c00000 - 0x000007ffb3cbe000 	C:\Windows\System32\ODBC32.dll
0x000007ffb3690000 - 0x000007ffb3725000 	C:\Windows\System32\qedit.dll
0x000007ffcfeb0000 - 0x000007ffcff51000 	C:\WINDOWS\system32\COMDLG32.dll
0x000007ffcd4b0000 - 0x000007ffcd650000 	C:\WINDOWS\WinSxS\amd64_microsoft.windows.gdiplus_6595b64144ccf1df_1.1.9200.16384_none_72771d4ecc1c3a4d\gdiplus.dll
0x000007ffb38f0000 - 0x000007ffb39da000 	C:\WINDOWS\SYSTEM32\DDRAW.dll
0x000007ffc7970000 - 0x000007ffc7978000 	C:\WINDOWS\SYSTEM32\DCIMAN32.dll
0x000000005e780000 - 0x000000005e7b4000 	F:\Program Files\Java\Jre7\bin\fontmanager.dll
0x000007ffb4b50000 - 0x000007ffb5cd0000 	C:\WINDOWS\SYSTEM32\nvd3dumx.dll
0x000007ffccdf0000 - 0x000007ffcce33000 	C:\WINDOWS\SYSTEM32\powrprof.dll
0x0000000180000000 - 0x0000000180116000 	C:\Program Files (x86)\NVIDIA Corporation\3D Vision\nvSCPAPI64.dll
0x000007ffca330000 - 0x000007ffca3a4000 	C:\WINDOWS\SYSTEM32\dxgi.dll
0x000007ffc9a40000 - 0x000007ffc9d02000 	C:\WINDOWS\SYSTEM32\nvapi64.dll
0x000007ffc9f50000 - 0x000007ffc9f6f000 	C:\WINDOWS\SYSTEM32\DXGIDebug.dll
0x000000005e9b0000 - 0x000000005e9c9000 	F:\Program Files\Java\Jre7\bin\net.dll
0x000007ffcc760000 - 0x000007ffcc7bc000 	C:\WINDOWS\system32\mswsock.dll
0x000000005e990000 - 0x000000005e9a1000 	F:\Program Files\Java\Jre7\bin\nio.dll
0x000000005e730000 - 0x000000005e771000 	F:\Program Files\Java\Jre7\bin\t2k.dll
0x000007ffca9b0000 - 0x000007ffcab3a000 	C:\WINDOWS\SYSTEM32\WindowsCodecs.dll
0x000007ffccf20000 - 0x000007ffccf35000 	C:\WINDOWS\SYSTEM32\profapi.dll
0x000007ffc8ca0000 - 0x000007ffc8d09000 	C:\WINDOWS\SYSTEM32\oleacc.dll
0x000000005e700000 - 0x000000005e72a000 	F:\Program Files\Java\Jre7\bin\dcpr.dll

VM Arguments:
jvm_args: -Dfile.encoding=Cp1252 
java_command: emcscanner.kth.se.Program
Launcher Type: SUN_STANDARD

Environment Variables:
PATH=C:\Program Files (x86)\NVIDIA Corporation\PhysX\Common;C:\WINDOWS\system32;C:\WINDOWS;C:\WINDOWS\System32\Wbem;C:\WINDOWS\System32\WindowsPowerShell\v1.0\;C:\Program Files (x86)\Microsoft SQL Server\90\Tools\binn\;C:\Program Files (x86)\Autodesk\Backburner\;F:\Program Files\MATLAB\R2012a\runtime\win64;F:\Program Files\MATLAB\R2012a\bin;C:\Program Files\Internet Explorer;C:\Program Files\Perforce;F:\Program Files\Perforce;C:\Program Files\Microsoft\Web Platform Installer\;C:\Program Files (x86)\Microsoft ASP.NET\ASP.NET Web Pages\v1.0\;C:\Program Files (x86)\Windows Kits\8.0\Windows Performance Toolkit\;C:\Program Files\Microsoft SQL Server\110\Tools\Binn\;F:\Program Files\Perforce\Server
USERNAME=Jonas
OS=Windows_NT
PROCESSOR_IDENTIFIER=Intel64 Family 6 Model 42 Stepping 7, GenuineIntel



---------------  S Y S T E M  ---------------

OS: Windows 8 , 64 bit Build 9200 

CPU:total 8 (4 cores per cpu, 2 threads per core) family 6 model 42 stepping 7, cmov, cx8, fxsr, mmx, sse, sse2, sse3, ssse3, sse4.1, sse4.2, popcnt, avx, ht, tsc, tscinvbit

Memory: 4k page, physical 16751668k(12438056k free), swap 33528884k(27428552k free)

vm_info: Java HotSpot(TM) 64-Bit Server VM (23.3-b01) for windows-amd64 JRE (1.7.0_07-b11), built on Sep  7 2012 01:19:25 by "java_re" with unknown MS VC++:1600

time: Mon Feb 04 21:25:14 2013
elapsed time: 13 seconds

