#
# A fatal error has been detected by the Java Runtime Environment:
#
#  EXCEPTION_ACCESS_VIOLATION (0xc0000005) at pc=0x00000000538dc1e0, pid=7204, tid=6096
#
# JRE version: 7.0_07-b11
# Java VM: Java HotSpot(TM) 64-Bit Server VM (23.3-b01 mixed mode windows-amd64 compressed oops)
# Problematic frame:
# C  [msvcr100.dll+0x3c1e0]  memcpy+0x250
#
# Failed to write core dump. Minidumps are not enabled by default on client versions of Windows
#
# If you would like to submit a bug report, please visit:
#   http://bugreport.sun.com/bugreport/crash.jsp
# The crash happened outside the Java Virtual Machine in native code.
# See problematic frame for where to report the bug.
#

---------------  T H R E A D  ---------------

Current thread (0x00000000137ae800):  JavaThread "threadDisplay" daemon [_thread_in_native, id=6096, stack(0x000000001a510000,0x000000001a610000)]

siginfo: ExceptionCode=0xc0000005, reading address 0x0000000017a12ff8

Registers:
RAX=0x06000c06000c0600, RBX=0x000000001a45b650, RCX=0x000000001a45b690, RDX=0xfffffffffd5b7970
RSP=0x000000001a60eec8, RBP=0x000000000000007c, RSI=0x0000000000001680, RDI=0x0000000017a12fc0
R8 =0x0000000000001680, R9 =0x0000000000000002, R10=0x0902000902000902, R11=0x000000001a45b650
R12=0xffffffffffffe980, R13=0x0000000019f1b050, R14=0x000000001a60f0c0, R15=0x00000000137ae800
RIP=0x00000000538dc1e0, EFLAGS=0x0000000000010202

Top of Stack: (sp=0x000000001a60eec8)
0x000000001a60eec8:   000007fedaeff82e 0000000000000000
0x000000001a60eed8:   0000078000000000 000000001a60f0c0
0x000000001a60eee8:   00000000137ae9d8 00000000137ae9d8
0x000000001a60eef8:   000007fedaf00f9b 000007fedb10c600
0x000000001a60ef08:   0000000000000000 0000000000000000
0x000000001a60ef18:   000007fedb10c680 0000000000000438
0x000000001a60ef28:   0000000002526300 000000001a60ef01
0x000000001a60ef38:   00000000025263d3 00000006fb993110
0x000000001a60ef48:   0000000000000000 00000000137ae9d8
0x000000001a60ef58:   000007fedaf01f43 0000000000000000
0x000000001a60ef68:   000000001a60efb0 000007fedb10c680
0x000000001a60ef78:   00000000138bda20 00000006fb959b01
0x000000001a60ef88:   000000001a60ef88 00000000137ae9d8
0x000000001a60ef98:   000007fedaee1129 00000006fb90b228
0x000000001a60efa8:   0000000000000000 000000001a60f098
0x000000001a60efb8:   0000000000000000 000000001a60eff0 

Instructions: (pc=0x00000000538dc1e0)
0x00000000538dc1c0:   c3 66 66 66 66 66 66 66 0f 1f 84 00 00 00 00 00
0x00000000538dc1d0:   66 66 66 90 66 66 90 49 81 f9 00 20 00 00 73 42
0x00000000538dc1e0:   48 8b 44 0a f8 4c 8b 54 0a f0 48 83 e9 20 48 89
0x00000000538dc1f0:   41 18 4c 89 51 10 48 8b 44 0a 08 4c 8b 14 0a 49 


Register to memory mapping:

RAX=0x06000c06000c0600 is an unknown value
RBX=0x000000001a45b650 is an unknown value
RCX=0x000000001a45b690 is an unknown value
RDX=0xfffffffffd5b7970 is an unknown value
RSP=0x000000001a60eec8 is pointing into the stack for thread: 0x00000000137ae800
RBP=0x000000000000007c is an unknown value
RSI=0x0000000000001680 is an unknown value
RDI=0x0000000017a12fc0 is an unknown value
R8 =0x0000000000001680 is an unknown value
R9 =0x0000000000000002 is an unknown value
R10=0x0902000902000902 is an unknown value
R11=0x000000001a45b650 is an unknown value
R12=0xffffffffffffe980 is an unknown value
R13=0x0000000019f1b050 is an unknown value
R14=0x000000001a60f0c0 is pointing into the stack for thread: 0x00000000137ae800
R15=0x00000000137ae800 is a thread


Stack: [0x000000001a510000,0x000000001a610000],  sp=0x000000001a60eec8,  free space=1019k
Native frames: (J=compiled Java code, j=interpreted, Vv=VM code, C=native code)
C  [msvcr100.dll+0x3c1e0]  memcpy+0x250

Java frames: (J=compiled Java code, j=interpreted, Vv=VM code)
j  com.googlecode.javacv.cpp.opencv_highgui.cvRetrieveFrame(Lcom/googlecode/javacv/cpp/opencv_highgui$CvCapture;I)Lcom/googlecode/javacv/cpp/opencv_core$IplImage;+0
j  com.googlecode.javacv.cpp.opencv_highgui.cvRetrieveFrame(Lcom/googlecode/javacv/cpp/opencv_highgui$CvCapture;)Lcom/googlecode/javacv/cpp/opencv_core$IplImage;+2
j  com.googlecode.javacv.OpenCVFrameGrabber.grab()Lcom/googlecode/javacv/cpp/opencv_core$IplImage;+4
j  emcscanner.kth.se.CameraPanel$1.run()V+7
v  ~StubRoutines::call_stub

---------------  P R O C E S S  ---------------

Java Threads: ( => current thread )
  0x000000001d06a800 JavaThread "ICEpdf-pagePainter" daemon [_thread_blocked, id=6784, stack(0x00000000247d0000,0x00000000248d0000)]
  0x0000000015ecf800 JavaThread "ICEpdf-pageInitializer" daemon [_thread_blocked, id=7272, stack(0x0000000021b90000,0x0000000021c90000)]
  0x00000000022ce000 JavaThread "DestroyJavaVM" [_thread_blocked, id=840, stack(0x0000000002320000,0x0000000002420000)]
  0x0000000015f33000 JavaThread "D3D Screen Updater" daemon [_thread_blocked, id=8108, stack(0x000000001eb90000,0x000000001ec90000)]
  0x0000000015b80000 JavaThread "TimerQueue" daemon [_thread_blocked, id=1012, stack(0x000000001fec0000,0x000000001ffc0000)]
  0x0000000015f4b000 JavaThread "AWT-EventQueue-0" [_thread_in_native, id=4736, stack(0x0000000021990000,0x0000000021a90000)]
  0x0000000015e60800 JavaThread "threadDisplay" daemon [_thread_in_native, id=4180, stack(0x000000001cd80000,0x000000001ce80000)]
  0x0000000015d84800 JavaThread "Image Fetcher 0" daemon [_thread_blocked, id=5724, stack(0x000000001cc80000,0x000000001cd80000)]
  0x0000000013923800 JavaThread "AWT-Shutdown" [_thread_blocked, id=4968, stack(0x000000001a610000,0x000000001a710000)]
=>0x00000000137ae800 JavaThread "threadDisplay" daemon [_thread_in_native, id=6096, stack(0x000000001a510000,0x000000001a610000)]
  0x00000000137af000 JavaThread "AWT-Windows" daemon [_thread_in_native, id=6896, stack(0x0000000014020000,0x0000000014120000)]
  0x00000000137ad800 JavaThread "Java2D Disposer" daemon [_thread_blocked, id=8008, stack(0x0000000013e20000,0x0000000013f20000)]
  0x000000001104d000 JavaThread "Service Thread" daemon [_thread_blocked, id=6996, stack(0x0000000013420000,0x0000000013520000)]
  0x000000001103e800 JavaThread "C2 CompilerThread1" daemon [_thread_blocked, id=4936, stack(0x0000000013320000,0x0000000013420000)]
  0x000000001103d000 JavaThread "C2 CompilerThread0" daemon [_thread_blocked, id=5272, stack(0x0000000013220000,0x0000000013320000)]
  0x0000000011038000 JavaThread "Attach Listener" daemon [_thread_blocked, id=6936, stack(0x0000000013120000,0x0000000013220000)]
  0x000000001102b000 JavaThread "Signal Dispatcher" daemon [_thread_blocked, id=7816, stack(0x0000000013020000,0x0000000013120000)]
  0x0000000010fcf000 JavaThread "Finalizer" daemon [_thread_blocked, id=84, stack(0x0000000012f20000,0x0000000013020000)]
  0x0000000010fc8000 JavaThread "Reference Handler" daemon [_thread_blocked, id=1944, stack(0x0000000012e20000,0x0000000012f20000)]

Other Threads:
  0x0000000010fc2800 VMThread [stack: 0x0000000012d20000,0x0000000012e20000] [id=1040]
  0x0000000011068800 WatcherThread [stack: 0x0000000013520000,0x0000000013620000] [id=7252]

VM state:not at safepoint (normal execution)

VM Mutex/Monitor currently owned by a thread: None

Heap
 PSYoungGen      total 76352K, used 63955K [0x00000007aacb0000, 0x00000007b01e0000, 0x0000000800000000)
  eden space 65472K, 81% used [0x00000007aacb0000,0x00000007ae08a868,0x00000007aeca0000)
  from space 10880K, 99% used [0x00000007aeca0000,0x00000007af73a460,0x00000007af740000)
  to   space 10880K, 0% used [0x00000007af740000,0x00000007af740000,0x00000007b01e0000)
 ParOldGen       total 174528K, used 14545K [0x0000000700600000, 0x000000070b070000, 0x00000007aacb0000)
  object space 174528K, 8% used [0x0000000700600000,0x0000000701434750,0x000000070b070000)
 PSPermGen       total 21248K, used 17847K [0x00000006fb400000, 0x00000006fc8c0000, 0x0000000700600000)
  object space 21248K, 83% used [0x00000006fb400000,0x00000006fc56dd68,0x00000006fc8c0000)

Card table byte_map: [0x00000000055e0000,0x0000000005e10000] byte_map_base: 0x0000000001e06000

Polling page: 0x0000000000a90000

Code Cache  [0x0000000002520000, 0x0000000002790000, 0x0000000005520000)
 total_blobs=839 nmethods=255 adapters=535 free_code_cache=47815Kb largest_free_block=48937472

Compilation events (10 events):
Event: 4.871 Thread 0x000000001103d000  250             java.util.concurrent.locks.AbstractQueuedSynchronizer::compareAndSetState (13 bytes)
Event: 4.872 Thread 0x000000001103d000 nmethod 250 0x000000000265ce10 code [0x000000000265cf40, 0x000000000265cfb8]
Event: 4.887 Thread 0x000000001103e800  251             java.util.concurrent.locks.AbstractQueuedSynchronizer::release (33 bytes)
Event: 4.887 Thread 0x000000001103d000  252             java.util.concurrent.locks.ReentrantLock$Sync::tryRelease (45 bytes)
Event: 4.888 Thread 0x000000001103d000 nmethod 252 0x00000000025b7d10 code [0x00000000025b7e40, 0x00000000025b7ef8]
Event: 4.889 Thread 0x000000001103e800 nmethod 251 0x00000000025b7850 code [0x00000000025b79a0, 0x00000000025b7ba8]
Event: 5.016 Thread 0x000000001103d000  253             java.util.concurrent.locks.ReentrantLock::unlock (10 bytes)
Event: 5.018 Thread 0x000000001103d000 nmethod 253 0x00000000025b7310 code [0x00000000025b7460, 0x00000000025b7608]
Event: 5.047 Thread 0x000000001103e800  254             java.awt.Component::checkTreeLock (21 bytes)
Event: 5.048 Thread 0x000000001103e800 nmethod 254 0x0000000002656650 code [0x00000000026567a0, 0x0000000002656848]

GC Heap History (2 events):
Event: 3.883 GC heap before
{Heap before GC invocations=1 (full 0):
 PSYoungGen      total 76352K, used 62732K [0x00000007aacb0000, 0x00000007b01e0000, 0x0000000800000000)
  eden space 65472K, 95% used [0x00000007aacb0000,0x00000007ae9f30d8,0x00000007aeca0000)
  from space 10880K, 0% used [0x00000007af740000,0x00000007af740000,0x00000007b01e0000)
  to   space 10880K, 0% used [0x00000007aeca0000,0x00000007aeca0000,0x00000007af740000)
 ParOldGen       total 174528K, used 0K [0x0000000700600000, 0x000000070b070000, 0x00000007aacb0000)
  object space 174528K, 0% used [0x0000000700600000,0x0000000700600000,0x000000070b070000)
 PSPermGen       total 21248K, used 16741K [0x00000006fb400000, 0x00000006fc8c0000, 0x0000000700600000)
  object space 21248K, 78% used [0x00000006fb400000,0x00000006fc459568,0x00000006fc8c0000)
Event: 3.894 GC heap after
Heap after GC invocations=1 (full 0):
 PSYoungGen      total 76352K, used 10857K [0x00000007aacb0000, 0x00000007b01e0000, 0x0000000800000000)
  eden space 65472K, 0% used [0x00000007aacb0000,0x00000007aacb0000,0x00000007aeca0000)
  from space 10880K, 99% used [0x00000007aeca0000,0x00000007af73a460,0x00000007af740000)
  to   space 10880K, 0% used [0x00000007af740000,0x00000007af740000,0x00000007b01e0000)
 ParOldGen       total 174528K, used 14545K [0x0000000700600000, 0x000000070b070000, 0x00000007aacb0000)
  object space 174528K, 8% used [0x0000000700600000,0x0000000701434750,0x000000070b070000)
 PSPermGen       total 21248K, used 16741K [0x00000006fb400000, 0x00000006fc8c0000, 0x0000000700600000)
  object space 21248K, 78% used [0x00000006fb400000,0x00000006fc459568,0x00000006fc8c0000)
}

Deoptimization events (10 events):
Event: 2.773 Thread 0x00000000022ce000 Uncommon trap -83 fr.pc 0x00000000025c8f38
Event: 2.773 Thread 0x00000000022ce000 Uncommon trap -83 fr.pc 0x00000000025bf13c
Event: 3.330 Thread 0x0000000015f4b000 Uncommon trap 43 fr.pc 0x00000000025e13a4
Event: 3.975 Thread 0x0000000015f4b000 Uncommon trap -83 fr.pc 0x00000000025eec24
Event: 4.038 Thread 0x0000000015ecf800 Uncommon trap -83 fr.pc 0x00000000025ee7f4
Event: 4.091 Thread 0x0000000015ecf800 Uncommon trap -83 fr.pc 0x00000000025e5e44
Event: 4.110 Thread 0x0000000015ecf800 Uncommon trap -83 fr.pc 0x00000000025b5f68
Event: 4.175 Thread 0x0000000015ecf800 Uncommon trap -83 fr.pc 0x0000000002618c50
Event: 4.210 Thread 0x0000000015ecf800 Uncommon trap -83 fr.pc 0x0000000002609d98
Event: 4.464 Thread 0x000000001d06a800 Uncommon trap -83 fr.pc 0x0000000002642f3c

Internal exceptions (10 events):
Event: 4.265 Thread 0x0000000015ecf800 Threw 0x00000007acea7d20 at C:\jdk7u1_64p\jdk7u7\hotspot\src\share\vm\prims\jvm.cpp:1166
Event: 4.266 Thread 0x0000000015ecf800 Threw 0x00000007aceaaaf0 at C:\jdk7u1_64p\jdk7u7\hotspot\src\share\vm\prims\jvm.cpp:1166
Event: 4.269 Thread 0x0000000015ecf800 Threw 0x00000007acebaf88 at C:\jdk7u1_64p\jdk7u7\hotspot\src\share\vm\prims\jvm.cpp:1166
Event: 4.270 Thread 0x0000000015ecf800 Threw 0x00000007acebdd58 at C:\jdk7u1_64p\jdk7u7\hotspot\src\share\vm\prims\jvm.cpp:1166
Event: 4.271 Thread 0x0000000015ecf800 Threw 0x00000007acec0f08 at C:\jdk7u1_64p\jdk7u7\hotspot\src\share\vm\prims\jvm.cpp:1166
Event: 4.271 Thread 0x0000000015ecf800 Threw 0x00000007acec3cd8 at C:\jdk7u1_64p\jdk7u7\hotspot\src\share\vm\prims\jvm.cpp:1166
Event: 4.440 Thread 0x000000001d06a800 Threw 0x00000007ad40e968 at C:\jdk7u1_64p\jdk7u7\hotspot\src\share\vm\prims\jvm.cpp:1166
Event: 4.445 Thread 0x000000001d06a800 Threw 0x00000007ad41f1f8 at C:\jdk7u1_64p\jdk7u7\hotspot\src\share\vm\prims\jvm.cpp:1166
Event: 4.646 Thread 0x000000001d06a800 Threw 0x00000007adc57308 at C:\jdk7u1_64p\jdk7u7\hotspot\src\share\vm\prims\jvm.cpp:1166
Event: 5.125 Thread 0x0000000015f4b000 JVM_StopThread thread JavaThread 0x00000000137ae800 as oop 0x00000007aecc8678 [exception 0x0000000021a8cff8]

Events (10 events):
Event: 5.056 loading class 0x0000000013659230 done
Event: 5.057 loading class 0x0000000015b37780
Event: 5.057 loading class 0x0000000015b37780 done
Event: 5.057 loading class 0x0000000013757010
Event: 5.057 loading class 0x0000000015eec500
Event: 5.057 loading class 0x0000000015eec500 done
Event: 5.057 loading class 0x0000000013757010 done
Event: 5.057 loading class 0x0000000013659130
Event: 5.057 loading class 0x0000000013659130 done
Event: 5.125 Executing VM operation: ThreadStop


Dynamic libraries:
0x000007f6671e0000 - 0x000007f667214000 	F:\Program Files\Java\Jre7\bin\javaw.exe
0x000007fefa2d0000 - 0x000007fefa48e000 	C:\WINDOWS\SYSTEM32\ntdll.dll
0x000007fef9e50000 - 0x000007fef9f86000 	C:\WINDOWS\system32\KERNEL32.DLL
0x000007fef7310000 - 0x000007fef7403000 	C:\WINDOWS\system32\KERNELBASE.dll
0x000007fef7c30000 - 0x000007fef7d0e000 	C:\WINDOWS\system32\ADVAPI32.dll
0x000007fef9d00000 - 0x000007fef9e4c000 	C:\WINDOWS\system32\USER32.dll
0x000007fef4a10000 - 0x000007fef4c79000 	C:\WINDOWS\WinSxS\amd64_microsoft.windows.common-controls_6595b64144ccf1df_6.0.9200.16384_none_418c2a697189c07f\COMCTL32.dll
0x000007fef9f90000 - 0x000007fefa035000 	C:\WINDOWS\system32\msvcrt.dll
0x000007fef7d10000 - 0x000007fef7d58000 	C:\WINDOWS\SYSTEM32\sechost.dll
0x000007fef7950000 - 0x000007fef7a90000 	C:\WINDOWS\system32\RPCRT4.dll
0x000007fef7a90000 - 0x000007fef7bd0000 	C:\WINDOWS\system32\GDI32.dll
0x000007fefa290000 - 0x000007fefa2c9000 	C:\WINDOWS\system32\IMM32.DLL
0x000007fef9910000 - 0x000007fef9a25000 	C:\WINDOWS\system32\MSCTF.dll
0x000007fef71c0000 - 0x000007fef71c8000 	C:\PROGRA~2\NVIDIA~1\3DVISI~1\NVSTIN~1.DLL
0x000007fefa280000 - 0x000007fefa287000 	C:\WINDOWS\system32\PSAPI.DLL
0x0000000054fe0000 - 0x0000000055083000 	C:\WINDOWS\WinSxS\amd64_microsoft.vc90.crt_1fc8b3b9a1e18e3b_9.0.30729.6871_none_08e717a5a83adddf\MSVCR90.dll
0x00000000538a0000 - 0x0000000053971000 	F:\Program Files\Java\Jre7\bin\msvcr100.dll
0x0000000053180000 - 0x000000005389f000 	F:\Program Files\Java\Jre7\bin\server\jvm.dll
0x000007feef940000 - 0x000007feef949000 	C:\WINDOWS\SYSTEM32\WSOCK32.dll
0x000007fef4280000 - 0x000007fef42a0000 	C:\WINDOWS\SYSTEM32\WINMM.dll
0x000007fef9a30000 - 0x000007fef9a88000 	C:\WINDOWS\system32\WS2_32.dll
0x000007fef41d0000 - 0x000007fef4202000 	C:\WINDOWS\SYSTEM32\WINMMBASE.dll
0x000007fef7ef0000 - 0x000007fef7ef9000 	C:\WINDOWS\system32\NSI.dll
0x0000000053170000 - 0x000000005317f000 	F:\Program Files\Java\Jre7\bin\verify.dll
0x0000000053140000 - 0x0000000053168000 	F:\Program Files\Java\Jre7\bin\java.dll
0x0000000053120000 - 0x0000000053135000 	F:\Program Files\Java\Jre7\bin\zip.dll
0x0000000053dd0000 - 0x0000000053f63000 	F:\Program Files\Java\Jre7\bin\awt.dll
0x000007fef7d60000 - 0x000007fef7e23000 	C:\WINDOWS\system32\OLEAUT32.dll
0x000007fef9ae0000 - 0x000007fef9c90000 	C:\WINDOWS\system32\combase.dll
0x000007fef13f0000 - 0x000007fef148f000 	C:\WINDOWS\system32\apphelp.dll
0x000007fef5fc0000 - 0x000007fef60a3000 	C:\WINDOWS\system32\uxtheme.dll
0x000007fef14a0000 - 0x000007fef1535000 	C:\Program Files\Common Files\microsoft shared\ink\tiptsf.dll
0x000007fef54b0000 - 0x000007fef54d1000 	C:\WINDOWS\SYSTEM32\dwmapi.dll
0x000007fef80d0000 - 0x000007fef824e000 	C:\WINDOWS\system32\ole32.dll
0x000007fef7030000 - 0x000007fef703a000 	C:\WINDOWS\SYSTEM32\CRYPTBASE.dll
0x000007fef6fb0000 - 0x000007fef700c000 	C:\WINDOWS\SYSTEM32\bcryptPrimitives.dll
0x000007fef8480000 - 0x000007fef9768000 	C:\WINDOWS\system32\SHELL32.dll
0x000007fef9a90000 - 0x000007fef9ae0000 	C:\WINDOWS\system32\SHLWAPI.dll
0x000007fef6390000 - 0x000007fef6426000 	C:\WINDOWS\SYSTEM32\shcore.dll
0x00000000541e0000 - 0x0000000054278000 	C:\Windows\System32\msvcp100.dll
0x000007fededf0000 - 0x000007fedf048000 	C:\opencv\build\x64\vc10\bin\opencv_core243.dll
0x000007fee4480000 - 0x000007fee4515000 	C:\Users\Jonas\AppData\Local\Temp\javacpp117556175410394\jniopencv_core.dll
0x000007fedb130000 - 0x000007fedb3d5000 	C:\opencv\build\x64\vc10\bin\opencv_imgproc243.dll
0x000007fee4430000 - 0x000007fee4478000 	C:\Users\Jonas\AppData\Local\Temp\javacpp117556175410394\jniopencv_imgproc.dll
0x0000000066840000 - 0x00000000675ca000 	C:\opencv\build\x64\vc10\bin\opencv_ffmpeg243_64.dll
0x000007fedaee0000 - 0x000007fedb12b000 	C:\opencv\build\x64\vc10\bin\opencv_highgui243.dll
0x000007feeeb70000 - 0x000007feeeb90000 	C:\WINDOWS\SYSTEM32\AVIFIL32.dll
0x000007feeeae0000 - 0x000007feeeb09000 	C:\WINDOWS\SYSTEM32\MSVFW32.dll
0x000007feeea80000 - 0x000007feeea97000 	C:\WINDOWS\SYSTEM32\AVICAP32.dll
0x000007fee4370000 - 0x000007fee4389000 	C:\WINDOWS\SYSTEM32\MSACM32.dll
0x000007fef4f60000 - 0x000007fef4f69000 	C:\WINDOWS\SYSTEM32\VERSION.dll
0x000007fee6ed0000 - 0x000007fee6ee3000 	C:\Users\Jonas\AppData\Local\Temp\javacpp117556175410394\jniopencv_highgui.dll
0x000007fef78a0000 - 0x000007fef7936000 	C:\WINDOWS\SYSTEM32\clbcatq.dll
0x000007fee6eb0000 - 0x000007fee6ec7000 	C:\Windows\System32\devenum.dll
0x000007fef7f00000 - 0x000007fef80d0000 	C:\WINDOWS\system32\setupapi.dll
0x000007fef76a0000 - 0x000007fef76ef000 	C:\WINDOWS\system32\CFGMGR32.dll
0x000007fef76f0000 - 0x000007fef7712000 	C:\WINDOWS\system32\DEVOBJ.dll
0x000007fef0520000 - 0x000007fef054e000 	C:\WINDOWS\SYSTEM32\ntmarta.dll
0x000007fef72b0000 - 0x000007fef7305000 	C:\WINDOWS\system32\WINTRUST.dll
0x000007fef7410000 - 0x000007fef75e7000 	C:\WINDOWS\system32\CRYPT32.dll
0x000007fef7290000 - 0x000007fef72a6000 	C:\WINDOWS\system32\MSASN1.dll
0x000007feeeb60000 - 0x000007feeeb6d000 	C:\WINDOWS\SYSTEM32\msdmo.dll
0x000007fee3470000 - 0x000007fee349f000 	C:\Windows\System32\qcap.dll
0x000007fedf230000 - 0x000007fedf3e8000 	C:\Windows\System32\quartz.dll
0x000007fee3430000 - 0x000007fee346f000 	C:\Windows\System32\ksproxy.ax
0x000007fee1390000 - 0x000007fee1397000 	C:\Windows\System32\ksuser.dll
0x000007fee62d0000 - 0x000007fee64d0000 	C:\Windows\System32\d3d9.dll
0x000007feeea70000 - 0x000007feeea7c000 	C:\Windows\System32\vidcap.ax
0x000007fee3400000 - 0x000007fee3424000 	C:\Windows\System32\kswdmcap.ax
0x000007fee0110000 - 0x000007fee0264000 	C:\Windows\System32\MFC42.dll
0x000007fedf7b0000 - 0x000007fedf86e000 	C:\Windows\System32\ODBC32.dll
0x000007fedf710000 - 0x000007fedf7a5000 	C:\Windows\System32\qedit.dll
0x000007fef7e30000 - 0x000007fef7ed1000 	C:\WINDOWS\system32\COMDLG32.dll
0x000007fef9770000 - 0x000007fef9910000 	C:\WINDOWS\WinSxS\amd64_microsoft.windows.gdiplus_6595b64144ccf1df_1.1.9200.16384_none_72771d4ecc1c3a4d\gdiplus.dll
0x000007fede8c0000 - 0x000007fede9aa000 	C:\WINDOWS\SYSTEM32\DDRAW.dll
0x000007fef1490000 - 0x000007fef1498000 	C:\WINDOWS\SYSTEM32\DCIMAN32.dll
0x0000000053d90000 - 0x0000000053dc4000 	F:\Program Files\Java\Jre7\bin\fontmanager.dll
0x000007fed9180000 - 0x000007feda300000 	C:\WINDOWS\SYSTEM32\nvd3dumx.dll
0x000007fef70b0000 - 0x000007fef70f3000 	C:\WINDOWS\SYSTEM32\powrprof.dll
0x0000000180000000 - 0x0000000180116000 	C:\Program Files (x86)\NVIDIA Corporation\3D Vision\nvSCPAPI64.dll
0x000007fef4930000 - 0x000007fef49a4000 	C:\WINDOWS\SYSTEM32\dxgi.dll
0x000007fef3cc0000 - 0x000007fef3f82000 	C:\WINDOWS\SYSTEM32\nvapi64.dll
0x000007fef4250000 - 0x000007fef426f000 	C:\WINDOWS\SYSTEM32\DXGIDebug.dll
0x0000000052c00000 - 0x0000000052c19000 	F:\Program Files\Java\Jre7\bin\net.dll
0x000007fef6a20000 - 0x000007fef6a7c000 	C:\WINDOWS\system32\mswsock.dll
0x0000000052bb0000 - 0x0000000052bc1000 	F:\Program Files\Java\Jre7\bin\nio.dll
0x0000000052b60000 - 0x0000000052ba1000 	F:\Program Files\Java\Jre7\bin\t2k.dll
0x000007fef4c80000 - 0x000007fef4e0a000 	C:\WINDOWS\SYSTEM32\WindowsCodecs.dll
0x000007fef71e0000 - 0x000007fef71f5000 	C:\WINDOWS\SYSTEM32\profapi.dll
0x000007fef4070000 - 0x000007fef40d9000 	C:\WINDOWS\SYSTEM32\oleacc.dll
0x0000000052b30000 - 0x0000000052b5a000 	F:\Program Files\Java\Jre7\bin\dcpr.dll
0x000007fede330000 - 0x000007fede493000 	C:\WINDOWS\SYSTEM32\dbghelp.dll

VM Arguments:
jvm_args: -Dfile.encoding=Cp1252 
java_command: emcscanner.kth.se.Program
Launcher Type: SUN_STANDARD

Environment Variables:
PATH=C:\Program Files (x86)\NVIDIA Corporation\PhysX\Common;C:\WINDOWS\system32;C:\WINDOWS;C:\WINDOWS\System32\Wbem;C:\WINDOWS\System32\WindowsPowerShell\v1.0\;C:\Program Files (x86)\Microsoft SQL Server\90\Tools\binn\;C:\Program Files (x86)\Autodesk\Backburner\;F:\Program Files\MATLAB\R2012a\runtime\win64;F:\Program Files\MATLAB\R2012a\bin;C:\Program Files\Internet Explorer;C:\Program Files\Perforce;F:\Program Files\Perforce;C:\Program Files\Microsoft\Web Platform Installer\;C:\Program Files (x86)\Microsoft ASP.NET\ASP.NET Web Pages\v1.0\;C:\Program Files (x86)\Windows Kits\8.0\Windows Performance Toolkit\;C:\Program Files\Microsoft SQL Server\110\Tools\Binn\;F:\Program Files\Perforce\Server
USERNAME=Jonas
OS=Windows_NT
PROCESSOR_IDENTIFIER=Intel64 Family 6 Model 42 Stepping 7, GenuineIntel



---------------  S Y S T E M  ---------------

OS: Windows 8 , 64 bit Build 9200 

CPU:total 8 (4 cores per cpu, 2 threads per core) family 6 model 42 stepping 7, cmov, cx8, fxsr, mmx, sse, sse2, sse3, ssse3, sse4.1, sse4.2, popcnt, avx, ht, tsc, tscinvbit

Memory: 4k page, physical 16751668k(12358832k free), swap 33528884k(27587888k free)

vm_info: Java HotSpot(TM) 64-Bit Server VM (23.3-b01) for windows-amd64 JRE (1.7.0_07-b11), built on Sep  7 2012 01:19:25 by "java_re" with unknown MS VC++:1600

time: Mon Jan 28 01:22:31 2013
elapsed time: 5 seconds

