#
# A fatal error has been detected by the Java Runtime Environment:
#
#  EXCEPTION_ACCESS_VIOLATION (0xc0000005) at pc=0x000007fcf082c8d4, pid=8740, tid=1232
#
# JRE version: 7.0_07-b11
# Java VM: Java HotSpot(TM) 64-Bit Server VM (23.3-b01 mixed mode windows-amd64 compressed oops)
# Problematic frame:
# C  [opencv_imgproc243.dll+0x5c8d4]  cv::FilterEngine::~FilterEngine+0x2b74
#
# Failed to write core dump. Minidumps are not enabled by default on client versions of Windows
#
# If you would like to submit a bug report, please visit:
#   http://bugreport.sun.com/bugreport/crash.jsp
# The crash happened outside the Java Virtual Machine in native code.
# See problematic frame for where to report the bug.
#

---------------  T H R E A D  ---------------

Current thread (0x0000000013688800):  JavaThread "threadDisplayCamera" daemon [_thread_in_native, id=1232, stack(0x00000000160b0000,0x00000000161b0000)]

siginfo: ExceptionCode=0xc0000005, writing address 0x0000000018eccda0

Registers:
RAX=0x0000000000000001, RBX=0x00000000149b1968, RCX=0x0000000021530ca0, RDX=0x00000000215474a0
RSP=0x00000000161ae7d0, RBP=0x0000000000001680, RSI=0x00000000149b1958, RDI=0x00000000000000c2
R8 =0x0000000000002980, R9 =0x0000000000000001, R10=0x0000000018eccdb0, R11=0x00000000219dfbb4
R12=0x0000000000000002, R13=0x0000000000000002, R14=0x0000000000001680, R15=0x0000000018ecc350
RIP=0x000007fcf082c8d4, EFLAGS=0x0000000000010202

Top of Stack: (sp=0x00000000161ae7d0)
0x00000000161ae7d0:   0000000000000000 0000000000000000
0x00000000161ae7e0:   0000000000000000 0000000000000000
0x00000000161ae7f0:   0000000000000000 0000000000000000
0x00000000161ae800:   00000000215474a0 00000000149b1968
0x00000000161ae810:   0000000000001680 0000000018ecc350
0x00000000161ae820:   0000800000000010 000007fcf084733a
0x00000000161ae830:   0000000000000040 0000000000008000
0x00000000161ae840:   0000000000000000 000007fcf08335a3
0x00000000161ae850:   00000040219d0100 0000000021541aa0
0x00000000161ae860:   0000000000000080 00000000215474a0
0x00000000161ae870:   0000000000000003 000000002152b2a0
0x00000000161ae880:   00000000149b1968 0000000000001680
0x00000000161ae890:   000000001448f0c8 000000005c25ae23
0x00000000161ae8a0:   0000000018ed06d0 0000000000000003
0x00000000161ae8b0:   0000000000000006 00000000149d8100
0x00000000161ae8c0:   0000000000000006 00000000161ae9e0 

Instructions: (pc=0x000007fcf082c8d4)
0x000007fcf082c8b4:   c3 66 0f 5b cd 49 83 c2 10 49 83 c0 40 48 ff cf
0x000007fcf082c8c4:   66 0f 6b d0 66 0f 5b c6 66 0f 6b c8 66 0f 67 d1
0x000007fcf082c8d4:   f3 41 0f 7f 52 f0 0f 85 f0 fe ff ff 41 8d 46 fc
0x000007fcf082c8e4:   4c 63 d5 3b e8 0f 8f 4b 02 00 00 2b c5 4b 8d 3c 


Register to memory mapping:

RAX=0x0000000000000001 is an unknown value
RBX=0x00000000149b1968 is an unknown value
RCX=0x0000000021530ca0 is an unknown value
RDX=0x00000000215474a0 is an unknown value
RSP=0x00000000161ae7d0 is pointing into the stack for thread: 0x0000000013688800
RBP=0x0000000000001680 is an unknown value
RSI=0x00000000149b1958 is an unknown value
RDI=0x00000000000000c2 is an unknown value
R8 =0x0000000000002980 is an unknown value
R9 =0x0000000000000001 is an unknown value
R10=0x0000000018eccdb0 is an unknown value
R11=0x00000000219dfbb4 is an unknown value
R12=0x0000000000000002 is an unknown value
R13=0x0000000000000002 is an unknown value
R14=0x0000000000001680 is an unknown value
R15=0x0000000018ecc350 is an unknown value


Stack: [0x00000000160b0000,0x00000000161b0000],  sp=0x00000000161ae7d0,  free space=1017k
Native frames: (J=compiled Java code, j=interpreted, Vv=VM code, C=native code)
C  [opencv_imgproc243.dll+0x5c8d4]  cv::FilterEngine::~FilterEngine+0x2b74

[error occurred during error reporting (printing native stack), id 0xc0000005]

Java frames: (J=compiled Java code, j=interpreted, Vv=VM code)
j  com.googlecode.javacv.cpp.opencv_imgproc.cvSmooth(Lcom/googlecode/javacv/cpp/opencv_core$CvArr;Lcom/googlecode/javacv/cpp/opencv_core$CvArr;IIIDD)V+0
j  com.googlecode.javacv.cpp.opencv_imgproc.cvSmooth(Lcom/googlecode/javacv/cpp/opencv_core$CvArr;Lcom/googlecode/javacv/cpp/opencv_core$CvArr;II)V+7
j  emcscanner.kth.se.CameraPanel$1.run()V+64
v  ~StubRoutines::call_stub

---------------  P R O C E S S  ---------------

Java Threads: ( => current thread )
  0x000000001376a800 JavaThread "Thread-0" daemon [_thread_in_native, id=8984, stack(0x00000000158b0000,0x00000000159b0000)]
  0x000000001376c000 JavaThread "ICEpdf-pagePainter" daemon [_thread_blocked, id=6536, stack(0x0000000020960000,0x0000000020a60000)]
  0x000000002181c000 JavaThread "ICEpdf-pageInitializer" daemon [_thread_blocked, id=8808, stack(0x0000000020730000,0x0000000020830000)]
  0x000000000224e000 JavaThread "DestroyJavaVM" [_thread_blocked, id=4296, stack(0x0000000002250000,0x0000000002350000)]
  0x0000000014abe800 JavaThread "TimerQueue" daemon [_thread_blocked, id=3692, stack(0x000000001f3f0000,0x000000001f4f0000)]
  0x000000001458b000 JavaThread "threadDisplayDensity" daemon [_thread_blocked, id=9472, stack(0x000000001b7a0000,0x000000001b8a0000)]
  0x000000001476c800 JavaThread "AWT-EventQueue-0" [_thread_blocked, id=7052, stack(0x000000001b6a0000,0x000000001b7a0000)]
  0x000000001476b800 JavaThread "threadDisplay" daemon [_thread_blocked, id=5924, stack(0x000000001b5a0000,0x000000001b6a0000)]
  0x0000000014974800 JavaThread "AWT-Shutdown" [_thread_blocked, id=9904, stack(0x00000000161b0000,0x00000000162b0000)]
=>0x0000000013688800 JavaThread "threadDisplayCamera" daemon [_thread_in_native, id=1232, stack(0x00000000160b0000,0x00000000161b0000)]
  0x000000001368a000 JavaThread "Image Fetcher 0" daemon [_thread_blocked, id=9156, stack(0x00000000142b0000,0x00000000143b0000)]
  0x0000000013689000 JavaThread "AWT-Windows" daemon [_thread_in_native, id=9264, stack(0x0000000013f70000,0x0000000014070000)]
  0x0000000013687000 JavaThread "Java2D Disposer" daemon [_thread_blocked, id=10040, stack(0x0000000013d70000,0x0000000013e70000)]
  0x0000000010f74800 JavaThread "Service Thread" daemon [_thread_blocked, id=2160, stack(0x0000000013370000,0x0000000013470000)]
  0x0000000010f70000 JavaThread "C2 CompilerThread1" daemon [_thread_blocked, id=8600, stack(0x0000000013270000,0x0000000013370000)]
  0x0000000010f6b000 JavaThread "C2 CompilerThread0" daemon [_thread_blocked, id=9024, stack(0x0000000013170000,0x0000000013270000)]
  0x0000000010f68000 JavaThread "Attach Listener" daemon [_thread_blocked, id=9660, stack(0x0000000013070000,0x0000000013170000)]
  0x0000000010f5b000 JavaThread "Signal Dispatcher" daemon [_thread_blocked, id=7140, stack(0x0000000012f70000,0x0000000013070000)]
  0x0000000010efe800 JavaThread "Finalizer" daemon [_thread_blocked, id=9876, stack(0x0000000012e70000,0x0000000012f70000)]
  0x0000000010ef7000 JavaThread "Reference Handler" daemon [_thread_blocked, id=1964, stack(0x0000000012d70000,0x0000000012e70000)]

Other Threads:
  0x0000000010ef2000 VMThread [stack: 0x0000000012c70000,0x0000000012d70000] [id=5268]
  0x0000000010f87000 WatcherThread [stack: 0x0000000013470000,0x0000000013570000] [id=8744]

VM state:not at safepoint (normal execution)

VM Mutex/Monitor currently owned by a thread: None

Heap
 PSYoungGen      total 162496K, used 124456K [0x00000007aacb0000, 0x00000007b84b0000, 0x0000000800000000)
  eden space 124160K, 73% used [0x00000007aacb0000,0x00000007b0598990,0x00000007b25f0000)
  from space 38336K, 87% used [0x00000007b5200000,0x00000007b72a1780,0x00000007b7770000)
  to   space 45120K, 0% used [0x00000007b25f0000,0x00000007b25f0000,0x00000007b5200000)
 ParOldGen       total 174528K, used 55632K [0x0000000700600000, 0x000000070b070000, 0x00000007aacb0000)
  object space 174528K, 31% used [0x0000000700600000,0x0000000703c54108,0x000000070b070000)
 PSPermGen       total 21248K, used 17970K [0x00000006fb400000, 0x00000006fc8c0000, 0x0000000700600000)
  object space 21248K, 84% used [0x00000006fb400000,0x00000006fc58c9a0,0x00000006fc8c0000)

Card table byte_map: [0x0000000005510000,0x0000000005d40000] byte_map_base: 0x0000000001d36000

Polling page: 0x00000000008f0000

Code Cache  [0x0000000002450000, 0x00000000026c0000, 0x0000000005450000)
 total_blobs=840 nmethods=251 adapters=540 free_code_cache=47868Kb largest_free_block=48938496

Compilation events (10 events):
Event: 5.737 Thread 0x0000000010f6b000  256             java.nio.DirectByteBuffer::ix (10 bytes)
Event: 5.737 Thread 0x0000000010f6b000 nmethod 256 0x0000000002585c90 code [0x0000000002585dc0, 0x0000000002585e18]
Event: 5.739 Thread 0x0000000010f70000  258             java.nio.DirectByteBuffer::get (15 bytes)
Event: 5.739 Thread 0x0000000010f70000 nmethod 258 0x0000000002585650 code [0x0000000002585780, 0x0000000002585818]
Event: 5.739 Thread 0x0000000010f6b000  259             java.nio.HeapByteBuffer::put (16 bytes)
Event: 5.740 Thread 0x0000000010f6b000 nmethod 259 0x0000000002584410 code [0x0000000002584540, 0x0000000002584618]
Event: 5.740 Thread 0x0000000010f70000    5 %           com.googlecode.javacv.cpp.opencv_core$IplImage::flipCopyWithGamma @ 484 (608 bytes)
Event: 5.772 Thread 0x0000000010f70000 nmethod 5% 0x000000000253cd90 code [0x000000000253d060, 0x000000000253ea60]
Event: 5.801 Thread 0x0000000010f6b000  260             com.googlecode.javacv.cpp.opencv_core$IplImage::flipCopyWithGamma (608 bytes)
Event: 5.830 Thread 0x0000000010f6b000 nmethod 260 0x0000000002537a90 code [0x0000000002537d40, 0x0000000002539a80]

GC Heap History (10 events):
Event: 5.913 GC heap before
{Heap before GC invocations=2 (full 0):
 PSYoungGen      total 76352K, used 73691K [0x00000007aacb0000, 0x00000007b01e0000, 0x0000000800000000)
  eden space 65472K, 98% used [0x00000007aacb0000,0x00000007aeb869b8,0x00000007aeca0000)
  from space 10880K, 85% used [0x00000007aeca0000,0x00000007af5c0338,0x00000007af740000)
  to   space 10880K, 0% used [0x00000007af740000,0x00000007af740000,0x00000007b01e0000)
 ParOldGen       total 174528K, used 8K [0x0000000700600000, 0x000000070b070000, 0x00000007aacb0000)
  object space 174528K, 0% used [0x0000000700600000,0x0000000700602000,0x000000070b070000)
 PSPermGen       total 21248K, used 17919K [0x00000006fb400000, 0x00000006fc8c0000, 0x0000000700600000)
  object space 21248K, 84% used [0x00000006fb400000,0x00000006fc57fc00,0x00000006fc8c0000)
Event: 5.927 GC heap after
Heap after GC invocations=2 (full 0):
 PSYoungGen      total 76352K, used 10852K [0x00000007aacb0000, 0x00000007b01e0000, 0x0000000800000000)
  eden space 65472K, 0% used [0x00000007aacb0000,0x00000007aacb0000,0x00000007aeca0000)
  from space 10880K, 99% used [0x00000007af740000,0x00000007b01d9110,0x00000007b01e0000)
  to   space 10880K, 0% used [0x00000007aeca0000,0x00000007aeca0000,0x00000007af740000)
 ParOldGen       total 174528K, used 27914K [0x0000000700600000, 0x000000070b070000, 0x00000007aacb0000)
  object space 174528K, 15% used [0x0000000700600000,0x0000000702142bf8,0x000000070b070000)
 PSPermGen       total 21248K, used 17919K [0x00000006fb400000, 0x00000006fc8c0000, 0x0000000700600000)
  object space 21248K, 84% used [0x00000006fb400000,0x00000006fc57fc00,0x00000006fc8c0000)
}
Event: 6.168 GC heap before
{Heap before GC invocations=3 (full 0):
 PSYoungGen      total 76352K, used 72983K [0x00000007aacb0000, 0x00000007b01e0000, 0x0000000800000000)
  eden space 65472K, 94% used [0x00000007aacb0000,0x00000007ae95cb18,0x00000007aeca0000)
  from space 10880K, 99% used [0x00000007af740000,0x00000007b01d9110,0x00000007b01e0000)
  to   space 10880K, 0% used [0x00000007aeca0000,0x00000007aeca0000,0x00000007af740000)
 ParOldGen       total 174528K, used 27914K [0x0000000700600000, 0x000000070b070000, 0x00000007aacb0000)
  object space 174528K, 15% used [0x0000000700600000,0x0000000702142bf8,0x000000070b070000)
 PSPermGen       total 21248K, used 17919K [0x00000006fb400000, 0x00000006fc8c0000, 0x0000000700600000)
  object space 21248K, 84% used [0x00000006fb400000,0x00000006fc57ff30,0x00000006fc8c0000)
Event: 6.173 GC heap after
Heap after GC invocations=3 (full 0):
 PSYoungGen      total 76352K, used 8370K [0x00000007aacb0000, 0x00000007b01e0000, 0x0000000800000000)
  eden space 65472K, 0% used [0x00000007aacb0000,0x00000007aacb0000,0x00000007aeca0000)
  from space 10880K, 76% used [0x00000007aeca0000,0x00000007af4cc9c0,0x00000007af740000)
  to   space 10880K, 0% used [0x00000007af740000,0x00000007af740000,0x00000007b01e0000)
 ParOldGen       total 174528K, used 33990K [0x0000000700600000, 0x000000070b070000, 0x00000007aacb0000)
  object space 174528K, 19% used [0x0000000700600000,0x0000000702731808,0x000000070b070000)
 PSPermGen       total 21248K, used 17919K [0x00000006fb400000, 0x00000006fc8c0000, 0x0000000700600000)
  object space 21248K, 84% used [0x00000006fb400000,0x00000006fc57ff30,0x00000006fc8c0000)
}
Event: 6.387 GC heap before
{Heap before GC invocations=4 (full 0):
 PSYoungGen      total 76352K, used 72994K [0x00000007aacb0000, 0x00000007b01e0000, 0x0000000800000000)
  eden space 65472K, 98% used [0x00000007aacb0000,0x00000007aebcc1f0,0x00000007aeca0000)
  from space 10880K, 76% used [0x00000007aeca0000,0x00000007af4cc9c0,0x00000007af740000)
  to   space 10880K, 0% used [0x00000007af740000,0x00000007af740000,0x00000007b01e0000)
 ParOldGen       total 174528K, used 33990K [0x0000000700600000, 0x000000070b070000, 0x00000007aacb0000)
  object space 174528K, 19% used [0x0000000700600000,0x0000000702731808,0x000000070b070000)
 PSPermGen       total 21248K, used 17922K [0x00000006fb400000, 0x00000006fc8c0000, 0x0000000700600000)
  object space 21248K, 84% used [0x00000006fb400000,0x00000006fc580848,0x00000006fc8c0000)
Event: 6.394 GC heap after
Heap after GC invocations=4 (full 0):
 PSYoungGen      total 76352K, used 8386K [0x00000007aacb0000, 0x00000007b41d0000, 0x0000000800000000)
  eden space 65472K, 0% used [0x00000007aacb0000,0x00000007aacb0000,0x00000007aeca0000)
  from space 10880K, 77% used [0x00000007af740000,0x00000007aff709d0,0x00000007b01e0000)
  to   space 10880K, 0% used [0x00000007aeca0000,0x00000007aeca0000,0x00000007af740000)
 ParOldGen       total 174528K, used 55632K [0x0000000700600000, 0x000000070b070000, 0x00000007aacb0000)
  object space 174528K, 31% used [0x0000000700600000,0x0000000703c54108,0x000000070b070000)
 PSPermGen       total 21248K, used 17922K [0x00000006fb400000, 0x00000006fc8c0000, 0x0000000700600000)
  object space 21248K, 84% used [0x00000006fb400000,0x00000006fc580848,0x00000006fc8c0000)
}
Event: 6.587 GC heap before
{Heap before GC invocations=5 (full 0):
 PSYoungGen      total 76352K, used 69517K [0x00000007aacb0000, 0x00000007b41d0000, 0x0000000800000000)
  eden space 65472K, 93% used [0x00000007aacb0000,0x00000007ae862be8,0x00000007aeca0000)
  from space 10880K, 77% used [0x00000007af740000,0x00000007aff709d0,0x00000007b01e0000)
  to   space 10880K, 0% used [0x00000007aeca0000,0x00000007aeca0000,0x00000007af740000)
 ParOldGen       total 174528K, used 55632K [0x0000000700600000, 0x000000070b070000, 0x00000007aacb0000)
  object space 174528K, 31% used [0x0000000700600000,0x0000000703c54108,0x000000070b070000)
 PSPermGen       total 21248K, used 17942K [0x00000006fb400000, 0x00000006fc8c0000, 0x0000000700600000)
  object space 21248K, 84% used [0x00000006fb400000,0x00000006fc585868,0x00000006fc8c0000)
Event: 6.592 GC heap after
Heap after GC invocations=5 (full 0):
 PSYoungGen      total 76352K, used 8370K [0x00000007aacb0000, 0x00000007b7770000, 0x0000000800000000)
  eden space 65472K, 0% used [0x00000007aacb0000,0x00000007aacb0000,0x00000007aeca0000)
  from space 10880K, 76% used [0x00000007aeca0000,0x00000007af4cc9c0,0x00000007af740000)
  to   space 38336K, 0% used [0x00000007b5200000,0x00000007b5200000,0x00000007b7770000)
 ParOldGen       total 174528K, used 55632K [0x0000000700600000, 0x000000070b070000, 0x00000007aacb0000)
  object space 174528K, 31% used [0x0000000700600000,0x0000000703c54108,0x000000070b070000)
 PSPermGen       total 21248K, used 17942K [0x00000006fb400000, 0x00000006fc8c0000, 0x0000000700600000)
  object space 21248K, 84% used [0x00000006fb400000,0x00000006fc585868,0x00000006fc8c0000)
}
Event: 6.785 GC heap before
{Heap before GC invocations=6 (full 0):
 PSYoungGen      total 76352K, used 72061K [0x00000007aacb0000, 0x00000007b7770000, 0x0000000800000000)
  eden space 65472K, 97% used [0x00000007aacb0000,0x00000007aeae2b48,0x00000007aeca0000)
  from space 10880K, 76% used [0x00000007aeca0000,0x00000007af4cc9c0,0x00000007af740000)
  to   space 38336K, 0% used [0x00000007b5200000,0x00000007b5200000,0x00000007b7770000)
 ParOldGen       total 174528K, used 55632K [0x0000000700600000, 0x000000070b070000, 0x00000007aacb0000)
  object space 174528K, 31% used [0x0000000700600000,0x0000000703c54108,0x000000070b070000)
 PSPermGen       total 21248K, used 17943K [0x00000006fb400000, 0x00000006fc8c0000, 0x0000000700600000)
  object space 21248K, 84% used [0x00000006fb400000,0x00000006fc585d40,0x00000006fc8c0000)
Event: 6.793 GC heap after
Heap after GC invocations=6 (full 0):
 PSYoungGen      total 162496K, used 33413K [0x00000007aacb0000, 0x00000007b84b0000, 0x0000000800000000)
  eden space 124160K, 0% used [0x00000007aacb0000,0x00000007aacb0000,0x00000007b25f0000)
  from space 38336K, 87% used [0x00000007b5200000,0x00000007b72a1780,0x00000007b7770000)
  to   space 45120K, 0% used [0x00000007b25f0000,0x00000007b25f0000,0x00000007b5200000)
 ParOldGen       total 174528K, used 55632K [0x0000000700600000, 0x000000070b070000, 0x00000007aacb0000)
  object space 174528K, 31% used [0x0000000700600000,0x0000000703c54108,0x000000070b070000)
 PSPermGen       total 21248K, used 17943K [0x00000006fb400000, 0x00000006fc8c0000, 0x0000000700600000)
  object space 21248K, 84% used [0x00000006fb400000,0x00000006fc585d40,0x00000006fc8c0000)
}

Deoptimization events (10 events):
Event: 2.772 Thread 0x000000000224e000 Uncommon trap -83 fr.pc 0x00000000024fb178
Event: 2.772 Thread 0x000000000224e000 Uncommon trap -83 fr.pc 0x00000000024ed87c
Event: 3.265 Thread 0x000000000224e000 Uncommon trap 43 fr.pc 0x000000000250ef14
Event: 3.788 Thread 0x000000001476c800 Uncommon trap -83 fr.pc 0x0000000002513c84
Event: 3.861 Thread 0x000000002181c000 Uncommon trap -83 fr.pc 0x0000000002518d74
Event: 3.916 Thread 0x000000002181c000 Uncommon trap -83 fr.pc 0x0000000002516884
Event: 3.934 Thread 0x000000002181c000 Uncommon trap -83 fr.pc 0x00000000025491e8
Event: 3.988 Thread 0x000000002181c000 Uncommon trap -83 fr.pc 0x000000000254147c
Event: 4.022 Thread 0x000000002181c000 Uncommon trap -83 fr.pc 0x0000000002535a18
Event: 4.236 Thread 0x000000001376c000 Uncommon trap -83 fr.pc 0x00000000024ce2bc

Internal exceptions (10 events):
Event: 4.034 Thread 0x000000002181c000 Threw 0x00000007ae888e60 at C:\jdk7u1_64p\jdk7u7\hotspot\src\share\vm\prims\jvm.cpp:1166
Event: 4.070 Thread 0x000000002181c000 Threw 0x00000007ae9bff38 at C:\jdk7u1_64p\jdk7u7\hotspot\src\share\vm\prims\jvm.cpp:1166
Event: 4.070 Thread 0x000000002181c000 Threw 0x00000007ae9c2e58 at C:\jdk7u1_64p\jdk7u7\hotspot\src\share\vm\prims\jvm.cpp:1166
Event: 4.073 Thread 0x000000002181c000 Threw 0x00000007ae9d32c0 at C:\jdk7u1_64p\jdk7u7\hotspot\src\share\vm\prims\jvm.cpp:1166
Event: 4.074 Thread 0x000000002181c000 Threw 0x00000007ae9d61e0 at C:\jdk7u1_64p\jdk7u7\hotspot\src\share\vm\prims\jvm.cpp:1166
Event: 4.075 Thread 0x000000002181c000 Threw 0x00000007ae9d9390 at C:\jdk7u1_64p\jdk7u7\hotspot\src\share\vm\prims\jvm.cpp:1166
Event: 4.075 Thread 0x000000002181c000 Threw 0x00000007ae9dc2b0 at C:\jdk7u1_64p\jdk7u7\hotspot\src\share\vm\prims\jvm.cpp:1166
Event: 4.211 Thread 0x000000001376c000 Threw 0x00000007ab3828c0 at C:\jdk7u1_64p\jdk7u7\hotspot\src\share\vm\prims\jvm.cpp:1166
Event: 4.217 Thread 0x000000001376c000 Threw 0x00000007ab393150 at C:\jdk7u1_64p\jdk7u7\hotspot\src\share\vm\prims\jvm.cpp:1166
Event: 4.417 Thread 0x000000001376c000 Threw 0x00000007abddbf80 at C:\jdk7u1_64p\jdk7u7\hotspot\src\share\vm\prims\jvm.cpp:1166

Events (10 events):
Event: 6.422 loading class 0x00000000146988f0
Event: 6.422 loading class 0x00000000149b1890
Event: 6.422 loading class 0x00000000149b1890 done
Event: 6.422 loading class 0x00000000146988f0 done
Event: 6.423 loading class 0x000000001369af50
Event: 6.423 loading class 0x000000001369af50 done
Event: 6.587 Executing VM operation: ParallelGCFailedAllocation
Event: 6.592 Executing VM operation: ParallelGCFailedAllocation done
Event: 6.785 Executing VM operation: ParallelGCFailedAllocation
Event: 6.793 Executing VM operation: ParallelGCFailedAllocation done


Dynamic libraries:
0x000007f662880000 - 0x000007f6628b4000 	F:\Program Files\Java\Jre7\bin\javaw.exe
0x000007fd0db20000 - 0x000007fd0dcde000 	C:\WINDOWS\SYSTEM32\ntdll.dll
0x000007fd0c680000 - 0x000007fd0c7b6000 	C:\WINDOWS\system32\KERNEL32.DLL
0x000007fd0ab00000 - 0x000007fd0abf3000 	C:\WINDOWS\system32\KERNELBASE.dll
0x000007fd0c260000 - 0x000007fd0c33e000 	C:\WINDOWS\system32\ADVAPI32.dll
0x000007fd0c460000 - 0x000007fd0c5ac000 	C:\WINDOWS\system32\USER32.dll
0x000007fd082b0000 - 0x000007fd08519000 	C:\WINDOWS\WinSxS\amd64_microsoft.windows.common-controls_6595b64144ccf1df_6.0.9200.16384_none_418c2a697189c07f\COMCTL32.dll
0x000007fd0c7c0000 - 0x000007fd0c865000 	C:\WINDOWS\system32\msvcrt.dll
0x000007fd0cdf0000 - 0x000007fd0ce38000 	C:\WINDOWS\SYSTEM32\sechost.dll
0x000007fd0c870000 - 0x000007fd0c9b0000 	C:\WINDOWS\system32\RPCRT4.dll
0x000007fd0d520000 - 0x000007fd0d660000 	C:\WINDOWS\system32\GDI32.dll
0x000007fd0c620000 - 0x000007fd0c659000 	C:\WINDOWS\system32\IMM32.DLL
0x000007fd0c340000 - 0x000007fd0c455000 	C:\WINDOWS\system32\MSCTF.dll
0x000007fd0aa10000 - 0x000007fd0aa18000 	C:\PROGRA~2\NVIDIA~1\3DVISI~1\NVSTIN~1.DLL
0x000007fd0d510000 - 0x000007fd0d517000 	C:\WINDOWS\system32\PSAPI.DLL
0x000000005e410000 - 0x000000005e4b3000 	C:\WINDOWS\WinSxS\amd64_microsoft.vc90.crt_1fc8b3b9a1e18e3b_9.0.30729.6871_none_08e717a5a83adddf\MSVCR90.dll
0x000000005d880000 - 0x000000005d951000 	F:\Program Files\Java\Jre7\bin\msvcr100.dll
0x000000005c090000 - 0x000000005c7af000 	F:\Program Files\Java\Jre7\bin\server\jvm.dll
0x000007fd02f00000 - 0x000007fd02f09000 	C:\WINDOWS\SYSTEM32\WSOCK32.dll
0x000007fd07b90000 - 0x000007fd07bb0000 	C:\WINDOWS\SYSTEM32\WINMM.dll
0x000007fd0c5b0000 - 0x000007fd0c608000 	C:\WINDOWS\system32\WS2_32.dll
0x000007fd07a80000 - 0x000007fd07ab2000 	C:\WINDOWS\SYSTEM32\WINMMBASE.dll
0x000007fd0d360000 - 0x000007fd0d369000 	C:\WINDOWS\system32\NSI.dll
0x000000005dc10000 - 0x000000005dc1f000 	F:\Program Files\Java\Jre7\bin\verify.dll
0x000000005dbe0000 - 0x000000005dc08000 	F:\Program Files\Java\Jre7\bin\java.dll
0x000000005dbc0000 - 0x000000005dbd5000 	F:\Program Files\Java\Jre7\bin\zip.dll
0x000000005aff0000 - 0x000000005b183000 	F:\Program Files\Java\Jre7\bin\awt.dll
0x000007fd0d830000 - 0x000007fd0d8f3000 	C:\WINDOWS\system32\OLEAUT32.dll
0x000007fd0cc40000 - 0x000007fd0cdf0000 	C:\WINDOWS\system32\combase.dll
0x000007fd04cf0000 - 0x000007fd04d8f000 	C:\WINDOWS\system32\apphelp.dll
0x000007fd09810000 - 0x000007fd098f3000 	C:\WINDOWS\system32\uxtheme.dll
0x000007fd08210000 - 0x000007fd082a5000 	C:\Program Files\Common Files\microsoft shared\ink\tiptsf.dll
0x000007fd088b0000 - 0x000007fd088d1000 	C:\WINDOWS\SYSTEM32\dwmapi.dll
0x000007fd0d090000 - 0x000007fd0d20e000 	C:\WINDOWS\system32\ole32.dll
0x000007fd0a860000 - 0x000007fd0a86a000 	C:\WINDOWS\SYSTEM32\CRYPTBASE.dll
0x000007fd0a800000 - 0x000007fd0a85c000 	C:\WINDOWS\SYSTEM32\bcryptPrimitives.dll
0x000007fd0af70000 - 0x000007fd0c258000 	C:\WINDOWS\system32\SHELL32.dll
0x000007fd0cb80000 - 0x000007fd0cbd0000 	C:\WINDOWS\system32\SHLWAPI.dll
0x000007fd09be0000 - 0x000007fd09c76000 	C:\WINDOWS\SYSTEM32\shcore.dll
0x000000005d2e0000 - 0x000000005d378000 	C:\Windows\System32\msvcp100.dll
0x000007fcf2470000 - 0x000007fcf26c8000 	C:\opencv\build\x64\vc10\bin\opencv_core243.dll
0x000007fcf7e90000 - 0x000007fcf7f25000 	C:\Users\Jonas\AppData\Local\Temp\javacpp122057267259209\jniopencv_core.dll
0x000007fcf07d0000 - 0x000007fcf0a75000 	C:\opencv\build\x64\vc10\bin\opencv_imgproc243.dll
0x000007fd015e0000 - 0x000007fd01628000 	C:\Users\Jonas\AppData\Local\Temp\javacpp122057267259209\jniopencv_imgproc.dll
0x0000000066840000 - 0x00000000675ca000 	C:\opencv\build\x64\vc10\bin\opencv_ffmpeg243_64.dll
0x000007fcf1110000 - 0x000007fcf135b000 	C:\opencv\build\x64\vc10\bin\opencv_highgui243.dll
0x000007fd043e0000 - 0x000007fd04400000 	C:\WINDOWS\SYSTEM32\AVIFIL32.dll
0x000007fd07af0000 - 0x000007fd07b19000 	C:\WINDOWS\SYSTEM32\MSVFW32.dll
0x000007fd081c0000 - 0x000007fd081d7000 	C:\WINDOWS\SYSTEM32\AVICAP32.dll
0x000007fcf6150000 - 0x000007fcf6169000 	C:\WINDOWS\SYSTEM32\MSACM32.dll
0x000007fd07db0000 - 0x000007fd07db9000 	C:\WINDOWS\SYSTEM32\VERSION.dll
0x000007fd04350000 - 0x000007fd04363000 	C:\Users\Jonas\AppData\Local\Temp\javacpp122057267259209\jniopencv_highgui.dll
0x000007fd0d2c0000 - 0x000007fd0d356000 	C:\WINDOWS\SYSTEM32\clbcatq.dll
0x000007fd01e20000 - 0x000007fd01e37000 	C:\Windows\System32\devenum.dll
0x000007fd0c9b0000 - 0x000007fd0cb80000 	C:\WINDOWS\system32\setupapi.dll
0x000007fd0ad10000 - 0x000007fd0ad5f000 	C:\WINDOWS\system32\CFGMGR32.dll
0x000007fd0af40000 - 0x000007fd0af62000 	C:\WINDOWS\system32\DEVOBJ.dll
0x000007fd03ae0000 - 0x000007fd03b0e000 	C:\WINDOWS\SYSTEM32\ntmarta.dll
0x000007fd0ac00000 - 0x000007fd0ac55000 	C:\WINDOWS\system32\WINTRUST.dll
0x000007fd0ad60000 - 0x000007fd0af37000 	C:\WINDOWS\system32\CRYPT32.dll
0x000007fd0aae0000 - 0x000007fd0aaf6000 	C:\WINDOWS\system32\MSASN1.dll
0x000007fd078a0000 - 0x000007fd078ad000 	C:\WINDOWS\SYSTEM32\msdmo.dll
0x000007fd01d60000 - 0x000007fd01d8f000 	C:\Windows\System32\qcap.dll
0x000007fcf1460000 - 0x000007fcf1618000 	C:\Windows\System32\quartz.dll
0x000007fcf7e50000 - 0x000007fcf7e8f000 	C:\Windows\System32\ksproxy.ax
0x000007fcf5930000 - 0x000007fcf5937000 	C:\Windows\System32\ksuser.dll
0x000007fcf9950000 - 0x000007fcf9b50000 	C:\Windows\System32\d3d9.dll
0x000007fd05950000 - 0x000007fd0595c000 	C:\Windows\System32\vidcap.ax
0x000007fd01920000 - 0x000007fd01944000 	C:\Windows\System32\kswdmcap.ax
0x000007fcf2060000 - 0x000007fcf21b4000 	C:\Windows\System32\MFC42.dll
0x000007fcf41f0000 - 0x000007fcf42ae000 	C:\Windows\System32\ODBC32.dll
0x000007fcf3e30000 - 0x000007fcf3ec5000 	C:\Windows\System32\qedit.dll
0x000007fd0d210000 - 0x000007fd0d2b1000 	C:\WINDOWS\system32\COMDLG32.dll
0x000007fd0d370000 - 0x000007fd0d510000 	C:\WINDOWS\WinSxS\amd64_microsoft.windows.gdiplus_6595b64144ccf1df_1.1.9200.16384_none_72771d4ecc1c3a4d\gdiplus.dll
0x000007fcf0640000 - 0x000007fcf072a000 	C:\WINDOWS\SYSTEM32\DDRAW.dll
0x000007fd07de0000 - 0x000007fd07de8000 	C:\WINDOWS\SYSTEM32\DCIMAN32.dll
0x000000005b610000 - 0x000000005b644000 	F:\Program Files\Java\Jre7\bin\fontmanager.dll
0x000007fce6500000 - 0x000007fce7680000 	C:\WINDOWS\SYSTEM32\nvd3dumx.dll
0x000007fd0a900000 - 0x000007fd0a943000 	C:\WINDOWS\SYSTEM32\powrprof.dll
0x0000000180000000 - 0x0000000180116000 	C:\Program Files (x86)\NVIDIA Corporation\3D Vision\nvSCPAPI64.dll
0x000007fd07ef0000 - 0x000007fd07f64000 	C:\WINDOWS\SYSTEM32\dxgi.dll
0x000007fd06540000 - 0x000007fd06802000 	C:\WINDOWS\SYSTEM32\nvapi64.dll
0x000007fd07ed0000 - 0x000007fd07eef000 	C:\WINDOWS\SYSTEM32\DXGIDebug.dll
0x000000005dba0000 - 0x000000005dbb9000 	F:\Program Files\Java\Jre7\bin\net.dll
0x000007fd0a270000 - 0x000007fd0a2cc000 	C:\WINDOWS\system32\mswsock.dll
0x000000005db50000 - 0x000000005db61000 	F:\Program Files\Java\Jre7\bin\nio.dll
0x000000005b5c0000 - 0x000000005b601000 	F:\Program Files\Java\Jre7\bin\t2k.dll
0x000007fd08010000 - 0x000007fd0819a000 	C:\WINDOWS\SYSTEM32\WindowsCodecs.dll
0x000007fd0aa30000 - 0x000007fd0aa45000 	C:\WINDOWS\SYSTEM32\profapi.dll
0x000007fd07530000 - 0x000007fd07599000 	C:\WINDOWS\SYSTEM32\oleacc.dll
0x000000005afc0000 - 0x000000005afea000 	F:\Program Files\Java\Jre7\bin\dcpr.dll
0x000007fcf8620000 - 0x000007fcf8783000 	C:\WINDOWS\SYSTEM32\dbghelp.dll

VM Arguments:
jvm_args: -Dfile.encoding=Cp1252 
java_command: emcscanner.kth.se.Program
Launcher Type: SUN_STANDARD

Environment Variables:
PATH=C:\Program Files (x86)\NVIDIA Corporation\PhysX\Common;C:\WINDOWS\system32;C:\WINDOWS;C:\WINDOWS\System32\Wbem;C:\WINDOWS\System32\WindowsPowerShell\v1.0\;C:\Program Files (x86)\Microsoft SQL Server\90\Tools\binn\;C:\Program Files (x86)\Autodesk\Backburner\;F:\Program Files\MATLAB\R2012a\runtime\win64;F:\Program Files\MATLAB\R2012a\bin;C:\Program Files\Internet Explorer;C:\Program Files\Perforce;F:\Program Files\Perforce;C:\Program Files\Microsoft\Web Platform Installer\;C:\Program Files (x86)\Microsoft ASP.NET\ASP.NET Web Pages\v1.0\;C:\Program Files (x86)\Windows Kits\8.0\Windows Performance Toolkit\;C:\Program Files\Microsoft SQL Server\110\Tools\Binn\;F:\Program Files\Perforce\Server
USERNAME=Jonas
OS=Windows_NT
PROCESSOR_IDENTIFIER=Intel64 Family 6 Model 42 Stepping 7, GenuineIntel



---------------  S Y S T E M  ---------------

OS: Windows 8 , 64 bit Build 9200 

CPU:total 8 (4 cores per cpu, 2 threads per core) family 6 model 42 stepping 7, cmov, cx8, fxsr, mmx, sse, sse2, sse3, ssse3, sse4.1, sse4.2, popcnt, avx, ht, tsc, tscinvbit

Memory: 4k page, physical 16751668k(10547964k free), swap 33528884k(24924984k free)

vm_info: Java HotSpot(TM) 64-Bit Server VM (23.3-b01) for windows-amd64 JRE (1.7.0_07-b11), built on Sep  7 2012 01:19:25 by "java_re" with unknown MS VC++:1600

time: Sun Feb 03 22:35:52 2013
elapsed time: 7 seconds

