#
# A fatal error has been detected by the Java Runtime Environment:
#
#  EXCEPTION_ACCESS_VIOLATION (0xc0000005) at pc=0x000007ffd0028bc0, pid=7556, tid=8588
#
# JRE version: 7.0_07-b11
# Java VM: Java HotSpot(TM) 64-Bit Server VM (23.3-b01 mixed mode windows-amd64 compressed oops)
# Problematic frame:
# C  [ntdll.dll+0x18bc0]  RtlQueueWorkItem+0x8a0
#
# Failed to write core dump. Minidumps are not enabled by default on client versions of Windows
#
# If you would like to submit a bug report, please visit:
#   http://bugreport.sun.com/bugreport/crash.jsp
# The crash happened outside the Java Virtual Machine in native code.
# See problematic frame for where to report the bug.
#

---------------  T H R E A D  ---------------

Current thread (0x00000000131a0800):  JavaThread "threadDisplayCamera" daemon [_thread_in_native, id=8588, stack(0x0000000015b80000,0x0000000015c80000)]

siginfo: ExceptionCode=0xc0000005, writing address 0x0000000000000024

Registers:
RAX=0x0000000000000000, RBX=0x0000000014124c28, RCX=0x00000000fffffffc, RDX=0x0000000000000a20
RSP=0x0000000015c7f250, RBP=0x0000000000000000, RSI=0x0000000000000a20, RDI=0x0000000000000000
R8 =0xffffffffffffffff, R9 =0x0000000000000004, R10=0x0000000000000000, R11=0x0000000000000246
R12=0x0000000000000000, R13=0x0000000000000000, R14=0x000007f7980a0000, R15=0x0000000000000000
RIP=0x000007ffd0028bc0, EFLAGS=0x0000000000010213

Top of Stack: (sp=0x0000000015c7f250)
0x0000000015c7f250:   0000000000000a20 0000000001f864f0
0x0000000015c7f260:   4082480000000000 0000000000000000
0x0000000015c7f270:   4090400000000000 0000000000000000
0x0000000015c7f280:   0000000000000000 0000000000000000
0x0000000015c7f290:   0000000000000000 0000000000000000
0x0000000015c7f2a0:   0000000000000000 0000000000000000
0x0000000015c7f2b0:   0000000000000000 000007ffcd3610ea
0x0000000015c7f2c0:   0000000001c90000 0000000000000010
0x0000000015c7f2d0:   0000bdd55caa30d6 000007ffd00157c0
0x0000000015c7f2e0:   0000000000000004 0000000000000001
0x0000000015c7f2f0:   0000000019709050 00000000ff000000
0x0000000015c7f300:   0000000000000000 0000000000000000
0x0000000015c7f310:   000007f7980a0000 000007ffd001f4d4
0x0000000015c7f320:   0000000000000000 0000000000000000
0x0000000015c7f330:   0000000014124c28 0000000001f86b9e
0x0000000015c7f340:   0000000000000000 00000000131a09d8 

Instructions: (pc=0x000007ffd0028bc0)
0x000007ffd0028ba0:   43 08 a8 01 0f 85 bd 67 ff ff 8b c8 2b cd f0 0f
0x000007ffd0028bb0:   b1 4b 08 75 ea 48 8b 03 33 ed 48 83 f8 ff 74 03
0x000007ffd0028bc0:   ff 40 24 41 bf 82 03 fe 7f 41 80 3f 00 0f 85 69
0x000007ffd0028bd0:   7a 0e 00 48 83 fe ff 0f 84 bf 7a 0e 00 4c 8b c7 


Register to memory mapping:

RAX=0x0000000000000000 is an unknown value
RBX=0x0000000014124c28 is an unknown value
RCX=0x00000000fffffffc is an unknown value
RDX=0x0000000000000a20 is an unknown value
RSP=0x0000000015c7f250 is pointing into the stack for thread: 0x00000000131a0800
RBP=0x0000000000000000 is an unknown value
RSI=0x0000000000000a20 is an unknown value
RDI=0x0000000000000000 is an unknown value
R8 =0xffffffffffffffff is an unknown value
R9 =0x0000000000000004 is an unknown value
R10=0x0000000000000000 is an unknown value
R11=0x0000000000000246 is an unknown value
R12=0x0000000000000000 is an unknown value
R13=0x0000000000000000 is an unknown value
R14=0x000007f7980a0000 is an unknown value
R15=0x0000000000000000 is an unknown value


Stack: [0x0000000015b80000,0x0000000015c80000],  sp=0x0000000015c7f250,  free space=1020k
Native frames: (J=compiled Java code, j=interpreted, Vv=VM code, C=native code)
C  [ntdll.dll+0x18bc0]  RtlQueueWorkItem+0x8a0

[error occurred during error reporting (printing native stack), id 0xc0000005]

Java frames: (J=compiled Java code, j=interpreted, Vv=VM code)
j  com.googlecode.javacv.cpp.opencv_highgui.cvRetrieveFrame(Lcom/googlecode/javacv/cpp/opencv_highgui$CvCapture;I)Lcom/googlecode/javacv/cpp/opencv_core$IplImage;+0
j  com.googlecode.javacv.cpp.opencv_highgui.cvRetrieveFrame(Lcom/googlecode/javacv/cpp/opencv_highgui$CvCapture;)Lcom/googlecode/javacv/cpp/opencv_core$IplImage;+2
j  com.googlecode.javacv.OpenCVFrameGrabber.grab()Lcom/googlecode/javacv/cpp/opencv_core$IplImage;+4
j  emcscanner.kth.se.CameraPanel$1.run()V+15
v  ~StubRoutines::call_stub

---------------  P R O C E S S  ---------------

Java Threads: ( => current thread )
  0x000000001321f800 JavaThread "ICEpdf-pagePainter" daemon [_thread_blocked, id=4880, stack(0x0000000028470000,0x0000000028570000)]
  0x000000001321c800 JavaThread "ICEpdf-pageInitializer" daemon [_thread_blocked, id=3448, stack(0x0000000028240000,0x0000000028340000)]
  0x000000001321f000 JavaThread "DestroyJavaVM" [_thread_blocked, id=7376, stack(0x0000000001d80000,0x0000000001e80000)]
  0x000000001321a800 JavaThread "D3D Screen Updater" daemon [_thread_blocked, id=6160, stack(0x00000000254c0000,0x00000000255c0000)]
  0x000000001321e000 JavaThread "TimerQueue" daemon [_thread_blocked, id=3656, stack(0x0000000023d10000,0x0000000023e10000)]
  0x0000000014291000 JavaThread "threadDisplayDensity" daemon [_thread_blocked, id=6004, stack(0x000000001fef0000,0x000000001fff0000)]
  0x0000000014290000 JavaThread "AWT-EventQueue-0" [_thread_in_native, id=7100, stack(0x000000001e310000,0x000000001e410000)]
  0x000000001428f000 JavaThread "threadDisplay" daemon [_thread_blocked, id=3712, stack(0x000000001d7f0000,0x000000001d8f0000)]
  0x0000000014087000 JavaThread "threadDisplay" daemon [_thread_blocked, id=356, stack(0x000000001c0b0000,0x000000001c1b0000)]
  0x0000000014178800 JavaThread "AWT-Shutdown" [_thread_blocked, id=6992, stack(0x0000000015c80000,0x0000000015d80000)]
=>0x00000000131a0800 JavaThread "threadDisplayCamera" daemon [_thread_in_native, id=8588, stack(0x0000000015b80000,0x0000000015c80000)]
  0x00000000131a1000 JavaThread "AWT-Windows" daemon [_thread_in_native, id=8844, stack(0x0000000013a90000,0x0000000013b90000)]
  0x000000001319e800 JavaThread "Java2D Disposer" daemon [_thread_blocked, id=9196, stack(0x0000000013890000,0x0000000013990000)]
  0x0000000010aa2800 JavaThread "Service Thread" daemon [_thread_blocked, id=8344, stack(0x0000000012e90000,0x0000000012f90000)]
  0x0000000010a9c800 JavaThread "C2 CompilerThread1" daemon [_thread_blocked, id=1944, stack(0x0000000012d90000,0x0000000012e90000)]
  0x0000000010a99000 JavaThread "C2 CompilerThread0" daemon [_thread_blocked, id=8500, stack(0x0000000012c90000,0x0000000012d90000)]
  0x0000000010a98000 JavaThread "Attach Listener" daemon [_thread_blocked, id=8840, stack(0x0000000012b90000,0x0000000012c90000)]
  0x0000000010a8b000 JavaThread "Signal Dispatcher" daemon [_thread_blocked, id=4560, stack(0x0000000012a90000,0x0000000012b90000)]
  0x0000000010a2e800 JavaThread "Finalizer" daemon [_thread_blocked, id=5700, stack(0x0000000012990000,0x0000000012a90000)]
  0x0000000010a27000 JavaThread "Reference Handler" daemon [_thread_blocked, id=5592, stack(0x0000000012890000,0x0000000012990000)]

Other Threads:
  0x0000000010a22000 VMThread [stack: 0x0000000012790000,0x0000000012890000] [id=4292]
  0x0000000010abf000 WatcherThread [stack: 0x0000000012f90000,0x0000000013090000] [id=5300]

VM state:not at safepoint (normal execution)

VM Mutex/Monitor currently owned by a thread: None

Heap
 PSYoungGen      total 1281600K, used 139854K [0x00000007aacb0000, 0x0000000800000000, 0x0000000800000000)
  eden space 1173696K, 6% used [0x00000007aacb0000,0x00000007af1dd860,0x00000007f26e0000)
  from space 107904K, 63% used [0x00000007f26e0000,0x00000007f6a46338,0x00000007f9040000)
  to   space 107008K, 0% used [0x00000007f9780000,0x00000007f9780000,0x0000000800000000)
 ParOldGen       total 246336K, used 54173K [0x0000000700600000, 0x000000070f690000, 0x00000007aacb0000)
  object space 246336K, 21% used [0x0000000700600000,0x0000000703ae7498,0x000000070f690000)
 PSPermGen       total 38272K, used 18569K [0x00000006fb400000, 0x00000006fd960000, 0x0000000700600000)
  object space 38272K, 48% used [0x00000006fb400000,0x00000006fc622798,0x00000006fd960000)

Card table byte_map: [0x0000000005040000,0x0000000005870000] byte_map_base: 0x0000000001866000

Polling page: 0x0000000001c50000

Code Cache  [0x0000000001f80000, 0x00000000021f0000, 0x0000000004f80000)
 total_blobs=1266 nmethods=675 adapters=541 free_code_cache=46965Kb largest_free_block=48044096

Compilation events (10 events):
Event: 75.410 Thread 0x0000000010a99000  687             javax.swing.JComponent::repaint (16 bytes)
Event: 75.414 Thread 0x0000000010a99000 nmethod 687 0x00000000021a4090 code [0x00000000021a4240, 0x00000000021a4620]
Event: 76.189 Thread 0x0000000010a9c800  688             java.util.WeakHashMap::put (162 bytes)
Event: 76.194 Thread 0x0000000010a9c800 nmethod 688 0x00000000021a6150 code [0x00000000021a62e0, 0x00000000021a67c8]
Event: 76.725 Thread 0x0000000010a99000  689             javax.swing.text.AbstractDocument$AbstractElement::getAttribute (50 bytes)
Event: 76.731 Thread 0x0000000010a99000 nmethod 689 0x00000000021a81d0 code [0x00000000021a83c0, 0x00000000021a8ac0]
Event: 77.476 Thread 0x0000000010a9c800  690             java.awt.Component::setBoundsOp (51 bytes)
Event: 77.476 Thread 0x0000000010a9c800 nmethod 690 0x00000000021a3e90 code [0x00000000021a3fc0, 0x00000000021a4038]
Event: 78.236 Thread 0x0000000010a99000  691             java.awt.Component::isPreferredSizeSet (5 bytes)
Event: 78.237 Thread 0x0000000010a99000 nmethod 691 0x00000000021a3c90 code [0x00000000021a3dc0, 0x00000000021a3e18]

GC Heap History (10 events):
Event: 67.933 GC heap before
{Heap before GC invocations=35 (full 3):
 PSYoungGen      total 1237056K, used 1236653K [0x00000007aacb0000, 0x00000007ffaf0000, 0x0000000800000000)
  eden space 1171712K, 99% used [0x00000007aacb0000,0x00000007f249a500,0x00000007f24f0000)
  from space 65344K, 99% used [0x00000007f24f0000,0x00000007f64b1160,0x00000007f64c0000)
  to   space 109568K, 0% used [0x00000007f8ff0000,0x00000007f8ff0000,0x00000007ffaf0000)
 ParOldGen       total 200896K, used 172473K [0x0000000700600000, 0x000000070ca30000, 0x00000007aacb0000)
  object space 200896K, 85% used [0x0000000700600000,0x000000070ae6e7e8,0x000000070ca30000)
 PSPermGen       total 39808K, used 18560K [0x00000006fb400000, 0x00000006fdae0000, 0x0000000700600000)
  object space 39808K, 46% used [0x00000006fb400000,0x00000006fc620188,0x00000006fdae0000)
Event: 67.947 GC heap after
Heap after GC invocations=35 (full 3):
 PSYoungGen      total 1278144K, used 79818K [0x00000007aacb0000, 0x0000000800000000, 0x0000000800000000)
  eden space 1168576K, 0% used [0x00000007aacb0000,0x00000007aacb0000,0x00000007f21e0000)
  from space 109568K, 72% used [0x00000007f8ff0000,0x00000007fdde2840,0x00000007ffaf0000)
  to   space 112704K, 0% used [0x00000007f21e0000,0x00000007f21e0000,0x00000007f8ff0000)
 ParOldGen       total 200896K, used 172493K [0x0000000700600000, 0x000000070ca30000, 0x00000007aacb0000)
  object space 200896K, 85% used [0x0000000700600000,0x000000070ae737f8,0x000000070ca30000)
 PSPermGen       total 39808K, used 18560K [0x00000006fb400000, 0x00000006fdae0000, 0x0000000700600000)
  object space 39808K, 46% used [0x00000006fb400000,0x00000006fc620188,0x00000006fdae0000)
}
Event: 70.440 GC heap before
{Heap before GC invocations=36 (full 3):
 PSYoungGen      total 1278144K, used 1248092K [0x00000007aacb0000, 0x0000000800000000, 0x0000000800000000)
  eden space 1168576K, 99% used [0x00000007aacb0000,0x00000007f21948a8,0x00000007f21e0000)
  from space 109568K, 72% used [0x00000007f8ff0000,0x00000007fdde2840,0x00000007ffaf0000)
  to   space 112704K, 0% used [0x00000007f21e0000,0x00000007f21e0000,0x00000007f8ff0000)
 ParOldGen       total 200896K, used 174519K [0x0000000700600000, 0x000000070ca30000, 0x00000007aacb0000)
  object space 200896K, 86% used [0x0000000700600000,0x000000070b06dc08,0x000000070ca30000)
 PSPermGen       total 39808K, used 18560K [0x00000006fb400000, 0x00000006fdae0000, 0x0000000700600000)
  object space 39808K, 46% used [0x00000006fb400000,0x00000006fc620188,0x00000006fdae0000)
Event: 70.449 GC heap after
Heap after GC invocations=36 (full 3):
 PSYoungGen      total 1281280K, used 65408K [0x00000007aacb0000, 0x00000007ffd10000, 0x0000000800000000)
  eden space 1168576K, 0% used [0x00000007aacb0000,0x00000007aacb0000,0x00000007f21e0000)
  from space 112704K, 58% used [0x00000007f21e0000,0x00000007f61c0380,0x00000007f8ff0000)
  to   space 109632K, 0% used [0x00000007f9200000,0x00000007f9200000,0x00000007ffd10000)
 ParOldGen       total 200896K, used 174535K [0x0000000700600000, 0x000000070ca30000, 0x00000007aacb0000)
  object space 200896K, 86% used [0x0000000700600000,0x000000070b071c08,0x000000070ca30000)
 PSPermGen       total 39808K, used 18560K [0x00000006fb400000, 0x00000006fdae0000, 0x0000000700600000)
  object space 39808K, 46% used [0x00000006fb400000,0x00000006fc620188,0x00000006fdae0000)
}
Event: 73.001 GC heap before
{Heap before GC invocations=37 (full 4):
 PSYoungGen      total 1281280K, used 1233984K [0x00000007aacb0000, 0x00000007ffd10000, 0x0000000800000000)
  eden space 1168576K, 100% used [0x00000007aacb0000,0x00000007f21e0000,0x00000007f21e0000)
  from space 112704K, 58% used [0x00000007f21e0000,0x00000007f61c0380,0x00000007f8ff0000)
  to   space 109632K, 0% used [0x00000007f9200000,0x00000007f9200000,0x00000007ffd10000)
 ParOldGen       total 204736K, used 203561K [0x0000000700600000, 0x000000070cdf0000, 0x00000007aacb0000)
  object space 204736K, 99% used [0x0000000700600000,0x000000070ccca680,0x000000070cdf0000)
 PSPermGen       total 39808K, used 18566K [0x00000006fb400000, 0x00000006fdae0000, 0x0000000700600000)
  object space 39808K, 46% used [0x00000006fb400000,0x00000006fc621840,0x00000006fdae0000)
Event: 73.043 GC heap after
Heap after GC invocations=37 (full 4):
 PSYoungGen      total 1281280K, used 0K [0x00000007aacb0000, 0x00000007ffd10000, 0x0000000800000000)
  eden space 1168576K, 0% used [0x00000007aacb0000,0x00000007aacb0000,0x00000007f21e0000)
  from space 112704K, 0% used [0x00000007f21e0000,0x00000007f21e0000,0x00000007f8ff0000)
  to   space 109632K, 0% used [0x00000007f9200000,0x00000007f9200000,0x00000007ffd10000)
 ParOldGen       total 246336K, used 54173K [0x0000000700600000, 0x000000070f690000, 0x00000007aacb0000)
  object space 246336K, 21% used [0x0000000700600000,0x0000000703ae7498,0x000000070f690000)
 PSPermGen       total 38272K, used 18564K [0x00000006fb400000, 0x00000006fd960000, 0x0000000700600000)
  object space 38272K, 48% used [0x00000006fb400000,0x00000006fc6210e0,0x00000006fd960000)
}
Event: 75.567 GC heap before
{Heap before GC invocations=38 (full 4):
 PSYoungGen      total 1281280K, used 1165182K [0x00000007aacb0000, 0x00000007ffd10000, 0x0000000800000000)
  eden space 1168576K, 99% used [0x00000007aacb0000,0x00000007f1e8f9c8,0x00000007f21e0000)
  from space 112704K, 0% used [0x00000007f21e0000,0x00000007f21e0000,0x00000007f8ff0000)
  to   space 109632K, 0% used [0x00000007f9200000,0x00000007f9200000,0x00000007ffd10000)
 ParOldGen       total 246336K, used 54173K [0x0000000700600000, 0x000000070f690000, 0x00000007aacb0000)
  object space 246336K, 21% used [0x0000000700600000,0x0000000703ae7498,0x000000070f690000)
 PSPermGen       total 38272K, used 18567K [0x00000006fb400000, 0x00000006fd960000, 0x0000000700600000)
  object space 38272K, 48% used [0x00000006fb400000,0x00000006fc621cf8,0x00000006fd960000)
Event: 75.573 GC heap after
Heap after GC invocations=38 (full 4):
 PSYoungGen      total 1279808K, used 40698K [0x00000007aacb0000, 0x00000007ff9a0000, 0x0000000800000000)
  eden space 1173696K, 0% used [0x00000007aacb0000,0x00000007aacb0000,0x00000007f26e0000)
  from space 106112K, 38% used [0x00000007f9200000,0x00000007fb9be9f8,0x00000007ff9a0000)
  to   space 107904K, 0% used [0x00000007f26e0000,0x00000007f26e0000,0x00000007f9040000)
 ParOldGen       total 246336K, used 54173K [0x0000000700600000, 0x000000070f690000, 0x00000007aacb0000)
  object space 246336K, 21% used [0x0000000700600000,0x0000000703ae7498,0x000000070f690000)
 PSPermGen       total 38272K, used 18567K [0x00000006fb400000, 0x00000006fd960000, 0x0000000700600000)
  object space 38272K, 48% used [0x00000006fb400000,0x00000006fc621cf8,0x00000006fd960000)
}
Event: 78.932 GC heap before
{Heap before GC invocations=39 (full 4):
 PSYoungGen      total 1279808K, used 1212355K [0x00000007aacb0000, 0x00000007ff9a0000, 0x0000000800000000)
  eden space 1173696K, 99% used [0x00000007aacb0000,0x00000007f24e2250,0x00000007f26e0000)
  from space 106112K, 38% used [0x00000007f9200000,0x00000007fb9be9f8,0x00000007ff9a0000)
  to   space 107904K, 0% used [0x00000007f26e0000,0x00000007f26e0000,0x00000007f9040000)
 ParOldGen       total 246336K, used 54173K [0x0000000700600000, 0x000000070f690000, 0x00000007aacb0000)
  object space 246336K, 21% used [0x0000000700600000,0x0000000703ae7498,0x000000070f690000)
 PSPermGen       total 38272K, used 18569K [0x00000006fb400000, 0x00000006fd960000, 0x0000000700600000)
  object space 38272K, 48% used [0x00000006fb400000,0x00000006fc622798,0x00000006fd960000)
Event: 78.945 GC heap after
Heap after GC invocations=39 (full 4):
 PSYoungGen      total 1281600K, used 69016K [0x00000007aacb0000, 0x0000000800000000, 0x0000000800000000)
  eden space 1173696K, 0% used [0x00000007aacb0000,0x00000007aacb0000,0x00000007f26e0000)
  from space 107904K, 63% used [0x00000007f26e0000,0x00000007f6a46338,0x00000007f9040000)
  to   space 107008K, 0% used [0x00000007f9780000,0x00000007f9780000,0x0000000800000000)
 ParOldGen       total 246336K, used 54173K [0x0000000700600000, 0x000000070f690000, 0x00000007aacb0000)
  object space 246336K, 21% used [0x0000000700600000,0x0000000703ae7498,0x000000070f690000)
 PSPermGen       total 38272K, used 18569K [0x00000006fb400000, 0x00000006fd960000, 0x0000000700600000)
  object space 38272K, 48% used [0x00000006fb400000,0x00000006fc622798,0x00000006fd960000)
}

Deoptimization events (10 events):
Event: 4.490 Thread 0x000000001321f800 Uncommon trap -34 fr.pc 0x00000000020ac7c4
Event: 4.491 Thread 0x000000001321f800 Uncommon trap -34 fr.pc 0x00000000020ac7c4
Event: 12.692 Thread 0x00000000131a0800 Uncommon trap -12 fr.pc 0x0000000002077938
Event: 31.097 Thread 0x0000000014290000 Uncommon trap -83 fr.pc 0x00000000021331c4
Event: 33.260 Thread 0x0000000014290000 Uncommon trap -12 fr.pc 0x000000000211be44
Event: 33.433 Thread 0x0000000014290000 Uncommon trap -83 fr.pc 0x0000000002077270
Event: 33.433 Thread 0x0000000014290000 Uncommon trap -83 fr.pc 0x00000000020710f0
Event: 33.433 Thread 0x0000000014290000 Uncommon trap -83 fr.pc 0x0000000002103b94
Event: 33.433 Thread 0x0000000014290000 Uncommon trap -83 fr.pc 0x00000000020dc7b0
Event: 41.796 Thread 0x0000000014290000 Uncommon trap -83 fr.pc 0x000000000213827c

Internal exceptions (10 events):
Event: 33.433 Thread 0x0000000014290000 Implicit null exception at 0x0000000002077218 to 0x0000000002077266
Event: 33.433 Thread 0x0000000014290000 Implicit null exception at 0x0000000002071098 to 0x00000000020710e6
Event: 33.433 Thread 0x0000000014290000 Implicit null exception at 0x0000000002103b28 to 0x0000000002103b8a
Event: 33.433 Thread 0x0000000014290000 Implicit null exception at 0x00000000020dc758 to 0x00000000020dc7a6
Event: 36.028 Thread 0x0000000014290000 Threw 0x00000007bc345f10 at C:\jdk7u1_64p\jdk7u7\hotspot\src\share\vm\prims\jvm.cpp:1166
Event: 36.028 Thread 0x0000000014290000 Threw 0x00000007bc34b4e0 at C:\jdk7u1_64p\jdk7u7\hotspot\src\share\vm\prims\jvm.cpp:1166
Event: 36.029 Thread 0x0000000014290000 Threw 0x00000007bc354598 at C:\jdk7u1_64p\jdk7u7\hotspot\src\share\vm\prims\jni.cpp:742
Event: 36.029 Thread 0x0000000014290000 Threw 0x00000007bc354598 at C:\jdk7u1_64p\jdk7u7\hotspot\src\share\vm\prims\jvm.cpp:1170
Event: 36.029 Thread 0x0000000014290000 Threw 0x00000007bc354598 at C:\jdk7u1_64p\jdk7u7\hotspot\src\share\vm\prims\jvm.cpp:1170
Event: 41.737 Thread 0x0000000014290000 Threw 0x00000007bd3f13e8 at C:\jdk7u1_64p\jdk7u7\hotspot\src\share\vm\prims\jvm.cpp:1166

Events (10 events):
Event: 75.567 Executing VM operation: ParallelGCFailedAllocation
Event: 75.573 Executing VM operation: ParallelGCFailedAllocation done
Event: 78.175 Executing VM operation: BulkRevokeBias
Event: 78.175 Executing VM operation: BulkRevokeBias done
Event: 78.176 Executing VM operation: RevokeBias
Event: 78.176 Executing VM operation: RevokeBias done
Event: 78.296 Executing VM operation: BulkRevokeBias
Event: 78.296 Executing VM operation: BulkRevokeBias done
Event: 78.932 Executing VM operation: ParallelGCFailedAllocation
Event: 78.945 Executing VM operation: ParallelGCFailedAllocation done


Dynamic libraries:
0x000007f798e80000 - 0x000007f798eb4000 	F:\Program Files\Java\Jre7\bin\javaw.exe
0x000007ffd0010000 - 0x000007ffd01ce000 	C:\WINDOWS\SYSTEM32\ntdll.dll
0x000007ffcd650000 - 0x000007ffcd786000 	C:\WINDOWS\system32\KERNEL32.DLL
0x000007ffcd360000 - 0x000007ffcd453000 	C:\WINDOWS\system32\KERNELBASE.dll
0x000007ffcdad0000 - 0x000007ffcdbae000 	C:\WINDOWS\system32\ADVAPI32.dll
0x000007ffcf8a0000 - 0x000007ffcf9ec000 	C:\WINDOWS\system32\USER32.dll
0x000007ffca740000 - 0x000007ffca9a9000 	C:\WINDOWS\WinSxS\amd64_microsoft.windows.common-controls_6595b64144ccf1df_6.0.9200.16384_none_418c2a697189c07f\COMCTL32.dll
0x000007ffcd940000 - 0x000007ffcd9e5000 	C:\WINDOWS\system32\msvcrt.dll
0x000007ffcd460000 - 0x000007ffcd4a8000 	C:\WINDOWS\SYSTEM32\sechost.dll
0x000007ffcf760000 - 0x000007ffcf8a0000 	C:\WINDOWS\system32\RPCRT4.dll
0x000007ffcdec0000 - 0x000007ffce000000 	C:\WINDOWS\system32\GDI32.dll
0x000007ffcda90000 - 0x000007ffcdac9000 	C:\WINDOWS\system32\IMM32.DLL
0x000007ffcf9f0000 - 0x000007ffcfb05000 	C:\WINDOWS\system32\MSCTF.dll
0x000007ffccf00000 - 0x000007ffccf08000 	C:\PROGRA~2\NVIDIA~1\3DVISI~1\NVSTIN~1.DLL
0x000007ffcda80000 - 0x000007ffcda87000 	C:\WINDOWS\system32\PSAPI.DLL
0x0000000061700000 - 0x00000000617a3000 	C:\WINDOWS\WinSxS\amd64_microsoft.vc90.crt_1fc8b3b9a1e18e3b_9.0.30729.6871_none_08e717a5a83adddf\MSVCR90.dll
0x000000005f150000 - 0x000000005f221000 	F:\Program Files\Java\Jre7\bin\msvcr100.dll
0x000000005ea30000 - 0x000000005f14f000 	F:\Program Files\Java\Jre7\bin\server\jvm.dll
0x000007ffc53f0000 - 0x000007ffc53f9000 	C:\WINDOWS\SYSTEM32\WSOCK32.dll
0x000007ffca070000 - 0x000007ffca090000 	C:\WINDOWS\SYSTEM32\WINMM.dll
0x000007ffcffb0000 - 0x000007ffd0008000 	C:\WINDOWS\system32\WS2_32.dll
0x000007ffc9f70000 - 0x000007ffc9fa2000 	C:\WINDOWS\SYSTEM32\WINMMBASE.dll
0x000007ffcfb10000 - 0x000007ffcfb19000 	C:\WINDOWS\system32\NSI.dll
0x000000005ea20000 - 0x000000005ea2f000 	F:\Program Files\Java\Jre7\bin\verify.dll
0x000000005e9f0000 - 0x000000005ea18000 	F:\Program Files\Java\Jre7\bin\java.dll
0x000000005e9d0000 - 0x000000005e9e5000 	F:\Program Files\Java\Jre7\bin\zip.dll
0x000000005e7c0000 - 0x000000005e953000 	F:\Program Files\Java\Jre7\bin\awt.dll
0x000007ffcdbb0000 - 0x000007ffcdc73000 	C:\WINDOWS\system32\OLEAUT32.dll
0x000007ffcd790000 - 0x000007ffcd940000 	C:\WINDOWS\system32\combase.dll
0x000007ffc7130000 - 0x000007ffc71cf000 	C:\WINDOWS\system32\apphelp.dll
0x000007ffcbd00000 - 0x000007ffcbde3000 	C:\WINDOWS\system32\uxtheme.dll
0x000007ffc71e0000 - 0x000007ffc7275000 	C:\Program Files\Common Files\microsoft shared\ink\tiptsf.dll
0x000007ffcae20000 - 0x000007ffcae41000 	C:\WINDOWS\SYSTEM32\dwmapi.dll
0x000007ffce000000 - 0x000007ffce17e000 	C:\WINDOWS\system32\ole32.dll
0x000007ffccd70000 - 0x000007ffccd7a000 	C:\WINDOWS\SYSTEM32\CRYPTBASE.dll
0x000007ffcccf0000 - 0x000007ffccd4c000 	C:\WINDOWS\SYSTEM32\bcryptPrimitives.dll
0x000007ffce470000 - 0x000007ffcf758000 	C:\WINDOWS\system32\SHELL32.dll
0x000007ffcff60000 - 0x000007ffcffb0000 	C:\WINDOWS\system32\SHLWAPI.dll
0x000007ffcc0d0000 - 0x000007ffcc166000 	C:\WINDOWS\SYSTEM32\shcore.dll
0x00000000605d0000 - 0x0000000060668000 	C:\Windows\System32\msvcp100.dll
0x000007ffb1490000 - 0x000007ffb16e8000 	C:\opencv\build\x64\vc10\bin\opencv_core243.dll
0x000007ffc3eb0000 - 0x000007ffc3f45000 	C:\Users\Jonas\AppData\Local\Temp\javacpp100995403565882\jniopencv_core.dll
0x000007ffb11e0000 - 0x000007ffb1485000 	C:\opencv\build\x64\vc10\bin\opencv_imgproc243.dll
0x000007ffc3e60000 - 0x000007ffc3ea8000 	C:\Users\Jonas\AppData\Local\Temp\javacpp100995403565882\jniopencv_imgproc.dll
0x0000000066840000 - 0x00000000675ca000 	C:\opencv\build\x64\vc10\bin\opencv_ffmpeg243_64.dll
0x000007ffb0f90000 - 0x000007ffb11db000 	C:\opencv\build\x64\vc10\bin\opencv_highgui243.dll
0x000007ffc9d70000 - 0x000007ffc9d90000 	C:\WINDOWS\SYSTEM32\AVIFIL32.dll
0x000007ffc69e0000 - 0x000007ffc6a09000 	C:\WINDOWS\SYSTEM32\MSVFW32.dll
0x000007ffc6a10000 - 0x000007ffc6a27000 	C:\WINDOWS\SYSTEM32\AVICAP32.dll
0x000007ffba340000 - 0x000007ffba359000 	C:\WINDOWS\SYSTEM32\MSACM32.dll
0x000007ffcacb0000 - 0x000007ffcacb9000 	C:\WINDOWS\SYSTEM32\VERSION.dll
0x000007ffc6800000 - 0x000007ffc6813000 	C:\Users\Jonas\AppData\Local\Temp\javacpp100995403565882\jniopencv_highgui.dll
0x000007ffce1b0000 - 0x000007ffce246000 	C:\WINDOWS\SYSTEM32\clbcatq.dll
0x000007ffc6790000 - 0x000007ffc67a7000 	C:\Windows\System32\devenum.dll
0x000007ffcdc80000 - 0x000007ffcde50000 	C:\WINDOWS\system32\setupapi.dll
0x000007ffcd020000 - 0x000007ffcd06f000 	C:\WINDOWS\system32\CFGMGR32.dll
0x000007ffccff0000 - 0x000007ffcd012000 	C:\WINDOWS\system32\DEVOBJ.dll
0x000007ffc5fd0000 - 0x000007ffc5ffe000 	C:\WINDOWS\SYSTEM32\ntmarta.dll
0x000007ffcd070000 - 0x000007ffcd0c5000 	C:\WINDOWS\system32\WINTRUST.dll
0x000007ffcd0d0000 - 0x000007ffcd2a7000 	C:\WINDOWS\system32\CRYPT32.dll
0x000007ffccfd0000 - 0x000007ffccfe6000 	C:\WINDOWS\system32\MSASN1.dll
0x000007ffc68c0000 - 0x000007ffc68cd000 	C:\WINDOWS\SYSTEM32\msdmo.dll
0x000007ffc3e30000 - 0x000007ffc3e5f000 	C:\Windows\System32\qcap.dll
0x000007ffb1900000 - 0x000007ffb1ab8000 	C:\Windows\System32\quartz.dll
0x000007ffbc4d0000 - 0x000007ffbc50f000 	C:\Windows\System32\ksproxy.ax
0x000007ffba390000 - 0x000007ffba397000 	C:\Windows\System32\ksuser.dll
0x000007ffbbc60000 - 0x000007ffbbe60000 	C:\Windows\System32\d3d9.dll
0x000007ffc6780000 - 0x000007ffc678c000 	C:\Windows\System32\vidcap.ax
0x000007ffbc4a0000 - 0x000007ffbc4c4000 	C:\Windows\System32\kswdmcap.ax
0x000007ffb6280000 - 0x000007ffb63d4000 	C:\Windows\System32\MFC42.dll
0x000007ffb43e0000 - 0x000007ffb449e000 	C:\Windows\System32\ODBC32.dll
0x000007ffb7f20000 - 0x000007ffb7fb5000 	C:\Windows\System32\qedit.dll
0x000007ffcfeb0000 - 0x000007ffcff51000 	C:\WINDOWS\system32\COMDLG32.dll
0x000007ffcd4b0000 - 0x000007ffcd650000 	C:\WINDOWS\WinSxS\amd64_microsoft.windows.gdiplus_6595b64144ccf1df_1.1.9200.16384_none_72771d4ecc1c3a4d\gdiplus.dll
0x000007ffb38f0000 - 0x000007ffb39da000 	C:\WINDOWS\SYSTEM32\DDRAW.dll
0x000007ffc7970000 - 0x000007ffc7978000 	C:\WINDOWS\SYSTEM32\DCIMAN32.dll
0x000000005e780000 - 0x000000005e7b4000 	F:\Program Files\Java\Jre7\bin\fontmanager.dll
0x000007ffb4b50000 - 0x000007ffb5cd0000 	C:\WINDOWS\SYSTEM32\nvd3dumx.dll
0x000007ffccdf0000 - 0x000007ffcce33000 	C:\WINDOWS\SYSTEM32\powrprof.dll
0x0000000180000000 - 0x0000000180116000 	C:\Program Files (x86)\NVIDIA Corporation\3D Vision\nvSCPAPI64.dll
0x000007ffca330000 - 0x000007ffca3a4000 	C:\WINDOWS\SYSTEM32\dxgi.dll
0x000007ffc9a40000 - 0x000007ffc9d02000 	C:\WINDOWS\SYSTEM32\nvapi64.dll
0x000007ffc9f50000 - 0x000007ffc9f6f000 	C:\WINDOWS\SYSTEM32\DXGIDebug.dll
0x000000005e9b0000 - 0x000000005e9c9000 	F:\Program Files\Java\Jre7\bin\net.dll
0x000007ffcc760000 - 0x000007ffcc7bc000 	C:\WINDOWS\system32\mswsock.dll
0x000000005e990000 - 0x000000005e9a1000 	F:\Program Files\Java\Jre7\bin\nio.dll
0x000000005e730000 - 0x000000005e771000 	F:\Program Files\Java\Jre7\bin\t2k.dll
0x000007ffca9b0000 - 0x000007ffcab3a000 	C:\WINDOWS\SYSTEM32\WindowsCodecs.dll
0x000007ffccf20000 - 0x000007ffccf35000 	C:\WINDOWS\SYSTEM32\profapi.dll
0x000007ffc8ca0000 - 0x000007ffc8d09000 	C:\WINDOWS\SYSTEM32\oleacc.dll
0x000000005e700000 - 0x000000005e72a000 	F:\Program Files\Java\Jre7\bin\dcpr.dll
0x000007ffb60d0000 - 0x000007ffb6233000 	C:\WINDOWS\SYSTEM32\dbghelp.dll

VM Arguments:
jvm_args: -Dfile.encoding=Cp1252 
java_command: emcscanner.kth.se.Program
Launcher Type: SUN_STANDARD

Environment Variables:
PATH=C:\Program Files (x86)\NVIDIA Corporation\PhysX\Common;C:\WINDOWS\system32;C:\WINDOWS;C:\WINDOWS\System32\Wbem;C:\WINDOWS\System32\WindowsPowerShell\v1.0\;C:\Program Files (x86)\Microsoft SQL Server\90\Tools\binn\;C:\Program Files (x86)\Autodesk\Backburner\;F:\Program Files\MATLAB\R2012a\runtime\win64;F:\Program Files\MATLAB\R2012a\bin;C:\Program Files\Internet Explorer;C:\Program Files\Perforce;F:\Program Files\Perforce;C:\Program Files\Microsoft\Web Platform Installer\;C:\Program Files (x86)\Microsoft ASP.NET\ASP.NET Web Pages\v1.0\;C:\Program Files (x86)\Windows Kits\8.0\Windows Performance Toolkit\;C:\Program Files\Microsoft SQL Server\110\Tools\Binn\;F:\Program Files\Perforce\Server
USERNAME=Jonas
OS=Windows_NT
PROCESSOR_IDENTIFIER=Intel64 Family 6 Model 42 Stepping 7, GenuineIntel



---------------  S Y S T E M  ---------------

OS: Windows 8 , 64 bit Build 9200 

CPU:total 8 (4 cores per cpu, 2 threads per core) family 6 model 42 stepping 7, cmov, cx8, fxsr, mmx, sse, sse2, sse3, ssse3, sse4.1, sse4.2, popcnt, avx, ht, tsc, tscinvbit

Memory: 4k page, physical 16751668k(10218944k free), swap 33528884k(24680952k free)

vm_info: Java HotSpot(TM) 64-Bit Server VM (23.3-b01) for windows-amd64 JRE (1.7.0_07-b11), built on Sep  7 2012 01:19:25 by "java_re" with unknown MS VC++:1600

time: Tue Feb 05 20:46:23 2013
elapsed time: 79 seconds

