#
# A fatal error has been detected by the Java Runtime Environment:
#
#  EXCEPTION_ACCESS_VIOLATION (0xc0000005) at pc=0x00000000023857fa, pid=3440, tid=604
#
# JRE version: 7.0_07-b11
# Java VM: Java HotSpot(TM) 64-Bit Server VM (23.3-b01 mixed mode windows-amd64 compressed oops)
# Problematic frame:
# J  com.googlecode.javacv.cpp.opencv_core$IplImage.flipCopyWithGamma(Ljava/nio/ByteBuffer;ILjava/nio/ByteBuffer;IZDZI)V
#
# Failed to write core dump. Minidumps are not enabled by default on client versions of Windows
#
# If you would like to submit a bug report, please visit:
#   http://bugreport.sun.com/bugreport/crash.jsp
#

---------------  T H R E A D  ---------------

Current thread (0x0000000013462800):  JavaThread "threadDisplayCamera" daemon [_thread_in_Java, id=604, stack(0x0000000018340000,0x0000000018440000)]

siginfo: ExceptionCode=0xc0000005, reading address 0x00000000148c9000

Registers:
RAX=0x0000000000000000, RBX=0x00000000000e1000, RCX=0x0000000000000000, RDX=0x000000001488a040
RSP=0x000000001843ee80, RBP=0x00000007ab0f3ed8, RSI=0x00000007ada7a0a0, RDI=0x00000000000e1000
R8 =0x000000000003efc0, R9 =0x000000000003efc1, R10=0x000000000000077f, R11=0x00000000000e1000
R12=0x0000000000000000, R13=0x000000000003efc0, R14=0x00000000000002bf, R15=0x0000000013462800
RIP=0x00000000023857fa, EFLAGS=0x0000000000010203

Top of Stack: (sp=0x000000001843ee80)
0x000000001843ee80:   00000007ada7a0a0 00000000000e1000
0x000000001843ee90:   00000000000e1000 0000000000000000
0x000000001843eea0:   3ff0000000000000 00000007ab0f3e98
0x000000001843eeb0:   00000007ab0f3ed8 3ff0000000000000
0x000000001843eec0:   0003ed0000000000 df6aba820003ed00
0x000000001843eed0:   00000780df6c66a9 0000000000000780
0x000000001843eee0:   00000007ab0f3f08 00000780ffffffff
0x000000001843eef0:   00000007ab0f3ed8 00000007ab0f3e98
0x000000001843ef00:   00000000f5b4f414 0000000000000000
0x000000001843ef10:   00000007ada7a0a0 00000007ab0f3ed8
0x000000001843ef20:   00000007ab0f3ed8 000000001843ef28
0x000000001843ef30:   000000001843efe8 00000000022361f8
0x000000001843ef40:   0000000000000000 00000006fc417b68
0x000000001843ef50:   00000006fb555c58 00000000022361f8
0x000000001843ef60:   0000000000000000 0000000000000000
0x000000001843ef70:   3ff0000000000000 0000000000000000 

Instructions: (pc=0x00000000023857fa)
0x00000000023857da:   10 44 3b c7 0f 8d 26 01 00 00 45 8b c8 41 ff c1
0x00000000023857ea:   44 89 4d 18 48 8b 6c 24 70 44 8b 6d 18 4d 63 c0
0x00000000023857fa:   42 0f b6 04 02 44 3b eb 0f 8d 32 01 00 00 45 8b
0x000000000238580a:   cd 44 03 c9 41 ff c5 44 89 6d 18 45 3b cb 0f 83 


Register to memory mapping:

RAX=0x0000000000000000 is an unknown value
RBX=0x00000000000e1000 is an unknown value
RCX=0x0000000000000000 is an unknown value
RDX=0x000000001488a040 is an unknown value
RSP=0x000000001843ee80 is pointing into the stack for thread: 0x0000000013462800
RBP=0x00000007ab0f3ed8 is an oop
java.nio.HeapByteBuffer 
 - klass: 'java/nio/HeapByteBuffer'
RSI=0x00000007ada7a0a0 is an oop
[B 
 - klass: {type array byte}
 - length: 921600
RDI=0x00000000000e1000 is an unknown value
R8 =0x000000000003efc0 is an unknown value
R9 =0x000000000003efc1 is an unknown value
R10=0x000000000000077f is an unknown value
R11=0x00000000000e1000 is an unknown value
R12=0x0000000000000000 is an unknown value
R13=0x000000000003efc0 is an unknown value
R14=0x00000000000002bf is an unknown value
R15=0x0000000013462800 is a thread


Stack: [0x0000000018340000,0x0000000018440000],  sp=0x000000001843ee80,  free space=1019k
Native frames: (J=compiled Java code, j=interpreted, Vv=VM code, C=native code)
J  com.googlecode.javacv.cpp.opencv_core$IplImage.flipCopyWithGamma(Ljava/nio/ByteBuffer;ILjava/nio/ByteBuffer;IZDZI)V


---------------  P R O C E S S  ---------------

Java Threads: ( => current thread )
  0x00000000179c2000 JavaThread "ICEpdf-pagePainter" daemon [_thread_blocked, id=4744, stack(0x0000000022760000,0x0000000022860000)]
  0x00000000179b6800 JavaThread "ICEpdf-pageInitializer" daemon [_thread_blocked, id=8860, stack(0x0000000022530000,0x0000000022630000)]
  0x00000000179b9000 JavaThread "DestroyJavaVM" [_thread_blocked, id=7428, stack(0x0000000002030000,0x0000000002130000)]
  0x0000000013464000 JavaThread "D3D Screen Updater" daemon [_thread_blocked, id=5308, stack(0x0000000020350000,0x0000000020450000)]
  0x0000000013465800 JavaThread "TimerQueue" daemon [_thread_blocked, id=552, stack(0x000000001e8c0000,0x000000001e9c0000)]
  0x0000000013468800 JavaThread "threadDisplayDensity" daemon [_thread_blocked, id=8360, stack(0x000000001ac60000,0x000000001ad60000)]
  0x0000000013466000 JavaThread "AWT-EventQueue-0" [_thread_in_native, id=8864, stack(0x000000001ab60000,0x000000001ac60000)]
  0x0000000013467800 JavaThread "threadDisplay" daemon [_thread_blocked, id=9528, stack(0x000000001aa60000,0x000000001ab60000)]
  0x0000000013463000 JavaThread "AWT-Shutdown" [_thread_blocked, id=8052, stack(0x0000000018440000,0x0000000018540000)]
=>0x0000000013462800 JavaThread "threadDisplayCamera" daemon [_thread_in_Java, id=604, stack(0x0000000018340000,0x0000000018440000)]
  0x0000000013461800 JavaThread "AWT-Windows" daemon [_thread_in_native, id=6420, stack(0x0000000013d50000,0x0000000013e50000)]
  0x0000000013464800 JavaThread "Java2D Disposer" daemon [_thread_blocked, id=8904, stack(0x0000000013b50000,0x0000000013c50000)]
  0x0000000010d57000 JavaThread "Service Thread" daemon [_thread_blocked, id=8976, stack(0x0000000013150000,0x0000000013250000)]
  0x0000000010d4e000 JavaThread "C2 CompilerThread1" daemon [_thread_blocked, id=7656, stack(0x0000000013050000,0x0000000013150000)]
  0x0000000010d49000 JavaThread "C2 CompilerThread0" daemon [_thread_blocked, id=8232, stack(0x0000000012f50000,0x0000000013050000)]
  0x0000000010d48800 JavaThread "Attach Listener" daemon [_thread_blocked, id=9568, stack(0x0000000012e50000,0x0000000012f50000)]
  0x0000000010d3b800 JavaThread "Signal Dispatcher" daemon [_thread_blocked, id=9472, stack(0x0000000012d50000,0x0000000012e50000)]
  0x0000000010cdf800 JavaThread "Finalizer" daemon [_thread_blocked, id=8912, stack(0x0000000012c50000,0x0000000012d50000)]
  0x0000000010cd8000 JavaThread "Reference Handler" daemon [_thread_blocked, id=3232, stack(0x0000000012b50000,0x0000000012c50000)]

Other Threads:
  0x0000000010cd3000 VMThread [stack: 0x0000000012a50000,0x0000000012b50000] [id=5332]
  0x0000000010d71800 WatcherThread [stack: 0x0000000013250000,0x0000000013350000] [id=40]

VM state:not at safepoint (normal execution)

VM Mutex/Monitor currently owned by a thread: None

Heap
 PSYoungGen      total 76352K, used 58653K [0x00000007aacb0000, 0x00000007b41d0000, 0x0000000800000000)
  eden space 65472K, 72% used [0x00000007aacb0000,0x00000007adb5b0b0,0x00000007aeca0000)
  from space 10880K, 99% used [0x00000007aeca0000,0x00000007af73c4e0,0x00000007af740000)
  to   space 10880K, 0% used [0x00000007b3730000,0x00000007b3730000,0x00000007b41d0000)
 ParOldGen       total 174528K, used 30111K [0x0000000700600000, 0x000000070b070000, 0x00000007aacb0000)
  object space 174528K, 17% used [0x0000000700600000,0x0000000702367db0,0x000000070b070000)
 PSPermGen       total 21248K, used 17941K [0x00000006fb400000, 0x00000006fc8c0000, 0x0000000700600000)
  object space 21248K, 84% used [0x00000006fb400000,0x00000006fc585608,0x00000006fc8c0000)

Card table byte_map: [0x00000000052f0000,0x0000000005b20000] byte_map_base: 0x0000000001b16000

Polling page: 0x0000000001eb0000

Code Cache  [0x0000000002230000, 0x00000000024a0000, 0x0000000005230000)
 total_blobs=840 nmethods=251 adapters=540 free_code_cache=47819Kb largest_free_block=48923200

Compilation events (10 events):
Event: 6.170 Thread 0x0000000010d49000  254             java.nio.HeapByteBuffer::put (16 bytes)
Event: 6.171 Thread 0x0000000010d49000 nmethod 254 0x00000000022f8a50 code [0x00000000022f8b80, 0x00000000022f8c58]
Event: 6.171 Thread 0x0000000010d4e000    5 %           com.googlecode.javacv.cpp.opencv_core$IplImage::flipCopyWithGamma @ 484 (608 bytes)
Event: 6.195 Thread 0x0000000010d49000  255             java.nio.Buffer::capacity (5 bytes)
Event: 6.196 Thread 0x0000000010d49000 nmethod 255 0x0000000002373fd0 code [0x0000000002374100, 0x0000000002374158]
Event: 6.199 Thread 0x0000000010d4e000 nmethod 5% 0x00000000023800d0 code [0x00000000023803a0, 0x0000000002381da0]
Event: 7.207 Thread 0x0000000010d49000  256             com.googlecode.javacv.cpp.opencv_core$IplImage::flipCopyWithGamma (608 bytes)
Event: 7.247 Thread 0x0000000010d49000 nmethod 256 0x0000000002385190 code [0x0000000002385440, 0x0000000002387160]
Event: 7.822 Thread 0x0000000010d4e000  257             java.awt.Container::findComponentAtImpl (315 bytes)
Event: 7.834 Thread 0x0000000010d4e000 nmethod 257 0x000000000237e310 code [0x000000000237e520, 0x000000000237f3a8]

GC Heap History (6 events):
Event: 4.781 GC heap before
{Heap before GC invocations=1 (full 0):
 PSYoungGen      total 76352K, used 65472K [0x00000007aacb0000, 0x00000007b01e0000, 0x0000000800000000)
  eden space 65472K, 100% used [0x00000007aacb0000,0x00000007aeca0000,0x00000007aeca0000)
  from space 10880K, 0% used [0x00000007af740000,0x00000007af740000,0x00000007b01e0000)
  to   space 10880K, 0% used [0x00000007aeca0000,0x00000007aeca0000,0x00000007af740000)
 ParOldGen       total 174528K, used 0K [0x0000000700600000, 0x000000070b070000, 0x00000007aacb0000)
  object space 174528K, 0% used [0x0000000700600000,0x0000000700600000,0x000000070b070000)
 PSPermGen       total 21248K, used 17228K [0x00000006fb400000, 0x00000006fc8c0000, 0x0000000700600000)
  object space 21248K, 81% used [0x00000006fb400000,0x00000006fc4d32b8,0x00000006fc8c0000)
Event: 4.789 GC heap after
Heap after GC invocations=1 (full 0):
 PSYoungGen      total 76352K, used 8266K [0x00000007aacb0000, 0x00000007b01e0000, 0x0000000800000000)
  eden space 65472K, 0% used [0x00000007aacb0000,0x00000007aacb0000,0x00000007aeca0000)
  from space 10880K, 75% used [0x00000007aeca0000,0x00000007af4b2a98,0x00000007af740000)
  to   space 10880K, 0% used [0x00000007af740000,0x00000007af740000,0x00000007b01e0000)
 ParOldGen       total 174528K, used 8K [0x0000000700600000, 0x000000070b070000, 0x00000007aacb0000)
  object space 174528K, 0% used [0x0000000700600000,0x0000000700602000,0x000000070b070000)
 PSPermGen       total 21248K, used 17228K [0x00000006fb400000, 0x00000006fc8c0000, 0x0000000700600000)
  object space 21248K, 81% used [0x00000006fb400000,0x00000006fc4d32b8,0x00000006fc8c0000)
}
Event: 9.254 GC heap before
{Heap before GC invocations=2 (full 0):
 PSYoungGen      total 76352K, used 73566K [0x00000007aacb0000, 0x00000007b01e0000, 0x0000000800000000)
  eden space 65472K, 99% used [0x00000007aacb0000,0x00000007aec74ed0,0x00000007aeca0000)
  from space 10880K, 75% used [0x00000007aeca0000,0x00000007af4b2a98,0x00000007af740000)
  to   space 10880K, 0% used [0x00000007af740000,0x00000007af740000,0x00000007b01e0000)
 ParOldGen       total 174528K, used 8K [0x0000000700600000, 0x000000070b070000, 0x00000007aacb0000)
  object space 174528K, 0% used [0x0000000700600000,0x0000000700602000,0x000000070b070000)
 PSPermGen       total 21248K, used 17940K [0x00000006fb400000, 0x00000006fc8c0000, 0x0000000700600000)
  object space 21248K, 84% used [0x00000006fb400000,0x00000006fc585270,0x00000006fc8c0000)
Event: 9.264 GC heap after
Heap after GC invocations=2 (full 0):
 PSYoungGen      total 76352K, used 10863K [0x00000007aacb0000, 0x00000007b01e0000, 0x0000000800000000)
  eden space 65472K, 0% used [0x00000007aacb0000,0x00000007aacb0000,0x00000007aeca0000)
  from space 10880K, 99% used [0x00000007af740000,0x00000007b01dbde8,0x00000007b01e0000)
  to   space 10880K, 0% used [0x00000007aeca0000,0x00000007aeca0000,0x00000007af740000)
 ParOldGen       total 174528K, used 14859K [0x0000000700600000, 0x000000070b070000, 0x00000007aacb0000)
  object space 174528K, 8% used [0x0000000700600000,0x0000000701482f78,0x000000070b070000)
 PSPermGen       total 21248K, used 17940K [0x00000006fb400000, 0x00000006fc8c0000, 0x0000000700600000)
  object space 21248K, 84% used [0x00000006fb400000,0x00000006fc585270,0x00000006fc8c0000)
}
Event: 9.349 GC heap before
{Heap before GC invocations=3 (full 0):
 PSYoungGen      total 76352K, used 75589K [0x00000007aacb0000, 0x00000007b01e0000, 0x0000000800000000)
  eden space 65472K, 98% used [0x00000007aacb0000,0x00000007aebe5948,0x00000007aeca0000)
  from space 10880K, 99% used [0x00000007af740000,0x00000007b01dbde8,0x00000007b01e0000)
  to   space 10880K, 0% used [0x00000007aeca0000,0x00000007aeca0000,0x00000007af740000)
 ParOldGen       total 174528K, used 14859K [0x0000000700600000, 0x000000070b070000, 0x00000007aacb0000)
  object space 174528K, 8% used [0x0000000700600000,0x0000000701482f78,0x000000070b070000)
 PSPermGen       total 21248K, used 17940K [0x00000006fb400000, 0x00000006fc8c0000, 0x0000000700600000)
  object space 21248K, 84% used [0x00000006fb400000,0x00000006fc5853c0,0x00000006fc8c0000)
Event: 9.356 GC heap after
Heap after GC invocations=3 (full 0):
 PSYoungGen      total 76352K, used 10865K [0x00000007aacb0000, 0x00000007b41d0000, 0x0000000800000000)
  eden space 65472K, 0% used [0x00000007aacb0000,0x00000007aacb0000,0x00000007aeca0000)
  from space 10880K, 99% used [0x00000007aeca0000,0x00000007af73c4e0,0x00000007af740000)
  to   space 10880K, 0% used [0x00000007b3730000,0x00000007b3730000,0x00000007b41d0000)
 ParOldGen       total 174528K, used 30111K [0x0000000700600000, 0x000000070b070000, 0x00000007aacb0000)
  object space 174528K, 17% used [0x0000000700600000,0x0000000702367db0,0x000000070b070000)
 PSPermGen       total 21248K, used 17940K [0x00000006fb400000, 0x00000006fc8c0000, 0x0000000700600000)
  object space 21248K, 84% used [0x00000006fb400000,0x00000006fc5853c0,0x00000006fc8c0000)
}

Deoptimization events (10 events):
Event: 4.607 Thread 0x0000000013466000 Uncommon trap -83 fr.pc 0x00000000022f4e04
Event: 4.678 Thread 0x00000000179b6800 Uncommon trap -83 fr.pc 0x00000000022f8b74
Event: 4.728 Thread 0x00000000179b6800 Uncommon trap -83 fr.pc 0x00000000022f30c4
Event: 4.741 Thread 0x00000000179b6800 Uncommon trap -83 fr.pc 0x000000000232ae28
Event: 4.802 Thread 0x00000000179b6800 Uncommon trap -83 fr.pc 0x00000000022af4c8
Event: 4.829 Thread 0x00000000179b6800 Uncommon trap -83 fr.pc 0x0000000002317658
Event: 5.022 Thread 0x00000000179c2000 Uncommon trap -34 fr.pc 0x000000000234a4c4
Event: 5.022 Thread 0x00000000179c2000 Uncommon trap -34 fr.pc 0x000000000234a4c4
Event: 5.022 Thread 0x00000000179c2000 Uncommon trap -34 fr.pc 0x000000000234a4c4
Event: 5.022 Thread 0x00000000179c2000 Uncommon trap -34 fr.pc 0x000000000234a4c4

Internal exceptions (10 events):
Event: 4.839 Thread 0x00000000179b6800 Threw 0x00000007ab44bbd0 at C:\jdk7u1_64p\jdk7u7\hotspot\src\share\vm\prims\jvm.cpp:1166
Event: 4.871 Thread 0x00000000179b6800 Threw 0x00000007ab629f40 at C:\jdk7u1_64p\jdk7u7\hotspot\src\share\vm\prims\jvm.cpp:1166
Event: 4.872 Thread 0x00000000179b6800 Threw 0x00000007ab62cd10 at C:\jdk7u1_64p\jdk7u7\hotspot\src\share\vm\prims\jvm.cpp:1166
Event: 4.874 Thread 0x00000000179b6800 Threw 0x00000007ab63d178 at C:\jdk7u1_64p\jdk7u7\hotspot\src\share\vm\prims\jvm.cpp:1166
Event: 4.874 Thread 0x00000000179b6800 Threw 0x00000007ab63ff48 at C:\jdk7u1_64p\jdk7u7\hotspot\src\share\vm\prims\jvm.cpp:1166
Event: 4.875 Thread 0x00000000179b6800 Threw 0x00000007ab6430f8 at C:\jdk7u1_64p\jdk7u7\hotspot\src\share\vm\prims\jvm.cpp:1166
Event: 4.875 Thread 0x00000000179b6800 Threw 0x00000007ab645ec8 at C:\jdk7u1_64p\jdk7u7\hotspot\src\share\vm\prims\jvm.cpp:1166
Event: 5.008 Thread 0x00000000179c2000 Threw 0x00000007abc49e08 at C:\jdk7u1_64p\jdk7u7\hotspot\src\share\vm\prims\jvm.cpp:1166
Event: 5.012 Thread 0x00000000179c2000 Threw 0x00000007abc5a698 at C:\jdk7u1_64p\jdk7u7\hotspot\src\share\vm\prims\jvm.cpp:1166
Event: 5.209 Thread 0x00000000179c2000 Threw 0x00000007ac7e0ae8 at C:\jdk7u1_64p\jdk7u7\hotspot\src\share\vm\prims\jvm.cpp:1166

Events (10 events):
Event: 9.267 Executing VM operation: RevokeBias
Event: 9.267 Executing VM operation: RevokeBias done
Event: 9.267 Executing VM operation: BulkRevokeBias
Event: 9.267 Executing VM operation: BulkRevokeBias done
Event: 9.267 Executing VM operation: RevokeBias
Event: 9.267 Executing VM operation: RevokeBias done
Event: 9.267 Executing VM operation: RevokeBias
Event: 9.267 Executing VM operation: RevokeBias done
Event: 9.349 Executing VM operation: ParallelGCFailedAllocation
Event: 9.356 Executing VM operation: ParallelGCFailedAllocation done


Dynamic libraries:
0x000007f662880000 - 0x000007f6628b4000 	F:\Program Files\Java\Jre7\bin\javaw.exe
0x000007fd0db20000 - 0x000007fd0dcde000 	C:\WINDOWS\SYSTEM32\ntdll.dll
0x000007fd0c680000 - 0x000007fd0c7b6000 	C:\WINDOWS\system32\KERNEL32.DLL
0x000007fd0ab00000 - 0x000007fd0abf3000 	C:\WINDOWS\system32\KERNELBASE.dll
0x000007fd0c260000 - 0x000007fd0c33e000 	C:\WINDOWS\system32\ADVAPI32.dll
0x000007fd0c460000 - 0x000007fd0c5ac000 	C:\WINDOWS\system32\USER32.dll
0x000007fd082b0000 - 0x000007fd08519000 	C:\WINDOWS\WinSxS\amd64_microsoft.windows.common-controls_6595b64144ccf1df_6.0.9200.16384_none_418c2a697189c07f\COMCTL32.dll
0x000007fd0c7c0000 - 0x000007fd0c865000 	C:\WINDOWS\system32\msvcrt.dll
0x000007fd0cdf0000 - 0x000007fd0ce38000 	C:\WINDOWS\SYSTEM32\sechost.dll
0x000007fd0c870000 - 0x000007fd0c9b0000 	C:\WINDOWS\system32\RPCRT4.dll
0x000007fd0d520000 - 0x000007fd0d660000 	C:\WINDOWS\system32\GDI32.dll
0x000007fd0c620000 - 0x000007fd0c659000 	C:\WINDOWS\system32\IMM32.DLL
0x000007fd0c340000 - 0x000007fd0c455000 	C:\WINDOWS\system32\MSCTF.dll
0x000007fd0aa10000 - 0x000007fd0aa18000 	C:\PROGRA~2\NVIDIA~1\3DVISI~1\NVSTIN~1.DLL
0x000007fd0d510000 - 0x000007fd0d517000 	C:\WINDOWS\system32\PSAPI.DLL
0x000000005e410000 - 0x000000005e4b3000 	C:\WINDOWS\WinSxS\amd64_microsoft.vc90.crt_1fc8b3b9a1e18e3b_9.0.30729.6871_none_08e717a5a83adddf\MSVCR90.dll
0x000000005d880000 - 0x000000005d951000 	F:\Program Files\Java\Jre7\bin\msvcr100.dll
0x000000005c090000 - 0x000000005c7af000 	F:\Program Files\Java\Jre7\bin\server\jvm.dll
0x000007fd02f00000 - 0x000007fd02f09000 	C:\WINDOWS\SYSTEM32\WSOCK32.dll
0x000007fd07b90000 - 0x000007fd07bb0000 	C:\WINDOWS\SYSTEM32\WINMM.dll
0x000007fd0c5b0000 - 0x000007fd0c608000 	C:\WINDOWS\system32\WS2_32.dll
0x000007fd07a80000 - 0x000007fd07ab2000 	C:\WINDOWS\SYSTEM32\WINMMBASE.dll
0x000007fd0d360000 - 0x000007fd0d369000 	C:\WINDOWS\system32\NSI.dll
0x000000005dc10000 - 0x000000005dc1f000 	F:\Program Files\Java\Jre7\bin\verify.dll
0x000000005dbe0000 - 0x000000005dc08000 	F:\Program Files\Java\Jre7\bin\java.dll
0x000000005dbc0000 - 0x000000005dbd5000 	F:\Program Files\Java\Jre7\bin\zip.dll
0x000000005b300000 - 0x000000005b493000 	F:\Program Files\Java\Jre7\bin\awt.dll
0x000007fd0d830000 - 0x000007fd0d8f3000 	C:\WINDOWS\system32\OLEAUT32.dll
0x000007fd0cc40000 - 0x000007fd0cdf0000 	C:\WINDOWS\system32\combase.dll
0x000007fd04cf0000 - 0x000007fd04d8f000 	C:\WINDOWS\system32\apphelp.dll
0x000007fd09810000 - 0x000007fd098f3000 	C:\WINDOWS\system32\uxtheme.dll
0x000007fd08210000 - 0x000007fd082a5000 	C:\Program Files\Common Files\microsoft shared\ink\tiptsf.dll
0x000007fd088b0000 - 0x000007fd088d1000 	C:\WINDOWS\SYSTEM32\dwmapi.dll
0x000007fd0d090000 - 0x000007fd0d20e000 	C:\WINDOWS\system32\ole32.dll
0x000007fd0a860000 - 0x000007fd0a86a000 	C:\WINDOWS\SYSTEM32\CRYPTBASE.dll
0x000007fd0a800000 - 0x000007fd0a85c000 	C:\WINDOWS\SYSTEM32\bcryptPrimitives.dll
0x000007fd0af70000 - 0x000007fd0c258000 	C:\WINDOWS\system32\SHELL32.dll
0x000007fd0cb80000 - 0x000007fd0cbd0000 	C:\WINDOWS\system32\SHLWAPI.dll
0x000007fd09be0000 - 0x000007fd09c76000 	C:\WINDOWS\SYSTEM32\shcore.dll
0x000000005d2e0000 - 0x000000005d378000 	C:\Windows\System32\msvcp100.dll
0x000007fcf1f60000 - 0x000007fcf21b8000 	C:\opencv\build\x64\vc10\bin\opencv_core243.dll
0x000007fd01cf0000 - 0x000007fd01d85000 	C:\Users\Jonas\AppData\Local\Temp\javacpp104411993426049\jniopencv_core.dll
0x000007fcf10b0000 - 0x000007fcf1355000 	C:\opencv\build\x64\vc10\bin\opencv_imgproc243.dll
0x000007fd01ca0000 - 0x000007fd01ce8000 	C:\Users\Jonas\AppData\Local\Temp\javacpp104411993426049\jniopencv_imgproc.dll
0x0000000066840000 - 0x00000000675ca000 	C:\opencv\build\x64\vc10\bin\opencv_ffmpeg243_64.dll
0x000007fcf0c80000 - 0x000007fcf0ecb000 	C:\opencv\build\x64\vc10\bin\opencv_highgui243.dll
0x000007fd043e0000 - 0x000007fd04400000 	C:\WINDOWS\SYSTEM32\AVIFIL32.dll
0x000007fd07af0000 - 0x000007fd07b19000 	C:\WINDOWS\SYSTEM32\MSVFW32.dll
0x000007fd081c0000 - 0x000007fd081d7000 	C:\WINDOWS\SYSTEM32\AVICAP32.dll
0x000007fcf6150000 - 0x000007fcf6169000 	C:\WINDOWS\SYSTEM32\MSACM32.dll
0x000007fd07db0000 - 0x000007fd07db9000 	C:\WINDOWS\SYSTEM32\VERSION.dll
0x000007fd04350000 - 0x000007fd04363000 	C:\Users\Jonas\AppData\Local\Temp\javacpp104411993426049\jniopencv_highgui.dll
0x000007fd0d2c0000 - 0x000007fd0d356000 	C:\WINDOWS\SYSTEM32\clbcatq.dll
0x000007fd01c80000 - 0x000007fd01c97000 	C:\Windows\System32\devenum.dll
0x000007fd0c9b0000 - 0x000007fd0cb80000 	C:\WINDOWS\system32\setupapi.dll
0x000007fd0ad10000 - 0x000007fd0ad5f000 	C:\WINDOWS\system32\CFGMGR32.dll
0x000007fd0af40000 - 0x000007fd0af62000 	C:\WINDOWS\system32\DEVOBJ.dll
0x000007fd03ae0000 - 0x000007fd03b0e000 	C:\WINDOWS\SYSTEM32\ntmarta.dll
0x000007fd0ac00000 - 0x000007fd0ac55000 	C:\WINDOWS\system32\WINTRUST.dll
0x000007fd0ad60000 - 0x000007fd0af37000 	C:\WINDOWS\system32\CRYPT32.dll
0x000007fd0aae0000 - 0x000007fd0aaf6000 	C:\WINDOWS\system32\MSASN1.dll
0x000007fd05950000 - 0x000007fd0595d000 	C:\WINDOWS\SYSTEM32\msdmo.dll
0x000007fd01c50000 - 0x000007fd01c7f000 	C:\Windows\System32\qcap.dll
0x000007fcf1460000 - 0x000007fcf1618000 	C:\Windows\System32\quartz.dll
0x000007fd01910000 - 0x000007fd0194f000 	C:\Windows\System32\ksproxy.ax
0x000007fcf5930000 - 0x000007fcf5937000 	C:\Windows\System32\ksuser.dll
0x000007fcf9950000 - 0x000007fcf9b50000 	C:\Windows\System32\d3d9.dll
0x000007fd045f0000 - 0x000007fd045fc000 	C:\Windows\System32\vidcap.ax
0x000007fd01600000 - 0x000007fd01624000 	C:\Windows\System32\kswdmcap.ax
0x000007fcf0920000 - 0x000007fcf0a74000 	C:\Windows\System32\MFC42.dll
0x000007fcf7e70000 - 0x000007fcf7f2e000 	C:\Windows\System32\ODBC32.dll
0x000007fcf4210000 - 0x000007fcf42a5000 	C:\Windows\System32\qedit.dll
0x000007fd0d210000 - 0x000007fd0d2b1000 	C:\WINDOWS\system32\COMDLG32.dll
0x000007fd0d370000 - 0x000007fd0d510000 	C:\WINDOWS\WinSxS\amd64_microsoft.windows.gdiplus_6595b64144ccf1df_1.1.9200.16384_none_72771d4ecc1c3a4d\gdiplus.dll
0x000007fcf0640000 - 0x000007fcf072a000 	C:\WINDOWS\SYSTEM32\DDRAW.dll
0x000007fd07de0000 - 0x000007fd07de8000 	C:\WINDOWS\SYSTEM32\DCIMAN32.dll
0x000000005b610000 - 0x000000005b644000 	F:\Program Files\Java\Jre7\bin\fontmanager.dll
0x000007fce6500000 - 0x000007fce7680000 	C:\WINDOWS\SYSTEM32\nvd3dumx.dll
0x000007fd0a900000 - 0x000007fd0a943000 	C:\WINDOWS\SYSTEM32\powrprof.dll
0x0000000180000000 - 0x0000000180116000 	C:\Program Files (x86)\NVIDIA Corporation\3D Vision\nvSCPAPI64.dll
0x000007fd07ef0000 - 0x000007fd07f64000 	C:\WINDOWS\SYSTEM32\dxgi.dll
0x000007fd06540000 - 0x000007fd06802000 	C:\WINDOWS\SYSTEM32\nvapi64.dll
0x000007fd07ed0000 - 0x000007fd07eef000 	C:\WINDOWS\SYSTEM32\DXGIDebug.dll
0x000000005dba0000 - 0x000000005dbb9000 	F:\Program Files\Java\Jre7\bin\net.dll
0x000007fd0a270000 - 0x000007fd0a2cc000 	C:\WINDOWS\system32\mswsock.dll
0x000000005db50000 - 0x000000005db61000 	F:\Program Files\Java\Jre7\bin\nio.dll
0x000000005b5c0000 - 0x000000005b601000 	F:\Program Files\Java\Jre7\bin\t2k.dll
0x000007fd08010000 - 0x000007fd0819a000 	C:\WINDOWS\SYSTEM32\WindowsCodecs.dll
0x000007fd0aa30000 - 0x000007fd0aa45000 	C:\WINDOWS\SYSTEM32\profapi.dll
0x000007fd07530000 - 0x000007fd07599000 	C:\WINDOWS\SYSTEM32\oleacc.dll
0x000000005b2d0000 - 0x000000005b2fa000 	F:\Program Files\Java\Jre7\bin\dcpr.dll

VM Arguments:
jvm_args: -Dfile.encoding=Cp1252 
java_command: emcscanner.kth.se.Program
Launcher Type: SUN_STANDARD

Environment Variables:
PATH=C:\Program Files (x86)\NVIDIA Corporation\PhysX\Common;C:\WINDOWS\system32;C:\WINDOWS;C:\WINDOWS\System32\Wbem;C:\WINDOWS\System32\WindowsPowerShell\v1.0\;C:\Program Files (x86)\Microsoft SQL Server\90\Tools\binn\;C:\Program Files (x86)\Autodesk\Backburner\;F:\Program Files\MATLAB\R2012a\runtime\win64;F:\Program Files\MATLAB\R2012a\bin;C:\Program Files\Internet Explorer;C:\Program Files\Perforce;F:\Program Files\Perforce;C:\Program Files\Microsoft\Web Platform Installer\;C:\Program Files (x86)\Microsoft ASP.NET\ASP.NET Web Pages\v1.0\;C:\Program Files (x86)\Windows Kits\8.0\Windows Performance Toolkit\;C:\Program Files\Microsoft SQL Server\110\Tools\Binn\;F:\Program Files\Perforce\Server
USERNAME=Jonas
OS=Windows_NT
PROCESSOR_IDENTIFIER=Intel64 Family 6 Model 42 Stepping 7, GenuineIntel



---------------  S Y S T E M  ---------------

OS: Windows 8 , 64 bit Build 9200 

CPU:total 8 (4 cores per cpu, 2 threads per core) family 6 model 42 stepping 7, cmov, cx8, fxsr, mmx, sse, sse2, sse3, ssse3, sse4.1, sse4.2, popcnt, avx, ht, tsc, tscinvbit

Memory: 4k page, physical 16751668k(11519168k free), swap 33528884k(25706952k free)

vm_info: Java HotSpot(TM) 64-Bit Server VM (23.3-b01) for windows-amd64 JRE (1.7.0_07-b11), built on Sep  7 2012 01:19:25 by "java_re" with unknown MS VC++:1600

time: Sun Feb 03 17:41:49 2013
elapsed time: 9 seconds

