#
# A fatal error has been detected by the Java Runtime Environment:
#
#  EXCEPTION_ACCESS_VIOLATION (0xc0000005) at pc=0x000007ffd0028bc0, pid=9072, tid=8680
#
# JRE version: 7.0_07-b11
# Java VM: Java HotSpot(TM) 64-Bit Server VM (23.3-b01 mixed mode windows-amd64 compressed oops)
# Problematic frame:
# C  [ntdll.dll+0x18bc0]  RtlQueueWorkItem+0x8a0
#
# Failed to write core dump. Minidumps are not enabled by default on client versions of Windows
#
# If you would like to submit a bug report, please visit:
#   http://bugreport.sun.com/bugreport/crash.jsp
# The crash happened outside the Java Virtual Machine in native code.
# See problematic frame for where to report the bug.
#

---------------  T H R E A D  ---------------

Current thread (0x00000000138ae800):  JavaThread "threadDisplayCamera" daemon [_thread_in_native, id=8680, stack(0x000000001b740000,0x000000001b840000)]

siginfo: ExceptionCode=0xc0000005, writing address 0x0000000000000024

Registers:
RAX=0x0000000000000000, RBX=0x00000000139e13c8, RCX=0x00000000fffffffc, RDX=0x000000000000089c
RSP=0x000000001b83eb30, RBP=0x0000000000000000, RSI=0x000000000000089c, RDI=0x0000000000000000
R8 =0xffffffffffffffff, R9 =0x0000000000000004, R10=0x000007ff501e066c, R11=0x0000000000000246
R12=0x0000000000000000, R13=0x0000000000000000, R14=0x000007f7988ae000, R15=0x0000000000000000
RIP=0x000007ffd0028bc0, EFLAGS=0x0000000000010213

Top of Stack: (sp=0x000000001b83eb30)
0x000000001b83eb30:   000000000000089c 0000000000000000
0x000000001b83eb40:   000000001b83eb90 00000006fb4adcb0
0x000000001b83eb50:   0000000000000000 00000006fb41f118
0x000000001b83eb60:   0000000000000000 000000001b83eb90
0x000000001b83eb70:   0000000000000000 0000000002676374
0x000000001b83eb80:   00000007006077d8 0000000000000100
0x000000001b83eb90:   000000007ccdfb52 000007ffcd3610ea
0x000000001b83eba0:   00000006fb756fa9 000000001b83ebf8
0x000000001b83ebb0:   00000daacf0335c9 00000006fc592d00
0x000000001b83ebc0:   0000000000000004 0000000000000001
0x000000001b83ebd0:   000000001b148050 00000000ff000000
0x000000001b83ebe0:   0000000000000000 0000000000000000
0x000000001b83ebf0:   000007f7988ae000 000007ffd001f4d4
0x000000001b83ec00:   0000000000000000 0000000000000000
0x000000001b83ec10:   00000000139e13c8 0000000000000000
0x000000001b83ec20:   0000000000000000 00000000138ae9d8 

Instructions: (pc=0x000007ffd0028bc0)
0x000007ffd0028ba0:   43 08 a8 01 0f 85 bd 67 ff ff 8b c8 2b cd f0 0f
0x000007ffd0028bb0:   b1 4b 08 75 ea 48 8b 03 33 ed 48 83 f8 ff 74 03
0x000007ffd0028bc0:   ff 40 24 41 bf 82 03 fe 7f 41 80 3f 00 0f 85 69
0x000007ffd0028bd0:   7a 0e 00 48 83 fe ff 0f 84 bf 7a 0e 00 4c 8b c7 


Register to memory mapping:

RAX=0x0000000000000000 is an unknown value
RBX=0x00000000139e13c8 is an unknown value
RCX=0x00000000fffffffc is an unknown value
RDX=0x000000000000089c is an unknown value
RSP=0x000000001b83eb30 is pointing into the stack for thread: 0x00000000138ae800
RBP=0x0000000000000000 is an unknown value
RSI=0x000000000000089c is an unknown value
RDI=0x0000000000000000 is an unknown value
R8 =0xffffffffffffffff is an unknown value
R9 =0x0000000000000004 is an unknown value
R10=0x000007ff501e066c is an unknown value
R11=0x0000000000000246 is an unknown value
R12=0x0000000000000000 is an unknown value
R13=0x0000000000000000 is an unknown value
R14=0x000007f7988ae000 is an unknown value
R15=0x0000000000000000 is an unknown value


Stack: [0x000000001b740000,0x000000001b840000],  sp=0x000000001b83eb30,  free space=1018k
Native frames: (J=compiled Java code, j=interpreted, Vv=VM code, C=native code)
C  [ntdll.dll+0x18bc0]  RtlQueueWorkItem+0x8a0

[error occurred during error reporting (printing native stack), id 0xc0000005]

Java frames: (J=compiled Java code, j=interpreted, Vv=VM code)
j  com.googlecode.javacv.cpp.opencv_highgui.cvRetrieveFrame(Lcom/googlecode/javacv/cpp/opencv_highgui$CvCapture;I)Lcom/googlecode/javacv/cpp/opencv_core$IplImage;+0
j  com.googlecode.javacv.cpp.opencv_highgui.cvRetrieveFrame(Lcom/googlecode/javacv/cpp/opencv_highgui$CvCapture;)Lcom/googlecode/javacv/cpp/opencv_core$IplImage;+2
j  com.googlecode.javacv.OpenCVFrameGrabber.grab()Lcom/googlecode/javacv/cpp/opencv_core$IplImage;+4
j  emcscanner.kth.se.CameraPanel$1.run()V+15
v  ~StubRoutines::call_stub

---------------  P R O C E S S  ---------------

Java Threads: ( => current thread )
  0x0000000014d51000 JavaThread "Thread-0" daemon [_thread_in_native, id=9264, stack(0x0000000018090000,0x0000000018190000)]
  0x0000000014d4f800 JavaThread "ICEpdf-pagePainter" daemon [_thread_blocked, id=8984, stack(0x0000000029980000,0x0000000029a80000)]
  0x0000000014d54800 JavaThread "ICEpdf-pageInitializer" daemon [_thread_blocked, id=8872, stack(0x0000000029750000,0x0000000029850000)]
  0x0000000014d50000 JavaThread "DestroyJavaVM" [_thread_blocked, id=8564, stack(0x0000000002430000,0x0000000002530000)]
  0x0000000014d52800 JavaThread "TimerQueue" daemon [_thread_blocked, id=1776, stack(0x0000000025af0000,0x0000000025bf0000)]
  0x0000000014998000 JavaThread "threadDisplayDensity" daemon [_thread_blocked, id=780, stack(0x0000000021cf0000,0x0000000021df0000)]
  0x0000000014997800 JavaThread "AWT-EventQueue-0" [_thread_blocked, id=8576, stack(0x0000000020110000,0x0000000020210000)]
  0x0000000014b96800 JavaThread "threadDisplay" daemon [_thread_blocked, id=8636, stack(0x0000000020010000,0x0000000020110000)]
  0x00000000146ef000 JavaThread "threadDisplay" daemon [_thread_in_Java, id=9592, stack(0x000000001de80000,0x000000001df80000)]
  0x000000001481b800 JavaThread "AWT-Shutdown" [_thread_blocked, id=4280, stack(0x000000001b840000,0x000000001b940000)]
=>0x00000000138ae800 JavaThread "threadDisplayCamera" daemon [_thread_in_native, id=8680, stack(0x000000001b740000,0x000000001b840000)]
  0x00000000138af800 JavaThread "AWT-Windows" daemon [_thread_in_native, id=8516, stack(0x0000000014190000,0x0000000014290000)]
  0x00000000138ae000 JavaThread "Java2D Disposer" daemon [_thread_blocked, id=9600, stack(0x0000000013f90000,0x0000000014090000)]
  0x000000001119b000 JavaThread "Service Thread" daemon [_thread_blocked, id=10028, stack(0x0000000013590000,0x0000000013690000)]
  0x0000000011190000 JavaThread "C2 CompilerThread1" daemon [_thread_blocked, id=6580, stack(0x0000000013490000,0x0000000013590000)]
  0x0000000011189000 JavaThread "C2 CompilerThread0" daemon [_thread_blocked, id=84, stack(0x0000000013390000,0x0000000013490000)]
  0x0000000011188800 JavaThread "Attach Listener" daemon [_thread_blocked, id=4908, stack(0x0000000013290000,0x0000000013390000)]
  0x000000001117b800 JavaThread "Signal Dispatcher" daemon [_thread_blocked, id=6032, stack(0x0000000013190000,0x0000000013290000)]
  0x000000001111f800 JavaThread "Finalizer" daemon [_thread_blocked, id=5664, stack(0x0000000013090000,0x0000000013190000)]
  0x0000000011118000 JavaThread "Reference Handler" daemon [_thread_blocked, id=8548, stack(0x0000000012f90000,0x0000000013090000)]

Other Threads:
  0x0000000011113000 VMThread [stack: 0x0000000012e90000,0x0000000012f90000] [id=3188]
  0x00000000111a9800 WatcherThread [stack: 0x0000000013690000,0x0000000013790000] [id=9948]

VM state:not at safepoint (normal execution)

VM Mutex/Monitor currently owned by a thread: None

Heap
 PSYoungGen      total 870976K, used 812583K [0x00000007aacb0000, 0x00000007ee900000, 0x0000000800000000)
  eden space 829440K, 93% used [0x00000007aacb0000,0x00000007da212240,0x00000007dd6b0000)
  from space 41536K, 89% used [0x00000007dd6b0000,0x00000007dfad7d00,0x00000007dff40000)
  to   space 43328K, 0% used [0x00000007ebeb0000,0x00000007ebeb0000,0x00000007ee900000)
 ParOldGen       total 140480K, used 38442K [0x0000000700600000, 0x0000000708f30000, 0x00000007aacb0000)
  object space 140480K, 27% used [0x0000000700600000,0x0000000702b8a8c8,0x0000000708f30000)
 PSPermGen       total 36288K, used 18214K [0x00000006fb400000, 0x00000006fd770000, 0x0000000700600000)
  object space 36288K, 50% used [0x00000006fb400000,0x00000006fc5c9b20,0x00000006fd770000)

Card table byte_map: [0x0000000005730000,0x0000000005f60000] byte_map_base: 0x0000000001f56000

Polling page: 0x0000000000b20000

Code Cache  [0x0000000002670000, 0x00000000028e0000, 0x0000000005670000)
 total_blobs=863 nmethods=274 adapters=540 free_code_cache=47820Kb largest_free_block=48893248

Compilation events (10 events):
Event: 9.214 Thread 0x0000000011189000 nmethod 280 0x00000000027c87d0 code [0x00000000027c8900, 0x00000000027c8958]
Event: 9.214 Thread 0x0000000011190000 nmethod 279 0x00000000027a4e90 code [0x00000000027a4fc0, 0x00000000027a5018]
Event: 9.294 Thread 0x0000000011189000  281   !         javax.swing.RepaintManager::addDirtyRegion0 (201 bytes)
Event: 9.297 Thread 0x0000000011189000 nmethod 281 0x00000000027a45d0 code [0x00000000027a4740, 0x00000000027a4b68]
Event: 9.857 Thread 0x0000000011190000  282   !         javax.swing.RepaintManager::addDirtyRegion0 (201 bytes)
Event: 9.870 Thread 0x0000000011190000 nmethod 282 0x00000000027cd410 code [0x00000000027cd600, 0x00000000027ce690]
Event: 10.279 Thread 0x0000000011189000  284             sun.awt.image.ByteComponentRaster::verify (173 bytes)
Event: 10.282 Thread 0x0000000011189000 nmethod 284 0x00000000027cba50 code [0x00000000027cbba0, 0x00000000027cbdb8]
Event: 10.659 Thread 0x0000000011190000  285             java.awt.EventQueue::getNextEventPrivate (76 bytes)
Event: 10.661 Thread 0x0000000011190000 nmethod 285 0x00000000027a3d10 code [0x00000000027a3e60, 0x00000000027a4048]

GC Heap History (10 events):
Event: 5.613 GC heap before
{Heap before GC invocations=8 (full 0):
 PSYoungGen      total 286080K, used 282982K [0x00000007aacb0000, 0x00000007cdb70000, 0x0000000800000000)
  eden space 261696K, 99% used [0x00000007aacb0000,0x00000007ba9ca5d8,0x00000007bac40000)
  from space 24384K, 97% used [0x00000007bac40000,0x00000007bc37f5e0,0x00000007bc410000)
  to   space 24384K, 0% used [0x00000007cc3a0000,0x00000007cc3a0000,0x00000007cdb70000)
 ParOldGen       total 174528K, used 84323K [0x0000000700600000, 0x000000070b070000, 0x00000007aacb0000)
  object space 174528K, 48% used [0x0000000700600000,0x0000000705858e00,0x000000070b070000)
 PSPermGen       total 21248K, used 17994K [0x00000006fb400000, 0x00000006fc8c0000, 0x0000000700600000)
  object space 21248K, 84% used [0x00000006fb400000,0x00000006fc592830,0x00000006fc8c0000)
Event: 5.625 GC heap after
Heap after GC invocations=8 (full 0):
 PSYoungGen      total 547712K, used 22927K [0x00000007aacb0000, 0x00000007cdb90000, 0x0000000800000000)
  eden space 523328K, 0% used [0x00000007aacb0000,0x00000007aacb0000,0x00000007cabc0000)
  from space 24384K, 94% used [0x00000007cc3a0000,0x00000007cda03c40,0x00000007cdb70000)
  to   space 24448K, 0% used [0x00000007cabc0000,0x00000007cabc0000,0x00000007cc3a0000)
 ParOldGen       total 174528K, used 109085K [0x0000000700600000, 0x000000070b070000, 0x00000007aacb0000)
  object space 174528K, 62% used [0x0000000700600000,0x0000000707087650,0x000000070b070000)
 PSPermGen       total 21248K, used 17994K [0x00000006fb400000, 0x00000006fc8c0000, 0x0000000700600000)
  object space 21248K, 84% used [0x00000006fb400000,0x00000006fc592830,0x00000006fc8c0000)
}
Event: 6.750 GC heap before
{Heap before GC invocations=9 (full 0):
 PSYoungGen      total 547712K, used 546002K [0x00000007aacb0000, 0x00000007cdb90000, 0x0000000800000000)
  eden space 523328K, 99% used [0x00000007aacb0000,0x00000007cab80f78,0x00000007cabc0000)
  from space 24384K, 94% used [0x00000007cc3a0000,0x00000007cda03c40,0x00000007cdb70000)
  to   space 24448K, 0% used [0x00000007cabc0000,0x00000007cabc0000,0x00000007cc3a0000)
 ParOldGen       total 174528K, used 109085K [0x0000000700600000, 0x000000070b070000, 0x00000007aacb0000)
  object space 174528K, 62% used [0x0000000700600000,0x0000000707087650,0x000000070b070000)
 PSPermGen       total 21248K, used 17995K [0x00000006fb400000, 0x00000006fc8c0000, 0x0000000700600000)
  object space 21248K, 84% used [0x00000006fb400000,0x00000006fc592ee8,0x00000006fc8c0000)
Event: 6.766 GC heap after
Heap after GC invocations=9 (full 0):
 PSYoungGen      total 547776K, used 24444K [0x00000007aacb0000, 0x00000007e2cd0000, 0x0000000800000000)
  eden space 523328K, 0% used [0x00000007aacb0000,0x00000007aacb0000,0x00000007cabc0000)
  from space 24448K, 99% used [0x00000007cabc0000,0x00000007cc39f2a0,0x00000007cc3a0000)
  to   space 40128K, 0% used [0x00000007e05a0000,0x00000007e05a0000,0x00000007e2cd0000)
 ParOldGen       total 174528K, used 147290K [0x0000000700600000, 0x000000070b070000, 0x00000007aacb0000)
  object space 174528K, 84% used [0x0000000700600000,0x00000007095d68b0,0x000000070b070000)
 PSPermGen       total 21248K, used 17995K [0x00000006fb400000, 0x00000006fc8c0000, 0x0000000700600000)
  object space 21248K, 84% used [0x00000006fb400000,0x00000006fc592ee8,0x00000006fc8c0000)
}
Event: 6.766 GC heap before
{Heap before GC invocations=10 (full 1):
 PSYoungGen      total 547776K, used 24444K [0x00000007aacb0000, 0x00000007e2cd0000, 0x0000000800000000)
  eden space 523328K, 0% used [0x00000007aacb0000,0x00000007aacb0000,0x00000007cabc0000)
  from space 24448K, 99% used [0x00000007cabc0000,0x00000007cc39f2a0,0x00000007cc3a0000)
  to   space 40128K, 0% used [0x00000007e05a0000,0x00000007e05a0000,0x00000007e2cd0000)
 ParOldGen       total 174528K, used 147290K [0x0000000700600000, 0x000000070b070000, 0x00000007aacb0000)
  object space 174528K, 84% used [0x0000000700600000,0x00000007095d68b0,0x000000070b070000)
 PSPermGen       total 21248K, used 17995K [0x00000006fb400000, 0x00000006fc8c0000, 0x0000000700600000)
  object space 21248K, 84% used [0x00000006fb400000,0x00000006fc592ee8,0x00000006fc8c0000)
Event: 6.820 GC heap after
Heap after GC invocations=10 (full 1):
 PSYoungGen      total 547776K, used 0K [0x00000007aacb0000, 0x00000007e2cd0000, 0x0000000800000000)
  eden space 523328K, 0% used [0x00000007aacb0000,0x00000007aacb0000,0x00000007cabc0000)
  from space 24448K, 0% used [0x00000007cabc0000,0x00000007cabc0000,0x00000007cc3a0000)
  to   space 40128K, 0% used [0x00000007e05a0000,0x00000007e05a0000,0x00000007e2cd0000)
 ParOldGen       total 140480K, used 26260K [0x0000000700600000, 0x0000000708f30000, 0x00000007aacb0000)
  object space 140480K, 18% used [0x0000000700600000,0x0000000701fa5098,0x0000000708f30000)
 PSPermGen       total 36288K, used 17989K [0x00000006fb400000, 0x00000006fd770000, 0x0000000700600000)
  object space 36288K, 49% used [0x00000006fb400000,0x00000006fc591480,0x00000006fd770000)
}
Event: 7.914 GC heap before
{Heap before GC invocations=11 (full 1):
 PSYoungGen      total 547776K, used 523312K [0x00000007aacb0000, 0x00000007e2cd0000, 0x0000000800000000)
  eden space 523328K, 99% used [0x00000007aacb0000,0x00000007cabbc308,0x00000007cabc0000)
  from space 24448K, 0% used [0x00000007cabc0000,0x00000007cabc0000,0x00000007cc3a0000)
  to   space 40128K, 0% used [0x00000007e05a0000,0x00000007e05a0000,0x00000007e2cd0000)
 ParOldGen       total 140480K, used 26260K [0x0000000700600000, 0x0000000708f30000, 0x00000007aacb0000)
  object space 140480K, 18% used [0x0000000700600000,0x0000000701fa5098,0x0000000708f30000)
 PSPermGen       total 36288K, used 17995K [0x00000006fb400000, 0x00000006fd770000, 0x0000000700600000)
  object space 36288K, 49% used [0x00000006fb400000,0x00000006fc592c68,0x00000006fd770000)
Event: 7.922 GC heap after
Heap after GC invocations=11 (full 1):
 PSYoungGen      total 771968K, used 34998K [0x00000007aacb0000, 0x00000007e27d0000, 0x0000000800000000)
  eden space 736960K, 0% used [0x00000007aacb0000,0x00000007aacb0000,0x00000007d7c60000)
  from space 35008K, 99% used [0x00000007e05a0000,0x00000007e27cd920,0x00000007e27d0000)
  to   space 41536K, 0% used [0x00000007dd6b0000,0x00000007dd6b0000,0x00000007dff40000)
 ParOldGen       total 140480K, used 26260K [0x0000000700600000, 0x0000000708f30000, 0x00000007aacb0000)
  object space 140480K, 18% used [0x0000000700600000,0x0000000701fa5098,0x0000000708f30000)
 PSPermGen       total 36288K, used 17995K [0x00000006fb400000, 0x00000006fd770000, 0x0000000700600000)
  object space 36288K, 49% used [0x00000006fb400000,0x00000006fc592c68,0x00000006fd770000)
}
Event: 9.473 GC heap before
{Heap before GC invocations=12 (full 1):
 PSYoungGen      total 771968K, used 771009K [0x00000007aacb0000, 0x00000007e27d0000, 0x0000000800000000)
  eden space 736960K, 99% used [0x00000007aacb0000,0x00000007d7b72ec8,0x00000007d7c60000)
  from space 35008K, 99% used [0x00000007e05a0000,0x00000007e27cd920,0x00000007e27d0000)
  to   space 41536K, 0% used [0x00000007dd6b0000,0x00000007dd6b0000,0x00000007dff40000)
 ParOldGen       total 140480K, used 28285K [0x0000000700600000, 0x0000000708f30000, 0x00000007aacb0000)
  object space 140480K, 20% used [0x0000000700600000,0x000000070219f4a8,0x0000000708f30000)
 PSPermGen       total 36288K, used 18171K [0x00000006fb400000, 0x00000006fd770000, 0x0000000700600000)
  object space 36288K, 50% used [0x00000006fb400000,0x00000006fc5bed40,0x00000006fd770000)
Event: 9.486 GC heap after
Heap after GC invocations=12 (full 1):
 PSYoungGen      total 870976K, used 37023K [0x00000007aacb0000, 0x00000007ee900000, 0x0000000800000000)
  eden space 829440K, 0% used [0x00000007aacb0000,0x00000007aacb0000,0x00000007dd6b0000)
  from space 41536K, 89% used [0x00000007dd6b0000,0x00000007dfad7d00,0x00000007dff40000)
  to   space 43328K, 0% used [0x00000007ebeb0000,0x00000007ebeb0000,0x00000007ee900000)
 ParOldGen       total 140480K, used 38442K [0x0000000700600000, 0x0000000708f30000, 0x00000007aacb0000)
  object space 140480K, 27% used [0x0000000700600000,0x0000000702b8a8c8,0x0000000708f30000)
 PSPermGen       total 36288K, used 18171K [0x00000006fb400000, 0x00000006fd770000, 0x0000000700600000)
  object space 36288K, 50% used [0x00000006fb400000,0x00000006fc5bed40,0x00000006fd770000)
}

Deoptimization events (10 events):
Event: 3.337 Thread 0x000000000256e000 Uncommon trap 43 fr.pc 0x0000000002738354
Event: 3.494 Thread 0x000000000256e000 Uncommon trap -122 fr.pc 0x00000000027345c4
Event: 3.837 Thread 0x0000000014997800 Uncommon trap -83 fr.pc 0x000000000273dc04
Event: 3.912 Thread 0x0000000014d54800 Uncommon trap -83 fr.pc 0x000000000273d7f4
Event: 3.961 Thread 0x0000000014d54800 Uncommon trap -83 fr.pc 0x000000000273d444
Event: 3.981 Thread 0x0000000014d54800 Uncommon trap -83 fr.pc 0x00000000027712e8
Event: 4.048 Thread 0x0000000014d54800 Uncommon trap -83 fr.pc 0x00000000027483fc
Event: 4.090 Thread 0x0000000014d54800 Uncommon trap -83 fr.pc 0x0000000002760258
Event: 4.316 Thread 0x0000000014d4f800 Uncommon trap -83 fr.pc 0x00000000027a057c
Event: 9.302 Thread 0x00000000146ef000 Uncommon trap -12 fr.pc 0x00000000027a4b38

Internal exceptions (10 events):
Event: 4.141 Thread 0x0000000014d54800 Threw 0x00000007aca78990 at C:\jdk7u1_64p\jdk7u7\hotspot\src\share\vm\prims\jvm.cpp:1166
Event: 4.141 Thread 0x0000000014d54800 Threw 0x00000007aca7b8b0 at C:\jdk7u1_64p\jdk7u7\hotspot\src\share\vm\prims\jvm.cpp:1166
Event: 4.145 Thread 0x0000000014d54800 Threw 0x00000007aca8bd18 at C:\jdk7u1_64p\jdk7u7\hotspot\src\share\vm\prims\jvm.cpp:1166
Event: 4.145 Thread 0x0000000014d54800 Threw 0x00000007aca8ec38 at C:\jdk7u1_64p\jdk7u7\hotspot\src\share\vm\prims\jvm.cpp:1166
Event: 4.147 Thread 0x0000000014d54800 Threw 0x00000007aca91de8 at C:\jdk7u1_64p\jdk7u7\hotspot\src\share\vm\prims\jvm.cpp:1166
Event: 4.147 Thread 0x0000000014d54800 Threw 0x00000007aca94d08 at C:\jdk7u1_64p\jdk7u7\hotspot\src\share\vm\prims\jvm.cpp:1166
Event: 4.297 Thread 0x0000000014d4f800 Threw 0x00000007afd8e210 at C:\jdk7u1_64p\jdk7u7\hotspot\src\share\vm\prims\jvm.cpp:1166
Event: 4.303 Thread 0x0000000014d4f800 Threw 0x00000007afd9eaa0 at C:\jdk7u1_64p\jdk7u7\hotspot\src\share\vm\prims\jvm.cpp:1166
Event: 4.507 Thread 0x0000000014d4f800 Threw 0x00000007b3d63838 at C:\jdk7u1_64p\jdk7u7\hotspot\src\share\vm\prims\jvm.cpp:1166
Event: 9.302 Thread 0x00000000146ef000 Implicit null exception at 0x00000000027a4838 to 0x00000000027a4b2c

Events (10 events):
Event: 9.486 Executing VM operation: ParallelGCSystemGC done
Event: 10.661 Thread 0x0000000011190000 flushing nmethod 0x000000000275fc90
Event: 10.694 loading class 0x0000000014c99c40
Event: 10.694 loading class 0x0000000014c99c40 done
Event: 10.694 loading class 0x00000000146425e0
Event: 10.694 loading class 0x000000001499dc50
Event: 10.694 loading class 0x000000001499dc50 done
Event: 10.694 loading class 0x00000000146425e0 done
Event: 10.694 loading class 0x00000000111ae770
Event: 10.694 loading class 0x00000000111ae770 done


Dynamic libraries:
0x000007f798e80000 - 0x000007f798eb4000 	F:\Program Files\Java\Jre7\bin\javaw.exe
0x000007ffd0010000 - 0x000007ffd01ce000 	C:\WINDOWS\SYSTEM32\ntdll.dll
0x000007ffcd650000 - 0x000007ffcd786000 	C:\WINDOWS\system32\KERNEL32.DLL
0x000007ffcd360000 - 0x000007ffcd453000 	C:\WINDOWS\system32\KERNELBASE.dll
0x000007ffcdad0000 - 0x000007ffcdbae000 	C:\WINDOWS\system32\ADVAPI32.dll
0x000007ffcf8a0000 - 0x000007ffcf9ec000 	C:\WINDOWS\system32\USER32.dll
0x000007ffca740000 - 0x000007ffca9a9000 	C:\WINDOWS\WinSxS\amd64_microsoft.windows.common-controls_6595b64144ccf1df_6.0.9200.16384_none_418c2a697189c07f\COMCTL32.dll
0x000007ffcd940000 - 0x000007ffcd9e5000 	C:\WINDOWS\system32\msvcrt.dll
0x000007ffcd460000 - 0x000007ffcd4a8000 	C:\WINDOWS\SYSTEM32\sechost.dll
0x000007ffcf760000 - 0x000007ffcf8a0000 	C:\WINDOWS\system32\RPCRT4.dll
0x000007ffcdec0000 - 0x000007ffce000000 	C:\WINDOWS\system32\GDI32.dll
0x000007ffcda90000 - 0x000007ffcdac9000 	C:\WINDOWS\system32\IMM32.DLL
0x000007ffcf9f0000 - 0x000007ffcfb05000 	C:\WINDOWS\system32\MSCTF.dll
0x000007ffccf00000 - 0x000007ffccf08000 	C:\PROGRA~2\NVIDIA~1\3DVISI~1\NVSTIN~1.DLL
0x000007ffcda80000 - 0x000007ffcda87000 	C:\WINDOWS\system32\PSAPI.DLL
0x0000000061700000 - 0x00000000617a3000 	C:\WINDOWS\WinSxS\amd64_microsoft.vc90.crt_1fc8b3b9a1e18e3b_9.0.30729.6871_none_08e717a5a83adddf\MSVCR90.dll
0x000000005f150000 - 0x000000005f221000 	F:\Program Files\Java\Jre7\bin\msvcr100.dll
0x000000005ea30000 - 0x000000005f14f000 	F:\Program Files\Java\Jre7\bin\server\jvm.dll
0x000007ffc53f0000 - 0x000007ffc53f9000 	C:\WINDOWS\SYSTEM32\WSOCK32.dll
0x000007ffca070000 - 0x000007ffca090000 	C:\WINDOWS\SYSTEM32\WINMM.dll
0x000007ffcffb0000 - 0x000007ffd0008000 	C:\WINDOWS\system32\WS2_32.dll
0x000007ffc9f70000 - 0x000007ffc9fa2000 	C:\WINDOWS\SYSTEM32\WINMMBASE.dll
0x000007ffcfb10000 - 0x000007ffcfb19000 	C:\WINDOWS\system32\NSI.dll
0x000000005ea20000 - 0x000000005ea2f000 	F:\Program Files\Java\Jre7\bin\verify.dll
0x000000005e9f0000 - 0x000000005ea18000 	F:\Program Files\Java\Jre7\bin\java.dll
0x000000005e9d0000 - 0x000000005e9e5000 	F:\Program Files\Java\Jre7\bin\zip.dll
0x000000005e7c0000 - 0x000000005e953000 	F:\Program Files\Java\Jre7\bin\awt.dll
0x000007ffcdbb0000 - 0x000007ffcdc73000 	C:\WINDOWS\system32\OLEAUT32.dll
0x000007ffcd790000 - 0x000007ffcd940000 	C:\WINDOWS\system32\combase.dll
0x000007ffc7130000 - 0x000007ffc71cf000 	C:\WINDOWS\system32\apphelp.dll
0x000007ffcbd00000 - 0x000007ffcbde3000 	C:\WINDOWS\system32\uxtheme.dll
0x000007ffc71e0000 - 0x000007ffc7275000 	C:\Program Files\Common Files\microsoft shared\ink\tiptsf.dll
0x000007ffcae20000 - 0x000007ffcae41000 	C:\WINDOWS\SYSTEM32\dwmapi.dll
0x000007ffce000000 - 0x000007ffce17e000 	C:\WINDOWS\system32\ole32.dll
0x000007ffccd70000 - 0x000007ffccd7a000 	C:\WINDOWS\SYSTEM32\CRYPTBASE.dll
0x000007ffcccf0000 - 0x000007ffccd4c000 	C:\WINDOWS\SYSTEM32\bcryptPrimitives.dll
0x000007ffce470000 - 0x000007ffcf758000 	C:\WINDOWS\system32\SHELL32.dll
0x000007ffcff60000 - 0x000007ffcffb0000 	C:\WINDOWS\system32\SHLWAPI.dll
0x000007ffcc0d0000 - 0x000007ffcc166000 	C:\WINDOWS\SYSTEM32\shcore.dll
0x00000000605d0000 - 0x0000000060668000 	C:\Windows\System32\msvcp100.dll
0x000007ffb2c00000 - 0x000007ffb2e58000 	C:\opencv\build\x64\vc10\bin\opencv_core243.dll
0x000007ffb8730000 - 0x000007ffb87c5000 	C:\Users\Jonas\AppData\Local\Temp\javacpp167578611831959\jniopencv_core.dll
0x000007ffb1070000 - 0x000007ffb1315000 	C:\opencv\build\x64\vc10\bin\opencv_imgproc243.dll
0x000007ffc6860000 - 0x000007ffc68a8000 	C:\Users\Jonas\AppData\Local\Temp\javacpp167578611831959\jniopencv_imgproc.dll
0x0000000066840000 - 0x00000000675ca000 	C:\opencv\build\x64\vc10\bin\opencv_ffmpeg243_64.dll
0x000007ffb0e20000 - 0x000007ffb106b000 	C:\opencv\build\x64\vc10\bin\opencv_highgui243.dll
0x000007ffc6840000 - 0x000007ffc6860000 	C:\WINDOWS\SYSTEM32\AVIFIL32.dll
0x000007ffc69e0000 - 0x000007ffc6a09000 	C:\WINDOWS\SYSTEM32\MSVFW32.dll
0x000007ffc6a10000 - 0x000007ffc6a27000 	C:\WINDOWS\SYSTEM32\AVICAP32.dll
0x000007ffba340000 - 0x000007ffba359000 	C:\WINDOWS\SYSTEM32\MSACM32.dll
0x000007ffcacb0000 - 0x000007ffcacb9000 	C:\WINDOWS\SYSTEM32\VERSION.dll
0x000007ffc6820000 - 0x000007ffc6833000 	C:\Users\Jonas\AppData\Local\Temp\javacpp167578611831959\jniopencv_highgui.dll
0x000007ffce1b0000 - 0x000007ffce246000 	C:\WINDOWS\SYSTEM32\clbcatq.dll
0x000007ffc67b0000 - 0x000007ffc67c7000 	C:\Windows\System32\devenum.dll
0x000007ffcdc80000 - 0x000007ffcde50000 	C:\WINDOWS\system32\setupapi.dll
0x000007ffcd020000 - 0x000007ffcd06f000 	C:\WINDOWS\system32\CFGMGR32.dll
0x000007ffccff0000 - 0x000007ffcd012000 	C:\WINDOWS\system32\DEVOBJ.dll
0x000007ffc5fd0000 - 0x000007ffc5ffe000 	C:\WINDOWS\SYSTEM32\ntmarta.dll
0x000007ffcd070000 - 0x000007ffcd0c5000 	C:\WINDOWS\system32\WINTRUST.dll
0x000007ffcd0d0000 - 0x000007ffcd2a7000 	C:\WINDOWS\system32\CRYPT32.dll
0x000007ffccfd0000 - 0x000007ffccfe6000 	C:\WINDOWS\system32\MSASN1.dll
0x000007ffc7800000 - 0x000007ffc780d000 	C:\WINDOWS\SYSTEM32\msdmo.dll
0x000007ffc6780000 - 0x000007ffc67af000 	C:\Windows\System32\qcap.dll
0x000007ffb2a40000 - 0x000007ffb2bf8000 	C:\Windows\System32\quartz.dll
0x000007ffc4200000 - 0x000007ffc423f000 	C:\Windows\System32\ksproxy.ax
0x000007ffba390000 - 0x000007ffba397000 	C:\Windows\System32\ksuser.dll
0x000007ffbbc60000 - 0x000007ffbbe60000 	C:\Windows\System32\d3d9.dll
0x000007ffc7080000 - 0x000007ffc708c000 	C:\Windows\System32\vidcap.ax
0x000007ffc60b0000 - 0x000007ffc60d4000 	C:\Windows\System32\kswdmcap.ax
0x000007ffb1960000 - 0x000007ffb1ab4000 	C:\Windows\System32\MFC42.dll
0x000007ffb6010000 - 0x000007ffb60ce000 	C:\Windows\System32\ODBC32.dll
0x000007ffb7f20000 - 0x000007ffb7fb5000 	C:\Windows\System32\qedit.dll
0x000007ffcfeb0000 - 0x000007ffcff51000 	C:\WINDOWS\system32\COMDLG32.dll
0x000007ffcd4b0000 - 0x000007ffcd650000 	C:\WINDOWS\WinSxS\amd64_microsoft.windows.gdiplus_6595b64144ccf1df_1.1.9200.16384_none_72771d4ecc1c3a4d\gdiplus.dll
0x000007ffb38f0000 - 0x000007ffb39da000 	C:\WINDOWS\SYSTEM32\DDRAW.dll
0x000007ffc7970000 - 0x000007ffc7978000 	C:\WINDOWS\SYSTEM32\DCIMAN32.dll
0x000000005e780000 - 0x000000005e7b4000 	F:\Program Files\Java\Jre7\bin\fontmanager.dll
0x000007ffb4b50000 - 0x000007ffb5cd0000 	C:\WINDOWS\SYSTEM32\nvd3dumx.dll
0x000007ffccdf0000 - 0x000007ffcce33000 	C:\WINDOWS\SYSTEM32\powrprof.dll
0x0000000180000000 - 0x0000000180116000 	C:\Program Files (x86)\NVIDIA Corporation\3D Vision\nvSCPAPI64.dll
0x000007ffca330000 - 0x000007ffca3a4000 	C:\WINDOWS\SYSTEM32\dxgi.dll
0x000007ffc9a40000 - 0x000007ffc9d02000 	C:\WINDOWS\SYSTEM32\nvapi64.dll
0x000007ffc9f50000 - 0x000007ffc9f6f000 	C:\WINDOWS\SYSTEM32\DXGIDebug.dll
0x000000005e9b0000 - 0x000000005e9c9000 	F:\Program Files\Java\Jre7\bin\net.dll
0x000007ffcc760000 - 0x000007ffcc7bc000 	C:\WINDOWS\system32\mswsock.dll
0x000000005e990000 - 0x000000005e9a1000 	F:\Program Files\Java\Jre7\bin\nio.dll
0x000000005e730000 - 0x000000005e771000 	F:\Program Files\Java\Jre7\bin\t2k.dll
0x000007ffca9b0000 - 0x000007ffcab3a000 	C:\WINDOWS\SYSTEM32\WindowsCodecs.dll
0x000007ffccf20000 - 0x000007ffccf35000 	C:\WINDOWS\SYSTEM32\profapi.dll
0x000007ffc8ca0000 - 0x000007ffc8d09000 	C:\WINDOWS\SYSTEM32\oleacc.dll
0x000000005e700000 - 0x000000005e72a000 	F:\Program Files\Java\Jre7\bin\dcpr.dll
0x000007ffb60d0000 - 0x000007ffb6233000 	C:\WINDOWS\SYSTEM32\dbghelp.dll

VM Arguments:
jvm_args: -Dfile.encoding=Cp1252 
java_command: emcscanner.kth.se.Program
Launcher Type: SUN_STANDARD

Environment Variables:
PATH=C:\Program Files (x86)\NVIDIA Corporation\PhysX\Common;C:\WINDOWS\system32;C:\WINDOWS;C:\WINDOWS\System32\Wbem;C:\WINDOWS\System32\WindowsPowerShell\v1.0\;C:\Program Files (x86)\Microsoft SQL Server\90\Tools\binn\;C:\Program Files (x86)\Autodesk\Backburner\;F:\Program Files\MATLAB\R2012a\runtime\win64;F:\Program Files\MATLAB\R2012a\bin;PROGRAMFILES\Internet Explorer;C:\Program Files\Perforce;F:\Program Files\Perforce;C:\Program Files\Microsoft\Web Platform Installer\;C:\Program Files (x86)\Microsoft ASP.NET\ASP.NET Web Pages\v1.0\;C:\Program Files (x86)\Windows Kits\8.0\Windows Performance Toolkit\;C:\Program Files\Microsoft SQL Server\110\Tools\Binn\;F:\Program Files\Perforce\Server
USERNAME=Jonas
OS=Windows_NT
PROCESSOR_IDENTIFIER=Intel64 Family 6 Model 42 Stepping 7, GenuineIntel



---------------  S Y S T E M  ---------------

OS: Windows 8 , 64 bit Build 9200 

CPU:total 8 (4 cores per cpu, 2 threads per core) family 6 model 42 stepping 7, cmov, cx8, fxsr, mmx, sse, sse2, sse3, ssse3, sse4.1, sse4.2, popcnt, avx, ht, tsc, tscinvbit

Memory: 4k page, physical 16751668k(10662284k free), swap 33528884k(24486704k free)

vm_info: Java HotSpot(TM) 64-Bit Server VM (23.3-b01) for windows-amd64 JRE (1.7.0_07-b11), built on Sep  7 2012 01:19:25 by "java_re" with unknown MS VC++:1600

time: Wed Feb 06 15:14:58 2013
elapsed time: 11 seconds

