#
# A fatal error has been detected by the Java Runtime Environment:
#
#  EXCEPTION_ACCESS_VIOLATION (0xc0000005) at pc=0x000000006db3c044, pid=1812, tid=2760
#
# JRE version: 7.0_07-b11
# Java VM: Java HotSpot(TM) 64-Bit Server VM (23.3-b01 mixed mode windows-amd64 compressed oops)
# Problematic frame:
# C  [msvcr100.dll+0x3c044]  memcpy+0xb4
#
# Failed to write core dump. Minidumps are not enabled by default on client versions of Windows
#
# If you would like to submit a bug report, please visit:
#   http://bugreport.sun.com/bugreport/crash.jsp
# The crash happened outside the Java Virtual Machine in native code.
# See problematic frame for where to report the bug.
#

---------------  T H R E A D  ---------------

Current thread (0x000000001363f800):  JavaThread "threadDisplay" daemon [_thread_in_native, id=2760, stack(0x000000001a510000,0x000000001a610000)]

siginfo: ExceptionCode=0xc0000005, reading address 0x000000001a27b000

Registers:
RAX=0x0001070003090005, RBX=0x0000000013893750, RCX=0x0000000013893cf8, RDX=0x00000000069e72fd
RSP=0x000000001a60ec58, RBP=0x000000001a60ed60, RSI=0x0000000000000003, RDI=0x00000000220e45d0
R8 =0x000000000000167b, R9 =0x0000000000000086, R10=0x0b00060c00080c00, R11=0x0000000013893753
R12=0x0000000021d82040, R13=0x0000000000000000, R14=0x000000001a27aa50, R15=0x0000000000001680
RIP=0x000000006db3c044, EFLAGS=0x0000000000010202

Top of Stack: (sp=0x000000001a60ec58)
0x000000001a60ec58:   000007f943c91bdb 0000000021d62640
0x000000001a60ec68:   0000000000001680 00000000221007d0
0x000000001a60ec78:   0000000013893750 0000000000000003
0x000000001a60ec88:   0000000000001680 0000ffc63b0e2c2e
0x000000001a60ec98:   0000000000155555 000001d321d80101
0x000000001a60eca8:   0000026000000001 0000000100000782
0x000000001a60ecb8:   0000000100000003 0000000300001680
0x000000001a60ecc8:   000000001a275050 0000000000000003
0x000000001a60ecd8:   0000000000000006 0000000000001680
0x000000001a60ece8:   0000000014a10c60 000001de00000780
0x000000001a60ecf8:   0000000021a81e90 0000000600001680
0x000000001a60ed08:   0000000000000003 0000000000000001
0x000000001a60ed18:   0000000000000003 0000000000000003
0x000000001a60ed28:   fffffffffffffffe 0000000000000000
0x000000001a60ed38:   0000043800000780 fffffffffffffffe
0x000000001a60ed48:   000000001a60f100 000000001a60ee60 

Instructions: (pc=0x000000006db3c044)
0x000000006db3c024:   66 66 66 66 0f 1f 84 00 00 00 00 00 66 66 66 90
0x000000006db3c034:   66 66 90 49 81 f9 00 20 00 00 73 42 48 8b 04 0a
0x000000006db3c044:   4c 8b 54 0a 08 48 83 c1 20 48 89 41 e0 4c 89 51
0x000000006db3c054:   e8 48 8b 44 0a f0 4c 8b 54 0a f8 49 ff c9 48 89 


Register to memory mapping:

RAX=0x0001070003090005 is an unknown value
RBX=0x0000000013893750 is an unknown value
RCX=0x0000000013893cf8 is an unknown value
RDX=0x00000000069e72fd is an unknown value
RSP=0x000000001a60ec58 is pointing into the stack for thread: 0x000000001363f800
RBP=0x000000001a60ed60 is pointing into the stack for thread: 0x000000001363f800
RSI=0x0000000000000003 is an unknown value
RDI=0x00000000220e45d0 is an unknown value
R8 =0x000000000000167b is an unknown value
R9 =0x0000000000000086 is an unknown value
R10=0x0b00060c00080c00 is an unknown value
R11=0x0000000013893753 is an unknown value
R12=0x0000000021d82040 is an unknown value
R13=0x0000000000000000 is an unknown value
R14=0x000000001a27aa50 is an unknown value
R15=0x0000000000001680 is an unknown value


Stack: [0x000000001a510000,0x000000001a610000],  sp=0x000000001a60ec58,  free space=1019k
Native frames: (J=compiled Java code, j=interpreted, Vv=VM code, C=native code)
C  [msvcr100.dll+0x3c044]  memcpy+0xb4
C  0x000000000000000e

Java frames: (J=compiled Java code, j=interpreted, Vv=VM code)
j  com.googlecode.javacv.cpp.opencv_imgproc.cvSmooth(Lcom/googlecode/javacv/cpp/opencv_core$CvArr;Lcom/googlecode/javacv/cpp/opencv_core$CvArr;IIIDD)V+0
j  com.googlecode.javacv.cpp.opencv_imgproc.cvSmooth(Lcom/googlecode/javacv/cpp/opencv_core$CvArr;Lcom/googlecode/javacv/cpp/opencv_core$CvArr;II)V+7
j  emcscanner.kth.se.CameraPanel$1.run()V+64
v  ~StubRoutines::call_stub

---------------  P R O C E S S  ---------------

Java Threads: ( => current thread )
  0x0000000021657000 JavaThread "Thread-0" daemon [_thread_in_native, id=8444, stack(0x0000000016f60000,0x0000000017060000)]
  0x0000000021655800 JavaThread "ICEpdf-pagePainter" daemon [_thread_blocked, id=7440, stack(0x0000000025960000,0x0000000025a60000)]
  0x000000002210b800 JavaThread "ICEpdf-pageInitializer" daemon [_thread_blocked, id=5804, stack(0x0000000025730000,0x0000000025830000)]
  0x00000000020de000 JavaThread "DestroyJavaVM" [_thread_blocked, id=9112, stack(0x0000000002210000,0x0000000002310000)]
  0x00000000147b9000 JavaThread "TimerQueue" daemon [_thread_blocked, id=8296, stack(0x0000000020ac0000,0x0000000020bc0000)]
  0x0000000014556000 JavaThread "threadDisplayDensity" daemon [_thread_blocked, id=64, stack(0x000000001ce80000,0x000000001cf80000)]
  0x0000000014555800 JavaThread "AWT-EventQueue-0" [_thread_blocked, id=5556, stack(0x000000001cd80000,0x000000001ce80000)]
  0x0000000014554800 JavaThread "threadDisplay" daemon [_thread_blocked, id=7252, stack(0x000000001cc80000,0x000000001cd80000)]
  0x00000000149fc000 JavaThread "AWT-Shutdown" [_thread_blocked, id=4244, stack(0x000000001a610000,0x000000001a710000)]
=>0x000000001363f800 JavaThread "threadDisplay" daemon [_thread_in_native, id=2760, stack(0x000000001a510000,0x000000001a610000)]
  0x0000000013640000 JavaThread "AWT-Windows" daemon [_thread_in_native, id=5548, stack(0x0000000013f30000,0x0000000014030000)]
  0x000000001363e800 JavaThread "Java2D Disposer" daemon [_thread_blocked, id=9104, stack(0x0000000013d30000,0x0000000013e30000)]
  0x0000000010f32800 JavaThread "Service Thread" daemon [_thread_blocked, id=488, stack(0x0000000013330000,0x0000000013430000)]
  0x0000000010f2f800 JavaThread "C2 CompilerThread1" daemon [_thread_blocked, id=6364, stack(0x0000000013230000,0x0000000013330000)]
  0x0000000010f2b000 JavaThread "C2 CompilerThread0" daemon [_thread_blocked, id=7608, stack(0x0000000013130000,0x0000000013230000)]
  0x0000000010f27800 JavaThread "Attach Listener" daemon [_thread_blocked, id=8832, stack(0x0000000013030000,0x0000000013130000)]
  0x0000000010f1a800 JavaThread "Signal Dispatcher" daemon [_thread_blocked, id=7272, stack(0x0000000012f30000,0x0000000013030000)]
  0x0000000010ebe800 JavaThread "Finalizer" daemon [_thread_blocked, id=5468, stack(0x0000000012e30000,0x0000000012f30000)]
  0x0000000010eb7000 JavaThread "Reference Handler" daemon [_thread_blocked, id=8980, stack(0x0000000012d30000,0x0000000012e30000)]

Other Threads:
  0x0000000010eb1800 VMThread [stack: 0x0000000012c30000,0x0000000012d30000] [id=8392]
  0x0000000010f4f000 WatcherThread [stack: 0x0000000013430000,0x0000000013530000] [id=5684]

VM state:not at safepoint (normal execution)

VM Mutex/Monitor currently owned by a thread: None

Heap
 PSYoungGen      total 1187072K, used 346351K [0x00000007aacb0000, 0x00000007fcaa0000, 0x0000000800000000)
  eden space 1152000K, 27% used [0x00000007aacb0000,0x00000007bdcbb9f0,0x00000007f11b0000)
  from space 35072K, 99% used [0x00000007fa860000,0x00000007fca90588,0x00000007fcaa0000)
  to   space 66240K, 0% used [0x00000007f4940000,0x00000007f4940000,0x00000007f89f0000)
 ParOldGen       total 175552K, used 80137K [0x0000000700600000, 0x000000070b170000, 0x00000007aacb0000)
  object space 175552K, 45% used [0x0000000700600000,0x0000000705442610,0x000000070b170000)
 PSPermGen       total 40896K, used 18084K [0x00000006fb400000, 0x00000006fdbf0000, 0x0000000700600000)
  object space 40896K, 44% used [0x00000006fb400000,0x00000006fc5a9130,0x00000006fdbf0000)

Card table byte_map: [0x00000000054d0000,0x0000000005d00000] byte_map_base: 0x0000000001cf6000

Polling page: 0x00000000020a0000

Code Cache  [0x0000000002410000, 0x0000000002680000, 0x0000000005410000)
 total_blobs=923 nmethods=333 adapters=541 free_code_cache=47761Kb largest_free_block=48863104

Compilation events (10 events):
Event: 30.436 Thread 0x0000000010f2b000  340             java.awt.geom.Dimension2D::<init> (5 bytes)
Event: 30.436 Thread 0x0000000010f2f800  339             java.awt.Dimension::<init> (15 bytes)
Event: 30.436 Thread 0x0000000010f2b000 nmethod 340 0x000000000252c4d0 code [0x000000000252c600, 0x000000000252c658]
Event: 30.436 Thread 0x0000000010f2f800 nmethod 339 0x000000000252c2d0 code [0x000000000252c400, 0x000000000252c458]
Event: 30.457 Thread 0x0000000010f2f800  341   !         javax.swing.RepaintManager::addDirtyRegion0 (201 bytes)
Event: 30.470 Thread 0x0000000010f2f800 nmethod 341 0x0000000002572f50 code [0x0000000002573160, 0x00000000025741f0]
Event: 30.487 Thread 0x0000000010f2b000  342   !         java.awt.color.ColorSpace::getInstance (305 bytes)
Event: 30.493 Thread 0x0000000010f2b000 nmethod 342 0x0000000002574e10 code [0x0000000002575080, 0x0000000002576350]
Event: 30.654 Thread 0x0000000010f2f800  343             java.awt.image.BufferedImage::getType (5 bytes)
Event: 30.655 Thread 0x0000000010f2f800 nmethod 343 0x0000000002502450 code [0x0000000002502580, 0x00000000025025d8]

GC Heap History (10 events):
Event: 21.783 GC heap before
{Heap before GC invocations=16 (full 2):
 PSYoungGen      total 1033408K, used 996792K [0x00000007aacb0000, 0x0000000800000000, 0x0000000800000000)
  eden space 970624K, 99% used [0x00000007aacb0000,0x00000007e5dece48,0x00000007e6090000)
  from space 62784K, 45% used [0x00000007e6090000,0x00000007e7cc15b0,0x00000007e9de0000)
  to   space 60032K, 0% used [0x00000007fc560000,0x00000007fc560000,0x0000000800000000)
 ParOldGen       total 175552K, used 36008K [0x0000000700600000, 0x000000070b170000, 0x00000007aacb0000)
  object space 175552K, 20% used [0x0000000700600000,0x000000070292a050,0x000000070b170000)
 PSPermGen       total 40896K, used 18014K [0x00000006fb400000, 0x00000006fdbf0000, 0x0000000700600000)
  object space 40896K, 44% used [0x00000006fb400000,0x00000006fc597bc0,0x00000006fdbf0000)
Event: 21.795 GC heap after
Heap after GC invocations=16 (full 2):
 PSYoungGen      total 1323968K, used 51842K [0x00000007aacb0000, 0x0000000800000000, 0x0000000800000000)
  eden space 1263936K, 0% used [0x00000007aacb0000,0x00000007aacb0000,0x00000007f7f00000)
  from space 60032K, 86% used [0x00000007fc560000,0x00000007ff800918,0x0000000800000000)
  to   space 66048K, 0% used [0x00000007f7f00000,0x00000007f7f00000,0x00000007fbf80000)
 ParOldGen       total 175552K, used 36032K [0x0000000700600000, 0x000000070b170000, 0x00000007aacb0000)
  object space 175552K, 20% used [0x0000000700600000,0x0000000702930050,0x000000070b170000)
 PSPermGen       total 40896K, used 18014K [0x00000006fb400000, 0x00000006fdbf0000, 0x0000000700600000)
  object space 40896K, 44% used [0x00000006fb400000,0x00000006fc597bc0,0x00000006fdbf0000)
}
Event: 24.044 GC heap before
{Heap before GC invocations=17 (full 2):
 PSYoungGen      total 1323968K, used 1312298K [0x00000007aacb0000, 0x0000000800000000, 0x0000000800000000)
  eden space 1263936K, 99% used [0x00000007aacb0000,0x00000007f7b9a2c8,0x00000007f7f00000)
  from space 60032K, 86% used [0x00000007fc560000,0x00000007ff800918,0x0000000800000000)
  to   space 66048K, 0% used [0x00000007f7f00000,0x00000007f7f00000,0x00000007fbf80000)
 ParOldGen       total 175552K, used 42107K [0x0000000700600000, 0x000000070b170000, 0x00000007aacb0000)
  object space 175552K, 23% used [0x0000000700600000,0x0000000702f1ec60,0x000000070b170000)
 PSPermGen       total 40896K, used 18022K [0x00000006fb400000, 0x00000006fdbf0000, 0x0000000700600000)
  object space 40896K, 44% used [0x00000006fb400000,0x00000006fc599888,0x00000006fdbf0000)
Event: 24.049 GC heap after
Heap after GC invocations=17 (full 2):
 PSYoungGen      total 1329984K, used 17197K [0x00000007aacb0000, 0x0000000800000000, 0x0000000800000000)
  eden space 1263936K, 0% used [0x00000007aacb0000,0x00000007aacb0000,0x00000007f7f00000)
  from space 66048K, 26% used [0x00000007f7f00000,0x00000007f8fcb600,0x00000007fbf80000)
  to   space 64384K, 0% used [0x00000007fc120000,0x00000007fc120000,0x0000000800000000)
 ParOldGen       total 175552K, used 54273K [0x0000000700600000, 0x000000070b170000, 0x00000007aacb0000)
  object space 175552K, 30% used [0x0000000700600000,0x0000000703b00480,0x000000070b170000)
 PSPermGen       total 40896K, used 18022K [0x00000006fb400000, 0x00000006fdbf0000, 0x0000000700600000)
  object space 40896K, 44% used [0x00000006fb400000,0x00000006fc599888,0x00000006fdbf0000)
}
Event: 26.318 GC heap before
{Heap before GC invocations=18 (full 2):
 PSYoungGen      total 1329984K, used 1281133K [0x00000007aacb0000, 0x0000000800000000, 0x0000000800000000)
  eden space 1263936K, 100% used [0x00000007aacb0000,0x00000007f7f00000,0x00000007f7f00000)
  from space 66048K, 26% used [0x00000007f7f00000,0x00000007f8fcb600,0x00000007fbf80000)
  to   space 64384K, 0% used [0x00000007fc120000,0x00000007fc120000,0x0000000800000000)
 ParOldGen       total 175552K, used 74030K [0x0000000700600000, 0x000000070b170000, 0x00000007aacb0000)
  object space 175552K, 42% used [0x0000000700600000,0x0000000704e4ba00,0x000000070b170000)
 PSPermGen       total 40896K, used 18038K [0x00000006fb400000, 0x00000006fdbf0000, 0x0000000700600000)
  object space 40896K, 44% used [0x00000006fb400000,0x00000006fc59da48,0x00000006fdbf0000)
Event: 26.321 GC heap after
Heap after GC invocations=18 (full 2):
 PSYoungGen      total 1329600K, used 669K [0x00000007aacb0000, 0x0000000800000000, 0x0000000800000000)
  eden space 1265216K, 0% used [0x00000007aacb0000,0x00000007aacb0000,0x00000007f8040000)
  from space 64384K, 1% used [0x00000007fc120000,0x00000007fc1c7488,0x0000000800000000)
  to   space 65408K, 0% used [0x00000007f8040000,0x00000007f8040000,0x00000007fc020000)
 ParOldGen       total 175552K, used 74062K [0x0000000700600000, 0x000000070b170000, 0x00000007aacb0000)
  object space 175552K, 42% used [0x0000000700600000,0x0000000704e53a00,0x000000070b170000)
 PSPermGen       total 40896K, used 18038K [0x00000006fb400000, 0x00000006fdbf0000, 0x0000000700600000)
  object space 40896K, 44% used [0x00000006fb400000,0x00000006fc59da48,0x00000006fdbf0000)
}
Event: 28.587 GC heap before
{Heap before GC invocations=19 (full 2):
 PSYoungGen      total 1329600K, used 1264814K [0x00000007aacb0000, 0x0000000800000000, 0x0000000800000000)
  eden space 1265216K, 99% used [0x00000007aacb0000,0x00000007f7f344d8,0x00000007f8040000)
  from space 64384K, 1% used [0x00000007fc120000,0x00000007fc1c7488,0x0000000800000000)
  to   space 65408K, 0% used [0x00000007f8040000,0x00000007f8040000,0x00000007fc020000)
 ParOldGen       total 175552K, used 74062K [0x0000000700600000, 0x000000070b170000, 0x00000007aacb0000)
  object space 175552K, 42% used [0x0000000700600000,0x0000000704e53a00,0x000000070b170000)
 PSPermGen       total 40896K, used 18043K [0x00000006fb400000, 0x00000006fdbf0000, 0x0000000700600000)
  object space 40896K, 44% used [0x00000006fb400000,0x00000006fc59ed90,0x00000006fdbf0000)
Event: 28.599 GC heap after
Heap after GC invocations=19 (full 2):
 PSYoungGen      total 1248256K, used 41084K [0x00000007aacb0000, 0x00000007fcaf0000, 0x0000000800000000)
  eden space 1207168K, 0% used [0x00000007aacb0000,0x00000007aacb0000,0x00000007f4790000)
  from space 41088K, 99% used [0x00000007f8040000,0x00000007fa85f198,0x00000007fa860000)
  to   space 35392K, 0% used [0x00000007fa860000,0x00000007fa860000,0x00000007fcaf0000)
 ParOldGen       total 175552K, used 74062K [0x0000000700600000, 0x000000070b170000, 0x00000007aacb0000)
  object space 175552K, 42% used [0x0000000700600000,0x0000000704e53a00,0x000000070b170000)
 PSPermGen       total 40896K, used 18043K [0x00000006fb400000, 0x00000006fdbf0000, 0x0000000700600000)
  object space 40896K, 44% used [0x00000006fb400000,0x00000006fc59ed90,0x00000006fdbf0000)
}
Event: 30.715 GC heap before
{Heap before GC invocations=20 (full 2):
 PSYoungGen      total 1248256K, used 1247274K [0x00000007aacb0000, 0x00000007fcaf0000, 0x0000000800000000)
  eden space 1207168K, 99% used [0x00000007aacb0000,0x00000007f469b6c8,0x00000007f4790000)
  from space 41088K, 99% used [0x00000007f8040000,0x00000007fa85f198,0x00000007fa860000)
  to   space 35392K, 0% used [0x00000007fa860000,0x00000007fa860000,0x00000007fcaf0000)
 ParOldGen       total 175552K, used 74062K [0x0000000700600000, 0x000000070b170000, 0x00000007aacb0000)
  object space 175552K, 42% used [0x0000000700600000,0x0000000704e53a00,0x000000070b170000)
 PSPermGen       total 40896K, used 18050K [0x00000006fb400000, 0x00000006fdbf0000, 0x0000000700600000)
  object space 40896K, 44% used [0x00000006fb400000,0x00000006fc5a0920,0x00000006fdbf0000)
Event: 30.724 GC heap after
Heap after GC invocations=20 (full 2):
 PSYoungGen      total 1187072K, used 35009K [0x00000007aacb0000, 0x00000007fcaa0000, 0x0000000800000000)
  eden space 1152000K, 0% used [0x00000007aacb0000,0x00000007aacb0000,0x00000007f11b0000)
  from space 35072K, 99% used [0x00000007fa860000,0x00000007fca90588,0x00000007fcaa0000)
  to   space 66240K, 0% used [0x00000007f4940000,0x00000007f4940000,0x00000007f89f0000)
 ParOldGen       total 175552K, used 80137K [0x0000000700600000, 0x000000070b170000, 0x00000007aacb0000)
  object space 175552K, 45% used [0x0000000700600000,0x0000000705442610,0x000000070b170000)
 PSPermGen       total 40896K, used 18050K [0x00000006fb400000, 0x00000006fdbf0000, 0x0000000700600000)
  object space 40896K, 44% used [0x00000006fb400000,0x00000006fc5a0920,0x00000006fdbf0000)
}

Deoptimization events (10 events):
Event: 3.700 Thread 0x0000000014555800 Uncommon trap -83 fr.pc 0x00000000024dc344
Event: 3.765 Thread 0x000000002210b800 Uncommon trap -83 fr.pc 0x00000000024dbf34
Event: 3.809 Thread 0x000000002210b800 Uncommon trap -83 fr.pc 0x00000000024d5704
Event: 3.823 Thread 0x000000002210b800 Uncommon trap -83 fr.pc 0x0000000002501aa8
Event: 3.887 Thread 0x000000002210b800 Uncommon trap -83 fr.pc 0x00000000025049c8
Event: 3.917 Thread 0x000000002210b800 Uncommon trap -83 fr.pc 0x00000000024f4b58
Event: 4.121 Thread 0x0000000021655800 Uncommon trap -83 fr.pc 0x000000000253a97c
Event: 16.474 Thread 0x0000000014555800 Uncommon trap -83 fr.pc 0x00000000024cef30
Event: 16.495 Thread 0x0000000014555800 Uncommon trap -83 fr.pc 0x0000000002547fc4
Event: 26.549 Thread 0x0000000014556000 Uncommon trap -12 fr.pc 0x00000000024fec14

Internal exceptions (10 events):
Event: 3.966 Thread 0x000000002210b800 Threw 0x00000007ab70f1d0 at C:\jdk7u1_64p\jdk7u7\hotspot\src\share\vm\prims\jvm.cpp:1166
Event: 3.967 Thread 0x000000002210b800 Threw 0x00000007ab712380 at C:\jdk7u1_64p\jdk7u7\hotspot\src\share\vm\prims\jvm.cpp:1166
Event: 3.967 Thread 0x000000002210b800 Threw 0x00000007ab715150 at C:\jdk7u1_64p\jdk7u7\hotspot\src\share\vm\prims\jvm.cpp:1166
Event: 4.109 Thread 0x0000000021655800 Threw 0x00000007abc5afc0 at C:\jdk7u1_64p\jdk7u7\hotspot\src\share\vm\prims\jvm.cpp:1166
Event: 4.114 Thread 0x0000000021655800 Threw 0x00000007abc6b850 at C:\jdk7u1_64p\jdk7u7\hotspot\src\share\vm\prims\jvm.cpp:1166
Event: 4.315 Thread 0x0000000021655800 Threw 0x00000007ac5da7d0 at C:\jdk7u1_64p\jdk7u7\hotspot\src\share\vm\prims\jvm.cpp:1166
Event: 16.471 Thread 0x0000000014555800 Threw 0x00000007cccd3d70 at C:\jdk7u1_64p\jdk7u7\hotspot\src\share\vm\prims\jvm.cpp:1166
Event: 16.472 Thread 0x0000000014555800 Threw 0x00000007cccd9340 at C:\jdk7u1_64p\jdk7u7\hotspot\src\share\vm\prims\jvm.cpp:1166
Event: 16.474 Thread 0x0000000014555800 Implicit null exception at 0x00000000024ceed8 to 0x00000000024cef26
Event: 26.549 Thread 0x0000000014556000 Implicit null exception at 0x00000000024fea00 to 0x00000000024fec0a

Events (10 events):
Event: 28.587 Executing VM operation: ParallelGCFailedAllocation
Event: 28.599 Executing VM operation: ParallelGCFailedAllocation done
Event: 30.715 Executing VM operation: ParallelGCFailedAllocation
Event: 30.724 Executing VM operation: ParallelGCFailedAllocation done
Event: 30.744 loading class 0x0000000014a7d2b0
Event: 30.744 loading class 0x0000000014a7d2b0 done
Event: 30.744 loading class 0x00000000143b3f20
Event: 30.744 loading class 0x0000000021a82650
Event: 30.744 loading class 0x0000000021a82650 done
Event: 30.744 loading class 0x00000000143b3f20 done


Dynamic libraries:
0x000007f7f0ad0000 - 0x000007f7f0b04000 	F:\Program Files\Java\Jre7\bin\javaw.exe
0x000007f95e1d0000 - 0x000007f95e38e000 	C:\WINDOWS\SYSTEM32\ntdll.dll
0x000007f95d7e0000 - 0x000007f95d916000 	C:\WINDOWS\system32\KERNEL32.DLL
0x000007f95b470000 - 0x000007f95b563000 	C:\WINDOWS\system32\KERNELBASE.dll
0x000007f95ca50000 - 0x000007f95cb2e000 	C:\WINDOWS\system32\ADVAPI32.dll
0x000007f95ce50000 - 0x000007f95cf9c000 	C:\WINDOWS\system32\USER32.dll
0x000007f958910000 - 0x000007f958b79000 	C:\WINDOWS\WinSxS\amd64_microsoft.windows.common-controls_6595b64144ccf1df_6.0.9200.16384_none_418c2a697189c07f\COMCTL32.dll
0x000007f95d590000 - 0x000007f95d635000 	C:\WINDOWS\system32\msvcrt.dll
0x000007f95db40000 - 0x000007f95db88000 	C:\WINDOWS\SYSTEM32\sechost.dll
0x000007f95d6a0000 - 0x000007f95d7e0000 	C:\WINDOWS\system32\RPCRT4.dll
0x000007f95b620000 - 0x000007f95b760000 	C:\WINDOWS\system32\GDI32.dll
0x000007f95dcd0000 - 0x000007f95dd09000 	C:\WINDOWS\system32\IMM32.DLL
0x000007f95cd30000 - 0x000007f95ce45000 	C:\WINDOWS\system32\MSCTF.dll
0x000007f95b0c0000 - 0x000007f95b0c8000 	C:\PROGRA~2\NVIDIA~1\3DVISI~1\NVSTIN~1.DLL
0x000007f95d990000 - 0x000007f95d997000 	C:\WINDOWS\system32\PSAPI.DLL
0x000000006f560000 - 0x000000006f603000 	C:\WINDOWS\WinSxS\amd64_microsoft.vc90.crt_1fc8b3b9a1e18e3b_9.0.30729.6871_none_08e717a5a83adddf\MSVCR90.dll
0x000000006db00000 - 0x000000006dbd1000 	F:\Program Files\Java\Jre7\bin\msvcr100.dll
0x000000006d3e0000 - 0x000000006daff000 	F:\Program Files\Java\Jre7\bin\server\jvm.dll
0x000007f953860000 - 0x000007f953869000 	C:\WINDOWS\SYSTEM32\WSOCK32.dll
0x000007f958800000 - 0x000007f958820000 	C:\WINDOWS\SYSTEM32\WINMM.dll
0x000007f95d920000 - 0x000007f95d978000 	C:\WINDOWS\system32\WS2_32.dll
0x000007f958100000 - 0x000007f958132000 	C:\WINDOWS\SYSTEM32\WINMMBASE.dll
0x000007f95dd10000 - 0x000007f95dd19000 	C:\WINDOWS\system32\NSI.dll
0x000000006d3d0000 - 0x000000006d3df000 	F:\Program Files\Java\Jre7\bin\verify.dll
0x000000006d3a0000 - 0x000000006d3c8000 	F:\Program Files\Java\Jre7\bin\java.dll
0x000000006d380000 - 0x000000006d395000 	F:\Program Files\Java\Jre7\bin\zip.dll
0x000000006c580000 - 0x000000006c713000 	F:\Program Files\Java\Jre7\bin\awt.dll
0x000007f95db90000 - 0x000007f95dc53000 	C:\WINDOWS\system32\OLEAUT32.dll
0x000007f95d3e0000 - 0x000007f95d590000 	C:\WINDOWS\system32\combase.dll
0x000007f955390000 - 0x000007f95542f000 	C:\WINDOWS\system32\apphelp.dll
0x000007f959ec0000 - 0x000007f959fa3000 	C:\WINDOWS\system32\uxtheme.dll
0x000007f9552f0000 - 0x000007f955385000 	C:\Program Files\Common Files\microsoft shared\ink\tiptsf.dll
0x000007f959650000 - 0x000007f959671000 	C:\WINDOWS\SYSTEM32\dwmapi.dll
0x000007f95cfa0000 - 0x000007f95d11e000 	C:\WINDOWS\system32\ole32.dll
0x000007f95af30000 - 0x000007f95af3a000 	C:\WINDOWS\SYSTEM32\CRYPTBASE.dll
0x000007f95aeb0000 - 0x000007f95af0c000 	C:\WINDOWS\SYSTEM32\bcryptPrimitives.dll
0x000007f95b760000 - 0x000007f95ca48000 	C:\WINDOWS\system32\SHELL32.dll
0x000007f95dc80000 - 0x000007f95dcd0000 	C:\WINDOWS\system32\SHLWAPI.dll
0x000007f95a290000 - 0x000007f95a326000 	C:\WINDOWS\SYSTEM32\shcore.dll
0x000000006e430000 - 0x000000006e4c8000 	C:\Windows\System32\msvcp100.dll
0x000007f9460c0000 - 0x000007f946318000 	C:\opencv\build\x64\vc10\bin\opencv_core243.dll
0x000007f946a90000 - 0x000007f946b25000 	C:\Users\Jonas\AppData\Local\Temp\javacpp180018171847058\jniopencv_core.dll
0x000007f943c30000 - 0x000007f943ed5000 	C:\opencv\build\x64\vc10\bin\opencv_imgproc243.dll
0x000007f94ab40000 - 0x000007f94ab88000 	C:\Users\Jonas\AppData\Local\Temp\javacpp180018171847058\jniopencv_imgproc.dll
0x0000000066840000 - 0x00000000675ca000 	C:\opencv\build\x64\vc10\bin\opencv_ffmpeg243_64.dll
0x000007f945e70000 - 0x000007f9460bb000 	C:\opencv\build\x64\vc10\bin\opencv_highgui243.dll
0x000007f954980000 - 0x000007f9549a0000 	C:\WINDOWS\SYSTEM32\AVIFIL32.dll
0x000007f954a10000 - 0x000007f954a39000 	C:\WINDOWS\SYSTEM32\MSVFW32.dll
0x000007f954af0000 - 0x000007f954b07000 	C:\WINDOWS\SYSTEM32\AVICAP32.dll
0x000007f948660000 - 0x000007f948679000 	C:\WINDOWS\SYSTEM32\MSACM32.dll
0x000007f959620000 - 0x000007f959629000 	C:\WINDOWS\SYSTEM32\VERSION.dll
0x000007f954920000 - 0x000007f954933000 	C:\Users\Jonas\AppData\Local\Temp\javacpp180018171847058\jniopencv_highgui.dll
0x000007f95cc90000 - 0x000007f95cd26000 	C:\WINDOWS\SYSTEM32\clbcatq.dll
0x000007f9547c0000 - 0x000007f9547d7000 	C:\Windows\System32\devenum.dll
0x000007f95e000000 - 0x000007f95e1d0000 	C:\WINDOWS\system32\setupapi.dll
0x000007f95b390000 - 0x000007f95b3df000 	C:\WINDOWS\system32\CFGMGR32.dll
0x000007f95b440000 - 0x000007f95b462000 	C:\WINDOWS\system32\DEVOBJ.dll
0x000007f954440000 - 0x000007f95446e000 	C:\WINDOWS\SYSTEM32\ntmarta.dll
0x000007f95b3e0000 - 0x000007f95b435000 	C:\WINDOWS\system32\WINTRUST.dll
0x000007f95b1b0000 - 0x000007f95b387000 	C:\WINDOWS\system32\CRYPT32.dll
0x000007f95b190000 - 0x000007f95b1a6000 	C:\WINDOWS\system32\MSASN1.dll
0x000007f9587f0000 - 0x000007f9587fd000 	C:\WINDOWS\SYSTEM32\msdmo.dll
0x000007f952370000 - 0x000007f95239f000 	C:\Windows\System32\qcap.dll
0x000007f942380000 - 0x000007f942538000 	C:\Windows\System32\quartz.dll
0x000007f9488e0000 - 0x000007f94891f000 	C:\Windows\System32\ksproxy.ax
0x000007f955b30000 - 0x000007f955b37000 	C:\Windows\System32\ksuser.dll
0x000007f94a240000 - 0x000007f94a440000 	C:\Windows\System32\d3d9.dll
0x000007f955430000 - 0x000007f95543c000 	C:\Windows\System32\vidcap.ax
0x000007f952150000 - 0x000007f952174000 	C:\Windows\System32\kswdmcap.ax
0x000007f943950000 - 0x000007f943aa4000 	C:\Windows\System32\MFC42.dll
0x000007f9469d0000 - 0x000007f946a8e000 	C:\Windows\System32\ODBC32.dll
0x000007f946830000 - 0x000007f9468c5000 	C:\Windows\System32\qedit.dll
0x000007f95df50000 - 0x000007f95dff1000 	C:\WINDOWS\system32\COMDLG32.dll
0x000007f95d9a0000 - 0x000007f95db40000 	C:\WINDOWS\WinSxS\amd64_microsoft.windows.gdiplus_6595b64144ccf1df_1.1.9200.16384_none_72771d4ecc1c3a4d\gdiplus.dll
0x000007f942540000 - 0x000007f94262a000 	C:\WINDOWS\SYSTEM32\DDRAW.dll
0x000007f957440000 - 0x000007f957448000 	C:\WINDOWS\SYSTEM32\DCIMAN32.dll
0x000000006c540000 - 0x000000006c574000 	F:\Program Files\Java\Jre7\bin\fontmanager.dll
0x000007f93d8c0000 - 0x000007f93ea40000 	C:\WINDOWS\SYSTEM32\nvd3dumx.dll
0x000007f95afb0000 - 0x000007f95aff3000 	C:\WINDOWS\SYSTEM32\powrprof.dll
0x0000000180000000 - 0x0000000180116000 	C:\Program Files (x86)\NVIDIA Corporation\3D Vision\nvSCPAPI64.dll
0x000007f958830000 - 0x000007f9588a4000 	C:\WINDOWS\SYSTEM32\dxgi.dll
0x000007f957c90000 - 0x000007f957f52000 	C:\WINDOWS\SYSTEM32\nvapi64.dll
0x000007f958140000 - 0x000007f95815f000 	C:\WINDOWS\SYSTEM32\DXGIDebug.dll
0x000000006d360000 - 0x000000006d379000 	F:\Program Files\Java\Jre7\bin\net.dll
0x000007f95a920000 - 0x000007f95a97c000 	C:\WINDOWS\system32\mswsock.dll
0x000000006d340000 - 0x000000006d351000 	F:\Program Files\Java\Jre7\bin\nio.dll
0x000000006c4f0000 - 0x000000006c531000 	F:\Program Files\Java\Jre7\bin\t2k.dll
0x000007f958d90000 - 0x000007f958f1a000 	C:\WINDOWS\SYSTEM32\WindowsCodecs.dll
0x000007f95b0e0000 - 0x000007f95b0f5000 	C:\WINDOWS\SYSTEM32\profapi.dll
0x000007f957fd0000 - 0x000007f958039000 	C:\WINDOWS\SYSTEM32\oleacc.dll
0x000000006c4c0000 - 0x000000006c4ea000 	F:\Program Files\Java\Jre7\bin\dcpr.dll
0x000007f948020000 - 0x000007f948183000 	C:\WINDOWS\SYSTEM32\dbghelp.dll

VM Arguments:
jvm_args: -Dfile.encoding=Cp1252 
java_command: emcscanner.kth.se.Program
Launcher Type: SUN_STANDARD

Environment Variables:
PATH=C:\Program Files (x86)\NVIDIA Corporation\PhysX\Common;C:\WINDOWS\system32;C:\WINDOWS;C:\WINDOWS\System32\Wbem;C:\WINDOWS\System32\WindowsPowerShell\v1.0\;C:\Program Files (x86)\Microsoft SQL Server\90\Tools\binn\;C:\Program Files (x86)\Autodesk\Backburner\;F:\Program Files\MATLAB\R2012a\runtime\win64;F:\Program Files\MATLAB\R2012a\bin;PROGRAMFILES\Internet Explorer;C:\Program Files\Perforce;F:\Program Files\Perforce;C:\Program Files\Microsoft\Web Platform Installer\;C:\Program Files (x86)\Microsoft ASP.NET\ASP.NET Web Pages\v1.0\;C:\Program Files (x86)\Windows Kits\8.0\Windows Performance Toolkit\;C:\Program Files\Microsoft SQL Server\110\Tools\Binn\;F:\Program Files\Perforce\Server
USERNAME=Jonas
OS=Windows_NT
PROCESSOR_IDENTIFIER=Intel64 Family 6 Model 42 Stepping 7, GenuineIntel



---------------  S Y S T E M  ---------------

OS: Windows 8 , 64 bit Build 9200 

CPU:total 8 (4 cores per cpu, 2 threads per core) family 6 model 42 stepping 7, cmov, cx8, fxsr, mmx, sse, sse2, sse3, ssse3, sse4.1, sse4.2, popcnt, avx, ht, tsc, tscinvbit

Memory: 4k page, physical 16751668k(9882772k free), swap 33528884k(23726064k free)

vm_info: Java HotSpot(TM) 64-Bit Server VM (23.3-b01) for windows-amd64 JRE (1.7.0_07-b11), built on Sep  7 2012 01:19:25 by "java_re" with unknown MS VC++:1600

time: Thu Jan 31 01:56:18 2013
elapsed time: 31 seconds

