#
# A fatal error has been detected by the Java Runtime Environment:
#
#  EXCEPTION_ACCESS_VIOLATION (0xc0000005) at pc=0x00000000029d483a, pid=5256, tid=9468
#
# JRE version: 7.0_07-b11
# Java VM: Java HotSpot(TM) 64-Bit Server VM (23.3-b01 mixed mode windows-amd64 compressed oops)
# Problematic frame:
# J  com.googlecode.javacv.cpp.opencv_core$IplImage.flipCopyWithGamma(Ljava/nio/ByteBuffer;ILjava/nio/ByteBuffer;IZDZI)V
#
# Failed to write core dump. Minidumps are not enabled by default on client versions of Windows
#
# If you would like to submit a bug report, please visit:
#   http://bugreport.sun.com/bugreport/crash.jsp
#

---------------  T H R E A D  ---------------

Current thread (0x00000000139df800):  JavaThread "threadDisplayCamera" daemon [_thread_in_Java, id=9468, stack(0x0000000016460000,0x0000000016560000)]

siginfo: ExceptionCode=0xc0000005, reading address 0x0000000019006000

Registers:
RAX=0x0000000000000060, RBX=0x00000000005eec00, RCX=0x0000000000000000, RDX=0x0000000018ef4050
RSP=0x000000001655ed90, RBP=0x00000007c9a417b8, RSI=0x000000070b3219e0, RDI=0x00000000005eec00
R8 =0x0000000000111fb0, R9 =0x0000000000111fb1, R10=0x000000000000167f, R11=0x00000000005eec00
R12=0x0000000000000000, R13=0x0000000000111fb0, R14=0x00000000000012af, R15=0x00000000139df800
RIP=0x00000000029d483a, EFLAGS=0x0000000000010207

Top of Stack: (sp=0x000000001655ed90)
0x000000001655ed90:   000000070b3219e0 00000000005eec00
0x000000001655eda0:   00000000005eec00 0000000000000000
0x000000001655edb0:   3ff0000000000000 00000007c9a41778
0x000000001655edc0:   00000007c9a417b8 3ff0000000000000
0x000000001655edd0:   00110d0000000000 df6ab9ce00110d00
0x000000001655ede0:   00001680df6c65d4 0000000000001680
0x000000001655edf0:   00000007c9a417e8 00001680ffffffff
0x000000001655ee00:   00000007c9a417b8 00000007c9a41778
0x000000001655ee10:   00000000e166433c 0000000000000000
0x000000001655ee20:   000000070b3219e0 00000007c9a417b8
0x000000001655ee30:   00000007c9a417b8 000000001655ee38
0x000000001655ee40:   000000001655eef8 00000000028861f8
0x000000001655ee50:   0000000000000000 00000006fc41d830
0x000000001655ee60:   00000006fb5556b8 00000000028861f8
0x000000001655ee70:   0000000000000000 0000000000000000
0x000000001655ee80:   3ff0000000000000 0000000000000000 

Instructions: (pc=0x00000000029d483a)
0x00000000029d481a:   10 44 3b c7 0f 8d 26 01 00 00 45 8b c8 41 ff c1
0x00000000029d482a:   44 89 4d 18 48 8b 6c 24 70 44 8b 6d 18 4d 63 c0
0x00000000029d483a:   42 0f b6 04 02 44 3b eb 0f 8d 32 01 00 00 45 8b
0x00000000029d484a:   cd 44 03 c9 41 ff c5 44 89 6d 18 45 3b cb 0f 83 


Register to memory mapping:

RAX=0x0000000000000060 is an unknown value
RBX=0x00000000005eec00 is an unknown value
RCX=0x0000000000000000 is an unknown value
RDX=0x0000000018ef4050 is an unknown value
RSP=0x000000001655ed90 is pointing into the stack for thread: 0x00000000139df800
RBP=0x00000007c9a417b8 is an oop
java.nio.HeapByteBuffer 
 - klass: 'java/nio/HeapByteBuffer'
RSI=0x000000070b3219e0 is an oop
[B 
 - klass: {type array byte}
 - length: 6220800
RDI=0x00000000005eec00 is an unknown value
R8 =0x0000000000111fb0 is an unknown value
R9 =0x0000000000111fb1 is an unknown value
R10=0x000000000000167f is an unknown value
R11=0x00000000005eec00 is an unknown value
R12=0x0000000000000000 is an unknown value
R13=0x0000000000111fb0 is an unknown value
R14=0x00000000000012af is an unknown value
R15=0x00000000139df800 is a thread


Stack: [0x0000000016460000,0x0000000016560000],  sp=0x000000001655ed90,  free space=1019k
Native frames: (J=compiled Java code, j=interpreted, Vv=VM code, C=native code)
J  com.googlecode.javacv.cpp.opencv_core$IplImage.flipCopyWithGamma(Ljava/nio/ByteBuffer;ILjava/nio/ByteBuffer;IZDZI)V


---------------  P R O C E S S  ---------------

Java Threads: ( => current thread )
  0x0000000014c5c800 JavaThread "ICEpdf-pagePainter" daemon [_thread_blocked, id=9876, stack(0x0000000020e70000,0x0000000020f70000)]
  0x0000000014c5b800 JavaThread "ICEpdf-pageInitializer" daemon [_thread_blocked, id=3352, stack(0x0000000020c40000,0x0000000020d40000)]
  0x0000000014c58000 JavaThread "DestroyJavaVM" [_thread_blocked, id=2300, stack(0x00000000025d0000,0x00000000026d0000)]
  0x00000000207bd800 JavaThread "D3D Screen Updater" daemon [_thread_blocked, id=9500, stack(0x0000000020b40000,0x0000000020c40000)]
  0x0000000014eee000 JavaThread "TimerQueue" daemon [_thread_blocked, id=1652, stack(0x000000001f860000,0x000000001f960000)]
  0x0000000014b58000 JavaThread "threadDisplayDensity" daemon [_thread_blocked, id=9388, stack(0x000000001bc20000,0x000000001bd20000)]
  0x0000000014b54000 JavaThread "AWT-EventQueue-0" [_thread_in_native, id=5516, stack(0x000000001bb20000,0x000000001bc20000)]
  0x0000000014b53800 JavaThread "threadDisplay" daemon [_thread_blocked, id=9212, stack(0x000000001ba20000,0x000000001bb20000)]
  0x0000000014a32800 JavaThread "AWT-Shutdown" [_thread_blocked, id=7096, stack(0x0000000016560000,0x0000000016660000)]
=>0x00000000139df800 JavaThread "threadDisplayCamera" daemon [_thread_in_Java, id=9468, stack(0x0000000016460000,0x0000000016560000)]
  0x00000000139e0800 JavaThread "AWT-Windows" daemon [_thread_in_native, id=10016, stack(0x00000000142d0000,0x00000000143d0000)]
  0x00000000139de800 JavaThread "Java2D Disposer" daemon [_thread_blocked, id=7172, stack(0x00000000140d0000,0x00000000141d0000)]
  0x00000000112e2800 JavaThread "Service Thread" daemon [_thread_blocked, id=276, stack(0x00000000136d0000,0x00000000137d0000)]
  0x00000000112e0000 JavaThread "C2 CompilerThread1" daemon [_thread_blocked, id=4888, stack(0x00000000135d0000,0x00000000136d0000)]
  0x00000000112db000 JavaThread "C2 CompilerThread0" daemon [_thread_blocked, id=8288, stack(0x00000000134d0000,0x00000000135d0000)]
  0x00000000112d8000 JavaThread "Attach Listener" daemon [_thread_blocked, id=9264, stack(0x00000000133d0000,0x00000000134d0000)]
  0x00000000112cb000 JavaThread "Signal Dispatcher" daemon [_thread_blocked, id=3988, stack(0x00000000132d0000,0x00000000133d0000)]
  0x000000001126e800 JavaThread "Finalizer" daemon [_thread_blocked, id=8140, stack(0x00000000131d0000,0x00000000132d0000)]
  0x0000000011267000 JavaThread "Reference Handler" daemon [_thread_blocked, id=1608, stack(0x00000000130d0000,0x00000000131d0000)]

Other Threads:
  0x0000000011262000 VMThread [stack: 0x0000000012fd0000,0x00000000130d0000] [id=7480]
  0x00000000112ff000 WatcherThread [stack: 0x00000000137d0000,0x00000000138d0000] [id=4324]

VM state:not at safepoint (normal execution)

VM Mutex/Monitor currently owned by a thread: None

Heap
 PSYoungGen      total 545216K, used 535407K [0x00000007aacb0000, 0x00000007d0910000, 0x0000000800000000)
  eden space 505728K, 99% used [0x00000007aacb0000,0x00000007c9a4d770,0x00000007c9a90000)
  from space 39488K, 75% used [0x00000007ce280000,0x00000007cffbe810,0x00000007d0910000)
  to   space 56576K, 0% used [0x00000007c9a90000,0x00000007c9a90000,0x00000007cd1d0000)
 ParOldGen       total 235072K, used 183361K [0x0000000700600000, 0x000000070eb90000, 0x00000007aacb0000)
  object space 235072K, 78% used [0x0000000700600000,0x000000070b9105f0,0x000000070eb90000)
 PSPermGen       total 39360K, used 18159K [0x00000006fb400000, 0x00000006fda70000, 0x0000000700600000)
  object space 39360K, 46% used [0x00000006fb400000,0x00000006fc5bbdb8,0x00000006fda70000)

Card table byte_map: [0x0000000005880000,0x00000000060b0000] byte_map_base: 0x00000000020a6000

Polling page: 0x0000000000ca0000

Code Cache  [0x0000000002880000, 0x0000000002af0000, 0x0000000005880000)
 total_blobs=890 nmethods=298 adapters=543 free_code_cache=47796Kb largest_free_block=48872000

Compilation events (10 events):
Event: 11.432 Thread 0x00000000112e0000  303             java.awt.Font::hasLayoutAttributes (5 bytes)
Event: 11.432 Thread 0x00000000112e0000 nmethod 303 0x00000000029db5d0 code [0x00000000029db700, 0x00000000029db758]
Event: 11.549 Thread 0x00000000112db000  304             java.awt.Color::getRGB (5 bytes)
Event: 11.549 Thread 0x00000000112db000 nmethod 304 0x00000000029db3d0 code [0x00000000029db500, 0x00000000029db558]
Event: 11.865 Thread 0x00000000112e0000  305             sun.java2d.SunGraphics2D::getCompClip (19 bytes)
Event: 11.866 Thread 0x00000000112e0000 nmethod 305 0x00000000029db110 code [0x00000000029db260, 0x00000000029db308]
Event: 12.454 Thread 0x00000000112db000  306  s          sun.java2d.loops.GraphicsPrimitiveMgr::locatePrim (96 bytes)
Event: 12.464 Thread 0x00000000112db000 nmethod 306 0x0000000002971510 code [0x00000000029716e0, 0x00000000029723a8]
Event: 12.508 Thread 0x00000000112e0000  307             java.awt.image.ComponentSampleModel::getNumDataElements (5 bytes)
Event: 12.508 Thread 0x00000000112e0000 nmethod 307 0x00000000029dec50 code [0x00000000029ded80, 0x00000000029dedd8]

GC Heap History (10 events):
Event: 8.303 GC heap before
{Heap before GC invocations=9 (full 2):
 PSYoungGen      total 287424K, used 286765K [0x00000007aacb0000, 0x00000007ca3a0000, 0x0000000800000000)
  eden space 244416K, 100% used [0x00000007aacb0000,0x00000007b9b60000,0x00000007b9b60000)
  from space 43008K, 98% used [0x00000007b9b60000,0x00000007bc4bb490,0x00000007bc560000)
  to   space 52288K, 0% used [0x00000007c7090000,0x00000007c7090000,0x00000007ca3a0000)
 ParOldGen       total 165888K, used 160510K [0x0000000700600000, 0x000000070a800000, 0x00000007aacb0000)
  object space 165888K, 96% used [0x0000000700600000,0x000000070a2bfa68,0x000000070a800000)
 PSPermGen       total 36288K, used 18024K [0x00000006fb400000, 0x00000006fd770000, 0x0000000700600000)
  object space 36288K, 49% used [0x00000006fb400000,0x00000006fc59a068,0x00000006fd770000)
Event: 8.333 GC heap after
Heap after GC invocations=9 (full 2):
 PSYoungGen      total 287424K, used 0K [0x00000007aacb0000, 0x00000007ca3a0000, 0x0000000800000000)
  eden space 244416K, 0% used [0x00000007aacb0000,0x00000007aacb0000,0x00000007b9b60000)
  from space 43008K, 0% used [0x00000007b9b60000,0x00000007b9b60000,0x00000007bc560000)
  to   space 52288K, 0% used [0x00000007c7090000,0x00000007c7090000,0x00000007ca3a0000)
 ParOldGen       total 201728K, used 41966K [0x0000000700600000, 0x000000070cb00000, 0x00000007aacb0000)
  object space 201728K, 20% used [0x0000000700600000,0x0000000702efb840,0x000000070cb00000)
 PSPermGen       total 40576K, used 18024K [0x00000006fb400000, 0x00000006fdba0000, 0x0000000700600000)
  object space 40576K, 44% used [0x00000006fb400000,0x00000006fc59a028,0x00000006fdba0000)
}
Event: 8.815 GC heap before
{Heap before GC invocations=10 (full 2):
 PSYoungGen      total 287424K, used 242408K [0x00000007aacb0000, 0x00000007ca3a0000, 0x0000000800000000)
  eden space 244416K, 99% used [0x00000007aacb0000,0x00000007b996a2a0,0x00000007b9b60000)
  from space 43008K, 0% used [0x00000007b9b60000,0x00000007b9b60000,0x00000007bc560000)
  to   space 52288K, 0% used [0x00000007c7090000,0x00000007c7090000,0x00000007ca3a0000)
 ParOldGen       total 201728K, used 48041K [0x0000000700600000, 0x000000070cb00000, 0x00000007aacb0000)
  object space 201728K, 23% used [0x0000000700600000,0x00000007034ea450,0x000000070cb00000)
 PSPermGen       total 40576K, used 18026K [0x00000006fb400000, 0x00000006fdba0000, 0x0000000700600000)
  object space 40576K, 44% used [0x00000006fb400000,0x00000006fc59abf8,0x00000006fdba0000)
Event: 8.827 GC heap after
Heap after GC invocations=10 (full 2):
 PSYoungGen      total 439552K, used 47158K [0x00000007aacb0000, 0x00000007ca020000, 0x0000000800000000)
  eden space 390848K, 0% used [0x00000007aacb0000,0x00000007aacb0000,0x00000007c2a60000)
  from space 48704K, 96% used [0x00000007c7090000,0x00000007c9e9d9e0,0x00000007ca020000)
  to   space 60288K, 0% used [0x00000007c2a60000,0x00000007c2a60000,0x00000007c6540000)
 ParOldGen       total 201728K, used 54116K [0x0000000700600000, 0x000000070cb00000, 0x00000007aacb0000)
  object space 201728K, 26% used [0x0000000700600000,0x0000000703ad9060,0x000000070cb00000)
 PSPermGen       total 40576K, used 18026K [0x00000006fb400000, 0x00000006fdba0000, 0x0000000700600000)
  object space 40576K, 44% used [0x00000006fb400000,0x00000006fc59abf8,0x00000006fdba0000)
}
Event: 9.749 GC heap before
{Heap before GC invocations=11 (full 2):
 PSYoungGen      total 439552K, used 438006K [0x00000007aacb0000, 0x00000007ca020000, 0x0000000800000000)
  eden space 390848K, 100% used [0x00000007aacb0000,0x00000007c2a60000,0x00000007c2a60000)
  from space 48704K, 96% used [0x00000007c7090000,0x00000007c9e9d9e0,0x00000007ca020000)
  to   space 60288K, 0% used [0x00000007c2a60000,0x00000007c2a60000,0x00000007c6540000)
 ParOldGen       total 201728K, used 140856K [0x0000000700600000, 0x000000070cb00000, 0x00000007aacb0000)
  object space 201728K, 69% used [0x0000000700600000,0x0000000708f8e0d0,0x000000070cb00000)
 PSPermGen       total 40576K, used 18037K [0x00000006fb400000, 0x00000006fdba0000, 0x0000000700600000)
  object space 40576K, 44% used [0x00000006fb400000,0x00000006fc59d430,0x00000006fdba0000)
Event: 9.755 GC heap after
Heap after GC invocations=11 (full 2):
 PSYoungGen      total 451136K, used 17150K [0x00000007aacb0000, 0x00000007d1a80000, 0x0000000800000000)
  eden space 390848K, 0% used [0x00000007aacb0000,0x00000007aacb0000,0x00000007c2a60000)
  from space 60288K, 28% used [0x00000007c2a60000,0x00000007c3b1fbf0,0x00000007c6540000)
  to   space 57344K, 0% used [0x00000007ce280000,0x00000007ce280000,0x00000007d1a80000)
 ParOldGen       total 201728K, used 140856K [0x0000000700600000, 0x000000070cb00000, 0x00000007aacb0000)
  object space 201728K, 69% used [0x0000000700600000,0x0000000708f8e0d0,0x000000070cb00000)
 PSPermGen       total 40576K, used 18037K [0x00000006fb400000, 0x00000006fdba0000, 0x0000000700600000)
  object space 40576K, 44% used [0x00000006fb400000,0x00000006fc59d430,0x00000006fdba0000)
}
Event: 11.054 GC heap before
{Heap before GC invocations=12 (full 3):
 PSYoungGen      total 451136K, used 407998K [0x00000007aacb0000, 0x00000007d1a80000, 0x0000000800000000)
  eden space 390848K, 100% used [0x00000007aacb0000,0x00000007c2a60000,0x00000007c2a60000)
  from space 60288K, 28% used [0x00000007c2a60000,0x00000007c3b1fbf0,0x00000007c6540000)
  to   space 57344K, 0% used [0x00000007ce280000,0x00000007ce280000,0x00000007d1a80000)
 ParOldGen       total 392064K, used 391872K [0x0000000700600000, 0x00000007184e0000, 0x00000007aacb0000)
  object space 392064K, 99% used [0x0000000700600000,0x00000007184b0340,0x00000007184e0000)
 PSPermGen       total 40576K, used 18045K [0x00000006fb400000, 0x00000006fdba0000, 0x0000000700600000)
  object space 40576K, 44% used [0x00000006fb400000,0x00000006fc59f6f0,0x00000006fdba0000)
Event: 11.108 GC heap after
Heap after GC invocations=12 (full 3):
 PSYoungGen      total 451136K, used 0K [0x00000007aacb0000, 0x00000007d1a80000, 0x0000000800000000)
  eden space 390848K, 0% used [0x00000007aacb0000,0x00000007aacb0000,0x00000007c2a60000)
  from space 60288K, 0% used [0x00000007c2a60000,0x00000007c2a60000,0x00000007c6540000)
  to   space 57344K, 0% used [0x00000007ce280000,0x00000007ce280000,0x00000007d1a80000)
 ParOldGen       total 235072K, used 47812K [0x0000000700600000, 0x000000070eb90000, 0x00000007aacb0000)
  object space 235072K, 20% used [0x0000000700600000,0x00000007034b1270,0x000000070eb90000)
 PSPermGen       total 39360K, used 18045K [0x00000006fb400000, 0x00000006fda70000, 0x0000000700600000)
  object space 39360K, 45% used [0x00000006fb400000,0x00000006fc59f6b0,0x00000006fda70000)
}
Event: 11.849 GC heap before
{Heap before GC invocations=13 (full 3):
 PSYoungGen      total 451136K, used 388649K [0x00000007aacb0000, 0x00000007d1a80000, 0x0000000800000000)
  eden space 390848K, 99% used [0x00000007aacb0000,0x00000007c283a6d0,0x00000007c2a60000)
  from space 60288K, 0% used [0x00000007c2a60000,0x00000007c2a60000,0x00000007c6540000)
  to   space 57344K, 0% used [0x00000007ce280000,0x00000007ce280000,0x00000007d1a80000)
 ParOldGen       total 235072K, used 53887K [0x0000000700600000, 0x000000070eb90000, 0x00000007aacb0000)
  object space 235072K, 22% used [0x0000000700600000,0x0000000703a9fe80,0x000000070eb90000)
 PSPermGen       total 39360K, used 18050K [0x00000006fb400000, 0x00000006fda70000, 0x0000000700600000)
  object space 39360K, 45% used [0x00000006fb400000,0x00000006fc5a0a08,0x00000006fda70000)
Event: 11.857 GC heap after
Heap after GC invocations=13 (full 3):
 PSYoungGen      total 545216K, used 29946K [0x00000007aacb0000, 0x00000007d0910000, 0x0000000800000000)
  eden space 505728K, 0% used [0x00000007aacb0000,0x00000007aacb0000,0x00000007c9a90000)
  from space 39488K, 75% used [0x00000007ce280000,0x00000007cffbe810,0x00000007d0910000)
  to   space 56576K, 0% used [0x00000007c9a90000,0x00000007c9a90000,0x00000007cd1d0000)
 ParOldGen       total 235072K, used 53887K [0x0000000700600000, 0x000000070eb90000, 0x00000007aacb0000)
  object space 235072K, 22% used [0x0000000700600000,0x0000000703a9fe80,0x000000070eb90000)
 PSPermGen       total 39360K, used 18050K [0x00000006fb400000, 0x00000006fda70000, 0x0000000700600000)
  object space 39360K, 45% used [0x00000006fb400000,0x00000006fc5a0a08,0x00000006fda70000)
}

Deoptimization events (10 events):
Event: 3.294 Thread 0x000000000277e000 Uncommon trap 43 fr.pc 0x0000000002942dd4
Event: 3.789 Thread 0x0000000014b54000 Uncommon trap -83 fr.pc 0x00000000029481c4
Event: 3.858 Thread 0x0000000014c5b800 Uncommon trap -83 fr.pc 0x0000000002947db4
Event: 3.904 Thread 0x0000000014c5b800 Uncommon trap -83 fr.pc 0x000000000294aa44
Event: 3.918 Thread 0x0000000014c5b800 Uncommon trap -83 fr.pc 0x00000000029772a8
Event: 3.986 Thread 0x0000000014c5b800 Uncommon trap -83 fr.pc 0x0000000002975dcc
Event: 4.019 Thread 0x0000000014c5b800 Uncommon trap -83 fr.pc 0x0000000002967b58
Event: 9.250 Thread 0x0000000014b54000 Uncommon trap -12 fr.pc 0x0000000002900a2c
Event: 9.251 Thread 0x0000000014b54000 Uncommon trap -12 fr.pc 0x00000000029d0870
Event: 12.316 Thread 0x0000000014b54000 Uncommon trap -83 fr.pc 0x00000000029dbbb0

Internal exceptions (10 events):
Event: 4.070 Thread 0x0000000014c5b800 Threw 0x00000007ab8e6120 at C:\jdk7u1_64p\jdk7u7\hotspot\src\share\vm\prims\jvm.cpp:1166
Event: 4.204 Thread 0x0000000014c5c800 Threw 0x00000007abe2cc70 at C:\jdk7u1_64p\jdk7u7\hotspot\src\share\vm\prims\jvm.cpp:1166
Event: 4.209 Thread 0x0000000014c5c800 Threw 0x00000007abe3d500 at C:\jdk7u1_64p\jdk7u7\hotspot\src\share\vm\prims\jvm.cpp:1166
Event: 4.412 Thread 0x0000000014c5c800 Threw 0x00000007ac7ac5d0 at C:\jdk7u1_64p\jdk7u7\hotspot\src\share\vm\prims\jvm.cpp:1166
Event: 7.768 Thread 0x0000000014b54000 Threw 0x00000007b3b168a0 at C:\jdk7u1_64p\jdk7u7\hotspot\src\share\vm\prims\jvm.cpp:1166
Event: 7.768 Thread 0x0000000014b54000 Threw 0x00000007b3b1be88 at C:\jdk7u1_64p\jdk7u7\hotspot\src\share\vm\prims\jvm.cpp:1166
Event: 7.770 Thread 0x0000000014b54000 Threw 0x00000007b3b291f0 at C:\jdk7u1_64p\jdk7u7\hotspot\src\share\vm\prims\jvm.cpp:1166
Event: 9.250 Thread 0x0000000014b54000 Implicit null exception at 0x0000000002900800 to 0x0000000002900a21
Event: 9.251 Thread 0x0000000014b54000 Implicit null exception at 0x00000000029d0348 to 0x00000000029d0861
Event: 12.316 Thread 0x0000000014b54000 Implicit null exception at 0x00000000029dbb58 to 0x00000000029dbba6

Events (10 events):
Event: 12.321 loading class 0x000000001ff13ab0
Event: 12.321 loading class 0x0000000014953370
Event: 12.321 loading class 0x0000000014953370 done
Event: 12.321 loading class 0x000000001ff13ab0 done
Event: 12.622 loading class 0x0000000014ee08d0
Event: 12.622 loading class 0x0000000014ee08d0 done
Event: 12.622 loading class 0x0000000014a6c5d0
Event: 12.622 loading class 0x0000000014d2dcb0
Event: 12.622 loading class 0x0000000014d2dcb0 done
Event: 12.622 loading class 0x0000000014a6c5d0 done


Dynamic libraries:
0x000007f662880000 - 0x000007f6628b4000 	F:\Program Files\Java\Jre7\bin\javaw.exe
0x000007fd0db20000 - 0x000007fd0dcde000 	C:\WINDOWS\SYSTEM32\ntdll.dll
0x000007fd0c680000 - 0x000007fd0c7b6000 	C:\WINDOWS\system32\KERNEL32.DLL
0x000007fd0ab00000 - 0x000007fd0abf3000 	C:\WINDOWS\system32\KERNELBASE.dll
0x000007fd0c260000 - 0x000007fd0c33e000 	C:\WINDOWS\system32\ADVAPI32.dll
0x000007fd0c460000 - 0x000007fd0c5ac000 	C:\WINDOWS\system32\USER32.dll
0x000007fd082b0000 - 0x000007fd08519000 	C:\WINDOWS\WinSxS\amd64_microsoft.windows.common-controls_6595b64144ccf1df_6.0.9200.16384_none_418c2a697189c07f\COMCTL32.dll
0x000007fd0c7c0000 - 0x000007fd0c865000 	C:\WINDOWS\system32\msvcrt.dll
0x000007fd0cdf0000 - 0x000007fd0ce38000 	C:\WINDOWS\SYSTEM32\sechost.dll
0x000007fd0c870000 - 0x000007fd0c9b0000 	C:\WINDOWS\system32\RPCRT4.dll
0x000007fd0d520000 - 0x000007fd0d660000 	C:\WINDOWS\system32\GDI32.dll
0x000007fd0c620000 - 0x000007fd0c659000 	C:\WINDOWS\system32\IMM32.DLL
0x000007fd0c340000 - 0x000007fd0c455000 	C:\WINDOWS\system32\MSCTF.dll
0x000007fd0aa10000 - 0x000007fd0aa18000 	C:\PROGRA~2\NVIDIA~1\3DVISI~1\NVSTIN~1.DLL
0x000007fd0d510000 - 0x000007fd0d517000 	C:\WINDOWS\system32\PSAPI.DLL
0x000000005e410000 - 0x000000005e4b3000 	C:\WINDOWS\WinSxS\amd64_microsoft.vc90.crt_1fc8b3b9a1e18e3b_9.0.30729.6871_none_08e717a5a83adddf\MSVCR90.dll
0x000000005d880000 - 0x000000005d951000 	F:\Program Files\Java\Jre7\bin\msvcr100.dll
0x000000005c090000 - 0x000000005c7af000 	F:\Program Files\Java\Jre7\bin\server\jvm.dll
0x000007fd02f00000 - 0x000007fd02f09000 	C:\WINDOWS\SYSTEM32\WSOCK32.dll
0x000007fd07b90000 - 0x000007fd07bb0000 	C:\WINDOWS\SYSTEM32\WINMM.dll
0x000007fd0c5b0000 - 0x000007fd0c608000 	C:\WINDOWS\system32\WS2_32.dll
0x000007fd07a80000 - 0x000007fd07ab2000 	C:\WINDOWS\SYSTEM32\WINMMBASE.dll
0x000007fd0d360000 - 0x000007fd0d369000 	C:\WINDOWS\system32\NSI.dll
0x000000005dc10000 - 0x000000005dc1f000 	F:\Program Files\Java\Jre7\bin\verify.dll
0x000000005dbe0000 - 0x000000005dc08000 	F:\Program Files\Java\Jre7\bin\java.dll
0x000000005dbc0000 - 0x000000005dbd5000 	F:\Program Files\Java\Jre7\bin\zip.dll
0x000000005aff0000 - 0x000000005b183000 	F:\Program Files\Java\Jre7\bin\awt.dll
0x000007fd0d830000 - 0x000007fd0d8f3000 	C:\WINDOWS\system32\OLEAUT32.dll
0x000007fd0cc40000 - 0x000007fd0cdf0000 	C:\WINDOWS\system32\combase.dll
0x000007fd04cf0000 - 0x000007fd04d8f000 	C:\WINDOWS\system32\apphelp.dll
0x000007fd09810000 - 0x000007fd098f3000 	C:\WINDOWS\system32\uxtheme.dll
0x000007fd08210000 - 0x000007fd082a5000 	C:\Program Files\Common Files\microsoft shared\ink\tiptsf.dll
0x000007fd088b0000 - 0x000007fd088d1000 	C:\WINDOWS\SYSTEM32\dwmapi.dll
0x000007fd0d090000 - 0x000007fd0d20e000 	C:\WINDOWS\system32\ole32.dll
0x000007fd0a860000 - 0x000007fd0a86a000 	C:\WINDOWS\SYSTEM32\CRYPTBASE.dll
0x000007fd0a800000 - 0x000007fd0a85c000 	C:\WINDOWS\SYSTEM32\bcryptPrimitives.dll
0x000007fd0af70000 - 0x000007fd0c258000 	C:\WINDOWS\system32\SHELL32.dll
0x000007fd0cb80000 - 0x000007fd0cbd0000 	C:\WINDOWS\system32\SHLWAPI.dll
0x000007fd09be0000 - 0x000007fd09c76000 	C:\WINDOWS\SYSTEM32\shcore.dll
0x000000005d2e0000 - 0x000000005d378000 	C:\Windows\System32\msvcp100.dll
0x000007fcf1100000 - 0x000007fcf1358000 	C:\opencv\build\x64\vc10\bin\opencv_core243.dll
0x000007fcf4210000 - 0x000007fcf42a5000 	C:\Users\Jonas\AppData\Local\Temp\javacpp132706055933066\jniopencv_core.dll
0x000007fcf07d0000 - 0x000007fcf0a75000 	C:\opencv\build\x64\vc10\bin\opencv_imgproc243.dll
0x000007fd015e0000 - 0x000007fd01628000 	C:\Users\Jonas\AppData\Local\Temp\javacpp132706055933066\jniopencv_imgproc.dll
0x0000000066840000 - 0x00000000675ca000 	C:\opencv\build\x64\vc10\bin\opencv_ffmpeg243_64.dll
0x000007fcece30000 - 0x000007fced07b000 	C:\opencv\build\x64\vc10\bin\opencv_highgui243.dll
0x000007fd043e0000 - 0x000007fd04400000 	C:\WINDOWS\SYSTEM32\AVIFIL32.dll
0x000007fd07af0000 - 0x000007fd07b19000 	C:\WINDOWS\SYSTEM32\MSVFW32.dll
0x000007fd081c0000 - 0x000007fd081d7000 	C:\WINDOWS\SYSTEM32\AVICAP32.dll
0x000007fcf6150000 - 0x000007fcf6169000 	C:\WINDOWS\SYSTEM32\MSACM32.dll
0x000007fd07db0000 - 0x000007fd07db9000 	C:\WINDOWS\SYSTEM32\VERSION.dll
0x000007fd04350000 - 0x000007fd04363000 	C:\Users\Jonas\AppData\Local\Temp\javacpp132706055933066\jniopencv_highgui.dll
0x000007fd0d2c0000 - 0x000007fd0d356000 	C:\WINDOWS\SYSTEM32\clbcatq.dll
0x000007fd01e20000 - 0x000007fd01e37000 	C:\Windows\System32\devenum.dll
0x000007fd0c9b0000 - 0x000007fd0cb80000 	C:\WINDOWS\system32\setupapi.dll
0x000007fd0ad10000 - 0x000007fd0ad5f000 	C:\WINDOWS\system32\CFGMGR32.dll
0x000007fd0af40000 - 0x000007fd0af62000 	C:\WINDOWS\system32\DEVOBJ.dll
0x000007fd03ae0000 - 0x000007fd03b0e000 	C:\WINDOWS\SYSTEM32\ntmarta.dll
0x000007fd0ac00000 - 0x000007fd0ac55000 	C:\WINDOWS\system32\WINTRUST.dll
0x000007fd0ad60000 - 0x000007fd0af37000 	C:\WINDOWS\system32\CRYPT32.dll
0x000007fd0aae0000 - 0x000007fd0aaf6000 	C:\WINDOWS\system32\MSASN1.dll
0x000007fd05950000 - 0x000007fd0595d000 	C:\WINDOWS\SYSTEM32\msdmo.dll
0x000007fd01920000 - 0x000007fd0194f000 	C:\Windows\System32\qcap.dll
0x000007fcec870000 - 0x000007fceca28000 	C:\Windows\System32\quartz.dll
0x000007fcf7e50000 - 0x000007fcf7e8f000 	C:\Windows\System32\ksproxy.ax
0x000007fcf5930000 - 0x000007fcf5937000 	C:\Windows\System32\ksuser.dll
0x000007fcf9950000 - 0x000007fcf9b50000 	C:\Windows\System32\d3d9.dll
0x000007fd04560000 - 0x000007fd0456c000 	C:\Windows\System32\vidcap.ax
0x000007fd015b0000 - 0x000007fd015d4000 	C:\Windows\System32\kswdmcap.ax
0x000007fcf2570000 - 0x000007fcf26c4000 	C:\Windows\System32\MFC42.dll
0x000007fcf3af0000 - 0x000007fcf3bae000 	C:\Windows\System32\ODBC32.dll
0x000007fcf1490000 - 0x000007fcf1525000 	C:\Windows\System32\qedit.dll
0x000007fd0d210000 - 0x000007fd0d2b1000 	C:\WINDOWS\system32\COMDLG32.dll
0x000007fd0d370000 - 0x000007fd0d510000 	C:\WINDOWS\WinSxS\amd64_microsoft.windows.gdiplus_6595b64144ccf1df_1.1.9200.16384_none_72771d4ecc1c3a4d\gdiplus.dll
0x000007fcf0640000 - 0x000007fcf072a000 	C:\WINDOWS\SYSTEM32\DDRAW.dll
0x000007fd07de0000 - 0x000007fd07de8000 	C:\WINDOWS\SYSTEM32\DCIMAN32.dll
0x000000005b610000 - 0x000000005b644000 	F:\Program Files\Java\Jre7\bin\fontmanager.dll
0x000007fce6500000 - 0x000007fce7680000 	C:\WINDOWS\SYSTEM32\nvd3dumx.dll
0x000007fd0a900000 - 0x000007fd0a943000 	C:\WINDOWS\SYSTEM32\powrprof.dll
0x0000000180000000 - 0x0000000180116000 	C:\Program Files (x86)\NVIDIA Corporation\3D Vision\nvSCPAPI64.dll
0x000007fd07ef0000 - 0x000007fd07f64000 	C:\WINDOWS\SYSTEM32\dxgi.dll
0x000007fd06540000 - 0x000007fd06802000 	C:\WINDOWS\SYSTEM32\nvapi64.dll
0x000007fd07ed0000 - 0x000007fd07eef000 	C:\WINDOWS\SYSTEM32\DXGIDebug.dll
0x000000005dba0000 - 0x000000005dbb9000 	F:\Program Files\Java\Jre7\bin\net.dll
0x000007fd0a270000 - 0x000007fd0a2cc000 	C:\WINDOWS\system32\mswsock.dll
0x000000005db50000 - 0x000000005db61000 	F:\Program Files\Java\Jre7\bin\nio.dll
0x000000005b5c0000 - 0x000000005b601000 	F:\Program Files\Java\Jre7\bin\t2k.dll
0x000007fd08010000 - 0x000007fd0819a000 	C:\WINDOWS\SYSTEM32\WindowsCodecs.dll
0x000007fd0aa30000 - 0x000007fd0aa45000 	C:\WINDOWS\SYSTEM32\profapi.dll
0x000007fd07530000 - 0x000007fd07599000 	C:\WINDOWS\SYSTEM32\oleacc.dll
0x000000005afc0000 - 0x000000005afea000 	F:\Program Files\Java\Jre7\bin\dcpr.dll

VM Arguments:
jvm_args: -Dfile.encoding=Cp1252 
java_command: emcscanner.kth.se.Program
Launcher Type: SUN_STANDARD

Environment Variables:
PATH=C:\Program Files (x86)\NVIDIA Corporation\PhysX\Common;C:\WINDOWS\system32;C:\WINDOWS;C:\WINDOWS\System32\Wbem;C:\WINDOWS\System32\WindowsPowerShell\v1.0\;C:\Program Files (x86)\Microsoft SQL Server\90\Tools\binn\;C:\Program Files (x86)\Autodesk\Backburner\;F:\Program Files\MATLAB\R2012a\runtime\win64;F:\Program Files\MATLAB\R2012a\bin;C:\Program Files\Internet Explorer;C:\Program Files\Perforce;F:\Program Files\Perforce;C:\Program Files\Microsoft\Web Platform Installer\;C:\Program Files (x86)\Microsoft ASP.NET\ASP.NET Web Pages\v1.0\;C:\Program Files (x86)\Windows Kits\8.0\Windows Performance Toolkit\;C:\Program Files\Microsoft SQL Server\110\Tools\Binn\;F:\Program Files\Perforce\Server
USERNAME=Jonas
OS=Windows_NT
PROCESSOR_IDENTIFIER=Intel64 Family 6 Model 42 Stepping 7, GenuineIntel



---------------  S Y S T E M  ---------------

OS: Windows 8 , 64 bit Build 9200 

CPU:total 8 (4 cores per cpu, 2 threads per core) family 6 model 42 stepping 7, cmov, cx8, fxsr, mmx, sse, sse2, sse3, ssse3, sse4.1, sse4.2, popcnt, avx, ht, tsc, tscinvbit

Memory: 4k page, physical 16751668k(9827252k free), swap 33528884k(24154016k free)

vm_info: Java HotSpot(TM) 64-Bit Server VM (23.3-b01) for windows-amd64 JRE (1.7.0_07-b11), built on Sep  7 2012 01:19:25 by "java_re" with unknown MS VC++:1600

time: Mon Feb 04 01:33:27 2013
elapsed time: 13 seconds

