#
# A fatal error has been detected by the Java Runtime Environment:
#
#  EXCEPTION_ACCESS_VIOLATION (0xc0000005) at pc=0x000007ff3c8d8bc0, pid=2768, tid=5696
#
# JRE version: 7.0_07-b11
# Java VM: Java HotSpot(TM) 64-Bit Server VM (23.3-b01 mixed mode windows-amd64 compressed oops)
# Problematic frame:
# C  [ntdll.dll+0x18bc0]  RtlQueueWorkItem+0x8a0
#
# Failed to write core dump. Minidumps are not enabled by default on client versions of Windows
#
# If you would like to submit a bug report, please visit:
#   http://bugreport.sun.com/bugreport/crash.jsp
# The crash happened outside the Java Virtual Machine in native code.
# See problematic frame for where to report the bug.
#

---------------  T H R E A D  ---------------

Current thread (0x000000001357a800):  JavaThread "threadDisplay" daemon [_thread_in_native, id=5696, stack(0x000000001a2c0000,0x000000001a3c0000)]

siginfo: ExceptionCode=0xc0000005, writing address 0x0000000000000024

Registers:
RAX=0x0000000000000000, RBX=0x00000000137981f8, RCX=0x00000000fffffffc, RDX=0x00000000000004e4
RSP=0x000000001a3becc0, RBP=0x0000000000000000, RSI=0x00000000000004e4, RDI=0x0000000000000000
R8 =0xffffffffffffffff, R9 =0x0000000000000004, R10=0x0000000000000000, R11=0x0000000000000246
R12=0x0000000000000000, R13=0x0000000000000000, R14=0x000007f7db772000, R15=0x0000000000000000
RIP=0x000007ff3c8d8bc0, EFLAGS=0x0000000000010213

Top of Stack: (sp=0x000000001a3becc0)
0x000000001a3becc0:   00000000000004e4 00000006fb86b4d3
0x000000001a3becd0:   000000001a3bed20 00000006fb86f208
0x000000001a3bece0:   0000000000000000 00000006fb86b4e8
0x000000001a3becf0:   0000000000000000 000000001a3bed18
0x000000001a3bed00:   0000000000000000 0000000000000000
0x000000001a3bed10:   0000000000000000 0000000000000000
0x000000001a3bed20:   0000000000000000 000007ff39a810ea
0x000000001a3bed30:   0000000001fc0000 0000000000000010
0x000000001a3bed40:   0000a7246dc195c7 000007ff3c8c57c0
0x000000001a3bed50:   0000000000000004 0000000000000001
0x000000001a3bed60:   0000000019ccd050 00000000ff000000
0x000000001a3bed70:   0000000000000000 0000000000000000
0x000000001a3bed80:   000007f7db772000 000007ff3c8cf4d4
0x000000001a3bed90:   0000000000000000 0000000000000000
0x000000001a3beda0:   00000000137981f8 0000000000000000
0x000000001a3bedb0:   0000000000000000 000000001357a9d8 

Instructions: (pc=0x000007ff3c8d8bc0)
0x000007ff3c8d8ba0:   43 08 a8 01 0f 85 bd 67 ff ff 8b c8 2b cd f0 0f
0x000007ff3c8d8bb0:   b1 4b 08 75 ea 48 8b 03 33 ed 48 83 f8 ff 74 03
0x000007ff3c8d8bc0:   ff 40 24 41 bf 82 03 fe 7f 41 80 3f 00 0f 85 69
0x000007ff3c8d8bd0:   7a 0e 00 48 83 fe ff 0f 84 bf 7a 0e 00 4c 8b c7 


Register to memory mapping:

RAX=0x0000000000000000 is an unknown value
RBX=0x00000000137981f8 is an unknown value
RCX=0x00000000fffffffc is an unknown value
RDX=0x00000000000004e4 is an unknown value
RSP=0x000000001a3becc0 is pointing into the stack for thread: 0x000000001357a800
RBP=0x0000000000000000 is an unknown value
RSI=0x00000000000004e4 is an unknown value
RDI=0x0000000000000000 is an unknown value
R8 =0xffffffffffffffff is an unknown value
R9 =0x0000000000000004 is an unknown value
R10=0x0000000000000000 is an unknown value
R11=0x0000000000000246 is an unknown value
R12=0x0000000000000000 is an unknown value
R13=0x0000000000000000 is an unknown value
R14=0x000007f7db772000 is an unknown value
R15=0x0000000000000000 is an unknown value


Stack: [0x000000001a2c0000,0x000000001a3c0000],  sp=0x000000001a3becc0,  free space=1019k
Native frames: (J=compiled Java code, j=interpreted, Vv=VM code, C=native code)
C  [ntdll.dll+0x18bc0]  RtlQueueWorkItem+0x8a0

[error occurred during error reporting (printing native stack), id 0xc0000005]

Java frames: (J=compiled Java code, j=interpreted, Vv=VM code)
j  com.googlecode.javacv.cpp.opencv_highgui.cvRetrieveFrame(Lcom/googlecode/javacv/cpp/opencv_highgui$CvCapture;I)Lcom/googlecode/javacv/cpp/opencv_core$IplImage;+0
j  com.googlecode.javacv.cpp.opencv_highgui.cvRetrieveFrame(Lcom/googlecode/javacv/cpp/opencv_highgui$CvCapture;)Lcom/googlecode/javacv/cpp/opencv_core$IplImage;+2
j  com.googlecode.javacv.OpenCVFrameGrabber.grab()Lcom/googlecode/javacv/cpp/opencv_core$IplImage;+4
j  emcscanner.kth.se.CameraPanel$1.run()V+7
v  ~StubRoutines::call_stub

---------------  P R O C E S S  ---------------

Java Threads: ( => current thread )
  0x000000001e07b000 JavaThread "Thread-0" daemon [_thread_in_native, id=6000, stack(0x0000000016b10000,0x0000000016c10000)]
  0x0000000015c77800 JavaThread "ICEpdf-pagePainter" daemon [_thread_blocked, id=7240, stack(0x0000000021c70000,0x0000000021d70000)]
  0x000000001ddf0800 JavaThread "ICEpdf-pageInitializer" daemon [_thread_blocked, id=8160, stack(0x0000000021a40000,0x0000000021b40000)]
  0x0000000001fce000 JavaThread "DestroyJavaVM" [_thread_blocked, id=1868, stack(0x00000000020e0000,0x00000000021e0000)]
  0x0000000015c6f800 JavaThread "TimerQueue" daemon [_thread_blocked, id=3036, stack(0x000000001ccb0000,0x000000001cdb0000)]
  0x0000000015bd0800 JavaThread "AWT-EventQueue-0" [_thread_blocked, id=3400, stack(0x000000001cbb0000,0x000000001ccb0000)]
  0x00000000158e0800 JavaThread "AWT-Shutdown" [_thread_blocked, id=7396, stack(0x000000001a3c0000,0x000000001a4c0000)]
=>0x000000001357a800 JavaThread "threadDisplay" daemon [_thread_in_native, id=5696, stack(0x000000001a2c0000,0x000000001a3c0000)]
  0x000000001357b000 JavaThread "AWT-Windows" daemon [_thread_in_native, id=564, stack(0x0000000013df0000,0x0000000013ef0000)]
  0x0000000013554800 JavaThread "Java2D Disposer" daemon [_thread_blocked, id=7616, stack(0x0000000013bf0000,0x0000000013cf0000)]
  0x0000000010e13000 JavaThread "Service Thread" daemon [_thread_blocked, id=2656, stack(0x00000000131f0000,0x00000000132f0000)]
  0x0000000010e08000 JavaThread "C2 CompilerThread1" daemon [_thread_blocked, id=2008, stack(0x00000000130f0000,0x00000000131f0000)]
  0x0000000010df9000 JavaThread "C2 CompilerThread0" daemon [_thread_blocked, id=6588, stack(0x0000000012ff0000,0x00000000130f0000)]
  0x0000000010df7800 JavaThread "Attach Listener" daemon [_thread_blocked, id=4120, stack(0x0000000012ef0000,0x0000000012ff0000)]
  0x0000000010deb000 JavaThread "Signal Dispatcher" daemon [_thread_blocked, id=7224, stack(0x0000000012df0000,0x0000000012ef0000)]
  0x0000000010d8e800 JavaThread "Finalizer" daemon [_thread_blocked, id=2040, stack(0x0000000012cf0000,0x0000000012df0000)]
  0x0000000010d87000 JavaThread "Reference Handler" daemon [_thread_blocked, id=5264, stack(0x0000000012bf0000,0x0000000012cf0000)]

Other Threads:
  0x0000000010d82000 VMThread [stack: 0x0000000012af0000,0x0000000012bf0000] [id=4452]
  0x0000000010e1d800 WatcherThread [stack: 0x00000000132f0000,0x00000000133f0000] [id=2408]

VM state:not at safepoint (normal execution)

VM Mutex/Monitor currently owned by a thread: None

Heap
 PSYoungGen      total 66560K, used 20531K [0x00000007aacb0000, 0x00000007b0ea0000, 0x0000000800000000)
  eden space 36416K, 27% used [0x00000007aacb0000,0x00000007ab681f68,0x00000007ad040000)
  from space 30144K, 34% used [0x00000007af130000,0x00000007afb6ae70,0x00000007b0ea0000)
  to   space 31936K, 0% used [0x00000007ad040000,0x00000007ad040000,0x00000007aef70000)
 ParOldGen       total 174528K, used 51942K [0x0000000700600000, 0x000000070b070000, 0x00000007aacb0000)
  object space 174528K, 29% used [0x0000000700600000,0x00000007038b9948,0x000000070b070000)
 PSPermGen       total 21248K, used 17953K [0x00000006fb400000, 0x00000006fc8c0000, 0x0000000700600000)
  object space 21248K, 84% used [0x00000006fb400000,0x00000006fc588508,0x00000006fc8c0000)

Card table byte_map: [0x00000000053a0000,0x0000000005bd0000] byte_map_base: 0x0000000001bc6000

Polling page: 0x00000000007a0000

Code Cache  [0x00000000022e0000, 0x0000000002550000, 0x00000000052e0000)
 total_blobs=897 nmethods=306 adapters=542 free_code_cache=47762Kb largest_free_block=48827200

Compilation events (10 events):
Event: 22.415 Thread 0x0000000010e08000  312             java.awt.EventQueue::noEvents (29 bytes)
Event: 22.417 Thread 0x0000000010e08000 nmethod 312 0x000000000237bfd0 code [0x000000000237c100, 0x000000000237c1f8]
Event: 22.560 Thread 0x0000000010e08000  314             java.awt.Component::getY (5 bytes)
Event: 22.560 Thread 0x0000000010df9000  313             java.awt.Component::getX (5 bytes)
Event: 22.560 Thread 0x0000000010e08000 nmethod 314 0x000000000237bdd0 code [0x000000000237bf00, 0x000000000237bf58]
Event: 22.560 Thread 0x0000000010df9000 nmethod 313 0x000000000237bb90 code [0x000000000237bcc0, 0x000000000237bd18]
Event: 22.605 Thread 0x0000000010df9000  315             javax.swing.JComponent::getX (5 bytes)
Event: 22.605 Thread 0x0000000010e08000  316             javax.swing.JComponent::getY (5 bytes)
Event: 22.605 Thread 0x0000000010e08000 nmethod 316 0x00000000023d5210 code [0x00000000023d5340, 0x00000000023d5398]
Event: 22.605 Thread 0x0000000010df9000 nmethod 315 0x00000000023d5010 code [0x00000000023d5140, 0x00000000023d5198]

GC Heap History (10 events):
Event: 20.875 GC heap before
{Heap before GC invocations=24 (full 0):
 PSYoungGen      total 50304K, used 48469K [0x00000007aacb0000, 0x00000007b1330000, 0x0000000800000000)
  eden space 39808K, 95% used [0x00000007aacb0000,0x00000007ad1ca868,0x00000007ad390000)
  from space 10496K, 99% used [0x00000007ad450000,0x00000007ade8ae70,0x00000007ade90000)
  to   space 32576K, 0% used [0x00000007af360000,0x00000007af360000,0x00000007b1330000)
 ParOldGen       total 174528K, used 51814K [0x0000000700600000, 0x000000070b070000, 0x00000007aacb0000)
  object space 174528K, 29% used [0x0000000700600000,0x0000000703899948,0x000000070b070000)
 PSPermGen       total 21248K, used 17908K [0x00000006fb400000, 0x00000006fc8c0000, 0x0000000700600000)
  object space 21248K, 84% used [0x00000006fb400000,0x00000006fc57d0f0,0x00000006fc8c0000)
Event: 20.877 GC heap after
Heap after GC invocations=24 (full 0):
 PSYoungGen      total 68416K, used 10475K [0x00000007aacb0000, 0x00000007b1000000, 0x0000000800000000)
  eden space 39104K, 0% used [0x00000007aacb0000,0x00000007aacb0000,0x00000007ad2e0000)
  from space 29312K, 35% used [0x00000007af360000,0x00000007afd9ae70,0x00000007b1000000)
  to   space 31296K, 0% used [0x00000007ad2e0000,0x00000007ad2e0000,0x00000007af170000)
 ParOldGen       total 174528K, used 51838K [0x0000000700600000, 0x000000070b070000, 0x00000007aacb0000)
  object space 174528K, 29% used [0x0000000700600000,0x000000070389f948,0x000000070b070000)
 PSPermGen       total 21248K, used 17908K [0x00000006fb400000, 0x00000006fc8c0000, 0x0000000700600000)
  object space 21248K, 84% used [0x00000006fb400000,0x00000006fc57d0f0,0x00000006fc8c0000)
}
Event: 21.400 GC heap before
{Heap before GC invocations=25 (full 0):
 PSYoungGen      total 68416K, used 48519K [0x00000007aacb0000, 0x00000007b1000000, 0x0000000800000000)
  eden space 39104K, 97% used [0x00000007aacb0000,0x00000007ad1d7118,0x00000007ad2e0000)
  from space 29312K, 35% used [0x00000007af360000,0x00000007afd9ae70,0x00000007b1000000)
  to   space 31296K, 0% used [0x00000007ad2e0000,0x00000007ad2e0000,0x00000007af170000)
 ParOldGen       total 174528K, used 51838K [0x0000000700600000, 0x000000070b070000, 0x00000007aacb0000)
  object space 174528K, 29% used [0x0000000700600000,0x000000070389f948,0x000000070b070000)
 PSPermGen       total 21248K, used 17908K [0x00000006fb400000, 0x00000006fc8c0000, 0x0000000700600000)
  object space 21248K, 84% used [0x00000006fb400000,0x00000006fc57d1e0,0x00000006fc8c0000)
Event: 21.402 GC heap after
Heap after GC invocations=25 (full 0):
 PSYoungGen      total 48896K, used 10443K [0x00000007aacb0000, 0x00000007b0cf0000, 0x0000000800000000)
  eden space 38400K, 0% used [0x00000007aacb0000,0x00000007aacb0000,0x00000007ad230000)
  from space 10496K, 99% used [0x00000007ad2e0000,0x00000007add12e70,0x00000007add20000)
  to   space 30080K, 0% used [0x00000007aef90000,0x00000007aef90000,0x00000007b0cf0000)
 ParOldGen       total 174528K, used 51854K [0x0000000700600000, 0x000000070b070000, 0x00000007aacb0000)
  object space 174528K, 29% used [0x0000000700600000,0x00000007038a3948,0x000000070b070000)
 PSPermGen       total 21248K, used 17908K [0x00000006fb400000, 0x00000006fc8c0000, 0x0000000700600000)
  object space 21248K, 84% used [0x00000006fb400000,0x00000006fc57d1e0,0x00000006fc8c0000)
}
Event: 21.925 GC heap before
{Heap before GC invocations=26 (full 0):
 PSYoungGen      total 48896K, used 48743K [0x00000007aacb0000, 0x00000007b0cf0000, 0x0000000800000000)
  eden space 38400K, 99% used [0x00000007aacb0000,0x00000007ad216ed0,0x00000007ad230000)
  from space 10496K, 99% used [0x00000007ad2e0000,0x00000007add12e70,0x00000007add20000)
  to   space 30080K, 0% used [0x00000007aef90000,0x00000007aef90000,0x00000007b0cf0000)
 ParOldGen       total 174528K, used 51854K [0x0000000700600000, 0x000000070b070000, 0x00000007aacb0000)
  object space 174528K, 29% used [0x0000000700600000,0x00000007038a3948,0x000000070b070000)
 PSPermGen       total 21248K, used 17911K [0x00000006fb400000, 0x00000006fc8c0000, 0x0000000700600000)
  object space 21248K, 84% used [0x00000006fb400000,0x00000006fc57dd80,0x00000006fc8c0000)
Event: 21.927 GC heap after
Heap after GC invocations=26 (full 0):
 PSYoungGen      total 64640K, used 10475K [0x00000007aacb0000, 0x00000007b09e0000, 0x0000000800000000)
  eden space 37696K, 0% used [0x00000007aacb0000,0x00000007aacb0000,0x00000007ad180000)
  from space 26944K, 38% used [0x00000007aef90000,0x00000007af9cae70,0x00000007b09e0000)
  to   space 28864K, 0% used [0x00000007ad180000,0x00000007ad180000,0x00000007aedb0000)
 ParOldGen       total 174528K, used 51886K [0x0000000700600000, 0x000000070b070000, 0x00000007aacb0000)
  object space 174528K, 29% used [0x0000000700600000,0x00000007038ab948,0x000000070b070000)
 PSPermGen       total 21248K, used 17911K [0x00000006fb400000, 0x00000006fc8c0000, 0x0000000700600000)
  object space 21248K, 84% used [0x00000006fb400000,0x00000006fc57dd80,0x00000006fc8c0000)
}
Event: 22.338 GC heap before
{Heap before GC invocations=27 (full 0):
 PSYoungGen      total 64640K, used 45065K [0x00000007aacb0000, 0x00000007b09e0000, 0x0000000800000000)
  eden space 37696K, 91% used [0x00000007aacb0000,0x00000007ace775f0,0x00000007ad180000)
  from space 26944K, 38% used [0x00000007aef90000,0x00000007af9cae70,0x00000007b09e0000)
  to   space 28864K, 0% used [0x00000007ad180000,0x00000007ad180000,0x00000007aedb0000)
 ParOldGen       total 174528K, used 51886K [0x0000000700600000, 0x000000070b070000, 0x00000007aacb0000)
  object space 174528K, 29% used [0x0000000700600000,0x00000007038ab948,0x000000070b070000)
 PSPermGen       total 21248K, used 17916K [0x00000006fb400000, 0x00000006fc8c0000, 0x0000000700600000)
  object space 21248K, 84% used [0x00000006fb400000,0x00000006fc57f188,0x00000006fc8c0000)
Event: 22.341 GC heap after
Heap after GC invocations=27 (full 0):
 PSYoungGen      total 65920K, used 28700K [0x00000007aacb0000, 0x00000007b1180000, 0x0000000800000000)
  eden space 37056K, 0% used [0x00000007aacb0000,0x00000007aacb0000,0x00000007ad0e0000)
  from space 28864K, 99% used [0x00000007ad180000,0x00000007aed872a0,0x00000007aedb0000)
  to   space 33088K, 0% used [0x00000007af130000,0x00000007af130000,0x00000007b1180000)
 ParOldGen       total 174528K, used 51926K [0x0000000700600000, 0x000000070b070000, 0x00000007aacb0000)
  object space 174528K, 29% used [0x0000000700600000,0x00000007038b5948,0x000000070b070000)
 PSPermGen       total 21248K, used 17916K [0x00000006fb400000, 0x00000006fc8c0000, 0x0000000700600000)
  object space 21248K, 84% used [0x00000006fb400000,0x00000006fc57f188,0x00000006fc8c0000)
}
Event: 22.844 GC heap before
{Heap before GC invocations=28 (full 0):
 PSYoungGen      total 65920K, used 60832K [0x00000007aacb0000, 0x00000007b1180000, 0x0000000800000000)
  eden space 37056K, 86% used [0x00000007aacb0000,0x00000007acc10f40,0x00000007ad0e0000)
  from space 28864K, 99% used [0x00000007ad180000,0x00000007aed872a0,0x00000007aedb0000)
  to   space 33088K, 0% used [0x00000007af130000,0x00000007af130000,0x00000007b1180000)
 ParOldGen       total 174528K, used 51926K [0x0000000700600000, 0x000000070b070000, 0x00000007aacb0000)
  object space 174528K, 29% used [0x0000000700600000,0x00000007038b5948,0x000000070b070000)
 PSPermGen       total 21248K, used 17925K [0x00000006fb400000, 0x00000006fc8c0000, 0x0000000700600000)
  object space 21248K, 84% used [0x00000006fb400000,0x00000006fc5817a8,0x00000006fc8c0000)
Event: 22.845 GC heap after
Heap after GC invocations=28 (full 0):
 PSYoungGen      total 66560K, used 10475K [0x00000007aacb0000, 0x00000007b0ea0000, 0x0000000800000000)
  eden space 36416K, 0% used [0x00000007aacb0000,0x00000007aacb0000,0x00000007ad040000)
  from space 30144K, 34% used [0x00000007af130000,0x00000007afb6ae70,0x00000007b0ea0000)
  to   space 31936K, 0% used [0x00000007ad040000,0x00000007ad040000,0x00000007aef70000)
 ParOldGen       total 174528K, used 51942K [0x0000000700600000, 0x000000070b070000, 0x00000007aacb0000)
  object space 174528K, 29% used [0x0000000700600000,0x00000007038b9948,0x000000070b070000)
 PSPermGen       total 21248K, used 17925K [0x00000006fb400000, 0x00000006fc8c0000, 0x0000000700600000)
  object space 21248K, 84% used [0x00000006fb400000,0x00000006fc5817a8,0x00000006fc8c0000)
}

Deoptimization events (10 events):
Event: 2.722 Thread 0x0000000001fce000 Uncommon trap -83 fr.pc 0x0000000002387dfc
Event: 3.179 Thread 0x0000000001fce000 Uncommon trap 43 fr.pc 0x000000000239fd28
Event: 3.709 Thread 0x0000000015bd0800 Uncommon trap -83 fr.pc 0x00000000023a8884
Event: 3.760 Thread 0x000000001ddf0800 Uncommon trap -83 fr.pc 0x00000000023a7774
Event: 3.809 Thread 0x000000001ddf0800 Uncommon trap -83 fr.pc 0x00000000023a73c4
Event: 3.824 Thread 0x000000001ddf0800 Uncommon trap -83 fr.pc 0x00000000023d55e8
Event: 3.879 Thread 0x000000001ddf0800 Uncommon trap -83 fr.pc 0x00000000023d847c
Event: 3.908 Thread 0x000000001ddf0800 Uncommon trap -83 fr.pc 0x00000000023c7858
Event: 4.106 Thread 0x0000000015c77800 Uncommon trap -83 fr.pc 0x000000000237c9bc
Event: 21.424 Thread 0x000000001357a800 Uncommon trap -12 fr.pc 0x000000000243bbf8

Internal exceptions (10 events):
Event: 3.952 Thread 0x000000001ddf0800 Threw 0x00000007ae865500 at C:\jdk7u1_64p\jdk7u7\hotspot\src\share\vm\prims\jvm.cpp:1166
Event: 3.955 Thread 0x000000001ddf0800 Threw 0x00000007ae875968 at C:\jdk7u1_64p\jdk7u7\hotspot\src\share\vm\prims\jvm.cpp:1166
Event: 3.955 Thread 0x000000001ddf0800 Threw 0x00000007ae878738 at C:\jdk7u1_64p\jdk7u7\hotspot\src\share\vm\prims\jvm.cpp:1166
Event: 3.956 Thread 0x000000001ddf0800 Threw 0x00000007ae87b8e8 at C:\jdk7u1_64p\jdk7u7\hotspot\src\share\vm\prims\jvm.cpp:1166
Event: 3.956 Thread 0x000000001ddf0800 Threw 0x00000007ae87e6b8 at C:\jdk7u1_64p\jdk7u7\hotspot\src\share\vm\prims\jvm.cpp:1166
Event: 4.085 Thread 0x0000000015c77800 Threw 0x00000007ab2c4510 at C:\jdk7u1_64p\jdk7u7\hotspot\src\share\vm\prims\jvm.cpp:1166
Event: 4.088 Thread 0x0000000015c77800 Threw 0x00000007ab2d4da0 at C:\jdk7u1_64p\jdk7u7\hotspot\src\share\vm\prims\jvm.cpp:1166
Event: 4.289 Thread 0x0000000015c77800 Threw 0x00000007abe2df78 at C:\jdk7u1_64p\jdk7u7\hotspot\src\share\vm\prims\jvm.cpp:1166
Event: 6.268 Thread 0x0000000015bd0800 Threw 0x00000007ab18d748 at C:\jdk7u1_64p\jdk7u7\hotspot\src\share\vm\prims\jvm.cpp:1166
Event: 21.424 Thread 0x000000001357a800 Implicit null exception at 0x000000000243b8f8 to 0x000000000243bbec

Events (10 events):
Event: 22.337 Executing VM operation: ParallelGCFailedAllocation
Event: 22.341 Executing VM operation: ParallelGCFailedAllocation done
Event: 22.839 loading class 0x0000000015c819f0
Event: 22.839 loading class 0x0000000015c819f0 done
Event: 22.839 loading class 0x0000000013595ca0
Event: 22.840 loading class 0x0000000015e0f3e0
Event: 22.840 loading class 0x0000000015e0f3e0 done
Event: 22.840 loading class 0x0000000013595ca0 done
Event: 22.843 Executing VM operation: ParallelGCFailedAllocation
Event: 22.845 Executing VM operation: ParallelGCFailedAllocation done


Dynamic libraries:
0x000007f7dc190000 - 0x000007f7dc1c4000 	F:\Program Files\Java\Jre7\bin\javaw.exe
0x000007ff3c8c0000 - 0x000007ff3ca7e000 	C:\WINDOWS\SYSTEM32\ntdll.dll
0x000007ff3a840000 - 0x000007ff3a976000 	C:\WINDOWS\system32\KERNEL32.DLL
0x000007ff39a80000 - 0x000007ff39b73000 	C:\WINDOWS\system32\KERNELBASE.dll
0x000007ff3ae10000 - 0x000007ff3aeee000 	C:\WINDOWS\system32\ADVAPI32.dll
0x000007ff39f70000 - 0x000007ff3a0bc000 	C:\WINDOWS\system32\USER32.dll
0x000007ff36fd0000 - 0x000007ff37239000 	C:\WINDOWS\WinSxS\amd64_microsoft.windows.common-controls_6595b64144ccf1df_6.0.9200.16384_none_418c2a697189c07f\COMCTL32.dll
0x000007ff3a5d0000 - 0x000007ff3a675000 	C:\WINDOWS\system32\msvcrt.dll
0x000007ff3aef0000 - 0x000007ff3af38000 	C:\WINDOWS\SYSTEM32\sechost.dll
0x000007ff3c500000 - 0x000007ff3c640000 	C:\WINDOWS\system32\RPCRT4.dll
0x000007ff39d10000 - 0x000007ff39e50000 	C:\WINDOWS\system32\GDI32.dll
0x000007ff3c640000 - 0x000007ff3c679000 	C:\WINDOWS\system32\IMM32.DLL
0x000007ff3a2f0000 - 0x000007ff3a405000 	C:\WINDOWS\system32\MSCTF.dll
0x000007ff397b0000 - 0x000007ff397b8000 	C:\PROGRA~2\NVIDIA~1\3DVISI~1\NVSTIN~1.DLL
0x000007ff3c680000 - 0x000007ff3c687000 	C:\WINDOWS\system32\PSAPI.DLL
0x000000005d2b0000 - 0x000000005d353000 	C:\WINDOWS\WinSxS\amd64_microsoft.vc90.crt_1fc8b3b9a1e18e3b_9.0.30729.6871_none_08e717a5a83adddf\MSVCR90.dll
0x000000005b640000 - 0x000000005b711000 	F:\Program Files\Java\Jre7\bin\msvcr100.dll
0x000000005af20000 - 0x000000005b63f000 	F:\Program Files\Java\Jre7\bin\server\jvm.dll
0x000007ff31ca0000 - 0x000007ff31ca9000 	C:\WINDOWS\SYSTEM32\WSOCK32.dll
0x000007ff37250000 - 0x000007ff37270000 	C:\WINDOWS\SYSTEM32\WINMM.dll
0x000007ff3a680000 - 0x000007ff3a6d8000 	C:\WINDOWS\system32\WS2_32.dll
0x000007ff368c0000 - 0x000007ff368f2000 	C:\WINDOWS\SYSTEM32\WINMMBASE.dll
0x000007ff3a980000 - 0x000007ff3a989000 	C:\WINDOWS\system32\NSI.dll
0x000000005af10000 - 0x000000005af1f000 	F:\Program Files\Java\Jre7\bin\verify.dll
0x000000005aee0000 - 0x000000005af08000 	F:\Program Files\Java\Jre7\bin\java.dll
0x000000005aec0000 - 0x000000005aed5000 	F:\Program Files\Java\Jre7\bin\zip.dll
0x000000005bd60000 - 0x000000005bef3000 	F:\Program Files\Java\Jre7\bin\awt.dll
0x000007ff39e50000 - 0x000007ff39f13000 	C:\WINDOWS\system32\OLEAUT32.dll
0x000007ff3a140000 - 0x000007ff3a2f0000 	C:\WINDOWS\system32\combase.dll
0x000007ff339e0000 - 0x000007ff33a7f000 	C:\WINDOWS\system32\apphelp.dll
0x000007ff385b0000 - 0x000007ff38693000 	C:\WINDOWS\system32\uxtheme.dll
0x000007ff33a80000 - 0x000007ff33b15000 	C:\Program Files\Common Files\microsoft shared\ink\tiptsf.dll
0x000007ff37890000 - 0x000007ff378b1000 	C:\WINDOWS\SYSTEM32\dwmapi.dll
0x000007ff3c740000 - 0x000007ff3c8be000 	C:\WINDOWS\system32\ole32.dll
0x000007ff39600000 - 0x000007ff3960a000 	C:\WINDOWS\SYSTEM32\CRYPTBASE.dll
0x000007ff395a0000 - 0x000007ff395fc000 	C:\WINDOWS\SYSTEM32\bcryptPrimitives.dll
0x000007ff3af40000 - 0x000007ff3c228000 	C:\WINDOWS\system32\SHELL32.dll
0x000007ff39f20000 - 0x000007ff39f70000 	C:\WINDOWS\system32\SHLWAPI.dll
0x000007ff38980000 - 0x000007ff38a16000 	C:\WINDOWS\SYSTEM32\shcore.dll
0x000000005c180000 - 0x000000005c218000 	C:\Windows\System32\msvcp100.dll
0x000007ff1e270000 - 0x000007ff1e4c8000 	C:\opencv\build\x64\vc10\bin\opencv_core243.dll
0x000007ff29410000 - 0x000007ff294a5000 	C:\Users\Jonas\AppData\Local\Temp\javacpp90655779727135\jniopencv_core.dll
0x000007ff1dfc0000 - 0x000007ff1e265000 	C:\opencv\build\x64\vc10\bin\opencv_imgproc243.dll
0x000007ff30dc0000 - 0x000007ff30e08000 	C:\Users\Jonas\AppData\Local\Temp\javacpp90655779727135\jniopencv_imgproc.dll
0x0000000066840000 - 0x00000000675ca000 	C:\opencv\build\x64\vc10\bin\opencv_ffmpeg243_64.dll
0x000007ff1dd70000 - 0x000007ff1dfbb000 	C:\opencv\build\x64\vc10\bin\opencv_highgui243.dll
0x000007ff30da0000 - 0x000007ff30dc0000 	C:\WINDOWS\SYSTEM32\AVIFIL32.dll
0x000007ff30aa0000 - 0x000007ff30ac9000 	C:\WINDOWS\SYSTEM32\MSVFW32.dll
0x000007ff30970000 - 0x000007ff30987000 	C:\WINDOWS\SYSTEM32\AVICAP32.dll
0x000007ff32f20000 - 0x000007ff32f39000 	C:\WINDOWS\SYSTEM32\MSACM32.dll
0x000007ff37270000 - 0x000007ff37279000 	C:\WINDOWS\SYSTEM32\VERSION.dll
0x000007ff30740000 - 0x000007ff30753000 	C:\Users\Jonas\AppData\Local\Temp\javacpp90655779727135\jniopencv_highgui.dll
0x000007ff3c230000 - 0x000007ff3c2c6000 	C:\WINDOWS\SYSTEM32\clbcatq.dll
0x000007ff306c0000 - 0x000007ff306d7000 	C:\Windows\System32\devenum.dll
0x000007ff3ac40000 - 0x000007ff3ae10000 	C:\WINDOWS\system32\setupapi.dll
0x000007ff39c30000 - 0x000007ff39c7f000 	C:\WINDOWS\system32\CFGMGR32.dll
0x000007ff39ce0000 - 0x000007ff39d02000 	C:\WINDOWS\system32\DEVOBJ.dll
0x000007ff32880000 - 0x000007ff328ae000 	C:\WINDOWS\SYSTEM32\ntmarta.dll
0x000007ff39c80000 - 0x000007ff39cd5000 	C:\WINDOWS\system32\WINTRUST.dll
0x000007ff398a0000 - 0x000007ff39a77000 	C:\WINDOWS\system32\CRYPT32.dll
0x000007ff39880000 - 0x000007ff39896000 	C:\WINDOWS\system32\MSASN1.dll
0x000007ff32f10000 - 0x000007ff32f1d000 	C:\WINDOWS\SYSTEM32\msdmo.dll
0x000007ff30690000 - 0x000007ff306bf000 	C:\Windows\System32\qcap.dll
0x000007ff22c10000 - 0x000007ff22dc8000 	C:\Windows\System32\quartz.dll
0x000007ff27100000 - 0x000007ff2713f000 	C:\Windows\System32\ksproxy.ax
0x000007ff1fa90000 - 0x000007ff1fa97000 	C:\Windows\System32\ksuser.dll
0x000007ff28210000 - 0x000007ff28410000 	C:\Windows\System32\d3d9.dll
0x000007ff32a90000 - 0x000007ff32a9c000 	C:\Windows\System32\vidcap.ax
0x000007ff30350000 - 0x000007ff30374000 	C:\Windows\System32\kswdmcap.ax
0x000007ff1d260000 - 0x000007ff1d3b4000 	C:\Windows\System32\MFC42.dll
0x000007ff24a90000 - 0x000007ff24b4e000 	C:\Windows\System32\ODBC32.dll
0x000007ff253c0000 - 0x000007ff25455000 	C:\Windows\System32\qedit.dll
0x000007ff3c690000 - 0x000007ff3c731000 	C:\WINDOWS\system32\COMDLG32.dll
0x000007ff3a410000 - 0x000007ff3a5b0000 	C:\WINDOWS\WinSxS\amd64_microsoft.windows.gdiplus_6595b64144ccf1df_1.1.9200.16384_none_72771d4ecc1c3a4d\gdiplus.dll
0x000007ff20d90000 - 0x000007ff20e7a000 	C:\WINDOWS\SYSTEM32\DDRAW.dll
0x000007ff339d0000 - 0x000007ff339d8000 	C:\WINDOWS\SYSTEM32\DCIMAN32.dll
0x000000005ada0000 - 0x000000005add4000 	F:\Program Files\Java\Jre7\bin\fontmanager.dll
0x000007ff16cd0000 - 0x000007ff17e50000 	C:\WINDOWS\SYSTEM32\nvd3dumx.dll
0x000007ff396a0000 - 0x000007ff396e3000 	C:\WINDOWS\SYSTEM32\powrprof.dll
0x0000000180000000 - 0x0000000180116000 	C:\Program Files (x86)\NVIDIA Corporation\3D Vision\nvSCPAPI64.dll
0x000007ff36ef0000 - 0x000007ff36f64000 	C:\WINDOWS\SYSTEM32\dxgi.dll
0x000007ff36390000 - 0x000007ff36652000 	C:\WINDOWS\SYSTEM32\nvapi64.dll
0x000007ff36900000 - 0x000007ff3691f000 	C:\WINDOWS\SYSTEM32\DXGIDebug.dll
0x000000005aea0000 - 0x000000005aeb9000 	F:\Program Files\Java\Jre7\bin\net.dll
0x000007ff39010000 - 0x000007ff3906c000 	C:\WINDOWS\system32\mswsock.dll
0x000000005ae80000 - 0x000000005ae91000 	F:\Program Files\Java\Jre7\bin\nio.dll
0x000000005ad50000 - 0x000000005ad91000 	F:\Program Files\Java\Jre7\bin\t2k.dll
0x000007ff37350000 - 0x000007ff374da000 	C:\WINDOWS\SYSTEM32\WindowsCodecs.dll
0x000007ff397d0000 - 0x000007ff397e5000 	C:\WINDOWS\SYSTEM32\profapi.dll
0x000007ff367d0000 - 0x000007ff36839000 	C:\WINDOWS\SYSTEM32\oleacc.dll
0x000000005bd30000 - 0x000000005bd5a000 	F:\Program Files\Java\Jre7\bin\dcpr.dll
0x000007ff26eb0000 - 0x000007ff27013000 	C:\WINDOWS\SYSTEM32\dbghelp.dll

VM Arguments:
jvm_args: -Dfile.encoding=Cp1252 
java_command: emcscanner.kth.se.Program
Launcher Type: SUN_STANDARD

Environment Variables:
PATH=C:\Program Files (x86)\NVIDIA Corporation\PhysX\Common;C:\WINDOWS\system32;C:\WINDOWS;C:\WINDOWS\System32\Wbem;C:\WINDOWS\System32\WindowsPowerShell\v1.0\;C:\Program Files (x86)\Microsoft SQL Server\90\Tools\binn\;C:\Program Files (x86)\Autodesk\Backburner\;F:\Program Files\MATLAB\R2012a\runtime\win64;F:\Program Files\MATLAB\R2012a\bin;C:\Program Files\Internet Explorer;C:\Program Files\Perforce;F:\Program Files\Perforce;C:\Program Files\Microsoft\Web Platform Installer\;C:\Program Files (x86)\Microsoft ASP.NET\ASP.NET Web Pages\v1.0\;C:\Program Files (x86)\Windows Kits\8.0\Windows Performance Toolkit\;C:\Program Files\Microsoft SQL Server\110\Tools\Binn\;F:\Program Files\Perforce\Server
USERNAME=Jonas
OS=Windows_NT
PROCESSOR_IDENTIFIER=Intel64 Family 6 Model 42 Stepping 7, GenuineIntel



---------------  S Y S T E M  ---------------

OS: Windows 8 , 64 bit Build 9200 

CPU:total 8 (4 cores per cpu, 2 threads per core) family 6 model 42 stepping 7, cmov, cx8, fxsr, mmx, sse, sse2, sse3, ssse3, sse4.1, sse4.2, popcnt, avx, ht, tsc, tscinvbit

Memory: 4k page, physical 16751668k(12714144k free), swap 33528884k(27935380k free)

vm_info: Java HotSpot(TM) 64-Bit Server VM (23.3-b01) for windows-amd64 JRE (1.7.0_07-b11), built on Sep  7 2012 01:19:25 by "java_re" with unknown MS VC++:1600

time: Thu Jan 24 20:38:20 2013
elapsed time: 23 seconds

