#
# A fatal error has been detected by the Java Runtime Environment:
#
#  EXCEPTION_ACCESS_VIOLATION (0xc0000005) at pc=0x000000005f18c044, pid=4208, tid=7944
#
# JRE version: 7.0_07-b11
# Java VM: Java HotSpot(TM) 64-Bit Server VM (23.3-b01 mixed mode windows-amd64 compressed oops)
# Problematic frame:
# C  [msvcr100.dll+0x3c044]  memcpy+0xb4
#
# Failed to write core dump. Minidumps are not enabled by default on client versions of Windows
#
# If you would like to submit a bug report, please visit:
#   http://bugreport.sun.com/bugreport/crash.jsp
# The crash happened outside the Java Virtual Machine in native code.
# See problematic frame for where to report the bug.
#

---------------  T H R E A D  ---------------

Current thread (0x0000000013560800):  JavaThread "threadDisplayCamera" daemon [_thread_in_native, id=7944, stack(0x000000001b5d0000,0x000000001b6d0000)]

siginfo: ExceptionCode=0xc0000005, reading address 0x000000001b3df000

Registers:
RAX=0x090e00090e00090e, RBX=0x0000000014607f50, RCX=0x0000000014607f78, RDX=0x0000000006dd707d
RSP=0x000000001b6ce5f8, RBP=0x000000001b6ce700, RSI=0x0000000000000003, RDI=0x000000001721d140
R8 =0x000000000000167b, R9 =0x00000000000000b2, R10=0x00090e00090e0009, R11=0x0000000014607f53
R12=0x0000000016d8ca20, R13=0x0000000000000001, R14=0x000000001b3defd0, R15=0x0000000000001680
RIP=0x000000005f18c044, EFLAGS=0x0000000000010206

Top of Stack: (sp=0x000000001b6ce5f8)
0x000000001b6ce5f8:   000007ffb34e1bdb 0000000016d081d0
0x000000001b6ce608:   0000000000001680 0000000017217740
0x000000001b6ce618:   0000000014607f50 0000000000000003
0x000000001b6ce628:   0000000000001680 000003384ed4efea
0x000000001b6ce638:   0000000000155555 0000015b16d80101
0x000000001b6ce648:   000002d800000001 0000000100000782
0x000000001b6ce658:   0000000100000003 0000000300001680
0x000000001b6ce668:   000000001b3dac50 0000000000000003
0x000000001b6ce678:   0000000000000006 0000000000001680
0x000000001b6ce688:   0000000014948b90 0000016600000780
0x000000001b6ce698:   0000000016e0c5b0 0000000600001680
0x000000001b6ce6a8:   0000000000000003 0000000000000001
0x000000001b6ce6b8:   0000000000000003 0000000000000003
0x000000001b6ce6c8:   fffffffffffffffe 0000000000000000
0x000000001b6ce6d8:   0000043800000780 fffffffffffffffe
0x000000001b6ce6e8:   000000001b6ceaa0 000000001b6ce800 

Instructions: (pc=0x000000005f18c044)
0x000000005f18c024:   66 66 66 66 0f 1f 84 00 00 00 00 00 66 66 66 90
0x000000005f18c034:   66 66 90 49 81 f9 00 20 00 00 73 42 48 8b 04 0a
0x000000005f18c044:   4c 8b 54 0a 08 48 83 c1 20 48 89 41 e0 4c 89 51
0x000000005f18c054:   e8 48 8b 44 0a f0 4c 8b 54 0a f8 49 ff c9 48 89 


Register to memory mapping:

RAX=0x090e00090e00090e is an unknown value
RBX=0x0000000014607f50 is an unknown value
RCX=0x0000000014607f78 is an unknown value
RDX=0x0000000006dd707d is an unknown value
RSP=0x000000001b6ce5f8 is pointing into the stack for thread: 0x0000000013560800
RBP=0x000000001b6ce700 is pointing into the stack for thread: 0x0000000013560800
RSI=0x0000000000000003 is an unknown value
RDI=0x000000001721d140 is an unknown value
R8 =0x000000000000167b is an unknown value
R9 =0x00000000000000b2 is an unknown value
R10=0x00090e00090e0009 is an unknown value
R11=0x0000000014607f53 is an unknown value
R12=0x0000000016d8ca20 is an unknown value
R13=0x0000000000000001 is an unknown value
R14=0x000000001b3defd0 is an unknown value
R15=0x0000000000001680 is an unknown value


Stack: [0x000000001b5d0000,0x000000001b6d0000],  sp=0x000000001b6ce5f8,  free space=1017k
Native frames: (J=compiled Java code, j=interpreted, Vv=VM code, C=native code)
C  [msvcr100.dll+0x3c044]  memcpy+0xb4
C  0x000000000000000e

Java frames: (J=compiled Java code, j=interpreted, Vv=VM code)
j  com.googlecode.javacv.cpp.opencv_imgproc.cvSmooth(Lcom/googlecode/javacv/cpp/opencv_core$CvArr;Lcom/googlecode/javacv/cpp/opencv_core$CvArr;IIIDD)V+0
j  com.googlecode.javacv.cpp.opencv_imgproc.cvSmooth(Lcom/googlecode/javacv/cpp/opencv_core$CvArr;Lcom/googlecode/javacv/cpp/opencv_core$CvArr;II)V+7
j  emcscanner.kth.se.CameraPanel$1.run()V+64
v  ~StubRoutines::call_stub

---------------  P R O C E S S  ---------------

Java Threads: ( => current thread )
  0x0000000016c57000 JavaThread "Thread-0" daemon [_thread_in_native, id=1548, stack(0x0000000018120000,0x0000000018220000)]
  0x0000000016c54000 JavaThread "Thread-2" [_thread_in_native, id=8016, stack(0x0000000017f20000,0x0000000018020000)]
  0x0000000016c50800 JavaThread "ICEpdf-pagePainter" daemon [_thread_blocked, id=3860, stack(0x00000000259e0000,0x0000000025ae0000)]
  0x0000000016c56800 JavaThread "ICEpdf-pageInitializer" daemon [_thread_blocked, id=6692, stack(0x00000000257b0000,0x00000000258b0000)]
  0x0000000016c52000 JavaThread "DestroyJavaVM" [_thread_blocked, id=7180, stack(0x0000000002110000,0x0000000002210000)]
  0x00000000147fa000 JavaThread "TimerQueue" daemon [_thread_blocked, id=4180, stack(0x0000000021b20000,0x0000000021c20000)]
  0x000000001453a800 JavaThread "threadDisplayDensity" daemon [_thread_blocked, id=5168, stack(0x000000001dee0000,0x000000001dfe0000)]
  0x000000001453a000 JavaThread "AWT-EventQueue-0" [_thread_blocked, id=1828, stack(0x000000001dde0000,0x000000001dee0000)]
  0x0000000014539000 JavaThread "threadDisplay" daemon [_thread_blocked, id=84, stack(0x000000001dce0000,0x000000001dde0000)]
  0x0000000014875800 JavaThread "AWT-Shutdown" [_thread_blocked, id=5696, stack(0x000000001b6d0000,0x000000001b7d0000)]
=>0x0000000013560800 JavaThread "threadDisplayCamera" daemon [_thread_in_native, id=7944, stack(0x000000001b5d0000,0x000000001b6d0000)]
  0x0000000013561000 JavaThread "AWT-Windows" daemon [_thread_in_native, id=5680, stack(0x0000000013e50000,0x0000000013f50000)]
  0x000000001355e800 JavaThread "Java2D Disposer" daemon [_thread_blocked, id=6744, stack(0x0000000013c50000,0x0000000013d50000)]
  0x0000000010e52800 JavaThread "Service Thread" daemon [_thread_blocked, id=1440, stack(0x0000000013250000,0x0000000013350000)]
  0x0000000010e50000 JavaThread "C2 CompilerThread1" daemon [_thread_blocked, id=1532, stack(0x0000000013150000,0x0000000013250000)]
  0x0000000010e49000 JavaThread "C2 CompilerThread0" daemon [_thread_blocked, id=7732, stack(0x0000000013050000,0x0000000013150000)]
  0x0000000010e48000 JavaThread "Attach Listener" daemon [_thread_blocked, id=1456, stack(0x0000000012f50000,0x0000000013050000)]
  0x0000000010e3b000 JavaThread "Signal Dispatcher" daemon [_thread_blocked, id=5320, stack(0x0000000012e50000,0x0000000012f50000)]
  0x0000000010dde800 JavaThread "Finalizer" daemon [_thread_blocked, id=7048, stack(0x0000000012d50000,0x0000000012e50000)]
  0x0000000010dd7000 JavaThread "Reference Handler" daemon [_thread_blocked, id=3720, stack(0x0000000012c50000,0x0000000012d50000)]

Other Threads:
  0x0000000010dd2000 VMThread [stack: 0x0000000012b50000,0x0000000012c50000] [id=8148]
  0x0000000010e6f000 WatcherThread [stack: 0x0000000013350000,0x0000000013450000] [id=6168]

VM state:not at safepoint (normal execution)

VM Mutex/Monitor currently owned by a thread: None

Heap
 PSYoungGen      total 478720K, used 304263K [0x00000007aacb0000, 0x00000007ce7a0000, 0x0000000800000000)
  eden space 416128K, 73% used [0x00000007aacb0000,0x00000007bd599ff0,0x00000007c4310000)
  from space 62592K, 0% used [0x00000007c4310000,0x00000007c4348000,0x00000007c8030000)
  to   space 61568K, 0% used [0x00000007cab80000,0x00000007cab80000,0x00000007ce7a0000)
 ParOldGen       total 675136K, used 636314K [0x0000000700600000, 0x0000000729950000, 0x00000007aacb0000)
  object space 675136K, 94% used [0x0000000700600000,0x00000007273669a0,0x0000000729950000)
 PSPermGen       total 29440K, used 18154K [0x00000006fb400000, 0x00000006fd0c0000, 0x0000000700600000)
  object space 29440K, 61% used [0x00000006fb400000,0x00000006fc5baa80,0x00000006fd0c0000)

Card table byte_map: [0x00000000053f0000,0x0000000005c20000] byte_map_base: 0x0000000001c16000

Polling page: 0x0000000002010000

Code Cache  [0x00000000023f0000, 0x0000000002660000, 0x00000000053f0000)
 total_blobs=903 nmethods=314 adapters=540 free_code_cache=47784Kb largest_free_block=48893888

Compilation events (10 events):
Event: 32.669 Thread 0x0000000010e49000  321             sun.java2d.pipe.RenderBuffer::putLong (26 bytes)
Event: 32.669 Thread 0x0000000010e49000 nmethod 321 0x00000000024da810 code [0x00000000024da940, 0x00000000024da9d8]
Event: 33.272 Thread 0x0000000010e50000  322             javax.swing.SwingUtilities::getWindowAncestor (31 bytes)
Event: 33.273 Thread 0x0000000010e50000 nmethod 322 0x00000000024da4d0 code [0x00000000024da620, 0x00000000024da6f8]
Event: 34.035 Thread 0x0000000010e49000  323             sun.java2d.SurfaceData::getNativeOps (5 bytes)
Event: 34.035 Thread 0x0000000010e49000 nmethod 323 0x00000000024da2d0 code [0x00000000024da400, 0x00000000024da458]
Event: 34.684 Thread 0x0000000010e50000  324             java.awt.image.Raster::getNumDataElements (8 bytes)
Event: 34.684 Thread 0x0000000010e50000 nmethod 324 0x000000000254add0 code [0x000000000254af20, 0x000000000254afb8]
Event: 35.835 Thread 0x0000000010e49000  325             java.awt.Component::getFont_NoClientCode (29 bytes)
Event: 35.836 Thread 0x0000000010e49000 nmethod 325 0x000000000254aad0 code [0x000000000254ac20, 0x000000000254ace8]

GC Heap History (10 events):
Event: 27.046 GC heap before
{Heap before GC invocations=24 (full 8):
 PSYoungGen      total 364416K, used 308733K [0x00000007aacb0000, 0x00000007c9e80000, 0x0000000800000000)
  eden space 298496K, 99% used [0x00000007aacb0000,0x00000007bcff4630,0x00000007bd030000)
  from space 65920K, 15% used [0x00000007bd030000,0x00000007bda6ae70,0x00000007c1090000)
  to   space 64832K, 0% used [0x00000007c5f30000,0x00000007c5f30000,0x00000007c9e80000)
 ParOldGen       total 607808K, used 336719K [0x0000000700600000, 0x0000000725790000, 0x00000007aacb0000)
  object space 607808K, 55% used [0x0000000700600000,0x0000000714ed3df8,0x0000000725790000)
 PSPermGen       total 30976K, used 18113K [0x00000006fb400000, 0x00000006fd240000, 0x0000000700600000)
  object space 30976K, 58% used [0x00000006fb400000,0x00000006fc5b0520,0x00000006fd240000)
Event: 27.047 GC heap after
Heap after GC invocations=24 (full 8):
 PSYoungGen      total 422272K, used 256K [0x00000007aacb0000, 0x00000007c93d0000, 0x0000000800000000)
  eden space 368384K, 0% used [0x00000007aacb0000,0x00000007aacb0000,0x00000007c1470000)
  from space 53888K, 0% used [0x00000007c5f30000,0x00000007c5f70000,0x00000007c93d0000)
  to   space 65216K, 0% used [0x00000007c1470000,0x00000007c1470000,0x00000007c5420000)
 ParOldGen       total 607808K, used 336719K [0x0000000700600000, 0x0000000725790000, 0x00000007aacb0000)
  object space 607808K, 55% used [0x0000000700600000,0x0000000714ed3df8,0x0000000725790000)
 PSPermGen       total 30976K, used 18113K [0x00000006fb400000, 0x00000006fd240000, 0x0000000700600000)
  object space 30976K, 58% used [0x00000006fb400000,0x00000006fc5b0520,0x00000006fd240000)
}
Event: 28.435 GC heap before
{Heap before GC invocations=25 (full 8):
 PSYoungGen      total 422272K, used 364758K [0x00000007aacb0000, 0x00000007c93d0000, 0x0000000800000000)
  eden space 368384K, 98% used [0x00000007aacb0000,0x00000007c10a5968,0x00000007c1470000)
  from space 53888K, 0% used [0x00000007c5f30000,0x00000007c5f70000,0x00000007c93d0000)
  to   space 65216K, 0% used [0x00000007c1470000,0x00000007c1470000,0x00000007c5420000)
 ParOldGen       total 607808K, used 342794K [0x0000000700600000, 0x0000000725790000, 0x00000007aacb0000)
  object space 607808K, 56% used [0x0000000700600000,0x00000007154c2a08,0x0000000725790000)
 PSPermGen       total 30976K, used 18115K [0x00000006fb400000, 0x00000006fd240000, 0x0000000700600000)
  object space 30976K, 58% used [0x00000006fb400000,0x00000006fc5b0f38,0x00000006fd240000)
Event: 28.437 GC heap after
Heap after GC invocations=25 (full 8):
 PSYoungGen      total 433600K, used 10475K [0x00000007aacb0000, 0x00000007cbff0000, 0x0000000800000000)
  eden space 368384K, 0% used [0x00000007aacb0000,0x00000007aacb0000,0x00000007c1470000)
  from space 65216K, 16% used [0x00000007c1470000,0x00000007c1eaae70,0x00000007c5420000)
  to   space 63040K, 0% used [0x00000007c8260000,0x00000007c8260000,0x00000007cbff0000)
 ParOldGen       total 607808K, used 342794K [0x0000000700600000, 0x0000000725790000, 0x00000007aacb0000)
  object space 607808K, 56% used [0x0000000700600000,0x00000007154c2a08,0x0000000725790000)
 PSPermGen       total 30976K, used 18115K [0x00000006fb400000, 0x00000006fd240000, 0x0000000700600000)
  object space 30976K, 58% used [0x00000006fb400000,0x00000006fc5b0f38,0x00000006fd240000)
}
Event: 30.835 GC heap before
{Heap before GC invocations=26 (full 9):
 PSYoungGen      total 433600K, used 378439K [0x00000007aacb0000, 0x00000007cbff0000, 0x0000000800000000)
  eden space 368384K, 99% used [0x00000007aacb0000,0x00000007c1406ff0,0x00000007c1470000)
  from space 65216K, 16% used [0x00000007c1470000,0x00000007c1eaae70,0x00000007c5420000)
  to   space 63040K, 0% used [0x00000007c8260000,0x00000007c8260000,0x00000007cbff0000)
 ParOldGen       total 652032K, used 649203K [0x0000000700600000, 0x00000007282c0000, 0x00000007aacb0000)
  object space 652032K, 99% used [0x0000000700600000,0x0000000727ffcd48,0x00000007282c0000)
 PSPermGen       total 30976K, used 18118K [0x00000006fb400000, 0x00000006fd240000, 0x0000000700600000)
  object space 30976K, 58% used [0x00000006fb400000,0x00000006fc5b1898,0x00000006fd240000)
Event: 30.865 GC heap after
Heap after GC invocations=26 (full 9):
 PSYoungGen      total 433600K, used 0K [0x00000007aacb0000, 0x00000007cbff0000, 0x0000000800000000)
  eden space 368384K, 0% used [0x00000007aacb0000,0x00000007aacb0000,0x00000007c1470000)
  from space 65216K, 0% used [0x00000007c1470000,0x00000007c1470000,0x00000007c5420000)
  to   space 63040K, 0% used [0x00000007c8260000,0x00000007c8260000,0x00000007cbff0000)
 ParOldGen       total 675136K, used 23496K [0x0000000700600000, 0x0000000729950000, 0x00000007aacb0000)
  object space 675136K, 3% used [0x0000000700600000,0x0000000701cf2320,0x0000000729950000)
 PSPermGen       total 29440K, used 18117K [0x00000006fb400000, 0x00000006fd0c0000, 0x0000000700600000)
  object space 29440K, 61% used [0x00000006fb400000,0x00000006fc5b17b8,0x00000006fd0c0000)
}
Event: 33.235 GC heap before
{Heap before GC invocations=27 (full 9):
 PSYoungGen      total 433600K, used 367950K [0x00000007aacb0000, 0x00000007cbff0000, 0x0000000800000000)
  eden space 368384K, 99% used [0x00000007aacb0000,0x00000007c1403a60,0x00000007c1470000)
  from space 65216K, 0% used [0x00000007c1470000,0x00000007c1470000,0x00000007c5420000)
  to   space 63040K, 0% used [0x00000007c8260000,0x00000007c8260000,0x00000007cbff0000)
 ParOldGen       total 675136K, used 329905K [0x0000000700600000, 0x0000000729950000, 0x00000007aacb0000)
  object space 675136K, 48% used [0x0000000700600000,0x000000071482c660,0x0000000729950000)
 PSPermGen       total 29440K, used 18122K [0x00000006fb400000, 0x00000006fd0c0000, 0x0000000700600000)
  object space 29440K, 61% used [0x00000006fb400000,0x00000006fc5b2bb8,0x00000006fd0c0000)
Event: 33.236 GC heap after
Heap after GC invocations=27 (full 9):
 PSYoungGen      total 476480K, used 128K [0x00000007aacb0000, 0x00000007cbd50000, 0x0000000800000000)
  eden space 416128K, 0% used [0x00000007aacb0000,0x00000007aacb0000,0x00000007c4310000)
  from space 60352K, 0% used [0x00000007c8260000,0x00000007c8280000,0x00000007cbd50000)
  to   space 62592K, 0% used [0x00000007c4310000,0x00000007c4310000,0x00000007c8030000)
 ParOldGen       total 675136K, used 329905K [0x0000000700600000, 0x0000000729950000, 0x00000007aacb0000)
  object space 675136K, 48% used [0x0000000700600000,0x000000071482c660,0x0000000729950000)
 PSPermGen       total 29440K, used 18122K [0x00000006fb400000, 0x00000006fd0c0000, 0x0000000700600000)
  object space 29440K, 61% used [0x00000006fb400000,0x00000006fc5b2bb8,0x00000006fd0c0000)
}
Event: 35.868 GC heap before
{Heap before GC invocations=28 (full 9):
 PSYoungGen      total 476480K, used 415575K [0x00000007aacb0000, 0x00000007cbd50000, 0x0000000800000000)
  eden space 416128K, 99% used [0x00000007aacb0000,0x00000007c4265cf0,0x00000007c4310000)
  from space 60352K, 0% used [0x00000007c8260000,0x00000007c8280000,0x00000007cbd50000)
  to   space 62592K, 0% used [0x00000007c4310000,0x00000007c4310000,0x00000007c8030000)
 ParOldGen       total 675136K, used 636314K [0x0000000700600000, 0x0000000729950000, 0x00000007aacb0000)
  object space 675136K, 94% used [0x0000000700600000,0x00000007273669a0,0x0000000729950000)
 PSPermGen       total 29440K, used 18123K [0x00000006fb400000, 0x00000006fd0c0000, 0x0000000700600000)
  object space 29440K, 61% used [0x00000006fb400000,0x00000006fc5b2ea0,0x00000006fd0c0000)
Event: 35.870 GC heap after
Heap after GC invocations=28 (full 9):
 PSYoungGen      total 478720K, used 224K [0x00000007aacb0000, 0x00000007ce7a0000, 0x0000000800000000)
  eden space 416128K, 0% used [0x00000007aacb0000,0x00000007aacb0000,0x00000007c4310000)
  from space 62592K, 0% used [0x00000007c4310000,0x00000007c4348000,0x00000007c8030000)
  to   space 61568K, 0% used [0x00000007cab80000,0x00000007cab80000,0x00000007ce7a0000)
 ParOldGen       total 675136K, used 636314K [0x0000000700600000, 0x0000000729950000, 0x00000007aacb0000)
  object space 675136K, 94% used [0x0000000700600000,0x00000007273669a0,0x0000000729950000)
 PSPermGen       total 29440K, used 18123K [0x00000006fb400000, 0x00000006fd0c0000, 0x0000000700600000)
  object space 29440K, 61% used [0x00000006fb400000,0x00000006fc5b2ea0,0x00000006fd0c0000)
}

Deoptimization events (10 events):
Event: 2.808 Thread 0x00000000022ee000 Uncommon trap -83 fr.pc 0x0000000002493bb8
Event: 2.808 Thread 0x00000000022ee000 Uncommon trap -83 fr.pc 0x000000000248c7bc
Event: 3.276 Thread 0x00000000022ee000 Uncommon trap 43 fr.pc 0x00000000024b3a68
Event: 3.813 Thread 0x000000001453a000 Uncommon trap -83 fr.pc 0x00000000024c31c4
Event: 3.866 Thread 0x0000000016c56800 Uncommon trap -83 fr.pc 0x00000000024af5f4
Event: 3.911 Thread 0x0000000016c56800 Uncommon trap -83 fr.pc 0x00000000024ad904
Event: 3.930 Thread 0x0000000016c56800 Uncommon trap -83 fr.pc 0x00000000024eb068
Event: 3.997 Thread 0x0000000016c56800 Uncommon trap -83 fr.pc 0x00000000025048fc
Event: 4.027 Thread 0x0000000016c56800 Uncommon trap -83 fr.pc 0x00000000024da798
Event: 31.014 Thread 0x0000000013560800 Uncommon trap -12 fr.pc 0x00000000024dafb8

Internal exceptions (10 events):
Event: 4.072 Thread 0x0000000016c56800 Threw 0x00000007ab8c2a40 at C:\jdk7u1_64p\jdk7u7\hotspot\src\share\vm\prims\jvm.cpp:1166
Event: 4.072 Thread 0x0000000016c56800 Threw 0x00000007ab8c5960 at C:\jdk7u1_64p\jdk7u7\hotspot\src\share\vm\prims\jvm.cpp:1166
Event: 4.075 Thread 0x0000000016c56800 Threw 0x00000007ab8d5dc8 at C:\jdk7u1_64p\jdk7u7\hotspot\src\share\vm\prims\jvm.cpp:1166
Event: 4.075 Thread 0x0000000016c56800 Threw 0x00000007ab8d8ce8 at C:\jdk7u1_64p\jdk7u7\hotspot\src\share\vm\prims\jvm.cpp:1166
Event: 4.076 Thread 0x0000000016c56800 Threw 0x00000007ab8dbe98 at C:\jdk7u1_64p\jdk7u7\hotspot\src\share\vm\prims\jvm.cpp:1166
Event: 4.076 Thread 0x0000000016c56800 Threw 0x00000007ab8dedb8 at C:\jdk7u1_64p\jdk7u7\hotspot\src\share\vm\prims\jvm.cpp:1166
Event: 4.196 Thread 0x0000000016c50800 Threw 0x00000007abe26638 at C:\jdk7u1_64p\jdk7u7\hotspot\src\share\vm\prims\jvm.cpp:1166
Event: 4.201 Thread 0x0000000016c50800 Threw 0x00000007abe36e08 at C:\jdk7u1_64p\jdk7u7\hotspot\src\share\vm\prims\jvm.cpp:1166
Event: 4.404 Thread 0x0000000016c50800 Threw 0x00000007ac873070 at C:\jdk7u1_64p\jdk7u7\hotspot\src\share\vm\prims\jvm.cpp:1166
Event: 31.014 Thread 0x0000000013560800 Implicit null exception at 0x00000000024dacb8 to 0x00000000024dafac

Events (10 events):
Event: 35.866 Executing VM operation: ParallelGCFailedAllocation
Event: 35.866 Executing VM operation: ParallelGCFailedAllocation done
Event: 35.868 Executing VM operation: ParallelGCSystemGC
Event: 35.870 Executing VM operation: ParallelGCSystemGC done
Event: 36.141 loading class 0x000000001491a460
Event: 36.141 loading class 0x000000001491a460 done
Event: 36.141 loading class 0x000000001473c6a0
Event: 36.141 loading class 0x0000000016e0cab0
Event: 36.141 loading class 0x0000000016e0cab0 done
Event: 36.141 loading class 0x000000001473c6a0 done


Dynamic libraries:
0x000007f798e80000 - 0x000007f798eb4000 	F:\Program Files\Java\Jre7\bin\javaw.exe
0x000007ffd0010000 - 0x000007ffd01ce000 	C:\WINDOWS\SYSTEM32\ntdll.dll
0x000007ffcd650000 - 0x000007ffcd786000 	C:\WINDOWS\system32\KERNEL32.DLL
0x000007ffcd360000 - 0x000007ffcd453000 	C:\WINDOWS\system32\KERNELBASE.dll
0x000007ffcdad0000 - 0x000007ffcdbae000 	C:\WINDOWS\system32\ADVAPI32.dll
0x000007ffcf8a0000 - 0x000007ffcf9ec000 	C:\WINDOWS\system32\USER32.dll
0x000007ffca740000 - 0x000007ffca9a9000 	C:\WINDOWS\WinSxS\amd64_microsoft.windows.common-controls_6595b64144ccf1df_6.0.9200.16384_none_418c2a697189c07f\COMCTL32.dll
0x000007ffcd940000 - 0x000007ffcd9e5000 	C:\WINDOWS\system32\msvcrt.dll
0x000007ffcd460000 - 0x000007ffcd4a8000 	C:\WINDOWS\SYSTEM32\sechost.dll
0x000007ffcf760000 - 0x000007ffcf8a0000 	C:\WINDOWS\system32\RPCRT4.dll
0x000007ffcdec0000 - 0x000007ffce000000 	C:\WINDOWS\system32\GDI32.dll
0x000007ffcda90000 - 0x000007ffcdac9000 	C:\WINDOWS\system32\IMM32.DLL
0x000007ffcf9f0000 - 0x000007ffcfb05000 	C:\WINDOWS\system32\MSCTF.dll
0x000007ffccf00000 - 0x000007ffccf08000 	C:\PROGRA~2\NVIDIA~1\3DVISI~1\NVSTIN~1.DLL
0x000007ffcda80000 - 0x000007ffcda87000 	C:\WINDOWS\system32\PSAPI.DLL
0x0000000061700000 - 0x00000000617a3000 	C:\WINDOWS\WinSxS\amd64_microsoft.vc90.crt_1fc8b3b9a1e18e3b_9.0.30729.6871_none_08e717a5a83adddf\MSVCR90.dll
0x000000005f150000 - 0x000000005f221000 	F:\Program Files\Java\Jre7\bin\msvcr100.dll
0x000000005ea30000 - 0x000000005f14f000 	F:\Program Files\Java\Jre7\bin\server\jvm.dll
0x000007ffc53f0000 - 0x000007ffc53f9000 	C:\WINDOWS\SYSTEM32\WSOCK32.dll
0x000007ffca070000 - 0x000007ffca090000 	C:\WINDOWS\SYSTEM32\WINMM.dll
0x000007ffcffb0000 - 0x000007ffd0008000 	C:\WINDOWS\system32\WS2_32.dll
0x000007ffc9f70000 - 0x000007ffc9fa2000 	C:\WINDOWS\SYSTEM32\WINMMBASE.dll
0x000007ffcfb10000 - 0x000007ffcfb19000 	C:\WINDOWS\system32\NSI.dll
0x000000005ea20000 - 0x000000005ea2f000 	F:\Program Files\Java\Jre7\bin\verify.dll
0x000000005e9f0000 - 0x000000005ea18000 	F:\Program Files\Java\Jre7\bin\java.dll
0x000000005e9d0000 - 0x000000005e9e5000 	F:\Program Files\Java\Jre7\bin\zip.dll
0x000000005e7c0000 - 0x000000005e953000 	F:\Program Files\Java\Jre7\bin\awt.dll
0x000007ffcdbb0000 - 0x000007ffcdc73000 	C:\WINDOWS\system32\OLEAUT32.dll
0x000007ffcd790000 - 0x000007ffcd940000 	C:\WINDOWS\system32\combase.dll
0x000007ffc7130000 - 0x000007ffc71cf000 	C:\WINDOWS\system32\apphelp.dll
0x000007ffcbd00000 - 0x000007ffcbde3000 	C:\WINDOWS\system32\uxtheme.dll
0x000007ffc71e0000 - 0x000007ffc7275000 	C:\Program Files\Common Files\microsoft shared\ink\tiptsf.dll
0x000007ffcae20000 - 0x000007ffcae41000 	C:\WINDOWS\SYSTEM32\dwmapi.dll
0x000007ffce000000 - 0x000007ffce17e000 	C:\WINDOWS\system32\ole32.dll
0x000007ffccd70000 - 0x000007ffccd7a000 	C:\WINDOWS\SYSTEM32\CRYPTBASE.dll
0x000007ffcccf0000 - 0x000007ffccd4c000 	C:\WINDOWS\SYSTEM32\bcryptPrimitives.dll
0x000007ffce470000 - 0x000007ffcf758000 	C:\WINDOWS\system32\SHELL32.dll
0x000007ffcff60000 - 0x000007ffcffb0000 	C:\WINDOWS\system32\SHLWAPI.dll
0x000007ffcc0d0000 - 0x000007ffcc166000 	C:\WINDOWS\SYSTEM32\shcore.dll
0x00000000605d0000 - 0x0000000060668000 	C:\Windows\System32\msvcp100.dll
0x000007ffb3e80000 - 0x000007ffb40d8000 	C:\opencv\build\x64\vc10\bin\opencv_core243.dll
0x000007ffbc470000 - 0x000007ffbc505000 	C:\Users\Jonas\AppData\Local\Temp\javacpp27151811012370\jniopencv_core.dll
0x000007ffb3480000 - 0x000007ffb3725000 	C:\opencv\build\x64\vc10\bin\opencv_imgproc243.dll
0x000007ffc67d0000 - 0x000007ffc6818000 	C:\Users\Jonas\AppData\Local\Temp\javacpp27151811012370\jniopencv_imgproc.dll
0x0000000066840000 - 0x00000000675ca000 	C:\opencv\build\x64\vc10\bin\opencv_ffmpeg243_64.dll
0x000007ffb3c30000 - 0x000007ffb3e7b000 	C:\opencv\build\x64\vc10\bin\opencv_highgui243.dll
0x000007ffc9d70000 - 0x000007ffc9d90000 	C:\WINDOWS\SYSTEM32\AVIFIL32.dll
0x000007ffc69e0000 - 0x000007ffc6a09000 	C:\WINDOWS\SYSTEM32\MSVFW32.dll
0x000007ffc6a10000 - 0x000007ffc6a27000 	C:\WINDOWS\SYSTEM32\AVICAP32.dll
0x000007ffba340000 - 0x000007ffba359000 	C:\WINDOWS\SYSTEM32\MSACM32.dll
0x000007ffcacb0000 - 0x000007ffcacb9000 	C:\WINDOWS\SYSTEM32\VERSION.dll
0x000007ffc6790000 - 0x000007ffc67a3000 	C:\Users\Jonas\AppData\Local\Temp\javacpp27151811012370\jniopencv_highgui.dll
0x000007ffce1b0000 - 0x000007ffce246000 	C:\WINDOWS\SYSTEM32\clbcatq.dll
0x000007ffbc450000 - 0x000007ffbc467000 	C:\Windows\System32\devenum.dll
0x000007ffcdc80000 - 0x000007ffcde50000 	C:\WINDOWS\system32\setupapi.dll
0x000007ffcd020000 - 0x000007ffcd06f000 	C:\WINDOWS\system32\CFGMGR32.dll
0x000007ffccff0000 - 0x000007ffcd012000 	C:\WINDOWS\system32\DEVOBJ.dll
0x000007ffc5fd0000 - 0x000007ffc5ffe000 	C:\WINDOWS\SYSTEM32\ntmarta.dll
0x000007ffcd070000 - 0x000007ffcd0c5000 	C:\WINDOWS\system32\WINTRUST.dll
0x000007ffcd0d0000 - 0x000007ffcd2a7000 	C:\WINDOWS\system32\CRYPT32.dll
0x000007ffccfd0000 - 0x000007ffccfe6000 	C:\WINDOWS\system32\MSASN1.dll
0x000007ffc92d0000 - 0x000007ffc92dd000 	C:\WINDOWS\SYSTEM32\msdmo.dll
0x000007ffbc420000 - 0x000007ffbc44f000 	C:\Windows\System32\qcap.dll
0x000007ffb3110000 - 0x000007ffb32c8000 	C:\Windows\System32\quartz.dll
0x000007ffbc3e0000 - 0x000007ffbc41f000 	C:\Windows\System32\ksproxy.ax
0x000007ffba390000 - 0x000007ffba397000 	C:\Windows\System32\ksuser.dll
0x000007ffbbc60000 - 0x000007ffbbe60000 	C:\Windows\System32\d3d9.dll
0x000007ffc7800000 - 0x000007ffc780c000 	C:\Windows\System32\vidcap.ax
0x000007ffbc3b0000 - 0x000007ffbc3d4000 	C:\Windows\System32\kswdmcap.ax
0x000007ffb6280000 - 0x000007ffb63d4000 	C:\Windows\System32\MFC42.dll
0x000007ffb9c50000 - 0x000007ffb9d0e000 	C:\Windows\System32\ODBC32.dll
0x000007ffb7f20000 - 0x000007ffb7fb5000 	C:\Windows\System32\qedit.dll
0x000007ffcfeb0000 - 0x000007ffcff51000 	C:\WINDOWS\system32\COMDLG32.dll
0x000007ffcd4b0000 - 0x000007ffcd650000 	C:\WINDOWS\WinSxS\amd64_microsoft.windows.gdiplus_6595b64144ccf1df_1.1.9200.16384_none_72771d4ecc1c3a4d\gdiplus.dll
0x000007ffb38f0000 - 0x000007ffb39da000 	C:\WINDOWS\SYSTEM32\DDRAW.dll
0x000007ffc7970000 - 0x000007ffc7978000 	C:\WINDOWS\SYSTEM32\DCIMAN32.dll
0x000000005e780000 - 0x000000005e7b4000 	F:\Program Files\Java\Jre7\bin\fontmanager.dll
0x000007ffb4b50000 - 0x000007ffb5cd0000 	C:\WINDOWS\SYSTEM32\nvd3dumx.dll
0x000007ffccdf0000 - 0x000007ffcce33000 	C:\WINDOWS\SYSTEM32\powrprof.dll
0x0000000180000000 - 0x0000000180116000 	C:\Program Files (x86)\NVIDIA Corporation\3D Vision\nvSCPAPI64.dll
0x000007ffca330000 - 0x000007ffca3a4000 	C:\WINDOWS\SYSTEM32\dxgi.dll
0x000007ffc9a40000 - 0x000007ffc9d02000 	C:\WINDOWS\SYSTEM32\nvapi64.dll
0x000007ffc9f50000 - 0x000007ffc9f6f000 	C:\WINDOWS\SYSTEM32\DXGIDebug.dll
0x000000005e9b0000 - 0x000000005e9c9000 	F:\Program Files\Java\Jre7\bin\net.dll
0x000007ffcc760000 - 0x000007ffcc7bc000 	C:\WINDOWS\system32\mswsock.dll
0x000000005e990000 - 0x000000005e9a1000 	F:\Program Files\Java\Jre7\bin\nio.dll
0x000000005e730000 - 0x000000005e771000 	F:\Program Files\Java\Jre7\bin\t2k.dll
0x000007ffca9b0000 - 0x000007ffcab3a000 	C:\WINDOWS\SYSTEM32\WindowsCodecs.dll
0x000007ffccf20000 - 0x000007ffccf35000 	C:\WINDOWS\SYSTEM32\profapi.dll
0x000007ffc8ca0000 - 0x000007ffc8d09000 	C:\WINDOWS\SYSTEM32\oleacc.dll
0x000000005e700000 - 0x000000005e72a000 	F:\Program Files\Java\Jre7\bin\dcpr.dll
0x000007ffb60d0000 - 0x000007ffb6233000 	C:\WINDOWS\SYSTEM32\dbghelp.dll

VM Arguments:
jvm_args: -Dfile.encoding=Cp1252 
java_command: emcscanner.kth.se.Program
Launcher Type: SUN_STANDARD

Environment Variables:
PATH=C:\Program Files (x86)\NVIDIA Corporation\PhysX\Common;C:\WINDOWS\system32;C:\WINDOWS;C:\WINDOWS\System32\Wbem;C:\WINDOWS\System32\WindowsPowerShell\v1.0\;C:\Program Files (x86)\Microsoft SQL Server\90\Tools\binn\;C:\Program Files (x86)\Autodesk\Backburner\;F:\Program Files\MATLAB\R2012a\runtime\win64;F:\Program Files\MATLAB\R2012a\bin;C:\Program Files\Internet Explorer;C:\Program Files\Perforce;F:\Program Files\Perforce;C:\Program Files\Microsoft\Web Platform Installer\;C:\Program Files (x86)\Microsoft ASP.NET\ASP.NET Web Pages\v1.0\;C:\Program Files (x86)\Windows Kits\8.0\Windows Performance Toolkit\;C:\Program Files\Microsoft SQL Server\110\Tools\Binn\;F:\Program Files\Perforce\Server
USERNAME=Jonas
OS=Windows_NT
PROCESSOR_IDENTIFIER=Intel64 Family 6 Model 42 Stepping 7, GenuineIntel



---------------  S Y S T E M  ---------------

OS: Windows 8 , 64 bit Build 9200 

CPU:total 8 (4 cores per cpu, 2 threads per core) family 6 model 42 stepping 7, cmov, cx8, fxsr, mmx, sse, sse2, sse3, ssse3, sse4.1, sse4.2, popcnt, avx, ht, tsc, tscinvbit

Memory: 4k page, physical 16751668k(11723712k free), swap 33528884k(23842876k free)

vm_info: Java HotSpot(TM) 64-Bit Server VM (23.3-b01) for windows-amd64 JRE (1.7.0_07-b11), built on Sep  7 2012 01:19:25 by "java_re" with unknown MS VC++:1600

time: Tue Feb 05 00:14:54 2013
elapsed time: 36 seconds

