#
# A fatal error has been detected by the Java Runtime Environment:
#
#  EXCEPTION_ACCESS_VIOLATION (0xc0000005) at pc=0x000000000278e8ca, pid=9808, tid=9852
#
# JRE version: 7.0_07-b11
# Java VM: Java HotSpot(TM) 64-Bit Server VM (23.3-b01 mixed mode windows-amd64 compressed oops)
# Problematic frame:
# J  com.googlecode.javacv.cpp.opencv_core$IplImage.flipCopyWithGamma(Ljava/nio/ByteBuffer;ILjava/nio/ByteBuffer;IZDZI)V
#
# Failed to write core dump. Minidumps are not enabled by default on client versions of Windows
#
# If you would like to submit a bug report, please visit:
#   http://bugreport.sun.com/bugreport/crash.jsp
#

---------------  T H R E A D  ---------------

Current thread (0x0000000014b5e800):  JavaThread "threadDisplayCamera" daemon [_thread_in_Java, id=9852, stack(0x000000001a9b0000,0x000000001aab0000)]

siginfo: ExceptionCode=0xc0000005, reading address 0x000000001a593000

Registers:
RAX=0x0000000000000062, RBX=0x00000000005eec00, RCX=0x0000000000000000, RDX=0x000000001a3bd050
RSP=0x000000001aaaef80, RBP=0x00000007b94fff88, RSI=0x00000007bb8beaa0, RDI=0x00000000005eec00
R8 =0x00000000001d5fb0, R9 =0x00000000001d5fb1, R10=0x000000000000167f, R11=0x00000000005eec00
R12=0x0000000000000000, R13=0x00000000001d5fb0, R14=0x00000000000004af, R15=0x0000000014b5e800
RIP=0x000000000278e8ca, EFLAGS=0x0000000000010207

Top of Stack: (sp=0x000000001aaaef80)
0x000000001aaaef80:   000000001aaaefc8 00000006fb559128
0x000000001aaaef90:   0000000000000000 00000006fb556ea0
0x000000001aaaefa0:   3ff0000000000000 00000007b94fff48
0x000000001aaaefb0:   00000007b94fff88 3ff0000000000000
0x000000001aaaefc0:   001d5b0000000000 df6ab9ce001d5b00
0x000000001aaaefd0:   00001680df6c65d4 0000000000001680
0x000000001aaaefe0:   00000007b94fffb8 00001680ffffffff
0x000000001aaaeff0:   00000007b94fff88 00000007b94fff48
0x000000001aaaf000:   3ff00000f7717d54 00000000026f28d9
0x000000001aaaf010:   00000006fb9c9de8 00000007b94ffe48
0x000000001aaaf020:   00000006fb7ce390 0000000000000000
0x000000001aaaf030:   000000001aaaf0e8 00000000026e61f8
0x000000001aaaf040:   0000000000000000 0000000000000000
0x000000001aaaf050:   00000006fbb42e40 00000000026e61f8
0x000000001aaaf060:   0000000000000000 0000000000000000
0x000000001aaaf070:   3ff0000000000000 00000000026e63d3 

Instructions: (pc=0x000000000278e8ca)
0x000000000278e8aa:   10 44 3b c7 0f 8d 26 01 00 00 45 8b c8 41 ff c1
0x000000000278e8ba:   44 89 4d 18 48 8b 6c 24 70 44 8b 6d 18 4d 63 c0
0x000000000278e8ca:   42 0f b6 04 02 44 3b eb 0f 8d 32 01 00 00 45 8b
0x000000000278e8da:   cd 44 03 c9 41 ff c5 44 89 6d 18 45 3b cb 0f 83 


Register to memory mapping:

RAX=0x0000000000000062 is an unknown value
RBX=0x00000000005eec00 is an unknown value
RCX=0x0000000000000000 is an unknown value
RDX=0x000000001a3bd050 is an unknown value
RSP=0x000000001aaaef80 is pointing into the stack for thread: 0x0000000014b5e800
RBP=0x00000007b94fff88 is an oop
java.nio.HeapByteBuffer 
 - klass: 'java/nio/HeapByteBuffer'
RSI=0x00000007bb8beaa0 is an oop
[B 
 - klass: {type array byte}
 - length: 6220800
RDI=0x00000000005eec00 is an unknown value
R8 =0x00000000001d5fb0 is an unknown value
R9 =0x00000000001d5fb1 is an unknown value
R10=0x000000000000167f is an unknown value
R11=0x00000000005eec00 is an unknown value
R12=0x0000000000000000 is an unknown value
R13=0x00000000001d5fb0 is an unknown value
R14=0x00000000000004af is an unknown value
R15=0x0000000014b5e800 is a thread


Stack: [0x000000001a9b0000,0x000000001aab0000],  sp=0x000000001aaaef80,  free space=1019k
Native frames: (J=compiled Java code, j=interpreted, Vv=VM code, C=native code)
J  com.googlecode.javacv.cpp.opencv_core$IplImage.flipCopyWithGamma(Ljava/nio/ByteBuffer;ILjava/nio/ByteBuffer;IZDZI)V


---------------  P R O C E S S  ---------------

Java Threads: ( => current thread )
  0x0000000014efe800 JavaThread "ICEpdf-pagePainter" daemon [_thread_blocked, id=9492, stack(0x000000002a2a0000,0x000000002a3a0000)]
  0x0000000014f04800 JavaThread "ICEpdf-pageInitializer" daemon [_thread_blocked, id=7540, stack(0x000000002a070000,0x000000002a170000)]
  0x0000000014f03800 JavaThread "DestroyJavaVM" [_thread_blocked, id=7508, stack(0x00000000024e0000,0x00000000025e0000)]
  0x0000000014f03000 JavaThread "D3D Screen Updater" daemon [_thread_blocked, id=2284, stack(0x0000000027540000,0x0000000027640000)]
  0x0000000014f02000 JavaThread "TimerQueue" daemon [_thread_blocked, id=10024, stack(0x0000000025c10000,0x0000000025d10000)]
  0x0000000014d1a800 JavaThread "threadDisplayDensity" daemon [_thread_blocked, id=5756, stack(0x0000000020f10000,0x0000000021010000)]
  0x000000001492f800 JavaThread "AWT-EventQueue-0" [_thread_in_native, id=9180, stack(0x000000001f330000,0x000000001f430000)]
  0x0000000014a5d800 JavaThread "threadDisplay" daemon [_thread_blocked, id=5004, stack(0x000000001f230000,0x000000001f330000)]
  0x0000000014a5c800 JavaThread "threadDisplay" daemon [_thread_in_native, id=5708, stack(0x000000001d0b0000,0x000000001d1b0000)]
  0x000000001391c800 JavaThread "AWT-Shutdown" [_thread_blocked, id=5676, stack(0x000000001aab0000,0x000000001abb0000)]
=>0x0000000014b5e800 JavaThread "threadDisplayCamera" daemon [_thread_in_Java, id=9852, stack(0x000000001a9b0000,0x000000001aab0000)]
  0x000000001391d000 JavaThread "AWT-Windows" daemon [_thread_in_native, id=4744, stack(0x0000000014200000,0x0000000014300000)]
  0x0000000013809800 JavaThread "Java2D Disposer" daemon [_thread_blocked, id=7172, stack(0x0000000014000000,0x0000000014100000)]
  0x0000000011204800 JavaThread "Service Thread" daemon [_thread_blocked, id=776, stack(0x0000000013600000,0x0000000013700000)]
  0x00000000111ff800 JavaThread "C2 CompilerThread1" daemon [_thread_blocked, id=10156, stack(0x0000000013500000,0x0000000013600000)]
  0x00000000111f9000 JavaThread "C2 CompilerThread0" daemon [_thread_blocked, id=5176, stack(0x0000000013400000,0x0000000013500000)]
  0x00000000111f7800 JavaThread "Attach Listener" daemon [_thread_blocked, id=3484, stack(0x0000000013300000,0x0000000013400000)]
  0x00000000111eb000 JavaThread "Signal Dispatcher" daemon [_thread_blocked, id=2792, stack(0x0000000013200000,0x0000000013300000)]
  0x000000001118e800 JavaThread "Finalizer" daemon [_thread_blocked, id=6532, stack(0x0000000013100000,0x0000000013200000)]
  0x0000000011187000 JavaThread "Reference Handler" daemon [_thread_blocked, id=9040, stack(0x0000000013000000,0x0000000013100000)]

Other Threads:
  0x0000000011182000 VMThread [stack: 0x0000000012f00000,0x0000000013000000] [id=4908]
  0x000000001121f000 WatcherThread [stack: 0x0000000013700000,0x0000000013800000] [id=8096]

VM state:not at safepoint (normal execution)

VM Mutex/Monitor currently owned by a thread: None

Heap
 PSYoungGen      total 999680K, used 301813K [0x00000007aacb0000, 0x00000007f2d30000, 0x0000000800000000)
  eden space 924672K, 30% used [0x00000007aacb0000,0x00000007bc0e6f60,0x00000007e33b0000)
  from space 75008K, 25% used [0x00000007e33b0000,0x00000007e4636740,0x00000007e7cf0000)
  to   space 73920K, 0% used [0x00000007ee500000,0x00000007ee500000,0x00000007f2d30000)
 ParOldGen       total 312320K, used 160648K [0x0000000700600000, 0x0000000713700000, 0x00000007aacb0000)
  object space 312320K, 51% used [0x0000000700600000,0x000000070a2e2300,0x0000000713700000)
 PSPermGen       total 36032K, used 18203K [0x00000006fb400000, 0x00000006fd730000, 0x0000000700600000)
  object space 36032K, 50% used [0x00000006fb400000,0x00000006fc5c6d40,0x00000006fd730000)

Card table byte_map: [0x00000000057a0000,0x0000000005fd0000] byte_map_base: 0x0000000001fc6000

Polling page: 0x00000000023c0000

Code Cache  [0x00000000026e0000, 0x0000000002950000, 0x00000000056e0000)
 total_blobs=922 nmethods=334 adapters=539 free_code_cache=47751Kb largest_free_block=48861632

Compilation events (10 events):
Event: 23.815 Thread 0x00000000111ff800  341             sun.java2d.pipe.RenderQueue::ensureCapacity (16 bytes)
Event: 23.816 Thread 0x00000000111ff800 nmethod 341 0x00000000027d5b90 code [0x00000000027d5ce0, 0x00000000027d5d88]
Event: 24.336 Thread 0x00000000111f9000  342             javax.swing.SwingUtilities::appContextGet (8 bytes)
Event: 24.337 Thread 0x00000000111f9000 nmethod 342 0x00000000027d5750 code [0x00000000027d58c0, 0x00000000027d59f8]
Event: 24.408 Thread 0x00000000111ff800  343             java.awt.Component::isValid (20 bytes)
Event: 24.409 Thread 0x00000000111ff800 nmethod 343 0x00000000027d5550 code [0x00000000027d5680, 0x00000000027d56f8]
Event: 24.777 Thread 0x00000000111f9000  344             java.awt.image.DataBuffer$1::getTrackable (5 bytes)
Event: 24.777 Thread 0x00000000111f9000 nmethod 344 0x00000000027d5310 code [0x00000000027d5440, 0x00000000027d54b8]
Event: 24.938 Thread 0x00000000111ff800  345   !         javax.swing.RepaintManager::addDirtyRegion0 (201 bytes)
Event: 24.949 Thread 0x00000000111ff800 nmethod 345 0x0000000002844f90 code [0x00000000028451a0, 0x0000000002846210]

GC Heap History (10 events):
Event: 19.331 GC heap before
{Heap before GC invocations=20 (full 5):
 PSYoungGen      total 749440K, used 744731K [0x00000007aacb0000, 0x00000007e5780000, 0x0000000800000000)
  eden space 688000K, 99% used [0x00000007aacb0000,0x00000007d4c87228,0x00000007d4c90000)
  from space 61440K, 92% used [0x00000007d4c90000,0x00000007d83ffca0,0x00000007d8890000)
  to   space 68352K, 0% used [0x00000007e14c0000,0x00000007e14c0000,0x00000007e5780000)
 ParOldGen       total 300800K, used 300709K [0x0000000700600000, 0x0000000712bc0000, 0x00000007aacb0000)
  object space 300800K, 99% used [0x0000000700600000,0x0000000712ba95b0,0x0000000712bc0000)
 PSPermGen       total 37696K, used 18165K [0x00000006fb400000, 0x00000006fd8d0000, 0x0000000700600000)
  object space 37696K, 48% used [0x00000006fb400000,0x00000006fc5bd6b0,0x00000006fd8d0000)
Event: 19.361 GC heap after
Heap after GC invocations=20 (full 5):
 PSYoungGen      total 749440K, used 0K [0x00000007aacb0000, 0x00000007e5780000, 0x0000000800000000)
  eden space 688000K, 0% used [0x00000007aacb0000,0x00000007aacb0000,0x00000007d4c90000)
  from space 61440K, 0% used [0x00000007d4c90000,0x00000007d4c90000,0x00000007d8890000)
  to   space 68352K, 0% used [0x00000007e14c0000,0x00000007e14c0000,0x00000007e5780000)
 ParOldGen       total 312320K, used 40031K [0x0000000700600000, 0x0000000713700000, 0x00000007aacb0000)
  object space 312320K, 12% used [0x0000000700600000,0x0000000702d17d28,0x0000000713700000)
 PSPermGen       total 36032K, used 18165K [0x00000006fb400000, 0x00000006fd730000, 0x0000000700600000)
  object space 36032K, 50% used [0x00000006fb400000,0x00000006fc5bd6b0,0x00000006fd730000)
}
Event: 20.775 GC heap before
{Heap before GC invocations=21 (full 5):
 PSYoungGen      total 749440K, used 688000K [0x00000007aacb0000, 0x00000007e5780000, 0x0000000800000000)
  eden space 688000K, 100% used [0x00000007aacb0000,0x00000007d4c90000,0x00000007d4c90000)
  from space 61440K, 0% used [0x00000007d4c90000,0x00000007d4c90000,0x00000007d8890000)
  to   space 68352K, 0% used [0x00000007e14c0000,0x00000007e14c0000,0x00000007e5780000)
 ParOldGen       total 312320K, used 43450K [0x0000000700600000, 0x0000000713700000, 0x00000007aacb0000)
  object space 312320K, 13% used [0x0000000700600000,0x000000070306eb80,0x0000000713700000)
 PSPermGen       total 36032K, used 18176K [0x00000006fb400000, 0x00000006fd730000, 0x0000000700600000)
  object space 36032K, 50% used [0x00000006fb400000,0x00000006fc5c0108,0x00000006fd730000)
Event: 20.782 GC heap after
Heap after GC invocations=21 (full 5):
 PSYoungGen      total 889920K, used 24842K [0x00000007aacb0000, 0x00000007e53b0000, 0x0000000800000000)
  eden space 825472K, 0% used [0x00000007aacb0000,0x00000007aacb0000,0x00000007dd2d0000)
  from space 64448K, 38% used [0x00000007e14c0000,0x00000007e2d02ab0,0x00000007e53b0000)
  to   space 65984K, 0% used [0x00000007dd2d0000,0x00000007dd2d0000,0x00000007e1340000)
 ParOldGen       total 312320K, used 43450K [0x0000000700600000, 0x0000000713700000, 0x00000007aacb0000)
  object space 312320K, 13% used [0x0000000700600000,0x000000070306eb80,0x0000000713700000)
 PSPermGen       total 36032K, used 18176K [0x00000006fb400000, 0x00000006fd730000, 0x0000000700600000)
  object space 36032K, 50% used [0x00000006fb400000,0x00000006fc5c0108,0x00000006fd730000)
}
Event: 23.000 GC heap before
{Heap before GC invocations=22 (full 5):
 PSYoungGen      total 889920K, used 847338K [0x00000007aacb0000, 0x00000007e53b0000, 0x0000000800000000)
  eden space 825472K, 99% used [0x00000007aacb0000,0x00000007dcfe7ee0,0x00000007dd2d0000)
  from space 64448K, 38% used [0x00000007e14c0000,0x00000007e2d02ab0,0x00000007e53b0000)
  to   space 65984K, 0% used [0x00000007dd2d0000,0x00000007dd2d0000,0x00000007e1340000)
 ParOldGen       total 312320K, used 43450K [0x0000000700600000, 0x0000000713700000, 0x00000007aacb0000)
  object space 312320K, 13% used [0x0000000700600000,0x000000070306eb80,0x0000000713700000)
 PSPermGen       total 36032K, used 18189K [0x00000006fb400000, 0x00000006fd730000, 0x0000000700600000)
  object space 36032K, 50% used [0x00000006fb400000,0x00000006fc5c3588,0x00000006fd730000)
Event: 23.012 GC heap after
Heap after GC invocations=22 (full 5):
 PSYoungGen      total 891456K, used 47477K [0x00000007aacb0000, 0x00000007ebfd0000, 0x0000000800000000)
  eden space 825472K, 0% used [0x00000007aacb0000,0x00000007aacb0000,0x00000007dd2d0000)
  from space 65984K, 71% used [0x00000007dd2d0000,0x00000007e012d450,0x00000007e1340000)
  to   space 68480K, 0% used [0x00000007e7cf0000,0x00000007e7cf0000,0x00000007ebfd0000)
 ParOldGen       total 312320K, used 43450K [0x0000000700600000, 0x0000000713700000, 0x00000007aacb0000)
  object space 312320K, 13% used [0x0000000700600000,0x000000070306eb80,0x0000000713700000)
 PSPermGen       total 36032K, used 18189K [0x00000006fb400000, 0x00000006fd730000, 0x0000000700600000)
  object space 36032K, 50% used [0x00000006fb400000,0x00000006fc5c3588,0x00000006fd730000)
}
Event: 25.345 GC heap before
{Heap before GC invocations=23 (full 5):
 PSYoungGen      total 891456K, used 871346K [0x00000007aacb0000, 0x00000007ebfd0000, 0x0000000800000000)
  eden space 825472K, 99% used [0x00000007aacb0000,0x00000007dd13f5e0,0x00000007dd2d0000)
  from space 65984K, 71% used [0x00000007dd2d0000,0x00000007e012d450,0x00000007e1340000)
  to   space 68480K, 0% used [0x00000007e7cf0000,0x00000007e7cf0000,0x00000007ebfd0000)
 ParOldGen       total 312320K, used 45475K [0x0000000700600000, 0x0000000713700000, 0x00000007aacb0000)
  object space 312320K, 14% used [0x0000000700600000,0x0000000703268f90,0x0000000713700000)
 PSPermGen       total 36032K, used 18197K [0x00000006fb400000, 0x00000006fd730000, 0x0000000700600000)
  object space 36032K, 50% used [0x00000006fb400000,0x00000006fc5c5788,0x00000006fd730000)
Event: 25.362 GC heap after
Heap after GC invocations=23 (full 5):
 PSYoungGen      total 993152K, used 60197K [0x00000007aacb0000, 0x00000007eced0000, 0x0000000800000000)
  eden space 924672K, 0% used [0x00000007aacb0000,0x00000007aacb0000,0x00000007e33b0000)
  from space 68480K, 87% used [0x00000007e7cf0000,0x00000007eb7b9590,0x00000007ebfd0000)
  to   space 75008K, 0% used [0x00000007e33b0000,0x00000007e33b0000,0x00000007e7cf0000)
 ParOldGen       total 312320K, used 45475K [0x0000000700600000, 0x0000000713700000, 0x00000007aacb0000)
  object space 312320K, 14% used [0x0000000700600000,0x0000000703268f90,0x0000000713700000)
 PSPermGen       total 36032K, used 18197K [0x00000006fb400000, 0x00000006fd730000, 0x0000000700600000)
  object space 36032K, 50% used [0x00000006fb400000,0x00000006fc5c5788,0x00000006fd730000)
}
Event: 27.539 GC heap before
{Heap before GC invocations=24 (full 5):
 PSYoungGen      total 993152K, used 984863K [0x00000007aacb0000, 0x00000007eced0000, 0x0000000800000000)
  eden space 924672K, 99% used [0x00000007aacb0000,0x00000007e33ae978,0x00000007e33b0000)
  from space 68480K, 87% used [0x00000007e7cf0000,0x00000007eb7b9590,0x00000007ebfd0000)
  to   space 75008K, 0% used [0x00000007e33b0000,0x00000007e33b0000,0x00000007e7cf0000)
 ParOldGen       total 312320K, used 160648K [0x0000000700600000, 0x0000000713700000, 0x00000007aacb0000)
  object space 312320K, 51% used [0x0000000700600000,0x000000070a2e2300,0x0000000713700000)
 PSPermGen       total 36032K, used 18203K [0x00000006fb400000, 0x00000006fd730000, 0x0000000700600000)
  object space 36032K, 50% used [0x00000006fb400000,0x00000006fc5c6c88,0x00000006fd730000)
Event: 27.545 GC heap after
Heap after GC invocations=24 (full 5):
 PSYoungGen      total 999680K, used 18969K [0x00000007aacb0000, 0x00000007f2d30000, 0x0000000800000000)
  eden space 924672K, 0% used [0x00000007aacb0000,0x00000007aacb0000,0x00000007e33b0000)
  from space 75008K, 25% used [0x00000007e33b0000,0x00000007e4636740,0x00000007e7cf0000)
  to   space 73920K, 0% used [0x00000007ee500000,0x00000007ee500000,0x00000007f2d30000)
 ParOldGen       total 312320K, used 160648K [0x0000000700600000, 0x0000000713700000, 0x00000007aacb0000)
  object space 312320K, 51% used [0x0000000700600000,0x000000070a2e2300,0x0000000713700000)
 PSPermGen       total 36032K, used 18203K [0x00000006fb400000, 0x00000006fd730000, 0x0000000700600000)
  object space 36032K, 50% used [0x00000006fb400000,0x00000006fc5c6c88,0x00000006fd730000)
}

Deoptimization events (10 events):
Event: 3.345 Thread 0x000000001492f800 Uncommon trap 43 fr.pc 0x00000000027a8168
Event: 3.492 Thread 0x000000001492f800 Uncommon trap -122 fr.pc 0x00000000027a5184
Event: 3.928 Thread 0x000000001492f800 Uncommon trap -83 fr.pc 0x00000000027aac24
Event: 3.978 Thread 0x0000000014f04800 Uncommon trap -83 fr.pc 0x00000000027b9434
Event: 4.024 Thread 0x0000000014f04800 Uncommon trap -83 fr.pc 0x00000000027af0c4
Event: 4.040 Thread 0x0000000014f04800 Uncommon trap -83 fr.pc 0x00000000027cc2e8
Event: 4.120 Thread 0x0000000014f04800 Uncommon trap -83 fr.pc 0x00000000027cb208
Event: 4.150 Thread 0x0000000014f04800 Uncommon trap -83 fr.pc 0x00000000027cfe18
Event: 4.362 Thread 0x0000000014efe800 Uncommon trap -83 fr.pc 0x00000000027ffc7c
Event: 19.018 Thread 0x0000000014b5e800 Uncommon trap -12 fr.pc 0x00000000027d2c78

Internal exceptions (10 events):
Event: 4.197 Thread 0x0000000014f04800 Threw 0x00000007acdc08b8 at C:\jdk7u1_64p\jdk7u7\hotspot\src\share\vm\prims\jvm.cpp:1166
Event: 4.197 Thread 0x0000000014f04800 Threw 0x00000007acdc37d8 at C:\jdk7u1_64p\jdk7u7\hotspot\src\share\vm\prims\jvm.cpp:1166
Event: 4.200 Thread 0x0000000014f04800 Threw 0x00000007acdd3c40 at C:\jdk7u1_64p\jdk7u7\hotspot\src\share\vm\prims\jvm.cpp:1166
Event: 4.200 Thread 0x0000000014f04800 Threw 0x00000007acdd6b60 at C:\jdk7u1_64p\jdk7u7\hotspot\src\share\vm\prims\jvm.cpp:1166
Event: 4.201 Thread 0x0000000014f04800 Threw 0x00000007acdd9d10 at C:\jdk7u1_64p\jdk7u7\hotspot\src\share\vm\prims\jvm.cpp:1166
Event: 4.201 Thread 0x0000000014f04800 Threw 0x00000007ad3cb880 at C:\jdk7u1_64p\jdk7u7\hotspot\src\share\vm\prims\jvm.cpp:1166
Event: 4.341 Thread 0x0000000014efe800 Threw 0x00000007b005cab8 at C:\jdk7u1_64p\jdk7u7\hotspot\src\share\vm\prims\jvm.cpp:1166
Event: 4.345 Thread 0x0000000014efe800 Threw 0x00000007b006d348 at C:\jdk7u1_64p\jdk7u7\hotspot\src\share\vm\prims\jvm.cpp:1166
Event: 4.546 Thread 0x0000000014efe800 Threw 0x00000007b3952cf0 at C:\jdk7u1_64p\jdk7u7\hotspot\src\share\vm\prims\jvm.cpp:1166
Event: 19.018 Thread 0x0000000014b5e800 Implicit null exception at 0x00000000027d2978 to 0x00000000027d2c6c

Events (10 events):
Event: 23.000 Executing VM operation: ParallelGCFailedAllocation
Event: 23.012 Executing VM operation: ParallelGCFailedAllocation done
Event: 23.817 loading class 0x00000000025ebe90
Event: 23.817 loading class 0x00000000025ebe90 done
Event: 25.336 Executing VM operation: ParallelGCFailedAllocation
Event: 25.336 Executing VM operation: ParallelGCFailedAllocation done
Event: 25.345 Executing VM operation: ParallelGCSystemGC
Event: 25.362 Executing VM operation: ParallelGCSystemGC done
Event: 27.539 Executing VM operation: ParallelGCFailedAllocation
Event: 27.545 Executing VM operation: ParallelGCFailedAllocation done


Dynamic libraries:
0x000007f798e80000 - 0x000007f798eb4000 	F:\Program Files\Java\Jre7\bin\javaw.exe
0x000007ffd0010000 - 0x000007ffd01ce000 	C:\WINDOWS\SYSTEM32\ntdll.dll
0x000007ffcd650000 - 0x000007ffcd786000 	C:\WINDOWS\system32\KERNEL32.DLL
0x000007ffcd360000 - 0x000007ffcd453000 	C:\WINDOWS\system32\KERNELBASE.dll
0x000007ffcdad0000 - 0x000007ffcdbae000 	C:\WINDOWS\system32\ADVAPI32.dll
0x000007ffcf8a0000 - 0x000007ffcf9ec000 	C:\WINDOWS\system32\USER32.dll
0x000007ffca740000 - 0x000007ffca9a9000 	C:\WINDOWS\WinSxS\amd64_microsoft.windows.common-controls_6595b64144ccf1df_6.0.9200.16384_none_418c2a697189c07f\COMCTL32.dll
0x000007ffcd940000 - 0x000007ffcd9e5000 	C:\WINDOWS\system32\msvcrt.dll
0x000007ffcd460000 - 0x000007ffcd4a8000 	C:\WINDOWS\SYSTEM32\sechost.dll
0x000007ffcf760000 - 0x000007ffcf8a0000 	C:\WINDOWS\system32\RPCRT4.dll
0x000007ffcdec0000 - 0x000007ffce000000 	C:\WINDOWS\system32\GDI32.dll
0x000007ffcda90000 - 0x000007ffcdac9000 	C:\WINDOWS\system32\IMM32.DLL
0x000007ffcf9f0000 - 0x000007ffcfb05000 	C:\WINDOWS\system32\MSCTF.dll
0x000007ffccf00000 - 0x000007ffccf08000 	C:\PROGRA~2\NVIDIA~1\3DVISI~1\NVSTIN~1.DLL
0x000007ffcda80000 - 0x000007ffcda87000 	C:\WINDOWS\system32\PSAPI.DLL
0x0000000061700000 - 0x00000000617a3000 	C:\WINDOWS\WinSxS\amd64_microsoft.vc90.crt_1fc8b3b9a1e18e3b_9.0.30729.6871_none_08e717a5a83adddf\MSVCR90.dll
0x000000005f150000 - 0x000000005f221000 	F:\Program Files\Java\Jre7\bin\msvcr100.dll
0x000000005ea30000 - 0x000000005f14f000 	F:\Program Files\Java\Jre7\bin\server\jvm.dll
0x000007ffc53f0000 - 0x000007ffc53f9000 	C:\WINDOWS\SYSTEM32\WSOCK32.dll
0x000007ffca070000 - 0x000007ffca090000 	C:\WINDOWS\SYSTEM32\WINMM.dll
0x000007ffcffb0000 - 0x000007ffd0008000 	C:\WINDOWS\system32\WS2_32.dll
0x000007ffc9f70000 - 0x000007ffc9fa2000 	C:\WINDOWS\SYSTEM32\WINMMBASE.dll
0x000007ffcfb10000 - 0x000007ffcfb19000 	C:\WINDOWS\system32\NSI.dll
0x000000005ea20000 - 0x000000005ea2f000 	F:\Program Files\Java\Jre7\bin\verify.dll
0x000000005e9f0000 - 0x000000005ea18000 	F:\Program Files\Java\Jre7\bin\java.dll
0x000000005e9d0000 - 0x000000005e9e5000 	F:\Program Files\Java\Jre7\bin\zip.dll
0x000000005e7c0000 - 0x000000005e953000 	F:\Program Files\Java\Jre7\bin\awt.dll
0x000007ffcdbb0000 - 0x000007ffcdc73000 	C:\WINDOWS\system32\OLEAUT32.dll
0x000007ffcd790000 - 0x000007ffcd940000 	C:\WINDOWS\system32\combase.dll
0x000007ffc7130000 - 0x000007ffc71cf000 	C:\WINDOWS\system32\apphelp.dll
0x000007ffcbd00000 - 0x000007ffcbde3000 	C:\WINDOWS\system32\uxtheme.dll
0x000007ffc71e0000 - 0x000007ffc7275000 	C:\Program Files\Common Files\microsoft shared\ink\tiptsf.dll
0x000007ffcae20000 - 0x000007ffcae41000 	C:\WINDOWS\SYSTEM32\dwmapi.dll
0x000007ffce000000 - 0x000007ffce17e000 	C:\WINDOWS\system32\ole32.dll
0x000007ffccd70000 - 0x000007ffccd7a000 	C:\WINDOWS\SYSTEM32\CRYPTBASE.dll
0x000007ffcccf0000 - 0x000007ffccd4c000 	C:\WINDOWS\SYSTEM32\bcryptPrimitives.dll
0x000007ffce470000 - 0x000007ffcf758000 	C:\WINDOWS\system32\SHELL32.dll
0x000007ffcff60000 - 0x000007ffcffb0000 	C:\WINDOWS\system32\SHLWAPI.dll
0x000007ffcc0d0000 - 0x000007ffcc166000 	C:\WINDOWS\SYSTEM32\shcore.dll
0x00000000605d0000 - 0x0000000060668000 	C:\Windows\System32\msvcp100.dll
0x000007ffb2c00000 - 0x000007ffb2e58000 	C:\opencv\build\x64\vc10\bin\opencv_core243.dll
0x000007ffb8730000 - 0x000007ffb87c5000 	C:\Users\Jonas\AppData\Local\Temp\javacpp170352813242210\jniopencv_core.dll
0x000007ffb1070000 - 0x000007ffb1315000 	C:\opencv\build\x64\vc10\bin\opencv_imgproc243.dll
0x000007ffc6860000 - 0x000007ffc68a8000 	C:\Users\Jonas\AppData\Local\Temp\javacpp170352813242210\jniopencv_imgproc.dll
0x0000000066840000 - 0x00000000675ca000 	C:\opencv\build\x64\vc10\bin\opencv_ffmpeg243_64.dll
0x000007ffb0e20000 - 0x000007ffb106b000 	C:\opencv\build\x64\vc10\bin\opencv_highgui243.dll
0x000007ffc6840000 - 0x000007ffc6860000 	C:\WINDOWS\SYSTEM32\AVIFIL32.dll
0x000007ffc69e0000 - 0x000007ffc6a09000 	C:\WINDOWS\SYSTEM32\MSVFW32.dll
0x000007ffc6a10000 - 0x000007ffc6a27000 	C:\WINDOWS\SYSTEM32\AVICAP32.dll
0x000007ffba340000 - 0x000007ffba359000 	C:\WINDOWS\SYSTEM32\MSACM32.dll
0x000007ffcacb0000 - 0x000007ffcacb9000 	C:\WINDOWS\SYSTEM32\VERSION.dll
0x000007ffc6820000 - 0x000007ffc6833000 	C:\Users\Jonas\AppData\Local\Temp\javacpp170352813242210\jniopencv_highgui.dll
0x000007ffce1b0000 - 0x000007ffce246000 	C:\WINDOWS\SYSTEM32\clbcatq.dll
0x000007ffc67b0000 - 0x000007ffc67c7000 	C:\Windows\System32\devenum.dll
0x000007ffcdc80000 - 0x000007ffcde50000 	C:\WINDOWS\system32\setupapi.dll
0x000007ffcd020000 - 0x000007ffcd06f000 	C:\WINDOWS\system32\CFGMGR32.dll
0x000007ffccff0000 - 0x000007ffcd012000 	C:\WINDOWS\system32\DEVOBJ.dll
0x000007ffc5fd0000 - 0x000007ffc5ffe000 	C:\WINDOWS\SYSTEM32\ntmarta.dll
0x000007ffcd070000 - 0x000007ffcd0c5000 	C:\WINDOWS\system32\WINTRUST.dll
0x000007ffcd0d0000 - 0x000007ffcd2a7000 	C:\WINDOWS\system32\CRYPT32.dll
0x000007ffccfd0000 - 0x000007ffccfe6000 	C:\WINDOWS\system32\MSASN1.dll
0x000007ffc7800000 - 0x000007ffc780d000 	C:\WINDOWS\SYSTEM32\msdmo.dll
0x000007ffc6780000 - 0x000007ffc67af000 	C:\Windows\System32\qcap.dll
0x000007ffb2a40000 - 0x000007ffb2bf8000 	C:\Windows\System32\quartz.dll
0x000007ffc4200000 - 0x000007ffc423f000 	C:\Windows\System32\ksproxy.ax
0x000007ffba390000 - 0x000007ffba397000 	C:\Windows\System32\ksuser.dll
0x000007ffbbc60000 - 0x000007ffbbe60000 	C:\Windows\System32\d3d9.dll
0x000007ffc7080000 - 0x000007ffc708c000 	C:\Windows\System32\vidcap.ax
0x000007ffc60b0000 - 0x000007ffc60d4000 	C:\Windows\System32\kswdmcap.ax
0x000007ffb1960000 - 0x000007ffb1ab4000 	C:\Windows\System32\MFC42.dll
0x000007ffb6010000 - 0x000007ffb60ce000 	C:\Windows\System32\ODBC32.dll
0x000007ffb7f20000 - 0x000007ffb7fb5000 	C:\Windows\System32\qedit.dll
0x000007ffcfeb0000 - 0x000007ffcff51000 	C:\WINDOWS\system32\COMDLG32.dll
0x000007ffcd4b0000 - 0x000007ffcd650000 	C:\WINDOWS\WinSxS\amd64_microsoft.windows.gdiplus_6595b64144ccf1df_1.1.9200.16384_none_72771d4ecc1c3a4d\gdiplus.dll
0x000007ffb38f0000 - 0x000007ffb39da000 	C:\WINDOWS\SYSTEM32\DDRAW.dll
0x000007ffc7970000 - 0x000007ffc7978000 	C:\WINDOWS\SYSTEM32\DCIMAN32.dll
0x000000005e780000 - 0x000000005e7b4000 	F:\Program Files\Java\Jre7\bin\fontmanager.dll
0x000007ffb4b50000 - 0x000007ffb5cd0000 	C:\WINDOWS\SYSTEM32\nvd3dumx.dll
0x000007ffccdf0000 - 0x000007ffcce33000 	C:\WINDOWS\SYSTEM32\powrprof.dll
0x0000000180000000 - 0x0000000180116000 	C:\Program Files (x86)\NVIDIA Corporation\3D Vision\nvSCPAPI64.dll
0x000007ffca330000 - 0x000007ffca3a4000 	C:\WINDOWS\SYSTEM32\dxgi.dll
0x000007ffc9a40000 - 0x000007ffc9d02000 	C:\WINDOWS\SYSTEM32\nvapi64.dll
0x000007ffc9f50000 - 0x000007ffc9f6f000 	C:\WINDOWS\SYSTEM32\DXGIDebug.dll
0x000000005e9b0000 - 0x000000005e9c9000 	F:\Program Files\Java\Jre7\bin\net.dll
0x000007ffcc760000 - 0x000007ffcc7bc000 	C:\WINDOWS\system32\mswsock.dll
0x000000005e990000 - 0x000000005e9a1000 	F:\Program Files\Java\Jre7\bin\nio.dll
0x000000005e730000 - 0x000000005e771000 	F:\Program Files\Java\Jre7\bin\t2k.dll
0x000007ffca9b0000 - 0x000007ffcab3a000 	C:\WINDOWS\SYSTEM32\WindowsCodecs.dll
0x000007ffccf20000 - 0x000007ffccf35000 	C:\WINDOWS\SYSTEM32\profapi.dll
0x000007ffc8ca0000 - 0x000007ffc8d09000 	C:\WINDOWS\SYSTEM32\oleacc.dll
0x000000005e700000 - 0x000000005e72a000 	F:\Program Files\Java\Jre7\bin\dcpr.dll

VM Arguments:
jvm_args: -Dfile.encoding=Cp1252 
java_command: emcscanner.kth.se.Program
Launcher Type: SUN_STANDARD

Environment Variables:
PATH=C:\Program Files (x86)\NVIDIA Corporation\PhysX\Common;C:\WINDOWS\system32;C:\WINDOWS;C:\WINDOWS\System32\Wbem;C:\WINDOWS\System32\WindowsPowerShell\v1.0\;C:\Program Files (x86)\Microsoft SQL Server\90\Tools\binn\;C:\Program Files (x86)\Autodesk\Backburner\;F:\Program Files\MATLAB\R2012a\runtime\win64;F:\Program Files\MATLAB\R2012a\bin;PROGRAMFILES\Internet Explorer;C:\Program Files\Perforce;F:\Program Files\Perforce;C:\Program Files\Microsoft\Web Platform Installer\;C:\Program Files (x86)\Microsoft ASP.NET\ASP.NET Web Pages\v1.0\;C:\Program Files (x86)\Windows Kits\8.0\Windows Performance Toolkit\;C:\Program Files\Microsoft SQL Server\110\Tools\Binn\;F:\Program Files\Perforce\Server
USERNAME=Jonas
OS=Windows_NT
PROCESSOR_IDENTIFIER=Intel64 Family 6 Model 42 Stepping 7, GenuineIntel



---------------  S Y S T E M  ---------------

OS: Windows 8 , 64 bit Build 9200 

CPU:total 8 (4 cores per cpu, 2 threads per core) family 6 model 42 stepping 7, cmov, cx8, fxsr, mmx, sse, sse2, sse3, ssse3, sse4.1, sse4.2, popcnt, avx, ht, tsc, tscinvbit

Memory: 4k page, physical 16751668k(10313428k free), swap 33528884k(24503048k free)

vm_info: Java HotSpot(TM) 64-Bit Server VM (23.3-b01) for windows-amd64 JRE (1.7.0_07-b11), built on Sep  7 2012 01:19:25 by "java_re" with unknown MS VC++:1600

time: Wed Feb 06 16:01:29 2013
elapsed time: 28 seconds

