#
# A fatal error has been detected by the Java Runtime Environment:
#
#  EXCEPTION_ACCESS_VIOLATION (0xc0000005) at pc=0x0000000002f473fa, pid=6972, tid=6056
#
# JRE version: 7.0_07-b11
# Java VM: Java HotSpot(TM) 64-Bit Server VM (23.3-b01 mixed mode windows-amd64 compressed oops)
# Problematic frame:
# J  com.googlecode.javacv.cpp.opencv_core$IplImage.flipCopyWithGamma(Ljava/nio/ByteBuffer;ILjava/nio/ByteBuffer;IZDZI)V
#
# Failed to write core dump. Minidumps are not enabled by default on client versions of Windows
#
# If you would like to submit a bug report, please visit:
#   http://bugreport.sun.com/bugreport/crash.jsp
#

---------------  T H R E A D  ---------------

Current thread (0x00000000191e1000):  JavaThread "threadDisplay" daemon [_thread_in_Java, id=6056, stack(0x000000001f160000,0x000000001f260000)]

siginfo: ExceptionCode=0xc0000005, reading address 0x000000001f11b000

Registers:
RAX=0x00000000000000ff, RBX=0x00000000005eec00, RCX=0x0000000000000000, RDX=0x000000001eb6f050
RSP=0x000000001f25ee60, RBP=0x00000007aad39b68, RSI=0x000000070f6af548, RDI=0x00000000005eec00
R8 =0x00000000005abfb0, R9 =0x00000000005abfb1, R10=0x000000000000167f, R11=0x00000000005eec00
R12=0x0000000000000000, R13=0x00000000005abfb0, R14=0x0000000000000baf, R15=0x00000000191e1000
RIP=0x0000000002f473fa, EFLAGS=0x0000000000010207

Top of Stack: (sp=0x000000001f25ee60)
0x000000001f25ee60:   00000000005eec00 00000000005eec00
0x000000001f25ee70:   0000000000000000 00000000ffffffff
0x000000001f25ee80:   3ff0000000000000 00000007aad39b28
0x000000001f25ee90:   00000007aad39b68 3ff0000000000000
0x000000001f25eea0:   005ab40000000000 df6aba82005ab400
0x000000001f25eeb0:   00001680df6c66a9 0000000000001680
0x000000001f25eec0:   00000007aad39b98 00001680ffffffff
0x000000001f25eed0:   00000007aad39b68 00000007aad39b28
0x000000001f25eee0:   00000000e1ed5ea9 000000070f6af548
0x000000001f25eef0:   00000007aad39b68 00000007aad39b68
0x000000001f25ef00:   000000001f25ef00 00000006fb555c47
0x000000001f25ef10:   000000001f25efc0 0000000002df61f8
0x000000001f25ef20:   0000000000000000 00000006fb555c58
0x000000001f25ef30:   0000000002df61f8 0000000000000000
0x000000001f25ef40:   0000000000000000 3ff0000000000000
0x000000001f25ef50:   0000000000000000 0000000000000000 

Instructions: (pc=0x0000000002f473fa)
0x0000000002f473da:   10 44 3b c7 0f 8d 26 01 00 00 45 8b c8 41 ff c1
0x0000000002f473ea:   44 89 4d 18 48 8b 6c 24 70 44 8b 6d 18 4d 63 c0
0x0000000002f473fa:   42 0f b6 04 02 44 3b eb 0f 8d 32 01 00 00 45 8b
0x0000000002f4740a:   cd 44 03 c9 41 ff c5 44 89 6d 18 45 3b cb 0f 83 


Register to memory mapping:

RAX=0x00000000000000ff is an unknown value
RBX=0x00000000005eec00 is an unknown value
RCX=0x0000000000000000 is an unknown value
RDX=0x000000001eb6f050 is an unknown value
RSP=0x000000001f25ee60 is pointing into the stack for thread: 0x00000000191e1000
RBP=0x00000007aad39b68 is an oop
java.nio.HeapByteBuffer 
 - klass: 'java/nio/HeapByteBuffer'
RSI=0x000000070f6af548 is an oop
[B 
 - klass: {type array byte}
 - length: 6220800
RDI=0x00000000005eec00 is an unknown value
R8 =0x00000000005abfb0 is an unknown value
R9 =0x00000000005abfb1 is an unknown value
R10=0x000000000000167f is an unknown value
R11=0x00000000005eec00 is an unknown value
R12=0x0000000000000000 is an unknown value
R13=0x00000000005abfb0 is an unknown value
R14=0x0000000000000baf is an unknown value
R15=0x00000000191e1000 is a thread


Stack: [0x000000001f160000,0x000000001f260000],  sp=0x000000001f25ee60,  free space=1019k
Native frames: (J=compiled Java code, j=interpreted, Vv=VM code, C=native code)
J  com.googlecode.javacv.cpp.opencv_core$IplImage.flipCopyWithGamma(Ljava/nio/ByteBuffer;ILjava/nio/ByteBuffer;IZDZI)V


---------------  P R O C E S S  ---------------

Java Threads: ( => current thread )
  0x0000000017750800 JavaThread "Thread-3" [_thread_in_native, id=6560, stack(0x000000001b9b0000,0x000000001bab0000)]
  0x00000000179fe800 JavaThread "Thread-0" daemon [_thread_in_native, id=4820, stack(0x0000000016a10000,0x0000000016b10000)]
  0x0000000017d3e000 JavaThread "ICEpdf-pagePainter" daemon [_thread_blocked, id=5652, stack(0x000000001f5a0000,0x000000001f6a0000)]
  0x00000000194de000 JavaThread "ICEpdf-pageInitializer" daemon [_thread_blocked, id=7880, stack(0x000000001f370000,0x000000001f470000)]
  0x0000000002b8e000 JavaThread "DestroyJavaVM" [_thread_blocked, id=396, stack(0x0000000002bf0000,0x0000000002cf0000)]
=>0x00000000191e1000 JavaThread "threadDisplay" daemon [_thread_in_Java, id=6056, stack(0x000000001f160000,0x000000001f260000)]
  0x0000000018ee3000 JavaThread "TimerQueue" daemon [_thread_blocked, id=2248, stack(0x00000000196e0000,0x00000000197e0000)]
  0x000000001414f800 JavaThread "AWT-EventQueue-0" [_thread_blocked, id=1192, stack(0x00000000195e0000,0x00000000196e0000)]
  0x0000000014138000 JavaThread "Image Fetcher 0" daemon [_thread_blocked, id=3812, stack(0x00000000194e0000,0x00000000195e0000)]
  0x0000000014034000 JavaThread "AWT-Windows" daemon [_thread_in_native, id=2240, stack(0x0000000014b50000,0x0000000014c50000)]
  0x000000001402b000 JavaThread "AWT-Shutdown" [_thread_blocked, id=4052, stack(0x0000000014a50000,0x0000000014b50000)]
  0x000000001402a800 JavaThread "Java2D Disposer" daemon [_thread_blocked, id=4164, stack(0x0000000014950000,0x0000000014a50000)]
  0x0000000011919000 JavaThread "Service Thread" daemon [_thread_blocked, id=7032, stack(0x0000000013d10000,0x0000000013e10000)]
  0x000000001190e800 JavaThread "C2 CompilerThread1" daemon [_thread_blocked, id=1932, stack(0x0000000013c10000,0x0000000013d10000)]
  0x0000000011909000 JavaThread "C2 CompilerThread0" daemon [_thread_blocked, id=576, stack(0x0000000013b10000,0x0000000013c10000)]
  0x0000000011907800 JavaThread "Attach Listener" daemon [_thread_blocked, id=3900, stack(0x0000000013a10000,0x0000000013b10000)]
  0x00000000118fb000 JavaThread "Signal Dispatcher" daemon [_thread_blocked, id=3612, stack(0x0000000013910000,0x0000000013a10000)]
  0x000000001189e800 JavaThread "Finalizer" daemon [_thread_blocked, id=612, stack(0x0000000013810000,0x0000000013910000)]
  0x0000000011897000 JavaThread "Reference Handler" daemon [_thread_blocked, id=7276, stack(0x0000000013710000,0x0000000013810000)]

Other Threads:
  0x0000000011892000 VMThread [stack: 0x0000000013610000,0x0000000013710000] [id=6160]
  0x0000000011936800 WatcherThread [stack: 0x0000000013e10000,0x0000000013f10000] [id=7464]

VM state:not at safepoint (normal execution)

VM Mutex/Monitor currently owned by a thread: None

Heap
 PSYoungGen      total 141824K, used 141522K [0x00000007aacb0000, 0x00000007bf810000, 0x0000000800000000)
  eden space 130944K, 99% used [0x00000007aacb0000,0x00000007b2c48338,0x00000007b2c90000)
  from space 10880K, 99% used [0x00000007b2c90000,0x00000007b372c4d0,0x00000007b3730000)
  to   space 38720K, 0% used [0x00000007bd240000,0x00000007bd240000,0x00000007bf810000)
 ParOldGen       total 253568K, used 252536K [0x0000000700600000, 0x000000070fda0000, 0x00000007aacb0000)
  object space 253568K, 99% used [0x0000000700600000,0x000000070fc9e158,0x000000070fda0000)
 PSPermGen       total 21248K, used 17724K [0x00000006fb400000, 0x00000006fc8c0000, 0x0000000700600000)
  object space 21248K, 83% used [0x00000006fb400000,0x00000006fc54f098,0x00000006fc8c0000)

Card table byte_map: [0x0000000005eb0000,0x00000000066e0000] byte_map_base: 0x00000000026d6000

Polling page: 0x00000000029f0000

Code Cache  [0x0000000002df0000, 0x0000000003060000, 0x0000000005df0000)
 total_blobs=856 nmethods=268 adapters=539 free_code_cache=47770Kb largest_free_block=48879040

Compilation events (10 events):
Event: 6.346 Thread 0x000000001190e800  265             javax.swing.JComponent::contains (27 bytes)
Event: 6.346 Thread 0x000000001190e800 nmethod 265 0x0000000002f49cd0 code [0x0000000002f49e00, 0x0000000002f49e98]
Event: 6.805 Thread 0x0000000011909000  266             java.util.IdentityHashMap::clear (39 bytes)
Event: 6.807 Thread 0x0000000011909000 nmethod 266 0x0000000002ea6b10 code [0x0000000002ea6c40, 0x0000000002ea6d78]
Event: 7.400 Thread 0x000000001190e800  267             java.util.IdentityHashMap$IdentityHashMapIterator::hasNext (50 bytes)
Event: 7.401 Thread 0x000000001190e800 nmethod 267 0x0000000002ea6750 code [0x0000000002ea6880, 0x0000000002ea6a38]
Event: 7.878 Thread 0x000000001190e800  269             java.util.concurrent.locks.ReentrantLock$NonfairSync::lock (25 bytes)
Event: 7.878 Thread 0x0000000011909000  268             java.util.concurrent.locks.ReentrantLock::lock (8 bytes)
Event: 7.879 Thread 0x000000001190e800 nmethod 269 0x0000000002f4af90 code [0x0000000002f4b100, 0x0000000002f4b230]
Event: 7.879 Thread 0x0000000011909000 nmethod 268 0x0000000002ea62d0 code [0x0000000002ea6440, 0x0000000002ea6590]

GC Heap History (10 events):
Event: 4.133 GC heap before
{Heap before GC invocations=1 (full 0):
 PSYoungGen      total 76352K, used 65472K [0x00000007aacb0000, 0x00000007b01e0000, 0x0000000800000000)
  eden space 65472K, 100% used [0x00000007aacb0000,0x00000007aeca0000,0x00000007aeca0000)
  from space 10880K, 0% used [0x00000007af740000,0x00000007af740000,0x00000007b01e0000)
  to   space 10880K, 0% used [0x00000007aeca0000,0x00000007aeca0000,0x00000007af740000)
 ParOldGen       total 174528K, used 0K [0x0000000700600000, 0x000000070b070000, 0x00000007aacb0000)
  object space 174528K, 0% used [0x0000000700600000,0x0000000700600000,0x000000070b070000)
 PSPermGen       total 21248K, used 17526K [0x00000006fb400000, 0x00000006fc8c0000, 0x0000000700600000)
  object space 21248K, 82% used [0x00000006fb400000,0x00000006fc51d9c0,0x00000006fc8c0000)
Event: 4.142 GC heap after
Heap after GC invocations=1 (full 0):
 PSYoungGen      total 76352K, used 10866K [0x00000007aacb0000, 0x00000007b01e0000, 0x0000000800000000)
  eden space 65472K, 0% used [0x00000007aacb0000,0x00000007aacb0000,0x00000007aeca0000)
  from space 10880K, 99% used [0x00000007aeca0000,0x00000007af73c900,0x00000007af740000)
  to   space 10880K, 0% used [0x00000007af740000,0x00000007af740000,0x00000007b01e0000)
 ParOldGen       total 174528K, used 913K [0x0000000700600000, 0x000000070b070000, 0x00000007aacb0000)
  object space 174528K, 0% used [0x0000000700600000,0x00000007006e47c8,0x000000070b070000)
 PSPermGen       total 21248K, used 17526K [0x00000006fb400000, 0x00000006fc8c0000, 0x0000000700600000)
  object space 21248K, 82% used [0x00000006fb400000,0x00000006fc51d9c0,0x00000006fc8c0000)
}
Event: 4.555 GC heap before
{Heap before GC invocations=2 (full 0):
 PSYoungGen      total 76352K, used 74240K [0x00000007aacb0000, 0x00000007b01e0000, 0x0000000800000000)
  eden space 65472K, 96% used [0x00000007aacb0000,0x00000007aea937d0,0x00000007aeca0000)
  from space 10880K, 99% used [0x00000007aeca0000,0x00000007af73c900,0x00000007af740000)
  to   space 10880K, 0% used [0x00000007af740000,0x00000007af740000,0x00000007b01e0000)
 ParOldGen       total 174528K, used 913K [0x0000000700600000, 0x000000070b070000, 0x00000007aacb0000)
  object space 174528K, 0% used [0x0000000700600000,0x00000007006e47c8,0x000000070b070000)
 PSPermGen       total 21248K, used 17594K [0x00000006fb400000, 0x00000006fc8c0000, 0x0000000700600000)
  object space 21248K, 82% used [0x00000006fb400000,0x00000006fc52e988,0x00000006fc8c0000)
Event: 4.563 GC heap after
Heap after GC invocations=2 (full 0):
 PSYoungGen      total 76352K, used 10852K [0x00000007aacb0000, 0x00000007b41d0000, 0x0000000800000000)
  eden space 65472K, 0% used [0x00000007aacb0000,0x00000007aacb0000,0x00000007aeca0000)
  from space 10880K, 99% used [0x00000007af740000,0x00000007b01d9090,0x00000007b01e0000)
  to   space 10880K, 0% used [0x00000007aeca0000,0x00000007aeca0000,0x00000007af740000)
 ParOldGen       total 174528K, used 18043K [0x0000000700600000, 0x000000070b070000, 0x00000007aacb0000)
  object space 174528K, 10% used [0x0000000700600000,0x000000070179ed38,0x000000070b070000)
 PSPermGen       total 21248K, used 17594K [0x00000006fb400000, 0x00000006fc8c0000, 0x0000000700600000)
  object space 21248K, 82% used [0x00000006fb400000,0x00000006fc52e988,0x00000006fc8c0000)
}
Event: 5.091 GC heap before
{Heap before GC invocations=3 (full 0):
 PSYoungGen      total 76352K, used 74026K [0x00000007aacb0000, 0x00000007b41d0000, 0x0000000800000000)
  eden space 65472K, 96% used [0x00000007aacb0000,0x00000007aea618e8,0x00000007aeca0000)
  from space 10880K, 99% used [0x00000007af740000,0x00000007b01d9090,0x00000007b01e0000)
  to   space 10880K, 0% used [0x00000007aeca0000,0x00000007aeca0000,0x00000007af740000)
 ParOldGen       total 174528K, used 18043K [0x0000000700600000, 0x000000070b070000, 0x00000007aacb0000)
  object space 174528K, 10% used [0x0000000700600000,0x000000070179ed38,0x000000070b070000)
 PSPermGen       total 21248K, used 17642K [0x00000006fb400000, 0x00000006fc8c0000, 0x0000000700600000)
  object space 21248K, 83% used [0x00000006fb400000,0x00000006fc53aa60,0x00000006fc8c0000)
Event: 5.097 GC heap after
Heap after GC invocations=3 (full 0):
 PSYoungGen      total 76352K, used 10852K [0x00000007aacb0000, 0x00000007b41d0000, 0x0000000800000000)
  eden space 65472K, 0% used [0x00000007aacb0000,0x00000007aacb0000,0x00000007aeca0000)
  from space 10880K, 99% used [0x00000007aeca0000,0x00000007af739090,0x00000007af740000)
  to   space 10880K, 0% used [0x00000007b3730000,0x00000007b3730000,0x00000007b41d0000)
 ParOldGen       total 174528K, used 30284K [0x0000000700600000, 0x000000070b070000, 0x00000007aacb0000)
  object space 174528K, 17% used [0x0000000700600000,0x0000000702393148,0x000000070b070000)
 PSPermGen       total 21248K, used 17642K [0x00000006fb400000, 0x00000006fc8c0000, 0x0000000700600000)
  object space 21248K, 83% used [0x00000006fb400000,0x00000006fc53aa60,0x00000006fc8c0000)
}
Event: 5.619 GC heap before
{Heap before GC invocations=4 (full 0):
 PSYoungGen      total 76352K, used 72907K [0x00000007aacb0000, 0x00000007b41d0000, 0x0000000800000000)
  eden space 65472K, 94% used [0x00000007aacb0000,0x00000007ae949cf0,0x00000007aeca0000)
  from space 10880K, 99% used [0x00000007aeca0000,0x00000007af739090,0x00000007af740000)
  to   space 10880K, 0% used [0x00000007b3730000,0x00000007b3730000,0x00000007b41d0000)
 ParOldGen       total 174528K, used 30284K [0x0000000700600000, 0x000000070b070000, 0x00000007aacb0000)
  object space 174528K, 17% used [0x0000000700600000,0x0000000702393148,0x000000070b070000)
 PSPermGen       total 21248K, used 17644K [0x00000006fb400000, 0x00000006fc8c0000, 0x0000000700600000)
  object space 21248K, 83% used [0x00000006fb400000,0x00000006fc53b3f0,0x00000006fc8c0000)
Event: 5.628 GC heap after
Heap after GC invocations=4 (full 0):
 PSYoungGen      total 141824K, used 10852K [0x00000007aacb0000, 0x00000007b41d0000, 0x0000000800000000)
  eden space 130944K, 0% used [0x00000007aacb0000,0x00000007aacb0000,0x00000007b2c90000)
  from space 10880K, 99% used [0x00000007b3730000,0x00000007b41c9090,0x00000007b41d0000)
  to   space 10880K, 0% used [0x00000007b2c90000,0x00000007b2c90000,0x00000007b3730000)
 ParOldGen       total 174528K, used 53236K [0x0000000700600000, 0x000000070b070000, 0x00000007aacb0000)
  object space 174528K, 30% used [0x0000000700600000,0x00000007039fd318,0x000000070b070000)
 PSPermGen       total 21248K, used 17644K [0x00000006fb400000, 0x00000006fc8c0000, 0x0000000700600000)
  object space 21248K, 83% used [0x00000006fb400000,0x00000006fc53b3f0,0x00000006fc8c0000)
}
Event: 6.693 GC heap before
{Heap before GC invocations=5 (full 0):
 PSYoungGen      total 141824K, used 136438K [0x00000007aacb0000, 0x00000007b41d0000, 0x0000000800000000)
  eden space 130944K, 95% used [0x00000007aacb0000,0x00000007b2754a00,0x00000007b2c90000)
  from space 10880K, 99% used [0x00000007b3730000,0x00000007b41c9090,0x00000007b41d0000)
  to   space 10880K, 0% used [0x00000007b2c90000,0x00000007b2c90000,0x00000007b3730000)
 ParOldGen       total 174528K, used 59311K [0x0000000700600000, 0x000000070b070000, 0x00000007aacb0000)
  object space 174528K, 33% used [0x0000000700600000,0x0000000703febf28,0x000000070b070000)
 PSPermGen       total 21248K, used 17695K [0x00000006fb400000, 0x00000006fc8c0000, 0x0000000700600000)
  object space 21248K, 83% used [0x00000006fb400000,0x00000006fc547e98,0x00000006fc8c0000)
Event: 6.702 GC heap after
Heap after GC invocations=5 (full 0):
 PSYoungGen      total 141824K, used 10865K [0x00000007aacb0000, 0x00000007bf810000, 0x0000000800000000)
  eden space 130944K, 0% used [0x00000007aacb0000,0x00000007aacb0000,0x00000007b2c90000)
  from space 10880K, 99% used [0x00000007b2c90000,0x00000007b372c4d0,0x00000007b3730000)
  to   space 38720K, 0% used [0x00000007bd240000,0x00000007bd240000,0x00000007bf810000)
 ParOldGen       total 174528K, used 76360K [0x0000000700600000, 0x000000070b070000, 0x00000007aacb0000)
  object space 174528K, 43% used [0x0000000700600000,0x0000000705092388,0x000000070b070000)
 PSPermGen       total 21248K, used 17695K [0x00000006fb400000, 0x00000006fc8c0000, 0x0000000700600000)
  object space 21248K, 83% used [0x00000006fb400000,0x00000006fc547e98,0x00000006fc8c0000)
}

Deoptimization events (10 events):
Event: 1.096 Thread 0x0000000002b8e000 Uncommon trap -58 fr.pc 0x0000000002ea6410
Event: 1.098 Thread 0x0000000002b8e000 Uncommon trap -58 fr.pc 0x0000000002ea6474
Event: 1.098 Thread 0x0000000002b8e000 Uncommon trap -58 fr.pc 0x0000000002ea6474
Event: 1.098 Thread 0x0000000002b8e000 Uncommon trap -58 fr.pc 0x0000000002ea6474
Event: 3.737 Thread 0x000000001414f800 Uncommon trap -83 fr.pc 0x0000000002e9b404
Event: 3.779 Thread 0x00000000194de000 Uncommon trap -83 fr.pc 0x0000000002e9aff4
Event: 3.823 Thread 0x00000000194de000 Uncommon trap -83 fr.pc 0x0000000002e9ac44
Event: 3.836 Thread 0x00000000194de000 Uncommon trap -83 fr.pc 0x0000000002effba8
Event: 3.887 Thread 0x00000000194de000 Uncommon trap -83 fr.pc 0x0000000002f0368c
Event: 3.915 Thread 0x00000000194de000 Uncommon trap -83 fr.pc 0x0000000002ebd320

Internal exceptions (10 events):
Event: 3.925 Thread 0x00000000194de000 Threw 0x00000007ae22ac68 at C:\jdk7u1_64p\jdk7u7\hotspot\src\share\vm\prims\jvm.cpp:1166
Event: 3.958 Thread 0x00000000194de000 Threw 0x00000007ae362280 at C:\jdk7u1_64p\jdk7u7\hotspot\src\share\vm\prims\jvm.cpp:1166
Event: 3.958 Thread 0x00000000194de000 Threw 0x00000007ae365050 at C:\jdk7u1_64p\jdk7u7\hotspot\src\share\vm\prims\jvm.cpp:1166
Event: 3.960 Thread 0x00000000194de000 Threw 0x00000007ae3754b8 at C:\jdk7u1_64p\jdk7u7\hotspot\src\share\vm\prims\jvm.cpp:1166
Event: 3.961 Thread 0x00000000194de000 Threw 0x00000007ae378288 at C:\jdk7u1_64p\jdk7u7\hotspot\src\share\vm\prims\jvm.cpp:1166
Event: 3.962 Thread 0x00000000194de000 Threw 0x00000007ae37b438 at C:\jdk7u1_64p\jdk7u7\hotspot\src\share\vm\prims\jvm.cpp:1166
Event: 3.962 Thread 0x00000000194de000 Threw 0x00000007ae37e208 at C:\jdk7u1_64p\jdk7u7\hotspot\src\share\vm\prims\jvm.cpp:1166
Event: 4.077 Thread 0x0000000017d3e000 Threw 0x00000007ae8f2b48 at C:\jdk7u1_64p\jdk7u7\hotspot\src\share\vm\prims\jvm.cpp:1166
Event: 4.080 Thread 0x0000000017d3e000 Threw 0x00000007ae9033d8 at C:\jdk7u1_64p\jdk7u7\hotspot\src\share\vm\prims\jvm.cpp:1166
Event: 4.281 Thread 0x0000000017d3e000 Threw 0x00000007acb698c8 at C:\jdk7u1_64p\jdk7u7\hotspot\src\share\vm\prims\jvm.cpp:1166

Events (10 events):
Event: 6.693 Executing VM operation: ParallelGCSystemGC
Event: 6.702 Executing VM operation: ParallelGCSystemGC done
Event: 6.702 Executing VM operation: RevokeBias
Event: 6.702 Executing VM operation: RevokeBias done
Event: 6.702 Executing VM operation: RevokeBias
Event: 6.702 Executing VM operation: RevokeBias done
Event: 6.702 Executing VM operation: RevokeBias
Event: 6.702 Executing VM operation: RevokeBias done
Event: 6.702 Executing VM operation: RevokeBias
Event: 6.702 Executing VM operation: RevokeBias done


Dynamic libraries:
0x000007f617cb0000 - 0x000007f617ce4000 	F:\Program Files\Java\Jre7\bin\javaw.exe
0x000007fe83490000 - 0x000007fe8364e000 	C:\WINDOWS\SYSTEM32\ntdll.dll
0x000007fe83350000 - 0x000007fe83486000 	C:\WINDOWS\system32\KERNEL32.DLL
0x000007fe80580000 - 0x000007fe80673000 	C:\WINDOWS\system32\KERNELBASE.dll
0x000007fe82eb0000 - 0x000007fe82f8e000 	C:\WINDOWS\system32\ADVAPI32.dll
0x000007fe80a10000 - 0x000007fe80b5c000 	C:\WINDOWS\system32\USER32.dll
0x000007fe7db90000 - 0x000007fe7ddf9000 	C:\WINDOWS\WinSxS\amd64_microsoft.windows.common-controls_6595b64144ccf1df_6.0.9200.16384_none_418c2a697189c07f\COMCTL32.dll
0x000007fe82890000 - 0x000007fe82935000 	C:\WINDOWS\system32\msvcrt.dll
0x000007fe82840000 - 0x000007fe82888000 	C:\WINDOWS\SYSTEM32\sechost.dll
0x000007fe82970000 - 0x000007fe82ab0000 	C:\WINDOWS\system32\RPCRT4.dll
0x000007fe82ab0000 - 0x000007fe82bf0000 	C:\WINDOWS\system32\GDI32.dll
0x000007fe80b60000 - 0x000007fe80b99000 	C:\WINDOWS\system32\IMM32.DLL
0x000007fe82720000 - 0x000007fe82835000 	C:\WINDOWS\system32\MSCTF.dll
0x000007fe80380000 - 0x000007fe80388000 	C:\PROGRA~2\NVIDIA~1\3DVISI~1\NVSTIN~1.DLL
0x000007fe82940000 - 0x000007fe82947000 	C:\WINDOWS\system32\PSAPI.DLL
0x000000006acd0000 - 0x000000006ad73000 	C:\WINDOWS\WinSxS\amd64_microsoft.vc90.crt_1fc8b3b9a1e18e3b_9.0.30729.6871_none_08e717a5a83adddf\MSVCR90.dll
0x0000000069bb0000 - 0x0000000069c81000 	F:\Program Files\Java\Jre7\bin\msvcr100.dll
0x0000000068a20000 - 0x000000006913f000 	F:\Program Files\Java\Jre7\bin\server\jvm.dll
0x000007fe78b00000 - 0x000007fe78b09000 	C:\WINDOWS\SYSTEM32\WSOCK32.dll
0x000007fe7de20000 - 0x000007fe7de40000 	C:\WINDOWS\SYSTEM32\WINMM.dll
0x000007fe826a0000 - 0x000007fe826f8000 	C:\WINDOWS\system32\WS2_32.dll
0x000007fe7d3c0000 - 0x000007fe7d3f2000 	C:\WINDOWS\SYSTEM32\WINMMBASE.dll
0x000007fe82700000 - 0x000007fe82709000 	C:\WINDOWS\system32\NSI.dll
0x0000000069ba0000 - 0x0000000069baf000 	F:\Program Files\Java\Jre7\bin\verify.dll
0x0000000069b70000 - 0x0000000069b98000 	F:\Program Files\Java\Jre7\bin\java.dll
0x0000000069b50000 - 0x0000000069b65000 	F:\Program Files\Java\Jre7\bin\zip.dll
0x0000000068880000 - 0x0000000068a13000 	F:\Program Files\Java\Jre7\bin\awt.dll
0x000007fe808e0000 - 0x000007fe809a3000 	C:\WINDOWS\system32\OLEAUT32.dll
0x000007fe80ba0000 - 0x000007fe80d50000 	C:\WINDOWS\system32\combase.dll
0x000007fe7a5b0000 - 0x000007fe7a64f000 	C:\WINDOWS\system32\apphelp.dll
0x000007fe7e2c0000 - 0x000007fe7e2e1000 	C:\WINDOWS\system32\DWMAPI.DLL
0x000007fe7f180000 - 0x000007fe7f263000 	C:\WINDOWS\system32\uxtheme.dll
0x000007fe7a660000 - 0x000007fe7a6f5000 	C:\Program Files\Common Files\microsoft shared\ink\tiptsf.dll
0x000007fe80eb0000 - 0x000007fe8102e000 	C:\WINDOWS\system32\ole32.dll
0x000007fe801d0000 - 0x000007fe801da000 	C:\WINDOWS\SYSTEM32\CRYPTBASE.dll
0x000007fe80170000 - 0x000007fe801cc000 	C:\WINDOWS\SYSTEM32\bcryptPrimitives.dll
0x000007fe6ef80000 - 0x000007fe6f180000 	C:\WINDOWS\system32\d3d9.dll
0x000007fe7e110000 - 0x000007fe7e119000 	C:\WINDOWS\SYSTEM32\VERSION.dll
0x000007fe5c060000 - 0x000007fe5d1e0000 	C:\WINDOWS\SYSTEM32\nvd3dumx.dll
0x000007fe80270000 - 0x000007fe802b3000 	C:\WINDOWS\SYSTEM32\powrprof.dll
0x0000000180000000 - 0x0000000180116000 	C:\Program Files (x86)\NVIDIA Corporation\3D Vision\nvSCPAPI64.dll
0x000007fe82f90000 - 0x000007fe83160000 	C:\WINDOWS\system32\SETUPAPI.dll
0x000007fe7dab0000 - 0x000007fe7db24000 	C:\WINDOWS\SYSTEM32\dxgi.dll
0x000007fe81050000 - 0x000007fe82338000 	C:\WINDOWS\system32\SHELL32.dll
0x000007fe80680000 - 0x000007fe806cf000 	C:\WINDOWS\system32\CFGMGR32.dll
0x000007fe808b0000 - 0x000007fe808d2000 	C:\WINDOWS\system32\DEVOBJ.dll
0x000007fe83300000 - 0x000007fe83350000 	C:\WINDOWS\system32\SHLWAPI.dll
0x000007fe7ceb0000 - 0x000007fe7d172000 	C:\WINDOWS\SYSTEM32\nvapi64.dll
0x000007fe80520000 - 0x000007fe80575000 	C:\WINDOWS\system32\WINTRUST.dll
0x000007fe806d0000 - 0x000007fe808a7000 	C:\WINDOWS\system32\CRYPT32.dll
0x000007fe80450000 - 0x000007fe80466000 	C:\WINDOWS\system32\MSASN1.dll
0x000007fe7d400000 - 0x000007fe7d41f000 	C:\WINDOWS\SYSTEM32\DXGIDebug.dll
0x000007fe7f550000 - 0x000007fe7f5e6000 	C:\WINDOWS\SYSTEM32\shcore.dll
0x0000000068840000 - 0x0000000068874000 	F:\Program Files\Java\Jre7\bin\fontmanager.dll
0x0000000069b30000 - 0x0000000069b49000 	F:\Program Files\Java\Jre7\bin\net.dll
0x000007fe7fbe0000 - 0x000007fe7fc3c000 	C:\WINDOWS\system32\mswsock.dll
0x0000000069b10000 - 0x0000000069b21000 	F:\Program Files\Java\Jre7\bin\nio.dll
0x00000000687f0000 - 0x0000000068831000 	F:\Program Files\Java\Jre7\bin\t2k.dll
0x000007fe82bf0000 - 0x000007fe82c86000 	C:\WINDOWS\SYSTEM32\clbcatq.dll
0x000007fe7df80000 - 0x000007fe7e10a000 	C:\WINDOWS\SYSTEM32\WindowsCodecs.dll
0x000007fe803a0000 - 0x000007fe803b5000 	C:\WINDOWS\SYSTEM32\profapi.dll
0x0000000069ed0000 - 0x0000000069f68000 	C:\Windows\System32\msvcp100.dll
0x000007fe68a30000 - 0x000007fe68c88000 	C:\opencv\build\x64\vc10\bin\opencv_core243.dll
0x000007fe6cc80000 - 0x000007fe6cd15000 	C:\Users\Jonas\AppData\Local\Temp\javacpp109436455751225\jniopencv_core.dll
0x000007fe68780000 - 0x000007fe68a25000 	C:\opencv\build\x64\vc10\bin\opencv_imgproc243.dll
0x000007fe77610000 - 0x000007fe77658000 	C:\Users\Jonas\AppData\Local\Temp\javacpp109436455751225\jniopencv_imgproc.dll
0x0000000066840000 - 0x00000000675ca000 	C:\opencv\build\x64\vc10\bin\opencv_ffmpeg243_64.dll
0x000007fe68530000 - 0x000007fe6877b000 	C:\opencv\build\x64\vc10\bin\opencv_highgui243.dll
0x000007fe77d40000 - 0x000007fe77d60000 	C:\WINDOWS\SYSTEM32\AVIFIL32.dll
0x000007fe774e0000 - 0x000007fe77509000 	C:\WINDOWS\SYSTEM32\MSVFW32.dll
0x000007fe77d20000 - 0x000007fe77d37000 	C:\WINDOWS\SYSTEM32\AVICAP32.dll
0x000007fe677e0000 - 0x000007fe677f9000 	C:\WINDOWS\SYSTEM32\MSACM32.dll
0x000007fe77cb0000 - 0x000007fe77cc3000 	C:\Users\Jonas\AppData\Local\Temp\javacpp109436455751225\jniopencv_highgui.dll
0x000007fe775f0000 - 0x000007fe77607000 	C:\Windows\System32\devenum.dll
0x000007fe796e0000 - 0x000007fe7970e000 	C:\WINDOWS\SYSTEM32\ntmarta.dll
0x000007fe778e0000 - 0x000007fe778ed000 	C:\WINDOWS\SYSTEM32\msdmo.dll
0x000007fe70280000 - 0x000007fe702af000 	C:\Windows\System32\qcap.dll
0x000007fe69ef0000 - 0x000007fe6a0a8000 	C:\Windows\System32\quartz.dll
0x000007fe70200000 - 0x000007fe7023f000 	C:\Windows\System32\ksproxy.ax
0x000007fe6d940000 - 0x000007fe6d947000 	C:\Windows\System32\ksuser.dll
0x000007fe70270000 - 0x000007fe7027c000 	C:\Windows\System32\vidcap.ax
0x000007fe6e9b0000 - 0x000007fe6e9d4000 	C:\Windows\System32\kswdmcap.ax
0x000007fe6bb50000 - 0x000007fe6bca4000 	C:\Windows\System32\MFC42.dll
0x000007fe6e770000 - 0x000007fe6e82e000 	C:\Windows\System32\ODBC32.dll
0x000007fe6cbe0000 - 0x000007fe6cc75000 	C:\Windows\System32\qedit.dll
0x000007fe823b0000 - 0x000007fe82451000 	C:\WINDOWS\system32\COMDLG32.dll
0x000007fe83160000 - 0x000007fe83300000 	C:\WINDOWS\WinSxS\amd64_microsoft.windows.gdiplus_6595b64144ccf1df_1.1.9200.16384_none_72771d4ecc1c3a4d\gdiplus.dll
0x000007fe67cd0000 - 0x000007fe67dba000 	C:\WINDOWS\SYSTEM32\DDRAW.dll
0x000007fe7d1b0000 - 0x000007fe7d1b8000 	C:\WINDOWS\SYSTEM32\DCIMAN32.dll
0x000007fe7d2d0000 - 0x000007fe7d339000 	C:\WINDOWS\SYSTEM32\oleacc.dll
0x00000000687c0000 - 0x00000000687ea000 	F:\Program Files\Java\Jre7\bin\dcpr.dll

VM Arguments:
jvm_args: -Dfile.encoding=Cp1252 
java_command: emcscanner.kth.se.Program
Launcher Type: SUN_STANDARD

Environment Variables:
PATH=C:\Program Files (x86)\NVIDIA Corporation\PhysX\Common;C:\WINDOWS\system32;C:\WINDOWS;C:\WINDOWS\System32\Wbem;C:\WINDOWS\System32\WindowsPowerShell\v1.0\;C:\Program Files (x86)\Microsoft SQL Server\90\Tools\binn\;C:\Program Files (x86)\Autodesk\Backburner\;F:\Program Files\MATLAB\R2012a\runtime\win64;F:\Program Files\MATLAB\R2012a\bin;C:\Program Files\Internet Explorer;C:\Program Files\Perforce;F:\Program Files\Perforce;C:\Program Files\Microsoft\Web Platform Installer\;C:\Program Files (x86)\Microsoft ASP.NET\ASP.NET Web Pages\v1.0\;C:\Program Files (x86)\Windows Kits\8.0\Windows Performance Toolkit\;C:\Program Files\Microsoft SQL Server\110\Tools\Binn\;F:\Program Files\Perforce\Server
USERNAME=Jonas
OS=Windows_NT
PROCESSOR_IDENTIFIER=Intel64 Family 6 Model 42 Stepping 7, GenuineIntel



---------------  S Y S T E M  ---------------

OS: Windows 8 , 64 bit Build 9200 

CPU:total 8 (4 cores per cpu, 2 threads per core) family 6 model 42 stepping 7, cmov, cx8, fxsr, mmx, sse, sse2, sse3, ssse3, sse4.1, sse4.2, popcnt, avx, ht, tsc, tscinvbit

Memory: 4k page, physical 16751668k(11590780k free), swap 33528884k(26883372k free)

vm_info: Java HotSpot(TM) 64-Bit Server VM (23.3-b01) for windows-amd64 JRE (1.7.0_07-b11), built on Sep  7 2012 01:19:25 by "java_re" with unknown MS VC++:1600

time: Wed Jan 23 02:58:25 2013
elapsed time: 8 seconds

