#
# A fatal error has been detected by the Java Runtime Environment:
#
#  EXCEPTION_ACCESS_VIOLATION (0xc0000005) at pc=0x000007fd0db38bc0, pid=9996, tid=10052
#
# JRE version: 7.0_07-b11
# Java VM: Java HotSpot(TM) 64-Bit Server VM (23.3-b01 mixed mode windows-amd64 compressed oops)
# Problematic frame:
# C  [ntdll.dll+0x18bc0]  RtlQueueWorkItem+0x8a0
#
# Failed to write core dump. Minidumps are not enabled by default on client versions of Windows
#
# If you would like to submit a bug report, please visit:
#   http://bugreport.sun.com/bugreport/crash.jsp
# The crash happened outside the Java Virtual Machine in native code.
# See problematic frame for where to report the bug.
#

---------------  T H R E A D  ---------------

Current thread (0x0000000013d85000):  JavaThread "threadDisplayCamera" daemon [_thread_in_native, id=10052, stack(0x000000001a6b0000,0x000000001a7b0000)]

siginfo: ExceptionCode=0xc0000005, writing address 0x0000000000000024

Registers:
RAX=0x0000000000000000, RBX=0x0000000013db2748, RCX=0x00000000fffffffc, RDX=0x0000000000000a54
RSP=0x000000001a7af050, RBP=0x0000000000000000, RSI=0x0000000000000a54, RDI=0x0000000000000000
R8 =0xffffffffffffffff, R9 =0x0000000000000004, R10=0x0000000000000000, R11=0x0000000000000246
R12=0x0000000000000000, R13=0x0000000000000000, R14=0x000007f6621be000, R15=0x0000000000000000
RIP=0x000007fd0db38bc0, EFLAGS=0x0000000000010213

Top of Stack: (sp=0x000000001a7af050)
0x000000001a7af050:   0000000000000a54 0000000002b564f0
0x000000001a7af060:   4089500000000000 0000000000000000
0x000000001a7af070:   4096800000000000 0000000000000000
0x000000001a7af080:   0000000000000000 0000000000000000
0x000000001a7af090:   0000000000000000 0000000000000000
0x000000001a7af0a0:   0000000000000438 0000000000000780
0x000000001a7af0b0:   0000000000000000 000007fd0ab010ea
0x000000001a7af0c0:   00000000000005a0 0000000000000000
0x000000001a7af0d0:   00002a1421d67a91 00000007ad4460b8
0x000000001a7af0e0:   0000000000000004 0000000000000001
0x000000001a7af0f0:   000000001a0b2050 00000000ff000000
0x000000001a7af100:   0000000000000000 0000000000000000
0x000000001a7af110:   000007f6621be000 000007fd0db2f4d4
0x000000001a7af120:   0000000000000000 0000000000000000
0x000000001a7af130:   0000000013db2748 0000000002b56b9e
0x000000001a7af140:   0000000000000000 0000000013d851d8 

Instructions: (pc=0x000007fd0db38bc0)
0x000007fd0db38ba0:   43 08 a8 01 0f 85 bd 67 ff ff 8b c8 2b cd f0 0f
0x000007fd0db38bb0:   b1 4b 08 75 ea 48 8b 03 33 ed 48 83 f8 ff 74 03
0x000007fd0db38bc0:   ff 40 24 41 bf 82 03 fe 7f 41 80 3f 00 0f 85 69
0x000007fd0db38bd0:   7a 0e 00 48 83 fe ff 0f 84 bf 7a 0e 00 4c 8b c7 


Register to memory mapping:

RAX=0x0000000000000000 is an unknown value
RBX=0x0000000013db2748 is an unknown value
RCX=0x00000000fffffffc is an unknown value
RDX=0x0000000000000a54 is an unknown value
RSP=0x000000001a7af050 is pointing into the stack for thread: 0x0000000013d85000
RBP=0x0000000000000000 is an unknown value
RSI=0x0000000000000a54 is an unknown value
RDI=0x0000000000000000 is an unknown value
R8 =0xffffffffffffffff is an unknown value
R9 =0x0000000000000004 is an unknown value
R10=0x0000000000000000 is an unknown value
R11=0x0000000000000246 is an unknown value
R12=0x0000000000000000 is an unknown value
R13=0x0000000000000000 is an unknown value
R14=0x000007f6621be000 is an unknown value
R15=0x0000000000000000 is an unknown value


Stack: [0x000000001a6b0000,0x000000001a7b0000],  sp=0x000000001a7af050,  free space=1020k
Native frames: (J=compiled Java code, j=interpreted, Vv=VM code, C=native code)
C  [ntdll.dll+0x18bc0]  RtlQueueWorkItem+0x8a0

[error occurred during error reporting (printing native stack), id 0xc0000005]

Java frames: (J=compiled Java code, j=interpreted, Vv=VM code)
j  com.googlecode.javacv.cpp.opencv_highgui.cvRetrieveFrame(Lcom/googlecode/javacv/cpp/opencv_highgui$CvCapture;I)Lcom/googlecode/javacv/cpp/opencv_core$IplImage;+0
j  com.googlecode.javacv.cpp.opencv_highgui.cvRetrieveFrame(Lcom/googlecode/javacv/cpp/opencv_highgui$CvCapture;)Lcom/googlecode/javacv/cpp/opencv_core$IplImage;+2
j  com.googlecode.javacv.OpenCVFrameGrabber.grab()Lcom/googlecode/javacv/cpp/opencv_core$IplImage;+4
j  emcscanner.kth.se.CameraPanel$1.run()V+15
v  ~StubRoutines::call_stub

---------------  P R O C E S S  ---------------

Java Threads: ( => current thread )
  0x0000000016f30000 JavaThread "ICEpdf-pagePainter" daemon [_thread_blocked, id=7128, stack(0x0000000022170000,0x0000000022270000)]
  0x0000000016f2f000 JavaThread "ICEpdf-pageInitializer" daemon [_thread_blocked, id=6716, stack(0x0000000021f40000,0x0000000022040000)]
  0x0000000016f2e800 JavaThread "DestroyJavaVM" [_thread_blocked, id=5884, stack(0x00000000028f0000,0x00000000029f0000)]
  0x000000001799a800 JavaThread "D3D Screen Updater" daemon [_thread_blocked, id=9640, stack(0x0000000021e40000,0x0000000021f40000)]
  0x000000001508a000 JavaThread "TimerQueue" daemon [_thread_blocked, id=7116, stack(0x0000000020c00000,0x0000000020d00000)]
  0x0000000015027800 JavaThread "threadDisplayDensity" daemon [_thread_blocked, id=8564, stack(0x000000001cfd0000,0x000000001d0d0000)]
  0x0000000014d4f000 JavaThread "AWT-EventQueue-0" [_thread_in_Java, id=8760, stack(0x000000001ced0000,0x000000001cfd0000)]
  0x0000000014d4e800 JavaThread "threadDisplay" daemon [_thread_blocked, id=4344, stack(0x000000001cdd0000,0x000000001ced0000)]
  0x000000001513d800 JavaThread "AWT-Shutdown" [_thread_blocked, id=6204, stack(0x000000001a7b0000,0x000000001a8b0000)]
=>0x0000000013d85000 JavaThread "threadDisplayCamera" daemon [_thread_in_native, id=10052, stack(0x000000001a6b0000,0x000000001a7b0000)]
  0x0000000013d86000 JavaThread "AWT-Windows" daemon [_thread_in_native, id=9536, stack(0x0000000014660000,0x0000000014760000)]
  0x0000000013d84000 JavaThread "Java2D Disposer" daemon [_thread_blocked, id=6536, stack(0x0000000014460000,0x0000000014560000)]
  0x000000001167a000 JavaThread "Service Thread" daemon [_thread_blocked, id=10064, stack(0x0000000013a60000,0x0000000013b60000)]
  0x0000000011675800 JavaThread "C2 CompilerThread1" daemon [_thread_blocked, id=9024, stack(0x0000000013960000,0x0000000013a60000)]
  0x000000001166b000 JavaThread "C2 CompilerThread0" daemon [_thread_blocked, id=2356, stack(0x0000000013860000,0x0000000013960000)]
  0x0000000011668000 JavaThread "Attach Listener" daemon [_thread_blocked, id=9356, stack(0x0000000013760000,0x0000000013860000)]
  0x000000001165b000 JavaThread "Signal Dispatcher" daemon [_thread_blocked, id=9848, stack(0x0000000013660000,0x0000000013760000)]
  0x00000000115fe800 JavaThread "Finalizer" daemon [_thread_blocked, id=9620, stack(0x0000000013560000,0x0000000013660000)]
  0x00000000115f7000 JavaThread "Reference Handler" daemon [_thread_blocked, id=6860, stack(0x0000000013460000,0x0000000013560000)]

Other Threads:
  0x00000000115f2000 VMThread [stack: 0x0000000013360000,0x0000000013460000] [id=5052]
  0x0000000011694800 WatcherThread [stack: 0x0000000013b60000,0x0000000013c60000] [id=9280]

VM state:not at safepoint (normal execution)

VM Mutex/Monitor currently owned by a thread: None

Heap
 PSYoungGen      total 526784K, used 96112K [0x00000007aacb0000, 0x00000007d0000000, 0x0000000800000000)
  eden space 451008K, 12% used [0x00000007aacb0000,0x00000007ae3365b0,0x00000007c6520000)
  from space 75776K, 53% used [0x00000007caf00000,0x00000007cd655bf0,0x00000007cf900000)
  to   space 75648K, 0% used [0x00000007c6520000,0x00000007c6520000,0x00000007caf00000)
 ParOldGen       total 352000K, used 217730K [0x0000000700600000, 0x0000000715dc0000, 0x00000007aacb0000)
  object space 352000K, 61% used [0x0000000700600000,0x000000070daa0bf0,0x0000000715dc0000)
 PSPermGen       total 36096K, used 18118K [0x00000006fb400000, 0x00000006fd740000, 0x0000000700600000)
  object space 36096K, 50% used [0x00000006fb400000,0x00000006fc5b1b10,0x00000006fd740000)

Card table byte_map: [0x0000000005c10000,0x0000000006440000] byte_map_base: 0x0000000002436000

Polling page: 0x00000000028a0000

Code Cache  [0x0000000002b50000, 0x0000000002dc0000, 0x0000000005b50000)
 total_blobs=928 nmethods=338 adapters=541 free_code_cache=47697Kb largest_free_block=48809984

Compilation events (10 events):
Event: 20.402 Thread 0x000000001166b000  346             javax.swing.SwingUtilities::computeIntersection (189 bytes)
Event: 20.404 Thread 0x000000001166b000 nmethod 346 0x0000000002cbecd0 code [0x0000000002cbee00, 0x0000000002cbeeb8]
Event: 20.410 Thread 0x0000000011675800  347             javax.swing.RepaintManager::currentManager (7 bytes)
Event: 20.410 Thread 0x000000001166b000  348             javax.swing.RepaintManager::currentManager (5 bytes)
Event: 20.411 Thread 0x000000001166b000 nmethod 348 0x0000000002c39850 code [0x0000000002c399c0, 0x0000000002c39b18]
Event: 20.411 Thread 0x0000000011675800 nmethod 347 0x0000000002c3a810 code [0x0000000002c3a980, 0x0000000002c3aad8]
Event: 20.417 Thread 0x000000001166b000  349   !         javax.swing.RepaintManager::addDirtyRegion0 (201 bytes)
Event: 20.430 Thread 0x000000001166b000 nmethod 349 0x0000000002cbf190 code [0x0000000002cbf3a0, 0x0000000002cc0410]
Event: 20.727 Thread 0x0000000011675800  350             sun.java2d.SurfaceData::getSurfaceType (5 bytes)
Event: 20.727 Thread 0x0000000011675800 nmethod 350 0x0000000002c3ca10 code [0x0000000002c3cb40, 0x0000000002c3cbb8]

GC Heap History (10 events):
Event: 17.515 GC heap before
{Heap before GC invocations=25 (full 5):
 PSYoungGen      total 380608K, used 343909K [0x00000007aacb0000, 0x00000007c9e00000, 0x0000000800000000)
  eden space 302656K, 100% used [0x00000007aacb0000,0x00000007bd440000,0x00000007bd440000)
  from space 77952K, 52% used [0x00000007bd440000,0x00000007bfc89610,0x00000007c2060000)
  to   space 76224K, 0% used [0x00000007c5390000,0x00000007c5390000,0x00000007c9e00000)
 ParOldGen       total 352000K, used 131982K [0x0000000700600000, 0x0000000715dc0000, 0x00000007aacb0000)
  object space 352000K, 37% used [0x0000000700600000,0x00000007086e3a88,0x0000000715dc0000)
 PSPermGen       total 36096K, used 18082K [0x00000006fb400000, 0x00000006fd740000, 0x0000000700600000)
  object space 36096K, 50% used [0x00000006fb400000,0x00000006fc5a8bf8,0x00000006fd740000)
Event: 17.520 GC heap after
Heap after GC invocations=25 (full 5):
 PSYoungGen      total 426112K, used 192K [0x00000007aacb0000, 0x00000007c9c50000, 0x0000000800000000)
  eden space 351616K, 0% used [0x00000007aacb0000,0x00000007aacb0000,0x00000007c0410000)
  from space 74496K, 0% used [0x00000007c5390000,0x00000007c53c0000,0x00000007c9c50000)
  to   space 77952K, 0% used [0x00000007c0410000,0x00000007c0410000,0x00000007c5030000)
 ParOldGen       total 352000K, used 131982K [0x0000000700600000, 0x0000000715dc0000, 0x00000007aacb0000)
  object space 352000K, 37% used [0x0000000700600000,0x00000007086e3a88,0x0000000715dc0000)
 PSPermGen       total 36096K, used 18082K [0x00000006fb400000, 0x00000006fd740000, 0x0000000700600000)
  object space 36096K, 50% used [0x00000006fb400000,0x00000006fc5a8bf8,0x00000006fd740000)
}
Event: 18.200 GC heap before
{Heap before GC invocations=26 (full 5):
 PSYoungGen      total 426112K, used 350408K [0x00000007aacb0000, 0x00000007c9c50000, 0x0000000800000000)
  eden space 351616K, 99% used [0x00000007aacb0000,0x00000007c02b2098,0x00000007c0410000)
  from space 74496K, 0% used [0x00000007c5390000,0x00000007c53c0000,0x00000007c9c50000)
  to   space 77952K, 0% used [0x00000007c0410000,0x00000007c0410000,0x00000007c5030000)
 ParOldGen       total 352000K, used 131982K [0x0000000700600000, 0x0000000715dc0000, 0x00000007aacb0000)
  object space 352000K, 37% used [0x0000000700600000,0x00000007086e3a88,0x0000000715dc0000)
 PSPermGen       total 36096K, used 18089K [0x00000006fb400000, 0x00000006fd740000, 0x0000000700600000)
  object space 36096K, 50% used [0x00000006fb400000,0x00000006fc5aa5b0,0x00000006fd740000)
Event: 18.206 GC heap after
Heap after GC invocations=26 (full 5):
 PSYoungGen      total 429568K, used 41006K [0x00000007aacb0000, 0x00000007ccf20000, 0x0000000800000000)
  eden space 351616K, 0% used [0x00000007aacb0000,0x00000007aacb0000,0x00000007c0410000)
  from space 77952K, 52% used [0x00000007c0410000,0x00000007c2c1b930,0x00000007c5030000)
  to   space 76864K, 0% used [0x00000007c8410000,0x00000007c8410000,0x00000007ccf20000)
 ParOldGen       total 352000K, used 131982K [0x0000000700600000, 0x0000000715dc0000, 0x00000007aacb0000)
  object space 352000K, 37% used [0x0000000700600000,0x00000007086e3a88,0x0000000715dc0000)
 PSPermGen       total 36096K, used 18089K [0x00000006fb400000, 0x00000006fd740000, 0x0000000700600000)
  object space 36096K, 50% used [0x00000006fb400000,0x00000006fc5aa5b0,0x00000006fd740000)
}
Event: 18.899 GC heap before
{Heap before GC invocations=27 (full 5):
 PSYoungGen      total 429568K, used 389187K [0x00000007aacb0000, 0x00000007ccf20000, 0x0000000800000000)
  eden space 351616K, 99% used [0x00000007aacb0000,0x00000007c00b56a0,0x00000007c0410000)
  from space 77952K, 52% used [0x00000007c0410000,0x00000007c2c1b930,0x00000007c5030000)
  to   space 76864K, 0% used [0x00000007c8410000,0x00000007c8410000,0x00000007ccf20000)
 ParOldGen       total 352000K, used 138057K [0x0000000700600000, 0x0000000715dc0000, 0x00000007aacb0000)
  object space 352000K, 39% used [0x0000000700600000,0x0000000708cd2698,0x0000000715dc0000)
 PSPermGen       total 36096K, used 18091K [0x00000006fb400000, 0x00000006fd740000, 0x0000000700600000)
  object space 36096K, 50% used [0x00000006fb400000,0x00000006fc5aae58,0x00000006fd740000)
Event: 18.903 GC heap after
Heap after GC invocations=27 (full 5):
 PSYoungGen      total 470912K, used 16985K [0x00000007aacb0000, 0x00000007cc790000, 0x0000000800000000)
  eden space 401792K, 0% used [0x00000007aacb0000,0x00000007aacb0000,0x00000007c3510000)
  from space 69120K, 24% used [0x00000007c8410000,0x00000007c94a65f0,0x00000007cc790000)
  to   space 75008K, 0% used [0x00000007c3510000,0x00000007c3510000,0x00000007c7e50000)
 ParOldGen       total 352000K, used 138057K [0x0000000700600000, 0x0000000715dc0000, 0x00000007aacb0000)
  object space 352000K, 39% used [0x0000000700600000,0x0000000708cd2698,0x0000000715dc0000)
 PSPermGen       total 36096K, used 18091K [0x00000006fb400000, 0x00000006fd740000, 0x0000000700600000)
  object space 36096K, 50% used [0x00000006fb400000,0x00000006fc5aae58,0x00000006fd740000)
}
Event: 19.852 GC heap before
{Heap before GC invocations=28 (full 5):
 PSYoungGen      total 470912K, used 418777K [0x00000007aacb0000, 0x00000007cc790000, 0x0000000800000000)
  eden space 401792K, 100% used [0x00000007aacb0000,0x00000007c3510000,0x00000007c3510000)
  from space 69120K, 24% used [0x00000007c8410000,0x00000007c94a65f0,0x00000007cc790000)
  to   space 75008K, 0% used [0x00000007c3510000,0x00000007c3510000,0x00000007c7e50000)
 ParOldGen       total 352000K, used 217730K [0x0000000700600000, 0x0000000715dc0000, 0x00000007aacb0000)
  object space 352000K, 61% used [0x0000000700600000,0x000000070daa0bf0,0x0000000715dc0000)
 PSPermGen       total 36096K, used 18107K [0x00000006fb400000, 0x00000006fd740000, 0x0000000700600000)
  object space 36096K, 50% used [0x00000006fb400000,0x00000006fc5aec10,0x00000006fd740000)
Event: 19.854 GC heap after
Heap after GC invocations=28 (full 5):
 PSYoungGen      total 476800K, used 256K [0x00000007aacb0000, 0x00000007cf900000, 0x0000000800000000)
  eden space 401792K, 0% used [0x00000007aacb0000,0x00000007aacb0000,0x00000007c3510000)
  from space 75008K, 0% used [0x00000007c3510000,0x00000007c3550000,0x00000007c7e50000)
  to   space 75776K, 0% used [0x00000007caf00000,0x00000007caf00000,0x00000007cf900000)
 ParOldGen       total 352000K, used 217730K [0x0000000700600000, 0x0000000715dc0000, 0x00000007aacb0000)
  object space 352000K, 61% used [0x0000000700600000,0x000000070daa0bf0,0x0000000715dc0000)
 PSPermGen       total 36096K, used 18107K [0x00000006fb400000, 0x00000006fd740000, 0x0000000700600000)
  object space 36096K, 50% used [0x00000006fb400000,0x00000006fc5aec10,0x00000006fd740000)
}
Event: 20.699 GC heap before
{Heap before GC invocations=29 (full 5):
 PSYoungGen      total 476800K, used 400662K [0x00000007aacb0000, 0x00000007cf900000, 0x0000000800000000)
  eden space 401792K, 99% used [0x00000007aacb0000,0x00000007c33b58d8,0x00000007c3510000)
  from space 75008K, 0% used [0x00000007c3510000,0x00000007c3550000,0x00000007c7e50000)
  to   space 75776K, 0% used [0x00000007caf00000,0x00000007caf00000,0x00000007cf900000)
 ParOldGen       total 352000K, used 217730K [0x0000000700600000, 0x0000000715dc0000, 0x00000007aacb0000)
  object space 352000K, 61% used [0x0000000700600000,0x000000070daa0bf0,0x0000000715dc0000)
 PSPermGen       total 36096K, used 18117K [0x00000006fb400000, 0x00000006fd740000, 0x0000000700600000)
  object space 36096K, 50% used [0x00000006fb400000,0x00000006fc5b1558,0x00000006fd740000)
Event: 20.714 GC heap after
Heap after GC invocations=29 (full 5):
 PSYoungGen      total 526784K, used 40278K [0x00000007aacb0000, 0x00000007d0000000, 0x0000000800000000)
  eden space 451008K, 0% used [0x00000007aacb0000,0x00000007aacb0000,0x00000007c6520000)
  from space 75776K, 53% used [0x00000007caf00000,0x00000007cd655bf0,0x00000007cf900000)
  to   space 75648K, 0% used [0x00000007c6520000,0x00000007c6520000,0x00000007caf00000)
 ParOldGen       total 352000K, used 217730K [0x0000000700600000, 0x0000000715dc0000, 0x00000007aacb0000)
  object space 352000K, 61% used [0x0000000700600000,0x000000070daa0bf0,0x0000000715dc0000)
 PSPermGen       total 36096K, used 18117K [0x00000006fb400000, 0x00000006fd740000, 0x0000000700600000)
  object space 36096K, 50% used [0x00000006fb400000,0x00000006fc5b1558,0x00000006fd740000)
}

Deoptimization events (10 events):
Event: 2.902 Thread 0x0000000002a3e000 Uncommon trap -83 fr.pc 0x0000000002bf167c
Event: 3.391 Thread 0x0000000002a3e000 Uncommon trap 43 fr.pc 0x0000000002c12f94
Event: 3.919 Thread 0x0000000014d4f000 Uncommon trap -83 fr.pc 0x0000000002c18d44
Event: 3.995 Thread 0x0000000016f2f000 Uncommon trap -83 fr.pc 0x0000000002c1b974
Event: 4.042 Thread 0x0000000016f2f000 Uncommon trap -83 fr.pc 0x0000000002c1b5c4
Event: 4.060 Thread 0x0000000016f2f000 Uncommon trap -83 fr.pc 0x0000000002c4ac28
Event: 4.128 Thread 0x0000000016f2f000 Uncommon trap -83 fr.pc 0x0000000002c47f48
Event: 4.157 Thread 0x0000000016f2f000 Uncommon trap -83 fr.pc 0x0000000002c39e18
Event: 4.347 Thread 0x0000000016f30000 Uncommon trap -83 fr.pc 0x0000000002c7fd7c
Event: 20.156 Thread 0x0000000014d4f000 Uncommon trap -12 fr.pc 0x0000000002c3dbf8

Internal exceptions (10 events):
Event: 4.205 Thread 0x0000000016f2f000 Threw 0x00000007ab83ca08 at C:\jdk7u1_64p\jdk7u7\hotspot\src\share\vm\prims\jvm.cpp:1166
Event: 4.206 Thread 0x0000000016f2f000 Threw 0x00000007ab83fbb8 at C:\jdk7u1_64p\jdk7u7\hotspot\src\share\vm\prims\jvm.cpp:1166
Event: 4.206 Thread 0x0000000016f2f000 Threw 0x00000007ab842ad8 at C:\jdk7u1_64p\jdk7u7\hotspot\src\share\vm\prims\jvm.cpp:1166
Event: 4.331 Thread 0x0000000016f30000 Threw 0x00000007abd86378 at C:\jdk7u1_64p\jdk7u7\hotspot\src\share\vm\prims\jvm.cpp:1166
Event: 4.334 Thread 0x0000000016f30000 Threw 0x00000007abd96c08 at C:\jdk7u1_64p\jdk7u7\hotspot\src\share\vm\prims\jvm.cpp:1166
Event: 4.536 Thread 0x0000000016f30000 Threw 0x00000007ac8079d0 at C:\jdk7u1_64p\jdk7u7\hotspot\src\share\vm\prims\jvm.cpp:1166
Event: 10.414 Thread 0x0000000014d4f000 Threw 0x00000007ab682ef0 at C:\jdk7u1_64p\jdk7u7\hotspot\src\share\vm\prims\jvm.cpp:1166
Event: 10.414 Thread 0x0000000014d4f000 Threw 0x00000007acf2b648 at C:\jdk7u1_64p\jdk7u7\hotspot\src\share\vm\prims\jvm.cpp:1166
Event: 10.416 Thread 0x0000000014d4f000 Threw 0x00000007acf389d8 at C:\jdk7u1_64p\jdk7u7\hotspot\src\share\vm\prims\jvm.cpp:1166
Event: 20.156 Thread 0x0000000014d4f000 Implicit null exception at 0x0000000002c3d8f8 to 0x0000000002c3dbec

Events (10 events):
Event: 20.000 Executing VM operation: RevokeBias
Event: 20.000 Executing VM operation: RevokeBias done
Event: 20.001 Executing VM operation: RevokeBias
Event: 20.001 Executing VM operation: RevokeBias done
Event: 20.119 Executing VM operation: RevokeBias
Event: 20.119 Executing VM operation: RevokeBias done
Event: 20.156 Thread 0x0000000014d4f000 DEOPT PACKING pc=0x0000000002c3dbf8 sp=0x000000001cfce0c0
Event: 20.156 Thread 0x0000000014d4f000 DEOPT UNPACKING pc=0x0000000002b89164 sp=0x000000001cfce008 mode 2
Event: 20.699 Executing VM operation: ParallelGCFailedAllocation
Event: 20.714 Executing VM operation: ParallelGCFailedAllocation done


Dynamic libraries:
0x000007f662880000 - 0x000007f6628b4000 	F:\Program Files\Java\Jre7\bin\javaw.exe
0x000007fd0db20000 - 0x000007fd0dcde000 	C:\WINDOWS\SYSTEM32\ntdll.dll
0x000007fd0c680000 - 0x000007fd0c7b6000 	C:\WINDOWS\system32\KERNEL32.DLL
0x000007fd0ab00000 - 0x000007fd0abf3000 	C:\WINDOWS\system32\KERNELBASE.dll
0x000007fd0c260000 - 0x000007fd0c33e000 	C:\WINDOWS\system32\ADVAPI32.dll
0x000007fd0c460000 - 0x000007fd0c5ac000 	C:\WINDOWS\system32\USER32.dll
0x000007fd082b0000 - 0x000007fd08519000 	C:\WINDOWS\WinSxS\amd64_microsoft.windows.common-controls_6595b64144ccf1df_6.0.9200.16384_none_418c2a697189c07f\COMCTL32.dll
0x000007fd0c7c0000 - 0x000007fd0c865000 	C:\WINDOWS\system32\msvcrt.dll
0x000007fd0cdf0000 - 0x000007fd0ce38000 	C:\WINDOWS\SYSTEM32\sechost.dll
0x000007fd0c870000 - 0x000007fd0c9b0000 	C:\WINDOWS\system32\RPCRT4.dll
0x000007fd0d520000 - 0x000007fd0d660000 	C:\WINDOWS\system32\GDI32.dll
0x000007fd0c620000 - 0x000007fd0c659000 	C:\WINDOWS\system32\IMM32.DLL
0x000007fd0c340000 - 0x000007fd0c455000 	C:\WINDOWS\system32\MSCTF.dll
0x000007fd0aa10000 - 0x000007fd0aa18000 	C:\PROGRA~2\NVIDIA~1\3DVISI~1\NVSTIN~1.DLL
0x000007fd0d510000 - 0x000007fd0d517000 	C:\WINDOWS\system32\PSAPI.DLL
0x000000005e410000 - 0x000000005e4b3000 	C:\WINDOWS\WinSxS\amd64_microsoft.vc90.crt_1fc8b3b9a1e18e3b_9.0.30729.6871_none_08e717a5a83adddf\MSVCR90.dll
0x000000005d880000 - 0x000000005d951000 	F:\Program Files\Java\Jre7\bin\msvcr100.dll
0x000000005c090000 - 0x000000005c7af000 	F:\Program Files\Java\Jre7\bin\server\jvm.dll
0x000007fd02f00000 - 0x000007fd02f09000 	C:\WINDOWS\SYSTEM32\WSOCK32.dll
0x000007fd07b90000 - 0x000007fd07bb0000 	C:\WINDOWS\SYSTEM32\WINMM.dll
0x000007fd0c5b0000 - 0x000007fd0c608000 	C:\WINDOWS\system32\WS2_32.dll
0x000007fd07a80000 - 0x000007fd07ab2000 	C:\WINDOWS\SYSTEM32\WINMMBASE.dll
0x000007fd0d360000 - 0x000007fd0d369000 	C:\WINDOWS\system32\NSI.dll
0x000000005dc10000 - 0x000000005dc1f000 	F:\Program Files\Java\Jre7\bin\verify.dll
0x000000005dbe0000 - 0x000000005dc08000 	F:\Program Files\Java\Jre7\bin\java.dll
0x000000005dbc0000 - 0x000000005dbd5000 	F:\Program Files\Java\Jre7\bin\zip.dll
0x000000005aff0000 - 0x000000005b183000 	F:\Program Files\Java\Jre7\bin\awt.dll
0x000007fd0d830000 - 0x000007fd0d8f3000 	C:\WINDOWS\system32\OLEAUT32.dll
0x000007fd0cc40000 - 0x000007fd0cdf0000 	C:\WINDOWS\system32\combase.dll
0x000007fd04cf0000 - 0x000007fd04d8f000 	C:\WINDOWS\system32\apphelp.dll
0x000007fd09810000 - 0x000007fd098f3000 	C:\WINDOWS\system32\uxtheme.dll
0x000007fd08210000 - 0x000007fd082a5000 	C:\Program Files\Common Files\microsoft shared\ink\tiptsf.dll
0x000007fd088b0000 - 0x000007fd088d1000 	C:\WINDOWS\SYSTEM32\dwmapi.dll
0x000007fd0d090000 - 0x000007fd0d20e000 	C:\WINDOWS\system32\ole32.dll
0x000007fd0a860000 - 0x000007fd0a86a000 	C:\WINDOWS\SYSTEM32\CRYPTBASE.dll
0x000007fd0a800000 - 0x000007fd0a85c000 	C:\WINDOWS\SYSTEM32\bcryptPrimitives.dll
0x000007fd0af70000 - 0x000007fd0c258000 	C:\WINDOWS\system32\SHELL32.dll
0x000007fd0cb80000 - 0x000007fd0cbd0000 	C:\WINDOWS\system32\SHLWAPI.dll
0x000007fd09be0000 - 0x000007fd09c76000 	C:\WINDOWS\SYSTEM32\shcore.dll
0x000000005d2e0000 - 0x000000005d378000 	C:\Windows\System32\msvcp100.dll
0x000007fcf1100000 - 0x000007fcf1358000 	C:\opencv\build\x64\vc10\bin\opencv_core243.dll
0x000007fcf4210000 - 0x000007fcf42a5000 	C:\Users\Jonas\AppData\Local\Temp\javacpp131407138994673\jniopencv_core.dll
0x000007fcf07d0000 - 0x000007fcf0a75000 	C:\opencv\build\x64\vc10\bin\opencv_imgproc243.dll
0x000007fd015e0000 - 0x000007fd01628000 	C:\Users\Jonas\AppData\Local\Temp\javacpp131407138994673\jniopencv_imgproc.dll
0x0000000066840000 - 0x00000000675ca000 	C:\opencv\build\x64\vc10\bin\opencv_ffmpeg243_64.dll
0x000007fcece30000 - 0x000007fced07b000 	C:\opencv\build\x64\vc10\bin\opencv_highgui243.dll
0x000007fd043e0000 - 0x000007fd04400000 	C:\WINDOWS\SYSTEM32\AVIFIL32.dll
0x000007fd07af0000 - 0x000007fd07b19000 	C:\WINDOWS\SYSTEM32\MSVFW32.dll
0x000007fd081c0000 - 0x000007fd081d7000 	C:\WINDOWS\SYSTEM32\AVICAP32.dll
0x000007fcf6150000 - 0x000007fcf6169000 	C:\WINDOWS\SYSTEM32\MSACM32.dll
0x000007fd07db0000 - 0x000007fd07db9000 	C:\WINDOWS\SYSTEM32\VERSION.dll
0x000007fd04350000 - 0x000007fd04363000 	C:\Users\Jonas\AppData\Local\Temp\javacpp131407138994673\jniopencv_highgui.dll
0x000007fd0d2c0000 - 0x000007fd0d356000 	C:\WINDOWS\SYSTEM32\clbcatq.dll
0x000007fd01e20000 - 0x000007fd01e37000 	C:\Windows\System32\devenum.dll
0x000007fd0c9b0000 - 0x000007fd0cb80000 	C:\WINDOWS\system32\setupapi.dll
0x000007fd0ad10000 - 0x000007fd0ad5f000 	C:\WINDOWS\system32\CFGMGR32.dll
0x000007fd0af40000 - 0x000007fd0af62000 	C:\WINDOWS\system32\DEVOBJ.dll
0x000007fd03ae0000 - 0x000007fd03b0e000 	C:\WINDOWS\SYSTEM32\ntmarta.dll
0x000007fd0ac00000 - 0x000007fd0ac55000 	C:\WINDOWS\system32\WINTRUST.dll
0x000007fd0ad60000 - 0x000007fd0af37000 	C:\WINDOWS\system32\CRYPT32.dll
0x000007fd0aae0000 - 0x000007fd0aaf6000 	C:\WINDOWS\system32\MSASN1.dll
0x000007fd04560000 - 0x000007fd0456d000 	C:\WINDOWS\SYSTEM32\msdmo.dll
0x000007fd01920000 - 0x000007fd0194f000 	C:\Windows\System32\qcap.dll
0x000007fcec870000 - 0x000007fceca28000 	C:\Windows\System32\quartz.dll
0x000007fcf7e50000 - 0x000007fcf7e8f000 	C:\Windows\System32\ksproxy.ax
0x000007fcf5930000 - 0x000007fcf5937000 	C:\Windows\System32\ksuser.dll
0x000007fcf9950000 - 0x000007fcf9b50000 	C:\Windows\System32\d3d9.dll
0x000007fd01e10000 - 0x000007fd01e1c000 	C:\Windows\System32\vidcap.ax
0x000007fd015b0000 - 0x000007fd015d4000 	C:\Windows\System32\kswdmcap.ax
0x000007fcf2570000 - 0x000007fcf26c4000 	C:\Windows\System32\MFC42.dll
0x000007fcf3af0000 - 0x000007fcf3bae000 	C:\Windows\System32\ODBC32.dll
0x000007fcf1490000 - 0x000007fcf1525000 	C:\Windows\System32\qedit.dll
0x000007fd0d210000 - 0x000007fd0d2b1000 	C:\WINDOWS\system32\COMDLG32.dll
0x000007fd0d370000 - 0x000007fd0d510000 	C:\WINDOWS\WinSxS\amd64_microsoft.windows.gdiplus_6595b64144ccf1df_1.1.9200.16384_none_72771d4ecc1c3a4d\gdiplus.dll
0x000007fcf0640000 - 0x000007fcf072a000 	C:\WINDOWS\SYSTEM32\DDRAW.dll
0x000007fd07de0000 - 0x000007fd07de8000 	C:\WINDOWS\SYSTEM32\DCIMAN32.dll
0x000000005b610000 - 0x000000005b644000 	F:\Program Files\Java\Jre7\bin\fontmanager.dll
0x000007fce6500000 - 0x000007fce7680000 	C:\WINDOWS\SYSTEM32\nvd3dumx.dll
0x000007fd0a900000 - 0x000007fd0a943000 	C:\WINDOWS\SYSTEM32\powrprof.dll
0x0000000180000000 - 0x0000000180116000 	C:\Program Files (x86)\NVIDIA Corporation\3D Vision\nvSCPAPI64.dll
0x000007fd07ef0000 - 0x000007fd07f64000 	C:\WINDOWS\SYSTEM32\dxgi.dll
0x000007fd06540000 - 0x000007fd06802000 	C:\WINDOWS\SYSTEM32\nvapi64.dll
0x000007fd07ed0000 - 0x000007fd07eef000 	C:\WINDOWS\SYSTEM32\DXGIDebug.dll
0x000000005dba0000 - 0x000000005dbb9000 	F:\Program Files\Java\Jre7\bin\net.dll
0x000007fd0a270000 - 0x000007fd0a2cc000 	C:\WINDOWS\system32\mswsock.dll
0x000000005db50000 - 0x000000005db61000 	F:\Program Files\Java\Jre7\bin\nio.dll
0x000000005b5c0000 - 0x000000005b601000 	F:\Program Files\Java\Jre7\bin\t2k.dll
0x000007fd08010000 - 0x000007fd0819a000 	C:\WINDOWS\SYSTEM32\WindowsCodecs.dll
0x000007fd0aa30000 - 0x000007fd0aa45000 	C:\WINDOWS\SYSTEM32\profapi.dll
0x000007fd07530000 - 0x000007fd07599000 	C:\WINDOWS\SYSTEM32\oleacc.dll
0x000000005afc0000 - 0x000000005afea000 	F:\Program Files\Java\Jre7\bin\dcpr.dll
0x000007fcf8620000 - 0x000007fcf8783000 	C:\WINDOWS\SYSTEM32\dbghelp.dll

VM Arguments:
jvm_args: -Dfile.encoding=Cp1252 
java_command: emcscanner.kth.se.Program
Launcher Type: SUN_STANDARD

Environment Variables:
PATH=C:\Program Files (x86)\NVIDIA Corporation\PhysX\Common;C:\WINDOWS\system32;C:\WINDOWS;C:\WINDOWS\System32\Wbem;C:\WINDOWS\System32\WindowsPowerShell\v1.0\;C:\Program Files (x86)\Microsoft SQL Server\90\Tools\binn\;C:\Program Files (x86)\Autodesk\Backburner\;F:\Program Files\MATLAB\R2012a\runtime\win64;F:\Program Files\MATLAB\R2012a\bin;C:\Program Files\Internet Explorer;C:\Program Files\Perforce;F:\Program Files\Perforce;C:\Program Files\Microsoft\Web Platform Installer\;C:\Program Files (x86)\Microsoft ASP.NET\ASP.NET Web Pages\v1.0\;C:\Program Files (x86)\Windows Kits\8.0\Windows Performance Toolkit\;C:\Program Files\Microsoft SQL Server\110\Tools\Binn\;F:\Program Files\Perforce\Server
USERNAME=Jonas
OS=Windows_NT
PROCESSOR_IDENTIFIER=Intel64 Family 6 Model 42 Stepping 7, GenuineIntel



---------------  S Y S T E M  ---------------

OS: Windows 8 , 64 bit Build 9200 

CPU:total 8 (4 cores per cpu, 2 threads per core) family 6 model 42 stepping 7, cmov, cx8, fxsr, mmx, sse, sse2, sse3, ssse3, sse4.1, sse4.2, popcnt, avx, ht, tsc, tscinvbit

Memory: 4k page, physical 16751668k(9886252k free), swap 33528884k(24133388k free)

vm_info: Java HotSpot(TM) 64-Bit Server VM (23.3-b01) for windows-amd64 JRE (1.7.0_07-b11), built on Sep  7 2012 01:19:25 by "java_re" with unknown MS VC++:1600

time: Mon Feb 04 01:11:56 2013
elapsed time: 21 seconds

