#
# A fatal error has been detected by the Java Runtime Environment:
#
#  EXCEPTION_ACCESS_VIOLATION (0xc0000005) at pc=0x000000000261f33a, pid=5108, tid=5696
#
# JRE version: 7.0_07-b11
# Java VM: Java HotSpot(TM) 64-Bit Server VM (23.3-b01 mixed mode windows-amd64 compressed oops)
# Problematic frame:
# J  com.googlecode.javacv.cpp.opencv_core$IplImage.flipCopyWithGamma(Ljava/nio/ByteBuffer;ILjava/nio/ByteBuffer;IZDZI)V
#
# Failed to write core dump. Minidumps are not enabled by default on client versions of Windows
#
# If you would like to submit a bug report, please visit:
#   http://bugreport.sun.com/bugreport/crash.jsp
#

---------------  T H R E A D  ---------------

Current thread (0x0000000016052800):  JavaThread "threadDisplay" daemon [_thread_in_Java, id=5696, stack(0x000000001fe50000,0x000000001ff50000)]

siginfo: ExceptionCode=0xc0000005, reading address 0x00000000256dd000

Registers:
RAX=0x0000000000000045, RBX=0x00000000005eec00, RCX=0x0000000000000000, RDX=0x000000002540a040
RSP=0x000000001ff4eb80, RBP=0x00000007aad8b680, RSI=0x00000007cf383910, RDI=0x00000000005eec00
R8 =0x00000000002d2fc0, R9 =0x00000000002d2fc1, R10=0x000000000000167f, R11=0x00000000005eec00
R12=0x0000000000000000, R13=0x00000000002d2fc0, R14=0x00000000000002bf, R15=0x0000000016052800
RIP=0x000000000261f33a, EFLAGS=0x0000000000010203

Top of Stack: (sp=0x000000001ff4eb80)
0x000000001ff4eb80:   00000007cf383910 00000000005eec00
0x000000001ff4eb90:   00000000005eec00 0000000000000000
0x000000001ff4eba0:   3ff0000000000000 00000007aad8b640
0x000000001ff4ebb0:   00000007aad8b680 3ff0000000000000
0x000000001ff4ebc0:   002d2d0000000000 df6ab9ce002d2d00
0x000000001ff4ebd0:   00001680df6c65d4 0000000000001680
0x000000001ff4ebe0:   00000007aad8b6b0 00001680ffffffff
0x000000001ff4ebf0:   00000007aad8b680 00000007aad8b640
0x000000001ff4ec00:   00000000f9e70722 0000000000000000
0x000000001ff4ec10:   00000007cf383910 00000007aad8b680
0x000000001ff4ec20:   00000007aad8b680 000000001ff4ec28
0x000000001ff4ec30:   000000001ff4ece8 00000000025761f8
0x000000001ff4ec40:   0000000000000000 00000006fc403d10
0x000000001ff4ec50:   00000006fb5556b8 00000000025761f8
0x000000001ff4ec60:   0000000000000000 0000000000000000
0x000000001ff4ec70:   3ff0000000000000 0000000000000000 

Instructions: (pc=0x000000000261f33a)
0x000000000261f31a:   10 44 3b c7 0f 8d 26 01 00 00 45 8b c8 41 ff c1
0x000000000261f32a:   44 89 4d 18 48 8b 6c 24 70 44 8b 6d 18 4d 63 c0
0x000000000261f33a:   42 0f b6 04 02 44 3b eb 0f 8d 32 01 00 00 45 8b
0x000000000261f34a:   cd 44 03 c9 41 ff c5 44 89 6d 18 45 3b cb 0f 83 


Register to memory mapping:

RAX=0x0000000000000045 is an unknown value
RBX=0x00000000005eec00 is an unknown value
RCX=0x0000000000000000 is an unknown value
RDX=0x000000002540a040 is an unknown value
RSP=0x000000001ff4eb80 is pointing into the stack for thread: 0x0000000016052800
RBP=0x00000007aad8b680 is an oop
java.nio.HeapByteBuffer 
 - klass: 'java/nio/HeapByteBuffer'
RSI=0x00000007cf383910 is an oop
[B 
 - klass: {type array byte}
 - length: 6220800
RDI=0x00000000005eec00 is an unknown value
R8 =0x00000000002d2fc0 is an unknown value
R9 =0x00000000002d2fc1 is an unknown value
R10=0x000000000000167f is an unknown value
R11=0x00000000005eec00 is an unknown value
R12=0x0000000000000000 is an unknown value
R13=0x00000000002d2fc0 is an unknown value
R14=0x00000000000002bf is an unknown value
R15=0x0000000016052800 is a thread


Stack: [0x000000001fe50000,0x000000001ff50000],  sp=0x000000001ff4eb80,  free space=1018k
Native frames: (J=compiled Java code, j=interpreted, Vv=VM code, C=native code)
J  com.googlecode.javacv.cpp.opencv_core$IplImage.flipCopyWithGamma(Ljava/nio/ByteBuffer;ILjava/nio/ByteBuffer;IZDZI)V


---------------  P R O C E S S  ---------------

Java Threads: ( => current thread )
  0x0000000020a59800 JavaThread "ICEpdf-pagePainter" daemon [_thread_blocked, id=3356, stack(0x0000000023fa0000,0x00000000240a0000)]
  0x000000001cfd2800 JavaThread "ICEpdf-pageInitializer" daemon [_thread_blocked, id=2728, stack(0x0000000023d70000,0x0000000023e70000)]
  0x0000000016158800 JavaThread "D3D Screen Updater" daemon [_thread_in_native, id=5956, stack(0x000000001c7f0000,0x000000001c8f0000)]
  0x00000000022ee000 JavaThread "DestroyJavaVM" [_thread_blocked, id=7600, stack(0x0000000002370000,0x0000000002470000)]
  0x000000001615b800 JavaThread "TimerQueue" daemon [_thread_blocked, id=488, stack(0x0000000020050000,0x0000000020150000)]
  0x00000000162bb800 JavaThread "AWT-EventQueue-0" [_thread_blocked, id=3760, stack(0x000000001ff50000,0x0000000020050000)]
=>0x0000000016052800 JavaThread "threadDisplay" daemon [_thread_in_Java, id=5696, stack(0x000000001fe50000,0x000000001ff50000)]
  0x0000000013973000 JavaThread "AWT-Shutdown" [_thread_blocked, id=4836, stack(0x000000001a720000,0x000000001a820000)]
  0x00000000137b8800 JavaThread "threadDisplay" daemon [_thread_in_native, id=4040, stack(0x000000001a620000,0x000000001a720000)]
  0x00000000137b9000 JavaThread "AWT-Windows" daemon [_thread_in_native, id=6456, stack(0x00000000140a0000,0x00000000141a0000)]
  0x000000001380e000 JavaThread "Java2D Disposer" daemon [_thread_blocked, id=6948, stack(0x0000000013ea0000,0x0000000013fa0000)]
  0x0000000011094800 JavaThread "Service Thread" daemon [_thread_blocked, id=7240, stack(0x00000000134a0000,0x00000000135a0000)]
  0x0000000011090000 JavaThread "C2 CompilerThread1" daemon [_thread_blocked, id=3860, stack(0x00000000133a0000,0x00000000134a0000)]
  0x0000000011089000 JavaThread "C2 CompilerThread0" daemon [_thread_blocked, id=7088, stack(0x00000000132a0000,0x00000000133a0000)]
  0x0000000011087800 JavaThread "Attach Listener" daemon [_thread_blocked, id=6188, stack(0x00000000131a0000,0x00000000132a0000)]
  0x000000001107b000 JavaThread "Signal Dispatcher" daemon [_thread_blocked, id=5208, stack(0x00000000130a0000,0x00000000131a0000)]
  0x000000001101e800 JavaThread "Finalizer" daemon [_thread_blocked, id=4896, stack(0x0000000012fa0000,0x00000000130a0000)]
  0x0000000011017000 JavaThread "Reference Handler" daemon [_thread_blocked, id=5444, stack(0x0000000012ea0000,0x0000000012fa0000)]

Other Threads:
  0x0000000011012000 VMThread [stack: 0x0000000012da0000,0x0000000012ea0000] [id=3608]
  0x00000000110a7000 WatcherThread [stack: 0x00000000135a0000,0x00000000136a0000] [id=6400]

VM state:not at safepoint (normal execution)

VM Mutex/Monitor currently owned by a thread: None

Heap
 PSYoungGen      total 763968K, used 603150K [0x00000007aacb0000, 0x00000007ec280000, 0x0000000800000000)
  eden space 735616K, 81% used [0x00000007aacb0000,0x00000007cf9b3a70,0x00000007d7b10000)
  from space 28352K, 0% used [0x00000007d7b10000,0x00000007d7b10000,0x00000007d96c0000)
  to   space 30528K, 0% used [0x00000007ea4b0000,0x00000007ea4b0000,0x00000007ec280000)
 ParOldGen       total 186368K, used 25325K [0x0000000700600000, 0x000000070bc00000, 0x00000007aacb0000)
  object space 186368K, 13% used [0x0000000700600000,0x0000000701ebb5a0,0x000000070bc00000)
 PSPermGen       total 40448K, used 17890K [0x00000006fb400000, 0x00000006fdb80000, 0x0000000700600000)
  object space 40448K, 44% used [0x00000006fb400000,0x00000006fc578828,0x00000006fdb80000)

Card table byte_map: [0x0000000005630000,0x0000000005e60000] byte_map_base: 0x0000000001e56000

Polling page: 0x0000000000a80000

Code Cache  [0x0000000002570000, 0x00000000027e0000, 0x0000000005570000)
 total_blobs=855 nmethods=266 adapters=540 free_code_cache=47838Kb largest_free_block=48915392

Compilation events (10 events):
Event: 7.810 Thread 0x0000000011090000  269             java.util.IdentityHashMap$IdentityHashMapIterator::hasNext (50 bytes)
Event: 7.812 Thread 0x0000000011090000 nmethod 269 0x00000000026ac290 code [0x00000000026ac3c0, 0x00000000026ac578]
Event: 8.121 Thread 0x0000000011089000  270             sun.java2d.loops.SurfaceType::getUniqueID (5 bytes)
Event: 8.121 Thread 0x0000000011089000 nmethod 270 0x00000000026ac090 code [0x00000000026ac1c0, 0x00000000026ac218]
Event: 9.408 Thread 0x0000000011090000  271             java.awt.image.SampleModel::getNumBands (5 bytes)
Event: 9.408 Thread 0x0000000011090000 nmethod 271 0x0000000002668490 code [0x00000000026685c0, 0x0000000002668618]
Event: 9.884 Thread 0x0000000011089000  272             java.util.LinkedList$ListItr::hasPrevious (13 bytes)
Event: 9.884 Thread 0x0000000011089000 nmethod 272 0x0000000002668290 code [0x00000000026683c0, 0x0000000002668438]
Event: 9.885 Thread 0x0000000011090000  273             java.lang.Math::max (11 bytes)
Event: 9.885 Thread 0x0000000011090000 nmethod 273 0x0000000002668090 code [0x00000000026681c0, 0x0000000002668218]

GC Heap History (10 events):
Event: 5.492 GC heap before
{Heap before GC invocations=9 (full 1):
 PSYoungGen      total 540544K, used 20528K [0x00000007aacb0000, 0x00000007cd750000, 0x0000000800000000)
  eden space 518336K, 0% used [0x00000007aacb0000,0x00000007aacb0000,0x00000007ca6e0000)
  from space 22208K, 92% used [0x00000007cbe40000,0x00000007cd24c340,0x00000007cd3f0000)
  to   space 23936K, 0% used [0x00000007ca6e0000,0x00000007ca6e0000,0x00000007cbe40000)
 ParOldGen       total 174528K, used 147847K [0x0000000700600000, 0x000000070b070000, 0x00000007aacb0000)
  object space 174528K, 84% used [0x0000000700600000,0x0000000709661c58,0x000000070b070000)
 PSPermGen       total 21248K, used 17839K [0x00000006fb400000, 0x00000006fc8c0000, 0x0000000700600000)
  object space 21248K, 83% used [0x00000006fb400000,0x00000006fc56bfd8,0x00000006fc8c0000)
Event: 5.539 GC heap after
Heap after GC invocations=9 (full 1):
 PSYoungGen      total 540544K, used 0K [0x00000007aacb0000, 0x00000007cd750000, 0x0000000800000000)
  eden space 518336K, 0% used [0x00000007aacb0000,0x00000007aacb0000,0x00000007ca6e0000)
  from space 22208K, 0% used [0x00000007cbe40000,0x00000007cbe40000,0x00000007cd3f0000)
  to   space 23936K, 0% used [0x00000007ca6e0000,0x00000007ca6e0000,0x00000007cbe40000)
 ParOldGen       total 146688K, used 24876K [0x0000000700600000, 0x0000000709540000, 0x00000007aacb0000)
  object space 146688K, 16% used [0x0000000700600000,0x0000000701e4b270,0x0000000709540000)
 PSPermGen       total 36224K, used 17833K [0x00000006fb400000, 0x00000006fd760000, 0x0000000700600000)
  object space 36224K, 49% used [0x00000006fb400000,0x00000006fc56a550,0x00000006fd760000)
}
Event: 6.515 GC heap before
{Heap before GC invocations=10 (full 1):
 PSYoungGen      total 540544K, used 516102K [0x00000007aacb0000, 0x00000007cd750000, 0x0000000800000000)
  eden space 518336K, 99% used [0x00000007aacb0000,0x00000007ca4b1a48,0x00000007ca6e0000)
  from space 22208K, 0% used [0x00000007cbe40000,0x00000007cbe40000,0x00000007cd3f0000)
  to   space 23936K, 0% used [0x00000007ca6e0000,0x00000007ca6e0000,0x00000007cbe40000)
 ParOldGen       total 146688K, used 24876K [0x0000000700600000, 0x0000000709540000, 0x00000007aacb0000)
  object space 146688K, 16% used [0x0000000700600000,0x0000000701e4b270,0x0000000709540000)
 PSPermGen       total 36224K, used 17873K [0x00000006fb400000, 0x00000006fd760000, 0x0000000700600000)
  object space 36224K, 49% used [0x00000006fb400000,0x00000006fc5747e0,0x00000006fd760000)
Event: 6.524 GC heap after
Heap after GC invocations=10 (full 1):
 PSYoungGen      total 542272K, used 21930K [0x00000007aacb0000, 0x00000007db290000, 0x0000000800000000)
  eden space 518336K, 0% used [0x00000007aacb0000,0x00000007aacb0000,0x00000007ca6e0000)
  from space 23936K, 91% used [0x00000007ca6e0000,0x00000007cbc4a900,0x00000007cbe40000)
  to   space 25728K, 0% used [0x00000007d9970000,0x00000007d9970000,0x00000007db290000)
 ParOldGen       total 146688K, used 76893K [0x0000000700600000, 0x0000000709540000, 0x00000007aacb0000)
  object space 146688K, 52% used [0x0000000700600000,0x00000007051177c0,0x0000000709540000)
 PSPermGen       total 36224K, used 17873K [0x00000006fb400000, 0x00000006fd760000, 0x0000000700600000)
  object space 36224K, 49% used [0x00000006fb400000,0x00000006fc5747e0,0x00000006fd760000)
}
Event: 7.477 GC heap before
{Heap before GC invocations=11 (full 1):
 PSYoungGen      total 542272K, used 535303K [0x00000007aacb0000, 0x00000007db290000, 0x0000000800000000)
  eden space 518336K, 99% used [0x00000007aacb0000,0x00000007ca207438,0x00000007ca6e0000)
  from space 23936K, 91% used [0x00000007ca6e0000,0x00000007cbc4a900,0x00000007cbe40000)
  to   space 25728K, 0% used [0x00000007d9970000,0x00000007d9970000,0x00000007db290000)
 ParOldGen       total 146688K, used 76893K [0x0000000700600000, 0x0000000709540000, 0x00000007aacb0000)
  object space 146688K, 52% used [0x0000000700600000,0x00000007051177c0,0x0000000709540000)
 PSPermGen       total 36224K, used 17880K [0x00000006fb400000, 0x00000006fd760000, 0x0000000700600000)
  object space 36224K, 49% used [0x00000006fb400000,0x00000006fc576200,0x00000006fd760000)
Event: 7.484 GC heap after
Heap after GC invocations=11 (full 1):
 PSYoungGen      total 755328K, used 25548K [0x00000007aacb0000, 0x00000007db270000, 0x0000000800000000)
  eden space 729728K, 0% used [0x00000007aacb0000,0x00000007aacb0000,0x00000007d7550000)
  from space 25600K, 99% used [0x00000007d9970000,0x00000007db2630e0,0x00000007db270000)
  to   space 28352K, 0% used [0x00000007d7b10000,0x00000007d7b10000,0x00000007d96c0000)
 ParOldGen       total 146688K, used 92461K [0x0000000700600000, 0x0000000709540000, 0x00000007aacb0000)
  object space 146688K, 63% used [0x0000000700600000,0x000000070604b4b0,0x0000000709540000)
 PSPermGen       total 36224K, used 17880K [0x00000006fb400000, 0x00000006fd760000, 0x0000000700600000)
  object space 36224K, 49% used [0x00000006fb400000,0x00000006fc576200,0x00000006fd760000)
}
Event: 8.778 GC heap before
{Heap before GC invocations=12 (full 1):
 PSYoungGen      total 755328K, used 755247K [0x00000007aacb0000, 0x00000007db270000, 0x0000000800000000)
  eden space 729728K, 99% used [0x00000007aacb0000,0x00000007d7548c20,0x00000007d7550000)
  from space 25600K, 99% used [0x00000007d9970000,0x00000007db2630e0,0x00000007db270000)
  to   space 28352K, 0% used [0x00000007d7b10000,0x00000007d7b10000,0x00000007d96c0000)
 ParOldGen       total 146688K, used 92629K [0x0000000700600000, 0x0000000709540000, 0x00000007aacb0000)
  object space 146688K, 63% used [0x0000000700600000,0x00000007060757c0,0x0000000709540000)
 PSPermGen       total 36224K, used 17883K [0x00000006fb400000, 0x00000006fd760000, 0x0000000700600000)
  object space 36224K, 49% used [0x00000006fb400000,0x00000006fc576c10,0x00000006fd760000)
Event: 8.787 GC heap after
Heap after GC invocations=12 (full 1):
 PSYoungGen      total 763968K, used 25684K [0x00000007aacb0000, 0x00000007ec280000, 0x0000000800000000)
  eden space 735616K, 0% used [0x00000007aacb0000,0x00000007aacb0000,0x00000007d7b10000)
  from space 28352K, 90% used [0x00000007d7b10000,0x00000007d94253f0,0x00000007d96c0000)
  to   space 30528K, 0% used [0x00000007ea4b0000,0x00000007ea4b0000,0x00000007ec280000)
 ParOldGen       total 146688K, used 126534K [0x0000000700600000, 0x0000000709540000, 0x00000007aacb0000)
  object space 146688K, 86% used [0x0000000700600000,0x0000000708191910,0x0000000709540000)
 PSPermGen       total 36224K, used 17883K [0x00000006fb400000, 0x00000006fd760000, 0x0000000700600000)
  object space 36224K, 49% used [0x00000006fb400000,0x00000006fc576c10,0x00000006fd760000)
}
Event: 8.787 GC heap before
{Heap before GC invocations=13 (full 2):
 PSYoungGen      total 763968K, used 25684K [0x00000007aacb0000, 0x00000007ec280000, 0x0000000800000000)
  eden space 735616K, 0% used [0x00000007aacb0000,0x00000007aacb0000,0x00000007d7b10000)
  from space 28352K, 90% used [0x00000007d7b10000,0x00000007d94253f0,0x00000007d96c0000)
  to   space 30528K, 0% used [0x00000007ea4b0000,0x00000007ea4b0000,0x00000007ec280000)
 ParOldGen       total 146688K, used 126534K [0x0000000700600000, 0x0000000709540000, 0x00000007aacb0000)
  object space 146688K, 86% used [0x0000000700600000,0x0000000708191910,0x0000000709540000)
 PSPermGen       total 36224K, used 17883K [0x00000006fb400000, 0x00000006fd760000, 0x0000000700600000)
  object space 36224K, 49% used [0x00000006fb400000,0x00000006fc576c10,0x00000006fd760000)
Event: 8.810 GC heap after
Heap after GC invocations=13 (full 2):
 PSYoungGen      total 763968K, used 0K [0x00000007aacb0000, 0x00000007ec280000, 0x0000000800000000)
  eden space 735616K, 0% used [0x00000007aacb0000,0x00000007aacb0000,0x00000007d7b10000)
  from space 28352K, 0% used [0x00000007d7b10000,0x00000007d7b10000,0x00000007d96c0000)
  to   space 30528K, 0% used [0x00000007ea4b0000,0x00000007ea4b0000,0x00000007ec280000)
 ParOldGen       total 186368K, used 25325K [0x0000000700600000, 0x000000070bc00000, 0x00000007aacb0000)
  object space 186368K, 13% used [0x0000000700600000,0x0000000701ebb5a0,0x000000070bc00000)
 PSPermGen       total 40448K, used 17882K [0x00000006fb400000, 0x00000006fdb80000, 0x0000000700600000)
  object space 40448K, 44% used [0x00000006fb400000,0x00000006fc576b60,0x00000006fdb80000)
}

Deoptimization events (10 events):
Event: 2.710 Thread 0x00000000022ee000 Uncommon trap -83 fr.pc 0x00000000026150b8
Event: 2.710 Thread 0x00000000022ee000 Uncommon trap -83 fr.pc 0x000000000261a17c
Event: 3.276 Thread 0x00000000022ee000 Uncommon trap 43 fr.pc 0x00000000026344a4
Event: 3.822 Thread 0x00000000162bb800 Uncommon trap -83 fr.pc 0x0000000002638f44
Event: 3.870 Thread 0x000000001cfd2800 Uncommon trap -83 fr.pc 0x000000000263a934
Event: 3.921 Thread 0x000000001cfd2800 Uncommon trap -83 fr.pc 0x000000000263a584
Event: 3.941 Thread 0x000000001cfd2800 Uncommon trap -83 fr.pc 0x000000000260d2a8
Event: 4.004 Thread 0x000000001cfd2800 Uncommon trap -83 fr.pc 0x000000000260b948
Event: 4.036 Thread 0x000000001cfd2800 Uncommon trap -83 fr.pc 0x000000000265d298
Event: 4.276 Thread 0x0000000020a59800 Uncommon trap -83 fr.pc 0x000000000269e47c

Internal exceptions (10 events):
Event: 4.047 Thread 0x000000001cfd2800 Threw 0x00000007b1ae7260 at C:\jdk7u1_64p\jdk7u7\hotspot\src\share\vm\prims\jvm.cpp:1166
Event: 4.097 Thread 0x000000001cfd2800 Threw 0x00000007ab2cf7e8 at C:\jdk7u1_64p\jdk7u7\hotspot\src\share\vm\prims\jvm.cpp:1166
Event: 4.097 Thread 0x000000001cfd2800 Threw 0x00000007ab2d25b8 at C:\jdk7u1_64p\jdk7u7\hotspot\src\share\vm\prims\jvm.cpp:1166
Event: 4.101 Thread 0x000000001cfd2800 Threw 0x00000007ab2e2a20 at C:\jdk7u1_64p\jdk7u7\hotspot\src\share\vm\prims\jvm.cpp:1166
Event: 4.101 Thread 0x000000001cfd2800 Threw 0x00000007ab2e57f0 at C:\jdk7u1_64p\jdk7u7\hotspot\src\share\vm\prims\jvm.cpp:1166
Event: 4.102 Thread 0x000000001cfd2800 Threw 0x00000007ab2e89a0 at C:\jdk7u1_64p\jdk7u7\hotspot\src\share\vm\prims\jvm.cpp:1166
Event: 4.103 Thread 0x000000001cfd2800 Threw 0x00000007ab2eb770 at C:\jdk7u1_64p\jdk7u7\hotspot\src\share\vm\prims\jvm.cpp:1166
Event: 4.245 Thread 0x0000000020a59800 Threw 0x00000007ae502f90 at C:\jdk7u1_64p\jdk7u7\hotspot\src\share\vm\prims\jvm.cpp:1166
Event: 4.250 Thread 0x0000000020a59800 Threw 0x00000007ae513820 at C:\jdk7u1_64p\jdk7u7\hotspot\src\share\vm\prims\jvm.cpp:1166
Event: 4.453 Thread 0x0000000020a59800 Threw 0x00000007b2423cd0 at C:\jdk7u1_64p\jdk7u7\hotspot\src\share\vm\prims\jvm.cpp:1166

Events (10 events):
Event: 6.524 Executing VM operation: ParallelGCFailedAllocation done
Event: 6.660 loading class 0x00000000137fa570
Event: 6.660 loading class 0x00000000137fa570 done
Event: 7.476 Executing VM operation: ParallelGCFailedAllocation
Event: 7.484 Executing VM operation: ParallelGCFailedAllocation done
Event: 7.707 Thread 0x0000000015e34000 Thread exited: 0x0000000015e34000
Event: 8.777 Executing VM operation: ParallelGCFailedAllocation
Event: 8.778 Executing VM operation: ParallelGCFailedAllocation done
Event: 8.778 Executing VM operation: ParallelGCSystemGC
Event: 8.810 Executing VM operation: ParallelGCSystemGC done


Dynamic libraries:
0x000007f7dc190000 - 0x000007f7dc1c4000 	F:\Program Files\Java\Jre7\bin\javaw.exe
0x000007ff3c8c0000 - 0x000007ff3ca7e000 	C:\WINDOWS\SYSTEM32\ntdll.dll
0x000007ff3a840000 - 0x000007ff3a976000 	C:\WINDOWS\system32\KERNEL32.DLL
0x000007ff39a80000 - 0x000007ff39b73000 	C:\WINDOWS\system32\KERNELBASE.dll
0x000007ff3ae10000 - 0x000007ff3aeee000 	C:\WINDOWS\system32\ADVAPI32.dll
0x000007ff39f70000 - 0x000007ff3a0bc000 	C:\WINDOWS\system32\USER32.dll
0x000007ff36fd0000 - 0x000007ff37239000 	C:\WINDOWS\WinSxS\amd64_microsoft.windows.common-controls_6595b64144ccf1df_6.0.9200.16384_none_418c2a697189c07f\COMCTL32.dll
0x000007ff3a5d0000 - 0x000007ff3a675000 	C:\WINDOWS\system32\msvcrt.dll
0x000007ff3aef0000 - 0x000007ff3af38000 	C:\WINDOWS\SYSTEM32\sechost.dll
0x000007ff3c500000 - 0x000007ff3c640000 	C:\WINDOWS\system32\RPCRT4.dll
0x000007ff39d10000 - 0x000007ff39e50000 	C:\WINDOWS\system32\GDI32.dll
0x000007ff3c640000 - 0x000007ff3c679000 	C:\WINDOWS\system32\IMM32.DLL
0x000007ff3a2f0000 - 0x000007ff3a405000 	C:\WINDOWS\system32\MSCTF.dll
0x000007ff397b0000 - 0x000007ff397b8000 	C:\PROGRA~2\NVIDIA~1\3DVISI~1\NVSTIN~1.DLL
0x000007ff3c680000 - 0x000007ff3c687000 	C:\WINDOWS\system32\PSAPI.DLL
0x000000005d2b0000 - 0x000000005d353000 	C:\WINDOWS\WinSxS\amd64_microsoft.vc90.crt_1fc8b3b9a1e18e3b_9.0.30729.6871_none_08e717a5a83adddf\MSVCR90.dll
0x000000005b640000 - 0x000000005b711000 	F:\Program Files\Java\Jre7\bin\msvcr100.dll
0x000000005af20000 - 0x000000005b63f000 	F:\Program Files\Java\Jre7\bin\server\jvm.dll
0x000007ff31ca0000 - 0x000007ff31ca9000 	C:\WINDOWS\SYSTEM32\WSOCK32.dll
0x000007ff37250000 - 0x000007ff37270000 	C:\WINDOWS\SYSTEM32\WINMM.dll
0x000007ff3a680000 - 0x000007ff3a6d8000 	C:\WINDOWS\system32\WS2_32.dll
0x000007ff368c0000 - 0x000007ff368f2000 	C:\WINDOWS\SYSTEM32\WINMMBASE.dll
0x000007ff3a980000 - 0x000007ff3a989000 	C:\WINDOWS\system32\NSI.dll
0x000000005af10000 - 0x000000005af1f000 	F:\Program Files\Java\Jre7\bin\verify.dll
0x000000005aee0000 - 0x000000005af08000 	F:\Program Files\Java\Jre7\bin\java.dll
0x000000005aec0000 - 0x000000005aed5000 	F:\Program Files\Java\Jre7\bin\zip.dll
0x000000005bd60000 - 0x000000005bef3000 	F:\Program Files\Java\Jre7\bin\awt.dll
0x000007ff39e50000 - 0x000007ff39f13000 	C:\WINDOWS\system32\OLEAUT32.dll
0x000007ff3a140000 - 0x000007ff3a2f0000 	C:\WINDOWS\system32\combase.dll
0x000007ff339e0000 - 0x000007ff33a7f000 	C:\WINDOWS\system32\apphelp.dll
0x000007ff385b0000 - 0x000007ff38693000 	C:\WINDOWS\system32\uxtheme.dll
0x000007ff33a80000 - 0x000007ff33b15000 	C:\Program Files\Common Files\microsoft shared\ink\tiptsf.dll
0x000007ff37890000 - 0x000007ff378b1000 	C:\WINDOWS\SYSTEM32\dwmapi.dll
0x000007ff3c740000 - 0x000007ff3c8be000 	C:\WINDOWS\system32\ole32.dll
0x000007ff39600000 - 0x000007ff3960a000 	C:\WINDOWS\SYSTEM32\CRYPTBASE.dll
0x000007ff395a0000 - 0x000007ff395fc000 	C:\WINDOWS\SYSTEM32\bcryptPrimitives.dll
0x000007ff3af40000 - 0x000007ff3c228000 	C:\WINDOWS\system32\SHELL32.dll
0x000007ff39f20000 - 0x000007ff39f70000 	C:\WINDOWS\system32\SHLWAPI.dll
0x000007ff38980000 - 0x000007ff38a16000 	C:\WINDOWS\SYSTEM32\shcore.dll
0x000000005c180000 - 0x000000005c218000 	C:\Windows\System32\msvcp100.dll
0x000007ff1e270000 - 0x000007ff1e4c8000 	C:\opencv\build\x64\vc10\bin\opencv_core243.dll
0x000007ff29410000 - 0x000007ff294a5000 	C:\Users\Jonas\AppData\Local\Temp\javacpp152663771858457\jniopencv_core.dll
0x000007ff1dfc0000 - 0x000007ff1e265000 	C:\opencv\build\x64\vc10\bin\opencv_imgproc243.dll
0x000007ff30dc0000 - 0x000007ff30e08000 	C:\Users\Jonas\AppData\Local\Temp\javacpp152663771858457\jniopencv_imgproc.dll
0x0000000066840000 - 0x00000000675ca000 	C:\opencv\build\x64\vc10\bin\opencv_ffmpeg243_64.dll
0x000007ff1dd70000 - 0x000007ff1dfbb000 	C:\opencv\build\x64\vc10\bin\opencv_highgui243.dll
0x000007ff30da0000 - 0x000007ff30dc0000 	C:\WINDOWS\SYSTEM32\AVIFIL32.dll
0x000007ff30730000 - 0x000007ff30759000 	C:\WINDOWS\SYSTEM32\MSVFW32.dll
0x000007ff306c0000 - 0x000007ff306d7000 	C:\WINDOWS\SYSTEM32\AVICAP32.dll
0x000007ff32f20000 - 0x000007ff32f39000 	C:\WINDOWS\SYSTEM32\MSACM32.dll
0x000007ff37270000 - 0x000007ff37279000 	C:\WINDOWS\SYSTEM32\VERSION.dll
0x000007ff306a0000 - 0x000007ff306b3000 	C:\Users\Jonas\AppData\Local\Temp\javacpp152663771858457\jniopencv_highgui.dll
0x000007ff3c230000 - 0x000007ff3c2c6000 	C:\WINDOWS\SYSTEM32\clbcatq.dll
0x000007ff30680000 - 0x000007ff30697000 	C:\Windows\System32\devenum.dll
0x000007ff3ac40000 - 0x000007ff3ae10000 	C:\WINDOWS\system32\setupapi.dll
0x000007ff39c30000 - 0x000007ff39c7f000 	C:\WINDOWS\system32\CFGMGR32.dll
0x000007ff39ce0000 - 0x000007ff39d02000 	C:\WINDOWS\system32\DEVOBJ.dll
0x000007ff32880000 - 0x000007ff328ae000 	C:\WINDOWS\SYSTEM32\ntmarta.dll
0x000007ff39c80000 - 0x000007ff39cd5000 	C:\WINDOWS\system32\WINTRUST.dll
0x000007ff398a0000 - 0x000007ff39a77000 	C:\WINDOWS\system32\CRYPT32.dll
0x000007ff39880000 - 0x000007ff39896000 	C:\WINDOWS\system32\MSASN1.dll
0x000007ff32f10000 - 0x000007ff32f1d000 	C:\WINDOWS\SYSTEM32\msdmo.dll
0x000007ff30350000 - 0x000007ff3037f000 	C:\Windows\System32\qcap.dll
0x000007ff1dbb0000 - 0x000007ff1dd68000 	C:\Windows\System32\quartz.dll
0x000007ff27030000 - 0x000007ff2706f000 	C:\Windows\System32\ksproxy.ax
0x000007ff1fa90000 - 0x000007ff1fa97000 	C:\Windows\System32\ksuser.dll
0x000007ff28210000 - 0x000007ff28410000 	C:\Windows\System32\d3d9.dll
0x000007ff32a90000 - 0x000007ff32a9c000 	C:\Windows\System32\vidcap.ax
0x000007ff26620000 - 0x000007ff26644000 	C:\Windows\System32\kswdmcap.ax
0x000007ff1da50000 - 0x000007ff1dba4000 	C:\Windows\System32\MFC42.dll
0x000007ff24a90000 - 0x000007ff24b4e000 	C:\Windows\System32\ODBC32.dll
0x000007ff253c0000 - 0x000007ff25455000 	C:\Windows\System32\qedit.dll
0x000007ff3c690000 - 0x000007ff3c731000 	C:\WINDOWS\system32\COMDLG32.dll
0x000007ff3a410000 - 0x000007ff3a5b0000 	C:\WINDOWS\WinSxS\amd64_microsoft.windows.gdiplus_6595b64144ccf1df_1.1.9200.16384_none_72771d4ecc1c3a4d\gdiplus.dll
0x000007ff20d90000 - 0x000007ff20e7a000 	C:\WINDOWS\SYSTEM32\DDRAW.dll
0x000007ff339d0000 - 0x000007ff339d8000 	C:\WINDOWS\SYSTEM32\DCIMAN32.dll
0x000000005ada0000 - 0x000000005add4000 	F:\Program Files\Java\Jre7\bin\fontmanager.dll
0x000007ff16cd0000 - 0x000007ff17e50000 	C:\WINDOWS\SYSTEM32\nvd3dumx.dll
0x000007ff396a0000 - 0x000007ff396e3000 	C:\WINDOWS\SYSTEM32\powrprof.dll
0x0000000180000000 - 0x0000000180116000 	C:\Program Files (x86)\NVIDIA Corporation\3D Vision\nvSCPAPI64.dll
0x000007ff36ef0000 - 0x000007ff36f64000 	C:\WINDOWS\SYSTEM32\dxgi.dll
0x000007ff36390000 - 0x000007ff36652000 	C:\WINDOWS\SYSTEM32\nvapi64.dll
0x000007ff36900000 - 0x000007ff3691f000 	C:\WINDOWS\SYSTEM32\DXGIDebug.dll
0x000000005aea0000 - 0x000000005aeb9000 	F:\Program Files\Java\Jre7\bin\net.dll
0x000007ff39010000 - 0x000007ff3906c000 	C:\WINDOWS\system32\mswsock.dll
0x000000005ae80000 - 0x000000005ae91000 	F:\Program Files\Java\Jre7\bin\nio.dll
0x000000005ad50000 - 0x000000005ad91000 	F:\Program Files\Java\Jre7\bin\t2k.dll
0x000007ff37350000 - 0x000007ff374da000 	C:\WINDOWS\SYSTEM32\WindowsCodecs.dll
0x000007ff397d0000 - 0x000007ff397e5000 	C:\WINDOWS\SYSTEM32\profapi.dll
0x000007ff367d0000 - 0x000007ff36839000 	C:\WINDOWS\SYSTEM32\oleacc.dll
0x000000005bd30000 - 0x000000005bd5a000 	F:\Program Files\Java\Jre7\bin\dcpr.dll

VM Arguments:
jvm_args: -Dfile.encoding=Cp1252 
java_command: emcscanner.kth.se.Program
Launcher Type: SUN_STANDARD

Environment Variables:
PATH=C:\Program Files (x86)\NVIDIA Corporation\PhysX\Common;C:\WINDOWS\system32;C:\WINDOWS;C:\WINDOWS\System32\Wbem;C:\WINDOWS\System32\WindowsPowerShell\v1.0\;C:\Program Files (x86)\Microsoft SQL Server\90\Tools\binn\;C:\Program Files (x86)\Autodesk\Backburner\;F:\Program Files\MATLAB\R2012a\runtime\win64;F:\Program Files\MATLAB\R2012a\bin;C:\Program Files\Internet Explorer;C:\Program Files\Perforce;F:\Program Files\Perforce;C:\Program Files\Microsoft\Web Platform Installer\;C:\Program Files (x86)\Microsoft ASP.NET\ASP.NET Web Pages\v1.0\;C:\Program Files (x86)\Windows Kits\8.0\Windows Performance Toolkit\;C:\Program Files\Microsoft SQL Server\110\Tools\Binn\;F:\Program Files\Perforce\Server
USERNAME=Jonas
OS=Windows_NT
PROCESSOR_IDENTIFIER=Intel64 Family 6 Model 42 Stepping 7, GenuineIntel



---------------  S Y S T E M  ---------------

OS: Windows 8 , 64 bit Build 9200 

CPU:total 8 (4 cores per cpu, 2 threads per core) family 6 model 42 stepping 7, cmov, cx8, fxsr, mmx, sse, sse2, sse3, ssse3, sse4.1, sse4.2, popcnt, avx, ht, tsc, tscinvbit

Memory: 4k page, physical 16751668k(11667216k free), swap 33528884k(25141460k free)

vm_info: Java HotSpot(TM) 64-Bit Server VM (23.3-b01) for windows-amd64 JRE (1.7.0_07-b11), built on Sep  7 2012 01:19:25 by "java_re" with unknown MS VC++:1600

time: Fri Jan 25 13:51:34 2013
elapsed time: 9 seconds

