#
# A fatal error has been detected by the Java Runtime Environment:
#
#  EXCEPTION_ACCESS_VIOLATION (0xc0000005) at pc=0x000007fe834a8bc0, pid=6560, tid=3396
#
# JRE version: 7.0_07-b11
# Java VM: Java HotSpot(TM) 64-Bit Server VM (23.3-b01 mixed mode windows-amd64 compressed oops)
# Problematic frame:
# C  [ntdll.dll+0x18bc0]  RtlQueueWorkItem+0x8a0
#
# Failed to write core dump. Minidumps are not enabled by default on client versions of Windows
#
# If you would like to submit a bug report, please visit:
#   http://bugreport.sun.com/bugreport/crash.jsp
# The crash happened outside the Java Virtual Machine in native code.
# See problematic frame for where to report the bug.
#

---------------  T H R E A D  ---------------

Current thread (0x0000000019b85800):  JavaThread "threadDisplay" daemon [_thread_in_native, id=3396, stack(0x0000000018580000,0x0000000018680000)]

siginfo: ExceptionCode=0xc0000005, writing address 0x0000000000000024

Registers:
RAX=0x0000000000000000, RBX=0x0000000018f926b8, RCX=0x00000000fffffffc, RDX=0x0000000000000690
RSP=0x000000001867ebc0, RBP=0x0000000000000000, RSI=0x0000000000000690, RDI=0x0000000000000000
R8 =0xffffffffffffffff, R9 =0x0000000000000004, R10=0x0000000000000000, R11=0x0000000000000246
R12=0x0000000000000000, R13=0x0000000000000000, R14=0x000007f6172a2000, R15=0x0000000000000000
RIP=0x000007fe834a8bc0, EFLAGS=0x0000000000010213

Top of Stack: (sp=0x000000001867ebc0)
0x000000001867ebc0:   0000000000000690 00000006fb828003
0x000000001867ebd0:   000000001867ec20 00000006fb82bd38
0x000000001867ebe0:   0000000000000000 00000006fb828018
0x000000001867ebf0:   0000000000000000 000000001867ec18
0x000000001867ec00:   0000000000000000 0000000002a761f8
0x000000001867ec10:   0000000000000000 00000007ab2a6700
0x000000001867ec20:   00000007042f2c40 000007fe805810ea
0x000000001867ec30:   00000006fb827e85 000000001867ec80
0x000000001867ec40:   00004c60d33de739 0000000000000000
0x000000001867ec50:   0000000000000004 0000000000000001
0x000000001867ec60:   000000001e9f1050 00000000ff000000
0x000000001867ec70:   0000000000000000 0000000000000000
0x000000001867ec80:   000007f6172a2000 000007fe8349f4d4
0x000000001867ec90:   0000000000000000 0000000000000000
0x000000001867eca0:   0000000018f926b8 0000000000000000
0x000000001867ecb0:   0000000000000000 0000000019b859d8 

Instructions: (pc=0x000007fe834a8bc0)
0x000007fe834a8ba0:   43 08 a8 01 0f 85 bd 67 ff ff 8b c8 2b cd f0 0f
0x000007fe834a8bb0:   b1 4b 08 75 ea 48 8b 03 33 ed 48 83 f8 ff 74 03
0x000007fe834a8bc0:   ff 40 24 41 bf 82 03 fe 7f 41 80 3f 00 0f 85 69
0x000007fe834a8bd0:   7a 0e 00 48 83 fe ff 0f 84 bf 7a 0e 00 4c 8b c7 


Register to memory mapping:

RAX=0x0000000000000000 is an unknown value
RBX=0x0000000018f926b8 is an unknown value
RCX=0x00000000fffffffc is an unknown value
RDX=0x0000000000000690 is an unknown value
RSP=0x000000001867ebc0 is pointing into the stack for thread: 0x0000000019b85800
RBP=0x0000000000000000 is an unknown value
RSI=0x0000000000000690 is an unknown value
RDI=0x0000000000000000 is an unknown value
R8 =0xffffffffffffffff is an unknown value
R9 =0x0000000000000004 is an unknown value
R10=0x0000000000000000 is an unknown value
R11=0x0000000000000246 is an unknown value
R12=0x0000000000000000 is an unknown value
R13=0x0000000000000000 is an unknown value
R14=0x000007f6172a2000 is an unknown value
R15=0x0000000000000000 is an unknown value


Stack: [0x0000000018580000,0x0000000018680000],  sp=0x000000001867ebc0,  free space=1018k
Native frames: (J=compiled Java code, j=interpreted, Vv=VM code, C=native code)
C  [ntdll.dll+0x18bc0]  RtlQueueWorkItem+0x8a0

[error occurred during error reporting (printing native stack), id 0xc0000005]

Java frames: (J=compiled Java code, j=interpreted, Vv=VM code)
j  com.googlecode.javacv.cpp.opencv_highgui.cvRetrieveFrame(Lcom/googlecode/javacv/cpp/opencv_highgui$CvCapture;I)Lcom/googlecode/javacv/cpp/opencv_core$IplImage;+0
j  com.googlecode.javacv.cpp.opencv_highgui.cvRetrieveFrame(Lcom/googlecode/javacv/cpp/opencv_highgui$CvCapture;)Lcom/googlecode/javacv/cpp/opencv_core$IplImage;+2
j  com.googlecode.javacv.OpenCVFrameGrabber.grab()Lcom/googlecode/javacv/cpp/opencv_core$IplImage;+4
j  emcscanner.kth.se.CameraPanel$1.run()V+3
v  ~StubRoutines::call_stub

---------------  P R O C E S S  ---------------

Java Threads: ( => current thread )
  0x0000000018f31800 JavaThread "Thread-3" [_thread_in_native, id=1880, stack(0x000000001ba40000,0x000000001bb40000)]
  0x0000000019e73000 JavaThread "Thread-0" daemon [_thread_in_native, id=224, stack(0x0000000018380000,0x0000000018480000)]
  0x0000000013dde000 JavaThread "Image Fetcher 0" daemon [_thread_blocked, id=7724, stack(0x00000000165a0000,0x00000000166a0000)]
  0x000000001a0a4000 JavaThread "ICEpdf-pagePainter" daemon [_thread_blocked, id=7024, stack(0x000000001f240000,0x000000001f340000)]
  0x0000000018ec3000 JavaThread "ICEpdf-pageInitializer" daemon [_thread_blocked, id=2012, stack(0x0000000018780000,0x0000000018880000)]
  0x000000000296e000 JavaThread "DestroyJavaVM" [_thread_blocked, id=5444, stack(0x0000000002810000,0x0000000002910000)]
=>0x0000000019b85800 JavaThread "threadDisplay" daemon [_thread_in_native, id=3396, stack(0x0000000018580000,0x0000000018680000)]
  0x0000000018afa800 JavaThread "TimerQueue" daemon [_thread_blocked, id=4004, stack(0x00000000170c0000,0x00000000171c0000)]
  0x0000000013e95000 JavaThread "AWT-EventQueue-0" [_thread_blocked, id=7104, stack(0x0000000019180000,0x0000000019280000)]
  0x0000000013cbd000 JavaThread "AWT-Windows" daemon [_thread_in_native, id=4284, stack(0x0000000014720000,0x0000000014820000)]
  0x0000000013cb4800 JavaThread "AWT-Shutdown" [_thread_blocked, id=7984, stack(0x0000000014620000,0x0000000014720000)]
  0x0000000013cb3800 JavaThread "Java2D Disposer" daemon [_thread_blocked, id=6052, stack(0x0000000014520000,0x0000000014620000)]
  0x000000001159a000 JavaThread "Service Thread" daemon [_thread_blocked, id=6468, stack(0x0000000013990000,0x0000000013a90000)]
  0x0000000011597800 JavaThread "C2 CompilerThread1" daemon [_thread_blocked, id=7952, stack(0x0000000013890000,0x0000000013990000)]
  0x0000000011589000 JavaThread "C2 CompilerThread0" daemon [_thread_blocked, id=5816, stack(0x0000000013790000,0x0000000013890000)]
  0x0000000011587800 JavaThread "Attach Listener" daemon [_thread_blocked, id=5316, stack(0x0000000013690000,0x0000000013790000)]
  0x000000001157b000 JavaThread "Signal Dispatcher" daemon [_thread_blocked, id=6088, stack(0x0000000013590000,0x0000000013690000)]
  0x000000001151e800 JavaThread "Finalizer" daemon [_thread_blocked, id=5660, stack(0x0000000013490000,0x0000000013590000)]
  0x0000000011517000 JavaThread "Reference Handler" daemon [_thread_blocked, id=600, stack(0x0000000013390000,0x0000000013490000)]

Other Threads:
  0x0000000011512000 VMThread [stack: 0x0000000013290000,0x0000000013390000] [id=2068]
  0x00000000115b6800 WatcherThread [stack: 0x0000000013a90000,0x0000000013b90000] [id=7716]

VM state:not at safepoint (normal execution)

VM Mutex/Monitor currently owned by a thread: None

Heap
 PSYoungGen      total 260480K, used 192143K [0x00000007aacb0000, 0x00000007bd110000, 0x0000000800000000)
  eden space 241536K, 71% used [0x00000007aacb0000,0x00000007b5636020,0x00000007b9890000)
  from space 18944K, 97% used [0x00000007bbe90000,0x00000007bd0adfc0,0x00000007bd110000)
  to   space 28928K, 0% used [0x00000007b9890000,0x00000007b9890000,0x00000007bb4d0000)
 ParOldGen       total 174528K, used 63917K [0x0000000700600000, 0x000000070b070000, 0x00000007aacb0000)
  object space 174528K, 36% used [0x0000000700600000,0x000000070446b570,0x000000070b070000)
 PSPermGen       total 21248K, used 17726K [0x00000006fb400000, 0x00000006fc8c0000, 0x0000000700600000)
  object space 21248K, 83% used [0x00000006fb400000,0x00000006fc54f870,0x00000006fc8c0000)

Card table byte_map: [0x0000000005b30000,0x0000000006360000] byte_map_base: 0x0000000002356000

Polling page: 0x00000000026a0000

Code Cache  [0x0000000002a70000, 0x0000000002ce0000, 0x0000000005a70000)
 total_blobs=855 nmethods=267 adapters=539 free_code_cache=47783Kb largest_free_block=48893824

Compilation events (10 events):
Event: 9.367 Thread 0x0000000011589000  269             java.util.Hashtable$Enumerator::hasMoreElements (53 bytes)
Event: 9.368 Thread 0x0000000011597800  270  s          java.util.Vector::size (5 bytes)
Event: 9.368 Thread 0x0000000011597800 nmethod 270 0x0000000002ba2310 code [0x0000000002ba2440, 0x0000000002ba2658]
Event: 9.369 Thread 0x0000000011589000 nmethod 269 0x0000000002ba1f90 code [0x0000000002ba20c0, 0x0000000002ba2238]
Event: 9.373 Thread 0x0000000011597800  271             javax.swing.text.StyleContext$SmallAttributeSet::getLocalAttribute (49 bytes)
Event: 9.376 Thread 0x0000000011597800 nmethod 271 0x0000000002bc8710 code [0x0000000002bc8860, 0x0000000002bc8b18]
Event: 9.873 Thread 0x0000000011589000  272             java.util.LinkedList$ListItr::hasPrevious (13 bytes)
Event: 9.873 Thread 0x0000000011589000 nmethod 272 0x0000000002bc8510 code [0x0000000002bc8640, 0x0000000002bc86b8]
Event: 11.672 Thread 0x0000000011597800  273             java.util.HashMap::addEntry (69 bytes)
Event: 11.674 Thread 0x0000000011597800 nmethod 273 0x0000000002bc7fd0 code [0x0000000002bc8140, 0x0000000002bc82b8]

GC Heap History (10 events):
Event: 5.776 GC heap before
{Heap before GC invocations=4 (full 0):
 PSYoungGen      total 76352K, used 72916K [0x00000007aacb0000, 0x00000007b41d0000, 0x0000000800000000)
  eden space 65472K, 94% used [0x00000007aacb0000,0x00000007ae949d98,0x00000007aeca0000)
  from space 10880K, 99% used [0x00000007aeca0000,0x00000007af73b4c0,0x00000007af740000)
  to   space 10880K, 0% used [0x00000007b3730000,0x00000007b3730000,0x00000007b41d0000)
 ParOldGen       total 174528K, used 34837K [0x0000000700600000, 0x000000070b070000, 0x00000007aacb0000)
  object space 174528K, 19% used [0x0000000700600000,0x0000000702805558,0x000000070b070000)
 PSPermGen       total 21248K, used 17634K [0x00000006fb400000, 0x00000006fc8c0000, 0x0000000700600000)
  object space 21248K, 82% used [0x00000006fb400000,0x00000006fc5388d8,0x00000006fc8c0000)
Event: 5.783 GC heap after
Heap after GC invocations=4 (full 0):
 PSYoungGen      total 141824K, used 10870K [0x00000007aacb0000, 0x00000007b41d0000, 0x0000000800000000)
  eden space 130944K, 0% used [0x00000007aacb0000,0x00000007aacb0000,0x00000007b2c90000)
  from space 10880K, 99% used [0x00000007b3730000,0x00000007b41cd920,0x00000007b41d0000)
  to   space 10880K, 0% used [0x00000007b2c90000,0x00000007b2c90000,0x00000007b3730000)
 ParOldGen       total 174528K, used 47011K [0x0000000700600000, 0x000000070b070000, 0x00000007aacb0000)
  object space 174528K, 26% used [0x0000000700600000,0x00000007033e8d78,0x000000070b070000)
 PSPermGen       total 21248K, used 17634K [0x00000006fb400000, 0x00000006fc8c0000, 0x0000000700600000)
  object space 21248K, 82% used [0x00000006fb400000,0x00000006fc5388d8,0x00000006fc8c0000)
}
Event: 6.775 GC heap before
{Heap before GC invocations=5 (full 0):
 PSYoungGen      total 141824K, used 140738K [0x00000007aacb0000, 0x00000007b41d0000, 0x0000000800000000)
  eden space 130944K, 99% used [0x00000007aacb0000,0x00000007b2b831d8,0x00000007b2c90000)
  from space 10880K, 99% used [0x00000007b3730000,0x00000007b41cd920,0x00000007b41d0000)
  to   space 10880K, 0% used [0x00000007b2c90000,0x00000007b2c90000,0x00000007b3730000)
 ParOldGen       total 174528K, used 47011K [0x0000000700600000, 0x000000070b070000, 0x00000007aacb0000)
  object space 174528K, 26% used [0x0000000700600000,0x00000007033e8d78,0x000000070b070000)
 PSPermGen       total 21248K, used 17644K [0x00000006fb400000, 0x00000006fc8c0000, 0x0000000700600000)
  object space 21248K, 83% used [0x00000006fb400000,0x00000006fc53b0f8,0x00000006fc8c0000)
Event: 6.782 GC heap after
Heap after GC invocations=5 (full 0):
 PSYoungGen      total 141824K, used 10870K [0x00000007aacb0000, 0x00000007be6d0000, 0x0000000800000000)
  eden space 130944K, 0% used [0x00000007aacb0000,0x00000007aacb0000,0x00000007b2c90000)
  from space 10880K, 99% used [0x00000007b2c90000,0x00000007b372d940,0x00000007b3730000)
  to   space 29888K, 0% used [0x00000007bc9a0000,0x00000007bc9a0000,0x00000007be6d0000)
 ParOldGen       total 174528K, used 59177K [0x0000000700600000, 0x000000070b070000, 0x00000007aacb0000)
  object space 174528K, 33% used [0x0000000700600000,0x0000000703fca598,0x000000070b070000)
 PSPermGen       total 21248K, used 17644K [0x00000006fb400000, 0x00000006fc8c0000, 0x0000000700600000)
  object space 21248K, 83% used [0x00000006fb400000,0x00000006fc53b0f8,0x00000006fc8c0000)
}
Event: 7.688 GC heap before
{Heap before GC invocations=6 (full 0):
 PSYoungGen      total 141824K, used 139952K [0x00000007aacb0000, 0x00000007be6d0000, 0x0000000800000000)
  eden space 130944K, 98% used [0x00000007aacb0000,0x00000007b2abe7b0,0x00000007b2c90000)
  from space 10880K, 99% used [0x00000007b2c90000,0x00000007b372d940,0x00000007b3730000)
  to   space 29888K, 0% used [0x00000007bc9a0000,0x00000007bc9a0000,0x00000007be6d0000)
 ParOldGen       total 174528K, used 59177K [0x0000000700600000, 0x000000070b070000, 0x00000007aacb0000)
  object space 174528K, 33% used [0x0000000700600000,0x0000000703fca598,0x000000070b070000)
 PSPermGen       total 21248K, used 17646K [0x00000006fb400000, 0x00000006fc8c0000, 0x0000000700600000)
  object space 21248K, 83% used [0x00000006fb400000,0x00000006fc53bb00,0x00000006fc8c0000)
Event: 7.695 GC heap after
Heap after GC invocations=6 (full 0):
 PSYoungGen      total 289856K, used 23084K [0x00000007aacb0000, 0x00000007be4f0000, 0x0000000800000000)
  eden space 261888K, 0% used [0x00000007aacb0000,0x00000007aacb0000,0x00000007bac70000)
  from space 27968K, 82% used [0x00000007bc9a0000,0x00000007be02b140,0x00000007be4f0000)
  to   space 28928K, 0% used [0x00000007bac70000,0x00000007bac70000,0x00000007bc8b0000)
 ParOldGen       total 174528K, used 59177K [0x0000000700600000, 0x000000070b070000, 0x00000007aacb0000)
  object space 174528K, 33% used [0x0000000700600000,0x0000000703fca598,0x000000070b070000)
 PSPermGen       total 21248K, used 17646K [0x00000006fb400000, 0x00000006fc8c0000, 0x0000000700600000)
  object space 21248K, 83% used [0x00000006fb400000,0x00000006fc53bb00,0x00000006fc8c0000)
}
Event: 9.504 GC heap before
{Heap before GC invocations=7 (full 0):
 PSYoungGen      total 289856K, used 280542K [0x00000007aacb0000, 0x00000007be4f0000, 0x0000000800000000)
  eden space 261888K, 98% used [0x00000007aacb0000,0x00000007ba81c8f8,0x00000007bac70000)
  from space 27968K, 82% used [0x00000007bc9a0000,0x00000007be02b140,0x00000007be4f0000)
  to   space 28928K, 0% used [0x00000007bac70000,0x00000007bac70000,0x00000007bc8b0000)
 ParOldGen       total 174528K, used 59177K [0x0000000700600000, 0x000000070b070000, 0x00000007aacb0000)
  object space 174528K, 33% used [0x0000000700600000,0x0000000703fca598,0x000000070b070000)
 PSPermGen       total 21248K, used 17699K [0x00000006fb400000, 0x00000006fc8c0000, 0x0000000700600000)
  object space 21248K, 83% used [0x00000006fb400000,0x00000006fc548cd0,0x00000006fc8c0000)
Event: 9.512 GC heap after
Heap after GC invocations=7 (full 0):
 PSYoungGen      total 270016K, used 18513K [0x00000007aacb0000, 0x00000007bdae0000, 0x0000000800000000)
  eden space 251456K, 0% used [0x00000007aacb0000,0x00000007aacb0000,0x00000007ba240000)
  from space 18560K, 99% used [0x00000007bac70000,0x00000007bbe84430,0x00000007bbe90000)
  to   space 28992K, 0% used [0x00000007bbe90000,0x00000007bbe90000,0x00000007bdae0000)
 ParOldGen       total 174528K, used 63861K [0x0000000700600000, 0x000000070b070000, 0x00000007aacb0000)
  object space 174528K, 36% used [0x0000000700600000,0x000000070445d570,0x000000070b070000)
 PSPermGen       total 21248K, used 17699K [0x00000006fb400000, 0x00000006fc8c0000, 0x0000000700600000)
  object space 21248K, 83% used [0x00000006fb400000,0x00000006fc548cd0,0x00000006fc8c0000)
}
Event: 11.223 GC heap before
{Heap before GC invocations=8 (full 0):
 PSYoungGen      total 270016K, used 263980K [0x00000007aacb0000, 0x00000007bdae0000, 0x0000000800000000)
  eden space 251456K, 97% used [0x00000007aacb0000,0x00000007b9c66e90,0x00000007ba240000)
  from space 18560K, 99% used [0x00000007bac70000,0x00000007bbe84430,0x00000007bbe90000)
  to   space 28992K, 0% used [0x00000007bbe90000,0x00000007bbe90000,0x00000007bdae0000)
 ParOldGen       total 174528K, used 63861K [0x0000000700600000, 0x000000070b070000, 0x00000007aacb0000)
  object space 174528K, 36% used [0x0000000700600000,0x000000070445d570,0x000000070b070000)
 PSPermGen       total 21248K, used 17702K [0x00000006fb400000, 0x00000006fc8c0000, 0x0000000700600000)
  object space 21248K, 83% used [0x00000006fb400000,0x00000006fc549828,0x00000006fc8c0000)
Event: 11.228 GC heap after
Heap after GC invocations=8 (full 0):
 PSYoungGen      total 260480K, used 18551K [0x00000007aacb0000, 0x00000007bd110000, 0x0000000800000000)
  eden space 241536K, 0% used [0x00000007aacb0000,0x00000007aacb0000,0x00000007b9890000)
  from space 18944K, 97% used [0x00000007bbe90000,0x00000007bd0adfc0,0x00000007bd110000)
  to   space 28928K, 0% used [0x00000007b9890000,0x00000007b9890000,0x00000007bb4d0000)
 ParOldGen       total 174528K, used 63917K [0x0000000700600000, 0x000000070b070000, 0x00000007aacb0000)
  object space 174528K, 36% used [0x0000000700600000,0x000000070446b570,0x000000070b070000)
 PSPermGen       total 21248K, used 17702K [0x00000006fb400000, 0x00000006fc8c0000, 0x0000000700600000)
  object space 21248K, 83% used [0x00000006fb400000,0x00000006fc549828,0x00000006fc8c0000)
}

Deoptimization events (10 events):
Event: 1.113 Thread 0x000000000296e000 Uncommon trap -58 fr.pc 0x0000000002b27b74
Event: 1.113 Thread 0x000000000296e000 Uncommon trap -58 fr.pc 0x0000000002b27b74
Event: 1.113 Thread 0x000000000296e000 Uncommon trap -58 fr.pc 0x0000000002b27b74
Event: 3.768 Thread 0x0000000013e95000 Uncommon trap -83 fr.pc 0x0000000002b19684
Event: 3.811 Thread 0x0000000018ec3000 Uncommon trap -83 fr.pc 0x0000000002b19274
Event: 3.856 Thread 0x0000000018ec3000 Uncommon trap -83 fr.pc 0x0000000002b18ec4
Event: 3.871 Thread 0x0000000018ec3000 Uncommon trap -83 fr.pc 0x0000000002b7ab68
Event: 3.917 Thread 0x0000000018ec3000 Uncommon trap -83 fr.pc 0x0000000002b80ed0
Event: 3.944 Thread 0x0000000018ec3000 Uncommon trap -83 fr.pc 0x0000000002b3d0d8
Event: 4.110 Thread 0x000000001a0a4000 Uncommon trap -83 fr.pc 0x0000000002b943fc

Internal exceptions (10 events):
Event: 3.954 Thread 0x0000000018ec3000 Threw 0x00000007ae22a000 at C:\jdk7u1_64p\jdk7u7\hotspot\src\share\vm\prims\jvm.cpp:1166
Event: 3.987 Thread 0x0000000018ec3000 Threw 0x00000007ae361678 at C:\jdk7u1_64p\jdk7u7\hotspot\src\share\vm\prims\jvm.cpp:1166
Event: 3.987 Thread 0x0000000018ec3000 Threw 0x00000007ae364448 at C:\jdk7u1_64p\jdk7u7\hotspot\src\share\vm\prims\jvm.cpp:1166
Event: 3.989 Thread 0x0000000018ec3000 Threw 0x00000007ae3748b0 at C:\jdk7u1_64p\jdk7u7\hotspot\src\share\vm\prims\jvm.cpp:1166
Event: 3.989 Thread 0x0000000018ec3000 Threw 0x00000007ae377680 at C:\jdk7u1_64p\jdk7u7\hotspot\src\share\vm\prims\jvm.cpp:1166
Event: 3.990 Thread 0x0000000018ec3000 Threw 0x00000007ae37a830 at C:\jdk7u1_64p\jdk7u7\hotspot\src\share\vm\prims\jvm.cpp:1166
Event: 3.990 Thread 0x0000000018ec3000 Threw 0x00000007ae37d600 at C:\jdk7u1_64p\jdk7u7\hotspot\src\share\vm\prims\jvm.cpp:1166
Event: 4.103 Thread 0x000000001a0a4000 Threw 0x00000007ae8f1f10 at C:\jdk7u1_64p\jdk7u7\hotspot\src\share\vm\prims\jvm.cpp:1166
Event: 4.107 Thread 0x000000001a0a4000 Threw 0x00000007ae9027a0 at C:\jdk7u1_64p\jdk7u7\hotspot\src\share\vm\prims\jvm.cpp:1166
Event: 4.308 Thread 0x000000001a0a4000 Threw 0x00000007abf9ae00 at C:\jdk7u1_64p\jdk7u7\hotspot\src\share\vm\prims\jvm.cpp:1166

Events (10 events):
Event: 11.223 Executing VM operation: ParallelGCFailedAllocation
Event: 11.228 Executing VM operation: ParallelGCFailedAllocation done
Event: 11.228 Executing VM operation: RevokeBias
Event: 11.229 Executing VM operation: RevokeBias done
Event: 11.229 Executing VM operation: RevokeBias
Event: 11.229 Executing VM operation: RevokeBias done
Event: 11.229 Executing VM operation: RevokeBias
Event: 11.229 Executing VM operation: RevokeBias done
Event: 11.229 Executing VM operation: RevokeBias
Event: 11.229 Executing VM operation: RevokeBias done


Dynamic libraries:
0x000007f617cb0000 - 0x000007f617ce4000 	F:\Program Files\Java\Jre7\bin\javaw.exe
0x000007fe83490000 - 0x000007fe8364e000 	C:\WINDOWS\SYSTEM32\ntdll.dll
0x000007fe83350000 - 0x000007fe83486000 	C:\WINDOWS\system32\KERNEL32.DLL
0x000007fe80580000 - 0x000007fe80673000 	C:\WINDOWS\system32\KERNELBASE.dll
0x000007fe82eb0000 - 0x000007fe82f8e000 	C:\WINDOWS\system32\ADVAPI32.dll
0x000007fe80a10000 - 0x000007fe80b5c000 	C:\WINDOWS\system32\USER32.dll
0x000007fe7db90000 - 0x000007fe7ddf9000 	C:\WINDOWS\WinSxS\amd64_microsoft.windows.common-controls_6595b64144ccf1df_6.0.9200.16384_none_418c2a697189c07f\COMCTL32.dll
0x000007fe82890000 - 0x000007fe82935000 	C:\WINDOWS\system32\msvcrt.dll
0x000007fe82840000 - 0x000007fe82888000 	C:\WINDOWS\SYSTEM32\sechost.dll
0x000007fe82970000 - 0x000007fe82ab0000 	C:\WINDOWS\system32\RPCRT4.dll
0x000007fe82ab0000 - 0x000007fe82bf0000 	C:\WINDOWS\system32\GDI32.dll
0x000007fe80b60000 - 0x000007fe80b99000 	C:\WINDOWS\system32\IMM32.DLL
0x000007fe82720000 - 0x000007fe82835000 	C:\WINDOWS\system32\MSCTF.dll
0x000007fe80380000 - 0x000007fe80388000 	C:\PROGRA~2\NVIDIA~1\3DVISI~1\NVSTIN~1.DLL
0x000007fe82940000 - 0x000007fe82947000 	C:\WINDOWS\system32\PSAPI.DLL
0x000000006acd0000 - 0x000000006ad73000 	C:\WINDOWS\WinSxS\amd64_microsoft.vc90.crt_1fc8b3b9a1e18e3b_9.0.30729.6871_none_08e717a5a83adddf\MSVCR90.dll
0x0000000069bb0000 - 0x0000000069c81000 	F:\Program Files\Java\Jre7\bin\msvcr100.dll
0x0000000068a20000 - 0x000000006913f000 	F:\Program Files\Java\Jre7\bin\server\jvm.dll
0x000007fe78b00000 - 0x000007fe78b09000 	C:\WINDOWS\SYSTEM32\WSOCK32.dll
0x000007fe7de20000 - 0x000007fe7de40000 	C:\WINDOWS\SYSTEM32\WINMM.dll
0x000007fe826a0000 - 0x000007fe826f8000 	C:\WINDOWS\system32\WS2_32.dll
0x000007fe7d3c0000 - 0x000007fe7d3f2000 	C:\WINDOWS\SYSTEM32\WINMMBASE.dll
0x000007fe82700000 - 0x000007fe82709000 	C:\WINDOWS\system32\NSI.dll
0x0000000069ba0000 - 0x0000000069baf000 	F:\Program Files\Java\Jre7\bin\verify.dll
0x0000000069b70000 - 0x0000000069b98000 	F:\Program Files\Java\Jre7\bin\java.dll
0x0000000069b50000 - 0x0000000069b65000 	F:\Program Files\Java\Jre7\bin\zip.dll
0x0000000068880000 - 0x0000000068a13000 	F:\Program Files\Java\Jre7\bin\awt.dll
0x000007fe808e0000 - 0x000007fe809a3000 	C:\WINDOWS\system32\OLEAUT32.dll
0x000007fe80ba0000 - 0x000007fe80d50000 	C:\WINDOWS\system32\combase.dll
0x000007fe7a5b0000 - 0x000007fe7a64f000 	C:\WINDOWS\system32\apphelp.dll
0x000007fe7e2c0000 - 0x000007fe7e2e1000 	C:\WINDOWS\system32\DWMAPI.DLL
0x000007fe7f180000 - 0x000007fe7f263000 	C:\WINDOWS\system32\uxtheme.dll
0x000007fe7a660000 - 0x000007fe7a6f5000 	C:\Program Files\Common Files\microsoft shared\ink\tiptsf.dll
0x000007fe80eb0000 - 0x000007fe8102e000 	C:\WINDOWS\system32\ole32.dll
0x000007fe801d0000 - 0x000007fe801da000 	C:\WINDOWS\SYSTEM32\CRYPTBASE.dll
0x000007fe80170000 - 0x000007fe801cc000 	C:\WINDOWS\SYSTEM32\bcryptPrimitives.dll
0x000007fe6ef80000 - 0x000007fe6f180000 	C:\WINDOWS\system32\d3d9.dll
0x000007fe7e110000 - 0x000007fe7e119000 	C:\WINDOWS\SYSTEM32\VERSION.dll
0x000007fe5c060000 - 0x000007fe5d1e0000 	C:\WINDOWS\SYSTEM32\nvd3dumx.dll
0x000007fe80270000 - 0x000007fe802b3000 	C:\WINDOWS\SYSTEM32\powrprof.dll
0x0000000180000000 - 0x0000000180116000 	C:\Program Files (x86)\NVIDIA Corporation\3D Vision\nvSCPAPI64.dll
0x000007fe82f90000 - 0x000007fe83160000 	C:\WINDOWS\system32\SETUPAPI.dll
0x000007fe7dab0000 - 0x000007fe7db24000 	C:\WINDOWS\SYSTEM32\dxgi.dll
0x000007fe81050000 - 0x000007fe82338000 	C:\WINDOWS\system32\SHELL32.dll
0x000007fe80680000 - 0x000007fe806cf000 	C:\WINDOWS\system32\CFGMGR32.dll
0x000007fe808b0000 - 0x000007fe808d2000 	C:\WINDOWS\system32\DEVOBJ.dll
0x000007fe83300000 - 0x000007fe83350000 	C:\WINDOWS\system32\SHLWAPI.dll
0x000007fe7ceb0000 - 0x000007fe7d172000 	C:\WINDOWS\SYSTEM32\nvapi64.dll
0x000007fe80520000 - 0x000007fe80575000 	C:\WINDOWS\system32\WINTRUST.dll
0x000007fe806d0000 - 0x000007fe808a7000 	C:\WINDOWS\system32\CRYPT32.dll
0x000007fe80450000 - 0x000007fe80466000 	C:\WINDOWS\system32\MSASN1.dll
0x000007fe7d400000 - 0x000007fe7d41f000 	C:\WINDOWS\SYSTEM32\DXGIDebug.dll
0x000007fe7f550000 - 0x000007fe7f5e6000 	C:\WINDOWS\SYSTEM32\shcore.dll
0x0000000068840000 - 0x0000000068874000 	F:\Program Files\Java\Jre7\bin\fontmanager.dll
0x0000000069b30000 - 0x0000000069b49000 	F:\Program Files\Java\Jre7\bin\net.dll
0x000007fe7fbe0000 - 0x000007fe7fc3c000 	C:\WINDOWS\system32\mswsock.dll
0x0000000069b10000 - 0x0000000069b21000 	F:\Program Files\Java\Jre7\bin\nio.dll
0x00000000687f0000 - 0x0000000068831000 	F:\Program Files\Java\Jre7\bin\t2k.dll
0x000007fe82bf0000 - 0x000007fe82c86000 	C:\WINDOWS\SYSTEM32\clbcatq.dll
0x000007fe7df80000 - 0x000007fe7e10a000 	C:\WINDOWS\SYSTEM32\WindowsCodecs.dll
0x000007fe803a0000 - 0x000007fe803b5000 	C:\WINDOWS\SYSTEM32\profapi.dll
0x0000000069ed0000 - 0x0000000069f68000 	C:\Windows\System32\msvcp100.dll
0x000007fe68d70000 - 0x000007fe68fc8000 	C:\opencv\build\x64\vc10\bin\opencv_core243.dll
0x000007fe6cc80000 - 0x000007fe6cd15000 	C:\Users\Jonas\AppData\Local\Temp\javacpp110433463416384\jniopencv_core.dll
0x000007fe68ac0000 - 0x000007fe68d65000 	C:\opencv\build\x64\vc10\bin\opencv_imgproc243.dll
0x000007fe77610000 - 0x000007fe77658000 	C:\Users\Jonas\AppData\Local\Temp\javacpp110433463416384\jniopencv_imgproc.dll
0x0000000066840000 - 0x00000000675ca000 	C:\opencv\build\x64\vc10\bin\opencv_ffmpeg243_64.dll
0x000007fe68870000 - 0x000007fe68abb000 	C:\opencv\build\x64\vc10\bin\opencv_highgui243.dll
0x000007fe77d30000 - 0x000007fe77d50000 	C:\WINDOWS\SYSTEM32\AVIFIL32.dll
0x000007fe774e0000 - 0x000007fe77509000 	C:\WINDOWS\SYSTEM32\MSVFW32.dll
0x000007fe77cb0000 - 0x000007fe77cc7000 	C:\WINDOWS\SYSTEM32\AVICAP32.dll
0x000007fe677e0000 - 0x000007fe677f9000 	C:\WINDOWS\SYSTEM32\MSACM32.dll
0x000007fe775f0000 - 0x000007fe77603000 	C:\Users\Jonas\AppData\Local\Temp\javacpp110433463416384\jniopencv_highgui.dll
0x000007fe70290000 - 0x000007fe702a7000 	C:\Windows\System32\devenum.dll
0x000007fe796e0000 - 0x000007fe7970e000 	C:\WINDOWS\SYSTEM32\ntmarta.dll
0x000007fe7a500000 - 0x000007fe7a50d000 	C:\WINDOWS\SYSTEM32\msdmo.dll
0x000007fe70260000 - 0x000007fe7028f000 	C:\Windows\System32\qcap.dll
0x000007fe69ef0000 - 0x000007fe6a0a8000 	C:\Windows\System32\quartz.dll
0x000007fe70200000 - 0x000007fe7023f000 	C:\Windows\System32\ksproxy.ax
0x000007fe6d940000 - 0x000007fe6d947000 	C:\Windows\System32\ksuser.dll
0x000007fe794c0000 - 0x000007fe794cc000 	C:\Windows\System32\vidcap.ax
0x000007fe6e9b0000 - 0x000007fe6e9d4000 	C:\Windows\System32\kswdmcap.ax
0x000007fe6bb50000 - 0x000007fe6bca4000 	C:\Windows\System32\MFC42.dll
0x000007fe6e770000 - 0x000007fe6e82e000 	C:\Windows\System32\ODBC32.dll
0x000007fe6cbe0000 - 0x000007fe6cc75000 	C:\Windows\System32\qedit.dll
0x000007fe823b0000 - 0x000007fe82451000 	C:\WINDOWS\system32\COMDLG32.dll
0x000007fe83160000 - 0x000007fe83300000 	C:\WINDOWS\WinSxS\amd64_microsoft.windows.gdiplus_6595b64144ccf1df_1.1.9200.16384_none_72771d4ecc1c3a4d\gdiplus.dll
0x000007fe67cd0000 - 0x000007fe67dba000 	C:\WINDOWS\SYSTEM32\DDRAW.dll
0x000007fe7d1b0000 - 0x000007fe7d1b8000 	C:\WINDOWS\SYSTEM32\DCIMAN32.dll
0x000007fe7d2d0000 - 0x000007fe7d339000 	C:\WINDOWS\SYSTEM32\oleacc.dll
0x00000000687c0000 - 0x00000000687ea000 	F:\Program Files\Java\Jre7\bin\dcpr.dll
0x000007fe6c260000 - 0x000007fe6c3c3000 	C:\WINDOWS\SYSTEM32\dbghelp.dll

VM Arguments:
jvm_args: -Dfile.encoding=Cp1252 
java_command: emcscanner.kth.se.Program
Launcher Type: SUN_STANDARD

Environment Variables:
PATH=C:\Program Files (x86)\NVIDIA Corporation\PhysX\Common;C:\WINDOWS\system32;C:\WINDOWS;C:\WINDOWS\System32\Wbem;C:\WINDOWS\System32\WindowsPowerShell\v1.0\;C:\Program Files (x86)\Microsoft SQL Server\90\Tools\binn\;C:\Program Files (x86)\Autodesk\Backburner\;F:\Program Files\MATLAB\R2012a\runtime\win64;F:\Program Files\MATLAB\R2012a\bin;C:\Program Files\Internet Explorer;C:\Program Files\Perforce;F:\Program Files\Perforce;C:\Program Files\Microsoft\Web Platform Installer\;C:\Program Files (x86)\Microsoft ASP.NET\ASP.NET Web Pages\v1.0\;C:\Program Files (x86)\Windows Kits\8.0\Windows Performance Toolkit\;C:\Program Files\Microsoft SQL Server\110\Tools\Binn\;F:\Program Files\Perforce\Server
USERNAME=Jonas
OS=Windows_NT
PROCESSOR_IDENTIFIER=Intel64 Family 6 Model 42 Stepping 7, GenuineIntel



---------------  S Y S T E M  ---------------

OS: Windows 8 , 64 bit Build 9200 

CPU:total 8 (4 cores per cpu, 2 threads per core) family 6 model 42 stepping 7, cmov, cx8, fxsr, mmx, sse, sse2, sse3, ssse3, sse4.1, sse4.2, popcnt, avx, ht, tsc, tscinvbit

Memory: 4k page, physical 16751668k(11441584k free), swap 33528884k(26788036k free)

vm_info: Java HotSpot(TM) 64-Bit Server VM (23.3-b01) for windows-amd64 JRE (1.7.0_07-b11), built on Sep  7 2012 01:19:25 by "java_re" with unknown MS VC++:1600

time: Wed Jan 23 03:15:07 2013
elapsed time: 13 seconds

