#
# A fatal error has been detected by the Java Runtime Environment:
#
#  EXCEPTION_ACCESS_VIOLATION (0xc0000005) at pc=0x0000000066bbd4b1, pid=6488, tid=68
#
# JRE version: 7.0_07-b11
# Java VM: Java HotSpot(TM) 64-Bit Server VM (23.3-b01 mixed mode windows-amd64 compressed oops)
# Problematic frame:
# C  [opencv_ffmpeg243_64.dll+0x37d4b1]  read_InputMediaStream_FFMPEG+0x3797f1
#
# Failed to write core dump. Minidumps are not enabled by default on client versions of Windows
#
# If you would like to submit a bug report, please visit:
#   http://bugreport.sun.com/bugreport/crash.jsp
# The crash happened outside the Java Virtual Machine in native code.
# See problematic frame for where to report the bug.
#

---------------  T H R E A D  ---------------

Current thread (0x0000000014623000):  JavaThread "Thread-4" daemon [_thread_in_native, id=68, stack(0x000000001ca20000,0x000000001cb20000)]

siginfo: ExceptionCode=0xc0000005, reading address 0xffffffffffffffff

Registers:
RAX=0x2828282828282828, RBX=0x0000000020650f40, RCX=0x0000000020650f40, RDX=0x00000000206791e0
RSP=0x000000001cb1f340, RBP=0x00000000244c0560, RSI=0x000000002439f030, RDI=0x00000000206791e0
R8 =0x000000001cb1f4dc, R9 =0x0000000000000d61, R10=0x000000001601f770, R11=0x0000000000000000
R12=0x000000001cb1f410, R13=0x0000000000000007, R14=0x000000001601b290, R15=0x00000000206791e0
RIP=0x0000000066bbd4b1, EFLAGS=0x0000000000010246

Top of Stack: (sp=0x000000001cb1f340)
0x000000001cb1f340:   00000006fb9f3c28 0000000000000000
0x000000001cb1f350:   000000001d0fd0a0 0000000000000273
0x000000001cb1f360:   00000000000b3700 2828282828282828
0x000000001cb1f370:   00000000002cfea6 0000000020777db0
0x000000001cb1f380:   0000000000000190 0000000000000190
0x000000001cb1f390:   000000001601f770 0000000000000d61
0x000000001cb1f3a0:   0000000600000000 0000000020650f40
0x000000001cb1f3b0:   0000000020777f60 00000000206791e0
0x000000001cb1f3c0:   000000001cb1f410 000000001cb1f4dc
0x000000001cb1f3d0:   0000000000000000 00000000ffffffff
0x000000001cb1f3e0:   0000000014623000 00000000668f8fd1
0x000000001cb1f3f0:   0000000020777f60 8000000000000000
0x000000001cb1f400:   000000001cb1f4dc 0000000000000000
0x000000001cb1f410:   0000000000000190 0000000000000190
0x000000001cb1f420:   000000001601f770 0000000000000d61
0x000000001cb1f430:   0000000600000000 0000000000000000 

Instructions: (pc=0x0000000066bbd4b1)
0x0000000066bbd491:   00 e8 21 37 2b 00 8b 83 b8 01 00 00 89 86 b8 01
0x0000000066bbd4a1:   00 00 48 8b 45 00 45 8b 4c 24 18 48 89 44 24 28
0x0000000066bbd4b1:   48 8b 40 08 45 85 c9 48 89 44 24 30 48 8b 85 98
0x0000000066bbd4c1:   00 00 00 48 8b 90 90 00 00 00 48 8b 85 b0 00 00 


Register to memory mapping:

RAX=0x2828282828282828 is an unknown value
RBX=0x0000000020650f40 is an unknown value
RCX=0x0000000020650f40 is an unknown value
RDX=0x00000000206791e0 is an unknown value
RSP=0x000000001cb1f340 is pointing into the stack for thread: 0x0000000014623000
RBP=0x00000000244c0560 is an unknown value
RSI=0x000000002439f030 is an unknown value
RDI=0x00000000206791e0 is an unknown value
R8 =0x000000001cb1f4dc is pointing into the stack for thread: 0x0000000014623000
R9 =0x0000000000000d61 is an unknown value
R10=0x000000001601f770 is an unknown value
R11=0x0000000000000000 is an unknown value
R12=0x000000001cb1f410 is pointing into the stack for thread: 0x0000000014623000
R13=0x0000000000000007 is an unknown value
R14=0x000000001601b290 is an unknown value
R15=0x00000000206791e0 is an unknown value


Stack: [0x000000001ca20000,0x000000001cb20000],  sp=0x000000001cb1f340,  free space=1020k
Native frames: (J=compiled Java code, j=interpreted, Vv=VM code, C=native code)
C  [opencv_ffmpeg243_64.dll+0x37d4b1]  read_InputMediaStream_FFMPEG+0x3797f1

Java frames: (J=compiled Java code, j=interpreted, Vv=VM code)
j  com.googlecode.javacv.cpp.opencv_highgui.cvGrabFrame(Lcom/googlecode/javacv/cpp/opencv_highgui$CvCapture;)I+0
j  com.googlecode.javacv.OpenCVFrameGrabber.grab()Lcom/googlecode/javacv/cpp/opencv_core$IplImage;+33
j  emcscanner.kth.se.FrameGrabberThread.run()V+93
v  ~StubRoutines::call_stub

---------------  P R O C E S S  ---------------

Java Threads: ( => current thread )
  0x0000000014627800 JavaThread "ICEpdf-pagePainter" daemon [_thread_blocked, id=4280, stack(0x00000000293e0000,0x00000000294e0000)]
  0x000000001462a800 JavaThread "ICEpdf-pageInitializer" daemon [_thread_blocked, id=8340, stack(0x00000000291b0000,0x00000000292b0000)]
  0x000000001462c000 JavaThread "DestroyJavaVM" [_thread_blocked, id=4496, stack(0x0000000001e80000,0x0000000001f80000)]
  0x0000000020921800 JavaThread "D3D Screen Updater" daemon [_thread_in_native, id=1680, stack(0x00000000232e0000,0x00000000233e0000)]
  0x000000001448d000 JavaThread "TimerQueue" daemon [_thread_blocked, id=8744, stack(0x0000000021860000,0x0000000021960000)]
  0x00000000146bd000 JavaThread "threadDisplayDensity" daemon [_thread_blocked, id=6628, stack(0x000000001cc20000,0x000000001cd20000)]
  0x0000000014623800 JavaThread "AWT-EventQueue-0" [_thread_blocked, id=9484, stack(0x000000001cb20000,0x000000001cc20000)]
=>0x0000000014623000 JavaThread "Thread-4" daemon [_thread_in_native, id=68, stack(0x000000001ca20000,0x000000001cb20000)]
  0x00000000145fc800 JavaThread "Thread-3" daemon [_thread_in_native, id=8972, stack(0x000000001c920000,0x000000001ca20000)]
  0x0000000014290000 JavaThread "AWT-Shutdown" [_thread_blocked, id=5148, stack(0x000000001a290000,0x000000001a390000)]
  0x00000000132b6800 JavaThread "threadDisplayCamera" daemon [_thread_in_Java, id=9380, stack(0x000000001a190000,0x000000001a290000)]
  0x00000000132b7000 JavaThread "AWT-Windows" daemon [_thread_in_native, id=4304, stack(0x0000000013b90000,0x0000000013c90000)]
  0x0000000013199800 JavaThread "Java2D Disposer" daemon [_thread_blocked, id=10108, stack(0x0000000013990000,0x0000000013a90000)]
  0x0000000010ba8800 JavaThread "Service Thread" daemon [_thread_blocked, id=8480, stack(0x0000000012f90000,0x0000000013090000)]
  0x0000000010ba5800 JavaThread "C2 CompilerThread1" daemon [_thread_blocked, id=4164, stack(0x0000000012e90000,0x0000000012f90000)]
  0x0000000010b99800 JavaThread "C2 CompilerThread0" daemon [_thread_blocked, id=9036, stack(0x0000000012d90000,0x0000000012e90000)]
  0x0000000010b98800 JavaThread "Attach Listener" daemon [_thread_blocked, id=7476, stack(0x0000000012c90000,0x0000000012d90000)]
  0x0000000010b8c000 JavaThread "Signal Dispatcher" daemon [_thread_blocked, id=10128, stack(0x0000000012b90000,0x0000000012c90000)]
  0x0000000010b2f800 JavaThread "Finalizer" daemon [_thread_blocked, id=8988, stack(0x0000000012a90000,0x0000000012b90000)]
  0x0000000010b28800 JavaThread "Reference Handler" daemon [_thread_blocked, id=7808, stack(0x0000000012990000,0x0000000012a90000)]

Other Threads:
  0x0000000010b23800 VMThread [stack: 0x0000000012890000,0x0000000012990000] [id=5444]
  0x0000000010bbd000 WatcherThread [stack: 0x0000000013090000,0x0000000013190000] [id=8608]

VM state:not at safepoint (normal execution)

VM Mutex/Monitor currently owned by a thread: None

Heap
 PSYoungGen      total 975360K, used 418363K [0x00000007aacb0000, 0x0000000800000000, 0x0000000800000000)
  eden space 894080K, 41% used [0x00000007aacb0000,0x00000007c1b2d338,0x00000007e15d0000)
  from space 81280K, 53% used [0x00000007e15d0000,0x00000007e3fe1b38,0x00000007e6530000)
  to   space 78976K, 0% used [0x00000007fb2e0000,0x00000007fb2e0000,0x0000000800000000)
 ParOldGen       total 152192K, used 101735K [0x0000000700600000, 0x0000000709aa0000, 0x00000007aacb0000)
  object space 152192K, 66% used [0x0000000700600000,0x0000000706959dc8,0x0000000709aa0000)
 PSPermGen       total 36288K, used 18166K [0x00000006fb400000, 0x00000006fd770000, 0x0000000700600000)
  object space 36288K, 50% used [0x00000006fb400000,0x00000006fc5bda30,0x00000006fd770000)

Card table byte_map: [0x0000000005140000,0x0000000005970000] byte_map_base: 0x0000000001966000

Polling page: 0x0000000001ca0000

Code Cache  [0x0000000002080000, 0x00000000022f0000, 0x0000000005080000)
 total_blobs=870 nmethods=281 adapters=540 free_code_cache=47817Kb largest_free_block=48902720

Compilation events (10 events):
Event: 8.653 Thread 0x0000000010ba5800  287             java.awt.image.SampleModel::getNumBands (5 bytes)
Event: 8.654 Thread 0x0000000010ba5800 nmethod 287 0x00000000021db290 code [0x00000000021db3c0, 0x00000000021db418]
Event: 9.239 Thread 0x0000000010b99800  289  s          sun.java2d.loops.GraphicsPrimitiveMgr::locatePrim (96 bytes)
Event: 9.249 Thread 0x0000000010b99800 nmethod 289 0x00000000021711d0 code [0x00000000021713a0, 0x0000000002172128]
Event: 9.578 Thread 0x0000000010ba5800  290             java.awt.image.Raster::getNumDataElements (8 bytes)
Event: 9.579 Thread 0x0000000010ba5800 nmethod 290 0x0000000002195dd0 code [0x0000000002195f20, 0x0000000002195fb8]
Event: 9.993 Thread 0x0000000010b99800  291             java.awt.Component::getHeight (5 bytes)
Event: 9.993 Thread 0x0000000010b99800 nmethod 291 0x0000000002195bd0 code [0x0000000002195d00, 0x0000000002195d58]
Event: 9.993 Thread 0x0000000010b99800  292             java.awt.Component::getWidth (5 bytes)
Event: 9.993 Thread 0x0000000010b99800 nmethod 292 0x00000000021959d0 code [0x0000000002195b00, 0x0000000002195b58]

GC Heap History (10 events):
Event: 5.281 GC heap before
{Heap before GC invocations=6 (full 1):
 PSYoungGen      total 272768K, used 10873K [0x00000007aacb0000, 0x00000007d3050000, 0x0000000800000000)
  eden space 261888K, 0% used [0x00000007aacb0000,0x00000007aacb0000,0x00000007bac70000)
  from space 10880K, 99% used [0x00000007bac70000,0x00000007bb70e5b0,0x00000007bb710000)
  to   space 67648K, 0% used [0x00000007cee40000,0x00000007cee40000,0x00000007d3050000)
 ParOldGen       total 174528K, used 159570K [0x0000000700600000, 0x000000070b070000, 0x00000007aacb0000)
  object space 174528K, 91% used [0x0000000700600000,0x000000070a1d4818,0x000000070b070000)
 PSPermGen       total 21248K, used 18003K [0x00000006fb400000, 0x00000006fc8c0000, 0x0000000700600000)
  object space 21248K, 84% used [0x00000006fb400000,0x00000006fc594f68,0x00000006fc8c0000)
Event: 5.327 GC heap after
Heap after GC invocations=6 (full 1):
 PSYoungGen      total 272768K, used 0K [0x00000007aacb0000, 0x00000007d3050000, 0x0000000800000000)
  eden space 261888K, 0% used [0x00000007aacb0000,0x00000007aacb0000,0x00000007bac70000)
  from space 10880K, 0% used [0x00000007bac70000,0x00000007bac70000,0x00000007bb710000)
  to   space 67648K, 0% used [0x00000007cee40000,0x00000007cee40000,0x00000007d3050000)
 ParOldGen       total 152192K, used 20537K [0x0000000700600000, 0x0000000709aa0000, 0x00000007aacb0000)
  object space 152192K, 13% used [0x0000000700600000,0x0000000701a0e680,0x0000000709aa0000)
 PSPermGen       total 36288K, used 17997K [0x00000006fb400000, 0x00000006fd770000, 0x0000000700600000)
  object space 36288K, 49% used [0x00000006fb400000,0x00000006fc593560,0x00000006fd770000)
}
Event: 5.827 GC heap before
{Heap before GC invocations=7 (full 1):
 PSYoungGen      total 272768K, used 257269K [0x00000007aacb0000, 0x00000007d3050000, 0x0000000800000000)
  eden space 261888K, 98% used [0x00000007aacb0000,0x00000007ba7ed4b8,0x00000007bac70000)
  from space 10880K, 0% used [0x00000007bac70000,0x00000007bac70000,0x00000007bb710000)
  to   space 67648K, 0% used [0x00000007cee40000,0x00000007cee40000,0x00000007d3050000)
 ParOldGen       total 152192K, used 20537K [0x0000000700600000, 0x0000000709aa0000, 0x00000007aacb0000)
  object space 152192K, 13% used [0x0000000700600000,0x0000000701a0e680,0x0000000709aa0000)
 PSPermGen       total 36288K, used 18038K [0x00000006fb400000, 0x00000006fd770000, 0x0000000700600000)
  object space 36288K, 49% used [0x00000006fb400000,0x00000006fc59dac8,0x00000006fd770000)
Event: 5.860 GC heap after
Heap after GC invocations=7 (full 1):
 PSYoungGen      total 539776K, used 52570K [0x00000007aacb0000, 0x00000007d21a0000, 0x0000000800000000)
  eden space 487168K, 0% used [0x00000007aacb0000,0x00000007aacb0000,0x00000007c8870000)
  from space 52608K, 99% used [0x00000007cee40000,0x00000007d2196860,0x00000007d21a0000)
  to   space 69184K, 0% used [0x00000007c9a80000,0x00000007c9a80000,0x00000007cde10000)
 ParOldGen       total 152192K, used 20537K [0x0000000700600000, 0x0000000709aa0000, 0x00000007aacb0000)
  object space 152192K, 13% used [0x0000000700600000,0x0000000701a0e680,0x0000000709aa0000)
 PSPermGen       total 36288K, used 18038K [0x00000006fb400000, 0x00000006fd770000, 0x0000000700600000)
  object space 36288K, 49% used [0x00000006fb400000,0x00000006fc59dac8,0x00000006fd770000)
}
Event: 6.837 GC heap before
{Heap before GC invocations=8 (full 1):
 PSYoungGen      total 539776K, used 533769K [0x00000007aacb0000, 0x00000007d21a0000, 0x0000000800000000)
  eden space 487168K, 98% used [0x00000007aacb0000,0x00000007c829bba0,0x00000007c8870000)
  from space 52608K, 99% used [0x00000007cee40000,0x00000007d2196860,0x00000007d21a0000)
  to   space 69184K, 0% used [0x00000007c9a80000,0x00000007c9a80000,0x00000007cde10000)
 ParOldGen       total 152192K, used 20537K [0x0000000700600000, 0x0000000709aa0000, 0x00000007aacb0000)
  object space 152192K, 13% used [0x0000000700600000,0x0000000701a0e680,0x0000000709aa0000)
 PSPermGen       total 36288K, used 18040K [0x00000006fb400000, 0x00000006fd770000, 0x0000000700600000)
  object space 36288K, 49% used [0x00000006fb400000,0x00000006fc59e088,0x00000006fd770000)
Event: 6.876 GC heap after
Heap after GC invocations=8 (full 1):
 PSYoungGen      total 574848K, used 59774K [0x00000007aacb0000, 0x00000007eacf0000, 0x0000000800000000)
  eden space 505664K, 0% used [0x00000007aacb0000,0x00000007aacb0000,0x00000007c9a80000)
  from space 69184K, 86% used [0x00000007c9a80000,0x00000007cd4df820,0x00000007cde10000)
  to   space 73472K, 0% used [0x00000007e6530000,0x00000007e6530000,0x00000007eacf0000)
 ParOldGen       total 152192K, used 20537K [0x0000000700600000, 0x0000000709aa0000, 0x00000007aacb0000)
  object space 152192K, 13% used [0x0000000700600000,0x0000000701a0e680,0x0000000709aa0000)
 PSPermGen       total 36288K, used 18040K [0x00000006fb400000, 0x00000006fd770000, 0x0000000700600000)
  object space 36288K, 49% used [0x00000006fb400000,0x00000006fc59e088,0x00000006fd770000)
}
Event: 7.857 GC heap before
{Heap before GC invocations=9 (full 1):
 PSYoungGen      total 574848K, used 565220K [0x00000007aacb0000, 0x00000007eacf0000, 0x0000000800000000)
  eden space 505664K, 99% used [0x00000007aacb0000,0x00000007c9a49920,0x00000007c9a80000)
  from space 69184K, 86% used [0x00000007c9a80000,0x00000007cd4df820,0x00000007cde10000)
  to   space 73472K, 0% used [0x00000007e6530000,0x00000007e6530000,0x00000007eacf0000)
 ParOldGen       total 152192K, used 26612K [0x0000000700600000, 0x0000000709aa0000, 0x00000007aacb0000)
  object space 152192K, 17% used [0x0000000700600000,0x0000000701ffd290,0x0000000709aa0000)
 PSPermGen       total 36288K, used 18155K [0x00000006fb400000, 0x00000006fd770000, 0x0000000700600000)
  object space 36288K, 50% used [0x00000006fb400000,0x00000006fc5bad50,0x00000006fd770000)
Event: 7.908 GC heap after
Heap after GC invocations=9 (full 1):
 PSYoungGen      total 967552K, used 71819K [0x00000007aacb0000, 0x00000007eddd0000, 0x0000000800000000)
  eden space 894080K, 0% used [0x00000007aacb0000,0x00000007aacb0000,0x00000007e15d0000)
  from space 73472K, 97% used [0x00000007e6530000,0x00000007eab52d20,0x00000007eacf0000)
  to   space 81280K, 0% used [0x00000007e15d0000,0x00000007e15d0000,0x00000007e6530000)
 ParOldGen       total 152192K, used 26612K [0x0000000700600000, 0x0000000709aa0000, 0x00000007aacb0000)
  object space 152192K, 17% used [0x0000000700600000,0x0000000701ffd290,0x0000000709aa0000)
 PSPermGen       total 36288K, used 18155K [0x00000006fb400000, 0x00000006fd770000, 0x0000000700600000)
  object space 36288K, 50% used [0x00000006fb400000,0x00000006fc5bad50,0x00000006fd770000)
}
Event: 9.757 GC heap before
{Heap before GC invocations=10 (full 1):
 PSYoungGen      total 967552K, used 965899K [0x00000007aacb0000, 0x00000007eddd0000, 0x0000000800000000)
  eden space 894080K, 100% used [0x00000007aacb0000,0x00000007e15d0000,0x00000007e15d0000)
  from space 73472K, 97% used [0x00000007e6530000,0x00000007eab52d20,0x00000007eacf0000)
  to   space 81280K, 0% used [0x00000007e15d0000,0x00000007e15d0000,0x00000007e6530000)
 ParOldGen       total 152192K, used 83326K [0x0000000700600000, 0x0000000709aa0000, 0x00000007aacb0000)
  object space 152192K, 54% used [0x0000000700600000,0x000000070575f938,0x0000000709aa0000)
 PSPermGen       total 36288K, used 18164K [0x00000006fb400000, 0x00000006fd770000, 0x0000000700600000)
  object space 36288K, 50% used [0x00000006fb400000,0x00000006fc5bd278,0x00000006fd770000)
Event: 9.785 GC heap after
Heap after GC invocations=10 (full 1):
 PSYoungGen      total 975360K, used 43078K [0x00000007aacb0000, 0x0000000800000000, 0x0000000800000000)
  eden space 894080K, 0% used [0x00000007aacb0000,0x00000007aacb0000,0x00000007e15d0000)
  from space 81280K, 53% used [0x00000007e15d0000,0x00000007e3fe1b38,0x00000007e6530000)
  to   space 78976K, 0% used [0x00000007fb2e0000,0x00000007fb2e0000,0x0000000800000000)
 ParOldGen       total 152192K, used 101735K [0x0000000700600000, 0x0000000709aa0000, 0x00000007aacb0000)
  object space 152192K, 66% used [0x0000000700600000,0x0000000706959dc8,0x0000000709aa0000)
 PSPermGen       total 36288K, used 18164K [0x00000006fb400000, 0x00000006fd770000, 0x0000000700600000)
  object space 36288K, 50% used [0x00000006fb400000,0x00000006fc5bd278,0x00000006fd770000)
}

Deoptimization events (10 events):
Event: 3.262 Thread 0x0000000001e7e000 Uncommon trap 43 fr.pc 0x0000000002141c50
Event: 3.403 Thread 0x0000000001e7e000 Uncommon trap -122 fr.pc 0x000000000213f5c4
Event: 3.774 Thread 0x0000000014623800 Uncommon trap -83 fr.pc 0x000000000213d484
Event: 3.878 Thread 0x000000001462a800 Uncommon trap -83 fr.pc 0x000000000213cfb4
Event: 3.932 Thread 0x000000001462a800 Uncommon trap -83 fr.pc 0x0000000002148104
Event: 3.952 Thread 0x000000001462a800 Uncommon trap -83 fr.pc 0x0000000002196f68
Event: 4.012 Thread 0x000000001462a800 Uncommon trap -83 fr.pc 0x0000000002195e7c
Event: 4.052 Thread 0x000000001462a800 Uncommon trap -83 fr.pc 0x0000000002169b58
Event: 4.274 Thread 0x0000000014627800 Uncommon trap -83 fr.pc 0x0000000002120cfc
Event: 7.673 Thread 0x0000000014623800 Uncommon trap -12 fr.pc 0x00000000021dacfc

Internal exceptions (10 events):
Event: 4.100 Thread 0x000000001462a800 Threw 0x00000007b04ff388 at C:\jdk7u1_64p\jdk7u7\hotspot\src\share\vm\prims\jvm.cpp:1166
Event: 4.100 Thread 0x000000001462a800 Threw 0x00000007b05022a8 at C:\jdk7u1_64p\jdk7u7\hotspot\src\share\vm\prims\jvm.cpp:1166
Event: 4.102 Thread 0x000000001462a800 Threw 0x00000007b0512710 at C:\jdk7u1_64p\jdk7u7\hotspot\src\share\vm\prims\jvm.cpp:1166
Event: 4.103 Thread 0x000000001462a800 Threw 0x00000007b0515630 at C:\jdk7u1_64p\jdk7u7\hotspot\src\share\vm\prims\jvm.cpp:1166
Event: 4.104 Thread 0x000000001462a800 Threw 0x00000007b05187e0 at C:\jdk7u1_64p\jdk7u7\hotspot\src\share\vm\prims\jvm.cpp:1166
Event: 4.104 Thread 0x000000001462a800 Threw 0x00000007b051b700 at C:\jdk7u1_64p\jdk7u7\hotspot\src\share\vm\prims\jvm.cpp:1166
Event: 4.265 Thread 0x0000000014627800 Threw 0x00000007ab7518a0 at C:\jdk7u1_64p\jdk7u7\hotspot\src\share\vm\prims\jvm.cpp:1166
Event: 4.270 Thread 0x0000000014627800 Threw 0x00000007ab762710 at C:\jdk7u1_64p\jdk7u7\hotspot\src\share\vm\prims\jvm.cpp:1166
Event: 4.472 Thread 0x0000000014627800 Threw 0x00000007af5ef930 at C:\jdk7u1_64p\jdk7u7\hotspot\src\share\vm\prims\jvm.cpp:1166
Event: 7.673 Thread 0x0000000014623800 Implicit null exception at 0x00000000021da9c0 to 0x00000000021dacf1

Events (10 events):
Event: 7.713 loading class 0x00000000144b0100 done
Event: 7.791 Thread 0x00000000132b8000 Thread exited: 0x00000000132b8000
Event: 7.843 Executing VM operation: ParallelGCFailedAllocation
Event: 7.843 Executing VM operation: ParallelGCFailedAllocation done
Event: 7.857 Executing VM operation: ParallelGCSystemGC
Event: 7.908 Executing VM operation: ParallelGCSystemGC done
Event: 9.742 Executing VM operation: ParallelGCFailedAllocation
Event: 9.742 Executing VM operation: ParallelGCFailedAllocation done
Event: 9.757 Executing VM operation: ParallelGCSystemGC
Event: 9.785 Executing VM operation: ParallelGCSystemGC done


Dynamic libraries:
0x000007f798e80000 - 0x000007f798eb4000 	F:\Program Files\Java\Jre7\bin\javaw.exe
0x000007ffd0010000 - 0x000007ffd01ce000 	C:\WINDOWS\SYSTEM32\ntdll.dll
0x000007ffcd650000 - 0x000007ffcd786000 	C:\WINDOWS\system32\KERNEL32.DLL
0x000007ffcd360000 - 0x000007ffcd453000 	C:\WINDOWS\system32\KERNELBASE.dll
0x000007ffcdad0000 - 0x000007ffcdbae000 	C:\WINDOWS\system32\ADVAPI32.dll
0x000007ffcf8a0000 - 0x000007ffcf9ec000 	C:\WINDOWS\system32\USER32.dll
0x000007ffca740000 - 0x000007ffca9a9000 	C:\WINDOWS\WinSxS\amd64_microsoft.windows.common-controls_6595b64144ccf1df_6.0.9200.16384_none_418c2a697189c07f\COMCTL32.dll
0x000007ffcd940000 - 0x000007ffcd9e5000 	C:\WINDOWS\system32\msvcrt.dll
0x000007ffcd460000 - 0x000007ffcd4a8000 	C:\WINDOWS\SYSTEM32\sechost.dll
0x000007ffcf760000 - 0x000007ffcf8a0000 	C:\WINDOWS\system32\RPCRT4.dll
0x000007ffcdec0000 - 0x000007ffce000000 	C:\WINDOWS\system32\GDI32.dll
0x000007ffcda90000 - 0x000007ffcdac9000 	C:\WINDOWS\system32\IMM32.DLL
0x000007ffcf9f0000 - 0x000007ffcfb05000 	C:\WINDOWS\system32\MSCTF.dll
0x000007ffccf00000 - 0x000007ffccf08000 	C:\PROGRA~2\NVIDIA~1\3DVISI~1\NVSTIN~1.DLL
0x000007ffcda80000 - 0x000007ffcda87000 	C:\WINDOWS\system32\PSAPI.DLL
0x0000000061700000 - 0x00000000617a3000 	C:\WINDOWS\WinSxS\amd64_microsoft.vc90.crt_1fc8b3b9a1e18e3b_9.0.30729.6871_none_08e717a5a83adddf\MSVCR90.dll
0x000000005f150000 - 0x000000005f221000 	F:\Program Files\Java\Jre7\bin\msvcr100.dll
0x000000005ea30000 - 0x000000005f14f000 	F:\Program Files\Java\Jre7\bin\server\jvm.dll
0x000007ffc53f0000 - 0x000007ffc53f9000 	C:\WINDOWS\SYSTEM32\WSOCK32.dll
0x000007ffca070000 - 0x000007ffca090000 	C:\WINDOWS\SYSTEM32\WINMM.dll
0x000007ffcffb0000 - 0x000007ffd0008000 	C:\WINDOWS\system32\WS2_32.dll
0x000007ffc9f70000 - 0x000007ffc9fa2000 	C:\WINDOWS\SYSTEM32\WINMMBASE.dll
0x000007ffcfb10000 - 0x000007ffcfb19000 	C:\WINDOWS\system32\NSI.dll
0x000000005ea20000 - 0x000000005ea2f000 	F:\Program Files\Java\Jre7\bin\verify.dll
0x000000005e9f0000 - 0x000000005ea18000 	F:\Program Files\Java\Jre7\bin\java.dll
0x000000005e9d0000 - 0x000000005e9e5000 	F:\Program Files\Java\Jre7\bin\zip.dll
0x000000005e7c0000 - 0x000000005e953000 	F:\Program Files\Java\Jre7\bin\awt.dll
0x000007ffcdbb0000 - 0x000007ffcdc73000 	C:\WINDOWS\system32\OLEAUT32.dll
0x000007ffcd790000 - 0x000007ffcd940000 	C:\WINDOWS\system32\combase.dll
0x000007ffc7130000 - 0x000007ffc71cf000 	C:\WINDOWS\system32\apphelp.dll
0x000007ffcbd00000 - 0x000007ffcbde3000 	C:\WINDOWS\system32\uxtheme.dll
0x000007ffc71e0000 - 0x000007ffc7275000 	C:\Program Files\Common Files\microsoft shared\ink\tiptsf.dll
0x000007ffcae20000 - 0x000007ffcae41000 	C:\WINDOWS\SYSTEM32\dwmapi.dll
0x000007ffce000000 - 0x000007ffce17e000 	C:\WINDOWS\system32\ole32.dll
0x000007ffccd70000 - 0x000007ffccd7a000 	C:\WINDOWS\SYSTEM32\CRYPTBASE.dll
0x000007ffcccf0000 - 0x000007ffccd4c000 	C:\WINDOWS\SYSTEM32\bcryptPrimitives.dll
0x000007ffce470000 - 0x000007ffcf758000 	C:\WINDOWS\system32\SHELL32.dll
0x000007ffcff60000 - 0x000007ffcffb0000 	C:\WINDOWS\system32\SHLWAPI.dll
0x000007ffcc0d0000 - 0x000007ffcc166000 	C:\WINDOWS\SYSTEM32\shcore.dll
0x00000000605d0000 - 0x0000000060668000 	C:\Windows\System32\msvcp100.dll
0x000007ffb1860000 - 0x000007ffb1ab8000 	C:\opencv\build\x64\vc10\bin\opencv_core243.dll
0x000007ffb6250000 - 0x000007ffb62e5000 	C:\Users\Jonas\AppData\Local\Temp\javacpp183610512045727\jniopencv_core.dll
0x000007ffb1070000 - 0x000007ffb1315000 	C:\opencv\build\x64\vc10\bin\opencv_imgproc243.dll
0x000007ffbc4c0000 - 0x000007ffbc508000 	C:\Users\Jonas\AppData\Local\Temp\javacpp183610512045727\jniopencv_imgproc.dll
0x0000000066840000 - 0x00000000675ca000 	C:\opencv\build\x64\vc10\bin\opencv_ffmpeg243_64.dll
0x000007ffb0e20000 - 0x000007ffb106b000 	C:\opencv\build\x64\vc10\bin\opencv_highgui243.dll
0x000007ffc6840000 - 0x000007ffc6860000 	C:\WINDOWS\SYSTEM32\AVIFIL32.dll
0x000007ffc69e0000 - 0x000007ffc6a09000 	C:\WINDOWS\SYSTEM32\MSVFW32.dll
0x000007ffc6a10000 - 0x000007ffc6a27000 	C:\WINDOWS\SYSTEM32\AVICAP32.dll
0x000007ffba340000 - 0x000007ffba359000 	C:\WINDOWS\SYSTEM32\MSACM32.dll
0x000007ffcacb0000 - 0x000007ffcacb9000 	C:\WINDOWS\SYSTEM32\VERSION.dll
0x000007ffc3dd0000 - 0x000007ffc3de3000 	C:\Users\Jonas\AppData\Local\Temp\javacpp183610512045727\jniopencv_highgui.dll
0x000007ffce1b0000 - 0x000007ffce246000 	C:\WINDOWS\SYSTEM32\clbcatq.dll
0x000007ffc60c0000 - 0x000007ffc60d7000 	C:\Windows\System32\devenum.dll
0x000007ffcdc80000 - 0x000007ffcde50000 	C:\WINDOWS\system32\setupapi.dll
0x000007ffcd020000 - 0x000007ffcd06f000 	C:\WINDOWS\system32\CFGMGR32.dll
0x000007ffccff0000 - 0x000007ffcd012000 	C:\WINDOWS\system32\DEVOBJ.dll
0x000007ffc5fd0000 - 0x000007ffc5ffe000 	C:\WINDOWS\SYSTEM32\ntmarta.dll
0x000007ffcd070000 - 0x000007ffcd0c5000 	C:\WINDOWS\system32\WINTRUST.dll
0x000007ffcd0d0000 - 0x000007ffcd2a7000 	C:\WINDOWS\system32\CRYPT32.dll
0x000007ffccfd0000 - 0x000007ffccfe6000 	C:\WINDOWS\system32\MSASN1.dll
0x000007ffc7800000 - 0x000007ffc780d000 	C:\WINDOWS\SYSTEM32\msdmo.dll
0x000007ffc4210000 - 0x000007ffc423f000 	C:\Windows\System32\qcap.dll
0x000007ffb0c60000 - 0x000007ffb0e18000 	C:\Windows\System32\quartz.dll
0x000007ffc3e10000 - 0x000007ffc3e4f000 	C:\Windows\System32\ksproxy.ax
0x000007ffba390000 - 0x000007ffba397000 	C:\Windows\System32\ksuser.dll
0x000007ffbbc60000 - 0x000007ffbbe60000 	C:\Windows\System32\d3d9.dll
0x000007ffc7080000 - 0x000007ffc708c000 	C:\Windows\System32\vidcap.ax
0x000007ffc41e0000 - 0x000007ffc4204000 	C:\Windows\System32\kswdmcap.ax
0x000007ffb1700000 - 0x000007ffb1854000 	C:\Windows\System32\MFC42.dll
0x000007ffb6010000 - 0x000007ffb60ce000 	C:\Windows\System32\ODBC32.dll
0x000007ffb7f20000 - 0x000007ffb7fb5000 	C:\Windows\System32\qedit.dll
0x000007ffcfeb0000 - 0x000007ffcff51000 	C:\WINDOWS\system32\COMDLG32.dll
0x000007ffcd4b0000 - 0x000007ffcd650000 	C:\WINDOWS\WinSxS\amd64_microsoft.windows.gdiplus_6595b64144ccf1df_1.1.9200.16384_none_72771d4ecc1c3a4d\gdiplus.dll
0x000007ffb38f0000 - 0x000007ffb39da000 	C:\WINDOWS\SYSTEM32\DDRAW.dll
0x000007ffc7970000 - 0x000007ffc7978000 	C:\WINDOWS\SYSTEM32\DCIMAN32.dll
0x000000005e780000 - 0x000000005e7b4000 	F:\Program Files\Java\Jre7\bin\fontmanager.dll
0x000007ffb4b50000 - 0x000007ffb5cd0000 	C:\WINDOWS\SYSTEM32\nvd3dumx.dll
0x000007ffccdf0000 - 0x000007ffcce33000 	C:\WINDOWS\SYSTEM32\powrprof.dll
0x0000000180000000 - 0x0000000180116000 	C:\Program Files (x86)\NVIDIA Corporation\3D Vision\nvSCPAPI64.dll
0x000007ffca330000 - 0x000007ffca3a4000 	C:\WINDOWS\SYSTEM32\dxgi.dll
0x000007ffc9a40000 - 0x000007ffc9d02000 	C:\WINDOWS\SYSTEM32\nvapi64.dll
0x000007ffc9f50000 - 0x000007ffc9f6f000 	C:\WINDOWS\SYSTEM32\DXGIDebug.dll
0x000000005e9b0000 - 0x000000005e9c9000 	F:\Program Files\Java\Jre7\bin\net.dll
0x000007ffcc760000 - 0x000007ffcc7bc000 	C:\WINDOWS\system32\mswsock.dll
0x000000005e990000 - 0x000000005e9a1000 	F:\Program Files\Java\Jre7\bin\nio.dll
0x000000005e730000 - 0x000000005e771000 	F:\Program Files\Java\Jre7\bin\t2k.dll
0x000007ffca9b0000 - 0x000007ffcab3a000 	C:\WINDOWS\SYSTEM32\WindowsCodecs.dll
0x000007ffccf20000 - 0x000007ffccf35000 	C:\WINDOWS\SYSTEM32\profapi.dll
0x000007ffc8ca0000 - 0x000007ffc8d09000 	C:\WINDOWS\SYSTEM32\oleacc.dll
0x000000005e700000 - 0x000000005e72a000 	F:\Program Files\Java\Jre7\bin\dcpr.dll
0x000007ffb60d0000 - 0x000007ffb6233000 	C:\WINDOWS\SYSTEM32\dbghelp.dll

VM Arguments:
jvm_args: -Dfile.encoding=Cp1252 
java_command: emcscanner.kth.se.Program
Launcher Type: SUN_STANDARD

Environment Variables:
PATH=C:\Program Files (x86)\NVIDIA Corporation\PhysX\Common;C:\WINDOWS\system32;C:\WINDOWS;C:\WINDOWS\System32\Wbem;C:\WINDOWS\System32\WindowsPowerShell\v1.0\;C:\Program Files (x86)\Microsoft SQL Server\90\Tools\binn\;C:\Program Files (x86)\Autodesk\Backburner\;F:\Program Files\MATLAB\R2012a\runtime\win64;F:\Program Files\MATLAB\R2012a\bin;PROGRAMFILES\Internet Explorer;C:\Program Files\Perforce;F:\Program Files\Perforce;C:\Program Files\Microsoft\Web Platform Installer\;C:\Program Files (x86)\Microsoft ASP.NET\ASP.NET Web Pages\v1.0\;C:\Program Files (x86)\Windows Kits\8.0\Windows Performance Toolkit\;C:\Program Files\Microsoft SQL Server\110\Tools\Binn\;F:\Program Files\Perforce\Server
USERNAME=Jonas
OS=Windows_NT
PROCESSOR_IDENTIFIER=Intel64 Family 6 Model 42 Stepping 7, GenuineIntel



---------------  S Y S T E M  ---------------

OS: Windows 8 , 64 bit Build 9200 

CPU:total 8 (4 cores per cpu, 2 threads per core) family 6 model 42 stepping 7, cmov, cx8, fxsr, mmx, sse, sse2, sse3, ssse3, sse4.1, sse4.2, popcnt, avx, ht, tsc, tscinvbit

Memory: 4k page, physical 16751668k(8591944k free), swap 33528884k(21711664k free)

vm_info: Java HotSpot(TM) 64-Bit Server VM (23.3-b01) for windows-amd64 JRE (1.7.0_07-b11), built on Sep  7 2012 01:19:25 by "java_re" with unknown MS VC++:1600

time: Wed Feb 06 19:42:09 2013
elapsed time: 10 seconds

