#
# A fatal error has been detected by the Java Runtime Environment:
#
#  EXCEPTION_ACCESS_VIOLATION (0xc0000005) at pc=0x00000000030a7cba, pid=9336, tid=10064
#
# JRE version: 7.0_07-b11
# Java VM: Java HotSpot(TM) 64-Bit Server VM (23.3-b01 mixed mode windows-amd64 compressed oops)
# Problematic frame:
# J  com.googlecode.javacv.cpp.opencv_core$IplImage.flipCopyWithGamma(Ljava/nio/ByteBuffer;ILjava/nio/ByteBuffer;IZDZI)V
#
# Failed to write core dump. Minidumps are not enabled by default on client versions of Windows
#
# If you would like to submit a bug report, please visit:
#   http://bugreport.sun.com/bugreport/crash.jsp
#

---------------  T H R E A D  ---------------

Current thread (0x00000000140c2800):  JavaThread "threadDisplayCamera" daemon [_thread_in_Java, id=10064, stack(0x0000000019820000,0x0000000019920000)]

siginfo: ExceptionCode=0xc0000005, reading address 0x0000000019303000

Registers:
RAX=0x000000000000006a, RBX=0x00000000005eec00, RCX=0x0000000000000000, RDX=0x000000001922b050
RSP=0x000000001991f060, RBP=0x00000007abf3bfb8, RSI=0x00000007abf3cd18, RDI=0x00000000005eec00
R8 =0x00000000000d7fb0, R9 =0x00000000000d7fb1, R10=0x000000000000167f, R11=0x00000000005eec00
R12=0x0000000000000000, R13=0x00000000000d7fb0, R14=0x0000000000000d2f, R15=0x00000000140c2800
RIP=0x00000000030a7cba, EFLAGS=0x0000000000010207

Top of Stack: (sp=0x000000001991f060)
0x000000001991f060:   00000007abf3cd18 00000000005eec00
0x000000001991f070:   00000000005eec00 0000000000000000
0x000000001991f080:   3ff0000000000000 00000007abf3bf78
0x000000001991f090:   00000007abf3bfb8 3ff0000000000000
0x000000001991f0a0:   000d728000000000 df6ab9ce000d7280
0x000000001991f0b0:   00001680df6c65d4 0000000000001680
0x000000001991f0c0:   00000007abf3bfe8 00001680ffffffff
0x000000001991f0d0:   00000007abf3bfb8 00000007abf3bf78
0x000000001991f0e0:   00000000f57e79a3 0000000000000000
0x000000001991f0f0:   00000007abf3cd18 00000007abf3bfb8
0x000000001991f100:   00000007abf3bfb8 000000001991f108
0x000000001991f110:   000000001991f1c8 0000000002f561f8
0x000000001991f120:   0000000000000000 00000006fc424e30
0x000000001991f130:   00000006fb5556b8 0000000002f561f8
0x000000001991f140:   0000000000000000 0000000000000000
0x000000001991f150:   3ff0000000000000 0000000000000000 

Instructions: (pc=0x00000000030a7cba)
0x00000000030a7c9a:   10 44 3b c7 0f 8d 26 01 00 00 45 8b c8 41 ff c1
0x00000000030a7caa:   44 89 4d 18 48 8b 6c 24 70 44 8b 6d 18 4d 63 c0
0x00000000030a7cba:   42 0f b6 04 02 44 3b eb 0f 8d 32 01 00 00 45 8b
0x00000000030a7cca:   cd 44 03 c9 41 ff c5 44 89 6d 18 45 3b cb 0f 83 


Register to memory mapping:

RAX=0x000000000000006a is an unknown value
RBX=0x00000000005eec00 is an unknown value
RCX=0x0000000000000000 is an unknown value
RDX=0x000000001922b050 is an unknown value
RSP=0x000000001991f060 is pointing into the stack for thread: 0x00000000140c2800
RBP=0x00000007abf3bfb8 is an oop
java.nio.HeapByteBuffer 
 - klass: 'java/nio/HeapByteBuffer'
RSI=0x00000007abf3cd18 is an oop
[B 
 - klass: {type array byte}
 - length: 6220800
RDI=0x00000000005eec00 is an unknown value
R8 =0x00000000000d7fb0 is an unknown value
R9 =0x00000000000d7fb1 is an unknown value
R10=0x000000000000167f is an unknown value
R11=0x00000000005eec00 is an unknown value
R12=0x0000000000000000 is an unknown value
R13=0x00000000000d7fb0 is an unknown value
R14=0x0000000000000d2f is an unknown value
R15=0x00000000140c2800 is a thread


Stack: [0x0000000019820000,0x0000000019920000],  sp=0x000000001991f060,  free space=1020k
Native frames: (J=compiled Java code, j=interpreted, Vv=VM code, C=native code)
J  com.googlecode.javacv.cpp.opencv_core$IplImage.flipCopyWithGamma(Ljava/nio/ByteBuffer;ILjava/nio/ByteBuffer;IZDZI)V


---------------  P R O C E S S  ---------------

Java Threads: ( => current thread )
  0x0000000014132800 JavaThread "ICEpdf-pagePainter" daemon [_thread_blocked, id=9880, stack(0x00000000224d0000,0x00000000225d0000)]
  0x0000000015324800 JavaThread "ICEpdf-pageInitializer" daemon [_thread_blocked, id=10584, stack(0x00000000222a0000,0x00000000223a0000)]
  0x0000000002e4e000 JavaThread "DestroyJavaVM" [_thread_blocked, id=2796, stack(0x0000000002ce0000,0x0000000002de0000)]
  0x000000001ff35800 JavaThread "D3D Screen Updater" daemon [_thread_blocked, id=9444, stack(0x0000000021f20000,0x0000000022020000)]
  0x0000000015253000 JavaThread "TimerQueue" daemon [_thread_blocked, id=7480, stack(0x0000000020d50000,0x0000000020e50000)]
  0x0000000014f9b800 JavaThread "threadDisplayDensity" daemon [_thread_blocked, id=10312, stack(0x000000001c120000,0x000000001c220000)]
  0x0000000014f9a000 JavaThread "AWT-EventQueue-0" [_thread_in_native, id=9000, stack(0x000000001c020000,0x000000001c120000)]
  0x0000000015196800 JavaThread "threadDisplay" daemon [_thread_blocked, id=1476, stack(0x000000001bf20000,0x000000001c020000)]
  0x0000000014e95800 JavaThread "AWT-Shutdown" [_thread_blocked, id=1664, stack(0x0000000019920000,0x0000000019a20000)]
=>0x00000000140c2800 JavaThread "threadDisplayCamera" daemon [_thread_in_Java, id=10064, stack(0x0000000019820000,0x0000000019920000)]
  0x00000000140c3000 JavaThread "AWT-Windows" daemon [_thread_in_native, id=11112, stack(0x00000000149a0000,0x0000000014aa0000)]
  0x00000000140c1800 JavaThread "Java2D Disposer" daemon [_thread_blocked, id=5092, stack(0x00000000147a0000,0x00000000148a0000)]
  0x00000000119b3000 JavaThread "Service Thread" daemon [_thread_blocked, id=6052, stack(0x0000000013da0000,0x0000000013ea0000)]
  0x00000000119ae800 JavaThread "C2 CompilerThread1" daemon [_thread_blocked, id=1100, stack(0x0000000013ca0000,0x0000000013da0000)]
  0x00000000119a9800 JavaThread "C2 CompilerThread0" daemon [_thread_blocked, id=10636, stack(0x0000000013ba0000,0x0000000013ca0000)]
  0x00000000119a8800 JavaThread "Attach Listener" daemon [_thread_blocked, id=9180, stack(0x0000000013aa0000,0x0000000013ba0000)]
  0x000000001199b800 JavaThread "Signal Dispatcher" daemon [_thread_blocked, id=7752, stack(0x00000000139a0000,0x0000000013aa0000)]
  0x000000001193f800 JavaThread "Finalizer" daemon [_thread_blocked, id=10740, stack(0x00000000138a0000,0x00000000139a0000)]
  0x0000000011938800 JavaThread "Reference Handler" daemon [_thread_blocked, id=4736, stack(0x00000000137a0000,0x00000000138a0000)]

Other Threads:
  0x0000000011933800 VMThread [stack: 0x00000000136a0000,0x00000000137a0000] [id=10836]
  0x00000000119ca000 WatcherThread [stack: 0x0000000013ea0000,0x0000000013fa0000] [id=10864]

VM state:not at safepoint (normal execution)

VM Mutex/Monitor currently owned by a thread: None

Heap
 PSYoungGen      total 458880K, used 71998K [0x00000007aacb0000, 0x00000007cd5b0000, 0x0000000800000000)
  eden space 384768K, 6% used [0x00000007aacb0000,0x00000007ac52b928,0x00000007c2470000)
  from space 74112K, 63% used [0x00000007c2470000,0x00000007c5243f90,0x00000007c6cd0000)
  to   space 73344K, 0% used [0x00000007c8e10000,0x00000007c8e10000,0x00000007cd5b0000)
 ParOldGen       total 266816K, used 209425K [0x0000000700600000, 0x0000000710a90000, 0x00000007aacb0000)
  object space 266816K, 78% used [0x0000000700600000,0x000000070d284600,0x0000000710a90000)
 PSPermGen       total 39680K, used 18128K [0x00000006fb400000, 0x00000006fdac0000, 0x0000000700600000)
  object space 39680K, 45% used [0x00000006fb400000,0x00000006fc5b4000,0x00000006fdac0000)

Card table byte_map: [0x0000000005f50000,0x0000000006780000] byte_map_base: 0x0000000002776000

Polling page: 0x0000000002b10000

Code Cache  [0x0000000002f50000, 0x00000000031c0000, 0x0000000005f50000)
 total_blobs=918 nmethods=328 adapters=541 free_code_cache=47766Kb largest_free_block=48878912

Compilation events (10 events):
Event: 12.495 Thread 0x00000000119a9800  333   !         java.awt.Container::getMouseEventTargetImpl (255 bytes)
Event: 12.501 Thread 0x00000000119a9800 nmethod 333 0x000000000303cc10 code [0x000000000303cde0, 0x000000000303d8b8]
Event: 12.729 Thread 0x00000000119ae800  334             sun.util.logging.PlatformLogger::isLoggable (9 bytes)
Event: 12.733 Thread 0x00000000119ae800 nmethod 334 0x00000000030ae310 code [0x00000000030ae480, 0x00000000030ae838]
Event: 12.738 Thread 0x00000000119a9800  335             java.awt.image.SampleModel::getNumBands (5 bytes)
Event: 12.738 Thread 0x00000000119a9800 nmethod 335 0x000000000303c9d0 code [0x000000000303cb00, 0x000000000303cb58]
Event: 15.740 Thread 0x00000000119ae800  337  s          sun.java2d.loops.GraphicsPrimitiveMgr::locatePrim (96 bytes)
Event: 15.749 Thread 0x00000000119ae800 nmethod 337 0x00000000030b1190 code [0x00000000030b1360, 0x00000000030b2028]
Event: 18.014 Thread 0x00000000119a9800  338             java.awt.image.Raster::getNumDataElements (8 bytes)
Event: 18.014 Thread 0x00000000119a9800 nmethod 338 0x00000000030af790 code [0x00000000030af8e0, 0x00000000030af978]

GC Heap History (10 events):
Event: 15.934 GC heap before
{Heap before GC invocations=20 (full 3):
 PSYoungGen      total 379648K, used 356806K [0x00000007aacb0000, 0x00000007c65d0000, 0x0000000800000000)
  eden space 312576K, 99% used [0x00000007aacb0000,0x00000007bdb55b38,0x00000007bddf0000)
  from space 67072K, 69% used [0x00000007c2130000,0x00000007c4efbf90,0x00000007c62b0000)
  to   space 68864K, 0% used [0x00000007bddf0000,0x00000007bddf0000,0x00000007c2130000)
 ParOldGen       total 266816K, used 209425K [0x0000000700600000, 0x0000000710a90000, 0x00000007aacb0000)
  object space 266816K, 78% used [0x0000000700600000,0x000000070d284600,0x0000000710a90000)
 PSPermGen       total 39680K, used 18113K [0x00000006fb400000, 0x00000006fdac0000, 0x0000000700600000)
  object space 39680K, 45% used [0x00000006fb400000,0x00000006fc5b0710,0x00000006fdac0000)
Event: 15.944 GC heap after
Heap after GC invocations=20 (full 3):
 PSYoungGen      total 381440K, used 61703K [0x00000007aacb0000, 0x00000007c96a0000, 0x0000000800000000)
  eden space 312576K, 0% used [0x00000007aacb0000,0x00000007aacb0000,0x00000007bddf0000)
  from space 68864K, 89% used [0x00000007bddf0000,0x00000007c1a31ef0,0x00000007c2130000)
  to   space 75520K, 0% used [0x00000007c4ce0000,0x00000007c4ce0000,0x00000007c96a0000)
 ParOldGen       total 266816K, used 209425K [0x0000000700600000, 0x0000000710a90000, 0x00000007aacb0000)
  object space 266816K, 78% used [0x0000000700600000,0x000000070d284600,0x0000000710a90000)
 PSPermGen       total 39680K, used 18113K [0x00000006fb400000, 0x00000006fdac0000, 0x0000000700600000)
  object space 39680K, 45% used [0x00000006fb400000,0x00000006fc5b0710,0x00000006fdac0000)
}
Event: 17.088 GC heap before
{Heap before GC invocations=21 (full 3):
 PSYoungGen      total 381440K, used 368957K [0x00000007aacb0000, 0x00000007c96a0000, 0x0000000800000000)
  eden space 312576K, 98% used [0x00000007aacb0000,0x00000007bd8bd640,0x00000007bddf0000)
  from space 68864K, 89% used [0x00000007bddf0000,0x00000007c1a31ef0,0x00000007c2130000)
  to   space 75520K, 0% used [0x00000007c4ce0000,0x00000007c4ce0000,0x00000007c96a0000)
 ParOldGen       total 266816K, used 209425K [0x0000000700600000, 0x0000000710a90000, 0x00000007aacb0000)
  object space 266816K, 78% used [0x0000000700600000,0x000000070d284600,0x0000000710a90000)
 PSPermGen       total 39680K, used 18116K [0x00000006fb400000, 0x00000006fdac0000, 0x0000000700600000)
  object space 39680K, 45% used [0x00000006fb400000,0x00000006fc5b1270,0x00000006fdac0000)
Event: 17.099 GC heap after
Heap after GC invocations=21 (full 3):
 PSYoungGen      total 423232K, used 47117K [0x00000007aacb0000, 0x00000007c9520000, 0x0000000800000000)
  eden space 349248K, 0% used [0x00000007aacb0000,0x00000007aacb0000,0x00000007c01c0000)
  from space 73984K, 63% used [0x00000007c4ce0000,0x00000007c7ae36f0,0x00000007c9520000)
  to   space 75456K, 0% used [0x00000007c01c0000,0x00000007c01c0000,0x00000007c4b70000)
 ParOldGen       total 266816K, used 209425K [0x0000000700600000, 0x0000000710a90000, 0x00000007aacb0000)
  object space 266816K, 78% used [0x0000000700600000,0x000000070d284600,0x0000000710a90000)
 PSPermGen       total 39680K, used 18116K [0x00000006fb400000, 0x00000006fdac0000, 0x0000000700600000)
  object space 39680K, 45% used [0x00000006fb400000,0x00000006fc5b1270,0x00000006fdac0000)
}
Event: 18.410 GC heap before
{Heap before GC invocations=22 (full 3):
 PSYoungGen      total 423232K, used 395008K [0x00000007aacb0000, 0x00000007c9520000, 0x0000000800000000)
  eden space 349248K, 99% used [0x00000007aacb0000,0x00000007c006ca48,0x00000007c01c0000)
  from space 73984K, 63% used [0x00000007c4ce0000,0x00000007c7ae36f0,0x00000007c9520000)
  to   space 75456K, 0% used [0x00000007c01c0000,0x00000007c01c0000,0x00000007c4b70000)
 ParOldGen       total 266816K, used 209425K [0x0000000700600000, 0x0000000710a90000, 0x00000007aacb0000)
  object space 266816K, 78% used [0x0000000700600000,0x000000070d284600,0x0000000710a90000)
 PSPermGen       total 39680K, used 18117K [0x00000006fb400000, 0x00000006fdac0000, 0x0000000700600000)
  object space 39680K, 45% used [0x00000006fb400000,0x00000006fc5b1678,0x00000006fdac0000)
Event: 18.418 GC heap after
Heap after GC invocations=22 (full 3):
 PSYoungGen      total 424704K, used 45946K [0x00000007aacb0000, 0x00000007cb790000, 0x0000000800000000)
  eden space 349248K, 0% used [0x00000007aacb0000,0x00000007aacb0000,0x00000007c01c0000)
  from space 75456K, 60% used [0x00000007c01c0000,0x00000007c2e9eaa0,0x00000007c4b70000)
  to   space 74624K, 0% used [0x00000007c6eb0000,0x00000007c6eb0000,0x00000007cb790000)
 ParOldGen       total 266816K, used 209425K [0x0000000700600000, 0x0000000710a90000, 0x00000007aacb0000)
  object space 266816K, 78% used [0x0000000700600000,0x000000070d284600,0x0000000710a90000)
 PSPermGen       total 39680K, used 18117K [0x00000006fb400000, 0x00000006fdac0000, 0x0000000700600000)
  object space 39680K, 45% used [0x00000006fb400000,0x00000006fc5b1678,0x00000006fdac0000)
}
Event: 19.657 GC heap before
{Heap before GC invocations=23 (full 3):
 PSYoungGen      total 424704K, used 391179K [0x00000007aacb0000, 0x00000007cb790000, 0x0000000800000000)
  eden space 349248K, 98% used [0x00000007aacb0000,0x00000007bfdd4238,0x00000007c01c0000)
  from space 75456K, 60% used [0x00000007c01c0000,0x00000007c2e9eaa0,0x00000007c4b70000)
  to   space 74624K, 0% used [0x00000007c6eb0000,0x00000007c6eb0000,0x00000007cb790000)
 ParOldGen       total 266816K, used 209425K [0x0000000700600000, 0x0000000710a90000, 0x00000007aacb0000)
  object space 266816K, 78% used [0x0000000700600000,0x000000070d284600,0x0000000710a90000)
 PSPermGen       total 39680K, used 18118K [0x00000006fb400000, 0x00000006fdac0000, 0x0000000700600000)
  object space 39680K, 45% used [0x00000006fb400000,0x00000006fc5b1a50,0x00000006fdac0000)
Event: 19.667 GC heap after
Heap after GC invocations=23 (full 3):
 PSYoungGen      total 456960K, used 47085K [0x00000007aacb0000, 0x00000007cb530000, 0x0000000800000000)
  eden space 384768K, 0% used [0x00000007aacb0000,0x00000007aacb0000,0x00000007c2470000)
  from space 72192K, 65% used [0x00000007c6eb0000,0x00000007c9cab6f0,0x00000007cb530000)
  to   space 74112K, 0% used [0x00000007c2470000,0x00000007c2470000,0x00000007c6cd0000)
 ParOldGen       total 266816K, used 209425K [0x0000000700600000, 0x0000000710a90000, 0x00000007aacb0000)
  object space 266816K, 78% used [0x0000000700600000,0x000000070d284600,0x0000000710a90000)
 PSPermGen       total 39680K, used 18118K [0x00000006fb400000, 0x00000006fdac0000, 0x0000000700600000)
  object space 39680K, 45% used [0x00000006fb400000,0x00000006fc5b1a50,0x00000006fdac0000)
}
Event: 21.006 GC heap before
{Heap before GC invocations=24 (full 3):
 PSYoungGen      total 456960K, used 426892K [0x00000007aacb0000, 0x00000007cb530000, 0x0000000800000000)
  eden space 384768K, 98% used [0x00000007aacb0000,0x00000007c1f97a38,0x00000007c2470000)
  from space 72192K, 65% used [0x00000007c6eb0000,0x00000007c9cab6f0,0x00000007cb530000)
  to   space 74112K, 0% used [0x00000007c2470000,0x00000007c2470000,0x00000007c6cd0000)
 ParOldGen       total 266816K, used 209425K [0x0000000700600000, 0x0000000710a90000, 0x00000007aacb0000)
  object space 266816K, 78% used [0x0000000700600000,0x000000070d284600,0x0000000710a90000)
 PSPermGen       total 39680K, used 18126K [0x00000006fb400000, 0x00000006fdac0000, 0x0000000700600000)
  object space 39680K, 45% used [0x00000006fb400000,0x00000006fc5b3b08,0x00000006fdac0000)
Event: 21.012 GC heap after
Heap after GC invocations=24 (full 3):
 PSYoungGen      total 458880K, used 46927K [0x00000007aacb0000, 0x00000007cd5b0000, 0x0000000800000000)
  eden space 384768K, 0% used [0x00000007aacb0000,0x00000007aacb0000,0x00000007c2470000)
  from space 74112K, 63% used [0x00000007c2470000,0x00000007c5243f90,0x00000007c6cd0000)
  to   space 73344K, 0% used [0x00000007c8e10000,0x00000007c8e10000,0x00000007cd5b0000)
 ParOldGen       total 266816K, used 209425K [0x0000000700600000, 0x0000000710a90000, 0x00000007aacb0000)
  object space 266816K, 78% used [0x0000000700600000,0x000000070d284600,0x0000000710a90000)
 PSPermGen       total 39680K, used 18126K [0x00000006fb400000, 0x00000006fdac0000, 0x0000000700600000)
  object space 39680K, 45% used [0x00000006fb400000,0x00000006fc5b3b08,0x00000006fdac0000)
}

Deoptimization events (10 events):
Event: 2.857 Thread 0x0000000002e4e000 Uncommon trap -83 fr.pc 0x0000000002ff3278
Event: 2.857 Thread 0x0000000002e4e000 Uncommon trap -83 fr.pc 0x0000000002ff25bc
Event: 3.384 Thread 0x0000000002e4e000 Uncommon trap 43 fr.pc 0x0000000003012894
Event: 3.924 Thread 0x0000000014f9a000 Uncommon trap -83 fr.pc 0x0000000003019e84
Event: 3.991 Thread 0x0000000015324800 Uncommon trap -83 fr.pc 0x0000000003011234
Event: 4.044 Thread 0x0000000015324800 Uncommon trap -83 fr.pc 0x0000000003010e84
Event: 4.060 Thread 0x0000000015324800 Uncommon trap -83 fr.pc 0x000000000304bfe8
Event: 4.119 Thread 0x0000000015324800 Uncommon trap -83 fr.pc 0x000000000304a17c
Event: 4.150 Thread 0x0000000015324800 Uncommon trap -83 fr.pc 0x000000000303a5d8
Event: 4.368 Thread 0x0000000014132800 Uncommon trap -83 fr.pc 0x0000000003071bfc

Internal exceptions (10 events):
Event: 4.201 Thread 0x0000000015324800 Threw 0x00000007aeb16dd8 at C:\jdk7u1_64p\jdk7u7\hotspot\src\share\vm\prims\jvm.cpp:1166
Event: 4.201 Thread 0x0000000015324800 Threw 0x00000007aeb19cf8 at C:\jdk7u1_64p\jdk7u7\hotspot\src\share\vm\prims\jvm.cpp:1166
Event: 4.202 Thread 0x0000000015324800 Threw 0x00000007aeb1cea8 at C:\jdk7u1_64p\jdk7u7\hotspot\src\share\vm\prims\jvm.cpp:1166
Event: 4.202 Thread 0x0000000015324800 Threw 0x00000007aeb1fdc8 at C:\jdk7u1_64p\jdk7u7\hotspot\src\share\vm\prims\jvm.cpp:1166
Event: 4.356 Thread 0x0000000014132800 Threw 0x00000007ab6dc458 at C:\jdk7u1_64p\jdk7u7\hotspot\src\share\vm\prims\jvm.cpp:1166
Event: 4.360 Thread 0x0000000014132800 Threw 0x00000007ab6ecce8 at C:\jdk7u1_64p\jdk7u7\hotspot\src\share\vm\prims\jvm.cpp:1166
Event: 4.563 Thread 0x0000000014132800 Threw 0x00000007ac0147b8 at C:\jdk7u1_64p\jdk7u7\hotspot\src\share\vm\prims\jvm.cpp:1166
Event: 7.823 Thread 0x0000000014f9a000 Threw 0x00000007ad8cbd00 at C:\jdk7u1_64p\jdk7u7\hotspot\src\share\vm\prims\jvm.cpp:1166
Event: 7.824 Thread 0x0000000014f9a000 Threw 0x00000007ad8d12e8 at C:\jdk7u1_64p\jdk7u7\hotspot\src\share\vm\prims\jvm.cpp:1166
Event: 7.826 Thread 0x0000000014f9a000 Threw 0x00000007ad8de6d0 at C:\jdk7u1_64p\jdk7u7\hotspot\src\share\vm\prims\jvm.cpp:1166

Events (10 events):
Event: 19.657 Executing VM operation: ParallelGCFailedAllocation
Event: 19.667 Executing VM operation: ParallelGCFailedAllocation done
Event: 20.326 loading class 0x0000000015262f30
Event: 20.326 loading class 0x0000000015262f30 done
Event: 20.326 loading class 0x0000000014e6d230
Event: 20.326 loading class 0x0000000020b48050
Event: 20.326 loading class 0x0000000020b48050 done
Event: 20.326 loading class 0x0000000014e6d230 done
Event: 21.006 Executing VM operation: ParallelGCFailedAllocation
Event: 21.012 Executing VM operation: ParallelGCFailedAllocation done


Dynamic libraries:
0x000007f662880000 - 0x000007f6628b4000 	F:\Program Files\Java\Jre7\bin\javaw.exe
0x000007fd0db20000 - 0x000007fd0dcde000 	C:\WINDOWS\SYSTEM32\ntdll.dll
0x000007fd0c680000 - 0x000007fd0c7b6000 	C:\WINDOWS\system32\KERNEL32.DLL
0x000007fd0ab00000 - 0x000007fd0abf3000 	C:\WINDOWS\system32\KERNELBASE.dll
0x000007fd0c260000 - 0x000007fd0c33e000 	C:\WINDOWS\system32\ADVAPI32.dll
0x000007fd0c460000 - 0x000007fd0c5ac000 	C:\WINDOWS\system32\USER32.dll
0x000007fd082b0000 - 0x000007fd08519000 	C:\WINDOWS\WinSxS\amd64_microsoft.windows.common-controls_6595b64144ccf1df_6.0.9200.16384_none_418c2a697189c07f\COMCTL32.dll
0x000007fd0c7c0000 - 0x000007fd0c865000 	C:\WINDOWS\system32\msvcrt.dll
0x000007fd0cdf0000 - 0x000007fd0ce38000 	C:\WINDOWS\SYSTEM32\sechost.dll
0x000007fd0c870000 - 0x000007fd0c9b0000 	C:\WINDOWS\system32\RPCRT4.dll
0x000007fd0d520000 - 0x000007fd0d660000 	C:\WINDOWS\system32\GDI32.dll
0x000007fd0c620000 - 0x000007fd0c659000 	C:\WINDOWS\system32\IMM32.DLL
0x000007fd0c340000 - 0x000007fd0c455000 	C:\WINDOWS\system32\MSCTF.dll
0x000007fd0aa10000 - 0x000007fd0aa18000 	C:\PROGRA~2\NVIDIA~1\3DVISI~1\NVSTIN~1.DLL
0x000007fd0d510000 - 0x000007fd0d517000 	C:\WINDOWS\system32\PSAPI.DLL
0x000000005e410000 - 0x000000005e4b3000 	C:\WINDOWS\WinSxS\amd64_microsoft.vc90.crt_1fc8b3b9a1e18e3b_9.0.30729.6871_none_08e717a5a83adddf\MSVCR90.dll
0x000000005d880000 - 0x000000005d951000 	F:\Program Files\Java\Jre7\bin\msvcr100.dll
0x000000005c090000 - 0x000000005c7af000 	F:\Program Files\Java\Jre7\bin\server\jvm.dll
0x000007fd02f00000 - 0x000007fd02f09000 	C:\WINDOWS\SYSTEM32\WSOCK32.dll
0x000007fd07b90000 - 0x000007fd07bb0000 	C:\WINDOWS\SYSTEM32\WINMM.dll
0x000007fd0c5b0000 - 0x000007fd0c608000 	C:\WINDOWS\system32\WS2_32.dll
0x000007fd07a80000 - 0x000007fd07ab2000 	C:\WINDOWS\SYSTEM32\WINMMBASE.dll
0x000007fd0d360000 - 0x000007fd0d369000 	C:\WINDOWS\system32\NSI.dll
0x000000005dc10000 - 0x000000005dc1f000 	F:\Program Files\Java\Jre7\bin\verify.dll
0x000000005dbe0000 - 0x000000005dc08000 	F:\Program Files\Java\Jre7\bin\java.dll
0x000000005dbc0000 - 0x000000005dbd5000 	F:\Program Files\Java\Jre7\bin\zip.dll
0x000000005aff0000 - 0x000000005b183000 	F:\Program Files\Java\Jre7\bin\awt.dll
0x000007fd0d830000 - 0x000007fd0d8f3000 	C:\WINDOWS\system32\OLEAUT32.dll
0x000007fd0cc40000 - 0x000007fd0cdf0000 	C:\WINDOWS\system32\combase.dll
0x000007fd04cf0000 - 0x000007fd04d8f000 	C:\WINDOWS\system32\apphelp.dll
0x000007fd09810000 - 0x000007fd098f3000 	C:\WINDOWS\system32\uxtheme.dll
0x000007fd08210000 - 0x000007fd082a5000 	C:\Program Files\Common Files\microsoft shared\ink\tiptsf.dll
0x000007fd088b0000 - 0x000007fd088d1000 	C:\WINDOWS\SYSTEM32\dwmapi.dll
0x000007fd0d090000 - 0x000007fd0d20e000 	C:\WINDOWS\system32\ole32.dll
0x000007fd0a860000 - 0x000007fd0a86a000 	C:\WINDOWS\SYSTEM32\CRYPTBASE.dll
0x000007fd0a800000 - 0x000007fd0a85c000 	C:\WINDOWS\SYSTEM32\bcryptPrimitives.dll
0x000007fd0af70000 - 0x000007fd0c258000 	C:\WINDOWS\system32\SHELL32.dll
0x000007fd0cb80000 - 0x000007fd0cbd0000 	C:\WINDOWS\system32\SHLWAPI.dll
0x000007fd09be0000 - 0x000007fd09c76000 	C:\WINDOWS\SYSTEM32\shcore.dll
0x000000005d2e0000 - 0x000000005d378000 	C:\Windows\System32\msvcp100.dll
0x000007fcf8050000 - 0x000007fcf82a8000 	C:\opencv\build\x64\vc10\bin\opencv_core243.dll
0x000007fd04f20000 - 0x000007fd04fb5000 	C:\Users\Jonas\AppData\Local\Temp\javacpp145751317858427\jniopencv_core.dll
0x000007fcf2420000 - 0x000007fcf26c5000 	C:\opencv\build\x64\vc10\bin\opencv_imgproc243.dll
0x000007fd04ed0000 - 0x000007fd04f18000 	C:\Users\Jonas\AppData\Local\Temp\javacpp145751317858427\jniopencv_imgproc.dll
0x0000000066840000 - 0x00000000675ca000 	C:\opencv\build\x64\vc10\bin\opencv_ffmpeg243_64.dll
0x000007fcf0830000 - 0x000007fcf0a7b000 	C:\opencv\build\x64\vc10\bin\opencv_highgui243.dll
0x000007fd04eb0000 - 0x000007fd04ed0000 	C:\WINDOWS\SYSTEM32\AVIFIL32.dll
0x000007fd07af0000 - 0x000007fd07b19000 	C:\WINDOWS\SYSTEM32\MSVFW32.dll
0x000007fd081c0000 - 0x000007fd081d7000 	C:\WINDOWS\SYSTEM32\AVICAP32.dll
0x000007fcf6150000 - 0x000007fcf6169000 	C:\WINDOWS\SYSTEM32\MSACM32.dll
0x000007fd07db0000 - 0x000007fd07db9000 	C:\WINDOWS\SYSTEM32\VERSION.dll
0x000007fd04e10000 - 0x000007fd04e23000 	C:\Users\Jonas\AppData\Local\Temp\javacpp145751317858427\jniopencv_highgui.dll
0x000007fd0d2c0000 - 0x000007fd0d356000 	C:\WINDOWS\SYSTEM32\clbcatq.dll
0x000007fd043f0000 - 0x000007fd04407000 	C:\Windows\System32\devenum.dll
0x000007fd0c9b0000 - 0x000007fd0cb80000 	C:\WINDOWS\system32\setupapi.dll
0x000007fd0ad10000 - 0x000007fd0ad5f000 	C:\WINDOWS\system32\CFGMGR32.dll
0x000007fd0af40000 - 0x000007fd0af62000 	C:\WINDOWS\system32\DEVOBJ.dll
0x000007fd03ae0000 - 0x000007fd03b0e000 	C:\WINDOWS\SYSTEM32\ntmarta.dll
0x000007fd0ac00000 - 0x000007fd0ac55000 	C:\WINDOWS\system32\WINTRUST.dll
0x000007fd0ad60000 - 0x000007fd0af37000 	C:\WINDOWS\system32\CRYPT32.dll
0x000007fd0aae0000 - 0x000007fd0aaf6000 	C:\WINDOWS\system32\MSASN1.dll
0x000007fd078a0000 - 0x000007fd078ad000 	C:\WINDOWS\SYSTEM32\msdmo.dll
0x000007fd01e10000 - 0x000007fd01e3f000 	C:\Windows\System32\qcap.dll
0x000007fcf6d30000 - 0x000007fcf6ee8000 	C:\Windows\System32\quartz.dll
0x000007fd01dd0000 - 0x000007fd01e0f000 	C:\Windows\System32\ksproxy.ax
0x000007fcf5930000 - 0x000007fcf5937000 	C:\Windows\System32\ksuser.dll
0x000007fcf9950000 - 0x000007fcf9b50000 	C:\Windows\System32\d3d9.dll
0x000007fd05950000 - 0x000007fd0595c000 	C:\Windows\System32\vidcap.ax
0x000007fd01da0000 - 0x000007fd01dc4000 	C:\Windows\System32\kswdmcap.ax
0x000007fcf3b60000 - 0x000007fcf3cb4000 	C:\Windows\System32\MFC42.dll
0x000007fcf41f0000 - 0x000007fcf42ae000 	C:\Windows\System32\ODBC32.dll
0x000007fd01c60000 - 0x000007fd01cf5000 	C:\Windows\System32\qedit.dll
0x000007fd0d210000 - 0x000007fd0d2b1000 	C:\WINDOWS\system32\COMDLG32.dll
0x000007fd0d370000 - 0x000007fd0d510000 	C:\WINDOWS\WinSxS\amd64_microsoft.windows.gdiplus_6595b64144ccf1df_1.1.9200.16384_none_72771d4ecc1c3a4d\gdiplus.dll
0x000007fcf0640000 - 0x000007fcf072a000 	C:\WINDOWS\SYSTEM32\DDRAW.dll
0x000007fd07de0000 - 0x000007fd07de8000 	C:\WINDOWS\SYSTEM32\DCIMAN32.dll
0x000000005afb0000 - 0x000000005afe4000 	F:\Program Files\Java\Jre7\bin\fontmanager.dll
0x000007fce6500000 - 0x000007fce7680000 	C:\WINDOWS\SYSTEM32\nvd3dumx.dll
0x000007fd0a900000 - 0x000007fd0a943000 	C:\WINDOWS\SYSTEM32\powrprof.dll
0x0000000180000000 - 0x0000000180116000 	C:\Program Files (x86)\NVIDIA Corporation\3D Vision\nvSCPAPI64.dll
0x000007fd07ef0000 - 0x000007fd07f64000 	C:\WINDOWS\SYSTEM32\dxgi.dll
0x000007fd06540000 - 0x000007fd06802000 	C:\WINDOWS\SYSTEM32\nvapi64.dll
0x000007fd07ed0000 - 0x000007fd07eef000 	C:\WINDOWS\SYSTEM32\DXGIDebug.dll
0x000000005dba0000 - 0x000000005dbb9000 	F:\Program Files\Java\Jre7\bin\net.dll
0x000007fd0a270000 - 0x000007fd0a2cc000 	C:\WINDOWS\system32\mswsock.dll
0x000000005db50000 - 0x000000005db61000 	F:\Program Files\Java\Jre7\bin\nio.dll
0x000000005af60000 - 0x000000005afa1000 	F:\Program Files\Java\Jre7\bin\t2k.dll
0x000007fd08010000 - 0x000007fd0819a000 	C:\WINDOWS\SYSTEM32\WindowsCodecs.dll
0x000007fd0aa30000 - 0x000007fd0aa45000 	C:\WINDOWS\SYSTEM32\profapi.dll
0x000007fd07530000 - 0x000007fd07599000 	C:\WINDOWS\SYSTEM32\oleacc.dll
0x000000005af30000 - 0x000000005af5a000 	F:\Program Files\Java\Jre7\bin\dcpr.dll

VM Arguments:
jvm_args: -Dfile.encoding=Cp1252 
java_command: emcscanner.kth.se.Program
Launcher Type: SUN_STANDARD

Environment Variables:
PATH=C:\Program Files (x86)\NVIDIA Corporation\PhysX\Common;C:\WINDOWS\system32;C:\WINDOWS;C:\WINDOWS\System32\Wbem;C:\WINDOWS\System32\WindowsPowerShell\v1.0\;C:\Program Files (x86)\Microsoft SQL Server\90\Tools\binn\;C:\Program Files (x86)\Autodesk\Backburner\;F:\Program Files\MATLAB\R2012a\runtime\win64;F:\Program Files\MATLAB\R2012a\bin;C:\Program Files\Internet Explorer;C:\Program Files\Perforce;F:\Program Files\Perforce;C:\Program Files\Microsoft\Web Platform Installer\;C:\Program Files (x86)\Microsoft ASP.NET\ASP.NET Web Pages\v1.0\;C:\Program Files (x86)\Windows Kits\8.0\Windows Performance Toolkit\;C:\Program Files\Microsoft SQL Server\110\Tools\Binn\;F:\Program Files\Perforce\Server
USERNAME=Jonas
OS=Windows_NT
PROCESSOR_IDENTIFIER=Intel64 Family 6 Model 42 Stepping 7, GenuineIntel



---------------  S Y S T E M  ---------------

OS: Windows 8 , 64 bit Build 9200 

CPU:total 8 (4 cores per cpu, 2 threads per core) family 6 model 42 stepping 7, cmov, cx8, fxsr, mmx, sse, sse2, sse3, ssse3, sse4.1, sse4.2, popcnt, avx, ht, tsc, tscinvbit

Memory: 4k page, physical 16751668k(9809540k free), swap 33528884k(24155420k free)

vm_info: Java HotSpot(TM) 64-Bit Server VM (23.3-b01) for windows-amd64 JRE (1.7.0_07-b11), built on Sep  7 2012 01:19:25 by "java_re" with unknown MS VC++:1600

time: Mon Feb 04 05:11:00 2013
elapsed time: 21 seconds

