#
# A fatal error has been detected by the Java Runtime Environment:
#
#  EXCEPTION_ACCESS_VIOLATION (0xc0000005) at pc=0x000007f95e1e8bc0, pid=236, tid=5500
#
# JRE version: 7.0_07-b11
# Java VM: Java HotSpot(TM) 64-Bit Server VM (23.3-b01 mixed mode windows-amd64 compressed oops)
# Problematic frame:
# C  [ntdll.dll+0x18bc0]  RtlQueueWorkItem+0x8a0
#
# Failed to write core dump. Minidumps are not enabled by default on client versions of Windows
#
# If you would like to submit a bug report, please visit:
#   http://bugreport.sun.com/bugreport/crash.jsp
# The crash happened outside the Java Virtual Machine in native code.
# See problematic frame for where to report the bug.
#

---------------  T H R E A D  ---------------

Current thread (0x0000000014ccd000):  JavaThread "threadDisplay" daemon [_thread_in_native, id=5500, stack(0x0000000016920000,0x0000000016a20000)]

siginfo: ExceptionCode=0xc0000005, writing address 0x0000000000000024

Registers:
RAX=0x0000000000000000, RBX=0x0000000014cefb98, RCX=0x00000000fffffffc, RDX=0x00000000000009c8
RSP=0x0000000016a1f420, RBP=0x0000000000000000, RSI=0x00000000000009c8, RDI=0x0000000000000000
R8 =0xffffffffffffffff, R9 =0x0000000000000004, R10=0x0000000000000000, R11=0x0000000000000246
R12=0x0000000000000000, R13=0x0000000000000000, R14=0x000007f7f067e000, R15=0x0000000000000000
RIP=0x000007f95e1e8bc0, EFLAGS=0x0000000000010213

Top of Stack: (sp=0x0000000016a1f420)
0x0000000016a1f420:   00000000000009c8 0000000007acadb4
0x0000000016a1f430:   0000000016a1f430 00000006fb73fe81
0x0000000016a1f440:   0000000016a1f490 00000006fb7423b0
0x0000000016a1f450:   00000006fc58c710 00000006fb73fe98
0x0000000016a1f460:   0000000000000000 0000000016a1f488
0x0000000016a1f470:   0000000016a1f4d8 0000000002d66374
0x0000000016a1f480:   000000007ff843da 000007f95b4710ea
0x0000000016a1f490:   0000000000000000 0000000016a1f498
0x0000000016a1f4a0:   0000110edd3f1515 0000000016a1f518
0x0000000016a1f4b0:   0000000000000004 0000000000000001
0x0000000016a1f4c0:   00000000193e7050 00000000ff000000
0x0000000016a1f4d0:   0000000000000000 0000000000000000
0x0000000016a1f4e0:   000007f7f067e000 000007f95e1df4d4
0x0000000016a1f4f0:   0000000000000000 0000000000000000
0x0000000016a1f500:   0000000014cefb98 0000000016a1f508
0x0000000016a1f510:   0000000000000000 0000000014ccd1d8 

Instructions: (pc=0x000007f95e1e8bc0)
0x000007f95e1e8ba0:   43 08 a8 01 0f 85 bd 67 ff ff 8b c8 2b cd f0 0f
0x000007f95e1e8bb0:   b1 4b 08 75 ea 48 8b 03 33 ed 48 83 f8 ff 74 03
0x000007f95e1e8bc0:   ff 40 24 41 bf 82 03 fe 7f 41 80 3f 00 0f 85 69
0x000007f95e1e8bd0:   7a 0e 00 48 83 fe ff 0f 84 bf 7a 0e 00 4c 8b c7 


Register to memory mapping:

RAX=0x0000000000000000 is an unknown value
RBX=0x0000000014cefb98 is an unknown value
RCX=0x00000000fffffffc is an unknown value
RDX=0x00000000000009c8 is an unknown value
RSP=0x0000000016a1f420 is pointing into the stack for thread: 0x0000000014ccd000
RBP=0x0000000000000000 is an unknown value
RSI=0x00000000000009c8 is an unknown value
RDI=0x0000000000000000 is an unknown value
R8 =0xffffffffffffffff is an unknown value
R9 =0x0000000000000004 is an unknown value
R10=0x0000000000000000 is an unknown value
R11=0x0000000000000246 is an unknown value
R12=0x0000000000000000 is an unknown value
R13=0x0000000000000000 is an unknown value
R14=0x000007f7f067e000 is an unknown value
R15=0x0000000000000000 is an unknown value


Stack: [0x0000000016920000,0x0000000016a20000],  sp=0x0000000016a1f420,  free space=1021k
Native frames: (J=compiled Java code, j=interpreted, Vv=VM code, C=native code)
C  [ntdll.dll+0x18bc0]  RtlQueueWorkItem+0x8a0

[error occurred during error reporting (printing native stack), id 0xc0000005]

Java frames: (J=compiled Java code, j=interpreted, Vv=VM code)
j  com.googlecode.javacv.cpp.opencv_highgui.cvRetrieveFrame(Lcom/googlecode/javacv/cpp/opencv_highgui$CvCapture;I)Lcom/googlecode/javacv/cpp/opencv_core$IplImage;+0
j  com.googlecode.javacv.cpp.opencv_highgui.cvRetrieveFrame(Lcom/googlecode/javacv/cpp/opencv_highgui$CvCapture;)Lcom/googlecode/javacv/cpp/opencv_core$IplImage;+2
j  com.googlecode.javacv.OpenCVFrameGrabber.grab()Lcom/googlecode/javacv/cpp/opencv_core$IplImage;+4
j  emcscanner.kth.se.CameraPanel$1.run()V+15
v  ~StubRoutines::call_stub

---------------  P R O C E S S  ---------------

Java Threads: ( => current thread )
  0x0000000015191800 JavaThread "Thread-0" daemon [_thread_in_native, id=5656, stack(0x0000000015620000,0x0000000015720000)]
  0x0000000015196800 JavaThread "ICEpdf-pagePainter" daemon [_thread_blocked, id=6884, stack(0x00000000211c0000,0x00000000212c0000)]
  0x0000000021f41800 JavaThread "ICEpdf-pageInitializer" daemon [_thread_blocked, id=8260, stack(0x0000000020f90000,0x0000000021090000)]
  0x0000000002b5e000 JavaThread "DestroyJavaVM" [_thread_blocked, id=8232, stack(0x0000000002b60000,0x0000000002c60000)]
  0x00000000152ad000 JavaThread "TimerQueue" daemon [_thread_blocked, id=8556, stack(0x000000001fc50000,0x000000001fd50000)]
  0x0000000014f95000 JavaThread "threadDisplayDensity" daemon [_thread_blocked, id=3876, stack(0x000000001c010000,0x000000001c110000)]
  0x0000000014f94800 JavaThread "AWT-EventQueue-0" [_thread_blocked, id=8592, stack(0x000000001bf10000,0x000000001c010000)]
  0x0000000014f93800 JavaThread "threadDisplay" daemon [_thread_blocked, id=7564, stack(0x000000001be10000,0x000000001bf10000)]
  0x00000000141c6000 JavaThread "AWT-Shutdown" [_thread_blocked, id=9080, stack(0x0000000016a20000,0x0000000016b20000)]
=>0x0000000014ccd000 JavaThread "threadDisplay" daemon [_thread_in_native, id=5500, stack(0x0000000016920000,0x0000000016a20000)]
  0x0000000013f99000 JavaThread "AWT-Windows" daemon [_thread_in_native, id=8204, stack(0x0000000014880000,0x0000000014980000)]
  0x0000000013f93800 JavaThread "Java2D Disposer" daemon [_thread_blocked, id=8820, stack(0x0000000014680000,0x0000000014780000)]
  0x0000000011887000 JavaThread "Service Thread" daemon [_thread_blocked, id=2744, stack(0x0000000013c80000,0x0000000013d80000)]
  0x0000000011884800 JavaThread "C2 CompilerThread1" daemon [_thread_blocked, id=4236, stack(0x0000000013b80000,0x0000000013c80000)]
  0x000000001187a000 JavaThread "C2 CompilerThread0" daemon [_thread_blocked, id=8580, stack(0x0000000013a80000,0x0000000013b80000)]
  0x0000000011879000 JavaThread "Attach Listener" daemon [_thread_blocked, id=8256, stack(0x0000000013980000,0x0000000013a80000)]
  0x000000001186c000 JavaThread "Signal Dispatcher" daemon [_thread_blocked, id=6332, stack(0x0000000013880000,0x0000000013980000)]
  0x0000000011810000 JavaThread "Finalizer" daemon [_thread_blocked, id=8524, stack(0x0000000013780000,0x0000000013880000)]
  0x0000000011809000 JavaThread "Reference Handler" daemon [_thread_blocked, id=5268, stack(0x0000000013680000,0x0000000013780000)]

Other Threads:
  0x0000000011801800 VMThread [stack: 0x0000000013580000,0x0000000013680000] [id=8792]
  0x00000000118a4000 WatcherThread [stack: 0x0000000013d80000,0x0000000013e80000] [id=8012]

VM state:not at safepoint (normal execution)

VM Mutex/Monitor currently owned by a thread: None

Heap
 PSYoungGen      total 305088K, used 249711K [0x00000007aacb0000, 0x00000007c4ff0000, 0x0000000800000000)
  eden space 241024K, 82% used [0x00000007aacb0000,0x00000007b6ee3988,0x00000007b9810000)
  from space 64064K, 79% used [0x00000007b9810000,0x00000007bc9b84d0,0x00000007bd6a0000)
  to   space 70656K, 0% used [0x00000007c0af0000,0x00000007c0af0000,0x00000007c4ff0000)
 ParOldGen       total 367104K, used 35603K [0x0000000700600000, 0x0000000716c80000, 0x00000007aacb0000)
  object space 367104K, 9% used [0x0000000700600000,0x00000007028c4f80,0x0000000716c80000)
 PSPermGen       total 35456K, used 18010K [0x00000006fb400000, 0x00000006fd6a0000, 0x0000000700600000)
  object space 35456K, 50% used [0x00000006fb400000,0x00000006fc5968d8,0x00000006fd6a0000)

Card table byte_map: [0x0000000005e20000,0x0000000006650000] byte_map_base: 0x0000000002646000

Polling page: 0x0000000002a70000

Code Cache  [0x0000000002d60000, 0x0000000002fd0000, 0x0000000005d60000)
 total_blobs=875 nmethods=285 adapters=541 free_code_cache=47769Kb largest_free_block=48868288

Compilation events (10 events):
Event: 10.279 Thread 0x0000000011884800  285             java.awt.Component::getHeight (5 bytes)
Event: 10.279 Thread 0x0000000011884800 nmethod 285 0x0000000002eb97d0 code [0x0000000002eb9900, 0x0000000002eb9958]
Event: 10.346 Thread 0x000000001187a000  286             java.awt.Component::getWidth (5 bytes)
Event: 10.346 Thread 0x000000001187a000 nmethod 286 0x0000000002e0bf10 code [0x0000000002e0c040, 0x0000000002e0c098]
Event: 10.679 Thread 0x0000000011884800  287             javax.swing.JComponent::getHeight (5 bytes)
Event: 10.679 Thread 0x0000000011884800 nmethod 287 0x0000000002e0bd10 code [0x0000000002e0be40, 0x0000000002e0be98]
Event: 10.777 Thread 0x000000001187a000  288             javax.swing.JComponent::getWidth (5 bytes)
Event: 10.778 Thread 0x000000001187a000 nmethod 288 0x0000000002e0ba50 code [0x0000000002e0bb80, 0x0000000002e0bbd8]
Event: 10.888 Thread 0x0000000011884800  289             java.awt.image.SampleModel::getNumBands (5 bytes)
Event: 10.888 Thread 0x0000000011884800 nmethod 289 0x0000000002e23a90 code [0x0000000002e23bc0, 0x0000000002e23c18]

GC Heap History (10 events):
Event: 9.284 GC heap before
{Heap before GC invocations=10 (full 4):
 PSYoungGen      total 141824K, used 128861K [0x00000007aacb0000, 0x00000007c0d50000, 0x0000000800000000)
  eden space 130944K, 98% used [0x00000007aacb0000,0x00000007b2a87460,0x00000007b2c90000)
  from space 10880K, 0% used [0x00000007b2c90000,0x00000007b2c90000,0x00000007b3730000)
  to   space 49600K, 0% used [0x00000007bdce0000,0x00000007bdce0000,0x00000007c0d50000)
 ParOldGen       total 303488K, used 31564K [0x0000000700600000, 0x0000000712e60000, 0x00000007aacb0000)
  object space 303488K, 10% used [0x0000000700600000,0x00000007024d3310,0x0000000712e60000)
 PSPermGen       total 37632K, used 17967K [0x00000006fb400000, 0x00000006fd8c0000, 0x0000000700600000)
  object space 37632K, 47% used [0x00000006fb400000,0x00000006fc58bff8,0x00000006fd8c0000)
Event: 9.296 GC heap after
Heap after GC invocations=10 (full 4):
 PSYoungGen      total 222784K, used 47900K [0x00000007aacb0000, 0x00000007c0bb0000, 0x0000000800000000)
  eden space 174848K, 0% used [0x00000007aacb0000,0x00000007aacb0000,0x00000007b5770000)
  from space 47936K, 99% used [0x00000007bdce0000,0x00000007c0ba71b8,0x00000007c0bb0000)
  to   space 60672K, 0% used [0x00000007b9530000,0x00000007b9530000,0x00000007bd070000)
 ParOldGen       total 303488K, used 59282K [0x0000000700600000, 0x0000000712e60000, 0x00000007aacb0000)
  object space 303488K, 19% used [0x0000000700600000,0x0000000703fe4820,0x0000000712e60000)
 PSPermGen       total 37632K, used 17967K [0x00000006fb400000, 0x00000006fd8c0000, 0x0000000700600000)
  object space 37632K, 47% used [0x00000006fb400000,0x00000006fc58bff8,0x00000006fd8c0000)
}
Event: 9.612 GC heap before
{Heap before GC invocations=11 (full 4):
 PSYoungGen      total 222784K, used 221304K [0x00000007aacb0000, 0x00000007c0bb0000, 0x0000000800000000)
  eden space 174848K, 99% used [0x00000007aacb0000,0x00000007b56070c0,0x00000007b5770000)
  from space 47936K, 99% used [0x00000007bdce0000,0x00000007c0ba71b8,0x00000007c0bb0000)
  to   space 60672K, 0% used [0x00000007b9530000,0x00000007b9530000,0x00000007bd070000)
 ParOldGen       total 303488K, used 65357K [0x0000000700600000, 0x0000000712e60000, 0x00000007aacb0000)
  object space 303488K, 21% used [0x0000000700600000,0x00000007045d3430,0x0000000712e60000)
 PSPermGen       total 37632K, used 17969K [0x00000006fb400000, 0x00000006fd8c0000, 0x0000000700600000)
  object space 37632K, 47% used [0x00000006fb400000,0x00000006fc58c678,0x00000006fd8c0000)
Event: 9.621 GC heap after
Heap after GC invocations=11 (full 4):
 PSYoungGen      total 298752K, used 40363K [0x00000007aacb0000, 0x00000007c14c0000, 0x0000000800000000)
  eden space 238080K, 0% used [0x00000007aacb0000,0x00000007aacb0000,0x00000007b9530000)
  from space 60672K, 66% used [0x00000007b9530000,0x00000007bbc9adb0,0x00000007bd070000)
  to   space 63616K, 0% used [0x00000007bd6a0000,0x00000007bd6a0000,0x00000007c14c0000)
 ParOldGen       total 303488K, used 65357K [0x0000000700600000, 0x0000000712e60000, 0x00000007aacb0000)
  object space 303488K, 21% used [0x0000000700600000,0x00000007045d3430,0x0000000712e60000)
 PSPermGen       total 37632K, used 17969K [0x00000006fb400000, 0x00000006fd8c0000, 0x0000000700600000)
  object space 37632K, 47% used [0x00000006fb400000,0x00000006fc58c678,0x00000006fd8c0000)
}
Event: 10.212 GC heap before
{Heap before GC invocations=12 (full 4):
 PSYoungGen      total 298752K, used 278443K [0x00000007aacb0000, 0x00000007c14c0000, 0x0000000800000000)
  eden space 238080K, 100% used [0x00000007aacb0000,0x00000007b9530000,0x00000007b9530000)
  from space 60672K, 66% used [0x00000007b9530000,0x00000007bbc9adb0,0x00000007bd070000)
  to   space 63616K, 0% used [0x00000007bd6a0000,0x00000007bd6a0000,0x00000007c14c0000)
 ParOldGen       total 303488K, used 152096K [0x0000000700600000, 0x0000000712e60000, 0x00000007aacb0000)
  object space 303488K, 50% used [0x0000000700600000,0x0000000709a88370,0x0000000712e60000)
 PSPermGen       total 37632K, used 17970K [0x00000006fb400000, 0x00000006fd8c0000, 0x0000000700600000)
  object space 37632K, 47% used [0x00000006fb400000,0x00000006fc58c8e0,0x00000006fd8c0000)
Event: 10.213 GC heap after
Heap after GC invocations=12 (full 4):
 PSYoungGen      total 304640K, used 1565K [0x00000007aacb0000, 0x00000007c5d70000, 0x0000000800000000)
  eden space 241024K, 0% used [0x00000007aacb0000,0x00000007aacb0000,0x00000007b9810000)
  from space 63616K, 2% used [0x00000007bd6a0000,0x00000007bd827528,0x00000007c14c0000)
  to   space 64064K, 0% used [0x00000007b9810000,0x00000007b9810000,0x00000007bd6a0000)
 ParOldGen       total 303488K, used 152096K [0x0000000700600000, 0x0000000712e60000, 0x00000007aacb0000)
  object space 303488K, 50% used [0x0000000700600000,0x0000000709a88370,0x0000000712e60000)
 PSPermGen       total 37632K, used 17970K [0x00000006fb400000, 0x00000006fd8c0000, 0x0000000700600000)
  object space 37632K, 47% used [0x00000006fb400000,0x00000006fc58c8e0,0x00000006fd8c0000)
}
Event: 11.091 GC heap before
{Heap before GC invocations=13 (full 5):
 PSYoungGen      total 304640K, used 242542K [0x00000007aacb0000, 0x00000007c5d70000, 0x0000000800000000)
  eden space 241024K, 99% used [0x00000007aacb0000,0x00000007b9804430,0x00000007b9810000)
  from space 63616K, 2% used [0x00000007bd6a0000,0x00000007bd827528,0x00000007c14c0000)
  to   space 64064K, 0% used [0x00000007b9810000,0x00000007b9810000,0x00000007bd6a0000)
 ParOldGen       total 427584K, used 426738K [0x0000000700600000, 0x000000071a790000, 0x00000007aacb0000)
  object space 427584K, 99% used [0x0000000700600000,0x000000071a6bc9e0,0x000000071a790000)
 PSPermGen       total 37632K, used 17970K [0x00000006fb400000, 0x00000006fd8c0000, 0x0000000700600000)
  object space 37632K, 47% used [0x00000006fb400000,0x00000006fc58ca70,0x00000006fd8c0000)
Event: 11.119 GC heap after
Heap after GC invocations=13 (full 5):
 PSYoungGen      total 304640K, used 0K [0x00000007aacb0000, 0x00000007c5d70000, 0x0000000800000000)
  eden space 241024K, 0% used [0x00000007aacb0000,0x00000007aacb0000,0x00000007b9810000)
  from space 63616K, 0% used [0x00000007bd6a0000,0x00000007bd6a0000,0x00000007c14c0000)
  to   space 64064K, 0% used [0x00000007b9810000,0x00000007b9810000,0x00000007bd6a0000)
 ParOldGen       total 367104K, used 29528K [0x0000000700600000, 0x0000000716c80000, 0x00000007aacb0000)
  object space 367104K, 8% used [0x0000000700600000,0x00000007022d6370,0x0000000716c80000)
 PSPermGen       total 35456K, used 17970K [0x00000006fb400000, 0x00000006fd6a0000, 0x0000000700600000)
  object space 35456K, 50% used [0x00000006fb400000,0x00000006fc58ca70,0x00000006fd6a0000)
}
Event: 11.545 GC heap before
{Heap before GC invocations=14 (full 5):
 PSYoungGen      total 304640K, used 239193K [0x00000007aacb0000, 0x00000007c5d70000, 0x0000000800000000)
  eden space 241024K, 99% used [0x00000007aacb0000,0x00000007b9646680,0x00000007b9810000)
  from space 63616K, 0% used [0x00000007bd6a0000,0x00000007bd6a0000,0x00000007c14c0000)
  to   space 64064K, 0% used [0x00000007b9810000,0x00000007b9810000,0x00000007bd6a0000)
 ParOldGen       total 367104K, used 35603K [0x0000000700600000, 0x0000000716c80000, 0x00000007aacb0000)
  object space 367104K, 9% used [0x0000000700600000,0x00000007028c4f80,0x0000000716c80000)
 PSPermGen       total 35456K, used 17972K [0x00000006fb400000, 0x00000006fd6a0000, 0x0000000700600000)
  object space 35456K, 50% used [0x00000006fb400000,0x00000006fc58d0c8,0x00000006fd6a0000)
Event: 11.553 GC heap after
Heap after GC invocations=14 (full 5):
 PSYoungGen      total 305088K, used 50849K [0x00000007aacb0000, 0x00000007c4ff0000, 0x0000000800000000)
  eden space 241024K, 0% used [0x00000007aacb0000,0x00000007aacb0000,0x00000007b9810000)
  from space 64064K, 79% used [0x00000007b9810000,0x00000007bc9b84d0,0x00000007bd6a0000)
  to   space 70656K, 0% used [0x00000007c0af0000,0x00000007c0af0000,0x00000007c4ff0000)
 ParOldGen       total 367104K, used 35603K [0x0000000700600000, 0x0000000716c80000, 0x00000007aacb0000)
  object space 367104K, 9% used [0x0000000700600000,0x00000007028c4f80,0x0000000716c80000)
 PSPermGen       total 35456K, used 17972K [0x00000006fb400000, 0x00000006fd6a0000, 0x0000000700600000)
  object space 35456K, 50% used [0x00000006fb400000,0x00000006fc58d0c8,0x00000006fd6a0000)
}

Deoptimization events (10 events):
Event: 3.778 Thread 0x0000000021f41800 Uncommon trap -83 fr.pc 0x0000000002e23b04
Event: 3.795 Thread 0x0000000021f41800 Uncommon trap -83 fr.pc 0x0000000002e59b68
Event: 3.853 Thread 0x0000000021f41800 Uncommon trap -83 fr.pc 0x0000000002e53f7c
Event: 3.883 Thread 0x0000000021f41800 Uncommon trap -83 fr.pc 0x0000000002e46398
Event: 4.091 Thread 0x0000000015196800 Uncommon trap -83 fr.pc 0x0000000002e7d17c
Event: 9.172 Thread 0x0000000014f94800 Uncommon trap -122 fr.pc 0x0000000002eb6688
Event: 9.172 Thread 0x0000000014f94800 Uncommon trap -34 fr.pc 0x0000000002eb44a0
Event: 9.172 Thread 0x0000000014f94800 Uncommon trap -34 fr.pc 0x0000000002eb44a0
Event: 9.172 Thread 0x0000000014f94800 Uncommon trap -34 fr.pc 0x0000000002eb44a0
Event: 9.172 Thread 0x0000000014f94800 Uncommon trap -34 fr.pc 0x0000000002eb44a0

Internal exceptions (10 events):
Event: 3.928 Thread 0x0000000021f41800 Threw 0x00000007ab70c418 at C:\jdk7u1_64p\jdk7u7\hotspot\src\share\vm\prims\jvm.cpp:1166
Event: 3.928 Thread 0x0000000021f41800 Threw 0x00000007ab70f1e8 at C:\jdk7u1_64p\jdk7u7\hotspot\src\share\vm\prims\jvm.cpp:1166
Event: 3.929 Thread 0x0000000021f41800 Threw 0x00000007ab712398 at C:\jdk7u1_64p\jdk7u7\hotspot\src\share\vm\prims\jvm.cpp:1166
Event: 3.930 Thread 0x0000000021f41800 Threw 0x00000007ab715168 at C:\jdk7u1_64p\jdk7u7\hotspot\src\share\vm\prims\jvm.cpp:1166
Event: 4.062 Thread 0x0000000015196800 Threw 0x00000007abd01f58 at C:\jdk7u1_64p\jdk7u7\hotspot\src\share\vm\prims\jvm.cpp:1166
Event: 4.066 Thread 0x0000000015196800 Threw 0x00000007abd127e8 at C:\jdk7u1_64p\jdk7u7\hotspot\src\share\vm\prims\jvm.cpp:1166
Event: 4.267 Thread 0x0000000015196800 Threw 0x00000007ac6b4388 at C:\jdk7u1_64p\jdk7u7\hotspot\src\share\vm\prims\jvm.cpp:1166
Event: 9.145 Thread 0x0000000014f94800 Threw 0x00000007ad7e8510 at C:\jdk7u1_64p\jdk7u7\hotspot\src\share\vm\prims\jvm.cpp:1166
Event: 9.145 Thread 0x0000000014f94800 Threw 0x00000007ad7edaf8 at C:\jdk7u1_64p\jdk7u7\hotspot\src\share\vm\prims\jvm.cpp:1166
Event: 9.171 Thread 0x0000000014f94800 Threw 0x00000007aed1df78 at C:\jdk7u1_64p\jdk7u7\hotspot\src\share\vm\prims\jvm.cpp:1166

Events (10 events):
Event: 11.537 Executing VM operation: ParallelGCFailedAllocation
Event: 11.537 Executing VM operation: ParallelGCFailedAllocation done
Event: 11.545 Executing VM operation: ParallelGCSystemGC
Event: 11.553 Executing VM operation: ParallelGCSystemGC done
Event: 11.813 loading class 0x00000000151e2660
Event: 11.813 loading class 0x00000000151e2660 done
Event: 11.814 loading class 0x0000000014f98b60
Event: 11.814 loading class 0x0000000015180fd0
Event: 11.814 loading class 0x0000000015180fd0 done
Event: 11.814 loading class 0x0000000014f98b60 done


Dynamic libraries:
0x000007f7f0ad0000 - 0x000007f7f0b04000 	F:\Program Files\Java\Jre7\bin\javaw.exe
0x000007f95e1d0000 - 0x000007f95e38e000 	C:\WINDOWS\SYSTEM32\ntdll.dll
0x000007f95d7e0000 - 0x000007f95d916000 	C:\WINDOWS\system32\KERNEL32.DLL
0x000007f95b470000 - 0x000007f95b563000 	C:\WINDOWS\system32\KERNELBASE.dll
0x000007f95ca50000 - 0x000007f95cb2e000 	C:\WINDOWS\system32\ADVAPI32.dll
0x000007f95ce50000 - 0x000007f95cf9c000 	C:\WINDOWS\system32\USER32.dll
0x000007f958910000 - 0x000007f958b79000 	C:\WINDOWS\WinSxS\amd64_microsoft.windows.common-controls_6595b64144ccf1df_6.0.9200.16384_none_418c2a697189c07f\COMCTL32.dll
0x000007f95d590000 - 0x000007f95d635000 	C:\WINDOWS\system32\msvcrt.dll
0x000007f95db40000 - 0x000007f95db88000 	C:\WINDOWS\SYSTEM32\sechost.dll
0x000007f95d6a0000 - 0x000007f95d7e0000 	C:\WINDOWS\system32\RPCRT4.dll
0x000007f95b620000 - 0x000007f95b760000 	C:\WINDOWS\system32\GDI32.dll
0x000007f95dcd0000 - 0x000007f95dd09000 	C:\WINDOWS\system32\IMM32.DLL
0x000007f95cd30000 - 0x000007f95ce45000 	C:\WINDOWS\system32\MSCTF.dll
0x000007f95b0c0000 - 0x000007f95b0c8000 	C:\PROGRA~2\NVIDIA~1\3DVISI~1\NVSTIN~1.DLL
0x000007f95d990000 - 0x000007f95d997000 	C:\WINDOWS\system32\PSAPI.DLL
0x000000006f560000 - 0x000000006f603000 	C:\WINDOWS\WinSxS\amd64_microsoft.vc90.crt_1fc8b3b9a1e18e3b_9.0.30729.6871_none_08e717a5a83adddf\MSVCR90.dll
0x000000006db00000 - 0x000000006dbd1000 	F:\Program Files\Java\Jre7\bin\msvcr100.dll
0x000000006d3e0000 - 0x000000006daff000 	F:\Program Files\Java\Jre7\bin\server\jvm.dll
0x000007f953860000 - 0x000007f953869000 	C:\WINDOWS\SYSTEM32\WSOCK32.dll
0x000007f958800000 - 0x000007f958820000 	C:\WINDOWS\SYSTEM32\WINMM.dll
0x000007f95d920000 - 0x000007f95d978000 	C:\WINDOWS\system32\WS2_32.dll
0x000007f958100000 - 0x000007f958132000 	C:\WINDOWS\SYSTEM32\WINMMBASE.dll
0x000007f95dd10000 - 0x000007f95dd19000 	C:\WINDOWS\system32\NSI.dll
0x000000006d3d0000 - 0x000000006d3df000 	F:\Program Files\Java\Jre7\bin\verify.dll
0x000000006d3a0000 - 0x000000006d3c8000 	F:\Program Files\Java\Jre7\bin\java.dll
0x000000006d380000 - 0x000000006d395000 	F:\Program Files\Java\Jre7\bin\zip.dll
0x000000006c580000 - 0x000000006c713000 	F:\Program Files\Java\Jre7\bin\awt.dll
0x000007f95db90000 - 0x000007f95dc53000 	C:\WINDOWS\system32\OLEAUT32.dll
0x000007f95d3e0000 - 0x000007f95d590000 	C:\WINDOWS\system32\combase.dll
0x000007f955390000 - 0x000007f95542f000 	C:\WINDOWS\system32\apphelp.dll
0x000007f959ec0000 - 0x000007f959fa3000 	C:\WINDOWS\system32\uxtheme.dll
0x000007f9552f0000 - 0x000007f955385000 	C:\Program Files\Common Files\microsoft shared\ink\tiptsf.dll
0x000007f959650000 - 0x000007f959671000 	C:\WINDOWS\SYSTEM32\dwmapi.dll
0x000007f95cfa0000 - 0x000007f95d11e000 	C:\WINDOWS\system32\ole32.dll
0x000007f95af30000 - 0x000007f95af3a000 	C:\WINDOWS\SYSTEM32\CRYPTBASE.dll
0x000007f95aeb0000 - 0x000007f95af0c000 	C:\WINDOWS\SYSTEM32\bcryptPrimitives.dll
0x000007f95b760000 - 0x000007f95ca48000 	C:\WINDOWS\system32\SHELL32.dll
0x000007f95dc80000 - 0x000007f95dcd0000 	C:\WINDOWS\system32\SHLWAPI.dll
0x000007f95a290000 - 0x000007f95a326000 	C:\WINDOWS\SYSTEM32\shcore.dll
0x000000006e430000 - 0x000000006e4c8000 	C:\Windows\System32\msvcp100.dll
0x000007f946280000 - 0x000007f9464d8000 	C:\opencv\build\x64\vc10\bin\opencv_core243.dll
0x000007f9461e0000 - 0x000007f946275000 	C:\Users\Jonas\AppData\Local\Temp\javacpp182621633769144\jniopencv_core.dll
0x000007f945f30000 - 0x000007f9461d5000 	C:\opencv\build\x64\vc10\bin\opencv_imgproc243.dll
0x000007f94ab40000 - 0x000007f94ab88000 	C:\Users\Jonas\AppData\Local\Temp\javacpp182621633769144\jniopencv_imgproc.dll
0x0000000066840000 - 0x00000000675ca000 	C:\opencv\build\x64\vc10\bin\opencv_ffmpeg243_64.dll
0x000007f943c90000 - 0x000007f943edb000 	C:\opencv\build\x64\vc10\bin\opencv_highgui243.dll
0x000007f954980000 - 0x000007f9549a0000 	C:\WINDOWS\SYSTEM32\AVIFIL32.dll
0x000007f954a10000 - 0x000007f954a39000 	C:\WINDOWS\SYSTEM32\MSVFW32.dll
0x000007f954af0000 - 0x000007f954b07000 	C:\WINDOWS\SYSTEM32\AVICAP32.dll
0x000007f948660000 - 0x000007f948679000 	C:\WINDOWS\SYSTEM32\MSACM32.dll
0x000007f959620000 - 0x000007f959629000 	C:\WINDOWS\SYSTEM32\VERSION.dll
0x000007f9547c0000 - 0x000007f9547d3000 	C:\Users\Jonas\AppData\Local\Temp\javacpp182621633769144\jniopencv_highgui.dll
0x000007f95cc90000 - 0x000007f95cd26000 	C:\WINDOWS\SYSTEM32\clbcatq.dll
0x000007f952380000 - 0x000007f952397000 	C:\Windows\System32\devenum.dll
0x000007f95e000000 - 0x000007f95e1d0000 	C:\WINDOWS\system32\setupapi.dll
0x000007f95b390000 - 0x000007f95b3df000 	C:\WINDOWS\system32\CFGMGR32.dll
0x000007f95b440000 - 0x000007f95b462000 	C:\WINDOWS\system32\DEVOBJ.dll
0x000007f954440000 - 0x000007f95446e000 	C:\WINDOWS\SYSTEM32\ntmarta.dll
0x000007f95b3e0000 - 0x000007f95b435000 	C:\WINDOWS\system32\WINTRUST.dll
0x000007f95b1b0000 - 0x000007f95b387000 	C:\WINDOWS\system32\CRYPT32.dll
0x000007f95b190000 - 0x000007f95b1a6000 	C:\WINDOWS\system32\MSASN1.dll
0x000007f955430000 - 0x000007f95543d000 	C:\WINDOWS\SYSTEM32\msdmo.dll
0x000007f952150000 - 0x000007f95217f000 	C:\Windows\System32\qcap.dll
0x000007f942380000 - 0x000007f942538000 	C:\Windows\System32\quartz.dll
0x000007f9488e0000 - 0x000007f94891f000 	C:\Windows\System32\ksproxy.ax
0x000007f955b30000 - 0x000007f955b37000 	C:\Windows\System32\ksuser.dll
0x000007f94a240000 - 0x000007f94a440000 	C:\Windows\System32\d3d9.dll
0x000007f954950000 - 0x000007f95495c000 	C:\Windows\System32\vidcap.ax
0x000007f9520e0000 - 0x000007f952104000 	C:\Windows\System32\kswdmcap.ax
0x000007f943950000 - 0x000007f943aa4000 	C:\Windows\System32\MFC42.dll
0x000007f945e70000 - 0x000007f945f2e000 	C:\Windows\System32\ODBC32.dll
0x000007f945820000 - 0x000007f9458b5000 	C:\Windows\System32\qedit.dll
0x000007f95df50000 - 0x000007f95dff1000 	C:\WINDOWS\system32\COMDLG32.dll
0x000007f95d9a0000 - 0x000007f95db40000 	C:\WINDOWS\WinSxS\amd64_microsoft.windows.gdiplus_6595b64144ccf1df_1.1.9200.16384_none_72771d4ecc1c3a4d\gdiplus.dll
0x000007f942540000 - 0x000007f94262a000 	C:\WINDOWS\SYSTEM32\DDRAW.dll
0x000007f957440000 - 0x000007f957448000 	C:\WINDOWS\SYSTEM32\DCIMAN32.dll
0x000000006c540000 - 0x000000006c574000 	F:\Program Files\Java\Jre7\bin\fontmanager.dll
0x000007f93d8c0000 - 0x000007f93ea40000 	C:\WINDOWS\SYSTEM32\nvd3dumx.dll
0x000007f95afb0000 - 0x000007f95aff3000 	C:\WINDOWS\SYSTEM32\powrprof.dll
0x0000000180000000 - 0x0000000180116000 	C:\Program Files (x86)\NVIDIA Corporation\3D Vision\nvSCPAPI64.dll
0x000007f958830000 - 0x000007f9588a4000 	C:\WINDOWS\SYSTEM32\dxgi.dll
0x000007f957c90000 - 0x000007f957f52000 	C:\WINDOWS\SYSTEM32\nvapi64.dll
0x000007f958140000 - 0x000007f95815f000 	C:\WINDOWS\SYSTEM32\DXGIDebug.dll
0x000000006d360000 - 0x000000006d379000 	F:\Program Files\Java\Jre7\bin\net.dll
0x000007f95a920000 - 0x000007f95a97c000 	C:\WINDOWS\system32\mswsock.dll
0x000000006d340000 - 0x000000006d351000 	F:\Program Files\Java\Jre7\bin\nio.dll
0x000000006c4f0000 - 0x000000006c531000 	F:\Program Files\Java\Jre7\bin\t2k.dll
0x000007f958d90000 - 0x000007f958f1a000 	C:\WINDOWS\SYSTEM32\WindowsCodecs.dll
0x000007f95b0e0000 - 0x000007f95b0f5000 	C:\WINDOWS\SYSTEM32\profapi.dll
0x000007f957fd0000 - 0x000007f958039000 	C:\WINDOWS\SYSTEM32\oleacc.dll
0x000000006c4c0000 - 0x000000006c4ea000 	F:\Program Files\Java\Jre7\bin\dcpr.dll
0x000007f948020000 - 0x000007f948183000 	C:\WINDOWS\SYSTEM32\dbghelp.dll

VM Arguments:
jvm_args: -Dfile.encoding=Cp1252 
java_command: emcscanner.kth.se.Program
Launcher Type: SUN_STANDARD

Environment Variables:
PATH=C:\Program Files (x86)\NVIDIA Corporation\PhysX\Common;C:\WINDOWS\system32;C:\WINDOWS;C:\WINDOWS\System32\Wbem;C:\WINDOWS\System32\WindowsPowerShell\v1.0\;C:\Program Files (x86)\Microsoft SQL Server\90\Tools\binn\;C:\Program Files (x86)\Autodesk\Backburner\;F:\Program Files\MATLAB\R2012a\runtime\win64;F:\Program Files\MATLAB\R2012a\bin;PROGRAMFILES\Internet Explorer;C:\Program Files\Perforce;F:\Program Files\Perforce;C:\Program Files\Microsoft\Web Platform Installer\;C:\Program Files (x86)\Microsoft ASP.NET\ASP.NET Web Pages\v1.0\;C:\Program Files (x86)\Windows Kits\8.0\Windows Performance Toolkit\;C:\Program Files\Microsoft SQL Server\110\Tools\Binn\;F:\Program Files\Perforce\Server
USERNAME=Jonas
OS=Windows_NT
PROCESSOR_IDENTIFIER=Intel64 Family 6 Model 42 Stepping 7, GenuineIntel



---------------  S Y S T E M  ---------------

OS: Windows 8 , 64 bit Build 9200 

CPU:total 8 (4 cores per cpu, 2 threads per core) family 6 model 42 stepping 7, cmov, cx8, fxsr, mmx, sse, sse2, sse3, ssse3, sse4.1, sse4.2, popcnt, avx, ht, tsc, tscinvbit

Memory: 4k page, physical 16751668k(10787696k free), swap 33528884k(24423620k free)

vm_info: Java HotSpot(TM) 64-Bit Server VM (23.3-b01) for windows-amd64 JRE (1.7.0_07-b11), built on Sep  7 2012 01:19:25 by "java_re" with unknown MS VC++:1600

time: Thu Jan 31 02:39:22 2013
elapsed time: 12 seconds

