#
# A fatal error has been detected by the Java Runtime Environment:
#
#  EXCEPTION_ACCESS_VIOLATION (0xc0000005) at pc=0x000000000271f37a, pid=8936, tid=3468
#
# JRE version: 7.0_07-b11
# Java VM: Java HotSpot(TM) 64-Bit Server VM (23.3-b01 mixed mode windows-amd64 compressed oops)
# Problematic frame:
# J  com.googlecode.javacv.cpp.opencv_core$IplImage.flipCopyWithGamma(Ljava/nio/ByteBuffer;ILjava/nio/ByteBuffer;IZDZI)V
#
# Failed to write core dump. Minidumps are not enabled by default on client versions of Windows
#
# If you would like to submit a bug report, please visit:
#   http://bugreport.sun.com/bugreport/crash.jsp
#

---------------  T H R E A D  ---------------

Current thread (0x0000000018b30000):  JavaThread "threadDisplay" daemon [_thread_in_Java, id=3468, stack(0x0000000020d80000,0x0000000020e80000)]

siginfo: ExceptionCode=0xc0000005, reading address 0x00000000207d1000

Registers:
RAX=0x0000000000000091, RBX=0x00000000005eec00, RCX=0x0000000000000000, RDX=0x0000000020788050
RSP=0x0000000020e7ea40, RBP=0x00000007adc2b6c8, RSI=0x00000007affc4180, RDI=0x00000000005eec00
R8 =0x0000000000048fb0, R9 =0x0000000000048fb1, R10=0x000000000000167f, R11=0x00000000005eec00
R12=0x0000000000000000, R13=0x0000000000048fb0, R14=0x000000000000142f, R15=0x0000000018b30000
RIP=0x000000000271f37a, EFLAGS=0x0000000000010207

Top of Stack: (sp=0x0000000020e7ea40)
0x0000000020e7ea40:   00000000005eec00 00000000005eec00
0x0000000020e7ea50:   0000000000000000 00000000ffffffff
0x0000000020e7ea60:   3ff0000000000000 00000007adc2b688
0x0000000020e7ea70:   00000007adc2b6c8 3ff0000000000000
0x0000000020e7ea80:   00047b8000000000 df6ab9ce00047b80
0x0000000020e7ea90:   00001680df6c65d4 0000000000001680
0x0000000020e7eaa0:   00000007adc2b6f8 00001680ffffffff
0x0000000020e7eab0:   00000007adc2b6c8 00000007adc2b688
0x0000000020e7eac0:   00000000f5ff8830 00000007affc4180
0x0000000020e7ead0:   00000007adc2b6c8 00000007adc2b6c8
0x0000000020e7eae0:   0000000020e7eae0 00000006fb5556a7
0x0000000020e7eaf0:   0000000020e7eba0 00000000025c61f8
0x0000000020e7eb00:   0000000000000000 00000006fb5556b8
0x0000000020e7eb10:   00000000025c61f8 0000000000000000
0x0000000020e7eb20:   0000000000000000 3ff0000000000000
0x0000000020e7eb30:   0000000000000000 0000000000000000 

Instructions: (pc=0x000000000271f37a)
0x000000000271f35a:   10 44 3b c7 0f 8d 26 01 00 00 45 8b c8 41 ff c1
0x000000000271f36a:   44 89 4d 18 48 8b 6c 24 70 44 8b 6d 18 4d 63 c0
0x000000000271f37a:   42 0f b6 04 02 44 3b eb 0f 8d 32 01 00 00 45 8b
0x000000000271f38a:   cd 44 03 c9 41 ff c5 44 89 6d 18 45 3b cb 0f 83 


Register to memory mapping:

RAX=0x0000000000000091 is an unknown value
RBX=0x00000000005eec00 is an unknown value
RCX=0x0000000000000000 is an unknown value
RDX=0x0000000020788050 is an unknown value
RSP=0x0000000020e7ea40 is pointing into the stack for thread: 0x0000000018b30000
RBP=0x00000007adc2b6c8 is an oop
java.nio.HeapByteBuffer 
 - klass: 'java/nio/HeapByteBuffer'
RSI=0x00000007affc4180 is an oop
[B 
 - klass: {type array byte}
 - length: 6220800
RDI=0x00000000005eec00 is an unknown value
R8 =0x0000000000048fb0 is an unknown value
R9 =0x0000000000048fb1 is an unknown value
R10=0x000000000000167f is an unknown value
R11=0x00000000005eec00 is an unknown value
R12=0x0000000000000000 is an unknown value
R13=0x0000000000048fb0 is an unknown value
R14=0x000000000000142f is an unknown value
R15=0x0000000018b30000 is a thread


Stack: [0x0000000020d80000,0x0000000020e80000],  sp=0x0000000020e7ea40,  free space=1018k
Native frames: (J=compiled Java code, j=interpreted, Vv=VM code, C=native code)
J  com.googlecode.javacv.cpp.opencv_core$IplImage.flipCopyWithGamma(Ljava/nio/ByteBuffer;ILjava/nio/ByteBuffer;IZDZI)V


---------------  P R O C E S S  ---------------

Java Threads: ( => current thread )
  0x000000001a5cf000 JavaThread "Thread-0" daemon [_thread_in_native, id=7892, stack(0x00000000183f0000,0x00000000184f0000)]
  0x000000001a5cd000 JavaThread "Thread-3" [_thread_in_native, id=7404, stack(0x0000000016120000,0x0000000016220000)]
  0x000000001a5cd800 JavaThread "ICEpdf-pagePainter" daemon [_thread_blocked, id=3616, stack(0x00000000212c0000,0x00000000213c0000)]
  0x0000000019e23000 JavaThread "ICEpdf-pageInitializer" daemon [_thread_blocked, id=7584, stack(0x0000000021090000,0x0000000021190000)]
  0x00000000025be000 JavaThread "DestroyJavaVM" [_thread_blocked, id=8508, stack(0x00000000022c0000,0x00000000023c0000)]
=>0x0000000018b30000 JavaThread "threadDisplay" daemon [_thread_in_Java, id=3468, stack(0x0000000020d80000,0x0000000020e80000)]
  0x000000001877b000 JavaThread "TimerQueue" daemon [_thread_blocked, id=7796, stack(0x0000000018df0000,0x0000000018ef0000)]
  0x0000000013897800 JavaThread "AWT-EventQueue-0" [_thread_blocked, id=4592, stack(0x0000000018cf0000,0x0000000018df0000)]
  0x0000000013725000 JavaThread "AWT-Windows" daemon [_thread_in_native, id=7352, stack(0x0000000014230000,0x0000000014330000)]
  0x0000000013724800 JavaThread "AWT-Shutdown" [_thread_blocked, id=1968, stack(0x0000000014130000,0x0000000014230000)]
  0x000000001371b800 JavaThread "Java2D Disposer" daemon [_thread_blocked, id=8820, stack(0x0000000014030000,0x0000000014130000)]
  0x0000000011029800 JavaThread "Service Thread" daemon [_thread_blocked, id=8588, stack(0x0000000013400000,0x0000000013500000)]
  0x000000001101c800 JavaThread "C2 CompilerThread1" daemon [_thread_blocked, id=8224, stack(0x0000000013300000,0x0000000013400000)]
  0x0000000011019000 JavaThread "C2 CompilerThread0" daemon [_thread_blocked, id=9100, stack(0x0000000013200000,0x0000000013300000)]
  0x0000000011017800 JavaThread "Attach Listener" daemon [_thread_blocked, id=612, stack(0x0000000013100000,0x0000000013200000)]
  0x000000001100b000 JavaThread "Signal Dispatcher" daemon [_thread_blocked, id=8308, stack(0x0000000013000000,0x0000000013100000)]
  0x0000000010fae800 JavaThread "Finalizer" daemon [_thread_blocked, id=6028, stack(0x0000000012f00000,0x0000000013000000)]
  0x0000000010fa7000 JavaThread "Reference Handler" daemon [_thread_blocked, id=4608, stack(0x0000000012e00000,0x0000000012f00000)]

Other Threads:
  0x0000000010fa2000 VMThread [stack: 0x0000000012d00000,0x0000000012e00000] [id=8232]
  0x0000000011046800 WatcherThread [stack: 0x0000000013500000,0x0000000013600000] [id=8088]

VM state:not at safepoint (normal execution)

VM Mutex/Monitor currently owned by a thread: None

Heap
 PSYoungGen      total 475712K, used 115165K [0x00000007aacb0000, 0x00000007d6c70000, 0x0000000800000000)
  eden space 457152K, 21% used [0x00000007aacb0000,0x00000007b0b131d0,0x00000007c6b20000)
  from space 18560K, 99% used [0x00000007d5a50000,0x00000007d6c64430,0x00000007d6c70000)
  to   space 35072K, 0% used [0x00000007d27f0000,0x00000007d27f0000,0x00000007d4a30000)
 ParOldGen       total 147840K, used 47587K [0x0000000700600000, 0x0000000709660000, 0x00000007aacb0000)
  object space 147840K, 32% used [0x0000000700600000,0x0000000703478ec0,0x0000000709660000)
 PSPermGen       total 39936K, used 17972K [0x00000006fb400000, 0x00000006fdb00000, 0x0000000700600000)
  object space 39936K, 45% used [0x00000006fb400000,0x00000006fc58d2a8,0x00000006fdb00000)

Card table byte_map: [0x00000000055c0000,0x0000000005df0000] byte_map_base: 0x0000000001de6000

Polling page: 0x0000000000ab0000

Code Cache  [0x00000000025c0000, 0x0000000002830000, 0x00000000055c0000)
 total_blobs=953 nmethods=363 adapters=541 free_code_cache=47645Kb largest_free_block=48752320

Compilation events (10 events):
Event: 35.591 Thread 0x000000001101c800  369             javax.swing.TimerQueue::now (8 bytes)
Event: 35.591 Thread 0x000000001101c800 nmethod 369 0x0000000002731950 code [0x0000000002731a80, 0x0000000002731ad8]
Event: 37.093 Thread 0x0000000011019000  370             java.awt.image.Raster::getNumDataElements (8 bytes)
Event: 37.093 Thread 0x0000000011019000 nmethod 370 0x0000000002664e90 code [0x0000000002664fe0, 0x0000000002665078]
Event: 37.346 Thread 0x000000001101c800  371             sun.awt.EventQueueItem::<init> (10 bytes)
Event: 37.346 Thread 0x000000001101c800 nmethod 371 0x0000000002664c90 code [0x0000000002664dc0, 0x0000000002664e38]
Event: 37.864 Thread 0x0000000011019000  372   !         java.awt.KeyboardFocusManager::clearMostRecentFocusOwner (111 bytes)
Event: 37.868 Thread 0x0000000011019000 nmethod 372 0x0000000002730b50 code [0x0000000002730d00, 0x0000000002731508]
Event: 38.147 Thread 0x000000001101c800  373             java.util.concurrent.locks.AbstractQueuedSynchronizer$ConditionObject::signalAll (33 bytes)
Event: 38.149 Thread 0x000000001101c800 nmethod 373 0x000000000266a310 code [0x000000000266a460, 0x000000000266a5d8]

GC Heap History (10 events):
Event: 27.827 GC heap before
{Heap before GC invocations=14 (full 2):
 PSYoungGen      total 606592K, used 578544K [0x00000007aacb0000, 0x00000007dca80000, 0x0000000800000000)
  eden space 564928K, 99% used [0x00000007aacb0000,0x00000007ccf9fc88,0x00000007cd460000)
  from space 41664K, 44% used [0x00000007cd460000,0x00000007ce66c430,0x00000007cfd10000)
  to   space 40512K, 0% used [0x00000007da2f0000,0x00000007da2f0000,0x00000007dca80000)
 ParOldGen       total 147840K, used 47555K [0x0000000700600000, 0x0000000709660000, 0x00000007aacb0000)
  object space 147840K, 32% used [0x0000000700600000,0x0000000703470ec0,0x0000000709660000)
 PSPermGen       total 39936K, used 17902K [0x00000006fb400000, 0x00000006fdb00000, 0x0000000700600000)
  object space 39936K, 44% used [0x00000006fb400000,0x00000006fc57b9b8,0x00000006fdb00000)
Event: 27.836 GC heap after
Heap after GC invocations=14 (full 2):
 PSYoungGen      total 559680K, used 18481K [0x00000007aacb0000, 0x00000007db500000, 0x0000000800000000)
  eden space 541184K, 0% used [0x00000007aacb0000,0x00000007aacb0000,0x00000007cbd30000)
  from space 18496K, 99% used [0x00000007da2f0000,0x00000007db4fc430,0x00000007db500000)
  to   space 39424K, 0% used [0x00000007d6800000,0x00000007d6800000,0x00000007d8e80000)
 ParOldGen       total 147840K, used 47579K [0x0000000700600000, 0x0000000709660000, 0x00000007aacb0000)
  object space 147840K, 32% used [0x0000000700600000,0x0000000703476ec0,0x0000000709660000)
 PSPermGen       total 39936K, used 17902K [0x00000006fb400000, 0x00000006fdb00000, 0x0000000700600000)
  object space 39936K, 44% used [0x00000006fb400000,0x00000006fc57b9b8,0x00000006fdb00000)
}
Event: 30.892 GC heap before
{Heap before GC invocations=15 (full 2):
 PSYoungGen      total 559680K, used 554245K [0x00000007aacb0000, 0x00000007db500000, 0x0000000800000000)
  eden space 541184K, 98% used [0x00000007aacb0000,0x00000007cb7e5278,0x00000007cbd30000)
  from space 18496K, 99% used [0x00000007da2f0000,0x00000007db4fc430,0x00000007db500000)
  to   space 39424K, 0% used [0x00000007d6800000,0x00000007d6800000,0x00000007d8e80000)
 ParOldGen       total 147840K, used 47579K [0x0000000700600000, 0x0000000709660000, 0x00000007aacb0000)
  object space 147840K, 32% used [0x0000000700600000,0x0000000703476ec0,0x0000000709660000)
 PSPermGen       total 39936K, used 17908K [0x00000006fb400000, 0x00000006fdb00000, 0x0000000700600000)
  object space 39936K, 44% used [0x00000006fb400000,0x00000006fc57d130,0x00000006fdb00000)
Event: 30.901 GC heap after
Heap after GC invocations=15 (full 2):
 PSYoungGen      total 537088K, used 18449K [0x00000007aacb0000, 0x00000007da300000, 0x0000000800000000)
  eden space 518592K, 0% used [0x00000007aacb0000,0x00000007aacb0000,0x00000007ca720000)
  from space 18496K, 99% used [0x00000007d6800000,0x00000007d7a04430,0x00000007d7a10000)
  to   space 38336K, 0% used [0x00000007d7d90000,0x00000007d7d90000,0x00000007da300000)
 ParOldGen       total 147840K, used 47579K [0x0000000700600000, 0x0000000709660000, 0x00000007aacb0000)
  object space 147840K, 32% used [0x0000000700600000,0x0000000703476ec0,0x0000000709660000)
 PSPermGen       total 39936K, used 17908K [0x00000006fb400000, 0x00000006fdb00000, 0x0000000700600000)
  object space 39936K, 44% used [0x00000006fb400000,0x00000006fc57d130,0x00000006fdb00000)
}
Event: 33.659 GC heap before
{Heap before GC invocations=16 (full 2):
 PSYoungGen      total 537088K, used 534515K [0x00000007aacb0000, 0x00000007da300000, 0x0000000800000000)
  eden space 518592K, 99% used [0x00000007aacb0000,0x00000007ca4a88c8,0x00000007ca720000)
  from space 18496K, 99% used [0x00000007d6800000,0x00000007d7a04430,0x00000007d7a10000)
  to   space 38336K, 0% used [0x00000007d7d90000,0x00000007d7d90000,0x00000007da300000)
 ParOldGen       total 147840K, used 47579K [0x0000000700600000, 0x0000000709660000, 0x00000007aacb0000)
  object space 147840K, 32% used [0x0000000700600000,0x0000000703476ec0,0x0000000709660000)
 PSPermGen       total 39936K, used 17923K [0x00000006fb400000, 0x00000006fdb00000, 0x0000000700600000)
  object space 39936K, 44% used [0x00000006fb400000,0x00000006fc580f90,0x00000006fdb00000)
Event: 33.668 GC heap after
Heap after GC invocations=16 (full 2):
 PSYoungGen      total 515584K, used 18481K [0x00000007aacb0000, 0x00000007d8fa0000, 0x0000000800000000)
  eden space 497088K, 0% used [0x00000007aacb0000,0x00000007aacb0000,0x00000007c9220000)
  from space 18496K, 99% used [0x00000007d7d90000,0x00000007d8f9c430,0x00000007d8fa0000)
  to   space 37184K, 0% used [0x00000007d4700000,0x00000007d4700000,0x00000007d6b50000)
 ParOldGen       total 147840K, used 47587K [0x0000000700600000, 0x0000000709660000, 0x00000007aacb0000)
  object space 147840K, 32% used [0x0000000700600000,0x0000000703478ec0,0x0000000709660000)
 PSPermGen       total 39936K, used 17923K [0x00000006fb400000, 0x00000006fdb00000, 0x0000000700600000)
  object space 39936K, 44% used [0x00000006fb400000,0x00000006fc580f90,0x00000006fdb00000)
}
Event: 36.356 GC heap before
{Heap before GC invocations=17 (full 2):
 PSYoungGen      total 515584K, used 511580K [0x00000007aacb0000, 0x00000007d8fa0000, 0x0000000800000000)
  eden space 497088K, 99% used [0x00000007aacb0000,0x00000007c8e3ac50,0x00000007c9220000)
  from space 18496K, 99% used [0x00000007d7d90000,0x00000007d8f9c430,0x00000007d8fa0000)
  to   space 37184K, 0% used [0x00000007d4700000,0x00000007d4700000,0x00000007d6b50000)
 ParOldGen       total 147840K, used 47587K [0x0000000700600000, 0x0000000709660000, 0x00000007aacb0000)
  object space 147840K, 32% used [0x0000000700600000,0x0000000703478ec0,0x0000000709660000)
 PSPermGen       total 39936K, used 17939K [0x00000006fb400000, 0x00000006fdb00000, 0x0000000700600000)
  object space 39936K, 44% used [0x00000006fb400000,0x00000006fc584df0,0x00000006fdb00000)
Event: 36.366 GC heap after
Heap after GC invocations=17 (full 2):
 PSYoungGen      total 495104K, used 18449K [0x00000007aacb0000, 0x00000007d7da0000, 0x0000000800000000)
  eden space 476608K, 0% used [0x00000007aacb0000,0x00000007aacb0000,0x00000007c7e20000)
  from space 18496K, 99% used [0x00000007d4700000,0x00000007d5904430,0x00000007d5910000)
  to   space 36160K, 0% used [0x00000007d5a50000,0x00000007d5a50000,0x00000007d7da0000)
 ParOldGen       total 147840K, used 47587K [0x0000000700600000, 0x0000000709660000, 0x00000007aacb0000)
  object space 147840K, 32% used [0x0000000700600000,0x0000000703478ec0,0x0000000709660000)
 PSPermGen       total 39936K, used 17939K [0x00000006fb400000, 0x00000006fdb00000, 0x0000000700600000)
  object space 39936K, 44% used [0x00000006fb400000,0x00000006fc584df0,0x00000006fdb00000)
}
Event: 38.617 GC heap before
{Heap before GC invocations=18 (full 2):
 PSYoungGen      total 495104K, used 493246K [0x00000007aacb0000, 0x00000007d7da0000, 0x0000000800000000)
  eden space 476608K, 99% used [0x00000007aacb0000,0x00000007c7c5b3d8,0x00000007c7e20000)
  from space 18496K, 99% used [0x00000007d4700000,0x00000007d5904430,0x00000007d5910000)
  to   space 36160K, 0% used [0x00000007d5a50000,0x00000007d5a50000,0x00000007d7da0000)
 ParOldGen       total 147840K, used 47587K [0x0000000700600000, 0x0000000709660000, 0x00000007aacb0000)
  object space 147840K, 32% used [0x0000000700600000,0x0000000703478ec0,0x0000000709660000)
 PSPermGen       total 39936K, used 17945K [0x00000006fb400000, 0x00000006fdb00000, 0x0000000700600000)
  object space 39936K, 44% used [0x00000006fb400000,0x00000006fc586548,0x00000006fdb00000)
Event: 38.622 GC heap after
Heap after GC invocations=18 (full 2):
 PSYoungGen      total 475712K, used 18513K [0x00000007aacb0000, 0x00000007d6c70000, 0x0000000800000000)
  eden space 457152K, 0% used [0x00000007aacb0000,0x00000007aacb0000,0x00000007c6b20000)
  from space 18560K, 99% used [0x00000007d5a50000,0x00000007d6c64430,0x00000007d6c70000)
  to   space 35072K, 0% used [0x00000007d27f0000,0x00000007d27f0000,0x00000007d4a30000)
 ParOldGen       total 147840K, used 47587K [0x0000000700600000, 0x0000000709660000, 0x00000007aacb0000)
  object space 147840K, 32% used [0x0000000700600000,0x0000000703478ec0,0x0000000709660000)
 PSPermGen       total 39936K, used 17945K [0x00000006fb400000, 0x00000006fdb00000, 0x0000000700600000)
  object space 39936K, 44% used [0x00000006fb400000,0x00000006fc586548,0x00000006fdb00000)
}

Deoptimization events (10 events):
Event: 4.023 Thread 0x0000000019e23000 Uncommon trap -83 fr.pc 0x00000000026d94cc
Event: 4.051 Thread 0x0000000019e23000 Uncommon trap -83 fr.pc 0x000000000268fe98
Event: 15.434 Thread 0x0000000013897800 Uncommon trap -83 fr.pc 0x000000000266a378
Event: 15.434 Thread 0x0000000013897800 Uncommon trap -83 fr.pc 0x0000000002664d7c
Event: 15.436 Thread 0x0000000013897800 Uncommon trap -34 fr.pc 0x000000000269a150
Event: 15.436 Thread 0x0000000013897800 Uncommon trap -34 fr.pc 0x000000000269a150
Event: 16.559 Thread 0x0000000013897800 Uncommon trap -34 fr.pc 0x000000000269a150
Event: 16.559 Thread 0x0000000013897800 Uncommon trap -34 fr.pc 0x000000000269a150
Event: 20.628 Thread 0x0000000013897800 Uncommon trap -83 fr.pc 0x0000000002712760
Event: 22.986 Thread 0x0000000013897800 Uncommon trap -83 fr.pc 0x0000000002712e5c

Internal exceptions (10 events):
Event: 4.094 Thread 0x0000000019e23000 Threw 0x00000007ae5761d0 at C:\jdk7u1_64p\jdk7u7\hotspot\src\share\vm\prims\jvm.cpp:1166
Event: 4.096 Thread 0x0000000019e23000 Threw 0x00000007ae586638 at C:\jdk7u1_64p\jdk7u7\hotspot\src\share\vm\prims\jvm.cpp:1166
Event: 4.097 Thread 0x0000000019e23000 Threw 0x00000007ae589408 at C:\jdk7u1_64p\jdk7u7\hotspot\src\share\vm\prims\jvm.cpp:1166
Event: 4.098 Thread 0x0000000019e23000 Threw 0x00000007ae58c5b8 at C:\jdk7u1_64p\jdk7u7\hotspot\src\share\vm\prims\jvm.cpp:1166
Event: 4.098 Thread 0x0000000019e23000 Threw 0x00000007ae58f388 at C:\jdk7u1_64p\jdk7u7\hotspot\src\share\vm\prims\jvm.cpp:1166
Event: 4.219 Thread 0x000000001a5cd800 Threw 0x00000007ab15a3d8 at C:\jdk7u1_64p\jdk7u7\hotspot\src\share\vm\prims\jvm.cpp:1166
Event: 4.223 Thread 0x000000001a5cd800 Threw 0x00000007ab16ac68 at C:\jdk7u1_64p\jdk7u7\hotspot\src\share\vm\prims\jvm.cpp:1166
Event: 4.410 Thread 0x000000001a5cd800 Threw 0x00000007ac31f948 at C:\jdk7u1_64p\jdk7u7\hotspot\src\share\vm\prims\jvm.cpp:1166
Event: 15.434 Thread 0x0000000013897800 Implicit null exception at 0x000000000266a016 to 0x000000000266a361
Event: 15.434 Thread 0x0000000013897800 Implicit null exception at 0x0000000002664a16 to 0x0000000002664d65

Events (10 events):
Event: 30.892 Executing VM operation: ParallelGCFailedAllocation
Event: 30.902 Executing VM operation: ParallelGCFailedAllocation done
Event: 33.659 Executing VM operation: ParallelGCFailedAllocation
Event: 33.668 Executing VM operation: ParallelGCFailedAllocation done
Event: 35.591 Thread 0x000000001101c800 flushing nmethod 0x0000000002664890
Event: 36.356 Executing VM operation: ParallelGCFailedAllocation
Event: 36.366 Executing VM operation: ParallelGCFailedAllocation done
Event: 37.093 Thread 0x0000000011019000 flushing nmethod 0x0000000002669e90
Event: 38.617 Executing VM operation: ParallelGCFailedAllocation
Event: 38.622 Executing VM operation: ParallelGCFailedAllocation done


Dynamic libraries:
0x000007f617cb0000 - 0x000007f617ce4000 	F:\Program Files\Java\Jre7\bin\javaw.exe
0x000007fe83490000 - 0x000007fe8364e000 	C:\WINDOWS\SYSTEM32\ntdll.dll
0x000007fe83350000 - 0x000007fe83486000 	C:\WINDOWS\system32\KERNEL32.DLL
0x000007fe80580000 - 0x000007fe80673000 	C:\WINDOWS\system32\KERNELBASE.dll
0x000007fe82eb0000 - 0x000007fe82f8e000 	C:\WINDOWS\system32\ADVAPI32.dll
0x000007fe80a10000 - 0x000007fe80b5c000 	C:\WINDOWS\system32\USER32.dll
0x000007fe7db90000 - 0x000007fe7ddf9000 	C:\WINDOWS\WinSxS\amd64_microsoft.windows.common-controls_6595b64144ccf1df_6.0.9200.16384_none_418c2a697189c07f\COMCTL32.dll
0x000007fe82890000 - 0x000007fe82935000 	C:\WINDOWS\system32\msvcrt.dll
0x000007fe82840000 - 0x000007fe82888000 	C:\WINDOWS\SYSTEM32\sechost.dll
0x000007fe82970000 - 0x000007fe82ab0000 	C:\WINDOWS\system32\RPCRT4.dll
0x000007fe82ab0000 - 0x000007fe82bf0000 	C:\WINDOWS\system32\GDI32.dll
0x000007fe80b60000 - 0x000007fe80b99000 	C:\WINDOWS\system32\IMM32.DLL
0x000007fe82720000 - 0x000007fe82835000 	C:\WINDOWS\system32\MSCTF.dll
0x000007fe80380000 - 0x000007fe80388000 	C:\PROGRA~2\NVIDIA~1\3DVISI~1\NVSTIN~1.DLL
0x000007fe82940000 - 0x000007fe82947000 	C:\WINDOWS\system32\PSAPI.DLL
0x000000006acd0000 - 0x000000006ad73000 	C:\WINDOWS\WinSxS\amd64_microsoft.vc90.crt_1fc8b3b9a1e18e3b_9.0.30729.6871_none_08e717a5a83adddf\MSVCR90.dll
0x0000000069bb0000 - 0x0000000069c81000 	F:\Program Files\Java\Jre7\bin\msvcr100.dll
0x0000000068a20000 - 0x000000006913f000 	F:\Program Files\Java\Jre7\bin\server\jvm.dll
0x000007fe78b00000 - 0x000007fe78b09000 	C:\WINDOWS\SYSTEM32\WSOCK32.dll
0x000007fe7de20000 - 0x000007fe7de40000 	C:\WINDOWS\SYSTEM32\WINMM.dll
0x000007fe826a0000 - 0x000007fe826f8000 	C:\WINDOWS\system32\WS2_32.dll
0x000007fe7d3c0000 - 0x000007fe7d3f2000 	C:\WINDOWS\SYSTEM32\WINMMBASE.dll
0x000007fe82700000 - 0x000007fe82709000 	C:\WINDOWS\system32\NSI.dll
0x0000000069ba0000 - 0x0000000069baf000 	F:\Program Files\Java\Jre7\bin\verify.dll
0x0000000069b70000 - 0x0000000069b98000 	F:\Program Files\Java\Jre7\bin\java.dll
0x0000000069b50000 - 0x0000000069b65000 	F:\Program Files\Java\Jre7\bin\zip.dll
0x00000000669f0000 - 0x0000000066b83000 	F:\Program Files\Java\Jre7\bin\awt.dll
0x000007fe808e0000 - 0x000007fe809a3000 	C:\WINDOWS\system32\OLEAUT32.dll
0x000007fe80ba0000 - 0x000007fe80d50000 	C:\WINDOWS\system32\combase.dll
0x000007fe7a5b0000 - 0x000007fe7a64f000 	C:\WINDOWS\system32\apphelp.dll
0x000007fe7e2c0000 - 0x000007fe7e2e1000 	C:\WINDOWS\system32\DWMAPI.DLL
0x000007fe7f180000 - 0x000007fe7f263000 	C:\WINDOWS\system32\uxtheme.dll
0x000007fe7a660000 - 0x000007fe7a6f5000 	C:\Program Files\Common Files\microsoft shared\ink\tiptsf.dll
0x000007fe80eb0000 - 0x000007fe8102e000 	C:\WINDOWS\system32\ole32.dll
0x000007fe801d0000 - 0x000007fe801da000 	C:\WINDOWS\SYSTEM32\CRYPTBASE.dll
0x000007fe80170000 - 0x000007fe801cc000 	C:\WINDOWS\SYSTEM32\bcryptPrimitives.dll
0x000007fe6ef80000 - 0x000007fe6f180000 	C:\WINDOWS\system32\d3d9.dll
0x000007fe7e110000 - 0x000007fe7e119000 	C:\WINDOWS\SYSTEM32\VERSION.dll
0x000007fe59da0000 - 0x000007fe5af20000 	C:\WINDOWS\SYSTEM32\nvd3dumx.dll
0x000007fe80270000 - 0x000007fe802b3000 	C:\WINDOWS\SYSTEM32\powrprof.dll
0x0000000180000000 - 0x0000000180116000 	C:\Program Files (x86)\NVIDIA Corporation\3D Vision\nvSCPAPI64.dll
0x000007fe82f90000 - 0x000007fe83160000 	C:\WINDOWS\system32\SETUPAPI.dll
0x000007fe7dab0000 - 0x000007fe7db24000 	C:\WINDOWS\SYSTEM32\dxgi.dll
0x000007fe81050000 - 0x000007fe82338000 	C:\WINDOWS\system32\SHELL32.dll
0x000007fe80680000 - 0x000007fe806cf000 	C:\WINDOWS\system32\CFGMGR32.dll
0x000007fe808b0000 - 0x000007fe808d2000 	C:\WINDOWS\system32\DEVOBJ.dll
0x000007fe83300000 - 0x000007fe83350000 	C:\WINDOWS\system32\SHLWAPI.dll
0x000007fe7ceb0000 - 0x000007fe7d172000 	C:\WINDOWS\SYSTEM32\nvapi64.dll
0x000007fe80520000 - 0x000007fe80575000 	C:\WINDOWS\system32\WINTRUST.dll
0x000007fe806d0000 - 0x000007fe808a7000 	C:\WINDOWS\system32\CRYPT32.dll
0x000007fe80450000 - 0x000007fe80466000 	C:\WINDOWS\system32\MSASN1.dll
0x000007fe7d400000 - 0x000007fe7d41f000 	C:\WINDOWS\SYSTEM32\DXGIDebug.dll
0x000007fe7f550000 - 0x000007fe7f5e6000 	C:\WINDOWS\SYSTEM32\shcore.dll
0x00000000669b0000 - 0x00000000669e4000 	F:\Program Files\Java\Jre7\bin\fontmanager.dll
0x0000000069b30000 - 0x0000000069b49000 	F:\Program Files\Java\Jre7\bin\net.dll
0x000007fe7fbe0000 - 0x000007fe7fc3c000 	C:\WINDOWS\system32\mswsock.dll
0x0000000069b10000 - 0x0000000069b21000 	F:\Program Files\Java\Jre7\bin\nio.dll
0x0000000066960000 - 0x00000000669a1000 	F:\Program Files\Java\Jre7\bin\t2k.dll
0x000007fe82bf0000 - 0x000007fe82c86000 	C:\WINDOWS\SYSTEM32\clbcatq.dll
0x000007fe7df80000 - 0x000007fe7e10a000 	C:\WINDOWS\SYSTEM32\WindowsCodecs.dll
0x000007fe803a0000 - 0x000007fe803b5000 	C:\WINDOWS\SYSTEM32\profapi.dll
0x0000000069ed0000 - 0x0000000069f68000 	C:\Windows\System32\msvcp100.dll
0x000007fe67fe0000 - 0x000007fe68238000 	C:\opencv\build\x64\vc10\bin\opencv_core243.dll
0x000007fe6e8f0000 - 0x000007fe6e985000 	C:\Users\Jonas\AppData\Local\Temp\javacpp150085409573553\jniopencv_core.dll
0x000007fe653b0000 - 0x000007fe65655000 	C:\opencv\build\x64\vc10\bin\opencv_imgproc243.dll
0x000007fe6e8a0000 - 0x000007fe6e8e8000 	C:\Users\Jonas\AppData\Local\Temp\javacpp150085409573553\jniopencv_imgproc.dll
0x000000001bc10000 - 0x000000001c99a000 	C:\opencv\build\x64\vc10\bin\opencv_ffmpeg243_64.dll
0x000007fe62160000 - 0x000007fe623ab000 	C:\opencv\build\x64\vc10\bin\opencv_highgui243.dll
0x000007fe77cb0000 - 0x000007fe77cd0000 	C:\WINDOWS\SYSTEM32\AVIFIL32.dll
0x000007fe70210000 - 0x000007fe70239000 	C:\WINDOWS\SYSTEM32\MSVFW32.dll
0x000007fe775f0000 - 0x000007fe77607000 	C:\WINDOWS\SYSTEM32\AVICAP32.dll
0x000007fe677e0000 - 0x000007fe677f9000 	C:\WINDOWS\SYSTEM32\MSACM32.dll
0x000007fe6f940000 - 0x000007fe6f953000 	C:\Users\Jonas\AppData\Local\Temp\javacpp150085409573553\jniopencv_highgui.dll
0x000007fe6f710000 - 0x000007fe6f727000 	C:\Windows\System32\devenum.dll
0x000007fe796e0000 - 0x000007fe7970e000 	C:\WINDOWS\SYSTEM32\ntmarta.dll
0x000007fe794c0000 - 0x000007fe794cd000 	C:\WINDOWS\SYSTEM32\msdmo.dll
0x000007fe6e9b0000 - 0x000007fe6e9df000 	C:\Windows\System32\qcap.dll
0x000007fe69880000 - 0x000007fe69a38000 	C:\Windows\System32\quartz.dll
0x000007fe6e860000 - 0x000007fe6e89f000 	C:\Windows\System32\ksproxy.ax
0x000007fe6d940000 - 0x000007fe6d947000 	C:\Windows\System32\ksuser.dll
0x000007fe78590000 - 0x000007fe7859c000 	C:\Windows\System32\vidcap.ax
0x000007fe6e830000 - 0x000007fe6e854000 	C:\Windows\System32\kswdmcap.ax
0x000007fe67860000 - 0x000007fe679b4000 	C:\Windows\System32\MFC42.dll
0x000007fe68320000 - 0x000007fe683de000 	C:\Windows\System32\ODBC32.dll
0x000007fe69210000 - 0x000007fe692a5000 	C:\Windows\System32\qedit.dll
0x000007fe823b0000 - 0x000007fe82451000 	C:\WINDOWS\system32\COMDLG32.dll
0x000007fe83160000 - 0x000007fe83300000 	C:\WINDOWS\WinSxS\amd64_microsoft.windows.gdiplus_6595b64144ccf1df_1.1.9200.16384_none_72771d4ecc1c3a4d\gdiplus.dll
0x000007fe67cd0000 - 0x000007fe67dba000 	C:\WINDOWS\SYSTEM32\DDRAW.dll
0x000007fe7d1b0000 - 0x000007fe7d1b8000 	C:\WINDOWS\SYSTEM32\DCIMAN32.dll
0x000007fe7d2d0000 - 0x000007fe7d339000 	C:\WINDOWS\SYSTEM32\oleacc.dll
0x0000000066930000 - 0x000000006695a000 	F:\Program Files\Java\Jre7\bin\dcpr.dll

VM Arguments:
jvm_args: -Dfile.encoding=Cp1252 
java_command: emcscanner.kth.se.Program
Launcher Type: SUN_STANDARD

Environment Variables:
PATH=C:\Program Files (x86)\NVIDIA Corporation\PhysX\Common;C:\WINDOWS\system32;C:\WINDOWS;C:\WINDOWS\System32\Wbem;C:\WINDOWS\System32\WindowsPowerShell\v1.0\;C:\Program Files (x86)\Microsoft SQL Server\90\Tools\binn\;C:\Program Files (x86)\Autodesk\Backburner\;F:\Program Files\MATLAB\R2012a\runtime\win64;F:\Program Files\MATLAB\R2012a\bin;C:\Program Files\Internet Explorer;C:\Program Files\Perforce;F:\Program Files\Perforce;C:\Program Files\Microsoft\Web Platform Installer\;C:\Program Files (x86)\Microsoft ASP.NET\ASP.NET Web Pages\v1.0\;C:\Program Files (x86)\Windows Kits\8.0\Windows Performance Toolkit\;C:\Program Files\Microsoft SQL Server\110\Tools\Binn\;F:\Program Files\Perforce\Server
USERNAME=Jonas
OS=Windows_NT
PROCESSOR_IDENTIFIER=Intel64 Family 6 Model 42 Stepping 7, GenuineIntel



---------------  S Y S T E M  ---------------

OS: Windows 8 , 64 bit Build 9200 

CPU:total 8 (4 cores per cpu, 2 threads per core) family 6 model 42 stepping 7, cmov, cx8, fxsr, mmx, sse, sse2, sse3, ssse3, sse4.1, sse4.2, popcnt, avx, ht, tsc, tscinvbit

Memory: 4k page, physical 16751668k(10703096k free), swap 33528884k(24799968k free)

vm_info: Java HotSpot(TM) 64-Bit Server VM (23.3-b01) for windows-amd64 JRE (1.7.0_07-b11), built on Sep  7 2012 01:19:25 by "java_re" with unknown MS VC++:1600

time: Wed Jan 23 14:16:25 2013
elapsed time: 38 seconds

