#
# A fatal error has been detected by the Java Runtime Environment:
#
#  EXCEPTION_ACCESS_VIOLATION (0xc0000005) at pc=0x00000000029de5ca, pid=6824, tid=5332
#
# JRE version: 7.0_07-b11
# Java VM: Java HotSpot(TM) 64-Bit Server VM (23.3-b01 mixed mode windows-amd64 compressed oops)
# Problematic frame:
# J  com.googlecode.javacv.cpp.opencv_core$IplImage.flipCopyWithGamma(Ljava/nio/ByteBuffer;ILjava/nio/ByteBuffer;IZDZI)V
#
# Failed to write core dump. Minidumps are not enabled by default on client versions of Windows
#
# If you would like to submit a bug report, please visit:
#   http://bugreport.sun.com/bugreport/crash.jsp
#

---------------  T H R E A D  ---------------

Current thread (0x0000000013b49000):  JavaThread "threadDisplayCamera" daemon [_thread_in_Java, id=5332, stack(0x000000001abb0000,0x000000001acb0000)]

siginfo: ExceptionCode=0xc0000005, reading address 0x000000001aad5000

Registers:
RAX=0x0000000000000000, RBX=0x00000000005eec00, RCX=0x0000000000000000, RDX=0x000000001a5b9050
RSP=0x000000001acaeb30, RBP=0x00000007aad4ce10, RSI=0x0000000706dba668, RDI=0x00000000005eec00
R8 =0x000000000051bfb0, R9 =0x000000000051bfb1, R10=0x000000000000167f, R11=0x00000000005eec00
R12=0x0000000000000000, R13=0x000000000051bfb0, R14=0x00000000000002af, R15=0x0000000013b49000
RIP=0x00000000029de5ca, EFLAGS=0x0000000000010207

Top of Stack: (sp=0x000000001acaeb30)
0x000000001acaeb30:   0000000706dba668 00000000005eec00
0x000000001acaeb40:   00000000005eec00 0000000000000000
0x000000001acaeb50:   3ff0000000000000 00000007aad4cdd0
0x000000001acaeb60:   00000007aad4ce10 3ff0000000000000
0x000000001acaeb70:   0051bd0000000000 df6ab9ce0051bd00
0x000000001acaeb80:   00001680df6c65d4 0000000000001680
0x000000001acaeb90:   00000007aad4ce40 00001680ffffffff
0x000000001acaeba0:   00000007aad4ce10 00000007aad4cdd0
0x000000001acaebb0:   00000000e0db74cd 0000000000000000
0x000000001acaebc0:   0000000706dba668 00000007aad4ce10
0x000000001acaebd0:   00000007aad4ce10 000000001acaebd8
0x000000001acaebe0:   000000001acaec98 00000000029361f8
0x000000001acaebf0:   0000000000000000 00000006fc438ae8
0x000000001acaec00:   00000006fb5556b8 00000000029361f8
0x000000001acaec10:   0000000000000000 0000000000000000
0x000000001acaec20:   3ff0000000000000 0000000000000000 

Instructions: (pc=0x00000000029de5ca)
0x00000000029de5aa:   10 44 3b c7 0f 8d 26 01 00 00 45 8b c8 41 ff c1
0x00000000029de5ba:   44 89 4d 18 48 8b 6c 24 70 44 8b 6d 18 4d 63 c0
0x00000000029de5ca:   42 0f b6 04 02 44 3b eb 0f 8d 32 01 00 00 45 8b
0x00000000029de5da:   cd 44 03 c9 41 ff c5 44 89 6d 18 45 3b cb 0f 83 


Register to memory mapping:

RAX=0x0000000000000000 is an unknown value
RBX=0x00000000005eec00 is an unknown value
RCX=0x0000000000000000 is an unknown value
RDX=0x000000001a5b9050 is an unknown value
RSP=0x000000001acaeb30 is pointing into the stack for thread: 0x0000000013b49000
RBP=0x00000007aad4ce10 is an oop
java.nio.HeapByteBuffer 
 - klass: 'java/nio/HeapByteBuffer'
RSI=0x0000000706dba668 is an oop
[B 
 - klass: {type array byte}
 - length: 6220800
RDI=0x00000000005eec00 is an unknown value
R8 =0x000000000051bfb0 is an unknown value
R9 =0x000000000051bfb1 is an unknown value
R10=0x000000000000167f is an unknown value
R11=0x00000000005eec00 is an unknown value
R12=0x0000000000000000 is an unknown value
R13=0x000000000051bfb0 is an unknown value
R14=0x00000000000002af is an unknown value
R15=0x0000000013b49000 is a thread


Stack: [0x000000001abb0000,0x000000001acb0000],  sp=0x000000001acaeb30,  free space=1018k
Native frames: (J=compiled Java code, j=interpreted, Vv=VM code, C=native code)
J  com.googlecode.javacv.cpp.opencv_core$IplImage.flipCopyWithGamma(Ljava/nio/ByteBuffer;ILjava/nio/ByteBuffer;IZDZI)V


---------------  P R O C E S S  ---------------

Java Threads: ( => current thread )
  0x0000000013c4a000 JavaThread "ICEpdf-pagePainter" daemon [_thread_blocked, id=3980, stack(0x0000000029d80000,0x0000000029e80000)]
  0x0000000013c49000 JavaThread "ICEpdf-pageInitializer" daemon [_thread_blocked, id=5220, stack(0x0000000029b50000,0x0000000029c50000)]
  0x0000000013c4b800 JavaThread "DestroyJavaVM" [_thread_blocked, id=9388, stack(0x0000000002710000,0x0000000002810000)]
  0x0000000013c50000 JavaThread "D3D Screen Updater" daemon [_thread_blocked, id=4940, stack(0x00000000276f0000,0x00000000277f0000)]
  0x0000000013c4f000 JavaThread "TimerQueue" daemon [_thread_blocked, id=8668, stack(0x0000000025e20000,0x0000000025f20000)]
  0x0000000015056800 JavaThread "threadDisplayDensity" daemon [_thread_blocked, id=4056, stack(0x0000000021120000,0x0000000021220000)]
  0x0000000014d57000 JavaThread "AWT-EventQueue-0" [_thread_in_native, id=1528, stack(0x000000001f550000,0x000000001f650000)]
  0x0000000014d56800 JavaThread "threadDisplay" daemon [_thread_blocked, id=5680, stack(0x000000001f450000,0x000000001f550000)]
  0x0000000014d3c000 JavaThread "threadDisplay" daemon [_thread_blocked, id=7720, stack(0x000000001d2f0000,0x000000001d3f0000)]
  0x0000000014ba6000 JavaThread "AWT-Shutdown" [_thread_blocked, id=2060, stack(0x000000001acb0000,0x000000001adb0000)]
=>0x0000000013b49000 JavaThread "threadDisplayCamera" daemon [_thread_in_Java, id=5332, stack(0x000000001abb0000,0x000000001acb0000)]
  0x0000000013b4a000 JavaThread "AWT-Windows" daemon [_thread_in_native, id=8000, stack(0x0000000014430000,0x0000000014530000)]
  0x0000000013b43800 JavaThread "Java2D Disposer" daemon [_thread_blocked, id=7488, stack(0x0000000014230000,0x0000000014330000)]
  0x0000000011457000 JavaThread "Service Thread" daemon [_thread_blocked, id=8924, stack(0x0000000013830000,0x0000000013930000)]
  0x0000000011454000 JavaThread "C2 CompilerThread1" daemon [_thread_blocked, id=10212, stack(0x0000000013730000,0x0000000013830000)]
  0x0000000011449800 JavaThread "C2 CompilerThread0" daemon [_thread_blocked, id=8876, stack(0x0000000013630000,0x0000000013730000)]
  0x0000000011449000 JavaThread "Attach Listener" daemon [_thread_blocked, id=6736, stack(0x0000000013530000,0x0000000013630000)]
  0x000000001143c000 JavaThread "Signal Dispatcher" daemon [_thread_blocked, id=9220, stack(0x0000000013430000,0x0000000013530000)]
  0x00000000113e0000 JavaThread "Finalizer" daemon [_thread_blocked, id=1512, stack(0x0000000013330000,0x0000000013430000)]
  0x00000000113d8800 JavaThread "Reference Handler" daemon [_thread_blocked, id=6816, stack(0x0000000013230000,0x0000000013330000)]

Other Threads:
  0x00000000113d3800 VMThread [stack: 0x0000000013130000,0x0000000013230000] [id=7004]
  0x0000000011473800 WatcherThread [stack: 0x0000000013930000,0x0000000013a30000] [id=7032]

VM state:not at safepoint (normal execution)

VM Mutex/Monitor currently owned by a thread: None

Heap
 PSYoungGen      total 546176K, used 519924K [0x00000007aacb0000, 0x00000007cdb70000, 0x0000000800000000)
  eden space 520960K, 99% used [0x00000007aacb0000,0x00000007ca86d160,0x00000007ca970000)
  from space 25216K, 0% used [0x00000007cc250000,0x00000007cc250000,0x00000007cdaf0000)
  to   space 25472K, 0% used [0x00000007ca970000,0x00000007ca970000,0x00000007cc250000)
 ParOldGen       total 196224K, used 112292K [0x0000000700600000, 0x000000070c5a0000, 0x00000007aacb0000)
  object space 196224K, 57% used [0x0000000700600000,0x00000007073a9278,0x000000070c5a0000)
 PSPermGen       total 41088K, used 18170K [0x00000006fb400000, 0x00000006fdc20000, 0x0000000700600000)
  object space 41088K, 44% used [0x00000006fb400000,0x00000006fc5bea48,0x00000006fdc20000)

Card table byte_map: [0x00000000059f0000,0x0000000006220000] byte_map_base: 0x0000000002216000

Polling page: 0x00000000025f0000

Code Cache  [0x0000000002930000, 0x0000000002ba0000, 0x0000000005930000)
 total_blobs=893 nmethods=303 adapters=541 free_code_cache=47778Kb largest_free_block=48854080

Compilation events (10 events):
Event: 9.297 Thread 0x0000000011449800  310             java.awt.Component::getX (5 bytes)
Event: 9.297 Thread 0x0000000011454000  311             java.awt.Component::getY (5 bytes)
Event: 9.297 Thread 0x0000000011449800 nmethod 310 0x0000000002a26d50 code [0x0000000002a26e80, 0x0000000002a26ed8]
Event: 9.297 Thread 0x0000000011454000 nmethod 311 0x0000000002a7fa50 code [0x0000000002a7fb80, 0x0000000002a7fbd8]
Event: 9.597 Thread 0x0000000011454000  312             javax.swing.JComponent::getX (5 bytes)
Event: 9.597 Thread 0x0000000011449800  313             javax.swing.JComponent::getY (5 bytes)
Event: 9.597 Thread 0x0000000011449800 nmethod 313 0x0000000002a26f50 code [0x0000000002a27080, 0x0000000002a270d8]
Event: 9.597 Thread 0x0000000011454000 nmethod 312 0x0000000002a7f850 code [0x0000000002a7f980, 0x0000000002a7f9d8]
Event: 10.272 Thread 0x0000000011454000  314             java.awt.image.SampleModel::getNumBands (5 bytes)
Event: 10.272 Thread 0x0000000011454000 nmethod 314 0x0000000002a7f650 code [0x0000000002a7f780, 0x0000000002a7f7d8]

GC Heap History (10 events):
Event: 4.189 GC heap before
{Heap before GC invocations=6 (full 0):
 PSYoungGen      total 141824K, used 141027K [0x00000007aacb0000, 0x00000007bdb30000, 0x0000000800000000)
  eden space 130944K, 99% used [0x00000007aacb0000,0x00000007b2bcb890,0x00000007b2c90000)
  from space 10880K, 99% used [0x00000007b2c90000,0x00000007b372d460,0x00000007b3730000)
  to   space 23936K, 0% used [0x00000007bc3d0000,0x00000007bc3d0000,0x00000007bdb30000)
 ParOldGen       total 174528K, used 63925K [0x0000000700600000, 0x000000070b070000, 0x00000007aacb0000)
  object space 174528K, 36% used [0x0000000700600000,0x000000070446d6b0,0x000000070b070000)
 PSPermGen       total 21248K, used 17786K [0x00000006fb400000, 0x00000006fc8c0000, 0x0000000700600000)
  object space 21248K, 83% used [0x00000006fb400000,0x00000006fc55e9d8,0x00000006fc8c0000)
Event: 4.198 GC heap after
Heap after GC invocations=6 (full 0):
 PSYoungGen      total 284544K, used 18356K [0x00000007aacb0000, 0x00000007bddb0000, 0x0000000800000000)
  eden space 260608K, 0% used [0x00000007aacb0000,0x00000007aacb0000,0x00000007bab30000)
  from space 23936K, 76% used [0x00000007bc3d0000,0x00000007bd5bd3e0,0x00000007bdb30000)
  to   space 25216K, 0% used [0x00000007bab30000,0x00000007bab30000,0x00000007bc3d0000)
 ParOldGen       total 174528K, used 76083K [0x0000000700600000, 0x000000070b070000, 0x00000007aacb0000)
  object space 174528K, 43% used [0x0000000700600000,0x000000070504ced0,0x000000070b070000)
 PSPermGen       total 21248K, used 17786K [0x00000006fb400000, 0x00000006fc8c0000, 0x0000000700600000)
  object space 21248K, 83% used [0x00000006fb400000,0x00000006fc55e9d8,0x00000006fc8c0000)
}
Event: 4.978 GC heap before
{Heap before GC invocations=7 (full 0):
 PSYoungGen      total 284544K, used 277668K [0x00000007aacb0000, 0x00000007bddb0000, 0x0000000800000000)
  eden space 260608K, 99% used [0x00000007aacb0000,0x00000007ba9ebd68,0x00000007bab30000)
  from space 23936K, 76% used [0x00000007bc3d0000,0x00000007bd5bd3e0,0x00000007bdb30000)
  to   space 25216K, 0% used [0x00000007bab30000,0x00000007bab30000,0x00000007bc3d0000)
 ParOldGen       total 174528K, used 76083K [0x0000000700600000, 0x000000070b070000, 0x00000007aacb0000)
  object space 174528K, 43% used [0x0000000700600000,0x000000070504ced0,0x000000070b070000)
 PSPermGen       total 21248K, used 18052K [0x00000006fb400000, 0x00000006fc8c0000, 0x0000000700600000)
  object space 21248K, 84% used [0x00000006fb400000,0x00000006fc5a1140,0x00000006fc8c0000)
Event: 4.995 GC heap after
Heap after GC invocations=7 (full 0):
 PSYoungGen      total 285824K, used 21343K [0x00000007aacb0000, 0x00000007cdaf0000, 0x0000000800000000)
  eden space 260608K, 0% used [0x00000007aacb0000,0x00000007aacb0000,0x00000007bab30000)
  from space 25216K, 84% used [0x00000007bab30000,0x00000007bc007e90,0x00000007bc3d0000)
  to   space 25216K, 0% used [0x00000007cc250000,0x00000007cc250000,0x00000007cdaf0000)
 ParOldGen       total 174528K, used 122312K [0x0000000700600000, 0x000000070b070000, 0x00000007aacb0000)
  object space 174528K, 70% used [0x0000000700600000,0x0000000707d72350,0x000000070b070000)
 PSPermGen       total 21248K, used 18052K [0x00000006fb400000, 0x00000006fc8c0000, 0x0000000700600000)
  object space 21248K, 84% used [0x00000006fb400000,0x00000006fc5a1140,0x00000006fc8c0000)
}
Event: 5.590 GC heap before
{Heap before GC invocations=8 (full 0):
 PSYoungGen      total 285824K, used 281483K [0x00000007aacb0000, 0x00000007cdaf0000, 0x0000000800000000)
  eden space 260608K, 99% used [0x00000007aacb0000,0x00000007baabb0d0,0x00000007bab30000)
  from space 25216K, 84% used [0x00000007bab30000,0x00000007bc007e90,0x00000007bc3d0000)
  to   space 25216K, 0% used [0x00000007cc250000,0x00000007cc250000,0x00000007cdaf0000)
 ParOldGen       total 174528K, used 122312K [0x0000000700600000, 0x000000070b070000, 0x00000007aacb0000)
  object space 174528K, 70% used [0x0000000700600000,0x0000000707d72350,0x000000070b070000)
 PSPermGen       total 21248K, used 18094K [0x00000006fb400000, 0x00000006fc8c0000, 0x0000000700600000)
  object space 21248K, 85% used [0x00000006fb400000,0x00000006fc5aba88,0x00000006fc8c0000)
Event: 5.602 GC heap after
Heap after GC invocations=8 (full 0):
 PSYoungGen      total 546176K, used 23940K [0x00000007aacb0000, 0x00000007cdb70000, 0x0000000800000000)
  eden space 520960K, 0% used [0x00000007aacb0000,0x00000007aacb0000,0x00000007ca970000)
  from space 25216K, 94% used [0x00000007cc250000,0x00000007cd9b1300,0x00000007cdaf0000)
  to   space 25472K, 0% used [0x00000007ca970000,0x00000007ca970000,0x00000007cc250000)
 ParOldGen       total 174528K, used 143585K [0x0000000700600000, 0x000000070b070000, 0x00000007aacb0000)
  object space 174528K, 82% used [0x0000000700600000,0x0000000709238760,0x000000070b070000)
 PSPermGen       total 21248K, used 18094K [0x00000006fb400000, 0x00000006fc8c0000, 0x0000000700600000)
  object space 21248K, 85% used [0x00000006fb400000,0x00000006fc5aba88,0x00000006fc8c0000)
}
Event: 7.132 GC heap before
{Heap before GC invocations=9 (full 1):
 PSYoungGen      total 546176K, used 544686K [0x00000007aacb0000, 0x00000007cdb70000, 0x0000000800000000)
  eden space 520960K, 99% used [0x00000007aacb0000,0x00000007ca93a5a0,0x00000007ca970000)
  from space 25216K, 94% used [0x00000007cc250000,0x00000007cd9b1300,0x00000007cdaf0000)
  to   space 25472K, 0% used [0x00000007ca970000,0x00000007ca970000,0x00000007cc250000)
 ParOldGen       total 174528K, used 149660K [0x0000000700600000, 0x000000070b070000, 0x00000007aacb0000)
  object space 174528K, 85% used [0x0000000700600000,0x0000000709827370,0x000000070b070000)
 PSPermGen       total 21248K, used 18124K [0x00000006fb400000, 0x00000006fc8c0000, 0x0000000700600000)
  object space 21248K, 85% used [0x00000006fb400000,0x00000006fc5b3080,0x00000006fc8c0000)
Event: 7.186 GC heap after
Heap after GC invocations=9 (full 1):
 PSYoungGen      total 546176K, used 0K [0x00000007aacb0000, 0x00000007cdb70000, 0x0000000800000000)
  eden space 520960K, 0% used [0x00000007aacb0000,0x00000007aacb0000,0x00000007ca970000)
  from space 25216K, 0% used [0x00000007cc250000,0x00000007cc250000,0x00000007cdaf0000)
  to   space 25472K, 0% used [0x00000007ca970000,0x00000007ca970000,0x00000007cc250000)
 ParOldGen       total 148096K, used 36095K [0x0000000700600000, 0x00000007096a0000, 0x00000007aacb0000)
  object space 148096K, 24% used [0x0000000700600000,0x000000070293ffb8,0x00000007096a0000)
 PSPermGen       total 36800K, used 18117K [0x00000006fb400000, 0x00000006fd7f0000, 0x0000000700600000)
  object space 36800K, 49% used [0x00000006fb400000,0x00000006fc5b1508,0x00000006fd7f0000)
}
Event: 8.896 GC heap before
{Heap before GC invocations=10 (full 2):
 PSYoungGen      total 546176K, used 520960K [0x00000007aacb0000, 0x00000007cdb70000, 0x0000000800000000)
  eden space 520960K, 100% used [0x00000007aacb0000,0x00000007ca970000,0x00000007ca970000)
  from space 25216K, 0% used [0x00000007cc250000,0x00000007cc250000,0x00000007cdaf0000)
  to   space 25472K, 0% used [0x00000007ca970000,0x00000007ca970000,0x00000007cc250000)
 ParOldGen       total 231424K, used 230118K [0x0000000700600000, 0x000000070e800000, 0x00000007aacb0000)
  object space 231424K, 99% used [0x0000000700600000,0x000000070e6b9bb0,0x000000070e800000)
 PSPermGen       total 36800K, used 18157K [0x00000006fb400000, 0x00000006fd7f0000, 0x0000000700600000)
  object space 36800K, 49% used [0x00000006fb400000,0x00000006fc5bb530,0x00000006fd7f0000)
Event: 8.929 GC heap after
Heap after GC invocations=10 (full 2):
 PSYoungGen      total 546176K, used 0K [0x00000007aacb0000, 0x00000007cdb70000, 0x0000000800000000)
  eden space 520960K, 0% used [0x00000007aacb0000,0x00000007aacb0000,0x00000007ca970000)
  from space 25216K, 0% used [0x00000007cc250000,0x00000007cc250000,0x00000007cdaf0000)
  to   space 25472K, 0% used [0x00000007ca970000,0x00000007ca970000,0x00000007cc250000)
 ParOldGen       total 196224K, used 55339K [0x0000000700600000, 0x000000070c5a0000, 0x00000007aacb0000)
  object space 196224K, 28% used [0x0000000700600000,0x0000000703c0ad38,0x000000070c5a0000)
 PSPermGen       total 41088K, used 18157K [0x00000006fb400000, 0x00000006fdc20000, 0x0000000700600000)
  object space 41088K, 44% used [0x00000006fb400000,0x00000006fc5bb530,0x00000006fdc20000)
}

Deoptimization events (10 events):
Event: 3.932 Thread 0x0000000014d57000 Uncommon trap -83 fr.pc 0x00000000029fba44
Event: 3.996 Thread 0x0000000013c49000 Uncommon trap -83 fr.pc 0x00000000029ff3f4
Event: 4.046 Thread 0x0000000013c49000 Uncommon trap -83 fr.pc 0x00000000029ff044
Event: 4.063 Thread 0x0000000013c49000 Uncommon trap -83 fr.pc 0x0000000002a18c68
Event: 4.124 Thread 0x0000000013c49000 Uncommon trap -83 fr.pc 0x00000000029ac508
Event: 4.156 Thread 0x0000000013c49000 Uncommon trap -83 fr.pc 0x0000000002a1e118
Event: 4.381 Thread 0x0000000013c4a000 Uncommon trap -34 fr.pc 0x0000000002a520a8
Event: 4.381 Thread 0x0000000013c4a000 Uncommon trap -34 fr.pc 0x0000000002a520a8
Event: 4.381 Thread 0x0000000013c4a000 Uncommon trap -34 fr.pc 0x0000000002a520a8
Event: 4.381 Thread 0x0000000013c4a000 Uncommon trap -34 fr.pc 0x0000000002a520a8

Internal exceptions (10 events):
Event: 4.220 Thread 0x0000000013c49000 Threw 0x00000007ab44ec30 at C:\jdk7u1_64p\jdk7u7\hotspot\src\share\vm\prims\jvm.cpp:1166
Event: 4.220 Thread 0x0000000013c49000 Threw 0x00000007ab451b50 at C:\jdk7u1_64p\jdk7u7\hotspot\src\share\vm\prims\jvm.cpp:1166
Event: 4.221 Thread 0x0000000013c49000 Threw 0x00000007ab454d00 at C:\jdk7u1_64p\jdk7u7\hotspot\src\share\vm\prims\jvm.cpp:1166
Event: 4.221 Thread 0x0000000013c49000 Threw 0x00000007ab457c20 at C:\jdk7u1_64p\jdk7u7\hotspot\src\share\vm\prims\jvm.cpp:1166
Event: 4.355 Thread 0x0000000013c4a000 Threw 0x00000007ae4a5ef8 at C:\jdk7u1_64p\jdk7u7\hotspot\src\share\vm\prims\jvm.cpp:1166
Event: 4.360 Thread 0x0000000013c4a000 Threw 0x00000007ae4b6788 at C:\jdk7u1_64p\jdk7u7\hotspot\src\share\vm\prims\jvm.cpp:1166
Event: 4.564 Thread 0x0000000013c4a000 Threw 0x00000007b1bbd0f8 at C:\jdk7u1_64p\jdk7u7\hotspot\src\share\vm\prims\jvm.cpp:1166
Event: 7.760 Thread 0x0000000014d57000 Threw 0x00000007b7844f68 at C:\jdk7u1_64p\jdk7u7\hotspot\src\share\vm\prims\jvm.cpp:1166
Event: 7.760 Thread 0x0000000014d57000 Threw 0x00000007b784a550 at C:\jdk7u1_64p\jdk7u7\hotspot\src\share\vm\prims\jvm.cpp:1166
Event: 7.762 Thread 0x0000000014d57000 Threw 0x00000007b78578b8 at C:\jdk7u1_64p\jdk7u7\hotspot\src\share\vm\prims\jvm.cpp:1166

Events (10 events):
Event: 8.930 Executing VM operation: BulkRevokeBias
Event: 8.930 Executing VM operation: BulkRevokeBias done
Event: 8.930 Executing VM operation: BulkRevokeBias
Event: 8.930 Executing VM operation: BulkRevokeBias done
Event: 9.764 loading class 0x0000000014aaa830
Event: 9.764 loading class 0x0000000014aaa830 done
Event: 9.764 loading class 0x0000000014bb3c70
Event: 9.764 loading class 0x0000000014e07ab0
Event: 9.764 loading class 0x0000000014e07ab0 done
Event: 9.764 loading class 0x0000000014bb3c70 done


Dynamic libraries:
0x000007f798e80000 - 0x000007f798eb4000 	F:\Program Files\Java\Jre7\bin\javaw.exe
0x000007ffd0010000 - 0x000007ffd01ce000 	C:\WINDOWS\SYSTEM32\ntdll.dll
0x000007ffcd650000 - 0x000007ffcd786000 	C:\WINDOWS\system32\KERNEL32.DLL
0x000007ffcd360000 - 0x000007ffcd453000 	C:\WINDOWS\system32\KERNELBASE.dll
0x000007ffcdad0000 - 0x000007ffcdbae000 	C:\WINDOWS\system32\ADVAPI32.dll
0x000007ffcf8a0000 - 0x000007ffcf9ec000 	C:\WINDOWS\system32\USER32.dll
0x000007ffca740000 - 0x000007ffca9a9000 	C:\WINDOWS\WinSxS\amd64_microsoft.windows.common-controls_6595b64144ccf1df_6.0.9200.16384_none_418c2a697189c07f\COMCTL32.dll
0x000007ffcd940000 - 0x000007ffcd9e5000 	C:\WINDOWS\system32\msvcrt.dll
0x000007ffcd460000 - 0x000007ffcd4a8000 	C:\WINDOWS\SYSTEM32\sechost.dll
0x000007ffcf760000 - 0x000007ffcf8a0000 	C:\WINDOWS\system32\RPCRT4.dll
0x000007ffcdec0000 - 0x000007ffce000000 	C:\WINDOWS\system32\GDI32.dll
0x000007ffcda90000 - 0x000007ffcdac9000 	C:\WINDOWS\system32\IMM32.DLL
0x000007ffcf9f0000 - 0x000007ffcfb05000 	C:\WINDOWS\system32\MSCTF.dll
0x000007ffccf00000 - 0x000007ffccf08000 	C:\PROGRA~2\NVIDIA~1\3DVISI~1\NVSTIN~1.DLL
0x000007ffcda80000 - 0x000007ffcda87000 	C:\WINDOWS\system32\PSAPI.DLL
0x0000000061700000 - 0x00000000617a3000 	C:\WINDOWS\WinSxS\amd64_microsoft.vc90.crt_1fc8b3b9a1e18e3b_9.0.30729.6871_none_08e717a5a83adddf\MSVCR90.dll
0x000000005f150000 - 0x000000005f221000 	F:\Program Files\Java\Jre7\bin\msvcr100.dll
0x000000005ea30000 - 0x000000005f14f000 	F:\Program Files\Java\Jre7\bin\server\jvm.dll
0x000007ffc53f0000 - 0x000007ffc53f9000 	C:\WINDOWS\SYSTEM32\WSOCK32.dll
0x000007ffca070000 - 0x000007ffca090000 	C:\WINDOWS\SYSTEM32\WINMM.dll
0x000007ffcffb0000 - 0x000007ffd0008000 	C:\WINDOWS\system32\WS2_32.dll
0x000007ffc9f70000 - 0x000007ffc9fa2000 	C:\WINDOWS\SYSTEM32\WINMMBASE.dll
0x000007ffcfb10000 - 0x000007ffcfb19000 	C:\WINDOWS\system32\NSI.dll
0x000000005ea20000 - 0x000000005ea2f000 	F:\Program Files\Java\Jre7\bin\verify.dll
0x000000005e9f0000 - 0x000000005ea18000 	F:\Program Files\Java\Jre7\bin\java.dll
0x000000005e9d0000 - 0x000000005e9e5000 	F:\Program Files\Java\Jre7\bin\zip.dll
0x000000005e7c0000 - 0x000000005e953000 	F:\Program Files\Java\Jre7\bin\awt.dll
0x000007ffcdbb0000 - 0x000007ffcdc73000 	C:\WINDOWS\system32\OLEAUT32.dll
0x000007ffcd790000 - 0x000007ffcd940000 	C:\WINDOWS\system32\combase.dll
0x000007ffc7130000 - 0x000007ffc71cf000 	C:\WINDOWS\system32\apphelp.dll
0x000007ffcbd00000 - 0x000007ffcbde3000 	C:\WINDOWS\system32\uxtheme.dll
0x000007ffc71e0000 - 0x000007ffc7275000 	C:\Program Files\Common Files\microsoft shared\ink\tiptsf.dll
0x000007ffcae20000 - 0x000007ffcae41000 	C:\WINDOWS\SYSTEM32\dwmapi.dll
0x000007ffce000000 - 0x000007ffce17e000 	C:\WINDOWS\system32\ole32.dll
0x000007ffccd70000 - 0x000007ffccd7a000 	C:\WINDOWS\SYSTEM32\CRYPTBASE.dll
0x000007ffcccf0000 - 0x000007ffccd4c000 	C:\WINDOWS\SYSTEM32\bcryptPrimitives.dll
0x000007ffce470000 - 0x000007ffcf758000 	C:\WINDOWS\system32\SHELL32.dll
0x000007ffcff60000 - 0x000007ffcffb0000 	C:\WINDOWS\system32\SHLWAPI.dll
0x000007ffcc0d0000 - 0x000007ffcc166000 	C:\WINDOWS\SYSTEM32\shcore.dll
0x00000000605d0000 - 0x0000000060668000 	C:\Windows\System32\msvcp100.dll
0x000007ffb2c00000 - 0x000007ffb2e58000 	C:\opencv\build\x64\vc10\bin\opencv_core243.dll
0x000007ffb8730000 - 0x000007ffb87c5000 	C:\Users\Jonas\AppData\Local\Temp\javacpp121732323036484\jniopencv_core.dll
0x000007ffb1070000 - 0x000007ffb1315000 	C:\opencv\build\x64\vc10\bin\opencv_imgproc243.dll
0x000007ffc6780000 - 0x000007ffc67c8000 	C:\Users\Jonas\AppData\Local\Temp\javacpp121732323036484\jniopencv_imgproc.dll
0x0000000066840000 - 0x00000000675ca000 	C:\opencv\build\x64\vc10\bin\opencv_ffmpeg243_64.dll
0x000007ffb0e20000 - 0x000007ffb106b000 	C:\opencv\build\x64\vc10\bin\opencv_highgui243.dll
0x000007ffc9db0000 - 0x000007ffc9dd0000 	C:\WINDOWS\SYSTEM32\AVIFIL32.dll
0x000007ffc69e0000 - 0x000007ffc6a09000 	C:\WINDOWS\SYSTEM32\MSVFW32.dll
0x000007ffc6a10000 - 0x000007ffc6a27000 	C:\WINDOWS\SYSTEM32\AVICAP32.dll
0x000007ffba340000 - 0x000007ffba359000 	C:\WINDOWS\SYSTEM32\MSACM32.dll
0x000007ffcacb0000 - 0x000007ffcacb9000 	C:\WINDOWS\SYSTEM32\VERSION.dll
0x000007ffc60c0000 - 0x000007ffc60d3000 	C:\Users\Jonas\AppData\Local\Temp\javacpp121732323036484\jniopencv_highgui.dll
0x000007ffce1b0000 - 0x000007ffce246000 	C:\WINDOWS\SYSTEM32\clbcatq.dll
0x000007ffc4220000 - 0x000007ffc4237000 	C:\Windows\System32\devenum.dll
0x000007ffcdc80000 - 0x000007ffcde50000 	C:\WINDOWS\system32\setupapi.dll
0x000007ffcd020000 - 0x000007ffcd06f000 	C:\WINDOWS\system32\CFGMGR32.dll
0x000007ffccff0000 - 0x000007ffcd012000 	C:\WINDOWS\system32\DEVOBJ.dll
0x000007ffc5fd0000 - 0x000007ffc5ffe000 	C:\WINDOWS\SYSTEM32\ntmarta.dll
0x000007ffcd070000 - 0x000007ffcd0c5000 	C:\WINDOWS\system32\WINTRUST.dll
0x000007ffcd0d0000 - 0x000007ffcd2a7000 	C:\WINDOWS\system32\CRYPT32.dll
0x000007ffccfd0000 - 0x000007ffccfe6000 	C:\WINDOWS\system32\MSASN1.dll
0x000007ffc7800000 - 0x000007ffc780d000 	C:\WINDOWS\SYSTEM32\msdmo.dll
0x000007ffc41f0000 - 0x000007ffc421f000 	C:\Windows\System32\qcap.dll
0x000007ffb2a40000 - 0x000007ffb2bf8000 	C:\Windows\System32\quartz.dll
0x000007ffc3e10000 - 0x000007ffc3e4f000 	C:\Windows\System32\ksproxy.ax
0x000007ffba390000 - 0x000007ffba397000 	C:\Windows\System32\ksuser.dll
0x000007ffbbc60000 - 0x000007ffbbe60000 	C:\Windows\System32\d3d9.dll
0x000007ffc6820000 - 0x000007ffc682c000 	C:\Windows\System32\vidcap.ax
0x000007ffc3de0000 - 0x000007ffc3e04000 	C:\Windows\System32\kswdmcap.ax
0x000007ffb1960000 - 0x000007ffb1ab4000 	C:\Windows\System32\MFC42.dll
0x000007ffb6010000 - 0x000007ffb60ce000 	C:\Windows\System32\ODBC32.dll
0x000007ffb7f20000 - 0x000007ffb7fb5000 	C:\Windows\System32\qedit.dll
0x000007ffcfeb0000 - 0x000007ffcff51000 	C:\WINDOWS\system32\COMDLG32.dll
0x000007ffcd4b0000 - 0x000007ffcd650000 	C:\WINDOWS\WinSxS\amd64_microsoft.windows.gdiplus_6595b64144ccf1df_1.1.9200.16384_none_72771d4ecc1c3a4d\gdiplus.dll
0x000007ffb38f0000 - 0x000007ffb39da000 	C:\WINDOWS\SYSTEM32\DDRAW.dll
0x000007ffc7970000 - 0x000007ffc7978000 	C:\WINDOWS\SYSTEM32\DCIMAN32.dll
0x000000005e780000 - 0x000000005e7b4000 	F:\Program Files\Java\Jre7\bin\fontmanager.dll
0x000007ffb4b50000 - 0x000007ffb5cd0000 	C:\WINDOWS\SYSTEM32\nvd3dumx.dll
0x000007ffccdf0000 - 0x000007ffcce33000 	C:\WINDOWS\SYSTEM32\powrprof.dll
0x0000000180000000 - 0x0000000180116000 	C:\Program Files (x86)\NVIDIA Corporation\3D Vision\nvSCPAPI64.dll
0x000007ffca330000 - 0x000007ffca3a4000 	C:\WINDOWS\SYSTEM32\dxgi.dll
0x000007ffc9a40000 - 0x000007ffc9d02000 	C:\WINDOWS\SYSTEM32\nvapi64.dll
0x000007ffc9f50000 - 0x000007ffc9f6f000 	C:\WINDOWS\SYSTEM32\DXGIDebug.dll
0x000000005e9b0000 - 0x000000005e9c9000 	F:\Program Files\Java\Jre7\bin\net.dll
0x000007ffcc760000 - 0x000007ffcc7bc000 	C:\WINDOWS\system32\mswsock.dll
0x000000005e990000 - 0x000000005e9a1000 	F:\Program Files\Java\Jre7\bin\nio.dll
0x000000005e730000 - 0x000000005e771000 	F:\Program Files\Java\Jre7\bin\t2k.dll
0x000007ffca9b0000 - 0x000007ffcab3a000 	C:\WINDOWS\SYSTEM32\WindowsCodecs.dll
0x000007ffccf20000 - 0x000007ffccf35000 	C:\WINDOWS\SYSTEM32\profapi.dll
0x000007ffc8ca0000 - 0x000007ffc8d09000 	C:\WINDOWS\SYSTEM32\oleacc.dll
0x000000005e700000 - 0x000000005e72a000 	F:\Program Files\Java\Jre7\bin\dcpr.dll

VM Arguments:
jvm_args: -Dfile.encoding=Cp1252 
java_command: emcscanner.kth.se.Program
Launcher Type: SUN_STANDARD

Environment Variables:
PATH=C:\Program Files (x86)\NVIDIA Corporation\PhysX\Common;C:\WINDOWS\system32;C:\WINDOWS;C:\WINDOWS\System32\Wbem;C:\WINDOWS\System32\WindowsPowerShell\v1.0\;C:\Program Files (x86)\Microsoft SQL Server\90\Tools\binn\;C:\Program Files (x86)\Autodesk\Backburner\;F:\Program Files\MATLAB\R2012a\runtime\win64;F:\Program Files\MATLAB\R2012a\bin;PROGRAMFILES\Internet Explorer;C:\Program Files\Perforce;F:\Program Files\Perforce;C:\Program Files\Microsoft\Web Platform Installer\;C:\Program Files (x86)\Microsoft ASP.NET\ASP.NET Web Pages\v1.0\;C:\Program Files (x86)\Windows Kits\8.0\Windows Performance Toolkit\;C:\Program Files\Microsoft SQL Server\110\Tools\Binn\;F:\Program Files\Perforce\Server
USERNAME=Jonas
OS=Windows_NT
PROCESSOR_IDENTIFIER=Intel64 Family 6 Model 42 Stepping 7, GenuineIntel



---------------  S Y S T E M  ---------------

OS: Windows 8 , 64 bit Build 9200 

CPU:total 8 (4 cores per cpu, 2 threads per core) family 6 model 42 stepping 7, cmov, cx8, fxsr, mmx, sse, sse2, sse3, ssse3, sse4.1, sse4.2, popcnt, avx, ht, tsc, tscinvbit

Memory: 4k page, physical 16751668k(11297904k free), swap 33528884k(25806044k free)

vm_info: Java HotSpot(TM) 64-Bit Server VM (23.3-b01) for windows-amd64 JRE (1.7.0_07-b11), built on Sep  7 2012 01:19:25 by "java_re" with unknown MS VC++:1600

time: Wed Feb 06 02:30:51 2013
elapsed time: 10 seconds

