#
# A fatal error has been detected by the Java Runtime Environment:
#
#  EXCEPTION_ACCESS_VIOLATION (0xc0000005) at pc=0x0000000002ca3d7a, pid=412, tid=6688
#
# JRE version: 7.0_07-b11
# Java VM: Java HotSpot(TM) 64-Bit Server VM (23.3-b01 mixed mode windows-amd64 compressed oops)
# Problematic frame:
# J  com.googlecode.javacv.cpp.opencv_core$IplImage.flipCopyWithGamma(Ljava/nio/ByteBuffer;ILjava/nio/ByteBuffer;IZDZI)V
#
# Failed to write core dump. Minidumps are not enabled by default on client versions of Windows
#
# If you would like to submit a bug report, please visit:
#   http://bugreport.sun.com/bugreport/crash.jsp
#

---------------  T H R E A D  ---------------

Current thread (0x000000001a8e0800):  JavaThread "threadDisplay" daemon [_thread_in_Java, id=6688, stack(0x0000000020540000,0x0000000020640000)]

siginfo: ExceptionCode=0xc0000005, reading address 0x0000000020188000

Registers:
RAX=0x0000000000000007, RBX=0x00000000005eec00, RCX=0x0000000000000000, RDX=0x000000001ff46050
RSP=0x000000002063f180, RBP=0x00000007aaceb1a0, RSI=0x000000070f658340, RDI=0x00000000005eec00
R8 =0x0000000000241fb0, R9 =0x0000000000241fb1, R10=0x000000000000167f, R11=0x00000000005eec00
R12=0x0000000000000000, R13=0x0000000000241fb0, R14=0x000000000000002f, R15=0x000000001a8e0800
RIP=0x0000000002ca3d7a, EFLAGS=0x0000000000010207

Top of Stack: (sp=0x000000002063f180)
0x000000002063f180:   00000000005eec00 00000000005eec00
0x000000002063f190:   0000000000000000 00000000ffffffff
0x000000002063f1a0:   3ff0000000000000 00000007aaceb160
0x000000002063f1b0:   00000007aaceb1a0 3ff0000000000000
0x000000002063f1c0:   00241f8000000000 df6ab9ce00241f80
0x000000002063f1d0:   00001680df6c65d4 0000000000001680
0x000000002063f1e0:   00000007aaceb1d0 00001680ffffffff
0x000000002063f1f0:   00000007aaceb1a0 00000007aaceb160
0x000000002063f200:   00000000e1ecb068 000000070f658340
0x000000002063f210:   00000007aaceb1a0 00000007aaceb1a0
0x000000002063f220:   000000002063f220 00000006fb5556a7
0x000000002063f230:   000000002063f2e0 0000000002b461f8
0x000000002063f240:   0000000000000000 00000006fb5556b8
0x000000002063f250:   0000000002b461f8 0000000000000000
0x000000002063f260:   0000000000000000 3ff0000000000000
0x000000002063f270:   0000000000000000 0000000000000000 

Instructions: (pc=0x0000000002ca3d7a)
0x0000000002ca3d5a:   10 44 3b c7 0f 8d 26 01 00 00 45 8b c8 41 ff c1
0x0000000002ca3d6a:   44 89 4d 18 48 8b 6c 24 70 44 8b 6d 18 4d 63 c0
0x0000000002ca3d7a:   42 0f b6 04 02 44 3b eb 0f 8d 32 01 00 00 45 8b
0x0000000002ca3d8a:   cd 44 03 c9 41 ff c5 44 89 6d 18 45 3b cb 0f 83 


Register to memory mapping:

RAX=0x0000000000000007 is an unknown value
RBX=0x00000000005eec00 is an unknown value
RCX=0x0000000000000000 is an unknown value
RDX=0x000000001ff46050 is an unknown value
RSP=0x000000002063f180 is pointing into the stack for thread: 0x000000001a8e0800
RBP=0x00000007aaceb1a0 is an oop
java.nio.HeapByteBuffer 
 - klass: 'java/nio/HeapByteBuffer'
RSI=0x000000070f658340 is an oop
[B 
 - klass: {type array byte}
 - length: 6220800
RDI=0x00000000005eec00 is an unknown value
R8 =0x0000000000241fb0 is an unknown value
R9 =0x0000000000241fb1 is an unknown value
R10=0x000000000000167f is an unknown value
R11=0x00000000005eec00 is an unknown value
R12=0x0000000000000000 is an unknown value
R13=0x0000000000241fb0 is an unknown value
R14=0x000000000000002f is an unknown value
R15=0x000000001a8e0800 is a thread


Stack: [0x0000000020540000,0x0000000020640000],  sp=0x000000002063f180,  free space=1020k
Native frames: (J=compiled Java code, j=interpreted, Vv=VM code, C=native code)
J  com.googlecode.javacv.cpp.opencv_core$IplImage.flipCopyWithGamma(Ljava/nio/ByteBuffer;ILjava/nio/ByteBuffer;IZDZI)V


---------------  P R O C E S S  ---------------

Java Threads: ( => current thread )
  0x0000000018ba7000 JavaThread "Thread-3" [_thread_in_native, id=5260, stack(0x000000001cd90000,0x000000001ce90000)]
  0x000000001a134800 JavaThread "Thread-0" daemon [_thread_in_native, id=2288, stack(0x0000000019160000,0x0000000019260000)]
  0x000000001ab6a000 JavaThread "ICEpdf-pagePainter" daemon [_thread_blocked, id=6176, stack(0x0000000020980000,0x0000000020a80000)]
  0x00000000190a7800 JavaThread "ICEpdf-pageInitializer" daemon [_thread_blocked, id=3244, stack(0x0000000020750000,0x0000000020850000)]
  0x000000000284e000 JavaThread "DestroyJavaVM" [_thread_blocked, id=1692, stack(0x0000000002940000,0x0000000002a40000)]
=>0x000000001a8e0800 JavaThread "threadDisplay" daemon [_thread_in_Java, id=6688, stack(0x0000000020540000,0x0000000020640000)]
  0x0000000018aa7000 JavaThread "TimerQueue" daemon [_thread_blocked, id=4152, stack(0x0000000019360000,0x0000000019460000)]
  0x0000000013fb9000 JavaThread "AWT-EventQueue-0" [_thread_blocked, id=7224, stack(0x0000000019260000,0x0000000019360000)]
  0x0000000013ceb800 JavaThread "AWT-Windows" daemon [_thread_in_native, id=4620, stack(0x0000000014810000,0x0000000014910000)]
  0x0000000013ceb000 JavaThread "AWT-Shutdown" [_thread_blocked, id=4384, stack(0x0000000014710000,0x0000000014810000)]
  0x0000000013ce2000 JavaThread "Java2D Disposer" daemon [_thread_blocked, id=5512, stack(0x0000000014610000,0x0000000014710000)]
  0x00000000115d4800 JavaThread "Service Thread" daemon [_thread_blocked, id=7260, stack(0x00000000139c0000,0x0000000013ac0000)]
  0x00000000115c8000 JavaThread "C2 CompilerThread1" daemon [_thread_blocked, id=5348, stack(0x00000000138c0000,0x00000000139c0000)]
  0x00000000115c4800 JavaThread "C2 CompilerThread0" daemon [_thread_blocked, id=7764, stack(0x00000000137c0000,0x00000000138c0000)]
  0x00000000115c3800 JavaThread "Attach Listener" daemon [_thread_blocked, id=3792, stack(0x00000000136c0000,0x00000000137c0000)]
  0x00000000115b6800 JavaThread "Signal Dispatcher" daemon [_thread_blocked, id=4232, stack(0x00000000135c0000,0x00000000136c0000)]
  0x000000001157a000 JavaThread "Finalizer" daemon [_thread_blocked, id=3928, stack(0x00000000134c0000,0x00000000135c0000)]
  0x0000000011573000 JavaThread "Reference Handler" daemon [_thread_blocked, id=5604, stack(0x00000000133c0000,0x00000000134c0000)]

Other Threads:
  0x000000001156d800 VMThread [stack: 0x00000000132c0000,0x00000000133c0000] [id=6376]
  0x00000000115f3000 WatcherThread [stack: 0x0000000013ac0000,0x0000000013bc0000] [id=1964]

VM state:not at safepoint (normal execution)

VM Mutex/Monitor currently owned by a thread: None

Heap
 PSYoungGen      total 248448K, used 244989K [0x00000007aacb0000, 0x00000007c44d0000, 0x0000000800000000)
  eden space 202176K, 100% used [0x00000007aacb0000,0x00000007b7220000,0x00000007b7220000)
  from space 46272K, 92% used [0x00000007b7220000,0x00000007b9bef470,0x00000007b9f50000)
  to   space 52800K, 0% used [0x00000007c1140000,0x00000007c1140000,0x00000007c44d0000)
 ParOldGen       total 257728K, used 252188K [0x0000000700600000, 0x00000007101b0000, 0x00000007aacb0000)
  object space 257728K, 97% used [0x0000000700600000,0x000000070fc47020,0x00000007101b0000)
 PSPermGen       total 38656K, used 17724K [0x00000006fb400000, 0x00000006fd9c0000, 0x0000000700600000)
  object space 38656K, 45% used [0x00000006fb400000,0x00000006fc54f2d0,0x00000006fd9c0000)

Card table byte_map: [0x0000000005b40000,0x0000000006370000] byte_map_base: 0x0000000002366000

Polling page: 0x0000000000fd0000

Code Cache  [0x0000000002b40000, 0x0000000002db0000, 0x0000000005b40000)
 total_blobs=859 nmethods=271 adapters=539 free_code_cache=47760Kb largest_free_block=48857088

Compilation events (10 events):
Event: 15.948 Thread 0x00000000115c8000  268             sun.java2d.SurfaceData::isValid (5 bytes)
Event: 15.949 Thread 0x00000000115c8000 nmethod 268 0x0000000002be2a10 code [0x0000000002be2b40, 0x0000000002be2b98]
Event: 16.013 Thread 0x00000000115c4800  269             java.util.HashMap::addEntry (69 bytes)
Event: 16.014 Thread 0x00000000115c4800 nmethod 269 0x0000000002bf7510 code [0x0000000002bf7680, 0x0000000002bf77f8]
Event: 16.701 Thread 0x00000000115c8000  270             java.awt.Container::findComponentAtImpl (315 bytes)
Event: 16.714 Thread 0x00000000115c8000 nmethod 270 0x0000000002ca6390 code [0x0000000002ca65a0, 0x0000000002ca72c8]
Event: 17.124 Thread 0x00000000115c4800  271             java.awt.Component::getWidth (5 bytes)
Event: 17.125 Thread 0x00000000115c4800 nmethod 271 0x0000000002bf7310 code [0x0000000002bf7440, 0x0000000002bf7498]
Event: 17.225 Thread 0x00000000115c8000  272             java.awt.Component::getHeight (5 bytes)
Event: 17.225 Thread 0x00000000115c8000 nmethod 272 0x0000000002bf7110 code [0x0000000002bf7240, 0x0000000002bf7298]

GC Heap History (10 events):
Event: 11.298 GC heap before
{Heap before GC invocations=6 (full 2):
 PSYoungGen      total 141824K, used 129331K [0x00000007aacb0000, 0x00000007b41d0000, 0x0000000800000000)
  eden space 130944K, 98% used [0x00000007aacb0000,0x00000007b2afce48,0x00000007b2c90000)
  from space 10880K, 0% used [0x00000007b3730000,0x00000007b3730000,0x00000007b41d0000)
  to   space 10880K, 0% used [0x00000007b2c90000,0x00000007b2c90000,0x00000007b3730000)
 ParOldGen       total 407232K, used 407127K [0x0000000700600000, 0x00000007193b0000, 0x00000007aacb0000)
  object space 407232K, 99% used [0x0000000700600000,0x0000000719395db8,0x00000007193b0000)
 PSPermGen       total 35648K, used 17681K [0x00000006fb400000, 0x00000006fd6d0000, 0x0000000700600000)
  object space 35648K, 49% used [0x00000006fb400000,0x00000006fc544438,0x00000006fd6d0000)
Event: 11.341 GC heap after
Heap after GC invocations=6 (full 2):
 PSYoungGen      total 141824K, used 0K [0x00000007aacb0000, 0x00000007b41d0000, 0x0000000800000000)
  eden space 130944K, 0% used [0x00000007aacb0000,0x00000007aacb0000,0x00000007b2c90000)
  from space 10880K, 0% used [0x00000007b3730000,0x00000007b3730000,0x00000007b41d0000)
  to   space 10880K, 0% used [0x00000007b2c90000,0x00000007b2c90000,0x00000007b3730000)
 ParOldGen       total 152896K, used 18328K [0x0000000700600000, 0x0000000709b50000, 0x00000007aacb0000)
  object space 152896K, 11% used [0x0000000700600000,0x00000007017e6040,0x0000000709b50000)
 PSPermGen       total 40320K, used 17681K [0x00000006fb400000, 0x00000006fdb60000, 0x0000000700600000)
  object space 40320K, 43% used [0x00000006fb400000,0x00000006fc544438,0x00000006fdb60000)
}
Event: 12.030 GC heap before
{Heap before GC invocations=7 (full 2):
 PSYoungGen      total 141824K, used 128567K [0x00000007aacb0000, 0x00000007b41d0000, 0x0000000800000000)
  eden space 130944K, 98% used [0x00000007aacb0000,0x00000007b2a3dd58,0x00000007b2c90000)
  from space 10880K, 0% used [0x00000007b3730000,0x00000007b3730000,0x00000007b41d0000)
  to   space 10880K, 0% used [0x00000007b2c90000,0x00000007b2c90000,0x00000007b3730000)
 ParOldGen       total 152896K, used 24403K [0x0000000700600000, 0x0000000709b50000, 0x00000007aacb0000)
  object space 152896K, 15% used [0x0000000700600000,0x0000000701dd4c50,0x0000000709b50000)
 PSPermGen       total 40320K, used 17681K [0x00000006fb400000, 0x00000006fdb60000, 0x0000000700600000)
  object space 40320K, 43% used [0x00000006fb400000,0x00000006fc5446d0,0x00000006fdb60000)
Event: 12.037 GC heap after
Heap after GC invocations=7 (full 2):
 PSYoungGen      total 141824K, used 6331K [0x00000007aacb0000, 0x00000007bcc30000, 0x0000000800000000)
  eden space 130944K, 0% used [0x00000007aacb0000,0x00000007aacb0000,0x00000007b2c90000)
  from space 10880K, 58% used [0x00000007b2c90000,0x00000007b32bec10,0x00000007b3730000)
  to   space 40512K, 0% used [0x00000007ba4a0000,0x00000007ba4a0000,0x00000007bcc30000)
 ParOldGen       total 152896K, used 73003K [0x0000000700600000, 0x0000000709b50000, 0x00000007aacb0000)
  object space 152896K, 47% used [0x0000000700600000,0x0000000704d4acd0,0x0000000709b50000)
 PSPermGen       total 40320K, used 17681K [0x00000006fb400000, 0x00000006fdb60000, 0x0000000700600000)
  object space 40320K, 43% used [0x00000006fb400000,0x00000006fc5446d0,0x00000006fdb60000)
}
Event: 14.899 GC heap before
{Heap before GC invocations=8 (full 3):
 PSYoungGen      total 141824K, used 134777K [0x00000007aacb0000, 0x00000007bcc30000, 0x0000000800000000)
  eden space 130944K, 98% used [0x00000007aacb0000,0x00000007b2a1f900,0x00000007b2c90000)
  from space 10880K, 58% used [0x00000007b2c90000,0x00000007b32bec10,0x00000007b3730000)
  to   space 40512K, 0% used [0x00000007ba4a0000,0x00000007ba4a0000,0x00000007bcc30000)
 ParOldGen       total 456896K, used 455729K [0x0000000700600000, 0x000000071c430000, 0x00000007aacb0000)
  object space 456896K, 99% used [0x0000000700600000,0x000000071c30c4c0,0x000000071c430000)
 PSPermGen       total 40320K, used 17686K [0x00000006fb400000, 0x00000006fdb60000, 0x0000000700600000)
  object space 40320K, 43% used [0x00000006fb400000,0x00000006fc5459d0,0x00000006fdb60000)
Event: 14.951 GC heap after
Heap after GC invocations=8 (full 3):
 PSYoungGen      total 141824K, used 0K [0x00000007aacb0000, 0x00000007bcc30000, 0x0000000800000000)
  eden space 130944K, 0% used [0x00000007aacb0000,0x00000007aacb0000,0x00000007b2c90000)
  from space 10880K, 0% used [0x00000007b2c90000,0x00000007b2c90000,0x00000007b3730000)
  to   space 40512K, 0% used [0x00000007ba4a0000,0x00000007ba4a0000,0x00000007bcc30000)
 ParOldGen       total 196928K, used 15262K [0x0000000700600000, 0x000000070c650000, 0x00000007aacb0000)
  object space 196928K, 7% used [0x0000000700600000,0x00000007014e78e0,0x000000070c650000)
 PSPermGen       total 38656K, used 17686K [0x00000006fb400000, 0x00000006fd9c0000, 0x0000000700600000)
  object space 38656K, 45% used [0x00000006fb400000,0x00000006fc5459b0,0x00000006fd9c0000)
}
Event: 15.698 GC heap before
{Heap before GC invocations=9 (full 3):
 PSYoungGen      total 141824K, used 127934K [0x00000007aacb0000, 0x00000007bcc30000, 0x0000000800000000)
  eden space 130944K, 97% used [0x00000007aacb0000,0x00000007b299fac8,0x00000007b2c90000)
  from space 10880K, 0% used [0x00000007b2c90000,0x00000007b2c90000,0x00000007b3730000)
  to   space 40512K, 0% used [0x00000007ba4a0000,0x00000007ba4a0000,0x00000007bcc30000)
 ParOldGen       total 196928K, used 15262K [0x0000000700600000, 0x000000070c650000, 0x00000007aacb0000)
  object space 196928K, 7% used [0x0000000700600000,0x00000007014e78e0,0x000000070c650000)
 PSPermGen       total 38656K, used 17688K [0x00000006fb400000, 0x00000006fd9c0000, 0x0000000700600000)
  object space 38656K, 45% used [0x00000006fb400000,0x00000006fc546370,0x00000006fd9c0000)
Event: 15.706 GC heap after
Heap after GC invocations=9 (full 3):
 PSYoungGen      total 242688K, used 36706K [0x00000007aacb0000, 0x00000007bcc80000, 0x0000000800000000)
  eden space 202176K, 0% used [0x00000007aacb0000,0x00000007aacb0000,0x00000007b7220000)
  from space 40512K, 90% used [0x00000007ba4a0000,0x00000007bc878860,0x00000007bcc30000)
  to   space 46272K, 0% used [0x00000007b7220000,0x00000007b7220000,0x00000007b9f50000)
 ParOldGen       total 196928K, used 15262K [0x0000000700600000, 0x000000070c650000, 0x00000007aacb0000)
  object space 196928K, 7% used [0x0000000700600000,0x00000007014e78e0,0x000000070c650000)
 PSPermGen       total 38656K, used 17688K [0x00000006fb400000, 0x00000006fd9c0000, 0x0000000700600000)
  object space 38656K, 45% used [0x00000006fb400000,0x00000006fc546370,0x00000006fd9c0000)
}
Event: 16.798 GC heap before
{Heap before GC invocations=10 (full 3):
 PSYoungGen      total 242688K, used 237730K [0x00000007aacb0000, 0x00000007bcc80000, 0x0000000800000000)
  eden space 202176K, 99% used [0x00000007aacb0000,0x00000007b71000a8,0x00000007b7220000)
  from space 40512K, 90% used [0x00000007ba4a0000,0x00000007bc878860,0x00000007bcc30000)
  to   space 46272K, 0% used [0x00000007b7220000,0x00000007b7220000,0x00000007b9f50000)
 ParOldGen       total 196928K, used 21337K [0x0000000700600000, 0x000000070c650000, 0x00000007aacb0000)
  object space 196928K, 10% used [0x0000000700600000,0x0000000701ad64f0,0x000000070c650000)
 PSPermGen       total 38656K, used 17693K [0x00000006fb400000, 0x00000006fd9c0000, 0x0000000700600000)
  object space 38656K, 45% used [0x00000006fb400000,0x00000006fc5475a8,0x00000006fd9c0000)
Event: 16.808 GC heap after
Heap after GC invocations=10 (full 3):
 PSYoungGen      total 248448K, used 42813K [0x00000007aacb0000, 0x00000007c44d0000, 0x0000000800000000)
  eden space 202176K, 0% used [0x00000007aacb0000,0x00000007aacb0000,0x00000007b7220000)
  from space 46272K, 92% used [0x00000007b7220000,0x00000007b9bef470,0x00000007b9f50000)
  to   space 52800K, 0% used [0x00000007c1140000,0x00000007c1140000,0x00000007c44d0000)
 ParOldGen       total 196928K, used 27412K [0x0000000700600000, 0x000000070c650000, 0x00000007aacb0000)
  object space 196928K, 13% used [0x0000000700600000,0x00000007020c5100,0x000000070c650000)
 PSPermGen       total 38656K, used 17693K [0x00000006fb400000, 0x00000006fd9c0000, 0x0000000700600000)
  object space 38656K, 45% used [0x00000006fb400000,0x00000006fc5475a8,0x00000006fd9c0000)
}

Deoptimization events (10 events):
Event: 1.111 Thread 0x000000000284e000 Uncommon trap -58 fr.pc 0x0000000002bf6f34
Event: 1.111 Thread 0x000000000284e000 Uncommon trap -58 fr.pc 0x0000000002bf6f34
Event: 1.111 Thread 0x000000000284e000 Uncommon trap -58 fr.pc 0x0000000002bf6f34
Event: 3.688 Thread 0x0000000013fb9000 Uncommon trap -83 fr.pc 0x0000000002be91c4
Event: 3.733 Thread 0x00000000190a7800 Uncommon trap -83 fr.pc 0x0000000002be8db4
Event: 3.777 Thread 0x00000000190a7800 Uncommon trap -83 fr.pc 0x0000000002be8a04
Event: 3.793 Thread 0x00000000190a7800 Uncommon trap -83 fr.pc 0x0000000002c4a368
Event: 3.840 Thread 0x00000000190a7800 Uncommon trap -83 fr.pc 0x0000000002c50e90
Event: 3.869 Thread 0x00000000190a7800 Uncommon trap -83 fr.pc 0x0000000002c0c918
Event: 4.036 Thread 0x000000001ab6a000 Uncommon trap -83 fr.pc 0x0000000002c743fc

Internal exceptions (10 events):
Event: 3.879 Thread 0x00000000190a7800 Threw 0x00000007ae22a100 at C:\jdk7u1_64p\jdk7u7\hotspot\src\share\vm\prims\jvm.cpp:1166
Event: 3.911 Thread 0x00000000190a7800 Threw 0x00000007ae361778 at C:\jdk7u1_64p\jdk7u7\hotspot\src\share\vm\prims\jvm.cpp:1166
Event: 3.911 Thread 0x00000000190a7800 Threw 0x00000007ae364548 at C:\jdk7u1_64p\jdk7u7\hotspot\src\share\vm\prims\jvm.cpp:1166
Event: 3.914 Thread 0x00000000190a7800 Threw 0x00000007ae3749b0 at C:\jdk7u1_64p\jdk7u7\hotspot\src\share\vm\prims\jvm.cpp:1166
Event: 3.914 Thread 0x00000000190a7800 Threw 0x00000007ae377780 at C:\jdk7u1_64p\jdk7u7\hotspot\src\share\vm\prims\jvm.cpp:1166
Event: 3.915 Thread 0x00000000190a7800 Threw 0x00000007ae37a930 at C:\jdk7u1_64p\jdk7u7\hotspot\src\share\vm\prims\jvm.cpp:1166
Event: 3.915 Thread 0x00000000190a7800 Threw 0x00000007ae37d700 at C:\jdk7u1_64p\jdk7u7\hotspot\src\share\vm\prims\jvm.cpp:1166
Event: 4.026 Thread 0x000000001ab6a000 Threw 0x00000007ae8f2010 at C:\jdk7u1_64p\jdk7u7\hotspot\src\share\vm\prims\jvm.cpp:1166
Event: 4.030 Thread 0x000000001ab6a000 Threw 0x00000007ae9028a0 at C:\jdk7u1_64p\jdk7u7\hotspot\src\share\vm\prims\jvm.cpp:1166
Event: 4.231 Thread 0x000000001ab6a000 Threw 0x00000007ab8a8218 at C:\jdk7u1_64p\jdk7u7\hotspot\src\share\vm\prims\jvm.cpp:1166

Events (10 events):
Event: 14.899 Executing VM operation: ParallelGCFailedAllocation
Event: 14.951 Executing VM operation: ParallelGCFailedAllocation done
Event: 15.698 Executing VM operation: ParallelGCFailedAllocation
Event: 15.707 Executing VM operation: ParallelGCFailedAllocation done
Event: 16.341 loading class 0x0000000013cb95e0
Event: 16.341 loading class 0x0000000013cb95e0 done
Event: 16.795 Executing VM operation: ParallelGCFailedAllocation
Event: 16.795 Executing VM operation: ParallelGCFailedAllocation done
Event: 16.798 Executing VM operation: ParallelGCSystemGC
Event: 16.808 Executing VM operation: ParallelGCSystemGC done


Dynamic libraries:
0x000007f617cb0000 - 0x000007f617ce4000 	F:\Program Files\Java\Jre7\bin\javaw.exe
0x000007fe83490000 - 0x000007fe8364e000 	C:\WINDOWS\SYSTEM32\ntdll.dll
0x000007fe83350000 - 0x000007fe83486000 	C:\WINDOWS\system32\KERNEL32.DLL
0x000007fe80580000 - 0x000007fe80673000 	C:\WINDOWS\system32\KERNELBASE.dll
0x000007fe82eb0000 - 0x000007fe82f8e000 	C:\WINDOWS\system32\ADVAPI32.dll
0x000007fe80a10000 - 0x000007fe80b5c000 	C:\WINDOWS\system32\USER32.dll
0x000007fe7db90000 - 0x000007fe7ddf9000 	C:\WINDOWS\WinSxS\amd64_microsoft.windows.common-controls_6595b64144ccf1df_6.0.9200.16384_none_418c2a697189c07f\COMCTL32.dll
0x000007fe82890000 - 0x000007fe82935000 	C:\WINDOWS\system32\msvcrt.dll
0x000007fe82840000 - 0x000007fe82888000 	C:\WINDOWS\SYSTEM32\sechost.dll
0x000007fe82970000 - 0x000007fe82ab0000 	C:\WINDOWS\system32\RPCRT4.dll
0x000007fe82ab0000 - 0x000007fe82bf0000 	C:\WINDOWS\system32\GDI32.dll
0x000007fe80b60000 - 0x000007fe80b99000 	C:\WINDOWS\system32\IMM32.DLL
0x000007fe82720000 - 0x000007fe82835000 	C:\WINDOWS\system32\MSCTF.dll
0x000007fe80380000 - 0x000007fe80388000 	C:\PROGRA~2\NVIDIA~1\3DVISI~1\NVSTIN~1.DLL
0x000007fe82940000 - 0x000007fe82947000 	C:\WINDOWS\system32\PSAPI.DLL
0x000000006acd0000 - 0x000000006ad73000 	C:\WINDOWS\WinSxS\amd64_microsoft.vc90.crt_1fc8b3b9a1e18e3b_9.0.30729.6871_none_08e717a5a83adddf\MSVCR90.dll
0x0000000069bb0000 - 0x0000000069c81000 	F:\Program Files\Java\Jre7\bin\msvcr100.dll
0x0000000068a20000 - 0x000000006913f000 	F:\Program Files\Java\Jre7\bin\server\jvm.dll
0x000007fe78b00000 - 0x000007fe78b09000 	C:\WINDOWS\SYSTEM32\WSOCK32.dll
0x000007fe7de20000 - 0x000007fe7de40000 	C:\WINDOWS\SYSTEM32\WINMM.dll
0x000007fe826a0000 - 0x000007fe826f8000 	C:\WINDOWS\system32\WS2_32.dll
0x000007fe7d3c0000 - 0x000007fe7d3f2000 	C:\WINDOWS\SYSTEM32\WINMMBASE.dll
0x000007fe82700000 - 0x000007fe82709000 	C:\WINDOWS\system32\NSI.dll
0x0000000069ba0000 - 0x0000000069baf000 	F:\Program Files\Java\Jre7\bin\verify.dll
0x0000000069b70000 - 0x0000000069b98000 	F:\Program Files\Java\Jre7\bin\java.dll
0x0000000069b50000 - 0x0000000069b65000 	F:\Program Files\Java\Jre7\bin\zip.dll
0x0000000068880000 - 0x0000000068a13000 	F:\Program Files\Java\Jre7\bin\awt.dll
0x000007fe808e0000 - 0x000007fe809a3000 	C:\WINDOWS\system32\OLEAUT32.dll
0x000007fe80ba0000 - 0x000007fe80d50000 	C:\WINDOWS\system32\combase.dll
0x000007fe7a5b0000 - 0x000007fe7a64f000 	C:\WINDOWS\system32\apphelp.dll
0x000007fe7e2c0000 - 0x000007fe7e2e1000 	C:\WINDOWS\system32\DWMAPI.DLL
0x000007fe7f180000 - 0x000007fe7f263000 	C:\WINDOWS\system32\uxtheme.dll
0x000007fe7a660000 - 0x000007fe7a6f5000 	C:\Program Files\Common Files\microsoft shared\ink\tiptsf.dll
0x000007fe80eb0000 - 0x000007fe8102e000 	C:\WINDOWS\system32\ole32.dll
0x000007fe801d0000 - 0x000007fe801da000 	C:\WINDOWS\SYSTEM32\CRYPTBASE.dll
0x000007fe80170000 - 0x000007fe801cc000 	C:\WINDOWS\SYSTEM32\bcryptPrimitives.dll
0x000007fe6ef80000 - 0x000007fe6f180000 	C:\WINDOWS\system32\d3d9.dll
0x000007fe7e110000 - 0x000007fe7e119000 	C:\WINDOWS\SYSTEM32\VERSION.dll
0x000007fe5c060000 - 0x000007fe5d1e0000 	C:\WINDOWS\SYSTEM32\nvd3dumx.dll
0x000007fe80270000 - 0x000007fe802b3000 	C:\WINDOWS\SYSTEM32\powrprof.dll
0x0000000180000000 - 0x0000000180116000 	C:\Program Files (x86)\NVIDIA Corporation\3D Vision\nvSCPAPI64.dll
0x000007fe82f90000 - 0x000007fe83160000 	C:\WINDOWS\system32\SETUPAPI.dll
0x000007fe7dab0000 - 0x000007fe7db24000 	C:\WINDOWS\SYSTEM32\dxgi.dll
0x000007fe81050000 - 0x000007fe82338000 	C:\WINDOWS\system32\SHELL32.dll
0x000007fe80680000 - 0x000007fe806cf000 	C:\WINDOWS\system32\CFGMGR32.dll
0x000007fe808b0000 - 0x000007fe808d2000 	C:\WINDOWS\system32\DEVOBJ.dll
0x000007fe83300000 - 0x000007fe83350000 	C:\WINDOWS\system32\SHLWAPI.dll
0x000007fe7ceb0000 - 0x000007fe7d172000 	C:\WINDOWS\SYSTEM32\nvapi64.dll
0x000007fe80520000 - 0x000007fe80575000 	C:\WINDOWS\system32\WINTRUST.dll
0x000007fe806d0000 - 0x000007fe808a7000 	C:\WINDOWS\system32\CRYPT32.dll
0x000007fe80450000 - 0x000007fe80466000 	C:\WINDOWS\system32\MSASN1.dll
0x000007fe7d400000 - 0x000007fe7d41f000 	C:\WINDOWS\SYSTEM32\DXGIDebug.dll
0x000007fe7f550000 - 0x000007fe7f5e6000 	C:\WINDOWS\SYSTEM32\shcore.dll
0x0000000068840000 - 0x0000000068874000 	F:\Program Files\Java\Jre7\bin\fontmanager.dll
0x0000000069b30000 - 0x0000000069b49000 	F:\Program Files\Java\Jre7\bin\net.dll
0x000007fe7fbe0000 - 0x000007fe7fc3c000 	C:\WINDOWS\system32\mswsock.dll
0x0000000069b10000 - 0x0000000069b21000 	F:\Program Files\Java\Jre7\bin\nio.dll
0x00000000687f0000 - 0x0000000068831000 	F:\Program Files\Java\Jre7\bin\t2k.dll
0x000007fe82bf0000 - 0x000007fe82c86000 	C:\WINDOWS\SYSTEM32\clbcatq.dll
0x000007fe7df80000 - 0x000007fe7e10a000 	C:\WINDOWS\SYSTEM32\WindowsCodecs.dll
0x000007fe803a0000 - 0x000007fe803b5000 	C:\WINDOWS\SYSTEM32\profapi.dll
0x0000000069ed0000 - 0x0000000069f68000 	C:\Windows\System32\msvcp100.dll
0x000007fe6e730000 - 0x000007fe6e988000 	C:\opencv\build\x64\vc10\bin\opencv_core243.dll
0x000007fe77cc0000 - 0x000007fe77d55000 	C:\Users\Jonas\AppData\Local\Temp\javacpp81582755002210\jniopencv_core.dll
0x000007fe6ce40000 - 0x000007fe6d0e5000 	C:\opencv\build\x64\vc10\bin\opencv_imgproc243.dll
0x000007fe7a430000 - 0x000007fe7a478000 	C:\Users\Jonas\AppData\Local\Temp\javacpp81582755002210\jniopencv_imgproc.dll
0x0000000066840000 - 0x00000000675ca000 	C:\opencv\build\x64\vc10\bin\opencv_ffmpeg243_64.dll
0x000007fe6cbf0000 - 0x000007fe6ce3b000 	C:\opencv\build\x64\vc10\bin\opencv_highgui243.dll
0x000007fe7a540000 - 0x000007fe7a560000 	C:\WINDOWS\SYSTEM32\AVIFIL32.dll
0x000007fe7a400000 - 0x000007fe7a429000 	C:\WINDOWS\SYSTEM32\MSVFW32.dll
0x000007fe7a500000 - 0x000007fe7a517000 	C:\WINDOWS\SYSTEM32\AVICAP32.dll
0x000007fe677e0000 - 0x000007fe677f9000 	C:\WINDOWS\SYSTEM32\MSACM32.dll
0x000007fe7a3c0000 - 0x000007fe7a3d3000 	C:\Users\Jonas\AppData\Local\Temp\javacpp81582755002210\jniopencv_highgui.dll
0x000007fe79fe0000 - 0x000007fe79ff7000 	C:\Windows\System32\devenum.dll
0x000007fe796e0000 - 0x000007fe7970e000 	C:\WINDOWS\SYSTEM32\ntmarta.dll
0x000007fe7adf0000 - 0x000007fe7adfd000 	C:\WINDOWS\SYSTEM32\msdmo.dll
0x000007fe77630000 - 0x000007fe7765f000 	C:\Windows\System32\qcap.dll
0x000007fe6d230000 - 0x000007fe6d3e8000 	C:\Windows\System32\quartz.dll
0x000007fe775f0000 - 0x000007fe7762f000 	C:\Windows\System32\ksproxy.ax
0x000007fe6d940000 - 0x000007fe6d947000 	C:\Windows\System32\ksuser.dll
0x000007fe7a530000 - 0x000007fe7a53c000 	C:\Windows\System32\vidcap.ax
0x000007fe774e0000 - 0x000007fe77504000 	C:\Windows\System32\kswdmcap.ax
0x000007fe6bb50000 - 0x000007fe6bca4000 	C:\Windows\System32\MFC42.dll
0x000007fe70270000 - 0x000007fe7032e000 	C:\Windows\System32\ODBC32.dll
0x000007fe6b480000 - 0x000007fe6b515000 	C:\Windows\System32\qedit.dll
0x000007fe823b0000 - 0x000007fe82451000 	C:\WINDOWS\system32\COMDLG32.dll
0x000007fe83160000 - 0x000007fe83300000 	C:\WINDOWS\WinSxS\amd64_microsoft.windows.gdiplus_6595b64144ccf1df_1.1.9200.16384_none_72771d4ecc1c3a4d\gdiplus.dll
0x000007fe67cd0000 - 0x000007fe67dba000 	C:\WINDOWS\SYSTEM32\DDRAW.dll
0x000007fe7d1b0000 - 0x000007fe7d1b8000 	C:\WINDOWS\SYSTEM32\DCIMAN32.dll
0x000007fe7d2d0000 - 0x000007fe7d339000 	C:\WINDOWS\SYSTEM32\oleacc.dll
0x00000000687c0000 - 0x00000000687ea000 	F:\Program Files\Java\Jre7\bin\dcpr.dll

VM Arguments:
jvm_args: -Dfile.encoding=Cp1252 
java_command: emcscanner.kth.se.Program
Launcher Type: SUN_STANDARD

Environment Variables:
PATH=C:\Program Files (x86)\NVIDIA Corporation\PhysX\Common;C:\WINDOWS\system32;C:\WINDOWS;C:\WINDOWS\System32\Wbem;C:\WINDOWS\System32\WindowsPowerShell\v1.0\;C:\Program Files (x86)\Microsoft SQL Server\90\Tools\binn\;C:\Program Files (x86)\Autodesk\Backburner\;F:\Program Files\MATLAB\R2012a\runtime\win64;F:\Program Files\MATLAB\R2012a\bin;C:\Program Files\Internet Explorer;C:\Program Files\Perforce;F:\Program Files\Perforce;C:\Program Files\Microsoft\Web Platform Installer\;C:\Program Files (x86)\Microsoft ASP.NET\ASP.NET Web Pages\v1.0\;C:\Program Files (x86)\Windows Kits\8.0\Windows Performance Toolkit\;C:\Program Files\Microsoft SQL Server\110\Tools\Binn\;F:\Program Files\Perforce\Server
USERNAME=Jonas
OS=Windows_NT
PROCESSOR_IDENTIFIER=Intel64 Family 6 Model 42 Stepping 7, GenuineIntel



---------------  S Y S T E M  ---------------

OS: Windows 8 , 64 bit Build 9200 

CPU:total 8 (4 cores per cpu, 2 threads per core) family 6 model 42 stepping 7, cmov, cx8, fxsr, mmx, sse, sse2, sse3, ssse3, sse4.1, sse4.2, popcnt, avx, ht, tsc, tscinvbit

Memory: 4k page, physical 16751668k(11617556k free), swap 33528884k(27292856k free)

vm_info: Java HotSpot(TM) 64-Bit Server VM (23.3-b01) for windows-amd64 JRE (1.7.0_07-b11), built on Sep  7 2012 01:19:25 by "java_re" with unknown MS VC++:1600

time: Tue Jan 22 19:14:22 2013
elapsed time: 18 seconds

