#
# A fatal error has been detected by the Java Runtime Environment:
#
#  EXCEPTION_ACCESS_VIOLATION (0xc0000005) at pc=0x000007ffd0028bc0, pid=6156, tid=5440
#
# JRE version: 7.0_07-b11
# Java VM: Java HotSpot(TM) 64-Bit Server VM (23.3-b01 mixed mode windows-amd64 compressed oops)
# Problematic frame:
# C  [ntdll.dll+0x18bc0]  RtlQueueWorkItem+0x8a0
#
# Failed to write core dump. Minidumps are not enabled by default on client versions of Windows
#
# If you would like to submit a bug report, please visit:
#   http://bugreport.sun.com/bugreport/crash.jsp
# The crash happened outside the Java Virtual Machine in native code.
# See problematic frame for where to report the bug.
#

---------------  T H R E A D  ---------------

Current thread (0x000000001464e800):  JavaThread "threadDisplayCamera" daemon [_thread_in_native, id=5440, stack(0x00000000161f0000,0x00000000162f0000)]

siginfo: ExceptionCode=0xc0000005, writing address 0x0000000000000024

Registers:
RAX=0x0000000000000000, RBX=0x000000001389e1e8, RCX=0x00000000fffffffc, RDX=0x00000000000009d0
RSP=0x00000000162ef170, RBP=0x0000000000000000, RSI=0x00000000000009d0, RDI=0x0000000000000000
R8 =0xffffffffffffffff, R9 =0x0000000000000004, R10=0x0000000000000000, R11=0x0000000000000246
R12=0x0000000000000000, R13=0x0000000000000000, R14=0x000007f798770000, R15=0x0000000000000000
RIP=0x000007ffd0028bc0, EFLAGS=0x0000000000010213

Top of Stack: (sp=0x00000000162ef170)
0x00000000162ef170:   00000000000009d0 0000000024184ff2
0x00000000162ef180:   00000000162ef180 00000006fb740839
0x00000000162ef190:   00000000162ef1e0 00000006fb742d88
0x00000000162ef1a0:   00000006fc59df88 00000006fb740850
0x00000000162ef1b0:   0000000000000000 00000000162ef1d8
0x00000000162ef1c0:   00000000162ef228 000000000000041f
0x00000000162ef1d0:   00000007ab2b6610 000007ffcd3610ea
0x00000000162ef1e0:   00000006fb8df0b8 00000000162ef268
0x00000000162ef1f0:   000002de8c80b835 0000000000000000
0x00000000162ef200:   0000000000000004 0000000000000001
0x00000000162ef210:   0000000019c23050 00000000ff000000
0x00000000162ef220:   0000000000000000 0000000000000000
0x00000000162ef230:   000007f798770000 000007ffd001f4d4
0x00000000162ef240:   0000000000000000 0000000000000000
0x00000000162ef250:   000000001389e1e8 00000000000005a0
0x00000000162ef260:   0000000000000000 000000001464e9d8 

Instructions: (pc=0x000007ffd0028bc0)
0x000007ffd0028ba0:   43 08 a8 01 0f 85 bd 67 ff ff 8b c8 2b cd f0 0f
0x000007ffd0028bb0:   b1 4b 08 75 ea 48 8b 03 33 ed 48 83 f8 ff 74 03
0x000007ffd0028bc0:   ff 40 24 41 bf 82 03 fe 7f 41 80 3f 00 0f 85 69
0x000007ffd0028bd0:   7a 0e 00 48 83 fe ff 0f 84 bf 7a 0e 00 4c 8b c7 


Register to memory mapping:

RAX=0x0000000000000000 is an unknown value
RBX=0x000000001389e1e8 is an unknown value
RCX=0x00000000fffffffc is an unknown value
RDX=0x00000000000009d0 is an unknown value
RSP=0x00000000162ef170 is pointing into the stack for thread: 0x000000001464e800
RBP=0x0000000000000000 is an unknown value
RSI=0x00000000000009d0 is an unknown value
RDI=0x0000000000000000 is an unknown value
R8 =0xffffffffffffffff is an unknown value
R9 =0x0000000000000004 is an unknown value
R10=0x0000000000000000 is an unknown value
R11=0x0000000000000246 is an unknown value
R12=0x0000000000000000 is an unknown value
R13=0x0000000000000000 is an unknown value
R14=0x000007f798770000 is an unknown value
R15=0x0000000000000000 is an unknown value


Stack: [0x00000000161f0000,0x00000000162f0000],  sp=0x00000000162ef170,  free space=1020k
Native frames: (J=compiled Java code, j=interpreted, Vv=VM code, C=native code)
C  [ntdll.dll+0x18bc0]  RtlQueueWorkItem+0x8a0

[error occurred during error reporting (printing native stack), id 0xc0000005]

Java frames: (J=compiled Java code, j=interpreted, Vv=VM code)
j  com.googlecode.javacv.cpp.opencv_highgui.cvRetrieveFrame(Lcom/googlecode/javacv/cpp/opencv_highgui$CvCapture;I)Lcom/googlecode/javacv/cpp/opencv_core$IplImage;+0
j  com.googlecode.javacv.cpp.opencv_highgui.cvRetrieveFrame(Lcom/googlecode/javacv/cpp/opencv_highgui$CvCapture;)Lcom/googlecode/javacv/cpp/opencv_core$IplImage;+2
j  com.googlecode.javacv.OpenCVFrameGrabber.grab()Lcom/googlecode/javacv/cpp/opencv_core$IplImage;+4
j  emcscanner.kth.se.CameraPanel$1.run()V+15
v  ~StubRoutines::call_stub

---------------  P R O C E S S  ---------------

Java Threads: ( => current thread )
  0x00000000170cd800 JavaThread "Thread-0" daemon [_thread_in_native, id=4736, stack(0x0000000014df0000,0x0000000014ef0000)]
  0x00000000170c4000 JavaThread "Thread-2" [_thread_in_native, id=2208, stack(0x00000000143f0000,0x00000000144f0000)]
  0x00000000170ca000 JavaThread "ICEpdf-pagePainter" daemon [_thread_blocked, id=6532, stack(0x0000000025980000,0x0000000025a80000)]
  0x00000000170d0800 JavaThread "ICEpdf-pageInitializer" daemon [_thread_blocked, id=4904, stack(0x0000000025740000,0x0000000025840000)]
  0x000000001464b000 JavaThread "DestroyJavaVM" [_thread_blocked, id=7560, stack(0x0000000002460000,0x0000000002560000)]
  0x0000000014649800 JavaThread "TimerQueue" daemon [_thread_blocked, id=4884, stack(0x0000000024330000,0x0000000024430000)]
  0x000000001464a000 JavaThread "threadDisplayDensity" daemon [_thread_blocked, id=3728, stack(0x0000000020510000,0x0000000020610000)]
  0x000000001464e000 JavaThread "AWT-EventQueue-0" [_thread_blocked, id=4880, stack(0x000000001e930000,0x000000001ea30000)]
  0x000000001464b800 JavaThread "threadDisplay" daemon [_thread_blocked, id=5048, stack(0x000000001e830000,0x000000001e930000)]
  0x000000001464d000 JavaThread "threadDisplay" daemon [_thread_in_Java, id=3860, stack(0x000000001c6c0000,0x000000001c7c0000)]
  0x000000001464c800 JavaThread "AWT-Shutdown" [_thread_blocked, id=5004, stack(0x00000000162f0000,0x00000000163f0000)]
=>0x000000001464e800 JavaThread "threadDisplayCamera" daemon [_thread_in_native, id=5440, stack(0x00000000161f0000,0x00000000162f0000)]
  0x0000000013870800 JavaThread "AWT-Windows" daemon [_thread_in_native, id=6536, stack(0x0000000014160000,0x0000000014260000)]
  0x000000001386e800 JavaThread "Java2D Disposer" daemon [_thread_blocked, id=7040, stack(0x0000000013f60000,0x0000000014060000)]
  0x0000000011182800 JavaThread "Service Thread" daemon [_thread_blocked, id=5540, stack(0x0000000013560000,0x0000000013660000)]
  0x0000000011180000 JavaThread "C2 CompilerThread1" daemon [_thread_blocked, id=7340, stack(0x0000000013460000,0x0000000013560000)]
  0x000000001117b000 JavaThread "C2 CompilerThread0" daemon [_thread_blocked, id=4400, stack(0x0000000013360000,0x0000000013460000)]
  0x0000000011178000 JavaThread "Attach Listener" daemon [_thread_blocked, id=8044, stack(0x0000000013260000,0x0000000013360000)]
  0x000000001116b000 JavaThread "Signal Dispatcher" daemon [_thread_blocked, id=6288, stack(0x0000000013160000,0x0000000013260000)]
  0x000000001110e800 JavaThread "Finalizer" daemon [_thread_blocked, id=1864, stack(0x0000000013060000,0x0000000013160000)]
  0x0000000011107000 JavaThread "Reference Handler" daemon [_thread_blocked, id=5204, stack(0x0000000012f60000,0x0000000013060000)]

Other Threads:
  0x0000000011102000 VMThread [stack: 0x0000000012e60000,0x0000000012f60000] [id=6892]
  0x000000001119f000 WatcherThread [stack: 0x0000000013660000,0x0000000013760000] [id=6116]

VM state:not at safepoint (normal execution)

VM Mutex/Monitor currently owned by a thread: None

Heap
 PSYoungGen      total 782080K, used 521951K [0x00000007aacb0000, 0x00000007fe3f0000, 0x0000000800000000)
  eden space 761088K, 65% used [0x00000007aacb0000,0x00000007c95f2788,0x00000007d93f0000)
  from space 20992K, 99% used [0x00000007fbfe0000,0x00000007fd455760,0x00000007fd460000)
  to   space 15936K, 0% used [0x00000007fd460000,0x00000007fd460000,0x00000007fe3f0000)
 ParOldGen       total 174528K, used 139315K [0x0000000700600000, 0x000000070b070000, 0x00000007aacb0000)
  object space 174528K, 79% used [0x0000000700600000,0x0000000708e0ce28,0x000000070b070000)
 PSPermGen       total 21248K, used 18107K [0x00000006fb400000, 0x00000006fc8c0000, 0x0000000700600000)
  object space 21248K, 85% used [0x00000006fb400000,0x00000006fc5aefc8,0x00000006fc8c0000)

Card table byte_map: [0x0000000005720000,0x0000000005f50000] byte_map_base: 0x0000000001f46000

Polling page: 0x0000000002250000

Code Cache  [0x0000000002660000, 0x00000000028d0000, 0x0000000005660000)
 total_blobs=875 nmethods=286 adapters=540 free_code_cache=47813Kb largest_free_block=48894400

Compilation events (10 events):
Event: 14.802 Thread 0x0000000011180000  292             sun.java2d.pipe.Region::dimAdd (20 bytes)
Event: 14.803 Thread 0x0000000011180000 nmethod 292 0x00000000027bbbd0 code [0x00000000027bbd00, 0x00000000027bbd58]
Event: 14.946 Thread 0x000000001117b000  293             java.awt.image.ComponentSampleModel::<init> (163 bytes)
Event: 14.946 Thread 0x0000000011180000  294             sun.awt.image.ByteInterleavedRaster::<init> (459 bytes)
Event: 14.950 Thread 0x000000001117b000 nmethod 293 0x000000000272a290 code [0x000000000272a3e0, 0x000000000272a858]
Event: 14.951 Thread 0x000000001117b000  295             sun.awt.image.ByteComponentRaster::<init> (339 bytes)
Event: 14.957 Thread 0x0000000011180000 nmethod 294 0x00000000027bc890 code [0x00000000027bca20, 0x00000000027bcfa8]
Event: 14.957 Thread 0x0000000011180000  296             sun.awt.image.ByteInterleavedRaster::verify (101 bytes)
Event: 14.959 Thread 0x0000000011180000 nmethod 296 0x00000000027bc510 code [0x00000000027bc640, 0x00000000027bc798]
Event: 14.962 Thread 0x000000001117b000 nmethod 295 0x0000000002759b90 code [0x0000000002759d20, 0x000000000275a438]

GC Heap History (10 events):
Event: 7.644 GC heap before
{Heap before GC invocations=9 (full 0):
 PSYoungGen      total 551104K, used 549641K [0x00000007aacb0000, 0x00000007ce490000, 0x0000000800000000)
  eden space 523008K, 99% used [0x00000007aacb0000,0x00000007caa6c588,0x00000007cab70000)
  from space 28096K, 98% used [0x00000007cc7a0000,0x00000007ce2a6210,0x00000007ce310000)
  to   space 28864K, 0% used [0x00000007cab70000,0x00000007cab70000,0x00000007cc7a0000)
 ParOldGen       total 174528K, used 92256K [0x0000000700600000, 0x000000070b070000, 0x00000007aacb0000)
  object space 174528K, 52% used [0x0000000700600000,0x00000007060181f0,0x000000070b070000)
 PSPermGen       total 21248K, used 18028K [0x00000006fb400000, 0x00000006fc8c0000, 0x0000000700600000)
  object space 21248K, 84% used [0x00000006fb400000,0x00000006fc59b080,0x00000006fc8c0000)
Event: 7.661 GC heap after
Heap after GC invocations=9 (full 0):
 PSYoungGen      total 551872K, used 24563K [0x00000007aacb0000, 0x00000007e15d0000, 0x0000000800000000)
  eden space 523008K, 0% used [0x00000007aacb0000,0x00000007aacb0000,0x00000007cab70000)
  from space 28864K, 85% used [0x00000007cab70000,0x00000007cc36cc40,0x00000007cc7a0000)
  to   space 28608K, 0% used [0x00000007df9e0000,0x00000007df9e0000,0x00000007e15d0000)
 ParOldGen       total 174528K, used 124087K [0x0000000700600000, 0x000000070b070000, 0x00000007aacb0000)
  object space 174528K, 71% used [0x0000000700600000,0x0000000707f2dd98,0x000000070b070000)
 PSPermGen       total 21248K, used 18028K [0x00000006fb400000, 0x00000006fc8c0000, 0x0000000700600000)
  object space 21248K, 84% used [0x00000006fb400000,0x00000006fc59b080,0x00000006fc8c0000)
}
Event: 9.083 GC heap before
{Heap before GC invocations=10 (full 0):
 PSYoungGen      total 551872K, used 547491K [0x00000007aacb0000, 0x00000007e15d0000, 0x0000000800000000)
  eden space 523008K, 99% used [0x00000007aacb0000,0x00000007cab5c320,0x00000007cab70000)
  from space 28864K, 85% used [0x00000007cab70000,0x00000007cc36cc40,0x00000007cc7a0000)
  to   space 28608K, 0% used [0x00000007df9e0000,0x00000007df9e0000,0x00000007e15d0000)
 ParOldGen       total 174528K, used 124087K [0x0000000700600000, 0x000000070b070000, 0x00000007aacb0000)
  object space 174528K, 71% used [0x0000000700600000,0x0000000707f2dd98,0x000000070b070000)
 PSPermGen       total 21248K, used 18037K [0x00000006fb400000, 0x00000006fc8c0000, 0x0000000700600000)
  object space 21248K, 84% used [0x00000006fb400000,0x00000006fc59d6e8,0x00000006fc8c0000)
Event: 9.092 GC heap after
Heap after GC invocations=10 (full 0):
 PSYoungGen      total 865344K, used 22784K [0x00000007aacb0000, 0x00000007e1610000, 0x0000000800000000)
  eden space 836736K, 0% used [0x00000007aacb0000,0x00000007aacb0000,0x00000007dddd0000)
  from space 28608K, 79% used [0x00000007df9e0000,0x00000007e10200e0,0x00000007e15d0000)
  to   space 28736K, 0% used [0x00000007dddd0000,0x00000007dddd0000,0x00000007df9e0000)
 ParOldGen       total 174528K, used 135766K [0x0000000700600000, 0x000000070b070000, 0x00000007aacb0000)
  object space 174528K, 77% used [0x0000000700600000,0x0000000708a95948,0x000000070b070000)
 PSPermGen       total 21248K, used 18037K [0x00000006fb400000, 0x00000006fc8c0000, 0x0000000700600000)
  object space 21248K, 84% used [0x00000006fb400000,0x00000006fc59d6e8,0x00000006fc8c0000)
}
Event: 11.450 GC heap before
{Heap before GC invocations=11 (full 0):
 PSYoungGen      total 865344K, used 859128K [0x00000007aacb0000, 0x00000007e1610000, 0x0000000800000000)
  eden space 836736K, 99% used [0x00000007aacb0000,0x00000007ddd6e0c8,0x00000007dddd0000)
  from space 28608K, 79% used [0x00000007df9e0000,0x00000007e10200e0,0x00000007e15d0000)
  to   space 28736K, 0% used [0x00000007dddd0000,0x00000007dddd0000,0x00000007df9e0000)
 ParOldGen       total 174528K, used 135766K [0x0000000700600000, 0x000000070b070000, 0x00000007aacb0000)
  object space 174528K, 77% used [0x0000000700600000,0x0000000708a95948,0x000000070b070000)
 PSPermGen       total 21248K, used 18042K [0x00000006fb400000, 0x00000006fc8c0000, 0x0000000700600000)
  object space 21248K, 84% used [0x00000006fb400000,0x00000006fc59ea60,0x00000006fc8c0000)
Event: 11.458 GC heap after
Heap after GC invocations=11 (full 0):
 PSYoungGen      total 865472K, used 25568K [0x00000007aacb0000, 0x00000007fffc0000, 0x0000000800000000)
  eden space 836736K, 0% used [0x00000007aacb0000,0x00000007aacb0000,0x00000007dddd0000)
  from space 28736K, 88% used [0x00000007dddd0000,0x00000007df6c8270,0x00000007df9e0000)
  to   space 28544K, 0% used [0x00000007fe3e0000,0x00000007fe3e0000,0x00000007fffc0000)
 ParOldGen       total 174528K, used 139259K [0x0000000700600000, 0x000000070b070000, 0x00000007aacb0000)
  object space 174528K, 79% used [0x0000000700600000,0x0000000708dfee28,0x000000070b070000)
 PSPermGen       total 21248K, used 18042K [0x00000006fb400000, 0x00000006fc8c0000, 0x0000000700600000)
  object space 21248K, 84% used [0x00000006fb400000,0x00000006fc59ea60,0x00000006fc8c0000)
}
Event: 13.745 GC heap before
{Heap before GC invocations=12 (full 0):
 PSYoungGen      total 865472K, used 860578K [0x00000007aacb0000, 0x00000007fffc0000, 0x0000000800000000)
  eden space 836736K, 99% used [0x00000007aacb0000,0x00000007ddc20880,0x00000007dddd0000)
  from space 28736K, 88% used [0x00000007dddd0000,0x00000007df6c8270,0x00000007df9e0000)
  to   space 28544K, 0% used [0x00000007fe3e0000,0x00000007fe3e0000,0x00000007fffc0000)
 ParOldGen       total 174528K, used 139259K [0x0000000700600000, 0x000000070b070000, 0x00000007aacb0000)
  object space 174528K, 79% used [0x0000000700600000,0x0000000708dfee28,0x000000070b070000)
 PSPermGen       total 21248K, used 18048K [0x00000006fb400000, 0x00000006fc8c0000, 0x0000000700600000)
  object space 21248K, 84% used [0x00000006fb400000,0x00000006fc5a02f8,0x00000006fc8c0000)
Event: 13.752 GC heap after
Heap after GC invocations=12 (full 0):
 PSYoungGen      total 818944K, used 20949K [0x00000007aacb0000, 0x00000007ff860000, 0x0000000800000000)
  eden space 797952K, 0% used [0x00000007aacb0000,0x00000007aacb0000,0x00000007db7f0000)
  from space 20992K, 99% used [0x00000007fe3e0000,0x00000007ff855760,0x00000007ff860000)
  to   space 28928K, 0% used [0x00000007fbfe0000,0x00000007fbfe0000,0x00000007fdc20000)
 ParOldGen       total 174528K, used 139291K [0x0000000700600000, 0x000000070b070000, 0x00000007aacb0000)
  object space 174528K, 79% used [0x0000000700600000,0x0000000708e06e28,0x000000070b070000)
 PSPermGen       total 21248K, used 18048K [0x00000006fb400000, 0x00000006fc8c0000, 0x0000000700600000)
  object space 21248K, 84% used [0x00000006fb400000,0x00000006fc5a02f8,0x00000006fc8c0000)
}
Event: 15.880 GC heap before
{Heap before GC invocations=13 (full 0):
 PSYoungGen      total 818944K, used 813749K [0x00000007aacb0000, 0x00000007ff860000, 0x0000000800000000)
  eden space 797952K, 99% used [0x00000007aacb0000,0x00000007db2e7fa8,0x00000007db7f0000)
  from space 20992K, 99% used [0x00000007fe3e0000,0x00000007ff855760,0x00000007ff860000)
  to   space 28928K, 0% used [0x00000007fbfe0000,0x00000007fbfe0000,0x00000007fdc20000)
 ParOldGen       total 174528K, used 139291K [0x0000000700600000, 0x000000070b070000, 0x00000007aacb0000)
  object space 174528K, 79% used [0x0000000700600000,0x0000000708e06e28,0x000000070b070000)
 PSPermGen       total 21248K, used 18059K [0x00000006fb400000, 0x00000006fc8c0000, 0x0000000700600000)
  object space 21248K, 84% used [0x00000006fb400000,0x00000006fc5a2fa0,0x00000006fc8c0000)
Event: 15.887 GC heap after
Heap after GC invocations=13 (full 0):
 PSYoungGen      total 782080K, used 20949K [0x00000007aacb0000, 0x00000007fe3f0000, 0x0000000800000000)
  eden space 761088K, 0% used [0x00000007aacb0000,0x00000007aacb0000,0x00000007d93f0000)
  from space 20992K, 99% used [0x00000007fbfe0000,0x00000007fd455760,0x00000007fd460000)
  to   space 15936K, 0% used [0x00000007fd460000,0x00000007fd460000,0x00000007fe3f0000)
 ParOldGen       total 174528K, used 139315K [0x0000000700600000, 0x000000070b070000, 0x00000007aacb0000)
  object space 174528K, 79% used [0x0000000700600000,0x0000000708e0ce28,0x000000070b070000)
 PSPermGen       total 21248K, used 18059K [0x00000006fb400000, 0x00000006fc8c0000, 0x0000000700600000)
  object space 21248K, 84% used [0x00000006fb400000,0x00000006fc5a2fa0,0x00000006fc8c0000)
}

Deoptimization events (10 events):
Event: 2.815 Thread 0x000000000245e000 Uncommon trap -83 fr.pc 0x00000000027139f8
Event: 2.815 Thread 0x000000000245e000 Uncommon trap -83 fr.pc 0x00000000026fc77c
Event: 3.329 Thread 0x000000001464e000 Uncommon trap 43 fr.pc 0x000000000272a014
Event: 3.854 Thread 0x000000001464e000 Uncommon trap -83 fr.pc 0x000000000273a2a4
Event: 3.907 Thread 0x00000000170d0800 Uncommon trap -83 fr.pc 0x0000000002739e74
Event: 3.958 Thread 0x00000000170d0800 Uncommon trap -83 fr.pc 0x000000000272e704
Event: 3.977 Thread 0x00000000170d0800 Uncommon trap -83 fr.pc 0x000000000274c2e8
Event: 4.036 Thread 0x00000000170d0800 Uncommon trap -83 fr.pc 0x000000000270077c
Event: 4.070 Thread 0x00000000170d0800 Uncommon trap -83 fr.pc 0x0000000002751798
Event: 4.304 Thread 0x00000000170ca000 Uncommon trap -83 fr.pc 0x00000000027913fc

Internal exceptions (10 events):
Event: 4.081 Thread 0x00000000170d0800 Threw 0x00000007b1505a20 at C:\jdk7u1_64p\jdk7u7\hotspot\src\share\vm\prims\jvm.cpp:1166
Event: 4.116 Thread 0x00000000170d0800 Threw 0x00000007b221a2b0 at C:\jdk7u1_64p\jdk7u7\hotspot\src\share\vm\prims\jvm.cpp:1166
Event: 4.116 Thread 0x00000000170d0800 Threw 0x00000007b221d1d0 at C:\jdk7u1_64p\jdk7u7\hotspot\src\share\vm\prims\jvm.cpp:1166
Event: 4.118 Thread 0x00000000170d0800 Threw 0x00000007b222d638 at C:\jdk7u1_64p\jdk7u7\hotspot\src\share\vm\prims\jvm.cpp:1166
Event: 4.118 Thread 0x00000000170d0800 Threw 0x00000007b2230558 at C:\jdk7u1_64p\jdk7u7\hotspot\src\share\vm\prims\jvm.cpp:1166
Event: 4.119 Thread 0x00000000170d0800 Threw 0x00000007b2233708 at C:\jdk7u1_64p\jdk7u7\hotspot\src\share\vm\prims\jvm.cpp:1166
Event: 4.119 Thread 0x00000000170d0800 Threw 0x00000007b2236628 at C:\jdk7u1_64p\jdk7u7\hotspot\src\share\vm\prims\jvm.cpp:1166
Event: 4.284 Thread 0x00000000170ca000 Threw 0x00000007adccb5f0 at C:\jdk7u1_64p\jdk7u7\hotspot\src\share\vm\prims\jvm.cpp:1166
Event: 4.288 Thread 0x00000000170ca000 Threw 0x00000007adcdbe80 at C:\jdk7u1_64p\jdk7u7\hotspot\src\share\vm\prims\jvm.cpp:1166
Event: 4.489 Thread 0x00000000170ca000 Threw 0x00000007b1b15628 at C:\jdk7u1_64p\jdk7u7\hotspot\src\share\vm\prims\jvm.cpp:1166

Events (10 events):
Event: 16.671 loading class 0x0000000013888d00
Event: 16.671 loading class 0x0000000013888d00 done
Event: 16.671 loading class 0x00000000149b22d0
Event: 16.671 loading class 0x00000000149b22d0 done
Event: 16.671 loading class 0x00000000148bbd20
Event: 16.671 loading class 0x0000000014a51f40
Event: 16.672 loading class 0x0000000014a51f40 done
Event: 16.672 loading class 0x00000000148bbd20 done
Event: 16.672 loading class 0x0000000013888ac0
Event: 16.672 loading class 0x0000000013888ac0 done


Dynamic libraries:
0x000007f798e80000 - 0x000007f798eb4000 	F:\Program Files\Java\Jre7\bin\javaw.exe
0x000007ffd0010000 - 0x000007ffd01ce000 	C:\WINDOWS\SYSTEM32\ntdll.dll
0x000007ffcd650000 - 0x000007ffcd786000 	C:\WINDOWS\system32\KERNEL32.DLL
0x000007ffcd360000 - 0x000007ffcd453000 	C:\WINDOWS\system32\KERNELBASE.dll
0x000007ffcdad0000 - 0x000007ffcdbae000 	C:\WINDOWS\system32\ADVAPI32.dll
0x000007ffcf8a0000 - 0x000007ffcf9ec000 	C:\WINDOWS\system32\USER32.dll
0x000007ffca740000 - 0x000007ffca9a9000 	C:\WINDOWS\WinSxS\amd64_microsoft.windows.common-controls_6595b64144ccf1df_6.0.9200.16384_none_418c2a697189c07f\COMCTL32.dll
0x000007ffcd940000 - 0x000007ffcd9e5000 	C:\WINDOWS\system32\msvcrt.dll
0x000007ffcd460000 - 0x000007ffcd4a8000 	C:\WINDOWS\SYSTEM32\sechost.dll
0x000007ffcf760000 - 0x000007ffcf8a0000 	C:\WINDOWS\system32\RPCRT4.dll
0x000007ffcdec0000 - 0x000007ffce000000 	C:\WINDOWS\system32\GDI32.dll
0x000007ffcda90000 - 0x000007ffcdac9000 	C:\WINDOWS\system32\IMM32.DLL
0x000007ffcf9f0000 - 0x000007ffcfb05000 	C:\WINDOWS\system32\MSCTF.dll
0x000007ffccf00000 - 0x000007ffccf08000 	C:\PROGRA~2\NVIDIA~1\3DVISI~1\NVSTIN~1.DLL
0x000007ffcda80000 - 0x000007ffcda87000 	C:\WINDOWS\system32\PSAPI.DLL
0x0000000061700000 - 0x00000000617a3000 	C:\WINDOWS\WinSxS\amd64_microsoft.vc90.crt_1fc8b3b9a1e18e3b_9.0.30729.6871_none_08e717a5a83adddf\MSVCR90.dll
0x000000005f150000 - 0x000000005f221000 	F:\Program Files\Java\Jre7\bin\msvcr100.dll
0x000000005ea30000 - 0x000000005f14f000 	F:\Program Files\Java\Jre7\bin\server\jvm.dll
0x000007ffc53f0000 - 0x000007ffc53f9000 	C:\WINDOWS\SYSTEM32\WSOCK32.dll
0x000007ffca070000 - 0x000007ffca090000 	C:\WINDOWS\SYSTEM32\WINMM.dll
0x000007ffcffb0000 - 0x000007ffd0008000 	C:\WINDOWS\system32\WS2_32.dll
0x000007ffc9f70000 - 0x000007ffc9fa2000 	C:\WINDOWS\SYSTEM32\WINMMBASE.dll
0x000007ffcfb10000 - 0x000007ffcfb19000 	C:\WINDOWS\system32\NSI.dll
0x000000005ea20000 - 0x000000005ea2f000 	F:\Program Files\Java\Jre7\bin\verify.dll
0x000000005e9f0000 - 0x000000005ea18000 	F:\Program Files\Java\Jre7\bin\java.dll
0x000000005e9d0000 - 0x000000005e9e5000 	F:\Program Files\Java\Jre7\bin\zip.dll
0x000000005e7c0000 - 0x000000005e953000 	F:\Program Files\Java\Jre7\bin\awt.dll
0x000007ffcdbb0000 - 0x000007ffcdc73000 	C:\WINDOWS\system32\OLEAUT32.dll
0x000007ffcd790000 - 0x000007ffcd940000 	C:\WINDOWS\system32\combase.dll
0x000007ffc7130000 - 0x000007ffc71cf000 	C:\WINDOWS\system32\apphelp.dll
0x000007ffcbd00000 - 0x000007ffcbde3000 	C:\WINDOWS\system32\uxtheme.dll
0x000007ffc71e0000 - 0x000007ffc7275000 	C:\Program Files\Common Files\microsoft shared\ink\tiptsf.dll
0x000007ffcae20000 - 0x000007ffcae41000 	C:\WINDOWS\SYSTEM32\dwmapi.dll
0x000007ffce000000 - 0x000007ffce17e000 	C:\WINDOWS\system32\ole32.dll
0x000007ffccd70000 - 0x000007ffccd7a000 	C:\WINDOWS\SYSTEM32\CRYPTBASE.dll
0x000007ffcccf0000 - 0x000007ffccd4c000 	C:\WINDOWS\SYSTEM32\bcryptPrimitives.dll
0x000007ffce470000 - 0x000007ffcf758000 	C:\WINDOWS\system32\SHELL32.dll
0x000007ffcff60000 - 0x000007ffcffb0000 	C:\WINDOWS\system32\SHLWAPI.dll
0x000007ffcc0d0000 - 0x000007ffcc166000 	C:\WINDOWS\SYSTEM32\shcore.dll
0x00000000605d0000 - 0x0000000060668000 	C:\Windows\System32\msvcp100.dll
0x000007ffb3bf0000 - 0x000007ffb3e48000 	C:\opencv\build\x64\vc10\bin\opencv_core243.dll
0x000007ffc3f70000 - 0x000007ffc4005000 	C:\Users\Jonas\AppData\Local\Temp\javacpp37313384620349\jniopencv_core.dll
0x000007ffb12b0000 - 0x000007ffb1555000 	C:\opencv\build\x64\vc10\bin\opencv_imgproc243.dll
0x000007ffc3f20000 - 0x000007ffc3f68000 	C:\Users\Jonas\AppData\Local\Temp\javacpp37313384620349\jniopencv_imgproc.dll
0x0000000066840000 - 0x00000000675ca000 	C:\opencv\build\x64\vc10\bin\opencv_ffmpeg243_64.dll
0x000007ffb3370000 - 0x000007ffb35bb000 	C:\opencv\build\x64\vc10\bin\opencv_highgui243.dll
0x000007ffc9d70000 - 0x000007ffc9d90000 	C:\WINDOWS\SYSTEM32\AVIFIL32.dll
0x000007ffc69e0000 - 0x000007ffc6a09000 	C:\WINDOWS\SYSTEM32\MSVFW32.dll
0x000007ffc6a10000 - 0x000007ffc6a27000 	C:\WINDOWS\SYSTEM32\AVICAP32.dll
0x000007ffba340000 - 0x000007ffba359000 	C:\WINDOWS\SYSTEM32\MSACM32.dll
0x000007ffcacb0000 - 0x000007ffcacb9000 	C:\WINDOWS\SYSTEM32\VERSION.dll
0x000007ffc6800000 - 0x000007ffc6813000 	C:\Users\Jonas\AppData\Local\Temp\javacpp37313384620349\jniopencv_highgui.dll
0x000007ffce1b0000 - 0x000007ffce246000 	C:\WINDOWS\SYSTEM32\clbcatq.dll
0x000007ffc3f00000 - 0x000007ffc3f17000 	C:\Windows\System32\devenum.dll
0x000007ffcdc80000 - 0x000007ffcde50000 	C:\WINDOWS\system32\setupapi.dll
0x000007ffcd020000 - 0x000007ffcd06f000 	C:\WINDOWS\system32\CFGMGR32.dll
0x000007ffccff0000 - 0x000007ffcd012000 	C:\WINDOWS\system32\DEVOBJ.dll
0x000007ffc5fd0000 - 0x000007ffc5ffe000 	C:\WINDOWS\SYSTEM32\ntmarta.dll
0x000007ffcd070000 - 0x000007ffcd0c5000 	C:\WINDOWS\system32\WINTRUST.dll
0x000007ffcd0d0000 - 0x000007ffcd2a7000 	C:\WINDOWS\system32\CRYPT32.dll
0x000007ffccfd0000 - 0x000007ffccfe6000 	C:\WINDOWS\system32\MSASN1.dll
0x000007ffc92d0000 - 0x000007ffc92dd000 	C:\WINDOWS\SYSTEM32\msdmo.dll
0x000007ffc3ed0000 - 0x000007ffc3eff000 	C:\Windows\System32\qcap.dll
0x000007ffb1900000 - 0x000007ffb1ab8000 	C:\Windows\System32\quartz.dll
0x000007ffc3e90000 - 0x000007ffc3ecf000 	C:\Windows\System32\ksproxy.ax
0x000007ffba390000 - 0x000007ffba397000 	C:\Windows\System32\ksuser.dll
0x000007ffbbc60000 - 0x000007ffbbe60000 	C:\Windows\System32\d3d9.dll
0x000007ffc7800000 - 0x000007ffc780c000 	C:\Windows\System32\vidcap.ax
0x000007ffc3e60000 - 0x000007ffc3e84000 	C:\Windows\System32\kswdmcap.ax
0x000007ffb1150000 - 0x000007ffb12a4000 	C:\Windows\System32\MFC42.dll
0x000007ffb9c50000 - 0x000007ffb9d0e000 	C:\Windows\System32\ODBC32.dll
0x000007ffb7f20000 - 0x000007ffb7fb5000 	C:\Windows\System32\qedit.dll
0x000007ffcfeb0000 - 0x000007ffcff51000 	C:\WINDOWS\system32\COMDLG32.dll
0x000007ffcd4b0000 - 0x000007ffcd650000 	C:\WINDOWS\WinSxS\amd64_microsoft.windows.gdiplus_6595b64144ccf1df_1.1.9200.16384_none_72771d4ecc1c3a4d\gdiplus.dll
0x000007ffb38f0000 - 0x000007ffb39da000 	C:\WINDOWS\SYSTEM32\DDRAW.dll
0x000007ffc7970000 - 0x000007ffc7978000 	C:\WINDOWS\SYSTEM32\DCIMAN32.dll
0x000000005e780000 - 0x000000005e7b4000 	F:\Program Files\Java\Jre7\bin\fontmanager.dll
0x000007ffb4b50000 - 0x000007ffb5cd0000 	C:\WINDOWS\SYSTEM32\nvd3dumx.dll
0x000007ffccdf0000 - 0x000007ffcce33000 	C:\WINDOWS\SYSTEM32\powrprof.dll
0x0000000180000000 - 0x0000000180116000 	C:\Program Files (x86)\NVIDIA Corporation\3D Vision\nvSCPAPI64.dll
0x000007ffca330000 - 0x000007ffca3a4000 	C:\WINDOWS\SYSTEM32\dxgi.dll
0x000007ffc9a40000 - 0x000007ffc9d02000 	C:\WINDOWS\SYSTEM32\nvapi64.dll
0x000007ffc9f50000 - 0x000007ffc9f6f000 	C:\WINDOWS\SYSTEM32\DXGIDebug.dll
0x000000005e9b0000 - 0x000000005e9c9000 	F:\Program Files\Java\Jre7\bin\net.dll
0x000007ffcc760000 - 0x000007ffcc7bc000 	C:\WINDOWS\system32\mswsock.dll
0x000000005e990000 - 0x000000005e9a1000 	F:\Program Files\Java\Jre7\bin\nio.dll
0x000000005e730000 - 0x000000005e771000 	F:\Program Files\Java\Jre7\bin\t2k.dll
0x000007ffca9b0000 - 0x000007ffcab3a000 	C:\WINDOWS\SYSTEM32\WindowsCodecs.dll
0x000007ffccf20000 - 0x000007ffccf35000 	C:\WINDOWS\SYSTEM32\profapi.dll
0x000007ffc8ca0000 - 0x000007ffc8d09000 	C:\WINDOWS\SYSTEM32\oleacc.dll
0x000000005e700000 - 0x000000005e72a000 	F:\Program Files\Java\Jre7\bin\dcpr.dll
0x000007ffb60d0000 - 0x000007ffb6233000 	C:\WINDOWS\SYSTEM32\dbghelp.dll

VM Arguments:
jvm_args: -Dfile.encoding=Cp1252 
java_command: emcscanner.kth.se.Program
Launcher Type: SUN_STANDARD

Environment Variables:
PATH=C:\Program Files (x86)\NVIDIA Corporation\PhysX\Common;C:\WINDOWS\system32;C:\WINDOWS;C:\WINDOWS\System32\Wbem;C:\WINDOWS\System32\WindowsPowerShell\v1.0\;C:\Program Files (x86)\Microsoft SQL Server\90\Tools\binn\;C:\Program Files (x86)\Autodesk\Backburner\;F:\Program Files\MATLAB\R2012a\runtime\win64;F:\Program Files\MATLAB\R2012a\bin;C:\Program Files\Internet Explorer;C:\Program Files\Perforce;F:\Program Files\Perforce;C:\Program Files\Microsoft\Web Platform Installer\;C:\Program Files (x86)\Microsoft ASP.NET\ASP.NET Web Pages\v1.0\;C:\Program Files (x86)\Windows Kits\8.0\Windows Performance Toolkit\;C:\Program Files\Microsoft SQL Server\110\Tools\Binn\;F:\Program Files\Perforce\Server
USERNAME=Jonas
OS=Windows_NT
PROCESSOR_IDENTIFIER=Intel64 Family 6 Model 42 Stepping 7, GenuineIntel



---------------  S Y S T E M  ---------------

OS: Windows 8 , 64 bit Build 9200 

CPU:total 8 (4 cores per cpu, 2 threads per core) family 6 model 42 stepping 7, cmov, cx8, fxsr, mmx, sse, sse2, sse3, ssse3, sse4.1, sse4.2, popcnt, avx, ht, tsc, tscinvbit

Memory: 4k page, physical 16751668k(11216420k free), swap 33528884k(20361232k free)

vm_info: Java HotSpot(TM) 64-Bit Server VM (23.3-b01) for windows-amd64 JRE (1.7.0_07-b11), built on Sep  7 2012 01:19:25 by "java_re" with unknown MS VC++:1600

time: Tue Feb 05 03:03:56 2013
elapsed time: 17 seconds

