#
# A fatal error has been detected by the Java Runtime Environment:
#
#  EXCEPTION_ACCESS_VIOLATION (0xc0000005) at pc=0x000000005f18c044, pid=6324, tid=8300
#
# JRE version: 7.0_07-b11
# Java VM: Java HotSpot(TM) 64-Bit Server VM (23.3-b01 mixed mode windows-amd64 compressed oops)
# Problematic frame:
# C  [msvcr100.dll+0x3c044]  memcpy+0xb4
#
# Failed to write core dump. Minidumps are not enabled by default on client versions of Windows
#
# If you would like to submit a bug report, please visit:
#   http://bugreport.sun.com/bugreport/crash.jsp
# The crash happened outside the Java Virtual Machine in native code.
# See problematic frame for where to report the bug.
#

---------------  T H R E A D  ---------------

Current thread (0x0000000013b1c000):  JavaThread "threadDisplayCamera" daemon [_thread_in_native, id=8300, stack(0x000000001aa10000,0x000000001ab10000)]

siginfo: ExceptionCode=0xc0000005, reading address 0x000000001a5a6000

Registers:
RAX=0x7d76527e75527f75, RBX=0x0000000013a3e220, RCX=0x0000000013a3e548, RDX=0x0000000006b67aad
RSP=0x000000001ab0e658, RBP=0x000000001ab0e760, RSI=0x0000000000000003, RDI=0x00000000256167c0
R8 =0x000000000000167b, R9 =0x000000000000009a, R10=0x5380765382775384, R11=0x0000000013a3e223
R12=0x0000000014b39440, R13=0x0000000000000003, R14=0x000000001a5a5cd0, R15=0x0000000000001680
RIP=0x000000005f18c044, EFLAGS=0x0000000000010206

Top of Stack: (sp=0x000000001ab0e658)
0x000000001ab0e658:   000007ffb10d1bdb 0000000000000100
0x000000001ab0e668:   0000000000000000 000000001a5a4650
0x000000001ab0e678:   0000000000000004 0000000000000000
0x000000001ab0e688:   0000000000001680 000004f6eeb1d519
0x000000001ab0e698:   0000000000105920 0000031714b30101
0x000000001ab0e6a8:   0000011c00000001 0000000100000782
0x000000001ab0e6b8:   0000000100000003 0000000300001680
0x000000001ab0e6c8:   000000001a5a4650 0000000000000003
0x000000001ab0e6d8:   0000000000000006 0000000000001680
0x000000001ab0e6e8:   0000000014ffcd30 0000032200000780
0x000000001ab0e6f8:   0000000013d079c0 0000000600001680
0x000000001ab0e708:   0000000000000003 0000000000000001
0x000000001ab0e718:   0000000000000003 0000000000000003
0x000000001ab0e728:   fffffffffffffffe 0000000000000000
0x000000001ab0e738:   0000043800000780 fffffffffffffffe
0x000000001ab0e748:   000000001ab0eb00 000000001ab0e860 

Instructions: (pc=0x000000005f18c044)
0x000000005f18c024:   66 66 66 66 0f 1f 84 00 00 00 00 00 66 66 66 90
0x000000005f18c034:   66 66 90 49 81 f9 00 20 00 00 73 42 48 8b 04 0a
0x000000005f18c044:   4c 8b 54 0a 08 48 83 c1 20 48 89 41 e0 4c 89 51
0x000000005f18c054:   e8 48 8b 44 0a f0 4c 8b 54 0a f8 49 ff c9 48 89 


Register to memory mapping:

RAX=0x7d76527e75527f75 is an unknown value
RBX=0x0000000013a3e220 is an unknown value
RCX=0x0000000013a3e548 is an unknown value
RDX=0x0000000006b67aad is an unknown value
RSP=0x000000001ab0e658 is pointing into the stack for thread: 0x0000000013b1c000
RBP=0x000000001ab0e760 is pointing into the stack for thread: 0x0000000013b1c000
RSI=0x0000000000000003 is an unknown value
RDI=0x00000000256167c0 is an unknown value
R8 =0x000000000000167b is an unknown value
R9 =0x000000000000009a is an unknown value
R10=0x5380765382775384 is an unknown value
R11=0x0000000013a3e223 is an unknown value
R12=0x0000000014b39440 is an unknown value
R13=0x0000000000000003 is an unknown value
R14=0x000000001a5a5cd0 is an unknown value
R15=0x0000000000001680 is an unknown value


Stack: [0x000000001aa10000,0x000000001ab10000],  sp=0x000000001ab0e658,  free space=1017k
Native frames: (J=compiled Java code, j=interpreted, Vv=VM code, C=native code)
C  [msvcr100.dll+0x3c044]  memcpy+0xb4
C  0x000000000000000e

Java frames: (J=compiled Java code, j=interpreted, Vv=VM code)
j  com.googlecode.javacv.cpp.opencv_imgproc.cvSmooth(Lcom/googlecode/javacv/cpp/opencv_core$CvArr;Lcom/googlecode/javacv/cpp/opencv_core$CvArr;IIIDD)V+0
j  com.googlecode.javacv.cpp.opencv_imgproc.cvSmooth(Lcom/googlecode/javacv/cpp/opencv_core$CvArr;Lcom/googlecode/javacv/cpp/opencv_core$CvArr;II)V+7
j  emcscanner.kth.se.CameraPanel$1.run()V+64
v  ~StubRoutines::call_stub

---------------  P R O C E S S  ---------------

Java Threads: ( => current thread )
  0x0000000014e08000 JavaThread "Thread-0" daemon [_thread_in_native, id=5664, stack(0x0000000018330000,0x0000000018430000)]
  0x0000000014e06800 JavaThread "Thread-2" [_thread_in_native, id=9548, stack(0x0000000018a30000,0x0000000018b30000)]
  0x0000000014e02800 JavaThread "ICEpdf-pagePainter" daemon [_thread_blocked, id=1044, stack(0x000000002a040000,0x000000002a140000)]
  0x0000000014e03800 JavaThread "ICEpdf-pageInitializer" daemon [_thread_blocked, id=3164, stack(0x0000000029e10000,0x0000000029f10000)]
  0x0000000014e08800 JavaThread "DestroyJavaVM" [_thread_blocked, id=3888, stack(0x00000000026e0000,0x00000000027e0000)]
  0x0000000013cbc000 JavaThread "TimerQueue" daemon [_thread_blocked, id=4452, stack(0x0000000025e60000,0x0000000025f60000)]
  0x0000000013cf3800 JavaThread "Image Fetcher 1" daemon [_thread_blocked, id=8588, stack(0x0000000021390000,0x0000000021490000)]
  0x0000000014bdf000 JavaThread "threadDisplayDensity" daemon [_thread_blocked, id=7172, stack(0x0000000021070000,0x0000000021170000)]
  0x0000000014be5800 JavaThread "AWT-EventQueue-0" [_thread_blocked, id=2808, stack(0x000000001ea80000,0x000000001eb80000)]
  0x0000000014be4800 JavaThread "threadDisplay" daemon [_thread_blocked, id=5736, stack(0x000000001e760000,0x000000001e860000)]
  0x0000000014d0c800 JavaThread "threadDisplay" daemon [_thread_in_Java, id=2096, stack(0x000000001d240000,0x000000001d340000)]
  0x0000000013c3f000 JavaThread "AWT-Shutdown" [_thread_blocked, id=8784, stack(0x000000001ab10000,0x000000001ac10000)]
=>0x0000000013b1c000 JavaThread "threadDisplayCamera" daemon [_thread_in_native, id=8300, stack(0x000000001aa10000,0x000000001ab10000)]
  0x0000000013b1d800 JavaThread "Image Fetcher 0" daemon [_thread_blocked, id=7552, stack(0x0000000014750000,0x0000000014850000)]
  0x0000000013b1d000 JavaThread "AWT-Windows" daemon [_thread_in_native, id=9292, stack(0x0000000014400000,0x0000000014500000)]
  0x0000000011427000 JavaThread "Java2D Disposer" daemon [_thread_blocked, id=8464, stack(0x0000000014200000,0x0000000014300000)]
  0x0000000011402800 JavaThread "Service Thread" daemon [_thread_blocked, id=8476, stack(0x0000000013800000,0x0000000013900000)]
  0x00000000113ff800 JavaThread "C2 CompilerThread1" daemon [_thread_blocked, id=9256, stack(0x0000000013700000,0x0000000013800000)]
  0x00000000113f9000 JavaThread "C2 CompilerThread0" daemon [_thread_blocked, id=7404, stack(0x0000000013600000,0x0000000013700000)]
  0x00000000113f8000 JavaThread "Attach Listener" daemon [_thread_blocked, id=9632, stack(0x0000000013500000,0x0000000013600000)]
  0x00000000113eb000 JavaThread "Signal Dispatcher" daemon [_thread_blocked, id=4672, stack(0x0000000013400000,0x0000000013500000)]
  0x000000001138e800 JavaThread "Finalizer" daemon [_thread_blocked, id=8748, stack(0x0000000013300000,0x0000000013400000)]
  0x0000000011387000 JavaThread "Reference Handler" daemon [_thread_blocked, id=10024, stack(0x0000000013200000,0x0000000013300000)]

Other Threads:
  0x0000000011382000 VMThread [stack: 0x0000000013100000,0x0000000013200000] [id=2248]
  0x0000000011417000 WatcherThread [stack: 0x0000000013900000,0x0000000013a00000] [id=8964]

VM state:not at safepoint (normal execution)

VM Mutex/Monitor currently owned by a thread: None

Heap
 PSYoungGen      total 569344K, used 390598K [0x00000007aacb0000, 0x00000007dec80000, 0x0000000800000000)
  eden space 519552K, 65% used [0x00000007aacb0000,0x00000007bfaf9c28,0x00000007ca810000)
  from space 49792K, 96% used [0x00000007ca810000,0x00000007cd737f88,0x00000007cd8b0000)
  to   space 54144K, 0% used [0x00000007db7a0000,0x00000007db7a0000,0x00000007dec80000)
 ParOldGen       total 154560K, used 40585K [0x0000000700600000, 0x0000000709cf0000, 0x00000007aacb0000)
  object space 154560K, 26% used [0x0000000700600000,0x0000000702da24a0,0x0000000709cf0000)
 PSPermGen       total 36288K, used 18034K [0x00000006fb400000, 0x00000006fd770000, 0x0000000700600000)
  object space 36288K, 49% used [0x00000006fb400000,0x00000006fc59cbb0,0x00000006fd770000)

Card table byte_map: [0x00000000059a0000,0x00000000061d0000] byte_map_base: 0x00000000021c6000

Polling page: 0x0000000000e60000

Code Cache  [0x00000000028e0000, 0x0000000002b50000, 0x00000000058e0000)
 total_blobs=849 nmethods=266 adapters=534 free_code_cache=47790Kb largest_free_block=48904064

Compilation events (10 events):
Event: 4.836 Thread 0x00000000113ff800  264             java.awt.Component::checkTreeLock (21 bytes)
Event: 4.836 Thread 0x00000000113ff800 nmethod 264 0x0000000002a1f490 code [0x0000000002a1f5e0, 0x0000000002a1f688]
Event: 4.836 Thread 0x00000000113f9000  266             java.awt.Component::getContainer (5 bytes)
Event: 4.836 Thread 0x00000000113f9000 nmethod 266 0x0000000002a1f250 code [0x0000000002a1f3a0, 0x0000000002a1f418]
Event: 5.277 Thread 0x00000000113ff800  267             java.util.IdentityHashMap::clear (39 bytes)
Event: 5.278 Thread 0x00000000113ff800 nmethod 267 0x0000000002a1ef10 code [0x0000000002a1f040, 0x0000000002a1f198]
Event: 5.361 Thread 0x00000000113f9000  268             java.util.IdentityHashMap$IdentityHashMapIterator::hasNext (50 bytes)
Event: 5.362 Thread 0x00000000113f9000 nmethod 268 0x0000000002a1eb50 code [0x0000000002a1ec80, 0x0000000002a1ee38]
Event: 6.564 Thread 0x00000000113ff800  269             java.lang.Integer::intValue (5 bytes)
Event: 6.564 Thread 0x00000000113ff800 nmethod 269 0x0000000002a1e950 code [0x0000000002a1ea80, 0x0000000002a1ead8]

GC Heap History (10 events):
Event: 4.129 GC heap before
{Heap before GC invocations=6 (full 0):
 PSYoungGen      total 141824K, used 138217K [0x00000007aacb0000, 0x00000007c0bb0000, 0x0000000800000000)
  eden space 130944K, 97% used [0x00000007aacb0000,0x00000007b290b668,0x00000007b2c90000)
  from space 10880K, 99% used [0x00000007b2c90000,0x00000007b372f000,0x00000007b3730000)
  to   space 48768K, 0% used [0x00000007bdc10000,0x00000007bdc10000,0x00000007c0bb0000)
 ParOldGen       total 174528K, used 100363K [0x0000000700600000, 0x000000070b070000, 0x00000007aacb0000)
  object space 174528K, 57% used [0x0000000700600000,0x0000000706802cf8,0x000000070b070000)
 PSPermGen       total 21248K, used 17780K [0x00000006fb400000, 0x00000006fc8c0000, 0x0000000700600000)
  object space 21248K, 83% used [0x00000006fb400000,0x00000006fc55d3f0,0x00000006fc8c0000)
Event: 4.138 GC heap after
Heap after GC invocations=6 (full 0):
 PSYoungGen      total 305280K, used 30481K [0x00000007aacb0000, 0x00000007c0670000, 0x0000000800000000)
  eden space 261888K, 0% used [0x00000007aacb0000,0x00000007aacb0000,0x00000007bac70000)
  from space 43392K, 70% used [0x00000007bdc10000,0x00000007bf9d47a0,0x00000007c0670000)
  to   space 46080K, 0% used [0x00000007bac70000,0x00000007bac70000,0x00000007bd970000)
 ParOldGen       total 174528K, used 100371K [0x0000000700600000, 0x000000070b070000, 0x00000007aacb0000)
  object space 174528K, 57% used [0x0000000700600000,0x0000000706804cf8,0x000000070b070000)
 PSPermGen       total 21248K, used 17780K [0x00000006fb400000, 0x00000006fc8c0000, 0x0000000700600000)
  object space 21248K, 83% used [0x00000006fb400000,0x00000006fc55d3f0,0x00000006fc8c0000)
}
Event: 4.939 GC heap before
{Heap before GC invocations=7 (full 0):
 PSYoungGen      total 305280K, used 288805K [0x00000007aacb0000, 0x00000007c0670000, 0x0000000800000000)
  eden space 261888K, 98% used [0x00000007aacb0000,0x00000007ba8f5048,0x00000007bac70000)
  from space 43392K, 70% used [0x00000007bdc10000,0x00000007bf9d47a0,0x00000007c0670000)
  to   space 46080K, 0% used [0x00000007bac70000,0x00000007bac70000,0x00000007bd970000)
 ParOldGen       total 174528K, used 100371K [0x0000000700600000, 0x000000070b070000, 0x00000007aacb0000)
  object space 174528K, 57% used [0x0000000700600000,0x0000000706804cf8,0x000000070b070000)
 PSPermGen       total 21248K, used 17993K [0x00000006fb400000, 0x00000006fc8c0000, 0x0000000700600000)
  object space 21248K, 84% used [0x00000006fb400000,0x00000006fc5924d8,0x00000006fc8c0000)
Event: 4.950 GC heap after
Heap after GC invocations=7 (full 0):
 PSYoungGen      total 307968K, used 34187K [0x00000007aacb0000, 0x00000007d0530000, 0x0000000800000000)
  eden space 261888K, 0% used [0x00000007aacb0000,0x00000007aacb0000,0x00000007bac70000)
  from space 46080K, 74% used [0x00000007bac70000,0x00000007bcdd2ef8,0x00000007bd970000)
  to   space 45568K, 0% used [0x00000007cd8b0000,0x00000007cd8b0000,0x00000007d0530000)
 ParOldGen       total 174528K, used 103925K [0x0000000700600000, 0x000000070b070000, 0x00000007aacb0000)
  object space 174528K, 59% used [0x0000000700600000,0x0000000706b7d580,0x000000070b070000)
 PSPermGen       total 21248K, used 17993K [0x00000006fb400000, 0x00000006fc8c0000, 0x0000000700600000)
  object space 21248K, 84% used [0x00000006fb400000,0x00000006fc5924d8,0x00000006fc8c0000)
}
Event: 5.440 GC heap before
{Heap before GC invocations=8 (full 0):
 PSYoungGen      total 307968K, used 293717K [0x00000007aacb0000, 0x00000007d0530000, 0x0000000800000000)
  eden space 261888K, 99% used [0x00000007aacb0000,0x00000007baa22810,0x00000007bac70000)
  from space 46080K, 74% used [0x00000007bac70000,0x00000007bcdd2ef8,0x00000007bd970000)
  to   space 45568K, 0% used [0x00000007cd8b0000,0x00000007cd8b0000,0x00000007d0530000)
 ParOldGen       total 174528K, used 103925K [0x0000000700600000, 0x000000070b070000, 0x00000007aacb0000)
  object space 174528K, 59% used [0x0000000700600000,0x0000000706b7d580,0x000000070b070000)
 PSPermGen       total 21248K, used 17994K [0x00000006fb400000, 0x00000006fc8c0000, 0x0000000700600000)
  object space 21248K, 84% used [0x00000006fb400000,0x00000006fc592900,0x00000006fc8c0000)
Event: 5.458 GC heap after
Heap after GC invocations=8 (full 0):
 PSYoungGen      total 565120K, used 44863K [0x00000007aacb0000, 0x00000007d0d70000, 0x0000000800000000)
  eden space 519552K, 0% used [0x00000007aacb0000,0x00000007aacb0000,0x00000007ca810000)
  from space 45568K, 98% used [0x00000007cd8b0000,0x00000007d047fc98,0x00000007d0530000)
  to   space 49792K, 0% used [0x00000007ca810000,0x00000007ca810000,0x00000007cd8b0000)
 ParOldGen       total 174528K, used 135442K [0x0000000700600000, 0x000000070b070000, 0x00000007aacb0000)
  object space 174528K, 77% used [0x0000000700600000,0x0000000708a44bf0,0x000000070b070000)
 PSPermGen       total 21248K, used 17994K [0x00000006fb400000, 0x00000006fc8c0000, 0x0000000700600000)
  object space 21248K, 84% used [0x00000006fb400000,0x00000006fc592900,0x00000006fc8c0000)
}
Event: 5.458 GC heap before
{Heap before GC invocations=9 (full 1):
 PSYoungGen      total 565120K, used 44863K [0x00000007aacb0000, 0x00000007d0d70000, 0x0000000800000000)
  eden space 519552K, 0% used [0x00000007aacb0000,0x00000007aacb0000,0x00000007ca810000)
  from space 45568K, 98% used [0x00000007cd8b0000,0x00000007d047fc98,0x00000007d0530000)
  to   space 49792K, 0% used [0x00000007ca810000,0x00000007ca810000,0x00000007cd8b0000)
 ParOldGen       total 174528K, used 135442K [0x0000000700600000, 0x000000070b070000, 0x00000007aacb0000)
  object space 174528K, 77% used [0x0000000700600000,0x0000000708a44bf0,0x000000070b070000)
 PSPermGen       total 21248K, used 17994K [0x00000006fb400000, 0x00000006fc8c0000, 0x0000000700600000)
  object space 21248K, 84% used [0x00000006fb400000,0x00000006fc592900,0x00000006fc8c0000)
Event: 5.507 GC heap after
Heap after GC invocations=9 (full 1):
 PSYoungGen      total 565120K, used 0K [0x00000007aacb0000, 0x00000007d0d70000, 0x0000000800000000)
  eden space 519552K, 0% used [0x00000007aacb0000,0x00000007aacb0000,0x00000007ca810000)
  from space 45568K, 0% used [0x00000007cd8b0000,0x00000007cd8b0000,0x00000007d0530000)
  to   space 49792K, 0% used [0x00000007ca810000,0x00000007ca810000,0x00000007cd8b0000)
 ParOldGen       total 154560K, used 28691K [0x0000000700600000, 0x0000000709cf0000, 0x00000007aacb0000)
  object space 154560K, 18% used [0x0000000700600000,0x0000000702204dd8,0x0000000709cf0000)
 PSPermGen       total 36288K, used 17987K [0x00000006fb400000, 0x00000006fd770000, 0x0000000700600000)
  object space 36288K, 49% used [0x00000006fb400000,0x00000006fc590ed8,0x00000006fd770000)
}
Event: 6.507 GC heap before
{Heap before GC invocations=10 (full 1):
 PSYoungGen      total 565120K, used 516606K [0x00000007aacb0000, 0x00000007d0d70000, 0x0000000800000000)
  eden space 519552K, 99% used [0x00000007aacb0000,0x00000007ca52f860,0x00000007ca810000)
  from space 45568K, 0% used [0x00000007cd8b0000,0x00000007cd8b0000,0x00000007d0530000)
  to   space 49792K, 0% used [0x00000007ca810000,0x00000007ca810000,0x00000007cd8b0000)
 ParOldGen       total 154560K, used 28691K [0x0000000700600000, 0x0000000709cf0000, 0x00000007aacb0000)
  object space 154560K, 18% used [0x0000000700600000,0x0000000702204dd8,0x0000000709cf0000)
 PSPermGen       total 36288K, used 18009K [0x00000006fb400000, 0x00000006fd770000, 0x0000000700600000)
  object space 36288K, 49% used [0x00000006fb400000,0x00000006fc596450,0x00000006fd770000)
Event: 6.519 GC heap after
Heap after GC invocations=10 (full 1):
 PSYoungGen      total 569344K, used 48287K [0x00000007aacb0000, 0x00000007dec80000, 0x0000000800000000)
  eden space 519552K, 0% used [0x00000007aacb0000,0x00000007aacb0000,0x00000007ca810000)
  from space 49792K, 96% used [0x00000007ca810000,0x00000007cd737f88,0x00000007cd8b0000)
  to   space 54144K, 0% used [0x00000007db7a0000,0x00000007db7a0000,0x00000007dec80000)
 ParOldGen       total 154560K, used 40585K [0x0000000700600000, 0x0000000709cf0000, 0x00000007aacb0000)
  object space 154560K, 26% used [0x0000000700600000,0x0000000702da24a0,0x0000000709cf0000)
 PSPermGen       total 36288K, used 18009K [0x00000006fb400000, 0x00000006fd770000, 0x0000000700600000)
  object space 36288K, 49% used [0x00000006fb400000,0x00000006fc596450,0x00000006fd770000)
}

Deoptimization events (10 events):
Event: 2.854 Thread 0x00000000026ae000 Uncommon trap -83 fr.pc 0x000000000298a23c
Event: 3.358 Thread 0x00000000026ae000 Uncommon trap 43 fr.pc 0x00000000029a8528
Event: 3.510 Thread 0x00000000026ae000 Uncommon trap -122 fr.pc 0x00000000029528c4
Event: 3.883 Thread 0x0000000014be5800 Uncommon trap -83 fr.pc 0x00000000029b79c4
Event: 3.943 Thread 0x0000000014e03800 Uncommon trap -83 fr.pc 0x00000000029b75b4
Event: 3.994 Thread 0x0000000014e03800 Uncommon trap -83 fr.pc 0x00000000029b7204
Event: 4.009 Thread 0x0000000014e03800 Uncommon trap -83 fr.pc 0x00000000029cf828
Event: 4.069 Thread 0x0000000014e03800 Uncommon trap -83 fr.pc 0x00000000029cd590
Event: 4.100 Thread 0x0000000014e03800 Uncommon trap -83 fr.pc 0x00000000029d0c18
Event: 4.329 Thread 0x0000000014e02800 Uncommon trap -83 fr.pc 0x0000000002a1497c

Internal exceptions (10 events):
Event: 4.111 Thread 0x0000000014e03800 Threw 0x00000007b22186d0 at C:\jdk7u1_64p\jdk7u7\hotspot\src\share\vm\prims\jvm.cpp:1166
Event: 4.159 Thread 0x0000000014e03800 Threw 0x00000007ab3250e8 at C:\jdk7u1_64p\jdk7u7\hotspot\src\share\vm\prims\jvm.cpp:1166
Event: 4.159 Thread 0x0000000014e03800 Threw 0x00000007ab328008 at C:\jdk7u1_64p\jdk7u7\hotspot\src\share\vm\prims\jvm.cpp:1166
Event: 4.163 Thread 0x0000000014e03800 Threw 0x00000007ab338470 at C:\jdk7u1_64p\jdk7u7\hotspot\src\share\vm\prims\jvm.cpp:1166
Event: 4.164 Thread 0x0000000014e03800 Threw 0x00000007ab33b390 at C:\jdk7u1_64p\jdk7u7\hotspot\src\share\vm\prims\jvm.cpp:1166
Event: 4.165 Thread 0x0000000014e03800 Threw 0x00000007ab33e540 at C:\jdk7u1_64p\jdk7u7\hotspot\src\share\vm\prims\jvm.cpp:1166
Event: 4.165 Thread 0x0000000014e03800 Threw 0x00000007ab341460 at C:\jdk7u1_64p\jdk7u7\hotspot\src\share\vm\prims\jvm.cpp:1166
Event: 4.313 Thread 0x0000000014e02800 Threw 0x00000007aeb0c330 at C:\jdk7u1_64p\jdk7u7\hotspot\src\share\vm\prims\jvm.cpp:1166
Event: 4.318 Thread 0x0000000014e02800 Threw 0x00000007aeb1cbc0 at C:\jdk7u1_64p\jdk7u7\hotspot\src\share\vm\prims\jvm.cpp:1166
Event: 4.520 Thread 0x0000000014e02800 Threw 0x00000007b2957358 at C:\jdk7u1_64p\jdk7u7\hotspot\src\share\vm\prims\jvm.cpp:1166

Events (10 events):
Event: 6.441 loading class 0x000000001501fcc0
Event: 6.441 loading class 0x000000001501fcc0 done
Event: 6.441 loading class 0x0000000014a85f20
Event: 6.441 loading class 0x0000000013d03940
Event: 6.441 loading class 0x0000000013d03940 done
Event: 6.441 loading class 0x0000000014a85f20 done
Event: 6.441 loading class 0x000000001141b4a0
Event: 6.441 loading class 0x000000001141b4a0 done
Event: 6.507 Executing VM operation: ParallelGCFailedAllocation
Event: 6.519 Executing VM operation: ParallelGCFailedAllocation done


Dynamic libraries:
0x000007f798e80000 - 0x000007f798eb4000 	F:\Program Files\Java\Jre7\bin\javaw.exe
0x000007ffd0010000 - 0x000007ffd01ce000 	C:\WINDOWS\SYSTEM32\ntdll.dll
0x000007ffcd650000 - 0x000007ffcd786000 	C:\WINDOWS\system32\KERNEL32.DLL
0x000007ffcd360000 - 0x000007ffcd453000 	C:\WINDOWS\system32\KERNELBASE.dll
0x000007ffcdad0000 - 0x000007ffcdbae000 	C:\WINDOWS\system32\ADVAPI32.dll
0x000007ffcf8a0000 - 0x000007ffcf9ec000 	C:\WINDOWS\system32\USER32.dll
0x000007ffca740000 - 0x000007ffca9a9000 	C:\WINDOWS\WinSxS\amd64_microsoft.windows.common-controls_6595b64144ccf1df_6.0.9200.16384_none_418c2a697189c07f\COMCTL32.dll
0x000007ffcd940000 - 0x000007ffcd9e5000 	C:\WINDOWS\system32\msvcrt.dll
0x000007ffcd460000 - 0x000007ffcd4a8000 	C:\WINDOWS\SYSTEM32\sechost.dll
0x000007ffcf760000 - 0x000007ffcf8a0000 	C:\WINDOWS\system32\RPCRT4.dll
0x000007ffcdec0000 - 0x000007ffce000000 	C:\WINDOWS\system32\GDI32.dll
0x000007ffcda90000 - 0x000007ffcdac9000 	C:\WINDOWS\system32\IMM32.DLL
0x000007ffcf9f0000 - 0x000007ffcfb05000 	C:\WINDOWS\system32\MSCTF.dll
0x000007ffccf00000 - 0x000007ffccf08000 	C:\PROGRA~2\NVIDIA~1\3DVISI~1\NVSTIN~1.DLL
0x000007ffcda80000 - 0x000007ffcda87000 	C:\WINDOWS\system32\PSAPI.DLL
0x0000000061700000 - 0x00000000617a3000 	C:\WINDOWS\WinSxS\amd64_microsoft.vc90.crt_1fc8b3b9a1e18e3b_9.0.30729.6871_none_08e717a5a83adddf\MSVCR90.dll
0x000000005f150000 - 0x000000005f221000 	F:\Program Files\Java\Jre7\bin\msvcr100.dll
0x000000005ea30000 - 0x000000005f14f000 	F:\Program Files\Java\Jre7\bin\server\jvm.dll
0x000007ffc53f0000 - 0x000007ffc53f9000 	C:\WINDOWS\SYSTEM32\WSOCK32.dll
0x000007ffca070000 - 0x000007ffca090000 	C:\WINDOWS\SYSTEM32\WINMM.dll
0x000007ffcffb0000 - 0x000007ffd0008000 	C:\WINDOWS\system32\WS2_32.dll
0x000007ffc9f70000 - 0x000007ffc9fa2000 	C:\WINDOWS\SYSTEM32\WINMMBASE.dll
0x000007ffcfb10000 - 0x000007ffcfb19000 	C:\WINDOWS\system32\NSI.dll
0x000000005ea20000 - 0x000000005ea2f000 	F:\Program Files\Java\Jre7\bin\verify.dll
0x000000005e9f0000 - 0x000000005ea18000 	F:\Program Files\Java\Jre7\bin\java.dll
0x000000005e9d0000 - 0x000000005e9e5000 	F:\Program Files\Java\Jre7\bin\zip.dll
0x000000005e7c0000 - 0x000000005e953000 	F:\Program Files\Java\Jre7\bin\awt.dll
0x000007ffcdbb0000 - 0x000007ffcdc73000 	C:\WINDOWS\system32\OLEAUT32.dll
0x000007ffcd790000 - 0x000007ffcd940000 	C:\WINDOWS\system32\combase.dll
0x000007ffc7130000 - 0x000007ffc71cf000 	C:\WINDOWS\system32\apphelp.dll
0x000007ffcbd00000 - 0x000007ffcbde3000 	C:\WINDOWS\system32\uxtheme.dll
0x000007ffc71e0000 - 0x000007ffc7275000 	C:\Program Files\Common Files\microsoft shared\ink\tiptsf.dll
0x000007ffcae20000 - 0x000007ffcae41000 	C:\WINDOWS\SYSTEM32\dwmapi.dll
0x000007ffce000000 - 0x000007ffce17e000 	C:\WINDOWS\system32\ole32.dll
0x000007ffccd70000 - 0x000007ffccd7a000 	C:\WINDOWS\SYSTEM32\CRYPTBASE.dll
0x000007ffcccf0000 - 0x000007ffccd4c000 	C:\WINDOWS\SYSTEM32\bcryptPrimitives.dll
0x000007ffce470000 - 0x000007ffcf758000 	C:\WINDOWS\system32\SHELL32.dll
0x000007ffcff60000 - 0x000007ffcffb0000 	C:\WINDOWS\system32\SHLWAPI.dll
0x000007ffcc0d0000 - 0x000007ffcc166000 	C:\WINDOWS\SYSTEM32\shcore.dll
0x00000000605d0000 - 0x0000000060668000 	C:\Windows\System32\msvcp100.dll
0x000007ffb2c00000 - 0x000007ffb2e58000 	C:\opencv\build\x64\vc10\bin\opencv_core243.dll
0x000007ffb8730000 - 0x000007ffb87c5000 	C:\Users\Jonas\AppData\Local\Temp\javacpp167804453428078\jniopencv_core.dll
0x000007ffb1070000 - 0x000007ffb1315000 	C:\opencv\build\x64\vc10\bin\opencv_imgproc243.dll
0x000007ffc6860000 - 0x000007ffc68a8000 	C:\Users\Jonas\AppData\Local\Temp\javacpp167804453428078\jniopencv_imgproc.dll
0x0000000066840000 - 0x00000000675ca000 	C:\opencv\build\x64\vc10\bin\opencv_ffmpeg243_64.dll
0x000007ffb0e20000 - 0x000007ffb106b000 	C:\opencv\build\x64\vc10\bin\opencv_highgui243.dll
0x000007ffc6840000 - 0x000007ffc6860000 	C:\WINDOWS\SYSTEM32\AVIFIL32.dll
0x000007ffc69e0000 - 0x000007ffc6a09000 	C:\WINDOWS\SYSTEM32\MSVFW32.dll
0x000007ffc6a10000 - 0x000007ffc6a27000 	C:\WINDOWS\SYSTEM32\AVICAP32.dll
0x000007ffba340000 - 0x000007ffba359000 	C:\WINDOWS\SYSTEM32\MSACM32.dll
0x000007ffcacb0000 - 0x000007ffcacb9000 	C:\WINDOWS\SYSTEM32\VERSION.dll
0x000007ffc6820000 - 0x000007ffc6833000 	C:\Users\Jonas\AppData\Local\Temp\javacpp167804453428078\jniopencv_highgui.dll
0x000007ffce1b0000 - 0x000007ffce246000 	C:\WINDOWS\SYSTEM32\clbcatq.dll
0x000007ffc67b0000 - 0x000007ffc67c7000 	C:\Windows\System32\devenum.dll
0x000007ffcdc80000 - 0x000007ffcde50000 	C:\WINDOWS\system32\setupapi.dll
0x000007ffcd020000 - 0x000007ffcd06f000 	C:\WINDOWS\system32\CFGMGR32.dll
0x000007ffccff0000 - 0x000007ffcd012000 	C:\WINDOWS\system32\DEVOBJ.dll
0x000007ffc5fd0000 - 0x000007ffc5ffe000 	C:\WINDOWS\SYSTEM32\ntmarta.dll
0x000007ffcd070000 - 0x000007ffcd0c5000 	C:\WINDOWS\system32\WINTRUST.dll
0x000007ffcd0d0000 - 0x000007ffcd2a7000 	C:\WINDOWS\system32\CRYPT32.dll
0x000007ffccfd0000 - 0x000007ffccfe6000 	C:\WINDOWS\system32\MSASN1.dll
0x000007ffc7800000 - 0x000007ffc780d000 	C:\WINDOWS\SYSTEM32\msdmo.dll
0x000007ffc6780000 - 0x000007ffc67af000 	C:\Windows\System32\qcap.dll
0x000007ffb2a40000 - 0x000007ffb2bf8000 	C:\Windows\System32\quartz.dll
0x000007ffc4200000 - 0x000007ffc423f000 	C:\Windows\System32\ksproxy.ax
0x000007ffba390000 - 0x000007ffba397000 	C:\Windows\System32\ksuser.dll
0x000007ffbbc60000 - 0x000007ffbbe60000 	C:\Windows\System32\d3d9.dll
0x000007ffc7080000 - 0x000007ffc708c000 	C:\Windows\System32\vidcap.ax
0x000007ffc60b0000 - 0x000007ffc60d4000 	C:\Windows\System32\kswdmcap.ax
0x000007ffb1960000 - 0x000007ffb1ab4000 	C:\Windows\System32\MFC42.dll
0x000007ffb6010000 - 0x000007ffb60ce000 	C:\Windows\System32\ODBC32.dll
0x000007ffb7f20000 - 0x000007ffb7fb5000 	C:\Windows\System32\qedit.dll
0x000007ffcfeb0000 - 0x000007ffcff51000 	C:\WINDOWS\system32\COMDLG32.dll
0x000007ffcd4b0000 - 0x000007ffcd650000 	C:\WINDOWS\WinSxS\amd64_microsoft.windows.gdiplus_6595b64144ccf1df_1.1.9200.16384_none_72771d4ecc1c3a4d\gdiplus.dll
0x000007ffb38f0000 - 0x000007ffb39da000 	C:\WINDOWS\SYSTEM32\DDRAW.dll
0x000007ffc7970000 - 0x000007ffc7978000 	C:\WINDOWS\SYSTEM32\DCIMAN32.dll
0x000000005e780000 - 0x000000005e7b4000 	F:\Program Files\Java\Jre7\bin\fontmanager.dll
0x000007ffb4b50000 - 0x000007ffb5cd0000 	C:\WINDOWS\SYSTEM32\nvd3dumx.dll
0x000007ffccdf0000 - 0x000007ffcce33000 	C:\WINDOWS\SYSTEM32\powrprof.dll
0x0000000180000000 - 0x0000000180116000 	C:\Program Files (x86)\NVIDIA Corporation\3D Vision\nvSCPAPI64.dll
0x000007ffca330000 - 0x000007ffca3a4000 	C:\WINDOWS\SYSTEM32\dxgi.dll
0x000007ffc9a40000 - 0x000007ffc9d02000 	C:\WINDOWS\SYSTEM32\nvapi64.dll
0x000007ffc9f50000 - 0x000007ffc9f6f000 	C:\WINDOWS\SYSTEM32\DXGIDebug.dll
0x000000005e9b0000 - 0x000000005e9c9000 	F:\Program Files\Java\Jre7\bin\net.dll
0x000007ffcc760000 - 0x000007ffcc7bc000 	C:\WINDOWS\system32\mswsock.dll
0x000000005e990000 - 0x000000005e9a1000 	F:\Program Files\Java\Jre7\bin\nio.dll
0x000000005e730000 - 0x000000005e771000 	F:\Program Files\Java\Jre7\bin\t2k.dll
0x000007ffca9b0000 - 0x000007ffcab3a000 	C:\WINDOWS\SYSTEM32\WindowsCodecs.dll
0x000007ffccf20000 - 0x000007ffccf35000 	C:\WINDOWS\SYSTEM32\profapi.dll
0x000007ffc8ca0000 - 0x000007ffc8d09000 	C:\WINDOWS\SYSTEM32\oleacc.dll
0x000000005e700000 - 0x000000005e72a000 	F:\Program Files\Java\Jre7\bin\dcpr.dll
0x000007ffb60d0000 - 0x000007ffb6233000 	C:\WINDOWS\SYSTEM32\dbghelp.dll

VM Arguments:
jvm_args: -Dfile.encoding=Cp1252 
java_command: emcscanner.kth.se.Program
Launcher Type: SUN_STANDARD

Environment Variables:
PATH=C:\Program Files (x86)\NVIDIA Corporation\PhysX\Common;C:\WINDOWS\system32;C:\WINDOWS;C:\WINDOWS\System32\Wbem;C:\WINDOWS\System32\WindowsPowerShell\v1.0\;C:\Program Files (x86)\Microsoft SQL Server\90\Tools\binn\;C:\Program Files (x86)\Autodesk\Backburner\;F:\Program Files\MATLAB\R2012a\runtime\win64;F:\Program Files\MATLAB\R2012a\bin;PROGRAMFILES\Internet Explorer;C:\Program Files\Perforce;F:\Program Files\Perforce;C:\Program Files\Microsoft\Web Platform Installer\;C:\Program Files (x86)\Microsoft ASP.NET\ASP.NET Web Pages\v1.0\;C:\Program Files (x86)\Windows Kits\8.0\Windows Performance Toolkit\;C:\Program Files\Microsoft SQL Server\110\Tools\Binn\;F:\Program Files\Perforce\Server
USERNAME=Jonas
OS=Windows_NT
PROCESSOR_IDENTIFIER=Intel64 Family 6 Model 42 Stepping 7, GenuineIntel



---------------  S Y S T E M  ---------------

OS: Windows 8 , 64 bit Build 9200 

CPU:total 8 (4 cores per cpu, 2 threads per core) family 6 model 42 stepping 7, cmov, cx8, fxsr, mmx, sse, sse2, sse3, ssse3, sse4.1, sse4.2, popcnt, avx, ht, tsc, tscinvbit

Memory: 4k page, physical 16751668k(10923876k free), swap 33528884k(24743756k free)

vm_info: Java HotSpot(TM) 64-Bit Server VM (23.3-b01) for windows-amd64 JRE (1.7.0_07-b11), built on Sep  7 2012 01:19:25 by "java_re" with unknown MS VC++:1600

time: Wed Feb 06 15:18:39 2013
elapsed time: 7 seconds

