#
# A fatal error has been detected by the Java Runtime Environment:
#
#  EXCEPTION_ACCESS_VIOLATION (0xc0000005) at pc=0x000007ffd0028bc0, pid=8064, tid=5632
#
# JRE version: 7.0_07-b11
# Java VM: Java HotSpot(TM) 64-Bit Server VM (23.3-b01 mixed mode windows-amd64 compressed oops)
# Problematic frame:
# C  [ntdll.dll+0x18bc0]  RtlQueueWorkItem+0x8a0
#
# Failed to write core dump. Minidumps are not enabled by default on client versions of Windows
#
# If you would like to submit a bug report, please visit:
#   http://bugreport.sun.com/bugreport/crash.jsp
# The crash happened outside the Java Virtual Machine in native code.
# See problematic frame for where to report the bug.
#

---------------  T H R E A D  ---------------

Current thread (0x0000000013f46000):  JavaThread "threadDisplayCamera" daemon [_thread_in_native, id=5632, stack(0x000000001ae00000,0x000000001af00000)]

siginfo: ExceptionCode=0xc0000005, writing address 0x0000000000000024

Registers:
RAX=0x0000000000000000, RBX=0x0000000014cd8848, RCX=0x00000000fffffffc, RDX=0x0000000000000a7c
RSP=0x000000001aeff310, RBP=0x0000000000000000, RSI=0x0000000000000a7c, RDI=0x0000000000000000
R8 =0xffffffffffffffff, R9 =0x0000000000000004, R10=0x0000000000000000, R11=0x0000000000000246
R12=0x0000000000000000, R13=0x0000000000000000, R14=0x000007f79838e000, R15=0x0000000000000000
RIP=0x000007ffd0028bc0, EFLAGS=0x0000000000010213

Top of Stack: (sp=0x000000001aeff310)
0x000000001aeff310:   0000000000000a7c 00000000eeee09f2
0x000000001aeff320:   000000001aeff320 00000006fb740591
0x000000001aeff330:   000000001aeff380 00000006fb742ac0
0x000000001aeff340:   00000006fc5aa058 00000006fb7405a8
0x000000001aeff350:   0000000000000000 000000001aeff378
0x000000001aeff360:   000000001aeff3c8 0000000002d26374
0x000000001aeff370:   000000002357c179 000007ffcd3610ea
0x000000001aeff380:   0000000000000000 000000001aeff388
0x000000001aeff390:   00007515b9537de8 000000001aeff408
0x000000001aeff3a0:   0000000000000004 0000000000000001
0x000000001aeff3b0:   000000001a808050 00000000ff000000
0x000000001aeff3c0:   0000000000000000 0000000000000000
0x000000001aeff3d0:   000007f79838e000 000007ffd001f4d4
0x000000001aeff3e0:   0000000000000000 0000000000000000
0x000000001aeff3f0:   0000000014cd8848 0000000700a5c2f0
0x000000001aeff400:   0000000000000000 0000000013f461d8 

Instructions: (pc=0x000007ffd0028bc0)
0x000007ffd0028ba0:   43 08 a8 01 0f 85 bd 67 ff ff 8b c8 2b cd f0 0f
0x000007ffd0028bb0:   b1 4b 08 75 ea 48 8b 03 33 ed 48 83 f8 ff 74 03
0x000007ffd0028bc0:   ff 40 24 41 bf 82 03 fe 7f 41 80 3f 00 0f 85 69
0x000007ffd0028bd0:   7a 0e 00 48 83 fe ff 0f 84 bf 7a 0e 00 4c 8b c7 


Register to memory mapping:

RAX=0x0000000000000000 is an unknown value
RBX=0x0000000014cd8848 is an unknown value
RCX=0x00000000fffffffc is an unknown value
RDX=0x0000000000000a7c is an unknown value
RSP=0x000000001aeff310 is pointing into the stack for thread: 0x0000000013f46000
RBP=0x0000000000000000 is an unknown value
RSI=0x0000000000000a7c is an unknown value
RDI=0x0000000000000000 is an unknown value
R8 =0xffffffffffffffff is an unknown value
R9 =0x0000000000000004 is an unknown value
R10=0x0000000000000000 is an unknown value
R11=0x0000000000000246 is an unknown value
R12=0x0000000000000000 is an unknown value
R13=0x0000000000000000 is an unknown value
R14=0x000007f79838e000 is an unknown value
R15=0x0000000000000000 is an unknown value


Stack: [0x000000001ae00000,0x000000001af00000],  sp=0x000000001aeff310,  free space=1020k
Native frames: (J=compiled Java code, j=interpreted, Vv=VM code, C=native code)
C  [ntdll.dll+0x18bc0]  RtlQueueWorkItem+0x8a0

[error occurred during error reporting (printing native stack), id 0xc0000005]

Java frames: (J=compiled Java code, j=interpreted, Vv=VM code)
j  com.googlecode.javacv.cpp.opencv_highgui.cvRetrieveFrame(Lcom/googlecode/javacv/cpp/opencv_highgui$CvCapture;I)Lcom/googlecode/javacv/cpp/opencv_core$IplImage;+0
j  com.googlecode.javacv.cpp.opencv_highgui.cvRetrieveFrame(Lcom/googlecode/javacv/cpp/opencv_highgui$CvCapture;)Lcom/googlecode/javacv/cpp/opencv_core$IplImage;+2
j  com.googlecode.javacv.OpenCVFrameGrabber.grab()Lcom/googlecode/javacv/cpp/opencv_core$IplImage;+4
j  emcscanner.kth.se.CameraPanel$1.run()V+15
v  ~StubRoutines::call_stub

---------------  P R O C E S S  ---------------

Java Threads: ( => current thread )
  0x00000000257e3000 JavaThread "Thread-0" daemon [_thread_in_native, id=6852, stack(0x0000000017760000,0x0000000017860000)]
  0x00000000257e0800 JavaThread "Thread-2" [_thread_in_native, id=5296, stack(0x0000000017660000,0x0000000017760000)]
  0x00000000257e7800 JavaThread "ICEpdf-pagePainter" daemon [_thread_blocked, id=8492, stack(0x0000000029ea0000,0x0000000029fa0000)]
  0x00000000257e6000 JavaThread "ICEpdf-pageInitializer" daemon [_thread_blocked, id=1852, stack(0x0000000029c60000,0x0000000029d60000)]
  0x00000000257e3800 JavaThread "DestroyJavaVM" [_thread_blocked, id=4536, stack(0x0000000002a80000,0x0000000002b80000)]
  0x0000000015132000 JavaThread "TimerQueue" daemon [_thread_blocked, id=1956, stack(0x0000000026010000,0x0000000026110000)]
  0x00000000150f4800 JavaThread "threadDisplayDensity" daemon [_thread_blocked, id=9480, stack(0x0000000021320000,0x0000000021420000)]
  0x000000001501d800 JavaThread "AWT-EventQueue-0" [_thread_blocked, id=5224, stack(0x000000001f740000,0x000000001f840000)]
  0x000000001501d000 JavaThread "threadDisplay" daemon [_thread_blocked, id=8332, stack(0x000000001f640000,0x000000001f740000)]
  0x0000000014e5e000 JavaThread "threadDisplay" daemon [_thread_blocked, id=1532, stack(0x000000001d4d0000,0x000000001d5d0000)]
  0x00000000151c6800 JavaThread "AWT-Shutdown" [_thread_blocked, id=4876, stack(0x000000001af00000,0x000000001b000000)]
=>0x0000000013f46000 JavaThread "threadDisplayCamera" daemon [_thread_in_native, id=5632, stack(0x000000001ae00000,0x000000001af00000)]
  0x0000000013f46800 JavaThread "AWT-Windows" daemon [_thread_in_native, id=10144, stack(0x0000000014830000,0x0000000014930000)]
  0x0000000013f45000 JavaThread "Java2D Disposer" daemon [_thread_blocked, id=9248, stack(0x0000000014630000,0x0000000014730000)]
  0x0000000011849000 JavaThread "Service Thread" daemon [_thread_blocked, id=1548, stack(0x0000000013c30000,0x0000000013d30000)]
  0x0000000011846000 JavaThread "C2 CompilerThread1" daemon [_thread_blocked, id=9616, stack(0x0000000013b30000,0x0000000013c30000)]
  0x000000001183b000 JavaThread "C2 CompilerThread0" daemon [_thread_blocked, id=8628, stack(0x0000000013a30000,0x0000000013b30000)]
  0x0000000011838000 JavaThread "Attach Listener" daemon [_thread_blocked, id=2128, stack(0x0000000013930000,0x0000000013a30000)]
  0x000000001182b000 JavaThread "Signal Dispatcher" daemon [_thread_blocked, id=9720, stack(0x0000000013830000,0x0000000013930000)]
  0x00000000117ce800 JavaThread "Finalizer" daemon [_thread_blocked, id=8200, stack(0x0000000013730000,0x0000000013830000)]
  0x00000000117c7000 JavaThread "Reference Handler" daemon [_thread_blocked, id=10100, stack(0x0000000013630000,0x0000000013730000)]

Other Threads:
  0x00000000117c2000 VMThread [stack: 0x0000000013530000,0x0000000013630000] [id=1568]
  0x0000000011865800 WatcherThread [stack: 0x0000000013d30000,0x0000000013e30000] [id=2544]

VM state:not at safepoint (normal execution)

VM Mutex/Monitor currently owned by a thread: None

Heap
 PSYoungGen      total 1178496K, used 176907K [0x00000007aacb0000, 0x0000000800000000, 0x0000000800000000)
  eden space 1144064K, 14% used [0x00000007aacb0000,0x00000007b4e99770,0x00000007f09f0000)
  from space 34432K, 32% used [0x00000007f09f0000,0x00000007f14c97a0,0x00000007f2b90000)
  to   space 35008K, 0% used [0x00000007fddd0000,0x00000007fddd0000,0x0000000800000000)
 ParOldGen       total 222848K, used 82633K [0x0000000700600000, 0x000000070dfa0000, 0x00000007aacb0000)
  object space 222848K, 37% used [0x0000000700600000,0x00000007056b2708,0x000000070dfa0000)
 PSPermGen       total 39552K, used 18203K [0x00000006fb400000, 0x00000006fdaa0000, 0x0000000700600000)
  object space 39552K, 46% used [0x00000006fb400000,0x00000006fc5c6da8,0x00000006fdaa0000)

Card table byte_map: [0x0000000005de0000,0x0000000006610000] byte_map_base: 0x0000000002606000

Polling page: 0x0000000002940000

Code Cache  [0x0000000002d20000, 0x0000000002f90000, 0x0000000005d20000)
 total_blobs=908 nmethods=318 adapters=541 free_code_cache=47781Kb largest_free_block=48889728

Compilation events (10 events):
Event: 18.586 Thread 0x000000001183b000  324             java.awt.geom.Rectangle2D$Float::setRect (22 bytes)
Event: 18.586 Thread 0x0000000011846000  325             sun.java2d.SunGraphics2D::invalidatePipe (41 bytes)
Event: 18.587 Thread 0x000000001183b000 nmethod 324 0x0000000002e3f290 code [0x0000000002e3f3c0, 0x0000000002e3f438]
Event: 18.587 Thread 0x0000000011846000 nmethod 325 0x0000000002e3f010 code [0x0000000002e3f140, 0x0000000002e3f1d8]
Event: 22.089 Thread 0x000000001183b000  326             java.awt.geom.Rectangle2D$Float::<init> (14 bytes)
Event: 22.090 Thread 0x000000001183b000 nmethod 326 0x0000000002e4de50 code [0x0000000002e4df80, 0x0000000002e4dff8]
Event: 27.860 Thread 0x0000000011846000  327             java.awt.image.SampleModel::getNumBands (5 bytes)
Event: 27.860 Thread 0x0000000011846000 nmethod 327 0x0000000002e4dc50 code [0x0000000002e4dd80, 0x0000000002e4ddd8]
Event: 28.329 Thread 0x000000001183b000  329             java.nio.HeapByteBuffer::<init> (14 bytes)
Event: 28.330 Thread 0x000000001183b000 nmethod 329 0x0000000002e4d510 code [0x0000000002e4d640, 0x0000000002e4d738]

GC Heap History (10 events):
Event: 13.481 GC heap before
{Heap before GC invocations=14 (full 3):
 PSYoungGen      total 752000K, used 722176K [0x00000007aacb0000, 0x00000007ea110000, 0x0000000800000000)
  eden space 722176K, 100% used [0x00000007aacb0000,0x00000007d6df0000,0x00000007d6df0000)
  from space 29824K, 0% used [0x00000007d6df0000,0x00000007d6df0000,0x00000007d8b10000)
  to   space 30208K, 0% used [0x00000007e8390000,0x00000007e8390000,0x00000007ea110000)
 ParOldGen       total 192448K, used 177054K [0x0000000700600000, 0x000000070c1f0000, 0x00000007aacb0000)
  object space 192448K, 92% used [0x0000000700600000,0x000000070b2e7998,0x000000070c1f0000)
 PSPermGen       total 41216K, used 18153K [0x00000006fb400000, 0x00000006fdc40000, 0x0000000700600000)
  object space 41216K, 44% used [0x00000006fb400000,0x00000006fc5ba630,0x00000006fdc40000)
Event: 13.515 GC heap after
Heap after GC invocations=14 (full 3):
 PSYoungGen      total 752000K, used 0K [0x00000007aacb0000, 0x00000007ea110000, 0x0000000800000000)
  eden space 722176K, 0% used [0x00000007aacb0000,0x00000007aacb0000,0x00000007d6df0000)
  from space 29824K, 0% used [0x00000007d6df0000,0x00000007d6df0000,0x00000007d8b10000)
  to   space 30208K, 0% used [0x00000007e8390000,0x00000007e8390000,0x00000007ea110000)
 ParOldGen       total 222848K, used 47982K [0x0000000700600000, 0x000000070dfa0000, 0x00000007aacb0000)
  object space 222848K, 21% used [0x0000000700600000,0x00000007034db8c8,0x000000070dfa0000)
 PSPermGen       total 39552K, used 18153K [0x00000006fb400000, 0x00000006fdaa0000, 0x0000000700600000)
  object space 39552K, 45% used [0x00000006fb400000,0x00000006fc5ba630,0x00000006fdaa0000)
}
Event: 16.267 GC heap before
{Heap before GC invocations=15 (full 3):
 PSYoungGen      total 752000K, used 721193K [0x00000007aacb0000, 0x00000007ea110000, 0x0000000800000000)
  eden space 722176K, 99% used [0x00000007aacb0000,0x00000007d6cfa7b0,0x00000007d6df0000)
  from space 29824K, 0% used [0x00000007d6df0000,0x00000007d6df0000,0x00000007d8b10000)
  to   space 30208K, 0% used [0x00000007e8390000,0x00000007e8390000,0x00000007ea110000)
 ParOldGen       total 222848K, used 47982K [0x0000000700600000, 0x000000070dfa0000, 0x00000007aacb0000)
  object space 222848K, 21% used [0x0000000700600000,0x00000007034db8c8,0x000000070dfa0000)
 PSPermGen       total 39552K, used 18166K [0x00000006fb400000, 0x00000006fdaa0000, 0x0000000700600000)
  object space 39552K, 45% used [0x00000006fb400000,0x00000006fc5bd8e8,0x00000006fdaa0000)
Event: 16.278 GC heap after
Heap after GC invocations=15 (full 3):
 PSYoungGen      total 953152K, used 30053K [0x00000007aacb0000, 0x00000007ea0f0000, 0x0000000800000000)
  eden space 923072K, 0% used [0x00000007aacb0000,0x00000007aacb0000,0x00000007e3220000)
  from space 30080K, 99% used [0x00000007e8390000,0x00000007ea0e95b0,0x00000007ea0f0000)
  to   space 31936K, 0% used [0x00000007e6290000,0x00000007e6290000,0x00000007e81c0000)
 ParOldGen       total 222848K, used 82633K [0x0000000700600000, 0x000000070dfa0000, 0x00000007aacb0000)
  object space 222848K, 37% used [0x0000000700600000,0x00000007056b2708,0x000000070dfa0000)
 PSPermGen       total 39552K, used 18166K [0x00000006fb400000, 0x00000006fdaa0000, 0x0000000700600000)
  object space 39552K, 45% used [0x00000006fb400000,0x00000006fc5bd8e8,0x00000006fdaa0000)
}
Event: 20.220 GC heap before
{Heap before GC invocations=16 (full 3):
 PSYoungGen      total 953152K, used 951590K [0x00000007aacb0000, 0x00000007ea0f0000, 0x0000000800000000)
  eden space 923072K, 99% used [0x00000007aacb0000,0x00000007e30a03d0,0x00000007e3220000)
  from space 30080K, 99% used [0x00000007e8390000,0x00000007ea0e95b0,0x00000007ea0f0000)
  to   space 31936K, 0% used [0x00000007e6290000,0x00000007e6290000,0x00000007e81c0000)
 ParOldGen       total 222848K, used 82633K [0x0000000700600000, 0x000000070dfa0000, 0x00000007aacb0000)
  object space 222848K, 37% used [0x0000000700600000,0x00000007056b2708,0x000000070dfa0000)
 PSPermGen       total 39552K, used 18171K [0x00000006fb400000, 0x00000006fdaa0000, 0x0000000700600000)
  object space 39552K, 45% used [0x00000006fb400000,0x00000006fc5becd0,0x00000006fdaa0000)
Event: 20.223 GC heap after
Heap after GC invocations=16 (full 3):
 PSYoungGen      total 1004608K, used 11013K [0x00000007aacb0000, 0x00000007f4c40000, 0x0000000800000000)
  eden space 972672K, 0% used [0x00000007aacb0000,0x00000007aacb0000,0x00000007e6290000)
  from space 31936K, 34% used [0x00000007e6290000,0x00000007e6d517a0,0x00000007e81c0000)
  to   space 33472K, 0% used [0x00000007f2b90000,0x00000007f2b90000,0x00000007f4c40000)
 ParOldGen       total 222848K, used 82633K [0x0000000700600000, 0x000000070dfa0000, 0x00000007aacb0000)
  object space 222848K, 37% used [0x0000000700600000,0x00000007056b2708,0x000000070dfa0000)
 PSPermGen       total 39552K, used 18171K [0x00000006fb400000, 0x00000006fdaa0000, 0x0000000700600000)
  object space 39552K, 45% used [0x00000006fb400000,0x00000006fc5becd0,0x00000006fdaa0000)
}
Event: 24.384 GC heap before
{Heap before GC invocations=17 (full 3):
 PSYoungGen      total 1004608K, used 979873K [0x00000007aacb0000, 0x00000007f4c40000, 0x0000000800000000)
  eden space 972672K, 99% used [0x00000007aacb0000,0x00000007e5ed6cf0,0x00000007e6290000)
  from space 31936K, 34% used [0x00000007e6290000,0x00000007e6d517a0,0x00000007e81c0000)
  to   space 33472K, 0% used [0x00000007f2b90000,0x00000007f2b90000,0x00000007f4c40000)
 ParOldGen       total 222848K, used 82633K [0x0000000700600000, 0x000000070dfa0000, 0x00000007aacb0000)
  object space 222848K, 37% used [0x0000000700600000,0x00000007056b2708,0x000000070dfa0000)
 PSPermGen       total 39552K, used 18172K [0x00000006fb400000, 0x00000006fdaa0000, 0x0000000700600000)
  object space 39552K, 45% used [0x00000006fb400000,0x00000006fc5bf398,0x00000006fdaa0000)
Event: 24.388 GC heap after
Heap after GC invocations=17 (full 3):
 PSYoungGen      total 1177536K, used 11077K [0x00000007aacb0000, 0x00000007f69c0000, 0x0000000800000000)
  eden space 1144064K, 0% used [0x00000007aacb0000,0x00000007aacb0000,0x00000007f09f0000)
  from space 33472K, 33% used [0x00000007f2b90000,0x00000007f36617a0,0x00000007f4c40000)
  to   space 34432K, 0% used [0x00000007f09f0000,0x00000007f09f0000,0x00000007f2b90000)
 ParOldGen       total 222848K, used 82633K [0x0000000700600000, 0x000000070dfa0000, 0x00000007aacb0000)
  object space 222848K, 37% used [0x0000000700600000,0x00000007056b2708,0x000000070dfa0000)
 PSPermGen       total 39552K, used 18172K [0x00000006fb400000, 0x00000006fdaa0000, 0x0000000700600000)
  object space 39552K, 45% used [0x00000006fb400000,0x00000006fc5bf398,0x00000006fdaa0000)
}
Event: 29.299 GC heap before
{Heap before GC invocations=18 (full 3):
 PSYoungGen      total 1177536K, used 1150858K [0x00000007aacb0000, 0x00000007f69c0000, 0x0000000800000000)
  eden space 1144064K, 99% used [0x00000007aacb0000,0x00000007f05c1358,0x00000007f09f0000)
  from space 33472K, 33% used [0x00000007f2b90000,0x00000007f36617a0,0x00000007f4c40000)
  to   space 34432K, 0% used [0x00000007f09f0000,0x00000007f09f0000,0x00000007f2b90000)
 ParOldGen       total 222848K, used 82633K [0x0000000700600000, 0x000000070dfa0000, 0x00000007aacb0000)
  object space 222848K, 37% used [0x0000000700600000,0x00000007056b2708,0x000000070dfa0000)
 PSPermGen       total 39552K, used 18179K [0x00000006fb400000, 0x00000006fdaa0000, 0x0000000700600000)
  object space 39552K, 45% used [0x00000006fb400000,0x00000006fc5c0e20,0x00000006fdaa0000)
Event: 29.303 GC heap after
Heap after GC invocations=18 (full 3):
 PSYoungGen      total 1178496K, used 11109K [0x00000007aacb0000, 0x0000000800000000, 0x0000000800000000)
  eden space 1144064K, 0% used [0x00000007aacb0000,0x00000007aacb0000,0x00000007f09f0000)
  from space 34432K, 32% used [0x00000007f09f0000,0x00000007f14c97a0,0x00000007f2b90000)
  to   space 35008K, 0% used [0x00000007fddd0000,0x00000007fddd0000,0x0000000800000000)
 ParOldGen       total 222848K, used 82633K [0x0000000700600000, 0x000000070dfa0000, 0x00000007aacb0000)
  object space 222848K, 37% used [0x0000000700600000,0x00000007056b2708,0x000000070dfa0000)
 PSPermGen       total 39552K, used 18179K [0x00000006fb400000, 0x00000006fdaa0000, 0x0000000700600000)
  object space 39552K, 45% used [0x00000006fb400000,0x00000006fc5c0e20,0x00000006fdaa0000)
}

Deoptimization events (10 events):
Event: 3.488 Thread 0x0000000002c1e000 Uncommon trap 43 fr.pc 0x0000000002de8c54
Event: 4.015 Thread 0x000000001501d800 Uncommon trap -83 fr.pc 0x0000000002deacc4
Event: 4.084 Thread 0x00000000257e6000 Uncommon trap -83 fr.pc 0x0000000002dea8b4
Event: 4.136 Thread 0x00000000257e6000 Uncommon trap -83 fr.pc 0x0000000002dec984
Event: 4.153 Thread 0x00000000257e6000 Uncommon trap -83 fr.pc 0x0000000002d9dfe8
Event: 4.217 Thread 0x00000000257e6000 Uncommon trap -83 fr.pc 0x0000000002e0d2d0
Event: 4.248 Thread 0x00000000257e6000 Uncommon trap -83 fr.pc 0x0000000002e0eb98
Event: 4.482 Thread 0x00000000257e7800 Uncommon trap -83 fr.pc 0x0000000002e4e1fc
Event: 9.249 Thread 0x000000001501d800 Uncommon trap -12 fr.pc 0x0000000002e7892c
Event: 9.380 Thread 0x000000001501d800 Uncommon trap -12 fr.pc 0x0000000002e78264

Internal exceptions (10 events):
Event: 4.319 Thread 0x00000000257e6000 Threw 0x00000007abcbf088 at C:\jdk7u1_64p\jdk7u7\hotspot\src\share\vm\prims\jvm.cpp:1166
Event: 4.319 Thread 0x00000000257e6000 Threw 0x00000007abcc1fa8 at C:\jdk7u1_64p\jdk7u7\hotspot\src\share\vm\prims\jvm.cpp:1166
Event: 4.453 Thread 0x00000000257e7800 Threw 0x00000007aea81d18 at C:\jdk7u1_64p\jdk7u7\hotspot\src\share\vm\prims\jvm.cpp:1166
Event: 4.458 Thread 0x00000000257e7800 Threw 0x00000007aea925a8 at C:\jdk7u1_64p\jdk7u7\hotspot\src\share\vm\prims\jvm.cpp:1166
Event: 4.659 Thread 0x00000000257e7800 Threw 0x00000007b21cb298 at C:\jdk7u1_64p\jdk7u7\hotspot\src\share\vm\prims\jvm.cpp:1166
Event: 9.249 Thread 0x000000001501d800 Implicit null exception at 0x0000000002e78700 to 0x0000000002e78921
Event: 9.380 Thread 0x000000001501d800 Implicit null exception at 0x0000000002e78188 to 0x0000000002e78259
Event: 11.283 Thread 0x000000001501d800 Threw 0x00000007d6b93d70 at C:\jdk7u1_64p\jdk7u7\hotspot\src\share\vm\prims\jvm.cpp:1166
Event: 11.284 Thread 0x000000001501d800 Threw 0x00000007d6b99358 at C:\jdk7u1_64p\jdk7u7\hotspot\src\share\vm\prims\jvm.cpp:1166
Event: 11.286 Thread 0x000000001501d800 Threw 0x00000007d6ba6728 at C:\jdk7u1_64p\jdk7u7\hotspot\src\share\vm\prims\jvm.cpp:1166

Events (10 events):
Event: 13.926 loading class 0x0000000014eb06b0
Event: 13.926 loading class 0x0000000014eb06b0 done
Event: 16.267 Executing VM operation: ParallelGCFailedAllocation
Event: 16.278 Executing VM operation: ParallelGCFailedAllocation done
Event: 20.220 Executing VM operation: ParallelGCFailedAllocation
Event: 20.223 Executing VM operation: ParallelGCFailedAllocation done
Event: 24.384 Executing VM operation: ParallelGCFailedAllocation
Event: 24.388 Executing VM operation: ParallelGCFailedAllocation done
Event: 29.299 Executing VM operation: ParallelGCFailedAllocation
Event: 29.303 Executing VM operation: ParallelGCFailedAllocation done


Dynamic libraries:
0x000007f798e80000 - 0x000007f798eb4000 	F:\Program Files\Java\Jre7\bin\javaw.exe
0x000007ffd0010000 - 0x000007ffd01ce000 	C:\WINDOWS\SYSTEM32\ntdll.dll
0x000007ffcd650000 - 0x000007ffcd786000 	C:\WINDOWS\system32\KERNEL32.DLL
0x000007ffcd360000 - 0x000007ffcd453000 	C:\WINDOWS\system32\KERNELBASE.dll
0x000007ffcdad0000 - 0x000007ffcdbae000 	C:\WINDOWS\system32\ADVAPI32.dll
0x000007ffcf8a0000 - 0x000007ffcf9ec000 	C:\WINDOWS\system32\USER32.dll
0x000007ffca740000 - 0x000007ffca9a9000 	C:\WINDOWS\WinSxS\amd64_microsoft.windows.common-controls_6595b64144ccf1df_6.0.9200.16384_none_418c2a697189c07f\COMCTL32.dll
0x000007ffcd940000 - 0x000007ffcd9e5000 	C:\WINDOWS\system32\msvcrt.dll
0x000007ffcd460000 - 0x000007ffcd4a8000 	C:\WINDOWS\SYSTEM32\sechost.dll
0x000007ffcf760000 - 0x000007ffcf8a0000 	C:\WINDOWS\system32\RPCRT4.dll
0x000007ffcdec0000 - 0x000007ffce000000 	C:\WINDOWS\system32\GDI32.dll
0x000007ffcda90000 - 0x000007ffcdac9000 	C:\WINDOWS\system32\IMM32.DLL
0x000007ffcf9f0000 - 0x000007ffcfb05000 	C:\WINDOWS\system32\MSCTF.dll
0x000007ffccf00000 - 0x000007ffccf08000 	C:\PROGRA~2\NVIDIA~1\3DVISI~1\NVSTIN~1.DLL
0x000007ffcda80000 - 0x000007ffcda87000 	C:\WINDOWS\system32\PSAPI.DLL
0x0000000061700000 - 0x00000000617a3000 	C:\WINDOWS\WinSxS\amd64_microsoft.vc90.crt_1fc8b3b9a1e18e3b_9.0.30729.6871_none_08e717a5a83adddf\MSVCR90.dll
0x000000005f150000 - 0x000000005f221000 	F:\Program Files\Java\Jre7\bin\msvcr100.dll
0x000000005ea30000 - 0x000000005f14f000 	F:\Program Files\Java\Jre7\bin\server\jvm.dll
0x000007ffc53f0000 - 0x000007ffc53f9000 	C:\WINDOWS\SYSTEM32\WSOCK32.dll
0x000007ffca070000 - 0x000007ffca090000 	C:\WINDOWS\SYSTEM32\WINMM.dll
0x000007ffcffb0000 - 0x000007ffd0008000 	C:\WINDOWS\system32\WS2_32.dll
0x000007ffc9f70000 - 0x000007ffc9fa2000 	C:\WINDOWS\SYSTEM32\WINMMBASE.dll
0x000007ffcfb10000 - 0x000007ffcfb19000 	C:\WINDOWS\system32\NSI.dll
0x000000005ea20000 - 0x000000005ea2f000 	F:\Program Files\Java\Jre7\bin\verify.dll
0x000000005e9f0000 - 0x000000005ea18000 	F:\Program Files\Java\Jre7\bin\java.dll
0x000000005e9d0000 - 0x000000005e9e5000 	F:\Program Files\Java\Jre7\bin\zip.dll
0x000000005e7c0000 - 0x000000005e953000 	F:\Program Files\Java\Jre7\bin\awt.dll
0x000007ffcdbb0000 - 0x000007ffcdc73000 	C:\WINDOWS\system32\OLEAUT32.dll
0x000007ffcd790000 - 0x000007ffcd940000 	C:\WINDOWS\system32\combase.dll
0x000007ffc7130000 - 0x000007ffc71cf000 	C:\WINDOWS\system32\apphelp.dll
0x000007ffcbd00000 - 0x000007ffcbde3000 	C:\WINDOWS\system32\uxtheme.dll
0x000007ffc71e0000 - 0x000007ffc7275000 	C:\Program Files\Common Files\microsoft shared\ink\tiptsf.dll
0x000007ffcae20000 - 0x000007ffcae41000 	C:\WINDOWS\SYSTEM32\dwmapi.dll
0x000007ffce000000 - 0x000007ffce17e000 	C:\WINDOWS\system32\ole32.dll
0x000007ffccd70000 - 0x000007ffccd7a000 	C:\WINDOWS\SYSTEM32\CRYPTBASE.dll
0x000007ffcccf0000 - 0x000007ffccd4c000 	C:\WINDOWS\SYSTEM32\bcryptPrimitives.dll
0x000007ffce470000 - 0x000007ffcf758000 	C:\WINDOWS\system32\SHELL32.dll
0x000007ffcff60000 - 0x000007ffcffb0000 	C:\WINDOWS\system32\SHLWAPI.dll
0x000007ffcc0d0000 - 0x000007ffcc166000 	C:\WINDOWS\SYSTEM32\shcore.dll
0x00000000605d0000 - 0x0000000060668000 	C:\Windows\System32\msvcp100.dll
0x000007ffb48f0000 - 0x000007ffb4b48000 	C:\opencv\build\x64\vc10\bin\opencv_core243.dll
0x000007ffc3f70000 - 0x000007ffc4005000 	C:\Users\Jonas\AppData\Local\Temp\javacpp112937923305278\jniopencv_core.dll
0x000007ffb3480000 - 0x000007ffb3725000 	C:\opencv\build\x64\vc10\bin\opencv_imgproc243.dll
0x000007ffc6780000 - 0x000007ffc67c8000 	C:\Users\Jonas\AppData\Local\Temp\javacpp112937923305278\jniopencv_imgproc.dll
0x0000000066840000 - 0x00000000675ca000 	C:\opencv\build\x64\vc10\bin\opencv_ffmpeg243_64.dll
0x000007ffb1c90000 - 0x000007ffb1edb000 	C:\opencv\build\x64\vc10\bin\opencv_highgui243.dll
0x000007ffc9dd0000 - 0x000007ffc9df0000 	C:\WINDOWS\SYSTEM32\AVIFIL32.dll
0x000007ffc69e0000 - 0x000007ffc6a09000 	C:\WINDOWS\SYSTEM32\MSVFW32.dll
0x000007ffc6a10000 - 0x000007ffc6a27000 	C:\WINDOWS\SYSTEM32\AVICAP32.dll
0x000007ffba340000 - 0x000007ffba359000 	C:\WINDOWS\SYSTEM32\MSACM32.dll
0x000007ffcacb0000 - 0x000007ffcacb9000 	C:\WINDOWS\SYSTEM32\VERSION.dll
0x000007ffc9db0000 - 0x000007ffc9dc3000 	C:\Users\Jonas\AppData\Local\Temp\javacpp112937923305278\jniopencv_highgui.dll
0x000007ffce1b0000 - 0x000007ffce246000 	C:\WINDOWS\SYSTEM32\clbcatq.dll
0x000007ffc9d70000 - 0x000007ffc9d87000 	C:\Windows\System32\devenum.dll
0x000007ffcdc80000 - 0x000007ffcde50000 	C:\WINDOWS\system32\setupapi.dll
0x000007ffcd020000 - 0x000007ffcd06f000 	C:\WINDOWS\system32\CFGMGR32.dll
0x000007ffccff0000 - 0x000007ffcd012000 	C:\WINDOWS\system32\DEVOBJ.dll
0x000007ffc5fd0000 - 0x000007ffc5ffe000 	C:\WINDOWS\SYSTEM32\ntmarta.dll
0x000007ffcd070000 - 0x000007ffcd0c5000 	C:\WINDOWS\system32\WINTRUST.dll
0x000007ffcd0d0000 - 0x000007ffcd2a7000 	C:\WINDOWS\system32\CRYPT32.dll
0x000007ffccfd0000 - 0x000007ffccfe6000 	C:\WINDOWS\system32\MSASN1.dll
0x000007ffc92d0000 - 0x000007ffc92dd000 	C:\WINDOWS\SYSTEM32\msdmo.dll
0x000007ffc3f40000 - 0x000007ffc3f6f000 	C:\Windows\System32\qcap.dll
0x000007ffb1ad0000 - 0x000007ffb1c88000 	C:\Windows\System32\quartz.dll
0x000007ffc3f00000 - 0x000007ffc3f3f000 	C:\Windows\System32\ksproxy.ax
0x000007ffba390000 - 0x000007ffba397000 	C:\Windows\System32\ksuser.dll
0x000007ffbbc60000 - 0x000007ffbbe60000 	C:\Windows\System32\d3d9.dll
0x000007ffc7800000 - 0x000007ffc780c000 	C:\Windows\System32\vidcap.ax
0x000007ffc3ed0000 - 0x000007ffc3ef4000 	C:\Windows\System32\kswdmcap.ax
0x000007ffb6280000 - 0x000007ffb63d4000 	C:\Windows\System32\MFC42.dll
0x000007ffc3e10000 - 0x000007ffc3ece000 	C:\Windows\System32\ODBC32.dll
0x000007ffb9c70000 - 0x000007ffb9d05000 	C:\Windows\System32\qedit.dll
0x000007ffcfeb0000 - 0x000007ffcff51000 	C:\WINDOWS\system32\COMDLG32.dll
0x000007ffcd4b0000 - 0x000007ffcd650000 	C:\WINDOWS\WinSxS\amd64_microsoft.windows.gdiplus_6595b64144ccf1df_1.1.9200.16384_none_72771d4ecc1c3a4d\gdiplus.dll
0x000007ffb38f0000 - 0x000007ffb39da000 	C:\WINDOWS\SYSTEM32\DDRAW.dll
0x000007ffc7970000 - 0x000007ffc7978000 	C:\WINDOWS\SYSTEM32\DCIMAN32.dll
0x000000005e780000 - 0x000000005e7b4000 	F:\Program Files\Java\Jre7\bin\fontmanager.dll
0x000007ffb4b50000 - 0x000007ffb5cd0000 	C:\WINDOWS\SYSTEM32\nvd3dumx.dll
0x000007ffccdf0000 - 0x000007ffcce33000 	C:\WINDOWS\SYSTEM32\powrprof.dll
0x0000000180000000 - 0x0000000180116000 	C:\Program Files (x86)\NVIDIA Corporation\3D Vision\nvSCPAPI64.dll
0x000007ffca330000 - 0x000007ffca3a4000 	C:\WINDOWS\SYSTEM32\dxgi.dll
0x000007ffc9a40000 - 0x000007ffc9d02000 	C:\WINDOWS\SYSTEM32\nvapi64.dll
0x000007ffc9f50000 - 0x000007ffc9f6f000 	C:\WINDOWS\SYSTEM32\DXGIDebug.dll
0x000000005e9b0000 - 0x000000005e9c9000 	F:\Program Files\Java\Jre7\bin\net.dll
0x000007ffcc760000 - 0x000007ffcc7bc000 	C:\WINDOWS\system32\mswsock.dll
0x000000005e990000 - 0x000000005e9a1000 	F:\Program Files\Java\Jre7\bin\nio.dll
0x000000005e730000 - 0x000000005e771000 	F:\Program Files\Java\Jre7\bin\t2k.dll
0x000007ffca9b0000 - 0x000007ffcab3a000 	C:\WINDOWS\SYSTEM32\WindowsCodecs.dll
0x000007ffccf20000 - 0x000007ffccf35000 	C:\WINDOWS\SYSTEM32\profapi.dll
0x000007ffc8ca0000 - 0x000007ffc8d09000 	C:\WINDOWS\SYSTEM32\oleacc.dll
0x000000005e700000 - 0x000000005e72a000 	F:\Program Files\Java\Jre7\bin\dcpr.dll
0x000007ffb60d0000 - 0x000007ffb6233000 	C:\WINDOWS\SYSTEM32\dbghelp.dll

VM Arguments:
jvm_args: -Dfile.encoding=Cp1252 
java_command: emcscanner.kth.se.Program
Launcher Type: SUN_STANDARD

Environment Variables:
PATH=C:\Program Files (x86)\NVIDIA Corporation\PhysX\Common;C:\WINDOWS\system32;C:\WINDOWS;C:\WINDOWS\System32\Wbem;C:\WINDOWS\System32\WindowsPowerShell\v1.0\;C:\Program Files (x86)\Microsoft SQL Server\90\Tools\binn\;C:\Program Files (x86)\Autodesk\Backburner\;F:\Program Files\MATLAB\R2012a\runtime\win64;F:\Program Files\MATLAB\R2012a\bin;PROGRAMFILES\Internet Explorer;C:\Program Files\Perforce;F:\Program Files\Perforce;C:\Program Files\Microsoft\Web Platform Installer\;C:\Program Files (x86)\Microsoft ASP.NET\ASP.NET Web Pages\v1.0\;C:\Program Files (x86)\Windows Kits\8.0\Windows Performance Toolkit\;C:\Program Files\Microsoft SQL Server\110\Tools\Binn\;F:\Program Files\Perforce\Server
USERNAME=Jonas
OS=Windows_NT
PROCESSOR_IDENTIFIER=Intel64 Family 6 Model 42 Stepping 7, GenuineIntel



---------------  S Y S T E M  ---------------

OS: Windows 8 , 64 bit Build 9200 

CPU:total 8 (4 cores per cpu, 2 threads per core) family 6 model 42 stepping 7, cmov, cx8, fxsr, mmx, sse, sse2, sse3, ssse3, sse4.1, sse4.2, popcnt, avx, ht, tsc, tscinvbit

Memory: 4k page, physical 16751668k(10694936k free), swap 33528884k(24760432k free)

vm_info: Java HotSpot(TM) 64-Bit Server VM (23.3-b01) for windows-amd64 JRE (1.7.0_07-b11), built on Sep  7 2012 01:19:25 by "java_re" with unknown MS VC++:1600

time: Wed Feb 06 00:04:37 2013
elapsed time: 30 seconds

