#
# A fatal error has been detected by the Java Runtime Environment:
#
#  EXCEPTION_ACCESS_VIOLATION (0xc0000005) at pc=0x00000000025c895c, pid=8384, tid=1592
#
# JRE version: 7.0_07-b11
# Java VM: Java HotSpot(TM) 64-Bit Server VM (23.3-b01 mixed mode windows-amd64 compressed oops)
# Problematic frame:
# J  com.googlecode.javacv.cpp.opencv_core$IplImage.flipCopyWithGamma(Ljava/nio/ByteBuffer;ILjava/nio/ByteBuffer;IZDZI)V
#
# Failed to write core dump. Minidumps are not enabled by default on client versions of Windows
#
# If you would like to submit a bug report, please visit:
#   http://bugreport.sun.com/bugreport/crash.jsp
#

---------------  T H R E A D  ---------------

Current thread (0x000000001369b800):  JavaThread "threadDisplayCamera" daemon [_thread_in_Java, id=1592, stack(0x000000001a600000,0x000000001a700000)]

siginfo: ExceptionCode=0xc0000005, reading address 0x000000001a3d1f41

Registers:
RAX=0x00000000003c4ef1, RBX=0x00000000fb7e6151, RCX=0x00000007db5eac50, RDX=0x000000000000167f
RSP=0x000000001a6fef40, RBP=0x00000007db5eac10, RSI=0x000000001a00d050, RDI=0x00000000003c4ef1
R8 =0x00000000005eec00, R9 =0x0000000000000000, R10=0x00000000005eec00, R11=0x00000000003c4ef1
R12=0x0000000000000000, R13=0x00000007db5eac10, R14=0x00000000000003f1, R15=0x000000001369b800
RIP=0x00000000025c895c, EFLAGS=0x0000000000010283

Top of Stack: (sp=0x000000001a6fef40)
0x000000001a6fef40:   000000001a6fef88 00000006fb559128
0x000000001a6fef50:   0000000000000000 00000006fb556ea0
0x000000001a6fef60:   3ff0000000001680 00000007db5eac50
0x000000001a6fef70:   3ff0000000000000 df6c65d4df6ab9ce
0x000000001a6fef80:   003c4b0000000000 00000000ffffffff
0x000000001a6fef90:   00001680003c4b00 0000168000001680
0x000000001a6fefa0:   0000000700000000 00000007db5eac80
0x000000001a6fefb0:   00000007db5eac10 000000001a6fefa8
0x000000001a6fefc0:   3ff0000000000000 00000000024728d9
0x000000001a6fefd0:   00000007db5eac10 00000007db5eab10
0x000000001a6fefe0:   00000006fb7b7460 0000000000000000
0x000000001a6feff0:   000000001a6ff0a8 00000000024661f8
0x000000001a6ff000:   0000000000000000 0000000000000000
0x000000001a6ff010:   00000006fbb3f9a8 00000000024661f8
0x000000001a6ff020:   0000000000000000 0000000000000000
0x000000001a6ff030:   3ff0000000000000 00000000024663d3 

Instructions: (pc=0x00000000025c895c)
0x00000000025c893c:   8d c9 00 00 00 48 8b 6c 24 70 8b 7d 18 41 3b f8
0x00000000025c894c:   0f 8d 9b 01 00 00 8b 59 2c 44 8b 51 1c 4c 63 df
0x00000000025c895c:   46 0f be 0c 1e ff c7 89 7d 18 44 8b 59 18 45 3b
0x00000000025c896c:   da 0f 8d aa 01 00 00 8b 79 24 41 03 fb 41 ff c3 


Register to memory mapping:

RAX=0x00000000003c4ef1 is an unknown value
RBX=0x00000000fb7e6151 is an unknown value
RCX=0x00000007db5eac50 is an oop
java.nio.HeapByteBuffer 
 - klass: 'java/nio/HeapByteBuffer'
RDX=0x000000000000167f is an unknown value
RSP=0x000000001a6fef40 is pointing into the stack for thread: 0x000000001369b800
RBP=0x00000007db5eac10 is an oop
java.nio.DirectByteBuffer 
 - klass: 'java/nio/DirectByteBuffer'
RSI=0x000000001a00d050 is an unknown value
RDI=0x00000000003c4ef1 is an unknown value
R8 =0x00000000005eec00 is an unknown value
R9 =0x0000000000000000 is an unknown value
R10=0x00000000005eec00 is an unknown value
R11=0x00000000003c4ef1 is an unknown value
R12=0x0000000000000000 is an unknown value
R13=0x00000007db5eac10 is an oop
java.nio.DirectByteBuffer 
 - klass: 'java/nio/DirectByteBuffer'
R14=0x00000000000003f1 is an unknown value
R15=0x000000001369b800 is a thread


Stack: [0x000000001a600000,0x000000001a700000],  sp=0x000000001a6fef40,  free space=1019k
Native frames: (J=compiled Java code, j=interpreted, Vv=VM code, C=native code)
J  com.googlecode.javacv.cpp.opencv_core$IplImage.flipCopyWithGamma(Ljava/nio/ByteBuffer;ILjava/nio/ByteBuffer;IZDZI)V


---------------  P R O C E S S  ---------------

Java Threads: ( => current thread )
  0x0000000021647000 JavaThread "ICEpdf-pagePainter" daemon [_thread_blocked, id=8104, stack(0x00000000259d0000,0x0000000025ad0000)]
  0x0000000021653000 JavaThread "ICEpdf-pageInitializer" daemon [_thread_blocked, id=6400, stack(0x00000000257a0000,0x00000000258a0000)]
  0x0000000021645800 JavaThread "DestroyJavaVM" [_thread_blocked, id=3080, stack(0x0000000002260000,0x0000000002360000)]
  0x0000000013698800 JavaThread "D3D Screen Updater" daemon [_thread_blocked, id=8432, stack(0x00000000235c0000,0x00000000236c0000)]
  0x000000001369c800 JavaThread "TimerQueue" daemon [_thread_blocked, id=5160, stack(0x0000000020b40000,0x0000000020c40000)]
  0x000000001369e000 JavaThread "threadDisplayDensity" daemon [_thread_blocked, id=4516, stack(0x000000001cee0000,0x000000001cfe0000)]
  0x000000001369f800 JavaThread "AWT-EventQueue-0" [_thread_in_native, id=8920, stack(0x000000001cde0000,0x000000001cee0000)]
  0x000000001369d000 JavaThread "threadDisplay" daemon [_thread_blocked, id=5804, stack(0x000000001cce0000,0x000000001cde0000)]
  0x000000001369a000 JavaThread "AWT-Shutdown" [_thread_blocked, id=7112, stack(0x000000001a700000,0x000000001a800000)]
=>0x000000001369b800 JavaThread "threadDisplayCamera" daemon [_thread_in_Java, id=1592, stack(0x000000001a600000,0x000000001a700000)]
  0x000000001369a800 JavaThread "AWT-Windows" daemon [_thread_in_native, id=8924, stack(0x0000000013f80000,0x0000000014080000)]
  0x000000001369e800 JavaThread "Java2D Disposer" daemon [_thread_blocked, id=8280, stack(0x0000000013d80000,0x0000000013e80000)]
  0x0000000010f8a000 JavaThread "Service Thread" daemon [_thread_blocked, id=8444, stack(0x0000000013380000,0x0000000013480000)]
  0x0000000010f84800 JavaThread "C2 CompilerThread1" daemon [_thread_blocked, id=6848, stack(0x0000000013280000,0x0000000013380000)]
  0x0000000010f79000 JavaThread "C2 CompilerThread0" daemon [_thread_blocked, id=5752, stack(0x0000000013180000,0x0000000013280000)]
  0x0000000010f78800 JavaThread "Attach Listener" daemon [_thread_blocked, id=7736, stack(0x0000000013080000,0x0000000013180000)]
  0x0000000010f6b800 JavaThread "Signal Dispatcher" daemon [_thread_blocked, id=1436, stack(0x0000000012f80000,0x0000000013080000)]
  0x0000000010f0f800 JavaThread "Finalizer" daemon [_thread_blocked, id=8908, stack(0x0000000012e80000,0x0000000012f80000)]
  0x0000000010f08000 JavaThread "Reference Handler" daemon [_thread_blocked, id=3992, stack(0x0000000012d80000,0x0000000012e80000)]

Other Threads:
  0x0000000010f03000 VMThread [stack: 0x0000000012c80000,0x0000000012d80000] [id=5052]
  0x0000000010fa9000 WatcherThread [stack: 0x0000000013480000,0x0000000013580000] [id=4696]

VM state:not at safepoint (normal execution)

VM Mutex/Monitor currently owned by a thread: None

Heap
 PSYoungGen      total 1314688K, used 836846K [0x00000007aacb0000, 0x00000007ffe10000, 0x0000000800000000)
  eden space 1233344K, 65% used [0x00000007aacb0000,0x00000007dc51f698,0x00000007f6120000)
  from space 81344K, 31% used [0x00000007f6120000,0x00000007f79ec350,0x00000007fb090000)
  to   space 78848K, 0% used [0x00000007fb110000,0x00000007fb110000,0x00000007ffe10000)
 ParOldGen       total 233536K, used 146244K [0x0000000700600000, 0x000000070ea10000, 0x00000007aacb0000)
  object space 233536K, 62% used [0x0000000700600000,0x00000007094d1308,0x000000070ea10000)
 PSPermGen       total 39360K, used 18072K [0x00000006fb400000, 0x00000006fda70000, 0x0000000700600000)
  object space 39360K, 45% used [0x00000006fb400000,0x00000006fc5a6218,0x00000006fda70000)

Card table byte_map: [0x0000000005520000,0x0000000005d50000] byte_map_base: 0x0000000001d46000

Polling page: 0x0000000002080000

Code Cache  [0x0000000002460000, 0x00000000026d0000, 0x0000000005460000)
 total_blobs=926 nmethods=336 adapters=541 free_code_cache=47725Kb largest_free_block=48837504

Compilation events (10 events):
Event: 25.607 Thread 0x0000000010f84800  339             java.lang.Integer::equals (29 bytes)
Event: 25.608 Thread 0x0000000010f84800 nmethod 339 0x0000000002550c90 code [0x0000000002550dc0, 0x0000000002550e58]
Event: 25.757 Thread 0x0000000010f79000  340             java.awt.geom.Rectangle2D$Float::<init> (14 bytes)
Event: 25.758 Thread 0x0000000010f79000 nmethod 340 0x0000000002559fd0 code [0x000000000255a100, 0x000000000255a178]
Event: 25.940 Thread 0x0000000010f84800  341   !         sun.java2d.SunGraphics2D::validateCompClip (224 bytes)
Event: 25.942 Thread 0x0000000010f84800 nmethod 341 0x0000000002559b10 code [0x0000000002559c60, 0x0000000002559e58]
Event: 25.958 Thread 0x0000000010f79000  342   !         java.awt.color.ColorSpace::getInstance (305 bytes)
Event: 25.966 Thread 0x0000000010f79000 nmethod 342 0x00000000025cb210 code [0x00000000025cb480, 0x00000000025cc750]
Event: 26.081 Thread 0x0000000010f84800  343             sun.awt.AWTAutoShutdown::getInstance (4 bytes)
Event: 26.081 Thread 0x0000000010f84800 nmethod 343 0x0000000002559910 code [0x0000000002559a40, 0x0000000002559a98]

GC Heap History (10 events):
Event: 17.416 GC heap before
{Heap before GC invocations=16 (full 2):
 PSYoungGen      total 885760K, used 870688K [0x00000007aacb0000, 0x00000007f5cb0000, 0x0000000800000000)
  eden space 816448K, 100% used [0x00000007aacb0000,0x00000007dca00000,0x00000007dca00000)
  from space 69312K, 78% used [0x00000007dca00000,0x00000007dfef8140,0x00000007e0db0000)
  to   space 73920K, 0% used [0x00000007f1480000,0x00000007f1480000,0x00000007f5cb0000)
 ParOldGen       total 193088K, used 149511K [0x0000000700600000, 0x000000070c290000, 0x00000007aacb0000)
  object space 193088K, 77% used [0x0000000700600000,0x0000000709801e60,0x000000070c290000)
 PSPermGen       total 40512K, used 18031K [0x00000006fb400000, 0x00000006fdb90000, 0x0000000700600000)
  object space 40512K, 44% used [0x00000006fb400000,0x00000006fc59bc60,0x00000006fdb90000)
Event: 17.421 GC heap after
Heap after GC invocations=16 (full 2):
 PSYoungGen      total 1105600K, used 16971K [0x00000007aacb0000, 0x00000007f4380000, 0x0000000800000000)
  eden space 1057472K, 0% used [0x00000007aacb0000,0x00000007aacb0000,0x00000007eb560000)
  from space 48128K, 35% used [0x00000007f1480000,0x00000007f2512ce0,0x00000007f4380000)
  to   space 72768K, 0% used [0x00000007eb560000,0x00000007eb560000,0x00000007efc70000)
 ParOldGen       total 193088K, used 149551K [0x0000000700600000, 0x000000070c290000, 0x00000007aacb0000)
  object space 193088K, 77% used [0x0000000700600000,0x000000070980be60,0x000000070c290000)
 PSPermGen       total 40512K, used 18031K [0x00000006fb400000, 0x00000006fdb90000, 0x0000000700600000)
  object space 40512K, 44% used [0x00000006fb400000,0x00000006fc59bc60,0x00000006fdb90000)
}
Event: 19.440 GC heap before
{Heap before GC invocations=17 (full 2):
 PSYoungGen      total 1105600K, used 1074136K [0x00000007aacb0000, 0x00000007f4380000, 0x0000000800000000)
  eden space 1057472K, 99% used [0x00000007aacb0000,0x00000007eb513548,0x00000007eb560000)
  from space 48128K, 35% used [0x00000007f1480000,0x00000007f2512ce0,0x00000007f4380000)
  to   space 72768K, 0% used [0x00000007eb560000,0x00000007eb560000,0x00000007efc70000)
 ParOldGen       total 193088K, used 151576K [0x0000000700600000, 0x000000070c290000, 0x00000007aacb0000)
  object space 193088K, 78% used [0x0000000700600000,0x0000000709a06270,0x000000070c290000)
 PSPermGen       total 40512K, used 18038K [0x00000006fb400000, 0x00000006fdb90000, 0x0000000700600000)
  object space 40512K, 44% used [0x00000006fb400000,0x00000006fc59d830,0x00000006fdb90000)
Event: 19.455 GC heap after
Heap after GC invocations=17 (full 2):
 PSYoungGen      total 1130240K, used 58032K [0x00000007aacb0000, 0x0000000800000000, 0x0000000800000000)
  eden space 1057472K, 0% used [0x00000007aacb0000,0x00000007aacb0000,0x00000007eb560000)
  from space 72768K, 79% used [0x00000007eb560000,0x00000007eee0c2f0,0x00000007efc70000)
  to   space 78336K, 0% used [0x00000007fb380000,0x00000007fb380000,0x0000000800000000)
 ParOldGen       total 193088K, used 151600K [0x0000000700600000, 0x000000070c290000, 0x00000007aacb0000)
  object space 193088K, 78% used [0x0000000700600000,0x0000000709a0c270,0x000000070c290000)
 PSPermGen       total 40512K, used 18038K [0x00000006fb400000, 0x00000006fdb90000, 0x0000000700600000)
  object space 40512K, 44% used [0x00000006fb400000,0x00000006fc59d830,0x00000006fdb90000)
}
Event: 21.512 GC heap before
{Heap before GC invocations=18 (full 3):
 PSYoungGen      total 1130240K, used 1115504K [0x00000007aacb0000, 0x0000000800000000, 0x0000000800000000)
  eden space 1057472K, 100% used [0x00000007aacb0000,0x00000007eb560000,0x00000007eb560000)
  from space 72768K, 79% used [0x00000007eb560000,0x00000007eee0c2f0,0x00000007efc70000)
  to   space 78336K, 0% used [0x00000007fb380000,0x00000007fb380000,0x0000000800000000)
 ParOldGen       total 210816K, used 209664K [0x0000000700600000, 0x000000070d3e0000, 0x00000007aacb0000)
  object space 210816K, 99% used [0x0000000700600000,0x000000070d2c0380,0x000000070d3e0000)
 PSPermGen       total 40512K, used 18053K [0x00000006fb400000, 0x00000006fdb90000, 0x0000000700600000)
  object space 40512K, 44% used [0x00000006fb400000,0x00000006fc5a1480,0x00000006fdb90000)
Event: 21.561 GC heap after
Heap after GC invocations=18 (full 3):
 PSYoungGen      total 1130240K, used 0K [0x00000007aacb0000, 0x0000000800000000, 0x0000000800000000)
  eden space 1057472K, 0% used [0x00000007aacb0000,0x00000007aacb0000,0x00000007eb560000)
  from space 72768K, 0% used [0x00000007eb560000,0x00000007eb560000,0x00000007efc70000)
  to   space 78336K, 0% used [0x00000007fb380000,0x00000007fb380000,0x0000000800000000)
 ParOldGen       total 233536K, used 49809K [0x0000000700600000, 0x000000070ea10000, 0x00000007aacb0000)
  object space 233536K, 21% used [0x0000000700600000,0x00000007036a4758,0x000000070ea10000)
 PSPermGen       total 39360K, used 18053K [0x00000006fb400000, 0x00000006fda70000, 0x0000000700600000)
  object space 39360K, 45% used [0x00000006fb400000,0x00000006fc5a1440,0x00000006fda70000)
}
Event: 23.507 GC heap before
{Heap before GC invocations=19 (full 3):
 PSYoungGen      total 1130240K, used 1055719K [0x00000007aacb0000, 0x0000000800000000, 0x0000000800000000)
  eden space 1057472K, 99% used [0x00000007aacb0000,0x00000007eb3a9cb0,0x00000007eb560000)
  from space 72768K, 0% used [0x00000007eb560000,0x00000007eb560000,0x00000007efc70000)
  to   space 78336K, 0% used [0x00000007fb380000,0x00000007fb380000,0x0000000800000000)
 ParOldGen       total 233536K, used 53227K [0x0000000700600000, 0x000000070ea10000, 0x00000007aacb0000)
  object space 233536K, 22% used [0x0000000700600000,0x00000007039fac28,0x000000070ea10000)
 PSPermGen       total 39360K, used 18057K [0x00000006fb400000, 0x00000006fda70000, 0x0000000700600000)
  object space 39360K, 45% used [0x00000006fb400000,0x00000006fc5a2788,0x00000006fda70000)
Event: 23.523 GC heap after
Heap after GC invocations=19 (full 3):
 PSYoungGen      total 1311680K, used 54781K [0x00000007aacb0000, 0x0000000800000000, 0x0000000800000000)
  eden space 1233344K, 0% used [0x00000007aacb0000,0x00000007aacb0000,0x00000007f6120000)
  from space 78336K, 69% used [0x00000007fb380000,0x00000007fe8ff620,0x0000000800000000)
  to   space 81344K, 0% used [0x00000007f6120000,0x00000007f6120000,0x00000007fb090000)
 ParOldGen       total 233536K, used 53227K [0x0000000700600000, 0x000000070ea10000, 0x00000007aacb0000)
  object space 233536K, 22% used [0x0000000700600000,0x00000007039fac28,0x000000070ea10000)
 PSPermGen       total 39360K, used 18057K [0x00000006fb400000, 0x00000006fda70000, 0x0000000700600000)
  object space 39360K, 45% used [0x00000006fb400000,0x00000006fc5a2788,0x00000006fda70000)
}
Event: 26.040 GC heap before
{Heap before GC invocations=20 (full 3):
 PSYoungGen      total 1311680K, used 1288125K [0x00000007aacb0000, 0x0000000800000000, 0x0000000800000000)
  eden space 1233344K, 100% used [0x00000007aacb0000,0x00000007f6120000,0x00000007f6120000)
  from space 78336K, 69% used [0x00000007fb380000,0x00000007fe8ff620,0x0000000800000000)
  to   space 81344K, 0% used [0x00000007f6120000,0x00000007f6120000,0x00000007fb090000)
 ParOldGen       total 233536K, used 146196K [0x0000000700600000, 0x000000070ea10000, 0x00000007aacb0000)
  object space 233536K, 62% used [0x0000000700600000,0x00000007094c5308,0x000000070ea10000)
 PSPermGen       total 39360K, used 18061K [0x00000006fb400000, 0x00000006fda70000, 0x0000000700600000)
  object space 39360K, 45% used [0x00000006fb400000,0x00000006fc5a37e0,0x00000006fda70000)
Event: 26.049 GC heap after
Heap after GC invocations=20 (full 3):
 PSYoungGen      total 1314688K, used 25392K [0x00000007aacb0000, 0x00000007ffe10000, 0x0000000800000000)
  eden space 1233344K, 0% used [0x00000007aacb0000,0x00000007aacb0000,0x00000007f6120000)
  from space 81344K, 31% used [0x00000007f6120000,0x00000007f79ec350,0x00000007fb090000)
  to   space 78848K, 0% used [0x00000007fb110000,0x00000007fb110000,0x00000007ffe10000)
 ParOldGen       total 233536K, used 146244K [0x0000000700600000, 0x000000070ea10000, 0x00000007aacb0000)
  object space 233536K, 62% used [0x0000000700600000,0x00000007094d1308,0x000000070ea10000)
 PSPermGen       total 39360K, used 18061K [0x00000006fb400000, 0x00000006fda70000, 0x0000000700600000)
  object space 39360K, 45% used [0x00000006fb400000,0x00000006fc5a37e0,0x00000006fda70000)
}

Deoptimization events (10 events):
Event: 3.915 Thread 0x0000000021653000 Uncommon trap -83 fr.pc 0x000000000256fa88
Event: 3.943 Thread 0x0000000021653000 Uncommon trap -83 fr.pc 0x0000000002545bd8
Event: 4.140 Thread 0x0000000021647000 Uncommon trap -83 fr.pc 0x000000000258db7c
Event: 8.468 Thread 0x000000001369f800 Uncommon trap -122 fr.pc 0x00000000025bffc8
Event: 8.469 Thread 0x000000001369f800 Uncommon trap -34 fr.pc 0x00000000025bb760
Event: 8.469 Thread 0x000000001369f800 Uncommon trap -34 fr.pc 0x00000000025bb760
Event: 8.469 Thread 0x000000001369f800 Uncommon trap -34 fr.pc 0x00000000025bb760
Event: 8.469 Thread 0x000000001369f800 Uncommon trap -34 fr.pc 0x00000000025bb760
Event: 18.918 Thread 0x000000001369b800 Uncommon trap -12 fr.pc 0x00000000025c6bb8
Event: 22.442 Thread 0x000000001369f800 Uncommon trap -12 fr.pc 0x000000000258e02c

Internal exceptions (10 events):
Event: 3.992 Thread 0x0000000021653000 Threw 0x00000007ab793d08 at C:\jdk7u1_64p\jdk7u7\hotspot\src\share\vm\prims\jvm.cpp:1166
Event: 3.992 Thread 0x0000000021653000 Threw 0x00000007ab796ad8 at C:\jdk7u1_64p\jdk7u7\hotspot\src\share\vm\prims\jvm.cpp:1166
Event: 4.115 Thread 0x0000000021647000 Threw 0x00000007abcf0928 at C:\jdk7u1_64p\jdk7u7\hotspot\src\share\vm\prims\jvm.cpp:1166
Event: 4.119 Thread 0x0000000021647000 Threw 0x00000007abd011b8 at C:\jdk7u1_64p\jdk7u7\hotspot\src\share\vm\prims\jvm.cpp:1166
Event: 4.322 Thread 0x0000000021647000 Threw 0x00000007ac670050 at C:\jdk7u1_64p\jdk7u7\hotspot\src\share\vm\prims\jvm.cpp:1166
Event: 8.446 Thread 0x000000001369f800 Threw 0x00000007b0cb6d40 at C:\jdk7u1_64p\jdk7u7\hotspot\src\share\vm\prims\jvm.cpp:1166
Event: 8.447 Thread 0x000000001369f800 Threw 0x00000007b0cbc310 at C:\jdk7u1_64p\jdk7u7\hotspot\src\share\vm\prims\jvm.cpp:1166
Event: 8.468 Thread 0x000000001369f800 Threw 0x00000007b0cc9b98 at C:\jdk7u1_64p\jdk7u7\hotspot\src\share\vm\prims\jvm.cpp:1166
Event: 18.918 Thread 0x000000001369b800 Implicit null exception at 0x00000000025c68b8 to 0x00000000025c6bac
Event: 22.442 Thread 0x000000001369f800 Implicit null exception at 0x000000000258de00 to 0x000000000258e021

Events (10 events):
Event: 26.029 Executing VM operation: ParallelGCFailedAllocation
Event: 26.029 Executing VM operation: ParallelGCFailedAllocation done
Event: 26.040 Executing VM operation: ParallelGCSystemGC
Event: 26.049 Executing VM operation: ParallelGCSystemGC done
Event: 27.008 loading class 0x0000000014a8c210
Event: 27.009 loading class 0x0000000014a8c210 done
Event: 27.009 loading class 0x000000001449a860
Event: 27.009 loading class 0x0000000014ae7260
Event: 27.009 loading class 0x0000000014ae7260 done
Event: 27.009 loading class 0x000000001449a860 done


Dynamic libraries:
0x000007f7f0ad0000 - 0x000007f7f0b04000 	F:\Program Files\Java\Jre7\bin\javaw.exe
0x000007f95e1d0000 - 0x000007f95e38e000 	C:\WINDOWS\SYSTEM32\ntdll.dll
0x000007f95d7e0000 - 0x000007f95d916000 	C:\WINDOWS\system32\KERNEL32.DLL
0x000007f95b470000 - 0x000007f95b563000 	C:\WINDOWS\system32\KERNELBASE.dll
0x000007f95ca50000 - 0x000007f95cb2e000 	C:\WINDOWS\system32\ADVAPI32.dll
0x000007f95ce50000 - 0x000007f95cf9c000 	C:\WINDOWS\system32\USER32.dll
0x000007f958910000 - 0x000007f958b79000 	C:\WINDOWS\WinSxS\amd64_microsoft.windows.common-controls_6595b64144ccf1df_6.0.9200.16384_none_418c2a697189c07f\COMCTL32.dll
0x000007f95d590000 - 0x000007f95d635000 	C:\WINDOWS\system32\msvcrt.dll
0x000007f95db40000 - 0x000007f95db88000 	C:\WINDOWS\SYSTEM32\sechost.dll
0x000007f95d6a0000 - 0x000007f95d7e0000 	C:\WINDOWS\system32\RPCRT4.dll
0x000007f95b620000 - 0x000007f95b760000 	C:\WINDOWS\system32\GDI32.dll
0x000007f95dcd0000 - 0x000007f95dd09000 	C:\WINDOWS\system32\IMM32.DLL
0x000007f95cd30000 - 0x000007f95ce45000 	C:\WINDOWS\system32\MSCTF.dll
0x000007f95b0c0000 - 0x000007f95b0c8000 	C:\PROGRA~2\NVIDIA~1\3DVISI~1\NVSTIN~1.DLL
0x000007f95d990000 - 0x000007f95d997000 	C:\WINDOWS\system32\PSAPI.DLL
0x000000006f560000 - 0x000000006f603000 	C:\WINDOWS\WinSxS\amd64_microsoft.vc90.crt_1fc8b3b9a1e18e3b_9.0.30729.6871_none_08e717a5a83adddf\MSVCR90.dll
0x000000006db00000 - 0x000000006dbd1000 	F:\Program Files\Java\Jre7\bin\msvcr100.dll
0x000000006d3e0000 - 0x000000006daff000 	F:\Program Files\Java\Jre7\bin\server\jvm.dll
0x000007f953860000 - 0x000007f953869000 	C:\WINDOWS\SYSTEM32\WSOCK32.dll
0x000007f958800000 - 0x000007f958820000 	C:\WINDOWS\SYSTEM32\WINMM.dll
0x000007f95d920000 - 0x000007f95d978000 	C:\WINDOWS\system32\WS2_32.dll
0x000007f958100000 - 0x000007f958132000 	C:\WINDOWS\SYSTEM32\WINMMBASE.dll
0x000007f95dd10000 - 0x000007f95dd19000 	C:\WINDOWS\system32\NSI.dll
0x000000006d3d0000 - 0x000000006d3df000 	F:\Program Files\Java\Jre7\bin\verify.dll
0x000000006d3a0000 - 0x000000006d3c8000 	F:\Program Files\Java\Jre7\bin\java.dll
0x000000006d380000 - 0x000000006d395000 	F:\Program Files\Java\Jre7\bin\zip.dll
0x000000006c460000 - 0x000000006c5f3000 	F:\Program Files\Java\Jre7\bin\awt.dll
0x000007f95db90000 - 0x000007f95dc53000 	C:\WINDOWS\system32\OLEAUT32.dll
0x000007f95d3e0000 - 0x000007f95d590000 	C:\WINDOWS\system32\combase.dll
0x000007f955390000 - 0x000007f95542f000 	C:\WINDOWS\system32\apphelp.dll
0x000007f959ec0000 - 0x000007f959fa3000 	C:\WINDOWS\system32\uxtheme.dll
0x000007f9552f0000 - 0x000007f955385000 	C:\Program Files\Common Files\microsoft shared\ink\tiptsf.dll
0x000007f959650000 - 0x000007f959671000 	C:\WINDOWS\SYSTEM32\dwmapi.dll
0x000007f95cfa0000 - 0x000007f95d11e000 	C:\WINDOWS\system32\ole32.dll
0x000007f95af30000 - 0x000007f95af3a000 	C:\WINDOWS\SYSTEM32\CRYPTBASE.dll
0x000007f95aeb0000 - 0x000007f95af0c000 	C:\WINDOWS\SYSTEM32\bcryptPrimitives.dll
0x000007f95b760000 - 0x000007f95ca48000 	C:\WINDOWS\system32\SHELL32.dll
0x000007f95dc80000 - 0x000007f95dcd0000 	C:\WINDOWS\system32\SHLWAPI.dll
0x000007f95a290000 - 0x000007f95a326000 	C:\WINDOWS\SYSTEM32\shcore.dll
0x000000006e430000 - 0x000000006e4c8000 	C:\Windows\System32\msvcp100.dll
0x000007f946190000 - 0x000007f9463e8000 	C:\opencv\build\x64\vc10\bin\opencv_core243.dll
0x000007f954c40000 - 0x000007f954cd5000 	C:\Users\Jonas\AppData\Local\Temp\javacpp320845053728660\jniopencv_core.dll
0x000007f945ee0000 - 0x000007f946185000 	C:\opencv\build\x64\vc10\bin\opencv_imgproc243.dll
0x000007f954bf0000 - 0x000007f954c38000 	C:\Users\Jonas\AppData\Local\Temp\javacpp320845053728660\jniopencv_imgproc.dll
0x0000000066840000 - 0x00000000675ca000 	C:\opencv\build\x64\vc10\bin\opencv_ffmpeg243_64.dll
0x000007f9422f0000 - 0x000007f94253b000 	C:\opencv\build\x64\vc10\bin\opencv_highgui243.dll
0x000007f954af0000 - 0x000007f954b10000 	C:\WINDOWS\SYSTEM32\AVIFIL32.dll
0x000007f9547b0000 - 0x000007f9547d9000 	C:\WINDOWS\SYSTEM32\MSVFW32.dll
0x000007f954b70000 - 0x000007f954b87000 	C:\WINDOWS\SYSTEM32\AVICAP32.dll
0x000007f948660000 - 0x000007f948679000 	C:\WINDOWS\SYSTEM32\MSACM32.dll
0x000007f959620000 - 0x000007f959629000 	C:\WINDOWS\SYSTEM32\VERSION.dll
0x000007f954a20000 - 0x000007f954a33000 	C:\Users\Jonas\AppData\Local\Temp\javacpp320845053728660\jniopencv_highgui.dll
0x000007f95cc90000 - 0x000007f95cd26000 	C:\WINDOWS\SYSTEM32\clbcatq.dll
0x000007f954980000 - 0x000007f954997000 	C:\Windows\System32\devenum.dll
0x000007f95e000000 - 0x000007f95e1d0000 	C:\WINDOWS\system32\setupapi.dll
0x000007f95b390000 - 0x000007f95b3df000 	C:\WINDOWS\system32\CFGMGR32.dll
0x000007f95b440000 - 0x000007f95b462000 	C:\WINDOWS\system32\DEVOBJ.dll
0x000007f954440000 - 0x000007f95446e000 	C:\WINDOWS\SYSTEM32\ntmarta.dll
0x000007f95b3e0000 - 0x000007f95b435000 	C:\WINDOWS\system32\WINTRUST.dll
0x000007f95b1b0000 - 0x000007f95b387000 	C:\WINDOWS\system32\CRYPT32.dll
0x000007f95b190000 - 0x000007f95b1a6000 	C:\WINDOWS\system32\MSASN1.dll
0x000007f955430000 - 0x000007f95543d000 	C:\WINDOWS\SYSTEM32\msdmo.dll
0x000007f952370000 - 0x000007f95239f000 	C:\Windows\System32\qcap.dll
0x000007f944d50000 - 0x000007f944f08000 	C:\Windows\System32\quartz.dll
0x000007f94ab50000 - 0x000007f94ab8f000 	C:\Windows\System32\ksproxy.ax
0x000007f955b30000 - 0x000007f955b37000 	C:\Windows\System32\ksuser.dll
0x000007f94a240000 - 0x000007f94a440000 	C:\Windows\System32\d3d9.dll
0x000007f954a10000 - 0x000007f954a1c000 	C:\Windows\System32\vidcap.ax
0x000007f952150000 - 0x000007f952174000 	C:\Windows\System32\kswdmcap.ax
0x000007f943c10000 - 0x000007f943d64000 	C:\Windows\System32\MFC42.dll
0x000007f945700000 - 0x000007f9457be000 	C:\Windows\System32\ODBC32.dll
0x000007f945820000 - 0x000007f9458b5000 	C:\Windows\System32\qedit.dll
0x000007f95df50000 - 0x000007f95dff1000 	C:\WINDOWS\system32\COMDLG32.dll
0x000007f95d9a0000 - 0x000007f95db40000 	C:\WINDOWS\WinSxS\amd64_microsoft.windows.gdiplus_6595b64144ccf1df_1.1.9200.16384_none_72771d4ecc1c3a4d\gdiplus.dll
0x000007f942540000 - 0x000007f94262a000 	C:\WINDOWS\SYSTEM32\DDRAW.dll
0x000007f957440000 - 0x000007f957448000 	C:\WINDOWS\SYSTEM32\DCIMAN32.dll
0x000000006c420000 - 0x000000006c454000 	F:\Program Files\Java\Jre7\bin\fontmanager.dll
0x000007f93d8c0000 - 0x000007f93ea40000 	C:\WINDOWS\SYSTEM32\nvd3dumx.dll
0x000007f95afb0000 - 0x000007f95aff3000 	C:\WINDOWS\SYSTEM32\powrprof.dll
0x0000000180000000 - 0x0000000180116000 	C:\Program Files (x86)\NVIDIA Corporation\3D Vision\nvSCPAPI64.dll
0x000007f958830000 - 0x000007f9588a4000 	C:\WINDOWS\SYSTEM32\dxgi.dll
0x000007f957c90000 - 0x000007f957f52000 	C:\WINDOWS\SYSTEM32\nvapi64.dll
0x000007f958140000 - 0x000007f95815f000 	C:\WINDOWS\SYSTEM32\DXGIDebug.dll
0x000000006d360000 - 0x000000006d379000 	F:\Program Files\Java\Jre7\bin\net.dll
0x000007f95a920000 - 0x000007f95a97c000 	C:\WINDOWS\system32\mswsock.dll
0x000000006d340000 - 0x000000006d351000 	F:\Program Files\Java\Jre7\bin\nio.dll
0x000000006c3d0000 - 0x000000006c411000 	F:\Program Files\Java\Jre7\bin\t2k.dll
0x000007f958d90000 - 0x000007f958f1a000 	C:\WINDOWS\SYSTEM32\WindowsCodecs.dll
0x000007f95b0e0000 - 0x000007f95b0f5000 	C:\WINDOWS\SYSTEM32\profapi.dll
0x000007f957fd0000 - 0x000007f958039000 	C:\WINDOWS\SYSTEM32\oleacc.dll
0x000000006c3a0000 - 0x000000006c3ca000 	F:\Program Files\Java\Jre7\bin\dcpr.dll

VM Arguments:
jvm_args: -Dfile.encoding=Cp1252 
java_command: emcscanner.kth.se.Program
Launcher Type: SUN_STANDARD

Environment Variables:
PATH=C:\Program Files (x86)\NVIDIA Corporation\PhysX\Common;C:\WINDOWS\system32;C:\WINDOWS;C:\WINDOWS\System32\Wbem;C:\WINDOWS\System32\WindowsPowerShell\v1.0\;C:\Program Files (x86)\Microsoft SQL Server\90\Tools\binn\;C:\Program Files (x86)\Autodesk\Backburner\;F:\Program Files\MATLAB\R2012a\runtime\win64;F:\Program Files\MATLAB\R2012a\bin;PROGRAMFILES\Internet Explorer;C:\Program Files\Perforce;F:\Program Files\Perforce;C:\Program Files\Microsoft\Web Platform Installer\;C:\Program Files (x86)\Microsoft ASP.NET\ASP.NET Web Pages\v1.0\;C:\Program Files (x86)\Windows Kits\8.0\Windows Performance Toolkit\;C:\Program Files\Microsoft SQL Server\110\Tools\Binn\;F:\Program Files\Perforce\Server
USERNAME=Jonas
OS=Windows_NT
PROCESSOR_IDENTIFIER=Intel64 Family 6 Model 42 Stepping 7, GenuineIntel



---------------  S Y S T E M  ---------------

OS: Windows 8 , 64 bit Build 9200 

CPU:total 8 (4 cores per cpu, 2 threads per core) family 6 model 42 stepping 7, cmov, cx8, fxsr, mmx, sse, sse2, sse3, ssse3, sse4.1, sse4.2, popcnt, avx, ht, tsc, tscinvbit

Memory: 4k page, physical 16751668k(10155044k free), swap 33528884k(21586556k free)

vm_info: Java HotSpot(TM) 64-Bit Server VM (23.3-b01) for windows-amd64 JRE (1.7.0_07-b11), built on Sep  7 2012 01:19:25 by "java_re" with unknown MS VC++:1600

time: Fri Feb 01 17:03:21 2013
elapsed time: 27 seconds

