#
# A fatal error has been detected by the Java Runtime Environment:
#
#  EXCEPTION_ACCESS_VIOLATION (0xc0000005) at pc=0x000000000300627c, pid=8816, tid=3712
#
# JRE version: 7.0_07-b11
# Java VM: Java HotSpot(TM) 64-Bit Server VM (23.3-b01 mixed mode windows-amd64 compressed oops)
# Problematic frame:
# J  com.googlecode.javacv.cpp.opencv_core$IplImage.flipCopyWithGamma(Ljava/nio/ByteBuffer;ILjava/nio/ByteBuffer;IZDZI)V
#
# Failed to write core dump. Minidumps are not enabled by default on client versions of Windows
#
# If you would like to submit a bug report, please visit:
#   http://bugreport.sun.com/bugreport/crash.jsp
#

---------------  T H R E A D  ---------------

Current thread (0x00000000140d7800):  JavaThread "threadDisplay" daemon [_thread_in_Java, id=3712, stack(0x000000001b030000,0x000000001b130000)]

siginfo: ExceptionCode=0xc0000005, reading address 0x000000001aad5000

Registers:
RAX=0x00000007bc9aeec8, RBX=0x00000007b63b5fc8, RCX=0x0000000000099fb0, RDX=0x0000000000099fb0
RSP=0x000000001b12ef30, RBP=0x00000007b63b5f88, RSI=0x0000000000099faf, RDI=0x00000000005eec00
R8 =0x00000000f7935dd9, R9 =0x00000000005eec00, R10=0x0000000000099fb0, R11=0x000000001aa3b050
R12=0x0000000000000000, R13=0x000000000000167f, R14=0x0000000000000b2f, R15=0x00000000140d7800
RIP=0x000000000300627c, EFLAGS=0x0000000000010283

Top of Stack: (sp=0x000000001b12ef30)
0x000000001b12ef30:   000000001b12ef78 00000006fb559128
0x000000001b12ef40:   0000000000000000 00000006fb556ea0
0x000000001b12ef50:   3ff0000000001680 00000007b63b5fc8
0x000000001b12ef60:   3ff0000000000000 df6ab9ce00099480
0x000000001b12ef70:   df6c65d400000000 00000000ffffffff
0x000000001b12ef80:   0000168000099480 0000168000001680
0x000000001b12ef90:   0000000000000000 00000007b63b5ff8
0x000000001b12efa0:   00000007b63b5f88 0000000002ea61f8
0x000000001b12efb0:   00000000005eec00 00000007b63b5f88
0x000000001b12efc0:   00000007bc9aeec8 00000007b63b5fc8
0x000000001b12efd0:   00000007b63b5fc8 000000001b12efd8
0x000000001b12efe0:   000000001b12f098 0000000002ea61f8
0x000000001b12eff0:   0000000000000000 00000006fc410718
0x000000001b12f000:   00000006fb5556b8 0000000002ea61f8
0x000000001b12f010:   0000000000000000 0000000000000000
0x000000001b12f020:   3ff0000000000000 0000000000000000 

Instructions: (pc=0x000000000300627c)
0x000000000300625c:   00 44 8b 55 18 4c 63 c6 42 88 4c 00 10 45 3b d1
0x000000000300626c:   0f 8d 38 01 00 00 8b 7b 1c 44 8b 43 2c 49 63 ca
0x000000000300627c:   41 0f be 0c 0b 41 ff c2 44 89 55 18 8b 53 18 3b
0x000000000300628c:   d7 0f 8d 67 01 00 00 8b 73 24 03 f2 ff c2 89 53 


Register to memory mapping:

RAX=0x00000007bc9aeec8 is an oop
[B 
 - klass: {type array byte}
 - length: 6220800
RBX=0x00000007b63b5fc8 is an oop
java.nio.HeapByteBuffer 
 - klass: 'java/nio/HeapByteBuffer'
RCX=0x0000000000099fb0 is an unknown value
RDX=0x0000000000099fb0 is an unknown value
RSP=0x000000001b12ef30 is pointing into the stack for thread: 0x00000000140d7800
RBP=0x00000007b63b5f88 is an oop
java.nio.DirectByteBuffer 
 - klass: 'java/nio/DirectByteBuffer'
RSI=0x0000000000099faf is an unknown value
RDI=0x00000000005eec00 is an unknown value
R8 =0x00000000f7935dd9 is an unknown value
R9 =0x00000000005eec00 is an unknown value
R10=0x0000000000099fb0 is an unknown value
R11=0x000000001aa3b050 is an unknown value
R12=0x0000000000000000 is an unknown value
R13=0x000000000000167f is an unknown value
R14=0x0000000000000b2f is an unknown value
R15=0x00000000140d7800 is a thread


Stack: [0x000000001b030000,0x000000001b130000],  sp=0x000000001b12ef30,  free space=1019k
Native frames: (J=compiled Java code, j=interpreted, Vv=VM code, C=native code)
J  com.googlecode.javacv.cpp.opencv_core$IplImage.flipCopyWithGamma(Ljava/nio/ByteBuffer;ILjava/nio/ByteBuffer;IZDZI)V


---------------  P R O C E S S  ---------------

Java Threads: ( => current thread )
  0x0000000022335800 JavaThread "ICEpdf-pagePainter" daemon [_thread_blocked, id=8844, stack(0x0000000026610000,0x0000000026710000)]
  0x0000000022338800 JavaThread "ICEpdf-pageInitializer" daemon [_thread_blocked, id=8044, stack(0x00000000263d0000,0x00000000264d0000)]
  0x0000000022339800 JavaThread "DestroyJavaVM" [_thread_blocked, id=5508, stack(0x0000000002c70000,0x0000000002d70000)]
  0x00000000140dd800 JavaThread "D3D Screen Updater" daemon [_thread_blocked, id=3480, stack(0x00000000250c0000,0x00000000251c0000)]
  0x00000000140dc000 JavaThread "TimerQueue" daemon [_thread_blocked, id=5548, stack(0x0000000021560000,0x0000000021660000)]
  0x00000000140db000 JavaThread "threadDisplayDensity" daemon [_thread_blocked, id=6516, stack(0x000000001d930000,0x000000001da30000)]
  0x00000000140da800 JavaThread "AWT-EventQueue-0" [_thread_in_native, id=7544, stack(0x000000001d830000,0x000000001d930000)]
  0x00000000140d9800 JavaThread "threadDisplay" daemon [_thread_blocked, id=7424, stack(0x000000001d730000,0x000000001d830000)]
  0x00000000140d8000 JavaThread "AWT-Shutdown" [_thread_blocked, id=3408, stack(0x000000001b130000,0x000000001b230000)]
=>0x00000000140d7800 JavaThread "threadDisplay" daemon [_thread_in_Java, id=3712, stack(0x000000001b030000,0x000000001b130000)]
  0x00000000140d6800 JavaThread "AWT-Windows" daemon [_thread_in_native, id=1988, stack(0x00000000149c0000,0x0000000014ac0000)]
  0x00000000140d9000 JavaThread "Java2D Disposer" daemon [_thread_blocked, id=6476, stack(0x00000000147c0000,0x00000000148c0000)]
  0x00000000119ca800 JavaThread "Service Thread" daemon [_thread_blocked, id=7896, stack(0x0000000013dc0000,0x0000000013ec0000)]
  0x00000000119c3800 JavaThread "C2 CompilerThread1" daemon [_thread_blocked, id=8592, stack(0x0000000013cc0000,0x0000000013dc0000)]
  0x00000000119b9000 JavaThread "C2 CompilerThread0" daemon [_thread_blocked, id=8172, stack(0x0000000013bc0000,0x0000000013cc0000)]
  0x00000000119b8800 JavaThread "Attach Listener" daemon [_thread_blocked, id=6680, stack(0x0000000013ac0000,0x0000000013bc0000)]
  0x00000000119ab800 JavaThread "Signal Dispatcher" daemon [_thread_blocked, id=4856, stack(0x00000000139c0000,0x0000000013ac0000)]
  0x000000001194f800 JavaThread "Finalizer" daemon [_thread_blocked, id=4020, stack(0x00000000138c0000,0x00000000139c0000)]
  0x0000000011948000 JavaThread "Reference Handler" daemon [_thread_blocked, id=7828, stack(0x00000000137c0000,0x00000000138c0000)]

Other Threads:
  0x0000000011943000 VMThread [stack: 0x00000000136c0000,0x00000000137c0000] [id=8736]
  0x00000000119e7000 WatcherThread [stack: 0x0000000013ec0000,0x0000000013fc0000] [id=6608]

VM state:not at safepoint (normal execution)

VM Mutex/Monitor currently owned by a thread: None

Heap
 PSYoungGen      total 1226240K, used 318945K [0x00000007aacb0000, 0x0000000800000000, 0x0000000800000000)
  eden space 1163264K, 25% used [0x00000007aacb0000,0x00000007bcf9dad8,0x00000007f1cb0000)
  from space 62976K, 33% used [0x00000007f1cb0000,0x00000007f313aa90,0x00000007f5a30000)
  to   space 61632K, 0% used [0x00000007fc3d0000,0x00000007fc3d0000,0x0000000800000000)
 ParOldGen       total 184448K, used 41421K [0x0000000700600000, 0x000000070ba20000, 0x00000007aacb0000)
  object space 184448K, 22% used [0x0000000700600000,0x0000000702e736a0,0x000000070ba20000)
 PSPermGen       total 40512K, used 18021K [0x00000006fb400000, 0x00000006fdb90000, 0x0000000700600000)
  object space 40512K, 44% used [0x00000006fb400000,0x00000006fc599428,0x00000006fdb90000)

Card table byte_map: [0x0000000005f60000,0x0000000006790000] byte_map_base: 0x0000000002786000

Polling page: 0x0000000002b50000

Code Cache  [0x0000000002ea0000, 0x0000000003110000, 0x0000000005ea0000)
 total_blobs=884 nmethods=294 adapters=541 free_code_cache=47793Kb largest_free_block=48854464

Compilation events (10 events):
Event: 16.306 Thread 0x00000000119b9000 nmethod 296 0x0000000002f9a4d0 code [0x0000000002f9a660, 0x0000000002f9ad78]
Event: 16.306 Thread 0x00000000119b9000  298             sun.awt.image.ByteInterleavedRaster::verify (101 bytes)
Event: 16.308 Thread 0x00000000119b9000 nmethod 298 0x0000000002f60a50 code [0x0000000002f60b80, 0x0000000002f60cd8]
Event: 16.310 Thread 0x00000000119c3800 nmethod 297 0x0000000003004810 code [0x00000000030049a0, 0x0000000003004f28]
Event: 17.739 Thread 0x00000000119b9000  299             java.awt.Color::getRGB (5 bytes)
Event: 17.739 Thread 0x00000000119c3800  300             java.awt.image.Raster::getWidth (5 bytes)
Event: 17.739 Thread 0x00000000119c3800 nmethod 300 0x0000000002ff7050 code [0x0000000002ff7180, 0x0000000002ff71d8]
Event: 17.739 Thread 0x00000000119b9000 nmethod 299 0x0000000002f9a2d0 code [0x0000000002f9a400, 0x0000000002f9a458]
Event: 18.149 Thread 0x00000000119b9000  301             java.awt.AWTEvent::getID (5 bytes)
Event: 18.149 Thread 0x00000000119b9000 nmethod 301 0x0000000002f9a0d0 code [0x0000000002f9a200, 0x0000000002f9a258]

GC Heap History (10 events):
Event: 11.149 GC heap before
{Heap before GC invocations=11 (full 1):
 PSYoungGen      total 882496K, used 877939K [0x00000007aacb0000, 0x00000007e5370000, 0x0000000800000000)
  eden space 825280K, 100% used [0x00000007aacb0000,0x00000007dd2a0000,0x00000007dd2a0000)
  from space 57216K, 92% used [0x00000007e1030000,0x00000007e439ce98,0x00000007e4810000)
  to   space 63040K, 0% used [0x00000007dd2a0000,0x00000007dd2a0000,0x00000007e1030000)
 ParOldGen       total 205760K, used 203218K [0x0000000700600000, 0x000000070cef0000, 0x00000007aacb0000)
  object space 205760K, 98% used [0x0000000700600000,0x000000070cc74b30,0x000000070cef0000)
 PSPermGen       total 21248K, used 17984K [0x00000006fb400000, 0x00000006fc8c0000, 0x0000000700600000)
  object space 21248K, 84% used [0x00000006fb400000,0x00000006fc590050,0x00000006fc8c0000)
Event: 11.213 GC heap after
Heap after GC invocations=11 (full 1):
 PSYoungGen      total 882496K, used 0K [0x00000007aacb0000, 0x00000007e5370000, 0x0000000800000000)
  eden space 825280K, 0% used [0x00000007aacb0000,0x00000007aacb0000,0x00000007dd2a0000)
  from space 57216K, 0% used [0x00000007e1030000,0x00000007e1030000,0x00000007e4810000)
  to   space 63040K, 0% used [0x00000007dd2a0000,0x00000007dd2a0000,0x00000007e1030000)
 ParOldGen       total 155456K, used 42943K [0x0000000700600000, 0x0000000709dd0000, 0x00000007aacb0000)
  object space 155456K, 27% used [0x0000000700600000,0x0000000702fefef8,0x0000000709dd0000)
 PSPermGen       total 36224K, used 17977K [0x00000006fb400000, 0x00000006fd760000, 0x0000000700600000)
  object space 36224K, 49% used [0x00000006fb400000,0x00000006fc58e5d8,0x00000006fd760000)
}
Event: 12.649 GC heap before
{Heap before GC invocations=12 (full 1):
 PSYoungGen      total 882496K, used 825280K [0x00000007aacb0000, 0x00000007e5370000, 0x0000000800000000)
  eden space 825280K, 100% used [0x00000007aacb0000,0x00000007dd2a0000,0x00000007dd2a0000)
  from space 57216K, 0% used [0x00000007e1030000,0x00000007e1030000,0x00000007e4810000)
  to   space 63040K, 0% used [0x00000007dd2a0000,0x00000007dd2a0000,0x00000007e1030000)
 ParOldGen       total 155456K, used 87607K [0x0000000700600000, 0x0000000709dd0000, 0x00000007aacb0000)
  object space 155456K, 56% used [0x0000000700600000,0x0000000705b8dc78,0x0000000709dd0000)
 PSPermGen       total 36224K, used 17993K [0x00000006fb400000, 0x00000006fd760000, 0x0000000700600000)
  object space 36224K, 49% used [0x00000006fb400000,0x00000006fc5924e8,0x00000006fd760000)
Event: 12.654 GC heap after
Heap after GC invocations=12 (full 1):
 PSYoungGen      total 888320K, used 18417K [0x00000007aacb0000, 0x00000007f9f40000, 0x0000000800000000)
  eden space 825280K, 0% used [0x00000007aacb0000,0x00000007aacb0000,0x00000007dd2a0000)
  from space 63040K, 29% used [0x00000007dd2a0000,0x00000007de49c430,0x00000007e1030000)
  to   space 62208K, 0% used [0x00000007f6280000,0x00000007f6280000,0x00000007f9f40000)
 ParOldGen       total 155456K, used 87607K [0x0000000700600000, 0x0000000709dd0000, 0x00000007aacb0000)
  object space 155456K, 56% used [0x0000000700600000,0x0000000705b8dc78,0x0000000709dd0000)
 PSPermGen       total 36224K, used 17993K [0x00000006fb400000, 0x00000006fd760000, 0x0000000700600000)
  object space 36224K, 49% used [0x00000006fb400000,0x00000006fc5924e8,0x00000006fd760000)
}
Event: 13.982 GC heap before
{Heap before GC invocations=13 (full 1):
 PSYoungGen      total 888320K, used 842000K [0x00000007aacb0000, 0x00000007f9f40000, 0x0000000800000000)
  eden space 825280K, 99% used [0x00000007aacb0000,0x00000007dd0f7cf0,0x00000007dd2a0000)
  from space 63040K, 29% used [0x00000007dd2a0000,0x00000007de49c430,0x00000007e1030000)
  to   space 62208K, 0% used [0x00000007f6280000,0x00000007f6280000,0x00000007f9f40000)
 ParOldGen       total 155456K, used 89632K [0x0000000700600000, 0x0000000709dd0000, 0x00000007aacb0000)
  object space 155456K, 57% used [0x0000000700600000,0x0000000705d88088,0x0000000709dd0000)
 PSPermGen       total 36224K, used 17999K [0x00000006fb400000, 0x00000006fd760000, 0x0000000700600000)
  object space 36224K, 49% used [0x00000006fb400000,0x00000006fc593ca8,0x00000006fd760000)
Event: 13.993 GC heap after
Heap after GC invocations=13 (full 1):
 PSYoungGen      total 1217728K, used 41222K [0x00000007aacb0000, 0x00000007f97b0000, 0x0000000800000000)
  eden space 1163264K, 0% used [0x00000007aacb0000,0x00000007aacb0000,0x00000007f1cb0000)
  from space 54464K, 75% used [0x00000007f6280000,0x00000007f8ac1870,0x00000007f97b0000)
  to   space 62976K, 0% used [0x00000007f1cb0000,0x00000007f1cb0000,0x00000007f5a30000)
 ParOldGen       total 155456K, used 107913K [0x0000000700600000, 0x0000000709dd0000, 0x00000007aacb0000)
  object space 155456K, 69% used [0x0000000700600000,0x0000000706f624b8,0x0000000709dd0000)
 PSPermGen       total 36224K, used 17999K [0x00000006fb400000, 0x00000006fd760000, 0x0000000700600000)
  object space 36224K, 49% used [0x00000006fb400000,0x00000006fc593ca8,0x00000006fd760000)
}
Event: 16.119 GC heap before
{Heap before GC invocations=14 (full 2):
 PSYoungGen      total 1217728K, used 1204486K [0x00000007aacb0000, 0x00000007f97b0000, 0x0000000800000000)
  eden space 1163264K, 100% used [0x00000007aacb0000,0x00000007f1cb0000,0x00000007f1cb0000)
  from space 54464K, 75% used [0x00000007f6280000,0x00000007f8ac1870,0x00000007f97b0000)
  to   space 62976K, 0% used [0x00000007f1cb0000,0x00000007f1cb0000,0x00000007f5a30000)
 ParOldGen       total 218048K, used 217899K [0x0000000700600000, 0x000000070daf0000, 0x00000007aacb0000)
  object space 218048K, 99% used [0x0000000700600000,0x000000070dacafa0,0x000000070daf0000)
 PSPermGen       total 36224K, used 18004K [0x00000006fb400000, 0x00000006fd760000, 0x0000000700600000)
  object space 36224K, 49% used [0x00000006fb400000,0x00000006fc595090,0x00000006fd760000)
Event: 16.160 GC heap after
Heap after GC invocations=14 (full 2):
 PSYoungGen      total 1217728K, used 0K [0x00000007aacb0000, 0x00000007f97b0000, 0x0000000800000000)
  eden space 1163264K, 0% used [0x00000007aacb0000,0x00000007aacb0000,0x00000007f1cb0000)
  from space 54464K, 0% used [0x00000007f6280000,0x00000007f6280000,0x00000007f97b0000)
  to   space 62976K, 0% used [0x00000007f1cb0000,0x00000007f1cb0000,0x00000007f5a30000)
 ParOldGen       total 184448K, used 41421K [0x0000000700600000, 0x000000070ba20000, 0x00000007aacb0000)
  object space 184448K, 22% used [0x0000000700600000,0x0000000702e736a0,0x000000070ba20000)
 PSPermGen       total 40512K, used 18004K [0x00000006fb400000, 0x00000006fdb90000, 0x0000000700600000)
  object space 40512K, 44% used [0x00000006fb400000,0x00000006fc595090,0x00000006fdb90000)
}
Event: 18.054 GC heap before
{Heap before GC invocations=15 (full 2):
 PSYoungGen      total 1217728K, used 1161664K [0x00000007aacb0000, 0x00000007f97b0000, 0x0000000800000000)
  eden space 1163264K, 99% used [0x00000007aacb0000,0x00000007f1b202c0,0x00000007f1cb0000)
  from space 54464K, 0% used [0x00000007f6280000,0x00000007f6280000,0x00000007f97b0000)
  to   space 62976K, 0% used [0x00000007f1cb0000,0x00000007f1cb0000,0x00000007f5a30000)
 ParOldGen       total 184448K, used 41421K [0x0000000700600000, 0x000000070ba20000, 0x00000007aacb0000)
  object space 184448K, 22% used [0x0000000700600000,0x0000000702e736a0,0x000000070ba20000)
 PSPermGen       total 40512K, used 18008K [0x00000006fb400000, 0x00000006fdb90000, 0x0000000700600000)
  object space 40512K, 44% used [0x00000006fb400000,0x00000006fc5960f8,0x00000006fdb90000)
Event: 18.059 GC heap after
Heap after GC invocations=15 (full 2):
 PSYoungGen      total 1226240K, used 21034K [0x00000007aacb0000, 0x0000000800000000, 0x0000000800000000)
  eden space 1163264K, 0% used [0x00000007aacb0000,0x00000007aacb0000,0x00000007f1cb0000)
  from space 62976K, 33% used [0x00000007f1cb0000,0x00000007f313aa90,0x00000007f5a30000)
  to   space 61632K, 0% used [0x00000007fc3d0000,0x00000007fc3d0000,0x0000000800000000)
 ParOldGen       total 184448K, used 41421K [0x0000000700600000, 0x000000070ba20000, 0x00000007aacb0000)
  object space 184448K, 22% used [0x0000000700600000,0x0000000702e736a0,0x000000070ba20000)
 PSPermGen       total 40512K, used 18008K [0x00000006fb400000, 0x00000006fdb90000, 0x0000000700600000)
  object space 40512K, 44% used [0x00000006fb400000,0x00000006fc5960f8,0x00000006fdb90000)
}

Deoptimization events (10 events):
Event: 3.826 Thread 0x0000000022338800 Uncommon trap -83 fr.pc 0x0000000002f60c84
Event: 3.842 Thread 0x0000000022338800 Uncommon trap -83 fr.pc 0x0000000002f9a728
Event: 3.893 Thread 0x0000000022338800 Uncommon trap -83 fr.pc 0x0000000002f96f3c
Event: 3.923 Thread 0x0000000022338800 Uncommon trap -83 fr.pc 0x0000000002f86f58
Event: 4.137 Thread 0x0000000022335800 Uncommon trap -83 fr.pc 0x0000000002fc487c
Event: 8.436 Thread 0x00000000140da800 Uncommon trap -122 fr.pc 0x0000000002ffd948
Event: 8.436 Thread 0x00000000140da800 Uncommon trap -34 fr.pc 0x0000000002ffb760
Event: 8.437 Thread 0x00000000140da800 Uncommon trap -34 fr.pc 0x0000000002ffb760
Event: 8.437 Thread 0x00000000140da800 Uncommon trap -34 fr.pc 0x0000000002ffb760
Event: 8.437 Thread 0x00000000140da800 Uncommon trap -34 fr.pc 0x0000000002ffb760

Internal exceptions (10 events):
Event: 3.972 Thread 0x0000000022338800 Threw 0x00000007ae9e7308 at C:\jdk7u1_64p\jdk7u7\hotspot\src\share\vm\prims\jvm.cpp:1166
Event: 3.972 Thread 0x0000000022338800 Threw 0x00000007ae9ea0d8 at C:\jdk7u1_64p\jdk7u7\hotspot\src\share\vm\prims\jvm.cpp:1166
Event: 3.974 Thread 0x0000000022338800 Threw 0x00000007ae9ed288 at C:\jdk7u1_64p\jdk7u7\hotspot\src\share\vm\prims\jvm.cpp:1166
Event: 3.974 Thread 0x0000000022338800 Threw 0x00000007ae9f0058 at C:\jdk7u1_64p\jdk7u7\hotspot\src\share\vm\prims\jvm.cpp:1166
Event: 4.110 Thread 0x0000000022335800 Threw 0x00000007ab4d0828 at C:\jdk7u1_64p\jdk7u7\hotspot\src\share\vm\prims\jvm.cpp:1166
Event: 4.114 Thread 0x0000000022335800 Threw 0x00000007ab4e10b8 at C:\jdk7u1_64p\jdk7u7\hotspot\src\share\vm\prims\jvm.cpp:1166
Event: 4.316 Thread 0x0000000022335800 Threw 0x00000007abf51f20 at C:\jdk7u1_64p\jdk7u7\hotspot\src\share\vm\prims\jvm.cpp:1166
Event: 8.406 Thread 0x00000000140da800 Threw 0x00000007c2b6f868 at C:\jdk7u1_64p\jdk7u7\hotspot\src\share\vm\prims\jvm.cpp:1166
Event: 8.407 Thread 0x00000000140da800 Threw 0x00000007c2b74e38 at C:\jdk7u1_64p\jdk7u7\hotspot\src\share\vm\prims\jvm.cpp:1166
Event: 8.435 Thread 0x00000000140da800 Threw 0x00000007c2b829a8 at C:\jdk7u1_64p\jdk7u7\hotspot\src\share\vm\prims\jvm.cpp:1166

Events (10 events):
Event: 16.300 Thread 0x00000000119c3800 flushing nmethod 0x0000000002f96950
Event: 16.300 Thread 0x00000000119c3800 flushing nmethod 0x0000000002f99c90
Event: 18.054 Executing VM operation: ParallelGCFailedAllocation
Event: 18.059 Executing VM operation: ParallelGCFailedAllocation done
Event: 18.149 loading class 0x00000000151e1ff0
Event: 18.149 loading class 0x00000000151e1ff0 done
Event: 18.149 loading class 0x0000000014f28410
Event: 18.150 loading class 0x00000000152ba0e0
Event: 18.150 loading class 0x00000000152ba0e0 done
Event: 18.150 loading class 0x0000000014f28410 done


Dynamic libraries:
0x000007f7f0ad0000 - 0x000007f7f0b04000 	F:\Program Files\Java\Jre7\bin\javaw.exe
0x000007f95e1d0000 - 0x000007f95e38e000 	C:\WINDOWS\SYSTEM32\ntdll.dll
0x000007f95d7e0000 - 0x000007f95d916000 	C:\WINDOWS\system32\KERNEL32.DLL
0x000007f95b470000 - 0x000007f95b563000 	C:\WINDOWS\system32\KERNELBASE.dll
0x000007f95ca50000 - 0x000007f95cb2e000 	C:\WINDOWS\system32\ADVAPI32.dll
0x000007f95ce50000 - 0x000007f95cf9c000 	C:\WINDOWS\system32\USER32.dll
0x000007f958910000 - 0x000007f958b79000 	C:\WINDOWS\WinSxS\amd64_microsoft.windows.common-controls_6595b64144ccf1df_6.0.9200.16384_none_418c2a697189c07f\COMCTL32.dll
0x000007f95d590000 - 0x000007f95d635000 	C:\WINDOWS\system32\msvcrt.dll
0x000007f95db40000 - 0x000007f95db88000 	C:\WINDOWS\SYSTEM32\sechost.dll
0x000007f95d6a0000 - 0x000007f95d7e0000 	C:\WINDOWS\system32\RPCRT4.dll
0x000007f95b620000 - 0x000007f95b760000 	C:\WINDOWS\system32\GDI32.dll
0x000007f95dcd0000 - 0x000007f95dd09000 	C:\WINDOWS\system32\IMM32.DLL
0x000007f95cd30000 - 0x000007f95ce45000 	C:\WINDOWS\system32\MSCTF.dll
0x000007f95b0c0000 - 0x000007f95b0c8000 	C:\PROGRA~2\NVIDIA~1\3DVISI~1\NVSTIN~1.DLL
0x000007f95d990000 - 0x000007f95d997000 	C:\WINDOWS\system32\PSAPI.DLL
0x000000006f560000 - 0x000000006f603000 	C:\WINDOWS\WinSxS\amd64_microsoft.vc90.crt_1fc8b3b9a1e18e3b_9.0.30729.6871_none_08e717a5a83adddf\MSVCR90.dll
0x000000006db00000 - 0x000000006dbd1000 	F:\Program Files\Java\Jre7\bin\msvcr100.dll
0x000000006d3e0000 - 0x000000006daff000 	F:\Program Files\Java\Jre7\bin\server\jvm.dll
0x000007f953860000 - 0x000007f953869000 	C:\WINDOWS\SYSTEM32\WSOCK32.dll
0x000007f958800000 - 0x000007f958820000 	C:\WINDOWS\SYSTEM32\WINMM.dll
0x000007f95d920000 - 0x000007f95d978000 	C:\WINDOWS\system32\WS2_32.dll
0x000007f958100000 - 0x000007f958132000 	C:\WINDOWS\SYSTEM32\WINMMBASE.dll
0x000007f95dd10000 - 0x000007f95dd19000 	C:\WINDOWS\system32\NSI.dll
0x000000006d3d0000 - 0x000000006d3df000 	F:\Program Files\Java\Jre7\bin\verify.dll
0x000000006d3a0000 - 0x000000006d3c8000 	F:\Program Files\Java\Jre7\bin\java.dll
0x000000006d380000 - 0x000000006d395000 	F:\Program Files\Java\Jre7\bin\zip.dll
0x000000006c580000 - 0x000000006c713000 	F:\Program Files\Java\Jre7\bin\awt.dll
0x000007f95db90000 - 0x000007f95dc53000 	C:\WINDOWS\system32\OLEAUT32.dll
0x000007f95d3e0000 - 0x000007f95d590000 	C:\WINDOWS\system32\combase.dll
0x000007f955390000 - 0x000007f95542f000 	C:\WINDOWS\system32\apphelp.dll
0x000007f959ec0000 - 0x000007f959fa3000 	C:\WINDOWS\system32\uxtheme.dll
0x000007f9552f0000 - 0x000007f955385000 	C:\Program Files\Common Files\microsoft shared\ink\tiptsf.dll
0x000007f959650000 - 0x000007f959671000 	C:\WINDOWS\SYSTEM32\dwmapi.dll
0x000007f95cfa0000 - 0x000007f95d11e000 	C:\WINDOWS\system32\ole32.dll
0x000007f95af30000 - 0x000007f95af3a000 	C:\WINDOWS\SYSTEM32\CRYPTBASE.dll
0x000007f95aeb0000 - 0x000007f95af0c000 	C:\WINDOWS\SYSTEM32\bcryptPrimitives.dll
0x000007f95b760000 - 0x000007f95ca48000 	C:\WINDOWS\system32\SHELL32.dll
0x000007f95dc80000 - 0x000007f95dcd0000 	C:\WINDOWS\system32\SHLWAPI.dll
0x000007f95a290000 - 0x000007f95a326000 	C:\WINDOWS\SYSTEM32\shcore.dll
0x000000006e430000 - 0x000000006e4c8000 	C:\Windows\System32\msvcp100.dll
0x000007f9422e0000 - 0x000007f942538000 	C:\opencv\build\x64\vc10\bin\opencv_core243.dll
0x000007f954c40000 - 0x000007f954cd5000 	C:\Users\Jonas\AppData\Local\Temp\javacpp229644023721302\jniopencv_core.dll
0x000007f941c50000 - 0x000007f941ef5000 	C:\opencv\build\x64\vc10\bin\opencv_imgproc243.dll
0x000007f954bf0000 - 0x000007f954c38000 	C:\Users\Jonas\AppData\Local\Temp\javacpp229644023721302\jniopencv_imgproc.dll
0x0000000066840000 - 0x00000000675ca000 	C:\opencv\build\x64\vc10\bin\opencv_ffmpeg243_64.dll
0x000007f940b90000 - 0x000007f940ddb000 	C:\opencv\build\x64\vc10\bin\opencv_highgui243.dll
0x000007f954af0000 - 0x000007f954b10000 	C:\WINDOWS\SYSTEM32\AVIFIL32.dll
0x000007f9547b0000 - 0x000007f9547d9000 	C:\WINDOWS\SYSTEM32\MSVFW32.dll
0x000007f954b70000 - 0x000007f954b87000 	C:\WINDOWS\SYSTEM32\AVICAP32.dll
0x000007f948660000 - 0x000007f948679000 	C:\WINDOWS\SYSTEM32\MSACM32.dll
0x000007f959620000 - 0x000007f959629000 	C:\WINDOWS\SYSTEM32\VERSION.dll
0x000007f954a20000 - 0x000007f954a33000 	C:\Users\Jonas\AppData\Local\Temp\javacpp229644023721302\jniopencv_highgui.dll
0x000007f95cc90000 - 0x000007f95cd26000 	C:\WINDOWS\SYSTEM32\clbcatq.dll
0x000007f954980000 - 0x000007f954997000 	C:\Windows\System32\devenum.dll
0x000007f95e000000 - 0x000007f95e1d0000 	C:\WINDOWS\system32\setupapi.dll
0x000007f95b390000 - 0x000007f95b3df000 	C:\WINDOWS\system32\CFGMGR32.dll
0x000007f95b440000 - 0x000007f95b462000 	C:\WINDOWS\system32\DEVOBJ.dll
0x000007f954440000 - 0x000007f95446e000 	C:\WINDOWS\SYSTEM32\ntmarta.dll
0x000007f95b3e0000 - 0x000007f95b435000 	C:\WINDOWS\system32\WINTRUST.dll
0x000007f95b1b0000 - 0x000007f95b387000 	C:\WINDOWS\system32\CRYPT32.dll
0x000007f95b190000 - 0x000007f95b1a6000 	C:\WINDOWS\system32\MSASN1.dll
0x000007f955430000 - 0x000007f95543d000 	C:\WINDOWS\SYSTEM32\msdmo.dll
0x000007f952370000 - 0x000007f95239f000 	C:\Windows\System32\qcap.dll
0x000007f944d50000 - 0x000007f944f08000 	C:\Windows\System32\quartz.dll
0x000007f951fc0000 - 0x000007f951fff000 	C:\Windows\System32\ksproxy.ax
0x000007f955b30000 - 0x000007f955b37000 	C:\Windows\System32\ksuser.dll
0x000007f94a240000 - 0x000007f94a440000 	C:\Windows\System32\d3d9.dll
0x000007f954950000 - 0x000007f95495c000 	C:\Windows\System32\vidcap.ax
0x000007f952150000 - 0x000007f952174000 	C:\Windows\System32\kswdmcap.ax
0x000007f943950000 - 0x000007f943aa4000 	C:\Windows\System32\MFC42.dll
0x000007f945e90000 - 0x000007f945f4e000 	C:\Windows\System32\ODBC32.dll
0x000007f945820000 - 0x000007f9458b5000 	C:\Windows\System32\qedit.dll
0x000007f95df50000 - 0x000007f95dff1000 	C:\WINDOWS\system32\COMDLG32.dll
0x000007f95d9a0000 - 0x000007f95db40000 	C:\WINDOWS\WinSxS\amd64_microsoft.windows.gdiplus_6595b64144ccf1df_1.1.9200.16384_none_72771d4ecc1c3a4d\gdiplus.dll
0x000007f942540000 - 0x000007f94262a000 	C:\WINDOWS\SYSTEM32\DDRAW.dll
0x000007f957440000 - 0x000007f957448000 	C:\WINDOWS\SYSTEM32\DCIMAN32.dll
0x000000006c540000 - 0x000000006c574000 	F:\Program Files\Java\Jre7\bin\fontmanager.dll
0x000007f93d8c0000 - 0x000007f93ea40000 	C:\WINDOWS\SYSTEM32\nvd3dumx.dll
0x000007f95afb0000 - 0x000007f95aff3000 	C:\WINDOWS\SYSTEM32\powrprof.dll
0x0000000180000000 - 0x0000000180116000 	C:\Program Files (x86)\NVIDIA Corporation\3D Vision\nvSCPAPI64.dll
0x000007f958830000 - 0x000007f9588a4000 	C:\WINDOWS\SYSTEM32\dxgi.dll
0x000007f957c90000 - 0x000007f957f52000 	C:\WINDOWS\SYSTEM32\nvapi64.dll
0x000007f958140000 - 0x000007f95815f000 	C:\WINDOWS\SYSTEM32\DXGIDebug.dll
0x000000006d360000 - 0x000000006d379000 	F:\Program Files\Java\Jre7\bin\net.dll
0x000007f95a920000 - 0x000007f95a97c000 	C:\WINDOWS\system32\mswsock.dll
0x000000006d340000 - 0x000000006d351000 	F:\Program Files\Java\Jre7\bin\nio.dll
0x000000006c4f0000 - 0x000000006c531000 	F:\Program Files\Java\Jre7\bin\t2k.dll
0x000007f958d90000 - 0x000007f958f1a000 	C:\WINDOWS\SYSTEM32\WindowsCodecs.dll
0x000007f95b0e0000 - 0x000007f95b0f5000 	C:\WINDOWS\SYSTEM32\profapi.dll
0x000007f957fd0000 - 0x000007f958039000 	C:\WINDOWS\SYSTEM32\oleacc.dll
0x000000006c4c0000 - 0x000000006c4ea000 	F:\Program Files\Java\Jre7\bin\dcpr.dll

VM Arguments:
jvm_args: -Dfile.encoding=Cp1252 
java_command: emcscanner.kth.se.Program
Launcher Type: SUN_STANDARD

Environment Variables:
PATH=C:\Program Files (x86)\NVIDIA Corporation\PhysX\Common;C:\WINDOWS\system32;C:\WINDOWS;C:\WINDOWS\System32\Wbem;C:\WINDOWS\System32\WindowsPowerShell\v1.0\;C:\Program Files (x86)\Microsoft SQL Server\90\Tools\binn\;C:\Program Files (x86)\Autodesk\Backburner\;F:\Program Files\MATLAB\R2012a\runtime\win64;F:\Program Files\MATLAB\R2012a\bin;PROGRAMFILES\Internet Explorer;C:\Program Files\Perforce;F:\Program Files\Perforce;C:\Program Files\Microsoft\Web Platform Installer\;C:\Program Files (x86)\Microsoft ASP.NET\ASP.NET Web Pages\v1.0\;C:\Program Files (x86)\Windows Kits\8.0\Windows Performance Toolkit\;C:\Program Files\Microsoft SQL Server\110\Tools\Binn\;F:\Program Files\Perforce\Server
USERNAME=Jonas
OS=Windows_NT
PROCESSOR_IDENTIFIER=Intel64 Family 6 Model 42 Stepping 7, GenuineIntel



---------------  S Y S T E M  ---------------

OS: Windows 8 , 64 bit Build 9200 

CPU:total 8 (4 cores per cpu, 2 threads per core) family 6 model 42 stepping 7, cmov, cx8, fxsr, mmx, sse, sse2, sse3, ssse3, sse4.1, sse4.2, popcnt, avx, ht, tsc, tscinvbit

Memory: 4k page, physical 16751668k(10420232k free), swap 33528884k(22307016k free)

vm_info: Java HotSpot(TM) 64-Bit Server VM (23.3-b01) for windows-amd64 JRE (1.7.0_07-b11), built on Sep  7 2012 01:19:25 by "java_re" with unknown MS VC++:1600

time: Thu Jan 31 15:43:11 2013
elapsed time: 18 seconds

