#
# A fatal error has been detected by the Java Runtime Environment:
#
#  EXCEPTION_ACCESS_VIOLATION (0xc0000005) at pc=0x00000000029cfbb9, pid=8592, tid=1048
#
# JRE version: 7.0_07-b11
# Java VM: Java HotSpot(TM) 64-Bit Server VM (23.3-b01 mixed mode windows-amd64 compressed oops)
# Problematic frame:
# J  com.googlecode.javacv.cpp.opencv_core$IplImage.flipCopyWithGamma(Ljava/nio/ByteBuffer;ILjava/nio/ByteBuffer;IZDZI)V
#
# Failed to write core dump. Minidumps are not enabled by default on client versions of Windows
#
# If you would like to submit a bug report, please visit:
#   http://bugreport.sun.com/bugreport/crash.jsp
#

---------------  T H R E A D  ---------------

Current thread (0x0000000019f54800):  JavaThread "threadDisplay" daemon [_thread_in_Java, id=1048, stack(0x0000000021140000,0x0000000021240000)]

siginfo: ExceptionCode=0xc0000005, reading address 0x0000000020de8ff4

Registers:
RAX=0x000000000029bfa5, RBX=0x0000000020b4d050, RCX=0x00000000005eec00, RDX=0x000000000029bfa4
RSP=0x000000002123f020, RBP=0x00000007ab2a1650, RSI=0x000000000000167f, RDI=0x00000007aee6f768
R8 =0x000000000029bfa4, R9 =0x00000000005eec00, R10=0x0000000000000000, R11=0x00000000005eec00
R12=0x0000000000000000, R13=0x00000007ab2a1650, R14=0x0000000000000023, R15=0x0000000019f54800
RIP=0x00000000029cfbb9, EFLAGS=0x0000000000010207

Top of Stack: (sp=0x000000002123f020)
0x000000002123f020:   00000000005eec00 00000000005eec00
0x000000002123f030:   0000000000000000 00000000ffffffff
0x000000002123f040:   00000007ab2a1610 3ff0000000000000
0x000000002123f050:   3ff0000000000000 00000007ab2a1610
0x000000002123f060:   df6c66a9df6aba82 0029bf80ffffffff
0x000000002123f070:   0000000000001680 0000000000001680
0x000000002123f080:   00000007ab2a1680 3fdd1745d1745d17
0x000000002123f090:   400199999999999a 00000007ab2a1650
0x000000002123f0a0:   f5dcdeed00001680 00000007ab2a1650
0x000000002123f0b0:   00000007ab2a1650 000000070029bf80
0x000000002123f0c0:   000000002123f0c0 00000006fb555c47
0x000000002123f0d0:   000000002123f180 00000000028a61f8
0x000000002123f0e0:   0000000000000000 00000006fb555c58
0x000000002123f0f0:   00000000028a61f8 0000000000000000
0x000000002123f100:   0000000000000000 3ff0000000000000
0x000000002123f110:   0000000000000000 0000000000000000 

Instructions: (pc=0x00000000029cfbb9)
0x00000000029cfb99:   8d 38 01 00 00 8b c2 ff c0 48 8b 6c 24 20 89 45
0x00000000029cfba9:   18 48 8b ac 24 88 00 00 00 44 8b 45 18 48 63 d2
0x00000000029cfbb9:   0f b6 2c 13 45 3b c1 0f 8d 38 01 00 00 41 8b c0
0x00000000029cfbc9:   41 03 c2 41 ff c0 48 8b 94 24 88 00 00 00 44 89 


Register to memory mapping:

RAX=0x000000000029bfa5 is an unknown value
RBX=0x0000000020b4d050 is an unknown value
RCX=0x00000000005eec00 is an unknown value
RDX=0x000000000029bfa4 is an unknown value
RSP=0x000000002123f020 is pointing into the stack for thread: 0x0000000019f54800
RBP=0x00000007ab2a1650 is an oop
java.nio.HeapByteBuffer 
 - klass: 'java/nio/HeapByteBuffer'
RSI=0x000000000000167f is an unknown value
RDI=0x00000007aee6f768 is an oop
[B 
 - klass: {type array byte}
 - length: 6220800
R8 =0x000000000029bfa4 is an unknown value
R9 =0x00000000005eec00 is an unknown value
R10=0x0000000000000000 is an unknown value
R11=0x00000000005eec00 is an unknown value
R12=0x0000000000000000 is an unknown value
R13=0x00000007ab2a1650 is an oop
java.nio.HeapByteBuffer 
 - klass: 'java/nio/HeapByteBuffer'
R14=0x0000000000000023 is an unknown value
R15=0x0000000019f54800 is a thread


Stack: [0x0000000021140000,0x0000000021240000],  sp=0x000000002123f020,  free space=1020k
Native frames: (J=compiled Java code, j=interpreted, Vv=VM code, C=native code)
J  com.googlecode.javacv.cpp.opencv_core$IplImage.flipCopyWithGamma(Ljava/nio/ByteBuffer;ILjava/nio/ByteBuffer;IZDZI)V


---------------  P R O C E S S  ---------------

Java Threads: ( => current thread )
  0x0000000013a20800 JavaThread "Thread-0" daemon [_thread_in_native, id=8196, stack(0x000000001db90000,0x000000001dc90000)]
  0x0000000013a27000 JavaThread "Thread-3" [_thread_in_native, id=7620, stack(0x000000001da90000,0x000000001db90000)]
  0x000000001a22f000 JavaThread "ICEpdf-pagePainter" daemon [_thread_blocked, id=4164, stack(0x0000000021690000,0x0000000021790000)]
  0x0000000018e78800 JavaThread "ICEpdf-pageInitializer" daemon [_thread_blocked, id=8740, stack(0x0000000021450000,0x0000000021550000)]
  0x000000000267e000 JavaThread "DestroyJavaVM" [_thread_blocked, id=8364, stack(0x00000000026a0000,0x00000000027a0000)]
  0x0000000019011800 JavaThread "Image Fetcher 1" daemon [_thread_blocked, id=4732, stack(0x0000000021240000,0x0000000021340000)]
=>0x0000000019f54800 JavaThread "threadDisplay" daemon [_thread_in_Java, id=1048, stack(0x0000000021140000,0x0000000021240000)]
  0x0000000018ae9000 JavaThread "TimerQueue" daemon [_thread_blocked, id=224, stack(0x0000000019140000,0x0000000019240000)]
  0x0000000013d52000 JavaThread "AWT-EventQueue-0" [_thread_blocked, id=8432, stack(0x0000000019040000,0x0000000019140000)]
  0x0000000013bb4800 JavaThread "Image Fetcher 0" daemon [_thread_blocked, id=6976, stack(0x0000000018740000,0x0000000018840000)]
  0x0000000013b06000 JavaThread "AWT-Windows" daemon [_thread_in_native, id=7716, stack(0x0000000014640000,0x0000000014740000)]
  0x0000000013b05000 JavaThread "AWT-Shutdown" [_thread_blocked, id=8632, stack(0x0000000014540000,0x0000000014640000)]
  0x0000000013afc800 JavaThread "Java2D Disposer" daemon [_thread_blocked, id=7532, stack(0x0000000014440000,0x0000000014540000)]
  0x00000000113c6800 JavaThread "Service Thread" daemon [_thread_blocked, id=5628, stack(0x00000000137e0000,0x00000000138e0000)]
  0x00000000113bb000 JavaThread "C2 CompilerThread1" daemon [_thread_blocked, id=8056, stack(0x00000000136e0000,0x00000000137e0000)]
  0x00000000113b9800 JavaThread "C2 CompilerThread0" daemon [_thread_blocked, id=4880, stack(0x00000000135e0000,0x00000000136e0000)]
  0x00000000113b8800 JavaThread "Attach Listener" daemon [_thread_blocked, id=7568, stack(0x00000000134e0000,0x00000000135e0000)]
  0x00000000113ac000 JavaThread "Signal Dispatcher" daemon [_thread_blocked, id=1660, stack(0x00000000133e0000,0x00000000134e0000)]
  0x000000001134f800 JavaThread "Finalizer" daemon [_thread_blocked, id=1440, stack(0x00000000132e0000,0x00000000133e0000)]
  0x0000000011348800 JavaThread "Reference Handler" daemon [_thread_blocked, id=8396, stack(0x00000000131e0000,0x00000000132e0000)]

Other Threads:
  0x0000000011343800 VMThread [stack: 0x00000000130e0000,0x00000000131e0000] [id=7484]
  0x00000000113e3800 WatcherThread [stack: 0x00000000138e0000,0x00000000139e0000] [id=9176]

VM state:not at safepoint (normal execution)

VM Mutex/Monitor currently owned by a thread: None

Heap
 PSYoungGen      total 141824K, used 84177K [0x00000007aacb0000, 0x00000007bf270000, 0x0000000800000000)
  eden space 130944K, 57% used [0x00000007aacb0000,0x00000007af6462d0,0x00000007b2c90000)
  from space 10880K, 81% used [0x00000007b2c90000,0x00000007b352e340,0x00000007b3730000)
  to   space 35840K, 0% used [0x00000007bcf70000,0x00000007bcf70000,0x00000007bf270000)
 ParOldGen       total 174528K, used 57879K [0x0000000700600000, 0x000000070b070000, 0x00000007aacb0000)
  object space 174528K, 33% used [0x0000000700600000,0x0000000703e85f48,0x000000070b070000)
 PSPermGen       total 21248K, used 17638K [0x00000006fb400000, 0x00000006fc8c0000, 0x0000000700600000)
  object space 21248K, 83% used [0x00000006fb400000,0x00000006fc539a38,0x00000006fc8c0000)

Card table byte_map: [0x0000000005960000,0x0000000006190000] byte_map_base: 0x0000000002186000

Polling page: 0x0000000000c10000

Code Cache  [0x00000000028a0000, 0x0000000002b10000, 0x00000000058a0000)
 total_blobs=839 nmethods=256 adapters=534 free_code_cache=47780Kb largest_free_block=48882752

Compilation events (10 events):
Event: 4.477 Thread 0x00000000113b9800  256             org.icepdf.core.views.common.TextSelectionPageHandler::paintSelectedText (382 bytes)
Event: 4.482 Thread 0x00000000113bb000  257             java.util.concurrent.locks.AbstractQueuedSynchronizer::release (33 bytes)
Event: 4.484 Thread 0x00000000113bb000 nmethod 257 0x00000000029579d0 code [0x0000000002957b20, 0x0000000002957d28]
Event: 4.484 Thread 0x00000000113bb000  258             java.util.concurrent.locks.ReentrantLock$Sync::tryRelease (45 bytes)
Event: 4.485 Thread 0x00000000113bb000 nmethod 258 0x00000000029d3c50 code [0x00000000029d3d80, 0x00000000029d3e38]
Event: 4.493 Thread 0x00000000113b9800 nmethod 256 0x00000000029ff450 code [0x00000000029ff6c0, 0x0000000002a00758]
Event: 4.572 Thread 0x00000000113bb000  259             java.util.concurrent.locks.ReentrantLock::unlock (10 bytes)
Event: 4.574 Thread 0x00000000113bb000 nmethod 259 0x00000000029d37d0 code [0x00000000029d3920, 0x00000000029d3ac8]
Event: 4.636 Thread 0x00000000113b9800  260             java.awt.Component::checkTreeLock (21 bytes)
Event: 4.636 Thread 0x00000000113b9800 nmethod 260 0x00000000029d3150 code [0x00000000029d32a0, 0x00000000029d3348]

GC Heap History (10 events):
Event: 4.104 GC heap before
{Heap before GC invocations=1 (full 0):
 PSYoungGen      total 76352K, used 61202K [0x00000007aacb0000, 0x00000007b01e0000, 0x0000000800000000)
  eden space 65472K, 93% used [0x00000007aacb0000,0x00000007ae874838,0x00000007aeca0000)
  from space 10880K, 0% used [0x00000007af740000,0x00000007af740000,0x00000007b01e0000)
  to   space 10880K, 0% used [0x00000007aeca0000,0x00000007aeca0000,0x00000007af740000)
 ParOldGen       total 174528K, used 0K [0x0000000700600000, 0x000000070b070000, 0x00000007aacb0000)
  object space 174528K, 0% used [0x0000000700600000,0x0000000700600000,0x000000070b070000)
 PSPermGen       total 21248K, used 17409K [0x00000006fb400000, 0x00000006fc8c0000, 0x0000000700600000)
  object space 21248K, 81% used [0x00000006fb400000,0x00000006fc500570,0x00000006fc8c0000)
Event: 4.113 GC heap after
Heap after GC invocations=1 (full 0):
 PSYoungGen      total 76352K, used 8970K [0x00000007aacb0000, 0x00000007b01e0000, 0x0000000800000000)
  eden space 65472K, 0% used [0x00000007aacb0000,0x00000007aacb0000,0x00000007aeca0000)
  from space 10880K, 82% used [0x00000007aeca0000,0x00000007af5629d0,0x00000007af740000)
  to   space 10880K, 0% used [0x00000007af740000,0x00000007af740000,0x00000007b01e0000)
 ParOldGen       total 174528K, used 8K [0x0000000700600000, 0x000000070b070000, 0x00000007aacb0000)
  object space 174528K, 0% used [0x0000000700600000,0x0000000700602000,0x000000070b070000)
 PSPermGen       total 21248K, used 17409K [0x00000006fb400000, 0x00000006fc8c0000, 0x0000000700600000)
  object space 21248K, 81% used [0x00000006fb400000,0x00000006fc500570,0x00000006fc8c0000)
}
Event: 4.397 GC heap before
{Heap before GC invocations=2 (full 0):
 PSYoungGen      total 76352K, used 69840K [0x00000007aacb0000, 0x00000007b01e0000, 0x0000000800000000)
  eden space 65472K, 92% used [0x00000007aacb0000,0x00000007ae8219f8,0x00000007aeca0000)
  from space 10880K, 82% used [0x00000007aeca0000,0x00000007af5629d0,0x00000007af740000)
  to   space 10880K, 0% used [0x00000007af740000,0x00000007af740000,0x00000007b01e0000)
 ParOldGen       total 174528K, used 8K [0x0000000700600000, 0x000000070b070000, 0x00000007aacb0000)
  object space 174528K, 0% used [0x0000000700600000,0x0000000700602000,0x000000070b070000)
 PSPermGen       total 21248K, used 17573K [0x00000006fb400000, 0x00000006fc8c0000, 0x0000000700600000)
  object space 21248K, 82% used [0x00000006fb400000,0x00000006fc529690,0x00000006fc8c0000)
Event: 4.406 GC heap after
Heap after GC invocations=2 (full 0):
 PSYoungGen      total 76352K, used 10872K [0x00000007aacb0000, 0x00000007b41d0000, 0x0000000800000000)
  eden space 65472K, 0% used [0x00000007aacb0000,0x00000007aacb0000,0x00000007aeca0000)
  from space 10880K, 99% used [0x00000007af740000,0x00000007b01de200,0x00000007b01e0000)
  to   space 10880K, 0% used [0x00000007aeca0000,0x00000007aeca0000,0x00000007af740000)
 ParOldGen       total 174528K, used 17099K [0x0000000700600000, 0x000000070b070000, 0x00000007aacb0000)
  object space 174528K, 9% used [0x0000000700600000,0x00000007016b2d98,0x000000070b070000)
 PSPermGen       total 21248K, used 17573K [0x00000006fb400000, 0x00000006fc8c0000, 0x0000000700600000)
  object space 21248K, 82% used [0x00000006fb400000,0x00000006fc529690,0x00000006fc8c0000)
}
Event: 4.732 GC heap before
{Heap before GC invocations=3 (full 0):
 PSYoungGen      total 76352K, used 71220K [0x00000007aacb0000, 0x00000007b41d0000, 0x0000000800000000)
  eden space 65472K, 92% used [0x00000007aacb0000,0x00000007ae79f1e8,0x00000007aeca0000)
  from space 10880K, 99% used [0x00000007af740000,0x00000007b01de200,0x00000007b01e0000)
  to   space 10880K, 0% used [0x00000007aeca0000,0x00000007aeca0000,0x00000007af740000)
 ParOldGen       total 174528K, used 17099K [0x0000000700600000, 0x000000070b070000, 0x00000007aacb0000)
  object space 174528K, 9% used [0x0000000700600000,0x00000007016b2d98,0x000000070b070000)
 PSPermGen       total 21248K, used 17611K [0x00000006fb400000, 0x00000006fc8c0000, 0x0000000700600000)
  object space 21248K, 82% used [0x00000006fb400000,0x00000006fc532f78,0x00000006fc8c0000)
Event: 4.739 GC heap after
Heap after GC invocations=3 (full 0):
 PSYoungGen      total 76352K, used 10872K [0x00000007aacb0000, 0x00000007b41d0000, 0x0000000800000000)
  eden space 65472K, 0% used [0x00000007aacb0000,0x00000007aacb0000,0x00000007aeca0000)
  from space 10880K, 99% used [0x00000007aeca0000,0x00000007af73e200,0x00000007af740000)
  to   space 10880K, 0% used [0x00000007b3730000,0x00000007b3730000,0x00000007b41d0000)
 ParOldGen       total 174528K, used 33579K [0x0000000700600000, 0x000000070b070000, 0x00000007aacb0000)
  object space 174528K, 19% used [0x0000000700600000,0x00000007026caf08,0x000000070b070000)
 PSPermGen       total 21248K, used 17611K [0x00000006fb400000, 0x00000006fc8c0000, 0x0000000700600000)
  object space 21248K, 82% used [0x00000006fb400000,0x00000006fc532f78,0x00000006fc8c0000)
}
Event: 4.991 GC heap before
{Heap before GC invocations=4 (full 0):
 PSYoungGen      total 76352K, used 73068K [0x00000007aacb0000, 0x00000007b41d0000, 0x0000000800000000)
  eden space 65472K, 94% used [0x00000007aacb0000,0x00000007ae96d0a0,0x00000007aeca0000)
  from space 10880K, 99% used [0x00000007aeca0000,0x00000007af73e200,0x00000007af740000)
  to   space 10880K, 0% used [0x00000007b3730000,0x00000007b3730000,0x00000007b41d0000)
 ParOldGen       total 174528K, used 33579K [0x0000000700600000, 0x000000070b070000, 0x00000007aacb0000)
  object space 174528K, 19% used [0x0000000700600000,0x00000007026caf08,0x000000070b070000)
 PSPermGen       total 21248K, used 17614K [0x00000006fb400000, 0x00000006fc8c0000, 0x0000000700600000)
  object space 21248K, 82% used [0x00000006fb400000,0x00000006fc533ab0,0x00000006fc8c0000)
Event: 4.998 GC heap after
Heap after GC invocations=4 (full 0):
 PSYoungGen      total 141824K, used 8776K [0x00000007aacb0000, 0x00000007b41d0000, 0x0000000800000000)
  eden space 130944K, 0% used [0x00000007aacb0000,0x00000007aacb0000,0x00000007b2c90000)
  from space 10880K, 80% used [0x00000007b3730000,0x00000007b3fc2350,0x00000007b41d0000)
  to   space 10880K, 0% used [0x00000007b2c90000,0x00000007b2c90000,0x00000007b3730000)
 ParOldGen       total 174528K, used 45729K [0x0000000700600000, 0x000000070b070000, 0x00000007aacb0000)
  object space 174528K, 26% used [0x0000000700600000,0x00000007032a8728,0x000000070b070000)
 PSPermGen       total 21248K, used 17614K [0x00000006fb400000, 0x00000006fc8c0000, 0x0000000700600000)
  object space 21248K, 82% used [0x00000006fb400000,0x00000006fc533ab0,0x00000006fc8c0000)
}
Event: 5.375 GC heap before
{Heap before GC invocations=5 (full 0):
 PSYoungGen      total 141824K, used 137494K [0x00000007aacb0000, 0x00000007b41d0000, 0x0000000800000000)
  eden space 130944K, 98% used [0x00000007aacb0000,0x00000007b2a637a0,0x00000007b2c90000)
  from space 10880K, 80% used [0x00000007b3730000,0x00000007b3fc2350,0x00000007b41d0000)
  to   space 10880K, 0% used [0x00000007b2c90000,0x00000007b2c90000,0x00000007b3730000)
 ParOldGen       total 174528K, used 45729K [0x0000000700600000, 0x000000070b070000, 0x00000007aacb0000)
  object space 174528K, 26% used [0x0000000700600000,0x00000007032a8728,0x000000070b070000)
 PSPermGen       total 21248K, used 17614K [0x00000006fb400000, 0x00000006fc8c0000, 0x0000000700600000)
  object space 21248K, 82% used [0x00000006fb400000,0x00000006fc533ab0,0x00000006fc8c0000)
Event: 5.381 GC heap after
Heap after GC invocations=5 (full 0):
 PSYoungGen      total 141824K, used 8824K [0x00000007aacb0000, 0x00000007bf270000, 0x0000000800000000)
  eden space 130944K, 0% used [0x00000007aacb0000,0x00000007aacb0000,0x00000007b2c90000)
  from space 10880K, 81% used [0x00000007b2c90000,0x00000007b352e340,0x00000007b3730000)
  to   space 35840K, 0% used [0x00000007bcf70000,0x00000007bcf70000,0x00000007bf270000)
 ParOldGen       total 174528K, used 57879K [0x0000000700600000, 0x000000070b070000, 0x00000007aacb0000)
  object space 174528K, 33% used [0x0000000700600000,0x0000000703e85f48,0x000000070b070000)
 PSPermGen       total 21248K, used 17614K [0x00000006fb400000, 0x00000006fc8c0000, 0x0000000700600000)
  object space 21248K, 82% used [0x00000006fb400000,0x00000006fc533ab0,0x00000006fc8c0000)
}

Deoptimization events (10 events):
Event: 1.122 Thread 0x000000000267e000 Uncommon trap -58 fr.pc 0x0000000002957f74
Event: 1.122 Thread 0x000000000267e000 Uncommon trap -58 fr.pc 0x0000000002957f74
Event: 1.122 Thread 0x000000000267e000 Uncommon trap -58 fr.pc 0x0000000002957f74
Event: 3.436 Thread 0x0000000013bb4800 Uncommon trap -28 fr.pc 0x00000000029a1554
Event: 3.850 Thread 0x0000000013d52000 Uncommon trap -83 fr.pc 0x000000000294d584
Event: 3.894 Thread 0x0000000018e78800 Uncommon trap -83 fr.pc 0x0000000002949cb4
Event: 3.939 Thread 0x0000000018e78800 Uncommon trap -83 fr.pc 0x0000000002949904
Event: 3.952 Thread 0x0000000018e78800 Uncommon trap -83 fr.pc 0x00000000029b2ee8
Event: 4.002 Thread 0x0000000018e78800 Uncommon trap -83 fr.pc 0x00000000029b513c
Event: 4.030 Thread 0x0000000018e78800 Uncommon trap -83 fr.pc 0x000000000296df98

Internal exceptions (10 events):
Event: 4.040 Thread 0x0000000018e78800 Threw 0x00000007ae43c990 at C:\jdk7u1_64p\jdk7u7\hotspot\src\share\vm\prims\jvm.cpp:1166
Event: 4.074 Thread 0x0000000018e78800 Threw 0x00000007ae574008 at C:\jdk7u1_64p\jdk7u7\hotspot\src\share\vm\prims\jvm.cpp:1166
Event: 4.074 Thread 0x0000000018e78800 Threw 0x00000007ae576dd8 at C:\jdk7u1_64p\jdk7u7\hotspot\src\share\vm\prims\jvm.cpp:1166
Event: 4.076 Thread 0x0000000018e78800 Threw 0x00000007ae587240 at C:\jdk7u1_64p\jdk7u7\hotspot\src\share\vm\prims\jvm.cpp:1166
Event: 4.076 Thread 0x0000000018e78800 Threw 0x00000007ae58a010 at C:\jdk7u1_64p\jdk7u7\hotspot\src\share\vm\prims\jvm.cpp:1166
Event: 4.077 Thread 0x0000000018e78800 Threw 0x00000007ae58d1c0 at C:\jdk7u1_64p\jdk7u7\hotspot\src\share\vm\prims\jvm.cpp:1166
Event: 4.077 Thread 0x0000000018e78800 Threw 0x00000007ae58ff90 at C:\jdk7u1_64p\jdk7u7\hotspot\src\share\vm\prims\jvm.cpp:1166
Event: 4.213 Thread 0x000000001a22f000 Threw 0x00000007ac8b26f0 at C:\jdk7u1_64p\jdk7u7\hotspot\src\share\vm\prims\jvm.cpp:1166
Event: 4.218 Thread 0x000000001a22f000 Threw 0x00000007ac8c2f80 at C:\jdk7u1_64p\jdk7u7\hotspot\src\share\vm\prims\jvm.cpp:1166
Event: 4.422 Thread 0x000000001a22f000 Threw 0x00000007ab501680 at C:\jdk7u1_64p\jdk7u7\hotspot\src\share\vm\prims\jvm.cpp:1166

Events (10 events):
Event: 4.739 Executing VM operation: RevokeBias
Event: 4.740 Executing VM operation: RevokeBias done
Event: 4.740 Executing VM operation: RevokeBias
Event: 4.740 Executing VM operation: RevokeBias done
Event: 4.906 loading class 0x0000000013afffb0
Event: 4.906 loading class 0x0000000013afffb0 done
Event: 4.991 Executing VM operation: ParallelGCFailedAllocation
Event: 4.998 Executing VM operation: ParallelGCFailedAllocation done
Event: 5.375 Executing VM operation: ParallelGCFailedAllocation
Event: 5.381 Executing VM operation: ParallelGCFailedAllocation done


Dynamic libraries:
0x000007f617cb0000 - 0x000007f617ce4000 	F:\Program Files\Java\Jre7\bin\javaw.exe
0x000007fe83490000 - 0x000007fe8364e000 	C:\WINDOWS\SYSTEM32\ntdll.dll
0x000007fe83350000 - 0x000007fe83486000 	C:\WINDOWS\system32\KERNEL32.DLL
0x000007fe80580000 - 0x000007fe80673000 	C:\WINDOWS\system32\KERNELBASE.dll
0x000007fe82eb0000 - 0x000007fe82f8e000 	C:\WINDOWS\system32\ADVAPI32.dll
0x000007fe80a10000 - 0x000007fe80b5c000 	C:\WINDOWS\system32\USER32.dll
0x000007fe7db90000 - 0x000007fe7ddf9000 	C:\WINDOWS\WinSxS\amd64_microsoft.windows.common-controls_6595b64144ccf1df_6.0.9200.16384_none_418c2a697189c07f\COMCTL32.dll
0x000007fe82890000 - 0x000007fe82935000 	C:\WINDOWS\system32\msvcrt.dll
0x000007fe82840000 - 0x000007fe82888000 	C:\WINDOWS\SYSTEM32\sechost.dll
0x000007fe82970000 - 0x000007fe82ab0000 	C:\WINDOWS\system32\RPCRT4.dll
0x000007fe82ab0000 - 0x000007fe82bf0000 	C:\WINDOWS\system32\GDI32.dll
0x000007fe80b60000 - 0x000007fe80b99000 	C:\WINDOWS\system32\IMM32.DLL
0x000007fe82720000 - 0x000007fe82835000 	C:\WINDOWS\system32\MSCTF.dll
0x000007fe80380000 - 0x000007fe80388000 	C:\PROGRA~2\NVIDIA~1\3DVISI~1\NVSTIN~1.DLL
0x000007fe82940000 - 0x000007fe82947000 	C:\WINDOWS\system32\PSAPI.DLL
0x000000006acd0000 - 0x000000006ad73000 	C:\WINDOWS\WinSxS\amd64_microsoft.vc90.crt_1fc8b3b9a1e18e3b_9.0.30729.6871_none_08e717a5a83adddf\MSVCR90.dll
0x0000000069bb0000 - 0x0000000069c81000 	F:\Program Files\Java\Jre7\bin\msvcr100.dll
0x0000000068a20000 - 0x000000006913f000 	F:\Program Files\Java\Jre7\bin\server\jvm.dll
0x000007fe78b00000 - 0x000007fe78b09000 	C:\WINDOWS\SYSTEM32\WSOCK32.dll
0x000007fe7de20000 - 0x000007fe7de40000 	C:\WINDOWS\SYSTEM32\WINMM.dll
0x000007fe826a0000 - 0x000007fe826f8000 	C:\WINDOWS\system32\WS2_32.dll
0x000007fe7d3c0000 - 0x000007fe7d3f2000 	C:\WINDOWS\SYSTEM32\WINMMBASE.dll
0x000007fe82700000 - 0x000007fe82709000 	C:\WINDOWS\system32\NSI.dll
0x0000000069ba0000 - 0x0000000069baf000 	F:\Program Files\Java\Jre7\bin\verify.dll
0x0000000069b70000 - 0x0000000069b98000 	F:\Program Files\Java\Jre7\bin\java.dll
0x0000000069b50000 - 0x0000000069b65000 	F:\Program Files\Java\Jre7\bin\zip.dll
0x00000000669f0000 - 0x0000000066b83000 	F:\Program Files\Java\Jre7\bin\awt.dll
0x000007fe808e0000 - 0x000007fe809a3000 	C:\WINDOWS\system32\OLEAUT32.dll
0x000007fe80ba0000 - 0x000007fe80d50000 	C:\WINDOWS\system32\combase.dll
0x000007fe7a5b0000 - 0x000007fe7a64f000 	C:\WINDOWS\system32\apphelp.dll
0x000007fe7e2c0000 - 0x000007fe7e2e1000 	C:\WINDOWS\system32\DWMAPI.DLL
0x000007fe7f180000 - 0x000007fe7f263000 	C:\WINDOWS\system32\uxtheme.dll
0x000007fe7a660000 - 0x000007fe7a6f5000 	C:\Program Files\Common Files\microsoft shared\ink\tiptsf.dll
0x000007fe80eb0000 - 0x000007fe8102e000 	C:\WINDOWS\system32\ole32.dll
0x000007fe801d0000 - 0x000007fe801da000 	C:\WINDOWS\SYSTEM32\CRYPTBASE.dll
0x000007fe80170000 - 0x000007fe801cc000 	C:\WINDOWS\SYSTEM32\bcryptPrimitives.dll
0x000007fe6ef80000 - 0x000007fe6f180000 	C:\WINDOWS\system32\d3d9.dll
0x000007fe7e110000 - 0x000007fe7e119000 	C:\WINDOWS\SYSTEM32\VERSION.dll
0x000007fe59da0000 - 0x000007fe5af20000 	C:\WINDOWS\SYSTEM32\nvd3dumx.dll
0x000007fe80270000 - 0x000007fe802b3000 	C:\WINDOWS\SYSTEM32\powrprof.dll
0x0000000180000000 - 0x0000000180116000 	C:\Program Files (x86)\NVIDIA Corporation\3D Vision\nvSCPAPI64.dll
0x000007fe82f90000 - 0x000007fe83160000 	C:\WINDOWS\system32\SETUPAPI.dll
0x000007fe7dab0000 - 0x000007fe7db24000 	C:\WINDOWS\SYSTEM32\dxgi.dll
0x000007fe81050000 - 0x000007fe82338000 	C:\WINDOWS\system32\SHELL32.dll
0x000007fe80680000 - 0x000007fe806cf000 	C:\WINDOWS\system32\CFGMGR32.dll
0x000007fe808b0000 - 0x000007fe808d2000 	C:\WINDOWS\system32\DEVOBJ.dll
0x000007fe83300000 - 0x000007fe83350000 	C:\WINDOWS\system32\SHLWAPI.dll
0x000007fe7ceb0000 - 0x000007fe7d172000 	C:\WINDOWS\SYSTEM32\nvapi64.dll
0x000007fe80520000 - 0x000007fe80575000 	C:\WINDOWS\system32\WINTRUST.dll
0x000007fe806d0000 - 0x000007fe808a7000 	C:\WINDOWS\system32\CRYPT32.dll
0x000007fe80450000 - 0x000007fe80466000 	C:\WINDOWS\system32\MSASN1.dll
0x000007fe7d400000 - 0x000007fe7d41f000 	C:\WINDOWS\SYSTEM32\DXGIDebug.dll
0x000007fe7f550000 - 0x000007fe7f5e6000 	C:\WINDOWS\SYSTEM32\shcore.dll
0x00000000669b0000 - 0x00000000669e4000 	F:\Program Files\Java\Jre7\bin\fontmanager.dll
0x0000000069b30000 - 0x0000000069b49000 	F:\Program Files\Java\Jre7\bin\net.dll
0x000007fe7fbe0000 - 0x000007fe7fc3c000 	C:\WINDOWS\system32\mswsock.dll
0x0000000069b10000 - 0x0000000069b21000 	F:\Program Files\Java\Jre7\bin\nio.dll
0x0000000066960000 - 0x00000000669a1000 	F:\Program Files\Java\Jre7\bin\t2k.dll
0x000007fe82bf0000 - 0x000007fe82c86000 	C:\WINDOWS\SYSTEM32\clbcatq.dll
0x000007fe7df80000 - 0x000007fe7e10a000 	C:\WINDOWS\SYSTEM32\WindowsCodecs.dll
0x000007fe803a0000 - 0x000007fe803b5000 	C:\WINDOWS\SYSTEM32\profapi.dll
0x0000000069ed0000 - 0x0000000069f68000 	C:\Windows\System32\msvcp100.dll
0x000007fe67fe0000 - 0x000007fe68238000 	C:\opencv\build\x64\vc10\bin\opencv_core243.dll
0x000007fe699a0000 - 0x000007fe69a35000 	C:\Users\Jonas\AppData\Local\Temp\javacpp150013486070539\jniopencv_core.dll
0x000007fe653b0000 - 0x000007fe65655000 	C:\opencv\build\x64\vc10\bin\opencv_imgproc243.dll
0x000007fe6e620000 - 0x000007fe6e668000 	C:\Users\Jonas\AppData\Local\Temp\javacpp150013486070539\jniopencv_imgproc.dll
0x000000001bf80000 - 0x000000001cd0a000 	C:\opencv\build\x64\vc10\bin\opencv_ffmpeg243_64.dll
0x000007fe62160000 - 0x000007fe623ab000 	C:\opencv\build\x64\vc10\bin\opencv_highgui243.dll
0x000007fe77cb0000 - 0x000007fe77cd0000 	C:\WINDOWS\SYSTEM32\AVIFIL32.dll
0x000007fe70210000 - 0x000007fe70239000 	C:\WINDOWS\SYSTEM32\MSVFW32.dll
0x000007fe775f0000 - 0x000007fe77607000 	C:\WINDOWS\SYSTEM32\AVICAP32.dll
0x000007fe677e0000 - 0x000007fe677f9000 	C:\WINDOWS\SYSTEM32\MSACM32.dll
0x000007fe6f940000 - 0x000007fe6f953000 	C:\Users\Jonas\AppData\Local\Temp\javacpp150013486070539\jniopencv_highgui.dll
0x000007fe6f710000 - 0x000007fe6f727000 	C:\Windows\System32\devenum.dll
0x000007fe796e0000 - 0x000007fe7970e000 	C:\WINDOWS\SYSTEM32\ntmarta.dll
0x000007fe794c0000 - 0x000007fe794cd000 	C:\WINDOWS\SYSTEM32\msdmo.dll
0x000007fe6e9b0000 - 0x000007fe6e9df000 	C:\Windows\System32\qcap.dll
0x000007fe67800000 - 0x000007fe679b8000 	C:\Windows\System32\quartz.dll
0x000007fe6d600000 - 0x000007fe6d63f000 	C:\Windows\System32\ksproxy.ax
0x000007fe6d940000 - 0x000007fe6d947000 	C:\Windows\System32\ksuser.dll
0x000007fe78590000 - 0x000007fe7859c000 	C:\Windows\System32\vidcap.ax
0x000007fe6d230000 - 0x000007fe6d254000 	C:\Windows\System32\kswdmcap.ax
0x000007fe670f0000 - 0x000007fe67244000 	C:\Windows\System32\MFC42.dll
0x000007fe698e0000 - 0x000007fe6999e000 	C:\Windows\System32\ODBC32.dll
0x000007fe69210000 - 0x000007fe692a5000 	C:\Windows\System32\qedit.dll
0x000007fe823b0000 - 0x000007fe82451000 	C:\WINDOWS\system32\COMDLG32.dll
0x000007fe83160000 - 0x000007fe83300000 	C:\WINDOWS\WinSxS\amd64_microsoft.windows.gdiplus_6595b64144ccf1df_1.1.9200.16384_none_72771d4ecc1c3a4d\gdiplus.dll
0x000007fe67cd0000 - 0x000007fe67dba000 	C:\WINDOWS\SYSTEM32\DDRAW.dll
0x000007fe7d1b0000 - 0x000007fe7d1b8000 	C:\WINDOWS\SYSTEM32\DCIMAN32.dll
0x000007fe7d2d0000 - 0x000007fe7d339000 	C:\WINDOWS\SYSTEM32\oleacc.dll
0x0000000066930000 - 0x000000006695a000 	F:\Program Files\Java\Jre7\bin\dcpr.dll

VM Arguments:
jvm_args: -Dfile.encoding=Cp1252 
java_command: emcscanner.kth.se.Program
Launcher Type: SUN_STANDARD

Environment Variables:
PATH=C:\Program Files (x86)\NVIDIA Corporation\PhysX\Common;C:\WINDOWS\system32;C:\WINDOWS;C:\WINDOWS\System32\Wbem;C:\WINDOWS\System32\WindowsPowerShell\v1.0\;C:\Program Files (x86)\Microsoft SQL Server\90\Tools\binn\;C:\Program Files (x86)\Autodesk\Backburner\;F:\Program Files\MATLAB\R2012a\runtime\win64;F:\Program Files\MATLAB\R2012a\bin;C:\Program Files\Internet Explorer;C:\Program Files\Perforce;F:\Program Files\Perforce;C:\Program Files\Microsoft\Web Platform Installer\;C:\Program Files (x86)\Microsoft ASP.NET\ASP.NET Web Pages\v1.0\;C:\Program Files (x86)\Windows Kits\8.0\Windows Performance Toolkit\;C:\Program Files\Microsoft SQL Server\110\Tools\Binn\;F:\Program Files\Perforce\Server
USERNAME=Jonas
OS=Windows_NT
PROCESSOR_IDENTIFIER=Intel64 Family 6 Model 42 Stepping 7, GenuineIntel



---------------  S Y S T E M  ---------------

OS: Windows 8 , 64 bit Build 9200 

CPU:total 8 (4 cores per cpu, 2 threads per core) family 6 model 42 stepping 7, cmov, cx8, fxsr, mmx, sse, sse2, sse3, ssse3, sse4.1, sse4.2, popcnt, avx, ht, tsc, tscinvbit

Memory: 4k page, physical 16751668k(11303488k free), swap 33528884k(25154288k free)

vm_info: Java HotSpot(TM) 64-Bit Server VM (23.3-b01) for windows-amd64 JRE (1.7.0_07-b11), built on Sep  7 2012 01:19:25 by "java_re" with unknown MS VC++:1600

time: Wed Jan 23 14:14:39 2013
elapsed time: 5 seconds

