#
# A fatal error has been detected by the Java Runtime Environment:
#
#  EXCEPTION_ACCESS_VIOLATION (0xc0000005) at pc=0x0000000066bbd107, pid=8468, tid=8784
#
# JRE version: 7.0_07-b11
# Java VM: Java HotSpot(TM) 64-Bit Server VM (23.3-b01 mixed mode windows-amd64 compressed oops)
# Problematic frame:
# C  [opencv_ffmpeg243_64.dll+0x37d107]  read_InputMediaStream_FFMPEG+0x379447
#
# Failed to write core dump. Minidumps are not enabled by default on client versions of Windows
#
# If you would like to submit a bug report, please visit:
#   http://bugreport.sun.com/bugreport/crash.jsp
# The crash happened outside the Java Virtual Machine in native code.
# See problematic frame for where to report the bug.
#

---------------  T H R E A D  ---------------

Current thread (0x0000000015002800):  JavaThread "threadDisplay" daemon [_thread_in_native, id=8784, stack(0x000000001d5f0000,0x000000001d6f0000)]

siginfo: ExceptionCode=0xc0000005, writing address 0x000000001d1b9d52

Registers:
RAX=0xfffffffffbd77bf6, RBX=0x000000002143ec50, RCX=0x000000002143ec40, RDX=0x000000001f4022a0
RSP=0x000000001d6eedc0, RBP=0x0000000066ecdce0, RSI=0x000000001f402010, RDI=0x000000002143ec40
R8 =0x0000000000000001, R9 =0x0000000016cd43d0, R10=0x0000000000000010, R11=0x000000001f761260
R12=0x000000000001aa40, R13=0x000007f95e1d1010, R14=0x000007f95e1d1060, R15=0x0000000000000000
RIP=0x0000000066bbd107, EFLAGS=0x0000000000010286

Top of Stack: (sp=0x000000001d6eedc0)
0x000000001d6eedc0:   000000002143ec40 0000000014c0fbc8
0x000000001d6eedd0:   0000000000000000 0000000000000cb0
0x000000001d6eede0:   0000000000000000 000000001f402058
0x000000001d6eedf0:   0000000020536c30 000000085d5911bc
0x000000001d6eee00:   0000000016ca64f0 0000000000000001
0x000000001d6eee10:   0000000100000000 0000000020536c30
0x000000001d6eee20:   0000000000000001 00000000150029d8
0x000000001d6eee30:   000000001d6ef040 0000000000000000
0x000000001d6eee40:   00000006fb9f07f0 000000001d6ef060
0x000000001d6eee50:   0000000015002800 0000000066e744bc
0x000000001d6eee60:   0000000016ca5ea0 000007f95d5911bc
0x000000001d6eee70:   0000000016ca6340 0000000000000001
0x000000001d6eee80:   0000000016ca5ea0 0000000016ca5ea0
0x000000001d6eee90:   0000000000000001 0000000066841934
0x000000001d6eeea0:   0000000013e51250 0000003011834200
0x000000001d6eeeb0:   00000006fb9f0460 00000000df6805b6 

Instructions: (pc=0x0000000066bbd107)
0x0000000066bbd0e7:   82 40 01 00 00 4c 8d 81 14 34 00 00 4c 29 c0 48
0x0000000066bbd0f7:   c1 f8 02 49 89 c0 49 c1 e8 3f 4c 01 c0 48 d1 f8
0x0000000066bbd107:   c6 84 01 1c 35 00 00 00 48 8b 82 38 01 00 00 48
0x0000000066bbd117:   c7 82 40 01 00 00 00 00 00 00 48 89 c1 ff 90 30 


Register to memory mapping:

RAX=0xfffffffffbd77bf6 is an unknown value
RBX=0x000000002143ec50 is an unknown value
RCX=0x000000002143ec40 is an unknown value
RDX=0x000000001f4022a0 is an unknown value
RSP=0x000000001d6eedc0 is pointing into the stack for thread: 0x0000000015002800
RBP=0x0000000066ecdce0 is an unknown value
RSI=0x000000001f402010 is an unknown value
RDI=0x000000002143ec40 is an unknown value
R8 =0x0000000000000001 is an unknown value
R9 =0x0000000016cd43d0 is an unknown value
R10=0x0000000000000010 is an unknown value
R11=0x000000001f761260 is an unknown value
R12=0x000000000001aa40 is an unknown value
R13=0x000007f95e1d1010 is an unknown value
R14=0x000007f95e1d1060 is an unknown value
R15=0x0000000000000000 is an unknown value


Stack: [0x000000001d5f0000,0x000000001d6f0000],  sp=0x000000001d6eedc0,  free space=1019k
Native frames: (J=compiled Java code, j=interpreted, Vv=VM code, C=native code)
C  [opencv_ffmpeg243_64.dll+0x37d107]  read_InputMediaStream_FFMPEG+0x379447

Java frames: (J=compiled Java code, j=interpreted, Vv=VM code)
j  com.googlecode.javacv.cpp.opencv_highgui.cvReleaseCapture(Lcom/googlecode/javacv/cpp/opencv_highgui$CvCapture;)V+0
j  com.googlecode.javacv.OpenCVFrameGrabber.stop()V+11
j  com.googlecode.javacv.FrameGrabber.restart()V+1
j  emcscanner.kth.se.AreaSettingsSubPanel$4.run()V+100
v  ~StubRoutines::call_stub

---------------  P R O C E S S  ---------------

Java Threads: ( => current thread )
  0x00000000222e4000 JavaThread "Thread-0" daemon [_thread_in_native, id=4696, stack(0x00000000181b0000,0x00000000182b0000)]
  0x00000000222e2800 JavaThread "ICEpdf-pagePainter" daemon [_thread_blocked, id=6872, stack(0x000000001f960000,0x000000001fa60000)]
  0x00000000151c1000 JavaThread "ICEpdf-pageInitializer" daemon [_thread_blocked, id=6516, stack(0x0000000026290000,0x0000000026390000)]
  0x0000000002cce000 JavaThread "DestroyJavaVM" [_thread_blocked, id=6608, stack(0x0000000002b00000,0x0000000002c00000)]
  0x0000000015348000 JavaThread "TimerQueue" daemon [_thread_blocked, id=8776, stack(0x0000000022410000,0x0000000022510000)]
  0x0000000015044000 JavaThread "threadDisplayDensity" daemon [_thread_blocked, id=8880, stack(0x000000001dc10000,0x000000001dd10000)]
  0x0000000015003800 JavaThread "AWT-EventQueue-0" [_thread_blocked, id=7268, stack(0x000000001d6f0000,0x000000001d7f0000)]
=>0x0000000015002800 JavaThread "threadDisplay" daemon [_thread_in_native, id=8784, stack(0x000000001d5f0000,0x000000001d6f0000)]
  0x0000000014f18800 JavaThread "AWT-Shutdown" [_thread_blocked, id=7332, stack(0x000000001af50000,0x000000001b050000)]
  0x0000000013f2f800 JavaThread "threadDisplay" daemon [_thread_in_native, id=6888, stack(0x000000001ae50000,0x000000001af50000)]
  0x0000000013f30000 JavaThread "AWT-Windows" daemon [_thread_in_native, id=8796, stack(0x0000000014820000,0x0000000014920000)]
  0x0000000013f2e800 JavaThread "Java2D Disposer" daemon [_thread_blocked, id=8748, stack(0x0000000014620000,0x0000000014720000)]
  0x0000000011832800 JavaThread "Service Thread" daemon [_thread_blocked, id=5104, stack(0x0000000013c20000,0x0000000013d20000)]
  0x0000000011831800 JavaThread "C2 CompilerThread1" daemon [_thread_blocked, id=9176, stack(0x0000000013b20000,0x0000000013c20000)]
  0x0000000011829000 JavaThread "C2 CompilerThread0" daemon [_thread_blocked, id=8852, stack(0x0000000013a20000,0x0000000013b20000)]
  0x0000000011827800 JavaThread "Attach Listener" daemon [_thread_blocked, id=6332, stack(0x0000000013920000,0x0000000013a20000)]
  0x000000001181a800 JavaThread "Signal Dispatcher" daemon [_thread_blocked, id=6420, stack(0x0000000013820000,0x0000000013920000)]
  0x00000000117be800 JavaThread "Finalizer" daemon [_thread_blocked, id=8396, stack(0x0000000013720000,0x0000000013820000)]
  0x00000000117b7000 JavaThread "Reference Handler" daemon [_thread_blocked, id=6448, stack(0x0000000013620000,0x0000000013720000)]

Other Threads:
  0x00000000117b1800 VMThread [stack: 0x0000000013520000,0x0000000013620000] [id=8484]
  0x000000001184f000 WatcherThread [stack: 0x0000000013d20000,0x0000000013e20000] [id=8712]

VM state:not at safepoint (normal execution)

VM Mutex/Monitor currently owned by a thread: None

Heap
 PSYoungGen      total 593664K, used 248558K [0x00000007aacb0000, 0x00000007d2f90000, 0x0000000800000000)
  eden space 542208K, 42% used [0x00000007aacb0000,0x00000007b8d030b0,0x00000007cbe30000)
  from space 51456K, 36% used [0x00000007cfd50000,0x00000007d0fb8a50,0x00000007d2f90000)
  to   space 58048K, 0% used [0x00000007cbe30000,0x00000007cbe30000,0x00000007cf6e0000)
 ParOldGen       total 379776K, used 275631K [0x0000000700600000, 0x00000007178e0000, 0x00000007aacb0000)
  object space 379776K, 72% used [0x0000000700600000,0x000000071132bf50,0x00000007178e0000)
 PSPermGen       total 32640K, used 18161K [0x00000006fb400000, 0x00000006fd3e0000, 0x0000000700600000)
  object space 32640K, 55% used [0x00000006fb400000,0x00000006fc5bc4f8,0x00000006fd3e0000)

Card table byte_map: [0x0000000005dd0000,0x0000000006600000] byte_map_base: 0x00000000025f6000

Polling page: 0x0000000002920000

Code Cache  [0x0000000002dd0000, 0x0000000003040000, 0x0000000005dd0000)
 total_blobs=907 nmethods=318 adapters=540 free_code_cache=47790Kb largest_free_block=48862016

Compilation events (10 events):
Event: 25.315 Thread 0x0000000011831800  323             java.lang.Integer::equals (29 bytes)
Event: 25.315 Thread 0x0000000011831800 nmethod 323 0x0000000002ef3890 code [0x0000000002ef39c0, 0x0000000002ef3a58]
Event: 25.377 Thread 0x0000000011829000  324             java.awt.Font::hasLayoutAttributes (5 bytes)
Event: 25.377 Thread 0x0000000011829000 nmethod 324 0x0000000002ef3690 code [0x0000000002ef37c0, 0x0000000002ef3818]
Event: 27.130 Thread 0x0000000011831800  325   !         java.nio.ByteBuffer::wrap (20 bytes)
Event: 27.132 Thread 0x0000000011831800 nmethod 325 0x0000000002f02210 code [0x0000000002f02360, 0x0000000002f024b8]
Event: 27.684 Thread 0x0000000011829000  326             java.awt.image.ColorModel::<init> (345 bytes)
Event: 27.691 Thread 0x0000000011829000 nmethod 326 0x0000000002e50550 code [0x0000000002e506e0, 0x0000000002e50ef8]
Event: 27.813 Thread 0x0000000011831800  327             sun.java2d.SurfaceData::getSurfaceType (5 bytes)
Event: 27.813 Thread 0x0000000011831800 nmethod 327 0x0000000002e50310 code [0x0000000002e50440, 0x0000000002e504b8]

GC Heap History (10 events):
Event: 22.904 GC heap before
{Heap before GC invocations=19 (full 6):
 PSYoungGen      total 431488K, used 371154K [0x00000007aacb0000, 0x00000007c9570000, 0x0000000800000000)
  eden space 374656K, 99% used [0x00000007aacb0000,0x00000007c1724ab8,0x00000007c1a90000)
  from space 56832K, 0% used [0x00000007c5df0000,0x00000007c5df0000,0x00000007c9570000)
  to   space 62912K, 0% used [0x00000007c1a90000,0x00000007c1a90000,0x00000007c5800000)
 ParOldGen       total 330816K, used 45992K [0x0000000700600000, 0x0000000714910000, 0x00000007aacb0000)
  object space 330816K, 13% used [0x0000000700600000,0x00000007032ea178,0x0000000714910000)
 PSPermGen       total 33856K, used 18110K [0x00000006fb400000, 0x00000006fd510000, 0x0000000700600000)
  object space 33856K, 53% used [0x00000006fb400000,0x00000006fc5af948,0x00000006fd510000)
Event: 22.909 GC heap after
Heap after GC invocations=19 (full 6):
 PSYoungGen      total 437568K, used 41220K [0x00000007aacb0000, 0x00000007cedb0000, 0x0000000800000000)
  eden space 374656K, 0% used [0x00000007aacb0000,0x00000007aacb0000,0x00000007c1a90000)
  from space 62912K, 65% used [0x00000007c1a90000,0x00000007c42d10e0,0x00000007c5800000)
  to   space 64128K, 0% used [0x00000007caf10000,0x00000007caf10000,0x00000007cedb0000)
 ParOldGen       total 330816K, used 45992K [0x0000000700600000, 0x0000000714910000, 0x00000007aacb0000)
  object space 330816K, 13% used [0x0000000700600000,0x00000007032ea178,0x0000000714910000)
 PSPermGen       total 33856K, used 18110K [0x00000006fb400000, 0x00000006fd510000, 0x0000000700600000)
  object space 33856K, 53% used [0x00000006fb400000,0x00000006fc5af948,0x00000006fd510000)
}
Event: 24.204 GC heap before
{Heap before GC invocations=20 (full 7):
 PSYoungGen      total 437568K, used 415876K [0x00000007aacb0000, 0x00000007cedb0000, 0x0000000800000000)
  eden space 374656K, 100% used [0x00000007aacb0000,0x00000007c1a90000,0x00000007c1a90000)
  from space 62912K, 65% used [0x00000007c1a90000,0x00000007c42d10e0,0x00000007c5800000)
  to   space 64128K, 0% used [0x00000007caf10000,0x00000007caf10000,0x00000007cedb0000)
 ParOldGen       total 330816K, used 300300K [0x0000000700600000, 0x0000000714910000, 0x00000007aacb0000)
  object space 330816K, 90% used [0x0000000700600000,0x0000000712b43350,0x0000000714910000)
 PSPermGen       total 33856K, used 18111K [0x00000006fb400000, 0x00000006fd510000, 0x0000000700600000)
  object space 33856K, 53% used [0x00000006fb400000,0x00000006fc5aff08,0x00000006fd510000)
Event: 24.228 GC heap after
Heap after GC invocations=20 (full 7):
 PSYoungGen      total 437568K, used 0K [0x00000007aacb0000, 0x00000007cedb0000, 0x0000000800000000)
  eden space 374656K, 0% used [0x00000007aacb0000,0x00000007aacb0000,0x00000007c1a90000)
  from space 62912K, 0% used [0x00000007c1a90000,0x00000007c1a90000,0x00000007c5800000)
  to   space 64128K, 0% used [0x00000007caf10000,0x00000007caf10000,0x00000007cedb0000)
 ParOldGen       total 379776K, used 43513K [0x0000000700600000, 0x00000007178e0000, 0x00000007aacb0000)
  object space 379776K, 11% used [0x0000000700600000,0x000000070307e4c0,0x00000007178e0000)
 PSPermGen       total 32640K, used 18111K [0x00000006fb400000, 0x00000006fd3e0000, 0x0000000700600000)
  object space 32640K, 55% used [0x00000006fb400000,0x00000006fc5aff08,0x00000006fd3e0000)
}
Event: 25.285 GC heap before
{Heap before GC invocations=21 (full 7):
 PSYoungGen      total 437568K, used 374656K [0x00000007aacb0000, 0x00000007cedb0000, 0x0000000800000000)
  eden space 374656K, 100% used [0x00000007aacb0000,0x00000007c1a90000,0x00000007c1a90000)
  from space 62912K, 0% used [0x00000007c1a90000,0x00000007c1a90000,0x00000007c5800000)
  to   space 64128K, 0% used [0x00000007caf10000,0x00000007caf10000,0x00000007cedb0000)
 ParOldGen       total 379776K, used 187546K [0x0000000700600000, 0x00000007178e0000, 0x00000007aacb0000)
  object space 379776K, 49% used [0x0000000700600000,0x000000070bd26b18,0x00000007178e0000)
 PSPermGen       total 32640K, used 18118K [0x00000006fb400000, 0x00000006fd3e0000, 0x0000000700600000)
  object space 32640K, 55% used [0x00000006fb400000,0x00000006fc5b1850,0x00000006fd3e0000)
Event: 25.290 GC heap after
Heap after GC invocations=21 (full 7):
 PSYoungGen      total 505600K, used 18987K [0x00000007aacb0000, 0x00000007ce1e0000, 0x0000000800000000)
  eden space 453568K, 0% used [0x00000007aacb0000,0x00000007aacb0000,0x00000007c67a0000)
  from space 52032K, 36% used [0x00000007caf10000,0x00000007cc19ad60,0x00000007ce1e0000)
  to   space 62592K, 0% used [0x00000007c67a0000,0x00000007c67a0000,0x00000007ca4c0000)
 ParOldGen       total 379776K, used 187546K [0x0000000700600000, 0x00000007178e0000, 0x00000007aacb0000)
  object space 379776K, 49% used [0x0000000700600000,0x000000070bd26b18,0x00000007178e0000)
 PSPermGen       total 32640K, used 18118K [0x00000006fb400000, 0x00000006fd3e0000, 0x0000000700600000)
  object space 32640K, 55% used [0x00000006fb400000,0x00000006fc5b1850,0x00000006fd3e0000)
}
Event: 26.305 GC heap before
{Heap before GC invocations=22 (full 7):
 PSYoungGen      total 505600K, used 471667K [0x00000007aacb0000, 0x00000007ce1e0000, 0x0000000800000000)
  eden space 453568K, 99% used [0x00000007aacb0000,0x00000007c66c1ee0,0x00000007c67a0000)
  from space 52032K, 36% used [0x00000007caf10000,0x00000007cc19ad60,0x00000007ce1e0000)
  to   space 62592K, 0% used [0x00000007c67a0000,0x00000007c67a0000,0x00000007ca4c0000)
 ParOldGen       total 379776K, used 189571K [0x0000000700600000, 0x00000007178e0000, 0x00000007aacb0000)
  object space 379776K, 49% used [0x0000000700600000,0x000000070bf20f28,0x00000007178e0000)
 PSPermGen       total 32640K, used 18124K [0x00000006fb400000, 0x00000006fd3e0000, 0x0000000700600000)
  object space 32640K, 55% used [0x00000006fb400000,0x00000006fc5b3160,0x00000006fd3e0000)
Event: 26.312 GC heap after
Heap after GC invocations=22 (full 7):
 PSYoungGen      total 516160K, used 29345K [0x00000007aacb0000, 0x00000007d3750000, 0x0000000800000000)
  eden space 453568K, 0% used [0x00000007aacb0000,0x00000007aacb0000,0x00000007c67a0000)
  from space 62592K, 46% used [0x00000007c67a0000,0x00000007c8448670,0x00000007ca4c0000)
  to   space 59392K, 0% used [0x00000007cfd50000,0x00000007cfd50000,0x00000007d3750000)
 ParOldGen       total 379776K, used 189571K [0x0000000700600000, 0x00000007178e0000, 0x00000007aacb0000)
  object space 379776K, 49% used [0x0000000700600000,0x000000070bf20f28,0x00000007178e0000)
 PSPermGen       total 32640K, used 18124K [0x00000006fb400000, 0x00000006fd3e0000, 0x0000000700600000)
  object space 32640K, 55% used [0x00000006fb400000,0x00000006fc5b3160,0x00000006fd3e0000)
}
Event: 27.384 GC heap before
{Heap before GC invocations=23 (full 7):
 PSYoungGen      total 516160K, used 482913K [0x00000007aacb0000, 0x00000007d3750000, 0x0000000800000000)
  eden space 453568K, 100% used [0x00000007aacb0000,0x00000007c67a0000,0x00000007c67a0000)
  from space 62592K, 46% used [0x00000007c67a0000,0x00000007c8448670,0x00000007ca4c0000)
  to   space 59392K, 0% used [0x00000007cfd50000,0x00000007cfd50000,0x00000007d3750000)
 ParOldGen       total 379776K, used 275631K [0x0000000700600000, 0x00000007178e0000, 0x00000007aacb0000)
  object space 379776K, 72% used [0x0000000700600000,0x000000071132bf50,0x00000007178e0000)
 PSPermGen       total 32640K, used 18125K [0x00000006fb400000, 0x00000006fd3e0000, 0x0000000700600000)
  object space 32640K, 55% used [0x00000006fb400000,0x00000006fc5b3760,0x00000006fd3e0000)
Event: 27.390 GC heap after
Heap after GC invocations=23 (full 7):
 PSYoungGen      total 593664K, used 18850K [0x00000007aacb0000, 0x00000007d2f90000, 0x0000000800000000)
  eden space 542208K, 0% used [0x00000007aacb0000,0x00000007aacb0000,0x00000007cbe30000)
  from space 51456K, 36% used [0x00000007cfd50000,0x00000007d0fb8a50,0x00000007d2f90000)
  to   space 58048K, 0% used [0x00000007cbe30000,0x00000007cbe30000,0x00000007cf6e0000)
 ParOldGen       total 379776K, used 275631K [0x0000000700600000, 0x00000007178e0000, 0x00000007aacb0000)
  object space 379776K, 72% used [0x0000000700600000,0x000000071132bf50,0x00000007178e0000)
 PSPermGen       total 32640K, used 18125K [0x00000006fb400000, 0x00000006fd3e0000, 0x0000000700600000)
  object space 32640K, 55% used [0x00000006fb400000,0x00000006fc5b3760,0x00000006fd3e0000)
}

Deoptimization events (10 events):
Event: 2.732 Thread 0x0000000002cce000 Uncommon trap -83 fr.pc 0x0000000002e70a3c
Event: 3.206 Thread 0x0000000002cce000 Uncommon trap 43 fr.pc 0x0000000002e93564
Event: 3.722 Thread 0x0000000015003800 Uncommon trap -83 fr.pc 0x0000000002e9ab84
Event: 3.771 Thread 0x00000000151c1000 Uncommon trap -83 fr.pc 0x0000000002e97af4
Event: 3.824 Thread 0x00000000151c1000 Uncommon trap -83 fr.pc 0x0000000002e97744
Event: 3.837 Thread 0x00000000151c1000 Uncommon trap -83 fr.pc 0x0000000002ecc7e8
Event: 3.899 Thread 0x00000000151c1000 Uncommon trap -83 fr.pc 0x0000000002ec9afc
Event: 3.930 Thread 0x00000000151c1000 Uncommon trap -83 fr.pc 0x0000000002eba6d8
Event: 4.124 Thread 0x00000000222e2800 Uncommon trap -83 fr.pc 0x0000000002ef48bc
Event: 10.117 Thread 0x0000000015003800 Uncommon trap -83 fr.pc 0x0000000002e79a18

Internal exceptions (10 events):
Event: 3.942 Thread 0x00000000151c1000 Threw 0x00000007ab314248 at C:\jdk7u1_64p\jdk7u7\hotspot\src\share\vm\prims\jvm.cpp:1166
Event: 3.978 Thread 0x00000000151c1000 Threw 0x00000007ab5991f0 at C:\jdk7u1_64p\jdk7u7\hotspot\src\share\vm\prims\jvm.cpp:1166
Event: 3.978 Thread 0x00000000151c1000 Threw 0x00000007ab59bfc0 at C:\jdk7u1_64p\jdk7u7\hotspot\src\share\vm\prims\jvm.cpp:1166
Event: 3.981 Thread 0x00000000151c1000 Threw 0x00000007ab5ac428 at C:\jdk7u1_64p\jdk7u7\hotspot\src\share\vm\prims\jvm.cpp:1166
Event: 3.981 Thread 0x00000000151c1000 Threw 0x00000007ab5af1f8 at C:\jdk7u1_64p\jdk7u7\hotspot\src\share\vm\prims\jvm.cpp:1166
Event: 3.982 Thread 0x00000000151c1000 Threw 0x00000007ab5b23a8 at C:\jdk7u1_64p\jdk7u7\hotspot\src\share\vm\prims\jvm.cpp:1166
Event: 3.982 Thread 0x00000000151c1000 Threw 0x00000007ab5b5178 at C:\jdk7u1_64p\jdk7u7\hotspot\src\share\vm\prims\jvm.cpp:1166
Event: 4.114 Thread 0x00000000222e2800 Threw 0x00000007abb196e0 at C:\jdk7u1_64p\jdk7u7\hotspot\src\share\vm\prims\jvm.cpp:1166
Event: 4.117 Thread 0x00000000222e2800 Threw 0x00000007abb29f70 at C:\jdk7u1_64p\jdk7u7\hotspot\src\share\vm\prims\jvm.cpp:1166
Event: 4.318 Thread 0x00000000222e2800 Threw 0x00000007ac59aee8 at C:\jdk7u1_64p\jdk7u7\hotspot\src\share\vm\prims\jvm.cpp:1166

Events (10 events):
Event: 28.566 loading class 0x00000000117cba60
Event: 28.566 Thread 0x00000000222de800 Thread exited: 0x00000000222de800
Event: 28.566 loading class 0x00000000117cba60 done
Event: 28.566 loading class 0x000000002210a410
Event: 28.566 loading class 0x000000002210a5c0
Event: 28.566 loading class 0x000000002210a5c0 done
Event: 28.566 loading class 0x000000002210a410 done
Event: 28.568 loading class 0x000000002210a710
Event: 28.568 loading class 0x000000002210a710 done
Event: 28.568 Thread 0x00000000222df800 Thread exited: 0x00000000222df800


Dynamic libraries:
0x000007f7f0ad0000 - 0x000007f7f0b04000 	F:\Program Files\Java\Jre7\bin\javaw.exe
0x000007f95e1d0000 - 0x000007f95e38e000 	C:\WINDOWS\SYSTEM32\ntdll.dll
0x000007f95d7e0000 - 0x000007f95d916000 	C:\WINDOWS\system32\KERNEL32.DLL
0x000007f95b470000 - 0x000007f95b563000 	C:\WINDOWS\system32\KERNELBASE.dll
0x000007f95ca50000 - 0x000007f95cb2e000 	C:\WINDOWS\system32\ADVAPI32.dll
0x000007f95ce50000 - 0x000007f95cf9c000 	C:\WINDOWS\system32\USER32.dll
0x000007f958910000 - 0x000007f958b79000 	C:\WINDOWS\WinSxS\amd64_microsoft.windows.common-controls_6595b64144ccf1df_6.0.9200.16384_none_418c2a697189c07f\COMCTL32.dll
0x000007f95d590000 - 0x000007f95d635000 	C:\WINDOWS\system32\msvcrt.dll
0x000007f95db40000 - 0x000007f95db88000 	C:\WINDOWS\SYSTEM32\sechost.dll
0x000007f95d6a0000 - 0x000007f95d7e0000 	C:\WINDOWS\system32\RPCRT4.dll
0x000007f95b620000 - 0x000007f95b760000 	C:\WINDOWS\system32\GDI32.dll
0x000007f95dcd0000 - 0x000007f95dd09000 	C:\WINDOWS\system32\IMM32.DLL
0x000007f95cd30000 - 0x000007f95ce45000 	C:\WINDOWS\system32\MSCTF.dll
0x000007f95b0c0000 - 0x000007f95b0c8000 	C:\PROGRA~2\NVIDIA~1\3DVISI~1\NVSTIN~1.DLL
0x000007f95d990000 - 0x000007f95d997000 	C:\WINDOWS\system32\PSAPI.DLL
0x000000006f560000 - 0x000000006f603000 	C:\WINDOWS\WinSxS\amd64_microsoft.vc90.crt_1fc8b3b9a1e18e3b_9.0.30729.6871_none_08e717a5a83adddf\MSVCR90.dll
0x000000006db00000 - 0x000000006dbd1000 	F:\Program Files\Java\Jre7\bin\msvcr100.dll
0x000000006d3e0000 - 0x000000006daff000 	F:\Program Files\Java\Jre7\bin\server\jvm.dll
0x000007f953860000 - 0x000007f953869000 	C:\WINDOWS\SYSTEM32\WSOCK32.dll
0x000007f958800000 - 0x000007f958820000 	C:\WINDOWS\SYSTEM32\WINMM.dll
0x000007f95d920000 - 0x000007f95d978000 	C:\WINDOWS\system32\WS2_32.dll
0x000007f958100000 - 0x000007f958132000 	C:\WINDOWS\SYSTEM32\WINMMBASE.dll
0x000007f95dd10000 - 0x000007f95dd19000 	C:\WINDOWS\system32\NSI.dll
0x000000006d3d0000 - 0x000000006d3df000 	F:\Program Files\Java\Jre7\bin\verify.dll
0x000000006d3a0000 - 0x000000006d3c8000 	F:\Program Files\Java\Jre7\bin\java.dll
0x000000006d380000 - 0x000000006d395000 	F:\Program Files\Java\Jre7\bin\zip.dll
0x000000006c580000 - 0x000000006c713000 	F:\Program Files\Java\Jre7\bin\awt.dll
0x000007f95db90000 - 0x000007f95dc53000 	C:\WINDOWS\system32\OLEAUT32.dll
0x000007f95d3e0000 - 0x000007f95d590000 	C:\WINDOWS\system32\combase.dll
0x000007f955390000 - 0x000007f95542f000 	C:\WINDOWS\system32\apphelp.dll
0x000007f959ec0000 - 0x000007f959fa3000 	C:\WINDOWS\system32\uxtheme.dll
0x000007f9552f0000 - 0x000007f955385000 	C:\Program Files\Common Files\microsoft shared\ink\tiptsf.dll
0x000007f959650000 - 0x000007f959671000 	C:\WINDOWS\SYSTEM32\dwmapi.dll
0x000007f95cfa0000 - 0x000007f95d11e000 	C:\WINDOWS\system32\ole32.dll
0x000007f95af30000 - 0x000007f95af3a000 	C:\WINDOWS\SYSTEM32\CRYPTBASE.dll
0x000007f95aeb0000 - 0x000007f95af0c000 	C:\WINDOWS\SYSTEM32\bcryptPrimitives.dll
0x000007f95b760000 - 0x000007f95ca48000 	C:\WINDOWS\system32\SHELL32.dll
0x000007f95dc80000 - 0x000007f95dcd0000 	C:\WINDOWS\system32\SHLWAPI.dll
0x000007f95a290000 - 0x000007f95a326000 	C:\WINDOWS\SYSTEM32\shcore.dll
0x000000006e430000 - 0x000000006e4c8000 	C:\Windows\System32\msvcp100.dll
0x000007f9422e0000 - 0x000007f942538000 	C:\opencv\build\x64\vc10\bin\opencv_core243.dll
0x000007f9483b0000 - 0x000007f948445000 	C:\Users\Jonas\AppData\Local\Temp\javacpp168668095966207\jniopencv_core.dll
0x000007f941c50000 - 0x000007f941ef5000 	C:\opencv\build\x64\vc10\bin\opencv_imgproc243.dll
0x000007f951fb0000 - 0x000007f951ff8000 	C:\Users\Jonas\AppData\Local\Temp\javacpp168668095966207\jniopencv_imgproc.dll
0x0000000066840000 - 0x00000000675ca000 	C:\opencv\build\x64\vc10\bin\opencv_ffmpeg243_64.dll
0x000007f943c90000 - 0x000007f943edb000 	C:\opencv\build\x64\vc10\bin\opencv_highgui243.dll
0x000007f954980000 - 0x000007f9549a0000 	C:\WINDOWS\SYSTEM32\AVIFIL32.dll
0x000007f954a10000 - 0x000007f954a39000 	C:\WINDOWS\SYSTEM32\MSVFW32.dll
0x000007f954af0000 - 0x000007f954b07000 	C:\WINDOWS\SYSTEM32\AVICAP32.dll
0x000007f948660000 - 0x000007f948679000 	C:\WINDOWS\SYSTEM32\MSACM32.dll
0x000007f959620000 - 0x000007f959629000 	C:\WINDOWS\SYSTEM32\VERSION.dll
0x000007f954920000 - 0x000007f954933000 	C:\Users\Jonas\AppData\Local\Temp\javacpp168668095966207\jniopencv_highgui.dll
0x000007f95cc90000 - 0x000007f95cd26000 	C:\WINDOWS\SYSTEM32\clbcatq.dll
0x000007f9547c0000 - 0x000007f9547d7000 	C:\Windows\System32\devenum.dll
0x000007f95e000000 - 0x000007f95e1d0000 	C:\WINDOWS\system32\setupapi.dll
0x000007f95b390000 - 0x000007f95b3df000 	C:\WINDOWS\system32\CFGMGR32.dll
0x000007f95b440000 - 0x000007f95b462000 	C:\WINDOWS\system32\DEVOBJ.dll
0x000007f954440000 - 0x000007f95446e000 	C:\WINDOWS\SYSTEM32\ntmarta.dll
0x000007f95b3e0000 - 0x000007f95b435000 	C:\WINDOWS\system32\WINTRUST.dll
0x000007f95b1b0000 - 0x000007f95b387000 	C:\WINDOWS\system32\CRYPT32.dll
0x000007f95b190000 - 0x000007f95b1a6000 	C:\WINDOWS\system32\MSASN1.dll
0x000007f957430000 - 0x000007f95743d000 	C:\WINDOWS\SYSTEM32\msdmo.dll
0x000007f952370000 - 0x000007f95239f000 	C:\Windows\System32\qcap.dll
0x000007f9463d0000 - 0x000007f946588000 	C:\Windows\System32\quartz.dll
0x000007f9488e0000 - 0x000007f94891f000 	C:\Windows\System32\ksproxy.ax
0x000007f955b30000 - 0x000007f955b37000 	C:\Windows\System32\ksuser.dll
0x000007f94a240000 - 0x000007f94a440000 	C:\Windows\System32\d3d9.dll
0x000007f955a20000 - 0x000007f955a2c000 	C:\Windows\System32\vidcap.ax
0x000007f952150000 - 0x000007f952174000 	C:\Windows\System32\kswdmcap.ax
0x000007f942040000 - 0x000007f942194000 	C:\Windows\System32\MFC42.dll
0x000007f946810000 - 0x000007f9468ce000 	C:\Windows\System32\ODBC32.dll
0x000007f945820000 - 0x000007f9458b5000 	C:\Windows\System32\qedit.dll
0x000007f95df50000 - 0x000007f95dff1000 	C:\WINDOWS\system32\COMDLG32.dll
0x000007f95d9a0000 - 0x000007f95db40000 	C:\WINDOWS\WinSxS\amd64_microsoft.windows.gdiplus_6595b64144ccf1df_1.1.9200.16384_none_72771d4ecc1c3a4d\gdiplus.dll
0x000007f942540000 - 0x000007f94262a000 	C:\WINDOWS\SYSTEM32\DDRAW.dll
0x000007f957440000 - 0x000007f957448000 	C:\WINDOWS\SYSTEM32\DCIMAN32.dll
0x000000006c540000 - 0x000000006c574000 	F:\Program Files\Java\Jre7\bin\fontmanager.dll
0x000007f93d8c0000 - 0x000007f93ea40000 	C:\WINDOWS\SYSTEM32\nvd3dumx.dll
0x000007f95afb0000 - 0x000007f95aff3000 	C:\WINDOWS\SYSTEM32\powrprof.dll
0x0000000180000000 - 0x0000000180116000 	C:\Program Files (x86)\NVIDIA Corporation\3D Vision\nvSCPAPI64.dll
0x000007f958830000 - 0x000007f9588a4000 	C:\WINDOWS\SYSTEM32\dxgi.dll
0x000007f957c90000 - 0x000007f957f52000 	C:\WINDOWS\SYSTEM32\nvapi64.dll
0x000007f958140000 - 0x000007f95815f000 	C:\WINDOWS\SYSTEM32\DXGIDebug.dll
0x000000006d360000 - 0x000000006d379000 	F:\Program Files\Java\Jre7\bin\net.dll
0x000007f95a920000 - 0x000007f95a97c000 	C:\WINDOWS\system32\mswsock.dll
0x000000006d340000 - 0x000000006d351000 	F:\Program Files\Java\Jre7\bin\nio.dll
0x000000006c4f0000 - 0x000000006c531000 	F:\Program Files\Java\Jre7\bin\t2k.dll
0x000007f958d90000 - 0x000007f958f1a000 	C:\WINDOWS\SYSTEM32\WindowsCodecs.dll
0x000007f95b0e0000 - 0x000007f95b0f5000 	C:\WINDOWS\SYSTEM32\profapi.dll
0x000007f957fd0000 - 0x000007f958039000 	C:\WINDOWS\SYSTEM32\oleacc.dll
0x000000006c4c0000 - 0x000000006c4ea000 	F:\Program Files\Java\Jre7\bin\dcpr.dll
0x000007f948020000 - 0x000007f948183000 	C:\WINDOWS\SYSTEM32\dbghelp.dll

VM Arguments:
jvm_args: -Dfile.encoding=Cp1252 
java_command: emcscanner.kth.se.Program
Launcher Type: SUN_STANDARD

Environment Variables:
PATH=C:\Program Files (x86)\NVIDIA Corporation\PhysX\Common;C:\WINDOWS\system32;C:\WINDOWS;C:\WINDOWS\System32\Wbem;C:\WINDOWS\System32\WindowsPowerShell\v1.0\;C:\Program Files (x86)\Microsoft SQL Server\90\Tools\binn\;C:\Program Files (x86)\Autodesk\Backburner\;F:\Program Files\MATLAB\R2012a\runtime\win64;F:\Program Files\MATLAB\R2012a\bin;PROGRAMFILES\Internet Explorer;C:\Program Files\Perforce;F:\Program Files\Perforce;C:\Program Files\Microsoft\Web Platform Installer\;C:\Program Files (x86)\Microsoft ASP.NET\ASP.NET Web Pages\v1.0\;C:\Program Files (x86)\Windows Kits\8.0\Windows Performance Toolkit\;C:\Program Files\Microsoft SQL Server\110\Tools\Binn\;F:\Program Files\Perforce\Server
USERNAME=Jonas
OS=Windows_NT
PROCESSOR_IDENTIFIER=Intel64 Family 6 Model 42 Stepping 7, GenuineIntel



---------------  S Y S T E M  ---------------

OS: Windows 8 , 64 bit Build 9200 

CPU:total 8 (4 cores per cpu, 2 threads per core) family 6 model 42 stepping 7, cmov, cx8, fxsr, mmx, sse, sse2, sse3, ssse3, sse4.1, sse4.2, popcnt, avx, ht, tsc, tscinvbit

Memory: 4k page, physical 16751668k(10890504k free), swap 33528884k(24114728k free)

vm_info: Java HotSpot(TM) 64-Bit Server VM (23.3-b01) for windows-amd64 JRE (1.7.0_07-b11), built on Sep  7 2012 01:19:25 by "java_re" with unknown MS VC++:1600

time: Wed Jan 30 22:47:05 2013
elapsed time: 28 seconds

