#
# A fatal error has been detected by the Java Runtime Environment:
#
#  EXCEPTION_ACCESS_VIOLATION (0xc0000005) at pc=0x000000006db3c150, pid=3988, tid=7092
#
# JRE version: 7.0_07-b11
# Java VM: Java HotSpot(TM) 64-Bit Server VM (23.3-b01 mixed mode windows-amd64 compressed oops)
# Problematic frame:
# C  [msvcr100.dll+0x3c150]  memcpy+0x1c0
#
# Failed to write core dump. Minidumps are not enabled by default on client versions of Windows
#
# If you would like to submit a bug report, please visit:
#   http://bugreport.sun.com/bugreport/crash.jsp
# The crash happened outside the Java Virtual Machine in native code.
# See problematic frame for where to report the bug.
#

---------------  T H R E A D  ---------------

Current thread (0x00000000138a1000):  JavaThread "threadDisplay" daemon [_thread_in_native, id=7092, stack(0x000000001a7e0000,0x000000001a8e0000)]

siginfo: ExceptionCode=0xc0000005, reading address 0x000000001a3e954f

Registers:
RAX=0x000000000000016c, RBX=0x0000000021885ec0, RCX=0x0000000021887542, RDX=0xfffffffff8b6200d
RSP=0x000000001a8dec48, RBP=0x000000001a8ded50, RSI=0x0000000000000003, RDI=0x0000000013b6e400
R8 =0x0000000000001680, R9 =0x0000000000001680, R10=0x0000000000000003, R11=0x0000000021885ec3
R12=0x0000000022424d50, R13=0x0000000000000003, R14=0x000000001a3e7ed0, R15=0x0000000000001680
RIP=0x000000006db3c150, EFLAGS=0x0000000000010206

Top of Stack: (sp=0x000000001a8dec48)
0x000000001a8dec48:   000007f943c91bdb 0000000000000100
0x000000001a8dec58:   0000000000000000 000000001a3e6850
0x000000001a8dec68:   0000000000000004 0000000000000000
0x000000001a8dec78:   0000000000001680 0000ff7654225852
0x000000001a8dec88:   0000000000155555 000002c322420101
0x000000001a8dec98:   0000017000000001 0000000100000782
0x000000001a8deca8:   0000000100000003 0000000300001680
0x000000001a8decb8:   000000001a3e6850 0000000000000003
0x000000001a8decc8:   0000000000000006 0000000000001680
0x000000001a8decd8:   00000000229428b0 000002ce00000780
0x000000001a8dece8:   0000000013b1cf90 0000000600001680
0x000000001a8decf8:   0000000000000003 0000000000000001
0x000000001a8ded08:   0000000000000003 0000000000000003
0x000000001a8ded18:   fffffffffffffffe 0000000000000000
0x000000001a8ded28:   0000043800000780 fffffffffffffffe
0x000000001a8ded38:   000000001a8df0f0 000000001a8dee50 

Instructions: (pc=0x000000006db3c150)
0x000000006db3c130:   66 66 66 90 66 66 66 90 66 90 49 03 c8 49 83 f8
0x000000006db3c140:   08 72 61 f6 c1 07 74 36 f6 c1 01 74 0b 48 ff c9
0x000000006db3c150:   8a 04 0a 49 ff c8 88 01 f6 c1 02 74 0f 48 83 e9
0x000000006db3c160:   02 66 8b 04 0a 49 83 e8 02 66 89 01 f6 c1 04 74 


Register to memory mapping:

RAX=0x000000000000016c is an unknown value
RBX=0x0000000021885ec0 is an unknown value
RCX=0x0000000021887542 is an unknown value
RDX=0xfffffffff8b6200d is an unknown value
RSP=0x000000001a8dec48 is pointing into the stack for thread: 0x00000000138a1000
RBP=0x000000001a8ded50 is pointing into the stack for thread: 0x00000000138a1000
RSI=0x0000000000000003 is an unknown value
RDI=0x0000000013b6e400 is an unknown value
R8 =0x0000000000001680 is an unknown value
R9 =0x0000000000001680 is an unknown value
R10=0x0000000000000003 is an unknown value
R11=0x0000000021885ec3 is an unknown value
R12=0x0000000022424d50 is an unknown value
R13=0x0000000000000003 is an unknown value
R14=0x000000001a3e7ed0 is an unknown value
R15=0x0000000000001680 is an unknown value


Stack: [0x000000001a7e0000,0x000000001a8e0000],  sp=0x000000001a8dec48,  free space=1019k
Native frames: (J=compiled Java code, j=interpreted, Vv=VM code, C=native code)
C  [msvcr100.dll+0x3c150]  memcpy+0x1c0
C  0x000000000000000e

Java frames: (J=compiled Java code, j=interpreted, Vv=VM code)
j  com.googlecode.javacv.cpp.opencv_imgproc.cvSmooth(Lcom/googlecode/javacv/cpp/opencv_core$CvArr;Lcom/googlecode/javacv/cpp/opencv_core$CvArr;IIIDD)V+0
j  com.googlecode.javacv.cpp.opencv_imgproc.cvSmooth(Lcom/googlecode/javacv/cpp/opencv_core$CvArr;Lcom/googlecode/javacv/cpp/opencv_core$CvArr;II)V+7
j  emcscanner.kth.se.CameraPanel$1.run()V+64
v  ~StubRoutines::call_stub

---------------  P R O C E S S  ---------------

Java Threads: ( => current thread )
  0x000000001399a000 JavaThread "Thread-0" daemon [_thread_in_native, id=5004, stack(0x0000000017030000,0x0000000017130000)]
  0x0000000013998800 JavaThread "ICEpdf-pagePainter" daemon [_thread_blocked, id=7184, stack(0x0000000025b80000,0x0000000025c80000)]
  0x00000000228dd800 JavaThread "ICEpdf-pageInitializer" daemon [_thread_blocked, id=1460, stack(0x0000000025950000,0x0000000025a50000)]
  0x00000000023be000 JavaThread "DestroyJavaVM" [_thread_blocked, id=4808, stack(0x0000000002470000,0x0000000002570000)]
  0x0000000014aef800 JavaThread "TimerQueue" daemon [_thread_blocked, id=3372, stack(0x0000000020d20000,0x0000000020e20000)]
  0x0000000013a76000 JavaThread "threadDisplayDensity" daemon [_thread_blocked, id=3960, stack(0x000000001d0c0000,0x000000001d1c0000)]
  0x0000000013a75000 JavaThread "AWT-EventQueue-0" [_thread_blocked, id=7776, stack(0x000000001cfc0000,0x000000001d0c0000)]
  0x0000000014a1c800 JavaThread "threadDisplay" daemon [_thread_blocked, id=1980, stack(0x000000001cec0000,0x000000001cfc0000)]
  0x00000000149da800 JavaThread "AWT-Shutdown" [_thread_blocked, id=8244, stack(0x000000001a8e0000,0x000000001a9e0000)]
=>0x00000000138a1000 JavaThread "threadDisplay" daemon [_thread_in_native, id=7092, stack(0x000000001a7e0000,0x000000001a8e0000)]
  0x00000000138a2000 JavaThread "AWT-Windows" daemon [_thread_in_native, id=7620, stack(0x0000000014190000,0x0000000014290000)]
  0x00000000138a0800 JavaThread "Java2D Disposer" daemon [_thread_blocked, id=8540, stack(0x0000000013f90000,0x0000000014090000)]
  0x0000000011193800 JavaThread "Service Thread" daemon [_thread_blocked, id=7272, stack(0x0000000013590000,0x0000000013690000)]
  0x000000001118f800 JavaThread "C2 CompilerThread1" daemon [_thread_blocked, id=6536, stack(0x0000000013490000,0x0000000013590000)]
  0x0000000011189000 JavaThread "C2 CompilerThread0" daemon [_thread_blocked, id=7008, stack(0x0000000013390000,0x0000000013490000)]
  0x0000000011187800 JavaThread "Attach Listener" daemon [_thread_blocked, id=8904, stack(0x0000000013290000,0x0000000013390000)]
  0x000000001117b000 JavaThread "Signal Dispatcher" daemon [_thread_blocked, id=7436, stack(0x0000000013190000,0x0000000013290000)]
  0x000000001111e800 JavaThread "Finalizer" daemon [_thread_blocked, id=5040, stack(0x0000000013090000,0x0000000013190000)]
  0x0000000011117000 JavaThread "Reference Handler" daemon [_thread_blocked, id=7544, stack(0x0000000012f90000,0x0000000013090000)]

Other Threads:
  0x0000000011112000 VMThread [stack: 0x0000000012e90000,0x0000000012f90000] [id=8436]
  0x00000000111b0000 WatcherThread [stack: 0x0000000013690000,0x0000000013790000] [id=5576]

VM state:not at safepoint (normal execution)

VM Mutex/Monitor currently owned by a thread: None

Heap
 PSYoungGen      total 435712K, used 420703K [0x00000007aacb0000, 0x00000007d2b40000, 0x0000000800000000)
  eden space 373376K, 100% used [0x00000007aacb0000,0x00000007c1950000,0x00000007c1950000)
  from space 62336K, 75% used [0x00000007c1950000,0x00000007c4787cf0,0x00000007c5630000)
  to   space 66048K, 0% used [0x00000007ceac0000,0x00000007ceac0000,0x00000007d2b40000)
 ParOldGen       total 133504K, used 96089K [0x0000000700600000, 0x0000000708860000, 0x00000007aacb0000)
  object space 133504K, 71% used [0x0000000700600000,0x00000007063d6450,0x0000000708860000)
 PSPermGen       total 36224K, used 18014K [0x00000006fb400000, 0x00000006fd760000, 0x0000000700600000)
  object space 36224K, 49% used [0x00000006fb400000,0x00000006fc597868,0x00000006fd760000)

Card table byte_map: [0x0000000005730000,0x0000000005f60000] byte_map_base: 0x0000000001f56000

Polling page: 0x0000000000b10000

Code Cache  [0x0000000002670000, 0x00000000028e0000, 0x0000000005670000)
 total_blobs=862 nmethods=272 adapters=541 free_code_cache=47758Kb largest_free_block=48841920

Compilation events (10 events):
Event: 10.325 Thread 0x000000001118f800  274             com.googlecode.javacv.cpp.opencv_core$IplImage::flipCopyWithGamma (608 bytes)
Event: 10.327 Thread 0x0000000011189000  275             java.nio.DirectByteBuffer::put (17 bytes)
Event: 10.327 Thread 0x0000000011189000 nmethod 275 0x000000000272e7d0 code [0x000000000272e900, 0x000000000272e998]
Event: 10.368 Thread 0x000000001118f800 nmethod 274 0x00000000027d5710 code [0x00000000027d5a20, 0x00000000027d80f0]
Event: 10.368 Thread 0x0000000011189000    5 %           com.googlecode.javacv.cpp.opencv_core$IplImage::flipCopyWithGamma @ 484 (608 bytes)
Event: 10.387 Thread 0x0000000011189000 nmethod 5% 0x00000000027d9090 code [0x00000000027d9340, 0x00000000027daac0]
Event: 10.576 Thread 0x000000001118f800  277             java.awt.Component::isShowing (38 bytes)
Event: 10.576 Thread 0x000000001118f800 nmethod 277 0x000000000272e510 code [0x000000000272e660, 0x000000000272e718]
Event: 11.691 Thread 0x0000000011189000  278             java.lang.Integer::intValue (5 bytes)
Event: 11.691 Thread 0x0000000011189000 nmethod 278 0x000000000272e310 code [0x000000000272e440, 0x000000000272e498]

GC Heap History (10 events):
Event: 8.696 GC heap before
{Heap before GC invocations=8 (full 0):
 PSYoungGen      total 169728K, used 152836K [0x00000007aacb0000, 0x00000007bfa50000, 0x0000000800000000)
  eden space 125184K, 99% used [0x00000007aacb0000,0x00000007b25d1f40,0x00000007b26f0000)
  from space 44544K, 64% used [0x00000007b26f0000,0x00000007b430f2a0,0x00000007b5270000)
  to   space 45632K, 0% used [0x00000007bcdc0000,0x00000007bcdc0000,0x00000007bfa50000)
 ParOldGen       total 174528K, used 74047K [0x0000000700600000, 0x000000070b070000, 0x00000007aacb0000)
  object space 174528K, 42% used [0x0000000700600000,0x0000000704e4ffc8,0x000000070b070000)
 PSPermGen       total 21248K, used 17956K [0x00000006fb400000, 0x00000006fc8c0000, 0x0000000700600000)
  object space 21248K, 84% used [0x00000006fb400000,0x00000006fc589380,0x00000006fc8c0000)
Event: 8.705 GC heap after
Heap after GC invocations=8 (full 0):
 PSYoungGen      total 290048K, used 41284K [0x00000007aacb0000, 0x00000007c05f0000, 0x0000000800000000)
  eden space 244416K, 0% used [0x00000007aacb0000,0x00000007aacb0000,0x00000007b9b60000)
  from space 45632K, 90% used [0x00000007bcdc0000,0x00000007bf6110e0,0x00000007bfa50000)
  to   space 51584K, 0% used [0x00000007b9b60000,0x00000007b9b60000,0x00000007bcdc0000)
 ParOldGen       total 174528K, used 74055K [0x0000000700600000, 0x000000070b070000, 0x00000007aacb0000)
  object space 174528K, 42% used [0x0000000700600000,0x0000000704e51fc8,0x000000070b070000)
 PSPermGen       total 21248K, used 17956K [0x00000006fb400000, 0x00000006fc8c0000, 0x0000000700600000)
  object space 21248K, 84% used [0x00000006fb400000,0x00000006fc589380,0x00000006fc8c0000)
}
Event: 9.193 GC heap before
{Heap before GC invocations=9 (full 0):
 PSYoungGen      total 290048K, used 284569K [0x00000007aacb0000, 0x00000007c05f0000, 0x0000000800000000)
  eden space 244416K, 99% used [0x00000007aacb0000,0x00000007b9a454e8,0x00000007b9b60000)
  from space 45632K, 90% used [0x00000007bcdc0000,0x00000007bf6110e0,0x00000007bfa50000)
  to   space 51584K, 0% used [0x00000007b9b60000,0x00000007b9b60000,0x00000007bcdc0000)
 ParOldGen       total 174528K, used 80130K [0x0000000700600000, 0x000000070b070000, 0x00000007aacb0000)
  object space 174528K, 45% used [0x0000000700600000,0x0000000705440bd8,0x000000070b070000)
 PSPermGen       total 21248K, used 17958K [0x00000006fb400000, 0x00000006fc8c0000, 0x0000000700600000)
  object space 21248K, 84% used [0x00000006fb400000,0x00000006fc589bf8,0x00000006fc8c0000)
Event: 9.203 GC heap after
Heap after GC invocations=9 (full 0):
 PSYoungGen      total 296000K, used 41452K [0x00000007aacb0000, 0x00000007c97a0000, 0x0000000800000000)
  eden space 244416K, 0% used [0x00000007aacb0000,0x00000007aacb0000,0x00000007b9b60000)
  from space 51584K, 80% used [0x00000007b9b60000,0x00000007bc3db3f0,0x00000007bcdc0000)
  to   space 55808K, 0% used [0x00000007c6120000,0x00000007c6120000,0x00000007c97a0000)
 ParOldGen       total 174528K, used 80178K [0x0000000700600000, 0x000000070b070000, 0x00000007aacb0000)
  object space 174528K, 45% used [0x0000000700600000,0x000000070544cbd8,0x000000070b070000)
 PSPermGen       total 21248K, used 17958K [0x00000006fb400000, 0x00000006fc8c0000, 0x0000000700600000)
  object space 21248K, 84% used [0x00000006fb400000,0x00000006fc589bf8,0x00000006fc8c0000)
}
Event: 10.060 GC heap before
{Heap before GC invocations=10 (full 1):
 PSYoungGen      total 296000K, used 285868K [0x00000007aacb0000, 0x00000007c97a0000, 0x0000000800000000)
  eden space 244416K, 100% used [0x00000007aacb0000,0x00000007b9b60000,0x00000007b9b60000)
  from space 51584K, 80% used [0x00000007b9b60000,0x00000007bc3db3f0,0x00000007bcdc0000)
  to   space 55808K, 0% used [0x00000007c6120000,0x00000007c6120000,0x00000007c97a0000)
 ParOldGen       total 267392K, used 267155K [0x0000000700600000, 0x0000000710b20000, 0x00000007aacb0000)
  object space 267392K, 99% used [0x0000000700600000,0x0000000710ae4c88,0x0000000710b20000)
 PSPermGen       total 21248K, used 17964K [0x00000006fb400000, 0x00000006fc8c0000, 0x0000000700600000)
  object space 21248K, 84% used [0x00000006fb400000,0x00000006fc58b038,0x00000006fc8c0000)
Event: 10.125 GC heap after
Heap after GC invocations=10 (full 1):
 PSYoungGen      total 296000K, used 0K [0x00000007aacb0000, 0x00000007c97a0000, 0x0000000800000000)
  eden space 244416K, 0% used [0x00000007aacb0000,0x00000007aacb0000,0x00000007b9b60000)
  from space 51584K, 0% used [0x00000007b9b60000,0x00000007b9b60000,0x00000007bcdc0000)
  to   space 55808K, 0% used [0x00000007c6120000,0x00000007c6120000,0x00000007c97a0000)
 ParOldGen       total 133504K, used 25667K [0x0000000700600000, 0x0000000708860000, 0x00000007aacb0000)
  object space 133504K, 19% used [0x0000000700600000,0x0000000701f10e00,0x0000000708860000)
 PSPermGen       total 36224K, used 17957K [0x00000006fb400000, 0x00000006fd760000, 0x0000000700600000)
  object space 36224K, 49% used [0x00000006fb400000,0x00000006fc589580,0x00000006fd760000)
}
Event: 10.646 GC heap before
{Heap before GC invocations=11 (full 1):
 PSYoungGen      total 296000K, used 239935K [0x00000007aacb0000, 0x00000007c97a0000, 0x0000000800000000)
  eden space 244416K, 98% used [0x00000007aacb0000,0x00000007b96fffb0,0x00000007b9b60000)
  from space 51584K, 0% used [0x00000007b9b60000,0x00000007b9b60000,0x00000007bcdc0000)
  to   space 55808K, 0% used [0x00000007c6120000,0x00000007c6120000,0x00000007c97a0000)
 ParOldGen       total 133504K, used 25667K [0x0000000700600000, 0x0000000708860000, 0x00000007aacb0000)
  object space 133504K, 19% used [0x0000000700600000,0x0000000701f10e00,0x0000000708860000)
 PSPermGen       total 36224K, used 17978K [0x00000006fb400000, 0x00000006fd760000, 0x0000000700600000)
  object space 36224K, 49% used [0x00000006fb400000,0x00000006fc58ea98,0x00000006fd760000)
Event: 10.658 GC heap after
Heap after GC invocations=11 (full 1):
 PSYoungGen      total 408000K, used 51078K [0x00000007aacb0000, 0x00000007c9310000, 0x0000000800000000)
  eden space 356864K, 0% used [0x00000007aacb0000,0x00000007aacb0000,0x00000007c0930000)
  from space 51136K, 99% used [0x00000007c6120000,0x00000007c93018e8,0x00000007c9310000)
  to   space 62336K, 0% used [0x00000007c1950000,0x00000007c1950000,0x00000007c5630000)
 ParOldGen       total 133504K, used 37817K [0x0000000700600000, 0x0000000708860000, 0x00000007aacb0000)
  object space 133504K, 28% used [0x0000000700600000,0x0000000702aee620,0x0000000708860000)
 PSPermGen       total 36224K, used 17978K [0x00000006fb400000, 0x00000006fd760000, 0x0000000700600000)
  object space 36224K, 49% used [0x00000006fb400000,0x00000006fc58ea98,0x00000006fd760000)
}
Event: 11.308 GC heap before
{Heap before GC invocations=12 (full 1):
 PSYoungGen      total 408000K, used 406884K [0x00000007aacb0000, 0x00000007c9310000, 0x0000000800000000)
  eden space 356864K, 99% used [0x00000007aacb0000,0x00000007c0827818,0x00000007c0930000)
  from space 51136K, 99% used [0x00000007c6120000,0x00000007c93018e8,0x00000007c9310000)
  to   space 62336K, 0% used [0x00000007c1950000,0x00000007c1950000,0x00000007c5630000)
 ParOldGen       total 133504K, used 41234K [0x0000000700600000, 0x0000000708860000, 0x00000007aacb0000)
  object space 133504K, 30% used [0x0000000700600000,0x0000000702e44af0,0x0000000708860000)
 PSPermGen       total 36224K, used 17979K [0x00000006fb400000, 0x00000006fd760000, 0x0000000700600000)
  object space 36224K, 49% used [0x00000006fb400000,0x00000006fc58efb0,0x00000006fd760000)
Event: 11.321 GC heap after
Heap after GC invocations=12 (full 1):
 PSYoungGen      total 435712K, used 47327K [0x00000007aacb0000, 0x00000007d2b40000, 0x0000000800000000)
  eden space 373376K, 0% used [0x00000007aacb0000,0x00000007aacb0000,0x00000007c1950000)
  from space 62336K, 75% used [0x00000007c1950000,0x00000007c4787cf0,0x00000007c5630000)
  to   space 66048K, 0% used [0x00000007ceac0000,0x00000007ceac0000,0x00000007d2b40000)
 ParOldGen       total 133504K, used 54702K [0x0000000700600000, 0x0000000708860000, 0x00000007aacb0000)
  object space 133504K, 40% used [0x0000000700600000,0x0000000703b6bb08,0x0000000708860000)
 PSPermGen       total 36224K, used 17979K [0x00000006fb400000, 0x00000006fd760000, 0x0000000700600000)
  object space 36224K, 49% used [0x00000006fb400000,0x00000006fc58efb0,0x00000006fd760000)
}

Deoptimization events (10 events):
Event: 3.848 Thread 0x00000000228dd800 Uncommon trap -83 fr.pc 0x0000000002730a04
Event: 3.864 Thread 0x00000000228dd800 Uncommon trap -83 fr.pc 0x0000000002769068
Event: 3.938 Thread 0x00000000228dd800 Uncommon trap -83 fr.pc 0x0000000002765588
Event: 3.971 Thread 0x00000000228dd800 Uncommon trap -83 fr.pc 0x0000000002756d98
Event: 4.159 Thread 0x0000000013998800 Uncommon trap -83 fr.pc 0x000000000278b2fc
Event: 10.325 Thread 0x0000000013a75000 Uncommon trap -122 fr.pc 0x00000000027ccdc8
Event: 10.325 Thread 0x0000000013a75000 Uncommon trap -34 fr.pc 0x00000000027cabe0
Event: 10.325 Thread 0x0000000013a75000 Uncommon trap -34 fr.pc 0x00000000027cabe0
Event: 10.326 Thread 0x0000000013a75000 Uncommon trap -34 fr.pc 0x00000000027cabe0
Event: 10.326 Thread 0x0000000013a75000 Uncommon trap -34 fr.pc 0x00000000027cabe0

Internal exceptions (10 events):
Event: 4.023 Thread 0x00000000228dd800 Threw 0x00000007ab70f658 at C:\jdk7u1_64p\jdk7u7\hotspot\src\share\vm\prims\jvm.cpp:1166
Event: 4.023 Thread 0x00000000228dd800 Threw 0x00000007ab712428 at C:\jdk7u1_64p\jdk7u7\hotspot\src\share\vm\prims\jvm.cpp:1166
Event: 4.024 Thread 0x00000000228dd800 Threw 0x00000007ab7155d8 at C:\jdk7u1_64p\jdk7u7\hotspot\src\share\vm\prims\jvm.cpp:1166
Event: 4.025 Thread 0x00000000228dd800 Threw 0x00000007ab7183a8 at C:\jdk7u1_64p\jdk7u7\hotspot\src\share\vm\prims\jvm.cpp:1166
Event: 4.145 Thread 0x0000000013998800 Threw 0x00000007abc59328 at C:\jdk7u1_64p\jdk7u7\hotspot\src\share\vm\prims\jvm.cpp:1166
Event: 4.149 Thread 0x0000000013998800 Threw 0x00000007abc69bb8 at C:\jdk7u1_64p\jdk7u7\hotspot\src\share\vm\prims\jvm.cpp:1166
Event: 4.352 Thread 0x0000000013998800 Threw 0x00000007ac7490a8 at C:\jdk7u1_64p\jdk7u7\hotspot\src\share\vm\prims\jvm.cpp:1166
Event: 10.300 Thread 0x0000000013a75000 Threw 0x00000007ac342820 at C:\jdk7u1_64p\jdk7u7\hotspot\src\share\vm\prims\jvm.cpp:1166
Event: 10.301 Thread 0x0000000013a75000 Threw 0x00000007ac347df0 at C:\jdk7u1_64p\jdk7u7\hotspot\src\share\vm\prims\jvm.cpp:1166
Event: 10.324 Thread 0x0000000013a75000 Threw 0x00000007af009fb8 at C:\jdk7u1_64p\jdk7u7\hotspot\src\share\vm\prims\jvm.cpp:1166

Events (10 events):
Event: 11.301 Executing VM operation: ParallelGCFailedAllocation
Event: 11.301 Executing VM operation: ParallelGCFailedAllocation done
Event: 11.308 Executing VM operation: ParallelGCSystemGC
Event: 11.321 Executing VM operation: ParallelGCSystemGC done
Event: 11.609 loading class 0x0000000014c2eda0
Event: 11.609 loading class 0x0000000014c2eda0 done
Event: 11.609 loading class 0x00000000149392f0
Event: 11.609 loading class 0x0000000014b4dc90
Event: 11.609 loading class 0x0000000014b4dc90 done
Event: 11.609 loading class 0x00000000149392f0 done


Dynamic libraries:
0x000007f7f0ad0000 - 0x000007f7f0b04000 	F:\Program Files\Java\Jre7\bin\javaw.exe
0x000007f95e1d0000 - 0x000007f95e38e000 	C:\WINDOWS\SYSTEM32\ntdll.dll
0x000007f95d7e0000 - 0x000007f95d916000 	C:\WINDOWS\system32\KERNEL32.DLL
0x000007f95b470000 - 0x000007f95b563000 	C:\WINDOWS\system32\KERNELBASE.dll
0x000007f95ca50000 - 0x000007f95cb2e000 	C:\WINDOWS\system32\ADVAPI32.dll
0x000007f95ce50000 - 0x000007f95cf9c000 	C:\WINDOWS\system32\USER32.dll
0x000007f958910000 - 0x000007f958b79000 	C:\WINDOWS\WinSxS\amd64_microsoft.windows.common-controls_6595b64144ccf1df_6.0.9200.16384_none_418c2a697189c07f\COMCTL32.dll
0x000007f95d590000 - 0x000007f95d635000 	C:\WINDOWS\system32\msvcrt.dll
0x000007f95db40000 - 0x000007f95db88000 	C:\WINDOWS\SYSTEM32\sechost.dll
0x000007f95d6a0000 - 0x000007f95d7e0000 	C:\WINDOWS\system32\RPCRT4.dll
0x000007f95b620000 - 0x000007f95b760000 	C:\WINDOWS\system32\GDI32.dll
0x000007f95dcd0000 - 0x000007f95dd09000 	C:\WINDOWS\system32\IMM32.DLL
0x000007f95cd30000 - 0x000007f95ce45000 	C:\WINDOWS\system32\MSCTF.dll
0x000007f95b0c0000 - 0x000007f95b0c8000 	C:\PROGRA~2\NVIDIA~1\3DVISI~1\NVSTIN~1.DLL
0x000007f95d990000 - 0x000007f95d997000 	C:\WINDOWS\system32\PSAPI.DLL
0x000000006f560000 - 0x000000006f603000 	C:\WINDOWS\WinSxS\amd64_microsoft.vc90.crt_1fc8b3b9a1e18e3b_9.0.30729.6871_none_08e717a5a83adddf\MSVCR90.dll
0x000000006db00000 - 0x000000006dbd1000 	F:\Program Files\Java\Jre7\bin\msvcr100.dll
0x000000006d3e0000 - 0x000000006daff000 	F:\Program Files\Java\Jre7\bin\server\jvm.dll
0x000007f953860000 - 0x000007f953869000 	C:\WINDOWS\SYSTEM32\WSOCK32.dll
0x000007f958800000 - 0x000007f958820000 	C:\WINDOWS\SYSTEM32\WINMM.dll
0x000007f95d920000 - 0x000007f95d978000 	C:\WINDOWS\system32\WS2_32.dll
0x000007f958100000 - 0x000007f958132000 	C:\WINDOWS\SYSTEM32\WINMMBASE.dll
0x000007f95dd10000 - 0x000007f95dd19000 	C:\WINDOWS\system32\NSI.dll
0x000000006d3d0000 - 0x000000006d3df000 	F:\Program Files\Java\Jre7\bin\verify.dll
0x000000006d3a0000 - 0x000000006d3c8000 	F:\Program Files\Java\Jre7\bin\java.dll
0x000000006d380000 - 0x000000006d395000 	F:\Program Files\Java\Jre7\bin\zip.dll
0x000000006c580000 - 0x000000006c713000 	F:\Program Files\Java\Jre7\bin\awt.dll
0x000007f95db90000 - 0x000007f95dc53000 	C:\WINDOWS\system32\OLEAUT32.dll
0x000007f95d3e0000 - 0x000007f95d590000 	C:\WINDOWS\system32\combase.dll
0x000007f955390000 - 0x000007f95542f000 	C:\WINDOWS\system32\apphelp.dll
0x000007f959ec0000 - 0x000007f959fa3000 	C:\WINDOWS\system32\uxtheme.dll
0x000007f9552f0000 - 0x000007f955385000 	C:\Program Files\Common Files\microsoft shared\ink\tiptsf.dll
0x000007f959650000 - 0x000007f959671000 	C:\WINDOWS\SYSTEM32\dwmapi.dll
0x000007f95cfa0000 - 0x000007f95d11e000 	C:\WINDOWS\system32\ole32.dll
0x000007f95af30000 - 0x000007f95af3a000 	C:\WINDOWS\SYSTEM32\CRYPTBASE.dll
0x000007f95aeb0000 - 0x000007f95af0c000 	C:\WINDOWS\SYSTEM32\bcryptPrimitives.dll
0x000007f95b760000 - 0x000007f95ca48000 	C:\WINDOWS\system32\SHELL32.dll
0x000007f95dc80000 - 0x000007f95dcd0000 	C:\WINDOWS\system32\SHLWAPI.dll
0x000007f95a290000 - 0x000007f95a326000 	C:\WINDOWS\SYSTEM32\shcore.dll
0x000000006e430000 - 0x000000006e4c8000 	C:\Windows\System32\msvcp100.dll
0x000007f945e60000 - 0x000007f9460b8000 	C:\opencv\build\x64\vc10\bin\opencv_core243.dll
0x000007f954c40000 - 0x000007f954cd5000 	C:\Users\Jonas\AppData\Local\Temp\javacpp231334065250693\jniopencv_core.dll
0x000007f943c30000 - 0x000007f943ed5000 	C:\opencv\build\x64\vc10\bin\opencv_imgproc243.dll
0x000007f954bf0000 - 0x000007f954c38000 	C:\Users\Jonas\AppData\Local\Temp\javacpp231334065250693\jniopencv_imgproc.dll
0x0000000066840000 - 0x00000000675ca000 	C:\opencv\build\x64\vc10\bin\opencv_ffmpeg243_64.dll
0x000007f9422f0000 - 0x000007f94253b000 	C:\opencv\build\x64\vc10\bin\opencv_highgui243.dll
0x000007f954af0000 - 0x000007f954b10000 	C:\WINDOWS\SYSTEM32\AVIFIL32.dll
0x000007f9547b0000 - 0x000007f9547d9000 	C:\WINDOWS\SYSTEM32\MSVFW32.dll
0x000007f954b70000 - 0x000007f954b87000 	C:\WINDOWS\SYSTEM32\AVICAP32.dll
0x000007f948660000 - 0x000007f948679000 	C:\WINDOWS\SYSTEM32\MSACM32.dll
0x000007f959620000 - 0x000007f959629000 	C:\WINDOWS\SYSTEM32\VERSION.dll
0x000007f954a20000 - 0x000007f954a33000 	C:\Users\Jonas\AppData\Local\Temp\javacpp231334065250693\jniopencv_highgui.dll
0x000007f95cc90000 - 0x000007f95cd26000 	C:\WINDOWS\SYSTEM32\clbcatq.dll
0x000007f954980000 - 0x000007f954997000 	C:\Windows\System32\devenum.dll
0x000007f95e000000 - 0x000007f95e1d0000 	C:\WINDOWS\system32\setupapi.dll
0x000007f95b390000 - 0x000007f95b3df000 	C:\WINDOWS\system32\CFGMGR32.dll
0x000007f95b440000 - 0x000007f95b462000 	C:\WINDOWS\system32\DEVOBJ.dll
0x000007f954440000 - 0x000007f95446e000 	C:\WINDOWS\SYSTEM32\ntmarta.dll
0x000007f95b3e0000 - 0x000007f95b435000 	C:\WINDOWS\system32\WINTRUST.dll
0x000007f95b1b0000 - 0x000007f95b387000 	C:\WINDOWS\system32\CRYPT32.dll
0x000007f95b190000 - 0x000007f95b1a6000 	C:\WINDOWS\system32\MSASN1.dll
0x000007f955430000 - 0x000007f95543d000 	C:\WINDOWS\SYSTEM32\msdmo.dll
0x000007f952370000 - 0x000007f95239f000 	C:\Windows\System32\qcap.dll
0x000007f944d50000 - 0x000007f944f08000 	C:\Windows\System32\quartz.dll
0x000007f951fc0000 - 0x000007f951fff000 	C:\Windows\System32\ksproxy.ax
0x000007f955b30000 - 0x000007f955b37000 	C:\Windows\System32\ksuser.dll
0x000007f94a240000 - 0x000007f94a440000 	C:\Windows\System32\d3d9.dll
0x000007f954a10000 - 0x000007f954a1c000 	C:\Windows\System32\vidcap.ax
0x000007f952150000 - 0x000007f952174000 	C:\Windows\System32\kswdmcap.ax
0x000007f943950000 - 0x000007f943aa4000 	C:\Windows\System32\MFC42.dll
0x000007f945700000 - 0x000007f9457be000 	C:\Windows\System32\ODBC32.dll
0x000007f945820000 - 0x000007f9458b5000 	C:\Windows\System32\qedit.dll
0x000007f95df50000 - 0x000007f95dff1000 	C:\WINDOWS\system32\COMDLG32.dll
0x000007f95d9a0000 - 0x000007f95db40000 	C:\WINDOWS\WinSxS\amd64_microsoft.windows.gdiplus_6595b64144ccf1df_1.1.9200.16384_none_72771d4ecc1c3a4d\gdiplus.dll
0x000007f942540000 - 0x000007f94262a000 	C:\WINDOWS\SYSTEM32\DDRAW.dll
0x000007f957440000 - 0x000007f957448000 	C:\WINDOWS\SYSTEM32\DCIMAN32.dll
0x000000006c540000 - 0x000000006c574000 	F:\Program Files\Java\Jre7\bin\fontmanager.dll
0x000007f93d8c0000 - 0x000007f93ea40000 	C:\WINDOWS\SYSTEM32\nvd3dumx.dll
0x000007f95afb0000 - 0x000007f95aff3000 	C:\WINDOWS\SYSTEM32\powrprof.dll
0x0000000180000000 - 0x0000000180116000 	C:\Program Files (x86)\NVIDIA Corporation\3D Vision\nvSCPAPI64.dll
0x000007f958830000 - 0x000007f9588a4000 	C:\WINDOWS\SYSTEM32\dxgi.dll
0x000007f957c90000 - 0x000007f957f52000 	C:\WINDOWS\SYSTEM32\nvapi64.dll
0x000007f958140000 - 0x000007f95815f000 	C:\WINDOWS\SYSTEM32\DXGIDebug.dll
0x000000006d360000 - 0x000000006d379000 	F:\Program Files\Java\Jre7\bin\net.dll
0x000007f95a920000 - 0x000007f95a97c000 	C:\WINDOWS\system32\mswsock.dll
0x000000006d340000 - 0x000000006d351000 	F:\Program Files\Java\Jre7\bin\nio.dll
0x000000006c4f0000 - 0x000000006c531000 	F:\Program Files\Java\Jre7\bin\t2k.dll
0x000007f958d90000 - 0x000007f958f1a000 	C:\WINDOWS\SYSTEM32\WindowsCodecs.dll
0x000007f95b0e0000 - 0x000007f95b0f5000 	C:\WINDOWS\SYSTEM32\profapi.dll
0x000007f957fd0000 - 0x000007f958039000 	C:\WINDOWS\SYSTEM32\oleacc.dll
0x000000006c4c0000 - 0x000000006c4ea000 	F:\Program Files\Java\Jre7\bin\dcpr.dll
0x000007f948020000 - 0x000007f948183000 	C:\WINDOWS\SYSTEM32\dbghelp.dll

VM Arguments:
jvm_args: -Dfile.encoding=Cp1252 
java_command: emcscanner.kth.se.Program
Launcher Type: SUN_STANDARD

Environment Variables:
PATH=C:\Program Files (x86)\NVIDIA Corporation\PhysX\Common;C:\WINDOWS\system32;C:\WINDOWS;C:\WINDOWS\System32\Wbem;C:\WINDOWS\System32\WindowsPowerShell\v1.0\;C:\Program Files (x86)\Microsoft SQL Server\90\Tools\binn\;C:\Program Files (x86)\Autodesk\Backburner\;F:\Program Files\MATLAB\R2012a\runtime\win64;F:\Program Files\MATLAB\R2012a\bin;PROGRAMFILES\Internet Explorer;C:\Program Files\Perforce;F:\Program Files\Perforce;C:\Program Files\Microsoft\Web Platform Installer\;C:\Program Files (x86)\Microsoft ASP.NET\ASP.NET Web Pages\v1.0\;C:\Program Files (x86)\Windows Kits\8.0\Windows Performance Toolkit\;C:\Program Files\Microsoft SQL Server\110\Tools\Binn\;F:\Program Files\Perforce\Server
USERNAME=Jonas
OS=Windows_NT
PROCESSOR_IDENTIFIER=Intel64 Family 6 Model 42 Stepping 7, GenuineIntel



---------------  S Y S T E M  ---------------

OS: Windows 8 , 64 bit Build 9200 

CPU:total 8 (4 cores per cpu, 2 threads per core) family 6 model 42 stepping 7, cmov, cx8, fxsr, mmx, sse, sse2, sse3, ssse3, sse4.1, sse4.2, popcnt, avx, ht, tsc, tscinvbit

Memory: 4k page, physical 16751668k(11304128k free), swap 33528884k(23949140k free)

vm_info: Java HotSpot(TM) 64-Bit Server VM (23.3-b01) for windows-amd64 JRE (1.7.0_07-b11), built on Sep  7 2012 01:19:25 by "java_re" with unknown MS VC++:1600

time: Thu Jan 31 16:11:14 2013
elapsed time: 12 seconds

