#
# A fatal error has been detected by the Java Runtime Environment:
#
#  EXCEPTION_ACCESS_VIOLATION (0xc0000005) at pc=0x000007fe834a8bc0, pid=5336, tid=2308
#
# JRE version: 7.0_07-b11
# Java VM: Java HotSpot(TM) 64-Bit Server VM (23.3-b01 mixed mode windows-amd64 compressed oops)
# Problematic frame:
# C  [ntdll.dll+0x18bc0]  RtlQueueWorkItem+0x8a0
#
# Failed to write core dump. Minidumps are not enabled by default on client versions of Windows
#
# If you would like to submit a bug report, please visit:
#   http://bugreport.sun.com/bugreport/crash.jsp
# The crash happened outside the Java Virtual Machine in native code.
# See problematic frame for where to report the bug.
#

---------------  T H R E A D  ---------------

Current thread (0x000000001899e000):  JavaThread "threadDisplay" daemon [_thread_in_native, id=2308, stack(0x000000001fd80000,0x000000001fe80000)]

siginfo: ExceptionCode=0xc0000005, writing address 0x0000000000000024

Registers:
RAX=0x0000000000000000, RBX=0x00000000188de218, RCX=0x00000000fffffffc, RDX=0x00000000000008b0
RSP=0x000000001fe7ec20, RBP=0x0000000000000000, RSI=0x00000000000008b0, RDI=0x0000000000000000
R8 =0xffffffffffffffff, R9 =0x0000000000000004, R10=0x0000000000000000, R11=0x0000000000000246
R12=0x0000000000000000, R13=0x0000000000000000, R14=0x000007f6175f2000, R15=0x0000000000000000
RIP=0x000007fe834a8bc0, EFLAGS=0x0000000000010213

Top of Stack: (sp=0x000000001fe7ec20)
0x000000001fe7ec20:   00000000000008b0 00000006fb828003
0x000000001fe7ec30:   000000001fe7ec80 00000006fb82bd38
0x000000001fe7ec40:   0000000000000000 00000006fb828018
0x000000001fe7ec50:   0000000000000000 000000001fe7ec78
0x000000001fe7ec60:   0000000000000000 00000000022661f8
0x000000001fe7ec70:   0000000000000000 00000007ab33d738
0x000000001fe7ec80:   00000007b33ed380 000007fe805810ea
0x000000001fe7ec90:   00000006fb827e85 000000001fe7ece0
0x000000001fe7eca0:   0000b5ed79244b2c 0000000000000000
0x000000001fe7ecb0:   0000000000000004 0000000000000001
0x000000001fe7ecc0:   000000001f789050 00000000ff000000
0x000000001fe7ecd0:   0000000000000000 0000000000000000
0x000000001fe7ece0:   000007f6175f2000 000007fe8349f4d4
0x000000001fe7ecf0:   0000000000000000 0000000000000000
0x000000001fe7ed00:   00000000188de218 0000000000000000
0x000000001fe7ed10:   0000000000000000 000000001899e1d8 

Instructions: (pc=0x000007fe834a8bc0)
0x000007fe834a8ba0:   43 08 a8 01 0f 85 bd 67 ff ff 8b c8 2b cd f0 0f
0x000007fe834a8bb0:   b1 4b 08 75 ea 48 8b 03 33 ed 48 83 f8 ff 74 03
0x000007fe834a8bc0:   ff 40 24 41 bf 82 03 fe 7f 41 80 3f 00 0f 85 69
0x000007fe834a8bd0:   7a 0e 00 48 83 fe ff 0f 84 bf 7a 0e 00 4c 8b c7 


Register to memory mapping:

RAX=0x0000000000000000 is an unknown value
RBX=0x00000000188de218 is an unknown value
RCX=0x00000000fffffffc is an unknown value
RDX=0x00000000000008b0 is an unknown value
RSP=0x000000001fe7ec20 is pointing into the stack for thread: 0x000000001899e000
RBP=0x0000000000000000 is an unknown value
RSI=0x00000000000008b0 is an unknown value
RDI=0x0000000000000000 is an unknown value
R8 =0xffffffffffffffff is an unknown value
R9 =0x0000000000000004 is an unknown value
R10=0x0000000000000000 is an unknown value
R11=0x0000000000000246 is an unknown value
R12=0x0000000000000000 is an unknown value
R13=0x0000000000000000 is an unknown value
R14=0x000007f6175f2000 is an unknown value
R15=0x0000000000000000 is an unknown value


Stack: [0x000000001fd80000,0x000000001fe80000],  sp=0x000000001fe7ec20,  free space=1019k
Native frames: (J=compiled Java code, j=interpreted, Vv=VM code, C=native code)
C  [ntdll.dll+0x18bc0]  RtlQueueWorkItem+0x8a0

[error occurred during error reporting (printing native stack), id 0xc0000005]

Java frames: (J=compiled Java code, j=interpreted, Vv=VM code)
j  com.googlecode.javacv.cpp.opencv_highgui.cvRetrieveFrame(Lcom/googlecode/javacv/cpp/opencv_highgui$CvCapture;I)Lcom/googlecode/javacv/cpp/opencv_core$IplImage;+0
j  com.googlecode.javacv.cpp.opencv_highgui.cvRetrieveFrame(Lcom/googlecode/javacv/cpp/opencv_highgui$CvCapture;)Lcom/googlecode/javacv/cpp/opencv_core$IplImage;+2
j  com.googlecode.javacv.OpenCVFrameGrabber.grab()Lcom/googlecode/javacv/cpp/opencv_core$IplImage;+4
j  emcscanner.kth.se.CameraPanel$1.run()V+3
v  ~StubRoutines::call_stub

---------------  P R O C E S S  ---------------

Java Threads: ( => current thread )
  0x00000000188ea000 JavaThread "Thread-3" [_thread_in_native, id=6684, stack(0x000000001c7d0000,0x000000001c8d0000)]
  0x00000000188ef000 JavaThread "Thread-0" daemon [_thread_in_native, id=596, stack(0x000000001c6d0000,0x000000001c7d0000)]
  0x0000000019fb2000 JavaThread "ICEpdf-pagePainter" daemon [_thread_blocked, id=1444, stack(0x00000000201d0000,0x00000000202d0000)]
  0x00000000197d4800 JavaThread "ICEpdf-pageInitializer" daemon [_thread_blocked, id=7840, stack(0x000000001ff90000,0x0000000020090000)]
  0x000000000213e000 JavaThread "DestroyJavaVM" [_thread_blocked, id=4476, stack(0x0000000002030000,0x0000000002130000)]
=>0x000000001899e000 JavaThread "threadDisplay" daemon [_thread_in_native, id=2308, stack(0x000000001fd80000,0x000000001fe80000)]
  0x000000001843a000 JavaThread "TimerQueue" daemon [_thread_blocked, id=7476, stack(0x0000000018bc0000,0x0000000018cc0000)]
  0x00000000135a4000 JavaThread "AWT-EventQueue-0" [_thread_blocked, id=4012, stack(0x0000000018ac0000,0x0000000018bc0000)]
  0x00000000136fd800 JavaThread "Image Fetcher 0" daemon [_thread_blocked, id=7836, stack(0x00000000189c0000,0x0000000018ac0000)]
  0x00000000134e4000 JavaThread "AWT-Windows" daemon [_thread_in_native, id=7448, stack(0x0000000014020000,0x0000000014120000)]
  0x00000000134db800 JavaThread "AWT-Shutdown" [_thread_blocked, id=5940, stack(0x0000000013f20000,0x0000000014020000)]
  0x00000000134da800 JavaThread "Java2D Disposer" daemon [_thread_blocked, id=6560, stack(0x0000000013e20000,0x0000000013f20000)]
  0x0000000010db3000 JavaThread "Service Thread" daemon [_thread_blocked, id=7208, stack(0x00000000131c0000,0x00000000132c0000)]
  0x0000000010dae000 JavaThread "C2 CompilerThread1" daemon [_thread_blocked, id=7696, stack(0x00000000130c0000,0x00000000131c0000)]
  0x0000000010da9000 JavaThread "C2 CompilerThread0" daemon [_thread_blocked, id=5208, stack(0x0000000012fc0000,0x00000000130c0000)]
  0x0000000010da8800 JavaThread "Attach Listener" daemon [_thread_blocked, id=2784, stack(0x0000000012ec0000,0x0000000012fc0000)]
  0x0000000010d9b800 JavaThread "Signal Dispatcher" daemon [_thread_blocked, id=3592, stack(0x0000000012dc0000,0x0000000012ec0000)]
  0x0000000010d3f800 JavaThread "Finalizer" daemon [_thread_blocked, id=912, stack(0x0000000012cc0000,0x0000000012dc0000)]
  0x0000000010d38000 JavaThread "Reference Handler" daemon [_thread_blocked, id=1372, stack(0x0000000012bc0000,0x0000000012cc0000)]

Other Threads:
  0x0000000010d33000 VMThread [stack: 0x0000000012ac0000,0x0000000012bc0000] [id=1972]
  0x0000000010dd5800 WatcherThread [stack: 0x00000000132c0000,0x00000000133c0000] [id=7388]

VM state:not at safepoint (normal execution)

VM Mutex/Monitor currently owned by a thread: None

Heap
 PSYoungGen      total 141824K, used 48258K [0x00000007aacb0000, 0x00000007bff70000, 0x0000000800000000)
  eden space 130944K, 30% used [0x00000007aacb0000,0x00000007ad36dfb8,0x00000007b2c90000)
  from space 10880K, 78% used [0x00000007b2c90000,0x00000007b34f2c20,0x00000007b3730000)
  to   space 42496K, 0% used [0x00000007bd5f0000,0x00000007bd5f0000,0x00000007bff70000)
 ParOldGen       total 174528K, used 71633K [0x0000000700600000, 0x000000070b070000, 0x00000007aacb0000)
  object space 174528K, 41% used [0x0000000700600000,0x0000000704bf4458,0x000000070b070000)
 PSPermGen       total 21248K, used 17675K [0x00000006fb400000, 0x00000006fc8c0000, 0x0000000700600000)
  object space 21248K, 83% used [0x00000006fb400000,0x00000006fc542fe8,0x00000006fc8c0000)

Card table byte_map: [0x0000000005320000,0x0000000005b50000] byte_map_base: 0x0000000001b46000

Polling page: 0x0000000002010000

Code Cache  [0x0000000002260000, 0x00000000024d0000, 0x0000000005260000)
 total_blobs=841 nmethods=254 adapters=538 free_code_cache=47809Kb largest_free_block=48912064

Compilation events (10 events):
Event: 4.841 Thread 0x0000000010da9000  256             java.awt.Component::checkTreeLock (21 bytes)
Event: 4.841 Thread 0x0000000010da9000 nmethod 256 0x0000000002305110 code [0x0000000002305260, 0x0000000002305308]
Event: 4.857 Thread 0x0000000010dae000  258             javax.swing.text.html.MuxingAttributeSet::getAttribute (45 bytes)
Event: 4.862 Thread 0x0000000010dae000 nmethod 258 0x00000000022e3490 code [0x00000000022e3600, 0x00000000022e3d28]
Event: 5.745 Thread 0x0000000010da9000  259             java.util.HashMap::clear (39 bytes)
Event: 5.746 Thread 0x0000000010da9000 nmethod 259 0x00000000022e3190 code [0x00000000022e32c0, 0x00000000022e33d8]
Event: 6.003 Thread 0x0000000010dae000  260             java.util.IdentityHashMap::clear (39 bytes)
Event: 6.004 Thread 0x0000000010dae000 nmethod 260 0x00000000022e2e90 code [0x00000000022e2fc0, 0x00000000022e30f8]
Event: 6.309 Thread 0x0000000010da9000  261             java.util.IdentityHashMap$IdentityHashMapIterator::hasNext (50 bytes)
Event: 6.311 Thread 0x0000000010da9000 nmethod 261 0x00000000022e2ad0 code [0x00000000022e2c00, 0x00000000022e2db8]

GC Heap History (10 events):
Event: 4.131 GC heap before
{Heap before GC invocations=1 (full 0):
 PSYoungGen      total 76352K, used 65472K [0x00000007aacb0000, 0x00000007b01e0000, 0x0000000800000000)
  eden space 65472K, 100% used [0x00000007aacb0000,0x00000007aeca0000,0x00000007aeca0000)
  from space 10880K, 0% used [0x00000007af740000,0x00000007af740000,0x00000007b01e0000)
  to   space 10880K, 0% used [0x00000007aeca0000,0x00000007aeca0000,0x00000007af740000)
 ParOldGen       total 174528K, used 0K [0x0000000700600000, 0x000000070b070000, 0x00000007aacb0000)
  object space 174528K, 0% used [0x0000000700600000,0x0000000700600000,0x000000070b070000)
 PSPermGen       total 21248K, used 17516K [0x00000006fb400000, 0x00000006fc8c0000, 0x0000000700600000)
  object space 21248K, 82% used [0x00000006fb400000,0x00000006fc51b1d0,0x00000006fc8c0000)
Event: 4.140 GC heap after
Heap after GC invocations=1 (full 0):
 PSYoungGen      total 76352K, used 10849K [0x00000007aacb0000, 0x00000007b01e0000, 0x0000000800000000)
  eden space 65472K, 0% used [0x00000007aacb0000,0x00000007aacb0000,0x00000007aeca0000)
  from space 10880K, 99% used [0x00000007aeca0000,0x00000007af738498,0x00000007af740000)
  to   space 10880K, 0% used [0x00000007af740000,0x00000007af740000,0x00000007b01e0000)
 ParOldGen       total 174528K, used 605K [0x0000000700600000, 0x000000070b070000, 0x00000007aacb0000)
  object space 174528K, 0% used [0x0000000700600000,0x0000000700697430,0x000000070b070000)
 PSPermGen       total 21248K, used 17516K [0x00000006fb400000, 0x00000006fc8c0000, 0x0000000700600000)
  object space 21248K, 82% used [0x00000006fb400000,0x00000006fc51b1d0,0x00000006fc8c0000)
}
Event: 4.921 GC heap before
{Heap before GC invocations=2 (full 0):
 PSYoungGen      total 76352K, used 73539K [0x00000007aacb0000, 0x00000007b01e0000, 0x0000000800000000)
  eden space 65472K, 95% used [0x00000007aacb0000,0x00000007ae9e8b10,0x00000007aeca0000)
  from space 10880K, 99% used [0x00000007aeca0000,0x00000007af738498,0x00000007af740000)
  to   space 10880K, 0% used [0x00000007af740000,0x00000007af740000,0x00000007b01e0000)
 ParOldGen       total 174528K, used 605K [0x0000000700600000, 0x000000070b070000, 0x00000007aacb0000)
  object space 174528K, 0% used [0x0000000700600000,0x0000000700697430,0x000000070b070000)
 PSPermGen       total 21248K, used 17644K [0x00000006fb400000, 0x00000006fc8c0000, 0x0000000700600000)
  object space 21248K, 83% used [0x00000006fb400000,0x00000006fc53b170,0x00000006fc8c0000)
Event: 4.932 GC heap after
Heap after GC invocations=2 (full 0):
 PSYoungGen      total 76352K, used 10878K [0x00000007aacb0000, 0x00000007b01e0000, 0x0000000800000000)
  eden space 65472K, 0% used [0x00000007aacb0000,0x00000007aacb0000,0x00000007aeca0000)
  from space 10880K, 99% used [0x00000007af740000,0x00000007b01dfaf0,0x00000007b01e0000)
  to   space 10880K, 0% used [0x00000007aeca0000,0x00000007aeca0000,0x00000007af740000)
 ParOldGen       total 174528K, used 19722K [0x0000000700600000, 0x000000070b070000, 0x00000007aacb0000)
  object space 174528K, 11% used [0x0000000700600000,0x00000007019428b8,0x000000070b070000)
 PSPermGen       total 21248K, used 17644K [0x00000006fb400000, 0x00000006fc8c0000, 0x0000000700600000)
  object space 21248K, 83% used [0x00000006fb400000,0x00000006fc53b170,0x00000006fc8c0000)
}
Event: 5.290 GC heap before
{Heap before GC invocations=3 (full 0):
 PSYoungGen      total 76352K, used 73175K [0x00000007aacb0000, 0x00000007b01e0000, 0x0000000800000000)
  eden space 65472K, 95% used [0x00000007aacb0000,0x00000007ae986208,0x00000007aeca0000)
  from space 10880K, 99% used [0x00000007af740000,0x00000007b01dfaf0,0x00000007b01e0000)
  to   space 10880K, 0% used [0x00000007aeca0000,0x00000007aeca0000,0x00000007af740000)
 ParOldGen       total 174528K, used 19722K [0x0000000700600000, 0x000000070b070000, 0x00000007aacb0000)
  object space 174528K, 11% used [0x0000000700600000,0x00000007019428b8,0x000000070b070000)
 PSPermGen       total 21248K, used 17645K [0x00000006fb400000, 0x00000006fc8c0000, 0x0000000700600000)
  object space 21248K, 83% used [0x00000006fb400000,0x00000006fc53b458,0x00000006fc8c0000)
Event: 5.299 GC heap after
Heap after GC invocations=3 (full 0):
 PSYoungGen      total 76352K, used 10878K [0x00000007aacb0000, 0x00000007b41d0000, 0x0000000800000000)
  eden space 65472K, 0% used [0x00000007aacb0000,0x00000007aacb0000,0x00000007aeca0000)
  from space 10880K, 99% used [0x00000007aeca0000,0x00000007af73faf0,0x00000007af740000)
  to   space 10880K, 0% used [0x00000007b3730000,0x00000007b3730000,0x00000007b41d0000)
 ParOldGen       total 174528K, used 42677K [0x0000000700600000, 0x000000070b070000, 0x00000007aacb0000)
  object space 174528K, 24% used [0x0000000700600000,0x0000000702fad678,0x000000070b070000)
 PSPermGen       total 21248K, used 17645K [0x00000006fb400000, 0x00000006fc8c0000, 0x0000000700600000)
  object space 21248K, 83% used [0x00000006fb400000,0x00000006fc53b458,0x00000006fc8c0000)
}
Event: 5.658 GC heap before
{Heap before GC invocations=4 (full 0):
 PSYoungGen      total 76352K, used 73084K [0x00000007aacb0000, 0x00000007b41d0000, 0x0000000800000000)
  eden space 65472K, 95% used [0x00000007aacb0000,0x00000007ae96f6e0,0x00000007aeca0000)
  from space 10880K, 99% used [0x00000007aeca0000,0x00000007af73faf0,0x00000007af740000)
  to   space 10880K, 0% used [0x00000007b3730000,0x00000007b3730000,0x00000007b41d0000)
 ParOldGen       total 174528K, used 42677K [0x0000000700600000, 0x000000070b070000, 0x00000007aacb0000)
  object space 174528K, 24% used [0x0000000700600000,0x0000000702fad678,0x000000070b070000)
 PSPermGen       total 21248K, used 17645K [0x00000006fb400000, 0x00000006fc8c0000, 0x0000000700600000)
  object space 21248K, 83% used [0x00000006fb400000,0x00000006fc53b670,0x00000006fc8c0000)
Event: 5.666 GC heap after
Heap after GC invocations=4 (full 0):
 PSYoungGen      total 141824K, used 10878K [0x00000007aacb0000, 0x00000007b41d0000, 0x0000000800000000)
  eden space 130944K, 0% used [0x00000007aacb0000,0x00000007aacb0000,0x00000007b2c90000)
  from space 10880K, 99% used [0x00000007b3730000,0x00000007b41cfaf0,0x00000007b41d0000)
  to   space 10880K, 0% used [0x00000007b2c90000,0x00000007b2c90000,0x00000007b3730000)
 ParOldGen       total 174528K, used 59483K [0x0000000700600000, 0x000000070b070000, 0x00000007aacb0000)
  object space 174528K, 34% used [0x0000000700600000,0x0000000704016c38,0x000000070b070000)
 PSPermGen       total 21248K, used 17645K [0x00000006fb400000, 0x00000006fc8c0000, 0x0000000700600000)
  object space 21248K, 83% used [0x00000006fb400000,0x00000006fc53b670,0x00000006fc8c0000)
}
Event: 6.386 GC heap before
{Heap before GC invocations=5 (full 0):
 PSYoungGen      total 141824K, used 140367K [0x00000007aacb0000, 0x00000007b41d0000, 0x0000000800000000)
  eden space 130944K, 98% used [0x00000007aacb0000,0x00000007b2b24410,0x00000007b2c90000)
  from space 10880K, 99% used [0x00000007b3730000,0x00000007b41cfaf0,0x00000007b41d0000)
  to   space 10880K, 0% used [0x00000007b2c90000,0x00000007b2c90000,0x00000007b3730000)
 ParOldGen       total 174528K, used 59483K [0x0000000700600000, 0x000000070b070000, 0x00000007aacb0000)
  object space 174528K, 34% used [0x0000000700600000,0x0000000704016c38,0x000000070b070000)
 PSPermGen       total 21248K, used 17647K [0x00000006fb400000, 0x00000006fc8c0000, 0x0000000700600000)
  object space 21248K, 83% used [0x00000006fb400000,0x00000006fc53bd80,0x00000006fc8c0000)
Event: 6.394 GC heap after
Heap after GC invocations=5 (full 0):
 PSYoungGen      total 141824K, used 8587K [0x00000007aacb0000, 0x00000007bff70000, 0x0000000800000000)
  eden space 130944K, 0% used [0x00000007aacb0000,0x00000007aacb0000,0x00000007b2c90000)
  from space 10880K, 78% used [0x00000007b2c90000,0x00000007b34f2c20,0x00000007b3730000)
  to   space 42496K, 0% used [0x00000007bd5f0000,0x00000007bd5f0000,0x00000007bff70000)
 ParOldGen       total 174528K, used 71633K [0x0000000700600000, 0x000000070b070000, 0x00000007aacb0000)
  object space 174528K, 41% used [0x0000000700600000,0x0000000704bf4458,0x000000070b070000)
 PSPermGen       total 21248K, used 17647K [0x00000006fb400000, 0x00000006fc8c0000, 0x0000000700600000)
  object space 21248K, 83% used [0x00000006fb400000,0x00000006fc53bd80,0x00000006fc8c0000)
}

Deoptimization events (10 events):
Event: 1.075 Thread 0x000000000213e000 Uncommon trap -58 fr.pc 0x0000000002317c30
Event: 1.077 Thread 0x000000000213e000 Uncommon trap -58 fr.pc 0x0000000002317ca4
Event: 1.077 Thread 0x000000000213e000 Uncommon trap -58 fr.pc 0x0000000002317ca4
Event: 1.077 Thread 0x000000000213e000 Uncommon trap -58 fr.pc 0x0000000002317ca4
Event: 3.724 Thread 0x00000000135a4000 Uncommon trap -83 fr.pc 0x000000000230c104
Event: 3.774 Thread 0x00000000197d4800 Uncommon trap -83 fr.pc 0x000000000230bcf4
Event: 3.820 Thread 0x00000000197d4800 Uncommon trap -83 fr.pc 0x000000000230b944
Event: 3.833 Thread 0x00000000197d4800 Uncommon trap -83 fr.pc 0x0000000002369328
Event: 3.883 Thread 0x00000000197d4800 Uncommon trap -83 fr.pc 0x0000000002370b50
Event: 3.912 Thread 0x00000000197d4800 Uncommon trap -83 fr.pc 0x000000000232e3d8

Internal exceptions (10 events):
Event: 3.923 Thread 0x00000000197d4800 Threw 0x00000007ae229878 at C:\jdk7u1_64p\jdk7u7\hotspot\src\share\vm\prims\jvm.cpp:1166
Event: 3.955 Thread 0x00000000197d4800 Threw 0x00000007ae360ef0 at C:\jdk7u1_64p\jdk7u7\hotspot\src\share\vm\prims\jvm.cpp:1166
Event: 3.956 Thread 0x00000000197d4800 Threw 0x00000007ae363cc0 at C:\jdk7u1_64p\jdk7u7\hotspot\src\share\vm\prims\jvm.cpp:1166
Event: 3.958 Thread 0x00000000197d4800 Threw 0x00000007ae374128 at C:\jdk7u1_64p\jdk7u7\hotspot\src\share\vm\prims\jvm.cpp:1166
Event: 3.958 Thread 0x00000000197d4800 Threw 0x00000007ae376ef8 at C:\jdk7u1_64p\jdk7u7\hotspot\src\share\vm\prims\jvm.cpp:1166
Event: 3.959 Thread 0x00000000197d4800 Threw 0x00000007ae37a0a8 at C:\jdk7u1_64p\jdk7u7\hotspot\src\share\vm\prims\jvm.cpp:1166
Event: 3.960 Thread 0x00000000197d4800 Threw 0x00000007ae37ce78 at C:\jdk7u1_64p\jdk7u7\hotspot\src\share\vm\prims\jvm.cpp:1166
Event: 4.079 Thread 0x0000000019fb2000 Threw 0x00000007ae8f1788 at C:\jdk7u1_64p\jdk7u7\hotspot\src\share\vm\prims\jvm.cpp:1166
Event: 4.082 Thread 0x0000000019fb2000 Threw 0x00000007ae902018 at C:\jdk7u1_64p\jdk7u7\hotspot\src\share\vm\prims\jvm.cpp:1166
Event: 4.284 Thread 0x0000000019fb2000 Threw 0x00000007ac0415b0 at C:\jdk7u1_64p\jdk7u7\hotspot\src\share\vm\prims\jvm.cpp:1166

Events (10 events):
Event: 5.290 Executing VM operation: ParallelGCFailedAllocation
Event: 5.299 Executing VM operation: ParallelGCFailedAllocation done
Event: 5.657 Executing VM operation: ParallelGCFailedAllocation
Event: 5.666 Executing VM operation: ParallelGCFailedAllocation done
Event: 6.004 Thread 0x0000000010dae000 flushing nmethod 0x0000000002368890
Event: 6.004 Thread 0x0000000010dae000 flushing nmethod 0x0000000002370550
Event: 6.386 Executing VM operation: ParallelGCFailedAllocation
Event: 6.395 Executing VM operation: ParallelGCFailedAllocation done
Event: 6.561 loading class 0x00000000134e3ae0
Event: 6.562 loading class 0x00000000134e3ae0 done


Dynamic libraries:
0x000007f617cb0000 - 0x000007f617ce4000 	F:\Program Files\Java\Jre7\bin\javaw.exe
0x000007fe83490000 - 0x000007fe8364e000 	C:\WINDOWS\SYSTEM32\ntdll.dll
0x000007fe83350000 - 0x000007fe83486000 	C:\WINDOWS\system32\KERNEL32.DLL
0x000007fe80580000 - 0x000007fe80673000 	C:\WINDOWS\system32\KERNELBASE.dll
0x000007fe82eb0000 - 0x000007fe82f8e000 	C:\WINDOWS\system32\ADVAPI32.dll
0x000007fe80a10000 - 0x000007fe80b5c000 	C:\WINDOWS\system32\USER32.dll
0x000007fe7db90000 - 0x000007fe7ddf9000 	C:\WINDOWS\WinSxS\amd64_microsoft.windows.common-controls_6595b64144ccf1df_6.0.9200.16384_none_418c2a697189c07f\COMCTL32.dll
0x000007fe82890000 - 0x000007fe82935000 	C:\WINDOWS\system32\msvcrt.dll
0x000007fe82840000 - 0x000007fe82888000 	C:\WINDOWS\SYSTEM32\sechost.dll
0x000007fe82970000 - 0x000007fe82ab0000 	C:\WINDOWS\system32\RPCRT4.dll
0x000007fe82ab0000 - 0x000007fe82bf0000 	C:\WINDOWS\system32\GDI32.dll
0x000007fe80b60000 - 0x000007fe80b99000 	C:\WINDOWS\system32\IMM32.DLL
0x000007fe82720000 - 0x000007fe82835000 	C:\WINDOWS\system32\MSCTF.dll
0x000007fe80380000 - 0x000007fe80388000 	C:\PROGRA~2\NVIDIA~1\3DVISI~1\NVSTIN~1.DLL
0x000007fe82940000 - 0x000007fe82947000 	C:\WINDOWS\system32\PSAPI.DLL
0x000000006acd0000 - 0x000000006ad73000 	C:\WINDOWS\WinSxS\amd64_microsoft.vc90.crt_1fc8b3b9a1e18e3b_9.0.30729.6871_none_08e717a5a83adddf\MSVCR90.dll
0x0000000069bb0000 - 0x0000000069c81000 	F:\Program Files\Java\Jre7\bin\msvcr100.dll
0x0000000068a20000 - 0x000000006913f000 	F:\Program Files\Java\Jre7\bin\server\jvm.dll
0x000007fe78b00000 - 0x000007fe78b09000 	C:\WINDOWS\SYSTEM32\WSOCK32.dll
0x000007fe7de20000 - 0x000007fe7de40000 	C:\WINDOWS\SYSTEM32\WINMM.dll
0x000007fe826a0000 - 0x000007fe826f8000 	C:\WINDOWS\system32\WS2_32.dll
0x000007fe7d3c0000 - 0x000007fe7d3f2000 	C:\WINDOWS\SYSTEM32\WINMMBASE.dll
0x000007fe82700000 - 0x000007fe82709000 	C:\WINDOWS\system32\NSI.dll
0x0000000069ba0000 - 0x0000000069baf000 	F:\Program Files\Java\Jre7\bin\verify.dll
0x0000000069b70000 - 0x0000000069b98000 	F:\Program Files\Java\Jre7\bin\java.dll
0x0000000069b50000 - 0x0000000069b65000 	F:\Program Files\Java\Jre7\bin\zip.dll
0x0000000068880000 - 0x0000000068a13000 	F:\Program Files\Java\Jre7\bin\awt.dll
0x000007fe808e0000 - 0x000007fe809a3000 	C:\WINDOWS\system32\OLEAUT32.dll
0x000007fe80ba0000 - 0x000007fe80d50000 	C:\WINDOWS\system32\combase.dll
0x000007fe7a5b0000 - 0x000007fe7a64f000 	C:\WINDOWS\system32\apphelp.dll
0x000007fe7e2c0000 - 0x000007fe7e2e1000 	C:\WINDOWS\system32\DWMAPI.DLL
0x000007fe7f180000 - 0x000007fe7f263000 	C:\WINDOWS\system32\uxtheme.dll
0x000007fe7a660000 - 0x000007fe7a6f5000 	C:\Program Files\Common Files\microsoft shared\ink\tiptsf.dll
0x000007fe80eb0000 - 0x000007fe8102e000 	C:\WINDOWS\system32\ole32.dll
0x000007fe801d0000 - 0x000007fe801da000 	C:\WINDOWS\SYSTEM32\CRYPTBASE.dll
0x000007fe80170000 - 0x000007fe801cc000 	C:\WINDOWS\SYSTEM32\bcryptPrimitives.dll
0x000007fe6ef80000 - 0x000007fe6f180000 	C:\WINDOWS\system32\d3d9.dll
0x000007fe7e110000 - 0x000007fe7e119000 	C:\WINDOWS\SYSTEM32\VERSION.dll
0x000007fe5cfe0000 - 0x000007fe5e160000 	C:\WINDOWS\SYSTEM32\nvd3dumx.dll
0x000007fe80270000 - 0x000007fe802b3000 	C:\WINDOWS\SYSTEM32\powrprof.dll
0x0000000180000000 - 0x0000000180116000 	C:\Program Files (x86)\NVIDIA Corporation\3D Vision\nvSCPAPI64.dll
0x000007fe82f90000 - 0x000007fe83160000 	C:\WINDOWS\system32\SETUPAPI.dll
0x000007fe7dab0000 - 0x000007fe7db24000 	C:\WINDOWS\SYSTEM32\dxgi.dll
0x000007fe81050000 - 0x000007fe82338000 	C:\WINDOWS\system32\SHELL32.dll
0x000007fe80680000 - 0x000007fe806cf000 	C:\WINDOWS\system32\CFGMGR32.dll
0x000007fe808b0000 - 0x000007fe808d2000 	C:\WINDOWS\system32\DEVOBJ.dll
0x000007fe83300000 - 0x000007fe83350000 	C:\WINDOWS\system32\SHLWAPI.dll
0x000007fe7ceb0000 - 0x000007fe7d172000 	C:\WINDOWS\SYSTEM32\nvapi64.dll
0x000007fe80520000 - 0x000007fe80575000 	C:\WINDOWS\system32\WINTRUST.dll
0x000007fe806d0000 - 0x000007fe808a7000 	C:\WINDOWS\system32\CRYPT32.dll
0x000007fe80450000 - 0x000007fe80466000 	C:\WINDOWS\system32\MSASN1.dll
0x000007fe7d400000 - 0x000007fe7d41f000 	C:\WINDOWS\SYSTEM32\DXGIDebug.dll
0x000007fe7f550000 - 0x000007fe7f5e6000 	C:\WINDOWS\SYSTEM32\shcore.dll
0x0000000068840000 - 0x0000000068874000 	F:\Program Files\Java\Jre7\bin\fontmanager.dll
0x0000000069b30000 - 0x0000000069b49000 	F:\Program Files\Java\Jre7\bin\net.dll
0x000007fe7fbe0000 - 0x000007fe7fc3c000 	C:\WINDOWS\system32\mswsock.dll
0x0000000069b10000 - 0x0000000069b21000 	F:\Program Files\Java\Jre7\bin\nio.dll
0x00000000687f0000 - 0x0000000068831000 	F:\Program Files\Java\Jre7\bin\t2k.dll
0x000007fe82bf0000 - 0x000007fe82c86000 	C:\WINDOWS\SYSTEM32\clbcatq.dll
0x000007fe7df80000 - 0x000007fe7e10a000 	C:\WINDOWS\SYSTEM32\WindowsCodecs.dll
0x000007fe803a0000 - 0x000007fe803b5000 	C:\WINDOWS\SYSTEM32\profapi.dll
0x0000000069ed0000 - 0x0000000069f68000 	C:\Windows\System32\msvcp100.dll
0x000007fe67fe0000 - 0x000007fe68238000 	C:\opencv\build\x64\vc10\bin\opencv_core243.dll
0x000007fe6d2e0000 - 0x000007fe6d375000 	C:\Users\Jonas\AppData\Local\Temp\javacpp19121976166382\jniopencv_core.dll
0x000007fe663c0000 - 0x000007fe66665000 	C:\opencv\build\x64\vc10\bin\opencv_imgproc243.dll
0x000007fe702a0000 - 0x000007fe702e8000 	C:\Users\Jonas\AppData\Local\Temp\javacpp19121976166382\jniopencv_imgproc.dll
0x0000000066840000 - 0x00000000675ca000 	C:\opencv\build\x64\vc10\bin\opencv_ffmpeg243_64.dll
0x000007fe650f0000 - 0x000007fe6533b000 	C:\opencv\build\x64\vc10\bin\opencv_highgui243.dll
0x000007fe70280000 - 0x000007fe702a0000 	C:\WINDOWS\SYSTEM32\AVIFIL32.dll
0x000007fe70210000 - 0x000007fe70239000 	C:\WINDOWS\SYSTEM32\MSVFW32.dll
0x000007fe70260000 - 0x000007fe70277000 	C:\WINDOWS\SYSTEM32\AVICAP32.dll
0x000007fe677e0000 - 0x000007fe677f9000 	C:\WINDOWS\SYSTEM32\MSACM32.dll
0x000007fe6d2c0000 - 0x000007fe6d2d3000 	C:\Users\Jonas\AppData\Local\Temp\javacpp19121976166382\jniopencv_highgui.dll
0x000007fe6d2a0000 - 0x000007fe6d2b7000 	C:\Windows\System32\devenum.dll
0x000007fe796e0000 - 0x000007fe7970e000 	C:\WINDOWS\SYSTEM32\ntmarta.dll
0x000007fe7ab20000 - 0x000007fe7ab2d000 	C:\WINDOWS\SYSTEM32\msdmo.dll
0x000007fe6b4f0000 - 0x000007fe6b51f000 	C:\Windows\System32\qcap.dll
0x000007fe68400000 - 0x000007fe685b8000 	C:\Windows\System32\quartz.dll
0x000007fe6b4b0000 - 0x000007fe6b4ef000 	C:\Windows\System32\ksproxy.ax
0x000007fe6d940000 - 0x000007fe6d947000 	C:\Windows\System32\ksuser.dll
0x000007fe79be0000 - 0x000007fe79bec000 	C:\Windows\System32\vidcap.ax
0x000007fe6b480000 - 0x000007fe6b4a4000 	C:\Windows\System32\kswdmcap.ax
0x000007fe649f0000 - 0x000007fe64b44000 	C:\Windows\System32\MFC42.dll
0x000007fe68a00000 - 0x000007fe68abe000 	C:\Windows\System32\ODBC32.dll
0x000007fe67920000 - 0x000007fe679b5000 	C:\Windows\System32\qedit.dll
0x000007fe823b0000 - 0x000007fe82451000 	C:\WINDOWS\system32\COMDLG32.dll
0x000007fe83160000 - 0x000007fe83300000 	C:\WINDOWS\WinSxS\amd64_microsoft.windows.gdiplus_6595b64144ccf1df_1.1.9200.16384_none_72771d4ecc1c3a4d\gdiplus.dll
0x000007fe67cd0000 - 0x000007fe67dba000 	C:\WINDOWS\SYSTEM32\DDRAW.dll
0x000007fe7d1b0000 - 0x000007fe7d1b8000 	C:\WINDOWS\SYSTEM32\DCIMAN32.dll
0x000007fe7d2d0000 - 0x000007fe7d339000 	C:\WINDOWS\SYSTEM32\oleacc.dll
0x00000000687c0000 - 0x00000000687ea000 	F:\Program Files\Java\Jre7\bin\dcpr.dll
0x000007fe6c260000 - 0x000007fe6c3c3000 	C:\WINDOWS\SYSTEM32\dbghelp.dll

VM Arguments:
jvm_args: -Dfile.encoding=Cp1252 
java_command: emcscanner.kth.se.Program
Launcher Type: SUN_STANDARD

Environment Variables:
PATH=C:\Program Files (x86)\NVIDIA Corporation\PhysX\Common;C:\WINDOWS\system32;C:\WINDOWS;C:\WINDOWS\System32\Wbem;C:\WINDOWS\System32\WindowsPowerShell\v1.0\;C:\Program Files (x86)\Microsoft SQL Server\90\Tools\binn\;C:\Program Files (x86)\Autodesk\Backburner\;F:\Program Files\MATLAB\R2012a\runtime\win64;F:\Program Files\MATLAB\R2012a\bin;C:\Program Files\Internet Explorer;C:\Program Files\Perforce;F:\Program Files\Perforce;C:\Program Files\Microsoft\Web Platform Installer\;C:\Program Files (x86)\Microsoft ASP.NET\ASP.NET Web Pages\v1.0\;C:\Program Files (x86)\Windows Kits\8.0\Windows Performance Toolkit\;C:\Program Files\Microsoft SQL Server\110\Tools\Binn\;F:\Program Files\Perforce\Server
USERNAME=Jonas
OS=Windows_NT
PROCESSOR_IDENTIFIER=Intel64 Family 6 Model 42 Stepping 7, GenuineIntel



---------------  S Y S T E M  ---------------

OS: Windows 8 , 64 bit Build 9200 

CPU:total 8 (4 cores per cpu, 2 threads per core) family 6 model 42 stepping 7, cmov, cx8, fxsr, mmx, sse, sse2, sse3, ssse3, sse4.1, sse4.2, popcnt, avx, ht, tsc, tscinvbit

Memory: 4k page, physical 16751668k(12435960k free), swap 33528884k(27987172k free)

vm_info: Java HotSpot(TM) 64-Bit Server VM (23.3-b01) for windows-amd64 JRE (1.7.0_07-b11), built on Sep  7 2012 01:19:25 by "java_re" with unknown MS VC++:1600

time: Tue Jan 22 01:53:05 2013
elapsed time: 7 seconds

