#
# A fatal error has been detected by the Java Runtime Environment:
#
#  EXCEPTION_ACCESS_VIOLATION (0xc0000005) at pc=0x0000000002dacf3a, pid=8364, tid=9528
#
# JRE version: 7.0_07-b11
# Java VM: Java HotSpot(TM) 64-Bit Server VM (23.3-b01 mixed mode windows-amd64 compressed oops)
# Problematic frame:
# J  com.googlecode.javacv.cpp.opencv_core$IplImage.flipCopyWithGamma(Ljava/nio/ByteBuffer;ILjava/nio/ByteBuffer;IZDZI)V
#
# Failed to write core dump. Minidumps are not enabled by default on client versions of Windows
#
# If you would like to submit a bug report, please visit:
#   http://bugreport.sun.com/bugreport/crash.jsp
#

---------------  T H R E A D  ---------------

Current thread (0x0000000013dd1000):  JavaThread "threadDisplayCamera" daemon [_thread_in_Java, id=9528, stack(0x0000000016810000,0x0000000016910000)]

siginfo: ExceptionCode=0xc0000005, reading address 0x000000001a48b000

Registers:
RAX=0x0000000000000003, RBX=0x00000000005eec00, RCX=0x0000000000000000, RDX=0x000000001a111050
RSP=0x000000001690ee10, RBP=0x00000007d203a730, RSI=0x00000007d3c0db88, RDI=0x00000000005eec00
R8 =0x0000000000379fb0, R9 =0x0000000000379fb1, R10=0x000000000000167f, R11=0x00000000005eec00
R12=0x0000000000000000, R13=0x0000000000379fb0, R14=0x00000000000013af, R15=0x0000000013dd1000
RIP=0x0000000002dacf3a, EFLAGS=0x0000000000010207

Top of Stack: (sp=0x000000001690ee10)
0x000000001690ee10:   000000001690ee58 00000006fb559128
0x000000001690ee20:   0000000000000000 00000006fb556ea0
0x000000001690ee30:   3ff0000000000000 00000007d203a6f0
0x000000001690ee40:   00000007d203a730 3ff0000000000000
0x000000001690ee50:   00378c0000000000 df6ab9ce00378c00
0x000000001690ee60:   00001680df6c65d4 0000000000001680
0x000000001690ee70:   00000007d203a760 00001680ffffffff
0x000000001690ee80:   00000007d203a730 00000007d203a6f0
0x000000001690ee90:   3ff00000fa781b71 0000000002c828d9
0x000000001690eea0:   00000006fb9c68a0 00000007d203a5f0
0x000000001690eeb0:   00000006fb7b7460 0000000000000000
0x000000001690eec0:   000000001690ef78 0000000002c761f8
0x000000001690eed0:   0000000000000000 0000000000000000
0x000000001690eee0:   00000006fbb3f770 0000000002c761f8
0x000000001690eef0:   0000000000000000 0000000000000000
0x000000001690ef00:   3ff0000000000000 0000000002c763d3 

Instructions: (pc=0x0000000002dacf3a)
0x0000000002dacf1a:   10 44 3b c7 0f 8d 26 01 00 00 45 8b c8 41 ff c1
0x0000000002dacf2a:   44 89 4d 18 48 8b 6c 24 70 44 8b 6d 18 4d 63 c0
0x0000000002dacf3a:   42 0f b6 04 02 44 3b eb 0f 8d 32 01 00 00 45 8b
0x0000000002dacf4a:   cd 44 03 c9 41 ff c5 44 89 6d 18 45 3b cb 0f 83 


Register to memory mapping:

RAX=0x0000000000000003 is an unknown value
RBX=0x00000000005eec00 is an unknown value
RCX=0x0000000000000000 is an unknown value
RDX=0x000000001a111050 is an unknown value
RSP=0x000000001690ee10 is pointing into the stack for thread: 0x0000000013dd1000
RBP=0x00000007d203a730 is an oop
java.nio.HeapByteBuffer 
 - klass: 'java/nio/HeapByteBuffer'
RSI=0x00000007d3c0db88 is an oop
[B 
 - klass: {type array byte}
 - length: 6220800
RDI=0x00000000005eec00 is an unknown value
R8 =0x0000000000379fb0 is an unknown value
R9 =0x0000000000379fb1 is an unknown value
R10=0x000000000000167f is an unknown value
R11=0x00000000005eec00 is an unknown value
R12=0x0000000000000000 is an unknown value
R13=0x0000000000379fb0 is an unknown value
R14=0x00000000000013af is an unknown value
R15=0x0000000013dd1000 is a thread


Stack: [0x0000000016810000,0x0000000016910000],  sp=0x000000001690ee10,  free space=1019k
Native frames: (J=compiled Java code, j=interpreted, Vv=VM code, C=native code)
J  com.googlecode.javacv.cpp.opencv_core$IplImage.flipCopyWithGamma(Ljava/nio/ByteBuffer;ILjava/nio/ByteBuffer;IZDZI)V


---------------  P R O C E S S  ---------------

Java Threads: ( => current thread )
  0x0000000014b84000 JavaThread "ICEpdf-pagePainter" daemon [_thread_blocked, id=8088, stack(0x0000000024970000,0x0000000024a70000)]
  0x0000000017636000 JavaThread "ICEpdf-pageInitializer" daemon [_thread_blocked, id=8984, stack(0x0000000022050000,0x0000000022150000)]
  0x000000000298e000 JavaThread "DestroyJavaVM" [_thread_blocked, id=10208, stack(0x0000000002a70000,0x0000000002b70000)]
  0x000000001806e800 JavaThread "D3D Screen Updater" daemon [_thread_blocked, id=9468, stack(0x0000000021f50000,0x0000000022050000)]
  0x00000000150fe000 JavaThread "TimerQueue" daemon [_thread_blocked, id=7884, stack(0x0000000020a60000,0x0000000020b60000)]
  0x0000000014e88000 JavaThread "threadDisplayDensity" daemon [_thread_blocked, id=8288, stack(0x000000001ce20000,0x000000001cf20000)]
  0x0000000014d05800 JavaThread "AWT-EventQueue-0" [_thread_in_native, id=6160, stack(0x000000001cd20000,0x000000001ce20000)]
  0x0000000014b78000 JavaThread "threadDisplay" daemon [_thread_blocked, id=3572, stack(0x000000001cc20000,0x000000001cd20000)]
  0x00000000150b4800 JavaThread "AWT-Shutdown" [_thread_blocked, id=3352, stack(0x0000000016910000,0x0000000016a10000)]
=>0x0000000013dd1000 JavaThread "threadDisplayCamera" daemon [_thread_in_Java, id=9528, stack(0x0000000016810000,0x0000000016910000)]
  0x0000000013dd2000 JavaThread "AWT-Windows" daemon [_thread_in_native, id=9076, stack(0x00000000146b0000,0x00000000147b0000)]
  0x0000000013dcc800 JavaThread "Java2D Disposer" daemon [_thread_blocked, id=5052, stack(0x00000000144b0000,0x00000000145b0000)]
  0x00000000116e1000 JavaThread "Service Thread" daemon [_thread_blocked, id=9084, stack(0x0000000013ab0000,0x0000000013bb0000)]
  0x00000000116cd800 JavaThread "C2 CompilerThread1" daemon [_thread_blocked, id=8140, stack(0x00000000139b0000,0x0000000013ab0000)]
  0x00000000116c9800 JavaThread "C2 CompilerThread0" daemon [_thread_blocked, id=8584, stack(0x00000000138b0000,0x00000000139b0000)]
  0x00000000116c9000 JavaThread "Attach Listener" daemon [_thread_blocked, id=4724, stack(0x00000000137b0000,0x00000000138b0000)]
  0x00000000116bc000 JavaThread "Signal Dispatcher" daemon [_thread_blocked, id=1204, stack(0x00000000136b0000,0x00000000137b0000)]
  0x0000000011660000 JavaThread "Finalizer" daemon [_thread_blocked, id=1616, stack(0x00000000135b0000,0x00000000136b0000)]
  0x0000000011658800 JavaThread "Reference Handler" daemon [_thread_blocked, id=5204, stack(0x00000000134b0000,0x00000000135b0000)]

Other Threads:
  0x0000000011653800 VMThread [stack: 0x00000000133b0000,0x00000000134b0000] [id=552]
  0x00000000116ec800 WatcherThread [stack: 0x0000000013bb0000,0x0000000013cb0000] [id=9880]

VM state:not at safepoint (normal execution)

VM Mutex/Monitor currently owned by a thread: None

Heap
 PSYoungGen      total 1314560K, used 734188K [0x00000007aacb0000, 0x0000000800000000, 0x0000000800000000)
  eden space 1257536K, 53% used [0x00000007aacb0000,0x00000007d41fc798,0x00000007f78c0000)
  from space 57024K, 99% used [0x00000007f78c0000,0x00000007fb06e888,0x00000007fb070000)
  to   space 75328K, 0% used [0x00000007fb670000,0x00000007fb670000,0x0000000800000000)
 ParOldGen       total 205056K, used 97224K [0x0000000700600000, 0x000000070ce40000, 0x00000007aacb0000)
  object space 205056K, 47% used [0x0000000700600000,0x00000007064f23e0,0x000000070ce40000)
 PSPermGen       total 40960K, used 18145K [0x00000006fb400000, 0x00000006fdc00000, 0x0000000700600000)
  object space 40960K, 44% used [0x00000006fb400000,0x00000006fc5b8548,0x00000006fdc00000)

Card table byte_map: [0x0000000005c70000,0x00000000064a0000] byte_map_base: 0x0000000002496000

Polling page: 0x0000000000fc0000

Code Cache  [0x0000000002c70000, 0x0000000002ee0000, 0x0000000005c70000)
 total_blobs=976 nmethods=386 adapters=541 free_code_cache=47616Kb largest_free_block=48726848

Compilation events (10 events):
Event: 22.289 Thread 0x00000000116c9800 nmethod 391 0x0000000002df0e10 code [0x0000000002df0f60, 0x0000000002df10c8]
Event: 22.291 Thread 0x00000000116c9800  393             javax.swing.JComponent::rectangleIsObscured (119 bytes)
Event: 22.293 Thread 0x00000000116c9800 nmethod 393 0x0000000002df2810 code [0x0000000002df2980, 0x0000000002df2d58]
Event: 22.296 Thread 0x00000000116cd800 nmethod 392 0x0000000002df4c90 code [0x0000000002df4e60, 0x0000000002df55e8]
Event: 22.608 Thread 0x00000000116c9800  395             sun.java2d.pipe.RenderBuffer::putLong (26 bytes)
Event: 22.608 Thread 0x00000000116c9800 nmethod 395 0x0000000002df4a50 code [0x0000000002df4b80, 0x0000000002df4c18]
Event: 23.284 Thread 0x00000000116cd800  396             java.util.EventObject::getSource (5 bytes)
Event: 23.284 Thread 0x00000000116cd800 nmethod 396 0x0000000002df6390 code [0x0000000002df64c0, 0x0000000002df6538]
Event: 23.458 Thread 0x00000000116c9800  397             java.awt.image.Raster::getHeight (5 bytes)
Event: 23.458 Thread 0x00000000116c9800 nmethod 397 0x0000000002df6190 code [0x0000000002df62c0, 0x0000000002df6318]

GC Heap History (10 events):
Event: 14.432 GC heap before
{Heap before GC invocations=13 (full 2):
 PSYoungGen      total 864768K, used 823077K [0x00000007aacb0000, 0x00000007e3030000, 0x0000000800000000)
  eden space 824960K, 99% used [0x00000007aacb0000,0x00000007dd079708,0x00000007dd250000)
  from space 39808K, 0% used [0x00000007dfe90000,0x00000007dfe90000,0x00000007e2570000)
  to   space 45312K, 0% used [0x00000007dd250000,0x00000007dd250000,0x00000007dfe90000)
 ParOldGen       total 205056K, used 44170K [0x0000000700600000, 0x000000070ce40000, 0x00000007aacb0000)
  object space 205056K, 21% used [0x0000000700600000,0x0000000703122860,0x000000070ce40000)
 PSPermGen       total 40960K, used 18088K [0x00000006fb400000, 0x00000006fdc00000, 0x0000000700600000)
  object space 40960K, 44% used [0x00000006fb400000,0x00000006fc5aa198,0x00000006fdc00000)
Event: 14.445 GC heap after
Heap after GC invocations=13 (full 2):
 PSYoungGen      total 870272K, used 42658K [0x00000007aacb0000, 0x00000007f49e0000, 0x0000000800000000)
  eden space 824960K, 0% used [0x00000007aacb0000,0x00000007aacb0000,0x00000007dd250000)
  from space 45312K, 94% used [0x00000007dd250000,0x00000007dfbf8910,0x00000007dfe90000)
  to   space 51136K, 0% used [0x00000007f17f0000,0x00000007f17f0000,0x00000007f49e0000)
 ParOldGen       total 205056K, used 63643K [0x0000000700600000, 0x000000070ce40000, 0x00000007aacb0000)
  object space 205056K, 31% used [0x0000000700600000,0x0000000704426fa0,0x000000070ce40000)
 PSPermGen       total 40960K, used 18088K [0x00000006fb400000, 0x00000006fdc00000, 0x0000000700600000)
  object space 40960K, 44% used [0x00000006fb400000,0x00000006fc5aa198,0x00000006fdc00000)
}
Event: 16.139 GC heap before
{Heap before GC invocations=14 (full 2):
 PSYoungGen      total 870272K, used 867091K [0x00000007aacb0000, 0x00000007f49e0000, 0x0000000800000000)
  eden space 824960K, 99% used [0x00000007aacb0000,0x00000007dd1cc6d8,0x00000007dd250000)
  from space 45312K, 94% used [0x00000007dd250000,0x00000007dfbf8910,0x00000007dfe90000)
  to   space 51136K, 0% used [0x00000007f17f0000,0x00000007f17f0000,0x00000007f49e0000)
 ParOldGen       total 205056K, used 63643K [0x0000000700600000, 0x000000070ce40000, 0x00000007aacb0000)
  object space 205056K, 31% used [0x0000000700600000,0x0000000704426fa0,0x000000070ce40000)
 PSPermGen       total 40960K, used 18093K [0x00000006fb400000, 0x00000006fdc00000, 0x0000000700600000)
  object space 40960K, 44% used [0x00000006fb400000,0x00000006fc5ab5c0,0x00000006fdc00000)
Event: 16.154 GC heap after
Heap after GC invocations=14 (full 2):
 PSYoungGen      total 1146880K, used 49232K [0x00000007aacb0000, 0x00000007f4c60000, 0x0000000800000000)
  eden space 1095744K, 0% used [0x00000007aacb0000,0x00000007aacb0000,0x00000007edac0000)
  from space 51136K, 96% used [0x00000007f17f0000,0x00000007f4804038,0x00000007f49e0000)
  to   space 58176K, 0% used [0x00000007edac0000,0x00000007edac0000,0x00000007f1390000)
 ParOldGen       total 205056K, used 69774K [0x0000000700600000, 0x000000070ce40000, 0x00000007aacb0000)
  object space 205056K, 34% used [0x0000000700600000,0x0000000704a23bb0,0x000000070ce40000)
 PSPermGen       total 40960K, used 18093K [0x00000006fb400000, 0x00000006fdc00000, 0x0000000700600000)
  object space 40960K, 44% used [0x00000006fb400000,0x00000006fc5ab5c0,0x00000006fdc00000)
}
Event: 18.417 GC heap before
{Heap before GC invocations=15 (full 2):
 PSYoungGen      total 1146880K, used 1143773K [0x00000007aacb0000, 0x00000007f4c60000, 0x0000000800000000)
  eden space 1095744K, 99% used [0x00000007aacb0000,0x00000007ed993668,0x00000007edac0000)
  from space 51136K, 96% used [0x00000007f17f0000,0x00000007f4804038,0x00000007f49e0000)
  to   space 58176K, 0% used [0x00000007edac0000,0x00000007edac0000,0x00000007f1390000)
 ParOldGen       total 205056K, used 69774K [0x0000000700600000, 0x000000070ce40000, 0x00000007aacb0000)
  object space 205056K, 34% used [0x0000000700600000,0x0000000704a23bb0,0x000000070ce40000)
 PSPermGen       total 40960K, used 18103K [0x00000006fb400000, 0x00000006fdc00000, 0x0000000700600000)
  object space 40960K, 44% used [0x00000006fb400000,0x00000006fc5adde0,0x00000006fdc00000)
Event: 18.434 GC heap after
Heap after GC invocations=15 (full 2):
 PSYoungGen      total 1153920K, used 56710K [0x00000007aacb0000, 0x0000000800000000, 0x0000000800000000)
  eden space 1095744K, 0% used [0x00000007aacb0000,0x00000007aacb0000,0x00000007edac0000)
  from space 58176K, 97% used [0x00000007edac0000,0x00000007f1221ad8,0x00000007f1390000)
  to   space 66560K, 0% used [0x00000007fbf00000,0x00000007fbf00000,0x0000000800000000)
 ParOldGen       total 205056K, used 85449K [0x0000000700600000, 0x000000070ce40000, 0x00000007aacb0000)
  object space 205056K, 41% used [0x0000000700600000,0x00000007059724f0,0x000000070ce40000)
 PSPermGen       total 40960K, used 18103K [0x00000006fb400000, 0x00000006fdc00000, 0x0000000700600000)
  object space 40960K, 44% used [0x00000006fb400000,0x00000006fc5adde0,0x00000006fdc00000)
}
Event: 20.751 GC heap before
{Heap before GC invocations=16 (full 2):
 PSYoungGen      total 1153920K, used 1152445K [0x00000007aacb0000, 0x0000000800000000, 0x0000000800000000)
  eden space 1095744K, 99% used [0x00000007aacb0000,0x00000007edabda40,0x00000007edac0000)
  from space 58176K, 97% used [0x00000007edac0000,0x00000007f1221ad8,0x00000007f1390000)
  to   space 66560K, 0% used [0x00000007fbf00000,0x00000007fbf00000,0x0000000800000000)
 ParOldGen       total 205056K, used 85449K [0x0000000700600000, 0x000000070ce40000, 0x00000007aacb0000)
  object space 205056K, 41% used [0x0000000700600000,0x00000007059724f0,0x000000070ce40000)
 PSPermGen       total 40960K, used 18114K [0x00000006fb400000, 0x00000006fdc00000, 0x0000000700600000)
  object space 40960K, 44% used [0x00000006fb400000,0x00000006fc5b0a30,0x00000006fdc00000)
Event: 20.766 GC heap after
Heap after GC invocations=16 (full 2):
 PSYoungGen      total 1324096K, used 45868K [0x00000007aacb0000, 0x0000000800000000, 0x0000000800000000)
  eden space 1257536K, 0% used [0x00000007aacb0000,0x00000007aacb0000,0x00000007f78c0000)
  from space 66560K, 68% used [0x00000007fbf00000,0x00000007febcb218,0x0000000800000000)
  to   space 69248K, 0% used [0x00000007f78c0000,0x00000007f78c0000,0x00000007fbc60000)
 ParOldGen       total 205056K, used 97208K [0x0000000700600000, 0x000000070ce40000, 0x00000007aacb0000)
  object space 205056K, 47% used [0x0000000700600000,0x00000007064ee3e0,0x000000070ce40000)
 PSPermGen       total 40960K, used 18114K [0x00000006fb400000, 0x00000006fdc00000, 0x0000000700600000)
  object space 40960K, 44% used [0x00000006fb400000,0x00000006fc5b0a30,0x00000006fdc00000)
}
Event: 23.349 GC heap before
{Heap before GC invocations=17 (full 2):
 PSYoungGen      total 1324096K, used 1302799K [0x00000007aacb0000, 0x0000000800000000, 0x0000000800000000)
  eden space 1257536K, 99% used [0x00000007aacb0000,0x00000007f7828b68,0x00000007f78c0000)
  from space 66560K, 68% used [0x00000007fbf00000,0x00000007febcb218,0x0000000800000000)
  to   space 69248K, 0% used [0x00000007f78c0000,0x00000007f78c0000,0x00000007fbc60000)
 ParOldGen       total 205056K, used 97208K [0x0000000700600000, 0x000000070ce40000, 0x00000007aacb0000)
  object space 205056K, 47% used [0x0000000700600000,0x00000007064ee3e0,0x000000070ce40000)
 PSPermGen       total 40960K, used 18136K [0x00000006fb400000, 0x00000006fdc00000, 0x0000000700600000)
  object space 40960K, 44% used [0x00000006fb400000,0x00000006fc5b60b0,0x00000006fdc00000)
Event: 23.363 GC heap after
Heap after GC invocations=17 (full 2):
 PSYoungGen      total 1314560K, used 57018K [0x00000007aacb0000, 0x0000000800000000, 0x0000000800000000)
  eden space 1257536K, 0% used [0x00000007aacb0000,0x00000007aacb0000,0x00000007f78c0000)
  from space 57024K, 99% used [0x00000007f78c0000,0x00000007fb06e888,0x00000007fb070000)
  to   space 75328K, 0% used [0x00000007fb670000,0x00000007fb670000,0x0000000800000000)
 ParOldGen       total 205056K, used 97224K [0x0000000700600000, 0x000000070ce40000, 0x00000007aacb0000)
  object space 205056K, 47% used [0x0000000700600000,0x00000007064f23e0,0x000000070ce40000)
 PSPermGen       total 40960K, used 18136K [0x00000006fb400000, 0x00000006fdc00000, 0x0000000700600000)
  object space 40960K, 44% used [0x00000006fb400000,0x00000006fc5b60b0,0x00000006fdc00000)
}

Deoptimization events (10 events):
Event: 2.774 Thread 0x000000000298e000 Uncommon trap -83 fr.pc 0x0000000002d1027c
Event: 3.285 Thread 0x000000000298e000 Uncommon trap 43 fr.pc 0x0000000002d32f94
Event: 3.810 Thread 0x0000000014d05800 Uncommon trap -83 fr.pc 0x0000000002d361c4
Event: 3.878 Thread 0x0000000017636000 Uncommon trap -83 fr.pc 0x0000000002d35db4
Event: 3.935 Thread 0x0000000017636000 Uncommon trap -83 fr.pc 0x0000000002d38f84
Event: 3.951 Thread 0x0000000017636000 Uncommon trap -83 fr.pc 0x0000000002d686a8
Event: 4.014 Thread 0x0000000017636000 Uncommon trap -83 fr.pc 0x0000000002d659bc
Event: 4.044 Thread 0x0000000017636000 Uncommon trap -83 fr.pc 0x0000000002d59d18
Event: 4.266 Thread 0x0000000014b84000 Uncommon trap -83 fr.pc 0x0000000002da0a3c
Event: 18.376 Thread 0x0000000013dd1000 Uncommon trap -12 fr.pc 0x0000000002dd79b8

Internal exceptions (10 events):
Event: 4.093 Thread 0x0000000017636000 Threw 0x00000007ab8ee848 at C:\jdk7u1_64p\jdk7u7\hotspot\src\share\vm\prims\jvm.cpp:1166
Event: 4.094 Thread 0x0000000017636000 Threw 0x00000007ab8f19f8 at C:\jdk7u1_64p\jdk7u7\hotspot\src\share\vm\prims\jvm.cpp:1166
Event: 4.094 Thread 0x0000000017636000 Threw 0x00000007ab8f4918 at C:\jdk7u1_64p\jdk7u7\hotspot\src\share\vm\prims\jvm.cpp:1166
Event: 4.251 Thread 0x0000000014b84000 Threw 0x00000007abe29d18 at C:\jdk7u1_64p\jdk7u7\hotspot\src\share\vm\prims\jvm.cpp:1166
Event: 4.256 Thread 0x0000000014b84000 Threw 0x00000007abe3a5a8 at C:\jdk7u1_64p\jdk7u7\hotspot\src\share\vm\prims\jvm.cpp:1166
Event: 4.457 Thread 0x0000000014b84000 Threw 0x00000007ac729df0 at C:\jdk7u1_64p\jdk7u7\hotspot\src\share\vm\prims\jvm.cpp:1166
Event: 7.148 Thread 0x0000000014d05800 Threw 0x00000007ab95a260 at C:\jdk7u1_64p\jdk7u7\hotspot\src\share\vm\prims\jvm.cpp:1166
Event: 7.148 Thread 0x0000000014d05800 Threw 0x00000007ab95f848 at C:\jdk7u1_64p\jdk7u7\hotspot\src\share\vm\prims\jvm.cpp:1166
Event: 7.150 Thread 0x0000000014d05800 Threw 0x00000007ad571bd0 at C:\jdk7u1_64p\jdk7u7\hotspot\src\share\vm\prims\jvm.cpp:1166
Event: 18.376 Thread 0x0000000013dd1000 Implicit null exception at 0x0000000002dd76b8 to 0x0000000002dd79ac

Events (10 events):
Event: 20.751 Executing VM operation: ParallelGCFailedAllocation
Event: 20.766 Executing VM operation: ParallelGCFailedAllocation done
Event: 23.349 Executing VM operation: ParallelGCFailedAllocation
Event: 23.363 Executing VM operation: ParallelGCFailedAllocation done
Event: 24.342 loading class 0x000000001517c300
Event: 24.342 loading class 0x000000001517c300 done
Event: 24.342 loading class 0x0000000014b8c660
Event: 24.342 loading class 0x0000000015116f50
Event: 24.342 loading class 0x0000000015116f50 done
Event: 24.342 loading class 0x0000000014b8c660 done


Dynamic libraries:
0x000007f662880000 - 0x000007f6628b4000 	F:\Program Files\Java\Jre7\bin\javaw.exe
0x000007fd0db20000 - 0x000007fd0dcde000 	C:\WINDOWS\SYSTEM32\ntdll.dll
0x000007fd0c680000 - 0x000007fd0c7b6000 	C:\WINDOWS\system32\KERNEL32.DLL
0x000007fd0ab00000 - 0x000007fd0abf3000 	C:\WINDOWS\system32\KERNELBASE.dll
0x000007fd0c260000 - 0x000007fd0c33e000 	C:\WINDOWS\system32\ADVAPI32.dll
0x000007fd0c460000 - 0x000007fd0c5ac000 	C:\WINDOWS\system32\USER32.dll
0x000007fd082b0000 - 0x000007fd08519000 	C:\WINDOWS\WinSxS\amd64_microsoft.windows.common-controls_6595b64144ccf1df_6.0.9200.16384_none_418c2a697189c07f\COMCTL32.dll
0x000007fd0c7c0000 - 0x000007fd0c865000 	C:\WINDOWS\system32\msvcrt.dll
0x000007fd0cdf0000 - 0x000007fd0ce38000 	C:\WINDOWS\SYSTEM32\sechost.dll
0x000007fd0c870000 - 0x000007fd0c9b0000 	C:\WINDOWS\system32\RPCRT4.dll
0x000007fd0d520000 - 0x000007fd0d660000 	C:\WINDOWS\system32\GDI32.dll
0x000007fd0c620000 - 0x000007fd0c659000 	C:\WINDOWS\system32\IMM32.DLL
0x000007fd0c340000 - 0x000007fd0c455000 	C:\WINDOWS\system32\MSCTF.dll
0x000007fd0aa10000 - 0x000007fd0aa18000 	C:\PROGRA~2\NVIDIA~1\3DVISI~1\NVSTIN~1.DLL
0x000007fd0d510000 - 0x000007fd0d517000 	C:\WINDOWS\system32\PSAPI.DLL
0x000000005e410000 - 0x000000005e4b3000 	C:\WINDOWS\WinSxS\amd64_microsoft.vc90.crt_1fc8b3b9a1e18e3b_9.0.30729.6871_none_08e717a5a83adddf\MSVCR90.dll
0x000000005d880000 - 0x000000005d951000 	F:\Program Files\Java\Jre7\bin\msvcr100.dll
0x000000005c090000 - 0x000000005c7af000 	F:\Program Files\Java\Jre7\bin\server\jvm.dll
0x000007fd02f00000 - 0x000007fd02f09000 	C:\WINDOWS\SYSTEM32\WSOCK32.dll
0x000007fd07b90000 - 0x000007fd07bb0000 	C:\WINDOWS\SYSTEM32\WINMM.dll
0x000007fd0c5b0000 - 0x000007fd0c608000 	C:\WINDOWS\system32\WS2_32.dll
0x000007fd07a80000 - 0x000007fd07ab2000 	C:\WINDOWS\SYSTEM32\WINMMBASE.dll
0x000007fd0d360000 - 0x000007fd0d369000 	C:\WINDOWS\system32\NSI.dll
0x000000005dc10000 - 0x000000005dc1f000 	F:\Program Files\Java\Jre7\bin\verify.dll
0x000000005dbe0000 - 0x000000005dc08000 	F:\Program Files\Java\Jre7\bin\java.dll
0x000000005dbc0000 - 0x000000005dbd5000 	F:\Program Files\Java\Jre7\bin\zip.dll
0x000000005aff0000 - 0x000000005b183000 	F:\Program Files\Java\Jre7\bin\awt.dll
0x000007fd0d830000 - 0x000007fd0d8f3000 	C:\WINDOWS\system32\OLEAUT32.dll
0x000007fd0cc40000 - 0x000007fd0cdf0000 	C:\WINDOWS\system32\combase.dll
0x000007fd04cf0000 - 0x000007fd04d8f000 	C:\WINDOWS\system32\apphelp.dll
0x000007fd09810000 - 0x000007fd098f3000 	C:\WINDOWS\system32\uxtheme.dll
0x000007fd08210000 - 0x000007fd082a5000 	C:\Program Files\Common Files\microsoft shared\ink\tiptsf.dll
0x000007fd088b0000 - 0x000007fd088d1000 	C:\WINDOWS\SYSTEM32\dwmapi.dll
0x000007fd0d090000 - 0x000007fd0d20e000 	C:\WINDOWS\system32\ole32.dll
0x000007fd0a860000 - 0x000007fd0a86a000 	C:\WINDOWS\SYSTEM32\CRYPTBASE.dll
0x000007fd0a800000 - 0x000007fd0a85c000 	C:\WINDOWS\SYSTEM32\bcryptPrimitives.dll
0x000007fd0af70000 - 0x000007fd0c258000 	C:\WINDOWS\system32\SHELL32.dll
0x000007fd0cb80000 - 0x000007fd0cbd0000 	C:\WINDOWS\system32\SHLWAPI.dll
0x000007fd09be0000 - 0x000007fd09c76000 	C:\WINDOWS\SYSTEM32\shcore.dll
0x000000005d2e0000 - 0x000000005d378000 	C:\Windows\System32\msvcp100.dll
0x000007fcf1100000 - 0x000007fcf1358000 	C:\opencv\build\x64\vc10\bin\opencv_core243.dll
0x000007fcf4210000 - 0x000007fcf42a5000 	C:\Users\Jonas\AppData\Local\Temp\javacpp134303377244926\jniopencv_core.dll
0x000007fcf07d0000 - 0x000007fcf0a75000 	C:\opencv\build\x64\vc10\bin\opencv_imgproc243.dll
0x000007fd015e0000 - 0x000007fd01628000 	C:\Users\Jonas\AppData\Local\Temp\javacpp134303377244926\jniopencv_imgproc.dll
0x0000000066840000 - 0x00000000675ca000 	C:\opencv\build\x64\vc10\bin\opencv_ffmpeg243_64.dll
0x000007fcece30000 - 0x000007fced07b000 	C:\opencv\build\x64\vc10\bin\opencv_highgui243.dll
0x000007fd043e0000 - 0x000007fd04400000 	C:\WINDOWS\SYSTEM32\AVIFIL32.dll
0x000007fd07af0000 - 0x000007fd07b19000 	C:\WINDOWS\SYSTEM32\MSVFW32.dll
0x000007fd081c0000 - 0x000007fd081d7000 	C:\WINDOWS\SYSTEM32\AVICAP32.dll
0x000007fcf6150000 - 0x000007fcf6169000 	C:\WINDOWS\SYSTEM32\MSACM32.dll
0x000007fd07db0000 - 0x000007fd07db9000 	C:\WINDOWS\SYSTEM32\VERSION.dll
0x000007fd04350000 - 0x000007fd04363000 	C:\Users\Jonas\AppData\Local\Temp\javacpp134303377244926\jniopencv_highgui.dll
0x000007fd0d2c0000 - 0x000007fd0d356000 	C:\WINDOWS\SYSTEM32\clbcatq.dll
0x000007fd01e20000 - 0x000007fd01e37000 	C:\Windows\System32\devenum.dll
0x000007fd0c9b0000 - 0x000007fd0cb80000 	C:\WINDOWS\system32\setupapi.dll
0x000007fd0ad10000 - 0x000007fd0ad5f000 	C:\WINDOWS\system32\CFGMGR32.dll
0x000007fd0af40000 - 0x000007fd0af62000 	C:\WINDOWS\system32\DEVOBJ.dll
0x000007fd03ae0000 - 0x000007fd03b0e000 	C:\WINDOWS\SYSTEM32\ntmarta.dll
0x000007fd0ac00000 - 0x000007fd0ac55000 	C:\WINDOWS\system32\WINTRUST.dll
0x000007fd0ad60000 - 0x000007fd0af37000 	C:\WINDOWS\system32\CRYPT32.dll
0x000007fd0aae0000 - 0x000007fd0aaf6000 	C:\WINDOWS\system32\MSASN1.dll
0x000007fd05950000 - 0x000007fd0595d000 	C:\WINDOWS\SYSTEM32\msdmo.dll
0x000007fd01920000 - 0x000007fd0194f000 	C:\Windows\System32\qcap.dll
0x000007fcec870000 - 0x000007fceca28000 	C:\Windows\System32\quartz.dll
0x000007fcf7e50000 - 0x000007fcf7e8f000 	C:\Windows\System32\ksproxy.ax
0x000007fcf5930000 - 0x000007fcf5937000 	C:\Windows\System32\ksuser.dll
0x000007fcf9950000 - 0x000007fcf9b50000 	C:\Windows\System32\d3d9.dll
0x000007fd04560000 - 0x000007fd0456c000 	C:\Windows\System32\vidcap.ax
0x000007fd015b0000 - 0x000007fd015d4000 	C:\Windows\System32\kswdmcap.ax
0x000007fcf2570000 - 0x000007fcf26c4000 	C:\Windows\System32\MFC42.dll
0x000007fcf3af0000 - 0x000007fcf3bae000 	C:\Windows\System32\ODBC32.dll
0x000007fcf1490000 - 0x000007fcf1525000 	C:\Windows\System32\qedit.dll
0x000007fd0d210000 - 0x000007fd0d2b1000 	C:\WINDOWS\system32\COMDLG32.dll
0x000007fd0d370000 - 0x000007fd0d510000 	C:\WINDOWS\WinSxS\amd64_microsoft.windows.gdiplus_6595b64144ccf1df_1.1.9200.16384_none_72771d4ecc1c3a4d\gdiplus.dll
0x000007fcf0640000 - 0x000007fcf072a000 	C:\WINDOWS\SYSTEM32\DDRAW.dll
0x000007fd07de0000 - 0x000007fd07de8000 	C:\WINDOWS\SYSTEM32\DCIMAN32.dll
0x000000005b610000 - 0x000000005b644000 	F:\Program Files\Java\Jre7\bin\fontmanager.dll
0x000007fce6500000 - 0x000007fce7680000 	C:\WINDOWS\SYSTEM32\nvd3dumx.dll
0x000007fd0a900000 - 0x000007fd0a943000 	C:\WINDOWS\SYSTEM32\powrprof.dll
0x0000000180000000 - 0x0000000180116000 	C:\Program Files (x86)\NVIDIA Corporation\3D Vision\nvSCPAPI64.dll
0x000007fd07ef0000 - 0x000007fd07f64000 	C:\WINDOWS\SYSTEM32\dxgi.dll
0x000007fd06540000 - 0x000007fd06802000 	C:\WINDOWS\SYSTEM32\nvapi64.dll
0x000007fd07ed0000 - 0x000007fd07eef000 	C:\WINDOWS\SYSTEM32\DXGIDebug.dll
0x000000005dba0000 - 0x000000005dbb9000 	F:\Program Files\Java\Jre7\bin\net.dll
0x000007fd0a270000 - 0x000007fd0a2cc000 	C:\WINDOWS\system32\mswsock.dll
0x000000005db50000 - 0x000000005db61000 	F:\Program Files\Java\Jre7\bin\nio.dll
0x000000005b5c0000 - 0x000000005b601000 	F:\Program Files\Java\Jre7\bin\t2k.dll
0x000007fd08010000 - 0x000007fd0819a000 	C:\WINDOWS\SYSTEM32\WindowsCodecs.dll
0x000007fd0aa30000 - 0x000007fd0aa45000 	C:\WINDOWS\SYSTEM32\profapi.dll
0x000007fd07530000 - 0x000007fd07599000 	C:\WINDOWS\SYSTEM32\oleacc.dll
0x000000005afc0000 - 0x000000005afea000 	F:\Program Files\Java\Jre7\bin\dcpr.dll

VM Arguments:
jvm_args: -Dfile.encoding=Cp1252 
java_command: emcscanner.kth.se.Program
Launcher Type: SUN_STANDARD

Environment Variables:
PATH=C:\Program Files (x86)\NVIDIA Corporation\PhysX\Common;C:\WINDOWS\system32;C:\WINDOWS;C:\WINDOWS\System32\Wbem;C:\WINDOWS\System32\WindowsPowerShell\v1.0\;C:\Program Files (x86)\Microsoft SQL Server\90\Tools\binn\;C:\Program Files (x86)\Autodesk\Backburner\;F:\Program Files\MATLAB\R2012a\runtime\win64;F:\Program Files\MATLAB\R2012a\bin;C:\Program Files\Internet Explorer;C:\Program Files\Perforce;F:\Program Files\Perforce;C:\Program Files\Microsoft\Web Platform Installer\;C:\Program Files (x86)\Microsoft ASP.NET\ASP.NET Web Pages\v1.0\;C:\Program Files (x86)\Windows Kits\8.0\Windows Performance Toolkit\;C:\Program Files\Microsoft SQL Server\110\Tools\Binn\;F:\Program Files\Perforce\Server
USERNAME=Jonas
OS=Windows_NT
PROCESSOR_IDENTIFIER=Intel64 Family 6 Model 42 Stepping 7, GenuineIntel



---------------  S Y S T E M  ---------------

OS: Windows 8 , 64 bit Build 9200 

CPU:total 8 (4 cores per cpu, 2 threads per core) family 6 model 42 stepping 7, cmov, cx8, fxsr, mmx, sse, sse2, sse3, ssse3, sse4.1, sse4.2, popcnt, avx, ht, tsc, tscinvbit

Memory: 4k page, physical 16751668k(9039864k free), swap 33528884k(23375532k free)

vm_info: Java HotSpot(TM) 64-Bit Server VM (23.3-b01) for windows-amd64 JRE (1.7.0_07-b11), built on Sep  7 2012 01:19:25 by "java_re" with unknown MS VC++:1600

time: Mon Feb 04 02:00:16 2013
elapsed time: 25 seconds

