#
# A fatal error has been detected by the Java Runtime Environment:
#
#  EXCEPTION_ACCESS_VIOLATION (0xc0000005) at pc=0x000007f945ebd118, pid=7780, tid=8292
#
# JRE version: 7.0_07-b11
# Java VM: Java HotSpot(TM) 64-Bit Server VM (23.3-b01 mixed mode windows-amd64 compressed oops)
# Problematic frame:
# C  [opencv_core243.dll+0x5d118]  cvSetZero+0x278
#
# Failed to write core dump. Minidumps are not enabled by default on client versions of Windows
#
# If you would like to submit a bug report, please visit:
#   http://bugreport.sun.com/bugreport/crash.jsp
# The crash happened outside the Java Virtual Machine in native code.
# See problematic frame for where to report the bug.
#

---------------  T H R E A D  ---------------

Current thread (0x0000000013caa000):  JavaThread "threadDisplay" daemon [_thread_in_native, id=8292, stack(0x000000001ac00000,0x000000001ad00000)]

siginfo: ExceptionCode=0xc0000005, reading address 0x000000001a7318cd

Registers:
RAX=0x00000000000000c8, RBX=0x000000001acfeaa0, RCX=0x000000000000167d, RDX=0x0000000000000000
RSP=0x000000001acfd9b0, RBP=0x0000000000000b40, RSI=0x000000001a730250, RDI=0x000000001a730250
R8 =0x000000001a730250, R9 =0x00000000221eb990, R10=0x0000000000000b40, R11=0x0000000000000000
R12=0x00000000221eb990, R13=0x0000000000000b40, R14=0x0000000000001680, R15=0x0000000000001680
RIP=0x000007f945ebd118, EFLAGS=0x0000000000010246

Top of Stack: (sp=0x000000001acfd9b0)
0x000000001acfd9b0:   0000000000000031 000007f945f73730
0x000000001acfd9c0:   0000000000000035 00000000fc597d10
0x000000001acfd9d0:   fffffffffffffffe 0000000000000000
0x000000001acfd9e0:   00000000221eb990 0000000000001680
0x000000001acfd9f0:   00000000fc592678 0000000000000003
0x000000001acfda00:   00000000028f0000 0000000000000030
0x000000001acfda10:   0000000000000028 000007f95e1d57c0
0x000000001acfda20:   0000000021c82e58 000007f9fc597b88
0x000000001acfda30:   00000000fc59b180 0000000000000000
0x000000001acfda40:   00000000fc593140 0000000000000000
0x000000001acfda50:   0000000000000002 000007f945f8c5a9
0x000000001acfda60:   000000001acfdd80 00000000fc5943c8
0x000000001acfda70:   00000000fc578d18 00000000fc5a2fa0
0x000000001acfda80:   00000000fc584d08 00000000fc597c40
0x000000001acfda90:   00000000fc59ab08 000007f9fc5960c0
0x000000001acfdaa0:   fffffffffffffffe 000000001acfdd80 

Instructions: (pc=0x000007f945ebd118)
0x000007f945ebd0f8:   4c 8b c7 4d 8b cc 4c 8b de 4c 2b df 4c 8b d5 66
0x000007f945ebd108:   0f 1f 84 00 00 00 00 00 43 0f b6 14 03 49 63 09
0x000007f945ebd118:   0f b6 04 31 41 88 00 88 14 39 49 83 c1 04 49 ff
0x000007f945ebd128:   c0 49 ff ca 75 e2 49 03 f6 49 03 ff 83 7b 04 00 


Register to memory mapping:

RAX=0x00000000000000c8 is an unknown value
RBX=0x000000001acfeaa0 is pointing into the stack for thread: 0x0000000013caa000
RCX=0x000000000000167d is an unknown value
RDX=0x0000000000000000 is an unknown value
RSP=0x000000001acfd9b0 is pointing into the stack for thread: 0x0000000013caa000
RBP=0x0000000000000b40 is an unknown value
RSI=0x000000001a730250 is an unknown value
RDI=0x000000001a730250 is an unknown value
R8 =0x000000001a730250 is an unknown value
R9 =0x00000000221eb990 is an unknown value
R10=0x0000000000000b40 is an unknown value
R11=0x0000000000000000 is an unknown value
R12=0x00000000221eb990 is an unknown value
R13=0x0000000000000b40 is an unknown value
R14=0x0000000000001680 is an unknown value
R15=0x0000000000001680 is an unknown value


Stack: [0x000000001ac00000,0x000000001ad00000],  sp=0x000000001acfd9b0,  free space=1014k
Native frames: (J=compiled Java code, j=interpreted, Vv=VM code, C=native code)
C  [opencv_core243.dll+0x5d118]  cvSetZero+0x278

[error occurred during error reporting (printing native stack), id 0xc0000005]

Java frames: (J=compiled Java code, j=interpreted, Vv=VM code)
j  com.googlecode.javacv.cpp.opencv_core.cvFlip(Lcom/googlecode/javacv/cpp/opencv_core$CvArr;Lcom/googlecode/javacv/cpp/opencv_core$CvArr;I)V+0
j  emcscanner.kth.se.CameraPanel$1.run()V+57
v  ~StubRoutines::call_stub

---------------  P R O C E S S  ---------------

Java Threads: ( => current thread )
  0x0000000014f68800 JavaThread "Thread-2" [_thread_in_native, id=8352, stack(0x0000000017750000,0x0000000017850000)]
  0x0000000014f67000 JavaThread "Thread-0" daemon [_thread_in_native, id=1580, stack(0x0000000017650000,0x0000000017750000)]
  0x0000000014f6c000 JavaThread "ICEpdf-pagePainter" daemon [_thread_blocked, id=8636, stack(0x00000000261c0000,0x00000000262c0000)]
  0x0000000014f64800 JavaThread "ICEpdf-pageInitializer" daemon [_thread_blocked, id=9044, stack(0x0000000025f90000,0x0000000026090000)]
  0x00000000028fe000 JavaThread "DestroyJavaVM" [_thread_blocked, id=7484, stack(0x0000000002900000,0x0000000002a00000)]
  0x0000000014f29000 JavaThread "TimerQueue" daemon [_thread_blocked, id=6488, stack(0x00000000211a0000,0x00000000212a0000)]
  0x0000000014e95000 JavaThread "threadDisplayDensity" daemon [_thread_blocked, id=8876, stack(0x000000001d550000,0x000000001d650000)]
  0x0000000014e94000 JavaThread "AWT-EventQueue-0" [_thread_blocked, id=5644, stack(0x000000001d450000,0x000000001d550000)]
  0x0000000014e93800 JavaThread "threadDisplay" daemon [_thread_blocked, id=2820, stack(0x000000001d350000,0x000000001d450000)]
  0x000000001517d800 JavaThread "AWT-Shutdown" [_thread_blocked, id=6752, stack(0x000000001ad00000,0x000000001ae00000)]
=>0x0000000013caa000 JavaThread "threadDisplay" daemon [_thread_in_native, id=8292, stack(0x000000001ac00000,0x000000001ad00000)]
  0x0000000013cab000 JavaThread "AWT-Windows" daemon [_thread_in_native, id=4648, stack(0x0000000014590000,0x0000000014690000)]
  0x0000000013ca8800 JavaThread "Java2D Disposer" daemon [_thread_blocked, id=7008, stack(0x0000000014390000,0x0000000014490000)]
  0x000000001159b000 JavaThread "Service Thread" daemon [_thread_blocked, id=5660, stack(0x0000000013990000,0x0000000013a90000)]
  0x0000000011598800 JavaThread "C2 CompilerThread1" daemon [_thread_blocked, id=8668, stack(0x0000000013890000,0x0000000013990000)]
  0x0000000011589000 JavaThread "C2 CompilerThread0" daemon [_thread_blocked, id=1444, stack(0x0000000013790000,0x0000000013890000)]
  0x0000000011588000 JavaThread "Attach Listener" daemon [_thread_blocked, id=3392, stack(0x0000000013690000,0x0000000013790000)]
  0x000000001157b800 JavaThread "Signal Dispatcher" daemon [_thread_blocked, id=6124, stack(0x0000000013590000,0x0000000013690000)]
  0x000000001151f000 JavaThread "Finalizer" daemon [_thread_blocked, id=8964, stack(0x0000000013490000,0x0000000013590000)]
  0x0000000011518000 JavaThread "Reference Handler" daemon [_thread_blocked, id=6392, stack(0x0000000013390000,0x0000000013490000)]

Other Threads:
  0x0000000011513000 VMThread [stack: 0x0000000013290000,0x0000000013390000] [id=2788]
  0x00000000115b8000 WatcherThread [stack: 0x0000000013a90000,0x0000000013b90000] [id=8512]

VM state:not at safepoint (normal execution)

VM Mutex/Monitor currently owned by a thread: None

Heap
 PSYoungGen      total 846080K, used 369932K [0x00000007aacb0000, 0x00000007e4710000, 0x0000000800000000)
  eden space 798528K, 44% used [0x00000007aacb0000,0x00000007c03e6e50,0x00000007db880000)
  from space 47552K, 38% used [0x00000007db880000,0x00000007dca8c430,0x00000007de6f0000)
  to   space 45568K, 0% used [0x00000007e1a90000,0x00000007e1a90000,0x00000007e4710000)
 ParOldGen       total 519808K, used 242212K [0x0000000700600000, 0x00000007201a0000, 0x00000007aacb0000)
  object space 519808K, 46% used [0x0000000700600000,0x000000070f2890d0,0x00000007201a0000)
 PSPermGen       total 32256K, used 18105K [0x00000006fb400000, 0x00000006fd380000, 0x0000000700600000)
  object space 32256K, 56% used [0x00000006fb400000,0x00000006fc5ae4b8,0x00000006fd380000)

Card table byte_map: [0x0000000005b00000,0x0000000006330000] byte_map_base: 0x0000000002326000

Polling page: 0x00000000026f0000

Code Cache  [0x0000000002b00000, 0x0000000002d70000, 0x0000000005b00000)
 total_blobs=936 nmethods=346 adapters=541 free_code_cache=47701Kb largest_free_block=48786624

Compilation events (10 events):
Event: 31.584 Thread 0x0000000011589000  350   !         javax.swing.JComponent::_paintImmediately (891 bytes)
Event: 31.649 Thread 0x0000000011589000 nmethod 350 0x0000000002c70150 code [0x0000000002c70600, 0x0000000002c73f28]
Event: 32.150 Thread 0x0000000011589000  352             sun.java2d.pipe.Region::isInsideXYXY (39 bytes)
Event: 32.150 Thread 0x0000000011598800  351             sun.java2d.pipe.Region::getIntersectionXYXY (108 bytes)
Event: 32.151 Thread 0x0000000011589000 nmethod 352 0x0000000002be7b50 code [0x0000000002be7c80, 0x0000000002be7d18]
Event: 32.152 Thread 0x0000000011598800 nmethod 351 0x0000000002be7750 code [0x0000000002be78a0, 0x0000000002be7a58]
Event: 32.192 Thread 0x0000000011589000  353             java.awt.Image$1::getSurfaceManager (5 bytes)
Event: 32.192 Thread 0x0000000011589000 nmethod 353 0x0000000002c27e10 code [0x0000000002c27f40, 0x0000000002c27fb8]
Event: 32.801 Thread 0x0000000011598800  355             java.lang.Integer::equals (29 bytes)
Event: 32.801 Thread 0x0000000011598800 nmethod 355 0x0000000002c27850 code [0x0000000002c27980, 0x0000000002c27a18]

GC Heap History (10 events):
Event: 27.154 GC heap before
{Heap before GC invocations=28 (full 6):
 PSYoungGen      total 752704K, used 729505K [0x00000007aacb0000, 0x00000007de780000, 0x0000000800000000)
  eden space 708288K, 99% used [0x00000007aacb0000,0x00000007d6058848,0x00000007d6060000)
  from space 44416K, 47% used [0x00000007d6060000,0x00000007d751fe20,0x00000007d8bc0000)
  to   space 43712K, 0% used [0x00000007dbcd0000,0x00000007dbcd0000,0x00000007de780000)
 ParOldGen       total 437568K, used 414716K [0x0000000700600000, 0x000000071b150000, 0x00000007aacb0000)
  object space 437568K, 94% used [0x0000000700600000,0x0000000719aff048,0x000000071b150000)
 PSPermGen       total 33984K, used 18042K [0x00000006fb400000, 0x00000006fd530000, 0x0000000700600000)
  object space 33984K, 53% used [0x00000006fb400000,0x00000006fc59e9d0,0x00000006fd530000)
Event: 27.156 GC heap after
Heap after GC invocations=28 (full 6):
 PSYoungGen      total 790016K, used 573K [0x00000007aacb0000, 0x00000007de100000, 0x0000000800000000)
  eden space 752960K, 0% used [0x00000007aacb0000,0x00000007aacb0000,0x00000007d8c00000)
  from space 37056K, 1% used [0x00000007dbcd0000,0x00000007dbd5f488,0x00000007de100000)
  to   space 43520K, 0% used [0x00000007d8c00000,0x00000007d8c00000,0x00000007db680000)
 ParOldGen       total 437568K, used 414716K [0x0000000700600000, 0x000000071b150000, 0x00000007aacb0000)
  object space 437568K, 94% used [0x0000000700600000,0x0000000719aff048,0x000000071b150000)
 PSPermGen       total 33984K, used 18042K [0x00000006fb400000, 0x00000006fd530000, 0x0000000700600000)
  object space 33984K, 53% used [0x00000006fb400000,0x00000006fc59e9d0,0x00000006fd530000)
}
Event: 28.450 GC heap before
{Heap before GC invocations=29 (full 7):
 PSYoungGen      total 790016K, used 753263K [0x00000007aacb0000, 0x00000007de100000, 0x0000000800000000)
  eden space 752960K, 99% used [0x00000007aacb0000,0x00000007d8bbc8b0,0x00000007d8c00000)
  from space 37056K, 1% used [0x00000007dbcd0000,0x00000007dbd5f488,0x00000007de100000)
  to   space 43520K, 0% used [0x00000007d8c00000,0x00000007d8c00000,0x00000007db680000)
 ParOldGen       total 437568K, used 422816K [0x0000000700600000, 0x000000071b150000, 0x00000007aacb0000)
  object space 437568K, 96% used [0x0000000700600000,0x000000071a2e8068,0x000000071b150000)
 PSPermGen       total 33984K, used 18044K [0x00000006fb400000, 0x00000006fd530000, 0x0000000700600000)
  object space 33984K, 53% used [0x00000006fb400000,0x00000006fc59f048,0x00000006fd530000)
Event: 28.478 GC heap after
Heap after GC invocations=29 (full 7):
 PSYoungGen      total 790016K, used 0K [0x00000007aacb0000, 0x00000007de100000, 0x0000000800000000)
  eden space 752960K, 0% used [0x00000007aacb0000,0x00000007aacb0000,0x00000007d8c00000)
  from space 37056K, 0% used [0x00000007dbcd0000,0x00000007dbcd0000,0x00000007de100000)
  to   space 43520K, 0% used [0x00000007d8c00000,0x00000007d8c00000,0x00000007db680000)
 ParOldGen       total 519808K, used 43380K [0x0000000700600000, 0x00000007201a0000, 0x00000007aacb0000)
  object space 519808K, 8% used [0x0000000700600000,0x000000070305d3c8,0x00000007201a0000)
 PSPermGen       total 32256K, used 18043K [0x00000006fb400000, 0x00000006fd380000, 0x0000000700600000)
  object space 32256K, 55% used [0x00000006fb400000,0x00000006fc59efe8,0x00000006fd380000)
}
Event: 29.900 GC heap before
{Heap before GC invocations=30 (full 7):
 PSYoungGen      total 790016K, used 752960K [0x00000007aacb0000, 0x00000007de100000, 0x0000000800000000)
  eden space 752960K, 100% used [0x00000007aacb0000,0x00000007d8c00000,0x00000007d8c00000)
  from space 37056K, 0% used [0x00000007dbcd0000,0x00000007dbcd0000,0x00000007de100000)
  to   space 43520K, 0% used [0x00000007d8c00000,0x00000007d8c00000,0x00000007db680000)
 ParOldGen       total 519808K, used 124978K [0x0000000700600000, 0x00000007201a0000, 0x00000007aacb0000)
  object space 519808K, 24% used [0x0000000700600000,0x000000070800c800,0x00000007201a0000)
 PSPermGen       total 32256K, used 18063K [0x00000006fb400000, 0x00000006fd380000, 0x0000000700600000)
  object space 32256K, 56% used [0x00000006fb400000,0x00000006fc5a3e38,0x00000006fd380000)
Event: 29.903 GC heap after
Heap after GC invocations=30 (full 7):
 PSYoungGen      total 796480K, used 224K [0x00000007aacb0000, 0x00000007e1100000, 0x0000000800000000)
  eden space 752960K, 0% used [0x00000007aacb0000,0x00000007aacb0000,0x00000007d8c00000)
  from space 43520K, 0% used [0x00000007d8c00000,0x00000007d8c38000,0x00000007db680000)
  to   space 43072K, 0% used [0x00000007de6f0000,0x00000007de6f0000,0x00000007e1100000)
 ParOldGen       total 519808K, used 124978K [0x0000000700600000, 0x00000007201a0000, 0x00000007aacb0000)
  object space 519808K, 24% used [0x0000000700600000,0x000000070800c800,0x00000007201a0000)
 PSPermGen       total 32256K, used 18063K [0x00000006fb400000, 0x00000006fd380000, 0x0000000700600000)
  object space 32256K, 56% used [0x00000006fb400000,0x00000006fc5a3e38,0x00000006fd380000)
}
Event: 31.251 GC heap before
{Heap before GC invocations=31 (full 7):
 PSYoungGen      total 796480K, used 751267K [0x00000007aacb0000, 0x00000007e1100000, 0x0000000800000000)
  eden space 752960K, 99% used [0x00000007aacb0000,0x00000007d8a20eb8,0x00000007d8c00000)
  from space 43520K, 0% used [0x00000007d8c00000,0x00000007d8c38000,0x00000007db680000)
  to   space 43072K, 0% used [0x00000007de6f0000,0x00000007de6f0000,0x00000007e1100000)
 ParOldGen       total 519808K, used 131053K [0x0000000700600000, 0x00000007201a0000, 0x00000007aacb0000)
  object space 519808K, 25% used [0x0000000700600000,0x00000007085fb410,0x00000007201a0000)
 PSPermGen       total 32256K, used 18067K [0x00000006fb400000, 0x00000006fd380000, 0x0000000700600000)
  object space 32256K, 56% used [0x00000006fb400000,0x00000006fc5a4f48,0x00000006fd380000)
Event: 31.258 GC heap after
Heap after GC invocations=31 (full 7):
 PSYoungGen      total 841600K, used 33259K [0x00000007aacb0000, 0x00000007e2980000, 0x0000000800000000)
  eden space 798528K, 0% used [0x00000007aacb0000,0x00000007aacb0000,0x00000007db880000)
  from space 43072K, 77% used [0x00000007de6f0000,0x00000007e076af48,0x00000007e1100000)
  to   space 47552K, 0% used [0x00000007db880000,0x00000007db880000,0x00000007de6f0000)
 ParOldGen       total 519808K, used 131053K [0x0000000700600000, 0x00000007201a0000, 0x00000007aacb0000)
  object space 519808K, 25% used [0x0000000700600000,0x00000007085fb410,0x00000007201a0000)
 PSPermGen       total 32256K, used 18067K [0x00000006fb400000, 0x00000006fd380000, 0x0000000700600000)
  object space 32256K, 56% used [0x00000006fb400000,0x00000006fc5a4f48,0x00000006fd380000)
}
Event: 32.899 GC heap before
{Heap before GC invocations=32 (full 7):
 PSYoungGen      total 841600K, used 831772K [0x00000007aacb0000, 0x00000007e2980000, 0x0000000800000000)
  eden space 798528K, 99% used [0x00000007aacb0000,0x00000007db87c298,0x00000007db880000)
  from space 43072K, 77% used [0x00000007de6f0000,0x00000007e076af48,0x00000007e1100000)
  to   space 47552K, 0% used [0x00000007db880000,0x00000007db880000,0x00000007de6f0000)
 ParOldGen       total 519808K, used 242212K [0x0000000700600000, 0x00000007201a0000, 0x00000007aacb0000)
  object space 519808K, 46% used [0x0000000700600000,0x000000070f2890d0,0x00000007201a0000)
 PSPermGen       total 32256K, used 18074K [0x00000006fb400000, 0x00000006fd380000, 0x0000000700600000)
  object space 32256K, 56% used [0x00000006fb400000,0x00000006fc5a68d8,0x00000006fd380000)
Event: 32.905 GC heap after
Heap after GC invocations=32 (full 7):
 PSYoungGen      total 846080K, used 18481K [0x00000007aacb0000, 0x00000007e4710000, 0x0000000800000000)
  eden space 798528K, 0% used [0x00000007aacb0000,0x00000007aacb0000,0x00000007db880000)
  from space 47552K, 38% used [0x00000007db880000,0x00000007dca8c430,0x00000007de6f0000)
  to   space 45568K, 0% used [0x00000007e1a90000,0x00000007e1a90000,0x00000007e4710000)
 ParOldGen       total 519808K, used 242212K [0x0000000700600000, 0x00000007201a0000, 0x00000007aacb0000)
  object space 519808K, 46% used [0x0000000700600000,0x000000070f2890d0,0x00000007201a0000)
 PSPermGen       total 32256K, used 18074K [0x00000006fb400000, 0x00000006fd380000, 0x0000000700600000)
  object space 32256K, 56% used [0x00000006fb400000,0x00000006fc5a68d8,0x00000006fd380000)
}

Deoptimization events (10 events):
Event: 3.768 Thread 0x0000000014f64800 Uncommon trap -83 fr.pc 0x0000000002bf8128
Event: 3.820 Thread 0x0000000014f64800 Uncommon trap -83 fr.pc 0x0000000002bf373c
Event: 3.854 Thread 0x0000000014f64800 Uncommon trap -83 fr.pc 0x0000000002be7d18
Event: 4.053 Thread 0x0000000014f6c000 Uncommon trap -83 fr.pc 0x0000000002c25cbc
Event: 8.063 Thread 0x0000000014e94000 Uncommon trap -122 fr.pc 0x0000000002c5b5c8
Event: 8.063 Thread 0x0000000014e94000 Uncommon trap -34 fr.pc 0x0000000002c593e0
Event: 8.064 Thread 0x0000000014e94000 Uncommon trap -34 fr.pc 0x0000000002c593e0
Event: 8.064 Thread 0x0000000014e94000 Uncommon trap -34 fr.pc 0x0000000002c593e0
Event: 8.064 Thread 0x0000000014e94000 Uncommon trap -34 fr.pc 0x0000000002c593e0
Event: 22.755 Thread 0x0000000014e95000 Uncommon trap -12 fr.pc 0x0000000002c25578

Internal exceptions (10 events):
Event: 3.903 Thread 0x0000000014f64800 Threw 0x00000007ae9e6550 at C:\jdk7u1_64p\jdk7u7\hotspot\src\share\vm\prims\jvm.cpp:1166
Event: 3.904 Thread 0x0000000014f64800 Threw 0x00000007ae9e9700 at C:\jdk7u1_64p\jdk7u7\hotspot\src\share\vm\prims\jvm.cpp:1166
Event: 3.904 Thread 0x0000000014f64800 Threw 0x00000007ae9ec4d0 at C:\jdk7u1_64p\jdk7u7\hotspot\src\share\vm\prims\jvm.cpp:1166
Event: 4.043 Thread 0x0000000014f6c000 Threw 0x00000007ab4d07a8 at C:\jdk7u1_64p\jdk7u7\hotspot\src\share\vm\prims\jvm.cpp:1166
Event: 4.047 Thread 0x0000000014f6c000 Threw 0x00000007ab4e1038 at C:\jdk7u1_64p\jdk7u7\hotspot\src\share\vm\prims\jvm.cpp:1166
Event: 4.251 Thread 0x0000000014f6c000 Threw 0x00000007abf1d218 at C:\jdk7u1_64p\jdk7u7\hotspot\src\share\vm\prims\jvm.cpp:1166
Event: 8.032 Thread 0x0000000014e94000 Threw 0x00000007aacc5c20 at C:\jdk7u1_64p\jdk7u7\hotspot\src\share\vm\prims\jvm.cpp:1166
Event: 8.033 Thread 0x0000000014e94000 Threw 0x00000007aaccb208 at C:\jdk7u1_64p\jdk7u7\hotspot\src\share\vm\prims\jvm.cpp:1166
Event: 8.063 Thread 0x0000000014e94000 Threw 0x00000007adcf18f0 at C:\jdk7u1_64p\jdk7u7\hotspot\src\share\vm\prims\jvm.cpp:1166
Event: 22.755 Thread 0x0000000014e95000 Implicit null exception at 0x0000000002c25278 to 0x0000000002c2556c

Events (10 events):
Event: 32.051 loading class 0x00000000150a8d90
Event: 32.051 loading class 0x00000000150a8d90 done
Event: 32.899 Executing VM operation: ParallelGCFailedAllocation
Event: 32.905 Executing VM operation: ParallelGCFailedAllocation done
Event: 33.018 loading class 0x000000001512d940
Event: 33.018 loading class 0x000000001512d940 done
Event: 33.018 loading class 0x0000000014d315f0
Event: 33.018 loading class 0x0000000021d8a590
Event: 33.018 loading class 0x0000000021d8a590 done
Event: 33.018 loading class 0x0000000014d315f0 done


Dynamic libraries:
0x000007f7f0ad0000 - 0x000007f7f0b04000 	F:\Program Files\Java\Jre7\bin\javaw.exe
0x000007f95e1d0000 - 0x000007f95e38e000 	C:\WINDOWS\SYSTEM32\ntdll.dll
0x000007f95d7e0000 - 0x000007f95d916000 	C:\WINDOWS\system32\KERNEL32.DLL
0x000007f95b470000 - 0x000007f95b563000 	C:\WINDOWS\system32\KERNELBASE.dll
0x000007f95ca50000 - 0x000007f95cb2e000 	C:\WINDOWS\system32\ADVAPI32.dll
0x000007f95ce50000 - 0x000007f95cf9c000 	C:\WINDOWS\system32\USER32.dll
0x000007f958910000 - 0x000007f958b79000 	C:\WINDOWS\WinSxS\amd64_microsoft.windows.common-controls_6595b64144ccf1df_6.0.9200.16384_none_418c2a697189c07f\COMCTL32.dll
0x000007f95d590000 - 0x000007f95d635000 	C:\WINDOWS\system32\msvcrt.dll
0x000007f95db40000 - 0x000007f95db88000 	C:\WINDOWS\SYSTEM32\sechost.dll
0x000007f95d6a0000 - 0x000007f95d7e0000 	C:\WINDOWS\system32\RPCRT4.dll
0x000007f95b620000 - 0x000007f95b760000 	C:\WINDOWS\system32\GDI32.dll
0x000007f95dcd0000 - 0x000007f95dd09000 	C:\WINDOWS\system32\IMM32.DLL
0x000007f95cd30000 - 0x000007f95ce45000 	C:\WINDOWS\system32\MSCTF.dll
0x000007f95b0c0000 - 0x000007f95b0c8000 	C:\PROGRA~2\NVIDIA~1\3DVISI~1\NVSTIN~1.DLL
0x000007f95d990000 - 0x000007f95d997000 	C:\WINDOWS\system32\PSAPI.DLL
0x000000006f560000 - 0x000000006f603000 	C:\WINDOWS\WinSxS\amd64_microsoft.vc90.crt_1fc8b3b9a1e18e3b_9.0.30729.6871_none_08e717a5a83adddf\MSVCR90.dll
0x000000006db00000 - 0x000000006dbd1000 	F:\Program Files\Java\Jre7\bin\msvcr100.dll
0x000000006d3e0000 - 0x000000006daff000 	F:\Program Files\Java\Jre7\bin\server\jvm.dll
0x000007f953860000 - 0x000007f953869000 	C:\WINDOWS\SYSTEM32\WSOCK32.dll
0x000007f958800000 - 0x000007f958820000 	C:\WINDOWS\SYSTEM32\WINMM.dll
0x000007f95d920000 - 0x000007f95d978000 	C:\WINDOWS\system32\WS2_32.dll
0x000007f958100000 - 0x000007f958132000 	C:\WINDOWS\SYSTEM32\WINMMBASE.dll
0x000007f95dd10000 - 0x000007f95dd19000 	C:\WINDOWS\system32\NSI.dll
0x000000006d3d0000 - 0x000000006d3df000 	F:\Program Files\Java\Jre7\bin\verify.dll
0x000000006d3a0000 - 0x000000006d3c8000 	F:\Program Files\Java\Jre7\bin\java.dll
0x000000006d380000 - 0x000000006d395000 	F:\Program Files\Java\Jre7\bin\zip.dll
0x000000006c580000 - 0x000000006c713000 	F:\Program Files\Java\Jre7\bin\awt.dll
0x000007f95db90000 - 0x000007f95dc53000 	C:\WINDOWS\system32\OLEAUT32.dll
0x000007f95d3e0000 - 0x000007f95d590000 	C:\WINDOWS\system32\combase.dll
0x000007f955390000 - 0x000007f95542f000 	C:\WINDOWS\system32\apphelp.dll
0x000007f959ec0000 - 0x000007f959fa3000 	C:\WINDOWS\system32\uxtheme.dll
0x000007f9552f0000 - 0x000007f955385000 	C:\Program Files\Common Files\microsoft shared\ink\tiptsf.dll
0x000007f959650000 - 0x000007f959671000 	C:\WINDOWS\SYSTEM32\dwmapi.dll
0x000007f95cfa0000 - 0x000007f95d11e000 	C:\WINDOWS\system32\ole32.dll
0x000007f95af30000 - 0x000007f95af3a000 	C:\WINDOWS\SYSTEM32\CRYPTBASE.dll
0x000007f95aeb0000 - 0x000007f95af0c000 	C:\WINDOWS\SYSTEM32\bcryptPrimitives.dll
0x000007f95b760000 - 0x000007f95ca48000 	C:\WINDOWS\system32\SHELL32.dll
0x000007f95dc80000 - 0x000007f95dcd0000 	C:\WINDOWS\system32\SHLWAPI.dll
0x000007f95a290000 - 0x000007f95a326000 	C:\WINDOWS\SYSTEM32\shcore.dll
0x000000006e430000 - 0x000000006e4c8000 	C:\Windows\System32\msvcp100.dll
0x000007f945e60000 - 0x000007f9460b8000 	C:\opencv\build\x64\vc10\bin\opencv_core243.dll
0x000007f954c40000 - 0x000007f954cd5000 	C:\Users\Jonas\AppData\Local\Temp\javacpp232841021550001\jniopencv_core.dll
0x000007f943c30000 - 0x000007f943ed5000 	C:\opencv\build\x64\vc10\bin\opencv_imgproc243.dll
0x000007f954bf0000 - 0x000007f954c38000 	C:\Users\Jonas\AppData\Local\Temp\javacpp232841021550001\jniopencv_imgproc.dll
0x0000000066840000 - 0x00000000675ca000 	C:\opencv\build\x64\vc10\bin\opencv_ffmpeg243_64.dll
0x000007f9422f0000 - 0x000007f94253b000 	C:\opencv\build\x64\vc10\bin\opencv_highgui243.dll
0x000007f954af0000 - 0x000007f954b10000 	C:\WINDOWS\SYSTEM32\AVIFIL32.dll
0x000007f9547b0000 - 0x000007f9547d9000 	C:\WINDOWS\SYSTEM32\MSVFW32.dll
0x000007f954b70000 - 0x000007f954b87000 	C:\WINDOWS\SYSTEM32\AVICAP32.dll
0x000007f948660000 - 0x000007f948679000 	C:\WINDOWS\SYSTEM32\MSACM32.dll
0x000007f959620000 - 0x000007f959629000 	C:\WINDOWS\SYSTEM32\VERSION.dll
0x000007f954a20000 - 0x000007f954a33000 	C:\Users\Jonas\AppData\Local\Temp\javacpp232841021550001\jniopencv_highgui.dll
0x000007f95cc90000 - 0x000007f95cd26000 	C:\WINDOWS\SYSTEM32\clbcatq.dll
0x000007f954980000 - 0x000007f954997000 	C:\Windows\System32\devenum.dll
0x000007f95e000000 - 0x000007f95e1d0000 	C:\WINDOWS\system32\setupapi.dll
0x000007f95b390000 - 0x000007f95b3df000 	C:\WINDOWS\system32\CFGMGR32.dll
0x000007f95b440000 - 0x000007f95b462000 	C:\WINDOWS\system32\DEVOBJ.dll
0x000007f954440000 - 0x000007f95446e000 	C:\WINDOWS\SYSTEM32\ntmarta.dll
0x000007f95b3e0000 - 0x000007f95b435000 	C:\WINDOWS\system32\WINTRUST.dll
0x000007f95b1b0000 - 0x000007f95b387000 	C:\WINDOWS\system32\CRYPT32.dll
0x000007f95b190000 - 0x000007f95b1a6000 	C:\WINDOWS\system32\MSASN1.dll
0x000007f9587f0000 - 0x000007f9587fd000 	C:\WINDOWS\SYSTEM32\msdmo.dll
0x000007f952370000 - 0x000007f95239f000 	C:\Windows\System32\qcap.dll
0x000007f944d50000 - 0x000007f944f08000 	C:\Windows\System32\quartz.dll
0x000007f951fc0000 - 0x000007f951fff000 	C:\Windows\System32\ksproxy.ax
0x000007f955b30000 - 0x000007f955b37000 	C:\Windows\System32\ksuser.dll
0x000007f94a240000 - 0x000007f94a440000 	C:\Windows\System32\d3d9.dll
0x000007f957430000 - 0x000007f95743c000 	C:\Windows\System32\vidcap.ax
0x000007f952150000 - 0x000007f952174000 	C:\Windows\System32\kswdmcap.ax
0x000007f943950000 - 0x000007f943aa4000 	C:\Windows\System32\MFC42.dll
0x000007f945700000 - 0x000007f9457be000 	C:\Windows\System32\ODBC32.dll
0x000007f945820000 - 0x000007f9458b5000 	C:\Windows\System32\qedit.dll
0x000007f95df50000 - 0x000007f95dff1000 	C:\WINDOWS\system32\COMDLG32.dll
0x000007f95d9a0000 - 0x000007f95db40000 	C:\WINDOWS\WinSxS\amd64_microsoft.windows.gdiplus_6595b64144ccf1df_1.1.9200.16384_none_72771d4ecc1c3a4d\gdiplus.dll
0x000007f942540000 - 0x000007f94262a000 	C:\WINDOWS\SYSTEM32\DDRAW.dll
0x000007f957440000 - 0x000007f957448000 	C:\WINDOWS\SYSTEM32\DCIMAN32.dll
0x000000006c540000 - 0x000000006c574000 	F:\Program Files\Java\Jre7\bin\fontmanager.dll
0x000007f93d8c0000 - 0x000007f93ea40000 	C:\WINDOWS\SYSTEM32\nvd3dumx.dll
0x000007f95afb0000 - 0x000007f95aff3000 	C:\WINDOWS\SYSTEM32\powrprof.dll
0x0000000180000000 - 0x0000000180116000 	C:\Program Files (x86)\NVIDIA Corporation\3D Vision\nvSCPAPI64.dll
0x000007f958830000 - 0x000007f9588a4000 	C:\WINDOWS\SYSTEM32\dxgi.dll
0x000007f957c90000 - 0x000007f957f52000 	C:\WINDOWS\SYSTEM32\nvapi64.dll
0x000007f958140000 - 0x000007f95815f000 	C:\WINDOWS\SYSTEM32\DXGIDebug.dll
0x000000006d360000 - 0x000000006d379000 	F:\Program Files\Java\Jre7\bin\net.dll
0x000007f95a920000 - 0x000007f95a97c000 	C:\WINDOWS\system32\mswsock.dll
0x000000006d340000 - 0x000000006d351000 	F:\Program Files\Java\Jre7\bin\nio.dll
0x000000006c4f0000 - 0x000000006c531000 	F:\Program Files\Java\Jre7\bin\t2k.dll
0x000007f958d90000 - 0x000007f958f1a000 	C:\WINDOWS\SYSTEM32\WindowsCodecs.dll
0x000007f95b0e0000 - 0x000007f95b0f5000 	C:\WINDOWS\SYSTEM32\profapi.dll
0x000007f957fd0000 - 0x000007f958039000 	C:\WINDOWS\SYSTEM32\oleacc.dll
0x000000006c4c0000 - 0x000000006c4ea000 	F:\Program Files\Java\Jre7\bin\dcpr.dll
0x000007f948020000 - 0x000007f948183000 	C:\WINDOWS\SYSTEM32\dbghelp.dll

VM Arguments:
jvm_args: -Dfile.encoding=Cp1252 
java_command: emcscanner.kth.se.Program
Launcher Type: SUN_STANDARD

Environment Variables:
PATH=C:\Program Files (x86)\NVIDIA Corporation\PhysX\Common;C:\WINDOWS\system32;C:\WINDOWS;C:\WINDOWS\System32\Wbem;C:\WINDOWS\System32\WindowsPowerShell\v1.0\;C:\Program Files (x86)\Microsoft SQL Server\90\Tools\binn\;C:\Program Files (x86)\Autodesk\Backburner\;F:\Program Files\MATLAB\R2012a\runtime\win64;F:\Program Files\MATLAB\R2012a\bin;PROGRAMFILES\Internet Explorer;C:\Program Files\Perforce;F:\Program Files\Perforce;C:\Program Files\Microsoft\Web Platform Installer\;C:\Program Files (x86)\Microsoft ASP.NET\ASP.NET Web Pages\v1.0\;C:\Program Files (x86)\Windows Kits\8.0\Windows Performance Toolkit\;C:\Program Files\Microsoft SQL Server\110\Tools\Binn\;F:\Program Files\Perforce\Server
USERNAME=Jonas
OS=Windows_NT
PROCESSOR_IDENTIFIER=Intel64 Family 6 Model 42 Stepping 7, GenuineIntel



---------------  S Y S T E M  ---------------

OS: Windows 8 , 64 bit Build 9200 

CPU:total 8 (4 cores per cpu, 2 threads per core) family 6 model 42 stepping 7, cmov, cx8, fxsr, mmx, sse, sse2, sse3, ssse3, sse4.1, sse4.2, popcnt, avx, ht, tsc, tscinvbit

Memory: 4k page, physical 16751668k(10608380k free), swap 33528884k(23367828k free)

vm_info: Java HotSpot(TM) 64-Bit Server VM (23.3-b01) for windows-amd64 JRE (1.7.0_07-b11), built on Sep  7 2012 01:19:25 by "java_re" with unknown MS VC++:1600

time: Thu Jan 31 16:36:43 2013
elapsed time: 33 seconds

