#
# A fatal error has been detected by the Java Runtime Environment:
#
#  EXCEPTION_ACCESS_VIOLATION (0xc0000005) at pc=0x000007ffd0028bc0, pid=10236, tid=2284
#
# JRE version: 7.0_07-b11
# Java VM: Java HotSpot(TM) 64-Bit Server VM (23.3-b01 mixed mode windows-amd64 compressed oops)
# Problematic frame:
# C  [ntdll.dll+0x18bc0]  RtlQueueWorkItem+0x8a0
#
# Failed to write core dump. Minidumps are not enabled by default on client versions of Windows
#
# If you would like to submit a bug report, please visit:
#   http://bugreport.sun.com/bugreport/crash.jsp
# The crash happened outside the Java Virtual Machine in native code.
# See problematic frame for where to report the bug.
#

---------------  T H R E A D  ---------------

Current thread (0x0000000013f11000):  JavaThread "threadDisplayCamera" daemon [_thread_in_native, id=2284, stack(0x000000001be60000,0x000000001bf60000)]

siginfo: ExceptionCode=0xc0000005, writing address 0x0000000000000024

Registers:
RAX=0x0000000000000000, RBX=0x0000000013f3dbc8, RCX=0x00000000fffffffc, RDX=0x0000000000000618
RSP=0x000000001bf5ee70, RBP=0x0000000000000000, RSI=0x0000000000000618, RDI=0x0000000000000000
R8 =0xffffffffffffffff, R9 =0x0000000000000004, R10=0x0000000000000000, R11=0x0000000000000246
R12=0x0000000000000000, R13=0x0000000000000000, R14=0x000007f7986de000, R15=0x0000000000000000
RIP=0x000007ffd0028bc0, EFLAGS=0x0000000000010213

Top of Stack: (sp=0x000000001bf5ee70)
0x000000001bf5ee70:   0000000000000618 0000000002cd64f0
0x000000001bf5ee80:   4089500000000000 0000000000000000
0x000000001bf5ee90:   4096800000000000 0000000000000000
0x000000001bf5eea0:   0000000000000000 0000000000000000
0x000000001bf5eeb0:   0000000000000000 0000000000000000
0x000000001bf5eec0:   0000000000000000 0000000000000000
0x000000001bf5eed0:   0000000000000000 000007ffcd3610ea
0x000000001bf5eee0:   0000000002bc0000 0000000000000010
0x000000001bf5eef0:   0000bfce0780e312 000007ffd00157c0
0x000000001bf5ef00:   0000000000000004 0000000000000001
0x000000001bf5ef10:   000000001b863050 00000000ff000000
0x000000001bf5ef20:   0000000000000000 0000000000000000
0x000000001bf5ef30:   000007f7986de000 000007ffd001f4d4
0x000000001bf5ef40:   0000000000000000 0000000000000000
0x000000001bf5ef50:   0000000013f3dbc8 0000000002cd6b9e
0x000000001bf5ef60:   0000000000000000 0000000013f111d8 

Instructions: (pc=0x000007ffd0028bc0)
0x000007ffd0028ba0:   43 08 a8 01 0f 85 bd 67 ff ff 8b c8 2b cd f0 0f
0x000007ffd0028bb0:   b1 4b 08 75 ea 48 8b 03 33 ed 48 83 f8 ff 74 03
0x000007ffd0028bc0:   ff 40 24 41 bf 82 03 fe 7f 41 80 3f 00 0f 85 69
0x000007ffd0028bd0:   7a 0e 00 48 83 fe ff 0f 84 bf 7a 0e 00 4c 8b c7 


Register to memory mapping:

RAX=0x0000000000000000 is an unknown value
RBX=0x0000000013f3dbc8 is an unknown value
RCX=0x00000000fffffffc is an unknown value
RDX=0x0000000000000618 is an unknown value
RSP=0x000000001bf5ee70 is pointing into the stack for thread: 0x0000000013f11000
RBP=0x0000000000000000 is an unknown value
RSI=0x0000000000000618 is an unknown value
RDI=0x0000000000000000 is an unknown value
R8 =0xffffffffffffffff is an unknown value
R9 =0x0000000000000004 is an unknown value
R10=0x0000000000000000 is an unknown value
R11=0x0000000000000246 is an unknown value
R12=0x0000000000000000 is an unknown value
R13=0x0000000000000000 is an unknown value
R14=0x000007f7986de000 is an unknown value
R15=0x0000000000000000 is an unknown value


Stack: [0x000000001be60000,0x000000001bf60000],  sp=0x000000001bf5ee70,  free space=1019k
Native frames: (J=compiled Java code, j=interpreted, Vv=VM code, C=native code)
C  [ntdll.dll+0x18bc0]  RtlQueueWorkItem+0x8a0

[error occurred during error reporting (printing native stack), id 0xc0000005]

Java frames: (J=compiled Java code, j=interpreted, Vv=VM code)
j  com.googlecode.javacv.cpp.opencv_highgui.cvRetrieveFrame(Lcom/googlecode/javacv/cpp/opencv_highgui$CvCapture;I)Lcom/googlecode/javacv/cpp/opencv_core$IplImage;+0
j  com.googlecode.javacv.cpp.opencv_highgui.cvRetrieveFrame(Lcom/googlecode/javacv/cpp/opencv_highgui$CvCapture;)Lcom/googlecode/javacv/cpp/opencv_core$IplImage;+2
j  com.googlecode.javacv.OpenCVFrameGrabber.grab()Lcom/googlecode/javacv/cpp/opencv_core$IplImage;+4
j  emcscanner.kth.se.CameraPanel$1.run()V+15
v  ~StubRoutines::call_stub

---------------  P R O C E S S  ---------------

Java Threads: ( => current thread )
  0x00000000152ed800 JavaThread "Thread-2" [_thread_in_native, id=7004, stack(0x0000000018dc0000,0x0000000018ec0000)]
  0x00000000152e9800 JavaThread "Thread-0" daemon [_thread_in_native, id=9540, stack(0x0000000018cc0000,0x0000000018dc0000)]
  0x00000000152ec800 JavaThread "ICEpdf-pagePainter" daemon [_thread_blocked, id=9568, stack(0x0000000029f50000,0x000000002a050000)]
  0x00000000152ef000 JavaThread "ICEpdf-pageInitializer" daemon [_thread_blocked, id=4700, stack(0x0000000029d20000,0x0000000029e20000)]
  0x00000000152ee000 JavaThread "DestroyJavaVM" [_thread_blocked, id=8708, stack(0x0000000002aa0000,0x0000000002ba0000)]
  0x0000000015212800 JavaThread "TimerQueue" daemon [_thread_blocked, id=5280, stack(0x0000000026080000,0x0000000026180000)]
  0x0000000014d55800 JavaThread "threadDisplayDensity" daemon [_thread_blocked, id=5140, stack(0x0000000022380000,0x0000000022480000)]
  0x0000000015050800 JavaThread "AWT-EventQueue-0" [_thread_blocked, id=9220, stack(0x00000000207b0000,0x00000000208b0000)]
  0x0000000015050000 JavaThread "threadDisplay" daemon [_thread_blocked, id=8264, stack(0x000000001feb0000,0x000000001ffb0000)]
  0x0000000014d52800 JavaThread "threadDisplay" daemon [_thread_blocked, id=7956, stack(0x000000001e540000,0x000000001e640000)]
  0x0000000014e98800 JavaThread "AWT-Shutdown" [_thread_blocked, id=9352, stack(0x000000001bf60000,0x000000001c060000)]
=>0x0000000013f11000 JavaThread "threadDisplayCamera" daemon [_thread_in_native, id=2284, stack(0x000000001be60000,0x000000001bf60000)]
  0x0000000013f12000 JavaThread "AWT-Windows" daemon [_thread_in_native, id=4552, stack(0x00000000147f0000,0x00000000148f0000)]
  0x0000000013f10800 JavaThread "Java2D Disposer" daemon [_thread_blocked, id=5360, stack(0x00000000145f0000,0x00000000146f0000)]
  0x00000000117fd000 JavaThread "Service Thread" daemon [_thread_blocked, id=9632, stack(0x0000000013bf0000,0x0000000013cf0000)]
  0x00000000117ee800 JavaThread "C2 CompilerThread1" daemon [_thread_blocked, id=5332, stack(0x0000000013af0000,0x0000000013bf0000)]
  0x00000000117e9000 JavaThread "C2 CompilerThread0" daemon [_thread_blocked, id=8332, stack(0x00000000139f0000,0x0000000013af0000)]
  0x00000000117e8000 JavaThread "Attach Listener" daemon [_thread_blocked, id=2840, stack(0x00000000138f0000,0x00000000139f0000)]
  0x00000000117db800 JavaThread "Signal Dispatcher" daemon [_thread_blocked, id=48, stack(0x00000000137f0000,0x00000000138f0000)]
  0x000000001177f000 JavaThread "Finalizer" daemon [_thread_blocked, id=1044, stack(0x00000000136f0000,0x00000000137f0000)]
  0x0000000011778000 JavaThread "Reference Handler" daemon [_thread_blocked, id=9104, stack(0x00000000135f0000,0x00000000136f0000)]

Other Threads:
  0x0000000011773000 VMThread [stack: 0x00000000134f0000,0x00000000135f0000] [id=8600]
  0x0000000011819000 WatcherThread [stack: 0x0000000013cf0000,0x0000000013df0000] [id=4292]

VM state:not at safepoint (normal execution)

VM Mutex/Monitor currently owned by a thread: None

Heap
 PSYoungGen      total 1369856K, used 895098K [0x00000007aacb0000, 0x0000000800000000, 0x0000000800000000)
  eden space 1344320K, 64% used [0x00000007aacb0000,0x00000007dfe4be88,0x00000007fcd80000)
  from space 25536K, 98% used [0x00000007fe710000,0x00000007fff92a60,0x0000000800000000)
  to   space 25856K, 0% used [0x00000007fcd80000,0x00000007fcd80000,0x00000007fe6c0000)
 ParOldGen       total 226112K, used 107566K [0x0000000700600000, 0x000000070e2d0000, 0x00000007aacb0000)
  object space 226112K, 47% used [0x0000000700600000,0x0000000706f0bac8,0x000000070e2d0000)
 PSPermGen       total 41344K, used 18373K [0x00000006fb400000, 0x00000006fdc60000, 0x0000000700600000)
  object space 41344K, 44% used [0x00000006fb400000,0x00000006fc5f17f0,0x00000006fdc60000)

Card table byte_map: [0x0000000005d90000,0x00000000065c0000] byte_map_base: 0x00000000025b6000

Polling page: 0x0000000002980000

Code Cache  [0x0000000002cd0000, 0x0000000002f40000, 0x0000000005cd0000)
 total_blobs=981 nmethods=391 adapters=541 free_code_cache=47641Kb largest_free_block=48735040

Compilation events (10 events):
Event: 29.731 Thread 0x00000000117ee800  398             sun.awt.AWTAutoShutdown::isReadyToShutdown (35 bytes)
Event: 29.732 Thread 0x00000000117ee800 nmethod 398 0x0000000002dbfa10 code [0x0000000002dbfb60, 0x0000000002dbfc48]
Event: 30.060 Thread 0x00000000117e9000  400   !         javax.swing.JComponent::paintChildren (669 bytes)
Event: 30.096 Thread 0x00000000117ee800  401             java.util.Hashtable$Enumerator::nextElement (111 bytes)
Event: 30.097 Thread 0x00000000117ee800 nmethod 401 0x0000000002e44250 code [0x0000000002e44380, 0x0000000002e44458]
Event: 30.102 Thread 0x00000000117ee800  402   !         java.util.WeakHashMap::expungeStaleEntries (139 bytes)
Event: 30.110 Thread 0x00000000117ee800 nmethod 402 0x0000000002e44bd0 code [0x0000000002e44d40, 0x0000000002e457b8]
Event: 30.120 Thread 0x00000000117e9000 nmethod 400 0x0000000002e4e790 code [0x0000000002e4eca0, 0x0000000002e523a0]
Event: 30.201 Thread 0x00000000117ee800  403   !         java.awt.Font::equals (132 bytes)
Event: 30.202 Thread 0x00000000117ee800 nmethod 403 0x0000000002e45f50 code [0x0000000002e460a0, 0x0000000002e462f8]

GC Heap History (10 events):
Event: 10.919 GC heap before
{Heap before GC invocations=12 (full 1):
 PSYoungGen      total 861568K, used 831123K [0x00000007aacb0000, 0x00000007e0e50000, 0x0000000800000000)
  eden space 836736K, 99% used [0x00000007aacb0000,0x00000007dd854c70,0x00000007dddd0000)
  from space 24832K, 0% used [0x00000007df610000,0x00000007df610000,0x00000007e0e50000)
  to   space 24832K, 0% used [0x00000007dddd0000,0x00000007dddd0000,0x00000007df610000)
 ParOldGen       total 150080K, used 32286K [0x0000000700600000, 0x0000000709890000, 0x00000007aacb0000)
  object space 150080K, 21% used [0x0000000700600000,0x0000000702587850,0x0000000709890000)
 PSPermGen       total 36736K, used 18155K [0x00000006fb400000, 0x00000006fd7e0000, 0x0000000700600000)
  object space 36736K, 49% used [0x00000006fb400000,0x00000006fc5bad70,0x00000006fd7e0000)
Event: 10.930 GC heap after
Heap after GC invocations=12 (full 1):
 PSYoungGen      total 861568K, used 24587K [0x00000007aacb0000, 0x00000007f5d00000, 0x0000000800000000)
  eden space 836736K, 0% used [0x00000007aacb0000,0x00000007aacb0000,0x00000007dddd0000)
  from space 24832K, 99% used [0x00000007dddd0000,0x00000007df5d2f30,0x00000007df610000)
  to   space 25152K, 0% used [0x00000007f4470000,0x00000007f4470000,0x00000007f5d00000)
 ParOldGen       total 150080K, used 83307K [0x0000000700600000, 0x0000000709890000, 0x00000007aacb0000)
  object space 150080K, 55% used [0x0000000700600000,0x000000070575af40,0x0000000709890000)
 PSPermGen       total 36736K, used 18155K [0x00000006fb400000, 0x00000006fd7e0000, 0x0000000700600000)
  object space 36736K, 49% used [0x00000006fb400000,0x00000006fc5bad70,0x00000006fd7e0000)
}
Event: 12.897 GC heap before
{Heap before GC invocations=13 (full 1):
 PSYoungGen      total 861568K, used 861249K [0x00000007aacb0000, 0x00000007f5d00000, 0x0000000800000000)
  eden space 836736K, 99% used [0x00000007aacb0000,0x00000007dddbd760,0x00000007dddd0000)
  from space 24832K, 99% used [0x00000007dddd0000,0x00000007df5d2f30,0x00000007df610000)
  to   space 25152K, 0% used [0x00000007f4470000,0x00000007f4470000,0x00000007f5d00000)
 ParOldGen       total 150080K, used 83307K [0x0000000700600000, 0x0000000709890000, 0x00000007aacb0000)
  object space 150080K, 55% used [0x0000000700600000,0x000000070575af40,0x0000000709890000)
 PSPermGen       total 36736K, used 18192K [0x00000006fb400000, 0x00000006fd7e0000, 0x0000000700600000)
  object space 36736K, 49% used [0x00000006fb400000,0x00000006fc5c42e0,0x00000006fd7e0000)
Event: 12.907 GC heap after
Heap after GC invocations=13 (full 1):
 PSYoungGen      total 1185792K, used 24919K [0x00000007aacb0000, 0x00000007f5cd0000, 0x0000000800000000)
  eden space 1160832K, 0% used [0x00000007aacb0000,0x00000007aacb0000,0x00000007f1a50000)
  from space 24960K, 99% used [0x00000007f4470000,0x00000007f5cc5e80,0x00000007f5cd0000)
  to   space 25472K, 0% used [0x00000007f2b10000,0x00000007f2b10000,0x00000007f43f0000)
 ParOldGen       total 150080K, used 125451K [0x0000000700600000, 0x0000000709890000, 0x00000007aacb0000)
  object space 150080K, 83% used [0x0000000700600000,0x0000000708082f20,0x0000000709890000)
 PSPermGen       total 36736K, used 18192K [0x00000006fb400000, 0x00000006fd7e0000, 0x0000000700600000)
  object space 36736K, 49% used [0x00000006fb400000,0x00000006fc5c42e0,0x00000006fd7e0000)
}
Event: 12.907 GC heap before
{Heap before GC invocations=14 (full 2):
 PSYoungGen      total 1185792K, used 24919K [0x00000007aacb0000, 0x00000007f5cd0000, 0x0000000800000000)
  eden space 1160832K, 0% used [0x00000007aacb0000,0x00000007aacb0000,0x00000007f1a50000)
  from space 24960K, 99% used [0x00000007f4470000,0x00000007f5cc5e80,0x00000007f5cd0000)
  to   space 25472K, 0% used [0x00000007f2b10000,0x00000007f2b10000,0x00000007f43f0000)
 ParOldGen       total 150080K, used 125451K [0x0000000700600000, 0x0000000709890000, 0x00000007aacb0000)
  object space 150080K, 83% used [0x0000000700600000,0x0000000708082f20,0x0000000709890000)
 PSPermGen       total 36736K, used 18192K [0x00000006fb400000, 0x00000006fd7e0000, 0x0000000700600000)
  object space 36736K, 49% used [0x00000006fb400000,0x00000006fc5c42e0,0x00000006fd7e0000)
Event: 12.937 GC heap after
Heap after GC invocations=14 (full 2):
 PSYoungGen      total 1185792K, used 0K [0x00000007aacb0000, 0x00000007f5cd0000, 0x0000000800000000)
  eden space 1160832K, 0% used [0x00000007aacb0000,0x00000007aacb0000,0x00000007f1a50000)
  from space 24960K, 0% used [0x00000007f4470000,0x00000007f4470000,0x00000007f5cd0000)
  to   space 25472K, 0% used [0x00000007f2b10000,0x00000007f2b10000,0x00000007f43f0000)
 ParOldGen       total 226112K, used 60973K [0x0000000700600000, 0x000000070e2d0000, 0x00000007aacb0000)
  object space 226112K, 26% used [0x0000000700600000,0x000000070418b498,0x000000070e2d0000)
 PSPermGen       total 41344K, used 18192K [0x00000006fb400000, 0x00000006fdc60000, 0x0000000700600000)
  object space 41344K, 44% used [0x00000006fb400000,0x00000006fc5c42e0,0x00000006fdc60000)
}
Event: 20.541 GC heap before
{Heap before GC invocations=15 (full 2):
 PSYoungGen      total 1185792K, used 1158743K [0x00000007aacb0000, 0x00000007f5cd0000, 0x0000000800000000)
  eden space 1160832K, 99% used [0x00000007aacb0000,0x00000007f1845eb0,0x00000007f1a50000)
  from space 24960K, 0% used [0x00000007f4470000,0x00000007f4470000,0x00000007f5cd0000)
  to   space 25472K, 0% used [0x00000007f2b10000,0x00000007f2b10000,0x00000007f43f0000)
 ParOldGen       total 226112K, used 60973K [0x0000000700600000, 0x000000070e2d0000, 0x00000007aacb0000)
  object space 226112K, 26% used [0x0000000700600000,0x000000070418b498,0x000000070e2d0000)
 PSPermGen       total 41344K, used 18317K [0x00000006fb400000, 0x00000006fdc60000, 0x0000000700600000)
  object space 41344K, 44% used [0x00000006fb400000,0x00000006fc5e36b8,0x00000006fdc60000)
Event: 20.551 GC heap after
Heap after GC invocations=15 (full 2):
 PSYoungGen      total 1203456K, used 24264K [0x00000007aacb0000, 0x0000000800000000, 0x0000000800000000)
  eden space 1177984K, 0% used [0x00000007aacb0000,0x00000007aacb0000,0x00000007f2b10000)
  from space 25472K, 95% used [0x00000007f2b10000,0x00000007f42c2370,0x00000007f43f0000)
  to   space 25536K, 0% used [0x00000007fe710000,0x00000007fe710000,0x0000000800000000)
 ParOldGen       total 226112K, used 93002K [0x0000000700600000, 0x000000070e2d0000, 0x00000007aacb0000)
  object space 226112K, 41% used [0x0000000700600000,0x00000007060d2808,0x000000070e2d0000)
 PSPermGen       total 41344K, used 18317K [0x00000006fb400000, 0x00000006fdc60000, 0x0000000700600000)
  object space 41344K, 44% used [0x00000006fb400000,0x00000006fc5e36b8,0x00000006fdc60000)
}
Event: 27.976 GC heap before
{Heap before GC invocations=16 (full 2):
 PSYoungGen      total 1203456K, used 1201665K [0x00000007aacb0000, 0x0000000800000000, 0x0000000800000000)
  eden space 1177984K, 99% used [0x00000007aacb0000,0x00000007f2a7e0b8,0x00000007f2b10000)
  from space 25472K, 95% used [0x00000007f2b10000,0x00000007f42c2370,0x00000007f43f0000)
  to   space 25536K, 0% used [0x00000007fe710000,0x00000007fe710000,0x0000000800000000)
 ParOldGen       total 226112K, used 95027K [0x0000000700600000, 0x000000070e2d0000, 0x00000007aacb0000)
  object space 226112K, 42% used [0x0000000700600000,0x00000007062ccc18,0x000000070e2d0000)
 PSPermGen       total 41344K, used 18322K [0x00000006fb400000, 0x00000006fdc60000, 0x0000000700600000)
  object space 41344K, 44% used [0x00000006fb400000,0x00000006fc5e49d8,0x00000006fdc60000)
Event: 27.984 GC heap after
Heap after GC invocations=16 (full 2):
 PSYoungGen      total 1369856K, used 25098K [0x00000007aacb0000, 0x0000000800000000, 0x0000000800000000)
  eden space 1344320K, 0% used [0x00000007aacb0000,0x00000007aacb0000,0x00000007fcd80000)
  from space 25536K, 98% used [0x00000007fe710000,0x00000007fff92a60,0x0000000800000000)
  to   space 25856K, 0% used [0x00000007fcd80000,0x00000007fcd80000,0x00000007fe6c0000)
 ParOldGen       total 226112K, used 107566K [0x0000000700600000, 0x000000070e2d0000, 0x00000007aacb0000)
  object space 226112K, 47% used [0x0000000700600000,0x0000000706f0bac8,0x000000070e2d0000)
 PSPermGen       total 41344K, used 18322K [0x00000006fb400000, 0x00000006fdc60000, 0x0000000700600000)
  object space 41344K, 44% used [0x00000006fb400000,0x00000006fc5e49d8,0x00000006fdc60000)
}

Deoptimization events (10 events):
Event: 4.015 Thread 0x00000000152ef000 Uncommon trap -83 fr.pc 0x0000000002da2044
Event: 4.035 Thread 0x00000000152ef000 Uncommon trap -83 fr.pc 0x0000000002db9f68
Event: 4.089 Thread 0x00000000152ef000 Uncommon trap -83 fr.pc 0x0000000002d4c4fc
Event: 4.120 Thread 0x00000000152ef000 Uncommon trap -83 fr.pc 0x0000000002dbe518
Event: 4.346 Thread 0x00000000152ec800 Uncommon trap -83 fr.pc 0x0000000002dfcc3c
Event: 12.748 Thread 0x0000000015050800 Uncommon trap -83 fr.pc 0x0000000002dc3598
Event: 14.676 Thread 0x0000000015050800 Uncommon trap -83 fr.pc 0x0000000002dbe3f0
Event: 14.676 Thread 0x0000000015050800 Uncommon trap -83 fr.pc 0x0000000002e2d2b0
Event: 15.319 Thread 0x0000000015050800 Uncommon trap -83 fr.pc 0x0000000002e392c4
Event: 26.412 Thread 0x0000000015050800 Uncommon trap -12 fr.pc 0x0000000002e3b678

Internal exceptions (10 events):
Event: 4.183 Thread 0x00000000152ef000 Threw 0x00000007ab6aeea8 at C:\jdk7u1_64p\jdk7u7\hotspot\src\share\vm\prims\jvm.cpp:1166
Event: 4.318 Thread 0x00000000152ec800 Threw 0x00000007ae9a3bd0 at C:\jdk7u1_64p\jdk7u7\hotspot\src\share\vm\prims\jvm.cpp:1166
Event: 4.321 Thread 0x00000000152ec800 Threw 0x00000007ae9b4460 at C:\jdk7u1_64p\jdk7u7\hotspot\src\share\vm\prims\jvm.cpp:1166
Event: 4.522 Thread 0x00000000152ec800 Threw 0x00000007b231f168 at C:\jdk7u1_64p\jdk7u7\hotspot\src\share\vm\prims\jvm.cpp:1166
Event: 8.801 Thread 0x0000000015050800 Threw 0x00000007ad923560 at C:\jdk7u1_64p\jdk7u7\hotspot\src\share\vm\prims\jvm.cpp:1166
Event: 8.802 Thread 0x0000000015050800 Threw 0x00000007ad928b48 at C:\jdk7u1_64p\jdk7u7\hotspot\src\share\vm\prims\jvm.cpp:1166
Event: 8.804 Thread 0x0000000015050800 Threw 0x00000007ad935eb0 at C:\jdk7u1_64p\jdk7u7\hotspot\src\share\vm\prims\jvm.cpp:1166
Event: 14.676 Thread 0x0000000015050800 Implicit null exception at 0x0000000002dbe398 to 0x0000000002dbe3e6
Event: 14.676 Thread 0x0000000015050800 Implicit null exception at 0x0000000002e2d258 to 0x0000000002e2d2a6
Event: 26.412 Thread 0x0000000015050800 Implicit null exception at 0x0000000002e3b378 to 0x0000000002e3b66c

Events (10 events):
Event: 27.967 Executing VM operation: ParallelGCFailedAllocation
Event: 27.967 Executing VM operation: ParallelGCFailedAllocation done
Event: 27.976 Executing VM operation: ParallelGCSystemGC
Event: 27.984 Executing VM operation: ParallelGCSystemGC done
Event: 28.453 loading class 0x0000000013e89dd0
Event: 28.453 loading class 0x0000000013efe9c0
Event: 28.453 loading class 0x0000000013efe9c0 done
Event: 28.453 loading class 0x0000000013e89dd0 done
Event: 28.453 loading class 0x0000000013ebab00
Event: 28.453 loading class 0x0000000013ebab00 done


Dynamic libraries:
0x000007f798e80000 - 0x000007f798eb4000 	F:\Program Files\Java\Jre7\bin\javaw.exe
0x000007ffd0010000 - 0x000007ffd01ce000 	C:\WINDOWS\SYSTEM32\ntdll.dll
0x000007ffcd650000 - 0x000007ffcd786000 	C:\WINDOWS\system32\KERNEL32.DLL
0x000007ffcd360000 - 0x000007ffcd453000 	C:\WINDOWS\system32\KERNELBASE.dll
0x000007ffcdad0000 - 0x000007ffcdbae000 	C:\WINDOWS\system32\ADVAPI32.dll
0x000007ffcf8a0000 - 0x000007ffcf9ec000 	C:\WINDOWS\system32\USER32.dll
0x000007ffca740000 - 0x000007ffca9a9000 	C:\WINDOWS\WinSxS\amd64_microsoft.windows.common-controls_6595b64144ccf1df_6.0.9200.16384_none_418c2a697189c07f\COMCTL32.dll
0x000007ffcd940000 - 0x000007ffcd9e5000 	C:\WINDOWS\system32\msvcrt.dll
0x000007ffcd460000 - 0x000007ffcd4a8000 	C:\WINDOWS\SYSTEM32\sechost.dll
0x000007ffcf760000 - 0x000007ffcf8a0000 	C:\WINDOWS\system32\RPCRT4.dll
0x000007ffcdec0000 - 0x000007ffce000000 	C:\WINDOWS\system32\GDI32.dll
0x000007ffcda90000 - 0x000007ffcdac9000 	C:\WINDOWS\system32\IMM32.DLL
0x000007ffcf9f0000 - 0x000007ffcfb05000 	C:\WINDOWS\system32\MSCTF.dll
0x000007ffccf00000 - 0x000007ffccf08000 	C:\PROGRA~2\NVIDIA~1\3DVISI~1\NVSTIN~1.DLL
0x000007ffcda80000 - 0x000007ffcda87000 	C:\WINDOWS\system32\PSAPI.DLL
0x0000000061700000 - 0x00000000617a3000 	C:\WINDOWS\WinSxS\amd64_microsoft.vc90.crt_1fc8b3b9a1e18e3b_9.0.30729.6871_none_08e717a5a83adddf\MSVCR90.dll
0x000000005f150000 - 0x000000005f221000 	F:\Program Files\Java\Jre7\bin\msvcr100.dll
0x000000005ea30000 - 0x000000005f14f000 	F:\Program Files\Java\Jre7\bin\server\jvm.dll
0x000007ffc53f0000 - 0x000007ffc53f9000 	C:\WINDOWS\SYSTEM32\WSOCK32.dll
0x000007ffca070000 - 0x000007ffca090000 	C:\WINDOWS\SYSTEM32\WINMM.dll
0x000007ffcffb0000 - 0x000007ffd0008000 	C:\WINDOWS\system32\WS2_32.dll
0x000007ffc9f70000 - 0x000007ffc9fa2000 	C:\WINDOWS\SYSTEM32\WINMMBASE.dll
0x000007ffcfb10000 - 0x000007ffcfb19000 	C:\WINDOWS\system32\NSI.dll
0x000000005ea20000 - 0x000000005ea2f000 	F:\Program Files\Java\Jre7\bin\verify.dll
0x000000005e9f0000 - 0x000000005ea18000 	F:\Program Files\Java\Jre7\bin\java.dll
0x000000005e9d0000 - 0x000000005e9e5000 	F:\Program Files\Java\Jre7\bin\zip.dll
0x000000005e7c0000 - 0x000000005e953000 	F:\Program Files\Java\Jre7\bin\awt.dll
0x000007ffcdbb0000 - 0x000007ffcdc73000 	C:\WINDOWS\system32\OLEAUT32.dll
0x000007ffcd790000 - 0x000007ffcd940000 	C:\WINDOWS\system32\combase.dll
0x000007ffc7130000 - 0x000007ffc71cf000 	C:\WINDOWS\system32\apphelp.dll
0x000007ffcbd00000 - 0x000007ffcbde3000 	C:\WINDOWS\system32\uxtheme.dll
0x000007ffc71e0000 - 0x000007ffc7275000 	C:\Program Files\Common Files\microsoft shared\ink\tiptsf.dll
0x000007ffcae20000 - 0x000007ffcae41000 	C:\WINDOWS\SYSTEM32\dwmapi.dll
0x000007ffce000000 - 0x000007ffce17e000 	C:\WINDOWS\system32\ole32.dll
0x000007ffccd70000 - 0x000007ffccd7a000 	C:\WINDOWS\SYSTEM32\CRYPTBASE.dll
0x000007ffcccf0000 - 0x000007ffccd4c000 	C:\WINDOWS\SYSTEM32\bcryptPrimitives.dll
0x000007ffce470000 - 0x000007ffcf758000 	C:\WINDOWS\system32\SHELL32.dll
0x000007ffcff60000 - 0x000007ffcffb0000 	C:\WINDOWS\system32\SHLWAPI.dll
0x000007ffcc0d0000 - 0x000007ffcc166000 	C:\WINDOWS\SYSTEM32\shcore.dll
0x00000000605d0000 - 0x0000000060668000 	C:\Windows\System32\msvcp100.dll
0x000007ffb48f0000 - 0x000007ffb4b48000 	C:\opencv\build\x64\vc10\bin\opencv_core243.dll
0x000007ffc3f70000 - 0x000007ffc4005000 	C:\Users\Jonas\AppData\Local\Temp\javacpp116939688430619\jniopencv_core.dll
0x000007ffb1c30000 - 0x000007ffb1ed5000 	C:\opencv\build\x64\vc10\bin\opencv_imgproc243.dll
0x000007ffc6780000 - 0x000007ffc67c8000 	C:\Users\Jonas\AppData\Local\Temp\javacpp116939688430619\jniopencv_imgproc.dll
0x0000000066840000 - 0x00000000675ca000 	C:\opencv\build\x64\vc10\bin\opencv_ffmpeg243_64.dll
0x000007ffb34e0000 - 0x000007ffb372b000 	C:\opencv\build\x64\vc10\bin\opencv_highgui243.dll
0x000007ffc9dc0000 - 0x000007ffc9de0000 	C:\WINDOWS\SYSTEM32\AVIFIL32.dll
0x000007ffc69e0000 - 0x000007ffc6a09000 	C:\WINDOWS\SYSTEM32\MSVFW32.dll
0x000007ffc6a10000 - 0x000007ffc6a27000 	C:\WINDOWS\SYSTEM32\AVICAP32.dll
0x000007ffba340000 - 0x000007ffba359000 	C:\WINDOWS\SYSTEM32\MSACM32.dll
0x000007ffcacb0000 - 0x000007ffcacb9000 	C:\WINDOWS\SYSTEM32\VERSION.dll
0x000007ffc9d70000 - 0x000007ffc9d83000 	C:\Users\Jonas\AppData\Local\Temp\javacpp116939688430619\jniopencv_highgui.dll
0x000007ffce1b0000 - 0x000007ffce246000 	C:\WINDOWS\SYSTEM32\clbcatq.dll
0x000007ffc3f50000 - 0x000007ffc3f67000 	C:\Windows\System32\devenum.dll
0x000007ffcdc80000 - 0x000007ffcde50000 	C:\WINDOWS\system32\setupapi.dll
0x000007ffcd020000 - 0x000007ffcd06f000 	C:\WINDOWS\system32\CFGMGR32.dll
0x000007ffccff0000 - 0x000007ffcd012000 	C:\WINDOWS\system32\DEVOBJ.dll
0x000007ffc5fd0000 - 0x000007ffc5ffe000 	C:\WINDOWS\SYSTEM32\ntmarta.dll
0x000007ffcd070000 - 0x000007ffcd0c5000 	C:\WINDOWS\system32\WINTRUST.dll
0x000007ffcd0d0000 - 0x000007ffcd2a7000 	C:\WINDOWS\system32\CRYPT32.dll
0x000007ffccfd0000 - 0x000007ffccfe6000 	C:\WINDOWS\system32\MSASN1.dll
0x000007ffc9db0000 - 0x000007ffc9dbd000 	C:\WINDOWS\SYSTEM32\msdmo.dll
0x000007ffc3f20000 - 0x000007ffc3f4f000 	C:\Windows\System32\qcap.dll
0x000007ffb1a70000 - 0x000007ffb1c28000 	C:\Windows\System32\quartz.dll
0x000007ffc3ee0000 - 0x000007ffc3f1f000 	C:\Windows\System32\ksproxy.ax
0x000007ffba390000 - 0x000007ffba397000 	C:\Windows\System32\ksuser.dll
0x000007ffbbc60000 - 0x000007ffbbe60000 	C:\Windows\System32\d3d9.dll
0x000007ffc92d0000 - 0x000007ffc92dc000 	C:\Windows\System32\vidcap.ax
0x000007ffc3eb0000 - 0x000007ffc3ed4000 	C:\Windows\System32\kswdmcap.ax
0x000007ffb6280000 - 0x000007ffb63d4000 	C:\Windows\System32\MFC42.dll
0x000007ffc3df0000 - 0x000007ffc3eae000 	C:\Windows\System32\ODBC32.dll
0x000007ffb9c70000 - 0x000007ffb9d05000 	C:\Windows\System32\qedit.dll
0x000007ffcfeb0000 - 0x000007ffcff51000 	C:\WINDOWS\system32\COMDLG32.dll
0x000007ffcd4b0000 - 0x000007ffcd650000 	C:\WINDOWS\WinSxS\amd64_microsoft.windows.gdiplus_6595b64144ccf1df_1.1.9200.16384_none_72771d4ecc1c3a4d\gdiplus.dll
0x000007ffb38f0000 - 0x000007ffb39da000 	C:\WINDOWS\SYSTEM32\DDRAW.dll
0x000007ffc7970000 - 0x000007ffc7978000 	C:\WINDOWS\SYSTEM32\DCIMAN32.dll
0x000000005e780000 - 0x000000005e7b4000 	F:\Program Files\Java\Jre7\bin\fontmanager.dll
0x000007ffb4b50000 - 0x000007ffb5cd0000 	C:\WINDOWS\SYSTEM32\nvd3dumx.dll
0x000007ffccdf0000 - 0x000007ffcce33000 	C:\WINDOWS\SYSTEM32\powrprof.dll
0x0000000180000000 - 0x0000000180116000 	C:\Program Files (x86)\NVIDIA Corporation\3D Vision\nvSCPAPI64.dll
0x000007ffca330000 - 0x000007ffca3a4000 	C:\WINDOWS\SYSTEM32\dxgi.dll
0x000007ffc9a40000 - 0x000007ffc9d02000 	C:\WINDOWS\SYSTEM32\nvapi64.dll
0x000007ffc9f50000 - 0x000007ffc9f6f000 	C:\WINDOWS\SYSTEM32\DXGIDebug.dll
0x000000005e9b0000 - 0x000000005e9c9000 	F:\Program Files\Java\Jre7\bin\net.dll
0x000007ffcc760000 - 0x000007ffcc7bc000 	C:\WINDOWS\system32\mswsock.dll
0x000000005e990000 - 0x000000005e9a1000 	F:\Program Files\Java\Jre7\bin\nio.dll
0x000000005e730000 - 0x000000005e771000 	F:\Program Files\Java\Jre7\bin\t2k.dll
0x000007ffca9b0000 - 0x000007ffcab3a000 	C:\WINDOWS\SYSTEM32\WindowsCodecs.dll
0x000007ffccf20000 - 0x000007ffccf35000 	C:\WINDOWS\SYSTEM32\profapi.dll
0x000007ffc8ca0000 - 0x000007ffc8d09000 	C:\WINDOWS\SYSTEM32\oleacc.dll
0x000000005e700000 - 0x000000005e72a000 	F:\Program Files\Java\Jre7\bin\dcpr.dll
0x000007ffb60d0000 - 0x000007ffb6233000 	C:\WINDOWS\SYSTEM32\dbghelp.dll

VM Arguments:
jvm_args: -Dfile.encoding=Cp1252 
java_command: emcscanner.kth.se.Program
Launcher Type: SUN_STANDARD

Environment Variables:
PATH=C:\Program Files (x86)\NVIDIA Corporation\PhysX\Common;C:\WINDOWS\system32;C:\WINDOWS;C:\WINDOWS\System32\Wbem;C:\WINDOWS\System32\WindowsPowerShell\v1.0\;C:\Program Files (x86)\Microsoft SQL Server\90\Tools\binn\;C:\Program Files (x86)\Autodesk\Backburner\;F:\Program Files\MATLAB\R2012a\runtime\win64;F:\Program Files\MATLAB\R2012a\bin;PROGRAMFILES\Internet Explorer;C:\Program Files\Perforce;F:\Program Files\Perforce;C:\Program Files\Microsoft\Web Platform Installer\;C:\Program Files (x86)\Microsoft ASP.NET\ASP.NET Web Pages\v1.0\;C:\Program Files (x86)\Windows Kits\8.0\Windows Performance Toolkit\;C:\Program Files\Microsoft SQL Server\110\Tools\Binn\;F:\Program Files\Perforce\Server
USERNAME=Jonas
OS=Windows_NT
PROCESSOR_IDENTIFIER=Intel64 Family 6 Model 42 Stepping 7, GenuineIntel



---------------  S Y S T E M  ---------------

OS: Windows 8 , 64 bit Build 9200 

CPU:total 8 (4 cores per cpu, 2 threads per core) family 6 model 42 stepping 7, cmov, cx8, fxsr, mmx, sse, sse2, sse3, ssse3, sse4.1, sse4.2, popcnt, avx, ht, tsc, tscinvbit

Memory: 4k page, physical 16751668k(10565216k free), swap 33528884k(24731332k free)

vm_info: Java HotSpot(TM) 64-Bit Server VM (23.3-b01) for windows-amd64 JRE (1.7.0_07-b11), built on Sep  7 2012 01:19:25 by "java_re" with unknown MS VC++:1600

time: Wed Feb 06 01:11:19 2013
elapsed time: 31 seconds

