#
# A fatal error has been detected by the Java Runtime Environment:
#
#  EXCEPTION_ACCESS_VIOLATION (0xc0000005) at pc=0x0000000002efa4fa, pid=4372, tid=7232
#
# JRE version: 7.0_07-b11
# Java VM: Java HotSpot(TM) 64-Bit Server VM (23.3-b01 mixed mode windows-amd64 compressed oops)
# Problematic frame:
# J  com.googlecode.javacv.cpp.opencv_core$IplImage.flipCopyWithGamma(Ljava/nio/ByteBuffer;ILjava/nio/ByteBuffer;IZDZI)V
#
# Failed to write core dump. Minidumps are not enabled by default on client versions of Windows
#
# If you would like to submit a bug report, please visit:
#   http://bugreport.sun.com/bugreport/crash.jsp
#

---------------  T H R E A D  ---------------

Current thread (0x0000000015055000):  JavaThread "threadDisplayCamera" daemon [_thread_in_Java, id=7232, stack(0x000000001bfb0000,0x000000001c0b0000)]

siginfo: ExceptionCode=0xc0000005, reading address 0x000000001bc48000

Registers:
RAX=0x0000000000000000, RBX=0x00000000005eec00, RCX=0x0000000000000000, RDX=0x000000001b9b3050
RSP=0x000000001c0aeca0, RBP=0x00000007ba7207c0, RSI=0x00000007bb066360, RDI=0x00000000005eec00
R8 =0x0000000000294fb0, R9 =0x0000000000294fb1, R10=0x000000000000167f, R11=0x00000000005eec00
R12=0x0000000000000000, R13=0x0000000000294fb0, R14=0x00000000000000af, R15=0x0000000015055000
RIP=0x0000000002efa4fa, EFLAGS=0x0000000000010207

Top of Stack: (sp=0x000000001c0aeca0)
0x000000001c0aeca0:   00000007bb066360 00000000005eec00
0x000000001c0aecb0:   00000000005eec00 0000000000000000
0x000000001c0aecc0:   3ff0000000000000 00000007ba720780
0x000000001c0aecd0:   00000007ba7207c0 3ff0000000000000
0x000000001c0aece0:   00294f0000000000 df6aba8200294f00
0x000000001c0aecf0:   00001680df6c66a9 0000000000001680
0x000000001c0aed00:   00000007ba7207f0 00001680ffffffff
0x000000001c0aed10:   00000007ba7207c0 00000007ba720780
0x000000001c0aed20:   00000000f760cc6c 0000000000000000
0x000000001c0aed30:   00000007bb066360 00000007ba7207c0
0x000000001c0aed40:   00000007ba7207c0 000000001c0aed48
0x000000001c0aed50:   000000001c0aee08 0000000002da61f8
0x000000001c0aed60:   0000000000000000 00000006fc42d458
0x000000001c0aed70:   00000006fb555c58 0000000002da61f8
0x000000001c0aed80:   0000000000000000 0000000000000000
0x000000001c0aed90:   3ff0000000000000 0000000000000000 

Instructions: (pc=0x0000000002efa4fa)
0x0000000002efa4da:   10 44 3b c7 0f 8d 26 01 00 00 45 8b c8 41 ff c1
0x0000000002efa4ea:   44 89 4d 18 48 8b 6c 24 70 44 8b 6d 18 4d 63 c0
0x0000000002efa4fa:   42 0f b6 04 02 44 3b eb 0f 8d 32 01 00 00 45 8b
0x0000000002efa50a:   cd 44 03 c9 41 ff c5 44 89 6d 18 45 3b cb 0f 83 


Register to memory mapping:

RAX=0x0000000000000000 is an unknown value
RBX=0x00000000005eec00 is an unknown value
RCX=0x0000000000000000 is an unknown value
RDX=0x000000001b9b3050 is an unknown value
RSP=0x000000001c0aeca0 is pointing into the stack for thread: 0x0000000015055000
RBP=0x00000007ba7207c0 is an oop
java.nio.HeapByteBuffer 
 - klass: 'java/nio/HeapByteBuffer'
RSI=0x00000007bb066360 is an oop
[B 
 - klass: {type array byte}
 - length: 6220800
RDI=0x00000000005eec00 is an unknown value
R8 =0x0000000000294fb0 is an unknown value
R9 =0x0000000000294fb1 is an unknown value
R10=0x000000000000167f is an unknown value
R11=0x00000000005eec00 is an unknown value
R12=0x0000000000000000 is an unknown value
R13=0x0000000000294fb0 is an unknown value
R14=0x00000000000000af is an unknown value
R15=0x0000000015055000 is a thread


Stack: [0x000000001bfb0000,0x000000001c0b0000],  sp=0x000000001c0aeca0,  free space=1019k
Native frames: (J=compiled Java code, j=interpreted, Vv=VM code, C=native code)
J  com.googlecode.javacv.cpp.opencv_core$IplImage.flipCopyWithGamma(Ljava/nio/ByteBuffer;ILjava/nio/ByteBuffer;IZDZI)V


---------------  P R O C E S S  ---------------

Java Threads: ( => current thread )
  0x0000000017970800 JavaThread "ICEpdf-pagePainter" daemon [_thread_blocked, id=3848, stack(0x00000000264c0000,0x00000000265c0000)]
  0x0000000017973800 JavaThread "ICEpdf-pageInitializer" daemon [_thread_blocked, id=6024, stack(0x0000000026290000,0x0000000026390000)]
  0x0000000017974800 JavaThread "DestroyJavaVM" [_thread_blocked, id=6360, stack(0x0000000002b00000,0x0000000002c00000)]
  0x0000000017bc1800 JavaThread "D3D Screen Updater" daemon [_thread_blocked, id=6648, stack(0x0000000023fa0000,0x00000000240a0000)]
  0x00000000154c0800 JavaThread "TimerQueue" daemon [_thread_blocked, id=8020, stack(0x00000000224f0000,0x00000000225f0000)]
  0x00000000151a6000 JavaThread "threadDisplayDensity" daemon [_thread_blocked, id=8060, stack(0x000000001e8a0000,0x000000001e9a0000)]
  0x00000000151a5800 JavaThread "AWT-EventQueue-0" [_thread_in_native, id=5704, stack(0x000000001e7a0000,0x000000001e8a0000)]
  0x0000000014236800 JavaThread "threadDisplay" daemon [_thread_blocked, id=5680, stack(0x000000001e6a0000,0x000000001e7a0000)]
  0x0000000013fb7800 JavaThread "AWT-Shutdown" [_thread_blocked, id=7732, stack(0x000000001c0b0000,0x000000001c1b0000)]
=>0x0000000015055000 JavaThread "threadDisplayCamera" daemon [_thread_in_Java, id=7232, stack(0x000000001bfb0000,0x000000001c0b0000)]
  0x0000000013fb8800 JavaThread "AWT-Windows" daemon [_thread_in_native, id=1532, stack(0x00000000148a0000,0x00000000149a0000)]
  0x0000000013fb7000 JavaThread "Java2D Disposer" daemon [_thread_blocked, id=4928, stack(0x00000000146a0000,0x00000000147a0000)]
  0x00000000118c9800 JavaThread "Service Thread" daemon [_thread_blocked, id=4840, stack(0x0000000013ca0000,0x0000000013da0000)]
  0x00000000118bc800 JavaThread "C2 CompilerThread1" daemon [_thread_blocked, id=1328, stack(0x0000000013ba0000,0x0000000013ca0000)]
  0x00000000118b9000 JavaThread "C2 CompilerThread0" daemon [_thread_blocked, id=7008, stack(0x0000000013aa0000,0x0000000013ba0000)]
  0x00000000118b8000 JavaThread "Attach Listener" daemon [_thread_blocked, id=5220, stack(0x00000000139a0000,0x0000000013aa0000)]
  0x00000000118ab000 JavaThread "Signal Dispatcher" daemon [_thread_blocked, id=1484, stack(0x00000000138a0000,0x00000000139a0000)]
  0x000000001184e800 JavaThread "Finalizer" daemon [_thread_blocked, id=7868, stack(0x00000000137a0000,0x00000000138a0000)]
  0x0000000011847000 JavaThread "Reference Handler" daemon [_thread_blocked, id=7180, stack(0x00000000136a0000,0x00000000137a0000)]

Other Threads:
  0x0000000011842000 VMThread [stack: 0x00000000135a0000,0x00000000136a0000] [id=6176]
  0x00000000118e6800 WatcherThread [stack: 0x0000000013da0000,0x0000000013ea0000] [id=7032]

VM state:not at safepoint (normal execution)

VM Mutex/Monitor currently owned by a thread: None

Heap
 PSYoungGen      total 361920K, used 282463K [0x00000007aacb0000, 0x00000007c6a80000, 0x0000000800000000)
  eden space 351424K, 77% used [0x00000007aacb0000,0x00000007bb654f70,0x00000007c03e0000)
  from space 10496K, 99% used [0x00000007c47c0000,0x00000007c51f2e70,0x00000007c5200000)
  to   space 22144K, 0% used [0x00000007c54e0000,0x00000007c54e0000,0x00000007c6a80000)
 ParOldGen       total 174528K, used 71848K [0x0000000700600000, 0x000000070b070000, 0x00000007aacb0000)
  object space 174528K, 41% used [0x0000000700600000,0x0000000704c2a258,0x000000070b070000)
 PSPermGen       total 21248K, used 18105K [0x00000006fb400000, 0x00000006fc8c0000, 0x0000000700600000)
  object space 21248K, 85% used [0x00000006fb400000,0x00000006fc5ae488,0x00000006fc8c0000)

Card table byte_map: [0x0000000005e60000,0x0000000006690000] byte_map_base: 0x0000000002686000

Polling page: 0x0000000002920000

Code Cache  [0x0000000002da0000, 0x0000000003010000, 0x0000000005da0000)
 total_blobs=880 nmethods=291 adapters=540 free_code_cache=47828Kb largest_free_block=48884672

Compilation events (10 events):
Event: 21.338 Thread 0x00000000118b9000  298             java.awt.Component::isShowing (38 bytes)
Event: 21.339 Thread 0x00000000118b9000 nmethod 298 0x0000000002eff650 code [0x0000000002eff7a0, 0x0000000002eff858]
Event: 21.454 Thread 0x00000000118bc800  299             java.awt.image.Raster::getNumDataElements (8 bytes)
Event: 21.455 Thread 0x00000000118bc800 nmethod 299 0x0000000002eff3d0 code [0x0000000002eff520, 0x0000000002eff5b8]
Event: 22.277 Thread 0x00000000118b9000  300             sun.java2d.SurfaceData::markDirty (8 bytes)
Event: 22.278 Thread 0x00000000118b9000 nmethod 300 0x0000000002eff190 code [0x0000000002eff2c0, 0x0000000002eff338]
Event: 22.603 Thread 0x00000000118bc800  301             javax.swing.JComponent::getX (5 bytes)
Event: 22.603 Thread 0x00000000118b9000  302             javax.swing.JComponent::getY (5 bytes)
Event: 22.604 Thread 0x00000000118b9000 nmethod 302 0x0000000002e1d090 code [0x0000000002e1d1c0, 0x0000000002e1d218]
Event: 22.604 Thread 0x00000000118bc800 nmethod 301 0x0000000002e1ce90 code [0x0000000002e1cfc0, 0x0000000002e1d018]

GC Heap History (10 events):
Event: 16.918 GC heap before
{Heap before GC invocations=13 (full 0):
 PSYoungGen      total 448064K, used 447816K [0x00000007aacb0000, 0x00000007ca560000, 0x0000000800000000)
  eden space 437504K, 99% used [0x00000007aacb0000,0x00000007c57bf1e0,0x00000007c57f0000)
  from space 10560K, 99% used [0x00000007c9b10000,0x00000007ca552e70,0x00000007ca560000)
  to   space 27008K, 0% used [0x00000007c70a0000,0x00000007c70a0000,0x00000007c8b00000)
 ParOldGen       total 174528K, used 71752K [0x0000000700600000, 0x000000070b070000, 0x00000007aacb0000)
  object space 174528K, 41% used [0x0000000700600000,0x0000000704c12258,0x000000070b070000)
 PSPermGen       total 21248K, used 18078K [0x00000006fb400000, 0x00000006fc8c0000, 0x0000000700600000)
  object space 21248K, 85% used [0x00000006fb400000,0x00000006fc5a78c0,0x00000006fc8c0000)
Event: 16.920 GC heap after
Heap after GC invocations=13 (full 0):
 PSYoungGen      total 429056K, used 10507K [0x00000007aacb0000, 0x00000007c9b20000, 0x0000000800000000)
  eden space 418496K, 0% used [0x00000007aacb0000,0x00000007aacb0000,0x00000007c4560000)
  from space 10560K, 99% used [0x00000007c70a0000,0x00000007c7ae2e70,0x00000007c7af0000)
  to   space 25984K, 0% used [0x00000007c81c0000,0x00000007c81c0000,0x00000007c9b20000)
 ParOldGen       total 174528K, used 71760K [0x0000000700600000, 0x000000070b070000, 0x00000007aacb0000)
  object space 174528K, 41% used [0x0000000700600000,0x0000000704c14258,0x000000070b070000)
 PSPermGen       total 21248K, used 18078K [0x00000006fb400000, 0x00000006fc8c0000, 0x0000000700600000)
  object space 21248K, 85% used [0x00000006fb400000,0x00000006fc5a78c0,0x00000006fc8c0000)
}
Event: 18.381 GC heap before
{Heap before GC invocations=14 (full 0):
 PSYoungGen      total 429056K, used 428606K [0x00000007aacb0000, 0x00000007c9b20000, 0x0000000800000000)
  eden space 418496K, 99% used [0x00000007aacb0000,0x00000007c44fcc40,0x00000007c4560000)
  from space 10560K, 99% used [0x00000007c70a0000,0x00000007c7ae2e70,0x00000007c7af0000)
  to   space 25984K, 0% used [0x00000007c81c0000,0x00000007c81c0000,0x00000007c9b20000)
 ParOldGen       total 174528K, used 71760K [0x0000000700600000, 0x000000070b070000, 0x00000007aacb0000)
  object space 174528K, 41% used [0x0000000700600000,0x0000000704c14258,0x000000070b070000)
 PSPermGen       total 21248K, used 18087K [0x00000006fb400000, 0x00000006fc8c0000, 0x0000000700600000)
  object space 21248K, 85% used [0x00000006fb400000,0x00000006fc5a9d60,0x00000006fc8c0000)
Event: 18.384 GC heap after
Heap after GC invocations=14 (full 0):
 PSYoungGen      total 411008K, used 10507K [0x00000007aacb0000, 0x00000007c8c10000, 0x0000000800000000)
  eden space 400448K, 0% used [0x00000007aacb0000,0x00000007aacb0000,0x00000007c33c0000)
  from space 10560K, 99% used [0x00000007c81c0000,0x00000007c8c02e70,0x00000007c8c10000)
  to   space 24960K, 0% used [0x00000007c5b50000,0x00000007c5b50000,0x00000007c73b0000)
 ParOldGen       total 174528K, used 71792K [0x0000000700600000, 0x000000070b070000, 0x00000007aacb0000)
  object space 174528K, 41% used [0x0000000700600000,0x0000000704c1c258,0x000000070b070000)
 PSPermGen       total 21248K, used 18087K [0x00000006fb400000, 0x00000006fc8c0000, 0x0000000700600000)
  object space 21248K, 85% used [0x00000006fb400000,0x00000006fc5a9d60,0x00000006fc8c0000)
}
Event: 19.821 GC heap before
{Heap before GC invocations=15 (full 0):
 PSYoungGen      total 411008K, used 409523K [0x00000007aacb0000, 0x00000007c8c10000, 0x0000000800000000)
  eden space 400448K, 99% used [0x00000007aacb0000,0x00000007c3259fb0,0x00000007c33c0000)
  from space 10560K, 99% used [0x00000007c81c0000,0x00000007c8c02e70,0x00000007c8c10000)
  to   space 24960K, 0% used [0x00000007c5b50000,0x00000007c5b50000,0x00000007c73b0000)
 ParOldGen       total 174528K, used 71792K [0x0000000700600000, 0x000000070b070000, 0x00000007aacb0000)
  object space 174528K, 41% used [0x0000000700600000,0x0000000704c1c258,0x000000070b070000)
 PSPermGen       total 21248K, used 18091K [0x00000006fb400000, 0x00000006fc8c0000, 0x0000000700600000)
  object space 21248K, 85% used [0x00000006fb400000,0x00000006fc5aac18,0x00000006fc8c0000)
Event: 19.823 GC heap after
Heap after GC invocations=15 (full 0):
 PSYoungGen      total 393856K, used 10539K [0x00000007aacb0000, 0x00000007c81d0000, 0x0000000800000000)
  eden space 383296K, 0% used [0x00000007aacb0000,0x00000007aacb0000,0x00000007c2300000)
  from space 10560K, 99% used [0x00000007c5b50000,0x00000007c659ae70,0x00000007c65a0000)
  to   space 23936K, 0% used [0x00000007c6a70000,0x00000007c6a70000,0x00000007c81d0000)
 ParOldGen       total 174528K, used 71800K [0x0000000700600000, 0x000000070b070000, 0x00000007aacb0000)
  object space 174528K, 41% used [0x0000000700600000,0x0000000704c1e258,0x000000070b070000)
 PSPermGen       total 21248K, used 18091K [0x00000006fb400000, 0x00000006fc8c0000, 0x0000000700600000)
  object space 21248K, 85% used [0x00000006fb400000,0x00000006fc5aac18,0x00000006fc8c0000)
}
Event: 21.150 GC heap before
{Heap before GC invocations=16 (full 0):
 PSYoungGen      total 393856K, used 390527K [0x00000007aacb0000, 0x00000007c81d0000, 0x0000000800000000)
  eden space 383296K, 99% used [0x00000007aacb0000,0x00000007c1fc5188,0x00000007c2300000)
  from space 10560K, 99% used [0x00000007c5b50000,0x00000007c659ae70,0x00000007c65a0000)
  to   space 23936K, 0% used [0x00000007c6a70000,0x00000007c6a70000,0x00000007c81d0000)
 ParOldGen       total 174528K, used 71800K [0x0000000700600000, 0x000000070b070000, 0x00000007aacb0000)
  object space 174528K, 41% used [0x0000000700600000,0x0000000704c1e258,0x000000070b070000)
 PSPermGen       total 21248K, used 18095K [0x00000006fb400000, 0x00000006fc8c0000, 0x0000000700600000)
  object space 21248K, 85% used [0x00000006fb400000,0x00000006fc5abc98,0x00000006fc8c0000)
Event: 21.163 GC heap after
Heap after GC invocations=16 (full 0):
 PSYoungGen      total 377536K, used 10507K [0x00000007aacb0000, 0x00000007c74c0000, 0x0000000800000000)
  eden space 366976K, 0% used [0x00000007aacb0000,0x00000007aacb0000,0x00000007c1310000)
  from space 10560K, 99% used [0x00000007c6a70000,0x00000007c74b2e70,0x00000007c74c0000)
  to   space 23040K, 0% used [0x00000007c47c0000,0x00000007c47c0000,0x00000007c5e40000)
 ParOldGen       total 174528K, used 71832K [0x0000000700600000, 0x000000070b070000, 0x00000007aacb0000)
  object space 174528K, 41% used [0x0000000700600000,0x0000000704c26258,0x000000070b070000)
 PSPermGen       total 21248K, used 18095K [0x00000006fb400000, 0x00000006fc8c0000, 0x0000000700600000)
  object space 21248K, 85% used [0x00000006fb400000,0x00000006fc5abc98,0x00000006fc8c0000)
}
Event: 22.454 GC heap before
{Heap before GC invocations=17 (full 0):
 PSYoungGen      total 377536K, used 371475K [0x00000007aacb0000, 0x00000007c74c0000, 0x0000000800000000)
  eden space 366976K, 98% used [0x00000007aacb0000,0x00000007c0d320c0,0x00000007c1310000)
  from space 10560K, 99% used [0x00000007c6a70000,0x00000007c74b2e70,0x00000007c74c0000)
  to   space 23040K, 0% used [0x00000007c47c0000,0x00000007c47c0000,0x00000007c5e40000)
 ParOldGen       total 174528K, used 71832K [0x0000000700600000, 0x000000070b070000, 0x00000007aacb0000)
  object space 174528K, 41% used [0x0000000700600000,0x0000000704c26258,0x000000070b070000)
 PSPermGen       total 21248K, used 18096K [0x00000006fb400000, 0x00000006fc8c0000, 0x0000000700600000)
  object space 21248K, 85% used [0x00000006fb400000,0x00000006fc5ac3d0,0x00000006fc8c0000)
Event: 22.456 GC heap after
Heap after GC invocations=17 (full 0):
 PSYoungGen      total 361920K, used 10443K [0x00000007aacb0000, 0x00000007c6a80000, 0x0000000800000000)
  eden space 351424K, 0% used [0x00000007aacb0000,0x00000007aacb0000,0x00000007c03e0000)
  from space 10496K, 99% used [0x00000007c47c0000,0x00000007c51f2e70,0x00000007c5200000)
  to   space 22144K, 0% used [0x00000007c54e0000,0x00000007c54e0000,0x00000007c6a80000)
 ParOldGen       total 174528K, used 71848K [0x0000000700600000, 0x000000070b070000, 0x00000007aacb0000)
  object space 174528K, 41% used [0x0000000700600000,0x0000000704c2a258,0x000000070b070000)
 PSPermGen       total 21248K, used 18096K [0x00000006fb400000, 0x00000006fc8c0000, 0x0000000700600000)
  object space 21248K, 85% used [0x00000006fb400000,0x00000006fc5ac3d0,0x00000006fc8c0000)
}

Deoptimization events (10 events):
Event: 2.798 Thread 0x0000000002c9e000 Uncommon trap -83 fr.pc 0x0000000002e49e78
Event: 2.798 Thread 0x0000000002c9e000 Uncommon trap -83 fr.pc 0x0000000002e44bbc
Event: 3.255 Thread 0x0000000002c9e000 Uncommon trap 43 fr.pc 0x0000000002e63468
Event: 3.750 Thread 0x00000000151a5800 Uncommon trap -83 fr.pc 0x0000000002e6cf84
Event: 3.820 Thread 0x0000000017973800 Uncommon trap -83 fr.pc 0x0000000002e735f4
Event: 3.870 Thread 0x0000000017973800 Uncommon trap -83 fr.pc 0x0000000002e66504
Event: 3.885 Thread 0x0000000017973800 Uncommon trap -83 fr.pc 0x0000000002e9c0e8
Event: 3.947 Thread 0x0000000017973800 Uncommon trap -83 fr.pc 0x0000000002e98a48
Event: 3.976 Thread 0x0000000017973800 Uncommon trap -83 fr.pc 0x0000000002e89fd8
Event: 4.177 Thread 0x0000000017970800 Uncommon trap -83 fr.pc 0x0000000002ec85bc

Internal exceptions (10 events):
Event: 3.986 Thread 0x0000000017973800 Threw 0x00000007ab648c18 at C:\jdk7u1_64p\jdk7u7\hotspot\src\share\vm\prims\jvm.cpp:1166
Event: 4.022 Thread 0x0000000017973800 Threw 0x00000007ab827048 at C:\jdk7u1_64p\jdk7u7\hotspot\src\share\vm\prims\jvm.cpp:1166
Event: 4.022 Thread 0x0000000017973800 Threw 0x00000007ab829f68 at C:\jdk7u1_64p\jdk7u7\hotspot\src\share\vm\prims\jvm.cpp:1166
Event: 4.025 Thread 0x0000000017973800 Threw 0x00000007ab83a3d0 at C:\jdk7u1_64p\jdk7u7\hotspot\src\share\vm\prims\jvm.cpp:1166
Event: 4.025 Thread 0x0000000017973800 Threw 0x00000007ab83d2f0 at C:\jdk7u1_64p\jdk7u7\hotspot\src\share\vm\prims\jvm.cpp:1166
Event: 4.026 Thread 0x0000000017973800 Threw 0x00000007ab8404a0 at C:\jdk7u1_64p\jdk7u7\hotspot\src\share\vm\prims\jvm.cpp:1166
Event: 4.026 Thread 0x0000000017973800 Threw 0x00000007ab8433c0 at C:\jdk7u1_64p\jdk7u7\hotspot\src\share\vm\prims\jvm.cpp:1166
Event: 4.164 Thread 0x0000000017970800 Threw 0x00000007abe27628 at C:\jdk7u1_64p\jdk7u7\hotspot\src\share\vm\prims\jvm.cpp:1166
Event: 4.168 Thread 0x0000000017970800 Threw 0x00000007abe37eb8 at C:\jdk7u1_64p\jdk7u7\hotspot\src\share\vm\prims\jvm.cpp:1166
Event: 4.371 Thread 0x0000000017970800 Threw 0x00000007ac873f80 at C:\jdk7u1_64p\jdk7u7\hotspot\src\share\vm\prims\jvm.cpp:1166

Events (10 events):
Event: 22.454 Executing VM operation: ParallelGCFailedAllocation
Event: 22.456 Executing VM operation: ParallelGCFailedAllocation done
Event: 22.604 Thread 0x00000000118b9000 flushing nmethod 0x0000000002e89a10
Event: 22.604 Thread 0x00000000118b9000 flushing nmethod 0x0000000002e98450
Event: 22.644 loading class 0x0000000017641540
Event: 22.644 loading class 0x0000000017641540 done
Event: 22.644 loading class 0x0000000014e9e560
Event: 22.644 loading class 0x0000000018363800
Event: 22.644 loading class 0x0000000018363800 done
Event: 22.644 loading class 0x0000000014e9e560 done


Dynamic libraries:
0x000007f798e80000 - 0x000007f798eb4000 	F:\Program Files\Java\Jre7\bin\javaw.exe
0x000007ffd0010000 - 0x000007ffd01ce000 	C:\WINDOWS\SYSTEM32\ntdll.dll
0x000007ffcd650000 - 0x000007ffcd786000 	C:\WINDOWS\system32\KERNEL32.DLL
0x000007ffcd360000 - 0x000007ffcd453000 	C:\WINDOWS\system32\KERNELBASE.dll
0x000007ffcdad0000 - 0x000007ffcdbae000 	C:\WINDOWS\system32\ADVAPI32.dll
0x000007ffcf8a0000 - 0x000007ffcf9ec000 	C:\WINDOWS\system32\USER32.dll
0x000007ffca740000 - 0x000007ffca9a9000 	C:\WINDOWS\WinSxS\amd64_microsoft.windows.common-controls_6595b64144ccf1df_6.0.9200.16384_none_418c2a697189c07f\COMCTL32.dll
0x000007ffcd940000 - 0x000007ffcd9e5000 	C:\WINDOWS\system32\msvcrt.dll
0x000007ffcd460000 - 0x000007ffcd4a8000 	C:\WINDOWS\SYSTEM32\sechost.dll
0x000007ffcf760000 - 0x000007ffcf8a0000 	C:\WINDOWS\system32\RPCRT4.dll
0x000007ffcdec0000 - 0x000007ffce000000 	C:\WINDOWS\system32\GDI32.dll
0x000007ffcda90000 - 0x000007ffcdac9000 	C:\WINDOWS\system32\IMM32.DLL
0x000007ffcf9f0000 - 0x000007ffcfb05000 	C:\WINDOWS\system32\MSCTF.dll
0x000007ffccf00000 - 0x000007ffccf08000 	C:\PROGRA~2\NVIDIA~1\3DVISI~1\NVSTIN~1.DLL
0x000007ffcda80000 - 0x000007ffcda87000 	C:\WINDOWS\system32\PSAPI.DLL
0x0000000061700000 - 0x00000000617a3000 	C:\WINDOWS\WinSxS\amd64_microsoft.vc90.crt_1fc8b3b9a1e18e3b_9.0.30729.6871_none_08e717a5a83adddf\MSVCR90.dll
0x000000005f150000 - 0x000000005f221000 	F:\Program Files\Java\Jre7\bin\msvcr100.dll
0x000000005ea30000 - 0x000000005f14f000 	F:\Program Files\Java\Jre7\bin\server\jvm.dll
0x000007ffc53f0000 - 0x000007ffc53f9000 	C:\WINDOWS\SYSTEM32\WSOCK32.dll
0x000007ffca070000 - 0x000007ffca090000 	C:\WINDOWS\SYSTEM32\WINMM.dll
0x000007ffcffb0000 - 0x000007ffd0008000 	C:\WINDOWS\system32\WS2_32.dll
0x000007ffc9f70000 - 0x000007ffc9fa2000 	C:\WINDOWS\SYSTEM32\WINMMBASE.dll
0x000007ffcfb10000 - 0x000007ffcfb19000 	C:\WINDOWS\system32\NSI.dll
0x000000005ea20000 - 0x000000005ea2f000 	F:\Program Files\Java\Jre7\bin\verify.dll
0x000000005e9f0000 - 0x000000005ea18000 	F:\Program Files\Java\Jre7\bin\java.dll
0x000000005e9d0000 - 0x000000005e9e5000 	F:\Program Files\Java\Jre7\bin\zip.dll
0x000000005e7c0000 - 0x000000005e953000 	F:\Program Files\Java\Jre7\bin\awt.dll
0x000007ffcdbb0000 - 0x000007ffcdc73000 	C:\WINDOWS\system32\OLEAUT32.dll
0x000007ffcd790000 - 0x000007ffcd940000 	C:\WINDOWS\system32\combase.dll
0x000007ffc7130000 - 0x000007ffc71cf000 	C:\WINDOWS\system32\apphelp.dll
0x000007ffcbd00000 - 0x000007ffcbde3000 	C:\WINDOWS\system32\uxtheme.dll
0x000007ffc71e0000 - 0x000007ffc7275000 	C:\Program Files\Common Files\microsoft shared\ink\tiptsf.dll
0x000007ffcae20000 - 0x000007ffcae41000 	C:\WINDOWS\SYSTEM32\dwmapi.dll
0x000007ffce000000 - 0x000007ffce17e000 	C:\WINDOWS\system32\ole32.dll
0x000007ffccd70000 - 0x000007ffccd7a000 	C:\WINDOWS\SYSTEM32\CRYPTBASE.dll
0x000007ffcccf0000 - 0x000007ffccd4c000 	C:\WINDOWS\SYSTEM32\bcryptPrimitives.dll
0x000007ffce470000 - 0x000007ffcf758000 	C:\WINDOWS\system32\SHELL32.dll
0x000007ffcff60000 - 0x000007ffcffb0000 	C:\WINDOWS\system32\SHLWAPI.dll
0x000007ffcc0d0000 - 0x000007ffcc166000 	C:\WINDOWS\SYSTEM32\shcore.dll
0x00000000605d0000 - 0x0000000060668000 	C:\Windows\System32\msvcp100.dll
0x000007ffb3e80000 - 0x000007ffb40d8000 	C:\opencv\build\x64\vc10\bin\opencv_core243.dll
0x000007ffbc470000 - 0x000007ffbc505000 	C:\Users\Jonas\AppData\Local\Temp\javacpp26954700938495\jniopencv_core.dll
0x000007ffb3480000 - 0x000007ffb3725000 	C:\opencv\build\x64\vc10\bin\opencv_imgproc243.dll
0x000007ffc67d0000 - 0x000007ffc6818000 	C:\Users\Jonas\AppData\Local\Temp\javacpp26954700938495\jniopencv_imgproc.dll
0x0000000066840000 - 0x00000000675ca000 	C:\opencv\build\x64\vc10\bin\opencv_ffmpeg243_64.dll
0x000007ffb3c30000 - 0x000007ffb3e7b000 	C:\opencv\build\x64\vc10\bin\opencv_highgui243.dll
0x000007ffc6790000 - 0x000007ffc67b0000 	C:\WINDOWS\SYSTEM32\AVIFIL32.dll
0x000007ffc69e0000 - 0x000007ffc6a09000 	C:\WINDOWS\SYSTEM32\MSVFW32.dll
0x000007ffc6a10000 - 0x000007ffc6a27000 	C:\WINDOWS\SYSTEM32\AVICAP32.dll
0x000007ffba340000 - 0x000007ffba359000 	C:\WINDOWS\SYSTEM32\MSACM32.dll
0x000007ffcacb0000 - 0x000007ffcacb9000 	C:\WINDOWS\SYSTEM32\VERSION.dll
0x000007ffbc450000 - 0x000007ffbc463000 	C:\Users\Jonas\AppData\Local\Temp\javacpp26954700938495\jniopencv_highgui.dll
0x000007ffce1b0000 - 0x000007ffce246000 	C:\WINDOWS\SYSTEM32\clbcatq.dll
0x000007ffbc430000 - 0x000007ffbc447000 	C:\Windows\System32\devenum.dll
0x000007ffcdc80000 - 0x000007ffcde50000 	C:\WINDOWS\system32\setupapi.dll
0x000007ffcd020000 - 0x000007ffcd06f000 	C:\WINDOWS\system32\CFGMGR32.dll
0x000007ffccff0000 - 0x000007ffcd012000 	C:\WINDOWS\system32\DEVOBJ.dll
0x000007ffc5fd0000 - 0x000007ffc5ffe000 	C:\WINDOWS\SYSTEM32\ntmarta.dll
0x000007ffcd070000 - 0x000007ffcd0c5000 	C:\WINDOWS\system32\WINTRUST.dll
0x000007ffcd0d0000 - 0x000007ffcd2a7000 	C:\WINDOWS\system32\CRYPT32.dll
0x000007ffccfd0000 - 0x000007ffccfe6000 	C:\WINDOWS\system32\MSASN1.dll
0x000007ffc9d70000 - 0x000007ffc9d7d000 	C:\WINDOWS\SYSTEM32\msdmo.dll
0x000007ffbc400000 - 0x000007ffbc42f000 	C:\Windows\System32\qcap.dll
0x000007ffb3110000 - 0x000007ffb32c8000 	C:\Windows\System32\quartz.dll
0x000007ffbc3c0000 - 0x000007ffbc3ff000 	C:\Windows\System32\ksproxy.ax
0x000007ffba390000 - 0x000007ffba397000 	C:\Windows\System32\ksuser.dll
0x000007ffbbc60000 - 0x000007ffbbe60000 	C:\Windows\System32\d3d9.dll
0x000007ffc92d0000 - 0x000007ffc92dc000 	C:\Windows\System32\vidcap.ax
0x000007ffb9ce0000 - 0x000007ffb9d04000 	C:\Windows\System32\kswdmcap.ax
0x000007ffb6280000 - 0x000007ffb63d4000 	C:\Windows\System32\MFC42.dll
0x000007ffb9c20000 - 0x000007ffb9cde000 	C:\Windows\System32\ODBC32.dll
0x000007ffb7f20000 - 0x000007ffb7fb5000 	C:\Windows\System32\qedit.dll
0x000007ffcfeb0000 - 0x000007ffcff51000 	C:\WINDOWS\system32\COMDLG32.dll
0x000007ffcd4b0000 - 0x000007ffcd650000 	C:\WINDOWS\WinSxS\amd64_microsoft.windows.gdiplus_6595b64144ccf1df_1.1.9200.16384_none_72771d4ecc1c3a4d\gdiplus.dll
0x000007ffb38f0000 - 0x000007ffb39da000 	C:\WINDOWS\SYSTEM32\DDRAW.dll
0x000007ffc7970000 - 0x000007ffc7978000 	C:\WINDOWS\SYSTEM32\DCIMAN32.dll
0x000000005e780000 - 0x000000005e7b4000 	F:\Program Files\Java\Jre7\bin\fontmanager.dll
0x000007ffb4b50000 - 0x000007ffb5cd0000 	C:\WINDOWS\SYSTEM32\nvd3dumx.dll
0x000007ffccdf0000 - 0x000007ffcce33000 	C:\WINDOWS\SYSTEM32\powrprof.dll
0x0000000180000000 - 0x0000000180116000 	C:\Program Files (x86)\NVIDIA Corporation\3D Vision\nvSCPAPI64.dll
0x000007ffca330000 - 0x000007ffca3a4000 	C:\WINDOWS\SYSTEM32\dxgi.dll
0x000007ffc9a40000 - 0x000007ffc9d02000 	C:\WINDOWS\SYSTEM32\nvapi64.dll
0x000007ffc9f50000 - 0x000007ffc9f6f000 	C:\WINDOWS\SYSTEM32\DXGIDebug.dll
0x000000005e9b0000 - 0x000000005e9c9000 	F:\Program Files\Java\Jre7\bin\net.dll
0x000007ffcc760000 - 0x000007ffcc7bc000 	C:\WINDOWS\system32\mswsock.dll
0x000000005e990000 - 0x000000005e9a1000 	F:\Program Files\Java\Jre7\bin\nio.dll
0x000000005e730000 - 0x000000005e771000 	F:\Program Files\Java\Jre7\bin\t2k.dll
0x000007ffca9b0000 - 0x000007ffcab3a000 	C:\WINDOWS\SYSTEM32\WindowsCodecs.dll
0x000007ffccf20000 - 0x000007ffccf35000 	C:\WINDOWS\SYSTEM32\profapi.dll
0x000007ffc8ca0000 - 0x000007ffc8d09000 	C:\WINDOWS\SYSTEM32\oleacc.dll
0x000000005e700000 - 0x000000005e72a000 	F:\Program Files\Java\Jre7\bin\dcpr.dll

VM Arguments:
jvm_args: -Dfile.encoding=Cp1252 
java_command: emcscanner.kth.se.Program
Launcher Type: SUN_STANDARD

Environment Variables:
PATH=C:\Program Files (x86)\NVIDIA Corporation\PhysX\Common;C:\WINDOWS\system32;C:\WINDOWS;C:\WINDOWS\System32\Wbem;C:\WINDOWS\System32\WindowsPowerShell\v1.0\;C:\Program Files (x86)\Microsoft SQL Server\90\Tools\binn\;C:\Program Files (x86)\Autodesk\Backburner\;F:\Program Files\MATLAB\R2012a\runtime\win64;F:\Program Files\MATLAB\R2012a\bin;C:\Program Files\Internet Explorer;C:\Program Files\Perforce;F:\Program Files\Perforce;C:\Program Files\Microsoft\Web Platform Installer\;C:\Program Files (x86)\Microsoft ASP.NET\ASP.NET Web Pages\v1.0\;C:\Program Files (x86)\Windows Kits\8.0\Windows Performance Toolkit\;C:\Program Files\Microsoft SQL Server\110\Tools\Binn\;F:\Program Files\Perforce\Server
USERNAME=Jonas
OS=Windows_NT
PROCESSOR_IDENTIFIER=Intel64 Family 6 Model 42 Stepping 7, GenuineIntel



---------------  S Y S T E M  ---------------

OS: Windows 8 , 64 bit Build 9200 

CPU:total 8 (4 cores per cpu, 2 threads per core) family 6 model 42 stepping 7, cmov, cx8, fxsr, mmx, sse, sse2, sse3, ssse3, sse4.1, sse4.2, popcnt, avx, ht, tsc, tscinvbit

Memory: 4k page, physical 16751668k(12385568k free), swap 33528884k(25706328k free)

vm_info: Java HotSpot(TM) 64-Bit Server VM (23.3-b01) for windows-amd64 JRE (1.7.0_07-b11), built on Sep  7 2012 01:19:25 by "java_re" with unknown MS VC++:1600

time: Tue Feb 05 00:11:23 2013
elapsed time: 23 seconds

