#
# A fatal error has been detected by the Java Runtime Environment:
#
#  EXCEPTION_ACCESS_VIOLATION (0xc0000005) at pc=0x000007ffd0028bc0, pid=8020, tid=7556
#
# JRE version: 7.0_07-b11
# Java VM: Java HotSpot(TM) 64-Bit Server VM (23.3-b01 mixed mode windows-amd64 compressed oops)
# Problematic frame:
# C  [ntdll.dll+0x18bc0]  RtlQueueWorkItem+0x8a0
#
# Failed to write core dump. Minidumps are not enabled by default on client versions of Windows
#
# If you would like to submit a bug report, please visit:
#   http://bugreport.sun.com/bugreport/crash.jsp
# The crash happened outside the Java Virtual Machine in native code.
# See problematic frame for where to report the bug.
#

---------------  T H R E A D  ---------------

Current thread (0x00000000134c8800):  JavaThread "threadDisplayCamera" daemon [_thread_in_native, id=7556, stack(0x0000000015de0000,0x0000000015ee0000)]

siginfo: ExceptionCode=0xc0000005, writing address 0x0000000000000024

Registers:
RAX=0x0000000000000000, RBX=0x00000000134cd0c8, RCX=0x00000000fffffffc, RDX=0x0000000000000a08
RSP=0x0000000015edeea0, RBP=0x0000000000000000, RSI=0x0000000000000a08, RDI=0x0000000000000000
R8 =0xffffffffffffffff, R9 =0x0000000000000004, R10=0x0000000000000000, R11=0x0000000000000246
R12=0x0000000000000000, R13=0x0000000000000000, R14=0x000007f798d0e000, R15=0x0000000000000000
RIP=0x000007ffd0028bc0, EFLAGS=0x0000000000010213

Top of Stack: (sp=0x0000000015edeea0)
0x0000000015edeea0:   0000000000000a08 00000000021864f0
0x0000000015edeeb0:   4089500000000000 0000000000000000
0x0000000015edeec0:   4096800000000000 0000000000000000
0x0000000015edeed0:   0000000000000000 0000000000000000
0x0000000015edeee0:   0000000000000000 0000000000000000
0x0000000015edeef0:   0000000000000000 0000000000000000
0x0000000015edef00:   0000000000000000 000007ffcd3610ea
0x0000000015edef10:   0000000001ee0000 0000000000000010
0x0000000015edef20:   00006b7e980b07fe 000007ffd00157c0
0x0000000015edef30:   0000000000000004 0000000000000001
0x0000000015edef40:   0000000019795050 00000000ff000000
0x0000000015edef50:   0000000000000000 0000000000000000
0x0000000015edef60:   000007f798d0e000 000007ffd001f4d4
0x0000000015edef70:   0000000000000000 0000000000000000
0x0000000015edef80:   00000000134cd0c8 0000000000000000
0x0000000015edef90:   0000000000000000 00000000134c89d8 

Instructions: (pc=0x000007ffd0028bc0)
0x000007ffd0028ba0:   43 08 a8 01 0f 85 bd 67 ff ff 8b c8 2b cd f0 0f
0x000007ffd0028bb0:   b1 4b 08 75 ea 48 8b 03 33 ed 48 83 f8 ff 74 03
0x000007ffd0028bc0:   ff 40 24 41 bf 82 03 fe 7f 41 80 3f 00 0f 85 69
0x000007ffd0028bd0:   7a 0e 00 48 83 fe ff 0f 84 bf 7a 0e 00 4c 8b c7 


Register to memory mapping:

RAX=0x0000000000000000 is an unknown value
RBX=0x00000000134cd0c8 is an unknown value
RCX=0x00000000fffffffc is an unknown value
RDX=0x0000000000000a08 is an unknown value
RSP=0x0000000015edeea0 is pointing into the stack for thread: 0x00000000134c8800
RBP=0x0000000000000000 is an unknown value
RSI=0x0000000000000a08 is an unknown value
RDI=0x0000000000000000 is an unknown value
R8 =0xffffffffffffffff is an unknown value
R9 =0x0000000000000004 is an unknown value
R10=0x0000000000000000 is an unknown value
R11=0x0000000000000246 is an unknown value
R12=0x0000000000000000 is an unknown value
R13=0x0000000000000000 is an unknown value
R14=0x000007f798d0e000 is an unknown value
R15=0x0000000000000000 is an unknown value


Stack: [0x0000000015de0000,0x0000000015ee0000],  sp=0x0000000015edeea0,  free space=1019k
Native frames: (J=compiled Java code, j=interpreted, Vv=VM code, C=native code)
C  [ntdll.dll+0x18bc0]  RtlQueueWorkItem+0x8a0

[error occurred during error reporting (printing native stack), id 0xc0000005]

Java frames: (J=compiled Java code, j=interpreted, Vv=VM code)
j  com.googlecode.javacv.cpp.opencv_highgui.cvRetrieveFrame(Lcom/googlecode/javacv/cpp/opencv_highgui$CvCapture;I)Lcom/googlecode/javacv/cpp/opencv_core$IplImage;+0
j  com.googlecode.javacv.cpp.opencv_highgui.cvRetrieveFrame(Lcom/googlecode/javacv/cpp/opencv_highgui$CvCapture;)Lcom/googlecode/javacv/cpp/opencv_core$IplImage;+2
j  com.googlecode.javacv.OpenCVFrameGrabber.grab()Lcom/googlecode/javacv/cpp/opencv_core$IplImage;+4
j  emcscanner.kth.se.CameraPanel$1.run()V+15
v  ~StubRoutines::call_stub

---------------  P R O C E S S  ---------------

Java Threads: ( => current thread )
  0x0000000014758800 JavaThread "Thread-0" daemon [_thread_in_native, id=4072, stack(0x0000000014be0000,0x0000000014ce0000)]
  0x0000000014757800 JavaThread "ICEpdf-pagePainter" daemon [_thread_blocked, id=7560, stack(0x00000000253a0000,0x00000000254a0000)]
  0x0000000014757000 JavaThread "ICEpdf-pageInitializer" daemon [_thread_blocked, id=3352, stack(0x0000000025160000,0x0000000025260000)]
  0x0000000014754000 JavaThread "DestroyJavaVM" [_thread_blocked, id=5556, stack(0x0000000001f80000,0x0000000002080000)]
  0x0000000014753000 JavaThread "TimerQueue" daemon [_thread_blocked, id=2092, stack(0x0000000023e40000,0x0000000023f40000)]
  0x000000001445c800 JavaThread "threadDisplayDensity" daemon [_thread_blocked, id=8208, stack(0x0000000020020000,0x0000000020120000)]
  0x000000001445b800 JavaThread "AWT-EventQueue-0" [_thread_blocked, id=7340, stack(0x000000001e440000,0x000000001e540000)]
  0x0000000014524800 JavaThread "threadDisplay" daemon [_thread_blocked, id=3448, stack(0x000000001e340000,0x000000001e440000)]
  0x0000000014476000 JavaThread "threadDisplay" daemon [_thread_in_Java, id=3640, stack(0x000000001c1d0000,0x000000001c2d0000)]
  0x0000000014726800 JavaThread "AWT-Shutdown" [_thread_blocked, id=8592, stack(0x0000000015ee0000,0x0000000015fe0000)]
=>0x00000000134c8800 JavaThread "threadDisplayCamera" daemon [_thread_in_native, id=7556, stack(0x0000000015de0000,0x0000000015ee0000)]
  0x00000000133c0800 JavaThread "AWT-Windows" daemon [_thread_in_native, id=3712, stack(0x0000000013cb0000,0x0000000013db0000)]
  0x00000000133bf000 JavaThread "Java2D Disposer" daemon [_thread_blocked, id=9124, stack(0x0000000013ab0000,0x0000000013bb0000)]
  0x0000000010ca2800 JavaThread "Service Thread" daemon [_thread_blocked, id=7704, stack(0x00000000130b0000,0x00000000131b0000)]
  0x0000000010ca0000 JavaThread "C2 CompilerThread1" daemon [_thread_blocked, id=4936, stack(0x0000000012fb0000,0x00000000130b0000)]
  0x0000000010c9b000 JavaThread "C2 CompilerThread0" daemon [_thread_blocked, id=5420, stack(0x0000000012eb0000,0x0000000012fb0000)]
  0x0000000010c98000 JavaThread "Attach Listener" daemon [_thread_blocked, id=2544, stack(0x0000000012db0000,0x0000000012eb0000)]
  0x0000000010c8b000 JavaThread "Signal Dispatcher" daemon [_thread_blocked, id=5160, stack(0x0000000012cb0000,0x0000000012db0000)]
  0x0000000010c2e800 JavaThread "Finalizer" daemon [_thread_blocked, id=8004, stack(0x0000000012bb0000,0x0000000012cb0000)]
  0x0000000010c27000 JavaThread "Reference Handler" daemon [_thread_blocked, id=8508, stack(0x0000000012ab0000,0x0000000012bb0000)]

Other Threads:
  0x0000000010c22000 VMThread [stack: 0x00000000129b0000,0x0000000012ab0000] [id=6588]
  0x0000000010cb7000 WatcherThread [stack: 0x00000000131b0000,0x00000000132b0000] [id=8912]

VM state:not at safepoint (normal execution)

VM Mutex/Monitor currently owned by a thread: None

Heap
 PSYoungGen      total 1365760K, used 675891K [0x00000007aacb0000, 0x0000000800000000, 0x0000000800000000)
  eden space 1336896K, 49% used [0x00000007aacb0000,0x00000007d2ffc978,0x00000007fc640000)
  from space 28864K, 59% used [0x00000007fc640000,0x00000007fd7003e0,0x00000007fe270000)
  to   space 29184K, 0% used [0x00000007fe380000,0x00000007fe380000,0x0000000800000000)
 ParOldGen       total 175360K, used 38170K [0x0000000700600000, 0x000000070b140000, 0x00000007aacb0000)
  object space 175360K, 21% used [0x0000000700600000,0x0000000702b469d0,0x000000070b140000)
 PSPermGen       total 41024K, used 18173K [0x00000006fb400000, 0x00000006fdc10000, 0x0000000700600000)
  object space 41024K, 44% used [0x00000006fb400000,0x00000006fc5bf400,0x00000006fdc10000)

Card table byte_map: [0x0000000005240000,0x0000000005a70000] byte_map_base: 0x0000000001a66000

Polling page: 0x0000000000450000

Code Cache  [0x0000000002180000, 0x00000000023f0000, 0x0000000005180000)
 total_blobs=906 nmethods=317 adapters=540 free_code_cache=47766Kb largest_free_block=48864896

Compilation events (10 events):
Event: 19.651 Thread 0x0000000010ca0000  324             java.awt.Color::getRGB (5 bytes)
Event: 19.651 Thread 0x0000000010ca0000 nmethod 324 0x0000000002270e90 code [0x0000000002270fc0, 0x0000000002271018]
Event: 20.122 Thread 0x0000000010c9b000  325             java.awt.image.Raster::getHeight (5 bytes)
Event: 20.123 Thread 0x0000000010c9b000 nmethod 325 0x00000000022732d0 code [0x0000000002273400, 0x0000000002273458]
Event: 20.625 Thread 0x0000000010c9b000  327             java.awt.geom.Dimension2D::<init> (5 bytes)
Event: 20.625 Thread 0x0000000010ca0000  326             java.awt.Dimension::<init> (15 bytes)
Event: 20.625 Thread 0x0000000010ca0000 nmethod 326 0x00000000022b1290 code [0x00000000022b13c0, 0x00000000022b1418]
Event: 20.625 Thread 0x0000000010c9b000 nmethod 327 0x00000000022730d0 code [0x0000000002273200, 0x0000000002273258]
Event: 20.655 Thread 0x0000000010c9b000  328             java.util.concurrent.locks.ReentrantLock$Sync::nonfairTryAcquire (67 bytes)
Event: 20.656 Thread 0x0000000010c9b000 nmethod 328 0x00000000022af850 code [0x00000000022af980, 0x00000000022afa58]

GC Heap History (10 events):
Event: 9.435 GC heap before
{Heap before GC invocations=11 (full 0):
 PSYoungGen      total 861696K, used 859676K [0x00000007aacb0000, 0x00000007e1010000, 0x0000000800000000)
  eden space 836352K, 99% used [0x00000007aacb0000,0x00000007ddbf4e00,0x00000007ddd70000)
  from space 25344K, 98% used [0x00000007df690000,0x00000007e0ed2500,0x00000007e0f50000)
  to   space 25728K, 0% used [0x00000007ddd70000,0x00000007ddd70000,0x00000007df690000)
 ParOldGen       total 174528K, used 118720K [0x0000000700600000, 0x000000070b070000, 0x00000007aacb0000)
  object space 174528K, 68% used [0x0000000700600000,0x00000007079f0260,0x000000070b070000)
 PSPermGen       total 21248K, used 18088K [0x00000006fb400000, 0x00000006fc8c0000, 0x0000000700600000)
  object space 21248K, 85% used [0x00000006fb400000,0x00000006fc5aa0c0,0x00000006fc8c0000)
Event: 9.440 GC heap after
Heap after GC invocations=11 (full 0):
 PSYoungGen      total 862080K, used 10983K [0x00000007aacb0000, 0x00000007ffd60000, 0x0000000800000000)
  eden space 836352K, 0% used [0x00000007aacb0000,0x00000007aacb0000,0x00000007ddd70000)
  from space 25728K, 42% used [0x00000007ddd70000,0x00000007de829d60,0x00000007df690000)
  to   space 27584K, 0% used [0x00000007fe270000,0x00000007fe270000,0x00000007ffd60000)
 ParOldGen       total 174528K, used 118776K [0x0000000700600000, 0x000000070b070000, 0x00000007aacb0000)
  object space 174528K, 68% used [0x0000000700600000,0x00000007079fe260,0x000000070b070000)
 PSPermGen       total 21248K, used 18088K [0x00000006fb400000, 0x00000006fc8c0000, 0x0000000700600000)
  object space 21248K, 85% used [0x00000006fb400000,0x00000006fc5aa0c0,0x00000006fc8c0000)
}
Event: 11.134 GC heap before
{Heap before GC invocations=12 (full 0):
 PSYoungGen      total 862080K, used 846077K [0x00000007aacb0000, 0x00000007ffd60000, 0x0000000800000000)
  eden space 836352K, 99% used [0x00000007aacb0000,0x00000007ddc359f0,0x00000007ddd70000)
  from space 25728K, 42% used [0x00000007ddd70000,0x00000007de829d60,0x00000007df690000)
  to   space 27584K, 0% used [0x00000007fe270000,0x00000007fe270000,0x00000007ffd60000)
 ParOldGen       total 174528K, used 122193K [0x0000000700600000, 0x000000070b070000, 0x00000007aacb0000)
  object space 174528K, 70% used [0x0000000700600000,0x0000000707d54730,0x000000070b070000)
 PSPermGen       total 21248K, used 18097K [0x00000006fb400000, 0x00000006fc8c0000, 0x0000000700600000)
  object space 21248K, 85% used [0x00000006fb400000,0x00000006fc5ac4e0,0x00000006fc8c0000)
Event: 11.144 GC heap after
Heap after GC invocations=12 (full 0):
 PSYoungGen      total 1364480K, used 27056K [0x00000007aacb0000, 0x00000007fffe0000, 0x0000000800000000)
  eden space 1336896K, 0% used [0x00000007aacb0000,0x00000007aacb0000,0x00000007fc640000)
  from space 27584K, 98% used [0x00000007fe270000,0x00000007ffcdc350,0x00000007ffd60000)
  to   space 28864K, 0% used [0x00000007fc640000,0x00000007fc640000,0x00000007fe270000)
 ParOldGen       total 174528K, used 128384K [0x0000000700600000, 0x000000070b070000, 0x00000007aacb0000)
  object space 174528K, 73% used [0x0000000700600000,0x0000000708360370,0x000000070b070000)
 PSPermGen       total 21248K, used 18097K [0x00000006fb400000, 0x00000006fc8c0000, 0x0000000700600000)
  object space 21248K, 85% used [0x00000006fb400000,0x00000006fc5ac4e0,0x00000006fc8c0000)
}
Event: 14.067 GC heap before
{Heap before GC invocations=13 (full 1):
 PSYoungGen      total 1364480K, used 1363952K [0x00000007aacb0000, 0x00000007fffe0000, 0x0000000800000000)
  eden space 1336896K, 100% used [0x00000007aacb0000,0x00000007fc640000,0x00000007fc640000)
  from space 27584K, 98% used [0x00000007fe270000,0x00000007ffcdc350,0x00000007ffd60000)
  to   space 28864K, 0% used [0x00000007fc640000,0x00000007fc640000,0x00000007fe270000)
 ParOldGen       total 242176K, used 242039K [0x0000000700600000, 0x000000070f280000, 0x00000007aacb0000)
  object space 242176K, 99% used [0x0000000700600000,0x000000070f25dc10,0x000000070f280000)
 PSPermGen       total 21248K, used 18107K [0x00000006fb400000, 0x00000006fc8c0000, 0x0000000700600000)
  object space 21248K, 85% used [0x00000006fb400000,0x00000006fc5aec00,0x00000006fc8c0000)
Event: 14.148 GC heap after
Heap after GC invocations=13 (full 1):
 PSYoungGen      total 1364480K, used 0K [0x00000007aacb0000, 0x00000007fffe0000, 0x0000000800000000)
  eden space 1336896K, 0% used [0x00000007aacb0000,0x00000007aacb0000,0x00000007fc640000)
  from space 27584K, 0% used [0x00000007fe270000,0x00000007fe270000,0x00000007ffd60000)
  to   space 28864K, 0% used [0x00000007fc640000,0x00000007fc640000,0x00000007fe270000)
 ParOldGen       total 138880K, used 28802K [0x0000000700600000, 0x0000000708da0000, 0x00000007aacb0000)
  object space 138880K, 20% used [0x0000000700600000,0x0000000702220a58,0x0000000708da0000)
 PSPermGen       total 36736K, used 18100K [0x00000006fb400000, 0x00000006fd7e0000, 0x0000000700600000)
  object space 36736K, 49% used [0x00000006fb400000,0x00000006fc5ad188,0x00000006fd7e0000)
}
Event: 17.043 GC heap before
{Heap before GC invocations=14 (full 2):
 PSYoungGen      total 1364480K, used 1336896K [0x00000007aacb0000, 0x00000007fffe0000, 0x0000000800000000)
  eden space 1336896K, 100% used [0x00000007aacb0000,0x00000007fc640000,0x00000007fc640000)
  from space 27584K, 0% used [0x00000007fe270000,0x00000007fe270000,0x00000007ffd60000)
  to   space 28864K, 0% used [0x00000007fc640000,0x00000007fc640000,0x00000007fe270000)
 ParOldGen       total 154560K, used 152961K [0x0000000700600000, 0x0000000709cf0000, 0x00000007aacb0000)
  object space 154560K, 98% used [0x0000000700600000,0x0000000709b60588,0x0000000709cf0000)
 PSPermGen       total 36736K, used 18131K [0x00000006fb400000, 0x00000006fd7e0000, 0x0000000700600000)
  object space 36736K, 49% used [0x00000006fb400000,0x00000006fc5b4e80,0x00000006fd7e0000)
Event: 17.073 GC heap after
Heap after GC invocations=14 (full 2):
 PSYoungGen      total 1364480K, used 0K [0x00000007aacb0000, 0x00000007fffe0000, 0x0000000800000000)
  eden space 1336896K, 0% used [0x00000007aacb0000,0x00000007aacb0000,0x00000007fc640000)
  from space 27584K, 0% used [0x00000007fe270000,0x00000007fe270000,0x00000007ffd60000)
  to   space 28864K, 0% used [0x00000007fc640000,0x00000007fc640000,0x00000007fe270000)
 ParOldGen       total 175360K, used 32095K [0x0000000700600000, 0x000000070b140000, 0x00000007aacb0000)
  object space 175360K, 18% used [0x0000000700600000,0x0000000702557dc0,0x000000070b140000)
 PSPermGen       total 41024K, used 18131K [0x00000006fb400000, 0x00000006fdc10000, 0x0000000700600000)
  object space 41024K, 44% used [0x00000006fb400000,0x00000006fc5b4e40,0x00000006fdc10000)
}
Event: 19.784 GC heap before
{Heap before GC invocations=15 (full 2):
 PSYoungGen      total 1364480K, used 1335078K [0x00000007aacb0000, 0x00000007fffe0000, 0x0000000800000000)
  eden space 1336896K, 99% used [0x00000007aacb0000,0x00000007fc479b98,0x00000007fc640000)
  from space 27584K, 0% used [0x00000007fe270000,0x00000007fe270000,0x00000007ffd60000)
  to   space 28864K, 0% used [0x00000007fc640000,0x00000007fc640000,0x00000007fe270000)
 ParOldGen       total 175360K, used 38170K [0x0000000700600000, 0x000000070b140000, 0x00000007aacb0000)
  object space 175360K, 21% used [0x0000000700600000,0x0000000702b469d0,0x000000070b140000)
 PSPermGen       total 41024K, used 18136K [0x00000006fb400000, 0x00000006fdc10000, 0x0000000700600000)
  object space 41024K, 44% used [0x00000006fb400000,0x00000006fc5b6158,0x00000006fdc10000)
Event: 19.789 GC heap after
Heap after GC invocations=15 (full 2):
 PSYoungGen      total 1365760K, used 17152K [0x00000007aacb0000, 0x0000000800000000, 0x0000000800000000)
  eden space 1336896K, 0% used [0x00000007aacb0000,0x00000007aacb0000,0x00000007fc640000)
  from space 28864K, 59% used [0x00000007fc640000,0x00000007fd7003e0,0x00000007fe270000)
  to   space 29184K, 0% used [0x00000007fe380000,0x00000007fe380000,0x0000000800000000)
 ParOldGen       total 175360K, used 38170K [0x0000000700600000, 0x000000070b140000, 0x00000007aacb0000)
  object space 175360K, 21% used [0x0000000700600000,0x0000000702b469d0,0x000000070b140000)
 PSPermGen       total 41024K, used 18136K [0x00000006fb400000, 0x00000006fdc10000, 0x0000000700600000)
  object space 41024K, 44% used [0x00000006fb400000,0x00000006fc5b6158,0x00000006fdc10000)
}

Deoptimization events (10 events):
Event: 2.827 Thread 0x0000000001eee000 Uncommon trap -83 fr.pc 0x000000000222143c
Event: 3.354 Thread 0x0000000001eee000 Uncommon trap 43 fr.pc 0x000000000224ab94
Event: 3.903 Thread 0x000000001445b800 Uncommon trap -83 fr.pc 0x0000000002251b84
Event: 3.981 Thread 0x0000000014757000 Uncommon trap -83 fr.pc 0x0000000002245534
Event: 4.037 Thread 0x0000000014757000 Uncommon trap -83 fr.pc 0x0000000002245184
Event: 4.058 Thread 0x0000000014757000 Uncommon trap -83 fr.pc 0x0000000002270068
Event: 4.127 Thread 0x0000000014757000 Uncommon trap -83 fr.pc 0x00000000021fd8bc
Event: 4.172 Thread 0x0000000014757000 Uncommon trap -83 fr.pc 0x0000000002271458
Event: 4.403 Thread 0x0000000014757800 Uncommon trap -83 fr.pc 0x00000000022b22bc
Event: 16.968 Thread 0x00000000134c8800 Uncommon trap -12 fr.pc 0x0000000002273a38

Internal exceptions (10 events):
Event: 4.226 Thread 0x0000000014757000 Threw 0x00000007ac4eb4a0 at C:\jdk7u1_64p\jdk7u7\hotspot\src\share\vm\prims\jvm.cpp:1166
Event: 4.227 Thread 0x0000000014757000 Threw 0x00000007ac4ee3c0 at C:\jdk7u1_64p\jdk7u7\hotspot\src\share\vm\prims\jvm.cpp:1166
Event: 4.230 Thread 0x0000000014757000 Threw 0x00000007ac4fe828 at C:\jdk7u1_64p\jdk7u7\hotspot\src\share\vm\prims\jvm.cpp:1166
Event: 4.230 Thread 0x0000000014757000 Threw 0x00000007ac501748 at C:\jdk7u1_64p\jdk7u7\hotspot\src\share\vm\prims\jvm.cpp:1166
Event: 4.232 Thread 0x0000000014757000 Threw 0x00000007ac5048f8 at C:\jdk7u1_64p\jdk7u7\hotspot\src\share\vm\prims\jvm.cpp:1166
Event: 4.232 Thread 0x0000000014757000 Threw 0x00000007ac507818 at C:\jdk7u1_64p\jdk7u7\hotspot\src\share\vm\prims\jvm.cpp:1166
Event: 4.377 Thread 0x0000000014757800 Threw 0x00000007af8c5d08 at C:\jdk7u1_64p\jdk7u7\hotspot\src\share\vm\prims\jvm.cpp:1166
Event: 4.382 Thread 0x0000000014757800 Threw 0x00000007af8d6598 at C:\jdk7u1_64p\jdk7u7\hotspot\src\share\vm\prims\jvm.cpp:1166
Event: 4.585 Thread 0x0000000014757800 Threw 0x00000007b2b0ff18 at C:\jdk7u1_64p\jdk7u7\hotspot\src\share\vm\prims\jvm.cpp:1166
Event: 16.968 Thread 0x00000000134c8800 Implicit null exception at 0x0000000002273738 to 0x0000000002273a2c

Events (10 events):
Event: 19.767 Executing VM operation: ParallelGCFailedAllocation
Event: 19.767 Executing VM operation: ParallelGCFailedAllocation done
Event: 19.784 Executing VM operation: ParallelGCSystemGC
Event: 19.789 Executing VM operation: ParallelGCSystemGC done
Event: 20.518 loading class 0x00000000145b1790
Event: 20.519 loading class 0x00000000145b1790 done
Event: 20.519 loading class 0x00000000143df5f0
Event: 20.519 loading class 0x00000000168d7a60
Event: 20.519 loading class 0x00000000168d7a60 done
Event: 20.519 loading class 0x00000000143df5f0 done


Dynamic libraries:
0x000007f798e80000 - 0x000007f798eb4000 	F:\Program Files\Java\Jre7\bin\javaw.exe
0x000007ffd0010000 - 0x000007ffd01ce000 	C:\WINDOWS\SYSTEM32\ntdll.dll
0x000007ffcd650000 - 0x000007ffcd786000 	C:\WINDOWS\system32\KERNEL32.DLL
0x000007ffcd360000 - 0x000007ffcd453000 	C:\WINDOWS\system32\KERNELBASE.dll
0x000007ffcdad0000 - 0x000007ffcdbae000 	C:\WINDOWS\system32\ADVAPI32.dll
0x000007ffcf8a0000 - 0x000007ffcf9ec000 	C:\WINDOWS\system32\USER32.dll
0x000007ffca740000 - 0x000007ffca9a9000 	C:\WINDOWS\WinSxS\amd64_microsoft.windows.common-controls_6595b64144ccf1df_6.0.9200.16384_none_418c2a697189c07f\COMCTL32.dll
0x000007ffcd940000 - 0x000007ffcd9e5000 	C:\WINDOWS\system32\msvcrt.dll
0x000007ffcd460000 - 0x000007ffcd4a8000 	C:\WINDOWS\SYSTEM32\sechost.dll
0x000007ffcf760000 - 0x000007ffcf8a0000 	C:\WINDOWS\system32\RPCRT4.dll
0x000007ffcdec0000 - 0x000007ffce000000 	C:\WINDOWS\system32\GDI32.dll
0x000007ffcda90000 - 0x000007ffcdac9000 	C:\WINDOWS\system32\IMM32.DLL
0x000007ffcf9f0000 - 0x000007ffcfb05000 	C:\WINDOWS\system32\MSCTF.dll
0x000007ffccf00000 - 0x000007ffccf08000 	C:\PROGRA~2\NVIDIA~1\3DVISI~1\NVSTIN~1.DLL
0x000007ffcda80000 - 0x000007ffcda87000 	C:\WINDOWS\system32\PSAPI.DLL
0x0000000061700000 - 0x00000000617a3000 	C:\WINDOWS\WinSxS\amd64_microsoft.vc90.crt_1fc8b3b9a1e18e3b_9.0.30729.6871_none_08e717a5a83adddf\MSVCR90.dll
0x000000005f150000 - 0x000000005f221000 	F:\Program Files\Java\Jre7\bin\msvcr100.dll
0x000000005ea30000 - 0x000000005f14f000 	F:\Program Files\Java\Jre7\bin\server\jvm.dll
0x000007ffc53f0000 - 0x000007ffc53f9000 	C:\WINDOWS\SYSTEM32\WSOCK32.dll
0x000007ffca070000 - 0x000007ffca090000 	C:\WINDOWS\SYSTEM32\WINMM.dll
0x000007ffcffb0000 - 0x000007ffd0008000 	C:\WINDOWS\system32\WS2_32.dll
0x000007ffc9f70000 - 0x000007ffc9fa2000 	C:\WINDOWS\SYSTEM32\WINMMBASE.dll
0x000007ffcfb10000 - 0x000007ffcfb19000 	C:\WINDOWS\system32\NSI.dll
0x000000005ea20000 - 0x000000005ea2f000 	F:\Program Files\Java\Jre7\bin\verify.dll
0x000000005e9f0000 - 0x000000005ea18000 	F:\Program Files\Java\Jre7\bin\java.dll
0x000000005e9d0000 - 0x000000005e9e5000 	F:\Program Files\Java\Jre7\bin\zip.dll
0x000000005e7c0000 - 0x000000005e953000 	F:\Program Files\Java\Jre7\bin\awt.dll
0x000007ffcdbb0000 - 0x000007ffcdc73000 	C:\WINDOWS\system32\OLEAUT32.dll
0x000007ffcd790000 - 0x000007ffcd940000 	C:\WINDOWS\system32\combase.dll
0x000007ffc7130000 - 0x000007ffc71cf000 	C:\WINDOWS\system32\apphelp.dll
0x000007ffcbd00000 - 0x000007ffcbde3000 	C:\WINDOWS\system32\uxtheme.dll
0x000007ffc71e0000 - 0x000007ffc7275000 	C:\Program Files\Common Files\microsoft shared\ink\tiptsf.dll
0x000007ffcae20000 - 0x000007ffcae41000 	C:\WINDOWS\SYSTEM32\dwmapi.dll
0x000007ffce000000 - 0x000007ffce17e000 	C:\WINDOWS\system32\ole32.dll
0x000007ffccd70000 - 0x000007ffccd7a000 	C:\WINDOWS\SYSTEM32\CRYPTBASE.dll
0x000007ffcccf0000 - 0x000007ffccd4c000 	C:\WINDOWS\SYSTEM32\bcryptPrimitives.dll
0x000007ffce470000 - 0x000007ffcf758000 	C:\WINDOWS\system32\SHELL32.dll
0x000007ffcff60000 - 0x000007ffcffb0000 	C:\WINDOWS\system32\SHLWAPI.dll
0x000007ffcc0d0000 - 0x000007ffcc166000 	C:\WINDOWS\SYSTEM32\shcore.dll
0x00000000605d0000 - 0x0000000060668000 	C:\Windows\System32\msvcp100.dll
0x000007ffb34d0000 - 0x000007ffb3728000 	C:\opencv\build\x64\vc10\bin\opencv_core243.dll
0x000007ffc3f70000 - 0x000007ffc4005000 	C:\Users\Jonas\AppData\Local\Temp\javacpp80281157572344\jniopencv_core.dll
0x000007ffb12b0000 - 0x000007ffb1555000 	C:\opencv\build\x64\vc10\bin\opencv_imgproc243.dll
0x000007ffc3f20000 - 0x000007ffc3f68000 	C:\Users\Jonas\AppData\Local\Temp\javacpp80281157572344\jniopencv_imgproc.dll
0x0000000066840000 - 0x00000000675ca000 	C:\opencv\build\x64\vc10\bin\opencv_ffmpeg243_64.dll
0x000007ffb1060000 - 0x000007ffb12ab000 	C:\opencv\build\x64\vc10\bin\opencv_highgui243.dll
0x000007ffc6800000 - 0x000007ffc6820000 	C:\WINDOWS\SYSTEM32\AVIFIL32.dll
0x000007ffc69e0000 - 0x000007ffc6a09000 	C:\WINDOWS\SYSTEM32\MSVFW32.dll
0x000007ffc6a10000 - 0x000007ffc6a27000 	C:\WINDOWS\SYSTEM32\AVICAP32.dll
0x000007ffba340000 - 0x000007ffba359000 	C:\WINDOWS\SYSTEM32\MSACM32.dll
0x000007ffcacb0000 - 0x000007ffcacb9000 	C:\WINDOWS\SYSTEM32\VERSION.dll
0x000007ffc3f00000 - 0x000007ffc3f13000 	C:\Users\Jonas\AppData\Local\Temp\javacpp80281157572344\jniopencv_highgui.dll
0x000007ffce1b0000 - 0x000007ffce246000 	C:\WINDOWS\SYSTEM32\clbcatq.dll
0x000007ffc3ee0000 - 0x000007ffc3ef7000 	C:\Windows\System32\devenum.dll
0x000007ffcdc80000 - 0x000007ffcde50000 	C:\WINDOWS\system32\setupapi.dll
0x000007ffcd020000 - 0x000007ffcd06f000 	C:\WINDOWS\system32\CFGMGR32.dll
0x000007ffccff0000 - 0x000007ffcd012000 	C:\WINDOWS\system32\DEVOBJ.dll
0x000007ffc5fd0000 - 0x000007ffc5ffe000 	C:\WINDOWS\SYSTEM32\ntmarta.dll
0x000007ffcd070000 - 0x000007ffcd0c5000 	C:\WINDOWS\system32\WINTRUST.dll
0x000007ffcd0d0000 - 0x000007ffcd2a7000 	C:\WINDOWS\system32\CRYPT32.dll
0x000007ffccfd0000 - 0x000007ffccfe6000 	C:\WINDOWS\system32\MSASN1.dll
0x000007ffc7800000 - 0x000007ffc780d000 	C:\WINDOWS\SYSTEM32\msdmo.dll
0x000007ffc3eb0000 - 0x000007ffc3edf000 	C:\Windows\System32\qcap.dll
0x000007ffb1900000 - 0x000007ffb1ab8000 	C:\Windows\System32\quartz.dll
0x000007ffc3e70000 - 0x000007ffc3eaf000 	C:\Windows\System32\ksproxy.ax
0x000007ffba390000 - 0x000007ffba397000 	C:\Windows\System32\ksuser.dll
0x000007ffbbc60000 - 0x000007ffbbe60000 	C:\Windows\System32\d3d9.dll
0x000007ffc5fc0000 - 0x000007ffc5fcc000 	C:\Windows\System32\vidcap.ax
0x000007ffc3e40000 - 0x000007ffc3e64000 	C:\Windows\System32\kswdmcap.ax
0x000007ffb3370000 - 0x000007ffb34c4000 	C:\Windows\System32\MFC42.dll
0x000007ffb9c50000 - 0x000007ffb9d0e000 	C:\Windows\System32\ODBC32.dll
0x000007ffb7f20000 - 0x000007ffb7fb5000 	C:\Windows\System32\qedit.dll
0x000007ffcfeb0000 - 0x000007ffcff51000 	C:\WINDOWS\system32\COMDLG32.dll
0x000007ffcd4b0000 - 0x000007ffcd650000 	C:\WINDOWS\WinSxS\amd64_microsoft.windows.gdiplus_6595b64144ccf1df_1.1.9200.16384_none_72771d4ecc1c3a4d\gdiplus.dll
0x000007ffb38f0000 - 0x000007ffb39da000 	C:\WINDOWS\SYSTEM32\DDRAW.dll
0x000007ffc7970000 - 0x000007ffc7978000 	C:\WINDOWS\SYSTEM32\DCIMAN32.dll
0x000000005e780000 - 0x000000005e7b4000 	F:\Program Files\Java\Jre7\bin\fontmanager.dll
0x000007ffb4b50000 - 0x000007ffb5cd0000 	C:\WINDOWS\SYSTEM32\nvd3dumx.dll
0x000007ffccdf0000 - 0x000007ffcce33000 	C:\WINDOWS\SYSTEM32\powrprof.dll
0x0000000180000000 - 0x0000000180116000 	C:\Program Files (x86)\NVIDIA Corporation\3D Vision\nvSCPAPI64.dll
0x000007ffca330000 - 0x000007ffca3a4000 	C:\WINDOWS\SYSTEM32\dxgi.dll
0x000007ffc9a40000 - 0x000007ffc9d02000 	C:\WINDOWS\SYSTEM32\nvapi64.dll
0x000007ffc9f50000 - 0x000007ffc9f6f000 	C:\WINDOWS\SYSTEM32\DXGIDebug.dll
0x000000005e9b0000 - 0x000000005e9c9000 	F:\Program Files\Java\Jre7\bin\net.dll
0x000007ffcc760000 - 0x000007ffcc7bc000 	C:\WINDOWS\system32\mswsock.dll
0x000000005e990000 - 0x000000005e9a1000 	F:\Program Files\Java\Jre7\bin\nio.dll
0x000000005e730000 - 0x000000005e771000 	F:\Program Files\Java\Jre7\bin\t2k.dll
0x000007ffca9b0000 - 0x000007ffcab3a000 	C:\WINDOWS\SYSTEM32\WindowsCodecs.dll
0x000007ffccf20000 - 0x000007ffccf35000 	C:\WINDOWS\SYSTEM32\profapi.dll
0x000007ffc8ca0000 - 0x000007ffc8d09000 	C:\WINDOWS\SYSTEM32\oleacc.dll
0x000000005e700000 - 0x000000005e72a000 	F:\Program Files\Java\Jre7\bin\dcpr.dll
0x000007ffb60d0000 - 0x000007ffb6233000 	C:\WINDOWS\SYSTEM32\dbghelp.dll

VM Arguments:
jvm_args: -Dfile.encoding=Cp1252 
java_command: emcscanner.kth.se.Program
Launcher Type: SUN_STANDARD

Environment Variables:
PATH=C:\Program Files (x86)\NVIDIA Corporation\PhysX\Common;C:\WINDOWS\system32;C:\WINDOWS;C:\WINDOWS\System32\Wbem;C:\WINDOWS\System32\WindowsPowerShell\v1.0\;C:\Program Files (x86)\Microsoft SQL Server\90\Tools\binn\;C:\Program Files (x86)\Autodesk\Backburner\;F:\Program Files\MATLAB\R2012a\runtime\win64;F:\Program Files\MATLAB\R2012a\bin;C:\Program Files\Internet Explorer;C:\Program Files\Perforce;F:\Program Files\Perforce;C:\Program Files\Microsoft\Web Platform Installer\;C:\Program Files (x86)\Microsoft ASP.NET\ASP.NET Web Pages\v1.0\;C:\Program Files (x86)\Windows Kits\8.0\Windows Performance Toolkit\;C:\Program Files\Microsoft SQL Server\110\Tools\Binn\;F:\Program Files\Perforce\Server
USERNAME=Jonas
OS=Windows_NT
PROCESSOR_IDENTIFIER=Intel64 Family 6 Model 42 Stepping 7, GenuineIntel



---------------  S Y S T E M  ---------------

OS: Windows 8 , 64 bit Build 9200 

CPU:total 8 (4 cores per cpu, 2 threads per core) family 6 model 42 stepping 7, cmov, cx8, fxsr, mmx, sse, sse2, sse3, ssse3, sse4.1, sse4.2, popcnt, avx, ht, tsc, tscinvbit

Memory: 4k page, physical 16751668k(9884320k free), swap 33528884k(19648420k free)

vm_info: Java HotSpot(TM) 64-Bit Server VM (23.3-b01) for windows-amd64 JRE (1.7.0_07-b11), built on Sep  7 2012 01:19:25 by "java_re" with unknown MS VC++:1600

time: Tue Feb 05 15:00:10 2013
elapsed time: 21 seconds

