#
# A fatal error has been detected by the Java Runtime Environment:
#
#  Internal Error (os_windows_x86.cpp:149), pid=8036, tid=5432
#  guarantee(result == EXCEPTION_CONTINUE_EXECUTION) failed: Unexpected result from topLevelExceptionFilter
#
# JRE version: 7.0_07-b11
# Java VM: Java HotSpot(TM) 64-Bit Server VM (23.3-b01 mixed mode windows-amd64 compressed oops)
# Failed to write core dump. Minidumps are not enabled by default on client versions of Windows
#
# If you would like to submit a bug report, please visit:
#   http://bugreport.sun.com/bugreport/crash.jsp
# The crash happened outside the Java Virtual Machine in native code.
# See problematic frame for where to report the bug.
#

---------------  T H R E A D  ---------------

Current thread (0x0000000014bf3800):  JavaThread "AWT-EventQueue-0" [_thread_in_native, id=5432, stack(0x000000001e600000,0x000000001e700000)]

Stack: [0x000000001e600000,0x000000001e700000]
Java frames: (J=compiled Java code, j=interpreted, Vv=VM code)
j  com.googlecode.javacv.cpp.opencv_imgproc.cvResize(Lcom/googlecode/javacv/cpp/opencv_core$CvArr;Lcom/googlecode/javacv/cpp/opencv_core$CvArr;I)V+0
j  com.googlecode.javacv.cpp.opencv_imgproc.cvResize(Lcom/googlecode/javacv/cpp/opencv_core$CvArr;Lcom/googlecode/javacv/cpp/opencv_core$CvArr;)V+3
j  emcscanner.kth.se.ImagePanel.setPhoto()V+251
j  emcscanner.kth.se.AreaSettingsSubPanel$2.actionPerformed(Ljava/awt/event/ActionEvent;)V+761
j  javax.swing.AbstractButton.fireActionPerformed(Ljava/awt/event/ActionEvent;)V+84
j  javax.swing.AbstractButton$Handler.actionPerformed(Ljava/awt/event/ActionEvent;)V+5
j  javax.swing.DefaultButtonModel.fireActionPerformed(Ljava/awt/event/ActionEvent;)V+35
j  javax.swing.DefaultButtonModel.setPressed(Z)V+117
j  javax.swing.plaf.basic.BasicButtonListener.mouseReleased(Ljava/awt/event/MouseEvent;)V+35
j  java.awt.AWTEventMulticaster.mouseReleased(Ljava/awt/event/MouseEvent;)V+8
j  java.awt.Component.processMouseEvent(Ljava/awt/event/MouseEvent;)V+64
j  javax.swing.JComponent.processMouseEvent(Ljava/awt/event/MouseEvent;)V+23
j  java.awt.Component.processEvent(Ljava/awt/AWTEvent;)V+81
j  java.awt.Container.processEvent(Ljava/awt/AWTEvent;)V+18
j  java.awt.Component.dispatchEventImpl(Ljava/awt/AWTEvent;)V+581
j  java.awt.Container.dispatchEventImpl(Ljava/awt/AWTEvent;)V+42
j  java.awt.Component.dispatchEvent(Ljava/awt/AWTEvent;)V+2
j  java.awt.LightweightDispatcher.retargetMouseEvent(Ljava/awt/Component;ILjava/awt/event/MouseEvent;)V+327
j  java.awt.LightweightDispatcher.processMouseEvent(Ljava/awt/event/MouseEvent;)Z+139
j  java.awt.LightweightDispatcher.dispatchEvent(Ljava/awt/AWTEvent;)Z+50
j  java.awt.Container.dispatchEventImpl(Ljava/awt/AWTEvent;)V+12
j  java.awt.Window.dispatchEventImpl(Ljava/awt/AWTEvent;)V+19
j  java.awt.Component.dispatchEvent(Ljava/awt/AWTEvent;)V+2
j  java.awt.EventQueue.dispatchEventImpl(Ljava/awt/AWTEvent;Ljava/lang/Object;)V+41
j  java.awt.EventQueue.access$200(Ljava/awt/EventQueue;Ljava/awt/AWTEvent;Ljava/lang/Object;)V+3
j  java.awt.EventQueue$3.run()Ljava/lang/Void;+12
j  java.awt.EventQueue$3.run()Ljava/lang/Object;+1
v  ~StubRoutines::call_stub
j  java.security.AccessController.doPrivileged(Ljava/security/PrivilegedAction;Ljava/security/AccessControlContext;)Ljava/lang/Object;+0
j  java.security.ProtectionDomain$1.doIntersectionPrivilege(Ljava/security/PrivilegedAction;Ljava/security/AccessControlContext;Ljava/security/AccessControlContext;)Ljava/lang/Object;+28
j  java.security.ProtectionDomain$1.doIntersectionPrivilege(Ljava/security/PrivilegedAction;Ljava/security/AccessControlContext;)Ljava/lang/Object;+6
j  java.awt.EventQueue$4.run()Ljava/lang/Void;+11
j  java.awt.EventQueue$4.run()Ljava/lang/Object;+1
v  ~StubRoutines::call_stub
j  java.security.AccessController.doPrivileged(Ljava/security/PrivilegedAction;Ljava/security/AccessControlContext;)Ljava/lang/Object;+0
j  java.security.ProtectionDomain$1.doIntersectionPrivilege(Ljava/security/PrivilegedAction;Ljava/security/AccessControlContext;Ljava/security/AccessControlContext;)Ljava/lang/Object;+28
j  java.awt.EventQueue.dispatchEvent(Ljava/awt/AWTEvent;)V+73
j  java.awt.EventDispatchThread.pumpOneEventForFilters(I)V+245
j  java.awt.EventDispatchThread.pumpEventsForFilter(ILjava/awt/Conditional;Ljava/awt/EventFilter;)V+48
j  java.awt.EventDispatchThread.pumpEventsForHierarchy(ILjava/awt/Conditional;Ljava/awt/Component;)V+11
j  java.awt.EventDispatchThread.pumpEvents(ILjava/awt/Conditional;)V+4
j  java.awt.EventDispatchThread.pumpEvents(Ljava/awt/Conditional;)V+3
j  java.awt.EventDispatchThread.run()V+9
v  ~StubRoutines::call_stub

---------------  P R O C E S S  ---------------

Java Threads: ( => current thread )
  0x0000000017402800 JavaThread "ICEpdf-pagePainter" daemon [_thread_blocked, id=5604, stack(0x0000000026200000,0x0000000026300000)]
  0x00000000180a2800 JavaThread "ICEpdf-pageInitializer" daemon [_thread_blocked, id=5868, stack(0x0000000025fd0000,0x00000000260d0000)]
  0x000000000115e000 JavaThread "DestroyJavaVM" [_thread_blocked, id=6768, stack(0x0000000002a30000,0x0000000002b30000)]
  0x0000000015332000 JavaThread "D3D Screen Updater" daemon [_thread_blocked, id=988, stack(0x0000000023df0000,0x0000000023ef0000)]
  0x000000001500c800 JavaThread "TimerQueue" daemon [_thread_blocked, id=6700, stack(0x0000000022340000,0x0000000022440000)]
  0x0000000014bf4800 JavaThread "threadDisplayDensity" daemon [_thread_in_Java, id=5336, stack(0x000000001e700000,0x000000001e800000)]
=>0x0000000014bf3800 JavaThread "AWT-EventQueue-0" [_thread_in_native, id=5432, stack(0x000000001e600000,0x000000001e700000)]
  0x0000000014bf3000 JavaThread "threadDisplay" daemon [_thread_blocked, id=7000, stack(0x000000001e500000,0x000000001e600000)]
  0x0000000014e85000 JavaThread "AWT-Shutdown" [_thread_blocked, id=1808, stack(0x000000001bf00000,0x000000001c000000)]
  0x0000000013e86800 JavaThread "threadDisplay" daemon [_thread_in_Java, id=1200, stack(0x000000001be00000,0x000000001bf00000)]
  0x0000000013e8c000 JavaThread "Image Fetcher 0" daemon [_thread_blocked, id=7864, stack(0x0000000014aa0000,0x0000000014ba0000)]
  0x0000000013e87800 JavaThread "AWT-Windows" daemon [_thread_in_native, id=5332, stack(0x0000000014770000,0x0000000014870000)]
  0x0000000013e86000 JavaThread "Java2D Disposer" daemon [_thread_blocked, id=3408, stack(0x0000000014570000,0x0000000014670000)]
  0x0000000011789000 JavaThread "Service Thread" daemon [_thread_blocked, id=7408, stack(0x0000000013b70000,0x0000000013c70000)]
  0x000000001177d800 JavaThread "C2 CompilerThread1" daemon [_thread_blocked, id=9064, stack(0x0000000013a70000,0x0000000013b70000)]
  0x0000000011779000 JavaThread "C2 CompilerThread0" daemon [_thread_in_native, id=5052, stack(0x0000000013970000,0x0000000013a70000)]
  0x0000000011777800 JavaThread "Attach Listener" daemon [_thread_blocked, id=9176, stack(0x0000000013870000,0x0000000013970000)]
  0x000000001176b000 JavaThread "Signal Dispatcher" daemon [_thread_blocked, id=1580, stack(0x0000000013770000,0x0000000013870000)]
  0x000000001170e800 JavaThread "Finalizer" daemon [_thread_blocked, id=1152, stack(0x0000000013670000,0x0000000013770000)]
  0x0000000011707000 JavaThread "Reference Handler" daemon [_thread_blocked, id=1208, stack(0x0000000013570000,0x0000000013670000)]

Other Threads:
  0x0000000011702000 VMThread [stack: 0x0000000013470000,0x0000000013570000] [id=6516]
  0x00000000117a6800 WatcherThread [stack: 0x0000000013c70000,0x0000000013d70000] [id=8320]

VM state:not at safepoint (normal execution)

VM Mutex/Monitor currently owned by a thread: None

Heap
 PSYoungGen      total 253824K, used 251397K [0x00000007aacb0000, 0x00000007bdec0000, 0x0000000800000000)
  eden space 229056K, 98% used [0x00000007aacb0000,0x00000007b8a04188,0x00000007b8c60000)
  from space 24768K, 99% used [0x00000007bc690000,0x00000007bdebd350,0x00000007bdec0000)
  to   space 30720K, 0% used [0x00000007ba2c0000,0x00000007ba2c0000,0x00000007bc0c0000)
 ParOldGen       total 128832K, used 124366K [0x0000000700600000, 0x00000007083d0000, 0x00000007aacb0000)
  object space 128832K, 96% used [0x0000000700600000,0x0000000707f738e8,0x00000007083d0000)
 PSPermGen       total 36160K, used 17964K [0x00000006fb400000, 0x00000006fd750000, 0x0000000700600000)
  object space 36160K, 49% used [0x00000006fb400000,0x00000006fc58b378,0x00000006fd750000)

Card table byte_map: [0x0000000005cf0000,0x0000000006520000] byte_map_base: 0x0000000002516000

Polling page: 0x0000000001140000

Code Cache  [0x0000000002c30000, 0x0000000002ea0000, 0x0000000005c30000)
 total_blobs=865 nmethods=275 adapters=541 free_code_cache=47778Kb largest_free_block=48880896

Compilation events (10 events):
Event: 6.746 Thread 0x000000001177d800 nmethod 272 0x0000000002d87810 code [0x0000000002d87940, 0x0000000002d87998]
Event: 7.113 Thread 0x0000000011779000  273             java.util.IdentityHashMap$IdentityHashMapIterator::hasNext (50 bytes)
Event: 7.114 Thread 0x0000000011779000 nmethod 273 0x0000000002d6b190 code [0x0000000002d6b2c0, 0x0000000002d6b478]
Event: 7.670 Thread 0x000000001177d800    5 %           com.googlecode.javacv.cpp.opencv_core$IplImage::flipCopyWithGamma @ 484 (608 bytes)
Event: 7.671 Thread 0x0000000011779000  274             java.nio.DirectByteBuffer::put (17 bytes)
Event: 7.671 Thread 0x0000000011779000 nmethod 274 0x0000000002cbab50 code [0x0000000002cbac80, 0x0000000002cbad18]
Event: 7.684 Thread 0x000000001177d800 nmethod 5% 0x0000000002d8f850 code [0x0000000002d8fb00, 0x0000000002d91280]
Event: 7.689 Thread 0x0000000011779000  276             com.googlecode.javacv.cpp.opencv_core$IplImage::flipCopyWithGamma (608 bytes)
Event: 7.707 Thread 0x000000001177d800  277             java.util.Vector::elementData (7 bytes)
Event: 7.708 Thread 0x000000001177d800 nmethod 277 0x0000000002cd9c10 code [0x0000000002cd9d40, 0x0000000002cd9dd8]

GC Heap History (10 events):
Event: 5.837 GC heap before
{Heap before GC invocations=5 (full 0):
 PSYoungGen      total 76352K, used 69483K [0x00000007aacb0000, 0x00000007b41d0000, 0x0000000800000000)
  eden space 65472K, 93% used [0x00000007aacb0000,0x00000007ae862d60,0x00000007aeca0000)
  from space 10880K, 76% used [0x00000007af740000,0x00000007aff68240,0x00000007b01e0000)
  to   space 10880K, 0% used [0x00000007aeca0000,0x00000007aeca0000,0x00000007af740000)
 ParOldGen       total 174528K, used 43982K [0x0000000700600000, 0x000000070b070000, 0x00000007aacb0000)
  object space 174528K, 25% used [0x0000000700600000,0x00000007030f3860,0x000000070b070000)
 PSPermGen       total 21248K, used 17936K [0x00000006fb400000, 0x00000006fc8c0000, 0x0000000700600000)
  object space 21248K, 84% used [0x00000006fb400000,0x00000006fc584038,0x00000006fc8c0000)
Event: 5.843 GC heap after
Heap after GC invocations=5 (full 0):
 PSYoungGen      total 76352K, used 8384K [0x00000007aacb0000, 0x00000007b66f0000, 0x0000000800000000)
  eden space 65472K, 0% used [0x00000007aacb0000,0x00000007aacb0000,0x00000007aeca0000)
  from space 10880K, 77% used [0x00000007aeca0000,0x00000007af4d0240,0x00000007af740000)
  to   space 29888K, 0% used [0x00000007b49c0000,0x00000007b49c0000,0x00000007b66f0000)
 ParOldGen       total 174528K, used 43982K [0x0000000700600000, 0x000000070b070000, 0x00000007aacb0000)
  object space 174528K, 25% used [0x0000000700600000,0x00000007030f3860,0x000000070b070000)
 PSPermGen       total 21248K, used 17936K [0x00000006fb400000, 0x00000006fc8c0000, 0x0000000700600000)
  object space 21248K, 84% used [0x00000006fb400000,0x00000006fc584038,0x00000006fc8c0000)
}
Event: 6.540 GC heap before
{Heap before GC invocations=6 (full 0):
 PSYoungGen      total 76352K, used 73856K [0x00000007aacb0000, 0x00000007b66f0000, 0x0000000800000000)
  eden space 65472K, 100% used [0x00000007aacb0000,0x00000007aeca0000,0x00000007aeca0000)
  from space 10880K, 77% used [0x00000007aeca0000,0x00000007af4d0240,0x00000007af740000)
  to   space 29888K, 0% used [0x00000007b49c0000,0x00000007b49c0000,0x00000007b66f0000)
 ParOldGen       total 174528K, used 147807K [0x0000000700600000, 0x000000070b070000, 0x00000007aacb0000)
  object space 174528K, 84% used [0x0000000700600000,0x0000000709657f50,0x000000070b070000)
 PSPermGen       total 21248K, used 17949K [0x00000006fb400000, 0x00000006fc8c0000, 0x0000000700600000)
  object space 21248K, 84% used [0x00000006fb400000,0x00000006fc5875c0,0x00000006fc8c0000)
Event: 6.545 GC heap after
Heap after GC invocations=6 (full 0):
 PSYoungGen      total 159040K, used 5029K [0x00000007aacb0000, 0x00000007b6530000, 0x0000000800000000)
  eden space 130944K, 0% used [0x00000007aacb0000,0x00000007aacb0000,0x00000007b2c90000)
  from space 28096K, 17% used [0x00000007b49c0000,0x00000007b4ea94c0,0x00000007b6530000)
  to   space 28992K, 0% used [0x00000007b2c90000,0x00000007b2c90000,0x00000007b48e0000)
 ParOldGen       total 174528K, used 147807K [0x0000000700600000, 0x000000070b070000, 0x00000007aacb0000)
  object space 174528K, 84% used [0x0000000700600000,0x0000000709657f50,0x000000070b070000)
 PSPermGen       total 21248K, used 17949K [0x00000006fb400000, 0x00000006fc8c0000, 0x0000000700600000)
  object space 21248K, 84% used [0x00000006fb400000,0x00000006fc5875c0,0x00000006fc8c0000)
}
Event: 6.806 GC heap before
{Heap before GC invocations=7 (full 0):
 PSYoungGen      total 159040K, used 131827K [0x00000007aacb0000, 0x00000007b6530000, 0x0000000800000000)
  eden space 130944K, 96% used [0x00000007aacb0000,0x00000007b2883ad8,0x00000007b2c90000)
  from space 28096K, 17% used [0x00000007b49c0000,0x00000007b4ea94c0,0x00000007b6530000)
  to   space 28992K, 0% used [0x00000007b2c90000,0x00000007b2c90000,0x00000007b48e0000)
 ParOldGen       total 174528K, used 147807K [0x0000000700600000, 0x000000070b070000, 0x00000007aacb0000)
  object space 174528K, 84% used [0x0000000700600000,0x0000000709657f50,0x000000070b070000)
 PSPermGen       total 21248K, used 17952K [0x00000006fb400000, 0x00000006fc8c0000, 0x0000000700600000)
  object space 21248K, 84% used [0x00000006fb400000,0x00000006fc588348,0x00000006fc8c0000)
Event: 6.812 GC heap after
Heap after GC invocations=7 (full 0):
 PSYoungGen      total 159936K, used 10772K [0x00000007aacb0000, 0x00000007be0b0000, 0x0000000800000000)
  eden space 130944K, 0% used [0x00000007aacb0000,0x00000007aacb0000,0x00000007b2c90000)
  from space 28992K, 37% used [0x00000007b2c90000,0x00000007b3715180,0x00000007b48e0000)
  to   space 26752K, 0% used [0x00000007bc690000,0x00000007bc690000,0x00000007be0b0000)
 ParOldGen       total 174528K, used 152552K [0x0000000700600000, 0x000000070b070000, 0x00000007aacb0000)
  object space 174528K, 87% used [0x0000000700600000,0x0000000709afa338,0x000000070b070000)
 PSPermGen       total 21248K, used 17952K [0x00000006fb400000, 0x00000006fc8c0000, 0x0000000700600000)
  object space 21248K, 84% used [0x00000006fb400000,0x00000006fc588348,0x00000006fc8c0000)
}
Event: 6.812 GC heap before
{Heap before GC invocations=8 (full 1):
 PSYoungGen      total 159936K, used 10772K [0x00000007aacb0000, 0x00000007be0b0000, 0x0000000800000000)
  eden space 130944K, 0% used [0x00000007aacb0000,0x00000007aacb0000,0x00000007b2c90000)
  from space 28992K, 37% used [0x00000007b2c90000,0x00000007b3715180,0x00000007b48e0000)
  to   space 26752K, 0% used [0x00000007bc690000,0x00000007bc690000,0x00000007be0b0000)
 ParOldGen       total 174528K, used 152552K [0x0000000700600000, 0x000000070b070000, 0x00000007aacb0000)
  object space 174528K, 87% used [0x0000000700600000,0x0000000709afa338,0x000000070b070000)
 PSPermGen       total 21248K, used 17952K [0x00000006fb400000, 0x00000006fc8c0000, 0x0000000700600000)
  object space 21248K, 84% used [0x00000006fb400000,0x00000006fc588348,0x00000006fc8c0000)
Event: 6.861 GC heap after
Heap after GC invocations=8 (full 1):
 PSYoungGen      total 159936K, used 0K [0x00000007aacb0000, 0x00000007be0b0000, 0x0000000800000000)
  eden space 130944K, 0% used [0x00000007aacb0000,0x00000007aacb0000,0x00000007b2c90000)
  from space 28992K, 0% used [0x00000007b2c90000,0x00000007b2c90000,0x00000007b48e0000)
  to   space 26752K, 0% used [0x00000007bc690000,0x00000007bc690000,0x00000007be0b0000)
 ParOldGen       total 122752K, used 13497K [0x0000000700600000, 0x0000000707de0000, 0x00000007aacb0000)
  object space 122752K, 10% used [0x0000000700600000,0x000000070132e4a8,0x0000000707de0000)
 PSPermGen       total 36160K, used 17946K [0x00000006fb400000, 0x00000006fd750000, 0x0000000700600000)
  object space 36160K, 49% used [0x00000006fb400000,0x00000006fc5868f0,0x00000006fd750000)
}
Event: 7.101 GC heap before
{Heap before GC invocations=9 (full 1):
 PSYoungGen      total 159936K, used 129897K [0x00000007aacb0000, 0x00000007be0b0000, 0x0000000800000000)
  eden space 130944K, 99% used [0x00000007aacb0000,0x00000007b2b8a400,0x00000007b2c90000)
  from space 28992K, 0% used [0x00000007b2c90000,0x00000007b2c90000,0x00000007b48e0000)
  to   space 26752K, 0% used [0x00000007bc690000,0x00000007bc690000,0x00000007be0b0000)
 ParOldGen       total 122752K, used 19572K [0x0000000700600000, 0x0000000707de0000, 0x00000007aacb0000)
  object space 122752K, 15% used [0x0000000700600000,0x000000070191d0b8,0x0000000707de0000)
 PSPermGen       total 36160K, used 17946K [0x00000006fb400000, 0x00000006fd750000, 0x0000000700600000)
  object space 36160K, 49% used [0x00000006fb400000,0x00000006fc5869c8,0x00000006fd750000)
Event: 7.112 GC heap after
Heap after GC invocations=9 (full 1):
 PSYoungGen      total 253824K, used 24756K [0x00000007aacb0000, 0x00000007bdec0000, 0x0000000800000000)
  eden space 229056K, 0% used [0x00000007aacb0000,0x00000007aacb0000,0x00000007b8c60000)
  from space 24768K, 99% used [0x00000007bc690000,0x00000007bdebd350,0x00000007bdec0000)
  to   space 30720K, 0% used [0x00000007ba2c0000,0x00000007ba2c0000,0x00000007bc0c0000)
 ParOldGen       total 122752K, used 56781K [0x0000000700600000, 0x0000000707de0000, 0x00000007aacb0000)
  object space 122752K, 46% used [0x0000000700600000,0x0000000703d736a8,0x0000000707de0000)
 PSPermGen       total 36160K, used 17946K [0x00000006fb400000, 0x00000006fd750000, 0x0000000700600000)
  object space 36160K, 49% used [0x00000006fb400000,0x00000006fc5869c8,0x00000006fd750000)
}

Deoptimization events (10 events):
Event: 3.848 Thread 0x00000000180a2800 Uncommon trap -83 fr.pc 0x0000000002cf2384
Event: 3.864 Thread 0x00000000180a2800 Uncommon trap -83 fr.pc 0x0000000002d27168
Event: 3.924 Thread 0x00000000180a2800 Uncommon trap -83 fr.pc 0x0000000002d20e3c
Event: 3.954 Thread 0x00000000180a2800 Uncommon trap -83 fr.pc 0x0000000002d15058
Event: 4.137 Thread 0x0000000017402800 Uncommon trap -83 fr.pc 0x0000000002d5c0bc
Event: 7.669 Thread 0x0000000014bf3800 Uncommon trap -122 fr.pc 0x0000000002d8a488
Event: 7.669 Thread 0x0000000014bf3800 Uncommon trap -34 fr.pc 0x0000000002d85c20
Event: 7.670 Thread 0x0000000014bf3800 Uncommon trap -34 fr.pc 0x0000000002d85c20
Event: 7.670 Thread 0x0000000014bf3800 Uncommon trap -34 fr.pc 0x0000000002d85c20
Event: 7.670 Thread 0x0000000014bf3800 Uncommon trap -34 fr.pc 0x0000000002d85c20

Internal exceptions (10 events):
Event: 4.002 Thread 0x00000000180a2800 Threw 0x00000007ab7b6aa0 at C:\jdk7u1_64p\jdk7u7\hotspot\src\share\vm\prims\jvm.cpp:1166
Event: 4.002 Thread 0x00000000180a2800 Threw 0x00000007ab7b9870 at C:\jdk7u1_64p\jdk7u7\hotspot\src\share\vm\prims\jvm.cpp:1166
Event: 4.003 Thread 0x00000000180a2800 Threw 0x00000007ab7bca20 at C:\jdk7u1_64p\jdk7u7\hotspot\src\share\vm\prims\jvm.cpp:1166
Event: 4.003 Thread 0x00000000180a2800 Threw 0x00000007ab7bf7f0 at C:\jdk7u1_64p\jdk7u7\hotspot\src\share\vm\prims\jvm.cpp:1166
Event: 4.130 Thread 0x0000000017402800 Threw 0x00000007abd00770 at C:\jdk7u1_64p\jdk7u7\hotspot\src\share\vm\prims\jvm.cpp:1166
Event: 4.134 Thread 0x0000000017402800 Threw 0x00000007abd11000 at C:\jdk7u1_64p\jdk7u7\hotspot\src\share\vm\prims\jvm.cpp:1166
Event: 4.333 Thread 0x0000000017402800 Threw 0x00000007ac7b24f8 at C:\jdk7u1_64p\jdk7u7\hotspot\src\share\vm\prims\jvm.cpp:1166
Event: 7.638 Thread 0x0000000014bf3800 Threw 0x00000007b7acd328 at C:\jdk7u1_64p\jdk7u7\hotspot\src\share\vm\prims\jvm.cpp:1166
Event: 7.639 Thread 0x0000000014bf3800 Threw 0x00000007b7ad2910 at C:\jdk7u1_64p\jdk7u7\hotspot\src\share\vm\prims\jvm.cpp:1166
Event: 7.669 Thread 0x0000000014bf3800 Threw 0x00000007b89edf08 at C:\jdk7u1_64p\jdk7u7\hotspot\src\share\vm\prims\jvm.cpp:1166

Events (10 events):
Event: 7.669 Thread 0x0000000014bf3800 DEOPT UNPACKING pc=0x0000000002c69164 sp=0x000000001e6fcef0 mode 2
Event: 7.669 Thread 0x0000000014bf3800 DEOPT PACKING pc=0x0000000002d85c20 sp=0x000000001e6fcef0
Event: 7.669 Thread 0x0000000014bf3800 DEOPT UNPACKING pc=0x0000000002c69164 sp=0x000000001e6fcee8 mode 2
Event: 7.670 Thread 0x0000000014bf3800 DEOPT PACKING pc=0x0000000002d85c20 sp=0x000000001e6fcef0
Event: 7.670 Thread 0x0000000014bf3800 DEOPT UNPACKING pc=0x0000000002c69164 sp=0x000000001e6fcee8 mode 2
Event: 7.670 Thread 0x0000000014bf3800 DEOPT PACKING pc=0x0000000002d85c20 sp=0x000000001e6fcef0
Event: 7.670 Thread 0x0000000014bf3800 DEOPT UNPACKING pc=0x0000000002c69164 sp=0x000000001e6fcee8 mode 2
Event: 7.670 Thread 0x0000000014bf3800 DEOPT PACKING pc=0x0000000002d85c20 sp=0x000000001e6fcef0
Event: 7.670 Thread 0x0000000014bf3800 DEOPT UNPACKING pc=0x0000000002c69164 sp=0x000000001e6fcee8 mode 2
Event: 7.684 Thread 0x000000001177d800 flushing nmethod 0x0000000002cd98d0


Dynamic libraries:
0x000007f7f0ad0000 - 0x000007f7f0b04000 	F:\Program Files\Java\Jre7\bin\javaw.exe
0x000007f95e1d0000 - 0x000007f95e38e000 	C:\WINDOWS\SYSTEM32\ntdll.dll
0x000007f95d7e0000 - 0x000007f95d916000 	C:\WINDOWS\system32\KERNEL32.DLL
0x000007f95b470000 - 0x000007f95b563000 	C:\WINDOWS\system32\KERNELBASE.dll
0x000007f95ca50000 - 0x000007f95cb2e000 	C:\WINDOWS\system32\ADVAPI32.dll
0x000007f95ce50000 - 0x000007f95cf9c000 	C:\WINDOWS\system32\USER32.dll
0x000007f958910000 - 0x000007f958b79000 	C:\WINDOWS\WinSxS\amd64_microsoft.windows.common-controls_6595b64144ccf1df_6.0.9200.16384_none_418c2a697189c07f\COMCTL32.dll
0x000007f95d590000 - 0x000007f95d635000 	C:\WINDOWS\system32\msvcrt.dll
0x000007f95db40000 - 0x000007f95db88000 	C:\WINDOWS\SYSTEM32\sechost.dll
0x000007f95d6a0000 - 0x000007f95d7e0000 	C:\WINDOWS\system32\RPCRT4.dll
0x000007f95b620000 - 0x000007f95b760000 	C:\WINDOWS\system32\GDI32.dll
0x000007f95dcd0000 - 0x000007f95dd09000 	C:\WINDOWS\system32\IMM32.DLL
0x000007f95cd30000 - 0x000007f95ce45000 	C:\WINDOWS\system32\MSCTF.dll
0x000007f95b0c0000 - 0x000007f95b0c8000 	C:\PROGRA~2\NVIDIA~1\3DVISI~1\NVSTIN~1.DLL
0x000007f95d990000 - 0x000007f95d997000 	C:\WINDOWS\system32\PSAPI.DLL
0x000000006f560000 - 0x000000006f603000 	C:\WINDOWS\WinSxS\amd64_microsoft.vc90.crt_1fc8b3b9a1e18e3b_9.0.30729.6871_none_08e717a5a83adddf\MSVCR90.dll
0x000000006db00000 - 0x000000006dbd1000 	F:\Program Files\Java\Jre7\bin\msvcr100.dll
0x000000006d3e0000 - 0x000000006daff000 	F:\Program Files\Java\Jre7\bin\server\jvm.dll
0x000007f953860000 - 0x000007f953869000 	C:\WINDOWS\SYSTEM32\WSOCK32.dll
0x000007f958800000 - 0x000007f958820000 	C:\WINDOWS\SYSTEM32\WINMM.dll
0x000007f95d920000 - 0x000007f95d978000 	C:\WINDOWS\system32\WS2_32.dll
0x000007f958100000 - 0x000007f958132000 	C:\WINDOWS\SYSTEM32\WINMMBASE.dll
0x000007f95dd10000 - 0x000007f95dd19000 	C:\WINDOWS\system32\NSI.dll
0x000000006d3d0000 - 0x000000006d3df000 	F:\Program Files\Java\Jre7\bin\verify.dll
0x000000006d3a0000 - 0x000000006d3c8000 	F:\Program Files\Java\Jre7\bin\java.dll
0x000000006d380000 - 0x000000006d395000 	F:\Program Files\Java\Jre7\bin\zip.dll
0x000000006c580000 - 0x000000006c713000 	F:\Program Files\Java\Jre7\bin\awt.dll
0x000007f95db90000 - 0x000007f95dc53000 	C:\WINDOWS\system32\OLEAUT32.dll
0x000007f95d3e0000 - 0x000007f95d590000 	C:\WINDOWS\system32\combase.dll
0x000007f955390000 - 0x000007f95542f000 	C:\WINDOWS\system32\apphelp.dll
0x000007f959ec0000 - 0x000007f959fa3000 	C:\WINDOWS\system32\uxtheme.dll
0x000007f9552f0000 - 0x000007f955385000 	C:\Program Files\Common Files\microsoft shared\ink\tiptsf.dll
0x000007f959650000 - 0x000007f959671000 	C:\WINDOWS\SYSTEM32\dwmapi.dll
0x000007f95cfa0000 - 0x000007f95d11e000 	C:\WINDOWS\system32\ole32.dll
0x000007f95af30000 - 0x000007f95af3a000 	C:\WINDOWS\SYSTEM32\CRYPTBASE.dll
0x000007f95aeb0000 - 0x000007f95af0c000 	C:\WINDOWS\SYSTEM32\bcryptPrimitives.dll
0x000007f95b760000 - 0x000007f95ca48000 	C:\WINDOWS\system32\SHELL32.dll
0x000007f95dc80000 - 0x000007f95dcd0000 	C:\WINDOWS\system32\SHLWAPI.dll
0x000007f95a290000 - 0x000007f95a326000 	C:\WINDOWS\SYSTEM32\shcore.dll
0x000000006e430000 - 0x000000006e4c8000 	C:\Windows\System32\msvcp100.dll
0x000007f945e60000 - 0x000007f9460b8000 	C:\opencv\build\x64\vc10\bin\opencv_core243.dll
0x000007f954c40000 - 0x000007f954cd5000 	C:\Users\Jonas\AppData\Local\Temp\javacpp233296994598015\jniopencv_core.dll
0x000007f943c30000 - 0x000007f943ed5000 	C:\opencv\build\x64\vc10\bin\opencv_imgproc243.dll
0x000007f954bf0000 - 0x000007f954c38000 	C:\Users\Jonas\AppData\Local\Temp\javacpp233296994598015\jniopencv_imgproc.dll
0x0000000066840000 - 0x00000000675ca000 	C:\opencv\build\x64\vc10\bin\opencv_ffmpeg243_64.dll
0x000007f9422f0000 - 0x000007f94253b000 	C:\opencv\build\x64\vc10\bin\opencv_highgui243.dll
0x000007f954af0000 - 0x000007f954b10000 	C:\WINDOWS\SYSTEM32\AVIFIL32.dll
0x000007f9547b0000 - 0x000007f9547d9000 	C:\WINDOWS\SYSTEM32\MSVFW32.dll
0x000007f954b70000 - 0x000007f954b87000 	C:\WINDOWS\SYSTEM32\AVICAP32.dll
0x000007f948660000 - 0x000007f948679000 	C:\WINDOWS\SYSTEM32\MSACM32.dll
0x000007f959620000 - 0x000007f959629000 	C:\WINDOWS\SYSTEM32\VERSION.dll
0x000007f954a20000 - 0x000007f954a33000 	C:\Users\Jonas\AppData\Local\Temp\javacpp233296994598015\jniopencv_highgui.dll
0x000007f95cc90000 - 0x000007f95cd26000 	C:\WINDOWS\SYSTEM32\clbcatq.dll
0x000007f954980000 - 0x000007f954997000 	C:\Windows\System32\devenum.dll
0x000007f95e000000 - 0x000007f95e1d0000 	C:\WINDOWS\system32\setupapi.dll
0x000007f95b390000 - 0x000007f95b3df000 	C:\WINDOWS\system32\CFGMGR32.dll
0x000007f95b440000 - 0x000007f95b462000 	C:\WINDOWS\system32\DEVOBJ.dll
0x000007f954440000 - 0x000007f95446e000 	C:\WINDOWS\SYSTEM32\ntmarta.dll
0x000007f95b3e0000 - 0x000007f95b435000 	C:\WINDOWS\system32\WINTRUST.dll
0x000007f95b1b0000 - 0x000007f95b387000 	C:\WINDOWS\system32\CRYPT32.dll
0x000007f95b190000 - 0x000007f95b1a6000 	C:\WINDOWS\system32\MSASN1.dll
0x000007f9587f0000 - 0x000007f9587fd000 	C:\WINDOWS\SYSTEM32\msdmo.dll
0x000007f952370000 - 0x000007f95239f000 	C:\Windows\System32\qcap.dll
0x000007f944d50000 - 0x000007f944f08000 	C:\Windows\System32\quartz.dll
0x000007f951fc0000 - 0x000007f951fff000 	C:\Windows\System32\ksproxy.ax
0x000007f955b30000 - 0x000007f955b37000 	C:\Windows\System32\ksuser.dll
0x000007f94a240000 - 0x000007f94a440000 	C:\Windows\System32\d3d9.dll
0x000007f957430000 - 0x000007f95743c000 	C:\Windows\System32\vidcap.ax
0x000007f952150000 - 0x000007f952174000 	C:\Windows\System32\kswdmcap.ax
0x000007f943950000 - 0x000007f943aa4000 	C:\Windows\System32\MFC42.dll
0x000007f945700000 - 0x000007f9457be000 	C:\Windows\System32\ODBC32.dll
0x000007f945820000 - 0x000007f9458b5000 	C:\Windows\System32\qedit.dll
0x000007f95df50000 - 0x000007f95dff1000 	C:\WINDOWS\system32\COMDLG32.dll
0x000007f95d9a0000 - 0x000007f95db40000 	C:\WINDOWS\WinSxS\amd64_microsoft.windows.gdiplus_6595b64144ccf1df_1.1.9200.16384_none_72771d4ecc1c3a4d\gdiplus.dll
0x000007f942540000 - 0x000007f94262a000 	C:\WINDOWS\SYSTEM32\DDRAW.dll
0x000007f957440000 - 0x000007f957448000 	C:\WINDOWS\SYSTEM32\DCIMAN32.dll
0x000000006c540000 - 0x000000006c574000 	F:\Program Files\Java\Jre7\bin\fontmanager.dll
0x000007f93d8c0000 - 0x000007f93ea40000 	C:\WINDOWS\SYSTEM32\nvd3dumx.dll
0x000007f95afb0000 - 0x000007f95aff3000 	C:\WINDOWS\SYSTEM32\powrprof.dll
0x0000000180000000 - 0x0000000180116000 	C:\Program Files (x86)\NVIDIA Corporation\3D Vision\nvSCPAPI64.dll
0x000007f958830000 - 0x000007f9588a4000 	C:\WINDOWS\SYSTEM32\dxgi.dll
0x000007f957c90000 - 0x000007f957f52000 	C:\WINDOWS\SYSTEM32\nvapi64.dll
0x000007f958140000 - 0x000007f95815f000 	C:\WINDOWS\SYSTEM32\DXGIDebug.dll
0x000000006d360000 - 0x000000006d379000 	F:\Program Files\Java\Jre7\bin\net.dll
0x000007f95a920000 - 0x000007f95a97c000 	C:\WINDOWS\system32\mswsock.dll
0x000000006d340000 - 0x000000006d351000 	F:\Program Files\Java\Jre7\bin\nio.dll
0x000000006c4f0000 - 0x000000006c531000 	F:\Program Files\Java\Jre7\bin\t2k.dll
0x000007f958d90000 - 0x000007f958f1a000 	C:\WINDOWS\SYSTEM32\WindowsCodecs.dll
0x000007f95b0e0000 - 0x000007f95b0f5000 	C:\WINDOWS\SYSTEM32\profapi.dll
0x000007f957fd0000 - 0x000007f958039000 	C:\WINDOWS\SYSTEM32\oleacc.dll
0x000000006c4c0000 - 0x000000006c4ea000 	F:\Program Files\Java\Jre7\bin\dcpr.dll

VM Arguments:
jvm_args: -Dfile.encoding=Cp1252 
java_command: emcscanner.kth.se.Program
Launcher Type: SUN_STANDARD

Environment Variables:
PATH=C:\Program Files (x86)\NVIDIA Corporation\PhysX\Common;C:\WINDOWS\system32;C:\WINDOWS;C:\WINDOWS\System32\Wbem;C:\WINDOWS\System32\WindowsPowerShell\v1.0\;C:\Program Files (x86)\Microsoft SQL Server\90\Tools\binn\;C:\Program Files (x86)\Autodesk\Backburner\;F:\Program Files\MATLAB\R2012a\runtime\win64;F:\Program Files\MATLAB\R2012a\bin;PROGRAMFILES\Internet Explorer;C:\Program Files\Perforce;F:\Program Files\Perforce;C:\Program Files\Microsoft\Web Platform Installer\;C:\Program Files (x86)\Microsoft ASP.NET\ASP.NET Web Pages\v1.0\;C:\Program Files (x86)\Windows Kits\8.0\Windows Performance Toolkit\;C:\Program Files\Microsoft SQL Server\110\Tools\Binn\;F:\Program Files\Perforce\Server
USERNAME=Jonas
OS=Windows_NT
PROCESSOR_IDENTIFIER=Intel64 Family 6 Model 42 Stepping 7, GenuineIntel



---------------  S Y S T E M  ---------------

OS: Windows 8 , 64 bit Build 9200 

CPU:total 8 (4 cores per cpu, 2 threads per core) family 6 model 42 stepping 7, cmov, cx8, fxsr, mmx, sse, sse2, sse3, ssse3, sse4.1, sse4.2, popcnt, avx, ht, tsc, tscinvbit

Memory: 4k page, physical 16751668k(11372484k free), swap 33528884k(23997064k free)

vm_info: Java HotSpot(TM) 64-Bit Server VM (23.3-b01) for windows-amd64 JRE (1.7.0_07-b11), built on Sep  7 2012 01:19:25 by "java_re" with unknown MS VC++:1600

time: Thu Jan 31 16:43:53 2013
elapsed time: 7 seconds

