#
# A fatal error has been detected by the Java Runtime Environment:
#
#  EXCEPTION_ACCESS_VIOLATION (0xc0000005) at pc=0x000007f95e1e8bc0, pid=4892, tid=6992
#
# JRE version: 7.0_07-b11
# Java VM: Java HotSpot(TM) 64-Bit Server VM (23.3-b01 mixed mode windows-amd64 compressed oops)
# Problematic frame:
# C  [ntdll.dll+0x18bc0]  RtlQueueWorkItem+0x8a0
#
# Failed to write core dump. Minidumps are not enabled by default on client versions of Windows
#
# If you would like to submit a bug report, please visit:
#   http://bugreport.sun.com/bugreport/crash.jsp
# The crash happened outside the Java Virtual Machine in native code.
# See problematic frame for where to report the bug.
#

---------------  T H R E A D  ---------------

Current thread (0x00000000139ca000):  JavaThread "threadDisplay" daemon [_thread_in_native, id=6992, stack(0x00000000163e0000,0x00000000164e0000)]

siginfo: ExceptionCode=0xc0000005, writing address 0x0000000000000024

Registers:
RAX=0x0000000000000000, RBX=0x000000001488c278, RCX=0x00000000fffffffc, RDX=0x0000000000000cb0
RSP=0x00000000164df3b0, RBP=0x0000000000000000, RSI=0x0000000000000cb0, RDI=0x0000000000000000
R8 =0xffffffffffffffff, R9 =0x0000000000000004, R10=0x000007f8de3a05e0, R11=0x0000000000000246
R12=0x0000000000000000, R13=0x0000000000000000, R14=0x000007f7efc9e000, R15=0x0000000000000000
RIP=0x000007f95e1e8bc0, EFLAGS=0x0000000000010213

Top of Stack: (sp=0x00000000164df3b0)
0x00000000164df3b0:   0000000000000cb0 00000000028464f0
0x00000000164df3c0:   4089500000000000 0000000000000000
0x00000000164df3d0:   4096800000000000 0000000000000000
0x00000000164df3e0:   0000000000000000 0000000000000000
0x00000000164df3f0:   0000000000000000 0000000000000000
0x00000000164df400:   0000000000000438 0000000000000780
0x00000000164df410:   0000000000000000 000007f95b4710ea
0x00000000164df420:   00000000000005a0 0000000000000000
0x00000000164df430:   0000a7c64260f717 00000007d7b72820
0x00000000164df440:   0000000000000004 0000000000000001
0x00000000164df450:   0000000018e11050 00000000ff000000
0x00000000164df460:   0000000000000000 0000000000000000
0x00000000164df470:   000007f7efc9e000 000007f95e1df4d4
0x00000000164df480:   0000000000000000 0000000000000000
0x00000000164df490:   000000001488c278 0000000002846b9e
0x00000000164df4a0:   0000000000000000 00000000139ca1d8 

Instructions: (pc=0x000007f95e1e8bc0)
0x000007f95e1e8ba0:   43 08 a8 01 0f 85 bd 67 ff ff 8b c8 2b cd f0 0f
0x000007f95e1e8bb0:   b1 4b 08 75 ea 48 8b 03 33 ed 48 83 f8 ff 74 03
0x000007f95e1e8bc0:   ff 40 24 41 bf 82 03 fe 7f 41 80 3f 00 0f 85 69
0x000007f95e1e8bd0:   7a 0e 00 48 83 fe ff 0f 84 bf 7a 0e 00 4c 8b c7 


Register to memory mapping:

RAX=0x0000000000000000 is an unknown value
RBX=0x000000001488c278 is an unknown value
RCX=0x00000000fffffffc is an unknown value
RDX=0x0000000000000cb0 is an unknown value
RSP=0x00000000164df3b0 is pointing into the stack for thread: 0x00000000139ca000
RBP=0x0000000000000000 is an unknown value
RSI=0x0000000000000cb0 is an unknown value
RDI=0x0000000000000000 is an unknown value
R8 =0xffffffffffffffff is an unknown value
R9 =0x0000000000000004 is an unknown value
R10=0x000007f8de3a05e0 is an unknown value
R11=0x0000000000000246 is an unknown value
R12=0x0000000000000000 is an unknown value
R13=0x0000000000000000 is an unknown value
R14=0x000007f7efc9e000 is an unknown value
R15=0x0000000000000000 is an unknown value


Stack: [0x00000000163e0000,0x00000000164e0000],  sp=0x00000000164df3b0,  free space=1020k
Native frames: (J=compiled Java code, j=interpreted, Vv=VM code, C=native code)
C  [ntdll.dll+0x18bc0]  RtlQueueWorkItem+0x8a0

[error occurred during error reporting (printing native stack), id 0xc0000005]

Java frames: (J=compiled Java code, j=interpreted, Vv=VM code)
j  com.googlecode.javacv.cpp.opencv_highgui.cvRetrieveFrame(Lcom/googlecode/javacv/cpp/opencv_highgui$CvCapture;I)Lcom/googlecode/javacv/cpp/opencv_core$IplImage;+0
j  com.googlecode.javacv.cpp.opencv_highgui.cvRetrieveFrame(Lcom/googlecode/javacv/cpp/opencv_highgui$CvCapture;)Lcom/googlecode/javacv/cpp/opencv_core$IplImage;+2
j  com.googlecode.javacv.OpenCVFrameGrabber.grab()Lcom/googlecode/javacv/cpp/opencv_core$IplImage;+4
j  emcscanner.kth.se.CameraPanel$1.run()V+15
v  ~StubRoutines::call_stub

---------------  P R O C E S S  ---------------

Java Threads: ( => current thread )
  0x0000000021a89800 JavaThread "Thread-0" daemon [_thread_in_native, id=8888, stack(0x00000000151e0000,0x00000000152e0000)]
  0x0000000021a8d800 JavaThread "Thread-2" [_thread_in_native, id=7788, stack(0x0000000014fe0000,0x00000000150e0000)]
  0x0000000021a88000 JavaThread "ICEpdf-pagePainter" daemon [_thread_blocked, id=5000, stack(0x0000000020c70000,0x0000000020d70000)]
  0x000000001f950800 JavaThread "ICEpdf-pageInitializer" daemon [_thread_blocked, id=8080, stack(0x0000000020a40000,0x0000000020b40000)]
  0x000000000254e000 JavaThread "DestroyJavaVM" [_thread_blocked, id=8504, stack(0x0000000002560000,0x0000000002660000)]
  0x0000000014bc9800 JavaThread "TimerQueue" daemon [_thread_blocked, id=7940, stack(0x000000001f710000,0x000000001f810000)]
  0x0000000014b55000 JavaThread "threadDisplayDensity" daemon [_thread_blocked, id=3740, stack(0x000000001bac0000,0x000000001bbc0000)]
  0x0000000014b54800 JavaThread "AWT-EventQueue-0" [_thread_blocked, id=5160, stack(0x000000001b9c0000,0x000000001bac0000)]
  0x0000000014765000 JavaThread "threadDisplay" daemon [_thread_blocked, id=8264, stack(0x000000001b8c0000,0x000000001b9c0000)]
  0x0000000014a49000 JavaThread "AWT-Shutdown" [_thread_blocked, id=7100, stack(0x00000000164e0000,0x00000000165e0000)]
=>0x00000000139ca000 JavaThread "threadDisplay" daemon [_thread_in_native, id=6992, stack(0x00000000163e0000,0x00000000164e0000)]
  0x00000000139cb000 JavaThread "AWT-Windows" daemon [_thread_in_native, id=8640, stack(0x00000000142c0000,0x00000000143c0000)]
  0x00000000139c9800 JavaThread "Java2D Disposer" daemon [_thread_blocked, id=6376, stack(0x00000000140c0000,0x00000000141c0000)]
  0x00000000112a3000 JavaThread "Service Thread" daemon [_thread_blocked, id=9176, stack(0x00000000136c0000,0x00000000137c0000)]
  0x000000001129e000 JavaThread "C2 CompilerThread1" daemon [_thread_blocked, id=5480, stack(0x00000000135c0000,0x00000000136c0000)]
  0x0000000011299000 JavaThread "C2 CompilerThread0" daemon [_thread_blocked, id=8840, stack(0x00000000134c0000,0x00000000135c0000)]
  0x0000000011298800 JavaThread "Attach Listener" daemon [_thread_blocked, id=3752, stack(0x00000000133c0000,0x00000000134c0000)]
  0x000000001128b800 JavaThread "Signal Dispatcher" daemon [_thread_blocked, id=9120, stack(0x00000000132c0000,0x00000000133c0000)]
  0x000000001122f800 JavaThread "Finalizer" daemon [_thread_blocked, id=6724, stack(0x00000000131c0000,0x00000000132c0000)]
  0x0000000011228000 JavaThread "Reference Handler" daemon [_thread_blocked, id=1908, stack(0x00000000130c0000,0x00000000131c0000)]

Other Threads:
  0x0000000011223000 VMThread [stack: 0x0000000012fc0000,0x00000000130c0000] [id=1428]
  0x00000000112c5800 WatcherThread [stack: 0x00000000137c0000,0x00000000138c0000] [id=6928]

VM state:not at safepoint (normal execution)

VM Mutex/Monitor currently owned by a thread: None

Heap
 PSYoungGen      total 1310912K, used 803937K [0x00000007aacb0000, 0x00000007ffdd0000, 0x0000000800000000)
  eden space 1230976K, 65% used [0x00000007aacb0000,0x00000007dbdc8550,0x00000007f5ed0000)
  from space 79936K, 0% used [0x00000007f5ed0000,0x00000007f5ed0000,0x00000007face0000)
  to   space 81408K, 0% used [0x00000007fae50000,0x00000007fae50000,0x00000007ffdd0000)
 ParOldGen       total 448640K, used 35580K [0x0000000700600000, 0x000000071bc20000, 0x00000007aacb0000)
  object space 448640K, 7% used [0x0000000700600000,0x00000007028bf098,0x000000071bc20000)
 PSPermGen       total 30656K, used 18127K [0x00000006fb400000, 0x00000006fd1f0000, 0x0000000700600000)
  object space 30656K, 59% used [0x00000006fb400000,0x00000006fc5b3e10,0x00000006fd1f0000)

Card table byte_map: [0x0000000005840000,0x0000000006070000] byte_map_base: 0x0000000002066000

Polling page: 0x0000000000cb0000

Code Cache  [0x0000000002840000, 0x0000000002ab0000, 0x0000000005840000)
 total_blobs=1005 nmethods=415 adapters=541 free_code_cache=47626Kb largest_free_block=48733504

Compilation events (10 events):
Event: 53.513 Thread 0x0000000011299000  421             javax.swing.RepaintManager::addDirtyRegion (37 bytes)
Event: 53.515 Thread 0x0000000011299000 nmethod 421 0x00000000029bd890 code [0x00000000029bda00, 0x00000000029bdc68]
Event: 53.670 Thread 0x000000001129e000  422             sun.java2d.SunGraphics2D::setDevClip (21 bytes)
Event: 53.674 Thread 0x000000001129e000 nmethod 422 0x00000000029bd190 code [0x00000000029bd300, 0x00000000029bd5f8]
Event: 53.684 Thread 0x0000000011299000  423             sun.java2d.SunGraphics2D::<init> (138 bytes)
Event: 53.690 Thread 0x0000000011299000 nmethod 423 0x00000000029c0850 code [0x00000000029c09e0, 0x00000000029c0f18]
Event: 54.249 Thread 0x000000001129e000    9 % !         sun.java2d.Disposer::run @ 0 (74 bytes)
Event: 54.251 Thread 0x000000001129e000 nmethod 9% 0x00000000029c0010 code [0x00000000029c01c0, 0x00000000029c04d0]
Event: 55.387 Thread 0x0000000011299000  424             java.util.EventObject::getSource (5 bytes)
Event: 55.388 Thread 0x0000000011299000 nmethod 424 0x00000000029c16d0 code [0x00000000029c1800, 0x00000000029c1878]

GC Heap History (10 events):
Event: 45.643 GC heap before
{Heap before GC invocations=35 (full 7):
 PSYoungGen      total 1318272K, used 1239945K [0x00000007aacb0000, 0x0000000800000000, 0x0000000800000000)
  eden space 1240512K, 99% used [0x00000007aacb0000,0x00000007f675a7e8,0x00000007f6820000)
  from space 77760K, 0% used [0x00000007f6820000,0x00000007f6858000,0x00000007fb410000)
  to   space 77504K, 0% used [0x00000007fb450000,0x00000007fb450000,0x0000000800000000)
 ParOldGen       total 390912K, used 312442K [0x0000000700600000, 0x00000007183c0000, 0x00000007aacb0000)
  object space 390912K, 79% used [0x0000000700600000,0x000000071371eb70,0x00000007183c0000)
 PSPermGen       total 32320K, used 18081K [0x00000006fb400000, 0x00000006fd390000, 0x0000000700600000)
  object space 32320K, 55% used [0x00000006fb400000,0x00000006fc5a86a8,0x00000006fd390000)
Event: 45.652 GC heap after
Heap after GC invocations=35 (full 7):
 PSYoungGen      total 1306240K, used 55965K [0x00000007aacb0000, 0x0000000800000000, 0x0000000800000000)
  eden space 1228736K, 0% used [0x00000007aacb0000,0x00000007aacb0000,0x00000007f5ca0000)
  from space 77504K, 72% used [0x00000007fb450000,0x00000007feaf77d0,0x0000000800000000)
  to   space 83648K, 0% used [0x00000007f5ca0000,0x00000007f5ca0000,0x00000007fae50000)
 ParOldGen       total 390912K, used 312442K [0x0000000700600000, 0x00000007183c0000, 0x00000007aacb0000)
  object space 390912K, 79% used [0x0000000700600000,0x000000071371eb70,0x00000007183c0000)
 PSPermGen       total 32320K, used 18081K [0x00000006fb400000, 0x00000006fd390000, 0x0000000700600000)
  object space 32320K, 55% used [0x00000006fb400000,0x00000006fc5a86a8,0x00000006fd390000)
}
Event: 47.752 GC heap before
{Heap before GC invocations=36 (full 7):
 PSYoungGen      total 1306240K, used 1284523K [0x00000007aacb0000, 0x0000000800000000, 0x0000000800000000)
  eden space 1228736K, 99% used [0x00000007aacb0000,0x00000007f5c736f8,0x00000007f5ca0000)
  from space 77504K, 72% used [0x00000007fb450000,0x00000007feaf77d0,0x0000000800000000)
  to   space 83648K, 0% used [0x00000007f5ca0000,0x00000007f5ca0000,0x00000007fae50000)
 ParOldGen       total 390912K, used 312442K [0x0000000700600000, 0x00000007183c0000, 0x00000007aacb0000)
  object space 390912K, 79% used [0x0000000700600000,0x000000071371eb70,0x00000007183c0000)
 PSPermGen       total 32320K, used 18083K [0x00000006fb400000, 0x00000006fd390000, 0x0000000700600000)
  object space 32320K, 55% used [0x00000006fb400000,0x00000006fc5a8c80,0x00000006fd390000)
Event: 47.763 GC heap after
Heap after GC invocations=36 (full 7):
 PSYoungGen      total 1275968K, used 47191K [0x00000007aacb0000, 0x0000000800000000, 0x0000000800000000)
  eden space 1228736K, 0% used [0x00000007aacb0000,0x00000007aacb0000,0x00000007f5ca0000)
  from space 47232K, 99% used [0x00000007f5ca0000,0x00000007f8ab5da8,0x00000007f8ac0000)
  to   space 85120K, 0% used [0x00000007face0000,0x00000007face0000,0x0000000800000000)
 ParOldGen       total 390912K, used 312442K [0x0000000700600000, 0x00000007183c0000, 0x00000007aacb0000)
  object space 390912K, 79% used [0x0000000700600000,0x000000071371eb70,0x00000007183c0000)
 PSPermGen       total 32320K, used 18083K [0x00000006fb400000, 0x00000006fd390000, 0x0000000700600000)
  object space 32320K, 55% used [0x00000006fb400000,0x00000006fc5a8c80,0x00000006fd390000)
}
Event: 49.838 GC heap before
{Heap before GC invocations=37 (full 7):
 PSYoungGen      total 1275968K, used 1270902K [0x00000007aacb0000, 0x0000000800000000, 0x0000000800000000)
  eden space 1228736K, 99% used [0x00000007aacb0000,0x00000007f57b7e30,0x00000007f5ca0000)
  from space 47232K, 99% used [0x00000007f5ca0000,0x00000007f8ab5da8,0x00000007f8ac0000)
  to   space 85120K, 0% used [0x00000007face0000,0x00000007face0000,0x0000000800000000)
 ParOldGen       total 390912K, used 312442K [0x0000000700600000, 0x00000007183c0000, 0x00000007aacb0000)
  object space 390912K, 79% used [0x0000000700600000,0x000000071371eb70,0x00000007183c0000)
 PSPermGen       total 32320K, used 18084K [0x00000006fb400000, 0x00000006fd390000, 0x0000000700600000)
  object space 32320K, 55% used [0x00000006fb400000,0x00000006fc5a9150,0x00000006fd390000)
Event: 49.842 GC heap after
Heap after GC invocations=37 (full 7):
 PSYoungGen      total 1316096K, used 30959K [0x00000007aacb0000, 0x0000000800000000, 0x0000000800000000)
  eden space 1230976K, 0% used [0x00000007aacb0000,0x00000007aacb0000,0x00000007f5ed0000)
  from space 85120K, 36% used [0x00000007face0000,0x00000007fcb1bd88,0x0000000800000000)
  to   space 79936K, 0% used [0x00000007f5ed0000,0x00000007f5ed0000,0x00000007face0000)
 ParOldGen       total 390912K, used 312442K [0x0000000700600000, 0x00000007183c0000, 0x00000007aacb0000)
  object space 390912K, 79% used [0x0000000700600000,0x000000071371eb70,0x00000007183c0000)
 PSPermGen       total 32320K, used 18084K [0x00000006fb400000, 0x00000006fd390000, 0x0000000700600000)
  object space 32320K, 55% used [0x00000006fb400000,0x00000006fc5a9150,0x00000006fd390000)
}
Event: 51.904 GC heap before
{Heap before GC invocations=38 (full 7):
 PSYoungGen      total 1316096K, used 1260275K [0x00000007aacb0000, 0x0000000800000000, 0x0000000800000000)
  eden space 1230976K, 99% used [0x00000007aacb0000,0x00000007f5d311c0,0x00000007f5ed0000)
  from space 85120K, 36% used [0x00000007face0000,0x00000007fcb1bd88,0x0000000800000000)
  to   space 79936K, 0% used [0x00000007f5ed0000,0x00000007f5ed0000,0x00000007face0000)
 ParOldGen       total 390912K, used 317885K [0x0000000700600000, 0x00000007183c0000, 0x00000007aacb0000)
  object space 390912K, 81% used [0x0000000700600000,0x0000000713c6f450,0x00000007183c0000)
 PSPermGen       total 32320K, used 18086K [0x00000006fb400000, 0x00000006fd390000, 0x0000000700600000)
  object space 32320K, 55% used [0x00000006fb400000,0x00000006fc5a99c8,0x00000006fd390000)
Event: 51.910 GC heap after
Heap after GC invocations=38 (full 7):
 PSYoungGen      total 1310912K, used 47604K [0x00000007aacb0000, 0x00000007ffdd0000, 0x0000000800000000)
  eden space 1230976K, 0% used [0x00000007aacb0000,0x00000007aacb0000,0x00000007f5ed0000)
  from space 79936K, 59% used [0x00000007f5ed0000,0x00000007f8d4d230,0x00000007face0000)
  to   space 81408K, 0% used [0x00000007fae50000,0x00000007fae50000,0x00000007ffdd0000)
 ParOldGen       total 390912K, used 317885K [0x0000000700600000, 0x00000007183c0000, 0x00000007aacb0000)
  object space 390912K, 81% used [0x0000000700600000,0x0000000713c6f450,0x00000007183c0000)
 PSPermGen       total 32320K, used 18086K [0x00000006fb400000, 0x00000006fd390000, 0x0000000700600000)
  object space 32320K, 55% used [0x00000006fb400000,0x00000006fc5a99c8,0x00000006fd390000)
}
Event: 54.216 GC heap before
{Heap before GC invocations=39 (full 8):
 PSYoungGen      total 1310912K, used 1278552K [0x00000007aacb0000, 0x00000007ffdd0000, 0x0000000800000000)
  eden space 1230976K, 99% used [0x00000007aacb0000,0x00000007f5ec91c0,0x00000007f5ed0000)
  from space 79936K, 59% used [0x00000007f5ed0000,0x00000007f8d4d230,0x00000007face0000)
  to   space 81408K, 0% used [0x00000007fae50000,0x00000007fae50000,0x00000007ffdd0000)
 ParOldGen       total 442432K, used 442255K [0x0000000700600000, 0x000000071b610000, 0x00000007aacb0000)
  object space 442432K, 99% used [0x0000000700600000,0x000000071b5e3d98,0x000000071b610000)
 PSPermGen       total 32320K, used 18091K [0x00000006fb400000, 0x00000006fd390000, 0x0000000700600000)
  object space 32320K, 55% used [0x00000006fb400000,0x00000006fc5aad68,0x00000006fd390000)
Event: 54.249 GC heap after
Heap after GC invocations=39 (full 8):
 PSYoungGen      total 1310912K, used 0K [0x00000007aacb0000, 0x00000007ffdd0000, 0x0000000800000000)
  eden space 1230976K, 0% used [0x00000007aacb0000,0x00000007aacb0000,0x00000007f5ed0000)
  from space 79936K, 0% used [0x00000007f5ed0000,0x00000007f5ed0000,0x00000007face0000)
  to   space 81408K, 0% used [0x00000007fae50000,0x00000007fae50000,0x00000007ffdd0000)
 ParOldGen       total 448640K, used 35580K [0x0000000700600000, 0x000000071bc20000, 0x00000007aacb0000)
  object space 448640K, 7% used [0x0000000700600000,0x00000007028bf098,0x000000071bc20000)
 PSPermGen       total 30656K, used 18091K [0x00000006fb400000, 0x00000006fd1f0000, 0x0000000700600000)
  object space 30656K, 59% used [0x00000006fb400000,0x00000006fc5aacc8,0x00000006fd1f0000)
}

Deoptimization events (10 events):
Event: 3.880 Thread 0x000000001f950800 Uncommon trap -83 fr.pc 0x000000000293517c
Event: 3.909 Thread 0x000000001f950800 Uncommon trap -83 fr.pc 0x0000000002926a18
Event: 4.105 Thread 0x0000000021a88000 Uncommon trap -83 fr.pc 0x000000000296d6bc
Event: 8.540 Thread 0x0000000014b54800 Uncommon trap -122 fr.pc 0x0000000002998588
Event: 8.540 Thread 0x0000000014b54800 Uncommon trap -34 fr.pc 0x00000000029963a0
Event: 8.540 Thread 0x0000000014b54800 Uncommon trap -34 fr.pc 0x00000000029963a0
Event: 8.541 Thread 0x0000000014b54800 Uncommon trap -34 fr.pc 0x00000000029963a0
Event: 8.541 Thread 0x0000000014b54800 Uncommon trap -34 fr.pc 0x00000000029963a0
Event: 19.485 Thread 0x00000000139ca000 Uncommon trap -12 fr.pc 0x000000000299f69c
Event: 54.254 Thread 0x0000000014b54800 Uncommon trap -34 fr.pc 0x0000000002998380

Internal exceptions (10 events):
Event: 3.956 Thread 0x000000001f950800 Threw 0x00000007ab70f2b0 at C:\jdk7u1_64p\jdk7u7\hotspot\src\share\vm\prims\jvm.cpp:1166
Event: 3.957 Thread 0x000000001f950800 Threw 0x00000007ab712460 at C:\jdk7u1_64p\jdk7u7\hotspot\src\share\vm\prims\jvm.cpp:1166
Event: 3.958 Thread 0x000000001f950800 Threw 0x00000007ab715230 at C:\jdk7u1_64p\jdk7u7\hotspot\src\share\vm\prims\jvm.cpp:1166
Event: 4.090 Thread 0x0000000021a88000 Threw 0x00000007abd00470 at C:\jdk7u1_64p\jdk7u7\hotspot\src\share\vm\prims\jvm.cpp:1166
Event: 4.095 Thread 0x0000000021a88000 Threw 0x00000007abd10d00 at C:\jdk7u1_64p\jdk7u7\hotspot\src\share\vm\prims\jvm.cpp:1166
Event: 4.296 Thread 0x0000000021a88000 Threw 0x00000007ac7e5780 at C:\jdk7u1_64p\jdk7u7\hotspot\src\share\vm\prims\jvm.cpp:1166
Event: 8.500 Thread 0x0000000014b54800 Threw 0x00000007b3a82b38 at C:\jdk7u1_64p\jdk7u7\hotspot\src\share\vm\prims\jvm.cpp:1166
Event: 8.500 Thread 0x0000000014b54800 Threw 0x00000007b3a88108 at C:\jdk7u1_64p\jdk7u7\hotspot\src\share\vm\prims\jvm.cpp:1166
Event: 8.540 Thread 0x0000000014b54800 Threw 0x00000007ab2a3640 at C:\jdk7u1_64p\jdk7u7\hotspot\src\share\vm\prims\jvm.cpp:1166
Event: 19.485 Thread 0x00000000139ca000 Implicit null exception at 0x000000000299f480 to 0x000000000299f692

Events (10 events):
Event: 54.254 Thread 0x0000000014b54800 DEOPT PACKING pc=0x0000000002998380 sp=0x000000001babcfd0
Event: 54.254 Thread 0x0000000014b54800 DEOPT UNPACKING pc=0x0000000002879164 sp=0x000000001babcf78 mode 2
Event: 55.305 loading class 0x0000000014dedd90
Event: 55.305 loading class 0x0000000014dedd90 done
Event: 55.571 loading class 0x0000000014b6f500
Event: 55.571 loading class 0x0000000014b6f500 done
Event: 55.572 loading class 0x0000000014a8c170
Event: 55.572 loading class 0x0000000014be4920
Event: 55.572 loading class 0x0000000014be4920 done
Event: 55.572 loading class 0x0000000014a8c170 done


Dynamic libraries:
0x000007f7f0ad0000 - 0x000007f7f0b04000 	F:\Program Files\Java\Jre7\bin\javaw.exe
0x000007f95e1d0000 - 0x000007f95e38e000 	C:\WINDOWS\SYSTEM32\ntdll.dll
0x000007f95d7e0000 - 0x000007f95d916000 	C:\WINDOWS\system32\KERNEL32.DLL
0x000007f95b470000 - 0x000007f95b563000 	C:\WINDOWS\system32\KERNELBASE.dll
0x000007f95ca50000 - 0x000007f95cb2e000 	C:\WINDOWS\system32\ADVAPI32.dll
0x000007f95ce50000 - 0x000007f95cf9c000 	C:\WINDOWS\system32\USER32.dll
0x000007f958910000 - 0x000007f958b79000 	C:\WINDOWS\WinSxS\amd64_microsoft.windows.common-controls_6595b64144ccf1df_6.0.9200.16384_none_418c2a697189c07f\COMCTL32.dll
0x000007f95d590000 - 0x000007f95d635000 	C:\WINDOWS\system32\msvcrt.dll
0x000007f95db40000 - 0x000007f95db88000 	C:\WINDOWS\SYSTEM32\sechost.dll
0x000007f95d6a0000 - 0x000007f95d7e0000 	C:\WINDOWS\system32\RPCRT4.dll
0x000007f95b620000 - 0x000007f95b760000 	C:\WINDOWS\system32\GDI32.dll
0x000007f95dcd0000 - 0x000007f95dd09000 	C:\WINDOWS\system32\IMM32.DLL
0x000007f95cd30000 - 0x000007f95ce45000 	C:\WINDOWS\system32\MSCTF.dll
0x000007f95b0c0000 - 0x000007f95b0c8000 	C:\PROGRA~2\NVIDIA~1\3DVISI~1\NVSTIN~1.DLL
0x000007f95d990000 - 0x000007f95d997000 	C:\WINDOWS\system32\PSAPI.DLL
0x000000006f560000 - 0x000000006f603000 	C:\WINDOWS\WinSxS\amd64_microsoft.vc90.crt_1fc8b3b9a1e18e3b_9.0.30729.6871_none_08e717a5a83adddf\MSVCR90.dll
0x000000006db00000 - 0x000000006dbd1000 	F:\Program Files\Java\Jre7\bin\msvcr100.dll
0x000000006d3e0000 - 0x000000006daff000 	F:\Program Files\Java\Jre7\bin\server\jvm.dll
0x000007f953860000 - 0x000007f953869000 	C:\WINDOWS\SYSTEM32\WSOCK32.dll
0x000007f958800000 - 0x000007f958820000 	C:\WINDOWS\SYSTEM32\WINMM.dll
0x000007f95d920000 - 0x000007f95d978000 	C:\WINDOWS\system32\WS2_32.dll
0x000007f958100000 - 0x000007f958132000 	C:\WINDOWS\SYSTEM32\WINMMBASE.dll
0x000007f95dd10000 - 0x000007f95dd19000 	C:\WINDOWS\system32\NSI.dll
0x000000006d3d0000 - 0x000000006d3df000 	F:\Program Files\Java\Jre7\bin\verify.dll
0x000000006d3a0000 - 0x000000006d3c8000 	F:\Program Files\Java\Jre7\bin\java.dll
0x000000006d380000 - 0x000000006d395000 	F:\Program Files\Java\Jre7\bin\zip.dll
0x000000006c580000 - 0x000000006c713000 	F:\Program Files\Java\Jre7\bin\awt.dll
0x000007f95db90000 - 0x000007f95dc53000 	C:\WINDOWS\system32\OLEAUT32.dll
0x000007f95d3e0000 - 0x000007f95d590000 	C:\WINDOWS\system32\combase.dll
0x000007f955390000 - 0x000007f95542f000 	C:\WINDOWS\system32\apphelp.dll
0x000007f959ec0000 - 0x000007f959fa3000 	C:\WINDOWS\system32\uxtheme.dll
0x000007f9552f0000 - 0x000007f955385000 	C:\Program Files\Common Files\microsoft shared\ink\tiptsf.dll
0x000007f959650000 - 0x000007f959671000 	C:\WINDOWS\SYSTEM32\dwmapi.dll
0x000007f95cfa0000 - 0x000007f95d11e000 	C:\WINDOWS\system32\ole32.dll
0x000007f95af30000 - 0x000007f95af3a000 	C:\WINDOWS\SYSTEM32\CRYPTBASE.dll
0x000007f95aeb0000 - 0x000007f95af0c000 	C:\WINDOWS\SYSTEM32\bcryptPrimitives.dll
0x000007f95b760000 - 0x000007f95ca48000 	C:\WINDOWS\system32\SHELL32.dll
0x000007f95dc80000 - 0x000007f95dcd0000 	C:\WINDOWS\system32\SHLWAPI.dll
0x000007f95a290000 - 0x000007f95a326000 	C:\WINDOWS\SYSTEM32\shcore.dll
0x000000006e430000 - 0x000000006e4c8000 	C:\Windows\System32\msvcp100.dll
0x000007f943c80000 - 0x000007f943ed8000 	C:\opencv\build\x64\vc10\bin\opencv_core243.dll
0x000007f945fc0000 - 0x000007f946055000 	C:\Users\Jonas\AppData\Local\Temp\javacpp182383696569957\jniopencv_core.dll
0x000007f942290000 - 0x000007f942535000 	C:\opencv\build\x64\vc10\bin\opencv_imgproc243.dll
0x000007f945f70000 - 0x000007f945fb8000 	C:\Users\Jonas\AppData\Local\Temp\javacpp182383696569957\jniopencv_imgproc.dll
0x0000000066840000 - 0x00000000675ca000 	C:\opencv\build\x64\vc10\bin\opencv_ffmpeg243_64.dll
0x000007f941cb0000 - 0x000007f941efb000 	C:\opencv\build\x64\vc10\bin\opencv_highgui243.dll
0x000007f9547c0000 - 0x000007f9547e0000 	C:\WINDOWS\SYSTEM32\AVIFIL32.dll
0x000007f954a10000 - 0x000007f954a39000 	C:\WINDOWS\SYSTEM32\MSVFW32.dll
0x000007f954af0000 - 0x000007f954b07000 	C:\WINDOWS\SYSTEM32\AVICAP32.dll
0x000007f948660000 - 0x000007f948679000 	C:\WINDOWS\SYSTEM32\MSACM32.dll
0x000007f959620000 - 0x000007f959629000 	C:\WINDOWS\SYSTEM32\VERSION.dll
0x000007f952380000 - 0x000007f952393000 	C:\Users\Jonas\AppData\Local\Temp\javacpp182383696569957\jniopencv_highgui.dll
0x000007f95cc90000 - 0x000007f95cd26000 	C:\WINDOWS\SYSTEM32\clbcatq.dll
0x000007f952160000 - 0x000007f952177000 	C:\Windows\System32\devenum.dll
0x000007f95e000000 - 0x000007f95e1d0000 	C:\WINDOWS\system32\setupapi.dll
0x000007f95b390000 - 0x000007f95b3df000 	C:\WINDOWS\system32\CFGMGR32.dll
0x000007f95b440000 - 0x000007f95b462000 	C:\WINDOWS\system32\DEVOBJ.dll
0x000007f954440000 - 0x000007f95446e000 	C:\WINDOWS\SYSTEM32\ntmarta.dll
0x000007f95b3e0000 - 0x000007f95b435000 	C:\WINDOWS\system32\WINTRUST.dll
0x000007f95b1b0000 - 0x000007f95b387000 	C:\WINDOWS\system32\CRYPT32.dll
0x000007f95b190000 - 0x000007f95b1a6000 	C:\WINDOWS\system32\MSASN1.dll
0x000007f955430000 - 0x000007f95543d000 	C:\WINDOWS\SYSTEM32\msdmo.dll
0x000007f9520e0000 - 0x000007f95210f000 	C:\Windows\System32\qcap.dll
0x000007f941fe0000 - 0x000007f942198000 	C:\Windows\System32\quartz.dll
0x000007f9488e0000 - 0x000007f94891f000 	C:\Windows\System32\ksproxy.ax
0x000007f955b30000 - 0x000007f955b37000 	C:\Windows\System32\ksuser.dll
0x000007f94a240000 - 0x000007f94a440000 	C:\Windows\System32\d3d9.dll
0x000007f954950000 - 0x000007f95495c000 	C:\Windows\System32\vidcap.ax
0x000007f947870000 - 0x000007f947894000 	C:\Windows\System32\kswdmcap.ax
0x000007f943950000 - 0x000007f943aa4000 	C:\Windows\System32\MFC42.dll
0x000007f945eb0000 - 0x000007f945f6e000 	C:\Windows\System32\ODBC32.dll
0x000007f945820000 - 0x000007f9458b5000 	C:\Windows\System32\qedit.dll
0x000007f95df50000 - 0x000007f95dff1000 	C:\WINDOWS\system32\COMDLG32.dll
0x000007f95d9a0000 - 0x000007f95db40000 	C:\WINDOWS\WinSxS\amd64_microsoft.windows.gdiplus_6595b64144ccf1df_1.1.9200.16384_none_72771d4ecc1c3a4d\gdiplus.dll
0x000007f942540000 - 0x000007f94262a000 	C:\WINDOWS\SYSTEM32\DDRAW.dll
0x000007f957440000 - 0x000007f957448000 	C:\WINDOWS\SYSTEM32\DCIMAN32.dll
0x000000006c540000 - 0x000000006c574000 	F:\Program Files\Java\Jre7\bin\fontmanager.dll
0x000007f93d8c0000 - 0x000007f93ea40000 	C:\WINDOWS\SYSTEM32\nvd3dumx.dll
0x000007f95afb0000 - 0x000007f95aff3000 	C:\WINDOWS\SYSTEM32\powrprof.dll
0x0000000180000000 - 0x0000000180116000 	C:\Program Files (x86)\NVIDIA Corporation\3D Vision\nvSCPAPI64.dll
0x000007f958830000 - 0x000007f9588a4000 	C:\WINDOWS\SYSTEM32\dxgi.dll
0x000007f957c90000 - 0x000007f957f52000 	C:\WINDOWS\SYSTEM32\nvapi64.dll
0x000007f958140000 - 0x000007f95815f000 	C:\WINDOWS\SYSTEM32\DXGIDebug.dll
0x000000006d360000 - 0x000000006d379000 	F:\Program Files\Java\Jre7\bin\net.dll
0x000007f95a920000 - 0x000007f95a97c000 	C:\WINDOWS\system32\mswsock.dll
0x000000006d340000 - 0x000000006d351000 	F:\Program Files\Java\Jre7\bin\nio.dll
0x000000006c4f0000 - 0x000000006c531000 	F:\Program Files\Java\Jre7\bin\t2k.dll
0x000007f958d90000 - 0x000007f958f1a000 	C:\WINDOWS\SYSTEM32\WindowsCodecs.dll
0x000007f95b0e0000 - 0x000007f95b0f5000 	C:\WINDOWS\SYSTEM32\profapi.dll
0x000007f957fd0000 - 0x000007f958039000 	C:\WINDOWS\SYSTEM32\oleacc.dll
0x000000006c4c0000 - 0x000000006c4ea000 	F:\Program Files\Java\Jre7\bin\dcpr.dll
0x000007f948020000 - 0x000007f948183000 	C:\WINDOWS\SYSTEM32\dbghelp.dll

VM Arguments:
jvm_args: -Dfile.encoding=Cp1252 
java_command: emcscanner.kth.se.Program
Launcher Type: SUN_STANDARD

Environment Variables:
PATH=C:\Program Files (x86)\NVIDIA Corporation\PhysX\Common;C:\WINDOWS\system32;C:\WINDOWS;C:\WINDOWS\System32\Wbem;C:\WINDOWS\System32\WindowsPowerShell\v1.0\;C:\Program Files (x86)\Microsoft SQL Server\90\Tools\binn\;C:\Program Files (x86)\Autodesk\Backburner\;F:\Program Files\MATLAB\R2012a\runtime\win64;F:\Program Files\MATLAB\R2012a\bin;PROGRAMFILES\Internet Explorer;C:\Program Files\Perforce;F:\Program Files\Perforce;C:\Program Files\Microsoft\Web Platform Installer\;C:\Program Files (x86)\Microsoft ASP.NET\ASP.NET Web Pages\v1.0\;C:\Program Files (x86)\Windows Kits\8.0\Windows Performance Toolkit\;C:\Program Files\Microsoft SQL Server\110\Tools\Binn\;F:\Program Files\Perforce\Server
USERNAME=Jonas
OS=Windows_NT
PROCESSOR_IDENTIFIER=Intel64 Family 6 Model 42 Stepping 7, GenuineIntel



---------------  S Y S T E M  ---------------

OS: Windows 8 , 64 bit Build 9200 

CPU:total 8 (4 cores per cpu, 2 threads per core) family 6 model 42 stepping 7, cmov, cx8, fxsr, mmx, sse, sse2, sse3, ssse3, sse4.1, sse4.2, popcnt, avx, ht, tsc, tscinvbit

Memory: 4k page, physical 16751668k(9658960k free), swap 33528884k(23381240k free)

vm_info: Java HotSpot(TM) 64-Bit Server VM (23.3-b01) for windows-amd64 JRE (1.7.0_07-b11), built on Sep  7 2012 01:19:25 by "java_re" with unknown MS VC++:1600

time: Thu Jan 31 02:36:08 2013
elapsed time: 56 seconds

