#
# A fatal error has been detected by the Java Runtime Environment:
#
#  EXCEPTION_ACCESS_VIOLATION (0xc0000005) at pc=0x000007f943c8c8d4, pid=8260, tid=5432
#
# JRE version: 7.0_07-b11
# Java VM: Java HotSpot(TM) 64-Bit Server VM (23.3-b01 mixed mode windows-amd64 compressed oops)
# Problematic frame:
# C  [opencv_imgproc243.dll+0x5c8d4]  cv::FilterEngine::~FilterEngine+0x2b74
#
# Failed to write core dump. Minidumps are not enabled by default on client versions of Windows
#
# If you would like to submit a bug report, please visit:
#   http://bugreport.sun.com/bugreport/crash.jsp
# The crash happened outside the Java Virtual Machine in native code.
# See problematic frame for where to report the bug.
#

---------------  T H R E A D  ---------------

Current thread (0x0000000013cb5000):  JavaThread "threadDisplayCamera" daemon [_thread_in_native, id=5432, stack(0x000000001ac00000,0x000000001ad00000)]

siginfo: ExceptionCode=0xc0000005, writing address 0x000000001a9fdcc0

Registers:
RAX=0x0000000000000001, RBX=0x000000001510dc58, RCX=0x0000000021e0cbf0, RDX=0x0000000021e017f0
RSP=0x000000001acfe800, RBP=0x0000000000001680, RSI=0x000000001510dc48, RDI=0x0000000000000080
R8 =0x0000000000003a00, R9 =0x0000000000000001, R10=0x000000001a9fdcd0, R11=0x0000000021d24074
R12=0x0000000000000002, R13=0x0000000000000002, R14=0x0000000000001680, R15=0x000000001a9fce50
RIP=0x000007f943c8c8d4, EFLAGS=0x0000000000010202

Top of Stack: (sp=0x000000001acfe800)
0x000000001acfe800:   0000000000000000 0000000000000000
0x000000001acfe810:   0000000000000000 0000000000000000
0x000000001acfe820:   0000000000000000 0000000000000000
0x000000001acfe830:   0000000000000003 000000001510dc58
0x000000001acfe840:   000000001aa03ed0 000000001a9fce50
0x000000001acfe850:   0000800000000010 000007f943ca733a
0x000000001acfe860:   0000000000000040 0000000000008000
0x000000001acfe870:   0000000000000000 000007f943c935a3
0x000000001acfe880:   0000004021d20100 0000000000000000
0x000000001acfe890:   0000000000000080 0000800000000010
0x000000001acfe8a0:   0000000000000003 0000000021e071f0
0x000000001acfe8b0:   0000000000000001 0000000000001680
0x000000001acfe8c0:   0000000014c5b978 000000006d5aae23
0x000000001acfe8d0:   000000001aa03ed0 0000000000000003
0x000000001acfe8e0:   0000000000000006 000000001507b640
0x000000001acfe8f0:   0000000000000006 000000001acfea10 

Instructions: (pc=0x000007f943c8c8d4)
0x000007f943c8c8b4:   c3 66 0f 5b cd 49 83 c2 10 49 83 c0 40 48 ff cf
0x000007f943c8c8c4:   66 0f 6b d0 66 0f 5b c6 66 0f 6b c8 66 0f 67 d1
0x000007f943c8c8d4:   f3 41 0f 7f 52 f0 0f 85 f0 fe ff ff 41 8d 46 fc
0x000007f943c8c8e4:   4c 63 d5 3b e8 0f 8f 4b 02 00 00 2b c5 4b 8d 3c 


Register to memory mapping:

RAX=0x0000000000000001 is an unknown value
RBX=0x000000001510dc58 is an unknown value
RCX=0x0000000021e0cbf0 is an unknown value
RDX=0x0000000021e017f0 is an unknown value
RSP=0x000000001acfe800 is pointing into the stack for thread: 0x0000000013cb5000
RBP=0x0000000000001680 is an unknown value
RSI=0x000000001510dc48 is an unknown value
RDI=0x0000000000000080 is an unknown value
R8 =0x0000000000003a00 is an unknown value
R9 =0x0000000000000001 is an unknown value
R10=0x000000001a9fdcd0 is an unknown value
R11=0x0000000021d24074 is an unknown value
R12=0x0000000000000002 is an unknown value
R13=0x0000000000000002 is an unknown value
R14=0x0000000000001680 is an unknown value
R15=0x000000001a9fce50 is an unknown value


Stack: [0x000000001ac00000,0x000000001ad00000],  sp=0x000000001acfe800,  free space=1018k
Native frames: (J=compiled Java code, j=interpreted, Vv=VM code, C=native code)
C  [opencv_imgproc243.dll+0x5c8d4]  cv::FilterEngine::~FilterEngine+0x2b74

[error occurred during error reporting (printing native stack), id 0xc0000005]

Java frames: (J=compiled Java code, j=interpreted, Vv=VM code)
j  com.googlecode.javacv.cpp.opencv_imgproc.cvSmooth(Lcom/googlecode/javacv/cpp/opencv_core$CvArr;Lcom/googlecode/javacv/cpp/opencv_core$CvArr;IIIDD)V+0
j  com.googlecode.javacv.cpp.opencv_imgproc.cvSmooth(Lcom/googlecode/javacv/cpp/opencv_core$CvArr;Lcom/googlecode/javacv/cpp/opencv_core$CvArr;II)V+7
j  emcscanner.kth.se.CameraPanel$1.run()V+64
v  ~StubRoutines::call_stub

---------------  P R O C E S S  ---------------

Java Threads: ( => current thread )
  0x0000000021f56000 JavaThread "Thread-0" daemon [_thread_in_native, id=8884, stack(0x0000000017550000,0x0000000017650000)]
  0x0000000021f55000 JavaThread "Thread-2" [_thread_in_native, id=9052, stack(0x0000000017450000,0x0000000017550000)]
  0x0000000021f54800 JavaThread "ICEpdf-pagePainter" daemon [_thread_blocked, id=7532, stack(0x00000000248b0000,0x00000000249b0000)]
  0x0000000021f53000 JavaThread "ICEpdf-pageInitializer" daemon [_thread_blocked, id=8176, stack(0x0000000024680000,0x0000000024780000)]
  0x0000000021f52000 JavaThread "DestroyJavaVM" [_thread_blocked, id=9112, stack(0x00000000027e0000,0x00000000028e0000)]
  0x00000000151a5800 JavaThread "TimerQueue" daemon [_thread_blocked, id=5660, stack(0x00000000212a0000,0x00000000213a0000)]
  0x0000000014e64800 JavaThread "threadDisplayDensity" daemon [_thread_blocked, id=4432, stack(0x000000001d660000,0x000000001d760000)]
  0x0000000013e8c000 JavaThread "AWT-EventQueue-0" [_thread_blocked, id=5756, stack(0x000000001d560000,0x000000001d660000)]
  0x0000000013e8b000 JavaThread "threadDisplay" daemon [_thread_blocked, id=6992, stack(0x000000001d460000,0x000000001d560000)]
  0x0000000015189000 JavaThread "AWT-Shutdown" [_thread_blocked, id=8036, stack(0x000000001ad00000,0x000000001ae00000)]
=>0x0000000013cb5000 JavaThread "threadDisplayCamera" daemon [_thread_in_native, id=5432, stack(0x000000001ac00000,0x000000001ad00000)]
  0x0000000013cb5800 JavaThread "AWT-Windows" daemon [_thread_in_native, id=8752, stack(0x00000000145a0000,0x00000000146a0000)]
  0x0000000013cb4000 JavaThread "Java2D Disposer" daemon [_thread_blocked, id=7272, stack(0x00000000143a0000,0x00000000144a0000)]
  0x000000001157a000 JavaThread "Service Thread" daemon [_thread_blocked, id=6412, stack(0x00000000139a0000,0x0000000013aa0000)]
  0x0000000011575800 JavaThread "C2 CompilerThread1" daemon [_thread_blocked, id=5052, stack(0x00000000138a0000,0x00000000139a0000)]
  0x0000000011569000 JavaThread "C2 CompilerThread0" daemon [_thread_blocked, id=6948, stack(0x00000000137a0000,0x00000000138a0000)]
  0x0000000011567800 JavaThread "Attach Listener" daemon [_thread_blocked, id=8232, stack(0x00000000136a0000,0x00000000137a0000)]
  0x000000001155a800 JavaThread "Signal Dispatcher" daemon [_thread_blocked, id=8880, stack(0x00000000135a0000,0x00000000136a0000)]
  0x00000000114fe800 JavaThread "Finalizer" daemon [_thread_blocked, id=8616, stack(0x00000000134a0000,0x00000000135a0000)]
  0x00000000114f7000 JavaThread "Reference Handler" daemon [_thread_blocked, id=7900, stack(0x00000000133a0000,0x00000000134a0000)]

Other Threads:
  0x00000000114f1800 VMThread [stack: 0x00000000132a0000,0x00000000133a0000] [id=6172]
  0x0000000011594800 WatcherThread [stack: 0x0000000013aa0000,0x0000000013ba0000] [id=8816]

VM state:not at safepoint (normal execution)

VM Mutex/Monitor currently owned by a thread: None

Heap
 PSYoungGen      total 665856K, used 178916K [0x00000007aacb0000, 0x00000007db650000, 0x0000000800000000)
  eden space 629312K, 22% used [0x00000007aacb0000,0x00000007b38586a0,0x00000007d1340000)
  from space 36544K, 98% used [0x00000007d1340000,0x00000007d3650a10,0x00000007d36f0000)
  to   space 41344K, 0% used [0x00000007d8df0000,0x00000007d8df0000,0x00000007db650000)
 ParOldGen       total 412096K, used 148417K [0x0000000700600000, 0x0000000719870000, 0x00000007aacb0000)
  object space 412096K, 36% used [0x0000000700600000,0x00000007096f0468,0x0000000719870000)
 PSPermGen       total 35520K, used 18091K [0x00000006fb400000, 0x00000006fd6b0000, 0x0000000700600000)
  object space 35520K, 50% used [0x00000006fb400000,0x00000006fc5aac30,0x00000006fd6b0000)

Card table byte_map: [0x0000000005b10000,0x0000000006340000] byte_map_base: 0x0000000002336000

Polling page: 0x0000000002750000

Code Cache  [0x0000000002a50000, 0x0000000002cc0000, 0x0000000005a50000)
 total_blobs=932 nmethods=342 adapters=541 free_code_cache=47733Kb largest_free_block=48840128

Compilation events (10 events):
Event: 25.066 Thread 0x0000000011575800  346             java.util.logging.LoggingProxyImpl::isLoggable (12 bytes)
Event: 25.066 Thread 0x0000000011569000  347             sun.util.logging.PlatformLogger$JavaLogger::isLoggable (20 bytes)
Event: 25.067 Thread 0x0000000011575800 nmethod 346 0x0000000002bb5310 code [0x0000000002bb5460, 0x0000000002bb5538]
Event: 25.070 Thread 0x0000000011569000 nmethod 347 0x0000000002bb49d0 code [0x0000000002bb4b40, 0x0000000002bb4eb8]
Event: 25.478 Thread 0x0000000011575800  348             sun.java2d.SunGraphics2D::dispose (12 bytes)
Event: 25.479 Thread 0x0000000011575800 nmethod 348 0x0000000002bb4790 code [0x0000000002bb48c0, 0x0000000002bb4958]
Event: 25.659 Thread 0x0000000011569000  349             javax.swing.text.html.StyleSheet$ViewAttributeSet::getAttribute (61 bytes)
Event: 25.663 Thread 0x0000000011569000 nmethod 349 0x0000000002bb4250 code [0x0000000002bb43c0, 0x0000000002bb4588]
Event: 25.775 Thread 0x0000000011575800  350             java.awt.geom.AffineTransform::<init> (69 bytes)
Event: 25.776 Thread 0x0000000011575800 nmethod 350 0x0000000002bb3f10 code [0x0000000002bb4040, 0x0000000002bb40f8]

GC Heap History (10 events):
Event: 21.534 GC heap before
{Heap before GC invocations=20 (full 4):
 PSYoungGen      total 487040K, used 485151K [0x00000007aacb0000, 0x00000007cfee0000, 0x0000000800000000)
  eden space 463552K, 99% used [0x00000007aacb0000,0x00000007c7051e78,0x00000007c7160000)
  from space 23488K, 96% used [0x00000007c7160000,0x00000007c8785ea8,0x00000007c8850000)
  to   space 25984K, 0% used [0x00000007ce580000,0x00000007ce580000,0x00000007cfee0000)
 ParOldGen       total 324480K, used 259581K [0x0000000700600000, 0x00000007142e0000, 0x00000007aacb0000)
  object space 324480K, 79% used [0x0000000700600000,0x000000071037f610,0x00000007142e0000)
 PSPermGen       total 37696K, used 18041K [0x00000006fb400000, 0x00000006fd8d0000, 0x0000000700600000)
  object space 37696K, 47% used [0x00000006fb400000,0x00000006fc59e430,0x00000006fd8d0000)
Event: 21.542 GC heap after
Heap after GC invocations=20 (full 4):
 PSYoungGen      total 579328K, used 25612K [0x00000007aacb0000, 0x00000007d0320000, 0x0000000800000000)
  eden space 553344K, 0% used [0x00000007aacb0000,0x00000007aacb0000,0x00000007cc910000)
  from space 25984K, 98% used [0x00000007ce580000,0x00000007cfe833b8,0x00000007cfee0000)
  to   space 29120K, 0% used [0x00000007cc910000,0x00000007cc910000,0x00000007ce580000)
 ParOldGen       total 324480K, used 273756K [0x0000000700600000, 0x00000007142e0000, 0x00000007aacb0000)
  object space 324480K, 84% used [0x0000000700600000,0x0000000711157240,0x00000007142e0000)
 PSPermGen       total 37696K, used 18041K [0x00000006fb400000, 0x00000006fd8d0000, 0x0000000700600000)
  object space 37696K, 47% used [0x00000006fb400000,0x00000006fc59e430,0x00000006fd8d0000)
}
Event: 21.542 GC heap before
{Heap before GC invocations=21 (full 5):
 PSYoungGen      total 579328K, used 25612K [0x00000007aacb0000, 0x00000007d0320000, 0x0000000800000000)
  eden space 553344K, 0% used [0x00000007aacb0000,0x00000007aacb0000,0x00000007cc910000)
  from space 25984K, 98% used [0x00000007ce580000,0x00000007cfe833b8,0x00000007cfee0000)
  to   space 29120K, 0% used [0x00000007cc910000,0x00000007cc910000,0x00000007ce580000)
 ParOldGen       total 324480K, used 273756K [0x0000000700600000, 0x00000007142e0000, 0x00000007aacb0000)
  object space 324480K, 84% used [0x0000000700600000,0x0000000711157240,0x00000007142e0000)
 PSPermGen       total 37696K, used 18041K [0x00000006fb400000, 0x00000006fd8d0000, 0x0000000700600000)
  object space 37696K, 47% used [0x00000006fb400000,0x00000006fc59e430,0x00000006fd8d0000)
Event: 21.574 GC heap after
Heap after GC invocations=21 (full 5):
 PSYoungGen      total 579328K, used 0K [0x00000007aacb0000, 0x00000007d0320000, 0x0000000800000000)
  eden space 553344K, 0% used [0x00000007aacb0000,0x00000007aacb0000,0x00000007cc910000)
  from space 25984K, 0% used [0x00000007ce580000,0x00000007ce580000,0x00000007cfee0000)
  to   space 29120K, 0% used [0x00000007cc910000,0x00000007cc910000,0x00000007ce580000)
 ParOldGen       total 412096K, used 67163K [0x0000000700600000, 0x0000000719870000, 0x00000007aacb0000)
  object space 412096K, 16% used [0x0000000700600000,0x0000000704796ee8,0x0000000719870000)
 PSPermGen       total 35520K, used 18040K [0x00000006fb400000, 0x00000006fd6b0000, 0x0000000700600000)
  object space 35520K, 50% used [0x00000006fb400000,0x00000006fc59e3f0,0x00000006fd6b0000)
}
Event: 22.779 GC heap before
{Heap before GC invocations=22 (full 5):
 PSYoungGen      total 579328K, used 552184K [0x00000007aacb0000, 0x00000007d0320000, 0x0000000800000000)
  eden space 553344K, 99% used [0x00000007aacb0000,0x00000007cc7ee300,0x00000007cc910000)
  from space 25984K, 0% used [0x00000007ce580000,0x00000007ce580000,0x00000007cfee0000)
  to   space 29120K, 0% used [0x00000007cc910000,0x00000007cc910000,0x00000007ce580000)
 ParOldGen       total 412096K, used 67163K [0x0000000700600000, 0x0000000719870000, 0x00000007aacb0000)
  object space 412096K, 16% used [0x0000000700600000,0x0000000704796ee8,0x0000000719870000)
 PSPermGen       total 35520K, used 18044K [0x00000006fb400000, 0x00000006fd6b0000, 0x0000000700600000)
  object space 35520K, 50% used [0x00000006fb400000,0x00000006fc59f100,0x00000006fd6b0000)
Event: 22.788 GC heap after
Heap after GC invocations=22 (full 5):
 PSYoungGen      total 582464K, used 28597K [0x00000007aacb0000, 0x00000007d56e0000, 0x0000000800000000)
  eden space 553344K, 0% used [0x00000007aacb0000,0x00000007aacb0000,0x00000007cc910000)
  from space 29120K, 98% used [0x00000007cc910000,0x00000007ce4fd780,0x00000007ce580000)
  to   space 32704K, 0% used [0x00000007d36f0000,0x00000007d36f0000,0x00000007d56e0000)
 ParOldGen       total 412096K, used 82730K [0x0000000700600000, 0x0000000719870000, 0x00000007aacb0000)
  object space 412096K, 20% used [0x0000000700600000,0x00000007056cabd8,0x0000000719870000)
 PSPermGen       total 35520K, used 18044K [0x00000006fb400000, 0x00000006fd6b0000, 0x0000000700600000)
  object space 35520K, 50% used [0x00000006fb400000,0x00000006fc59f100,0x00000006fd6b0000)
}
Event: 24.814 GC heap before
{Heap before GC invocations=23 (full 5):
 PSYoungGen      total 582464K, used 581432K [0x00000007aacb0000, 0x00000007d56e0000, 0x0000000800000000)
  eden space 553344K, 99% used [0x00000007aacb0000,0x00000007cc890b78,0x00000007cc910000)
  from space 29120K, 98% used [0x00000007cc910000,0x00000007ce4fd780,0x00000007ce580000)
  to   space 32704K, 0% used [0x00000007d36f0000,0x00000007d36f0000,0x00000007d56e0000)
 ParOldGen       total 412096K, used 82730K [0x0000000700600000, 0x0000000719870000, 0x00000007aacb0000)
  object space 412096K, 20% used [0x0000000700600000,0x00000007056cabd8,0x0000000719870000)
 PSPermGen       total 35520K, used 18053K [0x00000006fb400000, 0x00000006fd6b0000, 0x0000000700600000)
  object space 35520K, 50% used [0x00000006fb400000,0x00000006fc5a1740,0x00000006fd6b0000)
Event: 24.826 GC heap after
Heap after GC invocations=23 (full 5):
 PSYoungGen      total 662016K, used 31348K [0x00000007aacb0000, 0x00000007d5ab0000, 0x0000000800000000)
  eden space 629312K, 0% used [0x00000007aacb0000,0x00000007aacb0000,0x00000007d1340000)
  from space 32704K, 95% used [0x00000007d36f0000,0x00000007d558d1f8,0x00000007d56e0000)
  to   space 36544K, 0% used [0x00000007d1340000,0x00000007d1340000,0x00000007d36f0000)
 ParOldGen       total 412096K, used 126774K [0x0000000700600000, 0x0000000719870000, 0x00000007aacb0000)
  object space 412096K, 30% used [0x0000000700600000,0x00000007081cdb68,0x0000000719870000)
 PSPermGen       total 35520K, used 18053K [0x00000006fb400000, 0x00000006fd6b0000, 0x0000000700600000)
  object space 35520K, 50% used [0x00000006fb400000,0x00000006fc5a1740,0x00000006fd6b0000)
}
Event: 26.552 GC heap before
{Heap before GC invocations=24 (full 5):
 PSYoungGen      total 662016K, used 657725K [0x00000007aacb0000, 0x00000007d5ab0000, 0x0000000800000000)
  eden space 629312K, 99% used [0x00000007aacb0000,0x00000007d1062290,0x00000007d1340000)
  from space 32704K, 95% used [0x00000007d36f0000,0x00000007d558d1f8,0x00000007d56e0000)
  to   space 36544K, 0% used [0x00000007d1340000,0x00000007d1340000,0x00000007d36f0000)
 ParOldGen       total 412096K, used 126774K [0x0000000700600000, 0x0000000719870000, 0x00000007aacb0000)
  object space 412096K, 30% used [0x0000000700600000,0x00000007081cdb68,0x0000000719870000)
 PSPermGen       total 35520K, used 18067K [0x00000006fb400000, 0x00000006fd6b0000, 0x0000000700600000)
  object space 35520K, 50% used [0x00000006fb400000,0x00000006fc5a4ca8,0x00000006fd6b0000)
Event: 26.563 GC heap after
Heap after GC invocations=24 (full 5):
 PSYoungGen      total 665856K, used 35906K [0x00000007aacb0000, 0x00000007db650000, 0x0000000800000000)
  eden space 629312K, 0% used [0x00000007aacb0000,0x00000007aacb0000,0x00000007d1340000)
  from space 36544K, 98% used [0x00000007d1340000,0x00000007d3650a10,0x00000007d36f0000)
  to   space 41344K, 0% used [0x00000007d8df0000,0x00000007d8df0000,0x00000007db650000)
 ParOldGen       total 412096K, used 148417K [0x0000000700600000, 0x0000000719870000, 0x00000007aacb0000)
  object space 412096K, 36% used [0x0000000700600000,0x00000007096f0468,0x0000000719870000)
 PSPermGen       total 35520K, used 18067K [0x00000006fb400000, 0x00000006fd6b0000, 0x0000000700600000)
  object space 35520K, 50% used [0x00000006fb400000,0x00000006fc5a4ca8,0x00000006fd6b0000)
}

Deoptimization events (10 events):
Event: 4.008 Thread 0x0000000021f53000 Uncommon trap -83 fr.pc 0x0000000002b5fbcc
Event: 4.036 Thread 0x0000000021f53000 Uncommon trap -83 fr.pc 0x0000000002b36b58
Event: 4.221 Thread 0x0000000021f54800 Uncommon trap -83 fr.pc 0x0000000002b7007c
Event: 12.231 Thread 0x0000000013e8c000 Uncommon trap -122 fr.pc 0x0000000002b3d5c8
Event: 12.231 Thread 0x0000000013e8c000 Uncommon trap -34 fr.pc 0x0000000002b88fa0
Event: 12.231 Thread 0x0000000013e8c000 Uncommon trap -34 fr.pc 0x0000000002b88fa0
Event: 12.231 Thread 0x0000000013e8c000 Uncommon trap -34 fr.pc 0x0000000002b88fa0
Event: 12.231 Thread 0x0000000013e8c000 Uncommon trap -34 fr.pc 0x0000000002b88fa0
Event: 17.584 Thread 0x0000000013e8c000 Uncommon trap -12 fr.pc 0x0000000002b393e4
Event: 22.676 Thread 0x0000000013cb5000 Uncommon trap -12 fr.pc 0x0000000002b6fc38

Internal exceptions (10 events):
Event: 4.083 Thread 0x0000000021f53000 Threw 0x00000007aeb375e8 at C:\jdk7u1_64p\jdk7u7\hotspot\src\share\vm\prims\jvm.cpp:1166
Event: 4.084 Thread 0x0000000021f53000 Threw 0x00000007aeb3a3b8 at C:\jdk7u1_64p\jdk7u7\hotspot\src\share\vm\prims\jvm.cpp:1166
Event: 4.203 Thread 0x0000000021f54800 Threw 0x00000007ab635308 at C:\jdk7u1_64p\jdk7u7\hotspot\src\share\vm\prims\jvm.cpp:1166
Event: 4.206 Thread 0x0000000021f54800 Threw 0x00000007ab645b98 at C:\jdk7u1_64p\jdk7u7\hotspot\src\share\vm\prims\jvm.cpp:1166
Event: 4.409 Thread 0x0000000021f54800 Threw 0x00000007ac125250 at C:\jdk7u1_64p\jdk7u7\hotspot\src\share\vm\prims\jvm.cpp:1166
Event: 12.207 Thread 0x0000000013e8c000 Threw 0x00000007b935d8f8 at C:\jdk7u1_64p\jdk7u7\hotspot\src\share\vm\prims\jvm.cpp:1166
Event: 12.208 Thread 0x0000000013e8c000 Threw 0x00000007b9362ee0 at C:\jdk7u1_64p\jdk7u7\hotspot\src\share\vm\prims\jvm.cpp:1166
Event: 12.230 Thread 0x0000000013e8c000 Threw 0x00000007ba530ec8 at C:\jdk7u1_64p\jdk7u7\hotspot\src\share\vm\prims\jvm.cpp:1166
Event: 17.584 Thread 0x0000000013e8c000 Implicit null exception at 0x0000000002b39308 to 0x0000000002b393d9
Event: 22.676 Thread 0x0000000013cb5000 Implicit null exception at 0x0000000002b6f938 to 0x0000000002b6fc2c

Events (10 events):
Event: 24.814 Executing VM operation: ParallelGCFailedAllocation
Event: 24.826 Executing VM operation: ParallelGCFailedAllocation done
Event: 26.251 loading class 0x000000001513f310
Event: 26.251 loading class 0x000000001513f310 done
Event: 26.251 loading class 0x0000000014d21730
Event: 26.251 loading class 0x000000001510cc10
Event: 26.251 loading class 0x000000001510cc10 done
Event: 26.251 loading class 0x0000000014d21730 done
Event: 26.552 Executing VM operation: ParallelGCFailedAllocation
Event: 26.563 Executing VM operation: ParallelGCFailedAllocation done


Dynamic libraries:
0x000007f7f0ad0000 - 0x000007f7f0b04000 	F:\Program Files\Java\Jre7\bin\javaw.exe
0x000007f95e1d0000 - 0x000007f95e38e000 	C:\WINDOWS\SYSTEM32\ntdll.dll
0x000007f95d7e0000 - 0x000007f95d916000 	C:\WINDOWS\system32\KERNEL32.DLL
0x000007f95b470000 - 0x000007f95b563000 	C:\WINDOWS\system32\KERNELBASE.dll
0x000007f95ca50000 - 0x000007f95cb2e000 	C:\WINDOWS\system32\ADVAPI32.dll
0x000007f95ce50000 - 0x000007f95cf9c000 	C:\WINDOWS\system32\USER32.dll
0x000007f958910000 - 0x000007f958b79000 	C:\WINDOWS\WinSxS\amd64_microsoft.windows.common-controls_6595b64144ccf1df_6.0.9200.16384_none_418c2a697189c07f\COMCTL32.dll
0x000007f95d590000 - 0x000007f95d635000 	C:\WINDOWS\system32\msvcrt.dll
0x000007f95db40000 - 0x000007f95db88000 	C:\WINDOWS\SYSTEM32\sechost.dll
0x000007f95d6a0000 - 0x000007f95d7e0000 	C:\WINDOWS\system32\RPCRT4.dll
0x000007f95b620000 - 0x000007f95b760000 	C:\WINDOWS\system32\GDI32.dll
0x000007f95dcd0000 - 0x000007f95dd09000 	C:\WINDOWS\system32\IMM32.DLL
0x000007f95cd30000 - 0x000007f95ce45000 	C:\WINDOWS\system32\MSCTF.dll
0x000007f95b0c0000 - 0x000007f95b0c8000 	C:\PROGRA~2\NVIDIA~1\3DVISI~1\NVSTIN~1.DLL
0x000007f95d990000 - 0x000007f95d997000 	C:\WINDOWS\system32\PSAPI.DLL
0x000000006f560000 - 0x000000006f603000 	C:\WINDOWS\WinSxS\amd64_microsoft.vc90.crt_1fc8b3b9a1e18e3b_9.0.30729.6871_none_08e717a5a83adddf\MSVCR90.dll
0x000000006db00000 - 0x000000006dbd1000 	F:\Program Files\Java\Jre7\bin\msvcr100.dll
0x000000006d3e0000 - 0x000000006daff000 	F:\Program Files\Java\Jre7\bin\server\jvm.dll
0x000007f953860000 - 0x000007f953869000 	C:\WINDOWS\SYSTEM32\WSOCK32.dll
0x000007f958800000 - 0x000007f958820000 	C:\WINDOWS\SYSTEM32\WINMM.dll
0x000007f95d920000 - 0x000007f95d978000 	C:\WINDOWS\system32\WS2_32.dll
0x000007f958100000 - 0x000007f958132000 	C:\WINDOWS\SYSTEM32\WINMMBASE.dll
0x000007f95dd10000 - 0x000007f95dd19000 	C:\WINDOWS\system32\NSI.dll
0x000000006d3d0000 - 0x000000006d3df000 	F:\Program Files\Java\Jre7\bin\verify.dll
0x000000006d3a0000 - 0x000000006d3c8000 	F:\Program Files\Java\Jre7\bin\java.dll
0x000000006d380000 - 0x000000006d395000 	F:\Program Files\Java\Jre7\bin\zip.dll
0x000000006c580000 - 0x000000006c713000 	F:\Program Files\Java\Jre7\bin\awt.dll
0x000007f95db90000 - 0x000007f95dc53000 	C:\WINDOWS\system32\OLEAUT32.dll
0x000007f95d3e0000 - 0x000007f95d590000 	C:\WINDOWS\system32\combase.dll
0x000007f955390000 - 0x000007f95542f000 	C:\WINDOWS\system32\apphelp.dll
0x000007f959ec0000 - 0x000007f959fa3000 	C:\WINDOWS\system32\uxtheme.dll
0x000007f9552f0000 - 0x000007f955385000 	C:\Program Files\Common Files\microsoft shared\ink\tiptsf.dll
0x000007f959650000 - 0x000007f959671000 	C:\WINDOWS\SYSTEM32\dwmapi.dll
0x000007f95cfa0000 - 0x000007f95d11e000 	C:\WINDOWS\system32\ole32.dll
0x000007f95af30000 - 0x000007f95af3a000 	C:\WINDOWS\SYSTEM32\CRYPTBASE.dll
0x000007f95aeb0000 - 0x000007f95af0c000 	C:\WINDOWS\SYSTEM32\bcryptPrimitives.dll
0x000007f95b760000 - 0x000007f95ca48000 	C:\WINDOWS\system32\SHELL32.dll
0x000007f95dc80000 - 0x000007f95dcd0000 	C:\WINDOWS\system32\SHLWAPI.dll
0x000007f95a290000 - 0x000007f95a326000 	C:\WINDOWS\SYSTEM32\shcore.dll
0x000000006e430000 - 0x000000006e4c8000 	C:\Windows\System32\msvcp100.dll
0x000007f945e60000 - 0x000007f9460b8000 	C:\opencv\build\x64\vc10\bin\opencv_core243.dll
0x000007f954c40000 - 0x000007f954cd5000 	C:\Users\Jonas\AppData\Local\Temp\javacpp248090230833010\jniopencv_core.dll
0x000007f943c30000 - 0x000007f943ed5000 	C:\opencv\build\x64\vc10\bin\opencv_imgproc243.dll
0x000007f954bf0000 - 0x000007f954c38000 	C:\Users\Jonas\AppData\Local\Temp\javacpp248090230833010\jniopencv_imgproc.dll
0x0000000066840000 - 0x00000000675ca000 	C:\opencv\build\x64\vc10\bin\opencv_ffmpeg243_64.dll
0x000007f9422f0000 - 0x000007f94253b000 	C:\opencv\build\x64\vc10\bin\opencv_highgui243.dll
0x000007f954af0000 - 0x000007f954b10000 	C:\WINDOWS\SYSTEM32\AVIFIL32.dll
0x000007f9547b0000 - 0x000007f9547d9000 	C:\WINDOWS\SYSTEM32\MSVFW32.dll
0x000007f954b70000 - 0x000007f954b87000 	C:\WINDOWS\SYSTEM32\AVICAP32.dll
0x000007f948660000 - 0x000007f948679000 	C:\WINDOWS\SYSTEM32\MSACM32.dll
0x000007f959620000 - 0x000007f959629000 	C:\WINDOWS\SYSTEM32\VERSION.dll
0x000007f954a20000 - 0x000007f954a33000 	C:\Users\Jonas\AppData\Local\Temp\javacpp248090230833010\jniopencv_highgui.dll
0x000007f95cc90000 - 0x000007f95cd26000 	C:\WINDOWS\SYSTEM32\clbcatq.dll
0x000007f954980000 - 0x000007f954997000 	C:\Windows\System32\devenum.dll
0x000007f95e000000 - 0x000007f95e1d0000 	C:\WINDOWS\system32\setupapi.dll
0x000007f95b390000 - 0x000007f95b3df000 	C:\WINDOWS\system32\CFGMGR32.dll
0x000007f95b440000 - 0x000007f95b462000 	C:\WINDOWS\system32\DEVOBJ.dll
0x000007f954440000 - 0x000007f95446e000 	C:\WINDOWS\SYSTEM32\ntmarta.dll
0x000007f95b3e0000 - 0x000007f95b435000 	C:\WINDOWS\system32\WINTRUST.dll
0x000007f95b1b0000 - 0x000007f95b387000 	C:\WINDOWS\system32\CRYPT32.dll
0x000007f95b190000 - 0x000007f95b1a6000 	C:\WINDOWS\system32\MSASN1.dll
0x000007f9587f0000 - 0x000007f9587fd000 	C:\WINDOWS\SYSTEM32\msdmo.dll
0x000007f952370000 - 0x000007f95239f000 	C:\Windows\System32\qcap.dll
0x000007f944d50000 - 0x000007f944f08000 	C:\Windows\System32\quartz.dll
0x000007f951fc0000 - 0x000007f951fff000 	C:\Windows\System32\ksproxy.ax
0x000007f955b30000 - 0x000007f955b37000 	C:\Windows\System32\ksuser.dll
0x000007f94a240000 - 0x000007f94a440000 	C:\Windows\System32\d3d9.dll
0x000007f957430000 - 0x000007f95743c000 	C:\Windows\System32\vidcap.ax
0x000007f952150000 - 0x000007f952174000 	C:\Windows\System32\kswdmcap.ax
0x000007f943950000 - 0x000007f943aa4000 	C:\Windows\System32\MFC42.dll
0x000007f945700000 - 0x000007f9457be000 	C:\Windows\System32\ODBC32.dll
0x000007f945820000 - 0x000007f9458b5000 	C:\Windows\System32\qedit.dll
0x000007f95df50000 - 0x000007f95dff1000 	C:\WINDOWS\system32\COMDLG32.dll
0x000007f95d9a0000 - 0x000007f95db40000 	C:\WINDOWS\WinSxS\amd64_microsoft.windows.gdiplus_6595b64144ccf1df_1.1.9200.16384_none_72771d4ecc1c3a4d\gdiplus.dll
0x000007f942540000 - 0x000007f94262a000 	C:\WINDOWS\SYSTEM32\DDRAW.dll
0x000007f957440000 - 0x000007f957448000 	C:\WINDOWS\SYSTEM32\DCIMAN32.dll
0x000000006c540000 - 0x000000006c574000 	F:\Program Files\Java\Jre7\bin\fontmanager.dll
0x000007f93d8c0000 - 0x000007f93ea40000 	C:\WINDOWS\SYSTEM32\nvd3dumx.dll
0x000007f95afb0000 - 0x000007f95aff3000 	C:\WINDOWS\SYSTEM32\powrprof.dll
0x0000000180000000 - 0x0000000180116000 	C:\Program Files (x86)\NVIDIA Corporation\3D Vision\nvSCPAPI64.dll
0x000007f958830000 - 0x000007f9588a4000 	C:\WINDOWS\SYSTEM32\dxgi.dll
0x000007f957c90000 - 0x000007f957f52000 	C:\WINDOWS\SYSTEM32\nvapi64.dll
0x000007f958140000 - 0x000007f95815f000 	C:\WINDOWS\SYSTEM32\DXGIDebug.dll
0x000000006d360000 - 0x000000006d379000 	F:\Program Files\Java\Jre7\bin\net.dll
0x000007f95a920000 - 0x000007f95a97c000 	C:\WINDOWS\system32\mswsock.dll
0x000000006d340000 - 0x000000006d351000 	F:\Program Files\Java\Jre7\bin\nio.dll
0x000000006c4f0000 - 0x000000006c531000 	F:\Program Files\Java\Jre7\bin\t2k.dll
0x000007f958d90000 - 0x000007f958f1a000 	C:\WINDOWS\SYSTEM32\WindowsCodecs.dll
0x000007f95b0e0000 - 0x000007f95b0f5000 	C:\WINDOWS\SYSTEM32\profapi.dll
0x000007f957fd0000 - 0x000007f958039000 	C:\WINDOWS\SYSTEM32\oleacc.dll
0x000000006c4c0000 - 0x000000006c4ea000 	F:\Program Files\Java\Jre7\bin\dcpr.dll
0x000007f948020000 - 0x000007f948183000 	C:\WINDOWS\SYSTEM32\dbghelp.dll

VM Arguments:
jvm_args: -Dfile.encoding=Cp1252 
java_command: emcscanner.kth.se.Program
Launcher Type: SUN_STANDARD

Environment Variables:
PATH=C:\Program Files (x86)\NVIDIA Corporation\PhysX\Common;C:\WINDOWS\system32;C:\WINDOWS;C:\WINDOWS\System32\Wbem;C:\WINDOWS\System32\WindowsPowerShell\v1.0\;C:\Program Files (x86)\Microsoft SQL Server\90\Tools\binn\;C:\Program Files (x86)\Autodesk\Backburner\;F:\Program Files\MATLAB\R2012a\runtime\win64;F:\Program Files\MATLAB\R2012a\bin;PROGRAMFILES\Internet Explorer;C:\Program Files\Perforce;F:\Program Files\Perforce;C:\Program Files\Microsoft\Web Platform Installer\;C:\Program Files (x86)\Microsoft ASP.NET\ASP.NET Web Pages\v1.0\;C:\Program Files (x86)\Windows Kits\8.0\Windows Performance Toolkit\;C:\Program Files\Microsoft SQL Server\110\Tools\Binn\;F:\Program Files\Perforce\Server
USERNAME=Jonas
OS=Windows_NT
PROCESSOR_IDENTIFIER=Intel64 Family 6 Model 42 Stepping 7, GenuineIntel



---------------  S Y S T E M  ---------------

OS: Windows 8 , 64 bit Build 9200 

CPU:total 8 (4 cores per cpu, 2 threads per core) family 6 model 42 stepping 7, cmov, cx8, fxsr, mmx, sse, sse2, sse3, ssse3, sse4.1, sse4.2, popcnt, avx, ht, tsc, tscinvbit

Memory: 4k page, physical 16751668k(10844096k free), swap 33528884k(23027204k free)

vm_info: Java HotSpot(TM) 64-Bit Server VM (23.3-b01) for windows-amd64 JRE (1.7.0_07-b11), built on Sep  7 2012 01:19:25 by "java_re" with unknown MS VC++:1600

time: Thu Jan 31 20:50:45 2013
elapsed time: 27 seconds

