#
# A fatal error has been detected by the Java Runtime Environment:
#
#  EXCEPTION_ACCESS_VIOLATION (0xc0000005) at pc=0x000007f945ebd118, pid=7584, tid=2204
#
# JRE version: 7.0_07-b11
# Java VM: Java HotSpot(TM) 64-Bit Server VM (23.3-b01 mixed mode windows-amd64 compressed oops)
# Problematic frame:
# C  [opencv_core243.dll+0x5d118]  cvSetZero+0x278
#
# Failed to write core dump. Minidumps are not enabled by default on client versions of Windows
#
# If you would like to submit a bug report, please visit:
#   http://bugreport.sun.com/bugreport/crash.jsp
# The crash happened outside the Java Virtual Machine in native code.
# See problematic frame for where to report the bug.
#

---------------  T H R E A D  ---------------

Current thread (0x0000000013648000):  JavaThread "threadDisplay" daemon [_thread_in_native, id=2204, stack(0x000000001a5f0000,0x000000001a6f0000)]

siginfo: ExceptionCode=0xc0000005, reading address 0x000000001a0d2ccd

Registers:
RAX=0x00000000000000db, RBX=0x000000001a6eed70, RCX=0x000000000000167d, RDX=0x0000000000000018
RSP=0x000000001a6edc80, RBP=0x0000000000000b40, RSI=0x000000001a0d1650, RDI=0x000000001a0d1650
R8 =0x000000001a0d1650, R9 =0x00000000144de790, R10=0x0000000000000b40, R11=0x0000000000000000
R12=0x00000000144de790, R13=0x0000000000000b40, R14=0x0000000000001680, R15=0x0000000000001680
RIP=0x000007f945ebd118, EFLAGS=0x0000000000010246

Top of Stack: (sp=0x000000001a6edc80)
0x000000001a6edc80:   0000000000000031 000007f900000000
0x000000001a6edc90:   0000000000000035 0000000000000000
0x000000001a6edca0:   fffffffffffffffe 0000000000000000
0x000000001a6edcb0:   00000000144de790 0000000000001680
0x000000001a6edcc0:   0000000000002280 0000000000000000
0x000000001a6edcd0:   00000000022d0000 0000000000000030
0x000000001a6edce0:   0000000000000028 000007f95e1d57c0
0x000000001a6edcf0:   000000000000004d 000007f900000000
0x000000001a6edd00:   0000000000000000 0000000000000000
0x000000001a6edd10:   0000000000000000 0000000000000000
0x000000001a6edd20:   0000000000000002 000007f9fc582470
0x000000001a6edd30:   000000001a6ee050 0000000000000000
0x000000001a6edd40:   00000000fc581a48 0000000000000000
0x000000001a6edd50:   00000000fc585a78 0000000000000000
0x000000001a6edd60:   0000000000000000 000007f900000000
0x000000001a6edd70:   fffffffffffffffe 000000001a6ee050 

Instructions: (pc=0x000007f945ebd118)
0x000007f945ebd0f8:   4c 8b c7 4d 8b cc 4c 8b de 4c 2b df 4c 8b d5 66
0x000007f945ebd108:   0f 1f 84 00 00 00 00 00 43 0f b6 14 03 49 63 09
0x000007f945ebd118:   0f b6 04 31 41 88 00 88 14 39 49 83 c1 04 49 ff
0x000007f945ebd128:   c0 49 ff ca 75 e2 49 03 f6 49 03 ff 83 7b 04 00 


Register to memory mapping:

RAX=0x00000000000000db is an unknown value
RBX=0x000000001a6eed70 is pointing into the stack for thread: 0x0000000013648000
RCX=0x000000000000167d is an unknown value
RDX=0x0000000000000018 is an unknown value
RSP=0x000000001a6edc80 is pointing into the stack for thread: 0x0000000013648000
RBP=0x0000000000000b40 is an unknown value
RSI=0x000000001a0d1650 is an unknown value
RDI=0x000000001a0d1650 is an unknown value
R8 =0x000000001a0d1650 is an unknown value
R9 =0x00000000144de790 is an unknown value
R10=0x0000000000000b40 is an unknown value
R11=0x0000000000000000 is an unknown value
R12=0x00000000144de790 is an unknown value
R13=0x0000000000000b40 is an unknown value
R14=0x0000000000001680 is an unknown value
R15=0x0000000000001680 is an unknown value


Stack: [0x000000001a5f0000,0x000000001a6f0000],  sp=0x000000001a6edc80,  free space=1015k
Native frames: (J=compiled Java code, j=interpreted, Vv=VM code, C=native code)
C  [opencv_core243.dll+0x5d118]  cvSetZero+0x278

[error occurred during error reporting (printing native stack), id 0xc0000005]

Java frames: (J=compiled Java code, j=interpreted, Vv=VM code)
j  com.googlecode.javacv.cpp.opencv_core.cvFlip(Lcom/googlecode/javacv/cpp/opencv_core$CvArr;Lcom/googlecode/javacv/cpp/opencv_core$CvArr;I)V+0
j  emcscanner.kth.se.CameraPanel$1.run()V+57
v  ~StubRoutines::call_stub

---------------  P R O C E S S  ---------------

Java Threads: ( => current thread )
  0x000000001485f000 JavaThread "Thread-2" [_thread_in_native, id=4572, stack(0x0000000017040000,0x0000000017140000)]
  0x0000000014861800 JavaThread "Thread-0" daemon [_thread_in_native, id=9108, stack(0x0000000016f40000,0x0000000017040000)]
  0x0000000014860000 JavaThread "ICEpdf-pagePainter" daemon [_thread_blocked, id=7872, stack(0x0000000025bc0000,0x0000000025cc0000)]
  0x0000000022460800 JavaThread "ICEpdf-pageInitializer" daemon [_thread_blocked, id=4988, stack(0x0000000025990000,0x0000000025a90000)]
  0x00000000022de000 JavaThread "DestroyJavaVM" [_thread_blocked, id=7768, stack(0x00000000022e0000,0x00000000023e0000)]
  0x00000000148cf000 JavaThread "TimerQueue" daemon [_thread_blocked, id=2528, stack(0x0000000020b40000,0x0000000020c40000)]
  0x0000000014848800 JavaThread "threadDisplayDensity" daemon [_thread_blocked, id=6704, stack(0x000000001cf00000,0x000000001d000000)]
  0x00000000144a0800 JavaThread "AWT-EventQueue-0" [_thread_blocked, id=8400, stack(0x000000001ce00000,0x000000001cf00000)]
  0x00000000144a0000 JavaThread "threadDisplay" daemon [_thread_blocked, id=8812, stack(0x000000001cd00000,0x000000001ce00000)]
  0x00000000148ab800 JavaThread "AWT-Shutdown" [_thread_blocked, id=4088, stack(0x000000001a6f0000,0x000000001a7f0000)]
=>0x0000000013648000 JavaThread "threadDisplay" daemon [_thread_in_native, id=2204, stack(0x000000001a5f0000,0x000000001a6f0000)]
  0x0000000013648800 JavaThread "AWT-Windows" daemon [_thread_in_native, id=4684, stack(0x0000000013f30000,0x0000000014030000)]
  0x0000000013647000 JavaThread "Java2D Disposer" daemon [_thread_blocked, id=5052, stack(0x0000000013d30000,0x0000000013e30000)]
  0x0000000010f49000 JavaThread "Service Thread" daemon [_thread_blocked, id=8792, stack(0x0000000013330000,0x0000000013430000)]
  0x0000000010f3d800 JavaThread "C2 CompilerThread1" daemon [_thread_blocked, id=8104, stack(0x0000000013230000,0x0000000013330000)]
  0x0000000010f39000 JavaThread "C2 CompilerThread0" daemon [_thread_blocked, id=8908, stack(0x0000000013130000,0x0000000013230000)]
  0x0000000010f37800 JavaThread "Attach Listener" daemon [_thread_blocked, id=6104, stack(0x0000000013030000,0x0000000013130000)]
  0x0000000010f2b000 JavaThread "Signal Dispatcher" daemon [_thread_blocked, id=8404, stack(0x0000000012f30000,0x0000000013030000)]
  0x0000000010ece800 JavaThread "Finalizer" daemon [_thread_blocked, id=8976, stack(0x0000000012e30000,0x0000000012f30000)]
  0x0000000010ec7000 JavaThread "Reference Handler" daemon [_thread_blocked, id=9100, stack(0x0000000012d30000,0x0000000012e30000)]

Other Threads:
  0x0000000010ec2000 VMThread [stack: 0x0000000012c30000,0x0000000012d30000] [id=8592]
  0x0000000010f5f000 WatcherThread [stack: 0x0000000013430000,0x0000000013530000] [id=5020]

VM state:not at safepoint (normal execution)

VM Mutex/Monitor currently owned by a thread: None

Heap
 PSYoungGen      total 204032K, used 108999K [0x00000007aacb0000, 0x00000007baf00000, 0x0000000800000000)
  eden space 175424K, 50% used [0x00000007aacb0000,0x00000007b02e4268,0x00000007b5800000)
  from space 28608K, 72% used [0x00000007b9310000,0x00000007ba74dce0,0x00000007baf00000)
  to   space 44544K, 0% used [0x00000007b5800000,0x00000007b5800000,0x00000007b8380000)
 ParOldGen       total 305536K, used 35373K [0x0000000700600000, 0x0000000713060000, 0x00000007aacb0000)
  object space 305536K, 11% used [0x0000000700600000,0x000000070288b5d0,0x0000000713060000)
 PSPermGen       total 37632K, used 18004K [0x00000006fb400000, 0x00000006fd8c0000, 0x0000000700600000)
  object space 37632K, 47% used [0x00000006fb400000,0x00000006fc595120,0x00000006fd8c0000)

Card table byte_map: [0x00000000054e0000,0x0000000005d10000] byte_map_base: 0x0000000001d06000

Polling page: 0x00000000020a0000

Code Cache  [0x00000000024e0000, 0x0000000002750000, 0x00000000054e0000)
 total_blobs=870 nmethods=280 adapters=541 free_code_cache=47746Kb largest_free_block=48859712

Compilation events (10 events):
Event: 7.976 Thread 0x0000000010f3d800  274             sun.java2d.loops.ProcessPath$ActiveEdgeList::sort (171 bytes)
Event: 7.979 Thread 0x0000000010f3d800 nmethod 274 0x0000000002581050 code [0x00000000025811a0, 0x00000000025813d8]
Event: 8.004 Thread 0x0000000010f39000  275             com.googlecode.javacv.cpp.opencv_core$IplImage::flipCopyWithGamma (608 bytes)
Event: 8.047 Thread 0x0000000010f39000 nmethod 275 0x0000000002643f90 code [0x00000000026442a0, 0x0000000002646650]
Event: 8.078 Thread 0x0000000010f3d800  276             sun.java2d.loops.SurfaceType::getUniqueID (5 bytes)
Event: 8.078 Thread 0x0000000010f3d800 nmethod 276 0x0000000002613890 code [0x00000000026139c0, 0x0000000002613a18]
Event: 8.608 Thread 0x0000000010f39000  277             java.util.concurrent.locks.AbstractOwnableSynchronizer::getExclusiveOwnerThread (5 bytes)
Event: 8.608 Thread 0x0000000010f39000 nmethod 277 0x0000000002613690 code [0x00000000026137c0, 0x0000000002613838]
Event: 8.782 Thread 0x0000000010f3d800  278             java.util.concurrent.locks.ReentrantLock::lock (8 bytes)
Event: 8.783 Thread 0x0000000010f3d800 nmethod 278 0x00000000026119d0 code [0x0000000002611b40, 0x0000000002611c90]

GC Heap History (10 events):
Event: 7.422 GC heap before
{Heap before GC invocations=6 (full 2):
 PSYoungGen      total 141824K, used 130944K [0x00000007aacb0000, 0x00000007b41d0000, 0x0000000800000000)
  eden space 130944K, 100% used [0x00000007aacb0000,0x00000007b2c90000,0x00000007b2c90000)
  from space 10880K, 0% used [0x00000007b3730000,0x00000007b3730000,0x00000007b41d0000)
  to   space 10880K, 0% used [0x00000007b2c90000,0x00000007b2c90000,0x00000007b3730000)
 ParOldGen       total 268480K, used 267875K [0x0000000700600000, 0x0000000710c30000, 0x00000007aacb0000)
  object space 268480K, 99% used [0x0000000700600000,0x0000000710b98e28,0x0000000710c30000)
 PSPermGen       total 36160K, used 17945K [0x00000006fb400000, 0x00000006fd750000, 0x0000000700600000)
  object space 36160K, 49% used [0x00000006fb400000,0x00000006fc586438,0x00000006fd750000)
Event: 7.451 GC heap after
Heap after GC invocations=6 (full 2):
 PSYoungGen      total 141824K, used 0K [0x00000007aacb0000, 0x00000007b41d0000, 0x0000000800000000)
  eden space 130944K, 0% used [0x00000007aacb0000,0x00000007aacb0000,0x00000007b2c90000)
  from space 10880K, 0% used [0x00000007b3730000,0x00000007b3730000,0x00000007b41d0000)
  to   space 10880K, 0% used [0x00000007b2c90000,0x00000007b2c90000,0x00000007b3730000)
 ParOldGen       total 186880K, used 23016K [0x0000000700600000, 0x000000070bc80000, 0x00000007aacb0000)
  object space 186880K, 12% used [0x0000000700600000,0x0000000701c7a1a0,0x000000070bc80000)
 PSPermGen       total 40896K, used 17945K [0x00000006fb400000, 0x00000006fdbf0000, 0x0000000700600000)
  object space 40896K, 43% used [0x00000006fb400000,0x00000006fc586418,0x00000006fdbf0000)
}
Event: 7.682 GC heap before
{Heap before GC invocations=7 (full 2):
 PSYoungGen      total 141824K, used 130115K [0x00000007aacb0000, 0x00000007b41d0000, 0x0000000800000000)
  eden space 130944K, 99% used [0x00000007aacb0000,0x00000007b2bc0eb0,0x00000007b2c90000)
  from space 10880K, 0% used [0x00000007b3730000,0x00000007b3730000,0x00000007b41d0000)
  to   space 10880K, 0% used [0x00000007b2c90000,0x00000007b2c90000,0x00000007b3730000)
 ParOldGen       total 186880K, used 35166K [0x0000000700600000, 0x000000070bc80000, 0x00000007aacb0000)
  object space 186880K, 18% used [0x0000000700600000,0x00000007028579c0,0x000000070bc80000)
 PSPermGen       total 40896K, used 17945K [0x00000006fb400000, 0x00000006fdbf0000, 0x0000000700600000)
  object space 40896K, 43% used [0x00000006fb400000,0x00000006fc5865f8,0x00000006fdbf0000)
Event: 7.687 GC heap after
Heap after GC invocations=7 (full 2):
 PSYoungGen      total 141824K, used 10560K [0x00000007aacb0000, 0x00000007bc2f0000, 0x0000000800000000)
  eden space 130944K, 0% used [0x00000007aacb0000,0x00000007aacb0000,0x00000007b2c90000)
  from space 10880K, 97% used [0x00000007b2c90000,0x00000007b36e0030,0x00000007b3730000)
  to   space 49024K, 0% used [0x00000007b9310000,0x00000007b9310000,0x00000007bc2f0000)
 ParOldGen       total 186880K, used 54150K [0x0000000700600000, 0x000000070bc80000, 0x00000007aacb0000)
  object space 186880K, 28% used [0x0000000700600000,0x0000000703ae1b80,0x000000070bc80000)
 PSPermGen       total 40896K, used 17945K [0x00000006fb400000, 0x00000006fdbf0000, 0x0000000700600000)
  object space 40896K, 43% used [0x00000006fb400000,0x00000006fc5865f8,0x00000006fdbf0000)
}
Event: 8.565 GC heap before
{Heap before GC invocations=8 (full 3):
 PSYoungGen      total 141824K, used 141393K [0x00000007aacb0000, 0x00000007bc2f0000, 0x0000000800000000)
  eden space 130944K, 99% used [0x00000007aacb0000,0x00000007b2c74600,0x00000007b2c90000)
  from space 10880K, 97% used [0x00000007b2c90000,0x00000007b36e0030,0x00000007b3730000)
  to   space 49024K, 0% used [0x00000007b9310000,0x00000007b9310000,0x00000007bc2f0000)
 ParOldGen       total 338752K, used 338284K [0x0000000700600000, 0x00000007150d0000, 0x00000007aacb0000)
  object space 338752K, 99% used [0x0000000700600000,0x000000071505b2d0,0x00000007150d0000)
 PSPermGen       total 40896K, used 17971K [0x00000006fb400000, 0x00000006fdbf0000, 0x0000000700600000)
  object space 40896K, 43% used [0x00000006fb400000,0x00000006fc58cfa0,0x00000006fdbf0000)
Event: 8.598 GC heap after
Heap after GC invocations=8 (full 3):
 PSYoungGen      total 141824K, used 0K [0x00000007aacb0000, 0x00000007bc2f0000, 0x0000000800000000)
  eden space 130944K, 0% used [0x00000007aacb0000,0x00000007aacb0000,0x00000007b2c90000)
  from space 10880K, 0% used [0x00000007b2c90000,0x00000007b2c90000,0x00000007b3730000)
  to   space 49024K, 0% used [0x00000007b9310000,0x00000007b9310000,0x00000007bc2f0000)
 ParOldGen       total 243648K, used 35538K [0x0000000700600000, 0x000000070f3f0000, 0x00000007aacb0000)
  object space 243648K, 14% used [0x0000000700600000,0x00000007028b49d0,0x000000070f3f0000)
 PSPermGen       total 39232K, used 17971K [0x00000006fb400000, 0x00000006fda50000, 0x0000000700600000)
  object space 39232K, 45% used [0x00000006fb400000,0x00000006fc58cf80,0x00000006fda50000)
}
Event: 9.362 GC heap before
{Heap before GC invocations=9 (full 4):
 PSYoungGen      total 141824K, used 130944K [0x00000007aacb0000, 0x00000007bc2f0000, 0x0000000800000000)
  eden space 130944K, 100% used [0x00000007aacb0000,0x00000007b2c90000,0x00000007b2c90000)
  from space 10880K, 0% used [0x00000007b2c90000,0x00000007b2c90000,0x00000007b3730000)
  to   space 49024K, 0% used [0x00000007b9310000,0x00000007b9310000,0x00000007bc2f0000)
 ParOldGen       total 287872K, used 285711K [0x0000000700600000, 0x0000000711f20000, 0x00000007aacb0000)
  object space 287872K, 99% used [0x0000000700600000,0x0000000711d03d98,0x0000000711f20000)
 PSPermGen       total 39232K, used 17980K [0x00000006fb400000, 0x00000006fda50000, 0x0000000700600000)
  object space 39232K, 45% used [0x00000006fb400000,0x00000006fc58f1c8,0x00000006fda50000)
Event: 9.385 GC heap after
Heap after GC invocations=9 (full 4):
 PSYoungGen      total 141824K, used 0K [0x00000007aacb0000, 0x00000007bc2f0000, 0x0000000800000000)
  eden space 130944K, 0% used [0x00000007aacb0000,0x00000007aacb0000,0x00000007b2c90000)
  from space 10880K, 0% used [0x00000007b2c90000,0x00000007b2c90000,0x00000007b3730000)
  to   space 49024K, 0% used [0x00000007b9310000,0x00000007b9310000,0x00000007bc2f0000)
 ParOldGen       total 305536K, used 35373K [0x0000000700600000, 0x0000000713060000, 0x00000007aacb0000)
  object space 305536K, 11% used [0x0000000700600000,0x000000070288b5d0,0x0000000713060000)
 PSPermGen       total 37632K, used 17980K [0x00000006fb400000, 0x00000006fd8c0000, 0x0000000700600000)
  object space 37632K, 47% used [0x00000006fb400000,0x00000006fc58f198,0x00000006fd8c0000)
}
Event: 9.757 GC heap before
{Heap before GC invocations=10 (full 4):
 PSYoungGen      total 141824K, used 126979K [0x00000007aacb0000, 0x00000007bc2f0000, 0x0000000800000000)
  eden space 130944K, 96% used [0x00000007aacb0000,0x00000007b28b0ea0,0x00000007b2c90000)
  from space 10880K, 0% used [0x00000007b2c90000,0x00000007b2c90000,0x00000007b3730000)
  to   space 49024K, 0% used [0x00000007b9310000,0x00000007b9310000,0x00000007bc2f0000)
 ParOldGen       total 305536K, used 35373K [0x0000000700600000, 0x0000000713060000, 0x00000007aacb0000)
  object space 305536K, 11% used [0x0000000700600000,0x000000070288b5d0,0x0000000713060000)
 PSPermGen       total 37632K, used 17980K [0x00000006fb400000, 0x00000006fd8c0000, 0x0000000700600000)
  object space 37632K, 47% used [0x00000006fb400000,0x00000006fc58f198,0x00000006fd8c0000)
Event: 9.762 GC heap after
Heap after GC invocations=10 (full 4):
 PSYoungGen      total 204032K, used 20727K [0x00000007aacb0000, 0x00000007baf00000, 0x0000000800000000)
  eden space 175424K, 0% used [0x00000007aacb0000,0x00000007aacb0000,0x00000007b5800000)
  from space 28608K, 72% used [0x00000007b9310000,0x00000007ba74dce0,0x00000007baf00000)
  to   space 44544K, 0% used [0x00000007b5800000,0x00000007b5800000,0x00000007b8380000)
 ParOldGen       total 305536K, used 35373K [0x0000000700600000, 0x0000000713060000, 0x00000007aacb0000)
  object space 305536K, 11% used [0x0000000700600000,0x000000070288b5d0,0x0000000713060000)
 PSPermGen       total 37632K, used 17980K [0x00000006fb400000, 0x00000006fd8c0000, 0x0000000700600000)
  object space 37632K, 47% used [0x00000006fb400000,0x00000006fc58f198,0x00000006fd8c0000)
}

Deoptimization events (10 events):
Event: 3.912 Thread 0x0000000022460800 Uncommon trap -83 fr.pc 0x00000000025c71d8
Event: 4.109 Thread 0x0000000014860000 Uncommon trap -34 fr.pc 0x0000000002606984
Event: 4.109 Thread 0x0000000014860000 Uncommon trap -34 fr.pc 0x0000000002606984
Event: 4.109 Thread 0x0000000014860000 Uncommon trap -34 fr.pc 0x0000000002606984
Event: 4.109 Thread 0x0000000014860000 Uncommon trap -34 fr.pc 0x0000000002606984
Event: 7.925 Thread 0x00000000144a0800 Uncommon trap -122 fr.pc 0x000000000263b3c8
Event: 7.925 Thread 0x00000000144a0800 Uncommon trap -34 fr.pc 0x00000000026391e0
Event: 7.925 Thread 0x00000000144a0800 Uncommon trap -34 fr.pc 0x00000000026391e0
Event: 7.925 Thread 0x00000000144a0800 Uncommon trap -34 fr.pc 0x00000000026391e0
Event: 7.925 Thread 0x00000000144a0800 Uncommon trap -34 fr.pc 0x00000000026391e0

Internal exceptions (10 events):
Event: 3.964 Thread 0x0000000022460800 Threw 0x00000007ae9f41d0 at C:\jdk7u1_64p\jdk7u7\hotspot\src\share\vm\prims\jvm.cpp:1166
Event: 4.092 Thread 0x0000000014860000 Threw 0x00000007ab4d07a8 at C:\jdk7u1_64p\jdk7u7\hotspot\src\share\vm\prims\jvm.cpp:1166
Event: 4.096 Thread 0x0000000014860000 Threw 0x00000007ab4e1038 at C:\jdk7u1_64p\jdk7u7\hotspot\src\share\vm\prims\jvm.cpp:1166
Event: 4.300 Thread 0x0000000014860000 Threw 0x00000007abe82d28 at C:\jdk7u1_64p\jdk7u7\hotspot\src\share\vm\prims\jvm.cpp:1166
Event: 7.895 Thread 0x00000000144a0800 Threw 0x00000007acc20170 at C:\jdk7u1_64p\jdk7u7\hotspot\src\share\vm\prims\jvm.cpp:1166
Event: 7.896 Thread 0x00000000144a0800 Threw 0x00000007acc25740 at C:\jdk7u1_64p\jdk7u7\hotspot\src\share\vm\prims\jvm.cpp:1166
Event: 7.924 Thread 0x00000000144a0800 Threw 0x00000007b1069450 at C:\jdk7u1_64p\jdk7u7\hotspot\src\share\vm\prims\jvm.cpp:1166
Event: 7.965 Thread 0x00000000144a0800 Threw 0x00000007b106fa60 at C:\jdk7u1_64p\jdk7u7\hotspot\src\share\vm\prims\jni.cpp:742
Event: 7.965 Thread 0x00000000144a0800 Threw 0x00000007b106fa60 at C:\jdk7u1_64p\jdk7u7\hotspot\src\share\vm\prims\jvm.cpp:1170
Event: 7.965 Thread 0x00000000144a0800 Threw 0x00000007b106fa60 at C:\jdk7u1_64p\jdk7u7\hotspot\src\share\vm\prims\jvm.cpp:1170

Events (10 events):
Event: 9.200 loading class 0x0000000014a0d510
Event: 9.200 loading class 0x0000000014a0d510 done
Event: 9.200 loading class 0x0000000014565680
Event: 9.200 loading class 0x00000000149f87a0
Event: 9.200 loading class 0x00000000149f87a0 done
Event: 9.200 loading class 0x0000000014565680 done
Event: 9.362 Executing VM operation: ParallelGCFailedAllocation
Event: 9.385 Executing VM operation: ParallelGCFailedAllocation done
Event: 9.757 Executing VM operation: ParallelGCFailedAllocation
Event: 9.762 Executing VM operation: ParallelGCFailedAllocation done


Dynamic libraries:
0x000007f7f0ad0000 - 0x000007f7f0b04000 	F:\Program Files\Java\Jre7\bin\javaw.exe
0x000007f95e1d0000 - 0x000007f95e38e000 	C:\WINDOWS\SYSTEM32\ntdll.dll
0x000007f95d7e0000 - 0x000007f95d916000 	C:\WINDOWS\system32\KERNEL32.DLL
0x000007f95b470000 - 0x000007f95b563000 	C:\WINDOWS\system32\KERNELBASE.dll
0x000007f95ca50000 - 0x000007f95cb2e000 	C:\WINDOWS\system32\ADVAPI32.dll
0x000007f95ce50000 - 0x000007f95cf9c000 	C:\WINDOWS\system32\USER32.dll
0x000007f958910000 - 0x000007f958b79000 	C:\WINDOWS\WinSxS\amd64_microsoft.windows.common-controls_6595b64144ccf1df_6.0.9200.16384_none_418c2a697189c07f\COMCTL32.dll
0x000007f95d590000 - 0x000007f95d635000 	C:\WINDOWS\system32\msvcrt.dll
0x000007f95db40000 - 0x000007f95db88000 	C:\WINDOWS\SYSTEM32\sechost.dll
0x000007f95d6a0000 - 0x000007f95d7e0000 	C:\WINDOWS\system32\RPCRT4.dll
0x000007f95b620000 - 0x000007f95b760000 	C:\WINDOWS\system32\GDI32.dll
0x000007f95dcd0000 - 0x000007f95dd09000 	C:\WINDOWS\system32\IMM32.DLL
0x000007f95cd30000 - 0x000007f95ce45000 	C:\WINDOWS\system32\MSCTF.dll
0x000007f95b0c0000 - 0x000007f95b0c8000 	C:\PROGRA~2\NVIDIA~1\3DVISI~1\NVSTIN~1.DLL
0x000007f95d990000 - 0x000007f95d997000 	C:\WINDOWS\system32\PSAPI.DLL
0x000000006f560000 - 0x000000006f603000 	C:\WINDOWS\WinSxS\amd64_microsoft.vc90.crt_1fc8b3b9a1e18e3b_9.0.30729.6871_none_08e717a5a83adddf\MSVCR90.dll
0x000000006db00000 - 0x000000006dbd1000 	F:\Program Files\Java\Jre7\bin\msvcr100.dll
0x000000006d3e0000 - 0x000000006daff000 	F:\Program Files\Java\Jre7\bin\server\jvm.dll
0x000007f953860000 - 0x000007f953869000 	C:\WINDOWS\SYSTEM32\WSOCK32.dll
0x000007f958800000 - 0x000007f958820000 	C:\WINDOWS\SYSTEM32\WINMM.dll
0x000007f95d920000 - 0x000007f95d978000 	C:\WINDOWS\system32\WS2_32.dll
0x000007f958100000 - 0x000007f958132000 	C:\WINDOWS\SYSTEM32\WINMMBASE.dll
0x000007f95dd10000 - 0x000007f95dd19000 	C:\WINDOWS\system32\NSI.dll
0x000000006d3d0000 - 0x000000006d3df000 	F:\Program Files\Java\Jre7\bin\verify.dll
0x000000006d3a0000 - 0x000000006d3c8000 	F:\Program Files\Java\Jre7\bin\java.dll
0x000000006d380000 - 0x000000006d395000 	F:\Program Files\Java\Jre7\bin\zip.dll
0x000000006c580000 - 0x000000006c713000 	F:\Program Files\Java\Jre7\bin\awt.dll
0x000007f95db90000 - 0x000007f95dc53000 	C:\WINDOWS\system32\OLEAUT32.dll
0x000007f95d3e0000 - 0x000007f95d590000 	C:\WINDOWS\system32\combase.dll
0x000007f955390000 - 0x000007f95542f000 	C:\WINDOWS\system32\apphelp.dll
0x000007f959ec0000 - 0x000007f959fa3000 	C:\WINDOWS\system32\uxtheme.dll
0x000007f9552f0000 - 0x000007f955385000 	C:\Program Files\Common Files\microsoft shared\ink\tiptsf.dll
0x000007f959650000 - 0x000007f959671000 	C:\WINDOWS\SYSTEM32\dwmapi.dll
0x000007f95cfa0000 - 0x000007f95d11e000 	C:\WINDOWS\system32\ole32.dll
0x000007f95af30000 - 0x000007f95af3a000 	C:\WINDOWS\SYSTEM32\CRYPTBASE.dll
0x000007f95aeb0000 - 0x000007f95af0c000 	C:\WINDOWS\SYSTEM32\bcryptPrimitives.dll
0x000007f95b760000 - 0x000007f95ca48000 	C:\WINDOWS\system32\SHELL32.dll
0x000007f95dc80000 - 0x000007f95dcd0000 	C:\WINDOWS\system32\SHLWAPI.dll
0x000007f95a290000 - 0x000007f95a326000 	C:\WINDOWS\SYSTEM32\shcore.dll
0x000000006e430000 - 0x000000006e4c8000 	C:\Windows\System32\msvcp100.dll
0x000007f945e60000 - 0x000007f9460b8000 	C:\opencv\build\x64\vc10\bin\opencv_core243.dll
0x000007f954c40000 - 0x000007f954cd5000 	C:\Users\Jonas\AppData\Local\Temp\javacpp232613041215988\jniopencv_core.dll
0x000007f943c30000 - 0x000007f943ed5000 	C:\opencv\build\x64\vc10\bin\opencv_imgproc243.dll
0x000007f954bf0000 - 0x000007f954c38000 	C:\Users\Jonas\AppData\Local\Temp\javacpp232613041215988\jniopencv_imgproc.dll
0x0000000066840000 - 0x00000000675ca000 	C:\opencv\build\x64\vc10\bin\opencv_ffmpeg243_64.dll
0x000007f9422f0000 - 0x000007f94253b000 	C:\opencv\build\x64\vc10\bin\opencv_highgui243.dll
0x000007f954af0000 - 0x000007f954b10000 	C:\WINDOWS\SYSTEM32\AVIFIL32.dll
0x000007f9547b0000 - 0x000007f9547d9000 	C:\WINDOWS\SYSTEM32\MSVFW32.dll
0x000007f954b70000 - 0x000007f954b87000 	C:\WINDOWS\SYSTEM32\AVICAP32.dll
0x000007f948660000 - 0x000007f948679000 	C:\WINDOWS\SYSTEM32\MSACM32.dll
0x000007f959620000 - 0x000007f959629000 	C:\WINDOWS\SYSTEM32\VERSION.dll
0x000007f954a20000 - 0x000007f954a33000 	C:\Users\Jonas\AppData\Local\Temp\javacpp232613041215988\jniopencv_highgui.dll
0x000007f95cc90000 - 0x000007f95cd26000 	C:\WINDOWS\SYSTEM32\clbcatq.dll
0x000007f954980000 - 0x000007f954997000 	C:\Windows\System32\devenum.dll
0x000007f95e000000 - 0x000007f95e1d0000 	C:\WINDOWS\system32\setupapi.dll
0x000007f95b390000 - 0x000007f95b3df000 	C:\WINDOWS\system32\CFGMGR32.dll
0x000007f95b440000 - 0x000007f95b462000 	C:\WINDOWS\system32\DEVOBJ.dll
0x000007f954440000 - 0x000007f95446e000 	C:\WINDOWS\SYSTEM32\ntmarta.dll
0x000007f95b3e0000 - 0x000007f95b435000 	C:\WINDOWS\system32\WINTRUST.dll
0x000007f95b1b0000 - 0x000007f95b387000 	C:\WINDOWS\system32\CRYPT32.dll
0x000007f95b190000 - 0x000007f95b1a6000 	C:\WINDOWS\system32\MSASN1.dll
0x000007f9587f0000 - 0x000007f9587fd000 	C:\WINDOWS\SYSTEM32\msdmo.dll
0x000007f952370000 - 0x000007f95239f000 	C:\Windows\System32\qcap.dll
0x000007f944d50000 - 0x000007f944f08000 	C:\Windows\System32\quartz.dll
0x000007f951fc0000 - 0x000007f951fff000 	C:\Windows\System32\ksproxy.ax
0x000007f955b30000 - 0x000007f955b37000 	C:\Windows\System32\ksuser.dll
0x000007f94a240000 - 0x000007f94a440000 	C:\Windows\System32\d3d9.dll
0x000007f957430000 - 0x000007f95743c000 	C:\Windows\System32\vidcap.ax
0x000007f952150000 - 0x000007f952174000 	C:\Windows\System32\kswdmcap.ax
0x000007f943950000 - 0x000007f943aa4000 	C:\Windows\System32\MFC42.dll
0x000007f945700000 - 0x000007f9457be000 	C:\Windows\System32\ODBC32.dll
0x000007f945820000 - 0x000007f9458b5000 	C:\Windows\System32\qedit.dll
0x000007f95df50000 - 0x000007f95dff1000 	C:\WINDOWS\system32\COMDLG32.dll
0x000007f95d9a0000 - 0x000007f95db40000 	C:\WINDOWS\WinSxS\amd64_microsoft.windows.gdiplus_6595b64144ccf1df_1.1.9200.16384_none_72771d4ecc1c3a4d\gdiplus.dll
0x000007f942540000 - 0x000007f94262a000 	C:\WINDOWS\SYSTEM32\DDRAW.dll
0x000007f957440000 - 0x000007f957448000 	C:\WINDOWS\SYSTEM32\DCIMAN32.dll
0x000000006c540000 - 0x000000006c574000 	F:\Program Files\Java\Jre7\bin\fontmanager.dll
0x000007f93d8c0000 - 0x000007f93ea40000 	C:\WINDOWS\SYSTEM32\nvd3dumx.dll
0x000007f95afb0000 - 0x000007f95aff3000 	C:\WINDOWS\SYSTEM32\powrprof.dll
0x0000000180000000 - 0x0000000180116000 	C:\Program Files (x86)\NVIDIA Corporation\3D Vision\nvSCPAPI64.dll
0x000007f958830000 - 0x000007f9588a4000 	C:\WINDOWS\SYSTEM32\dxgi.dll
0x000007f957c90000 - 0x000007f957f52000 	C:\WINDOWS\SYSTEM32\nvapi64.dll
0x000007f958140000 - 0x000007f95815f000 	C:\WINDOWS\SYSTEM32\DXGIDebug.dll
0x000000006d360000 - 0x000000006d379000 	F:\Program Files\Java\Jre7\bin\net.dll
0x000007f95a920000 - 0x000007f95a97c000 	C:\WINDOWS\system32\mswsock.dll
0x000000006d340000 - 0x000000006d351000 	F:\Program Files\Java\Jre7\bin\nio.dll
0x000000006c4f0000 - 0x000000006c531000 	F:\Program Files\Java\Jre7\bin\t2k.dll
0x000007f958d90000 - 0x000007f958f1a000 	C:\WINDOWS\SYSTEM32\WindowsCodecs.dll
0x000007f95b0e0000 - 0x000007f95b0f5000 	C:\WINDOWS\SYSTEM32\profapi.dll
0x000007f957fd0000 - 0x000007f958039000 	C:\WINDOWS\SYSTEM32\oleacc.dll
0x000000006c4c0000 - 0x000000006c4ea000 	F:\Program Files\Java\Jre7\bin\dcpr.dll
0x000007f948020000 - 0x000007f948183000 	C:\WINDOWS\SYSTEM32\dbghelp.dll

VM Arguments:
jvm_args: -Dfile.encoding=Cp1252 
java_command: emcscanner.kth.se.Program
Launcher Type: SUN_STANDARD

Environment Variables:
PATH=C:\Program Files (x86)\NVIDIA Corporation\PhysX\Common;C:\WINDOWS\system32;C:\WINDOWS;C:\WINDOWS\System32\Wbem;C:\WINDOWS\System32\WindowsPowerShell\v1.0\;C:\Program Files (x86)\Microsoft SQL Server\90\Tools\binn\;C:\Program Files (x86)\Autodesk\Backburner\;F:\Program Files\MATLAB\R2012a\runtime\win64;F:\Program Files\MATLAB\R2012a\bin;PROGRAMFILES\Internet Explorer;C:\Program Files\Perforce;F:\Program Files\Perforce;C:\Program Files\Microsoft\Web Platform Installer\;C:\Program Files (x86)\Microsoft ASP.NET\ASP.NET Web Pages\v1.0\;C:\Program Files (x86)\Windows Kits\8.0\Windows Performance Toolkit\;C:\Program Files\Microsoft SQL Server\110\Tools\Binn\;F:\Program Files\Perforce\Server
USERNAME=Jonas
OS=Windows_NT
PROCESSOR_IDENTIFIER=Intel64 Family 6 Model 42 Stepping 7, GenuineIntel



---------------  S Y S T E M  ---------------

OS: Windows 8 , 64 bit Build 9200 

CPU:total 8 (4 cores per cpu, 2 threads per core) family 6 model 42 stepping 7, cmov, cx8, fxsr, mmx, sse, sse2, sse3, ssse3, sse4.1, sse4.2, popcnt, avx, ht, tsc, tscinvbit

Memory: 4k page, physical 16751668k(11365888k free), swap 33528884k(23055656k free)

vm_info: Java HotSpot(TM) 64-Bit Server VM (23.3-b01) for windows-amd64 JRE (1.7.0_07-b11), built on Sep  7 2012 01:19:25 by "java_re" with unknown MS VC++:1600

time: Thu Jan 31 16:32:31 2013
elapsed time: 10 seconds

