#
# A fatal error has been detected by the Java Runtime Environment:
#
#  EXCEPTION_ACCESS_VIOLATION (0xc0000005) at pc=0x0000000002ce1126, pid=7960, tid=5484
#
# JRE version: 7.0_07-b11
# Java VM: Java HotSpot(TM) 64-Bit Server VM (23.3-b01 mixed mode windows-amd64 compressed oops)
# Problematic frame:
# J  com.googlecode.javacv.cpp.opencv_core$IplImage.flipCopyWithGamma(Ljava/nio/ByteBuffer;ILjava/nio/ByteBuffer;IZDZI)V
#
# Failed to write core dump. Minidumps are not enabled by default on client versions of Windows
#
# If you would like to submit a bug report, please visit:
#   http://bugreport.sun.com/bugreport/crash.jsp
#

---------------  T H R E A D  ---------------

Current thread (0x0000000013e4b000):  JavaThread "threadDisplay" daemon [_thread_in_Java, id=5484, stack(0x000000001ac20000,0x000000001ad20000)]

siginfo: ExceptionCode=0xc0000005, reading address 0x000000001a75cd65

Registers:
RAX=0x000000000013ad15, RBX=0x00000000005eec00, RCX=0x0000000000000000, RDX=0x000000001a622050
RSP=0x000000001ad1ed10, RBP=0x00000007ab00a068, RSI=0x00000007ae017d58, RDI=0x00000000005eec00
R8 =0x000000000013ad15, R9 =0x000000000013ad15, R10=0x000000000000167f, R11=0x00000000005eec00
R12=0x0000000000000000, R13=0x000000000013ad15, R14=0x0000000000001395, R15=0x0000000013e4b000
RIP=0x0000000002ce1126, EFLAGS=0x0000000000010203

Top of Stack: (sp=0x000000001ad1ed10)
0x000000001ad1ed10:   00000007ae017d58 00000000005eec00
0x000000001ad1ed20:   00000000005eec00 0000000000000000
0x000000001ad1ed30:   3ff0000000000000 00000007ab00a028
0x000000001ad1ed40:   00000007ab00a068 3ff0000000000000
0x000000001ad1ed50:   0013998000000000 df6aba8200139980
0x000000001ad1ed60:   00001680df6c66a9 0000000000001680
0x000000001ad1ed70:   00000007ab00a098 00001680ffffffff
0x000000001ad1ed80:   00000007ab00a068 00000007ab00a028
0x000000001ad1ed90:   00000000f5c02fab 0000000000000000
0x000000001ad1eda0:   00000007ae017d58 00000007ab00a068
0x000000001ad1edb0:   00000007ab00a068 000000001ad1edb8
0x000000001ad1edc0:   000000001ad1ee78 0000000002b861f8
0x000000001ad1edd0:   0000000000000000 00000006fc4014a0
0x000000001ad1ede0:   00000006fb555c58 0000000002b861f8
0x000000001ad1edf0:   0000000000000000 0000000000000000
0x000000001ad1ee00:   3ff0000000000000 0000000000000000 

Instructions: (pc=0x0000000002ce1126)
0x0000000002ce1106:   45 18 3b c7 0f 8d 75 01 00 00 44 8b c0 41 ff c0
0x0000000002ce1116:   44 89 45 18 48 8b 6c 24 70 44 8b 45 18 4c 63 c8
0x0000000002ce1126:   42 0f b6 04 0a 44 3b c3 0f 8d 81 01 00 00 45 8b
0x0000000002ce1136:   c8 44 03 c9 41 ff c0 44 89 45 18 45 3b cb 0f 83 


Register to memory mapping:

RAX=0x000000000013ad15 is an unknown value
RBX=0x00000000005eec00 is an unknown value
RCX=0x0000000000000000 is an unknown value
RDX=0x000000001a622050 is an unknown value
RSP=0x000000001ad1ed10 is pointing into the stack for thread: 0x0000000013e4b000
RBP=0x00000007ab00a068 is an oop
java.nio.HeapByteBuffer 
 - klass: 'java/nio/HeapByteBuffer'
RSI=0x00000007ae017d58 is an oop
[B 
 - klass: {type array byte}
 - length: 6220800
RDI=0x00000000005eec00 is an unknown value
R8 =0x000000000013ad15 is an unknown value
R9 =0x000000000013ad15 is an unknown value
R10=0x000000000000167f is an unknown value
R11=0x00000000005eec00 is an unknown value
R12=0x0000000000000000 is an unknown value
R13=0x000000000013ad15 is an unknown value
R14=0x0000000000001395 is an unknown value
R15=0x0000000013e4b000 is a thread


Stack: [0x000000001ac20000,0x000000001ad20000],  sp=0x000000001ad1ed10,  free space=1019k
Native frames: (J=compiled Java code, j=interpreted, Vv=VM code, C=native code)
J  com.googlecode.javacv.cpp.opencv_core$IplImage.flipCopyWithGamma(Ljava/nio/ByteBuffer;ILjava/nio/ByteBuffer;IZDZI)V


---------------  P R O C E S S  ---------------

Java Threads: ( => current thread )
  0x0000000013cff000 JavaThread "Thread-0" daemon [_thread_in_native, id=6876, stack(0x0000000017670000,0x0000000017770000)]
  0x000000001e0d1800 JavaThread "Thread-2" [_thread_in_native, id=7828, stack(0x0000000017570000,0x0000000017670000)]
  0x000000001f03f800 JavaThread "ICEpdf-pagePainter" daemon [_thread_blocked, id=1744, stack(0x0000000022430000,0x0000000022530000)]
  0x00000000165cd000 JavaThread "ICEpdf-pageInitializer" daemon [_thread_blocked, id=4688, stack(0x0000000022200000,0x0000000022300000)]
  0x0000000002a7e000 JavaThread "DestroyJavaVM" [_thread_blocked, id=2132, stack(0x0000000002940000,0x0000000002a40000)]
  0x00000000163c9800 JavaThread "TimerQueue" daemon [_thread_blocked, id=1528, stack(0x000000001e540000,0x000000001e640000)]
  0x0000000016569000 JavaThread "AWT-EventQueue-0" [_thread_blocked, id=3188, stack(0x000000001e440000,0x000000001e540000)]
  0x0000000014067800 JavaThread "AWT-Shutdown" [_thread_blocked, id=4856, stack(0x000000001ad20000,0x000000001ae20000)]
=>0x0000000013e4b000 JavaThread "threadDisplay" daemon [_thread_in_Java, id=5484, stack(0x000000001ac20000,0x000000001ad20000)]
  0x0000000013e27800 JavaThread "AWT-Windows" daemon [_thread_in_native, id=236, stack(0x00000000146c0000,0x00000000147c0000)]
  0x0000000013dfe800 JavaThread "Java2D Disposer" daemon [_thread_blocked, id=6336, stack(0x00000000144c0000,0x00000000145c0000)]
  0x00000000116a4800 JavaThread "Service Thread" daemon [_thread_blocked, id=1344, stack(0x0000000013ac0000,0x0000000013bc0000)]
  0x000000001169f800 JavaThread "C2 CompilerThread1" daemon [_thread_blocked, id=8092, stack(0x00000000139c0000,0x0000000013ac0000)]
  0x000000001169b000 JavaThread "C2 CompilerThread0" daemon [_thread_blocked, id=6344, stack(0x00000000138c0000,0x00000000139c0000)]
  0x0000000011697800 JavaThread "Attach Listener" daemon [_thread_blocked, id=1720, stack(0x00000000137c0000,0x00000000138c0000)]
  0x000000001168b000 JavaThread "Signal Dispatcher" daemon [_thread_blocked, id=6352, stack(0x00000000136c0000,0x00000000137c0000)]
  0x000000001162e800 JavaThread "Finalizer" daemon [_thread_blocked, id=2008, stack(0x00000000135c0000,0x00000000136c0000)]
  0x0000000011627000 JavaThread "Reference Handler" daemon [_thread_blocked, id=6948, stack(0x00000000134c0000,0x00000000135c0000)]

Other Threads:
  0x0000000011622000 VMThread [stack: 0x00000000133c0000,0x00000000134c0000] [id=8096]
  0x00000000116bf000 WatcherThread [stack: 0x0000000013bc0000,0x0000000013cc0000] [id=7652]

VM state:not at safepoint (normal execution)

VM Mutex/Monitor currently owned by a thread: None

Heap
 PSYoungGen      total 76352K, used 70237K [0x00000007aacb0000, 0x00000007b01e0000, 0x0000000800000000)
  eden space 65472K, 90% used [0x00000007aacb0000,0x00000007ae6aa4e8,0x00000007aeca0000)
  from space 10880K, 99% used [0x00000007af740000,0x00000007b01dd0e0,0x00000007b01e0000)
  to   space 10880K, 0% used [0x00000007aeca0000,0x00000007aeca0000,0x00000007af740000)
 ParOldGen       total 174528K, used 28672K [0x0000000700600000, 0x000000070b070000, 0x00000007aacb0000)
  object space 174528K, 16% used [0x0000000700600000,0x0000000702200358,0x000000070b070000)
 PSPermGen       total 21248K, used 17903K [0x00000006fb400000, 0x00000006fc8c0000, 0x0000000700600000)
  object space 21248K, 84% used [0x00000006fb400000,0x00000006fc57bfe8,0x00000006fc8c0000)

Card table byte_map: [0x0000000005c40000,0x0000000006470000] byte_map_base: 0x0000000002466000

Polling page: 0x0000000000ef0000

Code Cache  [0x0000000002b80000, 0x0000000002df0000, 0x0000000005b80000)
 total_blobs=856 nmethods=267 adapters=540 free_code_cache=47772Kb largest_free_block=48875648

Compilation events (10 events):
Event: 5.496 Thread 0x000000001169f800    7 %           com.googlecode.javacv.cpp.opencv_core$IplImage::flipCopyWithGamma @ 484 (608 bytes)
Event: 5.532 Thread 0x000000001169f800 nmethod 7% 0x0000000002cdba50 code [0x0000000002cdbd20, 0x0000000002cdd720]
Event: 5.955 Thread 0x000000001169b000  258             java.awt.Component::inside (30 bytes)
Event: 5.956 Thread 0x000000001169b000 nmethod 258 0x0000000002cd5b50 code [0x0000000002cd5c80, 0x0000000002cd5cf8]
Event: 6.230 Thread 0x000000001169f800  259             java.util.concurrent.ConcurrentHashMap::get (141 bytes)
Event: 6.235 Thread 0x000000001169f800 nmethod 259 0x0000000002cd7d10 code [0x0000000002cd7e80, 0x0000000002cd80e8]
Event: 6.308 Thread 0x000000001169b000  260             javax.swing.text.StyleContext$SmallAttributeSet::getLocalAttribute (49 bytes)
Event: 6.310 Thread 0x000000001169b000 nmethod 260 0x0000000002cd78d0 code [0x0000000002cd7a20, 0x0000000002cd7bb8]
Event: 6.671 Thread 0x000000001169f800  261             com.googlecode.javacv.cpp.opencv_core$IplImage::flipCopyWithGamma (608 bytes)
Event: 6.702 Thread 0x000000001169f800 nmethod 261 0x0000000002ce0b10 code [0x0000000002ce0dc0, 0x0000000002ce2b00]

GC Heap History (4 events):
Event: 4.104 GC heap before
{Heap before GC invocations=1 (full 0):
 PSYoungGen      total 76352K, used 65472K [0x00000007aacb0000, 0x00000007b01e0000, 0x0000000800000000)
  eden space 65472K, 100% used [0x00000007aacb0000,0x00000007aeca0000,0x00000007aeca0000)
  from space 10880K, 0% used [0x00000007af740000,0x00000007af740000,0x00000007b01e0000)
  to   space 10880K, 0% used [0x00000007aeca0000,0x00000007aeca0000,0x00000007af740000)
 ParOldGen       total 174528K, used 0K [0x0000000700600000, 0x000000070b070000, 0x00000007aacb0000)
  object space 174528K, 0% used [0x0000000700600000,0x0000000700600000,0x000000070b070000)
 PSPermGen       total 21248K, used 17585K [0x00000006fb400000, 0x00000006fc8c0000, 0x0000000700600000)
  object space 21248K, 82% used [0x00000006fb400000,0x00000006fc52c7f8,0x00000006fc8c0000)
Event: 4.114 GC heap after
Heap after GC invocations=1 (full 0):
 PSYoungGen      total 76352K, used 9466K [0x00000007aacb0000, 0x00000007b01e0000, 0x0000000800000000)
  eden space 65472K, 0% used [0x00000007aacb0000,0x00000007aacb0000,0x00000007aeca0000)
  from space 10880K, 87% used [0x00000007aeca0000,0x00000007af5de9e0,0x00000007af740000)
  to   space 10880K, 0% used [0x00000007af740000,0x00000007af740000,0x00000007b01e0000)
 ParOldGen       total 174528K, used 8K [0x0000000700600000, 0x000000070b070000, 0x00000007aacb0000)
  object space 174528K, 0% used [0x0000000700600000,0x0000000700602000,0x000000070b070000)
 PSPermGen       total 21248K, used 17585K [0x00000006fb400000, 0x00000006fc8c0000, 0x0000000700600000)
  object space 21248K, 82% used [0x00000006fb400000,0x00000006fc52c7f8,0x00000006fc8c0000)
}
Event: 10.119 GC heap before
{Heap before GC invocations=2 (full 0):
 PSYoungGen      total 76352K, used 71666K [0x00000007aacb0000, 0x00000007b01e0000, 0x0000000800000000)
  eden space 65472K, 95% used [0x00000007aacb0000,0x00000007ae96e028,0x00000007aeca0000)
  from space 10880K, 87% used [0x00000007aeca0000,0x00000007af5de9e0,0x00000007af740000)
  to   space 10880K, 0% used [0x00000007af740000,0x00000007af740000,0x00000007b01e0000)
 ParOldGen       total 174528K, used 8K [0x0000000700600000, 0x000000070b070000, 0x00000007aacb0000)
  object space 174528K, 0% used [0x0000000700600000,0x0000000700602000,0x000000070b070000)
 PSPermGen       total 21248K, used 17872K [0x00000006fb400000, 0x00000006fc8c0000, 0x0000000700600000)
  object space 21248K, 84% used [0x00000006fb400000,0x00000006fc574360,0x00000006fc8c0000)
Event: 10.139 GC heap after
Heap after GC invocations=2 (full 0):
 PSYoungGen      total 76352K, used 10868K [0x00000007aacb0000, 0x00000007b01e0000, 0x0000000800000000)
  eden space 65472K, 0% used [0x00000007aacb0000,0x00000007aacb0000,0x00000007aeca0000)
  from space 10880K, 99% used [0x00000007af740000,0x00000007b01dd0e0,0x00000007b01e0000)
  to   space 10880K, 0% used [0x00000007aeca0000,0x00000007aeca0000,0x00000007af740000)
 ParOldGen       total 174528K, used 28672K [0x0000000700600000, 0x000000070b070000, 0x00000007aacb0000)
  object space 174528K, 16% used [0x0000000700600000,0x0000000702200358,0x000000070b070000)
 PSPermGen       total 21248K, used 17872K [0x00000006fb400000, 0x00000006fc8c0000, 0x0000000700600000)
  object space 21248K, 84% used [0x00000006fb400000,0x00000006fc574360,0x00000006fc8c0000)
}

Deoptimization events (10 events):
Event: 2.692 Thread 0x0000000002a7e000 Uncommon trap -83 fr.pc 0x0000000002c263f8
Event: 2.692 Thread 0x0000000002a7e000 Uncommon trap -83 fr.pc 0x0000000002c25b7c
Event: 3.145 Thread 0x0000000002a7e000 Uncommon trap 43 fr.pc 0x0000000002c3c664
Event: 3.729 Thread 0x0000000016569000 Uncommon trap -83 fr.pc 0x0000000002c3b044
Event: 3.799 Thread 0x00000000165cd000 Uncommon trap -83 fr.pc 0x0000000002c3ac34
Event: 3.845 Thread 0x00000000165cd000 Uncommon trap -83 fr.pc 0x0000000002c440c4
Event: 3.857 Thread 0x00000000165cd000 Uncommon trap -83 fr.pc 0x0000000002c72e68
Event: 3.910 Thread 0x00000000165cd000 Uncommon trap -83 fr.pc 0x0000000002c9010c
Event: 3.940 Thread 0x00000000165cd000 Uncommon trap -83 fr.pc 0x0000000002c647d8
Event: 4.123 Thread 0x000000001f03f800 Uncommon trap -83 fr.pc 0x0000000002ca73bc

Internal exceptions (10 events):
Event: 3.951 Thread 0x00000000165cd000 Threw 0x00000007ae5eadb8 at C:\jdk7u1_64p\jdk7u7\hotspot\src\share\vm\prims\jvm.cpp:1166
Event: 3.986 Thread 0x00000000165cd000 Threw 0x00000007ae721e30 at C:\jdk7u1_64p\jdk7u7\hotspot\src\share\vm\prims\jvm.cpp:1166
Event: 3.987 Thread 0x00000000165cd000 Threw 0x00000007ae724c00 at C:\jdk7u1_64p\jdk7u7\hotspot\src\share\vm\prims\jvm.cpp:1166
Event: 3.989 Thread 0x00000000165cd000 Threw 0x00000007ae735068 at C:\jdk7u1_64p\jdk7u7\hotspot\src\share\vm\prims\jvm.cpp:1166
Event: 3.989 Thread 0x00000000165cd000 Threw 0x00000007ae737e38 at C:\jdk7u1_64p\jdk7u7\hotspot\src\share\vm\prims\jvm.cpp:1166
Event: 3.990 Thread 0x00000000165cd000 Threw 0x00000007ae73afe8 at C:\jdk7u1_64p\jdk7u7\hotspot\src\share\vm\prims\jvm.cpp:1166
Event: 3.990 Thread 0x00000000165cd000 Threw 0x00000007ae73ddb8 at C:\jdk7u1_64p\jdk7u7\hotspot\src\share\vm\prims\jvm.cpp:1166
Event: 4.115 Thread 0x000000001f03f800 Threw 0x00000007aad58388 at C:\jdk7u1_64p\jdk7u7\hotspot\src\share\vm\prims\jvm.cpp:1166
Event: 4.119 Thread 0x000000001f03f800 Threw 0x00000007aad691b8 at C:\jdk7u1_64p\jdk7u7\hotspot\src\share\vm\prims\jvm.cpp:1166
Event: 4.317 Thread 0x000000001f03f800 Threw 0x00000007abccb6a0 at C:\jdk7u1_64p\jdk7u7\hotspot\src\share\vm\prims\jvm.cpp:1166

Events (10 events):
Event: 10.140 Executing VM operation: RevokeBias
Event: 10.140 Executing VM operation: RevokeBias done
Event: 10.140 Executing VM operation: RevokeBias
Event: 10.140 Executing VM operation: RevokeBias done
Event: 11.284 loading class 0x00000000168227e0
Event: 11.284 loading class 0x00000000168227e0 done
Event: 11.284 loading class 0x0000000013e29ce0
Event: 11.284 loading class 0x0000000016959e30
Event: 11.284 loading class 0x0000000016959e30 done
Event: 11.284 loading class 0x0000000013e29ce0 done


Dynamic libraries:
0x000007f7dc190000 - 0x000007f7dc1c4000 	F:\Program Files\Java\Jre7\bin\javaw.exe
0x000007ff3c8c0000 - 0x000007ff3ca7e000 	C:\WINDOWS\SYSTEM32\ntdll.dll
0x000007ff3a840000 - 0x000007ff3a976000 	C:\WINDOWS\system32\KERNEL32.DLL
0x000007ff39a80000 - 0x000007ff39b73000 	C:\WINDOWS\system32\KERNELBASE.dll
0x000007ff3ae10000 - 0x000007ff3aeee000 	C:\WINDOWS\system32\ADVAPI32.dll
0x000007ff39f70000 - 0x000007ff3a0bc000 	C:\WINDOWS\system32\USER32.dll
0x000007ff36fd0000 - 0x000007ff37239000 	C:\WINDOWS\WinSxS\amd64_microsoft.windows.common-controls_6595b64144ccf1df_6.0.9200.16384_none_418c2a697189c07f\COMCTL32.dll
0x000007ff3a5d0000 - 0x000007ff3a675000 	C:\WINDOWS\system32\msvcrt.dll
0x000007ff3aef0000 - 0x000007ff3af38000 	C:\WINDOWS\SYSTEM32\sechost.dll
0x000007ff3c500000 - 0x000007ff3c640000 	C:\WINDOWS\system32\RPCRT4.dll
0x000007ff39d10000 - 0x000007ff39e50000 	C:\WINDOWS\system32\GDI32.dll
0x000007ff3c640000 - 0x000007ff3c679000 	C:\WINDOWS\system32\IMM32.DLL
0x000007ff3a2f0000 - 0x000007ff3a405000 	C:\WINDOWS\system32\MSCTF.dll
0x000007ff397b0000 - 0x000007ff397b8000 	C:\PROGRA~2\NVIDIA~1\3DVISI~1\NVSTIN~1.DLL
0x000007ff3c680000 - 0x000007ff3c687000 	C:\WINDOWS\system32\PSAPI.DLL
0x000000005d2b0000 - 0x000000005d353000 	C:\WINDOWS\WinSxS\amd64_microsoft.vc90.crt_1fc8b3b9a1e18e3b_9.0.30729.6871_none_08e717a5a83adddf\MSVCR90.dll
0x000000005b640000 - 0x000000005b711000 	F:\Program Files\Java\Jre7\bin\msvcr100.dll
0x000000005af20000 - 0x000000005b63f000 	F:\Program Files\Java\Jre7\bin\server\jvm.dll
0x000007ff31ca0000 - 0x000007ff31ca9000 	C:\WINDOWS\SYSTEM32\WSOCK32.dll
0x000007ff37250000 - 0x000007ff37270000 	C:\WINDOWS\SYSTEM32\WINMM.dll
0x000007ff3a680000 - 0x000007ff3a6d8000 	C:\WINDOWS\system32\WS2_32.dll
0x000007ff368c0000 - 0x000007ff368f2000 	C:\WINDOWS\SYSTEM32\WINMMBASE.dll
0x000007ff3a980000 - 0x000007ff3a989000 	C:\WINDOWS\system32\NSI.dll
0x000000005af10000 - 0x000000005af1f000 	F:\Program Files\Java\Jre7\bin\verify.dll
0x000000005aee0000 - 0x000000005af08000 	F:\Program Files\Java\Jre7\bin\java.dll
0x000000005aec0000 - 0x000000005aed5000 	F:\Program Files\Java\Jre7\bin\zip.dll
0x000000005bd60000 - 0x000000005bef3000 	F:\Program Files\Java\Jre7\bin\awt.dll
0x000007ff39e50000 - 0x000007ff39f13000 	C:\WINDOWS\system32\OLEAUT32.dll
0x000007ff3a140000 - 0x000007ff3a2f0000 	C:\WINDOWS\system32\combase.dll
0x000007ff339e0000 - 0x000007ff33a7f000 	C:\WINDOWS\system32\apphelp.dll
0x000007ff385b0000 - 0x000007ff38693000 	C:\WINDOWS\system32\uxtheme.dll
0x000007ff33a80000 - 0x000007ff33b15000 	C:\Program Files\Common Files\microsoft shared\ink\tiptsf.dll
0x000007ff37890000 - 0x000007ff378b1000 	C:\WINDOWS\SYSTEM32\dwmapi.dll
0x000007ff3c740000 - 0x000007ff3c8be000 	C:\WINDOWS\system32\ole32.dll
0x000007ff39600000 - 0x000007ff3960a000 	C:\WINDOWS\SYSTEM32\CRYPTBASE.dll
0x000007ff395a0000 - 0x000007ff395fc000 	C:\WINDOWS\SYSTEM32\bcryptPrimitives.dll
0x000007ff3af40000 - 0x000007ff3c228000 	C:\WINDOWS\system32\SHELL32.dll
0x000007ff39f20000 - 0x000007ff39f70000 	C:\WINDOWS\system32\SHLWAPI.dll
0x000007ff38980000 - 0x000007ff38a16000 	C:\WINDOWS\SYSTEM32\shcore.dll
0x000000005c180000 - 0x000000005c218000 	C:\Windows\System32\msvcp100.dll
0x000007ff1df30000 - 0x000007ff1e188000 	C:\opencv\build\x64\vc10\bin\opencv_core243.dll
0x000007ff29410000 - 0x000007ff294a5000 	C:\Users\Jonas\AppData\Local\Temp\javacpp107655335498330\jniopencv_core.dll
0x000007ff1dc80000 - 0x000007ff1df25000 	C:\opencv\build\x64\vc10\bin\opencv_imgproc243.dll
0x000007ff30dc0000 - 0x000007ff30e08000 	C:\Users\Jonas\AppData\Local\Temp\javacpp107655335498330\jniopencv_imgproc.dll
0x0000000066840000 - 0x00000000675ca000 	C:\opencv\build\x64\vc10\bin\opencv_ffmpeg243_64.dll
0x000007ff1da30000 - 0x000007ff1dc7b000 	C:\opencv\build\x64\vc10\bin\opencv_highgui243.dll
0x000007ff30da0000 - 0x000007ff30dc0000 	C:\WINDOWS\SYSTEM32\AVIFIL32.dll
0x000007ff30730000 - 0x000007ff30759000 	C:\WINDOWS\SYSTEM32\MSVFW32.dll
0x000007ff30970000 - 0x000007ff30987000 	C:\WINDOWS\SYSTEM32\AVICAP32.dll
0x000007ff32f20000 - 0x000007ff32f39000 	C:\WINDOWS\SYSTEM32\MSACM32.dll
0x000007ff37270000 - 0x000007ff37279000 	C:\WINDOWS\SYSTEM32\VERSION.dll
0x000007ff306c0000 - 0x000007ff306d3000 	C:\Users\Jonas\AppData\Local\Temp\javacpp107655335498330\jniopencv_highgui.dll
0x000007ff3c230000 - 0x000007ff3c2c6000 	C:\WINDOWS\SYSTEM32\clbcatq.dll
0x000007ff306a0000 - 0x000007ff306b7000 	C:\Windows\System32\devenum.dll
0x000007ff3ac40000 - 0x000007ff3ae10000 	C:\WINDOWS\system32\setupapi.dll
0x000007ff39c30000 - 0x000007ff39c7f000 	C:\WINDOWS\system32\CFGMGR32.dll
0x000007ff39ce0000 - 0x000007ff39d02000 	C:\WINDOWS\system32\DEVOBJ.dll
0x000007ff32880000 - 0x000007ff328ae000 	C:\WINDOWS\SYSTEM32\ntmarta.dll
0x000007ff39c80000 - 0x000007ff39cd5000 	C:\WINDOWS\system32\WINTRUST.dll
0x000007ff398a0000 - 0x000007ff39a77000 	C:\WINDOWS\system32\CRYPT32.dll
0x000007ff39880000 - 0x000007ff39896000 	C:\WINDOWS\system32\MSASN1.dll
0x000007ff32870000 - 0x000007ff3287d000 	C:\WINDOWS\SYSTEM32\msdmo.dll
0x000007ff30350000 - 0x000007ff3037f000 	C:\Windows\System32\qcap.dll
0x000007ff22c10000 - 0x000007ff22dc8000 	C:\Windows\System32\quartz.dll
0x000007ff27100000 - 0x000007ff2713f000 	C:\Windows\System32\ksproxy.ax
0x000007ff1fa90000 - 0x000007ff1fa97000 	C:\Windows\System32\ksuser.dll
0x000007ff28210000 - 0x000007ff28410000 	C:\Windows\System32\d3d9.dll
0x000007ff31730000 - 0x000007ff3173c000 	C:\Windows\System32\vidcap.ax
0x000007ff270d0000 - 0x000007ff270f4000 	C:\Windows\System32\kswdmcap.ax
0x000007ff1d8d0000 - 0x000007ff1da24000 	C:\Windows\System32\MFC42.dll
0x000007ff24a90000 - 0x000007ff24b4e000 	C:\Windows\System32\ODBC32.dll
0x000007ff253c0000 - 0x000007ff25455000 	C:\Windows\System32\qedit.dll
0x000007ff3c690000 - 0x000007ff3c731000 	C:\WINDOWS\system32\COMDLG32.dll
0x000007ff3a410000 - 0x000007ff3a5b0000 	C:\WINDOWS\WinSxS\amd64_microsoft.windows.gdiplus_6595b64144ccf1df_1.1.9200.16384_none_72771d4ecc1c3a4d\gdiplus.dll
0x000007ff20d90000 - 0x000007ff20e7a000 	C:\WINDOWS\SYSTEM32\DDRAW.dll
0x000007ff339d0000 - 0x000007ff339d8000 	C:\WINDOWS\SYSTEM32\DCIMAN32.dll
0x000000005ada0000 - 0x000000005add4000 	F:\Program Files\Java\Jre7\bin\fontmanager.dll
0x000007ff16410000 - 0x000007ff17590000 	C:\WINDOWS\SYSTEM32\nvd3dumx.dll
0x000007ff396a0000 - 0x000007ff396e3000 	C:\WINDOWS\SYSTEM32\powrprof.dll
0x0000000180000000 - 0x0000000180116000 	C:\Program Files (x86)\NVIDIA Corporation\3D Vision\nvSCPAPI64.dll
0x000007ff36ef0000 - 0x000007ff36f64000 	C:\WINDOWS\SYSTEM32\dxgi.dll
0x000007ff36390000 - 0x000007ff36652000 	C:\WINDOWS\SYSTEM32\nvapi64.dll
0x000007ff36900000 - 0x000007ff3691f000 	C:\WINDOWS\SYSTEM32\DXGIDebug.dll
0x000000005aea0000 - 0x000000005aeb9000 	F:\Program Files\Java\Jre7\bin\net.dll
0x000007ff39010000 - 0x000007ff3906c000 	C:\WINDOWS\system32\mswsock.dll
0x000000005ae80000 - 0x000000005ae91000 	F:\Program Files\Java\Jre7\bin\nio.dll
0x000000005ad50000 - 0x000000005ad91000 	F:\Program Files\Java\Jre7\bin\t2k.dll
0x000007ff37350000 - 0x000007ff374da000 	C:\WINDOWS\SYSTEM32\WindowsCodecs.dll
0x000007ff397d0000 - 0x000007ff397e5000 	C:\WINDOWS\SYSTEM32\profapi.dll
0x000007ff367d0000 - 0x000007ff36839000 	C:\WINDOWS\SYSTEM32\oleacc.dll
0x000000005bd30000 - 0x000000005bd5a000 	F:\Program Files\Java\Jre7\bin\dcpr.dll

VM Arguments:
jvm_args: -Dfile.encoding=Cp1252 
java_command: emcscanner.kth.se.Program
Launcher Type: SUN_STANDARD

Environment Variables:
PATH=C:\Program Files (x86)\NVIDIA Corporation\PhysX\Common;C:\WINDOWS\system32;C:\WINDOWS;C:\WINDOWS\System32\Wbem;C:\WINDOWS\System32\WindowsPowerShell\v1.0\;C:\Program Files (x86)\Microsoft SQL Server\90\Tools\binn\;C:\Program Files (x86)\Autodesk\Backburner\;F:\Program Files\MATLAB\R2012a\runtime\win64;F:\Program Files\MATLAB\R2012a\bin;C:\Program Files\Internet Explorer;C:\Program Files\Perforce;F:\Program Files\Perforce;C:\Program Files\Microsoft\Web Platform Installer\;C:\Program Files (x86)\Microsoft ASP.NET\ASP.NET Web Pages\v1.0\;C:\Program Files (x86)\Windows Kits\8.0\Windows Performance Toolkit\;C:\Program Files\Microsoft SQL Server\110\Tools\Binn\;F:\Program Files\Perforce\Server
USERNAME=Jonas
OS=Windows_NT
PROCESSOR_IDENTIFIER=Intel64 Family 6 Model 42 Stepping 7, GenuineIntel



---------------  S Y S T E M  ---------------

OS: Windows 8 , 64 bit Build 9200 

CPU:total 8 (4 cores per cpu, 2 threads per core) family 6 model 42 stepping 7, cmov, cx8, fxsr, mmx, sse, sse2, sse3, ssse3, sse4.1, sse4.2, popcnt, avx, ht, tsc, tscinvbit

Memory: 4k page, physical 16751668k(12592316k free), swap 33528884k(27445140k free)

vm_info: Java HotSpot(TM) 64-Bit Server VM (23.3-b01) for windows-amd64 JRE (1.7.0_07-b11), built on Sep  7 2012 01:19:25 by "java_re" with unknown MS VC++:1600

time: Fri Jan 25 01:21:28 2013
elapsed time: 12 seconds

