#
# A fatal error has been detected by the Java Runtime Environment:
#
#  EXCEPTION_ACCESS_VIOLATION (0xc0000005) at pc=0x000007fcf24cd118, pid=9232, tid=1948
#
# JRE version: 7.0_07-b11
# Java VM: Java HotSpot(TM) 64-Bit Server VM (23.3-b01 mixed mode windows-amd64 compressed oops)
# Problematic frame:
# C  [opencv_core243.dll+0x5d118]  cvSetZero+0x278
#
# Failed to write core dump. Minidumps are not enabled by default on client versions of Windows
#
# If you would like to submit a bug report, please visit:
#   http://bugreport.sun.com/bugreport/crash.jsp
# The crash happened outside the Java Virtual Machine in native code.
# See problematic frame for where to report the bug.
#

---------------  T H R E A D  ---------------

Current thread (0x00000000140cd000):  JavaThread "threadDisplayCamera" daemon [_thread_in_native, id=1948, stack(0x000000001b080000,0x000000001b180000)]

siginfo: ExceptionCode=0xc0000005, reading address 0x000000001ab804cd

Registers:
RAX=0x000000000000001c, RBX=0x000000001b17eb30, RCX=0x000000000000167d, RDX=0x0000000000000002
RSP=0x000000001b17da40, RBP=0x0000000000000b40, RSI=0x000000001ab7ee50, RDI=0x000000001ab7ee50
R8 =0x000000001ab7ee50, R9 =0x00000000224d9960, R10=0x0000000000000b40, R11=0x0000000000000000
R12=0x00000000224d9960, R13=0x0000000000000b40, R14=0x0000000000001680, R15=0x0000000000001680
RIP=0x000007fcf24cd118, EFLAGS=0x0000000000010246

Top of Stack: (sp=0x000000001b17da40)
0x000000001b17da40:   000007fcf1146a20 000007fcf2583730
0x000000001b17da50:   000007fc00000000 0000000000000000
0x000000001b17da60:   fffffffffffffffe 0000000000000000
0x000000001b17da70:   00000000224d9960 0000000000001680
0x000000001b17da80:   0000000000000000 0000000000000003
0x000000001b17da90:   0000000002d30000 0000000000000030
0x000000001b17daa0:   0000000000000028 000007fd0db257c0
0x000000001b17dab0:   000000002298b440 000007fc00000000
0x000000001b17dac0:   0000000000000028 0000000000000000
0x000000001b17dad0:   00000006fb96c480 00000000119c4848
0x000000001b17dae0:   0000000000000002 000007fcf259c5a9
0x000000001b17daf0:   000000001b17de10 000000005c112c94
0x000000001b17db00:   0000000014296831 00000000119c4858
0x000000001b17db10:   0000000002dffa68 000000005c101369
0x000000001b17db20:   0000000000000001 000007fcf1f1c8ec
0x000000001b17db30:   ffffffff00000000 000000001b17de10 

Instructions: (pc=0x000007fcf24cd118)
0x000007fcf24cd0f8:   4c 8b c7 4d 8b cc 4c 8b de 4c 2b df 4c 8b d5 66
0x000007fcf24cd108:   0f 1f 84 00 00 00 00 00 43 0f b6 14 03 49 63 09
0x000007fcf24cd118:   0f b6 04 31 41 88 00 88 14 39 49 83 c1 04 49 ff
0x000007fcf24cd128:   c0 49 ff ca 75 e2 49 03 f6 49 03 ff 83 7b 04 00 


Register to memory mapping:

RAX=0x000000000000001c is an unknown value
RBX=0x000000001b17eb30 is pointing into the stack for thread: 0x00000000140cd000
RCX=0x000000000000167d is an unknown value
RDX=0x0000000000000002 is an unknown value
RSP=0x000000001b17da40 is pointing into the stack for thread: 0x00000000140cd000
RBP=0x0000000000000b40 is an unknown value
RSI=0x000000001ab7ee50 is an unknown value
RDI=0x000000001ab7ee50 is an unknown value
R8 =0x000000001ab7ee50 is an unknown value
R9 =0x00000000224d9960 is an unknown value
R10=0x0000000000000b40 is an unknown value
R11=0x0000000000000000 is an unknown value
R12=0x00000000224d9960 is an unknown value
R13=0x0000000000000b40 is an unknown value
R14=0x0000000000001680 is an unknown value
R15=0x0000000000001680 is an unknown value


Stack: [0x000000001b080000,0x000000001b180000],  sp=0x000000001b17da40,  free space=1014k
Native frames: (J=compiled Java code, j=interpreted, Vv=VM code, C=native code)
C  [opencv_core243.dll+0x5d118]  cvSetZero+0x278

[error occurred during error reporting (printing native stack), id 0xc0000005]

Java frames: (J=compiled Java code, j=interpreted, Vv=VM code)
j  com.googlecode.javacv.cpp.opencv_core.cvFlip(Lcom/googlecode/javacv/cpp/opencv_core$CvArr;Lcom/googlecode/javacv/cpp/opencv_core$CvArr;I)V+0
j  emcscanner.kth.se.CameraPanel$1.run()V+57
v  ~StubRoutines::call_stub

---------------  P R O C E S S  ---------------

Java Threads: ( => current thread )
  0x00000000119da000 JavaThread "Thread-0" daemon [_thread_in_native, id=7224, stack(0x00000000179d0000,0x0000000017ad0000)]
  0x00000000119d8800 JavaThread "ICEpdf-pagePainter" daemon [_thread_blocked, id=9568, stack(0x0000000026c50000,0x0000000026d50000)]
  0x00000000119d5000 JavaThread "ICEpdf-pageInitializer" daemon [_thread_blocked, id=4300, stack(0x0000000026a20000,0x0000000026b20000)]
  0x00000000119d6000 JavaThread "DestroyJavaVM" [_thread_blocked, id=4408, stack(0x0000000002bf0000,0x0000000002cf0000)]
  0x00000000119db800 JavaThread "TimerQueue" daemon [_thread_blocked, id=8928, stack(0x00000000215e0000,0x00000000216e0000)]
  0x0000000015274800 JavaThread "threadDisplayDensity" daemon [_thread_blocked, id=5416, stack(0x000000001d9a0000,0x000000001daa0000)]
  0x0000000015273800 JavaThread "AWT-EventQueue-0" [_thread_blocked, id=9016, stack(0x000000001d8a0000,0x000000001d9a0000)]
  0x0000000015272800 JavaThread "threadDisplay" daemon [_thread_blocked, id=9420, stack(0x000000001d7a0000,0x000000001d8a0000)]
  0x0000000014fd5800 JavaThread "AWT-Shutdown" [_thread_blocked, id=3236, stack(0x000000001b180000,0x000000001b280000)]
=>0x00000000140cd000 JavaThread "threadDisplayCamera" daemon [_thread_in_native, id=1948, stack(0x000000001b080000,0x000000001b180000)]
  0x00000000140cd800 JavaThread "AWT-Windows" daemon [_thread_in_native, id=7468, stack(0x00000000149b0000,0x0000000014ab0000)]
  0x00000000140cc000 JavaThread "Java2D Disposer" daemon [_thread_blocked, id=9968, stack(0x00000000147b0000,0x00000000148b0000)]
  0x00000000119df000 JavaThread "Service Thread" daemon [_thread_blocked, id=4836, stack(0x0000000013db0000,0x0000000013eb0000)]
  0x00000000119da800 JavaThread "C2 CompilerThread1" daemon [_thread_blocked, id=7500, stack(0x0000000013cb0000,0x0000000013db0000)]
  0x00000000119cb000 JavaThread "C2 CompilerThread0" daemon [_thread_blocked, id=6528, stack(0x0000000013bb0000,0x0000000013cb0000)]
  0x00000000119c7800 JavaThread "Attach Listener" daemon [_thread_blocked, id=8464, stack(0x0000000013ab0000,0x0000000013bb0000)]
  0x00000000119bb000 JavaThread "Signal Dispatcher" daemon [_thread_blocked, id=6044, stack(0x00000000139b0000,0x0000000013ab0000)]
  0x000000001195e800 JavaThread "Finalizer" daemon [_thread_blocked, id=8740, stack(0x00000000138b0000,0x00000000139b0000)]
  0x0000000011957000 JavaThread "Reference Handler" daemon [_thread_blocked, id=2832, stack(0x00000000137b0000,0x00000000138b0000)]

Other Threads:
  0x0000000011952000 VMThread [stack: 0x00000000136b0000,0x00000000137b0000] [id=1592]
  0x00000000119fc000 WatcherThread [stack: 0x0000000013eb0000,0x0000000013fb0000] [id=8348]

VM state:not at safepoint (normal execution)

VM Mutex/Monitor currently owned by a thread: None

Heap
 PSYoungGen      total 364800K, used 136856K [0x00000007aacb0000, 0x00000007c51c0000, 0x0000000800000000)
  eden space 310464K, 44% used [0x00000007aacb0000,0x00000007b32261a8,0x00000007bdbe0000)
  from space 54336K, 0% used [0x00000007c1cb0000,0x00000007c1ce0000,0x00000007c51c0000)
  to   space 60352K, 0% used [0x00000007bdbe0000,0x00000007bdbe0000,0x00000007c16d0000)
 ParOldGen       total 628544K, used 301298K [0x0000000700600000, 0x0000000726bd0000, 0x00000007aacb0000)
  object space 628544K, 47% used [0x0000000700600000,0x0000000712c3c948,0x0000000726bd0000)
 PSPermGen       total 21248K, used 18483K [0x00000006fb400000, 0x00000006fc8c0000, 0x0000000700600000)
  object space 21248K, 86% used [0x00000006fb400000,0x00000006fc60ce38,0x00000006fc8c0000)

Card table byte_map: [0x0000000005f70000,0x00000000067a0000] byte_map_base: 0x0000000002796000

Polling page: 0x00000000012b0000

Code Cache  [0x0000000002eb0000, 0x0000000003120000, 0x0000000005eb0000)
 total_blobs=1258 nmethods=666 adapters=542 free_code_cache=46787Kb largest_free_block=47856384

Compilation events (10 events):
Event: 347.364 Thread 0x00000000119cb000  669             sun.java2d.SunGraphics2D::validateColor (101 bytes)
Event: 347.365 Thread 0x00000000119cb000 nmethod 669 0x00000000030b4590 code [0x00000000030b46e0, 0x00000000030b47d8]
Event: 347.382 Thread 0x00000000119da800  670             sun.java2d.SunGraphics2D::<init> (138 bytes)
Event: 347.389 Thread 0x00000000119da800 nmethod 670 0x00000000030c0d10 code [0x00000000030c0ea0, 0x00000000030c14e8]
Event: 351.494 Thread 0x00000000119cb000  671             javax.swing.RepaintManager::updateWindows (161 bytes)
Event: 351.509 Thread 0x00000000119cb000 nmethod 671 0x0000000003102910 code [0x0000000003102b60, 0x0000000003103760]
Event: 351.961 Thread 0x00000000119da800  672   !         javax.swing.RepaintManager::paintDirtyRegions (368 bytes)
Event: 352.011 Thread 0x00000000119da800 nmethod 672 0x0000000003107e10 code [0x0000000003108120, 0x000000000310a2c8]
Event: 363.461 Thread 0x00000000119cb000  673   !         sun.java2d.SunGraphics2D::drawLine (74 bytes)
Event: 363.462 Thread 0x00000000119cb000 nmethod 673 0x0000000003100a50 code [0x0000000003100bc0, 0x0000000003100d88]

GC Heap History (10 events):
Event: 396.445 GC heap before
{Heap before GC invocations=345 (full 25):
 PSYoungGen      total 375616K, used 374191K [0x00000007aacb0000, 0x00000007c70c0000, 0x0000000800000000)
  eden space 340672K, 99% used [0x00000007aacb0000,0x00000007bf8070e8,0x00000007bf960000)
  from space 34944K, 99% used [0x00000007bffe0000,0x00000007c21f4d20,0x00000007c2200000)
  to   space 61120K, 0% used [0x00000007c3510000,0x00000007c3510000,0x00000007c70c0000)
 ParOldGen       total 628544K, used 209504K [0x0000000700600000, 0x0000000726bd0000, 0x00000007aacb0000)
  object space 628544K, 33% used [0x0000000700600000,0x000000070d2980e8,0x0000000726bd0000)
 PSPermGen       total 21248K, used 18432K [0x00000006fb400000, 0x00000006fc8c0000, 0x0000000700600000)
  object space 21248K, 86% used [0x00000006fb400000,0x00000006fc600278,0x00000006fc8c0000)
Event: 396.449 GC heap after
Heap after GC invocations=345 (full 25):
 PSYoungGen      total 391296K, used 34931K [0x00000007aacb0000, 0x00000007c6cc0000, 0x0000000800000000)
  eden space 334272K, 0% used [0x00000007aacb0000,0x00000007aacb0000,0x00000007bf320000)
  from space 57024K, 61% used [0x00000007c3510000,0x00000007c572cd20,0x00000007c6cc0000)
  to   space 62272K, 0% used [0x00000007bf320000,0x00000007bf320000,0x00000007c2ff0000)
 ParOldGen       total 628544K, used 209512K [0x0000000700600000, 0x0000000726bd0000, 0x00000007aacb0000)
  object space 628544K, 33% used [0x0000000700600000,0x000000070d29a0e8,0x0000000726bd0000)
 PSPermGen       total 21248K, used 18432K [0x00000006fb400000, 0x00000006fc8c0000, 0x0000000700600000)
  object space 21248K, 86% used [0x00000006fb400000,0x00000006fc600278,0x00000006fc8c0000)
}
Event: 397.122 GC heap before
{Heap before GC invocations=346 (full 25):
 PSYoungGen      total 391296K, used 368151K [0x00000007aacb0000, 0x00000007c6cc0000, 0x0000000800000000)
  eden space 334272K, 99% used [0x00000007aacb0000,0x00000007bf218fc0,0x00000007bf320000)
  from space 57024K, 61% used [0x00000007c3510000,0x00000007c572cd20,0x00000007c6cc0000)
  to   space 62272K, 0% used [0x00000007bf320000,0x00000007bf320000,0x00000007c2ff0000)
 ParOldGen       total 628544K, used 211537K [0x0000000700600000, 0x0000000726bd0000, 0x00000007aacb0000)
  object space 628544K, 33% used [0x0000000700600000,0x000000070d4944f8,0x0000000726bd0000)
 PSPermGen       total 21248K, used 18432K [0x00000006fb400000, 0x00000006fc8c0000, 0x0000000700600000)
  object space 21248K, 86% used [0x00000006fb400000,0x00000006fc600278,0x00000006fc8c0000)
Event: 397.129 GC heap after
Heap after GC invocations=346 (full 25):
 PSYoungGen      total 367232K, used 39107K [0x00000007aacb0000, 0x00000007c6b10000, 0x0000000800000000)
  eden space 328064K, 0% used [0x00000007aacb0000,0x00000007aacb0000,0x00000007bed10000)
  from space 39168K, 99% used [0x00000007bf320000,0x00000007c1950f80,0x00000007c1960000)
  to   space 64512K, 0% used [0x00000007c2c10000,0x00000007c2c10000,0x00000007c6b10000)
 ParOldGen       total 628544K, used 211545K [0x0000000700600000, 0x0000000726bd0000, 0x00000007aacb0000)
  object space 628544K, 33% used [0x0000000700600000,0x000000070d4964f8,0x0000000726bd0000)
 PSPermGen       total 21248K, used 18432K [0x00000006fb400000, 0x00000006fc8c0000, 0x0000000700600000)
  object space 21248K, 86% used [0x00000006fb400000,0x00000006fc600278,0x00000006fc8c0000)
}
Event: 397.827 GC heap before
{Heap before GC invocations=347 (full 25):
 PSYoungGen      total 367232K, used 367171K [0x00000007aacb0000, 0x00000007c6b10000, 0x0000000800000000)
  eden space 328064K, 100% used [0x00000007aacb0000,0x00000007bed10000,0x00000007bed10000)
  from space 39168K, 99% used [0x00000007bf320000,0x00000007c1950f80,0x00000007c1960000)
  to   space 64512K, 0% used [0x00000007c2c10000,0x00000007c2c10000,0x00000007c6b10000)
 ParOldGen       total 628544K, used 241785K [0x0000000700600000, 0x0000000726bd0000, 0x00000007aacb0000)
  object space 628544K, 38% used [0x0000000700600000,0x000000070f21e6d8,0x0000000726bd0000)
 PSPermGen       total 21248K, used 18432K [0x00000006fb400000, 0x00000006fc8c0000, 0x0000000700600000)
  object space 21248K, 86% used [0x00000006fb400000,0x00000006fc600278,0x00000006fc8c0000)
Event: 397.829 GC heap after
Heap after GC invocations=347 (full 25):
 PSYoungGen      total 380544K, used 160K [0x00000007aacb0000, 0x00000007c6530000, 0x0000000800000000)
  eden space 322048K, 0% used [0x00000007aacb0000,0x00000007aacb0000,0x00000007be730000)
  from space 58496K, 0% used [0x00000007c2c10000,0x00000007c2c38000,0x00000007c6530000)
  to   space 64512K, 0% used [0x00000007be730000,0x00000007be730000,0x00000007c2630000)
 ParOldGen       total 628544K, used 241801K [0x0000000700600000, 0x0000000726bd0000, 0x00000007aacb0000)
  object space 628544K, 38% used [0x0000000700600000,0x000000070f2226d8,0x0000000726bd0000)
 PSPermGen       total 21248K, used 18432K [0x00000006fb400000, 0x00000006fc8c0000, 0x0000000700600000)
  object space 21248K, 86% used [0x00000006fb400000,0x00000006fc600278,0x00000006fc8c0000)
}
Event: 398.445 GC heap before
{Heap before GC invocations=348 (full 25):
 PSYoungGen      total 380544K, used 316158K [0x00000007aacb0000, 0x00000007c6530000, 0x0000000800000000)
  eden space 322048K, 98% used [0x00000007aacb0000,0x00000007be147948,0x00000007be730000)
  from space 58496K, 0% used [0x00000007c2c10000,0x00000007c2c38000,0x00000007c6530000)
  to   space 64512K, 0% used [0x00000007be730000,0x00000007be730000,0x00000007c2630000)
 ParOldGen       total 628544K, used 247876K [0x0000000700600000, 0x0000000726bd0000, 0x00000007aacb0000)
  object space 628544K, 39% used [0x0000000700600000,0x000000070f8112e8,0x0000000726bd0000)
 PSPermGen       total 21248K, used 18432K [0x00000006fb400000, 0x00000006fc8c0000, 0x0000000700600000)
  object space 21248K, 86% used [0x00000006fb400000,0x00000006fc600278,0x00000006fc8c0000)
Event: 398.451 GC heap after
Heap after GC invocations=348 (full 25):
 PSYoungGen      total 335232K, used 19010K [0x00000007aacb0000, 0x00000007c57f0000, 0x0000000800000000)
  eden space 316160K, 0% used [0x00000007aacb0000,0x00000007aacb0000,0x00000007be170000)
  from space 19072K, 99% used [0x00000007be730000,0x00000007bf9c0a00,0x00000007bf9d0000)
  to   space 60672K, 0% used [0x00000007c1cb0000,0x00000007c1cb0000,0x00000007c57f0000)
 ParOldGen       total 628544K, used 247900K [0x0000000700600000, 0x0000000726bd0000, 0x00000007aacb0000)
  object space 628544K, 39% used [0x0000000700600000,0x000000070f8172e8,0x0000000726bd0000)
 PSPermGen       total 21248K, used 18432K [0x00000006fb400000, 0x00000006fc8c0000, 0x0000000700600000)
  object space 21248K, 86% used [0x00000006fb400000,0x00000006fc600278,0x00000006fc8c0000)
}
Event: 399.185 GC heap before
{Heap before GC invocations=349 (full 25):
 PSYoungGen      total 335232K, used 335170K [0x00000007aacb0000, 0x00000007c57f0000, 0x0000000800000000)
  eden space 316160K, 100% used [0x00000007aacb0000,0x00000007be170000,0x00000007be170000)
  from space 19072K, 99% used [0x00000007be730000,0x00000007bf9c0a00,0x00000007bf9d0000)
  to   space 60672K, 0% used [0x00000007c1cb0000,0x00000007c1cb0000,0x00000007c57f0000)
 ParOldGen       total 628544K, used 301282K [0x0000000700600000, 0x0000000726bd0000, 0x00000007aacb0000)
  object space 628544K, 47% used [0x0000000700600000,0x0000000712c38948,0x0000000726bd0000)
 PSPermGen       total 21248K, used 18456K [0x00000006fb400000, 0x00000006fc8c0000, 0x0000000700600000)
  object space 21248K, 86% used [0x00000006fb400000,0x00000006fc606280,0x00000006fc8c0000)
Event: 399.187 GC heap after
Heap after GC invocations=349 (full 25):
 PSYoungGen      total 364800K, used 192K [0x00000007aacb0000, 0x00000007c51c0000, 0x0000000800000000)
  eden space 310464K, 0% used [0x00000007aacb0000,0x00000007aacb0000,0x00000007bdbe0000)
  from space 54336K, 0% used [0x00000007c1cb0000,0x00000007c1ce0000,0x00000007c51c0000)
  to   space 60352K, 0% used [0x00000007bdbe0000,0x00000007bdbe0000,0x00000007c16d0000)
 ParOldGen       total 628544K, used 301298K [0x0000000700600000, 0x0000000726bd0000, 0x00000007aacb0000)
  object space 628544K, 47% used [0x0000000700600000,0x0000000712c3c948,0x0000000726bd0000)
 PSPermGen       total 21248K, used 18456K [0x00000006fb400000, 0x00000006fc8c0000, 0x0000000700600000)
  object space 21248K, 86% used [0x00000006fb400000,0x00000006fc606280,0x00000006fc8c0000)
}

Deoptimization events (10 events):
Event: 235.920 Thread 0x0000000015273800 Uncommon trap -34 fr.pc 0x000000000308e248
Event: 270.007 Thread 0x0000000015273800 Uncommon trap -83 fr.pc 0x000000000306b2d0
Event: 270.007 Thread 0x0000000015273800 Uncommon trap -34 fr.pc 0x000000000304911c
Event: 270.007 Thread 0x0000000015273800 Uncommon trap -34 fr.pc 0x0000000003041c34
Event: 270.008 Thread 0x0000000015273800 Uncommon trap -83 fr.pc 0x0000000003041cec
Event: 275.162 Thread 0x0000000015273800 Uncommon trap -83 fr.pc 0x0000000002f235b0
Event: 275.162 Thread 0x0000000015273800 Uncommon trap -83 fr.pc 0x0000000002f94af0
Event: 275.162 Thread 0x0000000015273800 Uncommon trap -83 fr.pc 0x0000000003035454
Event: 275.162 Thread 0x0000000015273800 Uncommon trap -83 fr.pc 0x0000000002f240b0
Event: 275.177 Thread 0x0000000015273800 Uncommon trap -83 fr.pc 0x000000000309985c

Internal exceptions (10 events):
Event: 13.930 Thread 0x0000000015273800 Implicit null exception at 0x0000000002f962c0 to 0x0000000002f964e1
Event: 13.931 Thread 0x0000000015273800 Implicit null exception at 0x0000000002fe58c8 to 0x0000000002fe5999
Event: 21.178 Thread 0x00000000140cd000 Implicit null exception at 0x000000000300e678 to 0x000000000300e96c
Event: 233.083 Thread 0x0000000015273800 Implicit null exception at 0x000000000302aeb0 to 0x000000000302b291
Event: 233.083 Thread 0x0000000015273800 Implicit null exception at 0x0000000003095fc0 to 0x0000000003096321
Event: 275.162 Thread 0x0000000015273800 Implicit null exception at 0x0000000002f23558 to 0x0000000002f235a6
Event: 275.162 Thread 0x0000000015273800 Implicit null exception at 0x0000000002f94a98 to 0x0000000002f94ae6
Event: 275.162 Thread 0x0000000015273800 Implicit null exception at 0x00000000030353e8 to 0x000000000303544a
Event: 275.162 Thread 0x0000000015273800 Implicit null exception at 0x0000000002f24058 to 0x0000000002f240a6
Event: 275.177 Thread 0x0000000015273800 Implicit null exception at 0x00000000030996f4 to 0x0000000003099847

Events (10 events):
Event: 398.452 loading class 0x000000001404b030
Event: 398.460 loading class 0x000000001404b030 done
Event: 399.079 loading class 0x000000001568a210
Event: 399.079 loading class 0x000000001568a210 done
Event: 399.079 loading class 0x0000000014322b70
Event: 399.079 loading class 0x0000000015678b40
Event: 399.079 loading class 0x0000000015678b40 done
Event: 399.079 loading class 0x0000000014322b70 done
Event: 399.185 Executing VM operation: ParallelGCFailedAllocation
Event: 399.187 Executing VM operation: ParallelGCFailedAllocation done


Dynamic libraries:
0x000007f662880000 - 0x000007f6628b4000 	F:\Program Files\Java\Jre7\bin\javaw.exe
0x000007fd0db20000 - 0x000007fd0dcde000 	C:\WINDOWS\SYSTEM32\ntdll.dll
0x000007fd0c680000 - 0x000007fd0c7b6000 	C:\WINDOWS\system32\KERNEL32.DLL
0x000007fd0ab00000 - 0x000007fd0abf3000 	C:\WINDOWS\system32\KERNELBASE.dll
0x000007fd0c260000 - 0x000007fd0c33e000 	C:\WINDOWS\system32\ADVAPI32.dll
0x000007fd0c460000 - 0x000007fd0c5ac000 	C:\WINDOWS\system32\USER32.dll
0x000007fd082b0000 - 0x000007fd08519000 	C:\WINDOWS\WinSxS\amd64_microsoft.windows.common-controls_6595b64144ccf1df_6.0.9200.16384_none_418c2a697189c07f\COMCTL32.dll
0x000007fd0c7c0000 - 0x000007fd0c865000 	C:\WINDOWS\system32\msvcrt.dll
0x000007fd0cdf0000 - 0x000007fd0ce38000 	C:\WINDOWS\SYSTEM32\sechost.dll
0x000007fd0c870000 - 0x000007fd0c9b0000 	C:\WINDOWS\system32\RPCRT4.dll
0x000007fd0d520000 - 0x000007fd0d660000 	C:\WINDOWS\system32\GDI32.dll
0x000007fd0c620000 - 0x000007fd0c659000 	C:\WINDOWS\system32\IMM32.DLL
0x000007fd0c340000 - 0x000007fd0c455000 	C:\WINDOWS\system32\MSCTF.dll
0x000007fd0aa10000 - 0x000007fd0aa18000 	C:\PROGRA~2\NVIDIA~1\3DVISI~1\NVSTIN~1.DLL
0x000007fd0d510000 - 0x000007fd0d517000 	C:\WINDOWS\system32\PSAPI.DLL
0x000000005e410000 - 0x000000005e4b3000 	C:\WINDOWS\WinSxS\amd64_microsoft.vc90.crt_1fc8b3b9a1e18e3b_9.0.30729.6871_none_08e717a5a83adddf\MSVCR90.dll
0x000000005d880000 - 0x000000005d951000 	F:\Program Files\Java\Jre7\bin\msvcr100.dll
0x000000005c090000 - 0x000000005c7af000 	F:\Program Files\Java\Jre7\bin\server\jvm.dll
0x000007fd02f00000 - 0x000007fd02f09000 	C:\WINDOWS\SYSTEM32\WSOCK32.dll
0x000007fd07b90000 - 0x000007fd07bb0000 	C:\WINDOWS\SYSTEM32\WINMM.dll
0x000007fd0c5b0000 - 0x000007fd0c608000 	C:\WINDOWS\system32\WS2_32.dll
0x000007fd07a80000 - 0x000007fd07ab2000 	C:\WINDOWS\SYSTEM32\WINMMBASE.dll
0x000007fd0d360000 - 0x000007fd0d369000 	C:\WINDOWS\system32\NSI.dll
0x000000005dc10000 - 0x000000005dc1f000 	F:\Program Files\Java\Jre7\bin\verify.dll
0x000000005dbe0000 - 0x000000005dc08000 	F:\Program Files\Java\Jre7\bin\java.dll
0x000000005dbc0000 - 0x000000005dbd5000 	F:\Program Files\Java\Jre7\bin\zip.dll
0x000000005b300000 - 0x000000005b493000 	F:\Program Files\Java\Jre7\bin\awt.dll
0x000007fd0d830000 - 0x000007fd0d8f3000 	C:\WINDOWS\system32\OLEAUT32.dll
0x000007fd0cc40000 - 0x000007fd0cdf0000 	C:\WINDOWS\system32\combase.dll
0x000007fd04cf0000 - 0x000007fd04d8f000 	C:\WINDOWS\system32\apphelp.dll
0x000007fd09810000 - 0x000007fd098f3000 	C:\WINDOWS\system32\uxtheme.dll
0x000007fd08210000 - 0x000007fd082a5000 	C:\Program Files\Common Files\microsoft shared\ink\tiptsf.dll
0x000007fd088b0000 - 0x000007fd088d1000 	C:\WINDOWS\SYSTEM32\dwmapi.dll
0x000007fd0d090000 - 0x000007fd0d20e000 	C:\WINDOWS\system32\ole32.dll
0x000007fd0a860000 - 0x000007fd0a86a000 	C:\WINDOWS\SYSTEM32\CRYPTBASE.dll
0x000007fd0a800000 - 0x000007fd0a85c000 	C:\WINDOWS\SYSTEM32\bcryptPrimitives.dll
0x000007fd0af70000 - 0x000007fd0c258000 	C:\WINDOWS\system32\SHELL32.dll
0x000007fd0cb80000 - 0x000007fd0cbd0000 	C:\WINDOWS\system32\SHLWAPI.dll
0x000007fd09be0000 - 0x000007fd09c76000 	C:\WINDOWS\SYSTEM32\shcore.dll
0x000000005d2e0000 - 0x000000005d378000 	C:\Windows\System32\msvcp100.dll
0x000007fcf2470000 - 0x000007fcf26c8000 	C:\opencv\build\x64\vc10\bin\opencv_core243.dll
0x000007fd01da0000 - 0x000007fd01e35000 	C:\Users\Jonas\AppData\Local\Temp\javacpp92399199419544\jniopencv_core.dll
0x000007fcf1f10000 - 0x000007fcf21b5000 	C:\opencv\build\x64\vc10\bin\opencv_imgproc243.dll
0x000007fd04420000 - 0x000007fd04468000 	C:\Users\Jonas\AppData\Local\Temp\javacpp92399199419544\jniopencv_imgproc.dll
0x0000000066840000 - 0x00000000675ca000 	C:\opencv\build\x64\vc10\bin\opencv_ffmpeg243_64.dll
0x000007fcf1110000 - 0x000007fcf135b000 	C:\opencv\build\x64\vc10\bin\opencv_highgui243.dll
0x000007fd07890000 - 0x000007fd078b0000 	C:\WINDOWS\SYSTEM32\AVIFIL32.dll
0x000007fd07af0000 - 0x000007fd07b19000 	C:\WINDOWS\SYSTEM32\MSVFW32.dll
0x000007fd081c0000 - 0x000007fd081d7000 	C:\WINDOWS\SYSTEM32\AVICAP32.dll
0x000007fcf6150000 - 0x000007fcf6169000 	C:\WINDOWS\SYSTEM32\MSACM32.dll
0x000007fd07db0000 - 0x000007fd07db9000 	C:\WINDOWS\SYSTEM32\VERSION.dll
0x000007fd04400000 - 0x000007fd04413000 	C:\Users\Jonas\AppData\Local\Temp\javacpp92399199419544\jniopencv_highgui.dll
0x000007fd0d2c0000 - 0x000007fd0d356000 	C:\WINDOWS\SYSTEM32\clbcatq.dll
0x000007fd043e0000 - 0x000007fd043f7000 	C:\Windows\System32\devenum.dll
0x000007fd0c9b0000 - 0x000007fd0cb80000 	C:\WINDOWS\system32\setupapi.dll
0x000007fd0ad10000 - 0x000007fd0ad5f000 	C:\WINDOWS\system32\CFGMGR32.dll
0x000007fd0af40000 - 0x000007fd0af62000 	C:\WINDOWS\system32\DEVOBJ.dll
0x000007fd03ae0000 - 0x000007fd03b0e000 	C:\WINDOWS\SYSTEM32\ntmarta.dll
0x000007fd0ac00000 - 0x000007fd0ac55000 	C:\WINDOWS\system32\WINTRUST.dll
0x000007fd0ad60000 - 0x000007fd0af37000 	C:\WINDOWS\system32\CRYPT32.dll
0x000007fd0aae0000 - 0x000007fd0aaf6000 	C:\WINDOWS\system32\MSASN1.dll
0x000007fd05950000 - 0x000007fd0595d000 	C:\WINDOWS\SYSTEM32\msdmo.dll
0x000007fd01d70000 - 0x000007fd01d9f000 	C:\Windows\System32\qcap.dll
0x000007fcf1460000 - 0x000007fcf1618000 	C:\Windows\System32\quartz.dll
0x000007fd01d30000 - 0x000007fd01d6f000 	C:\Windows\System32\ksproxy.ax
0x000007fcf5930000 - 0x000007fcf5937000 	C:\Windows\System32\ksuser.dll
0x000007fcf9950000 - 0x000007fcf9b50000 	C:\Windows\System32\d3d9.dll
0x000007fd045f0000 - 0x000007fd045fc000 	C:\Windows\System32\vidcap.ax
0x000007fd01d00000 - 0x000007fd01d24000 	C:\Windows\System32\kswdmcap.ax
0x000007fcf0d70000 - 0x000007fcf0ec4000 	C:\Windows\System32\MFC42.dll
0x000007fcf7e70000 - 0x000007fcf7f2e000 	C:\Windows\System32\ODBC32.dll
0x000007fd01c60000 - 0x000007fd01cf5000 	C:\Windows\System32\qedit.dll
0x000007fd0d210000 - 0x000007fd0d2b1000 	C:\WINDOWS\system32\COMDLG32.dll
0x000007fd0d370000 - 0x000007fd0d510000 	C:\WINDOWS\WinSxS\amd64_microsoft.windows.gdiplus_6595b64144ccf1df_1.1.9200.16384_none_72771d4ecc1c3a4d\gdiplus.dll
0x000007fcf0640000 - 0x000007fcf072a000 	C:\WINDOWS\SYSTEM32\DDRAW.dll
0x000007fd07de0000 - 0x000007fd07de8000 	C:\WINDOWS\SYSTEM32\DCIMAN32.dll
0x000000005b610000 - 0x000000005b644000 	F:\Program Files\Java\Jre7\bin\fontmanager.dll
0x000007fce6500000 - 0x000007fce7680000 	C:\WINDOWS\SYSTEM32\nvd3dumx.dll
0x000007fd0a900000 - 0x000007fd0a943000 	C:\WINDOWS\SYSTEM32\powrprof.dll
0x0000000180000000 - 0x0000000180116000 	C:\Program Files (x86)\NVIDIA Corporation\3D Vision\nvSCPAPI64.dll
0x000007fd07ef0000 - 0x000007fd07f64000 	C:\WINDOWS\SYSTEM32\dxgi.dll
0x000007fd06540000 - 0x000007fd06802000 	C:\WINDOWS\SYSTEM32\nvapi64.dll
0x000007fd07ed0000 - 0x000007fd07eef000 	C:\WINDOWS\SYSTEM32\DXGIDebug.dll
0x000000005dba0000 - 0x000000005dbb9000 	F:\Program Files\Java\Jre7\bin\net.dll
0x000007fd0a270000 - 0x000007fd0a2cc000 	C:\WINDOWS\system32\mswsock.dll
0x000000005db50000 - 0x000000005db61000 	F:\Program Files\Java\Jre7\bin\nio.dll
0x000000005b5c0000 - 0x000000005b601000 	F:\Program Files\Java\Jre7\bin\t2k.dll
0x000007fd08010000 - 0x000007fd0819a000 	C:\WINDOWS\SYSTEM32\WindowsCodecs.dll
0x000007fd0aa30000 - 0x000007fd0aa45000 	C:\WINDOWS\SYSTEM32\profapi.dll
0x000007fd07530000 - 0x000007fd07599000 	C:\WINDOWS\SYSTEM32\oleacc.dll
0x000000005b2d0000 - 0x000000005b2fa000 	F:\Program Files\Java\Jre7\bin\dcpr.dll
0x000007fcf8620000 - 0x000007fcf8783000 	C:\WINDOWS\SYSTEM32\dbghelp.dll

VM Arguments:
jvm_args: -Dfile.encoding=Cp1252 
java_command: emcscanner.kth.se.Program
Launcher Type: SUN_STANDARD

Environment Variables:
PATH=C:\Program Files (x86)\NVIDIA Corporation\PhysX\Common;C:\WINDOWS\system32;C:\WINDOWS;C:\WINDOWS\System32\Wbem;C:\WINDOWS\System32\WindowsPowerShell\v1.0\;C:\Program Files (x86)\Microsoft SQL Server\90\Tools\binn\;C:\Program Files (x86)\Autodesk\Backburner\;F:\Program Files\MATLAB\R2012a\runtime\win64;F:\Program Files\MATLAB\R2012a\bin;C:\Program Files\Internet Explorer;C:\Program Files\Perforce;F:\Program Files\Perforce;C:\Program Files\Microsoft\Web Platform Installer\;C:\Program Files (x86)\Microsoft ASP.NET\ASP.NET Web Pages\v1.0\;C:\Program Files (x86)\Windows Kits\8.0\Windows Performance Toolkit\;C:\Program Files\Microsoft SQL Server\110\Tools\Binn\;F:\Program Files\Perforce\Server
USERNAME=Jonas
OS=Windows_NT
PROCESSOR_IDENTIFIER=Intel64 Family 6 Model 42 Stepping 7, GenuineIntel



---------------  S Y S T E M  ---------------

OS: Windows 8 , 64 bit Build 9200 

CPU:total 8 (4 cores per cpu, 2 threads per core) family 6 model 42 stepping 7, cmov, cx8, fxsr, mmx, sse, sse2, sse3, ssse3, sse4.1, sse4.2, popcnt, avx, ht, tsc, tscinvbit

Memory: 4k page, physical 16751668k(10339736k free), swap 33528884k(23824000k free)

vm_info: Java HotSpot(TM) 64-Bit Server VM (23.3-b01) for windows-amd64 JRE (1.7.0_07-b11), built on Sep  7 2012 01:19:25 by "java_re" with unknown MS VC++:1600

time: Sun Feb 03 14:28:06 2013
elapsed time: 399 seconds

