#
# A fatal error has been detected by the Java Runtime Environment:
#
#  EXCEPTION_ACCESS_VIOLATION (0xc0000005) at pc=0x0000000002c290ca, pid=3892, tid=6812
#
# JRE version: 7.0_07-b11
# Java VM: Java HotSpot(TM) 64-Bit Server VM (23.3-b01 mixed mode windows-amd64 compressed oops)
# Problematic frame:
# J  com.googlecode.javacv.cpp.opencv_core$IplImage.flipCopyWithGamma(Ljava/nio/ByteBuffer;ILjava/nio/ByteBuffer;IZDZI)V
#
# Failed to write core dump. Minidumps are not enabled by default on client versions of Windows
#
# If you would like to submit a bug report, please visit:
#   http://bugreport.sun.com/bugreport/crash.jsp
#

---------------  T H R E A D  ---------------

Current thread (0x0000000016563800):  JavaThread "threadDisplay" daemon [_thread_in_Java, id=6812, stack(0x000000001f550000,0x000000001f650000)]

siginfo: ExceptionCode=0xc0000005, reading address 0x0000000025f86000

Registers:
RAX=0x0000000000000061, RBX=0x00000000005eec00, RCX=0x0000000000000000, RDX=0x0000000025b2a040
RSP=0x000000001f64ee70, RBP=0x00000007d1a451b8, RSI=0x00000007d14563c0, RDI=0x00000000005eec00
R8 =0x000000000045bfc0, R9 =0x000000000045bfc1, R10=0x000000000000167f, R11=0x00000000005eec00
R12=0x0000000000000000, R13=0x000000000045bfc0, R14=0x0000000000000d3f, R15=0x0000000016563800
RIP=0x0000000002c290ca, EFLAGS=0x0000000000010203

Top of Stack: (sp=0x000000001f64ee70)
0x000000001f64ee70:   00000007d14563c0 00000000005eec00
0x000000001f64ee80:   00000000005eec00 0000000000000000
0x000000001f64ee90:   3ff0000000000000 00000007d1a45178
0x000000001f64eea0:   00000007d1a451b8 3ff0000000000000
0x000000001f64eeb0:   0045b28000000000 df6ab9ce0045b280
0x000000001f64eec0:   00001680df6c65d4 0000000000001680
0x000000001f64eed0:   00000007d1a451e8 00001680ffffffff
0x000000001f64eee0:   00000007d1a451b8 00000007d1a45178
0x000000001f64eef0:   00000000fa28ac78 0000000000000000
0x000000001f64ef00:   00000007d14563c0 00000007d1a451b8
0x000000001f64ef10:   00000007d1a451b8 000000001f64ef18
0x000000001f64ef20:   000000001f64efd8 0000000002b861f8
0x000000001f64ef30:   0000000000000000 00000006fc403c30
0x000000001f64ef40:   00000006fb5556b8 0000000002b861f8
0x000000001f64ef50:   0000000000000000 0000000000000000
0x000000001f64ef60:   3ff0000000000000 0000000000000000 

Instructions: (pc=0x0000000002c290ca)
0x0000000002c290aa:   10 44 3b c7 0f 8d 26 01 00 00 45 8b c8 41 ff c1
0x0000000002c290ba:   44 89 4d 18 48 8b 6c 24 70 44 8b 6d 18 4d 63 c0
0x0000000002c290ca:   42 0f b6 04 02 44 3b eb 0f 8d 32 01 00 00 45 8b
0x0000000002c290da:   cd 44 03 c9 41 ff c5 44 89 6d 18 45 3b cb 0f 83 


Register to memory mapping:

RAX=0x0000000000000061 is an unknown value
RBX=0x00000000005eec00 is an unknown value
RCX=0x0000000000000000 is an unknown value
RDX=0x0000000025b2a040 is an unknown value
RSP=0x000000001f64ee70 is pointing into the stack for thread: 0x0000000016563800
RBP=0x00000007d1a451b8 is an oop
java.nio.HeapByteBuffer 
 - klass: 'java/nio/HeapByteBuffer'
RSI=0x00000007d14563c0 is an oop
[B 
 - klass: {type array byte}
 - length: 6220800
RDI=0x00000000005eec00 is an unknown value
R8 =0x000000000045bfc0 is an unknown value
R9 =0x000000000045bfc1 is an unknown value
R10=0x000000000000167f is an unknown value
R11=0x00000000005eec00 is an unknown value
R12=0x0000000000000000 is an unknown value
R13=0x000000000045bfc0 is an unknown value
R14=0x0000000000000d3f is an unknown value
R15=0x0000000016563800 is a thread


Stack: [0x000000001f550000,0x000000001f650000],  sp=0x000000001f64ee70,  free space=1019k
Native frames: (J=compiled Java code, j=interpreted, Vv=VM code, C=native code)
J  com.googlecode.javacv.cpp.opencv_core$IplImage.flipCopyWithGamma(Ljava/nio/ByteBuffer;ILjava/nio/ByteBuffer;IZDZI)V


---------------  P R O C E S S  ---------------

Java Threads: ( => current thread )
  0x000000001fd41000 JavaThread "ICEpdf-pagePainter" daemon [_thread_blocked, id=1612, stack(0x00000000246c0000,0x00000000247c0000)]
  0x000000002119d800 JavaThread "ICEpdf-pageInitializer" daemon [_thread_blocked, id=8080, stack(0x0000000024390000,0x0000000024490000)]
  0x0000000020398800 JavaThread "D3D Screen Updater" daemon [_thread_blocked, id=7848, stack(0x0000000023160000,0x0000000023260000)]
  0x000000000297e000 JavaThread "DestroyJavaVM" [_thread_blocked, id=1856, stack(0x0000000002980000,0x0000000002a80000)]
  0x00000000161d6000 JavaThread "TimerQueue" daemon [_thread_blocked, id=7868, stack(0x0000000020720000,0x0000000020820000)]
  0x00000000164e4800 JavaThread "AWT-EventQueue-0" [_thread_in_Java, id=6104, stack(0x000000001f650000,0x000000001f750000)]
=>0x0000000016563800 JavaThread "threadDisplay" daemon [_thread_in_Java, id=6812, stack(0x000000001f550000,0x000000001f650000)]
  0x0000000013f2a000 JavaThread "AWT-Shutdown" [_thread_blocked, id=5208, stack(0x000000001ace0000,0x000000001ade0000)]
  0x0000000013e05000 JavaThread "threadDisplay" daemon [_thread_in_native, id=7232, stack(0x000000001abe0000,0x000000001ace0000)]
  0x0000000013e06000 JavaThread "AWT-Windows" daemon [_thread_in_native, id=3788, stack(0x0000000014680000,0x0000000014780000)]
  0x0000000013e04800 JavaThread "Java2D Disposer" daemon [_thread_blocked, id=6388, stack(0x0000000014480000,0x0000000014580000)]
  0x00000000116a4800 JavaThread "Service Thread" daemon [_thread_blocked, id=7824, stack(0x0000000013a80000,0x0000000013b80000)]
  0x00000000116a0000 JavaThread "C2 CompilerThread1" daemon [_thread_blocked, id=5156, stack(0x0000000013980000,0x0000000013a80000)]
  0x0000000011699000 JavaThread "C2 CompilerThread0" daemon [_thread_blocked, id=4892, stack(0x0000000013880000,0x0000000013980000)]
  0x0000000011697800 JavaThread "Attach Listener" daemon [_thread_blocked, id=7396, stack(0x0000000013780000,0x0000000013880000)]
  0x000000001168b000 JavaThread "Signal Dispatcher" daemon [_thread_blocked, id=7964, stack(0x0000000013680000,0x0000000013780000)]
  0x000000001162e800 JavaThread "Finalizer" daemon [_thread_blocked, id=7164, stack(0x0000000013580000,0x0000000013680000)]
  0x0000000011627000 JavaThread "Reference Handler" daemon [_thread_blocked, id=8036, stack(0x0000000013480000,0x0000000013580000)]

Other Threads:
  0x0000000011622000 VMThread [stack: 0x0000000013380000,0x0000000013480000] [id=7804]
  0x00000000116b7800 WatcherThread [stack: 0x0000000013b80000,0x0000000013c80000] [id=5296]

VM state:not at safepoint (normal execution)

VM Mutex/Monitor currently owned by a thread: None

Heap
 PSYoungGen      total 756096K, used 640100K [0x00000007aacb0000, 0x00000007db0e0000, 0x0000000800000000)
  eden space 730496K, 87% used [0x00000007aacb0000,0x00000007d1dc9268,0x00000007d7610000)
  from space 25600K, 0% used [0x00000007d97e0000,0x00000007d97e0000,0x00000007db0e0000)
  to   space 28416K, 0% used [0x00000007d7960000,0x00000007d7960000,0x00000007d9520000)
 ParOldGen       total 186432K, used 28566K [0x0000000700600000, 0x000000070bc10000, 0x00000007aacb0000)
  object space 186432K, 15% used [0x0000000700600000,0x00000007021e5940,0x000000070bc10000)
 PSPermGen       total 40448K, used 17893K [0x00000006fb400000, 0x00000006fdb80000, 0x0000000700600000)
  object space 40448K, 44% used [0x00000006fb400000,0x00000006fc579598,0x00000006fdb80000)

Card table byte_map: [0x0000000005c40000,0x0000000006470000] byte_map_base: 0x0000000002466000

Polling page: 0x0000000002870000

Code Cache  [0x0000000002b80000, 0x0000000002df0000, 0x0000000005b80000)
 total_blobs=850 nmethods=261 adapters=540 free_code_cache=47845Kb largest_free_block=48916096

Compilation events (10 events):
Event: 7.737 Thread 0x0000000011699000  265             java.util.IdentityHashMap$IdentityHashMapIterator::hasNext (50 bytes)
Event: 7.737 Thread 0x00000000116a0000  266             java.awt.Rectangle::<init> (26 bytes)
Event: 7.737 Thread 0x00000000116a0000 nmethod 266 0x0000000002cd6250 code [0x0000000002cd6380, 0x0000000002cd63f8]
Event: 7.738 Thread 0x0000000011699000 nmethod 265 0x0000000002cbaed0 code [0x0000000002cbb000, 0x0000000002cbb1b8]
Event: 7.810 Thread 0x00000000116a0000  267             java.lang.Integer::intValue (5 bytes)
Event: 7.810 Thread 0x00000000116a0000 nmethod 267 0x0000000002cd5a50 code [0x0000000002cd5b80, 0x0000000002cd5bd8]
Event: 8.072 Thread 0x0000000011699000  268             java.awt.Component::inside (30 bytes)
Event: 8.073 Thread 0x0000000011699000 nmethod 268 0x0000000002cd5850 code [0x0000000002cd5980, 0x0000000002cd59f8]
Event: 8.519 Thread 0x00000000116a0000  269             sun.java2d.loops.SurfaceType::getUniqueID (5 bytes)
Event: 8.519 Thread 0x00000000116a0000 nmethod 269 0x0000000002cd55d0 code [0x0000000002cd5700, 0x0000000002cd5758]

GC Heap History (10 events):
Event: 5.608 GC heap before
{Heap before GC invocations=8 (full 0):
 PSYoungGen      total 281664K, used 276226K [0x00000007aacb0000, 0x00000007cd3d0000, 0x0000000800000000)
  eden space 259904K, 99% used [0x00000007aacb0000,0x00000007ba9bb9d0,0x00000007baa80000)
  from space 21760K, 78% used [0x00000007baa80000,0x00000007bbb34ed0,0x00000007bbfc0000)
  to   space 22272K, 0% used [0x00000007cbe10000,0x00000007cbe10000,0x00000007cd3d0000)
 ParOldGen       total 174528K, used 113064K [0x0000000700600000, 0x000000070b070000, 0x00000007aacb0000)
  object space 174528K, 64% used [0x0000000700600000,0x000000070746a328,0x000000070b070000)
 PSPermGen       total 21248K, used 17843K [0x00000006fb400000, 0x00000006fc8c0000, 0x0000000700600000)
  object space 21248K, 83% used [0x00000006fb400000,0x00000006fc56ce50,0x00000006fc8c0000)
Event: 5.622 GC heap after
Heap after GC invocations=8 (full 0):
 PSYoungGen      total 540288K, used 20498K [0x00000007aacb0000, 0x00000007cd750000, 0x0000000800000000)
  eden space 518016K, 0% used [0x00000007aacb0000,0x00000007aacb0000,0x00000007ca690000)
  from space 22272K, 92% used [0x00000007cbe10000,0x00000007cd214b40,0x00000007cd3d0000)
  to   space 24064K, 0% used [0x00000007ca690000,0x00000007ca690000,0x00000007cbe10000)
 ParOldGen       total 174528K, used 150490K [0x0000000700600000, 0x000000070b070000, 0x00000007aacb0000)
  object space 174528K, 86% used [0x0000000700600000,0x00000007098f6b88,0x000000070b070000)
 PSPermGen       total 21248K, used 17843K [0x00000006fb400000, 0x00000006fc8c0000, 0x0000000700600000)
  object space 21248K, 83% used [0x00000006fb400000,0x00000006fc56ce50,0x00000006fc8c0000)
}
Event: 5.622 GC heap before
{Heap before GC invocations=9 (full 1):
 PSYoungGen      total 540288K, used 20498K [0x00000007aacb0000, 0x00000007cd750000, 0x0000000800000000)
  eden space 518016K, 0% used [0x00000007aacb0000,0x00000007aacb0000,0x00000007ca690000)
  from space 22272K, 92% used [0x00000007cbe10000,0x00000007cd214b40,0x00000007cd3d0000)
  to   space 24064K, 0% used [0x00000007ca690000,0x00000007ca690000,0x00000007cbe10000)
 ParOldGen       total 174528K, used 150490K [0x0000000700600000, 0x000000070b070000, 0x00000007aacb0000)
  object space 174528K, 86% used [0x0000000700600000,0x00000007098f6b88,0x000000070b070000)
 PSPermGen       total 21248K, used 17843K [0x00000006fb400000, 0x00000006fc8c0000, 0x0000000700600000)
  object space 21248K, 83% used [0x00000006fb400000,0x00000006fc56ce50,0x00000006fc8c0000)
Event: 5.668 GC heap after
Heap after GC invocations=9 (full 1):
 PSYoungGen      total 540288K, used 0K [0x00000007aacb0000, 0x00000007cd750000, 0x0000000800000000)
  eden space 518016K, 0% used [0x00000007aacb0000,0x00000007aacb0000,0x00000007ca690000)
  from space 22272K, 0% used [0x00000007cbe10000,0x00000007cbe10000,0x00000007cd3d0000)
  to   space 24064K, 0% used [0x00000007ca690000,0x00000007ca690000,0x00000007cbe10000)
 ParOldGen       total 140416K, used 24878K [0x0000000700600000, 0x0000000708f20000, 0x00000007aacb0000)
  object space 140416K, 17% used [0x0000000700600000,0x0000000701e4bbd0,0x0000000708f20000)
 PSPermGen       total 36224K, used 17836K [0x00000006fb400000, 0x00000006fd760000, 0x0000000700600000)
  object space 36224K, 49% used [0x00000006fb400000,0x00000006fc56b3e8,0x00000006fd760000)
}
Event: 6.655 GC heap before
{Heap before GC invocations=10 (full 1):
 PSYoungGen      total 540288K, used 517802K [0x00000007aacb0000, 0x00000007cd750000, 0x0000000800000000)
  eden space 518016K, 99% used [0x00000007aacb0000,0x00000007ca65a9e8,0x00000007ca690000)
  from space 22272K, 0% used [0x00000007cbe10000,0x00000007cbe10000,0x00000007cd3d0000)
  to   space 24064K, 0% used [0x00000007ca690000,0x00000007ca690000,0x00000007cbe10000)
 ParOldGen       total 140416K, used 24878K [0x0000000700600000, 0x0000000708f20000, 0x00000007aacb0000)
  object space 140416K, 17% used [0x0000000700600000,0x0000000701e4bbd0,0x0000000708f20000)
 PSPermGen       total 36224K, used 17879K [0x00000006fb400000, 0x00000006fd760000, 0x0000000700600000)
  object space 36224K, 49% used [0x00000006fb400000,0x00000006fc575dc0,0x00000006fd760000)
Event: 6.665 GC heap after
Heap after GC invocations=10 (full 1):
 PSYoungGen      total 542080K, used 21930K [0x00000007aacb0000, 0x00000007db120000, 0x0000000800000000)
  eden space 518016K, 0% used [0x00000007aacb0000,0x00000007aacb0000,0x00000007ca690000)
  from space 24064K, 91% used [0x00000007ca690000,0x00000007cbbfa900,0x00000007cbe10000)
  to   space 25856K, 0% used [0x00000007d97e0000,0x00000007d97e0000,0x00000007db120000)
 ParOldGen       total 140416K, used 80313K [0x0000000700600000, 0x0000000708f20000, 0x00000007aacb0000)
  object space 140416K, 57% used [0x0000000700600000,0x000000070546e5f0,0x0000000708f20000)
 PSPermGen       total 36224K, used 17879K [0x00000006fb400000, 0x00000006fd760000, 0x0000000700600000)
  object space 36224K, 49% used [0x00000006fb400000,0x00000006fc575dc0,0x00000006fd760000)
}
Event: 7.672 GC heap before
{Heap before GC invocations=11 (full 1):
 PSYoungGen      total 542080K, used 537393K [0x00000007aacb0000, 0x00000007db120000, 0x0000000800000000)
  eden space 518016K, 99% used [0x00000007aacb0000,0x00000007ca411ed0,0x00000007ca690000)
  from space 24064K, 91% used [0x00000007ca690000,0x00000007cbbfa900,0x00000007cbe10000)
  to   space 25856K, 0% used [0x00000007d97e0000,0x00000007d97e0000,0x00000007db120000)
 ParOldGen       total 140416K, used 83730K [0x0000000700600000, 0x0000000708f20000, 0x00000007aacb0000)
  object space 140416K, 59% used [0x0000000700600000,0x00000007057c4ac0,0x0000000708f20000)
 PSPermGen       total 36224K, used 17885K [0x00000006fb400000, 0x00000006fd760000, 0x0000000700600000)
  object space 36224K, 49% used [0x00000006fb400000,0x00000006fc5776c8,0x00000006fd760000)
Event: 7.682 GC heap after
Heap after GC invocations=11 (full 1):
 PSYoungGen      total 756096K, used 25548K [0x00000007aacb0000, 0x00000007db0e0000, 0x0000000800000000)
  eden space 730496K, 0% used [0x00000007aacb0000,0x00000007aacb0000,0x00000007d7610000)
  from space 25600K, 99% used [0x00000007d97e0000,0x00000007db0d30e0,0x00000007db0e0000)
  to   space 28416K, 0% used [0x00000007d7960000,0x00000007d7960000,0x00000007d9520000)
 ParOldGen       total 140416K, used 111447K [0x0000000700600000, 0x0000000708f20000, 0x00000007aacb0000)
  object space 140416K, 79% used [0x0000000700600000,0x00000007072d5fd0,0x0000000708f20000)
 PSPermGen       total 36224K, used 17885K [0x00000006fb400000, 0x00000006fd760000, 0x0000000700600000)
  object space 36224K, 49% used [0x00000006fb400000,0x00000006fc5776c8,0x00000006fd760000)
}
Event: 7.682 GC heap before
{Heap before GC invocations=12 (full 2):
 PSYoungGen      total 756096K, used 25548K [0x00000007aacb0000, 0x00000007db0e0000, 0x0000000800000000)
  eden space 730496K, 0% used [0x00000007aacb0000,0x00000007aacb0000,0x00000007d7610000)
  from space 25600K, 99% used [0x00000007d97e0000,0x00000007db0d30e0,0x00000007db0e0000)
  to   space 28416K, 0% used [0x00000007d7960000,0x00000007d7960000,0x00000007d9520000)
 ParOldGen       total 140416K, used 111447K [0x0000000700600000, 0x0000000708f20000, 0x00000007aacb0000)
  object space 140416K, 79% used [0x0000000700600000,0x00000007072d5fd0,0x0000000708f20000)
 PSPermGen       total 36224K, used 17885K [0x00000006fb400000, 0x00000006fd760000, 0x0000000700600000)
  object space 36224K, 49% used [0x00000006fb400000,0x00000006fc5776c8,0x00000006fd760000)
Event: 7.705 GC heap after
Heap after GC invocations=12 (full 2):
 PSYoungGen      total 756096K, used 0K [0x00000007aacb0000, 0x00000007db0e0000, 0x0000000800000000)
  eden space 730496K, 0% used [0x00000007aacb0000,0x00000007aacb0000,0x00000007d7610000)
  from space 25600K, 0% used [0x00000007d97e0000,0x00000007d97e0000,0x00000007db0e0000)
  to   space 28416K, 0% used [0x00000007d7960000,0x00000007d7960000,0x00000007d9520000)
 ParOldGen       total 186432K, used 28566K [0x0000000700600000, 0x000000070bc10000, 0x00000007aacb0000)
  object space 186432K, 15% used [0x0000000700600000,0x00000007021e5940,0x000000070bc10000)
 PSPermGen       total 40448K, used 17885K [0x00000006fb400000, 0x00000006fdb80000, 0x0000000700600000)
  object space 40448K, 44% used [0x00000006fb400000,0x00000006fc577698,0x00000006fdb80000)
}

Deoptimization events (10 events):
Event: 2.778 Thread 0x000000000297e000 Uncommon trap -83 fr.pc 0x0000000002c2d680
Event: 2.778 Thread 0x000000000297e000 Uncommon trap -83 fr.pc 0x0000000002c2bb84
Event: 3.334 Thread 0x000000000297e000 Uncommon trap 43 fr.pc 0x0000000002c43d24
Event: 3.869 Thread 0x00000000164e4800 Uncommon trap -83 fr.pc 0x0000000002c3f644
Event: 3.925 Thread 0x000000002119d800 Uncommon trap -83 fr.pc 0x0000000002c48c34
Event: 3.972 Thread 0x000000002119d800 Uncommon trap -83 fr.pc 0x0000000002c48884
Event: 3.988 Thread 0x000000002119d800 Uncommon trap -83 fr.pc 0x0000000002c195a8
Event: 4.049 Thread 0x000000002119d800 Uncommon trap -83 fr.pc 0x0000000002c1c4d0
Event: 4.086 Thread 0x000000002119d800 Uncommon trap -83 fr.pc 0x0000000002c6c718
Event: 4.328 Thread 0x000000001fd41000 Uncommon trap -83 fr.pc 0x0000000002cad47c

Internal exceptions (10 events):
Event: 4.097 Thread 0x000000002119d800 Threw 0x00000007b18fc190 at C:\jdk7u1_64p\jdk7u7\hotspot\src\share\vm\prims\jvm.cpp:1166
Event: 4.137 Thread 0x000000002119d800 Threw 0x00000007b2610d58 at C:\jdk7u1_64p\jdk7u7\hotspot\src\share\vm\prims\jvm.cpp:1166
Event: 4.138 Thread 0x000000002119d800 Threw 0x00000007b2613b28 at C:\jdk7u1_64p\jdk7u7\hotspot\src\share\vm\prims\jvm.cpp:1166
Event: 4.140 Thread 0x000000002119d800 Threw 0x00000007b2623f90 at C:\jdk7u1_64p\jdk7u7\hotspot\src\share\vm\prims\jvm.cpp:1166
Event: 4.140 Thread 0x000000002119d800 Threw 0x00000007b2626d60 at C:\jdk7u1_64p\jdk7u7\hotspot\src\share\vm\prims\jvm.cpp:1166
Event: 4.142 Thread 0x000000002119d800 Threw 0x00000007b2629f10 at C:\jdk7u1_64p\jdk7u7\hotspot\src\share\vm\prims\jvm.cpp:1166
Event: 4.142 Thread 0x000000002119d800 Threw 0x00000007b262cce0 at C:\jdk7u1_64p\jdk7u7\hotspot\src\share\vm\prims\jvm.cpp:1166
Event: 4.312 Thread 0x000000001fd41000 Threw 0x00000007add13160 at C:\jdk7u1_64p\jdk7u7\hotspot\src\share\vm\prims\jvm.cpp:1166
Event: 4.319 Thread 0x000000001fd41000 Threw 0x00000007add239f0 at C:\jdk7u1_64p\jdk7u7\hotspot\src\share\vm\prims\jvm.cpp:1166
Event: 4.522 Thread 0x000000001fd41000 Threw 0x00000007b154bb38 at C:\jdk7u1_64p\jdk7u7\hotspot\src\share\vm\prims\jvm.cpp:1166

Events (10 events):
Event: 6.655 Executing VM operation: ParallelGCFailedAllocation
Event: 6.665 Executing VM operation: ParallelGCFailedAllocation done
Event: 7.020 loading class 0x0000000013ddf9b0
Event: 7.020 loading class 0x0000000013ddf9b0 done
Event: 7.671 Executing VM operation: ParallelGCFailedAllocation
Event: 7.671 Executing VM operation: ParallelGCFailedAllocation done
Event: 7.672 Executing VM operation: ParallelGCSystemGC
Event: 7.705 Executing VM operation: ParallelGCSystemGC done
Event: 7.766 Thread 0x000000001619a000 Thread exited: 0x000000001619a000
Event: 7.775 Thread 0x000000001619b000 Thread exited: 0x000000001619b000


Dynamic libraries:
0x000007f7dc190000 - 0x000007f7dc1c4000 	F:\Program Files\Java\Jre7\bin\javaw.exe
0x000007ff3c8c0000 - 0x000007ff3ca7e000 	C:\WINDOWS\SYSTEM32\ntdll.dll
0x000007ff3a840000 - 0x000007ff3a976000 	C:\WINDOWS\system32\KERNEL32.DLL
0x000007ff39a80000 - 0x000007ff39b73000 	C:\WINDOWS\system32\KERNELBASE.dll
0x000007ff3ae10000 - 0x000007ff3aeee000 	C:\WINDOWS\system32\ADVAPI32.dll
0x000007ff39f70000 - 0x000007ff3a0bc000 	C:\WINDOWS\system32\USER32.dll
0x000007ff36fd0000 - 0x000007ff37239000 	C:\WINDOWS\WinSxS\amd64_microsoft.windows.common-controls_6595b64144ccf1df_6.0.9200.16384_none_418c2a697189c07f\COMCTL32.dll
0x000007ff3a5d0000 - 0x000007ff3a675000 	C:\WINDOWS\system32\msvcrt.dll
0x000007ff3aef0000 - 0x000007ff3af38000 	C:\WINDOWS\SYSTEM32\sechost.dll
0x000007ff3c500000 - 0x000007ff3c640000 	C:\WINDOWS\system32\RPCRT4.dll
0x000007ff39d10000 - 0x000007ff39e50000 	C:\WINDOWS\system32\GDI32.dll
0x000007ff3c640000 - 0x000007ff3c679000 	C:\WINDOWS\system32\IMM32.DLL
0x000007ff3a2f0000 - 0x000007ff3a405000 	C:\WINDOWS\system32\MSCTF.dll
0x000007ff397b0000 - 0x000007ff397b8000 	C:\PROGRA~2\NVIDIA~1\3DVISI~1\NVSTIN~1.DLL
0x000007ff3c680000 - 0x000007ff3c687000 	C:\WINDOWS\system32\PSAPI.DLL
0x000000005d2b0000 - 0x000000005d353000 	C:\WINDOWS\WinSxS\amd64_microsoft.vc90.crt_1fc8b3b9a1e18e3b_9.0.30729.6871_none_08e717a5a83adddf\MSVCR90.dll
0x000000005b640000 - 0x000000005b711000 	F:\Program Files\Java\Jre7\bin\msvcr100.dll
0x000000005af20000 - 0x000000005b63f000 	F:\Program Files\Java\Jre7\bin\server\jvm.dll
0x000007ff31ca0000 - 0x000007ff31ca9000 	C:\WINDOWS\SYSTEM32\WSOCK32.dll
0x000007ff37250000 - 0x000007ff37270000 	C:\WINDOWS\SYSTEM32\WINMM.dll
0x000007ff3a680000 - 0x000007ff3a6d8000 	C:\WINDOWS\system32\WS2_32.dll
0x000007ff368c0000 - 0x000007ff368f2000 	C:\WINDOWS\SYSTEM32\WINMMBASE.dll
0x000007ff3a980000 - 0x000007ff3a989000 	C:\WINDOWS\system32\NSI.dll
0x000000005af10000 - 0x000000005af1f000 	F:\Program Files\Java\Jre7\bin\verify.dll
0x000000005aee0000 - 0x000000005af08000 	F:\Program Files\Java\Jre7\bin\java.dll
0x000000005aec0000 - 0x000000005aed5000 	F:\Program Files\Java\Jre7\bin\zip.dll
0x000000005bd60000 - 0x000000005bef3000 	F:\Program Files\Java\Jre7\bin\awt.dll
0x000007ff39e50000 - 0x000007ff39f13000 	C:\WINDOWS\system32\OLEAUT32.dll
0x000007ff3a140000 - 0x000007ff3a2f0000 	C:\WINDOWS\system32\combase.dll
0x000007ff339e0000 - 0x000007ff33a7f000 	C:\WINDOWS\system32\apphelp.dll
0x000007ff385b0000 - 0x000007ff38693000 	C:\WINDOWS\system32\uxtheme.dll
0x000007ff33a80000 - 0x000007ff33b15000 	C:\Program Files\Common Files\microsoft shared\ink\tiptsf.dll
0x000007ff37890000 - 0x000007ff378b1000 	C:\WINDOWS\SYSTEM32\dwmapi.dll
0x000007ff3c740000 - 0x000007ff3c8be000 	C:\WINDOWS\system32\ole32.dll
0x000007ff39600000 - 0x000007ff3960a000 	C:\WINDOWS\SYSTEM32\CRYPTBASE.dll
0x000007ff395a0000 - 0x000007ff395fc000 	C:\WINDOWS\SYSTEM32\bcryptPrimitives.dll
0x000007ff3af40000 - 0x000007ff3c228000 	C:\WINDOWS\system32\SHELL32.dll
0x000007ff39f20000 - 0x000007ff39f70000 	C:\WINDOWS\system32\SHLWAPI.dll
0x000007ff38980000 - 0x000007ff38a16000 	C:\WINDOWS\SYSTEM32\shcore.dll
0x000000005c180000 - 0x000000005c218000 	C:\Windows\System32\msvcp100.dll
0x000007ff1e270000 - 0x000007ff1e4c8000 	C:\opencv\build\x64\vc10\bin\opencv_core243.dll
0x000007ff29410000 - 0x000007ff294a5000 	C:\Users\Jonas\AppData\Local\Temp\javacpp152358166594620\jniopencv_core.dll
0x000007ff1dfc0000 - 0x000007ff1e265000 	C:\opencv\build\x64\vc10\bin\opencv_imgproc243.dll
0x000007ff30dc0000 - 0x000007ff30e08000 	C:\Users\Jonas\AppData\Local\Temp\javacpp152358166594620\jniopencv_imgproc.dll
0x0000000066840000 - 0x00000000675ca000 	C:\opencv\build\x64\vc10\bin\opencv_ffmpeg243_64.dll
0x000007ff1dd70000 - 0x000007ff1dfbb000 	C:\opencv\build\x64\vc10\bin\opencv_highgui243.dll
0x000007ff30da0000 - 0x000007ff30dc0000 	C:\WINDOWS\SYSTEM32\AVIFIL32.dll
0x000007ff30730000 - 0x000007ff30759000 	C:\WINDOWS\SYSTEM32\MSVFW32.dll
0x000007ff306c0000 - 0x000007ff306d7000 	C:\WINDOWS\SYSTEM32\AVICAP32.dll
0x000007ff32f20000 - 0x000007ff32f39000 	C:\WINDOWS\SYSTEM32\MSACM32.dll
0x000007ff37270000 - 0x000007ff37279000 	C:\WINDOWS\SYSTEM32\VERSION.dll
0x000007ff306a0000 - 0x000007ff306b3000 	C:\Users\Jonas\AppData\Local\Temp\javacpp152358166594620\jniopencv_highgui.dll
0x000007ff3c230000 - 0x000007ff3c2c6000 	C:\WINDOWS\SYSTEM32\clbcatq.dll
0x000007ff30680000 - 0x000007ff30697000 	C:\Windows\System32\devenum.dll
0x000007ff3ac40000 - 0x000007ff3ae10000 	C:\WINDOWS\system32\setupapi.dll
0x000007ff39c30000 - 0x000007ff39c7f000 	C:\WINDOWS\system32\CFGMGR32.dll
0x000007ff39ce0000 - 0x000007ff39d02000 	C:\WINDOWS\system32\DEVOBJ.dll
0x000007ff32880000 - 0x000007ff328ae000 	C:\WINDOWS\SYSTEM32\ntmarta.dll
0x000007ff39c80000 - 0x000007ff39cd5000 	C:\WINDOWS\system32\WINTRUST.dll
0x000007ff398a0000 - 0x000007ff39a77000 	C:\WINDOWS\system32\CRYPT32.dll
0x000007ff39880000 - 0x000007ff39896000 	C:\WINDOWS\system32\MSASN1.dll
0x000007ff32f10000 - 0x000007ff32f1d000 	C:\WINDOWS\SYSTEM32\msdmo.dll
0x000007ff30350000 - 0x000007ff3037f000 	C:\Windows\System32\qcap.dll
0x000007ff1dbb0000 - 0x000007ff1dd68000 	C:\Windows\System32\quartz.dll
0x000007ff27030000 - 0x000007ff2706f000 	C:\Windows\System32\ksproxy.ax
0x000007ff1fa90000 - 0x000007ff1fa97000 	C:\Windows\System32\ksuser.dll
0x000007ff28210000 - 0x000007ff28410000 	C:\Windows\System32\d3d9.dll
0x000007ff32a90000 - 0x000007ff32a9c000 	C:\Windows\System32\vidcap.ax
0x000007ff26620000 - 0x000007ff26644000 	C:\Windows\System32\kswdmcap.ax
0x000007ff1da50000 - 0x000007ff1dba4000 	C:\Windows\System32\MFC42.dll
0x000007ff24a90000 - 0x000007ff24b4e000 	C:\Windows\System32\ODBC32.dll
0x000007ff253c0000 - 0x000007ff25455000 	C:\Windows\System32\qedit.dll
0x000007ff3c690000 - 0x000007ff3c731000 	C:\WINDOWS\system32\COMDLG32.dll
0x000007ff3a410000 - 0x000007ff3a5b0000 	C:\WINDOWS\WinSxS\amd64_microsoft.windows.gdiplus_6595b64144ccf1df_1.1.9200.16384_none_72771d4ecc1c3a4d\gdiplus.dll
0x000007ff20d90000 - 0x000007ff20e7a000 	C:\WINDOWS\SYSTEM32\DDRAW.dll
0x000007ff339d0000 - 0x000007ff339d8000 	C:\WINDOWS\SYSTEM32\DCIMAN32.dll
0x000000005ada0000 - 0x000000005add4000 	F:\Program Files\Java\Jre7\bin\fontmanager.dll
0x000007ff16cd0000 - 0x000007ff17e50000 	C:\WINDOWS\SYSTEM32\nvd3dumx.dll
0x000007ff396a0000 - 0x000007ff396e3000 	C:\WINDOWS\SYSTEM32\powrprof.dll
0x0000000180000000 - 0x0000000180116000 	C:\Program Files (x86)\NVIDIA Corporation\3D Vision\nvSCPAPI64.dll
0x000007ff36ef0000 - 0x000007ff36f64000 	C:\WINDOWS\SYSTEM32\dxgi.dll
0x000007ff36390000 - 0x000007ff36652000 	C:\WINDOWS\SYSTEM32\nvapi64.dll
0x000007ff36900000 - 0x000007ff3691f000 	C:\WINDOWS\SYSTEM32\DXGIDebug.dll
0x000000005aea0000 - 0x000000005aeb9000 	F:\Program Files\Java\Jre7\bin\net.dll
0x000007ff39010000 - 0x000007ff3906c000 	C:\WINDOWS\system32\mswsock.dll
0x000000005ae80000 - 0x000000005ae91000 	F:\Program Files\Java\Jre7\bin\nio.dll
0x000000005ad50000 - 0x000000005ad91000 	F:\Program Files\Java\Jre7\bin\t2k.dll
0x000007ff37350000 - 0x000007ff374da000 	C:\WINDOWS\SYSTEM32\WindowsCodecs.dll
0x000007ff397d0000 - 0x000007ff397e5000 	C:\WINDOWS\SYSTEM32\profapi.dll
0x000007ff367d0000 - 0x000007ff36839000 	C:\WINDOWS\SYSTEM32\oleacc.dll
0x000000005bd30000 - 0x000000005bd5a000 	F:\Program Files\Java\Jre7\bin\dcpr.dll

VM Arguments:
jvm_args: -Dfile.encoding=Cp1252 
java_command: emcscanner.kth.se.Program
Launcher Type: SUN_STANDARD

Environment Variables:
PATH=C:\Program Files (x86)\NVIDIA Corporation\PhysX\Common;C:\WINDOWS\system32;C:\WINDOWS;C:\WINDOWS\System32\Wbem;C:\WINDOWS\System32\WindowsPowerShell\v1.0\;C:\Program Files (x86)\Microsoft SQL Server\90\Tools\binn\;C:\Program Files (x86)\Autodesk\Backburner\;F:\Program Files\MATLAB\R2012a\runtime\win64;F:\Program Files\MATLAB\R2012a\bin;C:\Program Files\Internet Explorer;C:\Program Files\Perforce;F:\Program Files\Perforce;C:\Program Files\Microsoft\Web Platform Installer\;C:\Program Files (x86)\Microsoft ASP.NET\ASP.NET Web Pages\v1.0\;C:\Program Files (x86)\Windows Kits\8.0\Windows Performance Toolkit\;C:\Program Files\Microsoft SQL Server\110\Tools\Binn\;F:\Program Files\Perforce\Server
USERNAME=Jonas
OS=Windows_NT
PROCESSOR_IDENTIFIER=Intel64 Family 6 Model 42 Stepping 7, GenuineIntel



---------------  S Y S T E M  ---------------

OS: Windows 8 , 64 bit Build 9200 

CPU:total 8 (4 cores per cpu, 2 threads per core) family 6 model 42 stepping 7, cmov, cx8, fxsr, mmx, sse, sse2, sse3, ssse3, sse4.1, sse4.2, popcnt, avx, ht, tsc, tscinvbit

Memory: 4k page, physical 16751668k(11792404k free), swap 33528884k(25305988k free)

vm_info: Java HotSpot(TM) 64-Bit Server VM (23.3-b01) for windows-amd64 JRE (1.7.0_07-b11), built on Sep  7 2012 01:19:25 by "java_re" with unknown MS VC++:1600

time: Fri Jan 25 13:46:28 2013
elapsed time: 8 seconds

