#
# A fatal error has been detected by the Java Runtime Environment:
#
#  EXCEPTION_ACCESS_VIOLATION (0xc0000005) at pc=0x00000000023143f6, pid=6040, tid=8280
#
# JRE version: 7.0_07-b11
# Java VM: Java HotSpot(TM) 64-Bit Server VM (23.3-b01 mixed mode windows-amd64 compressed oops)
# Problematic frame:
# J  com.googlecode.javacv.cpp.opencv_core$IplImage.flipCopyWithGamma(Ljava/nio/ByteBuffer;ILjava/nio/ByteBuffer;IZDZI)V
#
# Failed to write core dump. Minidumps are not enabled by default on client versions of Windows
#
# If you would like to submit a bug report, please visit:
#   http://bugreport.sun.com/bugreport/crash.jsp
#

---------------  T H R E A D  ---------------

Current thread (0x000000001330f000):  JavaThread "threadDisplayCamera" daemon [_thread_in_Java, id=8280, stack(0x000000001b230000,0x000000001b330000)]

siginfo: ExceptionCode=0xc0000005, reading address 0x000000001b1a1000

Registers:
RAX=0x0000000000565faf, RBX=0x00000000f612d7a4, RCX=0x00000007b096b828, RDX=0x000000000000167f
RSP=0x000000001b32ef30, RBP=0x00000007b096bd20, RSI=0x000000001ac3b050, RDI=0x0000000000565faf
R8 =0x00000000005eec00, R9 =0x0000000000565fb0, R10=0x00000000005eec00, R11=0x0000000000565fb0
R12=0x0000000000000000, R13=0x00000007b096b7e8, R14=0x00000000000010af, R15=0x000000001330f000
RIP=0x00000000023143f6, EFLAGS=0x0000000000010283

Top of Stack: (sp=0x000000001b32ef30)
0x000000001b32ef30:   000000001b32ef78 00000006fb559128
0x000000001b32ef40:   0000000000000000 00000006fb556ea0
0x000000001b32ef50:   3ff0000000001680 00000007b096b828
0x000000001b32ef60:   3ff0000000000000 df6c65d4df6ab9ce
0x000000001b32ef70:   00564f0000000000 00000000ffffffff
0x000000001b32ef80:   0000168000564f00 0000168000001680
0x000000001b32ef90:   0000000000000000 00000007b096b858
0x000000001b32efa0:   00000007b096b7e8 00000000021b61f8
0x000000001b32efb0:   00000000005eec00 0000000000000000
0x000000001b32efc0:   00000007b096b7e8 00000007b096b828
0x000000001b32efd0:   00000007b096b828 000000001b32efd8
0x000000001b32efe0:   000000001b32f098 00000000021b61f8
0x000000001b32eff0:   0000000000000000 00000006fc4117f0
0x000000001b32f000:   00000006fb5556b8 00000000021b61f8
0x000000001b32f010:   0000000000000000 0000000000000000
0x000000001b32f020:   3ff0000000000000 0000000000000000 

Instructions: (pc=0x00000000023143f6)
0x00000000023143d6:   70 45 8b 5a 18 4c 63 d7 46 88 4c 15 10 45 3b d8
0x00000000023143e6:   0f 8d 46 01 00 00 44 8b 51 1c 8b 59 2c 4d 63 cb
0x00000000023143f6:   46 0f be 0c 0e 41 ff c3 48 8b 6c 24 70 44 89 5d
0x0000000002314406:   18 8b 41 18 41 3b c2 0f 8d 4f 01 00 00 8b 79 24 


Register to memory mapping:

RAX=0x0000000000565faf is an unknown value
RBX=0x00000000f612d7a4 is an unknown value
RCX=0x00000007b096b828 is an oop
java.nio.HeapByteBuffer 
 - klass: 'java/nio/HeapByteBuffer'
RDX=0x000000000000167f is an unknown value
RSP=0x000000001b32ef30 is pointing into the stack for thread: 0x000000001330f000
RBP=0x00000007b096bd20 is an oop
[B 
 - klass: {type array byte}
 - length: 6220800
RSI=0x000000001ac3b050 is an unknown value
RDI=0x0000000000565faf is an unknown value
R8 =0x00000000005eec00 is an unknown value
R9 =0x0000000000565fb0 is an unknown value
R10=0x00000000005eec00 is an unknown value
R11=0x0000000000565fb0 is an unknown value
R12=0x0000000000000000 is an unknown value
R13=0x00000007b096b7e8 is an oop
java.nio.DirectByteBuffer 
 - klass: 'java/nio/DirectByteBuffer'
R14=0x00000000000010af is an unknown value
R15=0x000000001330f000 is a thread


Stack: [0x000000001b230000,0x000000001b330000],  sp=0x000000001b32ef30,  free space=1019k
Native frames: (J=compiled Java code, j=interpreted, Vv=VM code, C=native code)
J  com.googlecode.javacv.cpp.opencv_core$IplImage.flipCopyWithGamma(Ljava/nio/ByteBuffer;ILjava/nio/ByteBuffer;IZDZI)V


---------------  P R O C E S S  ---------------

Java Threads: ( => current thread )
  0x000000001707b000 JavaThread "ICEpdf-pagePainter" daemon [_thread_blocked, id=4752, stack(0x0000000025760000,0x0000000025860000)]
  0x000000001757b800 JavaThread "ICEpdf-pageInitializer" daemon [_thread_blocked, id=7392, stack(0x0000000025530000,0x0000000025630000)]
  0x00000000020ae000 JavaThread "DestroyJavaVM" [_thread_blocked, id=8408, stack(0x0000000001ed0000,0x0000000001fd0000)]
  0x0000000017494000 JavaThread "D3D Screen Updater" daemon [_thread_blocked, id=5836, stack(0x00000000230f0000,0x00000000231f0000)]
  0x0000000016889800 JavaThread "TimerQueue" daemon [_thread_blocked, id=9212, stack(0x00000000217f0000,0x00000000218f0000)]
  0x0000000014477000 JavaThread "threadDisplayDensity" daemon [_thread_blocked, id=6364, stack(0x000000001db90000,0x000000001dc90000)]
  0x0000000014476800 JavaThread "AWT-EventQueue-0" [_thread_in_native, id=8216, stack(0x000000001da90000,0x000000001db90000)]
  0x0000000014113000 JavaThread "threadDisplay" daemon [_thread_blocked, id=5296, stack(0x000000001d990000,0x000000001da90000)]
  0x0000000014603800 JavaThread "AWT-Shutdown" [_thread_blocked, id=2772, stack(0x000000001b330000,0x000000001b430000)]
=>0x000000001330f000 JavaThread "threadDisplayCamera" daemon [_thread_in_Java, id=8280, stack(0x000000001b230000,0x000000001b330000)]
  0x000000001330f800 JavaThread "AWT-Windows" daemon [_thread_in_native, id=8044, stack(0x0000000013c00000,0x0000000013d00000)]
  0x000000001330e000 JavaThread "Java2D Disposer" daemon [_thread_blocked, id=1592, stack(0x0000000013a00000,0x0000000013b00000)]
  0x0000000010c19000 JavaThread "Service Thread" daemon [_thread_blocked, id=8276, stack(0x0000000013000000,0x0000000013100000)]
  0x0000000010c0e800 JavaThread "C2 CompilerThread1" daemon [_thread_blocked, id=9088, stack(0x0000000012f00000,0x0000000013000000)]
  0x0000000010c09000 JavaThread "C2 CompilerThread0" daemon [_thread_blocked, id=7576, stack(0x0000000012e00000,0x0000000012f00000)]
  0x0000000010c07800 JavaThread "Attach Listener" daemon [_thread_blocked, id=3392, stack(0x0000000012d00000,0x0000000012e00000)]
  0x0000000010bfb000 JavaThread "Signal Dispatcher" daemon [_thread_blocked, id=2828, stack(0x0000000012c00000,0x0000000012d00000)]
  0x0000000010b9e800 JavaThread "Finalizer" daemon [_thread_blocked, id=8104, stack(0x0000000012b00000,0x0000000012c00000)]
  0x0000000010b97000 JavaThread "Reference Handler" daemon [_thread_blocked, id=7344, stack(0x0000000012a00000,0x0000000012b00000)]

Other Threads:
  0x0000000010b92000 VMThread [stack: 0x0000000012900000,0x0000000012a00000] [id=8436]
  0x0000000010c36800 WatcherThread [stack: 0x0000000013100000,0x0000000013200000] [id=1528]

VM state:not at safepoint (normal execution)

VM Mutex/Monitor currently owned by a thread: None

Heap
 PSYoungGen      total 763456K, used 136043K [0x00000007aacb0000, 0x00000007e3e20000, 0x0000000800000000)
  eden space 693824K, 14% used [0x00000007aacb0000,0x00000007b0f5a930,0x00000007d5240000)
  from space 69632K, 50% used [0x00000007d5240000,0x00000007d74705a8,0x00000007d9640000)
  to   space 66880K, 0% used [0x00000007dfcd0000,0x00000007dfcd0000,0x00000007e3e20000)
 ParOldGen       total 253888K, used 34417K [0x0000000700600000, 0x000000070fdf0000, 0x00000007aacb0000)
  object space 253888K, 13% used [0x0000000700600000,0x000000070279c658,0x000000070fdf0000)
 PSPermGen       total 35520K, used 18059K [0x00000006fb400000, 0x00000006fd6b0000, 0x0000000700600000)
  object space 35520K, 50% used [0x00000006fb400000,0x00000006fc5a2ce0,0x00000006fd6b0000)

Card table byte_map: [0x00000000051b0000,0x00000000059e0000] byte_map_base: 0x00000000019d6000

Polling page: 0x00000000005d0000

Code Cache  [0x00000000021b0000, 0x0000000002420000, 0x00000000051b0000)
 total_blobs=918 nmethods=328 adapters=541 free_code_cache=47731Kb largest_free_block=48836352

Compilation events (10 events):
Event: 19.161 Thread 0x0000000010c09000 nmethod 330 0x0000000002298c10 code [0x0000000002298da0, 0x00000000022994b8]
Event: 19.161 Thread 0x0000000010c0e800 nmethod 331 0x0000000002316e90 code [0x0000000002316fc0, 0x0000000002317118]
Event: 20.016 Thread 0x0000000010c09000  332   !         javax.swing.RepaintManager::addDirtyRegion0 (201 bytes)
Event: 20.027 Thread 0x0000000010c09000 nmethod 332 0x000000000231b290 code [0x000000000231b4a0, 0x000000000231c510]
Event: 20.375 Thread 0x0000000010c0e800  333             sun.java2d.SurfaceData::getSurfaceType (5 bytes)
Event: 20.375 Thread 0x0000000010c0e800 nmethod 333 0x0000000002311e10 code [0x0000000002311f40, 0x0000000002311fb8]
Event: 20.442 Thread 0x0000000010c09000  334             java.awt.image.Raster::getWidth (5 bytes)
Event: 20.442 Thread 0x0000000010c09000 nmethod 334 0x0000000002316c10 code [0x0000000002316d40, 0x0000000002316d98]
Event: 20.648 Thread 0x0000000010c0e800  335             sun.java2d.SurfaceData::isSurfaceLost (5 bytes)
Event: 20.648 Thread 0x0000000010c0e800 nmethod 335 0x0000000002298a10 code [0x0000000002298b40, 0x0000000002298b98]

GC Heap History (10 events):
Event: 16.679 GC heap before
{Heap before GC invocations=20 (full 4):
 PSYoungGen      total 556992K, used 489078K [0x00000007aacb0000, 0x00000007d93b0000, 0x0000000800000000)
  eden space 475840K, 98% used [0x00000007aacb0000,0x00000007c78416c0,0x00000007c7d60000)
  from space 81152K, 22% used [0x00000007c7d60000,0x00000007c8f6c430,0x00000007ccca0000)
  to   space 78720K, 0% used [0x00000007d46d0000,0x00000007d46d0000,0x00000007d93b0000)
 ParOldGen       total 229120K, used 200214K [0x0000000700600000, 0x000000070e5c0000, 0x00000007aacb0000)
  object space 229120K, 87% used [0x0000000700600000,0x000000070c9858e0,0x000000070e5c0000)
 PSPermGen       total 37632K, used 18030K [0x00000006fb400000, 0x00000006fd8c0000, 0x0000000700600000)
  object space 37632K, 47% used [0x00000006fb400000,0x00000006fc59bb50,0x00000006fd8c0000)
Event: 16.688 GC heap after
Heap after GC invocations=20 (full 4):
 PSYoungGen      total 667392K, used 35115K [0x00000007aacb0000, 0x00000007d8940000, 0x0000000800000000)
  eden space 599360K, 0% used [0x00000007aacb0000,0x00000007aacb0000,0x00000007cf600000)
  from space 68032K, 51% used [0x00000007d46d0000,0x00000007d691ac80,0x00000007d8940000)
  to   space 75392K, 0% used [0x00000007cf600000,0x00000007cf600000,0x00000007d3fa0000)
 ParOldGen       total 229120K, used 200214K [0x0000000700600000, 0x000000070e5c0000, 0x00000007aacb0000)
  object space 229120K, 87% used [0x0000000700600000,0x000000070c9858e0,0x000000070e5c0000)
 PSPermGen       total 37632K, used 18030K [0x00000006fb400000, 0x00000006fd8c0000, 0x0000000700600000)
  object space 37632K, 47% used [0x00000006fb400000,0x00000006fc59bb50,0x00000006fd8c0000)
}
Event: 17.711 GC heap before
{Heap before GC invocations=21 (full 4):
 PSYoungGen      total 667392K, used 631263K [0x00000007aacb0000, 0x00000007d8940000, 0x0000000800000000)
  eden space 599360K, 99% used [0x00000007aacb0000,0x00000007cf2dcfb0,0x00000007cf600000)
  from space 68032K, 51% used [0x00000007d46d0000,0x00000007d691ac80,0x00000007d8940000)
  to   space 75392K, 0% used [0x00000007cf600000,0x00000007cf600000,0x00000007d3fa0000)
 ParOldGen       total 229120K, used 200214K [0x0000000700600000, 0x000000070e5c0000, 0x00000007aacb0000)
  object space 229120K, 87% used [0x0000000700600000,0x000000070c9858e0,0x000000070e5c0000)
 PSPermGen       total 37632K, used 18035K [0x00000006fb400000, 0x00000006fd8c0000, 0x0000000700600000)
  object space 37632K, 47% used [0x00000006fb400000,0x00000006fc59cf48,0x00000006fd8c0000)
Event: 17.718 GC heap after
Heap after GC invocations=21 (full 4):
 PSYoungGen      total 674752K, used 35147K [0x00000007aacb0000, 0x00000007de2a0000, 0x0000000800000000)
  eden space 599360K, 0% used [0x00000007aacb0000,0x00000007aacb0000,0x00000007cf600000)
  from space 75392K, 46% used [0x00000007cf600000,0x00000007d1852c80,0x00000007d3fa0000)
  to   space 72384K, 0% used [0x00000007d9bf0000,0x00000007d9bf0000,0x00000007de2a0000)
 ParOldGen       total 229120K, used 200214K [0x0000000700600000, 0x000000070e5c0000, 0x00000007aacb0000)
  object space 229120K, 87% used [0x0000000700600000,0x000000070c9858e0,0x000000070e5c0000)
 PSPermGen       total 37632K, used 18035K [0x00000006fb400000, 0x00000006fd8c0000, 0x0000000700600000)
  object space 37632K, 47% used [0x00000006fb400000,0x00000006fc59cf48,0x00000006fd8c0000)
}
Event: 18.775 GC heap before
{Heap before GC invocations=22 (full 4):
 PSYoungGen      total 674752K, used 634440K [0x00000007aacb0000, 0x00000007de2a0000, 0x0000000800000000)
  eden space 599360K, 99% used [0x00000007aacb0000,0x00000007cf5ef518,0x00000007cf600000)
  from space 75392K, 46% used [0x00000007cf600000,0x00000007d1852c80,0x00000007d3fa0000)
  to   space 72384K, 0% used [0x00000007d9bf0000,0x00000007d9bf0000,0x00000007de2a0000)
 ParOldGen       total 229120K, used 200351K [0x0000000700600000, 0x000000070e5c0000, 0x00000007aacb0000)
  object space 229120K, 87% used [0x0000000700600000,0x000000070c9a7fb8,0x000000070e5c0000)
 PSPermGen       total 37632K, used 18042K [0x00000006fb400000, 0x00000006fd8c0000, 0x0000000700600000)
  object space 37632K, 47% used [0x00000006fb400000,0x00000006fc59e9a8,0x00000006fd8c0000)
Event: 18.783 GC heap after
Heap after GC invocations=22 (full 4):
 PSYoungGen      total 757632K, used 35422K [0x00000007aacb0000, 0x00000007dda40000, 0x0000000800000000)
  eden space 693824K, 0% used [0x00000007aacb0000,0x00000007aacb0000,0x00000007d5240000)
  from space 63808K, 55% used [0x00000007d9bf0000,0x00000007dbe87a30,0x00000007dda40000)
  to   space 69632K, 0% used [0x00000007d5240000,0x00000007d5240000,0x00000007d9640000)
 ParOldGen       total 229120K, used 200351K [0x0000000700600000, 0x000000070e5c0000, 0x00000007aacb0000)
  object space 229120K, 87% used [0x0000000700600000,0x000000070c9a7fb8,0x000000070e5c0000)
 PSPermGen       total 37632K, used 18042K [0x00000006fb400000, 0x00000006fd8c0000, 0x0000000700600000)
  object space 37632K, 47% used [0x00000006fb400000,0x00000006fc59e9a8,0x00000006fd8c0000)
}
Event: 20.186 GC heap before
{Heap before GC invocations=23 (full 5):
 PSYoungGen      total 757632K, used 729246K [0x00000007aacb0000, 0x00000007dda40000, 0x0000000800000000)
  eden space 693824K, 100% used [0x00000007aacb0000,0x00000007d5240000,0x00000007d5240000)
  from space 63808K, 55% used [0x00000007d9bf0000,0x00000007dbe87a30,0x00000007dda40000)
  to   space 69632K, 0% used [0x00000007d5240000,0x00000007d5240000,0x00000007d9640000)
 ParOldGen       total 280256K, used 279786K [0x0000000700600000, 0x00000007117b0000, 0x00000007aacb0000)
  object space 280256K, 99% used [0x0000000700600000,0x000000071173a8a8,0x00000007117b0000)
 PSPermGen       total 37632K, used 18044K [0x00000006fb400000, 0x00000006fd8c0000, 0x0000000700600000)
  object space 37632K, 47% used [0x00000006fb400000,0x00000006fc59f3b8,0x00000006fd8c0000)
Event: 20.216 GC heap after
Heap after GC invocations=23 (full 5):
 PSYoungGen      total 757632K, used 0K [0x00000007aacb0000, 0x00000007dda40000, 0x0000000800000000)
  eden space 693824K, 0% used [0x00000007aacb0000,0x00000007aacb0000,0x00000007d5240000)
  from space 63808K, 0% used [0x00000007d9bf0000,0x00000007d9bf0000,0x00000007dda40000)
  to   space 69632K, 0% used [0x00000007d5240000,0x00000007d5240000,0x00000007d9640000)
 ParOldGen       total 253888K, used 34417K [0x0000000700600000, 0x000000070fdf0000, 0x00000007aacb0000)
  object space 253888K, 13% used [0x0000000700600000,0x000000070279c658,0x000000070fdf0000)
 PSPermGen       total 35520K, used 18044K [0x00000006fb400000, 0x00000006fd6b0000, 0x0000000700600000)
  object space 35520K, 50% used [0x00000006fb400000,0x00000006fc59f378,0x00000006fd6b0000)
}
Event: 21.529 GC heap before
{Heap before GC invocations=24 (full 5):
 PSYoungGen      total 757632K, used 688158K [0x00000007aacb0000, 0x00000007dda40000, 0x0000000800000000)
  eden space 693824K, 99% used [0x00000007aacb0000,0x00000007d4cb7ad8,0x00000007d5240000)
  from space 63808K, 0% used [0x00000007d9bf0000,0x00000007d9bf0000,0x00000007dda40000)
  to   space 69632K, 0% used [0x00000007d5240000,0x00000007d5240000,0x00000007d9640000)
 ParOldGen       total 253888K, used 34417K [0x0000000700600000, 0x000000070fdf0000, 0x00000007aacb0000)
  object space 253888K, 13% used [0x0000000700600000,0x000000070279c658,0x000000070fdf0000)
 PSPermGen       total 35520K, used 18058K [0x00000006fb400000, 0x00000006fd6b0000, 0x0000000700600000)
  object space 35520K, 50% used [0x00000006fb400000,0x00000006fc5a2918,0x00000006fd6b0000)
Event: 21.534 GC heap after
Heap after GC invocations=24 (full 5):
 PSYoungGen      total 763456K, used 35009K [0x00000007aacb0000, 0x00000007e3e20000, 0x0000000800000000)
  eden space 693824K, 0% used [0x00000007aacb0000,0x00000007aacb0000,0x00000007d5240000)
  from space 69632K, 50% used [0x00000007d5240000,0x00000007d74705a8,0x00000007d9640000)
  to   space 66880K, 0% used [0x00000007dfcd0000,0x00000007dfcd0000,0x00000007e3e20000)
 ParOldGen       total 253888K, used 34417K [0x0000000700600000, 0x000000070fdf0000, 0x00000007aacb0000)
  object space 253888K, 13% used [0x0000000700600000,0x000000070279c658,0x000000070fdf0000)
 PSPermGen       total 35520K, used 18058K [0x00000006fb400000, 0x00000006fd6b0000, 0x0000000700600000)
  object space 35520K, 50% used [0x00000006fb400000,0x00000006fc5a2918,0x00000006fd6b0000)
}

Deoptimization events (10 events):
Event: 3.894 Thread 0x000000001757b800 Uncommon trap -83 fr.pc 0x00000000022aa728
Event: 3.961 Thread 0x000000001757b800 Uncommon trap -83 fr.pc 0x00000000022a5fd0
Event: 3.991 Thread 0x000000001757b800 Uncommon trap -83 fr.pc 0x0000000002298458
Event: 11.611 Thread 0x0000000014476800 Uncommon trap -122 fr.pc 0x000000000230ba08
Event: 11.611 Thread 0x0000000014476800 Uncommon trap -34 fr.pc 0x00000000023071a0
Event: 11.611 Thread 0x0000000014476800 Uncommon trap -34 fr.pc 0x00000000023071a0
Event: 11.612 Thread 0x0000000014476800 Uncommon trap -34 fr.pc 0x00000000023071a0
Event: 11.612 Thread 0x0000000014476800 Uncommon trap -34 fr.pc 0x00000000023071a0
Event: 14.844 Thread 0x0000000014476800 Uncommon trap -12 fr.pc 0x0000000002224080
Event: 18.912 Thread 0x0000000014477000 Uncommon trap -12 fr.pc 0x00000000022a33f8

Internal exceptions (10 events):
Event: 4.041 Thread 0x000000001757b800 Threw 0x00000007ab717ed8 at C:\jdk7u1_64p\jdk7u7\hotspot\src\share\vm\prims\jvm.cpp:1166
Event: 4.041 Thread 0x000000001757b800 Threw 0x00000007ab71aca8 at C:\jdk7u1_64p\jdk7u7\hotspot\src\share\vm\prims\jvm.cpp:1166
Event: 4.166 Thread 0x000000001707b000 Threw 0x00000007abc59750 at C:\jdk7u1_64p\jdk7u7\hotspot\src\share\vm\prims\jvm.cpp:1166
Event: 4.169 Thread 0x000000001707b000 Threw 0x00000007abc69fe0 at C:\jdk7u1_64p\jdk7u7\hotspot\src\share\vm\prims\jvm.cpp:1166
Event: 4.373 Thread 0x000000001707b000 Threw 0x00000007ac6a60b0 at C:\jdk7u1_64p\jdk7u7\hotspot\src\share\vm\prims\jvm.cpp:1166
Event: 11.582 Thread 0x0000000014476800 Threw 0x00000007afcc58e0 at C:\jdk7u1_64p\jdk7u7\hotspot\src\share\vm\prims\jvm.cpp:1166
Event: 11.582 Thread 0x0000000014476800 Threw 0x00000007b2a1a148 at C:\jdk7u1_64p\jdk7u7\hotspot\src\share\vm\prims\jvm.cpp:1166
Event: 11.611 Thread 0x0000000014476800 Threw 0x00000007b42a0860 at C:\jdk7u1_64p\jdk7u7\hotspot\src\share\vm\prims\jvm.cpp:1166
Event: 14.844 Thread 0x0000000014476800 Implicit null exception at 0x0000000002223d24 to 0x0000000002224075
Event: 18.912 Thread 0x0000000014477000 Implicit null exception at 0x00000000022a30f8 to 0x00000000022a33ec

Events (10 events):
Event: 20.186 Executing VM operation: ParallelGCFailedAllocation
Event: 20.216 Executing VM operation: ParallelGCFailedAllocation done
Event: 21.209 loading class 0x000000001460fe00
Event: 21.209 loading class 0x000000001460fe00 done
Event: 21.209 loading class 0x0000000014222a20
Event: 21.209 loading class 0x000000001683b5e0
Event: 21.209 loading class 0x000000001683b5e0 done
Event: 21.209 loading class 0x0000000014222a20 done
Event: 21.529 Executing VM operation: ParallelGCFailedAllocation
Event: 21.534 Executing VM operation: ParallelGCFailedAllocation done


Dynamic libraries:
0x000007f7f0ad0000 - 0x000007f7f0b04000 	F:\Program Files\Java\Jre7\bin\javaw.exe
0x000007f95e1d0000 - 0x000007f95e38e000 	C:\WINDOWS\SYSTEM32\ntdll.dll
0x000007f95d7e0000 - 0x000007f95d916000 	C:\WINDOWS\system32\KERNEL32.DLL
0x000007f95b470000 - 0x000007f95b563000 	C:\WINDOWS\system32\KERNELBASE.dll
0x000007f95ca50000 - 0x000007f95cb2e000 	C:\WINDOWS\system32\ADVAPI32.dll
0x000007f95ce50000 - 0x000007f95cf9c000 	C:\WINDOWS\system32\USER32.dll
0x000007f958910000 - 0x000007f958b79000 	C:\WINDOWS\WinSxS\amd64_microsoft.windows.common-controls_6595b64144ccf1df_6.0.9200.16384_none_418c2a697189c07f\COMCTL32.dll
0x000007f95d590000 - 0x000007f95d635000 	C:\WINDOWS\system32\msvcrt.dll
0x000007f95db40000 - 0x000007f95db88000 	C:\WINDOWS\SYSTEM32\sechost.dll
0x000007f95d6a0000 - 0x000007f95d7e0000 	C:\WINDOWS\system32\RPCRT4.dll
0x000007f95b620000 - 0x000007f95b760000 	C:\WINDOWS\system32\GDI32.dll
0x000007f95dcd0000 - 0x000007f95dd09000 	C:\WINDOWS\system32\IMM32.DLL
0x000007f95cd30000 - 0x000007f95ce45000 	C:\WINDOWS\system32\MSCTF.dll
0x000007f95b0c0000 - 0x000007f95b0c8000 	C:\PROGRA~2\NVIDIA~1\3DVISI~1\NVSTIN~1.DLL
0x000007f95d990000 - 0x000007f95d997000 	C:\WINDOWS\system32\PSAPI.DLL
0x000000006f560000 - 0x000000006f603000 	C:\WINDOWS\WinSxS\amd64_microsoft.vc90.crt_1fc8b3b9a1e18e3b_9.0.30729.6871_none_08e717a5a83adddf\MSVCR90.dll
0x000000006db00000 - 0x000000006dbd1000 	F:\Program Files\Java\Jre7\bin\msvcr100.dll
0x000000006d3e0000 - 0x000000006daff000 	F:\Program Files\Java\Jre7\bin\server\jvm.dll
0x000007f953860000 - 0x000007f953869000 	C:\WINDOWS\SYSTEM32\WSOCK32.dll
0x000007f958800000 - 0x000007f958820000 	C:\WINDOWS\SYSTEM32\WINMM.dll
0x000007f95d920000 - 0x000007f95d978000 	C:\WINDOWS\system32\WS2_32.dll
0x000007f958100000 - 0x000007f958132000 	C:\WINDOWS\SYSTEM32\WINMMBASE.dll
0x000007f95dd10000 - 0x000007f95dd19000 	C:\WINDOWS\system32\NSI.dll
0x000000006d3d0000 - 0x000000006d3df000 	F:\Program Files\Java\Jre7\bin\verify.dll
0x000000006d3a0000 - 0x000000006d3c8000 	F:\Program Files\Java\Jre7\bin\java.dll
0x000000006d380000 - 0x000000006d395000 	F:\Program Files\Java\Jre7\bin\zip.dll
0x000000006c460000 - 0x000000006c5f3000 	F:\Program Files\Java\Jre7\bin\awt.dll
0x000007f95db90000 - 0x000007f95dc53000 	C:\WINDOWS\system32\OLEAUT32.dll
0x000007f95d3e0000 - 0x000007f95d590000 	C:\WINDOWS\system32\combase.dll
0x000007f955390000 - 0x000007f95542f000 	C:\WINDOWS\system32\apphelp.dll
0x000007f959ec0000 - 0x000007f959fa3000 	C:\WINDOWS\system32\uxtheme.dll
0x000007f9552f0000 - 0x000007f955385000 	C:\Program Files\Common Files\microsoft shared\ink\tiptsf.dll
0x000007f959650000 - 0x000007f959671000 	C:\WINDOWS\SYSTEM32\dwmapi.dll
0x000007f95cfa0000 - 0x000007f95d11e000 	C:\WINDOWS\system32\ole32.dll
0x000007f95af30000 - 0x000007f95af3a000 	C:\WINDOWS\SYSTEM32\CRYPTBASE.dll
0x000007f95aeb0000 - 0x000007f95af0c000 	C:\WINDOWS\SYSTEM32\bcryptPrimitives.dll
0x000007f95b760000 - 0x000007f95ca48000 	C:\WINDOWS\system32\SHELL32.dll
0x000007f95dc80000 - 0x000007f95dcd0000 	C:\WINDOWS\system32\SHLWAPI.dll
0x000007f95a290000 - 0x000007f95a326000 	C:\WINDOWS\SYSTEM32\shcore.dll
0x000000006e430000 - 0x000000006e4c8000 	C:\Windows\System32\msvcp100.dll
0x000007f945e60000 - 0x000007f9460b8000 	C:\opencv\build\x64\vc10\bin\opencv_core243.dll
0x000007f954c30000 - 0x000007f954cc5000 	C:\Users\Jonas\AppData\Local\Temp\javacpp306396451409604\jniopencv_core.dll
0x000007f943c30000 - 0x000007f943ed5000 	C:\opencv\build\x64\vc10\bin\opencv_imgproc243.dll
0x000007f951fb0000 - 0x000007f951ff8000 	C:\Users\Jonas\AppData\Local\Temp\javacpp306396451409604\jniopencv_imgproc.dll
0x0000000066840000 - 0x00000000675ca000 	C:\opencv\build\x64\vc10\bin\opencv_ffmpeg243_64.dll
0x000007f9422f0000 - 0x000007f94253b000 	C:\opencv\build\x64\vc10\bin\opencv_highgui243.dll
0x000007f954c10000 - 0x000007f954c30000 	C:\WINDOWS\SYSTEM32\AVIFIL32.dll
0x000007f9547b0000 - 0x000007f9547d9000 	C:\WINDOWS\SYSTEM32\MSVFW32.dll
0x000007f954b70000 - 0x000007f954b87000 	C:\WINDOWS\SYSTEM32\AVICAP32.dll
0x000007f948660000 - 0x000007f948679000 	C:\WINDOWS\SYSTEM32\MSACM32.dll
0x000007f959620000 - 0x000007f959629000 	C:\WINDOWS\SYSTEM32\VERSION.dll
0x000007f954bf0000 - 0x000007f954c03000 	C:\Users\Jonas\AppData\Local\Temp\javacpp306396451409604\jniopencv_highgui.dll
0x000007f95cc90000 - 0x000007f95cd26000 	C:\WINDOWS\SYSTEM32\clbcatq.dll
0x000007f954af0000 - 0x000007f954b07000 	C:\Windows\System32\devenum.dll
0x000007f95e000000 - 0x000007f95e1d0000 	C:\WINDOWS\system32\setupapi.dll
0x000007f95b390000 - 0x000007f95b3df000 	C:\WINDOWS\system32\CFGMGR32.dll
0x000007f95b440000 - 0x000007f95b462000 	C:\WINDOWS\system32\DEVOBJ.dll
0x000007f954440000 - 0x000007f95446e000 	C:\WINDOWS\SYSTEM32\ntmarta.dll
0x000007f95b3e0000 - 0x000007f95b435000 	C:\WINDOWS\system32\WINTRUST.dll
0x000007f95b1b0000 - 0x000007f95b387000 	C:\WINDOWS\system32\CRYPT32.dll
0x000007f95b190000 - 0x000007f95b1a6000 	C:\WINDOWS\system32\MSASN1.dll
0x000007f957430000 - 0x000007f95743d000 	C:\WINDOWS\SYSTEM32\msdmo.dll
0x000007f954a10000 - 0x000007f954a3f000 	C:\Windows\System32\qcap.dll
0x000007f944d50000 - 0x000007f944f08000 	C:\Windows\System32\quartz.dll
0x000007f94ab50000 - 0x000007f94ab8f000 	C:\Windows\System32\ksproxy.ax
0x000007f955b30000 - 0x000007f955b37000 	C:\Windows\System32\ksuser.dll
0x000007f94a240000 - 0x000007f94a440000 	C:\Windows\System32\d3d9.dll
0x000007f955430000 - 0x000007f95543c000 	C:\Windows\System32\vidcap.ax
0x000007f952370000 - 0x000007f952394000 	C:\Windows\System32\kswdmcap.ax
0x000007f943950000 - 0x000007f943aa4000 	C:\Windows\System32\MFC42.dll
0x000007f945700000 - 0x000007f9457be000 	C:\Windows\System32\ODBC32.dll
0x000007f945820000 - 0x000007f9458b5000 	C:\Windows\System32\qedit.dll
0x000007f95df50000 - 0x000007f95dff1000 	C:\WINDOWS\system32\COMDLG32.dll
0x000007f95d9a0000 - 0x000007f95db40000 	C:\WINDOWS\WinSxS\amd64_microsoft.windows.gdiplus_6595b64144ccf1df_1.1.9200.16384_none_72771d4ecc1c3a4d\gdiplus.dll
0x000007f942540000 - 0x000007f94262a000 	C:\WINDOWS\SYSTEM32\DDRAW.dll
0x000007f957440000 - 0x000007f957448000 	C:\WINDOWS\SYSTEM32\DCIMAN32.dll
0x000000006c420000 - 0x000000006c454000 	F:\Program Files\Java\Jre7\bin\fontmanager.dll
0x000007f93d8c0000 - 0x000007f93ea40000 	C:\WINDOWS\SYSTEM32\nvd3dumx.dll
0x000007f95afb0000 - 0x000007f95aff3000 	C:\WINDOWS\SYSTEM32\powrprof.dll
0x0000000180000000 - 0x0000000180116000 	C:\Program Files (x86)\NVIDIA Corporation\3D Vision\nvSCPAPI64.dll
0x000007f958830000 - 0x000007f9588a4000 	C:\WINDOWS\SYSTEM32\dxgi.dll
0x000007f957c90000 - 0x000007f957f52000 	C:\WINDOWS\SYSTEM32\nvapi64.dll
0x000007f958140000 - 0x000007f95815f000 	C:\WINDOWS\SYSTEM32\DXGIDebug.dll
0x000000006d360000 - 0x000000006d379000 	F:\Program Files\Java\Jre7\bin\net.dll
0x000007f95a920000 - 0x000007f95a97c000 	C:\WINDOWS\system32\mswsock.dll
0x000000006d340000 - 0x000000006d351000 	F:\Program Files\Java\Jre7\bin\nio.dll
0x000000006c3d0000 - 0x000000006c411000 	F:\Program Files\Java\Jre7\bin\t2k.dll
0x000007f958d90000 - 0x000007f958f1a000 	C:\WINDOWS\SYSTEM32\WindowsCodecs.dll
0x000007f95b0e0000 - 0x000007f95b0f5000 	C:\WINDOWS\SYSTEM32\profapi.dll
0x000007f957fd0000 - 0x000007f958039000 	C:\WINDOWS\SYSTEM32\oleacc.dll
0x000000006c3a0000 - 0x000000006c3ca000 	F:\Program Files\Java\Jre7\bin\dcpr.dll

VM Arguments:
jvm_args: -Dfile.encoding=Cp1252 
java_command: emcscanner.kth.se.Program
Launcher Type: SUN_STANDARD

Environment Variables:
PATH=C:\Program Files (x86)\NVIDIA Corporation\PhysX\Common;C:\WINDOWS\system32;C:\WINDOWS;C:\WINDOWS\System32\Wbem;C:\WINDOWS\System32\WindowsPowerShell\v1.0\;C:\Program Files (x86)\Microsoft SQL Server\90\Tools\binn\;C:\Program Files (x86)\Autodesk\Backburner\;F:\Program Files\MATLAB\R2012a\runtime\win64;F:\Program Files\MATLAB\R2012a\bin;PROGRAMFILES\Internet Explorer;C:\Program Files\Perforce;F:\Program Files\Perforce;C:\Program Files\Microsoft\Web Platform Installer\;C:\Program Files (x86)\Microsoft ASP.NET\ASP.NET Web Pages\v1.0\;C:\Program Files (x86)\Windows Kits\8.0\Windows Performance Toolkit\;C:\Program Files\Microsoft SQL Server\110\Tools\Binn\;F:\Program Files\Perforce\Server
USERNAME=Jonas
OS=Windows_NT
PROCESSOR_IDENTIFIER=Intel64 Family 6 Model 42 Stepping 7, GenuineIntel



---------------  S Y S T E M  ---------------

OS: Windows 8 , 64 bit Build 9200 

CPU:total 8 (4 cores per cpu, 2 threads per core) family 6 model 42 stepping 7, cmov, cx8, fxsr, mmx, sse, sse2, sse3, ssse3, sse4.1, sse4.2, popcnt, avx, ht, tsc, tscinvbit

Memory: 4k page, physical 16751668k(10710148k free), swap 33528884k(22319664k free)

vm_info: Java HotSpot(TM) 64-Bit Server VM (23.3-b01) for windows-amd64 JRE (1.7.0_07-b11), built on Sep  7 2012 01:19:25 by "java_re" with unknown MS VC++:1600

time: Fri Feb 01 13:02:26 2013
elapsed time: 21 seconds

