#
# A fatal error has been detected by the Java Runtime Environment:
#
#  EXCEPTION_ACCESS_VIOLATION (0xc0000005) at pc=0x000007ffd0028bc0, pid=8200, tid=9108
#
# JRE version: 7.0_07-b11
# Java VM: Java HotSpot(TM) 64-Bit Server VM (23.3-b01 mixed mode windows-amd64 compressed oops)
# Problematic frame:
# C  [ntdll.dll+0x18bc0]  RtlQueueWorkItem+0x8a0
#
# Failed to write core dump. Minidumps are not enabled by default on client versions of Windows
#
# If you would like to submit a bug report, please visit:
#   http://bugreport.sun.com/bugreport/crash.jsp
# The crash happened outside the Java Virtual Machine in native code.
# See problematic frame for where to report the bug.
#

---------------  T H R E A D  ---------------

Current thread (0x00000000132c2000):  JavaThread "threadDisplayCamera" daemon [_thread_in_native, id=9108, stack(0x000000001b160000,0x000000001b260000)]

siginfo: ExceptionCode=0xc0000005, writing address 0x0000000000000024

Registers:
RAX=0x0000000000000000, RBX=0x00000000140d3d88, RCX=0x00000000fffffffc, RDX=0x0000000000000a98
RSP=0x000000001b25eb50, RBP=0x0000000000000000, RSI=0x0000000000000a98, RDI=0x0000000000000000
R8 =0xffffffffffffffff, R9 =0x0000000000000004, R10=0x0000000000000000, R11=0x0000000000000246
R12=0x0000000000000000, R13=0x0000000000000000, R14=0x000007f798140000, R15=0x0000000000000000
RIP=0x000007ffd0028bc0, EFLAGS=0x0000000000010213

Top of Stack: (sp=0x000000001b25eb50)
0x000000001b25eb50:   0000000000000a98 00000000020b64f0
0x000000001b25eb60:   4089500000000000 0000000000000000
0x000000001b25eb70:   4096800000000000 0000000000000000
0x000000001b25eb80:   0000000000000000 0000000000000000
0x000000001b25eb90:   0000000000000000 0000000000000000
0x000000001b25eba0:   0000000000000000 0000000000000000
0x000000001b25ebb0:   0000000000000000 000007ffcd3610ea
0x000000001b25ebc0:   0000000001ea0000 0000000000000010
0x000000001b25ebd0:   0000bf4cd2530f82 000007ffd00157c0
0x000000001b25ebe0:   0000000000000004 0000000000000001
0x000000001b25ebf0:   000000001ab66050 00000000ff000000
0x000000001b25ec00:   0000000000000000 0000000000000000
0x000000001b25ec10:   000007f798140000 000007ffd001f4d4
0x000000001b25ec20:   0000000000000000 0000000000000000
0x000000001b25ec30:   00000000140d3d88 00000000020b6b9e
0x000000001b25ec40:   0000000000000000 00000000132c21d8 

Instructions: (pc=0x000007ffd0028bc0)
0x000007ffd0028ba0:   43 08 a8 01 0f 85 bd 67 ff ff 8b c8 2b cd f0 0f
0x000007ffd0028bb0:   b1 4b 08 75 ea 48 8b 03 33 ed 48 83 f8 ff 74 03
0x000007ffd0028bc0:   ff 40 24 41 bf 82 03 fe 7f 41 80 3f 00 0f 85 69
0x000007ffd0028bd0:   7a 0e 00 48 83 fe ff 0f 84 bf 7a 0e 00 4c 8b c7 


Register to memory mapping:

RAX=0x0000000000000000 is an unknown value
RBX=0x00000000140d3d88 is an unknown value
RCX=0x00000000fffffffc is an unknown value
RDX=0x0000000000000a98 is an unknown value
RSP=0x000000001b25eb50 is pointing into the stack for thread: 0x00000000132c2000
RBP=0x0000000000000000 is an unknown value
RSI=0x0000000000000a98 is an unknown value
RDI=0x0000000000000000 is an unknown value
R8 =0xffffffffffffffff is an unknown value
R9 =0x0000000000000004 is an unknown value
R10=0x0000000000000000 is an unknown value
R11=0x0000000000000246 is an unknown value
R12=0x0000000000000000 is an unknown value
R13=0x0000000000000000 is an unknown value
R14=0x000007f798140000 is an unknown value
R15=0x0000000000000000 is an unknown value


Stack: [0x000000001b160000,0x000000001b260000],  sp=0x000000001b25eb50,  free space=1018k
Native frames: (J=compiled Java code, j=interpreted, Vv=VM code, C=native code)
C  [ntdll.dll+0x18bc0]  RtlQueueWorkItem+0x8a0

[error occurred during error reporting (printing native stack), id 0xc0000005]

Java frames: (J=compiled Java code, j=interpreted, Vv=VM code)
j  com.googlecode.javacv.cpp.opencv_highgui.cvRetrieveFrame(Lcom/googlecode/javacv/cpp/opencv_highgui$CvCapture;I)Lcom/googlecode/javacv/cpp/opencv_core$IplImage;+0
j  com.googlecode.javacv.cpp.opencv_highgui.cvRetrieveFrame(Lcom/googlecode/javacv/cpp/opencv_highgui$CvCapture;)Lcom/googlecode/javacv/cpp/opencv_core$IplImage;+2
j  com.googlecode.javacv.OpenCVFrameGrabber.grab()Lcom/googlecode/javacv/cpp/opencv_core$IplImage;+4
j  emcscanner.kth.se.CameraPanel$1.run()V+15
v  ~StubRoutines::call_stub

---------------  P R O C E S S  ---------------

Java Threads: ( => current thread )
  0x0000000013534800 JavaThread "ICEpdf-pagePainter" daemon [_thread_blocked, id=9396, stack(0x00000000297d0000,0x00000000298d0000)]
  0x0000000013533800 JavaThread "ICEpdf-pageInitializer" daemon [_thread_blocked, id=3716, stack(0x00000000295a0000,0x00000000296a0000)]
  0x0000000013536000 JavaThread "DestroyJavaVM" [_thread_blocked, id=9172, stack(0x0000000001eb0000,0x0000000001fb0000)]
  0x0000000013533000 JavaThread "D3D Screen Updater" daemon [_thread_blocked, id=5248, stack(0x00000000273c0000,0x00000000274c0000)]
  0x0000000013536800 JavaThread "TimerQueue" daemon [_thread_blocked, id=5836, stack(0x0000000025560000,0x0000000025660000)]
  0x0000000014407800 JavaThread "threadDisplayDensity" daemon [_thread_blocked, id=9756, stack(0x0000000021860000,0x0000000021960000)]
  0x00000000145bb000 JavaThread "AWT-EventQueue-0" [_thread_in_Java, id=8916, stack(0x000000001fc80000,0x000000001fd80000)]
  0x00000000145ba000 JavaThread "threadDisplay" daemon [_thread_blocked, id=8264, stack(0x000000001fb80000,0x000000001fc80000)]
  0x00000000141bf000 JavaThread "threadDisplay" daemon [_thread_blocked, id=9096, stack(0x000000001da10000,0x000000001db10000)]
  0x000000001445d800 JavaThread "AWT-Shutdown" [_thread_blocked, id=9584, stack(0x000000001b260000,0x000000001b360000)]
=>0x00000000132c2000 JavaThread "threadDisplayCamera" daemon [_thread_in_native, id=9108, stack(0x000000001b160000,0x000000001b260000)]
  0x00000000132c3000 JavaThread "AWT-Windows" daemon [_thread_in_native, id=9152, stack(0x0000000013bb0000,0x0000000013cb0000)]
  0x00000000132c1800 JavaThread "Java2D Disposer" daemon [_thread_blocked, id=9768, stack(0x00000000139b0000,0x0000000013ab0000)]
  0x0000000010bd3000 JavaThread "Service Thread" daemon [_thread_blocked, id=10004, stack(0x0000000012fb0000,0x00000000130b0000)]
  0x0000000010bce000 JavaThread "C2 CompilerThread1" daemon [_thread_blocked, id=3860, stack(0x0000000012eb0000,0x0000000012fb0000)]
  0x0000000010bc9000 JavaThread "C2 CompilerThread0" daemon [_thread_blocked, id=6160, stack(0x0000000012db0000,0x0000000012eb0000)]
  0x0000000010bc8800 JavaThread "Attach Listener" daemon [_thread_blocked, id=9720, stack(0x0000000012cb0000,0x0000000012db0000)]
  0x0000000010bbb800 JavaThread "Signal Dispatcher" daemon [_thread_blocked, id=9252, stack(0x0000000012bb0000,0x0000000012cb0000)]
  0x0000000010b5f800 JavaThread "Finalizer" daemon [_thread_blocked, id=10000, stack(0x0000000012ab0000,0x0000000012bb0000)]
  0x0000000010b58000 JavaThread "Reference Handler" daemon [_thread_blocked, id=8648, stack(0x00000000129b0000,0x0000000012ab0000)]

Other Threads:
  0x0000000010b53000 VMThread [stack: 0x00000000128b0000,0x00000000129b0000] [id=3260]
  0x0000000010be9800 WatcherThread [stack: 0x00000000130b0000,0x00000000131b0000] [id=7052]

VM state:not at safepoint (normal execution)

VM Mutex/Monitor currently owned by a thread: None

Heap
 PSYoungGen      total 1352896K, used 1125671K [0x00000007aacb0000, 0x0000000800000000, 0x0000000800000000)
  eden space 1310144K, 82% used [0x00000007aacb0000,0x00000007ece41ef0,0x00000007fac20000)
  from space 42752K, 99% used [0x00000007fac20000,0x00000007fd5d7f48,0x00000007fd5e0000)
  to   space 43136K, 0% used [0x00000007fd5e0000,0x00000007fd5e0000,0x0000000800000000)
 ParOldGen       total 272768K, used 81155K [0x0000000700600000, 0x0000000711060000, 0x00000007aacb0000)
  object space 272768K, 29% used [0x0000000700600000,0x0000000705540ca0,0x0000000711060000)
 PSPermGen       total 37760K, used 18283K [0x00000006fb400000, 0x00000006fd8e0000, 0x0000000700600000)
  object space 37760K, 48% used [0x00000006fb400000,0x00000006fc5dad98,0x00000006fd8e0000)

Card table byte_map: [0x0000000005170000,0x00000000059a0000] byte_map_base: 0x0000000001996000

Polling page: 0x0000000001cc0000

Code Cache  [0x00000000020b0000, 0x0000000002320000, 0x00000000050b0000)
 total_blobs=999 nmethods=409 adapters=541 free_code_cache=47583Kb largest_free_block=48691904

Compilation events (10 events):
Event: 40.028 Thread 0x0000000010bc9000 nmethod 416 0x000000000223a690 code [0x000000000223a800, 0x000000000223a958]
Event: 40.028 Thread 0x0000000010bce000 nmethod 417 0x0000000002214d50 code [0x0000000002214e80, 0x0000000002214ef8]
Event: 40.028 Thread 0x0000000010bc9000  418  s          java.util.Vector::removeAllElements (39 bytes)
Event: 40.029 Thread 0x0000000010bc9000 nmethod 418 0x000000000223a1d0 code [0x000000000223a300, 0x000000000223a578]
Event: 40.065 Thread 0x0000000010bce000  419             javax.swing.text.View::getContainer (18 bytes)
Event: 40.066 Thread 0x0000000010bce000 nmethod 419 0x000000000223ead0 code [0x000000000223ec20, 0x000000000223ecb8]
Event: 40.335 Thread 0x0000000010bc9000  420             javax.swing.JComponent::getBounds (50 bytes)
Event: 40.336 Thread 0x0000000010bc9000 nmethod 420 0x00000000022402d0 code [0x0000000002240400, 0x0000000002240498]
Event: 40.532 Thread 0x0000000010bce000  421             java.awt.geom.AffineTransform::translate (546 bytes)
Event: 40.533 Thread 0x0000000010bce000 nmethod 421 0x000000000223ed90 code [0x000000000223ef20, 0x000000000223f288]

GC Heap History (10 events):
Event: 24.164 GC heap before
{Heap before GC invocations=17 (full 4):
 PSYoungGen      total 1162880K, used 1130752K [0x00000007aacb0000, 0x0000000800000000, 0x0000000800000000)
  eden space 1130752K, 100% used [0x00000007aacb0000,0x00000007efcf0000,0x00000007efcf0000)
  from space 32128K, 0% used [0x00000007efcf0000,0x00000007efcf0000,0x00000007f1c50000)
  to   space 34240K, 0% used [0x00000007fde90000,0x00000007fde90000,0x0000000800000000)
 ParOldGen       total 222592K, used 191754K [0x0000000700600000, 0x000000070df60000, 0x00000007aacb0000)
  object space 222592K, 86% used [0x0000000700600000,0x000000070c142840,0x000000070df60000)
 PSPermGen       total 39872K, used 18213K [0x00000006fb400000, 0x00000006fdaf0000, 0x0000000700600000)
  object space 39872K, 45% used [0x00000006fb400000,0x00000006fc5c9530,0x00000006fdaf0000)
Event: 24.197 GC heap after
Heap after GC invocations=17 (full 4):
 PSYoungGen      total 1162880K, used 0K [0x00000007aacb0000, 0x0000000800000000, 0x0000000800000000)
  eden space 1130752K, 0% used [0x00000007aacb0000,0x00000007aacb0000,0x00000007efcf0000)
  from space 32128K, 0% used [0x00000007efcf0000,0x00000007efcf0000,0x00000007f1c50000)
  to   space 34240K, 0% used [0x00000007fde90000,0x00000007fde90000,0x0000000800000000)
 ParOldGen       total 272768K, used 49913K [0x0000000700600000, 0x0000000711060000, 0x00000007aacb0000)
  object space 272768K, 18% used [0x0000000700600000,0x00000007036be700,0x0000000711060000)
 PSPermGen       total 37760K, used 18213K [0x00000006fb400000, 0x00000006fd8e0000, 0x0000000700600000)
  object space 37760K, 48% used [0x00000006fb400000,0x00000006fc5c9510,0x00000006fd8e0000)
}
Event: 26.454 GC heap before
{Heap before GC invocations=18 (full 4):
 PSYoungGen      total 1162880K, used 1130752K [0x00000007aacb0000, 0x0000000800000000, 0x0000000800000000)
  eden space 1130752K, 100% used [0x00000007aacb0000,0x00000007efcf0000,0x00000007efcf0000)
  from space 32128K, 0% used [0x00000007efcf0000,0x00000007efcf0000,0x00000007f1c50000)
  to   space 34240K, 0% used [0x00000007fde90000,0x00000007fde90000,0x0000000800000000)
 ParOldGen       total 272768K, used 49913K [0x0000000700600000, 0x0000000711060000, 0x00000007aacb0000)
  object space 272768K, 18% used [0x0000000700600000,0x00000007036be700,0x0000000711060000)
 PSPermGen       total 37760K, used 18217K [0x00000006fb400000, 0x00000006fd8e0000, 0x0000000700600000)
  object space 37760K, 48% used [0x00000006fb400000,0x00000006fc5ca578,0x00000006fd8e0000)
Event: 26.462 GC heap after
Heap after GC invocations=18 (full 4):
 PSYoungGen      total 1356416K, used 33108K [0x00000007aacb0000, 0x0000000800000000, 0x0000000800000000)
  eden space 1322176K, 0% used [0x00000007aacb0000,0x00000007aacb0000,0x00000007fb7e0000)
  from space 34240K, 96% used [0x00000007fde90000,0x00000007ffee5170,0x0000000800000000)
  to   space 36928K, 0% used [0x00000007fb7e0000,0x00000007fb7e0000,0x00000007fdbf0000)
 ParOldGen       total 272768K, used 49913K [0x0000000700600000, 0x0000000711060000, 0x00000007aacb0000)
  object space 272768K, 18% used [0x0000000700600000,0x00000007036be700,0x0000000711060000)
 PSPermGen       total 37760K, used 18217K [0x00000006fb400000, 0x00000006fd8e0000, 0x0000000700600000)
  object space 37760K, 48% used [0x00000006fb400000,0x00000006fc5ca578,0x00000006fd8e0000)
}
Event: 29.333 GC heap before
{Heap before GC invocations=19 (full 4):
 PSYoungGen      total 1356416K, used 1350346K [0x00000007aacb0000, 0x0000000800000000, 0x0000000800000000)
  eden space 1322176K, 99% used [0x00000007aacb0000,0x00000007fb30d828,0x00000007fb7e0000)
  from space 34240K, 96% used [0x00000007fde90000,0x00000007ffee5170,0x0000000800000000)
  to   space 36928K, 0% used [0x00000007fb7e0000,0x00000007fb7e0000,0x00000007fdbf0000)
 ParOldGen       total 272768K, used 49913K [0x0000000700600000, 0x0000000711060000, 0x00000007aacb0000)
  object space 272768K, 18% used [0x0000000700600000,0x00000007036be700,0x0000000711060000)
 PSPermGen       total 37760K, used 18239K [0x00000006fb400000, 0x00000006fd8e0000, 0x0000000700600000)
  object space 37760K, 48% used [0x00000006fb400000,0x00000006fc5cfc68,0x00000006fd8e0000)
Event: 29.343 GC heap after
Heap after GC invocations=19 (full 4):
 PSYoungGen      total 1358528K, used 36329K [0x00000007aacb0000, 0x0000000800000000, 0x0000000800000000)
  eden space 1322176K, 0% used [0x00000007aacb0000,0x00000007aacb0000,0x00000007fb7e0000)
  from space 36352K, 99% used [0x00000007fb7e0000,0x00000007fdb5a790,0x00000007fdb60000)
  to   space 37504K, 0% used [0x00000007fdb60000,0x00000007fdb60000,0x0000000800000000)
 ParOldGen       total 272768K, used 60155K [0x0000000700600000, 0x0000000711060000, 0x00000007aacb0000)
  object space 272768K, 22% used [0x0000000700600000,0x00000007040bee20,0x0000000711060000)
 PSPermGen       total 37760K, used 18239K [0x00000006fb400000, 0x00000006fd8e0000, 0x0000000700600000)
  object space 37760K, 48% used [0x00000006fb400000,0x00000006fc5cfc68,0x00000006fd8e0000)
}
Event: 34.841 GC heap before
{Heap before GC invocations=20 (full 4):
 PSYoungGen      total 1358528K, used 1357375K [0x00000007aacb0000, 0x0000000800000000, 0x0000000800000000)
  eden space 1322176K, 99% used [0x00000007aacb0000,0x00000007fb6c56d0,0x00000007fb7e0000)
  from space 36352K, 99% used [0x00000007fb7e0000,0x00000007fdb5a790,0x00000007fdb60000)
  to   space 37504K, 0% used [0x00000007fdb60000,0x00000007fdb60000,0x0000000800000000)
 ParOldGen       total 272768K, used 60155K [0x0000000700600000, 0x0000000711060000, 0x00000007aacb0000)
  object space 272768K, 22% used [0x0000000700600000,0x00000007040bee20,0x0000000711060000)
 PSPermGen       total 37760K, used 18246K [0x00000006fb400000, 0x00000006fd8e0000, 0x0000000700600000)
  object space 37760K, 48% used [0x00000006fb400000,0x00000006fc5d1920,0x00000006fd8e0000)
Event: 34.848 GC heap after
Heap after GC invocations=20 (full 4):
 PSYoungGen      total 1347648K, used 36355K [0x00000007aacb0000, 0x0000000800000000, 0x0000000800000000)
  eden space 1310144K, 0% used [0x00000007aacb0000,0x00000007aacb0000,0x00000007fac20000)
  from space 37504K, 96% used [0x00000007fdb60000,0x00000007ffee0d70,0x0000000800000000)
  to   space 42944K, 0% used [0x00000007fac20000,0x00000007fac20000,0x00000007fd610000)
 ParOldGen       total 272768K, used 68505K [0x0000000700600000, 0x0000000711060000, 0x00000007aacb0000)
  object space 272768K, 25% used [0x0000000700600000,0x00000007048e65a0,0x0000000711060000)
 PSPermGen       total 37760K, used 18246K [0x00000006fb400000, 0x00000006fd8e0000, 0x0000000700600000)
  object space 37760K, 48% used [0x00000006fb400000,0x00000006fc5d1920,0x00000006fd8e0000)
}
Event: 37.714 GC heap before
{Heap before GC invocations=21 (full 4):
 PSYoungGen      total 1347648K, used 1346274K [0x00000007aacb0000, 0x0000000800000000, 0x0000000800000000)
  eden space 1310144K, 99% used [0x00000007aacb0000,0x00000007fabe7d18,0x00000007fac20000)
  from space 37504K, 96% used [0x00000007fdb60000,0x00000007ffee0d70,0x0000000800000000)
  to   space 42944K, 0% used [0x00000007fac20000,0x00000007fac20000,0x00000007fd610000)
 ParOldGen       total 272768K, used 70530K [0x0000000700600000, 0x0000000711060000, 0x00000007aacb0000)
  object space 272768K, 25% used [0x0000000700600000,0x0000000704ae09b0,0x0000000711060000)
 PSPermGen       total 37760K, used 18254K [0x00000006fb400000, 0x00000006fd8e0000, 0x0000000700600000)
  object space 37760K, 48% used [0x00000006fb400000,0x00000006fc5d3a78,0x00000006fd8e0000)
Event: 37.723 GC heap after
Heap after GC invocations=21 (full 4):
 PSYoungGen      total 1352896K, used 42719K [0x00000007aacb0000, 0x0000000800000000, 0x0000000800000000)
  eden space 1310144K, 0% used [0x00000007aacb0000,0x00000007aacb0000,0x00000007fac20000)
  from space 42752K, 99% used [0x00000007fac20000,0x00000007fd5d7f48,0x00000007fd5e0000)
  to   space 43136K, 0% used [0x00000007fd5e0000,0x00000007fd5e0000,0x0000000800000000)
 ParOldGen       total 272768K, used 81155K [0x0000000700600000, 0x0000000711060000, 0x00000007aacb0000)
  object space 272768K, 29% used [0x0000000700600000,0x0000000705540ca0,0x0000000711060000)
 PSPermGen       total 37760K, used 18254K [0x00000006fb400000, 0x00000006fd8e0000, 0x0000000700600000)
  object space 37760K, 48% used [0x00000006fb400000,0x00000006fc5d3a78,0x00000006fd8e0000)
}

Deoptimization events (10 events):
Event: 3.368 Thread 0x0000000001eae000 Uncommon trap 43 fr.pc 0x000000000217a594
Event: 3.886 Thread 0x00000000145bb000 Uncommon trap -83 fr.pc 0x000000000217f784
Event: 3.956 Thread 0x0000000013533800 Uncommon trap -83 fr.pc 0x00000000021892f4
Event: 4.010 Thread 0x0000000013533800 Uncommon trap -83 fr.pc 0x0000000002189704
Event: 4.027 Thread 0x0000000013533800 Uncommon trap -83 fr.pc 0x0000000002150768
Event: 4.085 Thread 0x0000000013533800 Uncommon trap -83 fr.pc 0x000000000219cf3c
Event: 4.118 Thread 0x0000000013533800 Uncommon trap -83 fr.pc 0x00000000021a21d8
Event: 12.902 Thread 0x00000000145bb000 Uncommon trap -12 fr.pc 0x000000000220d9fc
Event: 17.688 Thread 0x00000000145bb000 Uncommon trap -12 fr.pc 0x00000000021a6eb8
Event: 21.638 Thread 0x00000000145bb000 Uncommon trap -83 fr.pc 0x00000000021ac2c4

Internal exceptions (10 events):
Event: 4.183 Thread 0x0000000013533800 Threw 0x00000007ab5a3bb8 at C:\jdk7u1_64p\jdk7u7\hotspot\src\share\vm\prims\jvm.cpp:1166
Event: 4.183 Thread 0x0000000013533800 Threw 0x00000007ab5a6ad8 at C:\jdk7u1_64p\jdk7u7\hotspot\src\share\vm\prims\jvm.cpp:1166
Event: 4.316 Thread 0x0000000013534800 Threw 0x00000007aea24660 at C:\jdk7u1_64p\jdk7u7\hotspot\src\share\vm\prims\jvm.cpp:1166
Event: 4.320 Thread 0x0000000013534800 Threw 0x00000007aea34ef0 at C:\jdk7u1_64p\jdk7u7\hotspot\src\share\vm\prims\jvm.cpp:1166
Event: 4.521 Thread 0x0000000013534800 Threw 0x00000007b29685e0 at C:\jdk7u1_64p\jdk7u7\hotspot\src\share\vm\prims\jvm.cpp:1166
Event: 12.902 Thread 0x00000000145bb000 Implicit null exception at 0x000000000220d6c0 to 0x000000000220d9f1
Event: 17.688 Thread 0x00000000145bb000 Implicit null exception at 0x00000000021a6bb8 to 0x00000000021a6eac
Event: 21.568 Thread 0x00000000145bb000 Threw 0x00000007ae4ae148 at C:\jdk7u1_64p\jdk7u7\hotspot\src\share\vm\prims\jvm.cpp:1166
Event: 21.568 Thread 0x00000000145bb000 Threw 0x00000007ae4b3730 at C:\jdk7u1_64p\jdk7u7\hotspot\src\share\vm\prims\jvm.cpp:1166
Event: 21.570 Thread 0x00000000145bb000 Threw 0x00000007ae4c0b60 at C:\jdk7u1_64p\jdk7u7\hotspot\src\share\vm\prims\jvm.cpp:1166

Events (10 events):
Event: 34.390 Executing VM operation: BulkRevokeBias
Event: 34.390 Executing VM operation: BulkRevokeBias done
Event: 34.841 Executing VM operation: ParallelGCFailedAllocation
Event: 34.849 Executing VM operation: ParallelGCFailedAllocation done
Event: 36.009 Thread 0x0000000010bc9000 flushing nmethod 0x000000000220d4d0
Event: 37.705 Executing VM operation: ParallelGCFailedAllocation
Event: 37.705 Executing VM operation: ParallelGCFailedAllocation done
Event: 37.714 Executing VM operation: ParallelGCSystemGC
Event: 37.723 Executing VM operation: ParallelGCSystemGC done
Event: 39.132 Thread 0x0000000010bc9000 flushing nmethod 0x00000000021a6950


Dynamic libraries:
0x000007f798e80000 - 0x000007f798eb4000 	F:\Program Files\Java\Jre7\bin\javaw.exe
0x000007ffd0010000 - 0x000007ffd01ce000 	C:\WINDOWS\SYSTEM32\ntdll.dll
0x000007ffcd650000 - 0x000007ffcd786000 	C:\WINDOWS\system32\KERNEL32.DLL
0x000007ffcd360000 - 0x000007ffcd453000 	C:\WINDOWS\system32\KERNELBASE.dll
0x000007ffcdad0000 - 0x000007ffcdbae000 	C:\WINDOWS\system32\ADVAPI32.dll
0x000007ffcf8a0000 - 0x000007ffcf9ec000 	C:\WINDOWS\system32\USER32.dll
0x000007ffca740000 - 0x000007ffca9a9000 	C:\WINDOWS\WinSxS\amd64_microsoft.windows.common-controls_6595b64144ccf1df_6.0.9200.16384_none_418c2a697189c07f\COMCTL32.dll
0x000007ffcd940000 - 0x000007ffcd9e5000 	C:\WINDOWS\system32\msvcrt.dll
0x000007ffcd460000 - 0x000007ffcd4a8000 	C:\WINDOWS\SYSTEM32\sechost.dll
0x000007ffcf760000 - 0x000007ffcf8a0000 	C:\WINDOWS\system32\RPCRT4.dll
0x000007ffcdec0000 - 0x000007ffce000000 	C:\WINDOWS\system32\GDI32.dll
0x000007ffcda90000 - 0x000007ffcdac9000 	C:\WINDOWS\system32\IMM32.DLL
0x000007ffcf9f0000 - 0x000007ffcfb05000 	C:\WINDOWS\system32\MSCTF.dll
0x000007ffccf00000 - 0x000007ffccf08000 	C:\PROGRA~2\NVIDIA~1\3DVISI~1\NVSTIN~1.DLL
0x000007ffcda80000 - 0x000007ffcda87000 	C:\WINDOWS\system32\PSAPI.DLL
0x0000000061700000 - 0x00000000617a3000 	C:\WINDOWS\WinSxS\amd64_microsoft.vc90.crt_1fc8b3b9a1e18e3b_9.0.30729.6871_none_08e717a5a83adddf\MSVCR90.dll
0x000000005f150000 - 0x000000005f221000 	F:\Program Files\Java\Jre7\bin\msvcr100.dll
0x000000005ea30000 - 0x000000005f14f000 	F:\Program Files\Java\Jre7\bin\server\jvm.dll
0x000007ffc53f0000 - 0x000007ffc53f9000 	C:\WINDOWS\SYSTEM32\WSOCK32.dll
0x000007ffca070000 - 0x000007ffca090000 	C:\WINDOWS\SYSTEM32\WINMM.dll
0x000007ffcffb0000 - 0x000007ffd0008000 	C:\WINDOWS\system32\WS2_32.dll
0x000007ffc9f70000 - 0x000007ffc9fa2000 	C:\WINDOWS\SYSTEM32\WINMMBASE.dll
0x000007ffcfb10000 - 0x000007ffcfb19000 	C:\WINDOWS\system32\NSI.dll
0x000000005ea20000 - 0x000000005ea2f000 	F:\Program Files\Java\Jre7\bin\verify.dll
0x000000005e9f0000 - 0x000000005ea18000 	F:\Program Files\Java\Jre7\bin\java.dll
0x000000005e9d0000 - 0x000000005e9e5000 	F:\Program Files\Java\Jre7\bin\zip.dll
0x000000005e7c0000 - 0x000000005e953000 	F:\Program Files\Java\Jre7\bin\awt.dll
0x000007ffcdbb0000 - 0x000007ffcdc73000 	C:\WINDOWS\system32\OLEAUT32.dll
0x000007ffcd790000 - 0x000007ffcd940000 	C:\WINDOWS\system32\combase.dll
0x000007ffc7130000 - 0x000007ffc71cf000 	C:\WINDOWS\system32\apphelp.dll
0x000007ffcbd00000 - 0x000007ffcbde3000 	C:\WINDOWS\system32\uxtheme.dll
0x000007ffc71e0000 - 0x000007ffc7275000 	C:\Program Files\Common Files\microsoft shared\ink\tiptsf.dll
0x000007ffcae20000 - 0x000007ffcae41000 	C:\WINDOWS\SYSTEM32\dwmapi.dll
0x000007ffce000000 - 0x000007ffce17e000 	C:\WINDOWS\system32\ole32.dll
0x000007ffccd70000 - 0x000007ffccd7a000 	C:\WINDOWS\SYSTEM32\CRYPTBASE.dll
0x000007ffcccf0000 - 0x000007ffccd4c000 	C:\WINDOWS\SYSTEM32\bcryptPrimitives.dll
0x000007ffce470000 - 0x000007ffcf758000 	C:\WINDOWS\system32\SHELL32.dll
0x000007ffcff60000 - 0x000007ffcffb0000 	C:\WINDOWS\system32\SHLWAPI.dll
0x000007ffcc0d0000 - 0x000007ffcc166000 	C:\WINDOWS\SYSTEM32\shcore.dll
0x00000000605d0000 - 0x0000000060668000 	C:\Windows\System32\msvcp100.dll
0x000007ffb48f0000 - 0x000007ffb4b48000 	C:\opencv\build\x64\vc10\bin\opencv_core243.dll
0x000007ffc3f70000 - 0x000007ffc4005000 	C:\Users\Jonas\AppData\Local\Temp\javacpp110909228779823\jniopencv_core.dll
0x000007ffb1c30000 - 0x000007ffb1ed5000 	C:\opencv\build\x64\vc10\bin\opencv_imgproc243.dll
0x000007ffc6780000 - 0x000007ffc67c8000 	C:\Users\Jonas\AppData\Local\Temp\javacpp110909228779823\jniopencv_imgproc.dll
0x0000000066840000 - 0x00000000675ca000 	C:\opencv\build\x64\vc10\bin\opencv_ffmpeg243_64.dll
0x000007ffb34e0000 - 0x000007ffb372b000 	C:\opencv\build\x64\vc10\bin\opencv_highgui243.dll
0x000007ffc9dd0000 - 0x000007ffc9df0000 	C:\WINDOWS\SYSTEM32\AVIFIL32.dll
0x000007ffc69e0000 - 0x000007ffc6a09000 	C:\WINDOWS\SYSTEM32\MSVFW32.dll
0x000007ffc6a10000 - 0x000007ffc6a27000 	C:\WINDOWS\SYSTEM32\AVICAP32.dll
0x000007ffba340000 - 0x000007ffba359000 	C:\WINDOWS\SYSTEM32\MSACM32.dll
0x000007ffcacb0000 - 0x000007ffcacb9000 	C:\WINDOWS\SYSTEM32\VERSION.dll
0x000007ffc9db0000 - 0x000007ffc9dc3000 	C:\Users\Jonas\AppData\Local\Temp\javacpp110909228779823\jniopencv_highgui.dll
0x000007ffce1b0000 - 0x000007ffce246000 	C:\WINDOWS\SYSTEM32\clbcatq.dll
0x000007ffc9d70000 - 0x000007ffc9d87000 	C:\Windows\System32\devenum.dll
0x000007ffcdc80000 - 0x000007ffcde50000 	C:\WINDOWS\system32\setupapi.dll
0x000007ffcd020000 - 0x000007ffcd06f000 	C:\WINDOWS\system32\CFGMGR32.dll
0x000007ffccff0000 - 0x000007ffcd012000 	C:\WINDOWS\system32\DEVOBJ.dll
0x000007ffc5fd0000 - 0x000007ffc5ffe000 	C:\WINDOWS\SYSTEM32\ntmarta.dll
0x000007ffcd070000 - 0x000007ffcd0c5000 	C:\WINDOWS\system32\WINTRUST.dll
0x000007ffcd0d0000 - 0x000007ffcd2a7000 	C:\WINDOWS\system32\CRYPT32.dll
0x000007ffccfd0000 - 0x000007ffccfe6000 	C:\WINDOWS\system32\MSASN1.dll
0x000007ffcae10000 - 0x000007ffcae1d000 	C:\WINDOWS\SYSTEM32\msdmo.dll
0x000007ffc3f40000 - 0x000007ffc3f6f000 	C:\Windows\System32\qcap.dll
0x000007ffb1a70000 - 0x000007ffb1c28000 	C:\Windows\System32\quartz.dll
0x000007ffc3f00000 - 0x000007ffc3f3f000 	C:\Windows\System32\ksproxy.ax
0x000007ffba390000 - 0x000007ffba397000 	C:\Windows\System32\ksuser.dll
0x000007ffbbc60000 - 0x000007ffbbe60000 	C:\Windows\System32\d3d9.dll
0x000007ffc92d0000 - 0x000007ffc92dc000 	C:\Windows\System32\vidcap.ax
0x000007ffc3ed0000 - 0x000007ffc3ef4000 	C:\Windows\System32\kswdmcap.ax
0x000007ffb6280000 - 0x000007ffb63d4000 	C:\Windows\System32\MFC42.dll
0x000007ffc3e10000 - 0x000007ffc3ece000 	C:\Windows\System32\ODBC32.dll
0x000007ffb9c70000 - 0x000007ffb9d05000 	C:\Windows\System32\qedit.dll
0x000007ffcfeb0000 - 0x000007ffcff51000 	C:\WINDOWS\system32\COMDLG32.dll
0x000007ffcd4b0000 - 0x000007ffcd650000 	C:\WINDOWS\WinSxS\amd64_microsoft.windows.gdiplus_6595b64144ccf1df_1.1.9200.16384_none_72771d4ecc1c3a4d\gdiplus.dll
0x000007ffb38f0000 - 0x000007ffb39da000 	C:\WINDOWS\SYSTEM32\DDRAW.dll
0x000007ffc7970000 - 0x000007ffc7978000 	C:\WINDOWS\SYSTEM32\DCIMAN32.dll
0x000000005e780000 - 0x000000005e7b4000 	F:\Program Files\Java\Jre7\bin\fontmanager.dll
0x000007ffb4b50000 - 0x000007ffb5cd0000 	C:\WINDOWS\SYSTEM32\nvd3dumx.dll
0x000007ffccdf0000 - 0x000007ffcce33000 	C:\WINDOWS\SYSTEM32\powrprof.dll
0x0000000180000000 - 0x0000000180116000 	C:\Program Files (x86)\NVIDIA Corporation\3D Vision\nvSCPAPI64.dll
0x000007ffca330000 - 0x000007ffca3a4000 	C:\WINDOWS\SYSTEM32\dxgi.dll
0x000007ffc9a40000 - 0x000007ffc9d02000 	C:\WINDOWS\SYSTEM32\nvapi64.dll
0x000007ffc9f50000 - 0x000007ffc9f6f000 	C:\WINDOWS\SYSTEM32\DXGIDebug.dll
0x000000005e9b0000 - 0x000000005e9c9000 	F:\Program Files\Java\Jre7\bin\net.dll
0x000007ffcc760000 - 0x000007ffcc7bc000 	C:\WINDOWS\system32\mswsock.dll
0x000000005e990000 - 0x000000005e9a1000 	F:\Program Files\Java\Jre7\bin\nio.dll
0x000000005e730000 - 0x000000005e771000 	F:\Program Files\Java\Jre7\bin\t2k.dll
0x000007ffca9b0000 - 0x000007ffcab3a000 	C:\WINDOWS\SYSTEM32\WindowsCodecs.dll
0x000007ffccf20000 - 0x000007ffccf35000 	C:\WINDOWS\SYSTEM32\profapi.dll
0x000007ffc8ca0000 - 0x000007ffc8d09000 	C:\WINDOWS\SYSTEM32\oleacc.dll
0x000000005e700000 - 0x000000005e72a000 	F:\Program Files\Java\Jre7\bin\dcpr.dll
0x000007ffb60d0000 - 0x000007ffb6233000 	C:\WINDOWS\SYSTEM32\dbghelp.dll

VM Arguments:
jvm_args: -Dfile.encoding=Cp1252 
java_command: emcscanner.kth.se.Program
Launcher Type: SUN_STANDARD

Environment Variables:
PATH=C:\Program Files (x86)\NVIDIA Corporation\PhysX\Common;C:\WINDOWS\system32;C:\WINDOWS;C:\WINDOWS\System32\Wbem;C:\WINDOWS\System32\WindowsPowerShell\v1.0\;C:\Program Files (x86)\Microsoft SQL Server\90\Tools\binn\;C:\Program Files (x86)\Autodesk\Backburner\;F:\Program Files\MATLAB\R2012a\runtime\win64;F:\Program Files\MATLAB\R2012a\bin;PROGRAMFILES\Internet Explorer;C:\Program Files\Perforce;F:\Program Files\Perforce;C:\Program Files\Microsoft\Web Platform Installer\;C:\Program Files (x86)\Microsoft ASP.NET\ASP.NET Web Pages\v1.0\;C:\Program Files (x86)\Windows Kits\8.0\Windows Performance Toolkit\;C:\Program Files\Microsoft SQL Server\110\Tools\Binn\;F:\Program Files\Perforce\Server
USERNAME=Jonas
OS=Windows_NT
PROCESSOR_IDENTIFIER=Intel64 Family 6 Model 42 Stepping 7, GenuineIntel



---------------  S Y S T E M  ---------------

OS: Windows 8 , 64 bit Build 9200 

CPU:total 8 (4 cores per cpu, 2 threads per core) family 6 model 42 stepping 7, cmov, cx8, fxsr, mmx, sse, sse2, sse3, ssse3, sse4.1, sse4.2, popcnt, avx, ht, tsc, tscinvbit

Memory: 4k page, physical 16751668k(10405756k free), swap 33528884k(24736280k free)

vm_info: Java HotSpot(TM) 64-Bit Server VM (23.3-b01) for windows-amd64 JRE (1.7.0_07-b11), built on Sep  7 2012 01:19:25 by "java_re" with unknown MS VC++:1600

time: Tue Feb 05 23:30:59 2013
elapsed time: 41 seconds

