#
# A fatal error has been detected by the Java Runtime Environment:
#
#  EXCEPTION_ACCESS_VIOLATION (0xc0000005) at pc=0x000007fd0db38bc0, pid=9236, tid=9500
#
# JRE version: 7.0_07-b11
# Java VM: Java HotSpot(TM) 64-Bit Server VM (23.3-b01 mixed mode windows-amd64 compressed oops)
# Problematic frame:
# C  [ntdll.dll+0x18bc0]  RtlQueueWorkItem+0x8a0
#
# Failed to write core dump. Minidumps are not enabled by default on client versions of Windows
#
# If you would like to submit a bug report, please visit:
#   http://bugreport.sun.com/bugreport/crash.jsp
# The crash happened outside the Java Virtual Machine in native code.
# See problematic frame for where to report the bug.
#

---------------  T H R E A D  ---------------

Current thread (0x00000000134cd000):  JavaThread "threadDisplayCamera" daemon [_thread_in_native, id=9500, stack(0x0000000015fc0000,0x00000000160c0000)]

siginfo: ExceptionCode=0xc0000005, writing address 0x0000000000000024

Registers:
RAX=0x0000000000000000, RBX=0x00000000134fb7d8, RCX=0x00000000fffffffc, RDX=0x0000000000000540
RSP=0x00000000160befa0, RBP=0x0000000000000000, RSI=0x0000000000000540, RDI=0x0000000000000000
R8 =0xffffffffffffffff, R9 =0x0000000000000004, R10=0x0000000000000000, R11=0x0000000000000246
R12=0x0000000000000000, R13=0x0000000000000000, R14=0x000007f6625ac000, R15=0x0000000000000000
RIP=0x000007fd0db38bc0, EFLAGS=0x0000000000010213

Top of Stack: (sp=0x00000000160befa0)
0x00000000160befa0:   0000000000000540 0000000052a8f3da
0x00000000160befb0:   00000000160befb0 00000006fb73ffb9
0x00000000160befc0:   00000000160bf010 00000006fb7424e8
0x00000000160befd0:   00000006fc59af38 00000006fb73ffd0
0x00000000160befe0:   0000000000000000 00000000160bf008
0x00000000160beff0:   00000000160bf058 0000000002376374
0x00000000160bf000:   000000007facb06d 000007fd0ab010ea
0x00000000160bf010:   0000000000000000 00000000160bf018
0x00000000160bf020:   000038bf53695891 00000000160bf098
0x00000000160bf030:   0000000000000004 0000000000000001
0x00000000160bf040:   0000000018a02050 00000000ff000000
0x00000000160bf050:   0000000000000000 0000000000000000
0x00000000160bf060:   000007f6625ac000 000007fd0db2f4d4
0x00000000160bf070:   0000000000000000 0000000000000000
0x00000000160bf080:   00000000134fb7d8 00000007027e10e8
0x00000000160bf090:   0000000000000000 00000000134cd1d8 

Instructions: (pc=0x000007fd0db38bc0)
0x000007fd0db38ba0:   43 08 a8 01 0f 85 bd 67 ff ff 8b c8 2b cd f0 0f
0x000007fd0db38bb0:   b1 4b 08 75 ea 48 8b 03 33 ed 48 83 f8 ff 74 03
0x000007fd0db38bc0:   ff 40 24 41 bf 82 03 fe 7f 41 80 3f 00 0f 85 69
0x000007fd0db38bd0:   7a 0e 00 48 83 fe ff 0f 84 bf 7a 0e 00 4c 8b c7 


Register to memory mapping:

RAX=0x0000000000000000 is an unknown value
RBX=0x00000000134fb7d8 is an unknown value
RCX=0x00000000fffffffc is an unknown value
RDX=0x0000000000000540 is an unknown value
RSP=0x00000000160befa0 is pointing into the stack for thread: 0x00000000134cd000
RBP=0x0000000000000000 is an unknown value
RSI=0x0000000000000540 is an unknown value
RDI=0x0000000000000000 is an unknown value
R8 =0xffffffffffffffff is an unknown value
R9 =0x0000000000000004 is an unknown value
R10=0x0000000000000000 is an unknown value
R11=0x0000000000000246 is an unknown value
R12=0x0000000000000000 is an unknown value
R13=0x0000000000000000 is an unknown value
R14=0x000007f6625ac000 is an unknown value
R15=0x0000000000000000 is an unknown value


Stack: [0x0000000015fc0000,0x00000000160c0000],  sp=0x00000000160befa0,  free space=1019k
Native frames: (J=compiled Java code, j=interpreted, Vv=VM code, C=native code)
C  [ntdll.dll+0x18bc0]  RtlQueueWorkItem+0x8a0

[error occurred during error reporting (printing native stack), id 0xc0000005]

Java frames: (J=compiled Java code, j=interpreted, Vv=VM code)
j  com.googlecode.javacv.cpp.opencv_highgui.cvRetrieveFrame(Lcom/googlecode/javacv/cpp/opencv_highgui$CvCapture;I)Lcom/googlecode/javacv/cpp/opencv_core$IplImage;+0
j  com.googlecode.javacv.cpp.opencv_highgui.cvRetrieveFrame(Lcom/googlecode/javacv/cpp/opencv_highgui$CvCapture;)Lcom/googlecode/javacv/cpp/opencv_core$IplImage;+2
j  com.googlecode.javacv.OpenCVFrameGrabber.grab()Lcom/googlecode/javacv/cpp/opencv_core$IplImage;+4
j  emcscanner.kth.se.CameraPanel$1.run()V+15
v  ~StubRoutines::call_stub

---------------  P R O C E S S  ---------------

Java Threads: ( => current thread )
  0x00000000213eb800 JavaThread "Thread-0" daemon [_thread_in_native, id=10164, stack(0x0000000014cc0000,0x0000000014dc0000)]
  0x00000000213f0000 JavaThread "Thread-2" [_thread_in_native, id=7172, stack(0x0000000014bc0000,0x0000000014cc0000)]
  0x00000000213ed000 JavaThread "ICEpdf-pagePainter" daemon [_thread_blocked, id=8272, stack(0x00000000207d0000,0x00000000208d0000)]
  0x00000000213ed800 JavaThread "ICEpdf-pageInitializer" daemon [_thread_blocked, id=8808, stack(0x00000000205a0000,0x00000000206a0000)]
  0x00000000213f1800 JavaThread "DestroyJavaVM" [_thread_blocked, id=8776, stack(0x0000000002170000,0x0000000002270000)]
  0x00000000147d8000 JavaThread "TimerQueue" daemon [_thread_blocked, id=7016, stack(0x000000001f260000,0x000000001f360000)]
  0x0000000014763000 JavaThread "threadDisplayDensity" daemon [_thread_blocked, id=516, stack(0x000000001b620000,0x000000001b720000)]
  0x0000000014764000 JavaThread "AWT-EventQueue-0" [_thread_blocked, id=9324, stack(0x000000001b520000,0x000000001b620000)]
  0x000000001365f800 JavaThread "threadDisplay" daemon [_thread_blocked, id=9196, stack(0x000000001b420000,0x000000001b520000)]
  0x0000000014412800 JavaThread "AWT-Shutdown" [_thread_blocked, id=5516, stack(0x00000000160c0000,0x00000000161c0000)]
=>0x00000000134cd000 JavaThread "threadDisplayCamera" daemon [_thread_in_native, id=9500, stack(0x0000000015fc0000,0x00000000160c0000)]
  0x00000000134ce000 JavaThread "AWT-Windows" daemon [_thread_in_native, id=10056, stack(0x0000000013db0000,0x0000000013eb0000)]
  0x00000000134cc800 JavaThread "Java2D Disposer" daemon [_thread_blocked, id=8792, stack(0x0000000013bb0000,0x0000000013cb0000)]
  0x0000000010de2000 JavaThread "Service Thread" daemon [_thread_blocked, id=8716, stack(0x00000000131b0000,0x00000000132b0000)]
  0x0000000010dd7800 JavaThread "C2 CompilerThread1" daemon [_thread_blocked, id=8364, stack(0x00000000130b0000,0x00000000131b0000)]
  0x0000000010dc9000 JavaThread "C2 CompilerThread0" daemon [_thread_blocked, id=6348, stack(0x0000000012fb0000,0x00000000130b0000)]
  0x0000000010dc8000 JavaThread "Attach Listener" daemon [_thread_blocked, id=8348, stack(0x0000000012eb0000,0x0000000012fb0000)]
  0x0000000010dbb000 JavaThread "Signal Dispatcher" daemon [_thread_blocked, id=10208, stack(0x0000000012db0000,0x0000000012eb0000)]
  0x0000000010d5e800 JavaThread "Finalizer" daemon [_thread_blocked, id=7008, stack(0x0000000012cb0000,0x0000000012db0000)]
  0x0000000010d57000 JavaThread "Reference Handler" daemon [_thread_blocked, id=2304, stack(0x0000000012bb0000,0x0000000012cb0000)]

Other Threads:
  0x0000000010d52000 VMThread [stack: 0x0000000012ab0000,0x0000000012bb0000] [id=1164]
  0x0000000010ded000 WatcherThread [stack: 0x00000000132b0000,0x00000000133b0000] [id=9124]

VM state:not at safepoint (normal execution)

VM Mutex/Monitor currently owned by a thread: None

Heap
 PSYoungGen      total 488320K, used 47927K [0x00000007aacb0000, 0x00000007d0dc0000, 0x0000000800000000)
  eden space 434944K, 10% used [0x00000007aacb0000,0x00000007adac7468,0x00000007c5570000)
  from space 53376K, 1% used [0x00000007c5570000,0x00000007c5626930,0x00000007c8990000)
  to   space 53760K, 0% used [0x00000007cd940000,0x00000007cd940000,0x00000007d0dc0000)
 ParOldGen       total 190336K, used 132856K [0x0000000700600000, 0x000000070bfe0000, 0x00000007aacb0000)
  object space 190336K, 69% used [0x0000000700600000,0x00000007087be0a8,0x000000070bfe0000)
 PSPermGen       total 40832K, used 18075K [0x00000006fb400000, 0x00000006fdbe0000, 0x0000000700600000)
  object space 40832K, 44% used [0x00000006fb400000,0x00000006fc5a6df0,0x00000006fdbe0000)

Card table byte_map: [0x0000000005370000,0x0000000005ba0000] byte_map_base: 0x0000000001b96000

Polling page: 0x00000000007f0000

Code Cache  [0x0000000002370000, 0x00000000025e0000, 0x0000000005370000)
 total_blobs=882 nmethods=292 adapters=541 free_code_cache=47801Kb largest_free_block=48882752

Compilation events (10 events):
Event: 11.688 Thread 0x0000000010dd7800  297             javax.swing.SwingUtilities::getWindowAncestor (31 bytes)
Event: 11.689 Thread 0x0000000010dd7800 nmethod 297 0x00000000024a3950 code [0x00000000024a3aa0, 0x00000000024a3b58]
Event: 11.872 Thread 0x0000000010dc9000  298             java.awt.Component::getX (5 bytes)
Event: 11.872 Thread 0x0000000010dd7800  299             java.awt.Component::getY (5 bytes)
Event: 11.873 Thread 0x0000000010dd7800 nmethod 299 0x00000000024a3750 code [0x00000000024a3880, 0x00000000024a38d8]
Event: 11.873 Thread 0x0000000010dc9000 nmethod 298 0x00000000024a3550 code [0x00000000024a3680, 0x00000000024a36d8]
Event: 12.205 Thread 0x0000000010dd7800  301             javax.swing.JComponent::getY (5 bytes)
Event: 12.205 Thread 0x0000000010dc9000  300             javax.swing.JComponent::getX (5 bytes)
Event: 12.205 Thread 0x0000000010dc9000 nmethod 300 0x00000000024a3350 code [0x00000000024a3480, 0x00000000024a34d8]
Event: 12.205 Thread 0x0000000010dd7800 nmethod 301 0x00000000024a3150 code [0x00000000024a3280, 0x00000000024a32d8]

GC Heap History (10 events):
Event: 9.525 GC heap before
{Heap before GC invocations=7 (full 1):
 PSYoungGen      total 295424K, used 283726K [0x00000007aacb0000, 0x00000007bf8f0000, 0x0000000800000000)
  eden space 259072K, 99% used [0x00000007aacb0000,0x00000007ba8d9270,0x00000007ba9b0000)
  from space 36352K, 70% used [0x00000007bcff0000,0x00000007be8da8a0,0x00000007bf370000)
  to   space 39168K, 0% used [0x00000007ba9b0000,0x00000007ba9b0000,0x00000007bcff0000)
 ParOldGen       total 389632K, used 386523K [0x0000000700600000, 0x0000000718280000, 0x00000007aacb0000)
  object space 389632K, 99% used [0x0000000700600000,0x0000000717f76ff0,0x0000000718280000)
 PSPermGen       total 21248K, used 18032K [0x00000006fb400000, 0x00000006fc8c0000, 0x0000000700600000)
  object space 21248K, 84% used [0x00000006fb400000,0x00000006fc59c1c8,0x00000006fc8c0000)
Event: 9.591 GC heap after
Heap after GC invocations=7 (full 1):
 PSYoungGen      total 295424K, used 0K [0x00000007aacb0000, 0x00000007bf8f0000, 0x0000000800000000)
  eden space 259072K, 0% used [0x00000007aacb0000,0x00000007aacb0000,0x00000007ba9b0000)
  from space 36352K, 0% used [0x00000007bcff0000,0x00000007bcff0000,0x00000007bf370000)
  to   space 39168K, 0% used [0x00000007ba9b0000,0x00000007ba9b0000,0x00000007bcff0000)
 ParOldGen       total 149248K, used 36428K [0x0000000700600000, 0x00000007097c0000, 0x00000007aacb0000)
  object space 149248K, 24% used [0x0000000700600000,0x0000000702993038,0x00000007097c0000)
 PSPermGen       total 36608K, used 18025K [0x00000006fb400000, 0x00000006fd7c0000, 0x0000000700600000)
  object space 36608K, 49% used [0x00000006fb400000,0x00000006fc59a6d0,0x00000006fd7c0000)
}
Event: 10.038 GC heap before
{Heap before GC invocations=8 (full 1):
 PSYoungGen      total 295424K, used 255608K [0x00000007aacb0000, 0x00000007bf8f0000, 0x0000000800000000)
  eden space 259072K, 98% used [0x00000007aacb0000,0x00000007ba64e230,0x00000007ba9b0000)
  from space 36352K, 0% used [0x00000007bcff0000,0x00000007bcff0000,0x00000007bf370000)
  to   space 39168K, 0% used [0x00000007ba9b0000,0x00000007ba9b0000,0x00000007bcff0000)
 ParOldGen       total 149248K, used 42503K [0x0000000700600000, 0x00000007097c0000, 0x00000007aacb0000)
  object space 149248K, 28% used [0x0000000700600000,0x0000000702f81c48,0x00000007097c0000)
 PSPermGen       total 36608K, used 18027K [0x00000006fb400000, 0x00000006fd7c0000, 0x0000000700600000)
  object space 36608K, 49% used [0x00000006fb400000,0x00000006fc59af60,0x00000006fd7c0000)
Event: 10.047 GC heap after
Heap after GC invocations=8 (full 1):
 PSYoungGen      total 298240K, used 35313K [0x00000007aacb0000, 0x00000007cbf50000, 0x0000000800000000)
  eden space 259072K, 0% used [0x00000007aacb0000,0x00000007aacb0000,0x00000007ba9b0000)
  from space 39168K, 90% used [0x00000007ba9b0000,0x00000007bcc2c7e0,0x00000007bcff0000)
  to   space 45632K, 0% used [0x00000007c92c0000,0x00000007c92c0000,0x00000007cbf50000)
 ParOldGen       total 149248K, used 48578K [0x0000000700600000, 0x00000007097c0000, 0x00000007aacb0000)
  object space 149248K, 32% used [0x0000000700600000,0x0000000703570858,0x00000007097c0000)
 PSPermGen       total 36608K, used 18027K [0x00000006fb400000, 0x00000006fd7c0000, 0x0000000700600000)
  object space 36608K, 49% used [0x00000006fb400000,0x00000006fc59af60,0x00000006fd7c0000)
}
Event: 10.939 GC heap before
{Heap before GC invocations=9 (full 2):
 PSYoungGen      total 298240K, used 294385K [0x00000007aacb0000, 0x00000007cbf50000, 0x0000000800000000)
  eden space 259072K, 100% used [0x00000007aacb0000,0x00000007ba9b0000,0x00000007ba9b0000)
  from space 39168K, 90% used [0x00000007ba9b0000,0x00000007bcc2c7e0,0x00000007bcff0000)
  to   space 45632K, 0% used [0x00000007c92c0000,0x00000007c92c0000,0x00000007cbf50000)
 ParOldGen       total 263808K, used 262344K [0x0000000700600000, 0x00000007107a0000, 0x00000007aacb0000)
  object space 263808K, 99% used [0x0000000700600000,0x0000000710632240,0x00000007107a0000)
 PSPermGen       total 36608K, used 18034K [0x00000006fb400000, 0x00000006fd7c0000, 0x0000000700600000)
  object space 36608K, 49% used [0x00000006fb400000,0x00000006fc59cb88,0x00000006fd7c0000)
Event: 10.967 GC heap after
Heap after GC invocations=9 (full 2):
 PSYoungGen      total 298240K, used 0K [0x00000007aacb0000, 0x00000007cbf50000, 0x0000000800000000)
  eden space 259072K, 0% used [0x00000007aacb0000,0x00000007aacb0000,0x00000007ba9b0000)
  from space 39168K, 0% used [0x00000007ba9b0000,0x00000007ba9b0000,0x00000007bcff0000)
  to   space 45632K, 0% used [0x00000007c92c0000,0x00000007c92c0000,0x00000007cbf50000)
 ParOldGen       total 190336K, used 46115K [0x0000000700600000, 0x000000070bfe0000, 0x00000007aacb0000)
  object space 190336K, 24% used [0x0000000700600000,0x0000000703308c98,0x000000070bfe0000)
 PSPermGen       total 40832K, used 18034K [0x00000006fb400000, 0x00000006fdbe0000, 0x0000000700600000)
  object space 40832K, 44% used [0x00000006fb400000,0x00000006fc59cb88,0x00000006fdbe0000)
}
Event: 11.471 GC heap before
{Heap before GC invocations=10 (full 2):
 PSYoungGen      total 298240K, used 258398K [0x00000007aacb0000, 0x00000007cbf50000, 0x0000000800000000)
  eden space 259072K, 99% used [0x00000007aacb0000,0x00000007ba907b88,0x00000007ba9b0000)
  from space 39168K, 0% used [0x00000007ba9b0000,0x00000007ba9b0000,0x00000007bcff0000)
  to   space 45632K, 0% used [0x00000007c92c0000,0x00000007c92c0000,0x00000007cbf50000)
 ParOldGen       total 190336K, used 52190K [0x0000000700600000, 0x000000070bfe0000, 0x00000007aacb0000)
  object space 190336K, 27% used [0x0000000700600000,0x00000007038f78a8,0x000000070bfe0000)
 PSPermGen       total 40832K, used 18040K [0x00000006fb400000, 0x00000006fdbe0000, 0x0000000700600000)
  object space 40832K, 44% used [0x00000006fb400000,0x00000006fc59e1a8,0x00000006fdbe0000)
Event: 11.482 GC heap after
Heap after GC invocations=10 (full 2):
 PSYoungGen      total 444672K, used 43910K [0x00000007aacb0000, 0x00000007cbdb0000, 0x0000000800000000)
  eden space 400704K, 0% used [0x00000007aacb0000,0x00000007aacb0000,0x00000007c3400000)
  from space 43968K, 99% used [0x00000007c92c0000,0x00000007cbda1820,0x00000007cbdb0000)
  to   space 53376K, 0% used [0x00000007c5570000,0x00000007c5570000,0x00000007c8990000)
 ParOldGen       total 190336K, used 58265K [0x0000000700600000, 0x000000070bfe0000, 0x00000007aacb0000)
  object space 190336K, 30% used [0x0000000700600000,0x0000000703ee64b8,0x000000070bfe0000)
 PSPermGen       total 40832K, used 18040K [0x00000006fb400000, 0x00000006fdbe0000, 0x0000000700600000)
  object space 40832K, 44% used [0x00000006fb400000,0x00000006fc59e1a8,0x00000006fdbe0000)
}
Event: 12.371 GC heap before
{Heap before GC invocations=11 (full 2):
 PSYoungGen      total 444672K, used 444614K [0x00000007aacb0000, 0x00000007cbdb0000, 0x0000000800000000)
  eden space 400704K, 100% used [0x00000007aacb0000,0x00000007c3400000,0x00000007c3400000)
  from space 43968K, 99% used [0x00000007c92c0000,0x00000007cbda1820,0x00000007cbdb0000)
  to   space 53376K, 0% used [0x00000007c5570000,0x00000007c5570000,0x00000007c8990000)
 ParOldGen       total 190336K, used 132856K [0x0000000700600000, 0x000000070bfe0000, 0x00000007aacb0000)
  object space 190336K, 69% used [0x0000000700600000,0x00000007087be0a8,0x000000070bfe0000)
 PSPermGen       total 40832K, used 18041K [0x00000006fb400000, 0x00000006fdbe0000, 0x0000000700600000)
  object space 40832K, 44% used [0x00000006fb400000,0x00000006fc59e5e0,0x00000006fdbe0000)
Event: 12.372 GC heap after
Heap after GC invocations=11 (full 2):
 PSYoungGen      total 488320K, used 730K [0x00000007aacb0000, 0x00000007d0dc0000, 0x0000000800000000)
  eden space 434944K, 0% used [0x00000007aacb0000,0x00000007aacb0000,0x00000007c5570000)
  from space 53376K, 1% used [0x00000007c5570000,0x00000007c5626930,0x00000007c8990000)
  to   space 53760K, 0% used [0x00000007cd940000,0x00000007cd940000,0x00000007d0dc0000)
 ParOldGen       total 190336K, used 132856K [0x0000000700600000, 0x000000070bfe0000, 0x00000007aacb0000)
  object space 190336K, 69% used [0x0000000700600000,0x00000007087be0a8,0x000000070bfe0000)
 PSPermGen       total 40832K, used 18041K [0x00000006fb400000, 0x00000006fdbe0000, 0x0000000700600000)
  object space 40832K, 44% used [0x00000006fb400000,0x00000006fc59e5e0,0x00000006fdbe0000)
}

Deoptimization events (10 events):
Event: 2.817 Thread 0x000000000209e000 Uncommon trap -83 fr.pc 0x000000000241a3b8
Event: 2.817 Thread 0x000000000209e000 Uncommon trap -83 fr.pc 0x00000000024173fc
Event: 3.310 Thread 0x000000000209e000 Uncommon trap 43 fr.pc 0x0000000002433394
Event: 3.846 Thread 0x0000000014764000 Uncommon trap -83 fr.pc 0x0000000002438d84
Event: 3.918 Thread 0x00000000213ed800 Uncommon trap -83 fr.pc 0x0000000002438974
Event: 3.968 Thread 0x00000000213ed800 Uncommon trap -83 fr.pc 0x000000000243cdc4
Event: 3.984 Thread 0x00000000213ed800 Uncommon trap -83 fr.pc 0x000000000246dfe8
Event: 4.049 Thread 0x00000000213ed800 Uncommon trap -83 fr.pc 0x00000000024678bc
Event: 4.078 Thread 0x00000000213ed800 Uncommon trap -83 fr.pc 0x000000000245ae18
Event: 4.267 Thread 0x00000000213ed000 Uncommon trap -83 fr.pc 0x00000000024a26bc

Internal exceptions (10 events):
Event: 4.126 Thread 0x00000000213ed800 Threw 0x00000007ab83ec88 at C:\jdk7u1_64p\jdk7u7\hotspot\src\share\vm\prims\jvm.cpp:1166
Event: 4.126 Thread 0x00000000213ed800 Threw 0x00000007ab841ba8 at C:\jdk7u1_64p\jdk7u7\hotspot\src\share\vm\prims\jvm.cpp:1166
Event: 4.128 Thread 0x00000000213ed800 Threw 0x00000007ab844d58 at C:\jdk7u1_64p\jdk7u7\hotspot\src\share\vm\prims\jvm.cpp:1166
Event: 4.128 Thread 0x00000000213ed800 Threw 0x00000007ab847c78 at C:\jdk7u1_64p\jdk7u7\hotspot\src\share\vm\prims\jvm.cpp:1166
Event: 4.250 Thread 0x00000000213ed000 Threw 0x00000007abd84f60 at C:\jdk7u1_64p\jdk7u7\hotspot\src\share\vm\prims\jvm.cpp:1166
Event: 4.253 Thread 0x00000000213ed000 Threw 0x00000007abd957f0 at C:\jdk7u1_64p\jdk7u7\hotspot\src\share\vm\prims\jvm.cpp:1166
Event: 4.457 Thread 0x00000000213ed000 Threw 0x00000007ac8067d0 at C:\jdk7u1_64p\jdk7u7\hotspot\src\share\vm\prims\jvm.cpp:1166
Event: 9.081 Thread 0x0000000014764000 Threw 0x00000007ba83c9d8 at C:\jdk7u1_64p\jdk7u7\hotspot\src\share\vm\prims\jvm.cpp:1166
Event: 9.081 Thread 0x0000000014764000 Threw 0x00000007ba841fa8 at C:\jdk7u1_64p\jdk7u7\hotspot\src\share\vm\prims\jvm.cpp:1166
Event: 9.084 Thread 0x0000000014764000 Threw 0x00000007ba84f328 at C:\jdk7u1_64p\jdk7u7\hotspot\src\share\vm\prims\jvm.cpp:1166

Events (10 events):
Event: 12.357 Executing VM operation: ParallelGCFailedAllocation
Event: 12.357 Executing VM operation: ParallelGCFailedAllocation done
Event: 12.371 Executing VM operation: ParallelGCSystemGC
Event: 12.372 Executing VM operation: ParallelGCSystemGC done
Event: 12.373 loading class 0x00000000148e9810
Event: 12.373 loading class 0x00000000148e9810 done
Event: 12.373 loading class 0x00000000145f08a0
Event: 12.373 loading class 0x00000000149696a0
Event: 12.373 loading class 0x00000000149696a0 done
Event: 12.373 loading class 0x00000000145f08a0 done


Dynamic libraries:
0x000007f662880000 - 0x000007f6628b4000 	F:\Program Files\Java\Jre7\bin\javaw.exe
0x000007fd0db20000 - 0x000007fd0dcde000 	C:\WINDOWS\SYSTEM32\ntdll.dll
0x000007fd0c680000 - 0x000007fd0c7b6000 	C:\WINDOWS\system32\KERNEL32.DLL
0x000007fd0ab00000 - 0x000007fd0abf3000 	C:\WINDOWS\system32\KERNELBASE.dll
0x000007fd0c260000 - 0x000007fd0c33e000 	C:\WINDOWS\system32\ADVAPI32.dll
0x000007fd0c460000 - 0x000007fd0c5ac000 	C:\WINDOWS\system32\USER32.dll
0x000007fd082b0000 - 0x000007fd08519000 	C:\WINDOWS\WinSxS\amd64_microsoft.windows.common-controls_6595b64144ccf1df_6.0.9200.16384_none_418c2a697189c07f\COMCTL32.dll
0x000007fd0c7c0000 - 0x000007fd0c865000 	C:\WINDOWS\system32\msvcrt.dll
0x000007fd0cdf0000 - 0x000007fd0ce38000 	C:\WINDOWS\SYSTEM32\sechost.dll
0x000007fd0c870000 - 0x000007fd0c9b0000 	C:\WINDOWS\system32\RPCRT4.dll
0x000007fd0d520000 - 0x000007fd0d660000 	C:\WINDOWS\system32\GDI32.dll
0x000007fd0c620000 - 0x000007fd0c659000 	C:\WINDOWS\system32\IMM32.DLL
0x000007fd0c340000 - 0x000007fd0c455000 	C:\WINDOWS\system32\MSCTF.dll
0x000007fd0aa10000 - 0x000007fd0aa18000 	C:\PROGRA~2\NVIDIA~1\3DVISI~1\NVSTIN~1.DLL
0x000007fd0d510000 - 0x000007fd0d517000 	C:\WINDOWS\system32\PSAPI.DLL
0x000000005e410000 - 0x000000005e4b3000 	C:\WINDOWS\WinSxS\amd64_microsoft.vc90.crt_1fc8b3b9a1e18e3b_9.0.30729.6871_none_08e717a5a83adddf\MSVCR90.dll
0x000000005d880000 - 0x000000005d951000 	F:\Program Files\Java\Jre7\bin\msvcr100.dll
0x000000005c090000 - 0x000000005c7af000 	F:\Program Files\Java\Jre7\bin\server\jvm.dll
0x000007fd02f00000 - 0x000007fd02f09000 	C:\WINDOWS\SYSTEM32\WSOCK32.dll
0x000007fd07b90000 - 0x000007fd07bb0000 	C:\WINDOWS\SYSTEM32\WINMM.dll
0x000007fd0c5b0000 - 0x000007fd0c608000 	C:\WINDOWS\system32\WS2_32.dll
0x000007fd07a80000 - 0x000007fd07ab2000 	C:\WINDOWS\SYSTEM32\WINMMBASE.dll
0x000007fd0d360000 - 0x000007fd0d369000 	C:\WINDOWS\system32\NSI.dll
0x000000005dc10000 - 0x000000005dc1f000 	F:\Program Files\Java\Jre7\bin\verify.dll
0x000000005dbe0000 - 0x000000005dc08000 	F:\Program Files\Java\Jre7\bin\java.dll
0x000000005dbc0000 - 0x000000005dbd5000 	F:\Program Files\Java\Jre7\bin\zip.dll
0x000000005aff0000 - 0x000000005b183000 	F:\Program Files\Java\Jre7\bin\awt.dll
0x000007fd0d830000 - 0x000007fd0d8f3000 	C:\WINDOWS\system32\OLEAUT32.dll
0x000007fd0cc40000 - 0x000007fd0cdf0000 	C:\WINDOWS\system32\combase.dll
0x000007fd04cf0000 - 0x000007fd04d8f000 	C:\WINDOWS\system32\apphelp.dll
0x000007fd09810000 - 0x000007fd098f3000 	C:\WINDOWS\system32\uxtheme.dll
0x000007fd08210000 - 0x000007fd082a5000 	C:\Program Files\Common Files\microsoft shared\ink\tiptsf.dll
0x000007fd088b0000 - 0x000007fd088d1000 	C:\WINDOWS\SYSTEM32\dwmapi.dll
0x000007fd0d090000 - 0x000007fd0d20e000 	C:\WINDOWS\system32\ole32.dll
0x000007fd0a860000 - 0x000007fd0a86a000 	C:\WINDOWS\SYSTEM32\CRYPTBASE.dll
0x000007fd0a800000 - 0x000007fd0a85c000 	C:\WINDOWS\SYSTEM32\bcryptPrimitives.dll
0x000007fd0af70000 - 0x000007fd0c258000 	C:\WINDOWS\system32\SHELL32.dll
0x000007fd0cb80000 - 0x000007fd0cbd0000 	C:\WINDOWS\system32\SHLWAPI.dll
0x000007fd09be0000 - 0x000007fd09c76000 	C:\WINDOWS\SYSTEM32\shcore.dll
0x000000005d2e0000 - 0x000000005d378000 	C:\Windows\System32\msvcp100.dll
0x000007fcf1100000 - 0x000007fcf1358000 	C:\opencv\build\x64\vc10\bin\opencv_core243.dll
0x000007fcf4210000 - 0x000007fcf42a5000 	C:\Users\Jonas\AppData\Local\Temp\javacpp133578086706264\jniopencv_core.dll
0x000007fcf07d0000 - 0x000007fcf0a75000 	C:\opencv\build\x64\vc10\bin\opencv_imgproc243.dll
0x000007fd015e0000 - 0x000007fd01628000 	C:\Users\Jonas\AppData\Local\Temp\javacpp133578086706264\jniopencv_imgproc.dll
0x0000000066840000 - 0x00000000675ca000 	C:\opencv\build\x64\vc10\bin\opencv_ffmpeg243_64.dll
0x000007fcece30000 - 0x000007fced07b000 	C:\opencv\build\x64\vc10\bin\opencv_highgui243.dll
0x000007fd043e0000 - 0x000007fd04400000 	C:\WINDOWS\SYSTEM32\AVIFIL32.dll
0x000007fd07af0000 - 0x000007fd07b19000 	C:\WINDOWS\SYSTEM32\MSVFW32.dll
0x000007fd081c0000 - 0x000007fd081d7000 	C:\WINDOWS\SYSTEM32\AVICAP32.dll
0x000007fcf6150000 - 0x000007fcf6169000 	C:\WINDOWS\SYSTEM32\MSACM32.dll
0x000007fd07db0000 - 0x000007fd07db9000 	C:\WINDOWS\SYSTEM32\VERSION.dll
0x000007fd04350000 - 0x000007fd04363000 	C:\Users\Jonas\AppData\Local\Temp\javacpp133578086706264\jniopencv_highgui.dll
0x000007fd0d2c0000 - 0x000007fd0d356000 	C:\WINDOWS\SYSTEM32\clbcatq.dll
0x000007fd01e20000 - 0x000007fd01e37000 	C:\Windows\System32\devenum.dll
0x000007fd0c9b0000 - 0x000007fd0cb80000 	C:\WINDOWS\system32\setupapi.dll
0x000007fd0ad10000 - 0x000007fd0ad5f000 	C:\WINDOWS\system32\CFGMGR32.dll
0x000007fd0af40000 - 0x000007fd0af62000 	C:\WINDOWS\system32\DEVOBJ.dll
0x000007fd03ae0000 - 0x000007fd03b0e000 	C:\WINDOWS\SYSTEM32\ntmarta.dll
0x000007fd0ac00000 - 0x000007fd0ac55000 	C:\WINDOWS\system32\WINTRUST.dll
0x000007fd0ad60000 - 0x000007fd0af37000 	C:\WINDOWS\system32\CRYPT32.dll
0x000007fd0aae0000 - 0x000007fd0aaf6000 	C:\WINDOWS\system32\MSASN1.dll
0x000007fd078a0000 - 0x000007fd078ad000 	C:\WINDOWS\SYSTEM32\msdmo.dll
0x000007fd01920000 - 0x000007fd0194f000 	C:\Windows\System32\qcap.dll
0x000007fcec870000 - 0x000007fceca28000 	C:\Windows\System32\quartz.dll
0x000007fcf7e50000 - 0x000007fcf7e8f000 	C:\Windows\System32\ksproxy.ax
0x000007fcf5930000 - 0x000007fcf5937000 	C:\Windows\System32\ksuser.dll
0x000007fcf9950000 - 0x000007fcf9b50000 	C:\Windows\System32\d3d9.dll
0x000007fd05950000 - 0x000007fd0595c000 	C:\Windows\System32\vidcap.ax
0x000007fd015b0000 - 0x000007fd015d4000 	C:\Windows\System32\kswdmcap.ax
0x000007fcf2570000 - 0x000007fcf26c4000 	C:\Windows\System32\MFC42.dll
0x000007fcf3af0000 - 0x000007fcf3bae000 	C:\Windows\System32\ODBC32.dll
0x000007fcf1490000 - 0x000007fcf1525000 	C:\Windows\System32\qedit.dll
0x000007fd0d210000 - 0x000007fd0d2b1000 	C:\WINDOWS\system32\COMDLG32.dll
0x000007fd0d370000 - 0x000007fd0d510000 	C:\WINDOWS\WinSxS\amd64_microsoft.windows.gdiplus_6595b64144ccf1df_1.1.9200.16384_none_72771d4ecc1c3a4d\gdiplus.dll
0x000007fcf0640000 - 0x000007fcf072a000 	C:\WINDOWS\SYSTEM32\DDRAW.dll
0x000007fd07de0000 - 0x000007fd07de8000 	C:\WINDOWS\SYSTEM32\DCIMAN32.dll
0x000000005b610000 - 0x000000005b644000 	F:\Program Files\Java\Jre7\bin\fontmanager.dll
0x000007fce6500000 - 0x000007fce7680000 	C:\WINDOWS\SYSTEM32\nvd3dumx.dll
0x000007fd0a900000 - 0x000007fd0a943000 	C:\WINDOWS\SYSTEM32\powrprof.dll
0x0000000180000000 - 0x0000000180116000 	C:\Program Files (x86)\NVIDIA Corporation\3D Vision\nvSCPAPI64.dll
0x000007fd07ef0000 - 0x000007fd07f64000 	C:\WINDOWS\SYSTEM32\dxgi.dll
0x000007fd06540000 - 0x000007fd06802000 	C:\WINDOWS\SYSTEM32\nvapi64.dll
0x000007fd07ed0000 - 0x000007fd07eef000 	C:\WINDOWS\SYSTEM32\DXGIDebug.dll
0x000000005dba0000 - 0x000000005dbb9000 	F:\Program Files\Java\Jre7\bin\net.dll
0x000007fd0a270000 - 0x000007fd0a2cc000 	C:\WINDOWS\system32\mswsock.dll
0x000000005db50000 - 0x000000005db61000 	F:\Program Files\Java\Jre7\bin\nio.dll
0x000000005b5c0000 - 0x000000005b601000 	F:\Program Files\Java\Jre7\bin\t2k.dll
0x000007fd08010000 - 0x000007fd0819a000 	C:\WINDOWS\SYSTEM32\WindowsCodecs.dll
0x000007fd0aa30000 - 0x000007fd0aa45000 	C:\WINDOWS\SYSTEM32\profapi.dll
0x000007fd07530000 - 0x000007fd07599000 	C:\WINDOWS\SYSTEM32\oleacc.dll
0x000000005afc0000 - 0x000000005afea000 	F:\Program Files\Java\Jre7\bin\dcpr.dll
0x000007fcf8620000 - 0x000007fcf8783000 	C:\WINDOWS\SYSTEM32\dbghelp.dll

VM Arguments:
jvm_args: -Dfile.encoding=Cp1252 
java_command: emcscanner.kth.se.Program
Launcher Type: SUN_STANDARD

Environment Variables:
PATH=C:\Program Files (x86)\NVIDIA Corporation\PhysX\Common;C:\WINDOWS\system32;C:\WINDOWS;C:\WINDOWS\System32\Wbem;C:\WINDOWS\System32\WindowsPowerShell\v1.0\;C:\Program Files (x86)\Microsoft SQL Server\90\Tools\binn\;C:\Program Files (x86)\Autodesk\Backburner\;F:\Program Files\MATLAB\R2012a\runtime\win64;F:\Program Files\MATLAB\R2012a\bin;C:\Program Files\Internet Explorer;C:\Program Files\Perforce;F:\Program Files\Perforce;C:\Program Files\Microsoft\Web Platform Installer\;C:\Program Files (x86)\Microsoft ASP.NET\ASP.NET Web Pages\v1.0\;C:\Program Files (x86)\Windows Kits\8.0\Windows Performance Toolkit\;C:\Program Files\Microsoft SQL Server\110\Tools\Binn\;F:\Program Files\Perforce\Server
USERNAME=Jonas
OS=Windows_NT
PROCESSOR_IDENTIFIER=Intel64 Family 6 Model 42 Stepping 7, GenuineIntel



---------------  S Y S T E M  ---------------

OS: Windows 8 , 64 bit Build 9200 

CPU:total 8 (4 cores per cpu, 2 threads per core) family 6 model 42 stepping 7, cmov, cx8, fxsr, mmx, sse, sse2, sse3, ssse3, sse4.1, sse4.2, popcnt, avx, ht, tsc, tscinvbit

Memory: 4k page, physical 16751668k(10029312k free), swap 33528884k(24226916k free)

vm_info: Java HotSpot(TM) 64-Bit Server VM (23.3-b01) for windows-amd64 JRE (1.7.0_07-b11), built on Sep  7 2012 01:19:25 by "java_re" with unknown MS VC++:1600

time: Mon Feb 04 01:47:58 2013
elapsed time: 13 seconds

