#
# A fatal error has been detected by the Java Runtime Environment:
#
#  EXCEPTION_ACCESS_VIOLATION (0xc0000005) at pc=0x000000005f18c150, pid=7392, tid=6744
#
# JRE version: 7.0_07-b11
# Java VM: Java HotSpot(TM) 64-Bit Server VM (23.3-b01 mixed mode windows-amd64 compressed oops)
# Problematic frame:
# C  [msvcr100.dll+0x3c150]  memcpy+0x1c0
#
# Failed to write core dump. Minidumps are not enabled by default on client versions of Windows
#
# If you would like to submit a bug report, please visit:
#   http://bugreport.sun.com/bugreport/crash.jsp
# The crash happened outside the Java Virtual Machine in native code.
# See problematic frame for where to report the bug.
#

---------------  T H R E A D  ---------------

Current thread (0x000000001384a800):  JavaThread "threadDisplayCamera" daemon [_thread_in_native, id=6744, stack(0x000000001a7d0000,0x000000001a8d0000)]

siginfo: ExceptionCode=0xc0000005, reading address 0x000000001a2aa2cf

Registers:
RAX=0x0000000000000093, RBX=0x0000000024e76d40, RCX=0x0000000024e783c2, RDX=0xfffffffff5431f0d
RSP=0x000000001a8ce538, RBP=0x000000001a8ce640, RSI=0x0000000000000003, RDI=0x0000000014a1cae0
R8 =0x0000000000001680, R9 =0x0000000000001680, R10=0x0000000000000003, R11=0x0000000024e76d43
R12=0x00000000250e9e30, R13=0x0000000000000000, R14=0x000000001a2a8c50, R15=0x0000000000001680
RIP=0x000000005f18c150, EFLAGS=0x0000000000010202

Top of Stack: (sp=0x000000001a8ce538)
0x000000001a8ce538:   000007ffc3fd1bdb 00000000149c3390
0x000000001a8ce548:   0000000000001680 0000000014a170e0
0x000000001a8ce558:   0000000024e76d40 0000000000000003
0x000000001a8ce568:   0000000000001680 0000035e867e6c79
0x000000001a8ce578:   0000000000155555 0000039f250e0101
0x000000001a8ce588:   0000009400000001 0000000100000782
0x000000001a8ce598:   0000000100000003 0000000300001680
0x000000001a8ce5a8:   000000001a2a3250 0000000000000003
0x000000001a8ce5b8:   0000000000000006 0000000000001680
0x000000001a8ce5c8:   0000000014a9f140 000003aa00000780
0x000000001a8ce5d8:   0000000025944400 0000000600001680
0x000000001a8ce5e8:   0000000000000003 0000000000000001
0x000000001a8ce5f8:   0000000000000003 0000000000000003
0x000000001a8ce608:   fffffffffffffffe 0000000000000000
0x000000001a8ce618:   0000043800000780 fffffffffffffffe
0x000000001a8ce628:   000000001a8ce9e0 000000001a8ce740 

Instructions: (pc=0x000000005f18c150)
0x000000005f18c130:   66 66 66 90 66 66 66 90 66 90 49 03 c8 49 83 f8
0x000000005f18c140:   08 72 61 f6 c1 07 74 36 f6 c1 01 74 0b 48 ff c9
0x000000005f18c150:   8a 04 0a 49 ff c8 88 01 f6 c1 02 74 0f 48 83 e9
0x000000005f18c160:   02 66 8b 04 0a 49 83 e8 02 66 89 01 f6 c1 04 74 


Register to memory mapping:

RAX=0x0000000000000093 is an unknown value
RBX=0x0000000024e76d40 is an unknown value
RCX=0x0000000024e783c2 is an unknown value
RDX=0xfffffffff5431f0d is an unknown value
RSP=0x000000001a8ce538 is pointing into the stack for thread: 0x000000001384a800
RBP=0x000000001a8ce640 is pointing into the stack for thread: 0x000000001384a800
RSI=0x0000000000000003 is an unknown value
RDI=0x0000000014a1cae0 is an unknown value
R8 =0x0000000000001680 is an unknown value
R9 =0x0000000000001680 is an unknown value
R10=0x0000000000000003 is an unknown value
R11=0x0000000024e76d43 is an unknown value
R12=0x00000000250e9e30 is an unknown value
R13=0x0000000000000000 is an unknown value
R14=0x000000001a2a8c50 is an unknown value
R15=0x0000000000001680 is an unknown value


Stack: [0x000000001a7d0000,0x000000001a8d0000],  sp=0x000000001a8ce538,  free space=1017k
Native frames: (J=compiled Java code, j=interpreted, Vv=VM code, C=native code)
C  [msvcr100.dll+0x3c150]  memcpy+0x1c0
C  0x0000000000000008

Java frames: (J=compiled Java code, j=interpreted, Vv=VM code)
j  com.googlecode.javacv.cpp.opencv_imgproc.cvSmooth(Lcom/googlecode/javacv/cpp/opencv_core$CvArr;Lcom/googlecode/javacv/cpp/opencv_core$CvArr;IIIDD)V+0
j  com.googlecode.javacv.cpp.opencv_imgproc.cvSmooth(Lcom/googlecode/javacv/cpp/opencv_core$CvArr;Lcom/googlecode/javacv/cpp/opencv_core$CvArr;II)V+7
j  emcscanner.kth.se.CameraPanel$1.run()V+64
v  ~StubRoutines::call_stub

---------------  P R O C E S S  ---------------

Java Threads: ( => current thread )
  0x0000000013a69000 JavaThread "Thread-0" daemon [_thread_in_native, id=4232, stack(0x0000000017320000,0x0000000017420000)]
  0x0000000013a6e000 JavaThread "ICEpdf-pagePainter" daemon [_thread_blocked, id=5124, stack(0x00000000299b0000,0x0000000029ab0000)]
  0x0000000013a69800 JavaThread "ICEpdf-pageInitializer" daemon [_thread_blocked, id=7144, stack(0x0000000029780000,0x0000000029880000)]
  0x0000000013a6c800 JavaThread "DestroyJavaVM" [_thread_blocked, id=5136, stack(0x00000000024e0000,0x00000000025e0000)]
  0x0000000013a6c000 JavaThread "TimerQueue" daemon [_thread_blocked, id=1888, stack(0x0000000025b50000,0x0000000025c50000)]
  0x00000000145df800 JavaThread "threadDisplayDensity" daemon [_thread_blocked, id=8048, stack(0x0000000020e70000,0x0000000020f70000)]
  0x00000000149c1800 JavaThread "AWT-EventQueue-0" [_thread_blocked, id=5692, stack(0x000000001f190000,0x000000001f290000)]
  0x00000000145bc000 JavaThread "threadDisplay" daemon [_thread_blocked, id=4884, stack(0x000000001f090000,0x000000001f190000)]
  0x00000000149be800 JavaThread "threadDisplay" daemon [_thread_in_Java, id=3380, stack(0x000000001cf20000,0x000000001d020000)]
  0x00000000147c5800 JavaThread "AWT-Shutdown" [_thread_blocked, id=8188, stack(0x000000001a8d0000,0x000000001a9d0000)]
=>0x000000001384a800 JavaThread "threadDisplayCamera" daemon [_thread_in_native, id=6744, stack(0x000000001a7d0000,0x000000001a8d0000)]
  0x000000001384b000 JavaThread "AWT-Windows" daemon [_thread_in_native, id=332, stack(0x0000000014130000,0x0000000014230000)]
  0x0000000013849800 JavaThread "Java2D Disposer" daemon [_thread_blocked, id=1852, stack(0x0000000013f30000,0x0000000014030000)]
  0x0000000011143000 JavaThread "Service Thread" daemon [_thread_blocked, id=6812, stack(0x0000000013530000,0x0000000013630000)]
  0x000000001113e800 JavaThread "C2 CompilerThread1" daemon [_thread_blocked, id=7808, stack(0x0000000013430000,0x0000000013530000)]
  0x0000000011139800 JavaThread "C2 CompilerThread0" daemon [_thread_blocked, id=4196, stack(0x0000000013330000,0x0000000013430000)]
  0x0000000011138800 JavaThread "Attach Listener" daemon [_thread_blocked, id=5168, stack(0x0000000013230000,0x0000000013330000)]
  0x000000001112c000 JavaThread "Signal Dispatcher" daemon [_thread_blocked, id=6404, stack(0x0000000013130000,0x0000000013230000)]
  0x00000000110cf800 JavaThread "Finalizer" daemon [_thread_blocked, id=5740, stack(0x0000000013030000,0x0000000013130000)]
  0x00000000110c8800 JavaThread "Reference Handler" daemon [_thread_blocked, id=1912, stack(0x0000000012f30000,0x0000000013030000)]

Other Threads:
  0x00000000110c3800 VMThread [stack: 0x0000000012e30000,0x0000000012f30000] [id=2260]
  0x0000000011156000 WatcherThread [stack: 0x0000000013630000,0x0000000013730000] [id=5528]

VM state:not at safepoint (normal execution)

VM Mutex/Monitor currently owned by a thread: None

Heap
 PSYoungGen      total 1300736K, used 589818K [0x00000007aacb0000, 0x0000000800000000, 0x0000000800000000)
  eden space 1252608K, 45% used [0x00000007aacb0000,0x00000007cda9a6c8,0x00000007f73f0000)
  from space 48128K, 38% used [0x00000007f73f0000,0x00000007f8604430,0x00000007fa2f0000)
  to   space 46272K, 0% used [0x00000007fd2d0000,0x00000007fd2d0000,0x0000000800000000)
 ParOldGen       total 299520K, used 167467K [0x0000000700600000, 0x0000000712a80000, 0x00000007aacb0000)
  object space 299520K, 55% used [0x0000000700600000,0x000000070a98acb8,0x0000000712a80000)
 PSPermGen       total 36032K, used 18316K [0x00000006fb400000, 0x00000006fd730000, 0x0000000700600000)
  object space 36032K, 50% used [0x00000006fb400000,0x00000006fc5e33b0,0x00000006fd730000)

Card table byte_map: [0x00000000056e0000,0x0000000005f10000] byte_map_base: 0x0000000001f06000

Polling page: 0x0000000000980000

Code Cache  [0x00000000026e0000, 0x0000000002950000, 0x00000000056e0000)
 total_blobs=945 nmethods=356 adapters=540 free_code_cache=47716Kb largest_free_block=48815552

Compilation events (10 events):
Event: 32.665 Thread 0x000000001113e800  363             javax.swing.RepaintManager::isDoubleBufferingEnabled (5 bytes)
Event: 32.665 Thread 0x000000001113e800 nmethod 363 0x00000000027d2e10 code [0x00000000027d2f40, 0x00000000027d2f98]
Event: 32.766 Thread 0x0000000011139800  364   !         javax.swing.UIDefaults::getFromHashtable (239 bytes)
Event: 32.771 Thread 0x0000000011139800 nmethod 364 0x0000000002846b90 code [0x0000000002846d80, 0x0000000002847b20]
Event: 33.423 Thread 0x000000001113e800  365             javax.swing.RepaintManager::currentManager (37 bytes)
Event: 33.423 Thread 0x000000001113e800 nmethod 365 0x00000000028467d0 code [0x0000000002846920, 0x00000000028469c8]
Event: 33.477 Thread 0x0000000011139800  366             javax.swing.RepaintManager::currentManager (5 bytes)
Event: 33.477 Thread 0x000000001113e800  367             javax.swing.RepaintManager::currentManager (7 bytes)
Event: 33.478 Thread 0x0000000011139800 nmethod 366 0x000000000284d710 code [0x000000000284d880, 0x000000000284d9d8]
Event: 33.478 Thread 0x000000001113e800 nmethod 367 0x000000000284d210 code [0x000000000284d380, 0x000000000284d4d8]

GC Heap History (10 events):
Event: 23.099 GC heap before
{Heap before GC invocations=20 (full 4):
 PSYoungGen      total 1036352K, used 1018425K [0x00000007aacb0000, 0x00000007f8030000, 0x0000000800000000)
  eden space 993408K, 100% used [0x00000007aacb0000,0x00000007e76d0000,0x00000007e76d0000)
  from space 42944K, 58% used [0x00000007e76d0000,0x00000007e8f3e440,0x00000007ea0c0000)
  to   space 41408K, 0% used [0x00000007f57c0000,0x00000007f57c0000,0x00000007f8030000)
 ParOldGen       total 245184K, used 145442K [0x0000000700600000, 0x000000070f570000, 0x00000007aacb0000)
  object space 245184K, 59% used [0x0000000700600000,0x0000000709408ad8,0x000000070f570000)
 PSPermGen       total 37568K, used 18145K [0x00000006fb400000, 0x00000006fd8b0000, 0x0000000700600000)
  object space 37568K, 48% used [0x00000006fb400000,0x00000006fc5b86b0,0x00000006fd8b0000)
Event: 23.100 GC heap after
Heap after GC invocations=20 (full 4):
 PSYoungGen      total 1164480K, used 288K [0x00000007aacb0000, 0x00000007f6590000, 0x0000000800000000)
  eden space 1150336K, 0% used [0x00000007aacb0000,0x00000007aacb0000,0x00000007f1010000)
  from space 14144K, 2% used [0x00000007f57c0000,0x00000007f5808000,0x00000007f6590000)
  to   space 43776K, 0% used [0x00000007f1010000,0x00000007f1010000,0x00000007f3ad0000)
 ParOldGen       total 245184K, used 145442K [0x0000000700600000, 0x000000070f570000, 0x00000007aacb0000)
  object space 245184K, 59% used [0x0000000700600000,0x0000000709408ad8,0x000000070f570000)
 PSPermGen       total 37568K, used 18145K [0x00000006fb400000, 0x00000006fd8b0000, 0x0000000700600000)
  object space 37568K, 48% used [0x00000006fb400000,0x00000006fc5b86b0,0x00000006fd8b0000)
}
Event: 25.278 GC heap before
{Heap before GC invocations=21 (full 4):
 PSYoungGen      total 1164480K, used 1148657K [0x00000007aacb0000, 0x00000007f6590000, 0x0000000800000000)
  eden space 1150336K, 99% used [0x00000007aacb0000,0x00000007f0e24768,0x00000007f1010000)
  from space 14144K, 2% used [0x00000007f57c0000,0x00000007f5808000,0x00000007f6590000)
  to   space 43776K, 0% used [0x00000007f1010000,0x00000007f1010000,0x00000007f3ad0000)
 ParOldGen       total 245184K, used 145442K [0x0000000700600000, 0x000000070f570000, 0x00000007aacb0000)
  object space 245184K, 59% used [0x0000000700600000,0x0000000709408ad8,0x000000070f570000)
 PSPermGen       total 37568K, used 18156K [0x00000006fb400000, 0x00000006fd8b0000, 0x0000000700600000)
  object space 37568K, 48% used [0x00000006fb400000,0x00000006fc5bb260,0x00000006fd8b0000)
Event: 25.282 GC heap after
Heap after GC invocations=21 (full 4):
 PSYoungGen      total 1194112K, used 10747K [0x00000007aacb0000, 0x00000007fcd60000, 0x0000000800000000)
  eden space 1150336K, 0% used [0x00000007aacb0000,0x00000007aacb0000,0x00000007f1010000)
  from space 43776K, 24% used [0x00000007f1010000,0x00000007f1a8edb0,0x00000007f3ad0000)
  to   space 43456K, 0% used [0x00000007fa2f0000,0x00000007fa2f0000,0x00000007fcd60000)
 ParOldGen       total 245184K, used 145442K [0x0000000700600000, 0x000000070f570000, 0x00000007aacb0000)
  object space 245184K, 59% used [0x0000000700600000,0x0000000709408ad8,0x000000070f570000)
 PSPermGen       total 37568K, used 18156K [0x00000006fb400000, 0x00000006fd8b0000, 0x0000000700600000)
  object space 37568K, 48% used [0x00000006fb400000,0x00000006fc5bb260,0x00000006fd8b0000)
}
Event: 27.362 GC heap before
{Heap before GC invocations=22 (full 4):
 PSYoungGen      total 1194112K, used 1160432K [0x00000007aacb0000, 0x00000007fcd60000, 0x0000000800000000)
  eden space 1150336K, 99% used [0x00000007aacb0000,0x00000007f0f6d490,0x00000007f1010000)
  from space 43776K, 24% used [0x00000007f1010000,0x00000007f1a8edb0,0x00000007f3ad0000)
  to   space 43456K, 0% used [0x00000007fa2f0000,0x00000007fa2f0000,0x00000007fcd60000)
 ParOldGen       total 245184K, used 147467K [0x0000000700600000, 0x000000070f570000, 0x00000007aacb0000)
  object space 245184K, 60% used [0x0000000700600000,0x0000000709602ee8,0x000000070f570000)
 PSPermGen       total 37568K, used 18179K [0x00000006fb400000, 0x00000006fd8b0000, 0x0000000700600000)
  object space 37568K, 48% used [0x00000006fb400000,0x00000006fc5c0c90,0x00000006fd8b0000)
Event: 27.372 GC heap after
Heap after GC invocations=22 (full 4):
 PSYoungGen      total 1296064K, used 39431K [0x00000007aacb0000, 0x00000007fdc40000, 0x0000000800000000)
  eden space 1252608K, 0% used [0x00000007aacb0000,0x00000007aacb0000,0x00000007f73f0000)
  from space 43456K, 90% used [0x00000007fa2f0000,0x00000007fc971f90,0x00000007fcd60000)
  to   space 48128K, 0% used [0x00000007f73f0000,0x00000007f73f0000,0x00000007fa2f0000)
 ParOldGen       total 245184K, used 147467K [0x0000000700600000, 0x000000070f570000, 0x00000007aacb0000)
  object space 245184K, 60% used [0x0000000700600000,0x0000000709602ee8,0x000000070f570000)
 PSPermGen       total 37568K, used 18179K [0x00000006fb400000, 0x00000006fd8b0000, 0x0000000700600000)
  object space 37568K, 48% used [0x00000006fb400000,0x00000006fc5c0c90,0x00000006fd8b0000)
}
Event: 29.865 GC heap before
{Heap before GC invocations=23 (full 5):
 PSYoungGen      total 1296064K, used 1292039K [0x00000007aacb0000, 0x00000007fdc40000, 0x0000000800000000)
  eden space 1252608K, 100% used [0x00000007aacb0000,0x00000007f73f0000,0x00000007f73f0000)
  from space 43456K, 90% used [0x00000007fa2f0000,0x00000007fc971f90,0x00000007fcd60000)
  to   space 48128K, 0% used [0x00000007f73f0000,0x00000007f73f0000,0x00000007fa2f0000)
 ParOldGen       total 264960K, used 264008K [0x0000000700600000, 0x00000007108c0000, 0x00000007aacb0000)
  object space 264960K, 99% used [0x0000000700600000,0x00000007107d2330,0x00000007108c0000)
 PSPermGen       total 37568K, used 18274K [0x00000006fb400000, 0x00000006fd8b0000, 0x0000000700600000)
  object space 37568K, 48% used [0x00000006fb400000,0x00000006fc5d8b70,0x00000006fd8b0000)
Event: 29.902 GC heap after
Heap after GC invocations=23 (full 5):
 PSYoungGen      total 1296064K, used 0K [0x00000007aacb0000, 0x00000007fdc40000, 0x0000000800000000)
  eden space 1252608K, 0% used [0x00000007aacb0000,0x00000007aacb0000,0x00000007f73f0000)
  from space 43456K, 0% used [0x00000007fa2f0000,0x00000007fa2f0000,0x00000007fcd60000)
  to   space 48128K, 0% used [0x00000007f73f0000,0x00000007f73f0000,0x00000007fa2f0000)
 ParOldGen       total 299520K, used 30588K [0x0000000700600000, 0x0000000712a80000, 0x00000007aacb0000)
  object space 299520K, 10% used [0x0000000700600000,0x00000007023df338,0x0000000712a80000)
 PSPermGen       total 36032K, used 18274K [0x00000006fb400000, 0x00000006fd730000, 0x0000000700600000)
  object space 36032K, 50% used [0x00000006fb400000,0x00000006fc5d8ab0,0x00000006fd730000)
}
Event: 32.631 GC heap before
{Heap before GC invocations=24 (full 5):
 PSYoungGen      total 1296064K, used 1252595K [0x00000007aacb0000, 0x00000007fdc40000, 0x0000000800000000)
  eden space 1252608K, 99% used [0x00000007aacb0000,0x00000007f73ecf18,0x00000007f73f0000)
  from space 43456K, 0% used [0x00000007fa2f0000,0x00000007fa2f0000,0x00000007fcd60000)
  to   space 48128K, 0% used [0x00000007f73f0000,0x00000007f73f0000,0x00000007fa2f0000)
 ParOldGen       total 299520K, used 167467K [0x0000000700600000, 0x0000000712a80000, 0x00000007aacb0000)
  object space 299520K, 55% used [0x0000000700600000,0x000000070a98acb8,0x0000000712a80000)
 PSPermGen       total 36032K, used 18282K [0x00000006fb400000, 0x00000006fd730000, 0x0000000700600000)
  object space 36032K, 50% used [0x00000006fb400000,0x00000006fc5da870,0x00000006fd730000)
Event: 32.636 GC heap after
Heap after GC invocations=24 (full 5):
 PSYoungGen      total 1300736K, used 18513K [0x00000007aacb0000, 0x0000000800000000, 0x0000000800000000)
  eden space 1252608K, 0% used [0x00000007aacb0000,0x00000007aacb0000,0x00000007f73f0000)
  from space 48128K, 38% used [0x00000007f73f0000,0x00000007f8604430,0x00000007fa2f0000)
  to   space 46272K, 0% used [0x00000007fd2d0000,0x00000007fd2d0000,0x0000000800000000)
 ParOldGen       total 299520K, used 167467K [0x0000000700600000, 0x0000000712a80000, 0x00000007aacb0000)
  object space 299520K, 55% used [0x0000000700600000,0x000000070a98acb8,0x0000000712a80000)
 PSPermGen       total 36032K, used 18282K [0x00000006fb400000, 0x00000006fd730000, 0x0000000700600000)
  object space 36032K, 50% used [0x00000006fb400000,0x00000006fc5da870,0x00000006fd730000)
}

Deoptimization events (10 events):
Event: 4.043 Thread 0x0000000013a69800 Uncommon trap -83 fr.pc 0x00000000027815e8
Event: 4.108 Thread 0x0000000013a69800 Uncommon trap -83 fr.pc 0x00000000027cb90c
Event: 4.141 Thread 0x0000000013a69800 Uncommon trap -83 fr.pc 0x00000000027d0b58
Event: 4.377 Thread 0x0000000013a6e000 Uncommon trap -83 fr.pc 0x000000000280e83c
Event: 19.038 Thread 0x00000000149be800 Uncommon trap -12 fr.pc 0x0000000002800cb8
Event: 28.663 Thread 0x00000000149c1800 Uncommon trap -83 fr.pc 0x000000000280ed30
Event: 28.670 Thread 0x00000000149c1800 Uncommon trap -34 fr.pc 0x00000000027d5e74
Event: 28.671 Thread 0x00000000149c1800 Uncommon trap -34 fr.pc 0x00000000027d5e74
Event: 28.710 Thread 0x00000000149c1800 Uncommon trap -34 fr.pc 0x00000000027d5e74
Event: 30.465 Thread 0x00000000149c1800 Uncommon trap -34 fr.pc 0x00000000027d5e74

Internal exceptions (10 events):
Event: 4.206 Thread 0x0000000013a69800 Threw 0x00000007abb4a080 at C:\jdk7u1_64p\jdk7u7\hotspot\src\share\vm\prims\jvm.cpp:1166
Event: 4.210 Thread 0x0000000013a69800 Threw 0x00000007abb5a4e8 at C:\jdk7u1_64p\jdk7u7\hotspot\src\share\vm\prims\jvm.cpp:1166
Event: 4.210 Thread 0x0000000013a69800 Threw 0x00000007abb5d408 at C:\jdk7u1_64p\jdk7u7\hotspot\src\share\vm\prims\jvm.cpp:1166
Event: 4.211 Thread 0x0000000013a69800 Threw 0x00000007abb605b8 at C:\jdk7u1_64p\jdk7u7\hotspot\src\share\vm\prims\jvm.cpp:1166
Event: 4.211 Thread 0x0000000013a69800 Threw 0x00000007abb634d8 at C:\jdk7u1_64p\jdk7u7\hotspot\src\share\vm\prims\jvm.cpp:1166
Event: 4.353 Thread 0x0000000013a6e000 Threw 0x00000007aeabec00 at C:\jdk7u1_64p\jdk7u7\hotspot\src\share\vm\prims\jvm.cpp:1166
Event: 4.357 Thread 0x0000000013a6e000 Threw 0x00000007aeacf490 at C:\jdk7u1_64p\jdk7u7\hotspot\src\share\vm\prims\jvm.cpp:1166
Event: 4.558 Thread 0x0000000013a6e000 Threw 0x00000007b2296e40 at C:\jdk7u1_64p\jdk7u7\hotspot\src\share\vm\prims\jvm.cpp:1166
Event: 19.038 Thread 0x00000000149be800 Implicit null exception at 0x00000000028009b8 to 0x0000000002800cac
Event: 28.663 Thread 0x00000000149c1800 Implicit null exception at 0x000000000280ecd8 to 0x000000000280ed26

Events (10 events):
Event: 32.620 Executing VM operation: ParallelGCFailedAllocation
Event: 32.620 Executing VM operation: ParallelGCFailedAllocation done
Event: 32.631 Executing VM operation: ParallelGCSystemGC
Event: 32.636 Executing VM operation: ParallelGCSystemGC done
Event: 32.765 loading class 0x0000000014abe520
Event: 32.765 loading class 0x0000000014abe520 done
Event: 32.765 loading class 0x000000001461de60
Event: 32.765 loading class 0x00000000259456c0
Event: 32.766 loading class 0x00000000259456c0 done
Event: 32.766 loading class 0x000000001461de60 done


Dynamic libraries:
0x000007f798e80000 - 0x000007f798eb4000 	F:\Program Files\Java\Jre7\bin\javaw.exe
0x000007ffd0010000 - 0x000007ffd01ce000 	C:\WINDOWS\SYSTEM32\ntdll.dll
0x000007ffcd650000 - 0x000007ffcd786000 	C:\WINDOWS\system32\KERNEL32.DLL
0x000007ffcd360000 - 0x000007ffcd453000 	C:\WINDOWS\system32\KERNELBASE.dll
0x000007ffcdad0000 - 0x000007ffcdbae000 	C:\WINDOWS\system32\ADVAPI32.dll
0x000007ffcf8a0000 - 0x000007ffcf9ec000 	C:\WINDOWS\system32\USER32.dll
0x000007ffca740000 - 0x000007ffca9a9000 	C:\WINDOWS\WinSxS\amd64_microsoft.windows.common-controls_6595b64144ccf1df_6.0.9200.16384_none_418c2a697189c07f\COMCTL32.dll
0x000007ffcd940000 - 0x000007ffcd9e5000 	C:\WINDOWS\system32\msvcrt.dll
0x000007ffcd460000 - 0x000007ffcd4a8000 	C:\WINDOWS\SYSTEM32\sechost.dll
0x000007ffcf760000 - 0x000007ffcf8a0000 	C:\WINDOWS\system32\RPCRT4.dll
0x000007ffcdec0000 - 0x000007ffce000000 	C:\WINDOWS\system32\GDI32.dll
0x000007ffcda90000 - 0x000007ffcdac9000 	C:\WINDOWS\system32\IMM32.DLL
0x000007ffcf9f0000 - 0x000007ffcfb05000 	C:\WINDOWS\system32\MSCTF.dll
0x000007ffccf00000 - 0x000007ffccf08000 	C:\PROGRA~2\NVIDIA~1\3DVISI~1\NVSTIN~1.DLL
0x000007ffcda80000 - 0x000007ffcda87000 	C:\WINDOWS\system32\PSAPI.DLL
0x0000000061700000 - 0x00000000617a3000 	C:\WINDOWS\WinSxS\amd64_microsoft.vc90.crt_1fc8b3b9a1e18e3b_9.0.30729.6871_none_08e717a5a83adddf\MSVCR90.dll
0x000000005f150000 - 0x000000005f221000 	F:\Program Files\Java\Jre7\bin\msvcr100.dll
0x000000005ea30000 - 0x000000005f14f000 	F:\Program Files\Java\Jre7\bin\server\jvm.dll
0x000007ffc53f0000 - 0x000007ffc53f9000 	C:\WINDOWS\SYSTEM32\WSOCK32.dll
0x000007ffca070000 - 0x000007ffca090000 	C:\WINDOWS\SYSTEM32\WINMM.dll
0x000007ffcffb0000 - 0x000007ffd0008000 	C:\WINDOWS\system32\WS2_32.dll
0x000007ffc9f70000 - 0x000007ffc9fa2000 	C:\WINDOWS\SYSTEM32\WINMMBASE.dll
0x000007ffcfb10000 - 0x000007ffcfb19000 	C:\WINDOWS\system32\NSI.dll
0x000000005ea20000 - 0x000000005ea2f000 	F:\Program Files\Java\Jre7\bin\verify.dll
0x000000005e9f0000 - 0x000000005ea18000 	F:\Program Files\Java\Jre7\bin\java.dll
0x000000005e9d0000 - 0x000000005e9e5000 	F:\Program Files\Java\Jre7\bin\zip.dll
0x000000005e7c0000 - 0x000000005e953000 	F:\Program Files\Java\Jre7\bin\awt.dll
0x000007ffcdbb0000 - 0x000007ffcdc73000 	C:\WINDOWS\system32\OLEAUT32.dll
0x000007ffcd790000 - 0x000007ffcd940000 	C:\WINDOWS\system32\combase.dll
0x000007ffc7130000 - 0x000007ffc71cf000 	C:\WINDOWS\system32\apphelp.dll
0x000007ffcbd00000 - 0x000007ffcbde3000 	C:\WINDOWS\system32\uxtheme.dll
0x000007ffc71e0000 - 0x000007ffc7275000 	C:\Program Files\Common Files\microsoft shared\ink\tiptsf.dll
0x000007ffcae20000 - 0x000007ffcae41000 	C:\WINDOWS\SYSTEM32\dwmapi.dll
0x000007ffce000000 - 0x000007ffce17e000 	C:\WINDOWS\system32\ole32.dll
0x000007ffccd70000 - 0x000007ffccd7a000 	C:\WINDOWS\SYSTEM32\CRYPTBASE.dll
0x000007ffcccf0000 - 0x000007ffccd4c000 	C:\WINDOWS\SYSTEM32\bcryptPrimitives.dll
0x000007ffce470000 - 0x000007ffcf758000 	C:\WINDOWS\system32\SHELL32.dll
0x000007ffcff60000 - 0x000007ffcffb0000 	C:\WINDOWS\system32\SHLWAPI.dll
0x000007ffcc0d0000 - 0x000007ffcc166000 	C:\WINDOWS\SYSTEM32\shcore.dll
0x00000000605d0000 - 0x0000000060668000 	C:\Windows\System32\msvcp100.dll
0x000007ffc4220000 - 0x000007ffc4478000 	C:\opencv\build\x64\vc10\bin\opencv_core243.dll
0x000007ffc45f0000 - 0x000007ffc4685000 	C:\Users\Jonas\AppData\Local\Temp\javacpp36321883644569\jniopencv_core.dll
0x000007ffc3f70000 - 0x000007ffc4215000 	C:\opencv\build\x64\vc10\bin\opencv_imgproc243.dll
0x000007ffc45a0000 - 0x000007ffc45e8000 	C:\Users\Jonas\AppData\Local\Temp\javacpp36321883644569\jniopencv_imgproc.dll
0x0000000066840000 - 0x00000000675ca000 	C:\opencv\build\x64\vc10\bin\opencv_ffmpeg243_64.dll
0x000007ffb3e90000 - 0x000007ffb40db000 	C:\opencv\build\x64\vc10\bin\opencv_highgui243.dll
0x000007ffc9d70000 - 0x000007ffc9d90000 	C:\WINDOWS\SYSTEM32\AVIFIL32.dll
0x000007ffc69e0000 - 0x000007ffc6a09000 	C:\WINDOWS\SYSTEM32\MSVFW32.dll
0x000007ffc6a10000 - 0x000007ffc6a27000 	C:\WINDOWS\SYSTEM32\AVICAP32.dll
0x000007ffba340000 - 0x000007ffba359000 	C:\WINDOWS\SYSTEM32\MSACM32.dll
0x000007ffcacb0000 - 0x000007ffcacb9000 	C:\WINDOWS\SYSTEM32\VERSION.dll
0x000007ffc6800000 - 0x000007ffc6813000 	C:\Users\Jonas\AppData\Local\Temp\javacpp36321883644569\jniopencv_highgui.dll
0x000007ffce1b0000 - 0x000007ffce246000 	C:\WINDOWS\SYSTEM32\clbcatq.dll
0x000007ffc4580000 - 0x000007ffc4597000 	C:\Windows\System32\devenum.dll
0x000007ffcdc80000 - 0x000007ffcde50000 	C:\WINDOWS\system32\setupapi.dll
0x000007ffcd020000 - 0x000007ffcd06f000 	C:\WINDOWS\system32\CFGMGR32.dll
0x000007ffccff0000 - 0x000007ffcd012000 	C:\WINDOWS\system32\DEVOBJ.dll
0x000007ffc5fd0000 - 0x000007ffc5ffe000 	C:\WINDOWS\SYSTEM32\ntmarta.dll
0x000007ffcd070000 - 0x000007ffcd0c5000 	C:\WINDOWS\system32\WINTRUST.dll
0x000007ffcd0d0000 - 0x000007ffcd2a7000 	C:\WINDOWS\system32\CRYPT32.dll
0x000007ffccfd0000 - 0x000007ffccfe6000 	C:\WINDOWS\system32\MSASN1.dll
0x000007ffc92d0000 - 0x000007ffc92dd000 	C:\WINDOWS\SYSTEM32\msdmo.dll
0x000007ffc4550000 - 0x000007ffc457f000 	C:\Windows\System32\qcap.dll
0x000007ffb3cd0000 - 0x000007ffb3e88000 	C:\Windows\System32\quartz.dll
0x000007ffc4510000 - 0x000007ffc454f000 	C:\Windows\System32\ksproxy.ax
0x000007ffba390000 - 0x000007ffba397000 	C:\Windows\System32\ksuser.dll
0x000007ffbbc60000 - 0x000007ffbbe60000 	C:\Windows\System32\d3d9.dll
0x000007ffc7800000 - 0x000007ffc780c000 	C:\Windows\System32\vidcap.ax
0x000007ffc44e0000 - 0x000007ffc4504000 	C:\Windows\System32\kswdmcap.ax
0x000007ffc3e10000 - 0x000007ffc3f64000 	C:\Windows\System32\MFC42.dll
0x000007ffbc450000 - 0x000007ffbc50e000 	C:\Windows\System32\ODBC32.dll
0x000007ffb9c70000 - 0x000007ffb9d05000 	C:\Windows\System32\qedit.dll
0x000007ffcfeb0000 - 0x000007ffcff51000 	C:\WINDOWS\system32\COMDLG32.dll
0x000007ffcd4b0000 - 0x000007ffcd650000 	C:\WINDOWS\WinSxS\amd64_microsoft.windows.gdiplus_6595b64144ccf1df_1.1.9200.16384_none_72771d4ecc1c3a4d\gdiplus.dll
0x000007ffb38f0000 - 0x000007ffb39da000 	C:\WINDOWS\SYSTEM32\DDRAW.dll
0x000007ffc7970000 - 0x000007ffc7978000 	C:\WINDOWS\SYSTEM32\DCIMAN32.dll
0x000000005e780000 - 0x000000005e7b4000 	F:\Program Files\Java\Jre7\bin\fontmanager.dll
0x000007ffb4b50000 - 0x000007ffb5cd0000 	C:\WINDOWS\SYSTEM32\nvd3dumx.dll
0x000007ffccdf0000 - 0x000007ffcce33000 	C:\WINDOWS\SYSTEM32\powrprof.dll
0x0000000180000000 - 0x0000000180116000 	C:\Program Files (x86)\NVIDIA Corporation\3D Vision\nvSCPAPI64.dll
0x000007ffca330000 - 0x000007ffca3a4000 	C:\WINDOWS\SYSTEM32\dxgi.dll
0x000007ffc9a40000 - 0x000007ffc9d02000 	C:\WINDOWS\SYSTEM32\nvapi64.dll
0x000007ffc9f50000 - 0x000007ffc9f6f000 	C:\WINDOWS\SYSTEM32\DXGIDebug.dll
0x000000005e9b0000 - 0x000000005e9c9000 	F:\Program Files\Java\Jre7\bin\net.dll
0x000007ffcc760000 - 0x000007ffcc7bc000 	C:\WINDOWS\system32\mswsock.dll
0x000000005e990000 - 0x000000005e9a1000 	F:\Program Files\Java\Jre7\bin\nio.dll
0x000000005e730000 - 0x000000005e771000 	F:\Program Files\Java\Jre7\bin\t2k.dll
0x000007ffca9b0000 - 0x000007ffcab3a000 	C:\WINDOWS\SYSTEM32\WindowsCodecs.dll
0x000007ffccf20000 - 0x000007ffccf35000 	C:\WINDOWS\SYSTEM32\profapi.dll
0x000007ffc8ca0000 - 0x000007ffc8d09000 	C:\WINDOWS\SYSTEM32\oleacc.dll
0x000000005e700000 - 0x000000005e72a000 	F:\Program Files\Java\Jre7\bin\dcpr.dll
0x000007ffb60d0000 - 0x000007ffb6233000 	C:\WINDOWS\SYSTEM32\dbghelp.dll

VM Arguments:
jvm_args: -Dfile.encoding=Cp1252 
java_command: emcscanner.kth.se.Program
Launcher Type: SUN_STANDARD

Environment Variables:
PATH=C:\Program Files (x86)\NVIDIA Corporation\PhysX\Common;C:\WINDOWS\system32;C:\WINDOWS;C:\WINDOWS\System32\Wbem;C:\WINDOWS\System32\WindowsPowerShell\v1.0\;C:\Program Files (x86)\Microsoft SQL Server\90\Tools\binn\;C:\Program Files (x86)\Autodesk\Backburner\;F:\Program Files\MATLAB\R2012a\runtime\win64;F:\Program Files\MATLAB\R2012a\bin;C:\Program Files\Internet Explorer;C:\Program Files\Perforce;F:\Program Files\Perforce;C:\Program Files\Microsoft\Web Platform Installer\;C:\Program Files (x86)\Microsoft ASP.NET\ASP.NET Web Pages\v1.0\;C:\Program Files (x86)\Windows Kits\8.0\Windows Performance Toolkit\;C:\Program Files\Microsoft SQL Server\110\Tools\Binn\;F:\Program Files\Perforce\Server
USERNAME=Jonas
OS=Windows_NT
PROCESSOR_IDENTIFIER=Intel64 Family 6 Model 42 Stepping 7, GenuineIntel



---------------  S Y S T E M  ---------------

OS: Windows 8 , 64 bit Build 9200 

CPU:total 8 (4 cores per cpu, 2 threads per core) family 6 model 42 stepping 7, cmov, cx8, fxsr, mmx, sse, sse2, sse3, ssse3, sse4.1, sse4.2, popcnt, avx, ht, tsc, tscinvbit

Memory: 4k page, physical 16751668k(10717960k free), swap 33528884k(20215456k free)

vm_info: Java HotSpot(TM) 64-Bit Server VM (23.3-b01) for windows-amd64 JRE (1.7.0_07-b11), built on Sep  7 2012 01:19:25 by "java_re" with unknown MS VC++:1600

time: Tue Feb 05 02:47:41 2013
elapsed time: 33 seconds

