#
# A fatal error has been detected by the Java Runtime Environment:
#
#  EXCEPTION_ACCESS_VIOLATION (0xc0000005) at pc=0x000000000283b8ba, pid=8116, tid=4628
#
# JRE version: 7.0_07-b11
# Java VM: Java HotSpot(TM) 64-Bit Server VM (23.3-b01 mixed mode windows-amd64 compressed oops)
# Problematic frame:
# J  com.googlecode.javacv.cpp.opencv_core$IplImage.flipCopyWithGamma(Ljava/nio/ByteBuffer;ILjava/nio/ByteBuffer;IZDZI)V
#
# Failed to write core dump. Minidumps are not enabled by default on client versions of Windows
#
# If you would like to submit a bug report, please visit:
#   http://bugreport.sun.com/bugreport/crash.jsp
#

---------------  T H R E A D  ---------------

Current thread (0x0000000018bb9000):  JavaThread "threadDisplay" daemon [_thread_in_Java, id=4628, stack(0x000000001e8a0000,0x000000001e9a0000)]

siginfo: ExceptionCode=0xc0000005, reading address 0x000000001e810000

Registers:
RAX=0x0000000000000000, RBX=0x00000000005eec00, RCX=0x0000000000000000, RDX=0x000000001e2a7050
RSP=0x000000001e99f1a0, RBP=0x00000007aad2f580, RSI=0x00000007120c2a40, RDI=0x00000000005eec00
R8 =0x0000000000568fb0, R9 =0x0000000000568fb1, R10=0x000000000000167f, R11=0x00000000005eec00
R12=0x0000000000000000, R13=0x0000000000568fb0, R14=0x00000000000013af, R15=0x0000000018bb9000
RIP=0x000000000283b8ba, EFLAGS=0x0000000000010207

Top of Stack: (sp=0x000000001e99f1a0)
0x000000001e99f1a0:   00000000005eec00 00000000005eec00
0x000000001e99f1b0:   0000000000000000 00000000ffffffff
0x000000001e99f1c0:   3ff0000000000000 00000007aad2f540
0x000000001e99f1d0:   00000007aad2f580 3ff0000000000000
0x000000001e99f1e0:   00567c0000000000 df6aba8200567c00
0x000000001e99f1f0:   00001680df6c66a9 0000000000001680
0x000000001e99f200:   00000007aad2f5b0 00001680ffffffff
0x000000001e99f210:   00000007aad2f580 00000007aad2f540
0x000000001e99f220:   00000000e2418548 00000007120c2a40
0x000000001e99f230:   00000007aad2f580 00000007aad2f580
0x000000001e99f240:   000000001e99f240 00000006fb555c47
0x000000001e99f250:   000000001e99f300 00000000026e61f8
0x000000001e99f260:   0000000000000000 00000006fb555c58
0x000000001e99f270:   00000000026e61f8 0000000000000000
0x000000001e99f280:   0000000000000000 3ff0000000000000
0x000000001e99f290:   0000000000000000 0000000000000000 

Instructions: (pc=0x000000000283b8ba)
0x000000000283b89a:   10 44 3b c7 0f 8d 26 01 00 00 45 8b c8 41 ff c1
0x000000000283b8aa:   44 89 4d 18 48 8b 6c 24 70 44 8b 6d 18 4d 63 c0
0x000000000283b8ba:   42 0f b6 04 02 44 3b eb 0f 8d 32 01 00 00 45 8b
0x000000000283b8ca:   cd 44 03 c9 41 ff c5 44 89 6d 18 45 3b cb 0f 83 


Register to memory mapping:

RAX=0x0000000000000000 is an unknown value
RBX=0x00000000005eec00 is an unknown value
RCX=0x0000000000000000 is an unknown value
RDX=0x000000001e2a7050 is an unknown value
RSP=0x000000001e99f1a0 is pointing into the stack for thread: 0x0000000018bb9000
RBP=0x00000007aad2f580 is an oop
java.nio.HeapByteBuffer 
 - klass: 'java/nio/HeapByteBuffer'
RSI=0x00000007120c2a40 is an oop
[B 
 - klass: {type array byte}
 - length: 6220800
RDI=0x00000000005eec00 is an unknown value
R8 =0x0000000000568fb0 is an unknown value
R9 =0x0000000000568fb1 is an unknown value
R10=0x000000000000167f is an unknown value
R11=0x00000000005eec00 is an unknown value
R12=0x0000000000000000 is an unknown value
R13=0x0000000000568fb0 is an unknown value
R14=0x00000000000013af is an unknown value
R15=0x0000000018bb9000 is a thread


Stack: [0x000000001e8a0000,0x000000001e9a0000],  sp=0x000000001e99f1a0,  free space=1020k
Native frames: (J=compiled Java code, j=interpreted, Vv=VM code, C=native code)
J  com.googlecode.javacv.cpp.opencv_core$IplImage.flipCopyWithGamma(Ljava/nio/ByteBuffer;ILjava/nio/ByteBuffer;IZDZI)V


---------------  P R O C E S S  ---------------

Java Threads: ( => current thread )
  0x0000000013752800 JavaThread "Thread-0" daemon [_thread_in_native, id=6652, stack(0x000000001b2f0000,0x000000001b3f0000)]
  0x0000000017299800 JavaThread "Thread-3" [_thread_in_native, id=4828, stack(0x0000000016210000,0x0000000016310000)]
  0x0000000017b09800 JavaThread "ICEpdf-pagePainter" daemon [_thread_blocked, id=6556, stack(0x000000001ece0000,0x000000001ede0000)]
  0x0000000016ff2800 JavaThread "ICEpdf-pageInitializer" daemon [_thread_blocked, id=5448, stack(0x000000001eab0000,0x000000001ebb0000)]
  0x00000000025de000 JavaThread "DestroyJavaVM" [_thread_blocked, id=1196, stack(0x0000000002410000,0x0000000002510000)]
=>0x0000000018bb9000 JavaThread "threadDisplay" daemon [_thread_in_Java, id=4628, stack(0x000000001e8a0000,0x000000001e9a0000)]
  0x00000000186f6800 JavaThread "TimerQueue" daemon [_thread_blocked, id=6048, stack(0x0000000018ed0000,0x0000000018fd0000)]
  0x00000000139e6800 JavaThread "AWT-EventQueue-0" [_thread_blocked, id=7784, stack(0x0000000018dd0000,0x0000000018ed0000)]
  0x000000001395d000 JavaThread "Image Fetcher 0" daemon [_thread_blocked, id=3276, stack(0x0000000018cd0000,0x0000000018dd0000)]
  0x000000001385c000 JavaThread "AWT-Windows" daemon [_thread_in_native, id=5260, stack(0x0000000014300000,0x0000000014400000)]
  0x0000000013853000 JavaThread "AWT-Shutdown" [_thread_blocked, id=7060, stack(0x0000000014200000,0x0000000014300000)]
  0x0000000013852800 JavaThread "Java2D Disposer" daemon [_thread_blocked, id=6560, stack(0x0000000014100000,0x0000000014200000)]
  0x000000001113f000 JavaThread "Service Thread" daemon [_thread_blocked, id=4608, stack(0x0000000013530000,0x0000000013630000)]
  0x000000001113c800 JavaThread "C2 CompilerThread1" daemon [_thread_blocked, id=4716, stack(0x0000000013430000,0x0000000013530000)]
  0x0000000011139000 JavaThread "C2 CompilerThread0" daemon [_thread_blocked, id=3356, stack(0x0000000013330000,0x0000000013430000)]
  0x0000000011137800 JavaThread "Attach Listener" daemon [_thread_blocked, id=4232, stack(0x0000000013230000,0x0000000013330000)]
  0x000000001112b000 JavaThread "Signal Dispatcher" daemon [_thread_blocked, id=5768, stack(0x0000000013130000,0x0000000013230000)]
  0x00000000110ce800 JavaThread "Finalizer" daemon [_thread_blocked, id=4016, stack(0x0000000013030000,0x0000000013130000)]
  0x00000000110c7000 JavaThread "Reference Handler" daemon [_thread_blocked, id=1844, stack(0x0000000012f30000,0x0000000013030000)]

Other Threads:
  0x00000000110c2000 VMThread [stack: 0x0000000012e30000,0x0000000012f30000] [id=7892]
  0x0000000011165800 WatcherThread [stack: 0x0000000013630000,0x0000000013730000] [id=7944]

VM state:not at safepoint (normal execution)

VM Mutex/Monitor currently owned by a thread: None

Heap
 PSYoungGen      total 307008K, used 277821K [0x00000007aacb0000, 0x00000007d0310000, 0x0000000800000000)
  eden space 261888K, 99% used [0x00000007aacb0000,0x00000007ba9e1628,0x00000007bac70000)
  from space 45120K, 41% used [0x00000007bac70000,0x00000007bbe8dfc0,0x00000007bd880000)
  to   space 44480K, 0% used [0x00000007cd7a0000,0x00000007cd7a0000,0x00000007d0310000)
 ParOldGen       total 296128K, used 295621K [0x0000000700600000, 0x0000000712730000, 0x00000007aacb0000)
  object space 296128K, 99% used [0x0000000700600000,0x00000007126b1650,0x0000000712730000)
 PSPermGen       total 21248K, used 17723K [0x00000006fb400000, 0x00000006fc8c0000, 0x0000000700600000)
  object space 21248K, 83% used [0x00000006fb400000,0x00000006fc54ecd8,0x00000006fc8c0000)

Card table byte_map: [0x00000000056e0000,0x0000000005f10000] byte_map_base: 0x0000000001f06000

Polling page: 0x0000000002310000

Code Cache  [0x00000000026e0000, 0x0000000002950000, 0x00000000056e0000)
 total_blobs=861 nmethods=273 adapters=539 free_code_cache=47756Kb largest_free_block=48865920

Compilation events (10 events):
Event: 7.440 Thread 0x0000000011139000  270             java.util.IdentityHashMap$IdentityHashMapIterator::hasNext (50 bytes)
Event: 7.442 Thread 0x0000000011139000 nmethod 270 0x000000000283e050 code [0x000000000283e180, 0x000000000283e338]
Event: 7.540 Thread 0x000000001113c800  271             java.awt.Rectangle::<init> (26 bytes)
Event: 7.540 Thread 0x000000001113c800 nmethod 271 0x0000000002845b90 code [0x0000000002845cc0, 0x0000000002845d38]
Event: 8.119 Thread 0x0000000011139000  273             java.util.concurrent.ConcurrentHashMap::get (141 bytes)
Event: 8.122 Thread 0x0000000011139000 nmethod 273 0x00000000027fa790 code [0x00000000027fa900, 0x00000000027fab68]
Event: 9.016 Thread 0x000000001113c800  274             sun.java2d.pipe.RenderBuffer::putInt (26 bytes)
Event: 9.017 Thread 0x000000001113c800 nmethod 274 0x000000000281a950 code [0x000000000281aa80, 0x000000000281ab18]
Event: 9.250 Thread 0x0000000011139000  275             java.util.HashMap::addEntry (69 bytes)
Event: 9.251 Thread 0x0000000011139000 nmethod 275 0x00000000027fa2d0 code [0x00000000027fa440, 0x00000000027fa5b8]

GC Heap History (10 events):
Event: 4.742 GC heap before
{Heap before GC invocations=3 (full 0):
 PSYoungGen      total 76352K, used 74028K [0x00000007aacb0000, 0x00000007b41d0000, 0x0000000800000000)
  eden space 65472K, 96% used [0x00000007aacb0000,0x00000007aea61a78,0x00000007aeca0000)
  from space 10880K, 99% used [0x00000007af740000,0x00000007b01d9680,0x00000007b01e0000)
  to   space 10880K, 0% used [0x00000007aeca0000,0x00000007aeca0000,0x00000007af740000)
 ParOldGen       total 174528K, used 17948K [0x0000000700600000, 0x000000070b070000, 0x00000007aacb0000)
  object space 174528K, 10% used [0x0000000700600000,0x00000007017870e0,0x000000070b070000)
 PSPermGen       total 21248K, used 17591K [0x00000006fb400000, 0x00000006fc8c0000, 0x0000000700600000)
  object space 21248K, 82% used [0x00000006fb400000,0x00000006fc52dec0,0x00000006fc8c0000)
Event: 4.751 GC heap after
Heap after GC invocations=3 (full 0):
 PSYoungGen      total 76352K, used 10869K [0x00000007aacb0000, 0x00000007b41d0000, 0x0000000800000000)
  eden space 65472K, 0% used [0x00000007aacb0000,0x00000007aacb0000,0x00000007aeca0000)
  from space 10880K, 99% used [0x00000007aeca0000,0x00000007af73d670,0x00000007af740000)
  to   space 10880K, 0% used [0x00000007b3730000,0x00000007b3730000,0x00000007b41d0000)
 ParOldGen       total 174528K, used 40903K [0x0000000700600000, 0x000000070b070000, 0x00000007aacb0000)
  object space 174528K, 23% used [0x0000000700600000,0x0000000702df1ea0,0x000000070b070000)
 PSPermGen       total 21248K, used 17591K [0x00000006fb400000, 0x00000006fc8c0000, 0x0000000700600000)
  object space 21248K, 82% used [0x00000006fb400000,0x00000006fc52dec0,0x00000006fc8c0000)
}
Event: 5.095 GC heap before
{Heap before GC invocations=4 (full 0):
 PSYoungGen      total 76352K, used 73213K [0x00000007aacb0000, 0x00000007b41d0000, 0x0000000800000000)
  eden space 65472K, 95% used [0x00000007aacb0000,0x00000007ae991f00,0x00000007aeca0000)
  from space 10880K, 99% used [0x00000007aeca0000,0x00000007af73d670,0x00000007af740000)
  to   space 10880K, 0% used [0x00000007b3730000,0x00000007b3730000,0x00000007b41d0000)
 ParOldGen       total 174528K, used 40903K [0x0000000700600000, 0x000000070b070000, 0x00000007aacb0000)
  object space 174528K, 23% used [0x0000000700600000,0x0000000702df1ea0,0x000000070b070000)
 PSPermGen       total 21248K, used 17594K [0x00000006fb400000, 0x00000006fc8c0000, 0x0000000700600000)
  object space 21248K, 82% used [0x00000006fb400000,0x00000006fc52e850,0x00000006fc8c0000)
Event: 5.104 GC heap after
Heap after GC invocations=4 (full 0):
 PSYoungGen      total 141824K, used 10853K [0x00000007aacb0000, 0x00000007b41d0000, 0x0000000800000000)
  eden space 130944K, 0% used [0x00000007aacb0000,0x00000007aacb0000,0x00000007b2c90000)
  from space 10880K, 99% used [0x00000007b3730000,0x00000007b41c9680,0x00000007b41d0000)
  to   space 10880K, 0% used [0x00000007b2c90000,0x00000007b2c90000,0x00000007b3730000)
 ParOldGen       total 174528K, used 63808K [0x0000000700600000, 0x000000070b070000, 0x00000007aacb0000)
  object space 174528K, 36% used [0x0000000700600000,0x0000000704450070,0x000000070b070000)
 PSPermGen       total 21248K, used 17594K [0x00000006fb400000, 0x00000006fc8c0000, 0x0000000700600000)
  object space 21248K, 82% used [0x00000006fb400000,0x00000006fc52e850,0x00000006fc8c0000)
}
Event: 5.809 GC heap before
{Heap before GC invocations=5 (full 0):
 PSYoungGen      total 141824K, used 140523K [0x00000007aacb0000, 0x00000007b41d0000, 0x0000000800000000)
  eden space 130944K, 99% used [0x00000007aacb0000,0x00000007b2b51950,0x00000007b2c90000)
  from space 10880K, 99% used [0x00000007b3730000,0x00000007b41c9680,0x00000007b41d0000)
  to   space 10880K, 0% used [0x00000007b2c90000,0x00000007b2c90000,0x00000007b3730000)
 ParOldGen       total 174528K, used 63808K [0x0000000700600000, 0x000000070b070000, 0x00000007aacb0000)
  object space 174528K, 36% used [0x0000000700600000,0x0000000704450070,0x000000070b070000)
 PSPermGen       total 21248K, used 17643K [0x00000006fb400000, 0x00000006fc8c0000, 0x0000000700600000)
  object space 21248K, 83% used [0x00000006fb400000,0x00000006fc53afb0,0x00000006fc8c0000)
Event: 5.818 GC heap after
Heap after GC invocations=5 (full 0):
 PSYoungGen      total 141824K, used 10869K [0x00000007aacb0000, 0x00000007c06b0000, 0x0000000800000000)
  eden space 130944K, 0% used [0x00000007aacb0000,0x00000007aacb0000,0x00000007b2c90000)
  from space 10880K, 99% used [0x00000007b2c90000,0x00000007b372d670,0x00000007b3730000)
  to   space 46208K, 0% used [0x00000007bd990000,0x00000007bd990000,0x00000007c06b0000)
 ParOldGen       total 174528K, used 86688K [0x0000000700600000, 0x000000070b070000, 0x00000007aacb0000)
  object space 174528K, 49% used [0x0000000700600000,0x0000000705aa8240,0x000000070b070000)
 PSPermGen       total 21248K, used 17643K [0x00000006fb400000, 0x00000006fc8c0000, 0x0000000700600000)
  object space 21248K, 83% used [0x00000006fb400000,0x00000006fc53afb0,0x00000006fc8c0000)
}
Event: 6.559 GC heap before
{Heap before GC invocations=6 (full 0):
 PSYoungGen      total 141824K, used 139572K [0x00000007aacb0000, 0x00000007c06b0000, 0x0000000800000000)
  eden space 130944K, 98% used [0x00000007aacb0000,0x00000007b2a5fbe0,0x00000007b2c90000)
  from space 10880K, 99% used [0x00000007b2c90000,0x00000007b372d670,0x00000007b3730000)
  to   space 46208K, 0% used [0x00000007bd990000,0x00000007bd990000,0x00000007c06b0000)
 ParOldGen       total 174528K, used 86688K [0x0000000700600000, 0x000000070b070000, 0x00000007aacb0000)
  object space 174528K, 49% used [0x0000000700600000,0x0000000705aa8240,0x000000070b070000)
 PSPermGen       total 21248K, used 17655K [0x00000006fb400000, 0x00000006fc8c0000, 0x0000000700600000)
  object space 21248K, 83% used [0x00000006fb400000,0x00000006fc53dd08,0x00000006fc8c0000)
Event: 6.565 GC heap after
Heap after GC invocations=6 (full 0):
 PSYoungGen      total 305920K, used 20711K [0x00000007aacb0000, 0x00000007c0490000, 0x0000000800000000)
  eden space 261888K, 0% used [0x00000007aacb0000,0x00000007aacb0000,0x00000007bac70000)
  from space 44032K, 47% used [0x00000007bd990000,0x00000007bedc9fd0,0x00000007c0490000)
  to   space 45120K, 0% used [0x00000007bac70000,0x00000007bac70000,0x00000007bd880000)
 ParOldGen       total 174528K, used 86688K [0x0000000700600000, 0x000000070b070000, 0x00000007aacb0000)
  object space 174528K, 49% used [0x0000000700600000,0x0000000705aa8240,0x000000070b070000)
 PSPermGen       total 21248K, used 17655K [0x00000006fb400000, 0x00000006fc8c0000, 0x0000000700600000)
  object space 21248K, 83% used [0x00000006fb400000,0x00000006fc53dd08,0x00000006fc8c0000)
}
Event: 8.006 GC heap before
{Heap before GC invocations=7 (full 0):
 PSYoungGen      total 305920K, used 281014K [0x00000007aacb0000, 0x00000007c0490000, 0x0000000800000000)
  eden space 261888K, 99% used [0x00000007aacb0000,0x00000007baae38e8,0x00000007bac70000)
  from space 44032K, 47% used [0x00000007bd990000,0x00000007bedc9fd0,0x00000007c0490000)
  to   space 45120K, 0% used [0x00000007bac70000,0x00000007bac70000,0x00000007bd880000)
 ParOldGen       total 174528K, used 92763K [0x0000000700600000, 0x000000070b070000, 0x00000007aacb0000)
  object space 174528K, 53% used [0x0000000700600000,0x0000000706096e50,0x000000070b070000)
 PSPermGen       total 21248K, used 17697K [0x00000006fb400000, 0x00000006fc8c0000, 0x0000000700600000)
  object space 21248K, 83% used [0x00000006fb400000,0x00000006fc5485e0,0x00000006fc8c0000)
Event: 8.012 GC heap after
Heap after GC invocations=7 (full 0):
 PSYoungGen      total 307008K, used 18551K [0x00000007aacb0000, 0x00000007d0310000, 0x0000000800000000)
  eden space 261888K, 0% used [0x00000007aacb0000,0x00000007aacb0000,0x00000007bac70000)
  from space 45120K, 41% used [0x00000007bac70000,0x00000007bbe8dfc0,0x00000007bd880000)
  to   space 44480K, 0% used [0x00000007cd7a0000,0x00000007cd7a0000,0x00000007d0310000)
 ParOldGen       total 174528K, used 95146K [0x0000000700600000, 0x000000070b070000, 0x00000007aacb0000)
  object space 174528K, 54% used [0x0000000700600000,0x00000007062ea840,0x000000070b070000)
 PSPermGen       total 21248K, used 17697K [0x00000006fb400000, 0x00000006fc8c0000, 0x0000000700600000)
  object space 21248K, 83% used [0x00000006fb400000,0x00000006fc5485e0,0x00000006fc8c0000)
}

Deoptimization events (10 events):
Event: 1.109 Thread 0x00000000025de000 Uncommon trap -58 fr.pc 0x0000000002799164
Event: 1.109 Thread 0x00000000025de000 Uncommon trap -58 fr.pc 0x0000000002799164
Event: 1.109 Thread 0x00000000025de000 Uncommon trap -58 fr.pc 0x0000000002799164
Event: 3.660 Thread 0x00000000139e6800 Uncommon trap -83 fr.pc 0x000000000278c704
Event: 3.706 Thread 0x0000000016ff2800 Uncommon trap -83 fr.pc 0x0000000002785d34
Event: 3.750 Thread 0x0000000016ff2800 Uncommon trap -83 fr.pc 0x0000000002785984
Event: 3.762 Thread 0x0000000016ff2800 Uncommon trap -83 fr.pc 0x00000000027ec828
Event: 3.811 Thread 0x0000000016ff2800 Uncommon trap -83 fr.pc 0x00000000027f6a4c
Event: 3.838 Thread 0x0000000016ff2800 Uncommon trap -83 fr.pc 0x00000000027add20
Event: 4.000 Thread 0x0000000017b09800 Uncommon trap -83 fr.pc 0x000000000280857c

Internal exceptions (10 events):
Event: 3.848 Thread 0x0000000016ff2800 Threw 0x00000007ae22a138 at C:\jdk7u1_64p\jdk7u7\hotspot\src\share\vm\prims\jvm.cpp:1166
Event: 3.880 Thread 0x0000000016ff2800 Threw 0x00000007ae3617b0 at C:\jdk7u1_64p\jdk7u7\hotspot\src\share\vm\prims\jvm.cpp:1166
Event: 3.880 Thread 0x0000000016ff2800 Threw 0x00000007ae364580 at C:\jdk7u1_64p\jdk7u7\hotspot\src\share\vm\prims\jvm.cpp:1166
Event: 3.883 Thread 0x0000000016ff2800 Threw 0x00000007ae3749e8 at C:\jdk7u1_64p\jdk7u7\hotspot\src\share\vm\prims\jvm.cpp:1166
Event: 3.883 Thread 0x0000000016ff2800 Threw 0x00000007ae3777b8 at C:\jdk7u1_64p\jdk7u7\hotspot\src\share\vm\prims\jvm.cpp:1166
Event: 3.884 Thread 0x0000000016ff2800 Threw 0x00000007ae37a968 at C:\jdk7u1_64p\jdk7u7\hotspot\src\share\vm\prims\jvm.cpp:1166
Event: 3.884 Thread 0x0000000016ff2800 Threw 0x00000007ae37d738 at C:\jdk7u1_64p\jdk7u7\hotspot\src\share\vm\prims\jvm.cpp:1166
Event: 3.993 Thread 0x0000000017b09800 Threw 0x00000007ae8f2048 at C:\jdk7u1_64p\jdk7u7\hotspot\src\share\vm\prims\jvm.cpp:1166
Event: 3.997 Thread 0x0000000017b09800 Threw 0x00000007ae9028d8 at C:\jdk7u1_64p\jdk7u7\hotspot\src\share\vm\prims\jvm.cpp:1166
Event: 4.199 Thread 0x0000000017b09800 Threw 0x00000007aca3a988 at C:\jdk7u1_64p\jdk7u7\hotspot\src\share\vm\prims\jvm.cpp:1166

Events (10 events):
Event: 8.012 Executing VM operation: RevokeBias
Event: 8.012 Executing VM operation: RevokeBias done
Event: 8.012 Executing VM operation: RevokeBias
Event: 8.012 Executing VM operation: RevokeBias done
Event: 8.012 Executing VM operation: RevokeBias
Event: 8.012 Executing VM operation: RevokeBias done
Event: 8.012 Executing VM operation: RevokeBias
Event: 8.012 Executing VM operation: RevokeBias done
Event: 9.251 Thread 0x0000000011139000 flushing nmethod 0x0000000002785750
Event: 9.251 Thread 0x0000000011139000 flushing nmethod 0x0000000002785b10


Dynamic libraries:
0x000007f617cb0000 - 0x000007f617ce4000 	F:\Program Files\Java\Jre7\bin\javaw.exe
0x000007fe83490000 - 0x000007fe8364e000 	C:\WINDOWS\SYSTEM32\ntdll.dll
0x000007fe83350000 - 0x000007fe83486000 	C:\WINDOWS\system32\KERNEL32.DLL
0x000007fe80580000 - 0x000007fe80673000 	C:\WINDOWS\system32\KERNELBASE.dll
0x000007fe82eb0000 - 0x000007fe82f8e000 	C:\WINDOWS\system32\ADVAPI32.dll
0x000007fe80a10000 - 0x000007fe80b5c000 	C:\WINDOWS\system32\USER32.dll
0x000007fe7db90000 - 0x000007fe7ddf9000 	C:\WINDOWS\WinSxS\amd64_microsoft.windows.common-controls_6595b64144ccf1df_6.0.9200.16384_none_418c2a697189c07f\COMCTL32.dll
0x000007fe82890000 - 0x000007fe82935000 	C:\WINDOWS\system32\msvcrt.dll
0x000007fe82840000 - 0x000007fe82888000 	C:\WINDOWS\SYSTEM32\sechost.dll
0x000007fe82970000 - 0x000007fe82ab0000 	C:\WINDOWS\system32\RPCRT4.dll
0x000007fe82ab0000 - 0x000007fe82bf0000 	C:\WINDOWS\system32\GDI32.dll
0x000007fe80b60000 - 0x000007fe80b99000 	C:\WINDOWS\system32\IMM32.DLL
0x000007fe82720000 - 0x000007fe82835000 	C:\WINDOWS\system32\MSCTF.dll
0x000007fe80380000 - 0x000007fe80388000 	C:\PROGRA~2\NVIDIA~1\3DVISI~1\NVSTIN~1.DLL
0x000007fe82940000 - 0x000007fe82947000 	C:\WINDOWS\system32\PSAPI.DLL
0x000000006acd0000 - 0x000000006ad73000 	C:\WINDOWS\WinSxS\amd64_microsoft.vc90.crt_1fc8b3b9a1e18e3b_9.0.30729.6871_none_08e717a5a83adddf\MSVCR90.dll
0x0000000069bb0000 - 0x0000000069c81000 	F:\Program Files\Java\Jre7\bin\msvcr100.dll
0x0000000068a20000 - 0x000000006913f000 	F:\Program Files\Java\Jre7\bin\server\jvm.dll
0x000007fe78b00000 - 0x000007fe78b09000 	C:\WINDOWS\SYSTEM32\WSOCK32.dll
0x000007fe7de20000 - 0x000007fe7de40000 	C:\WINDOWS\SYSTEM32\WINMM.dll
0x000007fe826a0000 - 0x000007fe826f8000 	C:\WINDOWS\system32\WS2_32.dll
0x000007fe7d3c0000 - 0x000007fe7d3f2000 	C:\WINDOWS\SYSTEM32\WINMMBASE.dll
0x000007fe82700000 - 0x000007fe82709000 	C:\WINDOWS\system32\NSI.dll
0x0000000069ba0000 - 0x0000000069baf000 	F:\Program Files\Java\Jre7\bin\verify.dll
0x0000000069b70000 - 0x0000000069b98000 	F:\Program Files\Java\Jre7\bin\java.dll
0x0000000069b50000 - 0x0000000069b65000 	F:\Program Files\Java\Jre7\bin\zip.dll
0x0000000068880000 - 0x0000000068a13000 	F:\Program Files\Java\Jre7\bin\awt.dll
0x000007fe808e0000 - 0x000007fe809a3000 	C:\WINDOWS\system32\OLEAUT32.dll
0x000007fe80ba0000 - 0x000007fe80d50000 	C:\WINDOWS\system32\combase.dll
0x000007fe7a5b0000 - 0x000007fe7a64f000 	C:\WINDOWS\system32\apphelp.dll
0x000007fe7e2c0000 - 0x000007fe7e2e1000 	C:\WINDOWS\system32\DWMAPI.DLL
0x000007fe7f180000 - 0x000007fe7f263000 	C:\WINDOWS\system32\uxtheme.dll
0x000007fe7a660000 - 0x000007fe7a6f5000 	C:\Program Files\Common Files\microsoft shared\ink\tiptsf.dll
0x000007fe80eb0000 - 0x000007fe8102e000 	C:\WINDOWS\system32\ole32.dll
0x000007fe801d0000 - 0x000007fe801da000 	C:\WINDOWS\SYSTEM32\CRYPTBASE.dll
0x000007fe80170000 - 0x000007fe801cc000 	C:\WINDOWS\SYSTEM32\bcryptPrimitives.dll
0x000007fe6ef80000 - 0x000007fe6f180000 	C:\WINDOWS\system32\d3d9.dll
0x000007fe7e110000 - 0x000007fe7e119000 	C:\WINDOWS\SYSTEM32\VERSION.dll
0x000007fe5c060000 - 0x000007fe5d1e0000 	C:\WINDOWS\SYSTEM32\nvd3dumx.dll
0x000007fe80270000 - 0x000007fe802b3000 	C:\WINDOWS\SYSTEM32\powrprof.dll
0x0000000180000000 - 0x0000000180116000 	C:\Program Files (x86)\NVIDIA Corporation\3D Vision\nvSCPAPI64.dll
0x000007fe82f90000 - 0x000007fe83160000 	C:\WINDOWS\system32\SETUPAPI.dll
0x000007fe7dab0000 - 0x000007fe7db24000 	C:\WINDOWS\SYSTEM32\dxgi.dll
0x000007fe81050000 - 0x000007fe82338000 	C:\WINDOWS\system32\SHELL32.dll
0x000007fe80680000 - 0x000007fe806cf000 	C:\WINDOWS\system32\CFGMGR32.dll
0x000007fe808b0000 - 0x000007fe808d2000 	C:\WINDOWS\system32\DEVOBJ.dll
0x000007fe83300000 - 0x000007fe83350000 	C:\WINDOWS\system32\SHLWAPI.dll
0x000007fe7ceb0000 - 0x000007fe7d172000 	C:\WINDOWS\SYSTEM32\nvapi64.dll
0x000007fe80520000 - 0x000007fe80575000 	C:\WINDOWS\system32\WINTRUST.dll
0x000007fe806d0000 - 0x000007fe808a7000 	C:\WINDOWS\system32\CRYPT32.dll
0x000007fe80450000 - 0x000007fe80466000 	C:\WINDOWS\system32\MSASN1.dll
0x000007fe7d400000 - 0x000007fe7d41f000 	C:\WINDOWS\SYSTEM32\DXGIDebug.dll
0x000007fe7f550000 - 0x000007fe7f5e6000 	C:\WINDOWS\SYSTEM32\shcore.dll
0x0000000068840000 - 0x0000000068874000 	F:\Program Files\Java\Jre7\bin\fontmanager.dll
0x0000000069b30000 - 0x0000000069b49000 	F:\Program Files\Java\Jre7\bin\net.dll
0x000007fe7fbe0000 - 0x000007fe7fc3c000 	C:\WINDOWS\system32\mswsock.dll
0x0000000069b10000 - 0x0000000069b21000 	F:\Program Files\Java\Jre7\bin\nio.dll
0x00000000687f0000 - 0x0000000068831000 	F:\Program Files\Java\Jre7\bin\t2k.dll
0x000007fe82bf0000 - 0x000007fe82c86000 	C:\WINDOWS\SYSTEM32\clbcatq.dll
0x000007fe7df80000 - 0x000007fe7e10a000 	C:\WINDOWS\SYSTEM32\WindowsCodecs.dll
0x000007fe803a0000 - 0x000007fe803b5000 	C:\WINDOWS\SYSTEM32\profapi.dll
0x0000000069ed0000 - 0x0000000069f68000 	C:\Windows\System32\msvcp100.dll
0x000007fe68d70000 - 0x000007fe68fc8000 	C:\opencv\build\x64\vc10\bin\opencv_core243.dll
0x000007fe6cc80000 - 0x000007fe6cd15000 	C:\Users\Jonas\AppData\Local\Temp\javacpp110064521554993\jniopencv_core.dll
0x000007fe68ac0000 - 0x000007fe68d65000 	C:\opencv\build\x64\vc10\bin\opencv_imgproc243.dll
0x000007fe77610000 - 0x000007fe77658000 	C:\Users\Jonas\AppData\Local\Temp\javacpp110064521554993\jniopencv_imgproc.dll
0x0000000066840000 - 0x00000000675ca000 	C:\opencv\build\x64\vc10\bin\opencv_ffmpeg243_64.dll
0x000007fe68870000 - 0x000007fe68abb000 	C:\opencv\build\x64\vc10\bin\opencv_highgui243.dll
0x000007fe77d30000 - 0x000007fe77d50000 	C:\WINDOWS\SYSTEM32\AVIFIL32.dll
0x000007fe774e0000 - 0x000007fe77509000 	C:\WINDOWS\SYSTEM32\MSVFW32.dll
0x000007fe77cb0000 - 0x000007fe77cc7000 	C:\WINDOWS\SYSTEM32\AVICAP32.dll
0x000007fe677e0000 - 0x000007fe677f9000 	C:\WINDOWS\SYSTEM32\MSACM32.dll
0x000007fe775f0000 - 0x000007fe77603000 	C:\Users\Jonas\AppData\Local\Temp\javacpp110064521554993\jniopencv_highgui.dll
0x000007fe70290000 - 0x000007fe702a7000 	C:\Windows\System32\devenum.dll
0x000007fe796e0000 - 0x000007fe7970e000 	C:\WINDOWS\SYSTEM32\ntmarta.dll
0x000007fe7a500000 - 0x000007fe7a50d000 	C:\WINDOWS\SYSTEM32\msdmo.dll
0x000007fe70260000 - 0x000007fe7028f000 	C:\Windows\System32\qcap.dll
0x000007fe69ef0000 - 0x000007fe6a0a8000 	C:\Windows\System32\quartz.dll
0x000007fe70200000 - 0x000007fe7023f000 	C:\Windows\System32\ksproxy.ax
0x000007fe6d940000 - 0x000007fe6d947000 	C:\Windows\System32\ksuser.dll
0x000007fe794c0000 - 0x000007fe794cc000 	C:\Windows\System32\vidcap.ax
0x000007fe6e9b0000 - 0x000007fe6e9d4000 	C:\Windows\System32\kswdmcap.ax
0x000007fe6bb50000 - 0x000007fe6bca4000 	C:\Windows\System32\MFC42.dll
0x000007fe6e770000 - 0x000007fe6e82e000 	C:\Windows\System32\ODBC32.dll
0x000007fe6cbe0000 - 0x000007fe6cc75000 	C:\Windows\System32\qedit.dll
0x000007fe823b0000 - 0x000007fe82451000 	C:\WINDOWS\system32\COMDLG32.dll
0x000007fe83160000 - 0x000007fe83300000 	C:\WINDOWS\WinSxS\amd64_microsoft.windows.gdiplus_6595b64144ccf1df_1.1.9200.16384_none_72771d4ecc1c3a4d\gdiplus.dll
0x000007fe67cd0000 - 0x000007fe67dba000 	C:\WINDOWS\SYSTEM32\DDRAW.dll
0x000007fe7d1b0000 - 0x000007fe7d1b8000 	C:\WINDOWS\SYSTEM32\DCIMAN32.dll
0x000007fe7d2d0000 - 0x000007fe7d339000 	C:\WINDOWS\SYSTEM32\oleacc.dll
0x00000000687c0000 - 0x00000000687ea000 	F:\Program Files\Java\Jre7\bin\dcpr.dll

VM Arguments:
jvm_args: -Dfile.encoding=Cp1252 
java_command: emcscanner.kth.se.Program
Launcher Type: SUN_STANDARD

Environment Variables:
PATH=C:\Program Files (x86)\NVIDIA Corporation\PhysX\Common;C:\WINDOWS\system32;C:\WINDOWS;C:\WINDOWS\System32\Wbem;C:\WINDOWS\System32\WindowsPowerShell\v1.0\;C:\Program Files (x86)\Microsoft SQL Server\90\Tools\binn\;C:\Program Files (x86)\Autodesk\Backburner\;F:\Program Files\MATLAB\R2012a\runtime\win64;F:\Program Files\MATLAB\R2012a\bin;C:\Program Files\Internet Explorer;C:\Program Files\Perforce;F:\Program Files\Perforce;C:\Program Files\Microsoft\Web Platform Installer\;C:\Program Files (x86)\Microsoft ASP.NET\ASP.NET Web Pages\v1.0\;C:\Program Files (x86)\Windows Kits\8.0\Windows Performance Toolkit\;C:\Program Files\Microsoft SQL Server\110\Tools\Binn\;F:\Program Files\Perforce\Server
USERNAME=Jonas
OS=Windows_NT
PROCESSOR_IDENTIFIER=Intel64 Family 6 Model 42 Stepping 7, GenuineIntel



---------------  S Y S T E M  ---------------

OS: Windows 8 , 64 bit Build 9200 

CPU:total 8 (4 cores per cpu, 2 threads per core) family 6 model 42 stepping 7, cmov, cx8, fxsr, mmx, sse, sse2, sse3, ssse3, sse4.1, sse4.2, popcnt, avx, ht, tsc, tscinvbit

Memory: 4k page, physical 16751668k(11206860k free), swap 33528884k(26355756k free)

vm_info: Java HotSpot(TM) 64-Bit Server VM (23.3-b01) for windows-amd64 JRE (1.7.0_07-b11), built on Sep  7 2012 01:19:25 by "java_re" with unknown MS VC++:1600

time: Wed Jan 23 03:08:55 2013
elapsed time: 10 seconds

