#
# A fatal error has been detected by the Java Runtime Environment:
#
#  EXCEPTION_ACCESS_VIOLATION (0xc0000005) at pc=0x000007ffd0028bc0, pid=4112, tid=2000
#
# JRE version: 7.0_07-b11
# Java VM: Java HotSpot(TM) 64-Bit Server VM (23.3-b01 mixed mode windows-amd64 compressed oops)
# Problematic frame:
# C  [ntdll.dll+0x18bc0]  RtlQueueWorkItem+0x8a0
#
# Failed to write core dump. Minidumps are not enabled by default on client versions of Windows
#
# If you would like to submit a bug report, please visit:
#   http://bugreport.sun.com/bugreport/crash.jsp
# The crash happened outside the Java Virtual Machine in native code.
# See problematic frame for where to report the bug.
#

---------------  T H R E A D  ---------------

Current thread (0x00000000137d5000):  JavaThread "threadDisplayCamera" daemon [_thread_in_native, id=2000, stack(0x000000001a720000,0x000000001a820000)]

siginfo: ExceptionCode=0xc0000005, writing address 0x0000000000000024

Registers:
RAX=0x0000000000000000, RBX=0x00000000145f40f8, RCX=0x00000000fffffffc, RDX=0x0000000000000798
RSP=0x000000001a81ecd0, RBP=0x0000000000000000, RSI=0x0000000000000798, RDI=0x0000000000000000
R8 =0xffffffffffffffff, R9 =0x0000000000000004, R10=0x0000000000000000, R11=0x0000000000000246
R12=0x0000000000000000, R13=0x0000000000000000, R14=0x000007f79845e000, R15=0x0000000000000000
RIP=0x000007ffd0028bc0, EFLAGS=0x0000000000010213

Top of Stack: (sp=0x000000001a81ecd0)
0x000000001a81ecd0:   0000000000000798 000000005ebe4947
0x000000001a81ece0:   4089500000000000 0000000000000000
0x000000001a81ecf0:   00000000137f4ff2 00000000137d5000
0x000000001a81ed00:   00000006fb96f529 00000000137f4ff2
0x000000001a81ed10:   0000000000000000 000000001a81ee60
0x000000001a81ed20:   0000000000000000 000000005ec0079a
0x000000001a81ed30:   0000000700950170 000007ffcd3610ea
0x000000001a81ed40:   00000000137d5000 00000000137f4ff2
0x000000001a81ed50:   000071af4688b1ca 000000005eaa8ff0
0x000000001a81ed60:   0000000000000004 0000000000000001
0x000000001a81ed70:   000000001a125050 00000000ff000000
0x000000001a81ed80:   0000000000000000 0000000000000000
0x000000001a81ed90:   000007f79845e000 000007ffd001f4d4
0x000000001a81eda0:   0000000000000000 0000000000000000
0x000000001a81edb0:   00000000145f40f8 000000001a81ee20
0x000000001a81edc0:   0000000000000000 00000000137d51d8 

Instructions: (pc=0x000007ffd0028bc0)
0x000007ffd0028ba0:   43 08 a8 01 0f 85 bd 67 ff ff 8b c8 2b cd f0 0f
0x000007ffd0028bb0:   b1 4b 08 75 ea 48 8b 03 33 ed 48 83 f8 ff 74 03
0x000007ffd0028bc0:   ff 40 24 41 bf 82 03 fe 7f 41 80 3f 00 0f 85 69
0x000007ffd0028bd0:   7a 0e 00 48 83 fe ff 0f 84 bf 7a 0e 00 4c 8b c7 


Register to memory mapping:

RAX=0x0000000000000000 is an unknown value
RBX=0x00000000145f40f8 is an unknown value
RCX=0x00000000fffffffc is an unknown value
RDX=0x0000000000000798 is an unknown value
RSP=0x000000001a81ecd0 is pointing into the stack for thread: 0x00000000137d5000
RBP=0x0000000000000000 is an unknown value
RSI=0x0000000000000798 is an unknown value
RDI=0x0000000000000000 is an unknown value
R8 =0xffffffffffffffff is an unknown value
R9 =0x0000000000000004 is an unknown value
R10=0x0000000000000000 is an unknown value
R11=0x0000000000000246 is an unknown value
R12=0x0000000000000000 is an unknown value
R13=0x0000000000000000 is an unknown value
R14=0x000007f79845e000 is an unknown value
R15=0x0000000000000000 is an unknown value


Stack: [0x000000001a720000,0x000000001a820000],  sp=0x000000001a81ecd0,  free space=1019k
Native frames: (J=compiled Java code, j=interpreted, Vv=VM code, C=native code)
C  [ntdll.dll+0x18bc0]  RtlQueueWorkItem+0x8a0

[error occurred during error reporting (printing native stack), id 0xc0000005]

Java frames: (J=compiled Java code, j=interpreted, Vv=VM code)
j  com.googlecode.javacv.cpp.opencv_highgui.cvRetrieveFrame(Lcom/googlecode/javacv/cpp/opencv_highgui$CvCapture;I)Lcom/googlecode/javacv/cpp/opencv_core$IplImage;+0
j  com.googlecode.javacv.cpp.opencv_highgui.cvRetrieveFrame(Lcom/googlecode/javacv/cpp/opencv_highgui$CvCapture;)Lcom/googlecode/javacv/cpp/opencv_core$IplImage;+2
j  com.googlecode.javacv.OpenCVFrameGrabber.grab()Lcom/googlecode/javacv/cpp/opencv_core$IplImage;+4
j  emcscanner.kth.se.CameraPanel$1.run()V+15
v  ~StubRoutines::call_stub

---------------  P R O C E S S  ---------------

Java Threads: ( => current thread )
  0x00000000213c3000 JavaThread "Thread-0" daemon [_thread_in_native, id=4484, stack(0x0000000017070000,0x0000000017170000)]
  0x00000000213c0000 JavaThread "Thread-2" [_thread_in_native, id=5332, stack(0x0000000016f70000,0x0000000017070000)]
  0x00000000213c0800 JavaThread "ICEpdf-pagePainter" daemon [_thread_blocked, id=6024, stack(0x0000000025d30000,0x0000000025e30000)]
  0x00000000213c1800 JavaThread "ICEpdf-pageInitializer" daemon [_thread_blocked, id=6628, stack(0x0000000025b00000,0x0000000025c00000)]
  0x00000000213c2000 JavaThread "DestroyJavaVM" [_thread_blocked, id=2904, stack(0x00000000023a0000,0x00000000024a0000)]
  0x0000000014b0e000 JavaThread "TimerQueue" daemon [_thread_blocked, id=4632, stack(0x0000000021d60000,0x0000000021e60000)]
  0x0000000014943000 JavaThread "threadDisplayDensity" daemon [_thread_blocked, id=6768, stack(0x000000001d140000,0x000000001d240000)]
  0x000000001472b000 JavaThread "AWT-EventQueue-0" [_thread_blocked, id=4204, stack(0x000000001d040000,0x000000001d140000)]
  0x0000000014921000 JavaThread "threadDisplay" daemon [_thread_blocked, id=1828, stack(0x000000001cf40000,0x000000001d040000)]
  0x0000000014764800 JavaThread "AWT-Shutdown" [_thread_blocked, id=5796, stack(0x000000001a820000,0x000000001a920000)]
=>0x00000000137d5000 JavaThread "threadDisplayCamera" daemon [_thread_in_native, id=2000, stack(0x000000001a720000,0x000000001a820000)]
  0x00000000137d6000 JavaThread "AWT-Windows" daemon [_thread_in_native, id=6696, stack(0x00000000140c0000,0x00000000141c0000)]
  0x00000000137d4000 JavaThread "Java2D Disposer" daemon [_thread_blocked, id=4248, stack(0x0000000013ec0000,0x0000000013fc0000)]
  0x00000000110c8000 JavaThread "Service Thread" daemon [_thread_blocked, id=8148, stack(0x00000000134c0000,0x00000000135c0000)]
  0x00000000110c5800 JavaThread "C2 CompilerThread1" daemon [_thread_blocked, id=7256, stack(0x00000000133c0000,0x00000000134c0000)]
  0x00000000110b9000 JavaThread "C2 CompilerThread0" daemon [_thread_blocked, id=6288, stack(0x00000000132c0000,0x00000000133c0000)]
  0x00000000110b8000 JavaThread "Attach Listener" daemon [_thread_blocked, id=8048, stack(0x00000000131c0000,0x00000000132c0000)]
  0x00000000110ab000 JavaThread "Signal Dispatcher" daemon [_thread_blocked, id=3596, stack(0x00000000130c0000,0x00000000131c0000)]
  0x000000001104e800 JavaThread "Finalizer" daemon [_thread_blocked, id=1572, stack(0x0000000012fc0000,0x00000000130c0000)]
  0x0000000011047000 JavaThread "Reference Handler" daemon [_thread_blocked, id=2780, stack(0x0000000012ec0000,0x0000000012fc0000)]

Other Threads:
  0x0000000011042000 VMThread [stack: 0x0000000012dc0000,0x0000000012ec0000] [id=5740]
  0x00000000110e4800 WatcherThread [stack: 0x00000000135c0000,0x00000000136c0000] [id=3164]

VM state:not at safepoint (normal execution)

VM Mutex/Monitor currently owned by a thread: None

Heap
 PSYoungGen      total 602368K, used 278024K [0x00000007aacb0000, 0x00000007d25b0000, 0x0000000800000000)
  eden space 558336K, 44% used [0x00000007aacb0000,0x00000007ba01ae78,0x00000007ccdf0000)
  from space 44032K, 65% used [0x00000007cfab0000,0x00000007d16c72a0,0x00000007d25b0000)
  to   space 44928K, 0% used [0x00000007ccdf0000,0x00000007ccdf0000,0x00000007cf9d0000)
 ParOldGen       total 413376K, used 26275K [0x0000000700600000, 0x00000007199b0000, 0x00000007aacb0000)
  object space 413376K, 6% used [0x0000000700600000,0x0000000701fa8d08,0x00000007199b0000)
 PSPermGen       total 32256K, used 18232K [0x00000006fb400000, 0x00000006fd380000, 0x0000000700600000)
  object space 32256K, 56% used [0x00000006fb400000,0x00000006fc5ce100,0x00000006fd380000)

Card table byte_map: [0x0000000005660000,0x0000000005e90000] byte_map_base: 0x0000000001e86000

Polling page: 0x0000000000ab0000

Code Cache  [0x00000000025a0000, 0x0000000002810000, 0x00000000055a0000)
 total_blobs=910 nmethods=321 adapters=540 free_code_cache=47787Kb largest_free_block=48884864

Compilation events (10 events):
Event: 27.872 Thread 0x00000000110c5800  326             sun.java2d.pipe.RenderQueue::ensureCapacity (16 bytes)
Event: 27.873 Thread 0x00000000110c5800 nmethod 326 0x00000000026fa510 code [0x00000000026fa660, 0x00000000026fa708]
Event: 28.174 Thread 0x00000000110b9000  327             sun.awt.image.ByteComponentRaster::verify (173 bytes)
Event: 28.176 Thread 0x00000000110b9000 nmethod 327 0x00000000026fa050 code [0x00000000026fa1a0, 0x00000000026fa3b8]
Event: 28.920 Thread 0x00000000110c5800  328             sun.java2d.SurfaceData::isSurfaceLost (5 bytes)
Event: 28.920 Thread 0x00000000110c5800 nmethod 328 0x00000000026f9e50 code [0x00000000026f9f80, 0x00000000026f9fd8]
Event: 31.805 Thread 0x00000000110b9000  329             java.awt.Component::isShowing (38 bytes)
Event: 31.806 Thread 0x00000000110b9000 nmethod 329 0x00000000026f9b90 code [0x00000000026f9ce0, 0x00000000026f9d98]
Event: 32.681 Thread 0x00000000110c5800  330   !         javax.swing.RepaintManager::addDirtyRegion0 (201 bytes)
Event: 32.683 Thread 0x00000000110c5800 nmethod 330 0x00000000026c73d0 code [0x00000000026c7540, 0x00000000026c7968]

GC Heap History (10 events):
Event: 25.972 GC heap before
{Heap before GC invocations=19 (full 7):
 PSYoungGen      total 427584K, used 389696K [0x00000007aacb0000, 0x00000007c7660000, 0x0000000800000000)
  eden space 389504K, 100% used [0x00000007aacb0000,0x00000007c2910000,0x00000007c2910000)
  from space 38080K, 0% used [0x00000007c4f70000,0x00000007c4fa0000,0x00000007c74a0000)
  to   space 39296K, 0% used [0x00000007c2910000,0x00000007c2910000,0x00000007c4f70000)
 ParOldGen       total 476224K, used 475066K [0x0000000700600000, 0x000000071d710000, 0x00000007aacb0000)
  object space 476224K, 99% used [0x0000000700600000,0x000000071d5eea80,0x000000071d710000)
 PSPermGen       total 33984K, used 18191K [0x00000006fb400000, 0x00000006fd530000, 0x0000000700600000)
  object space 33984K, 53% used [0x00000006fb400000,0x00000006fc5c3d20,0x00000006fd530000)
Event: 26.005 GC heap after
Heap after GC invocations=19 (full 7):
 PSYoungGen      total 427584K, used 0K [0x00000007aacb0000, 0x00000007c7660000, 0x0000000800000000)
  eden space 389504K, 0% used [0x00000007aacb0000,0x00000007aacb0000,0x00000007c2910000)
  from space 38080K, 0% used [0x00000007c4f70000,0x00000007c4f70000,0x00000007c74a0000)
  to   space 39296K, 0% used [0x00000007c2910000,0x00000007c2910000,0x00000007c4f70000)
 ParOldGen       total 413376K, used 26275K [0x0000000700600000, 0x00000007199b0000, 0x00000007aacb0000)
  object space 413376K, 6% used [0x0000000700600000,0x0000000701fa8d08,0x00000007199b0000)
 PSPermGen       total 32256K, used 18191K [0x00000006fb400000, 0x00000006fd380000, 0x0000000700600000)
  object space 32256K, 56% used [0x00000006fb400000,0x00000006fc5c3d20,0x00000006fd380000)
}
Event: 27.373 GC heap before
{Heap before GC invocations=20 (full 7):
 PSYoungGen      total 427584K, used 389431K [0x00000007aacb0000, 0x00000007c7660000, 0x0000000800000000)
  eden space 389504K, 99% used [0x00000007aacb0000,0x00000007c28fdc28,0x00000007c2910000)
  from space 38080K, 0% used [0x00000007c4f70000,0x00000007c4f70000,0x00000007c74a0000)
  to   space 39296K, 0% used [0x00000007c2910000,0x00000007c2910000,0x00000007c4f70000)
 ParOldGen       total 413376K, used 26275K [0x0000000700600000, 0x00000007199b0000, 0x00000007aacb0000)
  object space 413376K, 6% used [0x0000000700600000,0x0000000701fa8d08,0x00000007199b0000)
 PSPermGen       total 32256K, used 18193K [0x00000006fb400000, 0x00000006fd380000, 0x0000000700600000)
  object space 32256K, 56% used [0x00000006fb400000,0x00000006fc5c4760,0x00000006fd380000)
Event: 27.382 GC heap after
Heap after GC invocations=20 (full 7):
 PSYoungGen      total 428800K, used 28764K [0x00000007aacb0000, 0x00000007cc7c0000, 0x0000000800000000)
  eden space 389504K, 0% used [0x00000007aacb0000,0x00000007aacb0000,0x00000007c2910000)
  from space 39296K, 73% used [0x00000007c2910000,0x00000007c45272a0,0x00000007c4f70000)
  to   space 41408K, 0% used [0x00000007c9f50000,0x00000007c9f50000,0x00000007cc7c0000)
 ParOldGen       total 413376K, used 26275K [0x0000000700600000, 0x00000007199b0000, 0x00000007aacb0000)
  object space 413376K, 6% used [0x0000000700600000,0x0000000701fa8d08,0x00000007199b0000)
 PSPermGen       total 32256K, used 18193K [0x00000006fb400000, 0x00000006fd380000, 0x0000000700600000)
  object space 32256K, 56% used [0x00000006fb400000,0x00000006fc5c4760,0x00000006fd380000)
}
Event: 28.742 GC heap before
{Heap before GC invocations=21 (full 7):
 PSYoungGen      total 428800K, used 418188K [0x00000007aacb0000, 0x00000007cc7c0000, 0x0000000800000000)
  eden space 389504K, 99% used [0x00000007aacb0000,0x00000007c28fbfd8,0x00000007c2910000)
  from space 39296K, 73% used [0x00000007c2910000,0x00000007c45272a0,0x00000007c4f70000)
  to   space 41408K, 0% used [0x00000007c9f50000,0x00000007c9f50000,0x00000007cc7c0000)
 ParOldGen       total 413376K, used 26275K [0x0000000700600000, 0x00000007199b0000, 0x00000007aacb0000)
  object space 413376K, 6% used [0x0000000700600000,0x0000000701fa8d08,0x00000007199b0000)
 PSPermGen       total 32256K, used 18194K [0x00000006fb400000, 0x00000006fd380000, 0x0000000700600000)
  object space 32256K, 56% used [0x00000006fb400000,0x00000006fc5c4958,0x00000006fd380000)
Event: 28.750 GC heap after
Heap after GC invocations=21 (full 7):
 PSYoungGen      total 508992K, used 28732K [0x00000007aacb0000, 0x00000007ccb20000, 0x0000000800000000)
  eden space 467584K, 0% used [0x00000007aacb0000,0x00000007aacb0000,0x00000007c7550000)
  from space 41408K, 69% used [0x00000007c9f50000,0x00000007cbb5f2a0,0x00000007cc7c0000)
  to   space 43008K, 0% used [0x00000007c7550000,0x00000007c7550000,0x00000007c9f50000)
 ParOldGen       total 413376K, used 26275K [0x0000000700600000, 0x00000007199b0000, 0x00000007aacb0000)
  object space 413376K, 6% used [0x0000000700600000,0x0000000701fa8d08,0x00000007199b0000)
 PSPermGen       total 32256K, used 18194K [0x00000006fb400000, 0x00000006fd380000, 0x0000000700600000)
  object space 32256K, 56% used [0x00000006fb400000,0x00000006fc5c4958,0x00000006fd380000)
}
Event: 30.377 GC heap before
{Heap before GC invocations=22 (full 7):
 PSYoungGen      total 508992K, used 494138K [0x00000007aacb0000, 0x00000007ccb20000, 0x0000000800000000)
  eden space 467584K, 99% used [0x00000007aacb0000,0x00000007c732f698,0x00000007c7550000)
  from space 41408K, 69% used [0x00000007c9f50000,0x00000007cbb5f2a0,0x00000007cc7c0000)
  to   space 43008K, 0% used [0x00000007c7550000,0x00000007c7550000,0x00000007c9f50000)
 ParOldGen       total 413376K, used 26275K [0x0000000700600000, 0x00000007199b0000, 0x00000007aacb0000)
  object space 413376K, 6% used [0x0000000700600000,0x0000000701fa8d08,0x00000007199b0000)
 PSPermGen       total 32256K, used 18196K [0x00000006fb400000, 0x00000006fd380000, 0x0000000700600000)
  object space 32256K, 56% used [0x00000006fb400000,0x00000006fc5c5008,0x00000006fd380000)
Event: 30.384 GC heap after
Heap after GC invocations=22 (full 7):
 PSYoungGen      total 510592K, used 28732K [0x00000007aacb0000, 0x00000007d25d0000, 0x0000000800000000)
  eden space 467584K, 0% used [0x00000007aacb0000,0x00000007aacb0000,0x00000007c7550000)
  from space 43008K, 66% used [0x00000007c7550000,0x00000007c915f2a0,0x00000007c9f50000)
  to   space 44160K, 0% used [0x00000007cfab0000,0x00000007cfab0000,0x00000007d25d0000)
 ParOldGen       total 413376K, used 26275K [0x0000000700600000, 0x00000007199b0000, 0x00000007aacb0000)
  object space 413376K, 6% used [0x0000000700600000,0x0000000701fa8d08,0x00000007199b0000)
 PSPermGen       total 32256K, used 18196K [0x00000006fb400000, 0x00000006fd380000, 0x0000000700600000)
  object space 32256K, 56% used [0x00000006fb400000,0x00000006fc5c5008,0x00000006fd380000)
}
Event: 32.016 GC heap before
{Heap before GC invocations=23 (full 7):
 PSYoungGen      total 510592K, used 494133K [0x00000007aacb0000, 0x00000007d25d0000, 0x0000000800000000)
  eden space 467584K, 99% used [0x00000007aacb0000,0x00000007c732e4d8,0x00000007c7550000)
  from space 43008K, 66% used [0x00000007c7550000,0x00000007c915f2a0,0x00000007c9f50000)
  to   space 44160K, 0% used [0x00000007cfab0000,0x00000007cfab0000,0x00000007d25d0000)
 ParOldGen       total 413376K, used 26275K [0x0000000700600000, 0x00000007199b0000, 0x00000007aacb0000)
  object space 413376K, 6% used [0x0000000700600000,0x0000000701fa8d08,0x00000007199b0000)
 PSPermGen       total 32256K, used 18199K [0x00000006fb400000, 0x00000006fd380000, 0x0000000700600000)
  object space 32256K, 56% used [0x00000006fb400000,0x00000006fc5c5de0,0x00000006fd380000)
Event: 32.024 GC heap after
Heap after GC invocations=23 (full 7):
 PSYoungGen      total 602368K, used 28764K [0x00000007aacb0000, 0x00000007d25b0000, 0x0000000800000000)
  eden space 558336K, 0% used [0x00000007aacb0000,0x00000007aacb0000,0x00000007ccdf0000)
  from space 44032K, 65% used [0x00000007cfab0000,0x00000007d16c72a0,0x00000007d25b0000)
  to   space 44928K, 0% used [0x00000007ccdf0000,0x00000007ccdf0000,0x00000007cf9d0000)
 ParOldGen       total 413376K, used 26275K [0x0000000700600000, 0x00000007199b0000, 0x00000007aacb0000)
  object space 413376K, 6% used [0x0000000700600000,0x0000000701fa8d08,0x00000007199b0000)
 PSPermGen       total 32256K, used 18199K [0x00000006fb400000, 0x00000006fd380000, 0x0000000700600000)
  object space 32256K, 56% used [0x00000006fb400000,0x00000006fc5c5de0,0x00000006fd380000)
}

Deoptimization events (10 events):
Event: 2.818 Thread 0x000000000239e000 Uncommon trap -83 fr.pc 0x00000000026489fc
Event: 3.314 Thread 0x000000000239e000 Uncommon trap 43 fr.pc 0x00000000026636d4
Event: 3.835 Thread 0x000000001472b000 Uncommon trap -83 fr.pc 0x0000000002671f04
Event: 3.899 Thread 0x00000000213c1800 Uncommon trap -83 fr.pc 0x00000000026652f4
Event: 3.947 Thread 0x00000000213c1800 Uncommon trap -83 fr.pc 0x000000000266c3c4
Event: 3.965 Thread 0x00000000213c1800 Uncommon trap -83 fr.pc 0x000000000269b6e8
Event: 4.032 Thread 0x00000000213c1800 Uncommon trap -83 fr.pc 0x000000000269d93c
Event: 4.065 Thread 0x00000000213c1800 Uncommon trap -83 fr.pc 0x000000000268b520
Event: 4.270 Thread 0x00000000213c0800 Uncommon trap -83 fr.pc 0x00000000026d413c
Event: 32.713 Thread 0x00000000137d5000 Uncommon trap -12 fr.pc 0x00000000026c7938

Internal exceptions (10 events):
Event: 4.115 Thread 0x00000000213c1800 Threw 0x00000007aba1a058 at C:\jdk7u1_64p\jdk7u7\hotspot\src\share\vm\prims\jvm.cpp:1166
Event: 4.115 Thread 0x00000000213c1800 Threw 0x00000007aba1cf78 at C:\jdk7u1_64p\jdk7u7\hotspot\src\share\vm\prims\jvm.cpp:1166
Event: 4.119 Thread 0x00000000213c1800 Threw 0x00000007aba2d3e0 at C:\jdk7u1_64p\jdk7u7\hotspot\src\share\vm\prims\jvm.cpp:1166
Event: 4.119 Thread 0x00000000213c1800 Threw 0x00000007aba30300 at C:\jdk7u1_64p\jdk7u7\hotspot\src\share\vm\prims\jvm.cpp:1166
Event: 4.121 Thread 0x00000000213c1800 Threw 0x00000007aba334b0 at C:\jdk7u1_64p\jdk7u7\hotspot\src\share\vm\prims\jvm.cpp:1166
Event: 4.121 Thread 0x00000000213c1800 Threw 0x00000007aba363d0 at C:\jdk7u1_64p\jdk7u7\hotspot\src\share\vm\prims\jvm.cpp:1166
Event: 4.252 Thread 0x00000000213c0800 Threw 0x00000007ac0004e8 at C:\jdk7u1_64p\jdk7u7\hotspot\src\share\vm\prims\jvm.cpp:1166
Event: 4.256 Thread 0x00000000213c0800 Threw 0x00000007ac010d78 at C:\jdk7u1_64p\jdk7u7\hotspot\src\share\vm\prims\jvm.cpp:1166
Event: 4.457 Thread 0x00000000213c0800 Threw 0x00000007aca4cfb0 at C:\jdk7u1_64p\jdk7u7\hotspot\src\share\vm\prims\jvm.cpp:1166
Event: 32.713 Thread 0x00000000137d5000 Implicit null exception at 0x00000000026c7638 to 0x00000000026c792c

Events (10 events):
Event: 32.016 Executing VM operation: ParallelGCFailedAllocation
Event: 32.024 Executing VM operation: ParallelGCFailedAllocation done
Event: 32.713 Thread 0x00000000137d5000 DEOPT PACKING pc=0x00000000026c7938 sp=0x000000001a81ee40
Event: 32.713 Thread 0x00000000137d5000 DEOPT UNPACKING pc=0x00000000025d9164 sp=0x000000001a81ed88 mode 2
Event: 32.772 loading class 0x0000000014b8f130
Event: 32.772 loading class 0x0000000014b8f130 done
Event: 32.773 loading class 0x00000000147cb980
Event: 32.773 loading class 0x0000000020de53c0
Event: 32.773 loading class 0x0000000020de53c0 done
Event: 32.773 loading class 0x00000000147cb980 done


Dynamic libraries:
0x000007f798e80000 - 0x000007f798eb4000 	F:\Program Files\Java\Jre7\bin\javaw.exe
0x000007ffd0010000 - 0x000007ffd01ce000 	C:\WINDOWS\SYSTEM32\ntdll.dll
0x000007ffcd650000 - 0x000007ffcd786000 	C:\WINDOWS\system32\KERNEL32.DLL
0x000007ffcd360000 - 0x000007ffcd453000 	C:\WINDOWS\system32\KERNELBASE.dll
0x000007ffcdad0000 - 0x000007ffcdbae000 	C:\WINDOWS\system32\ADVAPI32.dll
0x000007ffcf8a0000 - 0x000007ffcf9ec000 	C:\WINDOWS\system32\USER32.dll
0x000007ffca740000 - 0x000007ffca9a9000 	C:\WINDOWS\WinSxS\amd64_microsoft.windows.common-controls_6595b64144ccf1df_6.0.9200.16384_none_418c2a697189c07f\COMCTL32.dll
0x000007ffcd940000 - 0x000007ffcd9e5000 	C:\WINDOWS\system32\msvcrt.dll
0x000007ffcd460000 - 0x000007ffcd4a8000 	C:\WINDOWS\SYSTEM32\sechost.dll
0x000007ffcf760000 - 0x000007ffcf8a0000 	C:\WINDOWS\system32\RPCRT4.dll
0x000007ffcdec0000 - 0x000007ffce000000 	C:\WINDOWS\system32\GDI32.dll
0x000007ffcda90000 - 0x000007ffcdac9000 	C:\WINDOWS\system32\IMM32.DLL
0x000007ffcf9f0000 - 0x000007ffcfb05000 	C:\WINDOWS\system32\MSCTF.dll
0x000007ffccf00000 - 0x000007ffccf08000 	C:\PROGRA~2\NVIDIA~1\3DVISI~1\NVSTIN~1.DLL
0x000007ffcda80000 - 0x000007ffcda87000 	C:\WINDOWS\system32\PSAPI.DLL
0x0000000061700000 - 0x00000000617a3000 	C:\WINDOWS\WinSxS\amd64_microsoft.vc90.crt_1fc8b3b9a1e18e3b_9.0.30729.6871_none_08e717a5a83adddf\MSVCR90.dll
0x000000005f150000 - 0x000000005f221000 	F:\Program Files\Java\Jre7\bin\msvcr100.dll
0x000000005ea30000 - 0x000000005f14f000 	F:\Program Files\Java\Jre7\bin\server\jvm.dll
0x000007ffc53f0000 - 0x000007ffc53f9000 	C:\WINDOWS\SYSTEM32\WSOCK32.dll
0x000007ffca070000 - 0x000007ffca090000 	C:\WINDOWS\SYSTEM32\WINMM.dll
0x000007ffcffb0000 - 0x000007ffd0008000 	C:\WINDOWS\system32\WS2_32.dll
0x000007ffc9f70000 - 0x000007ffc9fa2000 	C:\WINDOWS\SYSTEM32\WINMMBASE.dll
0x000007ffcfb10000 - 0x000007ffcfb19000 	C:\WINDOWS\system32\NSI.dll
0x000000005ea20000 - 0x000000005ea2f000 	F:\Program Files\Java\Jre7\bin\verify.dll
0x000000005e9f0000 - 0x000000005ea18000 	F:\Program Files\Java\Jre7\bin\java.dll
0x000000005e9d0000 - 0x000000005e9e5000 	F:\Program Files\Java\Jre7\bin\zip.dll
0x000000005e7c0000 - 0x000000005e953000 	F:\Program Files\Java\Jre7\bin\awt.dll
0x000007ffcdbb0000 - 0x000007ffcdc73000 	C:\WINDOWS\system32\OLEAUT32.dll
0x000007ffcd790000 - 0x000007ffcd940000 	C:\WINDOWS\system32\combase.dll
0x000007ffc7130000 - 0x000007ffc71cf000 	C:\WINDOWS\system32\apphelp.dll
0x000007ffcbd00000 - 0x000007ffcbde3000 	C:\WINDOWS\system32\uxtheme.dll
0x000007ffc71e0000 - 0x000007ffc7275000 	C:\Program Files\Common Files\microsoft shared\ink\tiptsf.dll
0x000007ffcae20000 - 0x000007ffcae41000 	C:\WINDOWS\SYSTEM32\dwmapi.dll
0x000007ffce000000 - 0x000007ffce17e000 	C:\WINDOWS\system32\ole32.dll
0x000007ffccd70000 - 0x000007ffccd7a000 	C:\WINDOWS\SYSTEM32\CRYPTBASE.dll
0x000007ffcccf0000 - 0x000007ffccd4c000 	C:\WINDOWS\SYSTEM32\bcryptPrimitives.dll
0x000007ffce470000 - 0x000007ffcf758000 	C:\WINDOWS\system32\SHELL32.dll
0x000007ffcff60000 - 0x000007ffcffb0000 	C:\WINDOWS\system32\SHLWAPI.dll
0x000007ffcc0d0000 - 0x000007ffcc166000 	C:\WINDOWS\SYSTEM32\shcore.dll
0x00000000605d0000 - 0x0000000060668000 	C:\Windows\System32\msvcp100.dll
0x000007ffb3cc0000 - 0x000007ffb3f18000 	C:\opencv\build\x64\vc10\bin\opencv_core243.dll
0x000007ffb8800000 - 0x000007ffb8895000 	C:\Users\Jonas\AppData\Local\Temp\javacpp16698686796064\jniopencv_core.dll
0x000007ffb3020000 - 0x000007ffb32c5000 	C:\opencv\build\x64\vc10\bin\opencv_imgproc243.dll
0x000007ffb9bd0000 - 0x000007ffb9c18000 	C:\Users\Jonas\AppData\Local\Temp\javacpp16698686796064\jniopencv_imgproc.dll
0x0000000066840000 - 0x00000000675ca000 	C:\opencv\build\x64\vc10\bin\opencv_ffmpeg243_64.dll
0x000007ffb2dd0000 - 0x000007ffb301b000 	C:\opencv\build\x64\vc10\bin\opencv_highgui243.dll
0x000007ffc6790000 - 0x000007ffc67b0000 	C:\WINDOWS\SYSTEM32\AVIFIL32.dll
0x000007ffc69e0000 - 0x000007ffc6a09000 	C:\WINDOWS\SYSTEM32\MSVFW32.dll
0x000007ffc6a10000 - 0x000007ffc6a27000 	C:\WINDOWS\SYSTEM32\AVICAP32.dll
0x000007ffba340000 - 0x000007ffba359000 	C:\WINDOWS\SYSTEM32\MSACM32.dll
0x000007ffcacb0000 - 0x000007ffcacb9000 	C:\WINDOWS\SYSTEM32\VERSION.dll
0x000007ffb8a30000 - 0x000007ffb8a43000 	C:\Users\Jonas\AppData\Local\Temp\javacpp16698686796064\jniopencv_highgui.dll
0x000007ffce1b0000 - 0x000007ffce246000 	C:\WINDOWS\SYSTEM32\clbcatq.dll
0x000007ffb8a10000 - 0x000007ffb8a27000 	C:\Windows\System32\devenum.dll
0x000007ffcdc80000 - 0x000007ffcde50000 	C:\WINDOWS\system32\setupapi.dll
0x000007ffcd020000 - 0x000007ffcd06f000 	C:\WINDOWS\system32\CFGMGR32.dll
0x000007ffccff0000 - 0x000007ffcd012000 	C:\WINDOWS\system32\DEVOBJ.dll
0x000007ffc5fd0000 - 0x000007ffc5ffe000 	C:\WINDOWS\SYSTEM32\ntmarta.dll
0x000007ffcd070000 - 0x000007ffcd0c5000 	C:\WINDOWS\system32\WINTRUST.dll
0x000007ffcd0d0000 - 0x000007ffcd2a7000 	C:\WINDOWS\system32\CRYPT32.dll
0x000007ffccfd0000 - 0x000007ffccfe6000 	C:\WINDOWS\system32\MSASN1.dll
0x000007ffc92d0000 - 0x000007ffc92dd000 	C:\WINDOWS\SYSTEM32\msdmo.dll
0x000007ffb7f90000 - 0x000007ffb7fbf000 	C:\Windows\System32\qcap.dll
0x000007ffb2c10000 - 0x000007ffb2dc8000 	C:\Windows\System32\quartz.dll
0x000007ffb7f50000 - 0x000007ffb7f8f000 	C:\Windows\System32\ksproxy.ax
0x000007ffba390000 - 0x000007ffba397000 	C:\Windows\System32\ksuser.dll
0x000007ffbbc60000 - 0x000007ffbbe60000 	C:\Windows\System32\d3d9.dll
0x000007ffc7800000 - 0x000007ffc780c000 	C:\Windows\System32\vidcap.ax
0x000007ffb7f20000 - 0x000007ffb7f44000 	C:\Windows\System32\kswdmcap.ax
0x000007ffb6280000 - 0x000007ffb63d4000 	C:\Windows\System32\MFC42.dll
0x000007ffb43e0000 - 0x000007ffb449e000 	C:\Windows\System32\ODBC32.dll
0x000007ffb3c20000 - 0x000007ffb3cb5000 	C:\Windows\System32\qedit.dll
0x000007ffcfeb0000 - 0x000007ffcff51000 	C:\WINDOWS\system32\COMDLG32.dll
0x000007ffcd4b0000 - 0x000007ffcd650000 	C:\WINDOWS\WinSxS\amd64_microsoft.windows.gdiplus_6595b64144ccf1df_1.1.9200.16384_none_72771d4ecc1c3a4d\gdiplus.dll
0x000007ffb38f0000 - 0x000007ffb39da000 	C:\WINDOWS\SYSTEM32\DDRAW.dll
0x000007ffc7970000 - 0x000007ffc7978000 	C:\WINDOWS\SYSTEM32\DCIMAN32.dll
0x000000005e780000 - 0x000000005e7b4000 	F:\Program Files\Java\Jre7\bin\fontmanager.dll
0x000007ffb4b50000 - 0x000007ffb5cd0000 	C:\WINDOWS\SYSTEM32\nvd3dumx.dll
0x000007ffccdf0000 - 0x000007ffcce33000 	C:\WINDOWS\SYSTEM32\powrprof.dll
0x0000000180000000 - 0x0000000180116000 	C:\Program Files (x86)\NVIDIA Corporation\3D Vision\nvSCPAPI64.dll
0x000007ffca330000 - 0x000007ffca3a4000 	C:\WINDOWS\SYSTEM32\dxgi.dll
0x000007ffc9a40000 - 0x000007ffc9d02000 	C:\WINDOWS\SYSTEM32\nvapi64.dll
0x000007ffc9f50000 - 0x000007ffc9f6f000 	C:\WINDOWS\SYSTEM32\DXGIDebug.dll
0x000000005e9b0000 - 0x000000005e9c9000 	F:\Program Files\Java\Jre7\bin\net.dll
0x000007ffcc760000 - 0x000007ffcc7bc000 	C:\WINDOWS\system32\mswsock.dll
0x000000005e990000 - 0x000000005e9a1000 	F:\Program Files\Java\Jre7\bin\nio.dll
0x000000005e730000 - 0x000000005e771000 	F:\Program Files\Java\Jre7\bin\t2k.dll
0x000007ffca9b0000 - 0x000007ffcab3a000 	C:\WINDOWS\SYSTEM32\WindowsCodecs.dll
0x000007ffccf20000 - 0x000007ffccf35000 	C:\WINDOWS\SYSTEM32\profapi.dll
0x000007ffc8ca0000 - 0x000007ffc8d09000 	C:\WINDOWS\SYSTEM32\oleacc.dll
0x000000005e700000 - 0x000000005e72a000 	F:\Program Files\Java\Jre7\bin\dcpr.dll
0x000007ffb60d0000 - 0x000007ffb6233000 	C:\WINDOWS\SYSTEM32\dbghelp.dll

VM Arguments:
jvm_args: -Dfile.encoding=Cp1252 
java_command: emcscanner.kth.se.Program
Launcher Type: SUN_STANDARD

Environment Variables:
PATH=C:\Program Files (x86)\NVIDIA Corporation\PhysX\Common;C:\WINDOWS\system32;C:\WINDOWS;C:\WINDOWS\System32\Wbem;C:\WINDOWS\System32\WindowsPowerShell\v1.0\;C:\Program Files (x86)\Microsoft SQL Server\90\Tools\binn\;C:\Program Files (x86)\Autodesk\Backburner\;F:\Program Files\MATLAB\R2012a\runtime\win64;F:\Program Files\MATLAB\R2012a\bin;C:\Program Files\Internet Explorer;C:\Program Files\Perforce;F:\Program Files\Perforce;C:\Program Files\Microsoft\Web Platform Installer\;C:\Program Files (x86)\Microsoft ASP.NET\ASP.NET Web Pages\v1.0\;C:\Program Files (x86)\Windows Kits\8.0\Windows Performance Toolkit\;C:\Program Files\Microsoft SQL Server\110\Tools\Binn\;F:\Program Files\Perforce\Server
USERNAME=Jonas
OS=Windows_NT
PROCESSOR_IDENTIFIER=Intel64 Family 6 Model 42 Stepping 7, GenuineIntel



---------------  S Y S T E M  ---------------

OS: Windows 8 , 64 bit Build 9200 

CPU:total 8 (4 cores per cpu, 2 threads per core) family 6 model 42 stepping 7, cmov, cx8, fxsr, mmx, sse, sse2, sse3, ssse3, sse4.1, sse4.2, popcnt, avx, ht, tsc, tscinvbit

Memory: 4k page, physical 16751668k(11933176k free), swap 33528884k(26956956k free)

vm_info: Java HotSpot(TM) 64-Bit Server VM (23.3-b01) for windows-amd64 JRE (1.7.0_07-b11), built on Sep  7 2012 01:19:25 by "java_re" with unknown MS VC++:1600

time: Mon Feb 04 21:20:38 2013
elapsed time: 33 seconds

