#
# A fatal error has been detected by the Java Runtime Environment:
#
#  EXCEPTION_ACCESS_VIOLATION (0xc0000005) at pc=0x000000005f18c150, pid=8720, tid=6588
#
# JRE version: 7.0_07-b11
# Java VM: Java HotSpot(TM) 64-Bit Server VM (23.3-b01 mixed mode windows-amd64 compressed oops)
# Problematic frame:
# C  [msvcr100.dll+0x3c150]  memcpy+0x1c0
#
# Failed to write core dump. Minidumps are not enabled by default on client versions of Windows
#
# If you would like to submit a bug report, please visit:
#   http://bugreport.sun.com/bugreport/crash.jsp
# The crash happened outside the Java Virtual Machine in native code.
# See problematic frame for where to report the bug.
#

---------------  T H R E A D  ---------------

Current thread (0x0000000013ab2800):  JavaThread "threadDisplayCamera" daemon [_thread_in_native, id=6588, stack(0x00000000165f0000,0x00000000166f0000)]

siginfo: ExceptionCode=0xc0000005, reading address 0x00000000191df2cf

Registers:
RAX=0x0000000000000093, RBX=0x0000000023886970, RCX=0x0000000023887ff2, RDX=0xfffffffff59572dd
RSP=0x00000000166eea78, RBP=0x00000000166eeb80, RSI=0x0000000000000003, RDI=0x000000002371d390
R8 =0x0000000000001680, R9 =0x0000000000001680, R10=0x0000000000000003, R11=0x0000000023886973
R12=0x0000000014a04700, R13=0x0000000000000000, R14=0x00000000191ddc50, R15=0x0000000000001680
RIP=0x000000005f18c150, EFLAGS=0x0000000000010202

Top of Stack: (sp=0x00000000166eea78)
0x00000000166eea78:   000007ffb1311bdb 0000000014bba900
0x00000000166eea88:   0000000000001680 0000000023717990
0x00000000166eea98:   0000000023886970 0000000000000003
0x00000000166eeaa8:   0000000000001680 000003f07d8fff02
0x00000000166eeab8:   0000000000155555 0000039f14a00101
0x00000000166eeac8:   0000009400000001 0000000100000782
0x00000000166eead8:   0000000100000003 0000000300001680
0x00000000166eeae8:   00000000191d8250 0000000000000003
0x00000000166eeaf8:   0000000000000006 0000000000001680
0x00000000166eeb08:   0000000014ef9450 000003aa00000780
0x00000000166eeb18:   0000000014d39fc0 0000000600001680
0x00000000166eeb28:   0000000000000003 0000000000000001
0x00000000166eeb38:   0000000000000003 0000000000000003
0x00000000166eeb48:   fffffffffffffffe 0000000000000000
0x00000000166eeb58:   0000043800000780 fffffffffffffffe
0x00000000166eeb68:   00000000166eef20 00000000166eec80 

Instructions: (pc=0x000000005f18c150)
0x000000005f18c130:   66 66 66 90 66 66 66 90 66 90 49 03 c8 49 83 f8
0x000000005f18c140:   08 72 61 f6 c1 07 74 36 f6 c1 01 74 0b 48 ff c9
0x000000005f18c150:   8a 04 0a 49 ff c8 88 01 f6 c1 02 74 0f 48 83 e9
0x000000005f18c160:   02 66 8b 04 0a 49 83 e8 02 66 89 01 f6 c1 04 74 


Register to memory mapping:

RAX=0x0000000000000093 is an unknown value
RBX=0x0000000023886970 is an unknown value
RCX=0x0000000023887ff2 is an unknown value
RDX=0xfffffffff59572dd is an unknown value
RSP=0x00000000166eea78 is pointing into the stack for thread: 0x0000000013ab2800
RBP=0x00000000166eeb80 is pointing into the stack for thread: 0x0000000013ab2800
RSI=0x0000000000000003 is an unknown value
RDI=0x000000002371d390 is an unknown value
R8 =0x0000000000001680 is an unknown value
R9 =0x0000000000001680 is an unknown value
R10=0x0000000000000003 is an unknown value
R11=0x0000000023886973 is an unknown value
R12=0x0000000014a04700 is an unknown value
R13=0x0000000000000000 is an unknown value
R14=0x00000000191ddc50 is an unknown value
R15=0x0000000000001680 is an unknown value


Stack: [0x00000000165f0000,0x00000000166f0000],  sp=0x00000000166eea78,  free space=1018k
Native frames: (J=compiled Java code, j=interpreted, Vv=VM code, C=native code)
C  [msvcr100.dll+0x3c150]  memcpy+0x1c0
C  0x000000000000000e

Java frames: (J=compiled Java code, j=interpreted, Vv=VM code)
j  com.googlecode.javacv.cpp.opencv_imgproc.cvSmooth(Lcom/googlecode/javacv/cpp/opencv_core$CvArr;Lcom/googlecode/javacv/cpp/opencv_core$CvArr;IIIDD)V+0
j  com.googlecode.javacv.cpp.opencv_imgproc.cvSmooth(Lcom/googlecode/javacv/cpp/opencv_core$CvArr;Lcom/googlecode/javacv/cpp/opencv_core$CvArr;II)V+7
j  emcscanner.kth.se.CameraPanel$1.run()V+64
v  ~StubRoutines::call_stub

---------------  P R O C E S S  ---------------

Java Threads: ( => current thread )
  0x0000000013bba000 JavaThread "Thread-0" daemon [_thread_in_native, id=7560, stack(0x0000000015300000,0x0000000015400000)]
  0x0000000013bb9800 JavaThread "ICEpdf-pagePainter" daemon [_thread_blocked, id=3448, stack(0x0000000025c90000,0x0000000025d90000)]
  0x0000000013bbe000 JavaThread "ICEpdf-pageInitializer" daemon [_thread_blocked, id=8060, stack(0x0000000025a60000,0x0000000025b60000)]
  0x0000000013bc0000 JavaThread "DestroyJavaVM" [_thread_blocked, id=6528, stack(0x00000000025c0000,0x00000000026c0000)]
  0x0000000013bbf800 JavaThread "TimerQueue" daemon [_thread_blocked, id=8540, stack(0x0000000024570000,0x0000000024670000)]
  0x0000000014d47000 JavaThread "threadDisplayDensity" daemon [_thread_blocked, id=5680, stack(0x000000001f890000,0x000000001f990000)]
  0x0000000014d2a000 JavaThread "AWT-EventQueue-0" [_thread_blocked, id=356, stack(0x000000001dcb0000,0x000000001ddb0000)]
  0x0000000014d29800 JavaThread "threadDisplay" daemon [_thread_blocked, id=6648, stack(0x000000001d3b0000,0x000000001d4b0000)]
  0x0000000014980800 JavaThread "threadDisplay" daemon [_thread_in_Java, id=3364, stack(0x000000001ba30000,0x000000001bb30000)]
  0x0000000014a6d800 JavaThread "AWT-Shutdown" [_thread_blocked, id=7568, stack(0x00000000166f0000,0x00000000167f0000)]
=>0x0000000013ab2800 JavaThread "threadDisplayCamera" daemon [_thread_in_native, id=6588, stack(0x00000000165f0000,0x00000000166f0000)]
  0x0000000013ab3800 JavaThread "AWT-Windows" daemon [_thread_in_native, id=8744, stack(0x00000000143a0000,0x00000000144a0000)]
  0x0000000013aae000 JavaThread "Java2D Disposer" daemon [_thread_blocked, id=7672, stack(0x00000000141a0000,0x00000000142a0000)]
  0x00000000113a1800 JavaThread "Service Thread" daemon [_thread_blocked, id=5528, stack(0x00000000137a0000,0x00000000138a0000)]
  0x000000001139e800 JavaThread "C2 CompilerThread1" daemon [_thread_blocked, id=3712, stack(0x00000000136a0000,0x00000000137a0000)]
  0x0000000011399800 JavaThread "C2 CompilerThread0" daemon [_thread_blocked, id=8644, stack(0x00000000135a0000,0x00000000136a0000)]
  0x0000000011399000 JavaThread "Attach Listener" daemon [_thread_blocked, id=8456, stack(0x00000000134a0000,0x00000000135a0000)]
  0x000000001138c000 JavaThread "Signal Dispatcher" daemon [_thread_blocked, id=4792, stack(0x00000000133a0000,0x00000000134a0000)]
  0x0000000011330000 JavaThread "Finalizer" daemon [_thread_blocked, id=8856, stack(0x00000000132a0000,0x00000000133a0000)]
  0x0000000011328800 JavaThread "Reference Handler" daemon [_thread_blocked, id=2784, stack(0x00000000131a0000,0x00000000132a0000)]

Other Threads:
  0x0000000011323800 VMThread [stack: 0x00000000130a0000,0x00000000131a0000] [id=8332]
  0x00000000113be000 WatcherThread [stack: 0x00000000138a0000,0x00000000139a0000] [id=5592]

VM state:not at safepoint (normal execution)

VM Mutex/Monitor currently owned by a thread: None

Heap
 PSYoungGen      total 866368K, used 265110K [0x00000007aacb0000, 0x00000007f4d70000, 0x0000000800000000)
  eden space 823360K, 27% used [0x00000007aacb0000,0x00000007b874f1c0,0x00000007dd0c0000)
  from space 43008K, 95% used [0x00000007dd0c0000,0x00000007df906820,0x00000007dfac0000)
  to   space 46336K, 0% used [0x00000007f2030000,0x00000007f2030000,0x00000007f4d70000)
 ParOldGen       total 193472K, used 72806K [0x0000000700600000, 0x000000070c2f0000, 0x00000007aacb0000)
  object space 193472K, 37% used [0x0000000700600000,0x0000000704d198b8,0x000000070c2f0000)
 PSPermGen       total 41280K, used 18236K [0x00000006fb400000, 0x00000006fdc50000, 0x0000000700600000)
  object space 41280K, 44% used [0x00000006fb400000,0x00000006fc5cf078,0x00000006fdc50000)

Card table byte_map: [0x0000000005940000,0x0000000006170000] byte_map_base: 0x0000000002166000

Polling page: 0x0000000002510000

Code Cache  [0x0000000002880000, 0x0000000002af0000, 0x0000000005880000)
 total_blobs=880 nmethods=291 adapters=540 free_code_cache=47814Kb largest_free_block=48890432

Compilation events (10 events):
Event: 12.311 Thread 0x000000001139e800  298             java.awt.Font::hasLayoutAttributes (5 bytes)
Event: 12.311 Thread 0x000000001139e800 nmethod 298 0x0000000002967c50 code [0x0000000002967d80, 0x0000000002967dd8]
Event: 12.396 Thread 0x0000000011399800  299             sun.awt.image.ByteComponentRaster::verify (173 bytes)
Event: 12.398 Thread 0x0000000011399800 nmethod 299 0x00000000029db690 code [0x00000000029db7e0, 0x00000000029db9f8]
Event: 12.607 Thread 0x000000001139e800  300             sun.java2d.loops.GraphicsPrimitiveMgr::locate (104 bytes)
Event: 12.607 Thread 0x0000000011399800  301             java.util.Arrays::binarySearch (10 bytes)
Event: 12.608 Thread 0x0000000011399800 nmethod 301 0x00000000029db110 code [0x00000000029db260, 0x00000000029db418]
Event: 12.610 Thread 0x000000001139e800 nmethod 300 0x00000000029da750 code [0x00000000029da8e0, 0x00000000029daca8]
Event: 12.705 Thread 0x0000000011399800  302             sun.java2d.SurfaceData::markDirty (8 bytes)
Event: 12.706 Thread 0x0000000011399800 nmethod 302 0x00000000029dc050 code [0x00000000029dc180, 0x00000000029dc1f8]

GC Heap History (10 events):
Event: 6.594 GC heap before
{Heap before GC invocations=9 (full 0):
 PSYoungGen      total 551360K, used 542028K [0x00000007aacb0000, 0x00000007ce410000, 0x0000000800000000)
  eden space 523264K, 99% used [0x00000007aacb0000,0x00000007caa53e00,0x00000007cabb0000)
  from space 28096K, 71% used [0x00000007cc7a0000,0x00000007cdb4f580,0x00000007ce310000)
  to   space 28608K, 0% used [0x00000007cabb0000,0x00000007cabb0000,0x00000007cc7a0000)
 ParOldGen       total 174528K, used 122878K [0x0000000700600000, 0x000000070b070000, 0x00000007aacb0000)
  object space 174528K, 70% used [0x0000000700600000,0x0000000707dff928,0x000000070b070000)
 PSPermGen       total 21248K, used 18063K [0x00000006fb400000, 0x00000006fc8c0000, 0x0000000700600000)
  object space 21248K, 85% used [0x00000006fb400000,0x00000006fc5a3d88,0x00000006fc8c0000)
Event: 6.610 GC heap after
Heap after GC invocations=9 (full 0):
 PSYoungGen      total 551872K, used 26653K [0x00000007aacb0000, 0x00000007e1730000, 0x0000000800000000)
  eden space 523264K, 0% used [0x00000007aacb0000,0x00000007aacb0000,0x00000007cabb0000)
  from space 28608K, 93% used [0x00000007cabb0000,0x00000007cc5b77d0,0x00000007cc7a0000)
  to   space 29120K, 0% used [0x00000007dfac0000,0x00000007dfac0000,0x00000007e1730000)
 ParOldGen       total 174528K, used 141758K [0x0000000700600000, 0x000000070b070000, 0x00000007aacb0000)
  object space 174528K, 81% used [0x0000000700600000,0x000000070906f9a8,0x000000070b070000)
 PSPermGen       total 21248K, used 18063K [0x00000006fb400000, 0x00000006fc8c0000, 0x0000000700600000)
  object space 21248K, 85% used [0x00000006fb400000,0x00000006fc5a3d88,0x00000006fc8c0000)
}
Event: 7.640 GC heap before
{Heap before GC invocations=10 (full 0):
 PSYoungGen      total 551872K, used 549758K [0x00000007aacb0000, 0x00000007e1730000, 0x0000000800000000)
  eden space 523264K, 99% used [0x00000007aacb0000,0x00000007cab880d0,0x00000007cabb0000)
  from space 28608K, 93% used [0x00000007cabb0000,0x00000007cc5b77d0,0x00000007cc7a0000)
  to   space 29120K, 0% used [0x00000007dfac0000,0x00000007dfac0000,0x00000007e1730000)
 ParOldGen       total 174528K, used 143783K [0x0000000700600000, 0x000000070b070000, 0x00000007aacb0000)
  object space 174528K, 82% used [0x0000000700600000,0x0000000709269db8,0x000000070b070000)
 PSPermGen       total 21248K, used 18068K [0x00000006fb400000, 0x00000006fc8c0000, 0x0000000700600000)
  object space 21248K, 85% used [0x00000006fb400000,0x00000006fc5a51e0,0x00000006fc8c0000)
Event: 7.658 GC heap after
Heap after GC invocations=10 (full 0):
 PSYoungGen      total 852480K, used 29112K [0x00000007aacb0000, 0x00000007e3250000, 0x0000000800000000)
  eden space 823360K, 0% used [0x00000007aacb0000,0x00000007aacb0000,0x00000007dd0c0000)
  from space 29120K, 99% used [0x00000007dfac0000,0x00000007e172e190,0x00000007e1730000)
  to   space 43008K, 0% used [0x00000007dd0c0000,0x00000007dd0c0000,0x00000007dfac0000)
 ParOldGen       total 180608K, used 178067K [0x0000000700600000, 0x000000070b660000, 0x00000007aacb0000)
  object space 180608K, 98% used [0x0000000700600000,0x000000070b3e4ec8,0x000000070b660000)
 PSPermGen       total 21248K, used 18068K [0x00000006fb400000, 0x00000006fc8c0000, 0x0000000700600000)
  object space 21248K, 85% used [0x00000006fb400000,0x00000006fc5a51e0,0x00000006fc8c0000)
}
Event: 7.658 GC heap before
{Heap before GC invocations=11 (full 1):
 PSYoungGen      total 852480K, used 29112K [0x00000007aacb0000, 0x00000007e3250000, 0x0000000800000000)
  eden space 823360K, 0% used [0x00000007aacb0000,0x00000007aacb0000,0x00000007dd0c0000)
  from space 29120K, 99% used [0x00000007dfac0000,0x00000007e172e190,0x00000007e1730000)
  to   space 43008K, 0% used [0x00000007dd0c0000,0x00000007dd0c0000,0x00000007dfac0000)
 ParOldGen       total 180608K, used 178067K [0x0000000700600000, 0x000000070b660000, 0x00000007aacb0000)
  object space 180608K, 98% used [0x0000000700600000,0x000000070b3e4ec8,0x000000070b660000)
 PSPermGen       total 21248K, used 18068K [0x00000006fb400000, 0x00000006fc8c0000, 0x0000000700600000)
  object space 21248K, 85% used [0x00000006fb400000,0x00000006fc5a51e0,0x00000006fc8c0000)
Event: 7.714 GC heap after
Heap after GC invocations=11 (full 1):
 PSYoungGen      total 852480K, used 0K [0x00000007aacb0000, 0x00000007e3250000, 0x0000000800000000)
  eden space 823360K, 0% used [0x00000007aacb0000,0x00000007aacb0000,0x00000007dd0c0000)
  from space 29120K, 0% used [0x00000007dfac0000,0x00000007dfac0000,0x00000007e1730000)
  to   space 43008K, 0% used [0x00000007dd0c0000,0x00000007dd0c0000,0x00000007dfac0000)
 ParOldGen       total 145472K, used 28411K [0x0000000700600000, 0x0000000709410000, 0x00000007aacb0000)
  object space 145472K, 19% used [0x0000000700600000,0x00000007021bee38,0x0000000709410000)
 PSPermGen       total 36672K, used 18061K [0x00000006fb400000, 0x00000006fd7d0000, 0x0000000700600000)
  object space 36672K, 49% used [0x00000006fb400000,0x00000006fc5a3768,0x00000006fd7d0000)
}
Event: 10.428 GC heap before
{Heap before GC invocations=12 (full 2):
 PSYoungGen      total 852480K, used 823360K [0x00000007aacb0000, 0x00000007e3250000, 0x0000000800000000)
  eden space 823360K, 100% used [0x00000007aacb0000,0x00000007dd0c0000,0x00000007dd0c0000)
  from space 29120K, 0% used [0x00000007dfac0000,0x00000007dfac0000,0x00000007e1730000)
  to   space 43008K, 0% used [0x00000007dd0c0000,0x00000007dd0c0000,0x00000007dfac0000)
 ParOldGen       total 361856K, used 358487K [0x0000000700600000, 0x0000000716760000, 0x00000007aacb0000)
  object space 361856K, 99% used [0x0000000700600000,0x0000000716415e38,0x0000000716760000)
 PSPermGen       total 36672K, used 18180K [0x00000006fb400000, 0x00000006fd7d0000, 0x0000000700600000)
  object space 36672K, 49% used [0x00000006fb400000,0x00000006fc5c10c0,0x00000006fd7d0000)
Event: 10.481 GC heap after
Heap after GC invocations=12 (full 2):
 PSYoungGen      total 852480K, used 0K [0x00000007aacb0000, 0x00000007e3250000, 0x0000000800000000)
  eden space 823360K, 0% used [0x00000007aacb0000,0x00000007aacb0000,0x00000007dd0c0000)
  from space 29120K, 0% used [0x00000007dfac0000,0x00000007dfac0000,0x00000007e1730000)
  to   space 43008K, 0% used [0x00000007dd0c0000,0x00000007dd0c0000,0x00000007dfac0000)
 ParOldGen       total 193472K, used 48506K [0x0000000700600000, 0x000000070c2f0000, 0x00000007aacb0000)
  object space 193472K, 25% used [0x0000000700600000,0x000000070355e878,0x000000070c2f0000)
 PSPermGen       total 41280K, used 18180K [0x00000006fb400000, 0x00000006fdc50000, 0x0000000700600000)
  object space 41280K, 44% used [0x00000006fb400000,0x00000006fc5c1020,0x00000006fdc50000)
}
Event: 12.642 GC heap before
{Heap before GC invocations=13 (full 2):
 PSYoungGen      total 852480K, used 821487K [0x00000007aacb0000, 0x00000007e3250000, 0x0000000800000000)
  eden space 823360K, 99% used [0x00000007aacb0000,0x00000007dceebdc8,0x00000007dd0c0000)
  from space 29120K, 0% used [0x00000007dfac0000,0x00000007dfac0000,0x00000007e1730000)
  to   space 43008K, 0% used [0x00000007dd0c0000,0x00000007dd0c0000,0x00000007dfac0000)
 ParOldGen       total 193472K, used 48506K [0x0000000700600000, 0x000000070c2f0000, 0x00000007aacb0000)
  object space 193472K, 25% used [0x0000000700600000,0x000000070355e878,0x000000070c2f0000)
 PSPermGen       total 41280K, used 18207K [0x00000006fb400000, 0x00000006fdc50000, 0x0000000700600000)
  object space 41280K, 44% used [0x00000006fb400000,0x00000006fc5c7cd0,0x00000006fdc50000)
Event: 12.654 GC heap after
Heap after GC invocations=13 (full 2):
 PSYoungGen      total 866368K, used 41242K [0x00000007aacb0000, 0x00000007f4d70000, 0x0000000800000000)
  eden space 823360K, 0% used [0x00000007aacb0000,0x00000007aacb0000,0x00000007dd0c0000)
  from space 43008K, 95% used [0x00000007dd0c0000,0x00000007df906820,0x00000007dfac0000)
  to   space 46336K, 0% used [0x00000007f2030000,0x00000007f2030000,0x00000007f4d70000)
 ParOldGen       total 193472K, used 72806K [0x0000000700600000, 0x000000070c2f0000, 0x00000007aacb0000)
  object space 193472K, 37% used [0x0000000700600000,0x0000000704d198b8,0x000000070c2f0000)
 PSPermGen       total 41280K, used 18207K [0x00000006fb400000, 0x00000006fdc50000, 0x0000000700600000)
  object space 41280K, 44% used [0x00000006fb400000,0x00000006fc5c7cd0,0x00000006fdc50000)
}

Deoptimization events (10 events):
Event: 2.804 Thread 0x000000000277e000 Uncommon trap -83 fr.pc 0x000000000292a67c
Event: 3.328 Thread 0x000000000277e000 Uncommon trap 43 fr.pc 0x0000000002949194
Event: 3.896 Thread 0x0000000014d2a000 Uncommon trap -83 fr.pc 0x0000000002945fc4
Event: 3.964 Thread 0x0000000013bbe000 Uncommon trap -83 fr.pc 0x0000000002945bb4
Event: 4.017 Thread 0x0000000013bbe000 Uncommon trap -83 fr.pc 0x000000000294e3c4
Event: 4.035 Thread 0x0000000013bbe000 Uncommon trap -83 fr.pc 0x00000000029686e8
Event: 4.117 Thread 0x0000000013bbe000 Uncommon trap -83 fr.pc 0x0000000002900fc8
Event: 4.150 Thread 0x0000000013bbe000 Uncommon trap -83 fr.pc 0x000000000296cd98
Event: 4.368 Thread 0x0000000013bb9800 Uncommon trap -83 fr.pc 0x00000000029adbfc
Event: 10.406 Thread 0x0000000014d2a000 Uncommon trap -83 fr.pc 0x00000000029cfa04

Internal exceptions (10 events):
Event: 4.162 Thread 0x0000000013bbe000 Threw 0x00000007ab89c430 at C:\jdk7u1_64p\jdk7u7\hotspot\src\share\vm\prims\jvm.cpp:1166
Event: 4.202 Thread 0x0000000013bbe000 Threw 0x00000007acba14e8 at C:\jdk7u1_64p\jdk7u7\hotspot\src\share\vm\prims\jvm.cpp:1166
Event: 4.203 Thread 0x0000000013bbe000 Threw 0x00000007acba4408 at C:\jdk7u1_64p\jdk7u7\hotspot\src\share\vm\prims\jvm.cpp:1166
Event: 4.206 Thread 0x0000000013bbe000 Threw 0x00000007acbb4870 at C:\jdk7u1_64p\jdk7u7\hotspot\src\share\vm\prims\jvm.cpp:1166
Event: 4.206 Thread 0x0000000013bbe000 Threw 0x00000007acbb7790 at C:\jdk7u1_64p\jdk7u7\hotspot\src\share\vm\prims\jvm.cpp:1166
Event: 4.208 Thread 0x0000000013bbe000 Threw 0x00000007acbba940 at C:\jdk7u1_64p\jdk7u7\hotspot\src\share\vm\prims\jvm.cpp:1166
Event: 4.208 Thread 0x0000000013bbe000 Threw 0x00000007acbbd860 at C:\jdk7u1_64p\jdk7u7\hotspot\src\share\vm\prims\jvm.cpp:1166
Event: 4.351 Thread 0x0000000013bb9800 Threw 0x00000007af32c3e8 at C:\jdk7u1_64p\jdk7u7\hotspot\src\share\vm\prims\jvm.cpp:1166
Event: 4.357 Thread 0x0000000013bb9800 Threw 0x00000007af33cbb8 at C:\jdk7u1_64p\jdk7u7\hotspot\src\share\vm\prims\jvm.cpp:1166
Event: 4.559 Thread 0x0000000013bb9800 Threw 0x00000007b30f30a0 at C:\jdk7u1_64p\jdk7u7\hotspot\src\share\vm\prims\jvm.cpp:1166

Events (10 events):
Event: 11.141 loading class 0x000000000278c040 done
Event: 12.343 loading class 0x00000000150179b0
Event: 12.343 loading class 0x00000000150179b0 done
Event: 12.343 loading class 0x0000000014a03e60
Event: 12.343 loading class 0x0000000014d39980
Event: 12.343 loading class 0x0000000014d39980 done
Event: 12.343 loading class 0x0000000014a03e60 done
Event: 12.608 Thread 0x0000000011399800 flushing nmethod 0x000000000296c7d0
Event: 12.642 Executing VM operation: ParallelGCFailedAllocation
Event: 12.654 Executing VM operation: ParallelGCFailedAllocation done


Dynamic libraries:
0x000007f798e80000 - 0x000007f798eb4000 	F:\Program Files\Java\Jre7\bin\javaw.exe
0x000007ffd0010000 - 0x000007ffd01ce000 	C:\WINDOWS\SYSTEM32\ntdll.dll
0x000007ffcd650000 - 0x000007ffcd786000 	C:\WINDOWS\system32\KERNEL32.DLL
0x000007ffcd360000 - 0x000007ffcd453000 	C:\WINDOWS\system32\KERNELBASE.dll
0x000007ffcdad0000 - 0x000007ffcdbae000 	C:\WINDOWS\system32\ADVAPI32.dll
0x000007ffcf8a0000 - 0x000007ffcf9ec000 	C:\WINDOWS\system32\USER32.dll
0x000007ffca740000 - 0x000007ffca9a9000 	C:\WINDOWS\WinSxS\amd64_microsoft.windows.common-controls_6595b64144ccf1df_6.0.9200.16384_none_418c2a697189c07f\COMCTL32.dll
0x000007ffcd940000 - 0x000007ffcd9e5000 	C:\WINDOWS\system32\msvcrt.dll
0x000007ffcd460000 - 0x000007ffcd4a8000 	C:\WINDOWS\SYSTEM32\sechost.dll
0x000007ffcf760000 - 0x000007ffcf8a0000 	C:\WINDOWS\system32\RPCRT4.dll
0x000007ffcdec0000 - 0x000007ffce000000 	C:\WINDOWS\system32\GDI32.dll
0x000007ffcda90000 - 0x000007ffcdac9000 	C:\WINDOWS\system32\IMM32.DLL
0x000007ffcf9f0000 - 0x000007ffcfb05000 	C:\WINDOWS\system32\MSCTF.dll
0x000007ffccf00000 - 0x000007ffccf08000 	C:\PROGRA~2\NVIDIA~1\3DVISI~1\NVSTIN~1.DLL
0x000007ffcda80000 - 0x000007ffcda87000 	C:\WINDOWS\system32\PSAPI.DLL
0x0000000061700000 - 0x00000000617a3000 	C:\WINDOWS\WinSxS\amd64_microsoft.vc90.crt_1fc8b3b9a1e18e3b_9.0.30729.6871_none_08e717a5a83adddf\MSVCR90.dll
0x000000005f150000 - 0x000000005f221000 	F:\Program Files\Java\Jre7\bin\msvcr100.dll
0x000000005ea30000 - 0x000000005f14f000 	F:\Program Files\Java\Jre7\bin\server\jvm.dll
0x000007ffc53f0000 - 0x000007ffc53f9000 	C:\WINDOWS\SYSTEM32\WSOCK32.dll
0x000007ffca070000 - 0x000007ffca090000 	C:\WINDOWS\SYSTEM32\WINMM.dll
0x000007ffcffb0000 - 0x000007ffd0008000 	C:\WINDOWS\system32\WS2_32.dll
0x000007ffc9f70000 - 0x000007ffc9fa2000 	C:\WINDOWS\SYSTEM32\WINMMBASE.dll
0x000007ffcfb10000 - 0x000007ffcfb19000 	C:\WINDOWS\system32\NSI.dll
0x000000005ea20000 - 0x000000005ea2f000 	F:\Program Files\Java\Jre7\bin\verify.dll
0x000000005e9f0000 - 0x000000005ea18000 	F:\Program Files\Java\Jre7\bin\java.dll
0x000000005e9d0000 - 0x000000005e9e5000 	F:\Program Files\Java\Jre7\bin\zip.dll
0x000000005e7c0000 - 0x000000005e953000 	F:\Program Files\Java\Jre7\bin\awt.dll
0x000007ffcdbb0000 - 0x000007ffcdc73000 	C:\WINDOWS\system32\OLEAUT32.dll
0x000007ffcd790000 - 0x000007ffcd940000 	C:\WINDOWS\system32\combase.dll
0x000007ffc7130000 - 0x000007ffc71cf000 	C:\WINDOWS\system32\apphelp.dll
0x000007ffcbd00000 - 0x000007ffcbde3000 	C:\WINDOWS\system32\uxtheme.dll
0x000007ffc71e0000 - 0x000007ffc7275000 	C:\Program Files\Common Files\microsoft shared\ink\tiptsf.dll
0x000007ffcae20000 - 0x000007ffcae41000 	C:\WINDOWS\SYSTEM32\dwmapi.dll
0x000007ffce000000 - 0x000007ffce17e000 	C:\WINDOWS\system32\ole32.dll
0x000007ffccd70000 - 0x000007ffccd7a000 	C:\WINDOWS\SYSTEM32\CRYPTBASE.dll
0x000007ffcccf0000 - 0x000007ffccd4c000 	C:\WINDOWS\SYSTEM32\bcryptPrimitives.dll
0x000007ffce470000 - 0x000007ffcf758000 	C:\WINDOWS\system32\SHELL32.dll
0x000007ffcff60000 - 0x000007ffcffb0000 	C:\WINDOWS\system32\SHLWAPI.dll
0x000007ffcc0d0000 - 0x000007ffcc166000 	C:\WINDOWS\SYSTEM32\shcore.dll
0x00000000605d0000 - 0x0000000060668000 	C:\Windows\System32\msvcp100.dll
0x000007ffb34d0000 - 0x000007ffb3728000 	C:\opencv\build\x64\vc10\bin\opencv_core243.dll
0x000007ffb6280000 - 0x000007ffb6315000 	C:\Users\Jonas\AppData\Local\Temp\javacpp83860556666839\jniopencv_core.dll
0x000007ffb12b0000 - 0x000007ffb1555000 	C:\opencv\build\x64\vc10\bin\opencv_imgproc243.dll
0x000007ffbc4c0000 - 0x000007ffbc508000 	C:\Users\Jonas\AppData\Local\Temp\javacpp83860556666839\jniopencv_imgproc.dll
0x0000000066840000 - 0x00000000675ca000 	C:\opencv\build\x64\vc10\bin\opencv_ffmpeg243_64.dll
0x000007ffb1060000 - 0x000007ffb12ab000 	C:\opencv\build\x64\vc10\bin\opencv_highgui243.dll
0x000007ffc6800000 - 0x000007ffc6820000 	C:\WINDOWS\SYSTEM32\AVIFIL32.dll
0x000007ffc69e0000 - 0x000007ffc6a09000 	C:\WINDOWS\SYSTEM32\MSVFW32.dll
0x000007ffc6a10000 - 0x000007ffc6a27000 	C:\WINDOWS\SYSTEM32\AVICAP32.dll
0x000007ffba340000 - 0x000007ffba359000 	C:\WINDOWS\SYSTEM32\MSACM32.dll
0x000007ffcacb0000 - 0x000007ffcacb9000 	C:\WINDOWS\SYSTEM32\VERSION.dll
0x000007ffbc4a0000 - 0x000007ffbc4b3000 	C:\Users\Jonas\AppData\Local\Temp\javacpp83860556666839\jniopencv_highgui.dll
0x000007ffce1b0000 - 0x000007ffce246000 	C:\WINDOWS\SYSTEM32\clbcatq.dll
0x000007ffbc450000 - 0x000007ffbc467000 	C:\Windows\System32\devenum.dll
0x000007ffcdc80000 - 0x000007ffcde50000 	C:\WINDOWS\system32\setupapi.dll
0x000007ffcd020000 - 0x000007ffcd06f000 	C:\WINDOWS\system32\CFGMGR32.dll
0x000007ffccff0000 - 0x000007ffcd012000 	C:\WINDOWS\system32\DEVOBJ.dll
0x000007ffc5fd0000 - 0x000007ffc5ffe000 	C:\WINDOWS\SYSTEM32\ntmarta.dll
0x000007ffcd070000 - 0x000007ffcd0c5000 	C:\WINDOWS\system32\WINTRUST.dll
0x000007ffcd0d0000 - 0x000007ffcd2a7000 	C:\WINDOWS\system32\CRYPT32.dll
0x000007ffccfd0000 - 0x000007ffccfe6000 	C:\WINDOWS\system32\MSASN1.dll
0x000007ffc7800000 - 0x000007ffc780d000 	C:\WINDOWS\SYSTEM32\msdmo.dll
0x000007ffb9bd0000 - 0x000007ffb9bff000 	C:\Windows\System32\qcap.dll
0x000007ffb1900000 - 0x000007ffb1ab8000 	C:\Windows\System32\quartz.dll
0x000007ffb8a10000 - 0x000007ffb8a4f000 	C:\Windows\System32\ksproxy.ax
0x000007ffba390000 - 0x000007ffba397000 	C:\Windows\System32\ksuser.dll
0x000007ffbbc60000 - 0x000007ffbbe60000 	C:\Windows\System32\d3d9.dll
0x000007ffc69b0000 - 0x000007ffc69bc000 	C:\Windows\System32\vidcap.ax
0x000007ffb6250000 - 0x000007ffb6274000 	C:\Windows\System32\kswdmcap.ax
0x000007ffb3370000 - 0x000007ffb34c4000 	C:\Windows\System32\MFC42.dll
0x000007ffb2940000 - 0x000007ffb29fe000 	C:\Windows\System32\ODBC32.dll
0x000007ffb0fc0000 - 0x000007ffb1055000 	C:\Windows\System32\qedit.dll
0x000007ffcfeb0000 - 0x000007ffcff51000 	C:\WINDOWS\system32\COMDLG32.dll
0x000007ffcd4b0000 - 0x000007ffcd650000 	C:\WINDOWS\WinSxS\amd64_microsoft.windows.gdiplus_6595b64144ccf1df_1.1.9200.16384_none_72771d4ecc1c3a4d\gdiplus.dll
0x000007ffb38f0000 - 0x000007ffb39da000 	C:\WINDOWS\SYSTEM32\DDRAW.dll
0x000007ffc7970000 - 0x000007ffc7978000 	C:\WINDOWS\SYSTEM32\DCIMAN32.dll
0x000000005e780000 - 0x000000005e7b4000 	F:\Program Files\Java\Jre7\bin\fontmanager.dll
0x000007ffb4b50000 - 0x000007ffb5cd0000 	C:\WINDOWS\SYSTEM32\nvd3dumx.dll
0x000007ffccdf0000 - 0x000007ffcce33000 	C:\WINDOWS\SYSTEM32\powrprof.dll
0x0000000180000000 - 0x0000000180116000 	C:\Program Files (x86)\NVIDIA Corporation\3D Vision\nvSCPAPI64.dll
0x000007ffca330000 - 0x000007ffca3a4000 	C:\WINDOWS\SYSTEM32\dxgi.dll
0x000007ffc9a40000 - 0x000007ffc9d02000 	C:\WINDOWS\SYSTEM32\nvapi64.dll
0x000007ffc9f50000 - 0x000007ffc9f6f000 	C:\WINDOWS\SYSTEM32\DXGIDebug.dll
0x000000005e9b0000 - 0x000000005e9c9000 	F:\Program Files\Java\Jre7\bin\net.dll
0x000007ffcc760000 - 0x000007ffcc7bc000 	C:\WINDOWS\system32\mswsock.dll
0x000000005e990000 - 0x000000005e9a1000 	F:\Program Files\Java\Jre7\bin\nio.dll
0x000000005e730000 - 0x000000005e771000 	F:\Program Files\Java\Jre7\bin\t2k.dll
0x000007ffca9b0000 - 0x000007ffcab3a000 	C:\WINDOWS\SYSTEM32\WindowsCodecs.dll
0x000007ffccf20000 - 0x000007ffccf35000 	C:\WINDOWS\SYSTEM32\profapi.dll
0x000007ffc8ca0000 - 0x000007ffc8d09000 	C:\WINDOWS\SYSTEM32\oleacc.dll
0x000000005e700000 - 0x000000005e72a000 	F:\Program Files\Java\Jre7\bin\dcpr.dll
0x000007ffb60d0000 - 0x000007ffb6233000 	C:\WINDOWS\SYSTEM32\dbghelp.dll

VM Arguments:
jvm_args: -Dfile.encoding=Cp1252 
java_command: emcscanner.kth.se.Program
Launcher Type: SUN_STANDARD

Environment Variables:
PATH=C:\Program Files (x86)\NVIDIA Corporation\PhysX\Common;C:\WINDOWS\system32;C:\WINDOWS;C:\WINDOWS\System32\Wbem;C:\WINDOWS\System32\WindowsPowerShell\v1.0\;C:\Program Files (x86)\Microsoft SQL Server\90\Tools\binn\;C:\Program Files (x86)\Autodesk\Backburner\;F:\Program Files\MATLAB\R2012a\runtime\win64;F:\Program Files\MATLAB\R2012a\bin;C:\Program Files\Internet Explorer;C:\Program Files\Perforce;F:\Program Files\Perforce;C:\Program Files\Microsoft\Web Platform Installer\;C:\Program Files (x86)\Microsoft ASP.NET\ASP.NET Web Pages\v1.0\;C:\Program Files (x86)\Windows Kits\8.0\Windows Performance Toolkit\;C:\Program Files\Microsoft SQL Server\110\Tools\Binn\;F:\Program Files\Perforce\Server
USERNAME=Jonas
OS=Windows_NT
PROCESSOR_IDENTIFIER=Intel64 Family 6 Model 42 Stepping 7, GenuineIntel



---------------  S Y S T E M  ---------------

OS: Windows 8 , 64 bit Build 9200 

CPU:total 8 (4 cores per cpu, 2 threads per core) family 6 model 42 stepping 7, cmov, cx8, fxsr, mmx, sse, sse2, sse3, ssse3, sse4.1, sse4.2, popcnt, avx, ht, tsc, tscinvbit

Memory: 4k page, physical 16751668k(10358644k free), swap 33528884k(19772704k free)

vm_info: Java HotSpot(TM) 64-Bit Server VM (23.3-b01) for windows-amd64 JRE (1.7.0_07-b11), built on Sep  7 2012 01:19:25 by "java_re" with unknown MS VC++:1600

time: Tue Feb 05 15:59:42 2013
elapsed time: 13 seconds

