#
# A fatal error has been detected by the Java Runtime Environment:
#
#  EXCEPTION_ACCESS_VIOLATION (0xc0000005) at pc=0x000000005d8bc044, pid=1336, tid=5808
#
# JRE version: 7.0_07-b11
# Java VM: Java HotSpot(TM) 64-Bit Server VM (23.3-b01 mixed mode windows-amd64 compressed oops)
# Problematic frame:
# C  [msvcr100.dll+0x3c044]  memcpy+0xb4
#
# Failed to write core dump. Minidumps are not enabled by default on client versions of Windows
#
# If you would like to submit a bug report, please visit:
#   http://bugreport.sun.com/bugreport/crash.jsp
# The crash happened outside the Java Virtual Machine in native code.
# See problematic frame for where to report the bug.
#

---------------  T H R E A D  ---------------

Current thread (0x0000000013ec7000):  JavaThread "threadDisplayCamera" daemon [_thread_in_native, id=5808, stack(0x000000001be00000,0x000000001bf00000)]

siginfo: ExceptionCode=0xc0000005, reading address 0x000000001bcf5000

Registers:
RAX=0x247eff2480ff2583, RBX=0x0000000014e5b200, RCX=0x0000000014e5b528, RDX=0x0000000006e99acd
RSP=0x000000001befe648, RBP=0x000000001befe750, RSI=0x0000000000000003, RDI=0x0000000013e9ffd0
R8 =0x000000000000167b, R9 =0x000000000000009a, R10=0xff2686ff2789ff28, R11=0x0000000014e5b203
R12=0x0000000014fb5900, R13=0x0000000000000003, R14=0x000000001bcf4cd0, R15=0x0000000000001680
RIP=0x000000005d8bc044, EFLAGS=0x0000000000010206

Top of Stack: (sp=0x000000001befe648)
0x000000001befe648:   000007fcf8061bdb 0000000000000300
0x000000001befe658:   0000000000000000 000000001bcf3650
0x000000001befe668:   0000000000000004 0000000000000000
0x000000001befe678:   0000000000001680 0000014f0564046d
0x000000001befe688:   0000000000155555 000000b714fb0101
0x000000001befe698:   0000037c00000001 0000000100000782
0x000000001befe6a8:   0000000100000003 0000000300001680
0x000000001befe6b8:   000000001bcf3650 0000000000000003
0x000000001befe6c8:   0000000000000006 0000000000001680
0x000000001befe6d8:   00000000153d1220 000000c200000780
0x000000001befe6e8:   00000000175869c0 0000000600001680
0x000000001befe6f8:   0000000000000003 0000000000000001
0x000000001befe708:   0000000000000003 0000000000000003
0x000000001befe718:   fffffffffffffffe 0000000000000000
0x000000001befe728:   0000043800000780 fffffffffffffffe
0x000000001befe738:   000000001befeaf0 000000001befe850 

Instructions: (pc=0x000000005d8bc044)
0x000000005d8bc024:   66 66 66 66 0f 1f 84 00 00 00 00 00 66 66 66 90
0x000000005d8bc034:   66 66 90 49 81 f9 00 20 00 00 73 42 48 8b 04 0a
0x000000005d8bc044:   4c 8b 54 0a 08 48 83 c1 20 48 89 41 e0 4c 89 51
0x000000005d8bc054:   e8 48 8b 44 0a f0 4c 8b 54 0a f8 49 ff c9 48 89 


Register to memory mapping:

RAX=0x247eff2480ff2583 is an unknown value
RBX=0x0000000014e5b200 is an unknown value
RCX=0x0000000014e5b528 is an unknown value
RDX=0x0000000006e99acd is an unknown value
RSP=0x000000001befe648 is pointing into the stack for thread: 0x0000000013ec7000
RBP=0x000000001befe750 is pointing into the stack for thread: 0x0000000013ec7000
RSI=0x0000000000000003 is an unknown value
RDI=0x0000000013e9ffd0 is an unknown value
R8 =0x000000000000167b is an unknown value
R9 =0x000000000000009a is an unknown value
R10=0xff2686ff2789ff28 is an unknown value
R11=0x0000000014e5b203 is an unknown value
R12=0x0000000014fb5900 is an unknown value
R13=0x0000000000000003 is an unknown value
R14=0x000000001bcf4cd0 is an unknown value
R15=0x0000000000001680 is an unknown value


Stack: [0x000000001be00000,0x000000001bf00000],  sp=0x000000001befe648,  free space=1017k
Native frames: (J=compiled Java code, j=interpreted, Vv=VM code, C=native code)
C  [msvcr100.dll+0x3c044]  memcpy+0xb4
C  0x000000000000000e

Java frames: (J=compiled Java code, j=interpreted, Vv=VM code)
j  com.googlecode.javacv.cpp.opencv_imgproc.cvSmooth(Lcom/googlecode/javacv/cpp/opencv_core$CvArr;Lcom/googlecode/javacv/cpp/opencv_core$CvArr;IIIDD)V+0
j  com.googlecode.javacv.cpp.opencv_imgproc.cvSmooth(Lcom/googlecode/javacv/cpp/opencv_core$CvArr;Lcom/googlecode/javacv/cpp/opencv_core$CvArr;II)V+7
j  emcscanner.kth.se.CameraPanel$1.run()V+64
v  ~StubRoutines::call_stub

---------------  P R O C E S S  ---------------

Java Threads: ( => current thread )
  0x000000001784a000 JavaThread "Thread-2" [_thread_in_native, id=6376, stack(0x0000000018860000,0x0000000018960000)]
  0x0000000017845000 JavaThread "Thread-0" daemon [_thread_in_native, id=4832, stack(0x0000000018760000,0x0000000018860000)]
  0x0000000017848000 JavaThread "ICEpdf-pagePainter" daemon [_thread_blocked, id=4432, stack(0x0000000026290000,0x0000000026390000)]
  0x0000000017847000 JavaThread "ICEpdf-pageInitializer" daemon [_thread_blocked, id=708, stack(0x0000000026060000,0x0000000026160000)]
  0x0000000017848800 JavaThread "DestroyJavaVM" [_thread_blocked, id=5736, stack(0x0000000002ab0000,0x0000000002bb0000)]
  0x000000001511b000 JavaThread "TimerQueue" daemon [_thread_blocked, id=4012, stack(0x00000000223d0000,0x00000000224d0000)]
  0x0000000014e27800 JavaThread "threadDisplayDensity" daemon [_thread_blocked, id=1204, stack(0x000000001e780000,0x000000001e880000)]
  0x0000000014df5800 JavaThread "AWT-EventQueue-0" [_thread_blocked, id=5204, stack(0x000000001e680000,0x000000001e780000)]
  0x00000000150ef000 JavaThread "threadDisplay" daemon [_thread_blocked, id=6652, stack(0x000000001e580000,0x000000001e680000)]
  0x0000000014f0a800 JavaThread "AWT-Shutdown" [_thread_blocked, id=7432, stack(0x000000001bf00000,0x000000001c000000)]
=>0x0000000013ec7000 JavaThread "threadDisplayCamera" daemon [_thread_in_native, id=5808, stack(0x000000001be00000,0x000000001bf00000)]
  0x0000000013ec7800 JavaThread "AWT-Windows" daemon [_thread_in_native, id=4928, stack(0x00000000147b0000,0x00000000148b0000)]
  0x0000000013ec6000 JavaThread "Java2D Disposer" daemon [_thread_blocked, id=8132, stack(0x00000000145b0000,0x00000000146b0000)]
  0x00000000117da000 JavaThread "Service Thread" daemon [_thread_blocked, id=6952, stack(0x0000000013bb0000,0x0000000013cb0000)]
  0x00000000117d6000 JavaThread "C2 CompilerThread1" daemon [_thread_blocked, id=5812, stack(0x0000000013ab0000,0x0000000013bb0000)]
  0x00000000117cb000 JavaThread "C2 CompilerThread0" daemon [_thread_blocked, id=2160, stack(0x00000000139b0000,0x0000000013ab0000)]
  0x00000000117c7800 JavaThread "Attach Listener" daemon [_thread_blocked, id=7956, stack(0x00000000138b0000,0x00000000139b0000)]
  0x00000000117bb000 JavaThread "Signal Dispatcher" daemon [_thread_blocked, id=5436, stack(0x00000000137b0000,0x00000000138b0000)]
  0x000000001175e800 JavaThread "Finalizer" daemon [_thread_blocked, id=7668, stack(0x00000000136b0000,0x00000000137b0000)]
  0x0000000011757000 JavaThread "Reference Handler" daemon [_thread_blocked, id=6268, stack(0x00000000135b0000,0x00000000136b0000)]

Other Threads:
  0x0000000011752000 VMThread [stack: 0x00000000134b0000,0x00000000135b0000] [id=8108]
  0x00000000117f6800 WatcherThread [stack: 0x0000000013cb0000,0x0000000013db0000] [id=7808]

VM state:not at safepoint (normal execution)

VM Mutex/Monitor currently owned by a thread: None

Heap
 PSYoungGen      total 834304K, used 65585K [0x00000007aacb0000, 0x00000007e3c70000, 0x0000000800000000)
  eden space 734656K, 1% used [0x00000007aacb0000,0x00000007ab8a44c0,0x00000007d7a20000)
  from space 99648K, 53% used [0x00000007ddb20000,0x00000007e0f37fe0,0x00000007e3c70000)
  to   space 99328K, 0% used [0x00000007d7a20000,0x00000007d7a20000,0x00000007ddb20000)
 ParOldGen       total 381952K, used 281739K [0x0000000700600000, 0x0000000717b00000, 0x00000007aacb0000)
  object space 381952K, 73% used [0x0000000700600000,0x0000000711922f00,0x0000000717b00000)
 PSPermGen       total 36096K, used 18115K [0x00000006fb400000, 0x00000006fd740000, 0x0000000700600000)
  object space 36096K, 50% used [0x00000006fb400000,0x00000006fc5b0d58,0x00000006fd740000)

Card table byte_map: [0x0000000005d70000,0x00000000065a0000] byte_map_base: 0x0000000002596000

Polling page: 0x0000000001140000

Code Cache  [0x0000000002cb0000, 0x0000000002f20000, 0x0000000005cb0000)
 total_blobs=938 nmethods=348 adapters=541 free_code_cache=47699Kb largest_free_block=48807872

Compilation events (10 events):
Event: 25.516 Thread 0x00000000117cb000  353             java.awt.image.BufferedImage::getColorModel (5 bytes)
Event: 25.516 Thread 0x00000000117cb000 nmethod 353 0x0000000002e11b50 code [0x0000000002e11c80, 0x0000000002e11cf8]
Event: 25.862 Thread 0x00000000117d6000  354             java.awt.image.Raster::createInterleavedRaster (162 bytes)
Event: 25.869 Thread 0x00000000117d6000 nmethod 354 0x0000000002e19410 code [0x0000000002e195e0, 0x0000000002e19d68]
Event: 26.947 Thread 0x00000000117cb000  355             java.awt.image.Raster::getWidth (5 bytes)
Event: 26.948 Thread 0x00000000117cb000 nmethod 355 0x0000000002e1ab10 code [0x0000000002e1ac40, 0x0000000002e1ac98]
Event: 26.993 Thread 0x00000000117d6000  356             sun.java2d.pipe.Region::<init> (26 bytes)
Event: 26.993 Thread 0x00000000117d6000 nmethod 356 0x0000000002e1a910 code [0x0000000002e1aa40, 0x0000000002e1aab8]
Event: 29.399 Thread 0x00000000117cb000  357             java.awt.image.Raster::getHeight (5 bytes)
Event: 29.399 Thread 0x00000000117cb000 nmethod 357 0x0000000002e1a710 code [0x0000000002e1a840, 0x0000000002e1a898]

GC Heap History (10 events):
Event: 25.199 GC heap before
{Heap before GC invocations=31 (full 5):
 PSYoungGen      total 724416K, used 688638K [0x00000007aacb0000, 0x00000007dd620000, 0x0000000800000000)
  eden space 622784K, 100% used [0x00000007aacb0000,0x00000007d0ce0000,0x00000007d0ce0000)
  from space 101632K, 64% used [0x00000007d72e0000,0x00000007db32fbd0,0x00000007dd620000)
  to   space 103040K, 0% used [0x00000007d0ce0000,0x00000007d0ce0000,0x00000007d7180000)
 ParOldGen       total 323904K, used 316297K [0x0000000700600000, 0x0000000714250000, 0x00000007aacb0000)
  object space 323904K, 97% used [0x0000000700600000,0x0000000713ae26b0,0x0000000714250000)
 PSPermGen       total 37696K, used 18067K [0x00000006fb400000, 0x00000006fd8d0000, 0x0000000700600000)
  object space 37696K, 47% used [0x00000006fb400000,0x00000006fc5a4d30,0x00000006fd8d0000)
Event: 25.234 GC heap after
Heap after GC invocations=31 (full 5):
 PSYoungGen      total 724416K, used 0K [0x00000007aacb0000, 0x00000007dd620000, 0x0000000800000000)
  eden space 622784K, 0% used [0x00000007aacb0000,0x00000007aacb0000,0x00000007d0ce0000)
  from space 101632K, 0% used [0x00000007d72e0000,0x00000007d72e0000,0x00000007dd620000)
  to   space 103040K, 0% used [0x00000007d0ce0000,0x00000007d0ce0000,0x00000007d7180000)
 ParOldGen       total 381952K, used 51003K [0x0000000700600000, 0x0000000717b00000, 0x00000007aacb0000)
  object space 381952K, 13% used [0x0000000700600000,0x00000007037ced78,0x0000000717b00000)
 PSPermGen       total 36096K, used 18067K [0x00000006fb400000, 0x00000006fd740000, 0x0000000700600000)
  object space 36096K, 50% used [0x00000006fb400000,0x00000006fc5a4c10,0x00000006fd740000)
}
Event: 26.382 GC heap before
{Heap before GC invocations=32 (full 5):
 PSYoungGen      total 724416K, used 621687K [0x00000007aacb0000, 0x00000007dd620000, 0x0000000800000000)
  eden space 622784K, 99% used [0x00000007aacb0000,0x00000007d0bcde38,0x00000007d0ce0000)
  from space 101632K, 0% used [0x00000007d72e0000,0x00000007d72e0000,0x00000007dd620000)
  to   space 103040K, 0% used [0x00000007d0ce0000,0x00000007d0ce0000,0x00000007d7180000)
 ParOldGen       total 381952K, used 59103K [0x0000000700600000, 0x0000000717b00000, 0x00000007aacb0000)
  object space 381952K, 15% used [0x0000000700600000,0x0000000703fb7d98,0x0000000717b00000)
 PSPermGen       total 36096K, used 18071K [0x00000006fb400000, 0x00000006fd740000, 0x0000000700600000)
  object space 36096K, 50% used [0x00000006fb400000,0x00000006fc5a5f90,0x00000006fd740000)
Event: 26.385 GC heap after
Heap after GC invocations=32 (full 5):
 PSYoungGen      total 725824K, used 29291K [0x00000007aacb0000, 0x00000007e1260000, 0x0000000800000000)
  eden space 622784K, 0% used [0x00000007aacb0000,0x00000007aacb0000,0x00000007d0ce0000)
  from space 103040K, 28% used [0x00000007d0ce0000,0x00000007d297ac60,0x00000007d7180000)
  to   space 102080K, 0% used [0x00000007daeb0000,0x00000007daeb0000,0x00000007e1260000)
 ParOldGen       total 381952K, used 59103K [0x0000000700600000, 0x0000000717b00000, 0x00000007aacb0000)
  object space 381952K, 15% used [0x0000000700600000,0x0000000703fb7d98,0x0000000717b00000)
 PSPermGen       total 36096K, used 18071K [0x00000006fb400000, 0x00000006fd740000, 0x0000000700600000)
  object space 36096K, 50% used [0x00000006fb400000,0x00000006fc5a5f90,0x00000006fd740000)
}
Event: 27.700 GC heap before
{Heap before GC invocations=33 (full 5):
 PSYoungGen      total 725824K, used 652075K [0x00000007aacb0000, 0x00000007e1260000, 0x0000000800000000)
  eden space 622784K, 100% used [0x00000007aacb0000,0x00000007d0ce0000,0x00000007d0ce0000)
  from space 103040K, 28% used [0x00000007d0ce0000,0x00000007d297ac60,0x00000007d7180000)
  to   space 102080K, 0% used [0x00000007daeb0000,0x00000007daeb0000,0x00000007e1260000)
 ParOldGen       total 381952K, used 171055K [0x0000000700600000, 0x0000000717b00000, 0x00000007aacb0000)
  object space 381952K, 44% used [0x0000000700600000,0x000000070ad0bf98,0x0000000717b00000)
 PSPermGen       total 36096K, used 18072K [0x00000006fb400000, 0x00000006fd740000, 0x0000000700600000)
  object space 36096K, 50% used [0x00000006fb400000,0x00000006fc5a62f8,0x00000006fd740000)
Event: 27.704 GC heap after
Heap after GC invocations=33 (full 5):
 PSYoungGen      total 774528K, used 18545K [0x00000007aacb0000, 0x00000007e0be0000, 0x0000000800000000)
  eden space 679104K, 0% used [0x00000007aacb0000,0x00000007aacb0000,0x00000007d43e0000)
  from space 95424K, 19% used [0x00000007daeb0000,0x00000007dc0cc430,0x00000007e0be0000)
  to   space 102400K, 0% used [0x00000007d43e0000,0x00000007d43e0000,0x00000007da7e0000)
 ParOldGen       total 381952K, used 171055K [0x0000000700600000, 0x0000000717b00000, 0x00000007aacb0000)
  object space 381952K, 44% used [0x0000000700600000,0x000000070ad0bf98,0x0000000717b00000)
 PSPermGen       total 36096K, used 18072K [0x00000006fb400000, 0x00000006fd740000, 0x0000000700600000)
  object space 36096K, 50% used [0x00000006fb400000,0x00000006fc5a62f8,0x00000006fd740000)
}
Event: 29.155 GC heap before
{Heap before GC invocations=34 (full 5):
 PSYoungGen      total 774528K, used 697649K [0x00000007aacb0000, 0x00000007e0be0000, 0x0000000800000000)
  eden space 679104K, 100% used [0x00000007aacb0000,0x00000007d43e0000,0x00000007d43e0000)
  from space 95424K, 19% used [0x00000007daeb0000,0x00000007dc0cc430,0x00000007e0be0000)
  to   space 102400K, 0% used [0x00000007d43e0000,0x00000007d43e0000,0x00000007da7e0000)
 ParOldGen       total 381952K, used 281739K [0x0000000700600000, 0x0000000717b00000, 0x00000007aacb0000)
  object space 381952K, 73% used [0x0000000700600000,0x0000000711922f00,0x0000000717b00000)
 PSPermGen       total 36096K, used 18076K [0x00000006fb400000, 0x00000006fd740000, 0x0000000700600000)
  object space 36096K, 50% used [0x00000006fb400000,0x00000006fc5a71c0,0x00000006fd740000)
Event: 29.158 GC heap after
Heap after GC invocations=34 (full 5):
 PSYoungGen      total 781504K, used 18481K [0x00000007aacb0000, 0x00000007e3e90000, 0x0000000800000000)
  eden space 679104K, 0% used [0x00000007aacb0000,0x00000007aacb0000,0x00000007d43e0000)
  from space 102400K, 18% used [0x00000007d43e0000,0x00000007d55ec430,0x00000007da7e0000)
  to   space 101824K, 0% used [0x00000007ddb20000,0x00000007ddb20000,0x00000007e3e90000)
 ParOldGen       total 381952K, used 281739K [0x0000000700600000, 0x0000000717b00000, 0x00000007aacb0000)
  object space 381952K, 73% used [0x0000000700600000,0x0000000711922f00,0x0000000717b00000)
 PSPermGen       total 36096K, used 18076K [0x00000006fb400000, 0x00000006fd740000, 0x0000000700600000)
  object space 36096K, 50% used [0x00000006fb400000,0x00000006fc5a71c0,0x00000006fd740000)
}
Event: 30.628 GC heap before
{Heap before GC invocations=35 (full 5):
 PSYoungGen      total 781504K, used 696780K [0x00000007aacb0000, 0x00000007e3e90000, 0x0000000800000000)
  eden space 679104K, 99% used [0x00000007aacb0000,0x00000007d4316ea8,0x00000007d43e0000)
  from space 102400K, 18% used [0x00000007d43e0000,0x00000007d55ec430,0x00000007da7e0000)
  to   space 101824K, 0% used [0x00000007ddb20000,0x00000007ddb20000,0x00000007e3e90000)
 ParOldGen       total 381952K, used 281739K [0x0000000700600000, 0x0000000717b00000, 0x00000007aacb0000)
  object space 381952K, 73% used [0x0000000700600000,0x0000000711922f00,0x0000000717b00000)
 PSPermGen       total 36096K, used 18091K [0x00000006fb400000, 0x00000006fd740000, 0x0000000700600000)
  object space 36096K, 50% used [0x00000006fb400000,0x00000006fc5aadd0,0x00000006fd740000)
Event: 30.640 GC heap after
Heap after GC invocations=35 (full 5):
 PSYoungGen      total 834304K, used 53343K [0x00000007aacb0000, 0x00000007e3c70000, 0x0000000800000000)
  eden space 734656K, 0% used [0x00000007aacb0000,0x00000007aacb0000,0x00000007d7a20000)
  from space 99648K, 53% used [0x00000007ddb20000,0x00000007e0f37fe0,0x00000007e3c70000)
  to   space 99328K, 0% used [0x00000007d7a20000,0x00000007d7a20000,0x00000007ddb20000)
 ParOldGen       total 381952K, used 281739K [0x0000000700600000, 0x0000000717b00000, 0x00000007aacb0000)
  object space 381952K, 73% used [0x0000000700600000,0x0000000711922f00,0x0000000717b00000)
 PSPermGen       total 36096K, used 18091K [0x00000006fb400000, 0x00000006fd740000, 0x0000000700600000)
  object space 36096K, 50% used [0x00000006fb400000,0x00000006fc5aadd0,0x00000006fd740000)
}

Deoptimization events (10 events):
Event: 3.308 Thread 0x000000000298e000 Uncommon trap 43 fr.pc 0x0000000002d6dbe8
Event: 3.822 Thread 0x0000000014df5800 Uncommon trap -83 fr.pc 0x0000000002d72b84
Event: 3.887 Thread 0x0000000017847000 Uncommon trap -83 fr.pc 0x0000000002d74334
Event: 3.932 Thread 0x0000000017847000 Uncommon trap -83 fr.pc 0x0000000002d73f84
Event: 3.945 Thread 0x0000000017847000 Uncommon trap -83 fr.pc 0x0000000002da94a8
Event: 4.005 Thread 0x0000000017847000 Uncommon trap -83 fr.pc 0x0000000002da170c
Event: 4.033 Thread 0x0000000017847000 Uncommon trap -83 fr.pc 0x0000000002d95cd8
Event: 15.634 Thread 0x0000000014df5800 Uncommon trap -12 fr.pc 0x0000000002dfe17c
Event: 15.635 Thread 0x0000000014df5800 Uncommon trap -12 fr.pc 0x0000000002d97524
Event: 19.493 Thread 0x00000000150ef000 Uncommon trap -12 fr.pc 0x0000000002e0d038

Internal exceptions (10 events):
Event: 4.082 Thread 0x0000000017847000 Threw 0x00000007ab83bc90 at C:\jdk7u1_64p\jdk7u7\hotspot\src\share\vm\prims\jvm.cpp:1166
Event: 4.198 Thread 0x0000000017848000 Threw 0x00000007abd83cb0 at C:\jdk7u1_64p\jdk7u7\hotspot\src\share\vm\prims\jvm.cpp:1166
Event: 4.201 Thread 0x0000000017848000 Threw 0x00000007abd94540 at C:\jdk7u1_64p\jdk7u7\hotspot\src\share\vm\prims\jvm.cpp:1166
Event: 4.403 Thread 0x0000000017848000 Threw 0x00000007ac7d08c8 at C:\jdk7u1_64p\jdk7u7\hotspot\src\share\vm\prims\jvm.cpp:1166
Event: 10.192 Thread 0x0000000014df5800 Threw 0x00000007aed4baf0 at C:\jdk7u1_64p\jdk7u7\hotspot\src\share\vm\prims\jvm.cpp:1166
Event: 10.193 Thread 0x0000000014df5800 Threw 0x00000007b1998618 at C:\jdk7u1_64p\jdk7u7\hotspot\src\share\vm\prims\jvm.cpp:1166
Event: 10.194 Thread 0x0000000014df5800 Threw 0x00000007b19a59b0 at C:\jdk7u1_64p\jdk7u7\hotspot\src\share\vm\prims\jvm.cpp:1166
Event: 15.634 Thread 0x0000000014df5800 Implicit null exception at 0x0000000002dfde40 to 0x0000000002dfe171
Event: 15.635 Thread 0x0000000014df5800 Implicit null exception at 0x0000000002d97448 to 0x0000000002d97519
Event: 19.493 Thread 0x00000000150ef000 Implicit null exception at 0x0000000002e0cd38 to 0x0000000002e0d02c

Events (10 events):
Event: 29.155 Executing VM operation: ParallelGCFailedAllocation
Event: 29.158 Executing VM operation: ParallelGCFailedAllocation done
Event: 29.949 loading class 0x0000000015419640
Event: 29.950 loading class 0x0000000015419640 done
Event: 29.950 loading class 0x0000000014f24f20
Event: 29.950 loading class 0x0000000017586dc0
Event: 29.950 loading class 0x0000000017586dc0 done
Event: 29.950 loading class 0x0000000014f24f20 done
Event: 30.628 Executing VM operation: ParallelGCFailedAllocation
Event: 30.640 Executing VM operation: ParallelGCFailedAllocation done


Dynamic libraries:
0x000007f662880000 - 0x000007f6628b4000 	F:\Program Files\Java\Jre7\bin\javaw.exe
0x000007fd0db20000 - 0x000007fd0dcde000 	C:\WINDOWS\SYSTEM32\ntdll.dll
0x000007fd0c680000 - 0x000007fd0c7b6000 	C:\WINDOWS\system32\KERNEL32.DLL
0x000007fd0ab00000 - 0x000007fd0abf3000 	C:\WINDOWS\system32\KERNELBASE.dll
0x000007fd0c260000 - 0x000007fd0c33e000 	C:\WINDOWS\system32\ADVAPI32.dll
0x000007fd0c460000 - 0x000007fd0c5ac000 	C:\WINDOWS\system32\USER32.dll
0x000007fd082b0000 - 0x000007fd08519000 	C:\WINDOWS\WinSxS\amd64_microsoft.windows.common-controls_6595b64144ccf1df_6.0.9200.16384_none_418c2a697189c07f\COMCTL32.dll
0x000007fd0c7c0000 - 0x000007fd0c865000 	C:\WINDOWS\system32\msvcrt.dll
0x000007fd0cdf0000 - 0x000007fd0ce38000 	C:\WINDOWS\SYSTEM32\sechost.dll
0x000007fd0c870000 - 0x000007fd0c9b0000 	C:\WINDOWS\system32\RPCRT4.dll
0x000007fd0d520000 - 0x000007fd0d660000 	C:\WINDOWS\system32\GDI32.dll
0x000007fd0c620000 - 0x000007fd0c659000 	C:\WINDOWS\system32\IMM32.DLL
0x000007fd0c340000 - 0x000007fd0c455000 	C:\WINDOWS\system32\MSCTF.dll
0x000007fd0aa10000 - 0x000007fd0aa18000 	C:\PROGRA~2\NVIDIA~1\3DVISI~1\NVSTIN~1.DLL
0x000007fd0d510000 - 0x000007fd0d517000 	C:\WINDOWS\system32\PSAPI.DLL
0x000000005e410000 - 0x000000005e4b3000 	C:\WINDOWS\WinSxS\amd64_microsoft.vc90.crt_1fc8b3b9a1e18e3b_9.0.30729.6871_none_08e717a5a83adddf\MSVCR90.dll
0x000000005d880000 - 0x000000005d951000 	F:\Program Files\Java\Jre7\bin\msvcr100.dll
0x000000005c090000 - 0x000000005c7af000 	F:\Program Files\Java\Jre7\bin\server\jvm.dll
0x000007fd02f00000 - 0x000007fd02f09000 	C:\WINDOWS\SYSTEM32\WSOCK32.dll
0x000007fd07b90000 - 0x000007fd07bb0000 	C:\WINDOWS\SYSTEM32\WINMM.dll
0x000007fd0c5b0000 - 0x000007fd0c608000 	C:\WINDOWS\system32\WS2_32.dll
0x000007fd07a80000 - 0x000007fd07ab2000 	C:\WINDOWS\SYSTEM32\WINMMBASE.dll
0x000007fd0d360000 - 0x000007fd0d369000 	C:\WINDOWS\system32\NSI.dll
0x000000005dc10000 - 0x000000005dc1f000 	F:\Program Files\Java\Jre7\bin\verify.dll
0x000000005dbe0000 - 0x000000005dc08000 	F:\Program Files\Java\Jre7\bin\java.dll
0x000000005dbc0000 - 0x000000005dbd5000 	F:\Program Files\Java\Jre7\bin\zip.dll
0x000000005b300000 - 0x000000005b493000 	F:\Program Files\Java\Jre7\bin\awt.dll
0x000007fd0d830000 - 0x000007fd0d8f3000 	C:\WINDOWS\system32\OLEAUT32.dll
0x000007fd0cc40000 - 0x000007fd0cdf0000 	C:\WINDOWS\system32\combase.dll
0x000007fd04cf0000 - 0x000007fd04d8f000 	C:\WINDOWS\system32\apphelp.dll
0x000007fd09810000 - 0x000007fd098f3000 	C:\WINDOWS\system32\uxtheme.dll
0x000007fd08210000 - 0x000007fd082a5000 	C:\Program Files\Common Files\microsoft shared\ink\tiptsf.dll
0x000007fd088b0000 - 0x000007fd088d1000 	C:\WINDOWS\SYSTEM32\dwmapi.dll
0x000007fd0d090000 - 0x000007fd0d20e000 	C:\WINDOWS\system32\ole32.dll
0x000007fd0a860000 - 0x000007fd0a86a000 	C:\WINDOWS\SYSTEM32\CRYPTBASE.dll
0x000007fd0a800000 - 0x000007fd0a85c000 	C:\WINDOWS\SYSTEM32\bcryptPrimitives.dll
0x000007fd0af70000 - 0x000007fd0c258000 	C:\WINDOWS\system32\SHELL32.dll
0x000007fd0cb80000 - 0x000007fd0cbd0000 	C:\WINDOWS\system32\SHLWAPI.dll
0x000007fd09be0000 - 0x000007fd09c76000 	C:\WINDOWS\SYSTEM32\shcore.dll
0x000000005d2e0000 - 0x000000005d378000 	C:\Windows\System32\msvcp100.dll
0x000007fd042c0000 - 0x000007fd04518000 	C:\opencv\build\x64\vc10\bin\opencv_core243.dll
0x000007fd06e10000 - 0x000007fd06ea5000 	C:\Users\Jonas\AppData\Local\Temp\javacpp6972833216357\jniopencv_core.dll
0x000007fcf8000000 - 0x000007fcf82a5000 	C:\opencv\build\x64\vc10\bin\opencv_imgproc243.dll
0x000007fd07b40000 - 0x000007fd07b88000 	C:\Users\Jonas\AppData\Local\Temp\javacpp6972833216357\jniopencv_imgproc.dll
0x0000000066840000 - 0x00000000675ca000 	C:\opencv\build\x64\vc10\bin\opencv_ffmpeg243_64.dll
0x000007fd045f0000 - 0x000007fd0483b000 	C:\opencv\build\x64\vc10\bin\opencv_highgui243.dll
0x000007fd081f0000 - 0x000007fd08210000 	C:\WINDOWS\SYSTEM32\AVIFIL32.dll
0x000007fd07af0000 - 0x000007fd07b19000 	C:\WINDOWS\SYSTEM32\MSVFW32.dll
0x000007fd07dc0000 - 0x000007fd07dd7000 	C:\WINDOWS\SYSTEM32\AVICAP32.dll
0x000007fcf6150000 - 0x000007fcf6169000 	C:\WINDOWS\SYSTEM32\MSACM32.dll
0x000007fd07db0000 - 0x000007fd07db9000 	C:\WINDOWS\SYSTEM32\VERSION.dll
0x000007fd078a0000 - 0x000007fd078b3000 	C:\Users\Jonas\AppData\Local\Temp\javacpp6972833216357\jniopencv_highgui.dll
0x000007fd0d2c0000 - 0x000007fd0d356000 	C:\WINDOWS\SYSTEM32\clbcatq.dll
0x000007fd07880000 - 0x000007fd07897000 	C:\Windows\System32\devenum.dll
0x000007fd0c9b0000 - 0x000007fd0cb80000 	C:\WINDOWS\system32\setupapi.dll
0x000007fd0ad10000 - 0x000007fd0ad5f000 	C:\WINDOWS\system32\CFGMGR32.dll
0x000007fd0af40000 - 0x000007fd0af62000 	C:\WINDOWS\system32\DEVOBJ.dll
0x000007fd03ae0000 - 0x000007fd03b0e000 	C:\WINDOWS\SYSTEM32\ntmarta.dll
0x000007fd0ac00000 - 0x000007fd0ac55000 	C:\WINDOWS\system32\WINTRUST.dll
0x000007fd0ad60000 - 0x000007fd0af37000 	C:\WINDOWS\system32\CRYPT32.dll
0x000007fd0aae0000 - 0x000007fd0aaf6000 	C:\WINDOWS\system32\MSASN1.dll
0x000007fd07fa0000 - 0x000007fd07fad000 	C:\WINDOWS\SYSTEM32\msdmo.dll
0x000007fd07850000 - 0x000007fd0787f000 	C:\Windows\System32\qcap.dll
0x000007fcf7d70000 - 0x000007fcf7f28000 	C:\Windows\System32\quartz.dll
0x000007fd05c20000 - 0x000007fd05c5f000 	C:\Windows\System32\ksproxy.ax
0x000007fcf5930000 - 0x000007fcf5937000 	C:\Windows\System32\ksuser.dll
0x000007fcf9950000 - 0x000007fcf9b50000 	C:\Windows\System32\d3d9.dll
0x000007fd07ae0000 - 0x000007fd07aec000 	C:\Windows\System32\vidcap.ax
0x000007fd05bf0000 - 0x000007fd05c14000 	C:\Windows\System32\kswdmcap.ax
0x000007fcfa650000 - 0x000007fcfa7a4000 	C:\Windows\System32\MFC42.dll
0x000007fd05b30000 - 0x000007fd05bee000 	C:\Windows\System32\ODBC32.dll
0x000007fd057d0000 - 0x000007fd05865000 	C:\Windows\System32\qedit.dll
0x000007fd0d210000 - 0x000007fd0d2b1000 	C:\WINDOWS\system32\COMDLG32.dll
0x000007fd0d370000 - 0x000007fd0d510000 	C:\WINDOWS\WinSxS\amd64_microsoft.windows.gdiplus_6595b64144ccf1df_1.1.9200.16384_none_72771d4ecc1c3a4d\gdiplus.dll
0x000007fcf0640000 - 0x000007fcf072a000 	C:\WINDOWS\SYSTEM32\DDRAW.dll
0x000007fd07de0000 - 0x000007fd07de8000 	C:\WINDOWS\SYSTEM32\DCIMAN32.dll
0x000000005d840000 - 0x000000005d874000 	F:\Program Files\Java\Jre7\bin\fontmanager.dll
0x000007fce6500000 - 0x000007fce7680000 	C:\WINDOWS\SYSTEM32\nvd3dumx.dll
0x000007fd0a900000 - 0x000007fd0a943000 	C:\WINDOWS\SYSTEM32\powrprof.dll
0x0000000180000000 - 0x0000000180116000 	C:\Program Files (x86)\NVIDIA Corporation\3D Vision\nvSCPAPI64.dll
0x000007fd07ef0000 - 0x000007fd07f64000 	C:\WINDOWS\SYSTEM32\dxgi.dll
0x000007fd06540000 - 0x000007fd06802000 	C:\WINDOWS\SYSTEM32\nvapi64.dll
0x000007fd07ed0000 - 0x000007fd07eef000 	C:\WINDOWS\SYSTEM32\DXGIDebug.dll
0x000000005dba0000 - 0x000000005dbb9000 	F:\Program Files\Java\Jre7\bin\net.dll
0x000007fd0a270000 - 0x000007fd0a2cc000 	C:\WINDOWS\system32\mswsock.dll
0x000000005db50000 - 0x000000005db61000 	F:\Program Files\Java\Jre7\bin\nio.dll
0x000000005d7f0000 - 0x000000005d831000 	F:\Program Files\Java\Jre7\bin\t2k.dll
0x000007fd08010000 - 0x000007fd0819a000 	C:\WINDOWS\SYSTEM32\WindowsCodecs.dll
0x000007fd0aa30000 - 0x000007fd0aa45000 	C:\WINDOWS\SYSTEM32\profapi.dll
0x000007fd07530000 - 0x000007fd07599000 	C:\WINDOWS\SYSTEM32\oleacc.dll
0x000000005b620000 - 0x000000005b64a000 	F:\Program Files\Java\Jre7\bin\dcpr.dll
0x000007fcf8620000 - 0x000007fcf8783000 	C:\WINDOWS\SYSTEM32\dbghelp.dll

VM Arguments:
jvm_args: -Dfile.encoding=Cp1252 
java_command: emcscanner.kth.se.Program
Launcher Type: SUN_STANDARD

Environment Variables:
PATH=C:\Program Files (x86)\NVIDIA Corporation\PhysX\Common;C:\WINDOWS\system32;C:\WINDOWS;C:\WINDOWS\System32\Wbem;C:\WINDOWS\System32\WindowsPowerShell\v1.0\;C:\Program Files (x86)\Microsoft SQL Server\90\Tools\binn\;C:\Program Files (x86)\Autodesk\Backburner\;F:\Program Files\MATLAB\R2012a\runtime\win64;F:\Program Files\MATLAB\R2012a\bin;C:\Program Files\Internet Explorer;C:\Program Files\Perforce;F:\Program Files\Perforce;C:\Program Files\Microsoft\Web Platform Installer\;C:\Program Files (x86)\Microsoft ASP.NET\ASP.NET Web Pages\v1.0\;C:\Program Files (x86)\Windows Kits\8.0\Windows Performance Toolkit\;C:\Program Files\Microsoft SQL Server\110\Tools\Binn\;F:\Program Files\Perforce\Server
USERNAME=Jonas
OS=Windows_NT
PROCESSOR_IDENTIFIER=Intel64 Family 6 Model 42 Stepping 7, GenuineIntel



---------------  S Y S T E M  ---------------

OS: Windows 8 , 64 bit Build 9200 

CPU:total 8 (4 cores per cpu, 2 threads per core) family 6 model 42 stepping 7, cmov, cx8, fxsr, mmx, sse, sse2, sse3, ssse3, sse4.1, sse4.2, popcnt, avx, ht, tsc, tscinvbit

Memory: 4k page, physical 16751668k(12193004k free), swap 33528884k(27083272k free)

vm_info: Java HotSpot(TM) 64-Bit Server VM (23.3-b01) for windows-amd64 JRE (1.7.0_07-b11), built on Sep  7 2012 01:19:25 by "java_re" with unknown MS VC++:1600

time: Sat Feb 02 14:38:07 2013
elapsed time: 30 seconds

