#
# A fatal error has been detected by the Java Runtime Environment:
#
#  EXCEPTION_ACCESS_VIOLATION (0xc0000005) at pc=0x0000000002dbcdfa, pid=3088, tid=1764
#
# JRE version: 7.0_07-b11
# Java VM: Java HotSpot(TM) 64-Bit Server VM (23.3-b01 mixed mode windows-amd64 compressed oops)
# Problematic frame:
# J  com.googlecode.javacv.cpp.opencv_core$IplImage.flipCopyWithGamma(Ljava/nio/ByteBuffer;ILjava/nio/ByteBuffer;IZDZI)V
#
# Failed to write core dump. Minidumps are not enabled by default on client versions of Windows
#
# If you would like to submit a bug report, please visit:
#   http://bugreport.sun.com/bugreport/crash.jsp
#

---------------  T H R E A D  ---------------

Current thread (0x000000001a20b800):  JavaThread "threadDisplay" daemon [_thread_in_Java, id=1764, stack(0x0000000020750000,0x0000000020850000)]

siginfo: ExceptionCode=0xc0000005, reading address 0x0000000020195000

Registers:
RAX=0x0000000000000060, RBX=0x00000000005eec00, RCX=0x0000000000000000, RDX=0x000000002015c050
RSP=0x000000002084eb40, RBP=0x00000007ab29f8f0, RSI=0x00000007abe7dd08, RDI=0x00000000005eec00
R8 =0x0000000000038fb0, R9 =0x0000000000038fb1, R10=0x000000000000167f, R11=0x00000000005eec00
R12=0x0000000000000000, R13=0x0000000000038fb0, R14=0x0000000000000baf, R15=0x000000001a20b800
RIP=0x0000000002dbcdfa, EFLAGS=0x0000000000010207

Top of Stack: (sp=0x000000002084eb40)
0x000000002084eb40:   00000000005eec00 00000000005eec00
0x000000002084eb50:   0000000000000000 00000000ffffffff
0x000000002084eb60:   3ff0000000000000 00000007ab29f8b0
0x000000002084eb70:   00000007ab29f8f0 3ff0000000000000
0x000000002084eb80:   0003840000000000 df6aba8200038400
0x000000002084eb90:   00001680df6c66a9 0000000000001680
0x000000002084eba0:   00000007ab29f920 00001680ffffffff
0x000000002084ebb0:   00000007ab29f8f0 00000007ab29f8b0
0x000000002084ebc0:   00000000f57cfba1 00000007abe7dd08
0x000000002084ebd0:   00000007ab29f8f0 00000007ab29f8f0
0x000000002084ebe0:   000000002084ebe0 00000006fb555c47
0x000000002084ebf0:   000000002084eca0 0000000002c661f8
0x000000002084ec00:   0000000000000000 00000006fb555c58
0x000000002084ec10:   0000000002c661f8 0000000000000000
0x000000002084ec20:   0000000000000000 3ff0000000000000
0x000000002084ec30:   0000000000000000 0000000000000000 

Instructions: (pc=0x0000000002dbcdfa)
0x0000000002dbcdda:   10 44 3b c7 0f 8d 26 01 00 00 45 8b c8 41 ff c1
0x0000000002dbcdea:   44 89 4d 18 48 8b 6c 24 70 44 8b 6d 18 4d 63 c0
0x0000000002dbcdfa:   42 0f b6 04 02 44 3b eb 0f 8d 32 01 00 00 45 8b
0x0000000002dbce0a:   cd 44 03 c9 41 ff c5 44 89 6d 18 45 3b cb 0f 83 


Register to memory mapping:

RAX=0x0000000000000060 is an unknown value
RBX=0x00000000005eec00 is an unknown value
RCX=0x0000000000000000 is an unknown value
RDX=0x000000002015c050 is an unknown value
RSP=0x000000002084eb40 is pointing into the stack for thread: 0x000000001a20b800
RBP=0x00000007ab29f8f0 is an oop
java.nio.HeapByteBuffer 
 - klass: 'java/nio/HeapByteBuffer'
RSI=0x00000007abe7dd08 is an oop
[B 
 - klass: {type array byte}
 - length: 6220800
RDI=0x00000000005eec00 is an unknown value
R8 =0x0000000000038fb0 is an unknown value
R9 =0x0000000000038fb1 is an unknown value
R10=0x000000000000167f is an unknown value
R11=0x00000000005eec00 is an unknown value
R12=0x0000000000000000 is an unknown value
R13=0x0000000000038fb0 is an unknown value
R14=0x0000000000000baf is an unknown value
R15=0x000000001a20b800 is a thread


Stack: [0x0000000020750000,0x0000000020850000],  sp=0x000000002084eb40,  free space=1018k
Native frames: (J=compiled Java code, j=interpreted, Vv=VM code, C=native code)
J  com.googlecode.javacv.cpp.opencv_core$IplImage.flipCopyWithGamma(Ljava/nio/ByteBuffer;ILjava/nio/ByteBuffer;IZDZI)V


---------------  P R O C E S S  ---------------

Java Threads: ( => current thread )
  0x000000001414e800 JavaThread "Thread-0" daemon [_thread_in_native, id=6592, stack(0x000000001d1a0000,0x000000001d2a0000)]
  0x0000000018e9f800 JavaThread "Thread-3" [_thread_in_native, id=2600, stack(0x000000001cfa0000,0x000000001d0a0000)]
  0x000000001aaa8000 JavaThread "ICEpdf-pagePainter" daemon [_thread_blocked, id=72, stack(0x0000000020b90000,0x0000000020c90000)]
  0x000000001a43b800 JavaThread "ICEpdf-pageInitializer" daemon [_thread_blocked, id=1884, stack(0x0000000020960000,0x0000000020a60000)]
  0x0000000002b5e000 JavaThread "DestroyJavaVM" [_thread_blocked, id=4012, stack(0x0000000002a30000,0x0000000002b30000)]
=>0x000000001a20b800 JavaThread "threadDisplay" daemon [_thread_in_Java, id=1764, stack(0x0000000020750000,0x0000000020850000)]
  0x0000000018d74800 JavaThread "TimerQueue" daemon [_thread_blocked, id=48, stack(0x0000000019550000,0x0000000019650000)]
  0x0000000013fb8000 JavaThread "AWT-EventQueue-0" [_thread_blocked, id=4672, stack(0x0000000019450000,0x0000000019550000)]
  0x0000000013ee0000 JavaThread "AWT-Windows" daemon [_thread_in_native, id=5752, stack(0x00000000149d0000,0x0000000014ad0000)]
  0x0000000013ed7800 JavaThread "AWT-Shutdown" [_thread_blocked, id=5608, stack(0x00000000148d0000,0x00000000149d0000)]
  0x0000000013ed2800 JavaThread "Java2D Disposer" daemon [_thread_blocked, id=3684, stack(0x00000000147d0000,0x00000000148d0000)]
  0x00000000117c1000 JavaThread "Service Thread" daemon [_thread_blocked, id=524, stack(0x0000000013bc0000,0x0000000013cc0000)]
  0x00000000117b4000 JavaThread "C2 CompilerThread1" daemon [_thread_blocked, id=6820, stack(0x0000000013ac0000,0x0000000013bc0000)]
  0x00000000117a9800 JavaThread "C2 CompilerThread0" daemon [_thread_blocked, id=6140, stack(0x00000000139c0000,0x0000000013ac0000)]
  0x00000000117a9000 JavaThread "Attach Listener" daemon [_thread_blocked, id=5340, stack(0x00000000138c0000,0x00000000139c0000)]
  0x000000001179c000 JavaThread "Signal Dispatcher" daemon [_thread_blocked, id=3460, stack(0x00000000137c0000,0x00000000138c0000)]
  0x0000000011740000 JavaThread "Finalizer" daemon [_thread_blocked, id=4768, stack(0x00000000136c0000,0x00000000137c0000)]
  0x0000000011738800 JavaThread "Reference Handler" daemon [_thread_blocked, id=3668, stack(0x00000000135c0000,0x00000000136c0000)]

Other Threads:
  0x0000000011733800 VMThread [stack: 0x00000000134c0000,0x00000000135c0000] [id=6688]
  0x00000000117cb800 WatcherThread [stack: 0x0000000013cc0000,0x0000000013dc0000] [id=5852]

VM state:not at safepoint (normal execution)

VM Mutex/Monitor currently owned by a thread: None

Heap
 PSYoungGen      total 124032K, used 44402K [0x00000007aacb0000, 0x00000007b7b50000, 0x0000000800000000)
  eden space 83584K, 31% used [0x00000007aacb0000,0x00000007ac610448,0x00000007afe50000)
  from space 40448K, 45% used [0x00000007afe50000,0x00000007b104c430,0x00000007b25d0000)
  to   space 38912K, 0% used [0x00000007b5550000,0x00000007b5550000,0x00000007b7b50000)
 ParOldGen       total 174528K, used 133184K [0x0000000700600000, 0x000000070b070000, 0x00000007aacb0000)
  object space 174528K, 76% used [0x0000000700600000,0x00000007088103f0,0x000000070b070000)
 PSPermGen       total 21248K, used 17666K [0x00000006fb400000, 0x00000006fc8c0000, 0x0000000700600000)
  object space 21248K, 83% used [0x00000006fb400000,0x00000006fc540bf8,0x00000006fc8c0000)

Card table byte_map: [0x0000000005d20000,0x0000000006550000] byte_map_base: 0x0000000002546000

Polling page: 0x0000000001190000

Code Cache  [0x0000000002c60000, 0x0000000002ed0000, 0x0000000005c60000)
 total_blobs=848 nmethods=261 adapters=538 free_code_cache=47778Kb largest_free_block=48883264

Compilation events (10 events):
Event: 7.417 Thread 0x00000000117a9800  258             java.util.IdentityHashMap::clear (39 bytes)
Event: 7.418 Thread 0x00000000117a9800 nmethod 258 0x0000000002cd49d0 code [0x0000000002cd4b00, 0x0000000002cd4c38]
Event: 8.573 Thread 0x00000000117b4000  259             java.util.IdentityHashMap$IdentityHashMapIterator::hasNext (50 bytes)
Event: 8.574 Thread 0x00000000117b4000 nmethod 259 0x0000000002cd4610 code [0x0000000002cd4740, 0x0000000002cd48f8]
Event: 10.414 Thread 0x00000000117a9800  260             java.util.concurrent.locks.AbstractOwnableSynchronizer::getExclusiveOwnerThread (5 bytes)
Event: 10.414 Thread 0x00000000117a9800 nmethod 260 0x0000000002cebd10 code [0x0000000002cebe40, 0x0000000002cebeb8]
Event: 10.455 Thread 0x00000000117b4000  261             javax.swing.text.html.MuxingAttributeSet::getAttribute (45 bytes)
Event: 10.458 Thread 0x00000000117b4000 nmethod 261 0x0000000002d9b3d0 code [0x0000000002d9b540, 0x0000000002d9bc68]
Event: 10.569 Thread 0x00000000117a9800  262             java.awt.Container::findComponentAtImpl (315 bytes)
Event: 10.581 Thread 0x00000000117a9800 nmethod 262 0x0000000002d03c50 code [0x0000000002d03e60, 0x0000000002d04ca8]

GC Heap History (10 events):
Event: 10.234 GC heap before
{Heap before GC invocations=11 (full 0):
 PSYoungGen      total 101184K, used 73171K [0x00000007aacb0000, 0x00000007b5510000, 0x0000000800000000)
  eden space 56512K, 96% used [0x00000007aacb0000,0x00000007ae220818,0x00000007ae3e0000)
  from space 44672K, 41% used [0x00000007b0d80000,0x00000007b1f84430,0x00000007b3920000)
  to   space 42624K, 0% used [0x00000007ae3e0000,0x00000007ae3e0000,0x00000007b0d80000)
 ParOldGen       total 174528K, used 102039K [0x0000000700600000, 0x000000070b070000, 0x00000007aacb0000)
  object space 174528K, 58% used [0x0000000700600000,0x00000007069a5cb0,0x000000070b070000)
 PSPermGen       total 21248K, used 17639K [0x00000006fb400000, 0x00000006fc8c0000, 0x0000000700600000)
  object space 21248K, 83% used [0x00000006fb400000,0x00000006fc539f10,0x00000006fc8c0000)
Event: 10.237 GC heap after
Heap after GC invocations=11 (full 0):
 PSYoungGen      total 73728K, used 18481K [0x00000007aacb0000, 0x00000007b3220000, 0x0000000800000000)
  eden space 55232K, 0% used [0x00000007aacb0000,0x00000007aacb0000,0x00000007ae2a0000)
  from space 18496K, 99% used [0x00000007ae3e0000,0x00000007af5ec430,0x00000007af5f0000)
  to   space 40704K, 0% used [0x00000007b0a60000,0x00000007b0a60000,0x00000007b3220000)
 ParOldGen       total 174528K, used 102071K [0x0000000700600000, 0x000000070b070000, 0x00000007aacb0000)
  object space 174528K, 58% used [0x0000000700600000,0x00000007069adcb0,0x000000070b070000)
 PSPermGen       total 21248K, used 17639K [0x00000006fb400000, 0x00000006fc8c0000, 0x0000000700600000)
  object space 21248K, 83% used [0x00000006fb400000,0x00000006fc539f10,0x00000006fc8c0000)
}
Event: 10.674 GC heap before
{Heap before GC invocations=12 (full 0):
 PSYoungGen      total 73728K, used 68967K [0x00000007aacb0000, 0x00000007b3220000, 0x0000000800000000)
  eden space 55232K, 91% used [0x00000007aacb0000,0x00000007addfda60,0x00000007ae2a0000)
  from space 18496K, 99% used [0x00000007ae3e0000,0x00000007af5ec430,0x00000007af5f0000)
  to   space 40704K, 0% used [0x00000007b0a60000,0x00000007b0a60000,0x00000007b3220000)
 ParOldGen       total 174528K, used 102071K [0x0000000700600000, 0x000000070b070000, 0x00000007aacb0000)
  object space 174528K, 58% used [0x0000000700600000,0x00000007069adcb0,0x000000070b070000)
 PSPermGen       total 21248K, used 17640K [0x00000006fb400000, 0x00000006fc8c0000, 0x0000000700600000)
  object space 21248K, 83% used [0x00000006fb400000,0x00000006fc53a1b8,0x00000006fc8c0000)
Event: 10.680 GC heap after
Heap after GC invocations=12 (full 0):
 PSYoungGen      total 92928K, used 33933K [0x00000007aacb0000, 0x00000007b36d0000, 0x0000000800000000)
  eden space 52224K, 0% used [0x00000007aacb0000,0x00000007aacb0000,0x00000007adfb0000)
  from space 40704K, 83% used [0x00000007b0a60000,0x00000007b2b837d0,0x00000007b3220000)
  to   space 43712K, 0% used [0x00000007adfb0000,0x00000007adfb0000,0x00000007b0a60000)
 ParOldGen       total 174528K, used 109821K [0x0000000700600000, 0x000000070b070000, 0x00000007aacb0000)
  object space 174528K, 62% used [0x0000000700600000,0x000000070713f680,0x000000070b070000)
 PSPermGen       total 21248K, used 17640K [0x00000006fb400000, 0x00000006fc8c0000, 0x0000000700600000)
  object space 21248K, 83% used [0x00000006fb400000,0x00000006fc53a1b8,0x00000006fc8c0000)
}
Event: 10.818 GC heap before
{Heap before GC invocations=13 (full 0):
 PSYoungGen      total 92928K, used 82594K [0x00000007aacb0000, 0x00000007b36d0000, 0x0000000800000000)
  eden space 52224K, 93% used [0x00000007aacb0000,0x00000007adc35410,0x00000007adfb0000)
  from space 40704K, 83% used [0x00000007b0a60000,0x00000007b2b837d0,0x00000007b3220000)
  to   space 43712K, 0% used [0x00000007adfb0000,0x00000007adfb0000,0x00000007b0a60000)
 ParOldGen       total 174528K, used 109821K [0x0000000700600000, 0x000000070b070000, 0x00000007aacb0000)
  object space 174528K, 62% used [0x0000000700600000,0x000000070713f680,0x000000070b070000)
 PSPermGen       total 21248K, used 17643K [0x00000006fb400000, 0x00000006fc8c0000, 0x0000000700600000)
  object space 21248K, 83% used [0x00000006fb400000,0x00000006fc53ac70,0x00000006fc8c0000)
Event: 10.824 GC heap after
Heap after GC invocations=13 (full 0):
 PSYoungGen      total 95936K, used 18417K [0x00000007aacb0000, 0x00000007b5070000, 0x0000000800000000)
  eden space 52224K, 0% used [0x00000007aacb0000,0x00000007aacb0000,0x00000007adfb0000)
  from space 43712K, 42% used [0x00000007adfb0000,0x00000007af1ac430,0x00000007b0a60000)
  to   space 42048K, 0% used [0x00000007b2760000,0x00000007b2760000,0x00000007b5070000)
 ParOldGen       total 174528K, used 133096K [0x0000000700600000, 0x000000070b070000, 0x00000007aacb0000)
  object space 174528K, 76% used [0x0000000700600000,0x00000007087fa3f0,0x000000070b070000)
 PSPermGen       total 21248K, used 17643K [0x00000006fb400000, 0x00000006fc8c0000, 0x0000000700600000)
  object space 21248K, 83% used [0x00000006fb400000,0x00000006fc53ac70,0x00000006fc8c0000)
}
Event: 10.964 GC heap before
{Heap before GC invocations=14 (full 0):
 PSYoungGen      total 95936K, used 67050K [0x00000007aacb0000, 0x00000007b5070000, 0x0000000800000000)
  eden space 52224K, 93% used [0x00000007aacb0000,0x00000007adc2e448,0x00000007adfb0000)
  from space 43712K, 42% used [0x00000007adfb0000,0x00000007af1ac430,0x00000007b0a60000)
  to   space 42048K, 0% used [0x00000007b2760000,0x00000007b2760000,0x00000007b5070000)
 ParOldGen       total 174528K, used 133096K [0x0000000700600000, 0x000000070b070000, 0x00000007aacb0000)
  object space 174528K, 76% used [0x0000000700600000,0x00000007087fa3f0,0x000000070b070000)
 PSPermGen       total 21248K, used 17643K [0x00000006fb400000, 0x00000006fc8c0000, 0x0000000700600000)
  object space 21248K, 83% used [0x00000006fb400000,0x00000006fc53ac70,0x00000006fc8c0000)
Event: 10.968 GC heap after
Heap after GC invocations=14 (full 0):
 PSYoungGen      total 122432K, used 18353K [0x00000007aacb0000, 0x00000007b4d50000, 0x0000000800000000)
  eden space 83584K, 0% used [0x00000007aacb0000,0x00000007aacb0000,0x00000007afe50000)
  from space 38848K, 47% used [0x00000007b2760000,0x00000007b394c430,0x00000007b4d50000)
  to   space 40448K, 0% used [0x00000007afe50000,0x00000007afe50000,0x00000007b25d0000)
 ParOldGen       total 174528K, used 133152K [0x0000000700600000, 0x000000070b070000, 0x00000007aacb0000)
  object space 174528K, 76% used [0x0000000700600000,0x00000007088083f0,0x000000070b070000)
 PSPermGen       total 21248K, used 17643K [0x00000006fb400000, 0x00000006fc8c0000, 0x0000000700600000)
  object space 21248K, 83% used [0x00000006fb400000,0x00000006fc53ac70,0x00000006fc8c0000)
}
Event: 11.192 GC heap before
{Heap before GC invocations=15 (full 0):
 PSYoungGen      total 122432K, used 97368K [0x00000007aacb0000, 0x00000007b4d50000, 0x0000000800000000)
  eden space 83584K, 94% used [0x00000007aacb0000,0x00000007af9d9d98,0x00000007afe50000)
  from space 38848K, 47% used [0x00000007b2760000,0x00000007b394c430,0x00000007b4d50000)
  to   space 40448K, 0% used [0x00000007afe50000,0x00000007afe50000,0x00000007b25d0000)
 ParOldGen       total 174528K, used 133152K [0x0000000700600000, 0x000000070b070000, 0x00000007aacb0000)
  object space 174528K, 76% used [0x0000000700600000,0x00000007088083f0,0x000000070b070000)
 PSPermGen       total 21248K, used 17643K [0x00000006fb400000, 0x00000006fc8c0000, 0x0000000700600000)
  object space 21248K, 83% used [0x00000006fb400000,0x00000006fc53ac70,0x00000006fc8c0000)
Event: 11.195 GC heap after
Heap after GC invocations=15 (full 0):
 PSYoungGen      total 124032K, used 18417K [0x00000007aacb0000, 0x00000007b7b50000, 0x0000000800000000)
  eden space 83584K, 0% used [0x00000007aacb0000,0x00000007aacb0000,0x00000007afe50000)
  from space 40448K, 45% used [0x00000007afe50000,0x00000007b104c430,0x00000007b25d0000)
  to   space 38912K, 0% used [0x00000007b5550000,0x00000007b5550000,0x00000007b7b50000)
 ParOldGen       total 174528K, used 133184K [0x0000000700600000, 0x000000070b070000, 0x00000007aacb0000)
  object space 174528K, 76% used [0x0000000700600000,0x00000007088103f0,0x000000070b070000)
 PSPermGen       total 21248K, used 17643K [0x00000006fb400000, 0x00000006fc8c0000, 0x0000000700600000)
  object space 21248K, 83% used [0x00000006fb400000,0x00000006fc53ac70,0x00000006fc8c0000)
}

Deoptimization events (10 events):
Event: 1.092 Thread 0x0000000002b5e000 Uncommon trap -58 fr.pc 0x0000000002d19964
Event: 1.092 Thread 0x0000000002b5e000 Uncommon trap -58 fr.pc 0x0000000002d19964
Event: 1.092 Thread 0x0000000002b5e000 Uncommon trap -58 fr.pc 0x0000000002d19964
Event: 3.686 Thread 0x0000000013fb8000 Uncommon trap -83 fr.pc 0x0000000002d07c84
Event: 3.732 Thread 0x000000001a43b800 Uncommon trap -83 fr.pc 0x0000000002d07874
Event: 3.777 Thread 0x000000001a43b800 Uncommon trap -83 fr.pc 0x0000000002d0bfc4
Event: 3.789 Thread 0x000000001a43b800 Uncommon trap -83 fr.pc 0x0000000002d613e8
Event: 3.838 Thread 0x000000001a43b800 Uncommon trap -83 fr.pc 0x0000000002d6f50c
Event: 3.864 Thread 0x000000001a43b800 Uncommon trap -83 fr.pc 0x0000000002d2e4e0
Event: 4.029 Thread 0x000000001aaa8000 Uncommon trap -83 fr.pc 0x0000000002d85f7c

Internal exceptions (10 events):
Event: 3.874 Thread 0x000000001a43b800 Threw 0x00000007ae22a298 at C:\jdk7u1_64p\jdk7u7\hotspot\src\share\vm\prims\jvm.cpp:1166
Event: 3.906 Thread 0x000000001a43b800 Threw 0x00000007ae361910 at C:\jdk7u1_64p\jdk7u7\hotspot\src\share\vm\prims\jvm.cpp:1166
Event: 3.906 Thread 0x000000001a43b800 Threw 0x00000007ae3646e0 at C:\jdk7u1_64p\jdk7u7\hotspot\src\share\vm\prims\jvm.cpp:1166
Event: 3.908 Thread 0x000000001a43b800 Threw 0x00000007ae374b48 at C:\jdk7u1_64p\jdk7u7\hotspot\src\share\vm\prims\jvm.cpp:1166
Event: 3.908 Thread 0x000000001a43b800 Threw 0x00000007ae377918 at C:\jdk7u1_64p\jdk7u7\hotspot\src\share\vm\prims\jvm.cpp:1166
Event: 3.909 Thread 0x000000001a43b800 Threw 0x00000007ae37aac8 at C:\jdk7u1_64p\jdk7u7\hotspot\src\share\vm\prims\jvm.cpp:1166
Event: 3.910 Thread 0x000000001a43b800 Threw 0x00000007ae37d898 at C:\jdk7u1_64p\jdk7u7\hotspot\src\share\vm\prims\jvm.cpp:1166
Event: 4.023 Thread 0x000000001aaa8000 Threw 0x00000007ae8f21a8 at C:\jdk7u1_64p\jdk7u7\hotspot\src\share\vm\prims\jvm.cpp:1166
Event: 4.026 Thread 0x000000001aaa8000 Threw 0x00000007ae902a38 at C:\jdk7u1_64p\jdk7u7\hotspot\src\share\vm\prims\jvm.cpp:1166
Event: 4.225 Thread 0x000000001aaa8000 Threw 0x00000007ab916928 at C:\jdk7u1_64p\jdk7u7\hotspot\src\share\vm\prims\jvm.cpp:1166

Events (10 events):
Event: 10.674 Executing VM operation: ParallelGCFailedAllocation
Event: 10.681 Executing VM operation: ParallelGCFailedAllocation done
Event: 10.682 loading class 0x0000000013ed8060
Event: 10.682 loading class 0x0000000013ed8060 done
Event: 10.817 Executing VM operation: ParallelGCFailedAllocation
Event: 10.824 Executing VM operation: ParallelGCFailedAllocation done
Event: 10.964 Executing VM operation: ParallelGCFailedAllocation
Event: 10.968 Executing VM operation: ParallelGCFailedAllocation done
Event: 11.192 Executing VM operation: ParallelGCFailedAllocation
Event: 11.195 Executing VM operation: ParallelGCFailedAllocation done


Dynamic libraries:
0x000007f617cb0000 - 0x000007f617ce4000 	F:\Program Files\Java\Jre7\bin\javaw.exe
0x000007fe83490000 - 0x000007fe8364e000 	C:\WINDOWS\SYSTEM32\ntdll.dll
0x000007fe83350000 - 0x000007fe83486000 	C:\WINDOWS\system32\KERNEL32.DLL
0x000007fe80580000 - 0x000007fe80673000 	C:\WINDOWS\system32\KERNELBASE.dll
0x000007fe82eb0000 - 0x000007fe82f8e000 	C:\WINDOWS\system32\ADVAPI32.dll
0x000007fe80a10000 - 0x000007fe80b5c000 	C:\WINDOWS\system32\USER32.dll
0x000007fe7db90000 - 0x000007fe7ddf9000 	C:\WINDOWS\WinSxS\amd64_microsoft.windows.common-controls_6595b64144ccf1df_6.0.9200.16384_none_418c2a697189c07f\COMCTL32.dll
0x000007fe82890000 - 0x000007fe82935000 	C:\WINDOWS\system32\msvcrt.dll
0x000007fe82840000 - 0x000007fe82888000 	C:\WINDOWS\SYSTEM32\sechost.dll
0x000007fe82970000 - 0x000007fe82ab0000 	C:\WINDOWS\system32\RPCRT4.dll
0x000007fe82ab0000 - 0x000007fe82bf0000 	C:\WINDOWS\system32\GDI32.dll
0x000007fe80b60000 - 0x000007fe80b99000 	C:\WINDOWS\system32\IMM32.DLL
0x000007fe82720000 - 0x000007fe82835000 	C:\WINDOWS\system32\MSCTF.dll
0x000007fe80380000 - 0x000007fe80388000 	C:\PROGRA~2\NVIDIA~1\3DVISI~1\NVSTIN~1.DLL
0x000007fe82940000 - 0x000007fe82947000 	C:\WINDOWS\system32\PSAPI.DLL
0x000000006acd0000 - 0x000000006ad73000 	C:\WINDOWS\WinSxS\amd64_microsoft.vc90.crt_1fc8b3b9a1e18e3b_9.0.30729.6871_none_08e717a5a83adddf\MSVCR90.dll
0x0000000069bb0000 - 0x0000000069c81000 	F:\Program Files\Java\Jre7\bin\msvcr100.dll
0x0000000068a20000 - 0x000000006913f000 	F:\Program Files\Java\Jre7\bin\server\jvm.dll
0x000007fe78b00000 - 0x000007fe78b09000 	C:\WINDOWS\SYSTEM32\WSOCK32.dll
0x000007fe7de20000 - 0x000007fe7de40000 	C:\WINDOWS\SYSTEM32\WINMM.dll
0x000007fe826a0000 - 0x000007fe826f8000 	C:\WINDOWS\system32\WS2_32.dll
0x000007fe7d3c0000 - 0x000007fe7d3f2000 	C:\WINDOWS\SYSTEM32\WINMMBASE.dll
0x000007fe82700000 - 0x000007fe82709000 	C:\WINDOWS\system32\NSI.dll
0x0000000069ba0000 - 0x0000000069baf000 	F:\Program Files\Java\Jre7\bin\verify.dll
0x0000000069b70000 - 0x0000000069b98000 	F:\Program Files\Java\Jre7\bin\java.dll
0x0000000069b50000 - 0x0000000069b65000 	F:\Program Files\Java\Jre7\bin\zip.dll
0x0000000068880000 - 0x0000000068a13000 	F:\Program Files\Java\Jre7\bin\awt.dll
0x000007fe808e0000 - 0x000007fe809a3000 	C:\WINDOWS\system32\OLEAUT32.dll
0x000007fe80ba0000 - 0x000007fe80d50000 	C:\WINDOWS\system32\combase.dll
0x000007fe7a5b0000 - 0x000007fe7a64f000 	C:\WINDOWS\system32\apphelp.dll
0x000007fe7e2c0000 - 0x000007fe7e2e1000 	C:\WINDOWS\system32\DWMAPI.DLL
0x000007fe7f180000 - 0x000007fe7f263000 	C:\WINDOWS\system32\uxtheme.dll
0x000007fe7a660000 - 0x000007fe7a6f5000 	C:\Program Files\Common Files\microsoft shared\ink\tiptsf.dll
0x000007fe80eb0000 - 0x000007fe8102e000 	C:\WINDOWS\system32\ole32.dll
0x000007fe801d0000 - 0x000007fe801da000 	C:\WINDOWS\SYSTEM32\CRYPTBASE.dll
0x000007fe80170000 - 0x000007fe801cc000 	C:\WINDOWS\SYSTEM32\bcryptPrimitives.dll
0x000007fe6ef80000 - 0x000007fe6f180000 	C:\WINDOWS\system32\d3d9.dll
0x000007fe7e110000 - 0x000007fe7e119000 	C:\WINDOWS\SYSTEM32\VERSION.dll
0x000007fe5cfe0000 - 0x000007fe5e160000 	C:\WINDOWS\SYSTEM32\nvd3dumx.dll
0x000007fe80270000 - 0x000007fe802b3000 	C:\WINDOWS\SYSTEM32\powrprof.dll
0x0000000180000000 - 0x0000000180116000 	C:\Program Files (x86)\NVIDIA Corporation\3D Vision\nvSCPAPI64.dll
0x000007fe82f90000 - 0x000007fe83160000 	C:\WINDOWS\system32\SETUPAPI.dll
0x000007fe7dab0000 - 0x000007fe7db24000 	C:\WINDOWS\SYSTEM32\dxgi.dll
0x000007fe81050000 - 0x000007fe82338000 	C:\WINDOWS\system32\SHELL32.dll
0x000007fe80680000 - 0x000007fe806cf000 	C:\WINDOWS\system32\CFGMGR32.dll
0x000007fe808b0000 - 0x000007fe808d2000 	C:\WINDOWS\system32\DEVOBJ.dll
0x000007fe83300000 - 0x000007fe83350000 	C:\WINDOWS\system32\SHLWAPI.dll
0x000007fe7ceb0000 - 0x000007fe7d172000 	C:\WINDOWS\SYSTEM32\nvapi64.dll
0x000007fe80520000 - 0x000007fe80575000 	C:\WINDOWS\system32\WINTRUST.dll
0x000007fe806d0000 - 0x000007fe808a7000 	C:\WINDOWS\system32\CRYPT32.dll
0x000007fe80450000 - 0x000007fe80466000 	C:\WINDOWS\system32\MSASN1.dll
0x000007fe7d400000 - 0x000007fe7d41f000 	C:\WINDOWS\SYSTEM32\DXGIDebug.dll
0x000007fe7f550000 - 0x000007fe7f5e6000 	C:\WINDOWS\SYSTEM32\shcore.dll
0x0000000068840000 - 0x0000000068874000 	F:\Program Files\Java\Jre7\bin\fontmanager.dll
0x0000000069b30000 - 0x0000000069b49000 	F:\Program Files\Java\Jre7\bin\net.dll
0x000007fe7fbe0000 - 0x000007fe7fc3c000 	C:\WINDOWS\system32\mswsock.dll
0x0000000069b10000 - 0x0000000069b21000 	F:\Program Files\Java\Jre7\bin\nio.dll
0x00000000687f0000 - 0x0000000068831000 	F:\Program Files\Java\Jre7\bin\t2k.dll
0x000007fe82bf0000 - 0x000007fe82c86000 	C:\WINDOWS\SYSTEM32\clbcatq.dll
0x000007fe7df80000 - 0x000007fe7e10a000 	C:\WINDOWS\SYSTEM32\WindowsCodecs.dll
0x000007fe803a0000 - 0x000007fe803b5000 	C:\WINDOWS\SYSTEM32\profapi.dll
0x0000000069ed0000 - 0x0000000069f68000 	C:\Windows\System32\msvcp100.dll
0x000007fe690e0000 - 0x000007fe69338000 	C:\opencv\build\x64\vc10\bin\opencv_core243.dll
0x000007fe702c0000 - 0x000007fe70355000 	C:\Users\Jonas\AppData\Local\Temp\javacpp18014553166043\jniopencv_core.dll
0x000007fe68e30000 - 0x000007fe690d5000 	C:\opencv\build\x64\vc10\bin\opencv_imgproc243.dll
0x000007fe70270000 - 0x000007fe702b8000 	C:\Users\Jonas\AppData\Local\Temp\javacpp18014553166043\jniopencv_imgproc.dll
0x0000000066840000 - 0x00000000675ca000 	C:\opencv\build\x64\vc10\bin\opencv_ffmpeg243_64.dll
0x000007fe68be0000 - 0x000007fe68e2b000 	C:\opencv\build\x64\vc10\bin\opencv_highgui243.dll
0x000007fe79bf0000 - 0x000007fe79c10000 	C:\WINDOWS\SYSTEM32\AVIFIL32.dll
0x000007fe70210000 - 0x000007fe70239000 	C:\WINDOWS\SYSTEM32\MSVFW32.dll
0x000007fe79a80000 - 0x000007fe79a97000 	C:\WINDOWS\SYSTEM32\AVICAP32.dll
0x000007fe677e0000 - 0x000007fe677f9000 	C:\WINDOWS\SYSTEM32\MSACM32.dll
0x000007fe6d360000 - 0x000007fe6d373000 	C:\Users\Jonas\AppData\Local\Temp\javacpp18014553166043\jniopencv_highgui.dll
0x000007fe6d340000 - 0x000007fe6d357000 	C:\Windows\System32\devenum.dll
0x000007fe796e0000 - 0x000007fe7970e000 	C:\WINDOWS\SYSTEM32\ntmarta.dll
0x000007fe7adf0000 - 0x000007fe7adfd000 	C:\WINDOWS\SYSTEM32\msdmo.dll
0x000007fe6d310000 - 0x000007fe6d33f000 	C:\Windows\System32\qcap.dll
0x000007fe68a20000 - 0x000007fe68bd8000 	C:\Windows\System32\quartz.dll
0x000007fe6d2d0000 - 0x000007fe6d30f000 	C:\Windows\System32\ksproxy.ax
0x000007fe6d940000 - 0x000007fe6d947000 	C:\Windows\System32\ksuser.dll
0x000007fe7ab20000 - 0x000007fe7ab2c000 	C:\Windows\System32\vidcap.ax
0x000007fe6d2a0000 - 0x000007fe6d2c4000 	C:\Windows\System32\kswdmcap.ax
0x000007fe6bb50000 - 0x000007fe6bca4000 	C:\Windows\System32\MFC42.dll
0x000007fe6b460000 - 0x000007fe6b51e000 	C:\Windows\System32\ODBC32.dll
0x000007fe68980000 - 0x000007fe68a15000 	C:\Windows\System32\qedit.dll
0x000007fe823b0000 - 0x000007fe82451000 	C:\WINDOWS\system32\COMDLG32.dll
0x000007fe83160000 - 0x000007fe83300000 	C:\WINDOWS\WinSxS\amd64_microsoft.windows.gdiplus_6595b64144ccf1df_1.1.9200.16384_none_72771d4ecc1c3a4d\gdiplus.dll
0x000007fe67cd0000 - 0x000007fe67dba000 	C:\WINDOWS\SYSTEM32\DDRAW.dll
0x000007fe7d1b0000 - 0x000007fe7d1b8000 	C:\WINDOWS\SYSTEM32\DCIMAN32.dll
0x000007fe7d2d0000 - 0x000007fe7d339000 	C:\WINDOWS\SYSTEM32\oleacc.dll
0x00000000687c0000 - 0x00000000687ea000 	F:\Program Files\Java\Jre7\bin\dcpr.dll

VM Arguments:
jvm_args: -Dfile.encoding=Cp1252 
java_command: emcscanner.kth.se.Program
Launcher Type: SUN_STANDARD

Environment Variables:
PATH=C:\Program Files (x86)\NVIDIA Corporation\PhysX\Common;C:\WINDOWS\system32;C:\WINDOWS;C:\WINDOWS\System32\Wbem;C:\WINDOWS\System32\WindowsPowerShell\v1.0\;C:\Program Files (x86)\Microsoft SQL Server\90\Tools\binn\;C:\Program Files (x86)\Autodesk\Backburner\;F:\Program Files\MATLAB\R2012a\runtime\win64;F:\Program Files\MATLAB\R2012a\bin;C:\Program Files\Internet Explorer;C:\Program Files\Perforce;F:\Program Files\Perforce;C:\Program Files\Microsoft\Web Platform Installer\;C:\Program Files (x86)\Microsoft ASP.NET\ASP.NET Web Pages\v1.0\;C:\Program Files (x86)\Windows Kits\8.0\Windows Performance Toolkit\;C:\Program Files\Microsoft SQL Server\110\Tools\Binn\;F:\Program Files\Perforce\Server
USERNAME=Jonas
OS=Windows_NT
PROCESSOR_IDENTIFIER=Intel64 Family 6 Model 42 Stepping 7, GenuineIntel



---------------  S Y S T E M  ---------------

OS: Windows 8 , 64 bit Build 9200 

CPU:total 8 (4 cores per cpu, 2 threads per core) family 6 model 42 stepping 7, cmov, cx8, fxsr, mmx, sse, sse2, sse3, ssse3, sse4.1, sse4.2, popcnt, avx, ht, tsc, tscinvbit

Memory: 4k page, physical 16751668k(12416672k free), swap 33528884k(28150560k free)

vm_info: Java HotSpot(TM) 64-Bit Server VM (23.3-b01) for windows-amd64 JRE (1.7.0_07-b11), built on Sep  7 2012 01:19:25 by "java_re" with unknown MS VC++:1600

time: Tue Jan 22 01:34:41 2013
elapsed time: 11 seconds

